mu: 0.03 gamma: 0.2 nIters: 50000000
Load PRParams.
Load RingParams.
Load Labels: 500000
Load Distances: 500000 x 5120
0...10...20...30...40...50...60...70...80...90...100 - done.
Positive samples #250000
Negative samples #250000
Positive train #200000
Negative train #200000
Positive valid #50000
Negative valid #50000

Found GPU: GeForce GTX 970
Compute Capability: 5.2

Best: 100000  Loss: 0.300762 Regul: 0.010157 Obj: 0.310919 (0.310919)  NNZ: 3 (3)  Ttime: 1.4054 Vtime: 0.2136
Stat: nPR #20 (#24) Dim/MaxDim [160/640] AUC: 0.901520 FPR95: 65.81 [saved]
Best: 200000  Loss: 0.099289 Regul: 0.025935 Obj: 0.125225 (0.125225)  NNZ: 9 (9)  Ttime: 1.4022 Vtime: 0.0510
Stat: nPR #60 (#72) Dim/MaxDim [480/640] AUC: 0.971303 FPR95: 15.63 [saved]
Step: 300000  Loss: 0.117427 Regul: 0.031925 Obj: 0.149352 (0.125225)  NNZ: 12 (9)  Ttime: 1.4107 Vtime: 0.0517
Best: 400000  Loss: 0.093040 Regul: 0.019470 Obj: 0.112510 (0.112510)  NNZ: 8 (8)  Ttime: 1.4249 Vtime: 0.0515
Stat: nPR #64 (#64) Dim/MaxDim [512/640] AUC: 0.968899 FPR95: 17.96 [saved]
Step: 500000  Loss: 0.094494 Regul: 0.021959 Obj: 0.116452 (0.112510)  NNZ: 12 (8)  Ttime: 1.4050 Vtime: 0.0509
Step: 600000  Loss: 0.120428 Regul: 0.035023 Obj: 0.155451 (0.112510)  NNZ: 16 (8)  Ttime: 1.3975 Vtime: 0.0515
Step: 700000  Loss: 0.149509 Regul: 0.010739 Obj: 0.160247 (0.112510)  NNZ: 6 (8)  Ttime: 1.4008 Vtime: 0.0515
Step: 800000  Loss: 0.095565 Regul: 0.020915 Obj: 0.116480 (0.112510)  NNZ: 9 (8)  Ttime: 1.4025 Vtime: 0.0520
Step: 900000  Loss: 0.133465 Regul: 0.043838 Obj: 0.177303 (0.112510)  NNZ: 17 (8)  Ttime: 1.4027 Vtime: 0.0513
Step: 1000000  Loss: 0.096923 Regul: 0.020164 Obj: 0.117087 (0.112510)  NNZ: 12 (8)  Ttime: 1.4027 Vtime: 0.0508
Step: 1100000  Loss: 0.113759 Regul: 0.018308 Obj: 0.132067 (0.112510)  NNZ: 7 (8)  Ttime: 1.4038 Vtime: 0.0512
Step: 1200000  Loss: 0.132180 Regul: 0.029287 Obj: 0.161467 (0.112510)  NNZ: 10 (8)  Ttime: 1.4162 Vtime: 0.0511
Best: 1300000  Loss: 0.085836 Regul: 0.012537 Obj: 0.098373 (0.098373)  NNZ: 7 (7)  Ttime: 1.4060 Vtime: 0.0529
Stat: nPR #44 (#56) Dim/MaxDim [352/640] AUC: 0.967602 FPR95: 18.41 [saved]
Step: 1400000  Loss: 0.092725 Regul: 0.019377 Obj: 0.112101 (0.098373)  NNZ: 11 (7)  Ttime: 1.4068 Vtime: 0.0520
Step: 1500000  Loss: 0.107743 Regul: 0.026343 Obj: 0.134087 (0.098373)  NNZ: 16 (7)  Ttime: 1.4047 Vtime: 0.0507
Step: 1600000  Loss: 0.089028 Regul: 0.019790 Obj: 0.108818 (0.098373)  NNZ: 10 (7)  Ttime: 1.4042 Vtime: 0.0513
Step: 1700000  Loss: 0.095690 Regul: 0.017554 Obj: 0.113244 (0.098373)  NNZ: 13 (7)  Ttime: 1.4042 Vtime: 0.0512
Best: 1800000  Loss: 0.081650 Regul: 0.015633 Obj: 0.097284 (0.097284)  NNZ: 12 (12)  Ttime: 1.4035 Vtime: 0.0515
Stat: nPR #80 (#96) Dim/MaxDim [640/640] AUC: 0.969956 FPR95: 16.78 [saved]
Best: 1900000  Loss: 0.079385 Regul: 0.009322 Obj: 0.088707 (0.088707)  NNZ: 10 (10)  Ttime: 1.4052 Vtime: 0.0515
Stat: nPR #60 (#80) Dim/MaxDim [480/640] AUC: 0.969671 FPR95: 16.96 [saved]
Step: 2000000  Loss: 0.080532 Regul: 0.017757 Obj: 0.098289 (0.088707)  NNZ: 12 (10)  Ttime: 1.4056 Vtime: 0.0516
Step: 2100000  Loss: 0.095836 Regul: 0.019138 Obj: 0.114974 (0.088707)  NNZ: 14 (10)  Ttime: 1.4036 Vtime: 0.0514
Step: 2200000  Loss: 0.092762 Regul: 0.013581 Obj: 0.106343 (0.088707)  NNZ: 10 (10)  Ttime: 1.4037 Vtime: 0.0514
Step: 2300000  Loss: 0.082266 Regul: 0.011369 Obj: 0.093636 (0.088707)  NNZ: 7 (10)  Ttime: 1.4044 Vtime: 0.0513
Step: 2400000  Loss: 0.083201 Regul: 0.016090 Obj: 0.099291 (0.088707)  NNZ: 13 (10)  Ttime: 1.4610 Vtime: 0.0513
Step: 2500000  Loss: 0.106994 Regul: 0.018093 Obj: 0.125087 (0.088707)  NNZ: 15 (10)  Ttime: 1.4038 Vtime: 0.0514
Best: 2600000  Loss: 0.077597 Regul: 0.010636 Obj: 0.088233 (0.088233)  NNZ: 11 (11)  Ttime: 1.4038 Vtime: 0.0523
Stat: nPR #72 (#88) Dim/MaxDim [576/640] AUC: 0.969718 FPR95: 17.51 [saved]
Step: 2700000  Loss: 0.103113 Regul: 0.029784 Obj: 0.132897 (0.088233)  NNZ: 18 (11)  Ttime: 1.4041 Vtime: 0.0519
Step: 2800000  Loss: 0.095985 Regul: 0.014099 Obj: 0.110084 (0.088233)  NNZ: 12 (11)  Ttime: 1.4010 Vtime: 0.0509
Step: 2900000  Loss: 0.080471 Regul: 0.018432 Obj: 0.098903 (0.088233)  NNZ: 11 (11)  Ttime: 1.4053 Vtime: 0.0514
Step: 3000000  Loss: 0.116810 Regul: 0.012988 Obj: 0.129798 (0.088233)  NNZ: 6 (11)  Ttime: 1.4028 Vtime: 0.0515
Step: 3100000  Loss: 0.083536 Regul: 0.014627 Obj: 0.098163 (0.088233)  NNZ: 13 (11)  Ttime: 1.4048 Vtime: 0.0518
Step: 3200000  Loss: 0.090849 Regul: 0.017529 Obj: 0.108378 (0.088233)  NNZ: 11 (11)  Ttime: 1.4061 Vtime: 0.0518
Step: 3300000  Loss: 0.080387 Regul: 0.014325 Obj: 0.094712 (0.088233)  NNZ: 10 (11)  Ttime: 1.4042 Vtime: 0.0517
Step: 3400000  Loss: 0.081933 Regul: 0.014923 Obj: 0.096856 (0.088233)  NNZ: 14 (11)  Ttime: 1.4075 Vtime: 0.0515
Step: 3500000  Loss: 0.102415 Regul: 0.016246 Obj: 0.118661 (0.088233)  NNZ: 13 (11)  Ttime: 1.4050 Vtime: 0.0506
Step: 3600000  Loss: 0.112555 Regul: 0.009493 Obj: 0.122048 (0.088233)  NNZ: 8 (11)  Ttime: 1.4039 Vtime: 0.0508
Step: 3700000  Loss: 0.085781 Regul: 0.013630 Obj: 0.099411 (0.088233)  NNZ: 9 (11)  Ttime: 1.4030 Vtime: 0.0510
Step: 3800000  Loss: 0.084328 Regul: 0.013851 Obj: 0.098179 (0.088233)  NNZ: 11 (11)  Ttime: 1.3977 Vtime: 0.0515
Step: 3900000  Loss: 0.090204 Regul: 0.011385 Obj: 0.101589 (0.088233)  NNZ: 10 (11)  Ttime: 1.4022 Vtime: 0.0517
Step: 4000000  Loss: 0.105708 Regul: 0.008557 Obj: 0.114266 (0.088233)  NNZ: 7 (11)  Ttime: 1.4023 Vtime: 0.0512
Step: 4100000  Loss: 0.093665 Regul: 0.020360 Obj: 0.114026 (0.088233)  NNZ: 15 (11)  Ttime: 1.4028 Vtime: 0.0506
Best: 4200000  Loss: 0.071999 Regul: 0.011563 Obj: 0.083563 (0.083563)  NNZ: 13 (13)  Ttime: 1.4027 Vtime: 0.0511
Stat: nPR #88 (#104) Dim/MaxDim [704/640] AUC: 0.972292 FPR95: 14.90
Step: 4300000  Loss: 0.076711 Regul: 0.015816 Obj: 0.092527 (0.083563)  NNZ: 13 (13)  Ttime: 1.4054 Vtime: 0.0510
Step: 4400000  Loss: 0.086282 Regul: 0.011456 Obj: 0.097738 (0.083563)  NNZ: 9 (13)  Ttime: 1.4024 Vtime: 0.0511
Step: 4500000  Loss: 0.083897 Regul: 0.011776 Obj: 0.095672 (0.083563)  NNZ: 11 (13)  Ttime: 1.4050 Vtime: 0.0523
Step: 4600000  Loss: 0.080071 Regul: 0.012536 Obj: 0.092607 (0.083563)  NNZ: 11 (13)  Ttime: 1.4025 Vtime: 0.0514
Step: 4700000  Loss: 0.077666 Regul: 0.014441 Obj: 0.092107 (0.083563)  NNZ: 10 (13)  Ttime: 1.4034 Vtime: 0.0508
Step: 4800000  Loss: 0.092253 Regul: 0.009921 Obj: 0.102174 (0.083563)  NNZ: 10 (13)  Ttime: 1.4043 Vtime: 0.0518
Step: 4900000  Loss: 0.073060 Regul: 0.012011 Obj: 0.085071 (0.083563)  NNZ: 11 (13)  Ttime: 1.3983 Vtime: 0.0505
Step: 5000000  Loss: 0.082633 Regul: 0.011945 Obj: 0.094578 (0.083563)  NNZ: 10 (13)  Ttime: 1.4034 Vtime: 0.0513
Step: 5100000  Loss: 0.092599 Regul: 0.021863 Obj: 0.114462 (0.083563)  NNZ: 15 (13)  Ttime: 1.3940 Vtime: 0.0520
Step: 5200000  Loss: 0.089965 Regul: 0.009042 Obj: 0.099007 (0.083563)  NNZ: 8 (13)  Ttime: 1.4026 Vtime: 0.0521
Step: 5300000  Loss: 0.082053 Regul: 0.010622 Obj: 0.092675 (0.083563)  NNZ: 7 (13)  Ttime: 1.3993 Vtime: 0.0511
Step: 5400000  Loss: 0.083017 Regul: 0.012589 Obj: 0.095606 (0.083563)  NNZ: 11 (13)  Ttime: 1.4029 Vtime: 0.0510
Step: 5500000  Loss: 0.077003 Regul: 0.012851 Obj: 0.089855 (0.083563)  NNZ: 13 (13)  Ttime: 1.4048 Vtime: 0.0518
Step: 5600000  Loss: 0.081362 Regul: 0.013147 Obj: 0.094509 (0.083563)  NNZ: 12 (13)  Ttime: 1.4035 Vtime: 0.0518
Step: 5700000  Loss: 0.091323 Regul: 0.018818 Obj: 0.110141 (0.083563)  NNZ: 18 (13)  Ttime: 1.4038 Vtime: 0.0517
Step: 5800000  Loss: 0.088101 Regul: 0.017590 Obj: 0.105691 (0.083563)  NNZ: 10 (13)  Ttime: 1.4044 Vtime: 0.0518
Step: 5900000  Loss: 0.101822 Regul: 0.009339 Obj: 0.111161 (0.083563)  NNZ: 8 (13)  Ttime: 1.4025 Vtime: 0.0511
Step: 6000000  Loss: 0.082448 Regul: 0.010691 Obj: 0.093138 (0.083563)  NNZ: 9 (13)  Ttime: 1.4019 Vtime: 0.0509
Step: 6100000  Loss: 0.079667 Regul: 0.011497 Obj: 0.091164 (0.083563)  NNZ: 12 (13)  Ttime: 1.4039 Vtime: 0.0512
Step: 6200000  Loss: 0.076195 Regul: 0.011788 Obj: 0.087983 (0.083563)  NNZ: 14 (13)  Ttime: 1.4027 Vtime: 0.0511
Step: 6300000  Loss: 0.077799 Regul: 0.008080 Obj: 0.085880 (0.083563)  NNZ: 11 (13)  Ttime: 1.4031 Vtime: 0.0511
Step: 6400000  Loss: 0.074937 Regul: 0.013053 Obj: 0.087989 (0.083563)  NNZ: 12 (13)  Ttime: 1.4033 Vtime: 0.0516
Step: 6500000  Loss: 0.082873 Regul: 0.011492 Obj: 0.094364 (0.083563)  NNZ: 10 (13)  Ttime: 1.4033 Vtime: 0.0517
Step: 6600000  Loss: 0.078676 Regul: 0.012792 Obj: 0.091468 (0.083563)  NNZ: 12 (13)  Ttime: 1.4035 Vtime: 0.0518
Step: 6700000  Loss: 0.122516 Regul: 0.013040 Obj: 0.135555 (0.083563)  NNZ: 11 (13)  Ttime: 1.4054 Vtime: 0.0511
Step: 6800000  Loss: 0.082378 Regul: 0.014312 Obj: 0.096690 (0.083563)  NNZ: 15 (13)  Ttime: 1.4023 Vtime: 0.0515
Step: 6900000  Loss: 0.092553 Regul: 0.012305 Obj: 0.104858 (0.083563)  NNZ: 9 (13)  Ttime: 1.4015 Vtime: 0.0515
Step: 7000000  Loss: 0.092011 Regul: 0.021684 Obj: 0.113695 (0.083563)  NNZ: 17 (13)  Ttime: 1.4045 Vtime: 0.0513
Step: 7100000  Loss: 0.097638 Regul: 0.016247 Obj: 0.113885 (0.083563)  NNZ: 13 (13)  Ttime: 1.4017 Vtime: 0.0511
Step: 7200000  Loss: 0.081846 Regul: 0.012592 Obj: 0.094438 (0.083563)  NNZ: 14 (13)  Ttime: 1.4059 Vtime: 0.0516
Step: 7300000  Loss: 0.088723 Regul: 0.017570 Obj: 0.106293 (0.083563)  NNZ: 15 (13)  Ttime: 1.4074 Vtime: 0.0517
Step: 7400000  Loss: 0.087553 Regul: 0.013020 Obj: 0.100573 (0.083563)  NNZ: 11 (13)  Ttime: 1.4063 Vtime: 0.0513
Step: 7500000  Loss: 0.081489 Regul: 0.013497 Obj: 0.094986 (0.083563)  NNZ: 12 (13)  Ttime: 1.4041 Vtime: 0.0507
Step: 7600000  Loss: 0.078287 Regul: 0.014453 Obj: 0.092740 (0.083563)  NNZ: 15 (13)  Ttime: 1.4031 Vtime: 0.0513
Step: 7700000  Loss: 0.076094 Regul: 0.014377 Obj: 0.090472 (0.083563)  NNZ: 13 (13)  Ttime: 1.4027 Vtime: 0.0512
Step: 7800000  Loss: 0.082353 Regul: 0.014772 Obj: 0.097125 (0.083563)  NNZ: 16 (13)  Ttime: 1.4014 Vtime: 0.0511
Step: 7900000  Loss: 0.087970 Regul: 0.021276 Obj: 0.109246 (0.083563)  NNZ: 17 (13)  Ttime: 1.4024 Vtime: 0.0515
Step: 8000000  Loss: 0.080424 Regul: 0.014265 Obj: 0.094689 (0.083563)  NNZ: 13 (13)  Ttime: 1.4053 Vtime: 0.0509
Step: 8100000  Loss: 0.084111 Regul: 0.019491 Obj: 0.103601 (0.083563)  NNZ: 20 (13)  Ttime: 1.4001 Vtime: 0.0515
Step: 8200000  Loss: 0.082310 Regul: 0.016539 Obj: 0.098849 (0.083563)  NNZ: 16 (13)  Ttime: 1.4037 Vtime: 0.0513
Step: 8300000  Loss: 0.096372 Regul: 0.007411 Obj: 0.103783 (0.083563)  NNZ: 10 (13)  Ttime: 1.4049 Vtime: 0.0509
Step: 8400000  Loss: 0.076291 Regul: 0.011345 Obj: 0.087637 (0.083563)  NNZ: 11 (13)  Ttime: 1.4014 Vtime: 0.0515
Step: 8500000  Loss: 0.104770 Regul: 0.020909 Obj: 0.125679 (0.083563)  NNZ: 15 (13)  Ttime: 1.4039 Vtime: 0.0516
Step: 8600000  Loss: 0.079133 Regul: 0.016690 Obj: 0.095823 (0.083563)  NNZ: 15 (13)  Ttime: 1.4039 Vtime: 0.0515
Step: 8700000  Loss: 0.079688 Regul: 0.010946 Obj: 0.090634 (0.083563)  NNZ: 14 (13)  Ttime: 1.4047 Vtime: 0.0513
Step: 8800000  Loss: 0.074229 Regul: 0.013847 Obj: 0.088077 (0.083563)  NNZ: 16 (13)  Ttime: 1.4058 Vtime: 0.0516
Step: 8900000  Loss: 0.074509 Regul: 0.011399 Obj: 0.085909 (0.083563)  NNZ: 11 (13)  Ttime: 1.4030 Vtime: 0.0518
Step: 9000000  Loss: 0.141364 Regul: 0.014496 Obj: 0.155860 (0.083563)  NNZ: 14 (13)  Ttime: 1.4044 Vtime: 0.0518
Step: 9100000  Loss: 0.099928 Regul: 0.018018 Obj: 0.117947 (0.083563)  NNZ: 14 (13)  Ttime: 1.4030 Vtime: 0.0515
Step: 9200000  Loss: 0.078821 Regul: 0.013499 Obj: 0.092320 (0.083563)  NNZ: 14 (13)  Ttime: 1.4033 Vtime: 0.0514
Step: 9300000  Loss: 0.093829 Regul: 0.011995 Obj: 0.105824 (0.083563)  NNZ: 11 (13)  Ttime: 1.4018 Vtime: 0.0519
Step: 9400000  Loss: 0.075307 Regul: 0.010799 Obj: 0.086105 (0.083563)  NNZ: 10 (13)  Ttime: 1.3994 Vtime: 0.0516
Step: 9500000  Loss: 0.083811 Regul: 0.012201 Obj: 0.096012 (0.083563)  NNZ: 13 (13)  Ttime: 1.4045 Vtime: 0.0510
Step: 9600000  Loss: 0.074467 Regul: 0.013982 Obj: 0.088449 (0.083563)  NNZ: 15 (13)  Ttime: 1.3955 Vtime: 0.0514
Step: 9700000  Loss: 0.082388 Regul: 0.007971 Obj: 0.090360 (0.083563)  NNZ: 10 (13)  Ttime: 1.4019 Vtime: 0.0511
Step: 9800000  Loss: 0.076879 Regul: 0.011773 Obj: 0.088652 (0.083563)  NNZ: 14 (13)  Ttime: 1.4046 Vtime: 0.0522
Step: 9900000  Loss: 0.093573 Regul: 0.010986 Obj: 0.104560 (0.083563)  NNZ: 12 (13)  Ttime: 1.4024 Vtime: 0.0511
Step: 10000000  Loss: 0.080086 Regul: 0.013290 Obj: 0.093375 (0.083563)  NNZ: 13 (13)  Ttime: 1.4048 Vtime: 0.0511
Step: 10100000  Loss: 0.077483 Regul: 0.011897 Obj: 0.089380 (0.083563)  NNZ: 11 (13)  Ttime: 1.4058 Vtime: 0.0511
Step: 10200000  Loss: 0.075963 Regul: 0.013070 Obj: 0.089033 (0.083563)  NNZ: 11 (13)  Ttime: 1.4048 Vtime: 0.0516
Step: 10300000  Loss: 0.082338 Regul: 0.014323 Obj: 0.096662 (0.083563)  NNZ: 13 (13)  Ttime: 1.4012 Vtime: 0.0515
Step: 10400000  Loss: 0.090898 Regul: 0.006640 Obj: 0.097539 (0.083563)  NNZ: 7 (13)  Ttime: 1.4066 Vtime: 0.0519
Step: 10500000  Loss: 0.080302 Regul: 0.013786 Obj: 0.094088 (0.083563)  NNZ: 13 (13)  Ttime: 1.4045 Vtime: 0.0518
Step: 10600000  Loss: 0.084379 Regul: 0.010794 Obj: 0.095173 (0.083563)  NNZ: 12 (13)  Ttime: 1.4026 Vtime: 0.0519
Step: 10700000  Loss: 0.078327 Regul: 0.014406 Obj: 0.092733 (0.083563)  NNZ: 16 (13)  Ttime: 1.4049 Vtime: 0.0511
Step: 10800000  Loss: 0.078732 Regul: 0.014953 Obj: 0.093686 (0.083563)  NNZ: 17 (13)  Ttime: 1.4034 Vtime: 0.0512
Step: 10900000  Loss: 0.085624 Regul: 0.014190 Obj: 0.099813 (0.083563)  NNZ: 14 (13)  Ttime: 1.4026 Vtime: 0.0517
Step: 11000000  Loss: 0.079247 Regul: 0.015228 Obj: 0.094475 (0.083563)  NNZ: 12 (13)  Ttime: 1.4046 Vtime: 0.0508
Step: 11100000  Loss: 0.071981 Regul: 0.012502 Obj: 0.084482 (0.083563)  NNZ: 14 (13)  Ttime: 1.4040 Vtime: 0.0512
Step: 11200000  Loss: 0.075060 Regul: 0.013890 Obj: 0.088950 (0.083563)  NNZ: 16 (13)  Ttime: 1.4037 Vtime: 0.0512
Best: 11300000  Loss: 0.072156 Regul: 0.009547 Obj: 0.081703 (0.081703)  NNZ: 12 (12)  Ttime: 1.4042 Vtime: 0.0509
Stat: nPR #76 (#96) Dim/MaxDim [608/640] AUC: 0.972276 FPR95: 14.97 [saved]
Step: 11400000  Loss: 0.074249 Regul: 0.012488 Obj: 0.086737 (0.081703)  NNZ: 14 (12)  Ttime: 1.4052 Vtime: 0.0516
Step: 11500000  Loss: 0.078465 Regul: 0.010014 Obj: 0.088479 (0.081703)  NNZ: 10 (12)  Ttime: 1.4063 Vtime: 0.0511
Step: 11600000  Loss: 0.076327 Regul: 0.011551 Obj: 0.087878 (0.081703)  NNZ: 18 (12)  Ttime: 1.4032 Vtime: 0.0516
Step: 11700000  Loss: 0.083306 Regul: 0.018724 Obj: 0.102030 (0.081703)  NNZ: 19 (12)  Ttime: 1.4020 Vtime: 0.0515
Step: 11800000  Loss: 0.076058 Regul: 0.016128 Obj: 0.092186 (0.081703)  NNZ: 15 (12)  Ttime: 1.4034 Vtime: 0.0515
Step: 11900000  Loss: 0.074399 Regul: 0.014317 Obj: 0.088716 (0.081703)  NNZ: 13 (12)  Ttime: 1.4025 Vtime: 0.0511
Step: 12000000  Loss: 0.089972 Regul: 0.018951 Obj: 0.108924 (0.081703)  NNZ: 17 (12)  Ttime: 1.3996 Vtime: 0.0511
Step: 12100000  Loss: 0.085306 Regul: 0.015961 Obj: 0.101267 (0.081703)  NNZ: 16 (12)  Ttime: 1.4020 Vtime: 0.0519
Step: 12200000  Loss: 0.076956 Regul: 0.016811 Obj: 0.093767 (0.081703)  NNZ: 17 (12)  Ttime: 1.4039 Vtime: 0.0515
Step: 12300000  Loss: 0.079390 Regul: 0.015996 Obj: 0.095386 (0.081703)  NNZ: 18 (12)  Ttime: 1.4048 Vtime: 0.0512
Step: 12400000  Loss: 0.079681 Regul: 0.012669 Obj: 0.092350 (0.081703)  NNZ: 12 (12)  Ttime: 1.4035 Vtime: 0.0513
Step: 12500000  Loss: 0.072292 Regul: 0.013539 Obj: 0.085830 (0.081703)  NNZ: 15 (12)  Ttime: 1.4043 Vtime: 0.0510
Step: 12600000  Loss: 0.072870 Regul: 0.012832 Obj: 0.085702 (0.081703)  NNZ: 15 (12)  Ttime: 1.3997 Vtime: 0.0513
Step: 12700000  Loss: 0.074163 Regul: 0.015123 Obj: 0.089286 (0.081703)  NNZ: 17 (12)  Ttime: 1.4002 Vtime: 0.0518
Step: 12800000  Loss: 0.074363 Regul: 0.013634 Obj: 0.087997 (0.081703)  NNZ: 13 (12)  Ttime: 1.4037 Vtime: 0.0509
Step: 12900000  Loss: 0.076759 Regul: 0.012925 Obj: 0.089685 (0.081703)  NNZ: 13 (12)  Ttime: 1.4056 Vtime: 0.0510
Step: 13000000  Loss: 0.093263 Regul: 0.010897 Obj: 0.104160 (0.081703)  NNZ: 13 (12)  Ttime: 1.4028 Vtime: 0.0510
Step: 13100000  Loss: 0.077217 Regul: 0.012737 Obj: 0.089953 (0.081703)  NNZ: 12 (12)  Ttime: 1.4056 Vtime: 0.0514
Step: 13200000  Loss: 0.075756 Regul: 0.016382 Obj: 0.092139 (0.081703)  NNZ: 19 (12)  Ttime: 1.4034 Vtime: 0.0517
Step: 13300000  Loss: 0.070739 Regul: 0.011104 Obj: 0.081842 (0.081703)  NNZ: 15 (12)  Ttime: 1.4042 Vtime: 0.0519
Step: 13400000  Loss: 0.078118 Regul: 0.013354 Obj: 0.091472 (0.081703)  NNZ: 13 (12)  Ttime: 1.4035 Vtime: 0.0511
Step: 13500000  Loss: 0.081863 Regul: 0.012147 Obj: 0.094010 (0.081703)  NNZ: 11 (12)  Ttime: 1.4011 Vtime: 0.0513
Step: 13600000  Loss: 0.073496 Regul: 0.013951 Obj: 0.087447 (0.081703)  NNZ: 16 (12)  Ttime: 1.4047 Vtime: 0.0518
Step: 13700000  Loss: 0.077216 Regul: 0.012918 Obj: 0.090134 (0.081703)  NNZ: 14 (12)  Ttime: 1.4033 Vtime: 0.0514
Step: 13800000  Loss: 0.082619 Regul: 0.011843 Obj: 0.094462 (0.081703)  NNZ: 13 (12)  Ttime: 1.4026 Vtime: 0.0514
Step: 13900000  Loss: 0.072288 Regul: 0.011556 Obj: 0.083843 (0.081703)  NNZ: 14 (12)  Ttime: 1.4031 Vtime: 0.0519
Step: 14000000  Loss: 0.076797 Regul: 0.013471 Obj: 0.090268 (0.081703)  NNZ: 13 (12)  Ttime: 1.4050 Vtime: 0.0515
Step: 14100000  Loss: 0.078101 Regul: 0.015075 Obj: 0.093176 (0.081703)  NNZ: 13 (12)  Ttime: 1.4055 Vtime: 0.0514
Step: 14200000  Loss: 0.082597 Regul: 0.016172 Obj: 0.098769 (0.081703)  NNZ: 15 (12)  Ttime: 1.4037 Vtime: 0.0517
Step: 14300000  Loss: 0.075987 Regul: 0.014410 Obj: 0.090397 (0.081703)  NNZ: 14 (12)  Ttime: 1.4015 Vtime: 0.0520
Step: 14400000  Loss: 0.073899 Regul: 0.013932 Obj: 0.087831 (0.081703)  NNZ: 13 (12)  Ttime: 1.4045 Vtime: 0.0517
Step: 14500000  Loss: 0.072389 Regul: 0.012709 Obj: 0.085099 (0.081703)  NNZ: 13 (12)  Ttime: 1.4031 Vtime: 0.0515
Step: 14600000  Loss: 0.079947 Regul: 0.015353 Obj: 0.095300 (0.081703)  NNZ: 16 (12)  Ttime: 1.4025 Vtime: 0.0517
Step: 14700000  Loss: 0.075218 Regul: 0.012495 Obj: 0.087714 (0.081703)  NNZ: 18 (12)  Ttime: 1.4025 Vtime: 0.0511
Step: 14800000  Loss: 0.073145 Regul: 0.010173 Obj: 0.083319 (0.081703)  NNZ: 14 (12)  Ttime: 1.4015 Vtime: 0.0516
Step: 14900000  Loss: 0.074509 Regul: 0.015156 Obj: 0.089664 (0.081703)  NNZ: 13 (12)  Ttime: 1.4053 Vtime: 0.0516
Step: 15000000  Loss: 0.077320 Regul: 0.013592 Obj: 0.090912 (0.081703)  NNZ: 14 (12)  Ttime: 1.4036 Vtime: 0.0513
Step: 15100000  Loss: 0.087176 Regul: 0.018459 Obj: 0.105635 (0.081703)  NNZ: 18 (12)  Ttime: 1.4022 Vtime: 0.0508
Step: 15200000  Loss: 0.074058 Regul: 0.012865 Obj: 0.086923 (0.081703)  NNZ: 12 (12)  Ttime: 1.4038 Vtime: 0.0515
Step: 15300000  Loss: 0.078306 Regul: 0.010981 Obj: 0.089287 (0.081703)  NNZ: 15 (12)  Ttime: 1.4050 Vtime: 0.0506
Step: 15400000  Loss: 0.074606 Regul: 0.015108 Obj: 0.089714 (0.081703)  NNZ: 17 (12)  Ttime: 1.4055 Vtime: 0.0515
Step: 15500000  Loss: 0.073966 Regul: 0.013841 Obj: 0.087807 (0.081703)  NNZ: 15 (12)  Ttime: 1.4088 Vtime: 0.0516
Step: 15600000  Loss: 0.075444 Regul: 0.013002 Obj: 0.088446 (0.081703)  NNZ: 16 (12)  Ttime: 1.4643 Vtime: 0.0511
Step: 15700000  Loss: 0.074451 Regul: 0.013374 Obj: 0.087825 (0.081703)  NNZ: 14 (12)  Ttime: 1.4019 Vtime: 0.0517
Step: 15800000  Loss: 0.077659 Regul: 0.012153 Obj: 0.089812 (0.081703)  NNZ: 15 (12)  Ttime: 1.4053 Vtime: 0.0516
Step: 15900000  Loss: 0.081799 Regul: 0.010981 Obj: 0.092780 (0.081703)  NNZ: 10 (12)  Ttime: 1.4058 Vtime: 0.0518
Step: 16000000  Loss: 0.074356 Regul: 0.012133 Obj: 0.086488 (0.081703)  NNZ: 16 (12)  Ttime: 1.4052 Vtime: 0.0514
Step: 16100000  Loss: 0.078932 Regul: 0.016935 Obj: 0.095868 (0.081703)  NNZ: 16 (12)  Ttime: 1.3987 Vtime: 0.0515
Step: 16200000  Loss: 0.082601 Regul: 0.016873 Obj: 0.099474 (0.081703)  NNZ: 14 (12)  Ttime: 1.4024 Vtime: 0.0516
Step: 16300000  Loss: 0.073593 Regul: 0.013733 Obj: 0.087325 (0.081703)  NNZ: 15 (12)  Ttime: 1.4038 Vtime: 0.0512
Step: 16400000  Loss: 0.076425 Regul: 0.012341 Obj: 0.088767 (0.081703)  NNZ: 17 (12)  Ttime: 1.4040 Vtime: 0.0515
Step: 16500000  Loss: 0.076054 Regul: 0.011876 Obj: 0.087931 (0.081703)  NNZ: 11 (12)  Ttime: 1.4052 Vtime: 0.0516
Step: 16600000  Loss: 0.074999 Regul: 0.015408 Obj: 0.090408 (0.081703)  NNZ: 12 (12)  Ttime: 1.4041 Vtime: 0.0518
Step: 16700000  Loss: 0.076828 Regul: 0.011517 Obj: 0.088346 (0.081703)  NNZ: 12 (12)  Ttime: 1.4041 Vtime: 0.0507
Step: 16800000  Loss: 0.075389 Regul: 0.014361 Obj: 0.089750 (0.081703)  NNZ: 13 (12)  Ttime: 1.4045 Vtime: 0.0511
Step: 16900000  Loss: 0.075594 Regul: 0.014460 Obj: 0.090053 (0.081703)  NNZ: 15 (12)  Ttime: 1.4062 Vtime: 0.0512
Step: 17000000  Loss: 0.076429 Regul: 0.013777 Obj: 0.090206 (0.081703)  NNZ: 14 (12)  Ttime: 1.4034 Vtime: 0.0513
Step: 17100000  Loss: 0.075687 Regul: 0.012288 Obj: 0.087975 (0.081703)  NNZ: 12 (12)  Ttime: 1.4036 Vtime: 0.0519
Step: 17200000  Loss: 0.073857 Regul: 0.012462 Obj: 0.086319 (0.081703)  NNZ: 13 (12)  Ttime: 1.4012 Vtime: 0.0512
Step: 17300000  Loss: 0.080222 Regul: 0.014006 Obj: 0.094227 (0.081703)  NNZ: 16 (12)  Ttime: 1.4071 Vtime: 0.0517
Step: 17400000  Loss: 0.077525 Regul: 0.016165 Obj: 0.093689 (0.081703)  NNZ: 16 (12)  Ttime: 1.4049 Vtime: 0.0518
Step: 17500000  Loss: 0.072210 Regul: 0.011371 Obj: 0.083581 (0.081703)  NNZ: 17 (12)  Ttime: 1.4039 Vtime: 0.0510
Step: 17600000  Loss: 0.082376 Regul: 0.008599 Obj: 0.090975 (0.081703)  NNZ: 12 (12)  Ttime: 1.4070 Vtime: 0.0516
Step: 17700000  Loss: 0.074544 Regul: 0.011171 Obj: 0.085715 (0.081703)  NNZ: 12 (12)  Ttime: 1.4027 Vtime: 0.0515
Step: 17800000  Loss: 0.071805 Regul: 0.011944 Obj: 0.083749 (0.081703)  NNZ: 17 (12)  Ttime: 1.4039 Vtime: 0.0512
Step: 17900000  Loss: 0.078048 Regul: 0.018891 Obj: 0.096939 (0.081703)  NNZ: 19 (12)  Ttime: 1.4021 Vtime: 0.0515
Step: 18000000  Loss: 0.075898 Regul: 0.014286 Obj: 0.090184 (0.081703)  NNZ: 13 (12)  Ttime: 1.4068 Vtime: 0.0515
Step: 18100000  Loss: 0.073198 Regul: 0.011440 Obj: 0.084638 (0.081703)  NNZ: 18 (12)  Ttime: 1.4051 Vtime: 0.0507
Step: 18200000  Loss: 0.075359 Regul: 0.010704 Obj: 0.086063 (0.081703)  NNZ: 13 (12)  Ttime: 1.4017 Vtime: 0.0514
Step: 18300000  Loss: 0.075721 Regul: 0.012638 Obj: 0.088359 (0.081703)  NNZ: 13 (12)  Ttime: 1.4050 Vtime: 0.0525
Step: 18400000  Loss: 0.077948 Regul: 0.015317 Obj: 0.093265 (0.081703)  NNZ: 16 (12)  Ttime: 1.4046 Vtime: 0.0514
Step: 18500000  Loss: 0.104345 Regul: 0.004799 Obj: 0.109144 (0.081703)  NNZ: 9 (12)  Ttime: 1.4023 Vtime: 0.0517
Step: 18600000  Loss: 0.074043 Regul: 0.013661 Obj: 0.087705 (0.081703)  NNZ: 14 (12)  Ttime: 1.4016 Vtime: 0.0511
Step: 18700000  Loss: 0.074840 Regul: 0.014813 Obj: 0.089654 (0.081703)  NNZ: 16 (12)  Ttime: 1.4051 Vtime: 0.0517
Step: 18800000  Loss: 0.092655 Regul: 0.013370 Obj: 0.106026 (0.081703)  NNZ: 13 (12)  Ttime: 1.4049 Vtime: 0.0518
Step: 18900000  Loss: 0.081091 Regul: 0.014110 Obj: 0.095202 (0.081703)  NNZ: 13 (12)  Ttime: 1.4045 Vtime: 0.0517
Step: 19000000  Loss: 0.075196 Regul: 0.014687 Obj: 0.089882 (0.081703)  NNZ: 17 (12)  Ttime: 1.4034 Vtime: 0.0517
Step: 19100000  Loss: 0.081166 Regul: 0.015762 Obj: 0.096928 (0.081703)  NNZ: 15 (12)  Ttime: 1.4030 Vtime: 0.0525
Step: 19200000  Loss: 0.083351 Regul: 0.008681 Obj: 0.092032 (0.081703)  NNZ: 9 (12)  Ttime: 1.4050 Vtime: 0.0511
Step: 19300000  Loss: 0.076157 Regul: 0.010307 Obj: 0.086464 (0.081703)  NNZ: 12 (12)  Ttime: 1.4042 Vtime: 0.0509
Step: 19400000  Loss: 0.081763 Regul: 0.018578 Obj: 0.100341 (0.081703)  NNZ: 16 (12)  Ttime: 1.4102 Vtime: 0.0516
Step: 19500000  Loss: 0.076426 Regul: 0.012330 Obj: 0.088756 (0.081703)  NNZ: 13 (12)  Ttime: 1.4113 Vtime: 0.0518
Step: 19600000  Loss: 0.071930 Regul: 0.012217 Obj: 0.084147 (0.081703)  NNZ: 14 (12)  Ttime: 1.4106 Vtime: 0.0508
Step: 19700000  Loss: 0.077044 Regul: 0.014698 Obj: 0.091742 (0.081703)  NNZ: 16 (12)  Ttime: 1.4145 Vtime: 0.0509
Step: 19800000  Loss: 0.079777 Regul: 0.008551 Obj: 0.088328 (0.081703)  NNZ: 15 (12)  Ttime: 1.4047 Vtime: 0.0517
Step: 19900000  Loss: 0.077230 Regul: 0.009805 Obj: 0.087035 (0.081703)  NNZ: 13 (12)  Ttime: 1.4031 Vtime: 0.0515
Step: 20000000  Loss: 0.083809 Regul: 0.012444 Obj: 0.096253 (0.081703)  NNZ: 16 (12)  Ttime: 1.4042 Vtime: 0.0515
Step: 20100000  Loss: 0.086776 Regul: 0.008791 Obj: 0.095567 (0.081703)  NNZ: 15 (12)  Ttime: 1.4003 Vtime: 0.0512
Step: 20200000  Loss: 0.079524 Regul: 0.010001 Obj: 0.089525 (0.081703)  NNZ: 15 (12)  Ttime: 1.4052 Vtime: 0.0514
Step: 20300000  Loss: 0.077671 Regul: 0.012012 Obj: 0.089683 (0.081703)  NNZ: 16 (12)  Ttime: 1.4038 Vtime: 0.0510
Step: 20400000  Loss: 0.078417 Regul: 0.013198 Obj: 0.091615 (0.081703)  NNZ: 14 (12)  Ttime: 1.4046 Vtime: 0.0521
Step: 20500000  Loss: 0.073121 Regul: 0.011323 Obj: 0.084444 (0.081703)  NNZ: 13 (12)  Ttime: 1.4076 Vtime: 0.0510
Step: 20600000  Loss: 0.094765 Regul: 0.013103 Obj: 0.107868 (0.081703)  NNZ: 13 (12)  Ttime: 1.4061 Vtime: 0.0512
Step: 20700000  Loss: 0.082832 Regul: 0.012907 Obj: 0.095739 (0.081703)  NNZ: 16 (12)  Ttime: 1.4003 Vtime: 0.0515
Step: 20800000  Loss: 0.072088 Regul: 0.012356 Obj: 0.084444 (0.081703)  NNZ: 18 (12)  Ttime: 1.4045 Vtime: 0.0514
Step: 20900000  Loss: 0.088875 Regul: 0.007963 Obj: 0.096839 (0.081703)  NNZ: 12 (12)  Ttime: 1.4045 Vtime: 0.0526
Step: 21000000  Loss: 0.077666 Regul: 0.015370 Obj: 0.093036 (0.081703)  NNZ: 17 (12)  Ttime: 1.4062 Vtime: 0.0518
Step: 21100000  Loss: 0.075585 Regul: 0.008377 Obj: 0.083962 (0.081703)  NNZ: 14 (12)  Ttime: 1.4063 Vtime: 0.0518
Step: 21200000  Loss: 0.078372 Regul: 0.009747 Obj: 0.088118 (0.081703)  NNZ: 11 (12)  Ttime: 1.3990 Vtime: 0.0513
Step: 21300000  Loss: 0.073711 Regul: 0.011221 Obj: 0.084931 (0.081703)  NNZ: 12 (12)  Ttime: 1.4002 Vtime: 0.0519
Step: 21400000  Loss: 0.079478 Regul: 0.009067 Obj: 0.088545 (0.081703)  NNZ: 13 (12)  Ttime: 1.4079 Vtime: 0.0515
Step: 21500000  Loss: 0.073722 Regul: 0.011812 Obj: 0.085534 (0.081703)  NNZ: 12 (12)  Ttime: 1.4053 Vtime: 0.0514
Step: 21600000  Loss: 0.078047 Regul: 0.012610 Obj: 0.090657 (0.081703)  NNZ: 14 (12)  Ttime: 1.4052 Vtime: 0.0509
Step: 21700000  Loss: 0.075550 Regul: 0.014335 Obj: 0.089885 (0.081703)  NNZ: 15 (12)  Ttime: 1.4049 Vtime: 0.0513
Step: 21800000  Loss: 0.080442 Regul: 0.009976 Obj: 0.090418 (0.081703)  NNZ: 14 (12)  Ttime: 1.4047 Vtime: 0.0514
Step: 21900000  Loss: 0.076759 Regul: 0.013253 Obj: 0.090013 (0.081703)  NNZ: 12 (12)  Ttime: 1.4055 Vtime: 0.0516
Step: 22000000  Loss: 0.075886 Regul: 0.013632 Obj: 0.089518 (0.081703)  NNZ: 10 (12)  Ttime: 1.4006 Vtime: 0.0521
Step: 22100000  Loss: 0.075461 Regul: 0.008978 Obj: 0.084439 (0.081703)  NNZ: 10 (12)  Ttime: 1.4057 Vtime: 0.0514
Step: 22200000  Loss: 0.074177 Regul: 0.014804 Obj: 0.088981 (0.081703)  NNZ: 16 (12)  Ttime: 1.3997 Vtime: 0.0512
Step: 22300000  Loss: 0.083292 Regul: 0.007178 Obj: 0.090470 (0.081703)  NNZ: 11 (12)  Ttime: 1.4054 Vtime: 0.0516
Step: 22400000  Loss: 0.079411 Regul: 0.010995 Obj: 0.090406 (0.081703)  NNZ: 12 (12)  Ttime: 1.4046 Vtime: 0.0514
Step: 22500000  Loss: 0.095359 Regul: 0.010523 Obj: 0.105882 (0.081703)  NNZ: 13 (12)  Ttime: 1.4042 Vtime: 0.0508
Step: 22600000  Loss: 0.080363 Regul: 0.009827 Obj: 0.090191 (0.081703)  NNZ: 15 (12)  Ttime: 1.4041 Vtime: 0.0509
Step: 22700000  Loss: 0.074358 Regul: 0.009890 Obj: 0.084247 (0.081703)  NNZ: 14 (12)  Ttime: 1.4049 Vtime: 0.0511
Step: 22800000  Loss: 0.077371 Regul: 0.014332 Obj: 0.091703 (0.081703)  NNZ: 14 (12)  Ttime: 1.4444 Vtime: 0.0508
Step: 22900000  Loss: 0.076905 Regul: 0.008683 Obj: 0.085588 (0.081703)  NNZ: 11 (12)  Ttime: 1.4077 Vtime: 0.0520
Step: 23000000  Loss: 0.073721 Regul: 0.010668 Obj: 0.084388 (0.081703)  NNZ: 12 (12)  Ttime: 1.4119 Vtime: 0.0515
Step: 23100000  Loss: 0.078885 Regul: 0.011917 Obj: 0.090802 (0.081703)  NNZ: 12 (12)  Ttime: 1.4141 Vtime: 0.0521
Step: 23200000  Loss: 0.077797 Regul: 0.009492 Obj: 0.087289 (0.081703)  NNZ: 12 (12)  Ttime: 1.4052 Vtime: 0.0517
Step: 23300000  Loss: 0.083093 Regul: 0.010093 Obj: 0.093186 (0.081703)  NNZ: 12 (12)  Ttime: 1.4044 Vtime: 0.0521
Step: 23400000  Loss: 0.072658 Regul: 0.010452 Obj: 0.083110 (0.081703)  NNZ: 14 (12)  Ttime: 1.4061 Vtime: 0.0514
Step: 23500000  Loss: 0.082480 Regul: 0.008364 Obj: 0.090844 (0.081703)  NNZ: 10 (12)  Ttime: 1.4053 Vtime: 0.0516
Step: 23600000  Loss: 0.075899 Regul: 0.014193 Obj: 0.090091 (0.081703)  NNZ: 19 (12)  Ttime: 1.4143 Vtime: 0.0513
Step: 23700000  Loss: 0.073770 Regul: 0.010151 Obj: 0.083922 (0.081703)  NNZ: 12 (12)  Ttime: 1.4110 Vtime: 0.0506
Step: 23800000  Loss: 0.074726 Regul: 0.012275 Obj: 0.087001 (0.081703)  NNZ: 15 (12)  Ttime: 1.4095 Vtime: 0.0522
Step: 23900000  Loss: 0.077929 Regul: 0.009348 Obj: 0.087277 (0.081703)  NNZ: 12 (12)  Ttime: 1.4068 Vtime: 0.0518
Step: 24000000  Loss: 0.078621 Regul: 0.010893 Obj: 0.089514 (0.081703)  NNZ: 13 (12)  Ttime: 1.4049 Vtime: 0.0513
Step: 24100000  Loss: 0.072162 Regul: 0.012975 Obj: 0.085136 (0.081703)  NNZ: 15 (12)  Ttime: 1.4077 Vtime: 0.0516
Step: 24200000  Loss: 0.079964 Regul: 0.011937 Obj: 0.091901 (0.081703)  NNZ: 12 (12)  Ttime: 1.4046 Vtime: 0.0516
Step: 24300000  Loss: 0.103945 Regul: 0.008516 Obj: 0.112461 (0.081703)  NNZ: 12 (12)  Ttime: 1.4054 Vtime: 0.0519
Step: 24400000  Loss: 0.075248 Regul: 0.011602 Obj: 0.086850 (0.081703)  NNZ: 14 (12)  Ttime: 1.4055 Vtime: 0.0515
Step: 24500000  Loss: 0.073418 Regul: 0.012285 Obj: 0.085702 (0.081703)  NNZ: 17 (12)  Ttime: 1.4086 Vtime: 0.0514
Step: 24600000  Loss: 0.071326 Regul: 0.011151 Obj: 0.082477 (0.081703)  NNZ: 15 (12)  Ttime: 1.4049 Vtime: 0.0512
Step: 24700000  Loss: 0.076924 Regul: 0.010042 Obj: 0.086966 (0.081703)  NNZ: 12 (12)  Ttime: 1.4036 Vtime: 0.0511
Step: 24800000  Loss: 0.085029 Regul: 0.009254 Obj: 0.094283 (0.081703)  NNZ: 12 (12)  Ttime: 1.4051 Vtime: 0.0515
Step: 24900000  Loss: 0.080673 Regul: 0.011320 Obj: 0.091993 (0.081703)  NNZ: 13 (12)  Ttime: 1.4065 Vtime: 0.0515
Step: 25000000  Loss: 0.075285 Regul: 0.013521 Obj: 0.088806 (0.081703)  NNZ: 16 (12)  Ttime: 1.4015 Vtime: 0.0517
Step: 25100000  Loss: 0.071758 Regul: 0.011691 Obj: 0.083449 (0.081703)  NNZ: 14 (12)  Ttime: 1.4095 Vtime: 0.0510
Step: 25200000  Loss: 0.073239 Regul: 0.012025 Obj: 0.085264 (0.081703)  NNZ: 15 (12)  Ttime: 1.4020 Vtime: 0.0511
Step: 25300000  Loss: 0.080806 Regul: 0.013425 Obj: 0.094232 (0.081703)  NNZ: 15 (12)  Ttime: 1.4031 Vtime: 0.0517
Step: 25400000  Loss: 0.085139 Regul: 0.009199 Obj: 0.094339 (0.081703)  NNZ: 11 (12)  Ttime: 1.4047 Vtime: 0.0519
Step: 25500000  Loss: 0.082810 Regul: 0.010256 Obj: 0.093066 (0.081703)  NNZ: 13 (12)  Ttime: 1.4059 Vtime: 0.0516
Step: 25600000  Loss: 0.074005 Regul: 0.010768 Obj: 0.084774 (0.081703)  NNZ: 13 (12)  Ttime: 1.4027 Vtime: 0.0518
Step: 25700000  Loss: 0.077025 Regul: 0.011206 Obj: 0.088231 (0.081703)  NNZ: 14 (12)  Ttime: 1.4175 Vtime: 0.0515
Step: 25800000  Loss: 0.082320 Regul: 0.010241 Obj: 0.092561 (0.081703)  NNZ: 12 (12)  Ttime: 1.4056 Vtime: 0.0513
Step: 25900000  Loss: 0.074253 Regul: 0.013052 Obj: 0.087305 (0.081703)  NNZ: 16 (12)  Ttime: 1.4055 Vtime: 0.0518
Step: 26000000  Loss: 0.075379 Regul: 0.011010 Obj: 0.086390 (0.081703)  NNZ: 13 (12)  Ttime: 1.4039 Vtime: 0.0517
Step: 26100000  Loss: 0.078081 Regul: 0.008676 Obj: 0.086756 (0.081703)  NNZ: 15 (12)  Ttime: 1.4079 Vtime: 0.0521
Step: 26200000  Loss: 0.081458 Regul: 0.014035 Obj: 0.095494 (0.081703)  NNZ: 19 (12)  Ttime: 1.4054 Vtime: 0.0521
Step: 26300000  Loss: 0.077482 Regul: 0.011472 Obj: 0.088954 (0.081703)  NNZ: 11 (12)  Ttime: 1.4059 Vtime: 0.0515
Step: 26400000  Loss: 0.081046 Regul: 0.008965 Obj: 0.090011 (0.081703)  NNZ: 13 (12)  Ttime: 1.4057 Vtime: 0.0514
Step: 26500000  Loss: 0.075674 Regul: 0.011094 Obj: 0.086768 (0.081703)  NNZ: 13 (12)  Ttime: 1.4085 Vtime: 0.0513
Step: 26600000  Loss: 0.077423 Regul: 0.009421 Obj: 0.086844 (0.081703)  NNZ: 14 (12)  Ttime: 1.4077 Vtime: 0.0518
Step: 26700000  Loss: 0.073077 Regul: 0.011517 Obj: 0.084594 (0.081703)  NNZ: 13 (12)  Ttime: 1.4051 Vtime: 0.0512
Step: 26800000  Loss: 0.077490 Regul: 0.015553 Obj: 0.093043 (0.081703)  NNZ: 16 (12)  Ttime: 1.4057 Vtime: 0.0512
Step: 26900000  Loss: 0.073680 Regul: 0.012043 Obj: 0.085723 (0.081703)  NNZ: 16 (12)  Ttime: 1.4078 Vtime: 0.0517
Step: 27000000  Loss: 0.074440 Regul: 0.010692 Obj: 0.085132 (0.081703)  NNZ: 19 (12)  Ttime: 1.4054 Vtime: 0.0514
Step: 27100000  Loss: 0.075127 Regul: 0.012244 Obj: 0.087372 (0.081703)  NNZ: 15 (12)  Ttime: 1.4032 Vtime: 0.0519
Step: 27200000  Loss: 0.076910 Regul: 0.014053 Obj: 0.090963 (0.081703)  NNZ: 15 (12)  Ttime: 1.4060 Vtime: 0.0524
Step: 27300000  Loss: 0.077739 Regul: 0.013792 Obj: 0.091531 (0.081703)  NNZ: 15 (12)  Ttime: 1.4058 Vtime: 0.0517
Step: 27400000  Loss: 0.075848 Regul: 0.012817 Obj: 0.088665 (0.081703)  NNZ: 13 (12)  Ttime: 1.4045 Vtime: 0.0511
Step: 27500000  Loss: 0.081939 Regul: 0.007921 Obj: 0.089860 (0.081703)  NNZ: 12 (12)  Ttime: 1.4074 Vtime: 0.0510
Step: 27600000  Loss: 0.074866 Regul: 0.011283 Obj: 0.086149 (0.081703)  NNZ: 18 (12)  Ttime: 1.4060 Vtime: 0.0518
Step: 27700000  Loss: 0.078000 Regul: 0.012805 Obj: 0.090804 (0.081703)  NNZ: 18 (12)  Ttime: 1.4120 Vtime: 0.0512
Step: 27800000  Loss: 0.077066 Regul: 0.011966 Obj: 0.089032 (0.081703)  NNZ: 14 (12)  Ttime: 1.4144 Vtime: 0.0513
Step: 27900000  Loss: 0.094759 Regul: 0.006396 Obj: 0.101155 (0.081703)  NNZ: 7 (12)  Ttime: 1.4093 Vtime: 0.0510
Step: 28000000  Loss: 0.076017 Regul: 0.011362 Obj: 0.087379 (0.081703)  NNZ: 14 (12)  Ttime: 1.4084 Vtime: 0.0518
Step: 28100000  Loss: 0.071683 Regul: 0.012858 Obj: 0.084540 (0.081703)  NNZ: 17 (12)  Ttime: 1.4033 Vtime: 0.0519
Step: 28200000  Loss: 0.074086 Regul: 0.010164 Obj: 0.084250 (0.081703)  NNZ: 15 (12)  Ttime: 1.4047 Vtime: 0.0515
Step: 28300000  Loss: 0.104601 Regul: 0.005702 Obj: 0.110303 (0.081703)  NNZ: 8 (12)  Ttime: 1.4048 Vtime: 0.0518
Step: 28400000  Loss: 0.082891 Regul: 0.008937 Obj: 0.091828 (0.081703)  NNZ: 9 (12)  Ttime: 1.4041 Vtime: 0.0515
Step: 28500000  Loss: 0.075556 Regul: 0.008569 Obj: 0.084125 (0.081703)  NNZ: 11 (12)  Ttime: 1.4062 Vtime: 0.0508
Step: 28600000  Loss: 0.076756 Regul: 0.009408 Obj: 0.086164 (0.081703)  NNZ: 10 (12)  Ttime: 1.4079 Vtime: 0.0521
Step: 28700000  Loss: 0.083280 Regul: 0.011228 Obj: 0.094508 (0.081703)  NNZ: 14 (12)  Ttime: 1.4060 Vtime: 0.0517
Step: 28800000  Loss: 0.079703 Regul: 0.009706 Obj: 0.089409 (0.081703)  NNZ: 16 (12)  Ttime: 1.4089 Vtime: 0.0521
Step: 28900000  Loss: 0.077571 Regul: 0.010856 Obj: 0.088427 (0.081703)  NNZ: 13 (12)  Ttime: 1.4049 Vtime: 0.0511
Step: 29000000  Loss: 0.076954 Regul: 0.016172 Obj: 0.093126 (0.081703)  NNZ: 16 (12)  Ttime: 1.4016 Vtime: 0.0511
Best: 29100000  Loss: 0.072267 Regul: 0.009293 Obj: 0.081559 (0.081559)  NNZ: 12 (12)  Ttime: 1.4094 Vtime: 0.0509
Stat: nPR #80 (#96) Dim/MaxDim [640/640] AUC: 0.972412 FPR95: 15.04 [saved]
Step: 29200000  Loss: 0.079476 Regul: 0.012294 Obj: 0.091770 (0.081559)  NNZ: 14 (12)  Ttime: 1.4062 Vtime: 0.0510
Step: 29300000  Loss: 0.076472 Regul: 0.011561 Obj: 0.088033 (0.081559)  NNZ: 13 (12)  Ttime: 1.4049 Vtime: 0.0513
Step: 29400000  Loss: 0.076224 Regul: 0.013843 Obj: 0.090067 (0.081559)  NNZ: 19 (12)  Ttime: 1.4066 Vtime: 0.0515
Step: 29500000  Loss: 0.074565 Regul: 0.012114 Obj: 0.086679 (0.081559)  NNZ: 14 (12)  Ttime: 1.4037 Vtime: 0.0520
Step: 29600000  Loss: 0.082377 Regul: 0.007434 Obj: 0.089811 (0.081559)  NNZ: 13 (12)  Ttime: 1.4058 Vtime: 0.0516
Step: 29700000  Loss: 0.072951 Regul: 0.009996 Obj: 0.082946 (0.081559)  NNZ: 18 (12)  Ttime: 1.4058 Vtime: 0.0515
Step: 29800000  Loss: 0.077873 Regul: 0.012354 Obj: 0.090227 (0.081559)  NNZ: 14 (12)  Ttime: 1.4056 Vtime: 0.0518
Step: 29900000  Loss: 0.083499 Regul: 0.008784 Obj: 0.092283 (0.081559)  NNZ: 12 (12)  Ttime: 1.4037 Vtime: 0.0517
Step: 30000000  Loss: 0.075526 Regul: 0.013597 Obj: 0.089123 (0.081559)  NNZ: 13 (12)  Ttime: 1.4076 Vtime: 0.0515
Step: 30100000  Loss: 0.086656 Regul: 0.009150 Obj: 0.095806 (0.081559)  NNZ: 15 (12)  Ttime: 1.4036 Vtime: 0.0512
Step: 30200000  Loss: 0.081435 Regul: 0.008276 Obj: 0.089712 (0.081559)  NNZ: 11 (12)  Ttime: 1.4056 Vtime: 0.0521
Step: 30300000  Loss: 0.077744 Regul: 0.008584 Obj: 0.086328 (0.081559)  NNZ: 9 (12)  Ttime: 1.4073 Vtime: 0.0514
Step: 30400000  Loss: 0.077628 Regul: 0.011468 Obj: 0.089096 (0.081559)  NNZ: 13 (12)  Ttime: 1.4055 Vtime: 0.0517
Step: 30500000  Loss: 0.080652 Regul: 0.008456 Obj: 0.089107 (0.081559)  NNZ: 9 (12)  Ttime: 1.4078 Vtime: 0.0509
Step: 30600000  Loss: 0.082820 Regul: 0.008018 Obj: 0.090838 (0.081559)  NNZ: 14 (12)  Ttime: 1.4057 Vtime: 0.0519
Step: 30700000  Loss: 0.081338 Regul: 0.010040 Obj: 0.091378 (0.081559)  NNZ: 13 (12)  Ttime: 1.4047 Vtime: 0.0516
Step: 30800000  Loss: 0.079958 Regul: 0.008976 Obj: 0.088934 (0.081559)  NNZ: 14 (12)  Ttime: 1.4079 Vtime: 0.0512
Step: 30900000  Loss: 0.079634 Regul: 0.012429 Obj: 0.092063 (0.081559)  NNZ: 14 (12)  Ttime: 1.4049 Vtime: 0.0521
Step: 31000000  Loss: 0.072539 Regul: 0.011572 Obj: 0.084111 (0.081559)  NNZ: 15 (12)  Ttime: 1.4078 Vtime: 0.0517
Step: 31100000  Loss: 0.076095 Regul: 0.012277 Obj: 0.088372 (0.081559)  NNZ: 13 (12)  Ttime: 1.4073 Vtime: 0.0516
Step: 31200000  Loss: 0.077527 Regul: 0.010214 Obj: 0.087741 (0.081559)  NNZ: 15 (12)  Ttime: 1.4053 Vtime: 0.0508
Step: 31300000  Loss: 0.078386 Regul: 0.009877 Obj: 0.088262 (0.081559)  NNZ: 13 (12)  Ttime: 1.4078 Vtime: 0.0512
Step: 31400000  Loss: 0.077917 Regul: 0.011614 Obj: 0.089532 (0.081559)  NNZ: 14 (12)  Ttime: 1.4049 Vtime: 0.0519
Step: 31500000  Loss: 0.080584 Regul: 0.011058 Obj: 0.091642 (0.081559)  NNZ: 17 (12)  Ttime: 1.4038 Vtime: 0.0507
Step: 31600000  Loss: 0.078561 Regul: 0.008844 Obj: 0.087405 (0.081559)  NNZ: 9 (12)  Ttime: 1.4124 Vtime: 0.0517
Step: 31700000  Loss: 0.083412 Regul: 0.008632 Obj: 0.092044 (0.081559)  NNZ: 16 (12)  Ttime: 1.4124 Vtime: 0.0513
Step: 31800000  Loss: 0.074362 Regul: 0.011876 Obj: 0.086238 (0.081559)  NNZ: 15 (12)  Ttime: 1.4132 Vtime: 0.0516
Step: 31900000  Loss: 0.081914 Regul: 0.009617 Obj: 0.091530 (0.081559)  NNZ: 15 (12)  Ttime: 1.4109 Vtime: 0.0516
Step: 32000000  Loss: 0.078020 Regul: 0.010512 Obj: 0.088532 (0.081559)  NNZ: 16 (12)  Ttime: 1.4065 Vtime: 0.0506
Step: 32100000  Loss: 0.074488 Regul: 0.013136 Obj: 0.087624 (0.081559)  NNZ: 16 (12)  Ttime: 1.4056 Vtime: 0.0518
Step: 32200000  Loss: 0.097722 Regul: 0.009554 Obj: 0.107277 (0.081559)  NNZ: 11 (12)  Ttime: 1.4059 Vtime: 0.0509
Step: 32300000  Loss: 0.106019 Regul: 0.005504 Obj: 0.111523 (0.081559)  NNZ: 10 (12)  Ttime: 1.4048 Vtime: 0.0516
Step: 32400000  Loss: 0.077805 Regul: 0.013464 Obj: 0.091269 (0.081559)  NNZ: 17 (12)  Ttime: 1.4067 Vtime: 0.0514
Step: 32500000  Loss: 0.086440 Regul: 0.010351 Obj: 0.096791 (0.081559)  NNZ: 15 (12)  Ttime: 1.4046 Vtime: 0.0512
Step: 32600000  Loss: 0.075633 Regul: 0.010849 Obj: 0.086482 (0.081559)  NNZ: 15 (12)  Ttime: 1.4069 Vtime: 0.0516
Step: 32700000  Loss: 0.075545 Regul: 0.012892 Obj: 0.088438 (0.081559)  NNZ: 16 (12)  Ttime: 1.4047 Vtime: 0.0505
Step: 32800000  Loss: 0.073665 Regul: 0.011726 Obj: 0.085391 (0.081559)  NNZ: 15 (12)  Ttime: 1.4041 Vtime: 0.0517
Step: 32900000  Loss: 0.112939 Regul: 0.004905 Obj: 0.117844 (0.081559)  NNZ: 10 (12)  Ttime: 1.4057 Vtime: 0.0510
Step: 33000000  Loss: 0.076736 Regul: 0.009716 Obj: 0.086451 (0.081559)  NNZ: 14 (12)  Ttime: 1.4070 Vtime: 0.0517
Step: 33100000  Loss: 0.078636 Regul: 0.010757 Obj: 0.089394 (0.081559)  NNZ: 13 (12)  Ttime: 1.4082 Vtime: 0.0516
Step: 33200000  Loss: 0.074291 Regul: 0.010633 Obj: 0.084924 (0.081559)  NNZ: 12 (12)  Ttime: 1.4090 Vtime: 0.0515
Step: 33300000  Loss: 0.087008 Regul: 0.007218 Obj: 0.094226 (0.081559)  NNZ: 13 (12)  Ttime: 1.4073 Vtime: 0.0511
Step: 33400000  Loss: 0.074264 Regul: 0.010620 Obj: 0.084884 (0.081559)  NNZ: 17 (12)  Ttime: 1.4064 Vtime: 0.0513
Step: 33500000  Loss: 0.089448 Regul: 0.008207 Obj: 0.097655 (0.081559)  NNZ: 9 (12)  Ttime: 1.4075 Vtime: 0.0515
Step: 33600000  Loss: 0.081234 Regul: 0.015846 Obj: 0.097080 (0.081559)  NNZ: 15 (12)  Ttime: 1.4049 Vtime: 0.0513
Step: 33700000  Loss: 0.081155 Regul: 0.019715 Obj: 0.100870 (0.081559)  NNZ: 18 (12)  Ttime: 1.4036 Vtime: 0.0509
Step: 33800000  Loss: 0.080052 Regul: 0.016657 Obj: 0.096709 (0.081559)  NNZ: 14 (12)  Ttime: 1.4061 Vtime: 0.0512
Step: 33900000  Loss: 0.075007 Regul: 0.013643 Obj: 0.088650 (0.081559)  NNZ: 18 (12)  Ttime: 1.4061 Vtime: 0.0516
Step: 34000000  Loss: 0.078139 Regul: 0.014777 Obj: 0.092916 (0.081559)  NNZ: 13 (12)  Ttime: 1.4041 Vtime: 0.0510
Step: 34100000  Loss: 0.083825 Regul: 0.016483 Obj: 0.100308 (0.081559)  NNZ: 19 (12)  Ttime: 1.4012 Vtime: 0.0511
Step: 34200000  Loss: 0.078349 Regul: 0.016454 Obj: 0.094802 (0.081559)  NNZ: 18 (12)  Ttime: 1.4037 Vtime: 0.0516
Step: 34300000  Loss: 0.081115 Regul: 0.014821 Obj: 0.095936 (0.081559)  NNZ: 18 (12)  Ttime: 1.4041 Vtime: 0.0514
Step: 34400000  Loss: 0.075411 Regul: 0.014158 Obj: 0.089568 (0.081559)  NNZ: 20 (12)  Ttime: 1.4043 Vtime: 0.0520
Step: 34500000  Loss: 0.074551 Regul: 0.012021 Obj: 0.086572 (0.081559)  NNZ: 16 (12)  Ttime: 1.4042 Vtime: 0.0515
Step: 34600000  Loss: 0.074061 Regul: 0.011327 Obj: 0.085388 (0.081559)  NNZ: 14 (12)  Ttime: 1.4033 Vtime: 0.0526
Step: 34700000  Loss: 0.081398 Regul: 0.012850 Obj: 0.094248 (0.081559)  NNZ: 16 (12)  Ttime: 1.4051 Vtime: 0.0512
Step: 34800000  Loss: 0.075074 Regul: 0.014081 Obj: 0.089155 (0.081559)  NNZ: 18 (12)  Ttime: 1.4015 Vtime: 0.0512
Step: 34900000  Loss: 0.072824 Regul: 0.013409 Obj: 0.086233 (0.081559)  NNZ: 16 (12)  Ttime: 1.4038 Vtime: 0.0522
Step: 35000000  Loss: 0.073806 Regul: 0.012991 Obj: 0.086797 (0.081559)  NNZ: 15 (12)  Ttime: 1.4033 Vtime: 0.0517
Step: 35100000  Loss: 0.073029 Regul: 0.014258 Obj: 0.087288 (0.081559)  NNZ: 15 (12)  Ttime: 1.4002 Vtime: 0.0511
Step: 35200000  Loss: 0.075322 Regul: 0.013760 Obj: 0.089082 (0.081559)  NNZ: 16 (12)  Ttime: 1.3975 Vtime: 0.0506
Step: 35300000  Loss: 0.073732 Regul: 0.014101 Obj: 0.087833 (0.081559)  NNZ: 15 (12)  Ttime: 1.3979 Vtime: 0.0513
Step: 35400000  Loss: 0.074796 Regul: 0.015346 Obj: 0.090143 (0.081559)  NNZ: 17 (12)  Ttime: 1.4053 Vtime: 0.0511
Step: 35500000  Loss: 0.075496 Regul: 0.015877 Obj: 0.091373 (0.081559)  NNZ: 19 (12)  Ttime: 1.4035 Vtime: 0.0521
Step: 35600000  Loss: 0.080960 Regul: 0.013656 Obj: 0.094616 (0.081559)  NNZ: 20 (12)  Ttime: 1.4040 Vtime: 0.0513
Step: 35700000  Loss: 0.073975 Regul: 0.016313 Obj: 0.090288 (0.081559)  NNZ: 15 (12)  Ttime: 1.4051 Vtime: 0.0514
Step: 35800000  Loss: 0.076253 Regul: 0.011706 Obj: 0.087959 (0.081559)  NNZ: 15 (12)  Ttime: 1.4096 Vtime: 0.0505
Step: 35900000  Loss: 0.073275 Regul: 0.011907 Obj: 0.085182 (0.081559)  NNZ: 12 (12)  Ttime: 1.4140 Vtime: 0.0517
Step: 36000000  Loss: 0.077317 Regul: 0.017498 Obj: 0.094814 (0.081559)  NNZ: 16 (12)  Ttime: 1.4113 Vtime: 0.0516
Step: 36100000  Loss: 0.078346 Regul: 0.009445 Obj: 0.087791 (0.081559)  NNZ: 15 (12)  Ttime: 1.4028 Vtime: 0.0517
Step: 36200000  Loss: 0.079268 Regul: 0.013286 Obj: 0.092554 (0.081559)  NNZ: 13 (12)  Ttime: 1.4066 Vtime: 0.0518
Step: 36300000  Loss: 0.075507 Regul: 0.014163 Obj: 0.089670 (0.081559)  NNZ: 16 (12)  Ttime: 1.4034 Vtime: 0.0514
Step: 36400000  Loss: 0.082376 Regul: 0.014954 Obj: 0.097330 (0.081559)  NNZ: 18 (12)  Ttime: 1.4046 Vtime: 0.0520
Step: 36500000  Loss: 0.073135 Regul: 0.008903 Obj: 0.082037 (0.081559)  NNZ: 16 (12)  Ttime: 1.4033 Vtime: 0.0521
Step: 36600000  Loss: 0.078887 Regul: 0.016490 Obj: 0.095378 (0.081559)  NNZ: 17 (12)  Ttime: 1.4023 Vtime: 0.0512
Step: 36700000  Loss: 0.076255 Regul: 0.011937 Obj: 0.088192 (0.081559)  NNZ: 15 (12)  Ttime: 1.4063 Vtime: 0.0514
Step: 36800000  Loss: 0.081111 Regul: 0.018105 Obj: 0.099216 (0.081559)  NNZ: 15 (12)  Ttime: 1.4039 Vtime: 0.0508
Step: 36900000  Loss: 0.077236 Regul: 0.017585 Obj: 0.094822 (0.081559)  NNZ: 20 (12)  Ttime: 1.4049 Vtime: 0.0514
Step: 37000000  Loss: 0.072972 Regul: 0.011576 Obj: 0.084548 (0.081559)  NNZ: 13 (12)  Ttime: 1.4043 Vtime: 0.0507
Step: 37100000  Loss: 0.075874 Regul: 0.015231 Obj: 0.091105 (0.081559)  NNZ: 18 (12)  Ttime: 1.4007 Vtime: 0.0510
Step: 37200000  Loss: 0.074825 Regul: 0.015710 Obj: 0.090536 (0.081559)  NNZ: 14 (12)  Ttime: 1.4023 Vtime: 0.0510
Step: 37300000  Loss: 0.074193 Regul: 0.014824 Obj: 0.089018 (0.081559)  NNZ: 18 (12)  Ttime: 1.3997 Vtime: 0.0512
Step: 37400000  Loss: 0.078610 Regul: 0.015361 Obj: 0.093971 (0.081559)  NNZ: 17 (12)  Ttime: 1.4015 Vtime: 0.0520
Step: 37500000  Loss: 0.077064 Regul: 0.014720 Obj: 0.091784 (0.081559)  NNZ: 16 (12)  Ttime: 1.4026 Vtime: 0.0518
Step: 37600000  Loss: 0.075888 Regul: 0.015253 Obj: 0.091141 (0.081559)  NNZ: 18 (12)  Ttime: 1.4056 Vtime: 0.0510
Step: 37700000  Loss: 0.075115 Regul: 0.015575 Obj: 0.090690 (0.081559)  NNZ: 18 (12)  Ttime: 1.4015 Vtime: 0.0510
Step: 37800000  Loss: 0.080262 Regul: 0.020975 Obj: 0.101237 (0.081559)  NNZ: 21 (12)  Ttime: 1.4060 Vtime: 0.0510
Step: 37900000  Loss: 0.072583 Regul: 0.012057 Obj: 0.084641 (0.081559)  NNZ: 14 (12)  Ttime: 1.4035 Vtime: 0.0516
Step: 38000000  Loss: 0.077087 Regul: 0.014908 Obj: 0.091995 (0.081559)  NNZ: 22 (12)  Ttime: 1.4030 Vtime: 0.0517
Step: 38100000  Loss: 0.081058 Regul: 0.018411 Obj: 0.099469 (0.081559)  NNZ: 18 (12)  Ttime: 1.4006 Vtime: 0.0510
Step: 38200000  Loss: 0.097680 Regul: 0.007339 Obj: 0.105019 (0.081559)  NNZ: 9 (12)  Ttime: 1.3989 Vtime: 0.0516
Step: 38300000  Loss: 0.075873 Regul: 0.016445 Obj: 0.092318 (0.081559)  NNZ: 19 (12)  Ttime: 1.4034 Vtime: 0.0510
Step: 38400000  Loss: 0.079172 Regul: 0.010812 Obj: 0.089984 (0.081559)  NNZ: 16 (12)  Ttime: 1.4035 Vtime: 0.0513
Step: 38500000  Loss: 0.076009 Regul: 0.017287 Obj: 0.093296 (0.081559)  NNZ: 19 (12)  Ttime: 1.4037 Vtime: 0.0516
Step: 38600000  Loss: 0.082414 Regul: 0.015500 Obj: 0.097914 (0.081559)  NNZ: 18 (12)  Ttime: 1.3995 Vtime: 0.0509
Step: 38700000  Loss: 0.079070 Regul: 0.015059 Obj: 0.094129 (0.081559)  NNZ: 19 (12)  Ttime: 1.4015 Vtime: 0.0515
Step: 38800000  Loss: 0.072231 Regul: 0.013489 Obj: 0.085720 (0.081559)  NNZ: 16 (12)  Ttime: 1.4019 Vtime: 0.0515
Step: 38900000  Loss: 0.076316 Regul: 0.014967 Obj: 0.091283 (0.081559)  NNZ: 20 (12)  Ttime: 1.4050 Vtime: 0.0515
Step: 39000000  Loss: 0.074458 Regul: 0.015619 Obj: 0.090077 (0.081559)  NNZ: 22 (12)  Ttime: 1.4031 Vtime: 0.0519
Step: 39100000  Loss: 0.076784 Regul: 0.013795 Obj: 0.090580 (0.081559)  NNZ: 15 (12)  Ttime: 1.4006 Vtime: 0.0519
Step: 39200000  Loss: 0.071794 Regul: 0.013447 Obj: 0.085242 (0.081559)  NNZ: 16 (12)  Ttime: 1.4036 Vtime: 0.0512
Step: 39300000  Loss: 0.071857 Regul: 0.013843 Obj: 0.085700 (0.081559)  NNZ: 20 (12)  Ttime: 1.4044 Vtime: 0.0521
Step: 39400000  Loss: 0.074913 Regul: 0.008932 Obj: 0.083844 (0.081559)  NNZ: 12 (12)  Ttime: 1.4054 Vtime: 0.0523
Step: 39500000  Loss: 0.076602 Regul: 0.015873 Obj: 0.092475 (0.081559)  NNZ: 21 (12)  Ttime: 1.4035 Vtime: 0.0510
Step: 39600000  Loss: 0.073795 Regul: 0.011558 Obj: 0.085353 (0.081559)  NNZ: 13 (12)  Ttime: 1.4036 Vtime: 0.0516
Step: 39700000  Loss: 0.071883 Regul: 0.013270 Obj: 0.085152 (0.081559)  NNZ: 17 (12)  Ttime: 1.4058 Vtime: 0.0518
Step: 39800000  Loss: 0.072351 Regul: 0.015181 Obj: 0.087532 (0.081559)  NNZ: 20 (12)  Ttime: 1.4093 Vtime: 0.0521
Step: 39900000  Loss: 0.075344 Regul: 0.014081 Obj: 0.089425 (0.081559)  NNZ: 14 (12)  Ttime: 1.4098 Vtime: 0.0513
Step: 40000000  Loss: 0.083836 Regul: 0.016434 Obj: 0.100270 (0.081559)  NNZ: 18 (12)  Ttime: 1.4109 Vtime: 0.0515
Step: 40100000  Loss: 0.076924 Regul: 0.018400 Obj: 0.095324 (0.081559)  NNZ: 17 (12)  Ttime: 1.4110 Vtime: 0.0517
Step: 40200000  Loss: 0.077522 Regul: 0.013499 Obj: 0.091021 (0.081559)  NNZ: 16 (12)  Ttime: 1.4036 Vtime: 0.0510
Step: 40300000  Loss: 0.077382 Regul: 0.012175 Obj: 0.089557 (0.081559)  NNZ: 12 (12)  Ttime: 1.4002 Vtime: 0.0511
Step: 40400000  Loss: 0.077588 Regul: 0.016251 Obj: 0.093838 (0.081559)  NNZ: 21 (12)  Ttime: 1.4007 Vtime: 0.0516
Step: 40500000  Loss: 0.077774 Regul: 0.009558 Obj: 0.087332 (0.081559)  NNZ: 12 (12)  Ttime: 1.4015 Vtime: 0.0518
Step: 40600000  Loss: 0.079582 Regul: 0.010312 Obj: 0.089895 (0.081559)  NNZ: 12 (12)  Ttime: 1.4003 Vtime: 0.0513
Step: 40700000  Loss: 0.077966 Regul: 0.011849 Obj: 0.089815 (0.081559)  NNZ: 15 (12)  Ttime: 1.4034 Vtime: 0.0514
Step: 40800000  Loss: 0.084227 Regul: 0.023029 Obj: 0.107256 (0.081559)  NNZ: 20 (12)  Ttime: 1.4038 Vtime: 0.0512
Step: 40900000  Loss: 0.076162 Regul: 0.017401 Obj: 0.093563 (0.081559)  NNZ: 17 (12)  Ttime: 1.4063 Vtime: 0.0523
Step: 41000000  Loss: 0.075172 Regul: 0.015086 Obj: 0.090258 (0.081559)  NNZ: 14 (12)  Ttime: 1.4038 Vtime: 0.0516
Step: 41100000  Loss: 0.072795 Regul: 0.013275 Obj: 0.086070 (0.081559)  NNZ: 15 (12)  Ttime: 1.3978 Vtime: 0.0514
Step: 41200000  Loss: 0.091066 Regul: 0.022489 Obj: 0.113555 (0.081559)  NNZ: 17 (12)  Ttime: 1.4050 Vtime: 0.0513
Step: 41300000  Loss: 0.078974 Regul: 0.015562 Obj: 0.094536 (0.081559)  NNZ: 24 (12)  Ttime: 1.4021 Vtime: 0.0520
Step: 41400000  Loss: 0.078801 Regul: 0.011938 Obj: 0.090739 (0.081559)  NNZ: 13 (12)  Ttime: 1.4040 Vtime: 0.0520
Step: 41500000  Loss: 0.075205 Regul: 0.009611 Obj: 0.084816 (0.081559)  NNZ: 15 (12)  Ttime: 1.4028 Vtime: 0.0516
Step: 41600000  Loss: 0.077672 Regul: 0.018157 Obj: 0.095829 (0.081559)  NNZ: 26 (12)  Ttime: 1.4030 Vtime: 0.0520
Step: 41700000  Loss: 0.076706 Regul: 0.014165 Obj: 0.090871 (0.081559)  NNZ: 15 (12)  Ttime: 1.4020 Vtime: 0.0514
Step: 41800000  Loss: 0.079137 Regul: 0.016161 Obj: 0.095298 (0.081559)  NNZ: 13 (12)  Ttime: 1.4040 Vtime: 0.0523
Step: 41900000  Loss: 0.079590 Regul: 0.011539 Obj: 0.091129 (0.081559)  NNZ: 12 (12)  Ttime: 1.4031 Vtime: 0.0517
Step: 42000000  Loss: 0.074828 Regul: 0.009835 Obj: 0.084663 (0.081559)  NNZ: 12 (12)  Ttime: 1.4054 Vtime: 0.0518
Step: 42100000  Loss: 0.074494 Regul: 0.011296 Obj: 0.085790 (0.081559)  NNZ: 18 (12)  Ttime: 1.4035 Vtime: 0.0518
Step: 42200000  Loss: 0.077520 Regul: 0.013526 Obj: 0.091046 (0.081559)  NNZ: 18 (12)  Ttime: 1.4044 Vtime: 0.0515
Step: 42300000  Loss: 0.074084 Regul: 0.015564 Obj: 0.089648 (0.081559)  NNZ: 17 (12)  Ttime: 1.4041 Vtime: 0.0515
Step: 42400000  Loss: 0.074284 Regul: 0.013275 Obj: 0.087559 (0.081559)  NNZ: 16 (12)  Ttime: 1.4019 Vtime: 0.0521
Step: 42500000  Loss: 0.073606 Regul: 0.009348 Obj: 0.082953 (0.081559)  NNZ: 12 (12)  Ttime: 1.4044 Vtime: 0.0512
Step: 42600000  Loss: 0.077185 Regul: 0.014451 Obj: 0.091636 (0.081559)  NNZ: 15 (12)  Ttime: 1.4070 Vtime: 0.0516
Step: 42700000  Loss: 0.080608 Regul: 0.015377 Obj: 0.095986 (0.081559)  NNZ: 14 (12)  Ttime: 1.4049 Vtime: 0.0513
Step: 42800000  Loss: 0.081381 Regul: 0.014925 Obj: 0.096306 (0.081559)  NNZ: 18 (12)  Ttime: 1.4526 Vtime: 0.0516
Step: 42900000  Loss: 0.075431 Regul: 0.017078 Obj: 0.092509 (0.081559)  NNZ: 21 (12)  Ttime: 1.4055 Vtime: 0.0514
Step: 43000000  Loss: 0.074972 Regul: 0.016203 Obj: 0.091175 (0.081559)  NNZ: 19 (12)  Ttime: 1.4029 Vtime: 0.0512
Step: 43100000  Loss: 0.075965 Regul: 0.014914 Obj: 0.090879 (0.081559)  NNZ: 19 (12)  Ttime: 1.4035 Vtime: 0.0511
Step: 43200000  Loss: 0.076171 Regul: 0.011882 Obj: 0.088053 (0.081559)  NNZ: 15 (12)  Ttime: 1.4040 Vtime: 0.0512
Step: 43300000  Loss: 0.075374 Regul: 0.016893 Obj: 0.092267 (0.081559)  NNZ: 17 (12)  Ttime: 1.4041 Vtime: 0.0511
Step: 43400000  Loss: 0.086799 Regul: 0.017466 Obj: 0.104265 (0.081559)  NNZ: 21 (12)  Ttime: 1.4038 Vtime: 0.0513
Step: 43500000  Loss: 0.074919 Regul: 0.015526 Obj: 0.090444 (0.081559)  NNZ: 13 (12)  Ttime: 1.4034 Vtime: 0.0517
Step: 43600000  Loss: 0.075919 Regul: 0.016208 Obj: 0.092128 (0.081559)  NNZ: 15 (12)  Ttime: 1.4044 Vtime: 0.0512
Step: 43700000  Loss: 0.078108 Regul: 0.015828 Obj: 0.093935 (0.081559)  NNZ: 17 (12)  Ttime: 1.4043 Vtime: 0.0512
Step: 43800000  Loss: 0.085768 Regul: 0.013737 Obj: 0.099505 (0.081559)  NNZ: 13 (12)  Ttime: 1.4025 Vtime: 0.0516
Step: 43900000  Loss: 0.079294 Regul: 0.019620 Obj: 0.098914 (0.081559)  NNZ: 19 (12)  Ttime: 1.4062 Vtime: 0.0514
Step: 44000000  Loss: 0.073001 Regul: 0.012120 Obj: 0.085121 (0.081559)  NNZ: 17 (12)  Ttime: 1.4142 Vtime: 0.0515
Step: 44100000  Loss: 0.083684 Regul: 0.016855 Obj: 0.100539 (0.081559)  NNZ: 18 (12)  Ttime: 1.4101 Vtime: 0.0520
Step: 44200000  Loss: 0.077084 Regul: 0.010210 Obj: 0.087294 (0.081559)  NNZ: 13 (12)  Ttime: 1.4122 Vtime: 0.0511
Step: 44300000  Loss: 0.081990 Regul: 0.016390 Obj: 0.098380 (0.081559)  NNZ: 17 (12)  Ttime: 1.4077 Vtime: 0.0517
Step: 44400000  Loss: 0.076673 Regul: 0.013845 Obj: 0.090518 (0.081559)  NNZ: 14 (12)  Ttime: 1.4055 Vtime: 0.0516
Step: 44500000  Loss: 0.075110 Regul: 0.014531 Obj: 0.089641 (0.081559)  NNZ: 15 (12)  Ttime: 1.3973 Vtime: 0.0508
Step: 44600000  Loss: 0.073659 Regul: 0.013627 Obj: 0.087285 (0.081559)  NNZ: 18 (12)  Ttime: 1.4026 Vtime: 0.0513
Step: 44700000  Loss: 0.073871 Regul: 0.016068 Obj: 0.089939 (0.081559)  NNZ: 19 (12)  Ttime: 1.4022 Vtime: 0.0521
Step: 44800000  Loss: 0.074246 Regul: 0.013096 Obj: 0.087342 (0.081559)  NNZ: 16 (12)  Ttime: 1.4021 Vtime: 0.0511
Step: 44900000  Loss: 0.084560 Regul: 0.019629 Obj: 0.104189 (0.081559)  NNZ: 21 (12)  Ttime: 1.4039 Vtime: 0.0512
Step: 45000000  Loss: 0.076898 Regul: 0.015271 Obj: 0.092169 (0.081559)  NNZ: 17 (12)  Ttime: 1.4025 Vtime: 0.0516
Step: 45100000  Loss: 0.075780 Regul: 0.014502 Obj: 0.090282 (0.081559)  NNZ: 18 (12)  Ttime: 1.4051 Vtime: 0.0520
Step: 45200000  Loss: 0.073069 Regul: 0.013176 Obj: 0.086245 (0.081559)  NNZ: 17 (12)  Ttime: 1.4041 Vtime: 0.0520
Step: 45300000  Loss: 0.075578 Regul: 0.012391 Obj: 0.087969 (0.081559)  NNZ: 18 (12)  Ttime: 1.3973 Vtime: 0.0510
Step: 45400000  Loss: 0.073416 Regul: 0.016366 Obj: 0.089782 (0.081559)  NNZ: 18 (12)  Ttime: 1.4030 Vtime: 0.0516
Step: 45500000  Loss: 0.079565 Regul: 0.013332 Obj: 0.092897 (0.081559)  NNZ: 17 (12)  Ttime: 1.4060 Vtime: 0.0510
Step: 45600000  Loss: 0.072047 Regul: 0.013962 Obj: 0.086008 (0.081559)  NNZ: 18 (12)  Ttime: 1.4043 Vtime: 0.0520
Step: 45700000  Loss: 0.074894 Regul: 0.015297 Obj: 0.090191 (0.081559)  NNZ: 16 (12)  Ttime: 1.4053 Vtime: 0.0524
Step: 45800000  Loss: 0.073239 Regul: 0.014821 Obj: 0.088059 (0.081559)  NNZ: 18 (12)  Ttime: 1.3999 Vtime: 0.0519
Step: 45900000  Loss: 0.074503 Regul: 0.010065 Obj: 0.084568 (0.081559)  NNZ: 17 (12)  Ttime: 1.4035 Vtime: 0.0512
Step: 46000000  Loss: 0.076127 Regul: 0.011781 Obj: 0.087908 (0.081559)  NNZ: 16 (12)  Ttime: 1.4048 Vtime: 0.0516
Step: 46100000  Loss: 0.080802 Regul: 0.017981 Obj: 0.098783 (0.081559)  NNZ: 21 (12)  Ttime: 1.3979 Vtime: 0.0515
Step: 46200000  Loss: 0.077364 Regul: 0.014588 Obj: 0.091952 (0.081559)  NNZ: 16 (12)  Ttime: 1.4058 Vtime: 0.0514
Step: 46300000  Loss: 0.072737 Regul: 0.015150 Obj: 0.087887 (0.081559)  NNZ: 21 (12)  Ttime: 1.4024 Vtime: 0.0511
Step: 46400000  Loss: 0.072015 Regul: 0.012898 Obj: 0.084913 (0.081559)  NNZ: 16 (12)  Ttime: 1.4047 Vtime: 0.0514
Step: 46500000  Loss: 0.078855 Regul: 0.010763 Obj: 0.089618 (0.081559)  NNZ: 14 (12)  Ttime: 1.4055 Vtime: 0.0515
Step: 46600000  Loss: 0.074825 Regul: 0.012702 Obj: 0.087527 (0.081559)  NNZ: 13 (12)  Ttime: 1.4034 Vtime: 0.0512
Step: 46700000  Loss: 0.079350 Regul: 0.013334 Obj: 0.092684 (0.081559)  NNZ: 16 (12)  Ttime: 1.4083 Vtime: 0.0520
Step: 46800000  Loss: 0.079247 Regul: 0.017523 Obj: 0.096770 (0.081559)  NNZ: 18 (12)  Ttime: 1.4037 Vtime: 0.0510
Step: 46900000  Loss: 0.074272 Regul: 0.011895 Obj: 0.086167 (0.081559)  NNZ: 14 (12)  Ttime: 1.4026 Vtime: 0.0506
Step: 47000000  Loss: 0.073113 Regul: 0.013824 Obj: 0.086938 (0.081559)  NNZ: 14 (12)  Ttime: 1.4050 Vtime: 0.0513
Step: 47100000  Loss: 0.074913 Regul: 0.016285 Obj: 0.091198 (0.081559)  NNZ: 18 (12)  Ttime: 1.4028 Vtime: 0.0516
Step: 47200000  Loss: 0.077117 Regul: 0.017498 Obj: 0.094615 (0.081559)  NNZ: 18 (12)  Ttime: 1.4006 Vtime: 0.0516
Step: 47300000  Loss: 0.078346 Regul: 0.009829 Obj: 0.088175 (0.081559)  NNZ: 17 (12)  Ttime: 1.4056 Vtime: 0.0519
Step: 47400000  Loss: 0.075709 Regul: 0.012759 Obj: 0.088467 (0.081559)  NNZ: 14 (12)  Ttime: 1.4030 Vtime: 0.0510
Step: 47500000  Loss: 0.073751 Regul: 0.012671 Obj: 0.086422 (0.081559)  NNZ: 15 (12)  Ttime: 1.4041 Vtime: 0.0517
Step: 47600000  Loss: 0.075638 Regul: 0.012638 Obj: 0.088276 (0.081559)  NNZ: 19 (12)  Ttime: 1.4018 Vtime: 0.0510
Step: 47700000  Loss: 0.078256 Regul: 0.014810 Obj: 0.093065 (0.081559)  NNZ: 20 (12)  Ttime: 1.4066 Vtime: 0.0515
Step: 47800000  Loss: 0.074225 Regul: 0.011821 Obj: 0.086047 (0.081559)  NNZ: 14 (12)  Ttime: 1.4070 Vtime: 0.0514
Step: 47900000  Loss: 0.074347 Regul: 0.014015 Obj: 0.088362 (0.081559)  NNZ: 15 (12)  Ttime: 1.3973 Vtime: 0.0521
Step: 48000000  Loss: 0.072514 Regul: 0.012620 Obj: 0.085134 (0.081559)  NNZ: 14 (12)  Ttime: 1.4045 Vtime: 0.0532
Step: 48100000  Loss: 0.082032 Regul: 0.018640 Obj: 0.100672 (0.081559)  NNZ: 21 (12)  Ttime: 1.4067 Vtime: 0.0513
Step: 48200000  Loss: 0.083293 Regul: 0.020695 Obj: 0.103988 (0.081559)  NNZ: 21 (12)  Ttime: 1.4112 Vtime: 0.0509
Step: 48300000  Loss: 0.083545 Regul: 0.017714 Obj: 0.101259 (0.081559)  NNZ: 16 (12)  Ttime: 1.4111 Vtime: 0.0532
Step: 48400000  Loss: 0.074701 Regul: 0.014301 Obj: 0.089002 (0.081559)  NNZ: 17 (12)  Ttime: 1.4060 Vtime: 0.0522
Step: 48500000  Loss: 0.080508 Regul: 0.018658 Obj: 0.099166 (0.081559)  NNZ: 20 (12)  Ttime: 1.4057 Vtime: 0.0520
Step: 48600000  Loss: 0.073388 Regul: 0.013143 Obj: 0.086531 (0.081559)  NNZ: 17 (12)  Ttime: 1.4029 Vtime: 0.0520
Step: 48700000  Loss: 0.080266 Regul: 0.020544 Obj: 0.100810 (0.081559)  NNZ: 22 (12)  Ttime: 1.4030 Vtime: 0.0513
Step: 48800000  Loss: 0.076108 Regul: 0.015370 Obj: 0.091477 (0.081559)  NNZ: 15 (12)  Ttime: 1.4060 Vtime: 0.0517
Step: 48900000  Loss: 0.080678 Regul: 0.017292 Obj: 0.097970 (0.081559)  NNZ: 23 (12)  Ttime: 1.4056 Vtime: 0.0523
Step: 49000000  Loss: 0.078200 Regul: 0.014941 Obj: 0.093142 (0.081559)  NNZ: 16 (12)  Ttime: 1.4041 Vtime: 0.0516
Step: 49100000  Loss: 0.078570 Regul: 0.017241 Obj: 0.095811 (0.081559)  NNZ: 21 (12)  Ttime: 1.4040 Vtime: 0.0512
Step: 49200000  Loss: 0.073180 Regul: 0.011898 Obj: 0.085078 (0.081559)  NNZ: 16 (12)  Ttime: 1.4042 Vtime: 0.0520
Step: 49300000  Loss: 0.078080 Regul: 0.011367 Obj: 0.089447 (0.081559)  NNZ: 14 (12)  Ttime: 1.4055 Vtime: 0.0514
Step: 49400000  Loss: 0.079263 Regul: 0.018021 Obj: 0.097284 (0.081559)  NNZ: 17 (12)  Ttime: 1.4041 Vtime: 0.0512
Step: 49500000  Loss: 0.078611 Regul: 0.016663 Obj: 0.095274 (0.081559)  NNZ: 20 (12)  Ttime: 1.4049 Vtime: 0.0521
Step: 49600000  Loss: 0.077279 Regul: 0.017699 Obj: 0.094978 (0.081559)  NNZ: 20 (12)  Ttime: 1.4056 Vtime: 0.0517
Step: 49700000  Loss: 0.074126 Regul: 0.013502 Obj: 0.087629 (0.081559)  NNZ: 19 (12)  Ttime: 1.4031 Vtime: 0.0519
Step: 49800000  Loss: 0.077414 Regul: 0.016630 Obj: 0.094044 (0.081559)  NNZ: 21 (12)  Ttime: 1.4036 Vtime: 0.0518
Step: 49900000  Loss: 0.072264 Regul: 0.014967 Obj: 0.087231 (0.081559)  NNZ: 17 (12)  Ttime: 1.4031 Vtime: 0.0517
Step: 50000000  Loss: 0.073104 Regul: 0.013198 Obj: 0.086302 (0.081559)  NNZ: 15 (12)  Ttime: 1.4042 Vtime: 0.0510
