mu: 0.004 gamma: 0.2 nIters: 50000000
Load PRParams.
Load RingParams.
Load Labels: 500000
Load Distances: 500000 x 5120
0...10...20...30...40...50...60...70...80...90...100 - done.
Positive samples #250000
Negative samples #250000
Positive train #200000
Negative train #200000
Positive valid #50000
Negative valid #50000

Found GPU: GeForce GTX 970
Compute Capability: 5.2

Best: 100000  Loss: 0.454460 Regul: 0.006304 Obj: 0.460764 (0.460764)  NNZ: 14 (14)  Ttime: 1.3964 Vtime: 0.2051
Stat: nPR #80 (#112) Dim/MaxDim [640/640] AUC: 0.933945 FPR95: 48.82 [saved]
Best: 200000  Loss: 0.156940 Regul: 0.006674 Obj: 0.163614 (0.163614)  NNZ: 13 (13)  Ttime: 1.3971 Vtime: 0.0513
Stat: nPR #88 (#104) Dim/MaxDim [704/640] AUC: 0.970756 FPR95: 16.39
Best: 300000  Loss: 0.147961 Regul: 0.005715 Obj: 0.153676 (0.153676)  NNZ: 12 (12)  Ttime: 1.3955 Vtime: 0.0514
Stat: nPR #68 (#96) Dim/MaxDim [544/640] AUC: 0.964729 FPR95: 20.23 [saved]
Best: 400000  Loss: 0.130579 Regul: 0.004765 Obj: 0.135344 (0.135344)  NNZ: 11 (11)  Ttime: 1.3953 Vtime: 0.0513
Stat: nPR #80 (#88) Dim/MaxDim [640/640] AUC: 0.964619 FPR95: 20.30 [saved]
Best: 500000  Loss: 0.080238 Regul: 0.002298 Obj: 0.082537 (0.082537)  NNZ: 8 (8)  Ttime: 1.3961 Vtime: 0.0511
Stat: nPR #60 (#64) Dim/MaxDim [480/640] AUC: 0.971810 FPR95: 15.49 [saved]
Step: 600000  Loss: 0.081030 Regul: 0.002613 Obj: 0.083643 (0.082537)  NNZ: 11 (8)  Ttime: 1.3983 Vtime: 0.0515
Step: 700000  Loss: 0.095429 Regul: 0.003180 Obj: 0.098609 (0.082537)  NNZ: 11 (8)  Ttime: 1.3927 Vtime: 0.0516
Step: 800000  Loss: 0.093155 Regul: 0.003209 Obj: 0.096364 (0.082537)  NNZ: 11 (8)  Ttime: 1.3937 Vtime: 0.0514
Step: 900000  Loss: 0.137859 Regul: 0.005229 Obj: 0.143088 (0.082537)  NNZ: 17 (8)  Ttime: 1.3977 Vtime: 0.0518
Step: 1000000  Loss: 0.104227 Regul: 0.004108 Obj: 0.108335 (0.082537)  NNZ: 12 (8)  Ttime: 1.3922 Vtime: 0.0525
Step: 1100000  Loss: 0.126936 Regul: 0.002911 Obj: 0.129847 (0.082537)  NNZ: 12 (8)  Ttime: 1.3959 Vtime: 0.0511
Step: 1200000  Loss: 0.173803 Regul: 0.005040 Obj: 0.178842 (0.082537)  NNZ: 16 (8)  Ttime: 1.3930 Vtime: 0.0515
Best: 1300000  Loss: 0.078431 Regul: 0.002137 Obj: 0.080568 (0.080568)  NNZ: 11 (11)  Ttime: 1.3926 Vtime: 0.0512
Stat: nPR #80 (#88) Dim/MaxDim [640/640] AUC: 0.970691 FPR95: 16.54 [saved]
Step: 1400000  Loss: 0.139666 Regul: 0.004750 Obj: 0.144416 (0.080568)  NNZ: 18 (11)  Ttime: 1.3934 Vtime: 0.0514
Step: 1500000  Loss: 0.114180 Regul: 0.004754 Obj: 0.118934 (0.080568)  NNZ: 21 (11)  Ttime: 1.3978 Vtime: 0.0514
Step: 1600000  Loss: 0.118694 Regul: 0.004016 Obj: 0.122709 (0.080568)  NNZ: 13 (11)  Ttime: 1.3982 Vtime: 0.0516
Step: 1700000  Loss: 0.098500 Regul: 0.002911 Obj: 0.101411 (0.080568)  NNZ: 13 (11)  Ttime: 1.3922 Vtime: 0.0518
Step: 1800000  Loss: 0.134415 Regul: 0.003975 Obj: 0.138390 (0.080568)  NNZ: 15 (11)  Ttime: 1.3941 Vtime: 0.0518
Step: 1900000  Loss: 0.080976 Regul: 0.002198 Obj: 0.083173 (0.080568)  NNZ: 12 (11)  Ttime: 1.3961 Vtime: 0.0520
Step: 2000000  Loss: 0.080069 Regul: 0.001686 Obj: 0.081755 (0.080568)  NNZ: 7 (11)  Ttime: 1.3968 Vtime: 0.0514
Step: 2100000  Loss: 0.091503 Regul: 0.003302 Obj: 0.094805 (0.080568)  NNZ: 15 (11)  Ttime: 1.3920 Vtime: 0.0508
Step: 2200000  Loss: 0.084762 Regul: 0.002067 Obj: 0.086829 (0.080568)  NNZ: 13 (11)  Ttime: 1.3941 Vtime: 0.0516
Best: 2300000  Loss: 0.078186 Regul: 0.002096 Obj: 0.080282 (0.080282)  NNZ: 8 (8)  Ttime: 1.3962 Vtime: 0.0511
Stat: nPR #64 (#64) Dim/MaxDim [512/640] AUC: 0.971136 FPR95: 15.74 [saved]
Step: 2400000  Loss: 0.078795 Regul: 0.002375 Obj: 0.081170 (0.080282)  NNZ: 10 (8)  Ttime: 1.3959 Vtime: 0.0522
Step: 2500000  Loss: 0.084623 Regul: 0.002734 Obj: 0.087357 (0.080282)  NNZ: 14 (8)  Ttime: 1.4031 Vtime: 0.0510
Step: 2600000  Loss: 0.078878 Regul: 0.002500 Obj: 0.081378 (0.080282)  NNZ: 17 (8)  Ttime: 1.3994 Vtime: 0.0520
Step: 2700000  Loss: 0.112084 Regul: 0.004686 Obj: 0.116770 (0.080282)  NNZ: 17 (8)  Ttime: 1.3981 Vtime: 0.0516
Best: 2800000  Loss: 0.075634 Regul: 0.001896 Obj: 0.077531 (0.077531)  NNZ: 16 (16)  Ttime: 1.3962 Vtime: 0.0512
Stat: nPR #104 (#128) Dim/MaxDim [832/640] AUC: 0.971635 FPR95: 15.55
Step: 2900000  Loss: 0.100341 Regul: 0.003745 Obj: 0.104087 (0.077531)  NNZ: 16 (16)  Ttime: 1.3936 Vtime: 0.0524
Step: 3000000  Loss: 0.109425 Regul: 0.003203 Obj: 0.112628 (0.077531)  NNZ: 14 (16)  Ttime: 1.3988 Vtime: 0.0514
Step: 3100000  Loss: 0.088610 Regul: 0.002375 Obj: 0.090985 (0.077531)  NNZ: 13 (16)  Ttime: 1.3970 Vtime: 0.0518
Step: 3200000  Loss: 0.086219 Regul: 0.002257 Obj: 0.088477 (0.077531)  NNZ: 11 (16)  Ttime: 1.4044 Vtime: 0.0513
Step: 3300000  Loss: 0.083921 Regul: 0.002302 Obj: 0.086223 (0.077531)  NNZ: 12 (16)  Ttime: 1.4032 Vtime: 0.0517
Best: 3400000  Loss: 0.074996 Regul: 0.001942 Obj: 0.076938 (0.076938)  NNZ: 13 (13)  Ttime: 1.4023 Vtime: 0.0513
Stat: nPR #84 (#104) Dim/MaxDim [672/640] AUC: 0.971654 FPR95: 15.55
Step: 3500000  Loss: 0.141962 Regul: 0.002977 Obj: 0.144939 (0.076938)  NNZ: 14 (13)  Ttime: 1.4051 Vtime: 0.0519
Step: 3600000  Loss: 0.097892 Regul: 0.002638 Obj: 0.100531 (0.076938)  NNZ: 14 (13)  Ttime: 1.4034 Vtime: 0.0517
Step: 3700000  Loss: 0.090957 Regul: 0.002075 Obj: 0.093033 (0.076938)  NNZ: 13 (13)  Ttime: 1.4030 Vtime: 0.0516
Step: 3800000  Loss: 0.090256 Regul: 0.003186 Obj: 0.093442 (0.076938)  NNZ: 15 (13)  Ttime: 1.4043 Vtime: 0.0513
Step: 3900000  Loss: 0.080221 Regul: 0.001477 Obj: 0.081698 (0.076938)  NNZ: 7 (13)  Ttime: 1.4006 Vtime: 0.0513
Step: 4000000  Loss: 0.108695 Regul: 0.000833 Obj: 0.109527 (0.076938)  NNZ: 7 (13)  Ttime: 1.4039 Vtime: 0.0514
Step: 4100000  Loss: 0.114535 Regul: 0.004569 Obj: 0.119104 (0.076938)  NNZ: 23 (13)  Ttime: 1.4033 Vtime: 0.0519
Step: 4200000  Loss: 0.087443 Regul: 0.002806 Obj: 0.090249 (0.076938)  NNZ: 15 (13)  Ttime: 1.4007 Vtime: 0.0514
Step: 4300000  Loss: 0.086876 Regul: 0.003333 Obj: 0.090209 (0.076938)  NNZ: 18 (13)  Ttime: 1.4016 Vtime: 0.0511
Step: 4400000  Loss: 0.078659 Regul: 0.002234 Obj: 0.080893 (0.076938)  NNZ: 14 (13)  Ttime: 1.4022 Vtime: 0.0517
Step: 4500000  Loss: 0.088766 Regul: 0.001270 Obj: 0.090036 (0.076938)  NNZ: 6 (13)  Ttime: 1.4022 Vtime: 0.0521
Step: 4600000  Loss: 0.086209 Regul: 0.002096 Obj: 0.088305 (0.076938)  NNZ: 13 (13)  Ttime: 1.4034 Vtime: 0.0511
Step: 4700000  Loss: 0.093491 Regul: 0.002612 Obj: 0.096103 (0.076938)  NNZ: 12 (13)  Ttime: 1.4024 Vtime: 0.0507
Step: 4800000  Loss: 0.084393 Regul: 0.001745 Obj: 0.086138 (0.076938)  NNZ: 12 (13)  Ttime: 1.4042 Vtime: 0.0518
Step: 4900000  Loss: 0.082540 Regul: 0.002549 Obj: 0.085089 (0.076938)  NNZ: 15 (13)  Ttime: 1.4011 Vtime: 0.0517
Step: 5000000  Loss: 0.091894 Regul: 0.001988 Obj: 0.093882 (0.076938)  NNZ: 11 (13)  Ttime: 1.4014 Vtime: 0.0510
Step: 5100000  Loss: 0.105526 Regul: 0.003225 Obj: 0.108752 (0.076938)  NNZ: 20 (13)  Ttime: 1.4024 Vtime: 0.0511
Step: 5200000  Loss: 0.080795 Regul: 0.001465 Obj: 0.082260 (0.076938)  NNZ: 12 (13)  Ttime: 1.4051 Vtime: 0.0520
Step: 5300000  Loss: 0.083521 Regul: 0.001938 Obj: 0.085459 (0.076938)  NNZ: 10 (13)  Ttime: 1.4009 Vtime: 0.0509
Step: 5400000  Loss: 0.087301 Regul: 0.002534 Obj: 0.089835 (0.076938)  NNZ: 14 (13)  Ttime: 1.4275 Vtime: 0.0513
Step: 5500000  Loss: 0.087374 Regul: 0.001626 Obj: 0.089000 (0.076938)  NNZ: 11 (13)  Ttime: 1.4002 Vtime: 0.0511
Step: 5600000  Loss: 0.085423 Regul: 0.002427 Obj: 0.087850 (0.076938)  NNZ: 11 (13)  Ttime: 1.4012 Vtime: 0.0513
Step: 5700000  Loss: 0.088254 Regul: 0.003437 Obj: 0.091691 (0.076938)  NNZ: 22 (13)  Ttime: 1.4027 Vtime: 0.0521
Step: 5800000  Loss: 0.085500 Regul: 0.002595 Obj: 0.088095 (0.076938)  NNZ: 15 (13)  Ttime: 1.4006 Vtime: 0.0512
Step: 5900000  Loss: 0.090477 Regul: 0.001479 Obj: 0.091956 (0.076938)  NNZ: 9 (13)  Ttime: 1.4056 Vtime: 0.0512
Step: 6000000  Loss: 0.082460 Regul: 0.001745 Obj: 0.084205 (0.076938)  NNZ: 10 (13)  Ttime: 1.4002 Vtime: 0.0514
Step: 6100000  Loss: 0.088399 Regul: 0.001998 Obj: 0.090397 (0.076938)  NNZ: 10 (13)  Ttime: 1.4032 Vtime: 0.0512
Step: 6200000  Loss: 0.079541 Regul: 0.001797 Obj: 0.081338 (0.076938)  NNZ: 14 (13)  Ttime: 1.4007 Vtime: 0.0524
Step: 6300000  Loss: 0.079886 Regul: 0.001085 Obj: 0.080971 (0.076938)  NNZ: 10 (13)  Ttime: 1.4006 Vtime: 0.0523
Step: 6400000  Loss: 0.078153 Regul: 0.002117 Obj: 0.080270 (0.076938)  NNZ: 14 (13)  Ttime: 1.4059 Vtime: 0.0513
Step: 6500000  Loss: 0.086310 Regul: 0.001795 Obj: 0.088105 (0.076938)  NNZ: 11 (13)  Ttime: 1.4051 Vtime: 0.0515
Step: 6600000  Loss: 0.087363 Regul: 0.002770 Obj: 0.090133 (0.076938)  NNZ: 14 (13)  Ttime: 1.4041 Vtime: 0.0514
Step: 6700000  Loss: 0.104025 Regul: 0.002472 Obj: 0.106497 (0.076938)  NNZ: 12 (13)  Ttime: 1.4049 Vtime: 0.0512
Step: 6800000  Loss: 0.075565 Regul: 0.001999 Obj: 0.077564 (0.076938)  NNZ: 16 (13)  Ttime: 1.4019 Vtime: 0.0514
Step: 6900000  Loss: 0.080192 Regul: 0.002259 Obj: 0.082450 (0.076938)  NNZ: 13 (13)  Ttime: 1.4020 Vtime: 0.0517
Step: 7000000  Loss: 0.087370 Regul: 0.002334 Obj: 0.089705 (0.076938)  NNZ: 12 (13)  Ttime: 1.4013 Vtime: 0.0514
Step: 7100000  Loss: 0.107653 Regul: 0.002867 Obj: 0.110521 (0.076938)  NNZ: 13 (13)  Ttime: 1.4004 Vtime: 0.0519
Step: 7200000  Loss: 0.088166 Regul: 0.002947 Obj: 0.091113 (0.076938)  NNZ: 18 (13)  Ttime: 1.4010 Vtime: 0.0511
Step: 7300000  Loss: 0.087126 Regul: 0.003223 Obj: 0.090350 (0.076938)  NNZ: 19 (13)  Ttime: 1.4001 Vtime: 0.0516
Step: 7400000  Loss: 0.085932 Regul: 0.002649 Obj: 0.088581 (0.076938)  NNZ: 16 (13)  Ttime: 1.4017 Vtime: 0.0510
Step: 7500000  Loss: 0.098141 Regul: 0.002500 Obj: 0.100641 (0.076938)  NNZ: 15 (13)  Ttime: 1.4019 Vtime: 0.0520
Best: 7600000  Loss: 0.074832 Regul: 0.002077 Obj: 0.076910 (0.076910)  NNZ: 18 (18)  Ttime: 1.4023 Vtime: 0.0512
Stat: nPR #116 (#144) Dim/MaxDim [928/640] AUC: 0.972330 FPR95: 15.04
Step: 7700000  Loss: 0.085006 Regul: 0.002846 Obj: 0.087852 (0.076910)  NNZ: 17 (18)  Ttime: 1.3997 Vtime: 0.0517
Step: 7800000  Loss: 0.081734 Regul: 0.002148 Obj: 0.083882 (0.076910)  NNZ: 12 (18)  Ttime: 1.4036 Vtime: 0.0514
Step: 7900000  Loss: 0.097273 Regul: 0.003222 Obj: 0.100495 (0.076910)  NNZ: 18 (18)  Ttime: 1.4005 Vtime: 0.0515
Step: 8000000  Loss: 0.084028 Regul: 0.002630 Obj: 0.086658 (0.076910)  NNZ: 13 (18)  Ttime: 1.4002 Vtime: 0.0517
Step: 8100000  Loss: 0.092100 Regul: 0.003475 Obj: 0.095575 (0.076910)  NNZ: 18 (18)  Ttime: 1.4032 Vtime: 0.0520
Step: 8200000  Loss: 0.087431 Regul: 0.002300 Obj: 0.089731 (0.076910)  NNZ: 15 (18)  Ttime: 1.3991 Vtime: 0.0514
Best: 8300000  Loss: 0.073526 Regul: 0.001614 Obj: 0.075141 (0.075141)  NNZ: 14 (14)  Ttime: 1.4011 Vtime: 0.0519
Stat: nPR #100 (#112) Dim/MaxDim [800/640] AUC: 0.971749 FPR95: 15.75
Step: 8400000  Loss: 0.076215 Regul: 0.001927 Obj: 0.078141 (0.075141)  NNZ: 13 (14)  Ttime: 1.4081 Vtime: 0.0512
Step: 8500000  Loss: 0.117826 Regul: 0.003717 Obj: 0.121543 (0.075141)  NNZ: 20 (14)  Ttime: 1.4000 Vtime: 0.0516
Step: 8600000  Loss: 0.083156 Regul: 0.002117 Obj: 0.085273 (0.075141)  NNZ: 14 (14)  Ttime: 1.4044 Vtime: 0.0520
Step: 8700000  Loss: 0.081496 Regul: 0.002419 Obj: 0.083915 (0.075141)  NNZ: 17 (14)  Ttime: 1.4018 Vtime: 0.0515
Step: 8800000  Loss: 0.077905 Regul: 0.002434 Obj: 0.080339 (0.075141)  NNZ: 15 (14)  Ttime: 1.4007 Vtime: 0.0518
Step: 8900000  Loss: 0.078322 Regul: 0.002357 Obj: 0.080679 (0.075141)  NNZ: 14 (14)  Ttime: 1.3998 Vtime: 0.0509
Step: 9000000  Loss: 0.119990 Regul: 0.002361 Obj: 0.122351 (0.075141)  NNZ: 17 (14)  Ttime: 1.4033 Vtime: 0.0530
Step: 9100000  Loss: 0.086469 Regul: 0.002665 Obj: 0.089134 (0.075141)  NNZ: 16 (14)  Ttime: 1.4025 Vtime: 0.0518
Step: 9200000  Loss: 0.087895 Regul: 0.002761 Obj: 0.090656 (0.075141)  NNZ: 18 (14)  Ttime: 1.4015 Vtime: 0.0518
Step: 9300000  Loss: 0.085080 Regul: 0.001883 Obj: 0.086963 (0.075141)  NNZ: 9 (14)  Ttime: 1.4014 Vtime: 0.0517
Step: 9400000  Loss: 0.082560 Regul: 0.002788 Obj: 0.085349 (0.075141)  NNZ: 20 (14)  Ttime: 1.4010 Vtime: 0.0515
Step: 9500000  Loss: 0.085062 Regul: 0.002553 Obj: 0.087616 (0.075141)  NNZ: 16 (14)  Ttime: 1.4103 Vtime: 0.0518
Step: 9600000  Loss: 0.076993 Regul: 0.001932 Obj: 0.078925 (0.075141)  NNZ: 11 (14)  Ttime: 1.4030 Vtime: 0.0513
Step: 9700000  Loss: 0.075965 Regul: 0.001263 Obj: 0.077228 (0.075141)  NNZ: 10 (14)  Ttime: 1.4013 Vtime: 0.0516
Step: 9800000  Loss: 0.080563 Regul: 0.002665 Obj: 0.083229 (0.075141)  NNZ: 17 (14)  Ttime: 1.4005 Vtime: 0.0506
Step: 9900000  Loss: 0.098398 Regul: 0.001741 Obj: 0.100139 (0.075141)  NNZ: 10 (14)  Ttime: 1.4015 Vtime: 0.0525
Step: 10000000  Loss: 0.082635 Regul: 0.001949 Obj: 0.084583 (0.075141)  NNZ: 10 (14)  Ttime: 1.4006 Vtime: 0.0523
Step: 10100000  Loss: 0.082986 Regul: 0.002207 Obj: 0.085193 (0.075141)  NNZ: 13 (14)  Ttime: 1.4024 Vtime: 0.0517
Step: 10200000  Loss: 0.074726 Regul: 0.001827 Obj: 0.076553 (0.075141)  NNZ: 14 (14)  Ttime: 1.4019 Vtime: 0.0510
Step: 10300000  Loss: 0.075613 Regul: 0.001996 Obj: 0.077609 (0.075141)  NNZ: 14 (14)  Ttime: 1.4015 Vtime: 0.0509
Step: 10400000  Loss: 0.079608 Regul: 0.001704 Obj: 0.081312 (0.075141)  NNZ: 11 (14)  Ttime: 1.4049 Vtime: 0.0516
Step: 10500000  Loss: 0.081409 Regul: 0.002304 Obj: 0.083712 (0.075141)  NNZ: 15 (14)  Ttime: 1.4015 Vtime: 0.0510
Step: 10600000  Loss: 0.090632 Regul: 0.001933 Obj: 0.092565 (0.075141)  NNZ: 14 (14)  Ttime: 1.4019 Vtime: 0.0516
Step: 10700000  Loss: 0.083261 Regul: 0.002716 Obj: 0.085977 (0.075141)  NNZ: 19 (14)  Ttime: 1.4015 Vtime: 0.0511
Step: 10800000  Loss: 0.075646 Regul: 0.002335 Obj: 0.077981 (0.075141)  NNZ: 20 (14)  Ttime: 1.4030 Vtime: 0.0518
Step: 10900000  Loss: 0.097244 Regul: 0.002606 Obj: 0.099850 (0.075141)  NNZ: 14 (14)  Ttime: 1.4076 Vtime: 0.0516
Step: 11000000  Loss: 0.084886 Regul: 0.002543 Obj: 0.087429 (0.075141)  NNZ: 13 (14)  Ttime: 1.4008 Vtime: 0.0517
Step: 11100000  Loss: 0.078550 Regul: 0.002085 Obj: 0.080635 (0.075141)  NNZ: 15 (14)  Ttime: 1.4043 Vtime: 0.0514
Step: 11200000  Loss: 0.079746 Regul: 0.002118 Obj: 0.081864 (0.075141)  NNZ: 15 (14)  Ttime: 1.4000 Vtime: 0.0509
Best: 11300000  Loss: 0.071239 Regul: 0.001517 Obj: 0.072756 (0.072756)  NNZ: 12 (12)  Ttime: 1.4049 Vtime: 0.0521
Stat: nPR #76 (#96) Dim/MaxDim [608/640] AUC: 0.972481 FPR95: 15.02 [saved]
Step: 11400000  Loss: 0.080175 Regul: 0.001750 Obj: 0.081925 (0.072756)  NNZ: 11 (12)  Ttime: 1.4025 Vtime: 0.0516
Step: 11500000  Loss: 0.074008 Regul: 0.001632 Obj: 0.075639 (0.072756)  NNZ: 16 (12)  Ttime: 1.4026 Vtime: 0.0511
Step: 11600000  Loss: 0.073526 Regul: 0.001645 Obj: 0.075170 (0.072756)  NNZ: 14 (12)  Ttime: 1.4000 Vtime: 0.0521
Step: 11700000  Loss: 0.085276 Regul: 0.002975 Obj: 0.088250 (0.072756)  NNZ: 20 (12)  Ttime: 1.4004 Vtime: 0.0516
Step: 11800000  Loss: 0.079423 Regul: 0.002207 Obj: 0.081629 (0.072756)  NNZ: 15 (12)  Ttime: 1.4012 Vtime: 0.0520
Step: 11900000  Loss: 0.078617 Regul: 0.002249 Obj: 0.080866 (0.072756)  NNZ: 12 (12)  Ttime: 1.4009 Vtime: 0.0511
Step: 12000000  Loss: 0.090051 Regul: 0.002463 Obj: 0.092514 (0.072756)  NNZ: 18 (12)  Ttime: 1.4007 Vtime: 0.0517
Step: 12100000  Loss: 0.083231 Regul: 0.002214 Obj: 0.085445 (0.072756)  NNZ: 15 (12)  Ttime: 1.3999 Vtime: 0.0524
Step: 12200000  Loss: 0.087924 Regul: 0.002840 Obj: 0.090764 (0.072756)  NNZ: 19 (12)  Ttime: 1.4009 Vtime: 0.0515
Step: 12300000  Loss: 0.076308 Regul: 0.002166 Obj: 0.078474 (0.072756)  NNZ: 18 (12)  Ttime: 1.3990 Vtime: 0.0514
Step: 12400000  Loss: 0.075050 Regul: 0.001746 Obj: 0.076796 (0.072756)  NNZ: 12 (12)  Ttime: 1.4001 Vtime: 0.0515
Step: 12500000  Loss: 0.073097 Regul: 0.001938 Obj: 0.075035 (0.072756)  NNZ: 15 (12)  Ttime: 1.4009 Vtime: 0.0515
Step: 12600000  Loss: 0.078728 Regul: 0.002415 Obj: 0.081143 (0.072756)  NNZ: 14 (12)  Ttime: 1.4012 Vtime: 0.0514
Step: 12700000  Loss: 0.074939 Regul: 0.002042 Obj: 0.076981 (0.072756)  NNZ: 14 (12)  Ttime: 1.3999 Vtime: 0.0518
Step: 12800000  Loss: 0.076064 Regul: 0.002141 Obj: 0.078205 (0.072756)  NNZ: 14 (12)  Ttime: 1.4006 Vtime: 0.0518
Step: 12900000  Loss: 0.079221 Regul: 0.002152 Obj: 0.081373 (0.072756)  NNZ: 18 (12)  Ttime: 1.4012 Vtime: 0.0514
Step: 13000000  Loss: 0.088877 Regul: 0.001697 Obj: 0.090573 (0.072756)  NNZ: 11 (12)  Ttime: 1.4005 Vtime: 0.0520
Step: 13100000  Loss: 0.078739 Regul: 0.001799 Obj: 0.080538 (0.072756)  NNZ: 14 (12)  Ttime: 1.4022 Vtime: 0.0511
Step: 13200000  Loss: 0.077655 Regul: 0.002224 Obj: 0.079879 (0.072756)  NNZ: 17 (12)  Ttime: 1.4017 Vtime: 0.0511
Step: 13300000  Loss: 0.072441 Regul: 0.001307 Obj: 0.073748 (0.072756)  NNZ: 11 (12)  Ttime: 1.3993 Vtime: 0.0511
Step: 13400000  Loss: 0.081656 Regul: 0.002112 Obj: 0.083768 (0.072756)  NNZ: 17 (12)  Ttime: 1.4002 Vtime: 0.0513
Step: 13500000  Loss: 0.083999 Regul: 0.002099 Obj: 0.086097 (0.072756)  NNZ: 16 (12)  Ttime: 1.4006 Vtime: 0.0517
Step: 13600000  Loss: 0.083569 Regul: 0.002406 Obj: 0.085976 (0.072756)  NNZ: 15 (12)  Ttime: 1.4030 Vtime: 0.0517
Step: 13700000  Loss: 0.083362 Regul: 0.002463 Obj: 0.085825 (0.072756)  NNZ: 16 (12)  Ttime: 1.4016 Vtime: 0.0514
Step: 13800000  Loss: 0.075708 Regul: 0.001766 Obj: 0.077474 (0.072756)  NNZ: 13 (12)  Ttime: 1.4060 Vtime: 0.0513
Step: 13900000  Loss: 0.077834 Regul: 0.002506 Obj: 0.080340 (0.072756)  NNZ: 15 (12)  Ttime: 1.3990 Vtime: 0.0506
Step: 14000000  Loss: 0.080743 Regul: 0.002509 Obj: 0.083252 (0.072756)  NNZ: 16 (12)  Ttime: 1.4008 Vtime: 0.0514
Step: 14100000  Loss: 0.080179 Regul: 0.002559 Obj: 0.082738 (0.072756)  NNZ: 15 (12)  Ttime: 1.4038 Vtime: 0.0514
Step: 14200000  Loss: 0.088822 Regul: 0.002651 Obj: 0.091473 (0.072756)  NNZ: 18 (12)  Ttime: 1.3993 Vtime: 0.0511
Step: 14300000  Loss: 0.078741 Regul: 0.002251 Obj: 0.080993 (0.072756)  NNZ: 18 (12)  Ttime: 1.4029 Vtime: 0.0508
Step: 14400000  Loss: 0.076887 Regul: 0.002187 Obj: 0.079074 (0.072756)  NNZ: 17 (12)  Ttime: 1.4007 Vtime: 0.0518
Step: 14500000  Loss: 0.087776 Regul: 0.003425 Obj: 0.091201 (0.072756)  NNZ: 27 (12)  Ttime: 1.4033 Vtime: 0.0516
Step: 14600000  Loss: 0.082362 Regul: 0.002393 Obj: 0.084755 (0.072756)  NNZ: 18 (12)  Ttime: 1.4026 Vtime: 0.0515
Step: 14700000  Loss: 0.072834 Regul: 0.001715 Obj: 0.074549 (0.072756)  NNZ: 19 (12)  Ttime: 1.4024 Vtime: 0.0519
Step: 14800000  Loss: 0.075382 Regul: 0.001548 Obj: 0.076930 (0.072756)  NNZ: 15 (12)  Ttime: 1.4034 Vtime: 0.0512
Step: 14900000  Loss: 0.077297 Regul: 0.002492 Obj: 0.079789 (0.072756)  NNZ: 18 (12)  Ttime: 1.4033 Vtime: 0.0517
Step: 15000000  Loss: 0.080091 Regul: 0.001985 Obj: 0.082075 (0.072756)  NNZ: 15 (12)  Ttime: 1.4024 Vtime: 0.0522
Step: 15100000  Loss: 0.082618 Regul: 0.002604 Obj: 0.085222 (0.072756)  NNZ: 19 (12)  Ttime: 1.4040 Vtime: 0.0516
Step: 15200000  Loss: 0.079706 Regul: 0.002300 Obj: 0.082006 (0.072756)  NNZ: 15 (12)  Ttime: 1.3994 Vtime: 0.0513
Step: 15300000  Loss: 0.074884 Regul: 0.001650 Obj: 0.076535 (0.072756)  NNZ: 15 (12)  Ttime: 1.4036 Vtime: 0.0511
Step: 15400000  Loss: 0.076533 Regul: 0.002295 Obj: 0.078828 (0.072756)  NNZ: 17 (12)  Ttime: 1.4015 Vtime: 0.0516
Step: 15500000  Loss: 0.082594 Regul: 0.002747 Obj: 0.085341 (0.072756)  NNZ: 19 (12)  Ttime: 1.4013 Vtime: 0.0509
Step: 15600000  Loss: 0.079051 Regul: 0.002259 Obj: 0.081310 (0.072756)  NNZ: 15 (12)  Ttime: 1.4017 Vtime: 0.0513
Step: 15700000  Loss: 0.074998 Regul: 0.002033 Obj: 0.077031 (0.072756)  NNZ: 13 (12)  Ttime: 1.4034 Vtime: 0.0519
Step: 15800000  Loss: 0.080560 Regul: 0.001727 Obj: 0.082287 (0.072756)  NNZ: 16 (12)  Ttime: 1.3996 Vtime: 0.0511
Step: 15900000  Loss: 0.075125 Regul: 0.002032 Obj: 0.077157 (0.072756)  NNZ: 14 (12)  Ttime: 1.4022 Vtime: 0.0511
Step: 16000000  Loss: 0.079119 Regul: 0.002163 Obj: 0.081281 (0.072756)  NNZ: 19 (12)  Ttime: 1.3998 Vtime: 0.0521
Step: 16100000  Loss: 0.100945 Regul: 0.002891 Obj: 0.103836 (0.072756)  NNZ: 21 (12)  Ttime: 1.4004 Vtime: 0.0518
Step: 16200000  Loss: 0.080447 Regul: 0.002494 Obj: 0.082941 (0.072756)  NNZ: 14 (12)  Ttime: 1.4004 Vtime: 0.0512
Step: 16300000  Loss: 0.078806 Regul: 0.002290 Obj: 0.081095 (0.072756)  NNZ: 15 (12)  Ttime: 1.4057 Vtime: 0.0514
Step: 16400000  Loss: 0.077611 Regul: 0.001878 Obj: 0.079489 (0.072756)  NNZ: 16 (12)  Ttime: 1.4014 Vtime: 0.0518
Step: 16500000  Loss: 0.074898 Regul: 0.001954 Obj: 0.076851 (0.072756)  NNZ: 14 (12)  Ttime: 1.4020 Vtime: 0.0522
Step: 16600000  Loss: 0.078224 Regul: 0.002581 Obj: 0.080805 (0.072756)  NNZ: 18 (12)  Ttime: 1.4027 Vtime: 0.0515
Step: 16700000  Loss: 0.075774 Regul: 0.001644 Obj: 0.077418 (0.072756)  NNZ: 12 (12)  Ttime: 1.4000 Vtime: 0.0523
Step: 16800000  Loss: 0.076916 Regul: 0.002063 Obj: 0.078979 (0.072756)  NNZ: 14 (12)  Ttime: 1.4014 Vtime: 0.0514
Step: 16900000  Loss: 0.079278 Regul: 0.002502 Obj: 0.081780 (0.072756)  NNZ: 17 (12)  Ttime: 1.4007 Vtime: 0.0512
Step: 17000000  Loss: 0.074512 Regul: 0.001819 Obj: 0.076331 (0.072756)  NNZ: 13 (12)  Ttime: 1.4019 Vtime: 0.0518
Step: 17100000  Loss: 0.080705 Regul: 0.001699 Obj: 0.082404 (0.072756)  NNZ: 16 (12)  Ttime: 1.4054 Vtime: 0.0519
Step: 17200000  Loss: 0.080184 Regul: 0.002357 Obj: 0.082541 (0.072756)  NNZ: 18 (12)  Ttime: 1.4034 Vtime: 0.0518
Step: 17300000  Loss: 0.089523 Regul: 0.002997 Obj: 0.092520 (0.072756)  NNZ: 25 (12)  Ttime: 1.4022 Vtime: 0.0518
Step: 17400000  Loss: 0.106155 Regul: 0.002534 Obj: 0.108689 (0.072756)  NNZ: 18 (12)  Ttime: 1.4033 Vtime: 0.0510
Step: 17500000  Loss: 0.074574 Regul: 0.001896 Obj: 0.076470 (0.072756)  NNZ: 16 (12)  Ttime: 1.4012 Vtime: 0.0511
Step: 17600000  Loss: 0.082497 Regul: 0.001858 Obj: 0.084355 (0.072756)  NNZ: 18 (12)  Ttime: 1.4058 Vtime: 0.0512
Step: 17700000  Loss: 0.080049 Regul: 0.001557 Obj: 0.081606 (0.072756)  NNZ: 14 (12)  Ttime: 1.3997 Vtime: 0.0511
Step: 17800000  Loss: 0.073913 Regul: 0.001996 Obj: 0.075909 (0.072756)  NNZ: 16 (12)  Ttime: 1.4017 Vtime: 0.0513
Step: 17900000  Loss: 0.083949 Regul: 0.002638 Obj: 0.086587 (0.072756)  NNZ: 15 (12)  Ttime: 1.4024 Vtime: 0.0518
Step: 18000000  Loss: 0.078389 Regul: 0.002286 Obj: 0.080675 (0.072756)  NNZ: 17 (12)  Ttime: 1.4079 Vtime: 0.0514
Step: 18100000  Loss: 0.077043 Regul: 0.002349 Obj: 0.079392 (0.072756)  NNZ: 14 (12)  Ttime: 1.4075 Vtime: 0.0510
Step: 18200000  Loss: 0.075609 Regul: 0.001728 Obj: 0.077337 (0.072756)  NNZ: 15 (12)  Ttime: 1.4006 Vtime: 0.0512
Step: 18300000  Loss: 0.076198 Regul: 0.002051 Obj: 0.078249 (0.072756)  NNZ: 16 (12)  Ttime: 1.4027 Vtime: 0.0516
Step: 18400000  Loss: 0.078613 Regul: 0.002103 Obj: 0.080715 (0.072756)  NNZ: 18 (12)  Ttime: 1.4067 Vtime: 0.0521
Step: 18500000  Loss: 0.079629 Regul: 0.001104 Obj: 0.080732 (0.072756)  NNZ: 12 (12)  Ttime: 1.4105 Vtime: 0.0507
Step: 18600000  Loss: 0.074129 Regul: 0.002050 Obj: 0.076179 (0.072756)  NNZ: 17 (12)  Ttime: 1.4056 Vtime: 0.0514
Step: 18700000  Loss: 0.081428 Regul: 0.002616 Obj: 0.084044 (0.072756)  NNZ: 15 (12)  Ttime: 1.3994 Vtime: 0.0520
Step: 18800000  Loss: 0.080250 Regul: 0.001995 Obj: 0.082245 (0.072756)  NNZ: 17 (12)  Ttime: 1.4069 Vtime: 0.0513
Step: 18900000  Loss: 0.079242 Regul: 0.001873 Obj: 0.081115 (0.072756)  NNZ: 13 (12)  Ttime: 1.4073 Vtime: 0.0516
Step: 19000000  Loss: 0.080218 Regul: 0.002155 Obj: 0.082373 (0.072756)  NNZ: 18 (12)  Ttime: 1.4059 Vtime: 0.0521
Step: 19100000  Loss: 0.083136 Regul: 0.002733 Obj: 0.085869 (0.072756)  NNZ: 20 (12)  Ttime: 1.4027 Vtime: 0.0512
Step: 19200000  Loss: 0.082373 Regul: 0.001466 Obj: 0.083839 (0.072756)  NNZ: 9 (12)  Ttime: 1.3993 Vtime: 0.0506
Step: 19300000  Loss: 0.079618 Regul: 0.001866 Obj: 0.081484 (0.072756)  NNZ: 15 (12)  Ttime: 1.4046 Vtime: 0.0512
Step: 19400000  Loss: 0.093362 Regul: 0.003459 Obj: 0.096821 (0.072756)  NNZ: 21 (12)  Ttime: 1.4012 Vtime: 0.0517
Step: 19500000  Loss: 0.081228 Regul: 0.002055 Obj: 0.083284 (0.072756)  NNZ: 17 (12)  Ttime: 1.4144 Vtime: 0.0518
Step: 19600000  Loss: 0.077725 Regul: 0.002183 Obj: 0.079908 (0.072756)  NNZ: 22 (12)  Ttime: 1.4011 Vtime: 0.0512
Step: 19700000  Loss: 0.077977 Regul: 0.002208 Obj: 0.080185 (0.072756)  NNZ: 15 (12)  Ttime: 1.4017 Vtime: 0.0523
Step: 19800000  Loss: 0.071797 Regul: 0.001634 Obj: 0.073430 (0.072756)  NNZ: 18 (12)  Ttime: 1.4013 Vtime: 0.0512
Step: 19900000  Loss: 0.073377 Regul: 0.001914 Obj: 0.075291 (0.072756)  NNZ: 20 (12)  Ttime: 1.4006 Vtime: 0.0525
Step: 20000000  Loss: 0.083253 Regul: 0.002098 Obj: 0.085351 (0.072756)  NNZ: 24 (12)  Ttime: 1.3998 Vtime: 0.0524
Step: 20100000  Loss: 0.075715 Regul: 0.001924 Obj: 0.077639 (0.072756)  NNZ: 14 (12)  Ttime: 1.4028 Vtime: 0.0525
Step: 20200000  Loss: 0.073166 Regul: 0.001651 Obj: 0.074817 (0.072756)  NNZ: 14 (12)  Ttime: 1.4013 Vtime: 0.0515
Step: 20300000  Loss: 0.083483 Regul: 0.002156 Obj: 0.085639 (0.072756)  NNZ: 17 (12)  Ttime: 1.4077 Vtime: 0.0516
Step: 20400000  Loss: 0.092265 Regul: 0.002043 Obj: 0.094307 (0.072756)  NNZ: 17 (12)  Ttime: 1.4006 Vtime: 0.0516
Step: 20500000  Loss: 0.076774 Regul: 0.002329 Obj: 0.079103 (0.072756)  NNZ: 16 (12)  Ttime: 1.4016 Vtime: 0.0516
Step: 20600000  Loss: 0.079388 Regul: 0.002120 Obj: 0.081509 (0.072756)  NNZ: 17 (12)  Ttime: 1.4021 Vtime: 0.0514
Step: 20700000  Loss: 0.076633 Regul: 0.001443 Obj: 0.078076 (0.072756)  NNZ: 15 (12)  Ttime: 1.4000 Vtime: 0.0518
Step: 20800000  Loss: 0.076235 Regul: 0.002031 Obj: 0.078266 (0.072756)  NNZ: 17 (12)  Ttime: 1.4088 Vtime: 0.0512
Step: 20900000  Loss: 0.077222 Regul: 0.001335 Obj: 0.078557 (0.072756)  NNZ: 14 (12)  Ttime: 1.4002 Vtime: 0.0515
Step: 21000000  Loss: 0.077302 Regul: 0.002076 Obj: 0.079378 (0.072756)  NNZ: 15 (12)  Ttime: 1.4091 Vtime: 0.0514
Step: 21100000  Loss: 0.075960 Regul: 0.001199 Obj: 0.077159 (0.072756)  NNZ: 13 (12)  Ttime: 1.4007 Vtime: 0.0512
Step: 21200000  Loss: 0.077187 Regul: 0.002066 Obj: 0.079254 (0.072756)  NNZ: 17 (12)  Ttime: 1.4029 Vtime: 0.0515
Step: 21300000  Loss: 0.077096 Regul: 0.001823 Obj: 0.078919 (0.072756)  NNZ: 14 (12)  Ttime: 1.4173 Vtime: 0.0510
Step: 21400000  Loss: 0.079893 Regul: 0.001933 Obj: 0.081826 (0.072756)  NNZ: 19 (12)  Ttime: 1.3994 Vtime: 0.0515
Step: 21500000  Loss: 0.074489 Regul: 0.001990 Obj: 0.076479 (0.072756)  NNZ: 16 (12)  Ttime: 1.4006 Vtime: 0.0519
Step: 21600000  Loss: 0.078726 Regul: 0.002190 Obj: 0.080916 (0.072756)  NNZ: 17 (12)  Ttime: 1.4033 Vtime: 0.0511
Step: 21700000  Loss: 0.072448 Regul: 0.001865 Obj: 0.074312 (0.072756)  NNZ: 16 (12)  Ttime: 1.4057 Vtime: 0.0524
Step: 21800000  Loss: 0.075664 Regul: 0.001735 Obj: 0.077399 (0.072756)  NNZ: 14 (12)  Ttime: 1.4056 Vtime: 0.0512
Step: 21900000  Loss: 0.082533 Regul: 0.002229 Obj: 0.084762 (0.072756)  NNZ: 15 (12)  Ttime: 1.4039 Vtime: 0.0514
Step: 22000000  Loss: 0.082644 Regul: 0.002581 Obj: 0.085225 (0.072756)  NNZ: 17 (12)  Ttime: 1.4046 Vtime: 0.0519
Step: 22100000  Loss: 0.073713 Regul: 0.001588 Obj: 0.075301 (0.072756)  NNZ: 18 (12)  Ttime: 1.4014 Vtime: 0.0515
Step: 22200000  Loss: 0.080205 Regul: 0.002055 Obj: 0.082260 (0.072756)  NNZ: 17 (12)  Ttime: 1.4024 Vtime: 0.0517
Step: 22300000  Loss: 0.088013 Regul: 0.001350 Obj: 0.089363 (0.072756)  NNZ: 16 (12)  Ttime: 1.4013 Vtime: 0.0510
Step: 22400000  Loss: 0.081422 Regul: 0.001728 Obj: 0.083150 (0.072756)  NNZ: 12 (12)  Ttime: 1.4025 Vtime: 0.0516
Step: 22500000  Loss: 0.097921 Regul: 0.001905 Obj: 0.099826 (0.072756)  NNZ: 17 (12)  Ttime: 1.4027 Vtime: 0.0515
Step: 22600000  Loss: 0.081111 Regul: 0.002059 Obj: 0.083170 (0.072756)  NNZ: 18 (12)  Ttime: 1.4015 Vtime: 0.0513
Step: 22700000  Loss: 0.073915 Regul: 0.001959 Obj: 0.075874 (0.072756)  NNZ: 16 (12)  Ttime: 1.4067 Vtime: 0.0519
Step: 22800000  Loss: 0.074738 Regul: 0.001732 Obj: 0.076470 (0.072756)  NNZ: 15 (12)  Ttime: 1.3994 Vtime: 0.0517
Step: 22900000  Loss: 0.074056 Regul: 0.002080 Obj: 0.076137 (0.072756)  NNZ: 14 (12)  Ttime: 1.4059 Vtime: 0.0514
Step: 23000000  Loss: 0.073637 Regul: 0.002216 Obj: 0.075853 (0.072756)  NNZ: 19 (12)  Ttime: 1.4026 Vtime: 0.0514
Step: 23100000  Loss: 0.081402 Regul: 0.001916 Obj: 0.083318 (0.072756)  NNZ: 16 (12)  Ttime: 1.4045 Vtime: 0.0515
Step: 23200000  Loss: 0.076599 Regul: 0.001164 Obj: 0.077763 (0.072756)  NNZ: 9 (12)  Ttime: 1.4019 Vtime: 0.0513
Step: 23300000  Loss: 0.080164 Regul: 0.001262 Obj: 0.081426 (0.072756)  NNZ: 12 (12)  Ttime: 1.4021 Vtime: 0.0511
Step: 23400000  Loss: 0.075961 Regul: 0.001589 Obj: 0.077550 (0.072756)  NNZ: 15 (12)  Ttime: 1.4180 Vtime: 0.0514
Step: 23500000  Loss: 0.081677 Regul: 0.001367 Obj: 0.083044 (0.072756)  NNZ: 12 (12)  Ttime: 1.4040 Vtime: 0.0511
Step: 23600000  Loss: 0.080291 Regul: 0.002300 Obj: 0.082591 (0.072756)  NNZ: 21 (12)  Ttime: 1.4032 Vtime: 0.0504
Step: 23700000  Loss: 0.075472 Regul: 0.001948 Obj: 0.077420 (0.072756)  NNZ: 18 (12)  Ttime: 1.4014 Vtime: 0.0518
Step: 23800000  Loss: 0.075590 Regul: 0.002091 Obj: 0.077680 (0.072756)  NNZ: 18 (12)  Ttime: 1.4010 Vtime: 0.0521
Step: 23900000  Loss: 0.077022 Regul: 0.001837 Obj: 0.078859 (0.072756)  NNZ: 17 (12)  Ttime: 1.4028 Vtime: 0.0513
Step: 24000000  Loss: 0.076295 Regul: 0.001694 Obj: 0.077989 (0.072756)  NNZ: 13 (12)  Ttime: 1.4072 Vtime: 0.0519
Step: 24100000  Loss: 0.079919 Regul: 0.002387 Obj: 0.082307 (0.072756)  NNZ: 18 (12)  Ttime: 1.4039 Vtime: 0.0515
Step: 24200000  Loss: 0.076900 Regul: 0.001751 Obj: 0.078651 (0.072756)  NNZ: 16 (12)  Ttime: 1.4040 Vtime: 0.0514
Step: 24300000  Loss: 0.094821 Regul: 0.001371 Obj: 0.096193 (0.072756)  NNZ: 12 (12)  Ttime: 1.4021 Vtime: 0.0517
Step: 24400000  Loss: 0.073829 Regul: 0.001485 Obj: 0.075314 (0.072756)  NNZ: 13 (12)  Ttime: 1.4056 Vtime: 0.0516
Step: 24500000  Loss: 0.080200 Regul: 0.001680 Obj: 0.081880 (0.072756)  NNZ: 15 (12)  Ttime: 1.4007 Vtime: 0.0514
Step: 24600000  Loss: 0.074959 Regul: 0.001877 Obj: 0.076837 (0.072756)  NNZ: 17 (12)  Ttime: 1.4019 Vtime: 0.0509
Step: 24700000  Loss: 0.076731 Regul: 0.001917 Obj: 0.078648 (0.072756)  NNZ: 16 (12)  Ttime: 1.4015 Vtime: 0.0507
Step: 24800000  Loss: 0.083500 Regul: 0.001715 Obj: 0.085215 (0.072756)  NNZ: 13 (12)  Ttime: 1.4019 Vtime: 0.0516
Step: 24900000  Loss: 0.078231 Regul: 0.002454 Obj: 0.080686 (0.072756)  NNZ: 16 (12)  Ttime: 1.4011 Vtime: 0.0521
Step: 25000000  Loss: 0.078464 Regul: 0.002643 Obj: 0.081107 (0.072756)  NNZ: 18 (12)  Ttime: 1.4035 Vtime: 0.0519
Step: 25100000  Loss: 0.075952 Regul: 0.002125 Obj: 0.078077 (0.072756)  NNZ: 21 (12)  Ttime: 1.3986 Vtime: 0.0513
Step: 25200000  Loss: 0.089240 Regul: 0.002490 Obj: 0.091730 (0.072756)  NNZ: 20 (12)  Ttime: 1.4008 Vtime: 0.0519
Step: 25300000  Loss: 0.082992 Regul: 0.002252 Obj: 0.085244 (0.072756)  NNZ: 17 (12)  Ttime: 1.4094 Vtime: 0.0515
Step: 25400000  Loss: 0.083804 Regul: 0.001523 Obj: 0.085327 (0.072756)  NNZ: 13 (12)  Ttime: 1.4022 Vtime: 0.0516
Step: 25500000  Loss: 0.080792 Regul: 0.001841 Obj: 0.082632 (0.072756)  NNZ: 15 (12)  Ttime: 1.4011 Vtime: 0.0512
Step: 25600000  Loss: 0.077881 Regul: 0.002235 Obj: 0.080116 (0.072756)  NNZ: 19 (12)  Ttime: 1.3983 Vtime: 0.0514
Step: 25700000  Loss: 0.074550 Regul: 0.001362 Obj: 0.075912 (0.072756)  NNZ: 15 (12)  Ttime: 1.4076 Vtime: 0.0518
Step: 25800000  Loss: 0.082436 Regul: 0.001982 Obj: 0.084418 (0.072756)  NNZ: 18 (12)  Ttime: 1.4014 Vtime: 0.0515
Step: 25900000  Loss: 0.078324 Regul: 0.002259 Obj: 0.080583 (0.072756)  NNZ: 17 (12)  Ttime: 1.4037 Vtime: 0.0510
Step: 26000000  Loss: 0.079936 Regul: 0.001830 Obj: 0.081766 (0.072756)  NNZ: 13 (12)  Ttime: 1.4006 Vtime: 0.0515
Step: 26100000  Loss: 0.076181 Regul: 0.002017 Obj: 0.078199 (0.072756)  NNZ: 21 (12)  Ttime: 1.4076 Vtime: 0.0513
Step: 26200000  Loss: 0.076745 Regul: 0.002261 Obj: 0.079006 (0.072756)  NNZ: 18 (12)  Ttime: 1.4023 Vtime: 0.0517
Step: 26300000  Loss: 0.073920 Regul: 0.001986 Obj: 0.075906 (0.072756)  NNZ: 16 (12)  Ttime: 1.4039 Vtime: 0.0518
Step: 26400000  Loss: 0.078086 Regul: 0.001607 Obj: 0.079694 (0.072756)  NNZ: 15 (12)  Ttime: 1.4025 Vtime: 0.0512
Step: 26500000  Loss: 0.073068 Regul: 0.001633 Obj: 0.074701 (0.072756)  NNZ: 16 (12)  Ttime: 1.4061 Vtime: 0.0518
Step: 26600000  Loss: 0.080857 Regul: 0.001766 Obj: 0.082623 (0.072756)  NNZ: 14 (12)  Ttime: 1.4045 Vtime: 0.0514
Step: 26700000  Loss: 0.074562 Regul: 0.001998 Obj: 0.076560 (0.072756)  NNZ: 16 (12)  Ttime: 1.4017 Vtime: 0.0516
Step: 26800000  Loss: 0.080546 Regul: 0.002648 Obj: 0.083194 (0.072756)  NNZ: 17 (12)  Ttime: 1.4022 Vtime: 0.0521
Step: 26900000  Loss: 0.073743 Regul: 0.001766 Obj: 0.075509 (0.072756)  NNZ: 16 (12)  Ttime: 1.4105 Vtime: 0.0516
Step: 27000000  Loss: 0.076269 Regul: 0.001624 Obj: 0.077893 (0.072756)  NNZ: 18 (12)  Ttime: 1.4033 Vtime: 0.0517
Step: 27100000  Loss: 0.073663 Regul: 0.001773 Obj: 0.075436 (0.072756)  NNZ: 17 (12)  Ttime: 1.4052 Vtime: 0.0514
Step: 27200000  Loss: 0.076790 Regul: 0.002314 Obj: 0.079104 (0.072756)  NNZ: 22 (12)  Ttime: 1.4014 Vtime: 0.0518
Step: 27300000  Loss: 0.086615 Regul: 0.003098 Obj: 0.089713 (0.072756)  NNZ: 26 (12)  Ttime: 1.4013 Vtime: 0.0510
Step: 27400000  Loss: 0.083654 Regul: 0.002294 Obj: 0.085948 (0.072756)  NNZ: 22 (12)  Ttime: 1.4000 Vtime: 0.0516
Step: 27500000  Loss: 0.078840 Regul: 0.001104 Obj: 0.079944 (0.072756)  NNZ: 13 (12)  Ttime: 1.3992 Vtime: 0.0525
Step: 27600000  Loss: 0.081374 Regul: 0.002308 Obj: 0.083682 (0.072756)  NNZ: 18 (12)  Ttime: 1.4025 Vtime: 0.0510
Step: 27700000  Loss: 0.086224 Regul: 0.002505 Obj: 0.088730 (0.072756)  NNZ: 26 (12)  Ttime: 1.4007 Vtime: 0.0523
Step: 27800000  Loss: 0.077501 Regul: 0.001968 Obj: 0.079469 (0.072756)  NNZ: 19 (12)  Ttime: 1.4034 Vtime: 0.0507
Step: 27900000  Loss: 0.075278 Regul: 0.001355 Obj: 0.076632 (0.072756)  NNZ: 12 (12)  Ttime: 1.3998 Vtime: 0.0510
Step: 28000000  Loss: 0.078171 Regul: 0.001800 Obj: 0.079972 (0.072756)  NNZ: 18 (12)  Ttime: 1.4052 Vtime: 0.0519
Step: 28100000  Loss: 0.073856 Regul: 0.001860 Obj: 0.075715 (0.072756)  NNZ: 21 (12)  Ttime: 1.4016 Vtime: 0.0514
Step: 28200000  Loss: 0.074236 Regul: 0.001845 Obj: 0.076081 (0.072756)  NNZ: 19 (12)  Ttime: 1.4005 Vtime: 0.0514
Step: 28300000  Loss: 0.091045 Regul: 0.000793 Obj: 0.091837 (0.072756)  NNZ: 9 (12)  Ttime: 1.4003 Vtime: 0.0511
Step: 28400000  Loss: 0.077050 Regul: 0.001796 Obj: 0.078847 (0.072756)  NNZ: 15 (12)  Ttime: 1.4015 Vtime: 0.0515
Step: 28500000  Loss: 0.080082 Regul: 0.001424 Obj: 0.081506 (0.072756)  NNZ: 12 (12)  Ttime: 1.4035 Vtime: 0.0519
Step: 28600000  Loss: 0.074207 Regul: 0.001393 Obj: 0.075600 (0.072756)  NNZ: 16 (12)  Ttime: 1.3997 Vtime: 0.0521
Step: 28700000  Loss: 0.080714 Regul: 0.001759 Obj: 0.082473 (0.072756)  NNZ: 17 (12)  Ttime: 1.4025 Vtime: 0.0518
Step: 28800000  Loss: 0.078040 Regul: 0.001652 Obj: 0.079692 (0.072756)  NNZ: 16 (12)  Ttime: 1.4021 Vtime: 0.0514
Step: 28900000  Loss: 0.073781 Regul: 0.001883 Obj: 0.075664 (0.072756)  NNZ: 17 (12)  Ttime: 1.4008 Vtime: 0.0524
Step: 29000000  Loss: 0.083644 Regul: 0.002183 Obj: 0.085827 (0.072756)  NNZ: 15 (12)  Ttime: 1.4032 Vtime: 0.0517
Step: 29100000  Loss: 0.078338 Regul: 0.002407 Obj: 0.080746 (0.072756)  NNZ: 17 (12)  Ttime: 1.4038 Vtime: 0.0518
Step: 29200000  Loss: 0.082398 Regul: 0.002194 Obj: 0.084593 (0.072756)  NNZ: 18 (12)  Ttime: 1.4041 Vtime: 0.0513
Step: 29300000  Loss: 0.083651 Regul: 0.002226 Obj: 0.085877 (0.072756)  NNZ: 18 (12)  Ttime: 1.4012 Vtime: 0.0510
Step: 29400000  Loss: 0.080760 Regul: 0.002560 Obj: 0.083320 (0.072756)  NNZ: 24 (12)  Ttime: 1.3996 Vtime: 0.0521
Step: 29500000  Loss: 0.076239 Regul: 0.001995 Obj: 0.078235 (0.072756)  NNZ: 16 (12)  Ttime: 1.4038 Vtime: 0.0514
Step: 29600000  Loss: 0.077538 Regul: 0.001528 Obj: 0.079065 (0.072756)  NNZ: 15 (12)  Ttime: 1.4033 Vtime: 0.0510
Step: 29700000  Loss: 0.077650 Regul: 0.001899 Obj: 0.079549 (0.072756)  NNZ: 16 (12)  Ttime: 1.4023 Vtime: 0.0520
Step: 29800000  Loss: 0.076471 Regul: 0.001853 Obj: 0.078323 (0.072756)  NNZ: 16 (12)  Ttime: 1.4018 Vtime: 0.0510
Step: 29900000  Loss: 0.073846 Regul: 0.001867 Obj: 0.075713 (0.072756)  NNZ: 20 (12)  Ttime: 1.4031 Vtime: 0.0509
Step: 30000000  Loss: 0.076369 Regul: 0.002220 Obj: 0.078589 (0.072756)  NNZ: 19 (12)  Ttime: 1.4001 Vtime: 0.0510
Step: 30100000  Loss: 0.076745 Regul: 0.001683 Obj: 0.078427 (0.072756)  NNZ: 16 (12)  Ttime: 1.4032 Vtime: 0.0513
Step: 30200000  Loss: 0.083400 Regul: 0.001240 Obj: 0.084640 (0.072756)  NNZ: 13 (12)  Ttime: 1.3998 Vtime: 0.0515
Step: 30300000  Loss: 0.075304 Regul: 0.001423 Obj: 0.076726 (0.072756)  NNZ: 12 (12)  Ttime: 1.4034 Vtime: 0.0519
Step: 30400000  Loss: 0.079713 Regul: 0.002007 Obj: 0.081720 (0.072756)  NNZ: 14 (12)  Ttime: 1.4013 Vtime: 0.0514
Step: 30500000  Loss: 0.078900 Regul: 0.001896 Obj: 0.080796 (0.072756)  NNZ: 15 (12)  Ttime: 1.4022 Vtime: 0.0515
Step: 30600000  Loss: 0.078869 Regul: 0.001642 Obj: 0.080511 (0.072756)  NNZ: 18 (12)  Ttime: 1.4020 Vtime: 0.0512
Step: 30700000  Loss: 0.079607 Regul: 0.001609 Obj: 0.081216 (0.072756)  NNZ: 17 (12)  Ttime: 1.4010 Vtime: 0.0517
Step: 30800000  Loss: 0.083626 Regul: 0.001583 Obj: 0.085209 (0.072756)  NNZ: 16 (12)  Ttime: 1.4102 Vtime: 0.0513
Step: 30900000  Loss: 0.080084 Regul: 0.001911 Obj: 0.081995 (0.072756)  NNZ: 17 (12)  Ttime: 1.4017 Vtime: 0.0515
Step: 31000000  Loss: 0.073400 Regul: 0.001935 Obj: 0.075335 (0.072756)  NNZ: 17 (12)  Ttime: 1.4004 Vtime: 0.0512
Step: 31100000  Loss: 0.080385 Regul: 0.002330 Obj: 0.082716 (0.072756)  NNZ: 18 (12)  Ttime: 1.4004 Vtime: 0.0522
Step: 31200000  Loss: 0.079741 Regul: 0.002026 Obj: 0.081767 (0.072756)  NNZ: 17 (12)  Ttime: 1.4017 Vtime: 0.0517
Step: 31300000  Loss: 0.074317 Regul: 0.002095 Obj: 0.076412 (0.072756)  NNZ: 19 (12)  Ttime: 1.4011 Vtime: 0.0516
Step: 31400000  Loss: 0.084904 Regul: 0.002420 Obj: 0.087324 (0.072756)  NNZ: 19 (12)  Ttime: 1.4033 Vtime: 0.0520
Step: 31500000  Loss: 0.082315 Regul: 0.001920 Obj: 0.084235 (0.072756)  NNZ: 17 (12)  Ttime: 1.4027 Vtime: 0.0521
Step: 31600000  Loss: 0.073967 Regul: 0.001386 Obj: 0.075352 (0.072756)  NNZ: 14 (12)  Ttime: 1.4016 Vtime: 0.0512
Step: 31700000  Loss: 0.077253 Regul: 0.001466 Obj: 0.078720 (0.072756)  NNZ: 17 (12)  Ttime: 1.4043 Vtime: 0.0513
Step: 31800000  Loss: 0.073084 Regul: 0.001803 Obj: 0.074888 (0.072756)  NNZ: 16 (12)  Ttime: 1.4000 Vtime: 0.0516
Step: 31900000  Loss: 0.077115 Regul: 0.001960 Obj: 0.079075 (0.072756)  NNZ: 18 (12)  Ttime: 1.4010 Vtime: 0.0515
Step: 32000000  Loss: 0.081486 Regul: 0.002466 Obj: 0.083952 (0.072756)  NNZ: 22 (12)  Ttime: 1.4024 Vtime: 0.0518
Step: 32100000  Loss: 0.073835 Regul: 0.001724 Obj: 0.075560 (0.072756)  NNZ: 17 (12)  Ttime: 1.4015 Vtime: 0.0512
Step: 32200000  Loss: 0.081372 Regul: 0.001664 Obj: 0.083036 (0.072756)  NNZ: 16 (12)  Ttime: 1.4051 Vtime: 0.0521
Step: 32300000  Loss: 0.085975 Regul: 0.001236 Obj: 0.087211 (0.072756)  NNZ: 11 (12)  Ttime: 1.4000 Vtime: 0.0518
Step: 32400000  Loss: 0.082654 Regul: 0.002350 Obj: 0.085004 (0.072756)  NNZ: 18 (12)  Ttime: 1.4012 Vtime: 0.0510
Step: 32500000  Loss: 0.081430 Regul: 0.002001 Obj: 0.083432 (0.072756)  NNZ: 18 (12)  Ttime: 1.4031 Vtime: 0.0508
Step: 32600000  Loss: 0.075538 Regul: 0.001747 Obj: 0.077285 (0.072756)  NNZ: 16 (12)  Ttime: 1.4030 Vtime: 0.0511
Step: 32700000  Loss: 0.074234 Regul: 0.001902 Obj: 0.076137 (0.072756)  NNZ: 17 (12)  Ttime: 1.4019 Vtime: 0.0508
Step: 32800000  Loss: 0.087019 Regul: 0.002532 Obj: 0.089552 (0.072756)  NNZ: 21 (12)  Ttime: 1.3993 Vtime: 0.0515
Step: 32900000  Loss: 0.104082 Regul: 0.001484 Obj: 0.105566 (0.072756)  NNZ: 15 (12)  Ttime: 1.4051 Vtime: 0.0517
Step: 33000000  Loss: 0.077262 Regul: 0.001335 Obj: 0.078597 (0.072756)  NNZ: 12 (12)  Ttime: 1.4061 Vtime: 0.0517
Step: 33100000  Loss: 0.076962 Regul: 0.001766 Obj: 0.078728 (0.072756)  NNZ: 15 (12)  Ttime: 1.4025 Vtime: 0.0513
Step: 33200000  Loss: 0.075716 Regul: 0.001900 Obj: 0.077616 (0.072756)  NNZ: 20 (12)  Ttime: 1.4018 Vtime: 0.0512
Step: 33300000  Loss: 0.080873 Regul: 0.001038 Obj: 0.081911 (0.072756)  NNZ: 14 (12)  Ttime: 1.4078 Vtime: 0.0516
Step: 33400000  Loss: 0.077137 Regul: 0.002063 Obj: 0.079201 (0.072756)  NNZ: 21 (12)  Ttime: 1.4019 Vtime: 0.0512
Step: 33500000  Loss: 0.081801 Regul: 0.001565 Obj: 0.083366 (0.072756)  NNZ: 15 (12)  Ttime: 1.4030 Vtime: 0.0517
Step: 33600000  Loss: 0.081313 Regul: 0.002121 Obj: 0.083434 (0.072756)  NNZ: 17 (12)  Ttime: 1.3987 Vtime: 0.0510
Step: 33700000  Loss: 0.076606 Regul: 0.002448 Obj: 0.079054 (0.072756)  NNZ: 21 (12)  Ttime: 1.4036 Vtime: 0.0513
Step: 33800000  Loss: 0.078386 Regul: 0.002358 Obj: 0.080744 (0.072756)  NNZ: 21 (12)  Ttime: 1.4036 Vtime: 0.0518
Step: 33900000  Loss: 0.086249 Regul: 0.002031 Obj: 0.088280 (0.072756)  NNZ: 24 (12)  Ttime: 1.4028 Vtime: 0.0517
Step: 34000000  Loss: 0.084876 Regul: 0.002271 Obj: 0.087147 (0.072756)  NNZ: 19 (12)  Ttime: 1.4016 Vtime: 0.0515
Step: 34100000  Loss: 0.093891 Regul: 0.002215 Obj: 0.096106 (0.072756)  NNZ: 22 (12)  Ttime: 1.4001 Vtime: 0.0515
Step: 34200000  Loss: 0.080013 Regul: 0.002549 Obj: 0.082561 (0.072756)  NNZ: 22 (12)  Ttime: 1.4016 Vtime: 0.0513
Step: 34300000  Loss: 0.083348 Regul: 0.002150 Obj: 0.085497 (0.072756)  NNZ: 20 (12)  Ttime: 1.4001 Vtime: 0.0506
Step: 34400000  Loss: 0.075640 Regul: 0.002008 Obj: 0.077648 (0.072756)  NNZ: 16 (12)  Ttime: 1.4068 Vtime: 0.0516
Step: 34500000  Loss: 0.073497 Regul: 0.001667 Obj: 0.075164 (0.072756)  NNZ: 18 (12)  Ttime: 1.3976 Vtime: 0.0510
Step: 34600000  Loss: 0.072189 Regul: 0.001791 Obj: 0.073980 (0.072756)  NNZ: 16 (12)  Ttime: 1.4023 Vtime: 0.0511
Step: 34700000  Loss: 0.082170 Regul: 0.002047 Obj: 0.084217 (0.072756)  NNZ: 17 (12)  Ttime: 1.3998 Vtime: 0.0513
Step: 34800000  Loss: 0.077635 Regul: 0.002252 Obj: 0.079887 (0.072756)  NNZ: 19 (12)  Ttime: 1.4034 Vtime: 0.0515
Step: 34900000  Loss: 0.078639 Regul: 0.002324 Obj: 0.080963 (0.072756)  NNZ: 21 (12)  Ttime: 1.4000 Vtime: 0.0522
Step: 35000000  Loss: 0.074288 Regul: 0.001541 Obj: 0.075829 (0.072756)  NNZ: 14 (12)  Ttime: 1.4019 Vtime: 0.0510
Step: 35100000  Loss: 0.072006 Regul: 0.001656 Obj: 0.073663 (0.072756)  NNZ: 14 (12)  Ttime: 1.4047 Vtime: 0.0509
Step: 35200000  Loss: 0.076329 Regul: 0.002307 Obj: 0.078637 (0.072756)  NNZ: 20 (12)  Ttime: 1.4034 Vtime: 0.0511
Step: 35300000  Loss: 0.079560 Regul: 0.002149 Obj: 0.081709 (0.072756)  NNZ: 16 (12)  Ttime: 1.3993 Vtime: 0.0516
Step: 35400000  Loss: 0.078570 Regul: 0.002513 Obj: 0.081084 (0.072756)  NNZ: 22 (12)  Ttime: 1.3997 Vtime: 0.0516
Step: 35500000  Loss: 0.078100 Regul: 0.002238 Obj: 0.080338 (0.072756)  NNZ: 20 (12)  Ttime: 1.4005 Vtime: 0.0514
Step: 35600000  Loss: 0.076762 Regul: 0.001493 Obj: 0.078256 (0.072756)  NNZ: 18 (12)  Ttime: 1.4059 Vtime: 0.0513
Step: 35700000  Loss: 0.078049 Regul: 0.002211 Obj: 0.080260 (0.072756)  NNZ: 18 (12)  Ttime: 1.4038 Vtime: 0.0518
Step: 35800000  Loss: 0.074560 Regul: 0.001743 Obj: 0.076303 (0.072756)  NNZ: 14 (12)  Ttime: 1.4026 Vtime: 0.0515
Step: 35900000  Loss: 0.077836 Regul: 0.001934 Obj: 0.079770 (0.072756)  NNZ: 15 (12)  Ttime: 1.4016 Vtime: 0.0517
Step: 36000000  Loss: 0.080668 Regul: 0.002582 Obj: 0.083249 (0.072756)  NNZ: 19 (12)  Ttime: 1.4024 Vtime: 0.0508
Step: 36100000  Loss: 0.078076 Regul: 0.001671 Obj: 0.079747 (0.072756)  NNZ: 20 (12)  Ttime: 1.4015 Vtime: 0.0515
Step: 36200000  Loss: 0.077738 Regul: 0.001826 Obj: 0.079564 (0.072756)  NNZ: 15 (12)  Ttime: 1.4006 Vtime: 0.0519
Step: 36300000  Loss: 0.077066 Regul: 0.001944 Obj: 0.079010 (0.072756)  NNZ: 20 (12)  Ttime: 1.4023 Vtime: 0.0519
Step: 36400000  Loss: 0.080089 Regul: 0.002065 Obj: 0.082155 (0.072756)  NNZ: 17 (12)  Ttime: 1.4050 Vtime: 0.0520
Step: 36500000  Loss: 0.072259 Regul: 0.001295 Obj: 0.073554 (0.072756)  NNZ: 16 (12)  Ttime: 1.4001 Vtime: 0.0516
Step: 36600000  Loss: 0.074174 Regul: 0.002125 Obj: 0.076299 (0.072756)  NNZ: 18 (12)  Ttime: 1.4017 Vtime: 0.0513
Step: 36700000  Loss: 0.073465 Regul: 0.001743 Obj: 0.075208 (0.072756)  NNZ: 14 (12)  Ttime: 1.4072 Vtime: 0.0523
Step: 36800000  Loss: 0.081430 Regul: 0.002565 Obj: 0.083995 (0.072756)  NNZ: 18 (12)  Ttime: 1.4000 Vtime: 0.0522
Step: 36900000  Loss: 0.078254 Regul: 0.002341 Obj: 0.080595 (0.072756)  NNZ: 22 (12)  Ttime: 1.4013 Vtime: 0.0515
Step: 37000000  Loss: 0.074059 Regul: 0.001459 Obj: 0.075518 (0.072756)  NNZ: 14 (12)  Ttime: 1.3999 Vtime: 0.0508
Step: 37100000  Loss: 0.074356 Regul: 0.002108 Obj: 0.076464 (0.072756)  NNZ: 22 (12)  Ttime: 1.4010 Vtime: 0.0511
Step: 37200000  Loss: 0.077674 Regul: 0.001996 Obj: 0.079670 (0.072756)  NNZ: 17 (12)  Ttime: 1.4024 Vtime: 0.0516
Step: 37300000  Loss: 0.079802 Regul: 0.002213 Obj: 0.082015 (0.072756)  NNZ: 15 (12)  Ttime: 1.4020 Vtime: 0.0518
Step: 37400000  Loss: 0.079148 Regul: 0.002088 Obj: 0.081236 (0.072756)  NNZ: 15 (12)  Ttime: 1.4031 Vtime: 0.0511
Step: 37500000  Loss: 0.073229 Regul: 0.001786 Obj: 0.075015 (0.072756)  NNZ: 13 (12)  Ttime: 1.4053 Vtime: 0.0513
Step: 37600000  Loss: 0.082331 Regul: 0.002534 Obj: 0.084864 (0.072756)  NNZ: 20 (12)  Ttime: 1.4015 Vtime: 0.0518
Step: 37700000  Loss: 0.073570 Regul: 0.001932 Obj: 0.075501 (0.072756)  NNZ: 18 (12)  Ttime: 1.4015 Vtime: 0.0518
Step: 37800000  Loss: 0.081111 Regul: 0.002838 Obj: 0.083949 (0.072756)  NNZ: 24 (12)  Ttime: 1.4022 Vtime: 0.0511
Step: 37900000  Loss: 0.075735 Regul: 0.001906 Obj: 0.077641 (0.072756)  NNZ: 16 (12)  Ttime: 1.4005 Vtime: 0.0511
Step: 38000000  Loss: 0.077315 Regul: 0.002261 Obj: 0.079576 (0.072756)  NNZ: 26 (12)  Ttime: 1.4005 Vtime: 0.0520
Step: 38100000  Loss: 0.083639 Regul: 0.002300 Obj: 0.085939 (0.072756)  NNZ: 19 (12)  Ttime: 1.4019 Vtime: 0.0516
Step: 38200000  Loss: 0.086364 Regul: 0.001378 Obj: 0.087743 (0.072756)  NNZ: 12 (12)  Ttime: 1.3990 Vtime: 0.0513
Step: 38300000  Loss: 0.075260 Regul: 0.002113 Obj: 0.077373 (0.072756)  NNZ: 20 (12)  Ttime: 1.4023 Vtime: 0.0518
Step: 38400000  Loss: 0.071398 Regul: 0.001524 Obj: 0.072922 (0.072756)  NNZ: 16 (12)  Ttime: 1.3994 Vtime: 0.0514
Step: 38500000  Loss: 0.074451 Regul: 0.001906 Obj: 0.076358 (0.072756)  NNZ: 16 (12)  Ttime: 1.4055 Vtime: 0.0519
Step: 38600000  Loss: 0.073486 Regul: 0.001985 Obj: 0.075471 (0.072756)  NNZ: 17 (12)  Ttime: 1.4065 Vtime: 0.0512
Step: 38700000  Loss: 0.077919 Regul: 0.002030 Obj: 0.079950 (0.072756)  NNZ: 18 (12)  Ttime: 1.3985 Vtime: 0.0512
Step: 38800000  Loss: 0.075608 Regul: 0.002266 Obj: 0.077874 (0.072756)  NNZ: 21 (12)  Ttime: 1.4034 Vtime: 0.0515
Step: 38900000  Loss: 0.075392 Regul: 0.002088 Obj: 0.077480 (0.072756)  NNZ: 18 (12)  Ttime: 1.4047 Vtime: 0.0509
Step: 39000000  Loss: 0.077134 Regul: 0.002181 Obj: 0.079315 (0.072756)  NNZ: 21 (12)  Ttime: 1.4010 Vtime: 0.0512
Step: 39100000  Loss: 0.074306 Regul: 0.001801 Obj: 0.076106 (0.072756)  NNZ: 14 (12)  Ttime: 1.4017 Vtime: 0.0515
Step: 39200000  Loss: 0.074624 Regul: 0.002189 Obj: 0.076813 (0.072756)  NNZ: 15 (12)  Ttime: 1.4008 Vtime: 0.0515
Step: 39300000  Loss: 0.071523 Regul: 0.001849 Obj: 0.073372 (0.072756)  NNZ: 18 (12)  Ttime: 1.4055 Vtime: 0.0512
Step: 39400000  Loss: 0.077504 Regul: 0.001091 Obj: 0.078595 (0.072756)  NNZ: 13 (12)  Ttime: 1.4034 Vtime: 0.0517
Step: 39500000  Loss: 0.076057 Regul: 0.002171 Obj: 0.078228 (0.072756)  NNZ: 20 (12)  Ttime: 1.4006 Vtime: 0.0511
Step: 39600000  Loss: 0.074839 Regul: 0.001702 Obj: 0.076542 (0.072756)  NNZ: 15 (12)  Ttime: 1.4021 Vtime: 0.0513
Step: 39700000  Loss: 0.073927 Regul: 0.001881 Obj: 0.075808 (0.072756)  NNZ: 18 (12)  Ttime: 1.4037 Vtime: 0.0512
Step: 39800000  Loss: 0.073030 Regul: 0.001983 Obj: 0.075013 (0.072756)  NNZ: 20 (12)  Ttime: 1.4018 Vtime: 0.0512
Step: 39900000  Loss: 0.077829 Regul: 0.001770 Obj: 0.079599 (0.072756)  NNZ: 16 (12)  Ttime: 1.3997 Vtime: 0.0519
Step: 40000000  Loss: 0.089204 Regul: 0.002515 Obj: 0.091719 (0.072756)  NNZ: 23 (12)  Ttime: 1.4002 Vtime: 0.0520
Step: 40100000  Loss: 0.078064 Regul: 0.002593 Obj: 0.080658 (0.072756)  NNZ: 20 (12)  Ttime: 1.4011 Vtime: 0.0512
Step: 40200000  Loss: 0.072543 Regul: 0.001758 Obj: 0.074301 (0.072756)  NNZ: 19 (12)  Ttime: 1.4027 Vtime: 0.0513
Step: 40300000  Loss: 0.077316 Regul: 0.001210 Obj: 0.078525 (0.072756)  NNZ: 12 (12)  Ttime: 1.4029 Vtime: 0.0516
Step: 40400000  Loss: 0.079549 Regul: 0.002506 Obj: 0.082055 (0.072756)  NNZ: 21 (12)  Ttime: 1.4024 Vtime: 0.0513
Step: 40500000  Loss: 0.078665 Regul: 0.001372 Obj: 0.080037 (0.072756)  NNZ: 17 (12)  Ttime: 1.4021 Vtime: 0.0511
Step: 40600000  Loss: 0.078170 Regul: 0.001303 Obj: 0.079473 (0.072756)  NNZ: 12 (12)  Ttime: 1.4033 Vtime: 0.0517
Step: 40700000  Loss: 0.082778 Regul: 0.001553 Obj: 0.084331 (0.072756)  NNZ: 18 (12)  Ttime: 1.4011 Vtime: 0.0512
Step: 40800000  Loss: 0.085326 Regul: 0.002986 Obj: 0.088312 (0.072756)  NNZ: 22 (12)  Ttime: 1.3992 Vtime: 0.0520
Step: 40900000  Loss: 0.075852 Regul: 0.002222 Obj: 0.078074 (0.072756)  NNZ: 18 (12)  Ttime: 1.4017 Vtime: 0.0514
Step: 41000000  Loss: 0.073110 Regul: 0.002006 Obj: 0.075116 (0.072756)  NNZ: 17 (12)  Ttime: 1.4035 Vtime: 0.0511
Step: 41100000  Loss: 0.074014 Regul: 0.001582 Obj: 0.075596 (0.072756)  NNZ: 14 (12)  Ttime: 1.4002 Vtime: 0.0517
Step: 41200000  Loss: 0.095087 Regul: 0.002887 Obj: 0.097973 (0.072756)  NNZ: 24 (12)  Ttime: 1.4024 Vtime: 0.0517
Step: 41300000  Loss: 0.084349 Regul: 0.001697 Obj: 0.086046 (0.072756)  NNZ: 16 (12)  Ttime: 1.4026 Vtime: 0.0516
Step: 41400000  Loss: 0.073320 Regul: 0.001319 Obj: 0.074639 (0.072756)  NNZ: 14 (12)  Ttime: 1.4068 Vtime: 0.0519
Step: 41500000  Loss: 0.071728 Regul: 0.001461 Obj: 0.073188 (0.072756)  NNZ: 18 (12)  Ttime: 1.4019 Vtime: 0.0516
Step: 41600000  Loss: 0.089981 Regul: 0.002808 Obj: 0.092789 (0.072756)  NNZ: 27 (12)  Ttime: 1.3998 Vtime: 0.0515
Step: 41700000  Loss: 0.077819 Regul: 0.002298 Obj: 0.080117 (0.072756)  NNZ: 18 (12)  Ttime: 1.4004 Vtime: 0.0514
Step: 41800000  Loss: 0.079689 Regul: 0.001907 Obj: 0.081596 (0.072756)  NNZ: 13 (12)  Ttime: 1.4028 Vtime: 0.0521
Step: 41900000  Loss: 0.078393 Regul: 0.001704 Obj: 0.080097 (0.072756)  NNZ: 15 (12)  Ttime: 1.4015 Vtime: 0.0520
Step: 42000000  Loss: 0.075476 Regul: 0.001177 Obj: 0.076653 (0.072756)  NNZ: 11 (12)  Ttime: 1.4028 Vtime: 0.0516
Step: 42100000  Loss: 0.075222 Regul: 0.001574 Obj: 0.076795 (0.072756)  NNZ: 16 (12)  Ttime: 1.4025 Vtime: 0.0518
Step: 42200000  Loss: 0.085760 Regul: 0.001556 Obj: 0.087317 (0.072756)  NNZ: 15 (12)  Ttime: 1.4011 Vtime: 0.0521
Step: 42300000  Loss: 0.074796 Regul: 0.002088 Obj: 0.076883 (0.072756)  NNZ: 21 (12)  Ttime: 1.4020 Vtime: 0.0511
Step: 42400000  Loss: 0.082803 Regul: 0.001830 Obj: 0.084633 (0.072756)  NNZ: 19 (12)  Ttime: 1.4029 Vtime: 0.0518
Step: 42500000  Loss: 0.076312 Regul: 0.001312 Obj: 0.077623 (0.072756)  NNZ: 15 (12)  Ttime: 1.4005 Vtime: 0.0513
Step: 42600000  Loss: 0.074747 Regul: 0.001694 Obj: 0.076440 (0.072756)  NNZ: 11 (12)  Ttime: 1.4033 Vtime: 0.0520
Step: 42700000  Loss: 0.082282 Regul: 0.002273 Obj: 0.084555 (0.072756)  NNZ: 17 (12)  Ttime: 1.4005 Vtime: 0.0517
Step: 42800000  Loss: 0.083706 Regul: 0.002055 Obj: 0.085761 (0.072756)  NNZ: 22 (12)  Ttime: 1.4014 Vtime: 0.0514
Step: 42900000  Loss: 0.081029 Regul: 0.002575 Obj: 0.083604 (0.072756)  NNZ: 26 (12)  Ttime: 1.4037 Vtime: 0.0518
Step: 43000000  Loss: 0.076123 Regul: 0.002198 Obj: 0.078321 (0.072756)  NNZ: 21 (12)  Ttime: 1.4009 Vtime: 0.0506
Step: 43100000  Loss: 0.087039 Regul: 0.002548 Obj: 0.089587 (0.072756)  NNZ: 22 (12)  Ttime: 1.3984 Vtime: 0.0514
Step: 43200000  Loss: 0.077323 Regul: 0.001501 Obj: 0.078824 (0.072756)  NNZ: 15 (12)  Ttime: 1.4029 Vtime: 0.0520
Step: 43300000  Loss: 0.079037 Regul: 0.002644 Obj: 0.081681 (0.072756)  NNZ: 23 (12)  Ttime: 1.4031 Vtime: 0.0514
Step: 43400000  Loss: 0.082466 Regul: 0.002693 Obj: 0.085159 (0.072756)  NNZ: 24 (12)  Ttime: 1.3995 Vtime: 0.0508
Step: 43500000  Loss: 0.074318 Regul: 0.002075 Obj: 0.076393 (0.072756)  NNZ: 16 (12)  Ttime: 1.4022 Vtime: 0.0514
Step: 43600000  Loss: 0.075154 Regul: 0.002073 Obj: 0.077227 (0.072756)  NNZ: 21 (12)  Ttime: 1.4031 Vtime: 0.0516
Step: 43700000  Loss: 0.075984 Regul: 0.001850 Obj: 0.077834 (0.072756)  NNZ: 17 (12)  Ttime: 1.3996 Vtime: 0.0515
Step: 43800000  Loss: 0.087800 Regul: 0.001706 Obj: 0.089506 (0.072756)  NNZ: 14 (12)  Ttime: 1.4047 Vtime: 0.0516
Step: 43900000  Loss: 0.076597 Regul: 0.002361 Obj: 0.078958 (0.072756)  NNZ: 22 (12)  Ttime: 1.4020 Vtime: 0.0507
Step: 44000000  Loss: 0.076298 Regul: 0.001863 Obj: 0.078160 (0.072756)  NNZ: 18 (12)  Ttime: 1.4009 Vtime: 0.0516
Step: 44100000  Loss: 0.084542 Regul: 0.002490 Obj: 0.087032 (0.072756)  NNZ: 23 (12)  Ttime: 1.3993 Vtime: 0.0514
Step: 44200000  Loss: 0.082195 Regul: 0.001288 Obj: 0.083483 (0.072756)  NNZ: 14 (12)  Ttime: 1.4009 Vtime: 0.0516
Step: 44300000  Loss: 0.080102 Regul: 0.002001 Obj: 0.082103 (0.072756)  NNZ: 21 (12)  Ttime: 1.4091 Vtime: 0.0516
Step: 44400000  Loss: 0.080695 Regul: 0.001941 Obj: 0.082636 (0.072756)  NNZ: 16 (12)  Ttime: 1.4071 Vtime: 0.0513
Step: 44500000  Loss: 0.082023 Regul: 0.002196 Obj: 0.084220 (0.072756)  NNZ: 21 (12)  Ttime: 1.4037 Vtime: 0.0518
Step: 44600000  Loss: 0.075183 Regul: 0.002135 Obj: 0.077318 (0.072756)  NNZ: 21 (12)  Ttime: 1.4053 Vtime: 0.0510
Step: 44700000  Loss: 0.071910 Regul: 0.001982 Obj: 0.073892 (0.072756)  NNZ: 20 (12)  Ttime: 1.4032 Vtime: 0.0513
Step: 44800000  Loss: 0.075431 Regul: 0.001783 Obj: 0.077214 (0.072756)  NNZ: 17 (12)  Ttime: 1.4012 Vtime: 0.0510
Step: 44900000  Loss: 0.087314 Regul: 0.002853 Obj: 0.090167 (0.072756)  NNZ: 24 (12)  Ttime: 1.4045 Vtime: 0.0521
Step: 45000000  Loss: 0.077084 Regul: 0.001905 Obj: 0.078990 (0.072756)  NNZ: 16 (12)  Ttime: 1.4009 Vtime: 0.0517
Step: 45100000  Loss: 0.073069 Regul: 0.001955 Obj: 0.075024 (0.072756)  NNZ: 24 (12)  Ttime: 1.4033 Vtime: 0.0520
Step: 45200000  Loss: 0.072859 Regul: 0.001769 Obj: 0.074628 (0.072756)  NNZ: 16 (12)  Ttime: 1.4043 Vtime: 0.0513
Step: 45300000  Loss: 0.077436 Regul: 0.001877 Obj: 0.079313 (0.072756)  NNZ: 17 (12)  Ttime: 1.4009 Vtime: 0.0517
Step: 45400000  Loss: 0.073106 Regul: 0.002186 Obj: 0.075292 (0.072756)  NNZ: 24 (12)  Ttime: 1.4040 Vtime: 0.0512
Step: 45500000  Loss: 0.072050 Regul: 0.001743 Obj: 0.073793 (0.072756)  NNZ: 19 (12)  Ttime: 1.4035 Vtime: 0.0513
Step: 45600000  Loss: 0.075112 Regul: 0.002299 Obj: 0.077411 (0.072756)  NNZ: 22 (12)  Ttime: 1.4065 Vtime: 0.0510
Step: 45700000  Loss: 0.075289 Regul: 0.002084 Obj: 0.077373 (0.072756)  NNZ: 17 (12)  Ttime: 1.4062 Vtime: 0.0519
Step: 45800000  Loss: 0.073841 Regul: 0.001920 Obj: 0.075761 (0.072756)  NNZ: 16 (12)  Ttime: 1.4071 Vtime: 0.0514
Step: 45900000  Loss: 0.074495 Regul: 0.001355 Obj: 0.075850 (0.072756)  NNZ: 17 (12)  Ttime: 1.4048 Vtime: 0.0512
Step: 46000000  Loss: 0.075139 Regul: 0.001778 Obj: 0.076917 (0.072756)  NNZ: 16 (12)  Ttime: 1.4009 Vtime: 0.0511
Step: 46100000  Loss: 0.083191 Regul: 0.002333 Obj: 0.085524 (0.072756)  NNZ: 23 (12)  Ttime: 1.4058 Vtime: 0.0513
Step: 46200000  Loss: 0.076386 Regul: 0.001973 Obj: 0.078359 (0.072756)  NNZ: 18 (12)  Ttime: 1.4006 Vtime: 0.0521
Step: 46300000  Loss: 0.075219 Regul: 0.002036 Obj: 0.077255 (0.072756)  NNZ: 22 (12)  Ttime: 1.3990 Vtime: 0.0508
Step: 46400000  Loss: 0.072393 Regul: 0.001676 Obj: 0.074068 (0.072756)  NNZ: 19 (12)  Ttime: 1.4026 Vtime: 0.0515
Step: 46500000  Loss: 0.077707 Regul: 0.001432 Obj: 0.079139 (0.072756)  NNZ: 13 (12)  Ttime: 1.4002 Vtime: 0.0512
Step: 46600000  Loss: 0.072628 Regul: 0.001841 Obj: 0.074470 (0.072756)  NNZ: 17 (12)  Ttime: 1.4094 Vtime: 0.0518
Step: 46700000  Loss: 0.084367 Regul: 0.002111 Obj: 0.086478 (0.072756)  NNZ: 17 (12)  Ttime: 1.3999 Vtime: 0.0516
Step: 46800000  Loss: 0.078743 Regul: 0.002294 Obj: 0.081036 (0.072756)  NNZ: 19 (12)  Ttime: 1.4050 Vtime: 0.0518
Step: 46900000  Loss: 0.072530 Regul: 0.001816 Obj: 0.074345 (0.072756)  NNZ: 17 (12)  Ttime: 1.4044 Vtime: 0.0514
Step: 47000000  Loss: 0.071716 Regul: 0.001645 Obj: 0.073361 (0.072756)  NNZ: 14 (12)  Ttime: 1.4006 Vtime: 0.0516
Step: 47100000  Loss: 0.075770 Regul: 0.002034 Obj: 0.077805 (0.072756)  NNZ: 17 (12)  Ttime: 1.4023 Vtime: 0.0513
Step: 47200000  Loss: 0.076555 Regul: 0.002367 Obj: 0.078921 (0.072756)  NNZ: 20 (12)  Ttime: 1.4037 Vtime: 0.0516
Step: 47300000  Loss: 0.088928 Regul: 0.001494 Obj: 0.090422 (0.072756)  NNZ: 17 (12)  Ttime: 1.4097 Vtime: 0.0509
Step: 47400000  Loss: 0.077557 Regul: 0.002105 Obj: 0.079662 (0.072756)  NNZ: 18 (12)  Ttime: 1.4041 Vtime: 0.0518
Step: 47500000  Loss: 0.076910 Regul: 0.001636 Obj: 0.078545 (0.072756)  NNZ: 16 (12)  Ttime: 1.4016 Vtime: 0.0519
Step: 47600000  Loss: 0.076582 Regul: 0.001684 Obj: 0.078266 (0.072756)  NNZ: 19 (12)  Ttime: 1.4098 Vtime: 0.0506
Step: 47700000  Loss: 0.077957 Regul: 0.002262 Obj: 0.080220 (0.072756)  NNZ: 24 (12)  Ttime: 1.4001 Vtime: 0.0517
Step: 47800000  Loss: 0.075184 Regul: 0.001411 Obj: 0.076595 (0.072756)  NNZ: 14 (12)  Ttime: 1.4021 Vtime: 0.0517
Step: 47900000  Loss: 0.073782 Regul: 0.001886 Obj: 0.075668 (0.072756)  NNZ: 15 (12)  Ttime: 1.4034 Vtime: 0.0518
Step: 48000000  Loss: 0.074801 Regul: 0.002112 Obj: 0.076913 (0.072756)  NNZ: 18 (12)  Ttime: 1.4049 Vtime: 0.0514
Step: 48100000  Loss: 0.085422 Regul: 0.002549 Obj: 0.087971 (0.072756)  NNZ: 21 (12)  Ttime: 1.4019 Vtime: 0.0510
Step: 48200000  Loss: 0.088546 Regul: 0.003049 Obj: 0.091596 (0.072756)  NNZ: 23 (12)  Ttime: 1.4015 Vtime: 0.0520
Step: 48300000  Loss: 0.079667 Regul: 0.002167 Obj: 0.081835 (0.072756)  NNZ: 18 (12)  Ttime: 1.3995 Vtime: 0.0511
Step: 48400000  Loss: 0.073405 Regul: 0.001858 Obj: 0.075263 (0.072756)  NNZ: 17 (12)  Ttime: 1.4021 Vtime: 0.0510
Step: 48500000  Loss: 0.080907 Regul: 0.002534 Obj: 0.083441 (0.072756)  NNZ: 23 (12)  Ttime: 1.4006 Vtime: 0.0513
Step: 48600000  Loss: 0.082326 Regul: 0.001817 Obj: 0.084143 (0.072756)  NNZ: 17 (12)  Ttime: 1.4006 Vtime: 0.0510
Step: 48700000  Loss: 0.090957 Regul: 0.003211 Obj: 0.094168 (0.072756)  NNZ: 29 (12)  Ttime: 1.4015 Vtime: 0.0518
Step: 48800000  Loss: 0.073690 Regul: 0.001695 Obj: 0.075385 (0.072756)  NNZ: 15 (12)  Ttime: 1.4026 Vtime: 0.0517
Step: 48900000  Loss: 0.078654 Regul: 0.002385 Obj: 0.081039 (0.072756)  NNZ: 22 (12)  Ttime: 1.4018 Vtime: 0.0512
Step: 49000000  Loss: 0.086491 Regul: 0.001937 Obj: 0.088428 (0.072756)  NNZ: 17 (12)  Ttime: 1.4085 Vtime: 0.0514
Step: 49100000  Loss: 0.085941 Regul: 0.002586 Obj: 0.088527 (0.072756)  NNZ: 26 (12)  Ttime: 1.3999 Vtime: 0.0516
Step: 49200000  Loss: 0.075492 Regul: 0.001707 Obj: 0.077199 (0.072756)  NNZ: 15 (12)  Ttime: 1.3990 Vtime: 0.0509
Step: 49300000  Loss: 0.077339 Regul: 0.001764 Obj: 0.079103 (0.072756)  NNZ: 18 (12)  Ttime: 1.4063 Vtime: 0.0521
Step: 49400000  Loss: 0.080223 Regul: 0.002424 Obj: 0.082647 (0.072756)  NNZ: 22 (12)  Ttime: 1.4073 Vtime: 0.0511
Step: 49500000  Loss: 0.076484 Regul: 0.001992 Obj: 0.078476 (0.072756)  NNZ: 16 (12)  Ttime: 1.4034 Vtime: 0.0518
Step: 49600000  Loss: 0.075916 Regul: 0.002450 Obj: 0.078366 (0.072756)  NNZ: 22 (12)  Ttime: 1.4015 Vtime: 0.0513
Step: 49700000  Loss: 0.071412 Regul: 0.001656 Obj: 0.073067 (0.072756)  NNZ: 17 (12)  Ttime: 1.4029 Vtime: 0.0511
Step: 49800000  Loss: 0.077094 Regul: 0.002128 Obj: 0.079221 (0.072756)  NNZ: 23 (12)  Ttime: 1.4043 Vtime: 0.0514
Step: 49900000  Loss: 0.074730 Regul: 0.002203 Obj: 0.076933 (0.072756)  NNZ: 18 (12)  Ttime: 1.3997 Vtime: 0.0511
Step: 50000000  Loss: 0.073545 Regul: 0.001654 Obj: 0.075198 (0.072756)  NNZ: 15 (12)  Ttime: 1.4003 Vtime: 0.0512
