mu: 0.045 gamma: 0.15 nIters: 50000000
Load PRParams.
Load RingParams.
Load Labels: 500000
Load Distances: 500000 x 5120
0...10...20...30...40...50...60...70...80...90...100 - done.
Positive samples #250000
Negative samples #250000
Positive train #200000
Negative train #200000
Positive valid #50000
Negative valid #50000

Found GPU: GeForce GTX 970
Compute Capability: 5.2

Best: 100000  Loss: 0.245648 Regul: 0.042352 Obj: 0.288000 (0.288000)  NNZ: 8 (8)  Ttime: 1.3818 Vtime: 0.2196
Stat: nPR #52 (#64) Dim/MaxDim [416/640] AUC: 0.944932 FPR95: 39.75 [saved]
Best: 200000  Loss: 0.148346 Regul: 0.068196 Obj: 0.216542 (0.216542)  NNZ: 10 (10)  Ttime: 1.4111 Vtime: 0.0521
Stat: nPR #60 (#80) Dim/MaxDim [480/640] AUC: 0.970430 FPR95: 16.48 [saved]
Best: 300000  Loss: 0.100368 Regul: 0.022723 Obj: 0.123091 (0.123091)  NNZ: 7 (7)  Ttime: 1.3877 Vtime: 0.0513
Stat: nPR #44 (#56) Dim/MaxDim [352/640] AUC: 0.964016 FPR95: 21.37 [saved]
Step: 400000  Loss: 0.111817 Regul: 0.037103 Obj: 0.148920 (0.123091)  NNZ: 8 (7)  Ttime: 1.3900 Vtime: 0.0515
Step: 500000  Loss: 0.106571 Regul: 0.035149 Obj: 0.141720 (0.123091)  NNZ: 12 (7)  Ttime: 1.4021 Vtime: 0.0516
Best: 600000  Loss: 0.089253 Regul: 0.024622 Obj: 0.113874 (0.113874)  NNZ: 8 (8)  Ttime: 1.3822 Vtime: 0.0513
Stat: nPR #60 (#64) Dim/MaxDim [480/640] AUC: 0.968443 FPR95: 18.34 [saved]
Step: 700000  Loss: 0.104275 Regul: 0.027816 Obj: 0.132091 (0.113874)  NNZ: 10 (8)  Ttime: 1.3855 Vtime: 0.0513
Step: 800000  Loss: 0.170809 Regul: 0.049013 Obj: 0.219822 (0.113874)  NNZ: 11 (8)  Ttime: 1.3857 Vtime: 0.0512
Step: 900000  Loss: 0.161937 Regul: 0.071300 Obj: 0.233237 (0.113874)  NNZ: 15 (8)  Ttime: 1.3844 Vtime: 0.0511
Step: 1000000  Loss: 0.106674 Regul: 0.014144 Obj: 0.120818 (0.113874)  NNZ: 6 (8)  Ttime: 1.3866 Vtime: 0.0507
Step: 1100000  Loss: 0.123732 Regul: 0.036012 Obj: 0.159744 (0.113874)  NNZ: 8 (8)  Ttime: 1.3858 Vtime: 0.0510
Step: 1200000  Loss: 0.139970 Regul: 0.042524 Obj: 0.182494 (0.113874)  NNZ: 10 (8)  Ttime: 1.4083 Vtime: 0.0562
Best: 1300000  Loss: 0.085186 Regul: 0.021289 Obj: 0.106474 (0.106474)  NNZ: 7 (7)  Ttime: 1.3983 Vtime: 0.0521
Stat: nPR #44 (#56) Dim/MaxDim [352/640] AUC: 0.968692 FPR95: 17.70 [saved]
Step: 1400000  Loss: 0.085542 Regul: 0.025932 Obj: 0.111474 (0.106474)  NNZ: 9 (7)  Ttime: 1.4006 Vtime: 0.0514
Step: 1500000  Loss: 0.124201 Regul: 0.044810 Obj: 0.169012 (0.106474)  NNZ: 15 (7)  Ttime: 1.3904 Vtime: 0.0515
Step: 1600000  Loss: 0.096086 Regul: 0.031903 Obj: 0.127989 (0.106474)  NNZ: 13 (7)  Ttime: 1.3965 Vtime: 0.0510
Step: 1700000  Loss: 0.119255 Regul: 0.030512 Obj: 0.149767 (0.106474)  NNZ: 9 (7)  Ttime: 1.3921 Vtime: 0.0514
Step: 1800000  Loss: 0.089629 Regul: 0.032283 Obj: 0.121912 (0.106474)  NNZ: 15 (7)  Ttime: 1.3891 Vtime: 0.0510
Best: 1900000  Loss: 0.079649 Regul: 0.017893 Obj: 0.097541 (0.097541)  NNZ: 8 (8)  Ttime: 1.3874 Vtime: 0.0514
Stat: nPR #52 (#64) Dim/MaxDim [416/640] AUC: 0.969643 FPR95: 16.92 [saved]
Step: 2000000  Loss: 0.110108 Regul: 0.020268 Obj: 0.130376 (0.097541)  NNZ: 7 (8)  Ttime: 1.4116 Vtime: 0.0522
Step: 2100000  Loss: 0.099935 Regul: 0.023112 Obj: 0.123047 (0.097541)  NNZ: 9 (8)  Ttime: 1.3927 Vtime: 0.0510
Step: 2200000  Loss: 0.095203 Regul: 0.022813 Obj: 0.118016 (0.097541)  NNZ: 9 (8)  Ttime: 1.3886 Vtime: 0.0517
Step: 2300000  Loss: 0.087864 Regul: 0.033662 Obj: 0.121526 (0.097541)  NNZ: 12 (8)  Ttime: 1.3921 Vtime: 0.0511
Step: 2400000  Loss: 0.084253 Regul: 0.014448 Obj: 0.098701 (0.097541)  NNZ: 6 (8)  Ttime: 1.3926 Vtime: 0.0512
Step: 2500000  Loss: 0.080627 Regul: 0.022966 Obj: 0.103593 (0.097541)  NNZ: 9 (8)  Ttime: 1.3852 Vtime: 0.0514
Step: 2600000  Loss: 0.086048 Regul: 0.012099 Obj: 0.098147 (0.097541)  NNZ: 8 (8)  Ttime: 1.4026 Vtime: 0.0519
Step: 2700000  Loss: 0.081893 Regul: 0.028485 Obj: 0.110378 (0.097541)  NNZ: 13 (8)  Ttime: 1.3869 Vtime: 0.0517
Step: 2800000  Loss: 0.121857 Regul: 0.024471 Obj: 0.146328 (0.097541)  NNZ: 9 (8)  Ttime: 1.3891 Vtime: 0.0512
Step: 2900000  Loss: 0.087201 Regul: 0.026658 Obj: 0.113859 (0.097541)  NNZ: 11 (8)  Ttime: 1.3907 Vtime: 0.0509
Step: 3000000  Loss: 0.121207 Regul: 0.024401 Obj: 0.145608 (0.097541)  NNZ: 9 (8)  Ttime: 1.4063 Vtime: 0.0516
Step: 3100000  Loss: 0.096997 Regul: 0.021132 Obj: 0.118130 (0.097541)  NNZ: 8 (8)  Ttime: 1.3889 Vtime: 0.0511
Step: 3200000  Loss: 0.083908 Regul: 0.021585 Obj: 0.105493 (0.097541)  NNZ: 10 (8)  Ttime: 1.3876 Vtime: 0.0515
Best: 3300000  Loss: 0.079710 Regul: 0.016238 Obj: 0.095948 (0.095948)  NNZ: 9 (9)  Ttime: 1.3910 Vtime: 0.0520
Stat: nPR #48 (#72) Dim/MaxDim [384/640] AUC: 0.969433 FPR95: 17.30 [saved]
Step: 3400000  Loss: 0.082505 Regul: 0.016864 Obj: 0.099369 (0.095948)  NNZ: 8 (9)  Ttime: 1.3956 Vtime: 0.0511
Step: 3500000  Loss: 0.293136 Regul: 0.033256 Obj: 0.326392 (0.095948)  NNZ: 11 (9)  Ttime: 1.3901 Vtime: 0.0509
Step: 3600000  Loss: 0.118457 Regul: 0.020989 Obj: 0.139446 (0.095948)  NNZ: 8 (9)  Ttime: 1.3984 Vtime: 0.0521
Step: 3700000  Loss: 0.112088 Regul: 0.026691 Obj: 0.138780 (0.095948)  NNZ: 9 (9)  Ttime: 1.3879 Vtime: 0.0518
Step: 3800000  Loss: 0.105046 Regul: 0.031580 Obj: 0.136626 (0.095948)  NNZ: 11 (9)  Ttime: 1.3931 Vtime: 0.0518
Step: 3900000  Loss: 0.091218 Regul: 0.015900 Obj: 0.107118 (0.095948)  NNZ: 6 (9)  Ttime: 1.3880 Vtime: 0.0515
Step: 4000000  Loss: 0.182725 Regul: 0.016298 Obj: 0.199023 (0.095948)  NNZ: 7 (9)  Ttime: 1.3893 Vtime: 0.0513
Step: 4100000  Loss: 0.091113 Regul: 0.029026 Obj: 0.120138 (0.095948)  NNZ: 10 (9)  Ttime: 1.3949 Vtime: 0.0513
Best: 4200000  Loss: 0.076795 Regul: 0.018564 Obj: 0.095359 (0.095359)  NNZ: 11 (11)  Ttime: 1.3943 Vtime: 0.0517
Stat: nPR #76 (#88) Dim/MaxDim [608/640] AUC: 0.970857 FPR95: 16.06 [saved]
Step: 4300000  Loss: 0.083382 Regul: 0.017177 Obj: 0.100559 (0.095359)  NNZ: 10 (11)  Ttime: 1.3964 Vtime: 0.0518
Step: 4400000  Loss: 0.088571 Regul: 0.028578 Obj: 0.117149 (0.095359)  NNZ: 14 (11)  Ttime: 1.3915 Vtime: 0.0512
Step: 4500000  Loss: 0.077451 Regul: 0.018658 Obj: 0.096108 (0.095359)  NNZ: 9 (11)  Ttime: 1.3862 Vtime: 0.0511
Best: 4600000  Loss: 0.077632 Regul: 0.016556 Obj: 0.094188 (0.094188)  NNZ: 8 (8)  Ttime: 1.3976 Vtime: 0.0511
Stat: nPR #56 (#64) Dim/MaxDim [448/640] AUC: 0.970076 FPR95: 16.54 [saved]
Step: 4700000  Loss: 0.084859 Regul: 0.027587 Obj: 0.112446 (0.094188)  NNZ: 9 (8)  Ttime: 1.3861 Vtime: 0.0519
Step: 4800000  Loss: 0.104219 Regul: 0.021761 Obj: 0.125980 (0.094188)  NNZ: 7 (8)  Ttime: 1.3914 Vtime: 0.0508
Step: 4900000  Loss: 0.075419 Regul: 0.021484 Obj: 0.096902 (0.094188)  NNZ: 11 (8)  Ttime: 1.3864 Vtime: 0.0514
Step: 5000000  Loss: 0.083930 Regul: 0.024458 Obj: 0.108388 (0.094188)  NNZ: 13 (8)  Ttime: 1.4103 Vtime: 0.0520
Step: 5100000  Loss: 0.082620 Regul: 0.025016 Obj: 0.107635 (0.094188)  NNZ: 13 (8)  Ttime: 1.3850 Vtime: 0.0521
Step: 5200000  Loss: 0.088747 Regul: 0.016955 Obj: 0.105702 (0.094188)  NNZ: 8 (8)  Ttime: 1.3851 Vtime: 0.0511
Step: 5300000  Loss: 0.080895 Regul: 0.025510 Obj: 0.106405 (0.094188)  NNZ: 12 (8)  Ttime: 1.3980 Vtime: 0.0510
Step: 5400000  Loss: 0.088238 Regul: 0.019295 Obj: 0.107533 (0.094188)  NNZ: 11 (8)  Ttime: 1.3936 Vtime: 0.0512
Step: 5500000  Loss: 0.082371 Regul: 0.016320 Obj: 0.098692 (0.094188)  NNZ: 8 (8)  Ttime: 1.4188 Vtime: 0.0515
Step: 5600000  Loss: 0.094076 Regul: 0.020264 Obj: 0.114340 (0.094188)  NNZ: 11 (8)  Ttime: 1.3961 Vtime: 0.0506
Step: 5700000  Loss: 0.077735 Regul: 0.024445 Obj: 0.102180 (0.094188)  NNZ: 12 (8)  Ttime: 1.3945 Vtime: 0.0512
Step: 5800000  Loss: 0.079630 Regul: 0.021313 Obj: 0.100944 (0.094188)  NNZ: 8 (8)  Ttime: 1.3865 Vtime: 0.0514
Step: 5900000  Loss: 0.082122 Regul: 0.017174 Obj: 0.099296 (0.094188)  NNZ: 9 (8)  Ttime: 1.3964 Vtime: 0.0516
Step: 6000000  Loss: 0.085978 Regul: 0.018185 Obj: 0.104163 (0.094188)  NNZ: 8 (8)  Ttime: 1.3917 Vtime: 0.0521
Step: 6100000  Loss: 0.079113 Regul: 0.019718 Obj: 0.098831 (0.094188)  NNZ: 9 (8)  Ttime: 1.3945 Vtime: 0.0511
Step: 6200000  Loss: 0.079373 Regul: 0.017754 Obj: 0.097127 (0.094188)  NNZ: 11 (8)  Ttime: 1.3908 Vtime: 0.0514
Best: 6300000  Loss: 0.077988 Regul: 0.011931 Obj: 0.089919 (0.089919)  NNZ: 10 (10)  Ttime: 1.3912 Vtime: 0.0513
Stat: nPR #64 (#80) Dim/MaxDim [512/640] AUC: 0.971203 FPR95: 15.91 [saved]
Step: 6400000  Loss: 0.080648 Regul: 0.025557 Obj: 0.106205 (0.089919)  NNZ: 13 (10)  Ttime: 1.3878 Vtime: 0.0517
Step: 6500000  Loss: 0.082300 Regul: 0.020382 Obj: 0.102682 (0.089919)  NNZ: 11 (10)  Ttime: 1.4044 Vtime: 0.0515
Step: 6600000  Loss: 0.079993 Regul: 0.013892 Obj: 0.093885 (0.089919)  NNZ: 8 (10)  Ttime: 1.3943 Vtime: 0.0516
Step: 6700000  Loss: 0.094322 Regul: 0.020646 Obj: 0.114968 (0.089919)  NNZ: 9 (10)  Ttime: 1.3908 Vtime: 0.0513
Step: 6800000  Loss: 0.089308 Regul: 0.021011 Obj: 0.110320 (0.089919)  NNZ: 9 (10)  Ttime: 1.4000 Vtime: 0.0519
Step: 6900000  Loss: 0.086143 Regul: 0.024645 Obj: 0.110788 (0.089919)  NNZ: 10 (10)  Ttime: 1.3881 Vtime: 0.0515
Step: 7000000  Loss: 0.079311 Regul: 0.025027 Obj: 0.104338 (0.089919)  NNZ: 14 (10)  Ttime: 1.3920 Vtime: 0.0514
Step: 7100000  Loss: 0.094793 Regul: 0.025359 Obj: 0.120152 (0.089919)  NNZ: 10 (10)  Ttime: 1.3894 Vtime: 0.0523
Step: 7200000  Loss: 0.088664 Regul: 0.027595 Obj: 0.116259 (0.089919)  NNZ: 13 (10)  Ttime: 1.3891 Vtime: 0.0516
Step: 7300000  Loss: 0.083579 Regul: 0.027480 Obj: 0.111058 (0.089919)  NNZ: 11 (10)  Ttime: 1.3940 Vtime: 0.0518
Step: 7400000  Loss: 0.080289 Regul: 0.023923 Obj: 0.104212 (0.089919)  NNZ: 12 (10)  Ttime: 1.3914 Vtime: 0.0514
Step: 7500000  Loss: 0.076330 Regul: 0.021245 Obj: 0.097575 (0.089919)  NNZ: 15 (10)  Ttime: 1.3893 Vtime: 0.0509
Step: 7600000  Loss: 0.076255 Regul: 0.020956 Obj: 0.097212 (0.089919)  NNZ: 12 (10)  Ttime: 1.3907 Vtime: 0.0516
Step: 7700000  Loss: 0.079018 Regul: 0.025540 Obj: 0.104559 (0.089919)  NNZ: 14 (10)  Ttime: 1.3893 Vtime: 0.0513
Step: 7800000  Loss: 0.085993 Regul: 0.021868 Obj: 0.107861 (0.089919)  NNZ: 12 (10)  Ttime: 1.3968 Vtime: 0.0510
Step: 7900000  Loss: 0.088522 Regul: 0.034604 Obj: 0.123126 (0.089919)  NNZ: 17 (10)  Ttime: 1.3902 Vtime: 0.0507
Step: 8000000  Loss: 0.077541 Regul: 0.020220 Obj: 0.097762 (0.089919)  NNZ: 11 (10)  Ttime: 1.3889 Vtime: 0.0511
Step: 8100000  Loss: 0.088620 Regul: 0.036346 Obj: 0.124965 (0.089919)  NNZ: 17 (10)  Ttime: 1.3901 Vtime: 0.0512
Step: 8200000  Loss: 0.093532 Regul: 0.024629 Obj: 0.118161 (0.089919)  NNZ: 10 (10)  Ttime: 1.3949 Vtime: 0.0519
Step: 8300000  Loss: 0.093766 Regul: 0.015557 Obj: 0.109322 (0.089919)  NNZ: 10 (10)  Ttime: 1.3850 Vtime: 0.0506
Step: 8400000  Loss: 0.083210 Regul: 0.021953 Obj: 0.105163 (0.089919)  NNZ: 11 (10)  Ttime: 1.4011 Vtime: 0.0514
Step: 8500000  Loss: 0.090399 Regul: 0.037859 Obj: 0.128258 (0.089919)  NNZ: 16 (10)  Ttime: 1.3914 Vtime: 0.0521
Step: 8600000  Loss: 0.094385 Regul: 0.022662 Obj: 0.117047 (0.089919)  NNZ: 11 (10)  Ttime: 1.4005 Vtime: 0.0514
Step: 8700000  Loss: 0.086830 Regul: 0.017534 Obj: 0.104364 (0.089919)  NNZ: 12 (10)  Ttime: 1.4034 Vtime: 0.0514
Step: 8800000  Loss: 0.091257 Regul: 0.020418 Obj: 0.111675 (0.089919)  NNZ: 13 (10)  Ttime: 1.3894 Vtime: 0.0515
Step: 8900000  Loss: 0.075118 Regul: 0.016971 Obj: 0.092089 (0.089919)  NNZ: 8 (10)  Ttime: 1.4054 Vtime: 0.0512
Step: 9000000  Loss: 0.141501 Regul: 0.024579 Obj: 0.166080 (0.089919)  NNZ: 15 (10)  Ttime: 1.3895 Vtime: 0.0526
Step: 9100000  Loss: 0.119013 Regul: 0.029465 Obj: 0.148479 (0.089919)  NNZ: 12 (10)  Ttime: 1.4202 Vtime: 0.0513
Step: 9200000  Loss: 0.079106 Regul: 0.018353 Obj: 0.097459 (0.089919)  NNZ: 10 (10)  Ttime: 1.4098 Vtime: 0.0514
Step: 9300000  Loss: 0.084144 Regul: 0.017737 Obj: 0.101882 (0.089919)  NNZ: 8 (10)  Ttime: 1.4024 Vtime: 0.0513
Step: 9400000  Loss: 0.080519 Regul: 0.023398 Obj: 0.103917 (0.089919)  NNZ: 11 (10)  Ttime: 1.3930 Vtime: 0.0527
Step: 9500000  Loss: 0.082066 Regul: 0.019171 Obj: 0.101237 (0.089919)  NNZ: 11 (10)  Ttime: 1.4107 Vtime: 0.0518
Step: 9600000  Loss: 0.080513 Regul: 0.021725 Obj: 0.102239 (0.089919)  NNZ: 12 (10)  Ttime: 1.3955 Vtime: 0.0516
Best: 9700000  Loss: 0.077304 Regul: 0.012472 Obj: 0.089776 (0.089776)  NNZ: 8 (8)  Ttime: 1.4049 Vtime: 0.0511
Stat: nPR #56 (#64) Dim/MaxDim [448/640] AUC: 0.970923 FPR95: 15.99 [saved]
Step: 9800000  Loss: 0.077709 Regul: 0.022860 Obj: 0.100568 (0.089776)  NNZ: 11 (8)  Ttime: 1.3987 Vtime: 0.0516
Step: 9900000  Loss: 0.111360 Regul: 0.012802 Obj: 0.124161 (0.089776)  NNZ: 6 (8)  Ttime: 1.4000 Vtime: 0.0514
Step: 10000000  Loss: 0.086990 Regul: 0.020495 Obj: 0.107485 (0.089776)  NNZ: 11 (8)  Ttime: 1.3959 Vtime: 0.0518
Step: 10100000  Loss: 0.076431 Regul: 0.019528 Obj: 0.095959 (0.089776)  NNZ: 12 (8)  Ttime: 1.3960 Vtime: 0.0514
Step: 10200000  Loss: 0.074795 Regul: 0.016850 Obj: 0.091646 (0.089776)  NNZ: 10 (8)  Ttime: 1.3939 Vtime: 0.0516
Step: 10300000  Loss: 0.076194 Regul: 0.018320 Obj: 0.094514 (0.089776)  NNZ: 12 (8)  Ttime: 1.4118 Vtime: 0.0519
Step: 10400000  Loss: 0.093494 Regul: 0.010330 Obj: 0.103824 (0.089776)  NNZ: 8 (8)  Ttime: 1.4076 Vtime: 0.0513
Step: 10500000  Loss: 0.082303 Regul: 0.020157 Obj: 0.102460 (0.089776)  NNZ: 12 (8)  Ttime: 1.3996 Vtime: 0.0511
Step: 10600000  Loss: 0.086588 Regul: 0.019133 Obj: 0.105721 (0.089776)  NNZ: 10 (8)  Ttime: 1.4206 Vtime: 0.0517
Step: 10700000  Loss: 0.079490 Regul: 0.022896 Obj: 0.102385 (0.089776)  NNZ: 11 (8)  Ttime: 1.3992 Vtime: 0.0514
Step: 10800000  Loss: 0.085543 Regul: 0.024922 Obj: 0.110465 (0.089776)  NNZ: 15 (8)  Ttime: 1.4078 Vtime: 0.0519
Step: 10900000  Loss: 0.088904 Regul: 0.023654 Obj: 0.112558 (0.089776)  NNZ: 11 (8)  Ttime: 1.4037 Vtime: 0.0514
Step: 11000000  Loss: 0.081851 Regul: 0.019026 Obj: 0.100877 (0.089776)  NNZ: 8 (8)  Ttime: 1.4057 Vtime: 0.0515
Step: 11100000  Loss: 0.079463 Regul: 0.017941 Obj: 0.097404 (0.089776)  NNZ: 11 (8)  Ttime: 1.3994 Vtime: 0.0516
Best: 11200000  Loss: 0.075993 Regul: 0.012648 Obj: 0.088641 (0.088641)  NNZ: 11 (11)  Ttime: 1.4007 Vtime: 0.0519
Stat: nPR #72 (#88) Dim/MaxDim [576/640] AUC: 0.971647 FPR95: 15.54 [saved]
Step: 11300000  Loss: 0.082473 Regul: 0.013510 Obj: 0.095983 (0.088641)  NNZ: 8 (11)  Ttime: 1.4100 Vtime: 0.0511
Step: 11400000  Loss: 0.084107 Regul: 0.014425 Obj: 0.098532 (0.088641)  NNZ: 9 (11)  Ttime: 1.3979 Vtime: 0.0517
Step: 11500000  Loss: 0.083226 Regul: 0.018160 Obj: 0.101387 (0.088641)  NNZ: 10 (11)  Ttime: 1.4033 Vtime: 0.0516
Step: 11600000  Loss: 0.083135 Regul: 0.020176 Obj: 0.103312 (0.088641)  NNZ: 13 (11)  Ttime: 1.4039 Vtime: 0.0512
Step: 11700000  Loss: 0.083841 Regul: 0.025181 Obj: 0.109021 (0.088641)  NNZ: 13 (11)  Ttime: 1.4151 Vtime: 0.0511
Step: 11800000  Loss: 0.077764 Regul: 0.026191 Obj: 0.103955 (0.088641)  NNZ: 14 (11)  Ttime: 1.4068 Vtime: 0.0513
Step: 11900000  Loss: 0.073558 Regul: 0.017682 Obj: 0.091241 (0.088641)  NNZ: 10 (11)  Ttime: 1.4068 Vtime: 0.0517
Step: 12000000  Loss: 0.089677 Regul: 0.021572 Obj: 0.111248 (0.088641)  NNZ: 14 (11)  Ttime: 1.4071 Vtime: 0.0512
Step: 12100000  Loss: 0.080374 Regul: 0.026307 Obj: 0.106681 (0.088641)  NNZ: 14 (11)  Ttime: 1.3946 Vtime: 0.0514
Step: 12200000  Loss: 0.078672 Regul: 0.020319 Obj: 0.098991 (0.088641)  NNZ: 13 (11)  Ttime: 1.3924 Vtime: 0.0510
Step: 12300000  Loss: 0.074483 Regul: 0.017726 Obj: 0.092209 (0.088641)  NNZ: 13 (11)  Ttime: 1.3980 Vtime: 0.0512
Step: 12400000  Loss: 0.081666 Regul: 0.019479 Obj: 0.101145 (0.088641)  NNZ: 9 (11)  Ttime: 1.3978 Vtime: 0.0513
Step: 12500000  Loss: 0.073351 Regul: 0.018391 Obj: 0.091742 (0.088641)  NNZ: 14 (11)  Ttime: 1.4040 Vtime: 0.0515
Step: 12600000  Loss: 0.073738 Regul: 0.017265 Obj: 0.091003 (0.088641)  NNZ: 11 (11)  Ttime: 1.4063 Vtime: 0.0508
Step: 12700000  Loss: 0.074086 Regul: 0.021824 Obj: 0.095911 (0.088641)  NNZ: 11 (11)  Ttime: 1.4000 Vtime: 0.0514
Step: 12800000  Loss: 0.073340 Regul: 0.017018 Obj: 0.090358 (0.088641)  NNZ: 11 (11)  Ttime: 1.4000 Vtime: 0.0518
Step: 12900000  Loss: 0.077312 Regul: 0.016397 Obj: 0.093709 (0.088641)  NNZ: 11 (11)  Ttime: 1.4059 Vtime: 0.0517
Step: 13000000  Loss: 0.098170 Regul: 0.016924 Obj: 0.115094 (0.088641)  NNZ: 10 (11)  Ttime: 1.3963 Vtime: 0.0513
Step: 13100000  Loss: 0.078653 Regul: 0.016243 Obj: 0.094896 (0.088641)  NNZ: 9 (11)  Ttime: 1.4097 Vtime: 0.0508
Step: 13200000  Loss: 0.083440 Regul: 0.019940 Obj: 0.103380 (0.088641)  NNZ: 11 (11)  Ttime: 1.3954 Vtime: 0.0510
Best: 13300000  Loss: 0.074218 Regul: 0.013491 Obj: 0.087709 (0.087709)  NNZ: 14 (14)  Ttime: 1.4086 Vtime: 0.0514
Stat: nPR #88 (#112) Dim/MaxDim [704/640] AUC: 0.971488 FPR95: 15.55
Step: 13400000  Loss: 0.086562 Regul: 0.019979 Obj: 0.106541 (0.087709)  NNZ: 10 (14)  Ttime: 1.4052 Vtime: 0.0517
Step: 13500000  Loss: 0.076599 Regul: 0.018781 Obj: 0.095380 (0.087709)  NNZ: 11 (14)  Ttime: 1.3992 Vtime: 0.0514
Step: 13600000  Loss: 0.077540 Regul: 0.016875 Obj: 0.094415 (0.087709)  NNZ: 12 (14)  Ttime: 1.3992 Vtime: 0.0522
Step: 13700000  Loss: 0.075240 Regul: 0.017111 Obj: 0.092352 (0.087709)  NNZ: 10 (14)  Ttime: 1.4010 Vtime: 0.0517
Step: 13800000  Loss: 0.088291 Regul: 0.013909 Obj: 0.102200 (0.087709)  NNZ: 7 (14)  Ttime: 1.4024 Vtime: 0.0514
Step: 13900000  Loss: 0.073175 Regul: 0.015892 Obj: 0.089066 (0.087709)  NNZ: 12 (14)  Ttime: 1.4010 Vtime: 0.0508
Step: 14000000  Loss: 0.076707 Regul: 0.017507 Obj: 0.094214 (0.087709)  NNZ: 11 (14)  Ttime: 1.3931 Vtime: 0.0516
Step: 14100000  Loss: 0.077505 Regul: 0.018144 Obj: 0.095649 (0.087709)  NNZ: 12 (14)  Ttime: 1.3998 Vtime: 0.0516
Step: 14200000  Loss: 0.088855 Regul: 0.025115 Obj: 0.113969 (0.087709)  NNZ: 17 (14)  Ttime: 1.4020 Vtime: 0.0514
Step: 14300000  Loss: 0.079066 Regul: 0.022797 Obj: 0.101863 (0.087709)  NNZ: 13 (14)  Ttime: 1.3978 Vtime: 0.0520
Step: 14400000  Loss: 0.074383 Regul: 0.021698 Obj: 0.096081 (0.087709)  NNZ: 12 (14)  Ttime: 1.3960 Vtime: 0.0517
Step: 14500000  Loss: 0.073695 Regul: 0.019885 Obj: 0.093580 (0.087709)  NNZ: 11 (14)  Ttime: 1.3984 Vtime: 0.0519
Step: 14600000  Loss: 0.078772 Regul: 0.017221 Obj: 0.095993 (0.087709)  NNZ: 12 (14)  Ttime: 1.3950 Vtime: 0.0515
Step: 14700000  Loss: 0.079805 Regul: 0.013947 Obj: 0.093752 (0.087709)  NNZ: 11 (14)  Ttime: 1.3940 Vtime: 0.0517
Step: 14800000  Loss: 0.076024 Regul: 0.013645 Obj: 0.089669 (0.087709)  NNZ: 11 (14)  Ttime: 1.4122 Vtime: 0.0519
Step: 14900000  Loss: 0.075679 Regul: 0.022039 Obj: 0.097718 (0.087709)  NNZ: 13 (14)  Ttime: 1.4058 Vtime: 0.0514
Step: 15000000  Loss: 0.078816 Regul: 0.016024 Obj: 0.094839 (0.087709)  NNZ: 11 (14)  Ttime: 1.4033 Vtime: 0.0520
Step: 15100000  Loss: 0.080549 Regul: 0.020358 Obj: 0.100907 (0.087709)  NNZ: 18 (14)  Ttime: 1.3943 Vtime: 0.0513
Step: 15200000  Loss: 0.079981 Regul: 0.021357 Obj: 0.101338 (0.087709)  NNZ: 14 (14)  Ttime: 1.3930 Vtime: 0.0517
Step: 15300000  Loss: 0.080371 Regul: 0.019517 Obj: 0.099888 (0.087709)  NNZ: 13 (14)  Ttime: 1.4059 Vtime: 0.0509
Step: 15400000  Loss: 0.074475 Regul: 0.017935 Obj: 0.092410 (0.087709)  NNZ: 11 (14)  Ttime: 1.3951 Vtime: 0.0512
Step: 15500000  Loss: 0.073422 Regul: 0.020017 Obj: 0.093439 (0.087709)  NNZ: 12 (14)  Ttime: 1.3963 Vtime: 0.0513
Step: 15600000  Loss: 0.080396 Regul: 0.014299 Obj: 0.094695 (0.087709)  NNZ: 10 (14)  Ttime: 1.4097 Vtime: 0.0515
Step: 15700000  Loss: 0.081622 Regul: 0.018325 Obj: 0.099948 (0.087709)  NNZ: 12 (14)  Ttime: 1.4007 Vtime: 0.0517
Step: 15800000  Loss: 0.074977 Regul: 0.019413 Obj: 0.094390 (0.087709)  NNZ: 15 (14)  Ttime: 1.4031 Vtime: 0.0513
Step: 15900000  Loss: 0.074114 Regul: 0.017238 Obj: 0.091352 (0.087709)  NNZ: 10 (14)  Ttime: 1.4069 Vtime: 0.0517
Step: 16000000  Loss: 0.076823 Regul: 0.016205 Obj: 0.093028 (0.087709)  NNZ: 10 (14)  Ttime: 1.3989 Vtime: 0.0511
Step: 16100000  Loss: 0.096369 Regul: 0.027246 Obj: 0.123616 (0.087709)  NNZ: 14 (14)  Ttime: 1.3954 Vtime: 0.0515
Step: 16200000  Loss: 0.083261 Regul: 0.025027 Obj: 0.108288 (0.087709)  NNZ: 14 (14)  Ttime: 1.3961 Vtime: 0.0513
Step: 16300000  Loss: 0.076727 Regul: 0.021901 Obj: 0.098628 (0.087709)  NNZ: 11 (14)  Ttime: 1.4057 Vtime: 0.0522
Step: 16400000  Loss: 0.074399 Regul: 0.014914 Obj: 0.089313 (0.087709)  NNZ: 12 (14)  Ttime: 1.4038 Vtime: 0.0518
Step: 16500000  Loss: 0.072413 Regul: 0.018539 Obj: 0.090953 (0.087709)  NNZ: 12 (14)  Ttime: 1.3995 Vtime: 0.0517
Step: 16600000  Loss: 0.077959 Regul: 0.024714 Obj: 0.102673 (0.087709)  NNZ: 13 (14)  Ttime: 1.4161 Vtime: 0.0511
Step: 16700000  Loss: 0.082685 Regul: 0.012920 Obj: 0.095605 (0.087709)  NNZ: 9 (14)  Ttime: 1.3986 Vtime: 0.0516
Step: 16800000  Loss: 0.075747 Regul: 0.020748 Obj: 0.096495 (0.087709)  NNZ: 14 (14)  Ttime: 1.3935 Vtime: 0.0512
Step: 16900000  Loss: 0.077735 Regul: 0.015809 Obj: 0.093544 (0.087709)  NNZ: 9 (14)  Ttime: 1.3990 Vtime: 0.0508
Step: 17000000  Loss: 0.075403 Regul: 0.016880 Obj: 0.092284 (0.087709)  NNZ: 10 (14)  Ttime: 1.4088 Vtime: 0.0512
Step: 17100000  Loss: 0.083779 Regul: 0.017111 Obj: 0.100890 (0.087709)  NNZ: 14 (14)  Ttime: 1.4071 Vtime: 0.0517
Step: 17200000  Loss: 0.073191 Regul: 0.015436 Obj: 0.088626 (0.087709)  NNZ: 11 (14)  Ttime: 1.4033 Vtime: 0.0516
Step: 17300000  Loss: 0.083679 Regul: 0.016688 Obj: 0.100367 (0.087709)  NNZ: 9 (14)  Ttime: 1.4022 Vtime: 0.0522
Step: 17400000  Loss: 0.076422 Regul: 0.019556 Obj: 0.095978 (0.087709)  NNZ: 11 (14)  Ttime: 1.4036 Vtime: 0.0515
Best: 17500000  Loss: 0.074627 Regul: 0.012239 Obj: 0.086866 (0.086866)  NNZ: 13 (13)  Ttime: 1.4014 Vtime: 0.0522
Stat: nPR #92 (#104) Dim/MaxDim [736/640] AUC: 0.971927 FPR95: 15.21
Step: 17600000  Loss: 0.086679 Regul: 0.009959 Obj: 0.096638 (0.086866)  NNZ: 6 (13)  Ttime: 1.4001 Vtime: 0.0512
Step: 17700000  Loss: 0.076433 Regul: 0.014315 Obj: 0.090748 (0.086866)  NNZ: 10 (13)  Ttime: 1.3965 Vtime: 0.0520
Step: 17800000  Loss: 0.081659 Regul: 0.015189 Obj: 0.096848 (0.086866)  NNZ: 9 (13)  Ttime: 1.4416 Vtime: 0.0519
Step: 17900000  Loss: 0.078018 Regul: 0.022335 Obj: 0.100353 (0.086866)  NNZ: 10 (13)  Ttime: 1.3992 Vtime: 0.0514
Step: 18000000  Loss: 0.075684 Regul: 0.017177 Obj: 0.092861 (0.086866)  NNZ: 12 (13)  Ttime: 1.4198 Vtime: 0.0514
Step: 18100000  Loss: 0.079745 Regul: 0.013211 Obj: 0.092956 (0.086866)  NNZ: 8 (13)  Ttime: 1.4045 Vtime: 0.0515
Step: 18200000  Loss: 0.075423 Regul: 0.014793 Obj: 0.090216 (0.086866)  NNZ: 10 (13)  Ttime: 1.4060 Vtime: 0.0517
Step: 18300000  Loss: 0.076004 Regul: 0.019847 Obj: 0.095851 (0.086866)  NNZ: 14 (13)  Ttime: 1.4147 Vtime: 0.0521
Step: 18400000  Loss: 0.087948 Regul: 0.016133 Obj: 0.104081 (0.086866)  NNZ: 10 (13)  Ttime: 1.4005 Vtime: 0.0515
Step: 18500000  Loss: 0.076726 Regul: 0.011448 Obj: 0.088174 (0.086866)  NNZ: 10 (13)  Ttime: 1.3927 Vtime: 0.0503
Step: 18600000  Loss: 0.078826 Regul: 0.017172 Obj: 0.095998 (0.086866)  NNZ: 10 (13)  Ttime: 1.4086 Vtime: 0.0517
Step: 18700000  Loss: 0.078450 Regul: 0.021374 Obj: 0.099824 (0.086866)  NNZ: 14 (13)  Ttime: 1.3986 Vtime: 0.0510
Step: 18800000  Loss: 0.089581 Regul: 0.013793 Obj: 0.103375 (0.086866)  NNZ: 8 (13)  Ttime: 1.4039 Vtime: 0.0514
Step: 18900000  Loss: 0.079606 Regul: 0.015656 Obj: 0.095261 (0.086866)  NNZ: 11 (13)  Ttime: 1.4149 Vtime: 0.0514
Step: 19000000  Loss: 0.075685 Regul: 0.022033 Obj: 0.097718 (0.086866)  NNZ: 15 (13)  Ttime: 1.4005 Vtime: 0.0522
Step: 19100000  Loss: 0.077874 Regul: 0.019308 Obj: 0.097183 (0.086866)  NNZ: 12 (13)  Ttime: 1.4179 Vtime: 0.0512
Step: 19200000  Loss: 0.086282 Regul: 0.013228 Obj: 0.099510 (0.086866)  NNZ: 10 (13)  Ttime: 1.4351 Vtime: 0.0513
Step: 19300000  Loss: 0.075552 Regul: 0.014370 Obj: 0.089922 (0.086866)  NNZ: 13 (13)  Ttime: 1.4052 Vtime: 0.0509
Step: 19400000  Loss: 0.077309 Regul: 0.016666 Obj: 0.093975 (0.086866)  NNZ: 11 (13)  Ttime: 1.3943 Vtime: 0.0521
Step: 19500000  Loss: 0.073920 Regul: 0.013304 Obj: 0.087224 (0.086866)  NNZ: 10 (13)  Ttime: 1.3976 Vtime: 0.0513
Step: 19600000  Loss: 0.077439 Regul: 0.013755 Obj: 0.091194 (0.086866)  NNZ: 12 (13)  Ttime: 1.3951 Vtime: 0.0511
Step: 19700000  Loss: 0.077815 Regul: 0.021039 Obj: 0.098854 (0.086866)  NNZ: 12 (13)  Ttime: 1.3968 Vtime: 0.0517
Step: 19800000  Loss: 0.074330 Regul: 0.017177 Obj: 0.091507 (0.086866)  NNZ: 12 (13)  Ttime: 1.3933 Vtime: 0.0518
Step: 19900000  Loss: 0.080107 Regul: 0.011618 Obj: 0.091725 (0.086866)  NNZ: 12 (13)  Ttime: 1.4292 Vtime: 0.0516
Step: 20000000  Loss: 0.094315 Regul: 0.015227 Obj: 0.109542 (0.086866)  NNZ: 9 (13)  Ttime: 1.3996 Vtime: 0.0512
Step: 20100000  Loss: 0.081183 Regul: 0.016100 Obj: 0.097283 (0.086866)  NNZ: 16 (13)  Ttime: 1.3991 Vtime: 0.0523
Step: 20200000  Loss: 0.079302 Regul: 0.015568 Obj: 0.094869 (0.086866)  NNZ: 13 (13)  Ttime: 1.4040 Vtime: 0.0514
Step: 20300000  Loss: 0.121525 Regul: 0.019968 Obj: 0.141492 (0.086866)  NNZ: 16 (13)  Ttime: 1.4017 Vtime: 0.0513
Step: 20400000  Loss: 0.081874 Regul: 0.017100 Obj: 0.098974 (0.086866)  NNZ: 11 (13)  Ttime: 1.4037 Vtime: 0.0517
Step: 20500000  Loss: 0.074311 Regul: 0.017012 Obj: 0.091323 (0.086866)  NNZ: 14 (13)  Ttime: 1.3994 Vtime: 0.0519
Step: 20600000  Loss: 0.096650 Regul: 0.017172 Obj: 0.113822 (0.086866)  NNZ: 13 (13)  Ttime: 1.4015 Vtime: 0.0518
Step: 20700000  Loss: 0.075508 Regul: 0.018204 Obj: 0.093713 (0.086866)  NNZ: 13 (13)  Ttime: 1.4042 Vtime: 0.0516
Step: 20800000  Loss: 0.078584 Regul: 0.015090 Obj: 0.093674 (0.086866)  NNZ: 14 (13)  Ttime: 1.3973 Vtime: 0.0515
Step: 20900000  Loss: 0.097962 Regul: 0.010503 Obj: 0.108465 (0.086866)  NNZ: 10 (13)  Ttime: 1.4035 Vtime: 0.0512
Step: 21000000  Loss: 0.076424 Regul: 0.015694 Obj: 0.092118 (0.086866)  NNZ: 11 (13)  Ttime: 1.4068 Vtime: 0.0512
Step: 21100000  Loss: 0.078124 Regul: 0.019957 Obj: 0.098080 (0.086866)  NNZ: 12 (13)  Ttime: 1.3930 Vtime: 0.0519
Step: 21200000  Loss: 0.074514 Regul: 0.014870 Obj: 0.089383 (0.086866)  NNZ: 12 (13)  Ttime: 1.3970 Vtime: 0.0507
Step: 21300000  Loss: 0.075026 Regul: 0.014200 Obj: 0.089226 (0.086866)  NNZ: 7 (13)  Ttime: 1.4003 Vtime: 0.0511
Step: 21400000  Loss: 0.080419 Regul: 0.013326 Obj: 0.093745 (0.086866)  NNZ: 11 (13)  Ttime: 1.4020 Vtime: 0.0520
Step: 21500000  Loss: 0.077561 Regul: 0.018490 Obj: 0.096051 (0.086866)  NNZ: 11 (13)  Ttime: 1.4055 Vtime: 0.0514
Step: 21600000  Loss: 0.083966 Regul: 0.014859 Obj: 0.098825 (0.086866)  NNZ: 11 (13)  Ttime: 1.4098 Vtime: 0.0515
Step: 21700000  Loss: 0.073239 Regul: 0.018715 Obj: 0.091954 (0.086866)  NNZ: 12 (13)  Ttime: 1.4107 Vtime: 0.0516
Step: 21800000  Loss: 0.099372 Regul: 0.017924 Obj: 0.117296 (0.086866)  NNZ: 14 (13)  Ttime: 1.4023 Vtime: 0.0516
Step: 21900000  Loss: 0.078171 Regul: 0.022961 Obj: 0.101132 (0.086866)  NNZ: 15 (13)  Ttime: 1.3963 Vtime: 0.0515
Step: 22000000  Loss: 0.076396 Regul: 0.020533 Obj: 0.096929 (0.086866)  NNZ: 13 (13)  Ttime: 1.4064 Vtime: 0.0512
Step: 22100000  Loss: 0.090554 Regul: 0.013365 Obj: 0.103919 (0.086866)  NNZ: 8 (13)  Ttime: 1.4067 Vtime: 0.0518
Step: 22200000  Loss: 0.072848 Regul: 0.021099 Obj: 0.093947 (0.086866)  NNZ: 13 (13)  Ttime: 1.4022 Vtime: 0.0515
Step: 22300000  Loss: 0.099326 Regul: 0.007482 Obj: 0.106807 (0.086866)  NNZ: 8 (13)  Ttime: 1.3975 Vtime: 0.0512
Step: 22400000  Loss: 0.086305 Regul: 0.014194 Obj: 0.100500 (0.086866)  NNZ: 10 (13)  Ttime: 1.3997 Vtime: 0.0511
Step: 22500000  Loss: 0.092586 Regul: 0.014255 Obj: 0.106840 (0.086866)  NNZ: 11 (13)  Ttime: 1.3954 Vtime: 0.0522
Step: 22600000  Loss: 0.092803 Regul: 0.012816 Obj: 0.105619 (0.086866)  NNZ: 12 (13)  Ttime: 1.4073 Vtime: 0.0514
Step: 22700000  Loss: 0.077998 Regul: 0.019144 Obj: 0.097142 (0.086866)  NNZ: 14 (13)  Ttime: 1.4096 Vtime: 0.0518
Step: 22800000  Loss: 0.081021 Regul: 0.018446 Obj: 0.099467 (0.086866)  NNZ: 12 (13)  Ttime: 1.3972 Vtime: 0.0510
Step: 22900000  Loss: 0.074497 Regul: 0.013975 Obj: 0.088472 (0.086866)  NNZ: 12 (13)  Ttime: 1.3968 Vtime: 0.0517
Step: 23000000  Loss: 0.072724 Regul: 0.015271 Obj: 0.087995 (0.086866)  NNZ: 10 (13)  Ttime: 1.4089 Vtime: 0.0514
Step: 23100000  Loss: 0.076157 Regul: 0.014716 Obj: 0.090873 (0.086866)  NNZ: 10 (13)  Ttime: 1.4133 Vtime: 0.0513
Step: 23200000  Loss: 0.077651 Regul: 0.015375 Obj: 0.093026 (0.086866)  NNZ: 10 (13)  Ttime: 1.3966 Vtime: 0.0512
Step: 23300000  Loss: 0.085970 Regul: 0.012794 Obj: 0.098764 (0.086866)  NNZ: 7 (13)  Ttime: 1.4168 Vtime: 0.0518
Step: 23400000  Loss: 0.074551 Regul: 0.016161 Obj: 0.090711 (0.086866)  NNZ: 12 (13)  Ttime: 1.3975 Vtime: 0.0513
Step: 23500000  Loss: 0.086870 Regul: 0.010278 Obj: 0.097148 (0.086866)  NNZ: 7 (13)  Ttime: 1.4101 Vtime: 0.0517
Step: 23600000  Loss: 0.076668 Regul: 0.018287 Obj: 0.094955 (0.086866)  NNZ: 12 (13)  Ttime: 1.4013 Vtime: 0.0510
Step: 23700000  Loss: 0.074152 Regul: 0.016490 Obj: 0.090643 (0.086866)  NNZ: 12 (13)  Ttime: 1.4019 Vtime: 0.0513
Step: 23800000  Loss: 0.075055 Regul: 0.020874 Obj: 0.095929 (0.086866)  NNZ: 14 (13)  Ttime: 1.4058 Vtime: 0.0518
Step: 23900000  Loss: 0.074956 Regul: 0.014288 Obj: 0.089244 (0.086866)  NNZ: 11 (13)  Ttime: 1.4026 Vtime: 0.0507
Step: 24000000  Loss: 0.075014 Regul: 0.017781 Obj: 0.092795 (0.086866)  NNZ: 14 (13)  Ttime: 1.3961 Vtime: 0.0512
Step: 24100000  Loss: 0.072959 Regul: 0.018116 Obj: 0.091076 (0.086866)  NNZ: 9 (13)  Ttime: 1.4050 Vtime: 0.0514
Step: 24200000  Loss: 0.077992 Regul: 0.016216 Obj: 0.094208 (0.086866)  NNZ: 11 (13)  Ttime: 1.3998 Vtime: 0.0516
Step: 24300000  Loss: 0.142397 Regul: 0.014420 Obj: 0.156816 (0.086866)  NNZ: 12 (13)  Ttime: 1.4202 Vtime: 0.0511
Step: 24400000  Loss: 0.075473 Regul: 0.012349 Obj: 0.087822 (0.086866)  NNZ: 8 (13)  Ttime: 1.4121 Vtime: 0.0515
Step: 24500000  Loss: 0.080656 Regul: 0.011871 Obj: 0.092527 (0.086866)  NNZ: 10 (13)  Ttime: 1.3964 Vtime: 0.0511
Step: 24600000  Loss: 0.073283 Regul: 0.018798 Obj: 0.092080 (0.086866)  NNZ: 14 (13)  Ttime: 1.4159 Vtime: 0.0518
Step: 24700000  Loss: 0.077439 Regul: 0.017540 Obj: 0.094979 (0.086866)  NNZ: 14 (13)  Ttime: 1.4052 Vtime: 0.0517
Step: 24800000  Loss: 0.075638 Regul: 0.013535 Obj: 0.089173 (0.086866)  NNZ: 11 (13)  Ttime: 1.4036 Vtime: 0.0514
Step: 24900000  Loss: 0.084408 Regul: 0.021193 Obj: 0.105601 (0.086866)  NNZ: 12 (13)  Ttime: 1.4335 Vtime: 0.0520
Step: 25000000  Loss: 0.073965 Regul: 0.020297 Obj: 0.094262 (0.086866)  NNZ: 17 (13)  Ttime: 1.4017 Vtime: 0.0518
Step: 25100000  Loss: 0.074448 Regul: 0.017023 Obj: 0.091472 (0.086866)  NNZ: 12 (13)  Ttime: 1.3954 Vtime: 0.0517
Step: 25200000  Loss: 0.096117 Regul: 0.013046 Obj: 0.109163 (0.086866)  NNZ: 12 (13)  Ttime: 1.4036 Vtime: 0.0514
Step: 25300000  Loss: 0.091720 Regul: 0.011920 Obj: 0.103640 (0.086866)  NNZ: 8 (13)  Ttime: 1.3922 Vtime: 0.0509
Step: 25400000  Loss: 0.084938 Regul: 0.014057 Obj: 0.098995 (0.086866)  NNZ: 12 (13)  Ttime: 1.4406 Vtime: 0.0519
Step: 25500000  Loss: 0.079375 Regul: 0.013870 Obj: 0.093246 (0.086866)  NNZ: 10 (13)  Ttime: 1.3923 Vtime: 0.0517
Step: 25600000  Loss: 0.073954 Regul: 0.018375 Obj: 0.092328 (0.086866)  NNZ: 14 (13)  Ttime: 1.3923 Vtime: 0.0508
Step: 25700000  Loss: 0.082282 Regul: 0.011277 Obj: 0.093559 (0.086866)  NNZ: 8 (13)  Ttime: 1.4163 Vtime: 0.0516
Step: 25800000  Loss: 0.092886 Regul: 0.010887 Obj: 0.103773 (0.086866)  NNZ: 10 (13)  Ttime: 1.3904 Vtime: 0.0514
Step: 25900000  Loss: 0.075086 Regul: 0.016968 Obj: 0.092055 (0.086866)  NNZ: 10 (13)  Ttime: 1.3954 Vtime: 0.0515
Step: 26000000  Loss: 0.074603 Regul: 0.014238 Obj: 0.088841 (0.086866)  NNZ: 13 (13)  Ttime: 1.3951 Vtime: 0.0509
Step: 26100000  Loss: 0.082328 Regul: 0.016782 Obj: 0.099110 (0.086866)  NNZ: 12 (13)  Ttime: 1.3938 Vtime: 0.0516
Step: 26200000  Loss: 0.079533 Regul: 0.016523 Obj: 0.096056 (0.086866)  NNZ: 10 (13)  Ttime: 1.3924 Vtime: 0.0523
Step: 26300000  Loss: 0.077461 Regul: 0.014656 Obj: 0.092117 (0.086866)  NNZ: 10 (13)  Ttime: 1.3899 Vtime: 0.0513
Step: 26400000  Loss: 0.109820 Regul: 0.009047 Obj: 0.118867 (0.086866)  NNZ: 6 (13)  Ttime: 1.3905 Vtime: 0.0510
Step: 26500000  Loss: 0.076435 Regul: 0.016260 Obj: 0.092695 (0.086866)  NNZ: 11 (13)  Ttime: 1.3923 Vtime: 0.0517
Step: 26600000  Loss: 0.078361 Regul: 0.011986 Obj: 0.090347 (0.086866)  NNZ: 11 (13)  Ttime: 1.3913 Vtime: 0.0508
Step: 26700000  Loss: 0.077573 Regul: 0.013381 Obj: 0.090954 (0.086866)  NNZ: 8 (13)  Ttime: 1.3855 Vtime: 0.0510
Step: 26800000  Loss: 0.091813 Regul: 0.025735 Obj: 0.117549 (0.086866)  NNZ: 18 (13)  Ttime: 1.3999 Vtime: 0.0516
Step: 26900000  Loss: 0.073977 Regul: 0.014930 Obj: 0.088907 (0.086866)  NNZ: 15 (13)  Ttime: 1.3864 Vtime: 0.0513
Step: 27000000  Loss: 0.075143 Regul: 0.013793 Obj: 0.088936 (0.086866)  NNZ: 8 (13)  Ttime: 1.3869 Vtime: 0.0519
Step: 27100000  Loss: 0.074867 Regul: 0.012568 Obj: 0.087435 (0.086866)  NNZ: 11 (13)  Ttime: 1.3950 Vtime: 0.0515
Step: 27200000  Loss: 0.081265 Regul: 0.012980 Obj: 0.094245 (0.086866)  NNZ: 8 (13)  Ttime: 1.3921 Vtime: 0.0516
Step: 27300000  Loss: 0.076985 Regul: 0.017430 Obj: 0.094415 (0.086866)  NNZ: 9 (13)  Ttime: 1.4241 Vtime: 0.0520
Step: 27400000  Loss: 0.079260 Regul: 0.015183 Obj: 0.094444 (0.086866)  NNZ: 12 (13)  Ttime: 1.3941 Vtime: 0.0516
Step: 27500000  Loss: 0.080503 Regul: 0.011371 Obj: 0.091874 (0.086866)  NNZ: 10 (13)  Ttime: 1.4051 Vtime: 0.0514
Step: 27600000  Loss: 0.077351 Regul: 0.015985 Obj: 0.093336 (0.086866)  NNZ: 14 (13)  Ttime: 1.4105 Vtime: 0.0516
Step: 27700000  Loss: 0.076744 Regul: 0.014865 Obj: 0.091609 (0.086866)  NNZ: 10 (13)  Ttime: 1.4245 Vtime: 0.0512
Step: 27800000  Loss: 0.073003 Regul: 0.014090 Obj: 0.087093 (0.086866)  NNZ: 11 (13)  Ttime: 1.4018 Vtime: 0.0514
Step: 27900000  Loss: 0.105050 Regul: 0.007800 Obj: 0.112850 (0.086866)  NNZ: 8 (13)  Ttime: 1.4030 Vtime: 0.0508
Step: 28000000  Loss: 0.081082 Regul: 0.010492 Obj: 0.091574 (0.086866)  NNZ: 8 (13)  Ttime: 1.4061 Vtime: 0.0507
Step: 28100000  Loss: 0.074486 Regul: 0.018561 Obj: 0.093047 (0.086866)  NNZ: 15 (13)  Ttime: 1.4197 Vtime: 0.0522
Step: 28200000  Loss: 0.085134 Regul: 0.016875 Obj: 0.102009 (0.086866)  NNZ: 12 (13)  Ttime: 1.3972 Vtime: 0.0516
Step: 28300000  Loss: 0.096335 Regul: 0.010206 Obj: 0.106541 (0.086866)  NNZ: 8 (13)  Ttime: 1.4165 Vtime: 0.0510
Step: 28400000  Loss: 0.087080 Regul: 0.010756 Obj: 0.097835 (0.086866)  NNZ: 9 (13)  Ttime: 1.4030 Vtime: 0.0514
Step: 28500000  Loss: 0.077346 Regul: 0.011255 Obj: 0.088602 (0.086866)  NNZ: 10 (13)  Ttime: 1.3996 Vtime: 0.0515
Step: 28600000  Loss: 0.076930 Regul: 0.011766 Obj: 0.088697 (0.086866)  NNZ: 9 (13)  Ttime: 1.4191 Vtime: 0.0516
Step: 28700000  Loss: 0.077347 Regul: 0.015925 Obj: 0.093271 (0.086866)  NNZ: 14 (13)  Ttime: 1.3993 Vtime: 0.0507
Step: 28800000  Loss: 0.072904 Regul: 0.015161 Obj: 0.088065 (0.086866)  NNZ: 12 (13)  Ttime: 1.4154 Vtime: 0.0509
Step: 28900000  Loss: 0.072014 Regul: 0.016617 Obj: 0.088631 (0.086866)  NNZ: 14 (13)  Ttime: 1.4008 Vtime: 0.0519
Step: 29000000  Loss: 0.075308 Regul: 0.017166 Obj: 0.092475 (0.086866)  NNZ: 13 (13)  Ttime: 1.4257 Vtime: 0.0522
Best: 29100000  Loss: 0.073261 Regul: 0.013200 Obj: 0.086461 (0.086461)  NNZ: 10 (10)  Ttime: 1.3990 Vtime: 0.0510
Stat: nPR #64 (#80) Dim/MaxDim [512/640] AUC: 0.972301 FPR95: 14.86 [saved]
Step: 29200000  Loss: 0.075375 Regul: 0.013947 Obj: 0.089323 (0.086461)  NNZ: 15 (10)  Ttime: 1.4031 Vtime: 0.0520
Step: 29300000  Loss: 0.084999 Regul: 0.017820 Obj: 0.102819 (0.086461)  NNZ: 12 (10)  Ttime: 1.4146 Vtime: 0.0519
Step: 29400000  Loss: 0.081730 Regul: 0.012486 Obj: 0.094216 (0.086461)  NNZ: 9 (10)  Ttime: 1.4138 Vtime: 0.0517
Step: 29500000  Loss: 0.074238 Regul: 0.016721 Obj: 0.090960 (0.086461)  NNZ: 14 (10)  Ttime: 1.4200 Vtime: 0.0510
Step: 29600000  Loss: 0.095010 Regul: 0.008344 Obj: 0.103354 (0.086461)  NNZ: 11 (10)  Ttime: 1.3959 Vtime: 0.0511
Step: 29700000  Loss: 0.082138 Regul: 0.012052 Obj: 0.094190 (0.086461)  NNZ: 12 (10)  Ttime: 1.4217 Vtime: 0.0511
Step: 29800000  Loss: 0.078298 Regul: 0.015848 Obj: 0.094146 (0.086461)  NNZ: 13 (10)  Ttime: 1.4006 Vtime: 0.0513
Step: 29900000  Loss: 0.088757 Regul: 0.009514 Obj: 0.098271 (0.086461)  NNZ: 6 (10)  Ttime: 1.3976 Vtime: 0.0507
Step: 30000000  Loss: 0.077593 Regul: 0.020380 Obj: 0.097973 (0.086461)  NNZ: 13 (10)  Ttime: 1.4236 Vtime: 0.0515
Step: 30100000  Loss: 0.079011 Regul: 0.016930 Obj: 0.095941 (0.086461)  NNZ: 9 (10)  Ttime: 1.4001 Vtime: 0.0516
Step: 30200000  Loss: 0.088900 Regul: 0.011926 Obj: 0.100826 (0.086461)  NNZ: 8 (10)  Ttime: 1.3931 Vtime: 0.0512
Step: 30300000  Loss: 0.082931 Regul: 0.011365 Obj: 0.094297 (0.086461)  NNZ: 9 (10)  Ttime: 1.4020 Vtime: 0.0514
Step: 30400000  Loss: 0.088522 Regul: 0.012288 Obj: 0.100810 (0.086461)  NNZ: 7 (10)  Ttime: 1.4045 Vtime: 0.0517
Step: 30500000  Loss: 0.085499 Regul: 0.010432 Obj: 0.095931 (0.086461)  NNZ: 9 (10)  Ttime: 1.3950 Vtime: 0.0511
Step: 30600000  Loss: 0.090840 Regul: 0.010783 Obj: 0.101623 (0.086461)  NNZ: 8 (10)  Ttime: 1.3993 Vtime: 0.0509
Step: 30700000  Loss: 0.076164 Regul: 0.015820 Obj: 0.091984 (0.086461)  NNZ: 11 (10)  Ttime: 1.4089 Vtime: 0.0514
Step: 30800000  Loss: 0.119910 Regul: 0.010673 Obj: 0.130583 (0.086461)  NNZ: 9 (10)  Ttime: 1.3986 Vtime: 0.0510
Step: 30900000  Loss: 0.078089 Regul: 0.017408 Obj: 0.095497 (0.086461)  NNZ: 13 (10)  Ttime: 1.4020 Vtime: 0.0518
Step: 31000000  Loss: 0.071238 Regul: 0.016068 Obj: 0.087305 (0.086461)  NNZ: 13 (10)  Ttime: 1.3959 Vtime: 0.0525
Step: 31100000  Loss: 0.074018 Regul: 0.017380 Obj: 0.091398 (0.086461)  NNZ: 13 (10)  Ttime: 1.4123 Vtime: 0.0516
Step: 31200000  Loss: 0.077728 Regul: 0.012645 Obj: 0.090373 (0.086461)  NNZ: 11 (10)  Ttime: 1.4134 Vtime: 0.0516
Step: 31300000  Loss: 0.088939 Regul: 0.009476 Obj: 0.098414 (0.086461)  NNZ: 9 (10)  Ttime: 1.4052 Vtime: 0.0514
Step: 31400000  Loss: 0.078085 Regul: 0.015156 Obj: 0.093241 (0.086461)  NNZ: 7 (10)  Ttime: 1.4152 Vtime: 0.0514
Step: 31500000  Loss: 0.076562 Regul: 0.011442 Obj: 0.088004 (0.086461)  NNZ: 13 (10)  Ttime: 1.4064 Vtime: 0.0523
Step: 31600000  Loss: 0.100840 Regul: 0.013167 Obj: 0.114007 (0.086461)  NNZ: 8 (10)  Ttime: 1.4025 Vtime: 0.0523
Step: 31700000  Loss: 0.084446 Regul: 0.010591 Obj: 0.095037 (0.086461)  NNZ: 11 (10)  Ttime: 1.3979 Vtime: 0.0512
Step: 31800000  Loss: 0.075246 Regul: 0.018018 Obj: 0.093263 (0.086461)  NNZ: 12 (10)  Ttime: 1.3951 Vtime: 0.0518
Step: 31900000  Loss: 0.073904 Regul: 0.014738 Obj: 0.088642 (0.086461)  NNZ: 13 (10)  Ttime: 1.3964 Vtime: 0.0511
Step: 32000000  Loss: 0.079048 Regul: 0.012662 Obj: 0.091710 (0.086461)  NNZ: 10 (10)  Ttime: 1.4043 Vtime: 0.0518
Step: 32100000  Loss: 0.078617 Regul: 0.013837 Obj: 0.092454 (0.086461)  NNZ: 12 (10)  Ttime: 1.4010 Vtime: 0.0520
Step: 32200000  Loss: 0.091272 Regul: 0.014782 Obj: 0.106054 (0.086461)  NNZ: 11 (10)  Ttime: 1.4021 Vtime: 0.0518
Step: 32300000  Loss: 0.098030 Regul: 0.008492 Obj: 0.106523 (0.086461)  NNZ: 6 (10)  Ttime: 1.3995 Vtime: 0.0515
Step: 32400000  Loss: 0.074275 Regul: 0.018814 Obj: 0.093089 (0.086461)  NNZ: 12 (10)  Ttime: 1.4096 Vtime: 0.0517
Step: 32500000  Loss: 0.075344 Regul: 0.018501 Obj: 0.093845 (0.086461)  NNZ: 15 (10)  Ttime: 1.3948 Vtime: 0.0507
Step: 32600000  Loss: 0.074795 Regul: 0.013189 Obj: 0.087984 (0.086461)  NNZ: 11 (10)  Ttime: 1.4038 Vtime: 0.0520
Step: 32700000  Loss: 0.075094 Regul: 0.014810 Obj: 0.089904 (0.086461)  NNZ: 12 (10)  Ttime: 1.3978 Vtime: 0.0513
Step: 32800000  Loss: 0.076948 Regul: 0.013870 Obj: 0.090818 (0.086461)  NNZ: 10 (10)  Ttime: 1.4090 Vtime: 0.0521
Step: 32900000  Loss: 0.116024 Regul: 0.010294 Obj: 0.126319 (0.086461)  NNZ: 10 (10)  Ttime: 1.3999 Vtime: 0.0512
Step: 33000000  Loss: 0.075761 Regul: 0.011283 Obj: 0.087044 (0.086461)  NNZ: 12 (10)  Ttime: 1.4078 Vtime: 0.0511
Step: 33100000  Loss: 0.080160 Regul: 0.012991 Obj: 0.093152 (0.086461)  NNZ: 11 (10)  Ttime: 1.4108 Vtime: 0.0517
Step: 33200000  Loss: 0.082343 Regul: 0.013958 Obj: 0.096301 (0.086461)  NNZ: 10 (10)  Ttime: 1.4107 Vtime: 0.0516
Step: 33300000  Loss: 0.090950 Regul: 0.011915 Obj: 0.102865 (0.086461)  NNZ: 11 (10)  Ttime: 1.4045 Vtime: 0.0520
Step: 33400000  Loss: 0.074919 Regul: 0.015815 Obj: 0.090734 (0.086461)  NNZ: 11 (10)  Ttime: 1.4108 Vtime: 0.0511
Step: 33500000  Loss: 0.083919 Regul: 0.012074 Obj: 0.095993 (0.086461)  NNZ: 7 (10)  Ttime: 1.3972 Vtime: 0.0520
Step: 33600000  Loss: 0.083566 Regul: 0.024109 Obj: 0.107676 (0.086461)  NNZ: 15 (10)  Ttime: 1.3972 Vtime: 0.0512
Step: 33700000  Loss: 0.081202 Regul: 0.028257 Obj: 0.109459 (0.086461)  NNZ: 15 (10)  Ttime: 1.3951 Vtime: 0.0516
Step: 33800000  Loss: 0.082728 Regul: 0.024153 Obj: 0.106881 (0.086461)  NNZ: 15 (10)  Ttime: 1.3957 Vtime: 0.0512
Step: 33900000  Loss: 0.073936 Regul: 0.019885 Obj: 0.093821 (0.086461)  NNZ: 14 (10)  Ttime: 1.3927 Vtime: 0.0518
Step: 34000000  Loss: 0.080484 Regul: 0.024478 Obj: 0.104962 (0.086461)  NNZ: 15 (10)  Ttime: 1.3989 Vtime: 0.0522
Step: 34100000  Loss: 0.084151 Regul: 0.024401 Obj: 0.108552 (0.086461)  NNZ: 13 (10)  Ttime: 1.4035 Vtime: 0.0517
Step: 34200000  Loss: 0.077000 Regul: 0.023741 Obj: 0.100741 (0.086461)  NNZ: 14 (10)  Ttime: 1.4013 Vtime: 0.0512
Step: 34300000  Loss: 0.087277 Regul: 0.025082 Obj: 0.112359 (0.086461)  NNZ: 16 (10)  Ttime: 1.3973 Vtime: 0.0509
Step: 34400000  Loss: 0.076790 Regul: 0.017820 Obj: 0.094610 (0.086461)  NNZ: 11 (10)  Ttime: 1.4157 Vtime: 0.0523
Step: 34500000  Loss: 0.075843 Regul: 0.016512 Obj: 0.092356 (0.086461)  NNZ: 16 (10)  Ttime: 1.4253 Vtime: 0.0511
Step: 34600000  Loss: 0.075702 Regul: 0.015106 Obj: 0.090808 (0.086461)  NNZ: 10 (10)  Ttime: 1.3925 Vtime: 0.0516
Step: 34700000  Loss: 0.093945 Regul: 0.025741 Obj: 0.119686 (0.086461)  NNZ: 16 (10)  Ttime: 1.3970 Vtime: 0.0510
Step: 34800000  Loss: 0.076592 Regul: 0.022258 Obj: 0.098850 (0.086461)  NNZ: 12 (10)  Ttime: 1.3980 Vtime: 0.0513
Step: 34900000  Loss: 0.073722 Regul: 0.019687 Obj: 0.093409 (0.086461)  NNZ: 14 (10)  Ttime: 1.4093 Vtime: 0.0511
Step: 35000000  Loss: 0.075278 Regul: 0.016254 Obj: 0.091532 (0.086461)  NNZ: 11 (10)  Ttime: 1.3990 Vtime: 0.0515
Step: 35100000  Loss: 0.074479 Regul: 0.022456 Obj: 0.096935 (0.086461)  NNZ: 12 (10)  Ttime: 1.3963 Vtime: 0.0509
Step: 35200000  Loss: 0.077505 Regul: 0.024769 Obj: 0.102273 (0.086461)  NNZ: 15 (10)  Ttime: 1.3947 Vtime: 0.0515
Step: 35300000  Loss: 0.078859 Regul: 0.022522 Obj: 0.101381 (0.086461)  NNZ: 12 (10)  Ttime: 1.4005 Vtime: 0.0523
Step: 35400000  Loss: 0.076936 Regul: 0.021962 Obj: 0.098897 (0.086461)  NNZ: 13 (10)  Ttime: 1.4036 Vtime: 0.0521
Step: 35500000  Loss: 0.079385 Regul: 0.026257 Obj: 0.105642 (0.086461)  NNZ: 15 (10)  Ttime: 1.4164 Vtime: 0.0514
Step: 35600000  Loss: 0.074110 Regul: 0.016183 Obj: 0.090293 (0.086461)  NNZ: 14 (10)  Ttime: 1.3971 Vtime: 0.0515
Step: 35700000  Loss: 0.076214 Regul: 0.023093 Obj: 0.099308 (0.086461)  NNZ: 15 (10)  Ttime: 1.4192 Vtime: 0.0514
Step: 35800000  Loss: 0.077508 Regul: 0.019644 Obj: 0.097151 (0.086461)  NNZ: 14 (10)  Ttime: 1.4088 Vtime: 0.0520
Step: 35900000  Loss: 0.078330 Regul: 0.017314 Obj: 0.095644 (0.086461)  NNZ: 12 (10)  Ttime: 1.3964 Vtime: 0.0519
Step: 36000000  Loss: 0.081149 Regul: 0.027900 Obj: 0.109049 (0.086461)  NNZ: 17 (10)  Ttime: 1.4020 Vtime: 0.0506
Step: 36100000  Loss: 0.076045 Regul: 0.014063 Obj: 0.090108 (0.086461)  NNZ: 12 (10)  Ttime: 1.3946 Vtime: 0.0515
Step: 36200000  Loss: 0.080010 Regul: 0.019759 Obj: 0.099769 (0.086461)  NNZ: 14 (10)  Ttime: 1.4115 Vtime: 0.0526
Step: 36300000  Loss: 0.078700 Regul: 0.018364 Obj: 0.097064 (0.086461)  NNZ: 11 (10)  Ttime: 1.3955 Vtime: 0.0512
Step: 36400000  Loss: 0.082354 Regul: 0.017419 Obj: 0.099772 (0.086461)  NNZ: 10 (10)  Ttime: 1.3954 Vtime: 0.0517
Best: 36500000  Loss: 0.071663 Regul: 0.014744 Obj: 0.086406 (0.086406)  NNZ: 14 (14)  Ttime: 1.4102 Vtime: 0.0520
Stat: nPR #88 (#112) Dim/MaxDim [704/640] AUC: 0.972395 FPR95: 15.09
Step: 36600000  Loss: 0.078229 Regul: 0.024912 Obj: 0.103140 (0.086406)  NNZ: 14 (14)  Ttime: 1.4098 Vtime: 0.0506
Step: 36700000  Loss: 0.082729 Regul: 0.015463 Obj: 0.098192 (0.086406)  NNZ: 10 (14)  Ttime: 1.4026 Vtime: 0.0514
Step: 36800000  Loss: 0.081333 Regul: 0.024016 Obj: 0.105349 (0.086406)  NNZ: 13 (14)  Ttime: 1.3918 Vtime: 0.0512
Step: 36900000  Loss: 0.078788 Regul: 0.025796 Obj: 0.104584 (0.086406)  NNZ: 16 (14)  Ttime: 1.4067 Vtime: 0.0510
Step: 37000000  Loss: 0.074787 Regul: 0.014392 Obj: 0.089179 (0.086406)  NNZ: 9 (14)  Ttime: 1.3974 Vtime: 0.0510
Step: 37100000  Loss: 0.075033 Regul: 0.020435 Obj: 0.095468 (0.086406)  NNZ: 14 (14)  Ttime: 1.4130 Vtime: 0.0512
Step: 37200000  Loss: 0.077608 Regul: 0.021929 Obj: 0.099536 (0.086406)  NNZ: 14 (14)  Ttime: 1.3945 Vtime: 0.0517
Step: 37300000  Loss: 0.074031 Regul: 0.021473 Obj: 0.095504 (0.086406)  NNZ: 17 (14)  Ttime: 1.4036 Vtime: 0.0518
Step: 37400000  Loss: 0.086375 Regul: 0.024703 Obj: 0.111078 (0.086406)  NNZ: 13 (14)  Ttime: 1.3941 Vtime: 0.0509
Step: 37500000  Loss: 0.076638 Regul: 0.015881 Obj: 0.092518 (0.086406)  NNZ: 7 (14)  Ttime: 1.4034 Vtime: 0.0508
Step: 37600000  Loss: 0.076459 Regul: 0.025049 Obj: 0.101508 (0.086406)  NNZ: 18 (14)  Ttime: 1.3961 Vtime: 0.0516
Step: 37700000  Loss: 0.074649 Regul: 0.023033 Obj: 0.097681 (0.086406)  NNZ: 13 (14)  Ttime: 1.4132 Vtime: 0.0517
Step: 37800000  Loss: 0.075810 Regul: 0.021259 Obj: 0.097069 (0.086406)  NNZ: 15 (14)  Ttime: 1.4004 Vtime: 0.0515
Step: 37900000  Loss: 0.073152 Regul: 0.019594 Obj: 0.092746 (0.086406)  NNZ: 11 (14)  Ttime: 1.3978 Vtime: 0.0519
Step: 38000000  Loss: 0.079679 Regul: 0.021061 Obj: 0.100739 (0.086406)  NNZ: 14 (14)  Ttime: 1.4036 Vtime: 0.0515
Step: 38100000  Loss: 0.078269 Regul: 0.023994 Obj: 0.102263 (0.086406)  NNZ: 14 (14)  Ttime: 1.4037 Vtime: 0.0519
Step: 38200000  Loss: 0.084943 Regul: 0.011277 Obj: 0.096221 (0.086406)  NNZ: 8 (14)  Ttime: 1.3999 Vtime: 0.0517
Step: 38300000  Loss: 0.075666 Regul: 0.021346 Obj: 0.097013 (0.086406)  NNZ: 14 (14)  Ttime: 1.3966 Vtime: 0.0516
Step: 38400000  Loss: 0.072603 Regul: 0.016128 Obj: 0.088730 (0.086406)  NNZ: 11 (14)  Ttime: 1.4065 Vtime: 0.0519
Step: 38500000  Loss: 0.078061 Regul: 0.023198 Obj: 0.101259 (0.086406)  NNZ: 15 (14)  Ttime: 1.4015 Vtime: 0.0513
Step: 38600000  Loss: 0.075291 Regul: 0.022874 Obj: 0.098164 (0.086406)  NNZ: 15 (14)  Ttime: 1.3973 Vtime: 0.0509
Step: 38700000  Loss: 0.077159 Regul: 0.017880 Obj: 0.095039 (0.086406)  NNZ: 13 (14)  Ttime: 1.4038 Vtime: 0.0511
Step: 38800000  Loss: 0.074400 Regul: 0.021594 Obj: 0.095993 (0.086406)  NNZ: 13 (14)  Ttime: 1.4064 Vtime: 0.0513
Step: 38900000  Loss: 0.079906 Regul: 0.026636 Obj: 0.106543 (0.086406)  NNZ: 14 (14)  Ttime: 1.3940 Vtime: 0.0514
Step: 39000000  Loss: 0.078927 Regul: 0.022577 Obj: 0.101504 (0.086406)  NNZ: 16 (14)  Ttime: 1.3914 Vtime: 0.0508
Step: 39100000  Loss: 0.080195 Regul: 0.024769 Obj: 0.104963 (0.086406)  NNZ: 13 (14)  Ttime: 1.4042 Vtime: 0.0517
Step: 39200000  Loss: 0.076004 Regul: 0.020726 Obj: 0.096729 (0.086406)  NNZ: 14 (14)  Ttime: 1.4037 Vtime: 0.0515
Step: 39300000  Loss: 0.073633 Regul: 0.021616 Obj: 0.095248 (0.086406)  NNZ: 13 (14)  Ttime: 1.3911 Vtime: 0.0517
Step: 39400000  Loss: 0.080465 Regul: 0.013398 Obj: 0.093863 (0.086406)  NNZ: 13 (14)  Ttime: 1.3994 Vtime: 0.0515
Step: 39500000  Loss: 0.076898 Regul: 0.021978 Obj: 0.098877 (0.086406)  NNZ: 15 (14)  Ttime: 1.4190 Vtime: 0.0518
Step: 39600000  Loss: 0.078630 Regul: 0.020781 Obj: 0.099411 (0.086406)  NNZ: 13 (14)  Ttime: 1.3937 Vtime: 0.0511
Step: 39700000  Loss: 0.072032 Regul: 0.016875 Obj: 0.088907 (0.086406)  NNZ: 12 (14)  Ttime: 1.3911 Vtime: 0.0518
Step: 39800000  Loss: 0.071976 Regul: 0.016381 Obj: 0.088357 (0.086406)  NNZ: 15 (14)  Ttime: 1.4014 Vtime: 0.0511
Step: 39900000  Loss: 0.076814 Regul: 0.018875 Obj: 0.095688 (0.086406)  NNZ: 11 (14)  Ttime: 1.4012 Vtime: 0.0512
Step: 40000000  Loss: 0.081065 Regul: 0.021709 Obj: 0.102774 (0.086406)  NNZ: 16 (14)  Ttime: 1.3960 Vtime: 0.0510
Step: 40100000  Loss: 0.076370 Regul: 0.023379 Obj: 0.099749 (0.086406)  NNZ: 15 (14)  Ttime: 1.4074 Vtime: 0.0509
Step: 40200000  Loss: 0.072906 Regul: 0.018435 Obj: 0.091341 (0.086406)  NNZ: 13 (14)  Ttime: 1.3937 Vtime: 0.0519
Step: 40300000  Loss: 0.082662 Regul: 0.016177 Obj: 0.098840 (0.086406)  NNZ: 8 (14)  Ttime: 1.4313 Vtime: 0.0513
Step: 40400000  Loss: 0.081635 Regul: 0.027565 Obj: 0.109200 (0.086406)  NNZ: 20 (14)  Ttime: 1.3879 Vtime: 0.0511
Step: 40500000  Loss: 0.077073 Regul: 0.013683 Obj: 0.090756 (0.086406)  NNZ: 11 (14)  Ttime: 1.3921 Vtime: 0.0518
Step: 40600000  Loss: 0.086900 Regul: 0.010844 Obj: 0.097743 (0.086406)  NNZ: 9 (14)  Ttime: 1.3885 Vtime: 0.0512
Step: 40700000  Loss: 0.077024 Regul: 0.017413 Obj: 0.094437 (0.086406)  NNZ: 14 (14)  Ttime: 1.3901 Vtime: 0.0518
Step: 40800000  Loss: 0.088086 Regul: 0.034821 Obj: 0.122907 (0.086406)  NNZ: 18 (14)  Ttime: 1.3964 Vtime: 0.0517
Step: 40900000  Loss: 0.080292 Regul: 0.022610 Obj: 0.102902 (0.086406)  NNZ: 15 (14)  Ttime: 1.3912 Vtime: 0.0514
Step: 41000000  Loss: 0.074487 Regul: 0.020852 Obj: 0.095339 (0.086406)  NNZ: 14 (14)  Ttime: 1.3918 Vtime: 0.0521
Step: 41100000  Loss: 0.076065 Regul: 0.015189 Obj: 0.091254 (0.086406)  NNZ: 15 (14)  Ttime: 1.3962 Vtime: 0.0515
Step: 41200000  Loss: 0.092762 Regul: 0.036573 Obj: 0.129335 (0.086406)  NNZ: 18 (14)  Ttime: 1.3917 Vtime: 0.0520
Step: 41300000  Loss: 0.075065 Regul: 0.018292 Obj: 0.093357 (0.086406)  NNZ: 12 (14)  Ttime: 1.3916 Vtime: 0.0515
Step: 41400000  Loss: 0.080158 Regul: 0.017924 Obj: 0.098083 (0.086406)  NNZ: 12 (14)  Ttime: 1.3888 Vtime: 0.0514
Step: 41500000  Loss: 0.072332 Regul: 0.016859 Obj: 0.089191 (0.086406)  NNZ: 11 (14)  Ttime: 1.3926 Vtime: 0.0519
Step: 41600000  Loss: 0.090072 Regul: 0.033882 Obj: 0.123953 (0.086406)  NNZ: 19 (14)  Ttime: 1.3888 Vtime: 0.0510
Step: 41700000  Loss: 0.078332 Regul: 0.023785 Obj: 0.102117 (0.086406)  NNZ: 12 (14)  Ttime: 1.3893 Vtime: 0.0509
Step: 41800000  Loss: 0.081082 Regul: 0.021187 Obj: 0.102270 (0.086406)  NNZ: 9 (14)  Ttime: 1.3934 Vtime: 0.0518
Step: 41900000  Loss: 0.083235 Regul: 0.015161 Obj: 0.098396 (0.086406)  NNZ: 11 (14)  Ttime: 1.3917 Vtime: 0.0509
Step: 42000000  Loss: 0.076297 Regul: 0.014321 Obj: 0.090618 (0.086406)  NNZ: 9 (14)  Ttime: 1.3886 Vtime: 0.0517
Step: 42100000  Loss: 0.082892 Regul: 0.015073 Obj: 0.097965 (0.086406)  NNZ: 13 (14)  Ttime: 1.3897 Vtime: 0.0516
Step: 42200000  Loss: 0.084891 Regul: 0.017968 Obj: 0.102860 (0.086406)  NNZ: 11 (14)  Ttime: 1.3898 Vtime: 0.0514
Step: 42300000  Loss: 0.071827 Regul: 0.019210 Obj: 0.091037 (0.086406)  NNZ: 14 (14)  Ttime: 1.3906 Vtime: 0.0518
Step: 42400000  Loss: 0.079675 Regul: 0.021676 Obj: 0.101351 (0.086406)  NNZ: 13 (14)  Ttime: 1.3893 Vtime: 0.0510
Step: 42500000  Loss: 0.075933 Regul: 0.014249 Obj: 0.090182 (0.086406)  NNZ: 11 (14)  Ttime: 1.3894 Vtime: 0.0514
Step: 42600000  Loss: 0.080612 Regul: 0.020352 Obj: 0.100964 (0.086406)  NNZ: 11 (14)  Ttime: 1.3928 Vtime: 0.0511
Step: 42700000  Loss: 0.086686 Regul: 0.022791 Obj: 0.109477 (0.086406)  NNZ: 11 (14)  Ttime: 1.3861 Vtime: 0.0520
Step: 42800000  Loss: 0.107518 Regul: 0.024236 Obj: 0.131753 (0.086406)  NNZ: 14 (14)  Ttime: 1.3827 Vtime: 0.0514
Step: 42900000  Loss: 0.082306 Regul: 0.027427 Obj: 0.109733 (0.086406)  NNZ: 16 (14)  Ttime: 1.3928 Vtime: 0.0511
Step: 43000000  Loss: 0.077481 Regul: 0.022390 Obj: 0.099871 (0.086406)  NNZ: 15 (14)  Ttime: 1.3904 Vtime: 0.0517
Step: 43100000  Loss: 0.076357 Regul: 0.017276 Obj: 0.093633 (0.086406)  NNZ: 12 (14)  Ttime: 1.3892 Vtime: 0.0515
Step: 43200000  Loss: 0.087047 Regul: 0.019034 Obj: 0.106081 (0.086406)  NNZ: 13 (14)  Ttime: 1.3846 Vtime: 0.0517
Step: 43300000  Loss: 0.082487 Regul: 0.024192 Obj: 0.106679 (0.086406)  NNZ: 14 (14)  Ttime: 1.4001 Vtime: 0.0516
Step: 43400000  Loss: 0.079289 Regul: 0.024390 Obj: 0.103678 (0.086406)  NNZ: 14 (14)  Ttime: 1.3921 Vtime: 0.0511
Step: 43500000  Loss: 0.077628 Regul: 0.027037 Obj: 0.104665 (0.086406)  NNZ: 16 (14)  Ttime: 1.3892 Vtime: 0.0520
Step: 43600000  Loss: 0.077787 Regul: 0.025345 Obj: 0.103132 (0.086406)  NNZ: 15 (14)  Ttime: 1.3926 Vtime: 0.0511
Step: 43700000  Loss: 0.075524 Regul: 0.018331 Obj: 0.093855 (0.086406)  NNZ: 12 (14)  Ttime: 1.3919 Vtime: 0.0514
Step: 43800000  Loss: 0.083801 Regul: 0.024153 Obj: 0.107954 (0.086406)  NNZ: 14 (14)  Ttime: 1.3957 Vtime: 0.0521
Step: 43900000  Loss: 0.080543 Regul: 0.028334 Obj: 0.108877 (0.086406)  NNZ: 17 (14)  Ttime: 1.3894 Vtime: 0.0512
Step: 44000000  Loss: 0.081838 Regul: 0.023198 Obj: 0.105035 (0.086406)  NNZ: 20 (14)  Ttime: 1.3934 Vtime: 0.0512
Step: 44100000  Loss: 0.081705 Regul: 0.023851 Obj: 0.105557 (0.086406)  NNZ: 14 (14)  Ttime: 1.3909 Vtime: 0.0514
Step: 44200000  Loss: 0.079851 Regul: 0.014700 Obj: 0.094550 (0.086406)  NNZ: 8 (14)  Ttime: 1.3901 Vtime: 0.0515
Step: 44300000  Loss: 0.082046 Regul: 0.021050 Obj: 0.103096 (0.086406)  NNZ: 16 (14)  Ttime: 1.3970 Vtime: 0.0522
Step: 44400000  Loss: 0.080155 Regul: 0.022044 Obj: 0.102199 (0.086406)  NNZ: 16 (14)  Ttime: 1.3836 Vtime: 0.0511
Step: 44500000  Loss: 0.075599 Regul: 0.018446 Obj: 0.094045 (0.086406)  NNZ: 13 (14)  Ttime: 1.3895 Vtime: 0.0513
Step: 44600000  Loss: 0.075273 Regul: 0.021308 Obj: 0.096581 (0.086406)  NNZ: 16 (14)  Ttime: 1.3914 Vtime: 0.0514
Step: 44700000  Loss: 0.071423 Regul: 0.018468 Obj: 0.089891 (0.086406)  NNZ: 12 (14)  Ttime: 1.3894 Vtime: 0.0514
Step: 44800000  Loss: 0.076396 Regul: 0.019600 Obj: 0.095996 (0.086406)  NNZ: 13 (14)  Ttime: 1.3906 Vtime: 0.0509
Step: 44900000  Loss: 0.097082 Regul: 0.036194 Obj: 0.133276 (0.086406)  NNZ: 19 (14)  Ttime: 1.3889 Vtime: 0.0519
Step: 45000000  Loss: 0.075707 Regul: 0.021610 Obj: 0.097317 (0.086406)  NNZ: 13 (14)  Ttime: 1.3995 Vtime: 0.0512
Step: 45100000  Loss: 0.071876 Regul: 0.016919 Obj: 0.088795 (0.086406)  NNZ: 13 (14)  Ttime: 1.3892 Vtime: 0.0511
Step: 45200000  Loss: 0.074786 Regul: 0.019325 Obj: 0.094111 (0.086406)  NNZ: 13 (14)  Ttime: 1.3915 Vtime: 0.0519
Step: 45300000  Loss: 0.078859 Regul: 0.020517 Obj: 0.099376 (0.086406)  NNZ: 15 (14)  Ttime: 1.3948 Vtime: 0.0518
Step: 45400000  Loss: 0.078123 Regul: 0.026785 Obj: 0.104907 (0.086406)  NNZ: 18 (14)  Ttime: 1.3907 Vtime: 0.0516
Step: 45500000  Loss: 0.082739 Regul: 0.021951 Obj: 0.104690 (0.086406)  NNZ: 15 (14)  Ttime: 1.3901 Vtime: 0.0515
Step: 45600000  Loss: 0.072939 Regul: 0.019177 Obj: 0.092116 (0.086406)  NNZ: 13 (14)  Ttime: 1.3976 Vtime: 0.0521
Step: 45700000  Loss: 0.077011 Regul: 0.021418 Obj: 0.098429 (0.086406)  NNZ: 13 (14)  Ttime: 1.3982 Vtime: 0.0520
Step: 45800000  Loss: 0.077224 Regul: 0.023824 Obj: 0.101048 (0.086406)  NNZ: 15 (14)  Ttime: 1.3903 Vtime: 0.0516
Step: 45900000  Loss: 0.072234 Regul: 0.017650 Obj: 0.089884 (0.086406)  NNZ: 17 (14)  Ttime: 1.3892 Vtime: 0.0514
Step: 46000000  Loss: 0.074155 Regul: 0.016776 Obj: 0.090932 (0.086406)  NNZ: 15 (14)  Ttime: 1.3943 Vtime: 0.0518
Step: 46100000  Loss: 0.085576 Regul: 0.027268 Obj: 0.112844 (0.086406)  NNZ: 17 (14)  Ttime: 1.3923 Vtime: 0.0517
Step: 46200000  Loss: 0.073694 Regul: 0.016578 Obj: 0.090272 (0.086406)  NNZ: 12 (14)  Ttime: 1.3893 Vtime: 0.0514
Step: 46300000  Loss: 0.073584 Regul: 0.023148 Obj: 0.096733 (0.086406)  NNZ: 16 (14)  Ttime: 1.3899 Vtime: 0.0512
Step: 46400000  Loss: 0.073832 Regul: 0.017677 Obj: 0.091509 (0.086406)  NNZ: 15 (14)  Ttime: 1.3949 Vtime: 0.0513
Step: 46500000  Loss: 0.076225 Regul: 0.016315 Obj: 0.092539 (0.086406)  NNZ: 15 (14)  Ttime: 1.3906 Vtime: 0.0519
Step: 46600000  Loss: 0.076660 Regul: 0.015721 Obj: 0.092381 (0.086406)  NNZ: 11 (14)  Ttime: 1.3905 Vtime: 0.0507
Step: 46700000  Loss: 0.086210 Regul: 0.023533 Obj: 0.109743 (0.086406)  NNZ: 15 (14)  Ttime: 1.3914 Vtime: 0.0510
Step: 46800000  Loss: 0.086609 Regul: 0.028367 Obj: 0.114976 (0.086406)  NNZ: 17 (14)  Ttime: 1.3897 Vtime: 0.0520
Step: 46900000  Loss: 0.074692 Regul: 0.020138 Obj: 0.094830 (0.086406)  NNZ: 14 (14)  Ttime: 1.3895 Vtime: 0.0518
Step: 47000000  Loss: 0.075606 Regul: 0.023181 Obj: 0.098787 (0.086406)  NNZ: 16 (14)  Ttime: 1.3908 Vtime: 0.0512
Step: 47100000  Loss: 0.075845 Regul: 0.022709 Obj: 0.098554 (0.086406)  NNZ: 15 (14)  Ttime: 1.4481 Vtime: 0.0514
Step: 47200000  Loss: 0.076937 Regul: 0.025356 Obj: 0.102293 (0.086406)  NNZ: 15 (14)  Ttime: 1.3835 Vtime: 0.0517
Step: 47300000  Loss: 0.078176 Regul: 0.015117 Obj: 0.093294 (0.086406)  NNZ: 15 (14)  Ttime: 1.3849 Vtime: 0.0520
Step: 47400000  Loss: 0.072335 Regul: 0.020259 Obj: 0.092594 (0.086406)  NNZ: 15 (14)  Ttime: 1.3874 Vtime: 0.0514
Step: 47500000  Loss: 0.074606 Regul: 0.019358 Obj: 0.093964 (0.086406)  NNZ: 14 (14)  Ttime: 1.3906 Vtime: 0.0510
Step: 47600000  Loss: 0.076050 Regul: 0.020555 Obj: 0.096605 (0.086406)  NNZ: 16 (14)  Ttime: 1.3838 Vtime: 0.0519
Step: 47700000  Loss: 0.079210 Regul: 0.024752 Obj: 0.103962 (0.086406)  NNZ: 19 (14)  Ttime: 1.3821 Vtime: 0.0507
Step: 47800000  Loss: 0.082030 Regul: 0.013766 Obj: 0.095796 (0.086406)  NNZ: 11 (14)  Ttime: 1.3860 Vtime: 0.0525
Step: 47900000  Loss: 0.075082 Regul: 0.021973 Obj: 0.097055 (0.086406)  NNZ: 14 (14)  Ttime: 1.3899 Vtime: 0.0512
Step: 48000000  Loss: 0.072990 Regul: 0.019127 Obj: 0.092117 (0.086406)  NNZ: 13 (14)  Ttime: 1.3822 Vtime: 0.0516
Step: 48100000  Loss: 0.085758 Regul: 0.027037 Obj: 0.112795 (0.086406)  NNZ: 17 (14)  Ttime: 1.3787 Vtime: 0.0513
Step: 48200000  Loss: 0.085185 Regul: 0.032388 Obj: 0.117573 (0.086406)  NNZ: 17 (14)  Ttime: 1.3821 Vtime: 0.0516
Step: 48300000  Loss: 0.084637 Regul: 0.026642 Obj: 0.111279 (0.086406)  NNZ: 17 (14)  Ttime: 1.3854 Vtime: 0.0516
Step: 48400000  Loss: 0.078564 Regul: 0.020720 Obj: 0.099284 (0.086406)  NNZ: 14 (14)  Ttime: 1.3857 Vtime: 0.0514
Step: 48500000  Loss: 0.080236 Regul: 0.025532 Obj: 0.105768 (0.086406)  NNZ: 18 (14)  Ttime: 1.3906 Vtime: 0.0510
Step: 48600000  Loss: 0.075913 Regul: 0.018083 Obj: 0.093996 (0.086406)  NNZ: 12 (14)  Ttime: 1.3865 Vtime: 0.0515
Step: 48700000  Loss: 0.083329 Regul: 0.029476 Obj: 0.112805 (0.086406)  NNZ: 15 (14)  Ttime: 1.3824 Vtime: 0.0513
Step: 48800000  Loss: 0.072107 Regul: 0.020127 Obj: 0.092234 (0.086406)  NNZ: 14 (14)  Ttime: 1.3845 Vtime: 0.0518
Step: 48900000  Loss: 0.082510 Regul: 0.026730 Obj: 0.109240 (0.086406)  NNZ: 16 (14)  Ttime: 1.3881 Vtime: 0.0519
Step: 49000000  Loss: 0.080498 Regul: 0.020753 Obj: 0.101251 (0.086406)  NNZ: 15 (14)  Ttime: 1.3830 Vtime: 0.0518
Step: 49100000  Loss: 0.081804 Regul: 0.026378 Obj: 0.108182 (0.086406)  NNZ: 20 (14)  Ttime: 1.3850 Vtime: 0.0518
Step: 49200000  Loss: 0.075338 Regul: 0.020940 Obj: 0.096278 (0.086406)  NNZ: 14 (14)  Ttime: 1.3874 Vtime: 0.0511
Step: 49300000  Loss: 0.076697 Regul: 0.015743 Obj: 0.092441 (0.086406)  NNZ: 11 (14)  Ttime: 1.3830 Vtime: 0.0515
Step: 49400000  Loss: 0.082149 Regul: 0.026378 Obj: 0.108527 (0.086406)  NNZ: 16 (14)  Ttime: 1.3871 Vtime: 0.0512
Step: 49500000  Loss: 0.072264 Regul: 0.019424 Obj: 0.091688 (0.086406)  NNZ: 14 (14)  Ttime: 1.3855 Vtime: 0.0519
Step: 49600000  Loss: 0.077392 Regul: 0.024719 Obj: 0.102111 (0.086406)  NNZ: 15 (14)  Ttime: 1.3828 Vtime: 0.0517
Step: 49700000  Loss: 0.078455 Regul: 0.017007 Obj: 0.095462 (0.086406)  NNZ: 12 (14)  Ttime: 1.3846 Vtime: 0.0515
Step: 49800000  Loss: 0.086951 Regul: 0.027433 Obj: 0.114384 (0.086406)  NNZ: 18 (14)  Ttime: 1.3830 Vtime: 0.0520
Step: 49900000  Loss: 0.072439 Regul: 0.021654 Obj: 0.094093 (0.086406)  NNZ: 14 (14)  Ttime: 1.3864 Vtime: 0.0517
Step: 50000000  Loss: 0.075330 Regul: 0.018995 Obj: 0.094325 (0.086406)  NNZ: 13 (14)  Ttime: 1.3824 Vtime: 0.0516
