mu: 0.004 gamma: 0.05 nIters: 50000000
Load PRParams.
Load RingParams.
Load Labels: 500000
Load Distances: 500000 x 5120
0...10...20...30...40...50...60...70...80...90...100 - done.
Positive samples #250000
Negative samples #250000
Positive train #200000
Negative train #200000
Positive valid #50000
Negative valid #50000

Found GPU: GeForce GTX 970
Compute Capability: 5.2

Best: 100000  Loss: 0.603346 Regul: 0.014740 Obj: 0.618086 (0.618086)  NNZ: 9 (9)  Ttime: 1.3749 Vtime: 0.2127
Stat: nPR #44 (#72) Dim/MaxDim [352/640] AUC: 0.939948 FPR95: 34.67 [saved]
Best: 200000  Loss: 0.215219 Regul: 0.009958 Obj: 0.225177 (0.225177)  NNZ: 10 (10)  Ttime: 1.3805 Vtime: 0.0521
Stat: nPR #64 (#80) Dim/MaxDim [512/640] AUC: 0.970116 FPR95: 16.73 [saved]
Step: 300000  Loss: 0.367727 Regul: 0.013871 Obj: 0.381598 (0.225177)  NNZ: 10 (10)  Ttime: 1.3827 Vtime: 0.0516
Step: 400000  Loss: 0.541612 Regul: 0.023468 Obj: 0.565080 (0.225177)  NNZ: 16 (10)  Ttime: 1.3779 Vtime: 0.0519
Best: 500000  Loss: 0.143394 Regul: 0.005903 Obj: 0.149297 (0.149297)  NNZ: 7 (7)  Ttime: 1.3816 Vtime: 0.0509
Stat: nPR #44 (#56) Dim/MaxDim [352/640] AUC: 0.970689 FPR95: 16.15 [saved]
Step: 600000  Loss: 0.177820 Regul: 0.006989 Obj: 0.184810 (0.149297)  NNZ: 9 (7)  Ttime: 1.3825 Vtime: 0.0511
Step: 700000  Loss: 0.258554 Regul: 0.006062 Obj: 0.264616 (0.149297)  NNZ: 8 (7)  Ttime: 1.3775 Vtime: 0.0519
Step: 800000  Loss: 0.240397 Regul: 0.006852 Obj: 0.247249 (0.149297)  NNZ: 8 (7)  Ttime: 1.3847 Vtime: 0.0514
Step: 900000  Loss: 0.357942 Regul: 0.014498 Obj: 0.372440 (0.149297)  NNZ: 14 (7)  Ttime: 1.3800 Vtime: 0.0524
Step: 1000000  Loss: 0.259660 Regul: 0.010390 Obj: 0.270050 (0.149297)  NNZ: 11 (7)  Ttime: 1.3759 Vtime: 0.0520
Step: 1100000  Loss: 0.255721 Regul: 0.008202 Obj: 0.263923 (0.149297)  NNZ: 8 (7)  Ttime: 1.3806 Vtime: 0.0516
Step: 1200000  Loss: 0.252769 Regul: 0.014065 Obj: 0.266834 (0.149297)  NNZ: 17 (7)  Ttime: 1.3813 Vtime: 0.0510
Step: 1300000  Loss: 0.203726 Regul: 0.006139 Obj: 0.209865 (0.149297)  NNZ: 12 (7)  Ttime: 1.3796 Vtime: 0.0520
Best: 1400000  Loss: 0.116109 Regul: 0.004011 Obj: 0.120120 (0.120120)  NNZ: 8 (8)  Ttime: 1.3853 Vtime: 0.0513
Stat: nPR #56 (#64) Dim/MaxDim [448/640] AUC: 0.969299 FPR95: 16.95 [saved]
Step: 1500000  Loss: 0.116649 Regul: 0.004012 Obj: 0.120661 (0.120120)  NNZ: 7 (8)  Ttime: 1.3836 Vtime: 0.0509
Step: 1600000  Loss: 0.286667 Regul: 0.010571 Obj: 0.297239 (0.120120)  NNZ: 11 (8)  Ttime: 1.3832 Vtime: 0.0511
Step: 1700000  Loss: 0.130897 Regul: 0.004819 Obj: 0.135716 (0.120120)  NNZ: 10 (8)  Ttime: 1.3809 Vtime: 0.0519
Step: 1800000  Loss: 0.176346 Regul: 0.005569 Obj: 0.181915 (0.120120)  NNZ: 14 (8)  Ttime: 1.3818 Vtime: 0.0516
Best: 1900000  Loss: 0.112900 Regul: 0.003460 Obj: 0.116360 (0.116360)  NNZ: 7 (7)  Ttime: 1.3785 Vtime: 0.0510
Stat: nPR #48 (#56) Dim/MaxDim [384/640] AUC: 0.968093 FPR95: 18.00 [saved]
Step: 2000000  Loss: 0.129338 Regul: 0.003858 Obj: 0.133196 (0.116360)  NNZ: 7 (7)  Ttime: 1.3805 Vtime: 0.0521
Step: 2100000  Loss: 0.195731 Regul: 0.007404 Obj: 0.203134 (0.116360)  NNZ: 10 (7)  Ttime: 1.3760 Vtime: 0.0514
Best: 2200000  Loss: 0.102295 Regul: 0.004066 Obj: 0.106361 (0.106361)  NNZ: 8 (8)  Ttime: 1.3811 Vtime: 0.0512
Stat: nPR #60 (#64) Dim/MaxDim [480/640] AUC: 0.971341 FPR95: 16.16 [saved]
Step: 2300000  Loss: 0.124200 Regul: 0.004951 Obj: 0.129151 (0.106361)  NNZ: 9 (8)  Ttime: 1.3831 Vtime: 0.0516
Step: 2400000  Loss: 0.134386 Regul: 0.006189 Obj: 0.140575 (0.106361)  NNZ: 10 (8)  Ttime: 1.3840 Vtime: 0.0514
Step: 2500000  Loss: 0.148081 Regul: 0.006318 Obj: 0.154399 (0.106361)  NNZ: 11 (8)  Ttime: 1.3870 Vtime: 0.0514
Step: 2600000  Loss: 0.126377 Regul: 0.004491 Obj: 0.130867 (0.106361)  NNZ: 15 (8)  Ttime: 1.3821 Vtime: 0.0520
Step: 2700000  Loss: 0.195659 Regul: 0.009861 Obj: 0.205520 (0.106361)  NNZ: 17 (8)  Ttime: 1.3809 Vtime: 0.0522
Step: 2800000  Loss: 0.154286 Regul: 0.005616 Obj: 0.159901 (0.106361)  NNZ: 8 (8)  Ttime: 1.3845 Vtime: 0.0513
Step: 2900000  Loss: 0.176352 Regul: 0.007388 Obj: 0.183740 (0.106361)  NNZ: 13 (8)  Ttime: 1.3852 Vtime: 0.0512
Step: 3000000  Loss: 0.213823 Regul: 0.004562 Obj: 0.218384 (0.106361)  NNZ: 6 (8)  Ttime: 1.3852 Vtime: 0.0514
Step: 3100000  Loss: 0.133631 Regul: 0.004043 Obj: 0.137674 (0.106361)  NNZ: 8 (8)  Ttime: 1.3832 Vtime: 0.0511
Step: 3200000  Loss: 0.115842 Regul: 0.003708 Obj: 0.119550 (0.106361)  NNZ: 10 (8)  Ttime: 1.3833 Vtime: 0.0515
Step: 3300000  Loss: 0.145619 Regul: 0.004011 Obj: 0.149630 (0.106361)  NNZ: 9 (8)  Ttime: 1.3861 Vtime: 0.0515
Step: 3400000  Loss: 0.131403 Regul: 0.004086 Obj: 0.135489 (0.106361)  NNZ: 9 (8)  Ttime: 1.3852 Vtime: 0.0514
Step: 3500000  Loss: 0.255107 Regul: 0.010856 Obj: 0.265963 (0.106361)  NNZ: 16 (8)  Ttime: 1.3865 Vtime: 0.0509
Step: 3600000  Loss: 0.147985 Regul: 0.002621 Obj: 0.150605 (0.106361)  NNZ: 8 (8)  Ttime: 1.3815 Vtime: 0.0513
Step: 3700000  Loss: 0.149833 Regul: 0.004939 Obj: 0.154773 (0.106361)  NNZ: 9 (8)  Ttime: 1.3854 Vtime: 0.0511
Step: 3800000  Loss: 0.185996 Regul: 0.006457 Obj: 0.192453 (0.106361)  NNZ: 13 (8)  Ttime: 1.3866 Vtime: 0.0514
Best: 3900000  Loss: 0.101570 Regul: 0.003147 Obj: 0.104716 (0.104716)  NNZ: 7 (7)  Ttime: 1.3850 Vtime: 0.0510
Stat: nPR #44 (#56) Dim/MaxDim [352/640] AUC: 0.966099 FPR95: 20.56 [saved]
Step: 4000000  Loss: 0.437688 Regul: 0.003344 Obj: 0.441033 (0.104716)  NNZ: 8 (7)  Ttime: 1.3871 Vtime: 0.0522
Step: 4100000  Loss: 0.145358 Regul: 0.006569 Obj: 0.151927 (0.104716)  NNZ: 13 (7)  Ttime: 1.3831 Vtime: 0.0515
Step: 4200000  Loss: 0.139932 Regul: 0.004556 Obj: 0.144488 (0.104716)  NNZ: 10 (7)  Ttime: 1.3858 Vtime: 0.0509
Step: 4300000  Loss: 0.127137 Regul: 0.004703 Obj: 0.131840 (0.104716)  NNZ: 14 (7)  Ttime: 1.3892 Vtime: 0.0516
Step: 4400000  Loss: 0.109018 Regul: 0.002917 Obj: 0.111935 (0.104716)  NNZ: 8 (7)  Ttime: 1.3862 Vtime: 0.0511
Step: 4500000  Loss: 0.109621 Regul: 0.003693 Obj: 0.113314 (0.104716)  NNZ: 12 (7)  Ttime: 1.3880 Vtime: 0.0512
Best: 4600000  Loss: 0.089791 Regul: 0.002785 Obj: 0.092576 (0.092576)  NNZ: 6 (6)  Ttime: 1.3822 Vtime: 0.0518
Stat: nPR #44 (#48) Dim/MaxDim [352/640] AUC: 0.970961 FPR95: 16.29 [saved]
Step: 4700000  Loss: 0.163505 Regul: 0.006656 Obj: 0.170161 (0.092576)  NNZ: 12 (6)  Ttime: 1.3890 Vtime: 0.0513
Step: 4800000  Loss: 0.147680 Regul: 0.003818 Obj: 0.151498 (0.092576)  NNZ: 9 (6)  Ttime: 1.3841 Vtime: 0.0512
Step: 4900000  Loss: 0.112138 Regul: 0.003193 Obj: 0.115331 (0.092576)  NNZ: 9 (6)  Ttime: 1.3936 Vtime: 0.0517
Step: 5000000  Loss: 0.127016 Regul: 0.005445 Obj: 0.132461 (0.092576)  NNZ: 12 (6)  Ttime: 1.3799 Vtime: 0.0514
Step: 5100000  Loss: 0.169523 Regul: 0.005535 Obj: 0.175058 (0.092576)  NNZ: 15 (6)  Ttime: 1.3824 Vtime: 0.0516
Step: 5200000  Loss: 0.111489 Regul: 0.002669 Obj: 0.114158 (0.092576)  NNZ: 8 (6)  Ttime: 1.3879 Vtime: 0.0508
Best: 5300000  Loss: 0.078795 Regul: 0.001783 Obj: 0.080578 (0.080578)  NNZ: 4 (4)  Ttime: 1.3850 Vtime: 0.0509
Stat: nPR #24 (#32) Dim/MaxDim [192/640] AUC: 0.970034 FPR95: 17.08 [saved]
Step: 5400000  Loss: 0.149019 Regul: 0.004275 Obj: 0.153294 (0.080578)  NNZ: 7 (4)  Ttime: 1.3874 Vtime: 0.0504
Step: 5500000  Loss: 0.098803 Regul: 0.003122 Obj: 0.101925 (0.080578)  NNZ: 10 (4)  Ttime: 1.3901 Vtime: 0.0521
Step: 5600000  Loss: 0.132767 Regul: 0.004664 Obj: 0.137431 (0.080578)  NNZ: 10 (4)  Ttime: 1.3828 Vtime: 0.0510
Step: 5700000  Loss: 0.146303 Regul: 0.007616 Obj: 0.153919 (0.080578)  NNZ: 17 (4)  Ttime: 1.3893 Vtime: 0.0515
Step: 5800000  Loss: 0.177359 Regul: 0.006737 Obj: 0.184096 (0.080578)  NNZ: 12 (4)  Ttime: 1.3874 Vtime: 0.0519
Step: 5900000  Loss: 0.108279 Regul: 0.002878 Obj: 0.111156 (0.080578)  NNZ: 9 (4)  Ttime: 1.3880 Vtime: 0.0516
Step: 6000000  Loss: 0.120116 Regul: 0.004450 Obj: 0.124566 (0.080578)  NNZ: 12 (4)  Ttime: 1.3901 Vtime: 0.0516
Step: 6100000  Loss: 0.117934 Regul: 0.003806 Obj: 0.121740 (0.080578)  NNZ: 7 (4)  Ttime: 1.3858 Vtime: 0.0515
Step: 6200000  Loss: 0.125774 Regul: 0.003822 Obj: 0.129596 (0.080578)  NNZ: 12 (4)  Ttime: 1.3832 Vtime: 0.0515
Step: 6300000  Loss: 0.108116 Regul: 0.001927 Obj: 0.110043 (0.080578)  NNZ: 5 (4)  Ttime: 1.3873 Vtime: 0.0511
Step: 6400000  Loss: 0.118879 Regul: 0.002473 Obj: 0.121353 (0.080578)  NNZ: 9 (4)  Ttime: 1.3879 Vtime: 0.0516
Step: 6500000  Loss: 0.091510 Regul: 0.003006 Obj: 0.094516 (0.080578)  NNZ: 8 (4)  Ttime: 1.3809 Vtime: 0.0517
Step: 6600000  Loss: 0.101697 Regul: 0.003709 Obj: 0.105406 (0.080578)  NNZ: 11 (4)  Ttime: 1.3834 Vtime: 0.0508
Step: 6700000  Loss: 0.144854 Regul: 0.004977 Obj: 0.149831 (0.080578)  NNZ: 12 (4)  Ttime: 1.3826 Vtime: 0.0511
Step: 6800000  Loss: 0.102637 Regul: 0.003181 Obj: 0.105818 (0.080578)  NNZ: 9 (4)  Ttime: 1.3836 Vtime: 0.0514
Step: 6900000  Loss: 0.151917 Regul: 0.002686 Obj: 0.154602 (0.080578)  NNZ: 7 (4)  Ttime: 1.3846 Vtime: 0.0515
Step: 7000000  Loss: 0.105833 Regul: 0.004279 Obj: 0.110112 (0.080578)  NNZ: 11 (4)  Ttime: 1.3889 Vtime: 0.0511
Step: 7100000  Loss: 0.150479 Regul: 0.004827 Obj: 0.155307 (0.080578)  NNZ: 12 (4)  Ttime: 1.3863 Vtime: 0.0510
Step: 7200000  Loss: 0.121876 Regul: 0.003794 Obj: 0.125670 (0.080578)  NNZ: 9 (4)  Ttime: 1.3859 Vtime: 0.0519
Step: 7300000  Loss: 0.117099 Regul: 0.004859 Obj: 0.121958 (0.080578)  NNZ: 11 (4)  Ttime: 1.3867 Vtime: 0.0519
Step: 7400000  Loss: 0.103792 Regul: 0.004026 Obj: 0.107818 (0.080578)  NNZ: 12 (4)  Ttime: 1.3881 Vtime: 0.0515
Step: 7500000  Loss: 0.141603 Regul: 0.003471 Obj: 0.145074 (0.080578)  NNZ: 10 (4)  Ttime: 1.3848 Vtime: 0.0520
Step: 7600000  Loss: 0.089357 Regul: 0.002880 Obj: 0.092236 (0.080578)  NNZ: 10 (4)  Ttime: 1.3871 Vtime: 0.0519
Step: 7700000  Loss: 0.127314 Regul: 0.005827 Obj: 0.133141 (0.080578)  NNZ: 13 (4)  Ttime: 1.3851 Vtime: 0.0512
Step: 7800000  Loss: 0.097757 Regul: 0.002803 Obj: 0.100560 (0.080578)  NNZ: 8 (4)  Ttime: 1.3865 Vtime: 0.0512
Step: 7900000  Loss: 0.132120 Regul: 0.004458 Obj: 0.136578 (0.080578)  NNZ: 10 (4)  Ttime: 1.3874 Vtime: 0.0520
Step: 8000000  Loss: 0.129794 Regul: 0.004635 Obj: 0.134429 (0.080578)  NNZ: 10 (4)  Ttime: 1.3832 Vtime: 0.0517
Step: 8100000  Loss: 0.139961 Regul: 0.006237 Obj: 0.146198 (0.080578)  NNZ: 13 (4)  Ttime: 1.3871 Vtime: 0.0514
Step: 8200000  Loss: 0.118479 Regul: 0.003824 Obj: 0.122304 (0.080578)  NNZ: 11 (4)  Ttime: 1.3852 Vtime: 0.0510
Step: 8300000  Loss: 0.183456 Regul: 0.000982 Obj: 0.184439 (0.080578)  NNZ: 5 (4)  Ttime: 1.3877 Vtime: 0.0521
Step: 8400000  Loss: 0.109300 Regul: 0.004041 Obj: 0.113341 (0.080578)  NNZ: 13 (4)  Ttime: 1.3871 Vtime: 0.0519
Step: 8500000  Loss: 0.126233 Regul: 0.004266 Obj: 0.130499 (0.080578)  NNZ: 9 (4)  Ttime: 1.3832 Vtime: 0.0513
Step: 8600000  Loss: 0.100442 Regul: 0.003174 Obj: 0.103617 (0.080578)  NNZ: 9 (4)  Ttime: 1.3825 Vtime: 0.0513
Step: 8700000  Loss: 0.094535 Regul: 0.002540 Obj: 0.097075 (0.080578)  NNZ: 9 (4)  Ttime: 1.3873 Vtime: 0.0515
Step: 8800000  Loss: 0.111081 Regul: 0.003595 Obj: 0.114676 (0.080578)  NNZ: 9 (4)  Ttime: 1.3843 Vtime: 0.0521
Step: 8900000  Loss: 0.095010 Regul: 0.002397 Obj: 0.097407 (0.080578)  NNZ: 8 (4)  Ttime: 1.3877 Vtime: 0.0512
Step: 9000000  Loss: 0.114828 Regul: 0.002745 Obj: 0.117573 (0.080578)  NNZ: 6 (4)  Ttime: 1.3834 Vtime: 0.0519
Step: 9100000  Loss: 0.152797 Regul: 0.002938 Obj: 0.155734 (0.080578)  NNZ: 9 (4)  Ttime: 1.3866 Vtime: 0.0516
Step: 9200000  Loss: 0.099888 Regul: 0.003186 Obj: 0.103074 (0.080578)  NNZ: 9 (4)  Ttime: 1.3880 Vtime: 0.0510
Step: 9300000  Loss: 0.104873 Regul: 0.002801 Obj: 0.107674 (0.080578)  NNZ: 8 (4)  Ttime: 1.3804 Vtime: 0.0518
Step: 9400000  Loss: 0.094609 Regul: 0.002599 Obj: 0.097208 (0.080578)  NNZ: 8 (4)  Ttime: 1.3865 Vtime: 0.0511
Step: 9500000  Loss: 0.133484 Regul: 0.003661 Obj: 0.137145 (0.080578)  NNZ: 10 (4)  Ttime: 1.3847 Vtime: 0.0522
Step: 9600000  Loss: 0.102772 Regul: 0.003025 Obj: 0.105797 (0.080578)  NNZ: 7 (4)  Ttime: 1.3852 Vtime: 0.0517
Step: 9700000  Loss: 0.087426 Regul: 0.002578 Obj: 0.090004 (0.080578)  NNZ: 9 (4)  Ttime: 1.3877 Vtime: 0.0517
Step: 9800000  Loss: 0.121716 Regul: 0.003363 Obj: 0.125079 (0.080578)  NNZ: 9 (4)  Ttime: 1.3836 Vtime: 0.0515
Step: 9900000  Loss: 0.120475 Regul: 0.003555 Obj: 0.124030 (0.080578)  NNZ: 10 (4)  Ttime: 1.3842 Vtime: 0.0517
Step: 10000000  Loss: 0.122583 Regul: 0.002571 Obj: 0.125153 (0.080578)  NNZ: 9 (4)  Ttime: 1.3822 Vtime: 0.0506
Step: 10100000  Loss: 0.112150 Regul: 0.003553 Obj: 0.115703 (0.080578)  NNZ: 10 (4)  Ttime: 1.3874 Vtime: 0.0517
Step: 10200000  Loss: 0.092324 Regul: 0.002188 Obj: 0.094512 (0.080578)  NNZ: 7 (4)  Ttime: 1.3876 Vtime: 0.0516
Step: 10300000  Loss: 0.120918 Regul: 0.004458 Obj: 0.125376 (0.080578)  NNZ: 9 (4)  Ttime: 1.3829 Vtime: 0.0515
Step: 10400000  Loss: 0.108631 Regul: 0.002184 Obj: 0.110814 (0.080578)  NNZ: 9 (4)  Ttime: 1.3868 Vtime: 0.0509
Step: 10500000  Loss: 0.109524 Regul: 0.002564 Obj: 0.112089 (0.080578)  NNZ: 7 (4)  Ttime: 1.3882 Vtime: 0.0518
Step: 10600000  Loss: 0.095054 Regul: 0.003018 Obj: 0.098072 (0.080578)  NNZ: 11 (4)  Ttime: 1.3868 Vtime: 0.0517
Step: 10700000  Loss: 0.104317 Regul: 0.002657 Obj: 0.106974 (0.080578)  NNZ: 9 (4)  Ttime: 1.3907 Vtime: 0.0515
Step: 10800000  Loss: 0.093956 Regul: 0.003128 Obj: 0.097084 (0.080578)  NNZ: 10 (4)  Ttime: 1.3891 Vtime: 0.0522
Step: 10900000  Loss: 0.161592 Regul: 0.005963 Obj: 0.167556 (0.080578)  NNZ: 11 (4)  Ttime: 1.3855 Vtime: 0.0521
Step: 11000000  Loss: 0.161740 Regul: 0.005767 Obj: 0.167508 (0.080578)  NNZ: 15 (4)  Ttime: 1.3873 Vtime: 0.0516
Step: 11100000  Loss: 0.127213 Regul: 0.003551 Obj: 0.130764 (0.080578)  NNZ: 9 (4)  Ttime: 1.3883 Vtime: 0.0514
Step: 11200000  Loss: 0.128490 Regul: 0.003015 Obj: 0.131505 (0.080578)  NNZ: 8 (4)  Ttime: 1.3885 Vtime: 0.0515
Step: 11300000  Loss: 0.095513 Regul: 0.001931 Obj: 0.097444 (0.080578)  NNZ: 7 (4)  Ttime: 1.3873 Vtime: 0.0512
Step: 11400000  Loss: 0.127375 Regul: 0.002416 Obj: 0.129790 (0.080578)  NNZ: 7 (4)  Ttime: 1.3864 Vtime: 0.0518
Step: 11500000  Loss: 0.109699 Regul: 0.002740 Obj: 0.112439 (0.080578)  NNZ: 7 (4)  Ttime: 1.3891 Vtime: 0.0512
Step: 11600000  Loss: 0.083868 Regul: 0.002397 Obj: 0.086265 (0.080578)  NNZ: 10 (4)  Ttime: 1.3877 Vtime: 0.0514
Step: 11700000  Loss: 0.130036 Regul: 0.005182 Obj: 0.135218 (0.080578)  NNZ: 14 (4)  Ttime: 1.3857 Vtime: 0.0508
Step: 11800000  Loss: 0.119487 Regul: 0.003680 Obj: 0.123167 (0.080578)  NNZ: 10 (4)  Ttime: 1.3825 Vtime: 0.0513
Step: 11900000  Loss: 0.089686 Regul: 0.002531 Obj: 0.092217 (0.080578)  NNZ: 9 (4)  Ttime: 1.3883 Vtime: 0.0521
Step: 12000000  Loss: 0.123087 Regul: 0.004397 Obj: 0.127484 (0.080578)  NNZ: 10 (4)  Ttime: 1.3813 Vtime: 0.0516
Step: 12100000  Loss: 0.116283 Regul: 0.004430 Obj: 0.120713 (0.080578)  NNZ: 13 (4)  Ttime: 1.3872 Vtime: 0.0520
Step: 12200000  Loss: 0.104349 Regul: 0.003975 Obj: 0.108324 (0.080578)  NNZ: 13 (4)  Ttime: 1.3844 Vtime: 0.0518
Step: 12300000  Loss: 0.104697 Regul: 0.004267 Obj: 0.108964 (0.080578)  NNZ: 12 (4)  Ttime: 1.3837 Vtime: 0.0512
Step: 12400000  Loss: 0.098428 Regul: 0.003874 Obj: 0.102303 (0.080578)  NNZ: 11 (4)  Ttime: 1.3838 Vtime: 0.0514
Step: 12500000  Loss: 0.100945 Regul: 0.002947 Obj: 0.103891 (0.080578)  NNZ: 10 (4)  Ttime: 1.3856 Vtime: 0.0512
Step: 12600000  Loss: 0.113838 Regul: 0.003694 Obj: 0.117532 (0.080578)  NNZ: 10 (4)  Ttime: 1.3869 Vtime: 0.0510
Step: 12700000  Loss: 0.103591 Regul: 0.003630 Obj: 0.107221 (0.080578)  NNZ: 13 (4)  Ttime: 1.3841 Vtime: 0.0513
Step: 12800000  Loss: 0.102334 Regul: 0.002810 Obj: 0.105144 (0.080578)  NNZ: 9 (4)  Ttime: 1.3865 Vtime: 0.0518
Step: 12900000  Loss: 0.092854 Regul: 0.003041 Obj: 0.095895 (0.080578)  NNZ: 10 (4)  Ttime: 1.3841 Vtime: 0.0511
Step: 13000000  Loss: 0.106509 Regul: 0.004093 Obj: 0.110602 (0.080578)  NNZ: 11 (4)  Ttime: 1.3869 Vtime: 0.0508
Step: 13100000  Loss: 0.114682 Regul: 0.001940 Obj: 0.116621 (0.080578)  NNZ: 5 (4)  Ttime: 1.3855 Vtime: 0.0520
Step: 13200000  Loss: 0.098774 Regul: 0.004018 Obj: 0.102791 (0.080578)  NNZ: 16 (4)  Ttime: 1.3846 Vtime: 0.0511
Step: 13300000  Loss: 0.098559 Regul: 0.002625 Obj: 0.101184 (0.080578)  NNZ: 11 (4)  Ttime: 1.3858 Vtime: 0.0517
Step: 13400000  Loss: 0.101330 Regul: 0.002583 Obj: 0.103914 (0.080578)  NNZ: 9 (4)  Ttime: 1.3830 Vtime: 0.0513
Step: 13500000  Loss: 0.099017 Regul: 0.002966 Obj: 0.101982 (0.080578)  NNZ: 10 (4)  Ttime: 1.3851 Vtime: 0.0514
Step: 13600000  Loss: 0.099112 Regul: 0.003885 Obj: 0.102997 (0.080578)  NNZ: 15 (4)  Ttime: 1.3859 Vtime: 0.0513
Step: 13700000  Loss: 0.107169 Regul: 0.003121 Obj: 0.110290 (0.080578)  NNZ: 12 (4)  Ttime: 1.3845 Vtime: 0.0517
Step: 13800000  Loss: 0.150748 Regul: 0.002225 Obj: 0.152973 (0.080578)  NNZ: 6 (4)  Ttime: 1.3865 Vtime: 0.0515
Step: 13900000  Loss: 0.135242 Regul: 0.003301 Obj: 0.138543 (0.080578)  NNZ: 12 (4)  Ttime: 1.3874 Vtime: 0.0516
Step: 14000000  Loss: 0.119254 Regul: 0.004570 Obj: 0.123824 (0.080578)  NNZ: 14 (4)  Ttime: 1.3828 Vtime: 0.0511
Step: 14100000  Loss: 0.094867 Regul: 0.002966 Obj: 0.097833 (0.080578)  NNZ: 10 (4)  Ttime: 1.3827 Vtime: 0.0523
Step: 14200000  Loss: 0.115542 Regul: 0.003552 Obj: 0.119095 (0.080578)  NNZ: 11 (4)  Ttime: 1.3879 Vtime: 0.0516
Step: 14300000  Loss: 0.102076 Regul: 0.003949 Obj: 0.106025 (0.080578)  NNZ: 14 (4)  Ttime: 1.3841 Vtime: 0.0516
Step: 14400000  Loss: 0.080554 Regul: 0.002116 Obj: 0.082670 (0.080578)  NNZ: 9 (4)  Ttime: 1.3865 Vtime: 0.0522
Step: 14500000  Loss: 0.131322 Regul: 0.005316 Obj: 0.136638 (0.080578)  NNZ: 16 (4)  Ttime: 1.3843 Vtime: 0.0510
Step: 14600000  Loss: 0.097687 Regul: 0.002954 Obj: 0.100641 (0.080578)  NNZ: 9 (4)  Ttime: 1.3846 Vtime: 0.0517
Step: 14700000  Loss: 0.096388 Regul: 0.002373 Obj: 0.098761 (0.080578)  NNZ: 11 (4)  Ttime: 1.3858 Vtime: 0.0513
Step: 14800000  Loss: 0.088140 Regul: 0.001951 Obj: 0.090091 (0.080578)  NNZ: 8 (4)  Ttime: 1.3865 Vtime: 0.0511
Step: 14900000  Loss: 0.095742 Regul: 0.003522 Obj: 0.099264 (0.080578)  NNZ: 15 (4)  Ttime: 1.3850 Vtime: 0.0514
Step: 15000000  Loss: 0.098776 Regul: 0.003149 Obj: 0.101925 (0.080578)  NNZ: 9 (4)  Ttime: 1.3841 Vtime: 0.0508
Step: 15100000  Loss: 0.116988 Regul: 0.004367 Obj: 0.121356 (0.080578)  NNZ: 12 (4)  Ttime: 1.3845 Vtime: 0.0509
Step: 15200000  Loss: 0.135229 Regul: 0.004007 Obj: 0.139236 (0.080578)  NNZ: 11 (4)  Ttime: 1.3872 Vtime: 0.0515
Step: 15300000  Loss: 0.094521 Regul: 0.002469 Obj: 0.096989 (0.080578)  NNZ: 10 (4)  Ttime: 1.3857 Vtime: 0.0513
Step: 15400000  Loss: 0.087320 Regul: 0.002820 Obj: 0.090141 (0.080578)  NNZ: 10 (4)  Ttime: 1.3867 Vtime: 0.0516
Step: 15500000  Loss: 0.112088 Regul: 0.004192 Obj: 0.116281 (0.080578)  NNZ: 15 (4)  Ttime: 1.3876 Vtime: 0.0519
Step: 15600000  Loss: 0.113263 Regul: 0.003972 Obj: 0.117235 (0.080578)  NNZ: 12 (4)  Ttime: 1.3862 Vtime: 0.0511
Step: 15700000  Loss: 0.110887 Regul: 0.004213 Obj: 0.115100 (0.080578)  NNZ: 14 (4)  Ttime: 1.3850 Vtime: 0.0517
Step: 15800000  Loss: 0.082950 Regul: 0.002336 Obj: 0.085286 (0.080578)  NNZ: 12 (4)  Ttime: 1.3891 Vtime: 0.0516
Step: 15900000  Loss: 0.088735 Regul: 0.002464 Obj: 0.091199 (0.080578)  NNZ: 9 (4)  Ttime: 1.3869 Vtime: 0.0513
Step: 16000000  Loss: 0.114530 Regul: 0.004222 Obj: 0.118752 (0.080578)  NNZ: 12 (4)  Ttime: 1.3849 Vtime: 0.0512
Step: 16100000  Loss: 0.195966 Regul: 0.004615 Obj: 0.200581 (0.080578)  NNZ: 12 (4)  Ttime: 1.3836 Vtime: 0.0521
Step: 16200000  Loss: 0.131172 Regul: 0.005480 Obj: 0.136652 (0.080578)  NNZ: 13 (4)  Ttime: 1.3913 Vtime: 0.0509
Step: 16300000  Loss: 0.143614 Regul: 0.003924 Obj: 0.147538 (0.080578)  NNZ: 13 (4)  Ttime: 1.3840 Vtime: 0.0521
Step: 16400000  Loss: 0.117119 Regul: 0.004327 Obj: 0.121446 (0.080578)  NNZ: 20 (4)  Ttime: 1.3854 Vtime: 0.0513
Step: 16500000  Loss: 0.094079 Regul: 0.003344 Obj: 0.097423 (0.080578)  NNZ: 10 (4)  Ttime: 1.3846 Vtime: 0.0513
Step: 16600000  Loss: 0.120212 Regul: 0.005206 Obj: 0.125418 (0.080578)  NNZ: 15 (4)  Ttime: 1.3870 Vtime: 0.0512
Step: 16700000  Loss: 0.087711 Regul: 0.001901 Obj: 0.089612 (0.080578)  NNZ: 6 (4)  Ttime: 1.3869 Vtime: 0.0517
Step: 16800000  Loss: 0.092076 Regul: 0.003353 Obj: 0.095429 (0.080578)  NNZ: 10 (4)  Ttime: 1.3873 Vtime: 0.0518
Step: 16900000  Loss: 0.123061 Regul: 0.004927 Obj: 0.127989 (0.080578)  NNZ: 13 (4)  Ttime: 1.3862 Vtime: 0.0521
Step: 17000000  Loss: 0.104698 Regul: 0.003031 Obj: 0.107728 (0.080578)  NNZ: 10 (4)  Ttime: 1.3843 Vtime: 0.0514
Step: 17100000  Loss: 0.093615 Regul: 0.002090 Obj: 0.095705 (0.080578)  NNZ: 8 (4)  Ttime: 1.3833 Vtime: 0.0522
Step: 17200000  Loss: 0.102706 Regul: 0.004167 Obj: 0.106874 (0.080578)  NNZ: 14 (4)  Ttime: 1.3968 Vtime: 0.0514
Step: 17300000  Loss: 0.106683 Regul: 0.003369 Obj: 0.110052 (0.080578)  NNZ: 14 (4)  Ttime: 1.3852 Vtime: 0.0513
Step: 17400000  Loss: 0.101869 Regul: 0.003773 Obj: 0.105642 (0.080578)  NNZ: 15 (4)  Ttime: 1.3850 Vtime: 0.0511
Step: 17500000  Loss: 0.091236 Regul: 0.002461 Obj: 0.093697 (0.080578)  NNZ: 11 (4)  Ttime: 1.3857 Vtime: 0.0503
Step: 17600000  Loss: 0.085993 Regul: 0.002640 Obj: 0.088633 (0.080578)  NNZ: 16 (4)  Ttime: 1.3808 Vtime: 0.0519
Step: 17700000  Loss: 0.089392 Regul: 0.001886 Obj: 0.091278 (0.080578)  NNZ: 7 (4)  Ttime: 1.3856 Vtime: 0.0516
Best: 17800000  Loss: 0.076591 Regul: 0.001915 Obj: 0.078505 (0.078505)  NNZ: 9 (9)  Ttime: 1.3839 Vtime: 0.0510
Stat: nPR #60 (#72) Dim/MaxDim [480/640] AUC: 0.971548 FPR95: 15.53 [saved]
Step: 17900000  Loss: 0.114686 Regul: 0.003805 Obj: 0.118491 (0.078505)  NNZ: 10 (9)  Ttime: 1.3881 Vtime: 0.0519
Step: 18000000  Loss: 0.081808 Regul: 0.002152 Obj: 0.083961 (0.078505)  NNZ: 10 (9)  Ttime: 1.3818 Vtime: 0.0516
Step: 18100000  Loss: 0.123702 Regul: 0.005302 Obj: 0.129004 (0.078505)  NNZ: 16 (9)  Ttime: 1.3880 Vtime: 0.0521
Step: 18200000  Loss: 0.095298 Regul: 0.002526 Obj: 0.097825 (0.078505)  NNZ: 8 (9)  Ttime: 1.3849 Vtime: 0.0515
Step: 18300000  Loss: 0.089267 Regul: 0.002912 Obj: 0.092179 (0.078505)  NNZ: 12 (9)  Ttime: 1.3841 Vtime: 0.0512
Step: 18400000  Loss: 0.107845 Regul: 0.002896 Obj: 0.110740 (0.078505)  NNZ: 12 (9)  Ttime: 1.3859 Vtime: 0.0514
Step: 18500000  Loss: 0.125023 Regul: 0.001630 Obj: 0.126653 (0.078505)  NNZ: 8 (9)  Ttime: 1.3834 Vtime: 0.0514
Step: 18600000  Loss: 0.094119 Regul: 0.002857 Obj: 0.096976 (0.078505)  NNZ: 11 (9)  Ttime: 1.3837 Vtime: 0.0517
Step: 18700000  Loss: 0.096197 Regul: 0.003043 Obj: 0.099239 (0.078505)  NNZ: 13 (9)  Ttime: 1.3885 Vtime: 0.0508
Step: 18800000  Loss: 0.089320 Regul: 0.001949 Obj: 0.091268 (0.078505)  NNZ: 7 (9)  Ttime: 1.3832 Vtime: 0.0515
Step: 18900000  Loss: 0.119752 Regul: 0.002520 Obj: 0.122272 (0.078505)  NNZ: 9 (9)  Ttime: 1.3826 Vtime: 0.0513
Step: 19000000  Loss: 0.108381 Regul: 0.004387 Obj: 0.112769 (0.078505)  NNZ: 19 (9)  Ttime: 1.3847 Vtime: 0.0517
Step: 19100000  Loss: 0.106387 Regul: 0.003964 Obj: 0.110351 (0.078505)  NNZ: 17 (9)  Ttime: 1.3861 Vtime: 0.0515
Step: 19200000  Loss: 0.097636 Regul: 0.002266 Obj: 0.099902 (0.078505)  NNZ: 8 (9)  Ttime: 1.4175 Vtime: 0.0521
Step: 19300000  Loss: 0.099951 Regul: 0.002162 Obj: 0.102113 (0.078505)  NNZ: 9 (9)  Ttime: 1.3845 Vtime: 0.0509
Step: 19400000  Loss: 0.145799 Regul: 0.005078 Obj: 0.150877 (0.078505)  NNZ: 16 (9)  Ttime: 1.3839 Vtime: 0.0522
Step: 19500000  Loss: 0.090718 Regul: 0.002972 Obj: 0.093690 (0.078505)  NNZ: 11 (9)  Ttime: 1.3819 Vtime: 0.0514
Step: 19600000  Loss: 0.089624 Regul: 0.002796 Obj: 0.092420 (0.078505)  NNZ: 8 (9)  Ttime: 1.3842 Vtime: 0.0508
Step: 19700000  Loss: 0.085628 Regul: 0.002567 Obj: 0.088195 (0.078505)  NNZ: 9 (9)  Ttime: 1.3877 Vtime: 0.0515
Step: 19800000  Loss: 0.088762 Regul: 0.002379 Obj: 0.091141 (0.078505)  NNZ: 13 (9)  Ttime: 1.3871 Vtime: 0.0511
Step: 19900000  Loss: 0.082078 Regul: 0.002502 Obj: 0.084580 (0.078505)  NNZ: 10 (9)  Ttime: 1.3832 Vtime: 0.0515
Step: 20000000  Loss: 0.107829 Regul: 0.002460 Obj: 0.110289 (0.078505)  NNZ: 9 (9)  Ttime: 1.3826 Vtime: 0.0517
Step: 20100000  Loss: 0.099285 Regul: 0.003025 Obj: 0.102311 (0.078505)  NNZ: 12 (9)  Ttime: 1.3862 Vtime: 0.0513
Step: 20200000  Loss: 0.095243 Regul: 0.002255 Obj: 0.097498 (0.078505)  NNZ: 12 (9)  Ttime: 1.3869 Vtime: 0.0517
Step: 20300000  Loss: 0.122768 Regul: 0.002480 Obj: 0.125248 (0.078505)  NNZ: 7 (9)  Ttime: 1.3843 Vtime: 0.0516
Step: 20400000  Loss: 0.119147 Regul: 0.003789 Obj: 0.122936 (0.078505)  NNZ: 14 (9)  Ttime: 1.3810 Vtime: 0.0517
Step: 20500000  Loss: 0.096777 Regul: 0.002704 Obj: 0.099480 (0.078505)  NNZ: 11 (9)  Ttime: 1.3837 Vtime: 0.0514
Step: 20600000  Loss: 0.093127 Regul: 0.003167 Obj: 0.096294 (0.078505)  NNZ: 13 (9)  Ttime: 1.3903 Vtime: 0.0515
Step: 20700000  Loss: 0.098136 Regul: 0.003543 Obj: 0.101679 (0.078505)  NNZ: 12 (9)  Ttime: 1.3880 Vtime: 0.0518
Step: 20800000  Loss: 0.084765 Regul: 0.002830 Obj: 0.087595 (0.078505)  NNZ: 11 (9)  Ttime: 1.3850 Vtime: 0.0510
Step: 20900000  Loss: 0.219997 Regul: 0.001547 Obj: 0.221544 (0.078505)  NNZ: 6 (9)  Ttime: 1.3895 Vtime: 0.0513
Step: 21000000  Loss: 0.093880 Regul: 0.002759 Obj: 0.096639 (0.078505)  NNZ: 10 (9)  Ttime: 1.3903 Vtime: 0.0513
Step: 21100000  Loss: 0.086571 Regul: 0.002210 Obj: 0.088781 (0.078505)  NNZ: 8 (9)  Ttime: 1.3890 Vtime: 0.0521
Step: 21200000  Loss: 0.087100 Regul: 0.002177 Obj: 0.089278 (0.078505)  NNZ: 6 (9)  Ttime: 1.3840 Vtime: 0.0517
Step: 21300000  Loss: 0.085375 Regul: 0.002370 Obj: 0.087745 (0.078505)  NNZ: 6 (9)  Ttime: 1.3879 Vtime: 0.0514
Step: 21400000  Loss: 0.077892 Regul: 0.002179 Obj: 0.080072 (0.078505)  NNZ: 9 (9)  Ttime: 1.3837 Vtime: 0.0516
Step: 21500000  Loss: 0.089355 Regul: 0.002757 Obj: 0.092112 (0.078505)  NNZ: 10 (9)  Ttime: 1.3866 Vtime: 0.0516
Step: 21600000  Loss: 0.096001 Regul: 0.003153 Obj: 0.099155 (0.078505)  NNZ: 12 (9)  Ttime: 1.3837 Vtime: 0.0512
Step: 21700000  Loss: 0.078269 Regul: 0.002008 Obj: 0.080277 (0.078505)  NNZ: 9 (9)  Ttime: 1.3863 Vtime: 0.0515
Step: 21800000  Loss: 0.089633 Regul: 0.002607 Obj: 0.092240 (0.078505)  NNZ: 9 (9)  Ttime: 1.3881 Vtime: 0.0513
Step: 21900000  Loss: 0.100529 Regul: 0.003820 Obj: 0.104349 (0.078505)  NNZ: 12 (9)  Ttime: 1.3942 Vtime: 0.0517
Step: 22000000  Loss: 0.096095 Regul: 0.002665 Obj: 0.098760 (0.078505)  NNZ: 11 (9)  Ttime: 1.3880 Vtime: 0.0516
Step: 22100000  Loss: 0.149677 Regul: 0.004859 Obj: 0.154535 (0.078505)  NNZ: 13 (9)  Ttime: 1.3933 Vtime: 0.0514
Step: 22200000  Loss: 0.106852 Regul: 0.004123 Obj: 0.110975 (0.078505)  NNZ: 13 (9)  Ttime: 1.3833 Vtime: 0.0514
Step: 22300000  Loss: 0.105143 Regul: 0.001577 Obj: 0.106720 (0.078505)  NNZ: 8 (9)  Ttime: 1.3845 Vtime: 0.0518
Step: 22400000  Loss: 0.090778 Regul: 0.002456 Obj: 0.093233 (0.078505)  NNZ: 10 (9)  Ttime: 1.3832 Vtime: 0.0518
Step: 22500000  Loss: 0.104233 Regul: 0.001634 Obj: 0.105867 (0.078505)  NNZ: 8 (9)  Ttime: 1.3901 Vtime: 0.0519
Step: 22600000  Loss: 0.102038 Regul: 0.002661 Obj: 0.104699 (0.078505)  NNZ: 12 (9)  Ttime: 1.3871 Vtime: 0.0512
Step: 22700000  Loss: 0.089758 Regul: 0.002537 Obj: 0.092295 (0.078505)  NNZ: 12 (9)  Ttime: 1.3899 Vtime: 0.0508
Step: 22800000  Loss: 0.097866 Regul: 0.002632 Obj: 0.100498 (0.078505)  NNZ: 12 (9)  Ttime: 1.3870 Vtime: 0.0513
Step: 22900000  Loss: 0.089069 Regul: 0.002098 Obj: 0.091168 (0.078505)  NNZ: 9 (9)  Ttime: 1.3882 Vtime: 0.0516
Step: 23000000  Loss: 0.080233 Regul: 0.002511 Obj: 0.082744 (0.078505)  NNZ: 12 (9)  Ttime: 1.3886 Vtime: 0.0516
Step: 23100000  Loss: 0.104567 Regul: 0.002514 Obj: 0.107080 (0.078505)  NNZ: 9 (9)  Ttime: 1.3824 Vtime: 0.0511
Step: 23200000  Loss: 0.081834 Regul: 0.001873 Obj: 0.083707 (0.078505)  NNZ: 8 (9)  Ttime: 1.3887 Vtime: 0.0513
Step: 23300000  Loss: 0.094163 Regul: 0.002043 Obj: 0.096206 (0.078505)  NNZ: 7 (9)  Ttime: 1.3832 Vtime: 0.0510
Step: 23400000  Loss: 0.101541 Regul: 0.003702 Obj: 0.105243 (0.078505)  NNZ: 13 (9)  Ttime: 1.3872 Vtime: 0.0513
Step: 23500000  Loss: 0.093498 Regul: 0.001113 Obj: 0.094611 (0.078505)  NNZ: 7 (9)  Ttime: 1.3855 Vtime: 0.0512
Step: 23600000  Loss: 0.112289 Regul: 0.003902 Obj: 0.116191 (0.078505)  NNZ: 16 (9)  Ttime: 1.3899 Vtime: 0.0515
Step: 23700000  Loss: 0.083721 Regul: 0.001829 Obj: 0.085550 (0.078505)  NNZ: 9 (9)  Ttime: 1.3961 Vtime: 0.0510
Step: 23800000  Loss: 0.125714 Regul: 0.004735 Obj: 0.130448 (0.078505)  NNZ: 20 (9)  Ttime: 1.3836 Vtime: 0.0516
Step: 23900000  Loss: 0.104113 Regul: 0.004153 Obj: 0.108266 (0.078505)  NNZ: 18 (9)  Ttime: 1.3836 Vtime: 0.0517
Step: 24000000  Loss: 0.106366 Regul: 0.003906 Obj: 0.110272 (0.078505)  NNZ: 17 (9)  Ttime: 1.3862 Vtime: 0.0516
Step: 24100000  Loss: 0.087819 Regul: 0.003296 Obj: 0.091115 (0.078505)  NNZ: 12 (9)  Ttime: 1.3825 Vtime: 0.0515
Step: 24200000  Loss: 0.105127 Regul: 0.002161 Obj: 0.107288 (0.078505)  NNZ: 7 (9)  Ttime: 1.3859 Vtime: 0.0522
Step: 24300000  Loss: 0.105387 Regul: 0.001545 Obj: 0.106932 (0.078505)  NNZ: 7 (9)  Ttime: 1.3868 Vtime: 0.0516
Step: 24400000  Loss: 0.097486 Regul: 0.002842 Obj: 0.100328 (0.078505)  NNZ: 9 (9)  Ttime: 1.3884 Vtime: 0.0519
Step: 24500000  Loss: 0.100924 Regul: 0.002776 Obj: 0.103700 (0.078505)  NNZ: 12 (9)  Ttime: 1.3869 Vtime: 0.0506
Step: 24600000  Loss: 0.081401 Regul: 0.002518 Obj: 0.083919 (0.078505)  NNZ: 13 (9)  Ttime: 1.3869 Vtime: 0.0514
Step: 24700000  Loss: 0.079709 Regul: 0.002343 Obj: 0.082051 (0.078505)  NNZ: 10 (9)  Ttime: 1.3890 Vtime: 0.0517
Step: 24800000  Loss: 0.121311 Regul: 0.003181 Obj: 0.124492 (0.078505)  NNZ: 12 (9)  Ttime: 1.3964 Vtime: 0.0523
Step: 24900000  Loss: 0.091948 Regul: 0.003232 Obj: 0.095180 (0.078505)  NNZ: 14 (9)  Ttime: 1.3816 Vtime: 0.0512
Step: 25000000  Loss: 0.105308 Regul: 0.004447 Obj: 0.109755 (0.078505)  NNZ: 18 (9)  Ttime: 1.3838 Vtime: 0.0514
Step: 25100000  Loss: 0.082031 Regul: 0.001845 Obj: 0.083876 (0.078505)  NNZ: 12 (9)  Ttime: 1.3834 Vtime: 0.0516
Step: 25200000  Loss: 0.094144 Regul: 0.002662 Obj: 0.096806 (0.078505)  NNZ: 13 (9)  Ttime: 1.3832 Vtime: 0.0517
Step: 25300000  Loss: 0.140492 Regul: 0.003594 Obj: 0.144085 (0.078505)  NNZ: 11 (9)  Ttime: 1.3842 Vtime: 0.0511
Step: 25400000  Loss: 0.090311 Regul: 0.002401 Obj: 0.092712 (0.078505)  NNZ: 12 (9)  Ttime: 1.3868 Vtime: 0.0514
Step: 25500000  Loss: 0.089612 Regul: 0.001902 Obj: 0.091514 (0.078505)  NNZ: 12 (9)  Ttime: 1.3845 Vtime: 0.0518
Step: 25600000  Loss: 0.089520 Regul: 0.002907 Obj: 0.092428 (0.078505)  NNZ: 13 (9)  Ttime: 1.3868 Vtime: 0.0518
Step: 25700000  Loss: 0.083624 Regul: 0.002129 Obj: 0.085753 (0.078505)  NNZ: 8 (9)  Ttime: 1.3881 Vtime: 0.0504
Step: 25800000  Loss: 0.086475 Regul: 0.001940 Obj: 0.088414 (0.078505)  NNZ: 10 (9)  Ttime: 1.3836 Vtime: 0.0515
Step: 25900000  Loss: 0.096984 Regul: 0.002680 Obj: 0.099663 (0.078505)  NNZ: 12 (9)  Ttime: 1.3815 Vtime: 0.0508
Step: 26000000  Loss: 0.089464 Regul: 0.001891 Obj: 0.091355 (0.078505)  NNZ: 10 (9)  Ttime: 1.3837 Vtime: 0.0509
Step: 26100000  Loss: 0.109759 Regul: 0.002813 Obj: 0.112572 (0.078505)  NNZ: 10 (9)  Ttime: 1.3893 Vtime: 0.0509
Step: 26200000  Loss: 0.085071 Regul: 0.002404 Obj: 0.087476 (0.078505)  NNZ: 12 (9)  Ttime: 1.3849 Vtime: 0.0516
Step: 26300000  Loss: 0.093776 Regul: 0.002569 Obj: 0.096346 (0.078505)  NNZ: 9 (9)  Ttime: 1.3839 Vtime: 0.0516
Step: 26400000  Loss: 0.094367 Regul: 0.001388 Obj: 0.095755 (0.078505)  NNZ: 5 (9)  Ttime: 1.3871 Vtime: 0.0517
Step: 26500000  Loss: 0.094493 Regul: 0.002260 Obj: 0.096753 (0.078505)  NNZ: 9 (9)  Ttime: 1.3839 Vtime: 0.0517
Step: 26600000  Loss: 0.082846 Regul: 0.001568 Obj: 0.084414 (0.078505)  NNZ: 9 (9)  Ttime: 1.3886 Vtime: 0.0510
Step: 26700000  Loss: 0.083994 Regul: 0.001958 Obj: 0.085952 (0.078505)  NNZ: 10 (9)  Ttime: 1.3841 Vtime: 0.0516
Step: 26800000  Loss: 0.125470 Regul: 0.005177 Obj: 0.130647 (0.078505)  NNZ: 16 (9)  Ttime: 1.3858 Vtime: 0.0515
Step: 26900000  Loss: 0.088838 Regul: 0.002893 Obj: 0.091731 (0.078505)  NNZ: 13 (9)  Ttime: 1.3858 Vtime: 0.0514
Step: 27000000  Loss: 0.093250 Regul: 0.002411 Obj: 0.095660 (0.078505)  NNZ: 10 (9)  Ttime: 1.3832 Vtime: 0.0516
Step: 27100000  Loss: 0.144372 Regul: 0.002943 Obj: 0.147314 (0.078505)  NNZ: 16 (9)  Ttime: 1.3866 Vtime: 0.0514
Step: 27200000  Loss: 0.125342 Regul: 0.004159 Obj: 0.129502 (0.078505)  NNZ: 13 (9)  Ttime: 1.3844 Vtime: 0.0515
Step: 27300000  Loss: 0.122870 Regul: 0.004513 Obj: 0.127383 (0.078505)  NNZ: 21 (9)  Ttime: 1.3847 Vtime: 0.0514
Step: 27400000  Loss: 0.082348 Regul: 0.002360 Obj: 0.084708 (0.078505)  NNZ: 9 (9)  Ttime: 1.3866 Vtime: 0.0516
Step: 27500000  Loss: 0.095641 Regul: 0.002175 Obj: 0.097816 (0.078505)  NNZ: 10 (9)  Ttime: 1.3830 Vtime: 0.0514
Step: 27600000  Loss: 0.089763 Regul: 0.003394 Obj: 0.093157 (0.078505)  NNZ: 16 (9)  Ttime: 1.3896 Vtime: 0.0523
Step: 27700000  Loss: 0.090067 Regul: 0.002703 Obj: 0.092770 (0.078505)  NNZ: 13 (9)  Ttime: 1.3865 Vtime: 0.0516
Step: 27800000  Loss: 0.091620 Regul: 0.002315 Obj: 0.093935 (0.078505)  NNZ: 9 (9)  Ttime: 1.3835 Vtime: 0.0514
Step: 27900000  Loss: 0.091450 Regul: 0.001002 Obj: 0.092452 (0.078505)  NNZ: 5 (9)  Ttime: 1.3849 Vtime: 0.0518
Step: 28000000  Loss: 0.096555 Regul: 0.002365 Obj: 0.098920 (0.078505)  NNZ: 9 (9)  Ttime: 1.3848 Vtime: 0.0518
Step: 28100000  Loss: 0.077484 Regul: 0.002026 Obj: 0.079511 (0.078505)  NNZ: 7 (9)  Ttime: 1.3867 Vtime: 0.0512
Step: 28200000  Loss: 0.077429 Regul: 0.001974 Obj: 0.079402 (0.078505)  NNZ: 8 (9)  Ttime: 1.3885 Vtime: 0.0512
Step: 28300000  Loss: 0.109093 Regul: 0.000945 Obj: 0.110038 (0.078505)  NNZ: 5 (9)  Ttime: 1.3859 Vtime: 0.0513
Step: 28400000  Loss: 0.091114 Regul: 0.001686 Obj: 0.092800 (0.078505)  NNZ: 8 (9)  Ttime: 1.3864 Vtime: 0.0512
Step: 28500000  Loss: 0.090342 Regul: 0.002226 Obj: 0.092568 (0.078505)  NNZ: 14 (9)  Ttime: 1.3852 Vtime: 0.0507
Step: 28600000  Loss: 0.092267 Regul: 0.002176 Obj: 0.094443 (0.078505)  NNZ: 9 (9)  Ttime: 1.3883 Vtime: 0.0515
Step: 28700000  Loss: 0.091610 Regul: 0.002424 Obj: 0.094034 (0.078505)  NNZ: 10 (9)  Ttime: 1.3892 Vtime: 0.0515
Step: 28800000  Loss: 0.094393 Regul: 0.002310 Obj: 0.096704 (0.078505)  NNZ: 10 (9)  Ttime: 1.3847 Vtime: 0.0510
Step: 28900000  Loss: 0.092486 Regul: 0.003094 Obj: 0.095581 (0.078505)  NNZ: 13 (9)  Ttime: 1.3865 Vtime: 0.0508
Step: 29000000  Loss: 0.112049 Regul: 0.004393 Obj: 0.116442 (0.078505)  NNZ: 15 (9)  Ttime: 1.3856 Vtime: 0.0513
Step: 29100000  Loss: 0.090595 Regul: 0.003051 Obj: 0.093646 (0.078505)  NNZ: 12 (9)  Ttime: 1.3857 Vtime: 0.0508
Step: 29200000  Loss: 0.117094 Regul: 0.004217 Obj: 0.121311 (0.078505)  NNZ: 14 (9)  Ttime: 1.3868 Vtime: 0.0515
Step: 29300000  Loss: 0.119237 Regul: 0.003292 Obj: 0.122530 (0.078505)  NNZ: 12 (9)  Ttime: 1.3903 Vtime: 0.0512
Step: 29400000  Loss: 0.130197 Regul: 0.004740 Obj: 0.134937 (0.078505)  NNZ: 16 (9)  Ttime: 1.3828 Vtime: 0.0513
Step: 29500000  Loss: 0.090277 Regul: 0.002320 Obj: 0.092597 (0.078505)  NNZ: 11 (9)  Ttime: 1.3853 Vtime: 0.0512
Step: 29600000  Loss: 0.089744 Regul: 0.002145 Obj: 0.091889 (0.078505)  NNZ: 10 (9)  Ttime: 1.3844 Vtime: 0.0516
Step: 29700000  Loss: 0.089128 Regul: 0.001286 Obj: 0.090414 (0.078505)  NNZ: 7 (9)  Ttime: 1.3872 Vtime: 0.0518
Step: 29800000  Loss: 0.098850 Regul: 0.003654 Obj: 0.102504 (0.078505)  NNZ: 14 (9)  Ttime: 1.3870 Vtime: 0.0517
Step: 29900000  Loss: 0.087078 Regul: 0.002608 Obj: 0.089685 (0.078505)  NNZ: 12 (9)  Ttime: 1.3875 Vtime: 0.0517
Step: 30000000  Loss: 0.095738 Regul: 0.003070 Obj: 0.098808 (0.078505)  NNZ: 14 (9)  Ttime: 1.3847 Vtime: 0.0512
Step: 30100000  Loss: 0.093056 Regul: 0.002090 Obj: 0.095146 (0.078505)  NNZ: 8 (9)  Ttime: 1.3893 Vtime: 0.0526
Step: 30200000  Loss: 0.105861 Regul: 0.003106 Obj: 0.108967 (0.078505)  NNZ: 11 (9)  Ttime: 1.3899 Vtime: 0.0514
Step: 30300000  Loss: 0.094480 Regul: 0.002279 Obj: 0.096759 (0.078505)  NNZ: 10 (9)  Ttime: 1.3892 Vtime: 0.0509
Step: 30400000  Loss: 0.132730 Regul: 0.004225 Obj: 0.136955 (0.078505)  NNZ: 11 (9)  Ttime: 1.3841 Vtime: 0.0515
Step: 30500000  Loss: 0.089424 Regul: 0.002182 Obj: 0.091606 (0.078505)  NNZ: 7 (9)  Ttime: 1.3822 Vtime: 0.0518
Step: 30600000  Loss: 0.096573 Regul: 0.001848 Obj: 0.098421 (0.078505)  NNZ: 6 (9)  Ttime: 1.3854 Vtime: 0.0515
Step: 30700000  Loss: 0.091279 Regul: 0.001878 Obj: 0.093156 (0.078505)  NNZ: 8 (9)  Ttime: 1.3861 Vtime: 0.0511
Step: 30800000  Loss: 0.082721 Regul: 0.002198 Obj: 0.084919 (0.078505)  NNZ: 11 (9)  Ttime: 1.3840 Vtime: 0.0514
Step: 30900000  Loss: 0.097072 Regul: 0.003342 Obj: 0.100414 (0.078505)  NNZ: 12 (9)  Ttime: 1.3869 Vtime: 0.0517
Step: 31000000  Loss: 0.090561 Regul: 0.002965 Obj: 0.093526 (0.078505)  NNZ: 12 (9)  Ttime: 1.3825 Vtime: 0.0517
Step: 31100000  Loss: 0.087046 Regul: 0.002757 Obj: 0.089803 (0.078505)  NNZ: 13 (9)  Ttime: 1.3888 Vtime: 0.0514
Step: 31200000  Loss: 0.092126 Regul: 0.002804 Obj: 0.094930 (0.078505)  NNZ: 10 (9)  Ttime: 1.3868 Vtime: 0.0512
Step: 31300000  Loss: 0.099816 Regul: 0.003425 Obj: 0.103241 (0.078505)  NNZ: 14 (9)  Ttime: 1.3903 Vtime: 0.0511
Step: 31400000  Loss: 0.094494 Regul: 0.002686 Obj: 0.097180 (0.078505)  NNZ: 13 (9)  Ttime: 1.3967 Vtime: 0.0518
Step: 31500000  Loss: 0.095079 Regul: 0.002683 Obj: 0.097762 (0.078505)  NNZ: 12 (9)  Ttime: 1.3907 Vtime: 0.0516
Step: 31600000  Loss: 0.113679 Regul: 0.001785 Obj: 0.115463 (0.078505)  NNZ: 7 (9)  Ttime: 1.3859 Vtime: 0.0522
Step: 31700000  Loss: 0.090606 Regul: 0.001685 Obj: 0.092291 (0.078505)  NNZ: 12 (9)  Ttime: 1.3881 Vtime: 0.0521
Step: 31800000  Loss: 0.100434 Regul: 0.003597 Obj: 0.104031 (0.078505)  NNZ: 13 (9)  Ttime: 1.3852 Vtime: 0.0514
Step: 31900000  Loss: 0.092814 Regul: 0.002549 Obj: 0.095363 (0.078505)  NNZ: 16 (9)  Ttime: 1.3849 Vtime: 0.0512
Step: 32000000  Loss: 0.132278 Regul: 0.004758 Obj: 0.137036 (0.078505)  NNZ: 23 (9)  Ttime: 1.3850 Vtime: 0.0514
Step: 32100000  Loss: 0.096166 Regul: 0.003580 Obj: 0.099746 (0.078505)  NNZ: 15 (9)  Ttime: 1.3839 Vtime: 0.0525
Step: 32200000  Loss: 0.098886 Regul: 0.002299 Obj: 0.101185 (0.078505)  NNZ: 8 (9)  Ttime: 1.3848 Vtime: 0.0515
Step: 32300000  Loss: 0.099417 Regul: 0.001613 Obj: 0.101031 (0.078505)  NNZ: 7 (9)  Ttime: 1.3890 Vtime: 0.0519
Step: 32400000  Loss: 0.088953 Regul: 0.002808 Obj: 0.091761 (0.078505)  NNZ: 11 (9)  Ttime: 1.3897 Vtime: 0.0515
Step: 32500000  Loss: 0.103046 Regul: 0.003228 Obj: 0.106274 (0.078505)  NNZ: 14 (9)  Ttime: 1.3872 Vtime: 0.0520
Step: 32600000  Loss: 0.099113 Regul: 0.001852 Obj: 0.100966 (0.078505)  NNZ: 9 (9)  Ttime: 1.3874 Vtime: 0.0511
Step: 32700000  Loss: 0.089014 Regul: 0.002684 Obj: 0.091698 (0.078505)  NNZ: 9 (9)  Ttime: 1.3859 Vtime: 0.0512
Step: 32800000  Loss: 0.112171 Regul: 0.003432 Obj: 0.115602 (0.078505)  NNZ: 14 (9)  Ttime: 1.3889 Vtime: 0.0513
Step: 32900000  Loss: 0.128777 Regul: 0.001908 Obj: 0.130685 (0.078505)  NNZ: 11 (9)  Ttime: 1.3823 Vtime: 0.0522
Step: 33000000  Loss: 0.084009 Regul: 0.001374 Obj: 0.085382 (0.078505)  NNZ: 9 (9)  Ttime: 1.3844 Vtime: 0.0514
Step: 33100000  Loss: 0.093815 Regul: 0.001578 Obj: 0.095393 (0.078505)  NNZ: 8 (9)  Ttime: 1.3874 Vtime: 0.0510
Step: 33200000  Loss: 0.088682 Regul: 0.001234 Obj: 0.089917 (0.078505)  NNZ: 7 (9)  Ttime: 1.3863 Vtime: 0.0517
Step: 33300000  Loss: 0.078947 Regul: 0.001287 Obj: 0.080234 (0.078505)  NNZ: 7 (9)  Ttime: 1.3873 Vtime: 0.0517
Step: 33400000  Loss: 0.077354 Regul: 0.001875 Obj: 0.079229 (0.078505)  NNZ: 10 (9)  Ttime: 1.3821 Vtime: 0.0516
Step: 33500000  Loss: 0.093697 Regul: 0.002019 Obj: 0.095716 (0.078505)  NNZ: 9 (9)  Ttime: 1.3930 Vtime: 0.0511
Step: 33600000  Loss: 0.089623 Regul: 0.002654 Obj: 0.092277 (0.078505)  NNZ: 12 (9)  Ttime: 1.3891 Vtime: 0.0517
Step: 33700000  Loss: 0.098900 Regul: 0.004067 Obj: 0.102967 (0.078505)  NNZ: 16 (9)  Ttime: 1.3870 Vtime: 0.0517
Step: 33800000  Loss: 0.102330 Regul: 0.003859 Obj: 0.106188 (0.078505)  NNZ: 14 (9)  Ttime: 1.3811 Vtime: 0.0514
Step: 33900000  Loss: 0.125312 Regul: 0.003096 Obj: 0.128408 (0.078505)  NNZ: 16 (9)  Ttime: 1.3881 Vtime: 0.0514
Step: 34000000  Loss: 0.094933 Regul: 0.002724 Obj: 0.097657 (0.078505)  NNZ: 9 (9)  Ttime: 1.3854 Vtime: 0.0510
Step: 34100000  Loss: 0.139544 Regul: 0.002544 Obj: 0.142089 (0.078505)  NNZ: 14 (9)  Ttime: 1.3825 Vtime: 0.0515
Step: 34200000  Loss: 0.089401 Regul: 0.002321 Obj: 0.091722 (0.078505)  NNZ: 9 (9)  Ttime: 1.3876 Vtime: 0.0522
Step: 34300000  Loss: 0.107840 Regul: 0.002615 Obj: 0.110455 (0.078505)  NNZ: 13 (9)  Ttime: 1.3847 Vtime: 0.0509
Step: 34400000  Loss: 0.090161 Regul: 0.002461 Obj: 0.092622 (0.078505)  NNZ: 14 (9)  Ttime: 1.3858 Vtime: 0.0521
Step: 34500000  Loss: 0.085325 Regul: 0.002063 Obj: 0.087389 (0.078505)  NNZ: 14 (9)  Ttime: 1.3918 Vtime: 0.0515
Step: 34600000  Loss: 0.083780 Regul: 0.002355 Obj: 0.086135 (0.078505)  NNZ: 11 (9)  Ttime: 1.3834 Vtime: 0.0516
Step: 34700000  Loss: 0.097951 Regul: 0.002004 Obj: 0.099955 (0.078505)  NNZ: 9 (9)  Ttime: 1.3803 Vtime: 0.0514
Step: 34800000  Loss: 0.095368 Regul: 0.003405 Obj: 0.098772 (0.078505)  NNZ: 16 (9)  Ttime: 1.3887 Vtime: 0.0510
Step: 34900000  Loss: 0.097702 Regul: 0.003572 Obj: 0.101274 (0.078505)  NNZ: 22 (9)  Ttime: 1.3884 Vtime: 0.0521
Step: 35000000  Loss: 0.103621 Regul: 0.001813 Obj: 0.105433 (0.078505)  NNZ: 7 (9)  Ttime: 1.3861 Vtime: 0.0518
Step: 35100000  Loss: 0.085299 Regul: 0.001957 Obj: 0.087256 (0.078505)  NNZ: 8 (9)  Ttime: 1.3850 Vtime: 0.0519
Step: 35200000  Loss: 0.098346 Regul: 0.004266 Obj: 0.102612 (0.078505)  NNZ: 17 (9)  Ttime: 1.3870 Vtime: 0.0510
Step: 35300000  Loss: 0.087040 Regul: 0.002700 Obj: 0.089739 (0.078505)  NNZ: 10 (9)  Ttime: 1.3857 Vtime: 0.0521
Step: 35400000  Loss: 0.086772 Regul: 0.002731 Obj: 0.089503 (0.078505)  NNZ: 11 (9)  Ttime: 1.3834 Vtime: 0.0509
Step: 35500000  Loss: 0.107066 Regul: 0.004303 Obj: 0.111369 (0.078505)  NNZ: 18 (9)  Ttime: 1.3838 Vtime: 0.0514
Step: 35600000  Loss: 0.083711 Regul: 0.002465 Obj: 0.086176 (0.078505)  NNZ: 12 (9)  Ttime: 1.3901 Vtime: 0.0526
Step: 35700000  Loss: 0.094348 Regul: 0.003078 Obj: 0.097426 (0.078505)  NNZ: 12 (9)  Ttime: 1.3878 Vtime: 0.0522
Step: 35800000  Loss: 0.102102 Regul: 0.002253 Obj: 0.104355 (0.078505)  NNZ: 12 (9)  Ttime: 1.3864 Vtime: 0.0527
Step: 35900000  Loss: 0.082721 Regul: 0.001859 Obj: 0.084580 (0.078505)  NNZ: 8 (9)  Ttime: 1.3897 Vtime: 0.0512
Step: 36000000  Loss: 0.090081 Regul: 0.003242 Obj: 0.093323 (0.078505)  NNZ: 14 (9)  Ttime: 1.3868 Vtime: 0.0509
Step: 36100000  Loss: 0.091142 Regul: 0.003005 Obj: 0.094147 (0.078505)  NNZ: 15 (9)  Ttime: 1.3872 Vtime: 0.0526
Step: 36200000  Loss: 0.098222 Regul: 0.001137 Obj: 0.099360 (0.078505)  NNZ: 6 (9)  Ttime: 1.3891 Vtime: 0.0520
Step: 36300000  Loss: 0.098749 Regul: 0.001985 Obj: 0.100734 (0.078505)  NNZ: 8 (9)  Ttime: 1.3867 Vtime: 0.0509
Step: 36400000  Loss: 0.088384 Regul: 0.001888 Obj: 0.090271 (0.078505)  NNZ: 7 (9)  Ttime: 1.3880 Vtime: 0.0520
Step: 36500000  Loss: 0.081376 Regul: 0.001413 Obj: 0.082789 (0.078505)  NNZ: 6 (9)  Ttime: 1.3848 Vtime: 0.0515
Step: 36600000  Loss: 0.080647 Regul: 0.002427 Obj: 0.083074 (0.078505)  NNZ: 13 (9)  Ttime: 1.3842 Vtime: 0.0511
Step: 36700000  Loss: 0.087236 Regul: 0.001507 Obj: 0.088742 (0.078505)  NNZ: 8 (9)  Ttime: 1.3838 Vtime: 0.0509
Step: 36800000  Loss: 0.138595 Regul: 0.005274 Obj: 0.143869 (0.078505)  NNZ: 21 (9)  Ttime: 1.3829 Vtime: 0.0518
Step: 36900000  Loss: 0.097881 Regul: 0.003343 Obj: 0.101224 (0.078505)  NNZ: 12 (9)  Ttime: 1.3836 Vtime: 0.0516
Step: 37000000  Loss: 0.077065 Regul: 0.001888 Obj: 0.078953 (0.078505)  NNZ: 8 (9)  Ttime: 1.3864 Vtime: 0.0516
Step: 37100000  Loss: 0.090131 Regul: 0.003188 Obj: 0.093319 (0.078505)  NNZ: 16 (9)  Ttime: 1.3879 Vtime: 0.0515
Step: 37200000  Loss: 0.098118 Regul: 0.004208 Obj: 0.102326 (0.078505)  NNZ: 13 (9)  Ttime: 1.3837 Vtime: 0.0514
Step: 37300000  Loss: 0.097403 Regul: 0.003529 Obj: 0.100932 (0.078505)  NNZ: 17 (9)  Ttime: 1.3905 Vtime: 0.0515
Step: 37400000  Loss: 0.090948 Regul: 0.002698 Obj: 0.093647 (0.078505)  NNZ: 15 (9)  Ttime: 1.3818 Vtime: 0.0515
Step: 37500000  Loss: 0.088528 Regul: 0.002960 Obj: 0.091488 (0.078505)  NNZ: 15 (9)  Ttime: 1.3849 Vtime: 0.0517
Step: 37600000  Loss: 0.099281 Regul: 0.003875 Obj: 0.103157 (0.078505)  NNZ: 14 (9)  Ttime: 1.3832 Vtime: 0.0509
Step: 37700000  Loss: 0.092708 Regul: 0.002974 Obj: 0.095683 (0.078505)  NNZ: 12 (9)  Ttime: 1.3831 Vtime: 0.0518
Step: 37800000  Loss: 0.110325 Regul: 0.004661 Obj: 0.114985 (0.078505)  NNZ: 20 (9)  Ttime: 1.3862 Vtime: 0.0512
Step: 37900000  Loss: 0.141140 Regul: 0.003190 Obj: 0.144330 (0.078505)  NNZ: 13 (9)  Ttime: 1.3839 Vtime: 0.0521
Step: 38000000  Loss: 0.108800 Regul: 0.003595 Obj: 0.112394 (0.078505)  NNZ: 18 (9)  Ttime: 1.3836 Vtime: 0.0512
Step: 38100000  Loss: 0.100195 Regul: 0.002868 Obj: 0.103063 (0.078505)  NNZ: 13 (9)  Ttime: 1.3848 Vtime: 0.0515
Step: 38200000  Loss: 0.103107 Regul: 0.001893 Obj: 0.105000 (0.078505)  NNZ: 10 (9)  Ttime: 1.3885 Vtime: 0.0517
Step: 38300000  Loss: 0.086292 Regul: 0.002799 Obj: 0.089091 (0.078505)  NNZ: 13 (9)  Ttime: 1.3868 Vtime: 0.0507
Step: 38400000  Loss: 0.081006 Regul: 0.001454 Obj: 0.082461 (0.078505)  NNZ: 7 (9)  Ttime: 1.3838 Vtime: 0.0525
Step: 38500000  Loss: 0.098384 Regul: 0.003291 Obj: 0.101675 (0.078505)  NNZ: 16 (9)  Ttime: 1.3856 Vtime: 0.0517
Step: 38600000  Loss: 0.094824 Regul: 0.003846 Obj: 0.098671 (0.078505)  NNZ: 16 (9)  Ttime: 1.3861 Vtime: 0.0513
Step: 38700000  Loss: 0.087389 Regul: 0.002762 Obj: 0.090151 (0.078505)  NNZ: 14 (9)  Ttime: 1.3846 Vtime: 0.0512
Step: 38800000  Loss: 0.081888 Regul: 0.002713 Obj: 0.084600 (0.078505)  NNZ: 12 (9)  Ttime: 1.3869 Vtime: 0.0507
Step: 38900000  Loss: 0.092498 Regul: 0.003516 Obj: 0.096014 (0.078505)  NNZ: 15 (9)  Ttime: 1.3860 Vtime: 0.0518
Step: 39000000  Loss: 0.095520 Regul: 0.002337 Obj: 0.097857 (0.078505)  NNZ: 11 (9)  Ttime: 1.4014 Vtime: 0.0515
Step: 39100000  Loss: 0.118301 Regul: 0.003685 Obj: 0.121986 (0.078505)  NNZ: 13 (9)  Ttime: 1.3824 Vtime: 0.0513
Step: 39200000  Loss: 0.091492 Regul: 0.002626 Obj: 0.094117 (0.078505)  NNZ: 12 (9)  Ttime: 1.3872 Vtime: 0.0513
Step: 39300000  Loss: 0.093641 Regul: 0.003583 Obj: 0.097224 (0.078505)  NNZ: 16 (9)  Ttime: 1.3864 Vtime: 0.0520
Step: 39400000  Loss: 0.139081 Regul: 0.000503 Obj: 0.139585 (0.078505)  NNZ: 5 (9)  Ttime: 1.3841 Vtime: 0.0514
Step: 39500000  Loss: 0.089940 Regul: 0.002644 Obj: 0.092584 (0.078505)  NNZ: 13 (9)  Ttime: 1.3849 Vtime: 0.0512
Step: 39600000  Loss: 0.082489 Regul: 0.001803 Obj: 0.084292 (0.078505)  NNZ: 9 (9)  Ttime: 1.3858 Vtime: 0.0515
Step: 39700000  Loss: 0.099320 Regul: 0.003460 Obj: 0.102780 (0.078505)  NNZ: 16 (9)  Ttime: 1.3891 Vtime: 0.0512
Step: 39800000  Loss: 0.077639 Regul: 0.002372 Obj: 0.080011 (0.078505)  NNZ: 11 (9)  Ttime: 1.3841 Vtime: 0.0515
Step: 39900000  Loss: 0.094277 Regul: 0.002365 Obj: 0.096642 (0.078505)  NNZ: 10 (9)  Ttime: 1.3829 Vtime: 0.0512
Step: 40000000  Loss: 0.179364 Regul: 0.004888 Obj: 0.184252 (0.078505)  NNZ: 17 (9)  Ttime: 1.3871 Vtime: 0.0520
Step: 40100000  Loss: 0.094194 Regul: 0.003857 Obj: 0.098051 (0.078505)  NNZ: 15 (9)  Ttime: 1.3896 Vtime: 0.0508
Best: 40200000  Loss: 0.073484 Regul: 0.001871 Obj: 0.075355 (0.075355)  NNZ: 12 (12)  Ttime: 1.3863 Vtime: 0.0512
Stat: nPR #84 (#96) Dim/MaxDim [672/640] AUC: 0.972104 FPR95: 15.19
Step: 40300000  Loss: 0.099880 Regul: 0.002656 Obj: 0.102537 (0.075355)  NNZ: 10 (12)  Ttime: 1.3889 Vtime: 0.0511
Step: 40400000  Loss: 0.120190 Regul: 0.005747 Obj: 0.125937 (0.075355)  NNZ: 18 (12)  Ttime: 1.3881 Vtime: 0.0512
Step: 40500000  Loss: 0.082567 Regul: 0.002150 Obj: 0.084716 (0.075355)  NNZ: 10 (12)  Ttime: 1.3840 Vtime: 0.0512
Step: 40600000  Loss: 0.087128 Regul: 0.002615 Obj: 0.089743 (0.075355)  NNZ: 11 (12)  Ttime: 1.3837 Vtime: 0.0514
Step: 40700000  Loss: 0.080335 Regul: 0.002572 Obj: 0.082908 (0.075355)  NNZ: 13 (12)  Ttime: 1.3879 Vtime: 0.0516
Step: 40800000  Loss: 0.136623 Regul: 0.004913 Obj: 0.141535 (0.075355)  NNZ: 18 (12)  Ttime: 1.3868 Vtime: 0.0516
Step: 40900000  Loss: 0.087567 Regul: 0.002836 Obj: 0.090403 (0.075355)  NNZ: 12 (12)  Ttime: 1.3835 Vtime: 0.0514
Step: 41000000  Loss: 0.076557 Regul: 0.001975 Obj: 0.078532 (0.075355)  NNZ: 10 (12)  Ttime: 1.3909 Vtime: 0.0513
Step: 41100000  Loss: 0.078902 Regul: 0.001417 Obj: 0.080318 (0.075355)  NNZ: 9 (12)  Ttime: 1.3865 Vtime: 0.0513
Step: 41200000  Loss: 0.103978 Regul: 0.004117 Obj: 0.108095 (0.075355)  NNZ: 14 (12)  Ttime: 1.3856 Vtime: 0.0519
Step: 41300000  Loss: 0.083976 Regul: 0.001976 Obj: 0.085952 (0.075355)  NNZ: 8 (12)  Ttime: 1.3844 Vtime: 0.0515
Step: 41400000  Loss: 0.075480 Regul: 0.001827 Obj: 0.077308 (0.075355)  NNZ: 11 (12)  Ttime: 1.3863 Vtime: 0.0511
Step: 41500000  Loss: 0.083738 Regul: 0.001361 Obj: 0.085098 (0.075355)  NNZ: 7 (12)  Ttime: 1.3812 Vtime: 0.0518
Step: 41600000  Loss: 0.099469 Regul: 0.003990 Obj: 0.103458 (0.075355)  NNZ: 23 (12)  Ttime: 1.3892 Vtime: 0.0514
Step: 41700000  Loss: 0.099968 Regul: 0.003760 Obj: 0.103728 (0.075355)  NNZ: 13 (12)  Ttime: 1.3874 Vtime: 0.0511
Step: 41800000  Loss: 0.098265 Regul: 0.003077 Obj: 0.101342 (0.075355)  NNZ: 10 (12)  Ttime: 1.3858 Vtime: 0.0517
Step: 41900000  Loss: 0.098689 Regul: 0.002072 Obj: 0.100761 (0.075355)  NNZ: 9 (12)  Ttime: 1.3852 Vtime: 0.0508
Step: 42000000  Loss: 0.104148 Regul: 0.002103 Obj: 0.106251 (0.075355)  NNZ: 10 (12)  Ttime: 1.3857 Vtime: 0.0514
Step: 42100000  Loss: 0.093944 Regul: 0.001184 Obj: 0.095128 (0.075355)  NNZ: 11 (12)  Ttime: 1.3857 Vtime: 0.0510
Step: 42200000  Loss: 0.088185 Regul: 0.002571 Obj: 0.090757 (0.075355)  NNZ: 11 (12)  Ttime: 1.3899 Vtime: 0.0517
Step: 42300000  Loss: 0.087024 Regul: 0.002901 Obj: 0.089925 (0.075355)  NNZ: 12 (12)  Ttime: 1.3912 Vtime: 0.0510
Step: 42400000  Loss: 0.080065 Regul: 0.002323 Obj: 0.082389 (0.075355)  NNZ: 11 (12)  Ttime: 1.3854 Vtime: 0.0515
Step: 42500000  Loss: 0.128771 Regul: 0.001484 Obj: 0.130255 (0.075355)  NNZ: 8 (12)  Ttime: 1.3834 Vtime: 0.0514
Step: 42600000  Loss: 0.087098 Regul: 0.002773 Obj: 0.089871 (0.075355)  NNZ: 9 (12)  Ttime: 1.3890 Vtime: 0.0509
Step: 42700000  Loss: 0.113989 Regul: 0.003211 Obj: 0.117200 (0.075355)  NNZ: 13 (12)  Ttime: 1.3877 Vtime: 0.0518
Step: 42800000  Loss: 0.138016 Regul: 0.003440 Obj: 0.141457 (0.075355)  NNZ: 14 (12)  Ttime: 1.3858 Vtime: 0.0514
Step: 42900000  Loss: 0.095555 Regul: 0.003311 Obj: 0.098866 (0.075355)  NNZ: 14 (12)  Ttime: 1.3864 Vtime: 0.0517
Step: 43000000  Loss: 0.095247 Regul: 0.002922 Obj: 0.098170 (0.075355)  NNZ: 16 (12)  Ttime: 1.3839 Vtime: 0.0511
Step: 43100000  Loss: 0.117260 Regul: 0.002980 Obj: 0.120240 (0.075355)  NNZ: 13 (12)  Ttime: 1.3843 Vtime: 0.0515
Step: 43200000  Loss: 0.138864 Regul: 0.002329 Obj: 0.141193 (0.075355)  NNZ: 7 (12)  Ttime: 1.3867 Vtime: 0.0513
Step: 43300000  Loss: 0.104583 Regul: 0.003407 Obj: 0.107990 (0.075355)  NNZ: 13 (12)  Ttime: 1.3869 Vtime: 0.0517
Step: 43400000  Loss: 0.090061 Regul: 0.003136 Obj: 0.093197 (0.075355)  NNZ: 15 (12)  Ttime: 1.3874 Vtime: 0.0515
Step: 43500000  Loss: 0.079220 Regul: 0.002439 Obj: 0.081658 (0.075355)  NNZ: 12 (12)  Ttime: 1.3854 Vtime: 0.0514
Step: 43600000  Loss: 0.088605 Regul: 0.002849 Obj: 0.091454 (0.075355)  NNZ: 14 (12)  Ttime: 1.3865 Vtime: 0.0513
Step: 43700000  Loss: 0.089849 Regul: 0.002494 Obj: 0.092343 (0.075355)  NNZ: 14 (12)  Ttime: 1.3860 Vtime: 0.0510
Step: 43800000  Loss: 0.089894 Regul: 0.002634 Obj: 0.092528 (0.075355)  NNZ: 13 (12)  Ttime: 1.3859 Vtime: 0.0518
Step: 43900000  Loss: 0.091873 Regul: 0.003250 Obj: 0.095123 (0.075355)  NNZ: 15 (12)  Ttime: 1.3883 Vtime: 0.0515
Step: 44000000  Loss: 0.099406 Regul: 0.002984 Obj: 0.102391 (0.075355)  NNZ: 12 (12)  Ttime: 1.3884 Vtime: 0.0513
Step: 44100000  Loss: 0.104636 Regul: 0.004112 Obj: 0.108748 (0.075355)  NNZ: 13 (12)  Ttime: 1.3898 Vtime: 0.0512
Step: 44200000  Loss: 0.127020 Regul: 0.002459 Obj: 0.129479 (0.075355)  NNZ: 9 (12)  Ttime: 1.3831 Vtime: 0.0517
Step: 44300000  Loss: 0.090747 Regul: 0.002620 Obj: 0.093367 (0.075355)  NNZ: 12 (12)  Ttime: 1.3936 Vtime: 0.0511
Step: 44400000  Loss: 0.094990 Regul: 0.003112 Obj: 0.098101 (0.075355)  NNZ: 15 (12)  Ttime: 1.3905 Vtime: 0.0528
Step: 44500000  Loss: 0.093505 Regul: 0.003928 Obj: 0.097433 (0.075355)  NNZ: 15 (12)  Ttime: 1.3879 Vtime: 0.0511
Step: 44600000  Loss: 0.097854 Regul: 0.003491 Obj: 0.101345 (0.075355)  NNZ: 14 (12)  Ttime: 1.3855 Vtime: 0.0515
Step: 44700000  Loss: 0.077284 Regul: 0.002260 Obj: 0.079544 (0.075355)  NNZ: 13 (12)  Ttime: 1.3868 Vtime: 0.0511
Step: 44800000  Loss: 0.106037 Regul: 0.002975 Obj: 0.109013 (0.075355)  NNZ: 11 (12)  Ttime: 1.3877 Vtime: 0.0515
Step: 44900000  Loss: 0.110315 Regul: 0.004550 Obj: 0.114865 (0.075355)  NNZ: 19 (12)  Ttime: 1.3844 Vtime: 0.0525
Step: 45000000  Loss: 0.094861 Regul: 0.002641 Obj: 0.097502 (0.075355)  NNZ: 13 (12)  Ttime: 1.3932 Vtime: 0.0515
Step: 45100000  Loss: 0.093939 Regul: 0.001671 Obj: 0.095610 (0.075355)  NNZ: 9 (12)  Ttime: 1.3865 Vtime: 0.0519
Step: 45200000  Loss: 0.087960 Regul: 0.002670 Obj: 0.090630 (0.075355)  NNZ: 11 (12)  Ttime: 1.3860 Vtime: 0.0513
Step: 45300000  Loss: 0.106607 Regul: 0.003530 Obj: 0.110137 (0.075355)  NNZ: 11 (12)  Ttime: 1.3830 Vtime: 0.0508
Step: 45400000  Loss: 0.083700 Regul: 0.002893 Obj: 0.086593 (0.075355)  NNZ: 14 (12)  Ttime: 1.3857 Vtime: 0.0516
Step: 45500000  Loss: 0.090791 Regul: 0.002477 Obj: 0.093269 (0.075355)  NNZ: 11 (12)  Ttime: 1.3842 Vtime: 0.0514
Step: 45600000  Loss: 0.102577 Regul: 0.004039 Obj: 0.106617 (0.075355)  NNZ: 15 (12)  Ttime: 1.3895 Vtime: 0.0521
Step: 45700000  Loss: 0.091388 Regul: 0.003306 Obj: 0.094693 (0.075355)  NNZ: 14 (12)  Ttime: 1.3937 Vtime: 0.0522
Step: 45800000  Loss: 0.090746 Regul: 0.002677 Obj: 0.093423 (0.075355)  NNZ: 13 (12)  Ttime: 1.3860 Vtime: 0.0518
Step: 45900000  Loss: 0.100573 Regul: 0.002107 Obj: 0.102681 (0.075355)  NNZ: 12 (12)  Ttime: 1.3847 Vtime: 0.0524
Step: 46000000  Loss: 0.075769 Regul: 0.001420 Obj: 0.077189 (0.075355)  NNZ: 7 (12)  Ttime: 1.3873 Vtime: 0.0508
Step: 46100000  Loss: 0.096125 Regul: 0.002775 Obj: 0.098900 (0.075355)  NNZ: 11 (12)  Ttime: 1.3827 Vtime: 0.0515
Step: 46200000  Loss: 0.083289 Regul: 0.002387 Obj: 0.085676 (0.075355)  NNZ: 11 (12)  Ttime: 1.3867 Vtime: 0.0523
Step: 46300000  Loss: 0.095190 Regul: 0.001889 Obj: 0.097079 (0.075355)  NNZ: 13 (12)  Ttime: 1.3876 Vtime: 0.0514
Step: 46400000  Loss: 0.088160 Regul: 0.001917 Obj: 0.090078 (0.075355)  NNZ: 11 (12)  Ttime: 1.3867 Vtime: 0.0518
Step: 46500000  Loss: 0.091487 Regul: 0.002774 Obj: 0.094261 (0.075355)  NNZ: 13 (12)  Ttime: 1.3833 Vtime: 0.0514
Step: 46600000  Loss: 0.102668 Regul: 0.002124 Obj: 0.104792 (0.075355)  NNZ: 11 (12)  Ttime: 1.3804 Vtime: 0.0520
Step: 46700000  Loss: 0.103936 Regul: 0.002590 Obj: 0.106526 (0.075355)  NNZ: 10 (12)  Ttime: 1.3891 Vtime: 0.0521
Step: 46800000  Loss: 0.100121 Regul: 0.003668 Obj: 0.103789 (0.075355)  NNZ: 14 (12)  Ttime: 1.3892 Vtime: 0.0511
Best: 46900000  Loss: 0.071995 Regul: 0.001663 Obj: 0.073657 (0.073657)  NNZ: 10 (10)  Ttime: 1.3814 Vtime: 0.0518
Stat: nPR #68 (#80) Dim/MaxDim [544/640] AUC: 0.972526 FPR95: 14.86 [saved]
Step: 47000000  Loss: 0.079378 Regul: 0.002606 Obj: 0.081984 (0.073657)  NNZ: 12 (10)  Ttime: 1.3877 Vtime: 0.0519
Step: 47100000  Loss: 0.087307 Regul: 0.002599 Obj: 0.089906 (0.073657)  NNZ: 11 (10)  Ttime: 1.3854 Vtime: 0.0508
Step: 47200000  Loss: 0.085442 Regul: 0.002917 Obj: 0.088358 (0.073657)  NNZ: 13 (10)  Ttime: 1.3805 Vtime: 0.0514
Step: 47300000  Loss: 0.103488 Regul: 0.001258 Obj: 0.104746 (0.073657)  NNZ: 7 (10)  Ttime: 1.3870 Vtime: 0.0519
Step: 47400000  Loss: 0.090900 Regul: 0.003275 Obj: 0.094176 (0.073657)  NNZ: 13 (10)  Ttime: 1.3868 Vtime: 0.0528
Step: 47500000  Loss: 0.088329 Regul: 0.002053 Obj: 0.090381 (0.073657)  NNZ: 10 (10)  Ttime: 1.3828 Vtime: 0.0507
Step: 47600000  Loss: 0.089062 Regul: 0.002132 Obj: 0.091194 (0.073657)  NNZ: 11 (10)  Ttime: 1.3872 Vtime: 0.0515
Step: 47700000  Loss: 0.093653 Regul: 0.003009 Obj: 0.096662 (0.073657)  NNZ: 14 (10)  Ttime: 1.3816 Vtime: 0.0507
Step: 47800000  Loss: 0.078748 Regul: 0.001500 Obj: 0.080248 (0.073657)  NNZ: 10 (10)  Ttime: 1.3874 Vtime: 0.0512
Step: 47900000  Loss: 0.077084 Regul: 0.002182 Obj: 0.079266 (0.073657)  NNZ: 11 (10)  Ttime: 1.3857 Vtime: 0.0515
Step: 48000000  Loss: 0.096198 Regul: 0.002838 Obj: 0.099036 (0.073657)  NNZ: 11 (10)  Ttime: 1.3855 Vtime: 0.0516
Step: 48100000  Loss: 0.088754 Regul: 0.003269 Obj: 0.092023 (0.073657)  NNZ: 14 (10)  Ttime: 1.3833 Vtime: 0.0518
Step: 48200000  Loss: 0.114975 Regul: 0.004989 Obj: 0.119964 (0.073657)  NNZ: 16 (10)  Ttime: 1.3884 Vtime: 0.0511
Step: 48300000  Loss: 0.101441 Regul: 0.003598 Obj: 0.105039 (0.073657)  NNZ: 14 (10)  Ttime: 1.3844 Vtime: 0.0513
Step: 48400000  Loss: 0.084388 Regul: 0.002074 Obj: 0.086462 (0.073657)  NNZ: 12 (10)  Ttime: 1.3825 Vtime: 0.0511
Step: 48500000  Loss: 0.100581 Regul: 0.003582 Obj: 0.104162 (0.073657)  NNZ: 15 (10)  Ttime: 1.3807 Vtime: 0.0512
Step: 48600000  Loss: 0.086644 Regul: 0.002639 Obj: 0.089283 (0.073657)  NNZ: 10 (10)  Ttime: 1.3844 Vtime: 0.0516
Step: 48700000  Loss: 0.116955 Regul: 0.004603 Obj: 0.121558 (0.073657)  NNZ: 18 (10)  Ttime: 1.3884 Vtime: 0.0510
Step: 48800000  Loss: 0.096281 Regul: 0.002558 Obj: 0.098840 (0.073657)  NNZ: 11 (10)  Ttime: 1.3858 Vtime: 0.0517
Step: 48900000  Loss: 0.106674 Regul: 0.003245 Obj: 0.109919 (0.073657)  NNZ: 18 (10)  Ttime: 1.3872 Vtime: 0.0512
Step: 49000000  Loss: 0.104977 Regul: 0.003183 Obj: 0.108160 (0.073657)  NNZ: 14 (10)  Ttime: 1.3875 Vtime: 0.0510
Step: 49100000  Loss: 0.110517 Regul: 0.004625 Obj: 0.115142 (0.073657)  NNZ: 16 (10)  Ttime: 1.3859 Vtime: 0.0515
Step: 49200000  Loss: 0.088677 Regul: 0.002063 Obj: 0.090741 (0.073657)  NNZ: 9 (10)  Ttime: 1.3840 Vtime: 0.0511
Step: 49300000  Loss: 0.085326 Regul: 0.002619 Obj: 0.087946 (0.073657)  NNZ: 11 (10)  Ttime: 1.3852 Vtime: 0.0511
Step: 49400000  Loss: 0.101077 Regul: 0.003836 Obj: 0.104913 (0.073657)  NNZ: 15 (10)  Ttime: 1.3836 Vtime: 0.0513
Step: 49500000  Loss: 0.089163 Regul: 0.003076 Obj: 0.092239 (0.073657)  NNZ: 13 (10)  Ttime: 1.3888 Vtime: 0.0514
Step: 49600000  Loss: 0.090800 Regul: 0.003161 Obj: 0.093961 (0.073657)  NNZ: 17 (10)  Ttime: 1.3856 Vtime: 0.0518
Step: 49700000  Loss: 0.086319 Regul: 0.002318 Obj: 0.088637 (0.073657)  NNZ: 9 (10)  Ttime: 1.3835 Vtime: 0.0524
Step: 49800000  Loss: 0.100241 Regul: 0.002556 Obj: 0.102797 (0.073657)  NNZ: 12 (10)  Ttime: 1.3881 Vtime: 0.0516
Step: 49900000  Loss: 0.079695 Regul: 0.002488 Obj: 0.082183 (0.073657)  NNZ: 13 (10)  Ttime: 1.3912 Vtime: 0.0521
Step: 50000000  Loss: 0.081003 Regul: 0.002185 Obj: 0.083188 (0.073657)  NNZ: 9 (10)  Ttime: 1.3873 Vtime: 0.0523
