mu: 0.015 gamma: 0.05 nIters: 50000000
Load PRParams.
Load RingParams.
Load Labels: 500000
Load Distances: 500000 x 5120
0...10...20...30...40...50...60...70...80...90...100 - done.
Positive samples #250000
Negative samples #250000
Positive train #200000
Negative train #200000
Positive valid #50000
Negative valid #50000

Found GPU: GeForce GTX 970
Compute Capability: 5.2

Best: 100000  Loss: 1.103996 Regul: 0.041113 Obj: 1.145109 (1.145109)  NNZ: 5 (5)  Ttime: 1.4291 Vtime: 0.1986
Stat: nPR #32 (#40) Dim/MaxDim [256/640] AUC: 0.916092 FPR95: 58.23 [saved]
Best: 200000  Loss: 0.286812 Regul: 0.056353 Obj: 0.343166 (0.343166)  NNZ: 12 (12)  Ttime: 1.4040 Vtime: 0.0513
Stat: nPR #84 (#96) Dim/MaxDim [672/640] AUC: 0.970250 FPR95: 16.55
Best: 300000  Loss: 0.186675 Regul: 0.018268 Obj: 0.204943 (0.204943)  NNZ: 7 (7)  Ttime: 1.4078 Vtime: 0.0515
Stat: nPR #40 (#56) Dim/MaxDim [320/640] AUC: 0.958367 FPR95: 25.19 [saved]
Best: 400000  Loss: 0.152816 Regul: 0.014289 Obj: 0.167104 (0.167104)  NNZ: 4 (4)  Ttime: 1.4029 Vtime: 0.0511
Stat: nPR #32 (#32) Dim/MaxDim [256/640] AUC: 0.959946 FPR95: 24.28 [saved]
Best: 500000  Loss: 0.095849 Regul: 0.009657 Obj: 0.105506 (0.105506)  NNZ: 3 (3)  Ttime: 1.4070 Vtime: 0.0508
Stat: nPR #24 (#24) Dim/MaxDim [192/640] AUC: 0.968070 FPR95: 18.31 [saved]
Step: 600000  Loss: 0.155914 Regul: 0.018775 Obj: 0.174689 (0.105506)  NNZ: 7 (3)  Ttime: 1.4081 Vtime: 0.0513
Step: 700000  Loss: 0.477315 Regul: 0.010650 Obj: 0.487965 (0.105506)  NNZ: 3 (3)  Ttime: 1.4067 Vtime: 0.0512
Step: 800000  Loss: 0.143593 Regul: 0.022528 Obj: 0.166121 (0.105506)  NNZ: 11 (3)  Ttime: 1.4036 Vtime: 0.0511
Step: 900000  Loss: 0.277937 Regul: 0.040418 Obj: 0.318355 (0.105506)  NNZ: 10 (3)  Ttime: 1.4066 Vtime: 0.0517
Step: 1000000  Loss: 0.120555 Regul: 0.018300 Obj: 0.138855 (0.105506)  NNZ: 8 (3)  Ttime: 1.4186 Vtime: 0.0519
Step: 1100000  Loss: 0.120171 Regul: 0.012876 Obj: 0.133047 (0.105506)  NNZ: 4 (3)  Ttime: 1.4062 Vtime: 0.0513
Step: 1200000  Loss: 0.227100 Regul: 0.038103 Obj: 0.265203 (0.105506)  NNZ: 10 (3)  Ttime: 1.4082 Vtime: 0.0513
Step: 1300000  Loss: 0.153288 Regul: 0.024488 Obj: 0.177776 (0.105506)  NNZ: 10 (3)  Ttime: 1.4019 Vtime: 0.0525
Step: 1400000  Loss: 0.134439 Regul: 0.019511 Obj: 0.153950 (0.105506)  NNZ: 7 (3)  Ttime: 1.4046 Vtime: 0.0513
Step: 1500000  Loss: 0.167782 Regul: 0.027442 Obj: 0.195224 (0.105506)  NNZ: 9 (3)  Ttime: 1.4008 Vtime: 0.0513
Step: 1600000  Loss: 0.126841 Regul: 0.018437 Obj: 0.145278 (0.105506)  NNZ: 8 (3)  Ttime: 1.4046 Vtime: 0.0508
Step: 1700000  Loss: 0.185967 Regul: 0.026696 Obj: 0.212663 (0.105506)  NNZ: 13 (3)  Ttime: 1.4023 Vtime: 0.0518
Step: 1800000  Loss: 0.130915 Regul: 0.013328 Obj: 0.144243 (0.105506)  NNZ: 7 (3)  Ttime: 1.4083 Vtime: 0.0526
Step: 1900000  Loss: 0.130652 Regul: 0.009012 Obj: 0.139664 (0.105506)  NNZ: 6 (3)  Ttime: 1.3981 Vtime: 0.0517
Step: 2000000  Loss: 0.188341 Regul: 0.029378 Obj: 0.217720 (0.105506)  NNZ: 14 (3)  Ttime: 1.4093 Vtime: 0.0516
Step: 2100000  Loss: 0.136333 Regul: 0.014349 Obj: 0.150682 (0.105506)  NNZ: 8 (3)  Ttime: 1.4082 Vtime: 0.0512
Step: 2200000  Loss: 0.120544 Regul: 0.016877 Obj: 0.137421 (0.105506)  NNZ: 11 (3)  Ttime: 1.4062 Vtime: 0.0518
Step: 2300000  Loss: 0.139189 Regul: 0.021423 Obj: 0.160612 (0.105506)  NNZ: 10 (3)  Ttime: 1.4059 Vtime: 0.0514
Step: 2400000  Loss: 0.110513 Regul: 0.008471 Obj: 0.118984 (0.105506)  NNZ: 7 (3)  Ttime: 1.4126 Vtime: 0.0531
Step: 2500000  Loss: 0.118239 Regul: 0.015144 Obj: 0.133383 (0.105506)  NNZ: 8 (3)  Ttime: 1.3959 Vtime: 0.0515
Step: 2600000  Loss: 0.141416 Regul: 0.009143 Obj: 0.150559 (0.105506)  NNZ: 7 (3)  Ttime: 1.4048 Vtime: 0.0520
Step: 2700000  Loss: 0.133942 Regul: 0.020053 Obj: 0.153995 (0.105506)  NNZ: 11 (3)  Ttime: 1.3992 Vtime: 0.0518
Step: 2800000  Loss: 0.129928 Regul: 0.020046 Obj: 0.149974 (0.105506)  NNZ: 13 (3)  Ttime: 1.4139 Vtime: 0.0508
Step: 2900000  Loss: 0.112490 Regul: 0.015564 Obj: 0.128054 (0.105506)  NNZ: 9 (3)  Ttime: 1.4074 Vtime: 0.0507
Step: 3000000  Loss: 0.133665 Regul: 0.012291 Obj: 0.145956 (0.105506)  NNZ: 6 (3)  Ttime: 1.4083 Vtime: 0.0509
Step: 3100000  Loss: 0.123407 Regul: 0.013505 Obj: 0.136911 (0.105506)  NNZ: 6 (3)  Ttime: 1.4036 Vtime: 0.0513
Step: 3200000  Loss: 0.115128 Regul: 0.013457 Obj: 0.128586 (0.105506)  NNZ: 10 (3)  Ttime: 1.4060 Vtime: 0.0513
Step: 3300000  Loss: 0.122579 Regul: 0.012160 Obj: 0.134739 (0.105506)  NNZ: 5 (3)  Ttime: 1.4132 Vtime: 0.0517
Best: 3400000  Loss: 0.079709 Regul: 0.006374 Obj: 0.086083 (0.086083)  NNZ: 7 (7)  Ttime: 1.4025 Vtime: 0.0513
Stat: nPR #48 (#56) Dim/MaxDim [384/640] AUC: 0.969770 FPR95: 16.87 [saved]
Step: 3500000  Loss: 0.139722 Regul: 0.015328 Obj: 0.155050 (0.086083)  NNZ: 8 (7)  Ttime: 1.3977 Vtime: 0.0511
Step: 3600000  Loss: 0.157411 Regul: 0.016434 Obj: 0.173845 (0.086083)  NNZ: 10 (7)  Ttime: 1.4089 Vtime: 0.0517
Step: 3700000  Loss: 0.129563 Regul: 0.011854 Obj: 0.141417 (0.086083)  NNZ: 5 (7)  Ttime: 1.4006 Vtime: 0.0514
Step: 3800000  Loss: 0.104549 Regul: 0.014113 Obj: 0.118662 (0.086083)  NNZ: 9 (7)  Ttime: 1.4056 Vtime: 0.0506
Step: 3900000  Loss: 0.104938 Regul: 0.005611 Obj: 0.110549 (0.086083)  NNZ: 4 (7)  Ttime: 1.4074 Vtime: 0.0512
Step: 4000000  Loss: 0.123277 Regul: 0.005236 Obj: 0.128513 (0.086083)  NNZ: 5 (7)  Ttime: 1.4166 Vtime: 0.0514
Step: 4100000  Loss: 0.124463 Regul: 0.018480 Obj: 0.142943 (0.086083)  NNZ: 14 (7)  Ttime: 1.4023 Vtime: 0.0507
Step: 4200000  Loss: 0.138268 Regul: 0.015580 Obj: 0.153847 (0.086083)  NNZ: 11 (7)  Ttime: 1.4224 Vtime: 0.0516
Step: 4300000  Loss: 0.127641 Regul: 0.012601 Obj: 0.140243 (0.086083)  NNZ: 8 (7)  Ttime: 1.4105 Vtime: 0.0516
Step: 4400000  Loss: 0.094649 Regul: 0.009209 Obj: 0.103858 (0.086083)  NNZ: 8 (7)  Ttime: 1.4037 Vtime: 0.0512
Step: 4500000  Loss: 0.100973 Regul: 0.009961 Obj: 0.110934 (0.086083)  NNZ: 7 (7)  Ttime: 1.4034 Vtime: 0.0517
Step: 4600000  Loss: 0.098343 Regul: 0.004833 Obj: 0.103176 (0.086083)  NNZ: 6 (7)  Ttime: 1.4055 Vtime: 0.0520
Step: 4700000  Loss: 0.104175 Regul: 0.009389 Obj: 0.113564 (0.086083)  NNZ: 8 (7)  Ttime: 1.4071 Vtime: 0.0514
Step: 4800000  Loss: 0.093017 Regul: 0.008741 Obj: 0.101758 (0.086083)  NNZ: 7 (7)  Ttime: 1.4100 Vtime: 0.0514
Step: 4900000  Loss: 0.112176 Regul: 0.015504 Obj: 0.127680 (0.086083)  NNZ: 9 (7)  Ttime: 1.4137 Vtime: 0.0513
Step: 5000000  Loss: 0.126966 Regul: 0.019895 Obj: 0.146861 (0.086083)  NNZ: 14 (7)  Ttime: 1.4038 Vtime: 0.0510
Step: 5100000  Loss: 0.140203 Regul: 0.016969 Obj: 0.157172 (0.086083)  NNZ: 10 (7)  Ttime: 1.4003 Vtime: 0.0522
Step: 5200000  Loss: 0.101862 Regul: 0.007176 Obj: 0.109038 (0.086083)  NNZ: 6 (7)  Ttime: 1.3986 Vtime: 0.0513
Step: 5300000  Loss: 0.091933 Regul: 0.011426 Obj: 0.103359 (0.086083)  NNZ: 8 (7)  Ttime: 1.3999 Vtime: 0.0510
Step: 5400000  Loss: 0.117689 Regul: 0.012584 Obj: 0.130273 (0.086083)  NNZ: 6 (7)  Ttime: 1.4158 Vtime: 0.0509
Step: 5500000  Loss: 0.095655 Regul: 0.012978 Obj: 0.108632 (0.086083)  NNZ: 10 (7)  Ttime: 1.4117 Vtime: 0.0514
Step: 5600000  Loss: 0.090325 Regul: 0.007999 Obj: 0.098324 (0.086083)  NNZ: 5 (7)  Ttime: 1.4073 Vtime: 0.0510
Step: 5700000  Loss: 0.113794 Regul: 0.017443 Obj: 0.131236 (0.086083)  NNZ: 11 (7)  Ttime: 1.4086 Vtime: 0.0516
Step: 5800000  Loss: 0.153451 Regul: 0.021421 Obj: 0.174872 (0.086083)  NNZ: 13 (7)  Ttime: 1.4182 Vtime: 0.0518
Step: 5900000  Loss: 0.103450 Regul: 0.006545 Obj: 0.109996 (0.086083)  NNZ: 7 (7)  Ttime: 1.4114 Vtime: 0.0514
Step: 6000000  Loss: 0.100110 Regul: 0.009174 Obj: 0.109283 (0.086083)  NNZ: 5 (7)  Ttime: 1.4200 Vtime: 0.0516
Step: 6100000  Loss: 0.111981 Regul: 0.012749 Obj: 0.124729 (0.086083)  NNZ: 10 (7)  Ttime: 1.4032 Vtime: 0.0520
Step: 6200000  Loss: 0.082139 Regul: 0.006224 Obj: 0.088362 (0.086083)  NNZ: 6 (7)  Ttime: 1.4061 Vtime: 0.0514
Step: 6300000  Loss: 0.080398 Regul: 0.008296 Obj: 0.088693 (0.086083)  NNZ: 7 (7)  Ttime: 1.4062 Vtime: 0.0522
Step: 6400000  Loss: 0.116540 Regul: 0.008602 Obj: 0.125142 (0.086083)  NNZ: 7 (7)  Ttime: 1.4393 Vtime: 0.0513
Step: 6500000  Loss: 0.098216 Regul: 0.011234 Obj: 0.109450 (0.086083)  NNZ: 11 (7)  Ttime: 1.4134 Vtime: 0.0512
Step: 6600000  Loss: 0.135580 Regul: 0.020538 Obj: 0.156118 (0.086083)  NNZ: 14 (7)  Ttime: 1.4089 Vtime: 0.0509
Step: 6700000  Loss: 0.109741 Regul: 0.012543 Obj: 0.122284 (0.086083)  NNZ: 8 (7)  Ttime: 1.4161 Vtime: 0.0510
Step: 6800000  Loss: 0.096063 Regul: 0.010663 Obj: 0.106726 (0.086083)  NNZ: 11 (7)  Ttime: 1.4176 Vtime: 0.0519
Step: 6900000  Loss: 0.110086 Regul: 0.011598 Obj: 0.121684 (0.086083)  NNZ: 9 (7)  Ttime: 1.4131 Vtime: 0.0512
Step: 7000000  Loss: 0.115373 Regul: 0.014628 Obj: 0.130002 (0.086083)  NNZ: 12 (7)  Ttime: 1.4276 Vtime: 0.0514
Step: 7100000  Loss: 0.132979 Regul: 0.016112 Obj: 0.149092 (0.086083)  NNZ: 12 (7)  Ttime: 1.4199 Vtime: 0.0514
Step: 7200000  Loss: 0.089711 Regul: 0.009103 Obj: 0.098814 (0.086083)  NNZ: 9 (7)  Ttime: 1.4099 Vtime: 0.0513
Step: 7300000  Loss: 0.134941 Regul: 0.023932 Obj: 0.158872 (0.086083)  NNZ: 16 (7)  Ttime: 1.4043 Vtime: 0.0515
Step: 7400000  Loss: 0.117502 Regul: 0.009274 Obj: 0.126776 (0.086083)  NNZ: 11 (7)  Ttime: 1.4106 Vtime: 0.0512
Step: 7500000  Loss: 0.107345 Regul: 0.008139 Obj: 0.115484 (0.086083)  NNZ: 7 (7)  Ttime: 1.4212 Vtime: 0.0515
Step: 7600000  Loss: 0.086374 Regul: 0.008445 Obj: 0.094819 (0.086083)  NNZ: 8 (7)  Ttime: 1.4230 Vtime: 0.0522
Step: 7700000  Loss: 0.098654 Regul: 0.013789 Obj: 0.112442 (0.086083)  NNZ: 10 (7)  Ttime: 1.4197 Vtime: 0.0534
Step: 7800000  Loss: 0.103316 Regul: 0.009834 Obj: 0.113150 (0.086083)  NNZ: 8 (7)  Ttime: 1.4598 Vtime: 0.0523
Step: 7900000  Loss: 0.215649 Regul: 0.027917 Obj: 0.243566 (0.086083)  NNZ: 17 (7)  Ttime: 1.4106 Vtime: 0.0519
Step: 8000000  Loss: 0.107139 Regul: 0.011222 Obj: 0.118361 (0.086083)  NNZ: 8 (7)  Ttime: 1.4042 Vtime: 0.0508
Step: 8100000  Loss: 0.113774 Regul: 0.017039 Obj: 0.130813 (0.086083)  NNZ: 13 (7)  Ttime: 1.4248 Vtime: 0.0517
Step: 8200000  Loss: 0.120648 Regul: 0.013527 Obj: 0.134175 (0.086083)  NNZ: 10 (7)  Ttime: 1.4189 Vtime: 0.0513
Step: 8300000  Loss: 0.365083 Regul: 0.010206 Obj: 0.375289 (0.086083)  NNZ: 5 (7)  Ttime: 1.4172 Vtime: 0.0509
Step: 8400000  Loss: 0.123294 Regul: 0.012331 Obj: 0.135625 (0.086083)  NNZ: 10 (7)  Ttime: 1.4290 Vtime: 0.0512
Step: 8500000  Loss: 0.224278 Regul: 0.024689 Obj: 0.248967 (0.086083)  NNZ: 15 (7)  Ttime: 1.4330 Vtime: 0.0521
Step: 8600000  Loss: 0.102096 Regul: 0.016017 Obj: 0.118113 (0.086083)  NNZ: 12 (7)  Ttime: 1.4727 Vtime: 0.0534
Step: 8700000  Loss: 0.106392 Regul: 0.014355 Obj: 0.120746 (0.086083)  NNZ: 11 (7)  Ttime: 1.4155 Vtime: 0.0513
Step: 8800000  Loss: 0.107637 Regul: 0.016331 Obj: 0.123969 (0.086083)  NNZ: 11 (7)  Ttime: 1.4184 Vtime: 0.0519
Step: 8900000  Loss: 0.084851 Regul: 0.007018 Obj: 0.091870 (0.086083)  NNZ: 5 (7)  Ttime: 1.4236 Vtime: 0.0514
Step: 9000000  Loss: 0.146467 Regul: 0.007015 Obj: 0.153482 (0.086083)  NNZ: 7 (7)  Ttime: 1.4002 Vtime: 0.0516
Step: 9100000  Loss: 0.168603 Regul: 0.019949 Obj: 0.188552 (0.086083)  NNZ: 9 (7)  Ttime: 1.4160 Vtime: 0.0515
Step: 9200000  Loss: 0.088738 Regul: 0.007302 Obj: 0.096040 (0.086083)  NNZ: 9 (7)  Ttime: 1.4068 Vtime: 0.0510
Step: 9300000  Loss: 0.093441 Regul: 0.009851 Obj: 0.103292 (0.086083)  NNZ: 9 (7)  Ttime: 1.4286 Vtime: 0.0530
Step: 9400000  Loss: 0.081553 Regul: 0.008524 Obj: 0.090077 (0.086083)  NNZ: 7 (7)  Ttime: 1.4149 Vtime: 0.0507
Step: 9500000  Loss: 0.117816 Regul: 0.011481 Obj: 0.129297 (0.086083)  NNZ: 13 (7)  Ttime: 1.4166 Vtime: 0.0513
Step: 9600000  Loss: 0.130551 Regul: 0.017487 Obj: 0.148038 (0.086083)  NNZ: 12 (7)  Ttime: 1.4163 Vtime: 0.0515
Step: 9700000  Loss: 0.085829 Regul: 0.004759 Obj: 0.090588 (0.086083)  NNZ: 7 (7)  Ttime: 1.4306 Vtime: 0.0514
Step: 9800000  Loss: 0.088055 Regul: 0.008848 Obj: 0.096902 (0.086083)  NNZ: 10 (7)  Ttime: 1.4262 Vtime: 0.0522
Step: 9900000  Loss: 0.117615 Regul: 0.007037 Obj: 0.124652 (0.086083)  NNZ: 6 (7)  Ttime: 1.4346 Vtime: 0.0513
Step: 10000000  Loss: 0.100681 Regul: 0.009586 Obj: 0.110267 (0.086083)  NNZ: 10 (7)  Ttime: 1.4531 Vtime: 0.0517
Step: 10100000  Loss: 0.099712 Regul: 0.011486 Obj: 0.111198 (0.086083)  NNZ: 10 (7)  Ttime: 1.4361 Vtime: 0.0509
Step: 10200000  Loss: 0.112434 Regul: 0.010681 Obj: 0.123115 (0.086083)  NNZ: 7 (7)  Ttime: 1.4084 Vtime: 0.0510
Step: 10300000  Loss: 0.106812 Regul: 0.013090 Obj: 0.119903 (0.086083)  NNZ: 11 (7)  Ttime: 1.4718 Vtime: 0.0516
Step: 10400000  Loss: 0.093277 Regul: 0.006868 Obj: 0.100145 (0.086083)  NNZ: 7 (7)  Ttime: 1.4136 Vtime: 0.0512
Step: 10500000  Loss: 0.117278 Regul: 0.009865 Obj: 0.127143 (0.086083)  NNZ: 8 (7)  Ttime: 1.4077 Vtime: 0.0513
Step: 10600000  Loss: 0.119867 Regul: 0.016210 Obj: 0.136078 (0.086083)  NNZ: 12 (7)  Ttime: 1.4140 Vtime: 0.0511
Step: 10700000  Loss: 0.116553 Regul: 0.013163 Obj: 0.129716 (0.086083)  NNZ: 9 (7)  Ttime: 1.4166 Vtime: 0.0526
Step: 10800000  Loss: 0.094788 Regul: 0.012695 Obj: 0.107483 (0.086083)  NNZ: 8 (7)  Ttime: 1.4086 Vtime: 0.0509
Step: 10900000  Loss: 0.191440 Regul: 0.021606 Obj: 0.213047 (0.086083)  NNZ: 12 (7)  Ttime: 1.4044 Vtime: 0.0517
Step: 11000000  Loss: 0.095350 Regul: 0.011028 Obj: 0.106377 (0.086083)  NNZ: 10 (7)  Ttime: 1.4016 Vtime: 0.0508
Step: 11100000  Loss: 0.091363 Regul: 0.011069 Obj: 0.102431 (0.086083)  NNZ: 10 (7)  Ttime: 1.4010 Vtime: 0.0515
Step: 11200000  Loss: 0.117061 Regul: 0.011377 Obj: 0.128438 (0.086083)  NNZ: 11 (7)  Ttime: 1.4031 Vtime: 0.0520
Step: 11300000  Loss: 0.086201 Regul: 0.007870 Obj: 0.094071 (0.086083)  NNZ: 11 (7)  Ttime: 1.4363 Vtime: 0.0511
Step: 11400000  Loss: 0.146481 Regul: 0.009159 Obj: 0.155640 (0.086083)  NNZ: 8 (7)  Ttime: 1.3978 Vtime: 0.0525
Step: 11500000  Loss: 0.112550 Regul: 0.006265 Obj: 0.118815 (0.086083)  NNZ: 5 (7)  Ttime: 1.4069 Vtime: 0.0512
Step: 11600000  Loss: 0.100142 Regul: 0.010208 Obj: 0.110350 (0.086083)  NNZ: 12 (7)  Ttime: 1.4093 Vtime: 0.0518
Step: 11700000  Loss: 0.099921 Regul: 0.011927 Obj: 0.111848 (0.086083)  NNZ: 11 (7)  Ttime: 1.4061 Vtime: 0.0516
Step: 11800000  Loss: 0.106959 Regul: 0.012211 Obj: 0.119170 (0.086083)  NNZ: 11 (7)  Ttime: 1.4373 Vtime: 0.0512
Step: 11900000  Loss: 0.091945 Regul: 0.007577 Obj: 0.099522 (0.086083)  NNZ: 7 (7)  Ttime: 1.4076 Vtime: 0.0514
Step: 12000000  Loss: 0.152029 Regul: 0.021795 Obj: 0.173824 (0.086083)  NNZ: 13 (7)  Ttime: 1.4036 Vtime: 0.0512
Step: 12100000  Loss: 0.100426 Regul: 0.011010 Obj: 0.111436 (0.086083)  NNZ: 9 (7)  Ttime: 1.3998 Vtime: 0.0517
Step: 12200000  Loss: 0.119469 Regul: 0.014469 Obj: 0.133938 (0.086083)  NNZ: 13 (7)  Ttime: 1.4064 Vtime: 0.0515
Step: 12300000  Loss: 0.106425 Regul: 0.013533 Obj: 0.119958 (0.086083)  NNZ: 15 (7)  Ttime: 1.4006 Vtime: 0.0518
Step: 12400000  Loss: 0.086092 Regul: 0.007897 Obj: 0.093990 (0.086083)  NNZ: 7 (7)  Ttime: 1.3989 Vtime: 0.0511
Step: 12500000  Loss: 0.099020 Regul: 0.009728 Obj: 0.108749 (0.086083)  NNZ: 9 (7)  Ttime: 1.4129 Vtime: 0.0515
Step: 12600000  Loss: 0.112072 Regul: 0.012719 Obj: 0.124790 (0.086083)  NNZ: 12 (7)  Ttime: 1.4112 Vtime: 0.0518
Step: 12700000  Loss: 0.097955 Regul: 0.011933 Obj: 0.109888 (0.086083)  NNZ: 11 (7)  Ttime: 1.4117 Vtime: 0.0521
Step: 12800000  Loss: 0.095808 Regul: 0.009846 Obj: 0.105654 (0.086083)  NNZ: 8 (7)  Ttime: 1.4001 Vtime: 0.0512
Step: 12900000  Loss: 0.112869 Regul: 0.017792 Obj: 0.130661 (0.086083)  NNZ: 13 (7)  Ttime: 1.4098 Vtime: 0.0510
Step: 13000000  Loss: 0.094806 Regul: 0.012193 Obj: 0.106999 (0.086083)  NNZ: 9 (7)  Ttime: 1.4072 Vtime: 0.0513
Step: 13100000  Loss: 0.113009 Regul: 0.006890 Obj: 0.119899 (0.086083)  NNZ: 4 (7)  Ttime: 1.4200 Vtime: 0.0558
Step: 13200000  Loss: 0.123949 Regul: 0.012585 Obj: 0.136534 (0.086083)  NNZ: 12 (7)  Ttime: 1.4631 Vtime: 0.0514
Step: 13300000  Loss: 0.079185 Regul: 0.008328 Obj: 0.087512 (0.086083)  NNZ: 10 (7)  Ttime: 1.4373 Vtime: 0.0515
Step: 13400000  Loss: 0.100920 Regul: 0.009282 Obj: 0.110201 (0.086083)  NNZ: 7 (7)  Ttime: 1.4083 Vtime: 0.0513
Step: 13500000  Loss: 0.093367 Regul: 0.009157 Obj: 0.102524 (0.086083)  NNZ: 11 (7)  Ttime: 1.4219 Vtime: 0.0510
Step: 13600000  Loss: 0.096520 Regul: 0.012788 Obj: 0.109308 (0.086083)  NNZ: 13 (7)  Ttime: 1.4049 Vtime: 0.0518
Step: 13700000  Loss: 0.107169 Regul: 0.011796 Obj: 0.118964 (0.086083)  NNZ: 11 (7)  Ttime: 1.4123 Vtime: 0.0519
Step: 13800000  Loss: 0.143639 Regul: 0.009283 Obj: 0.152922 (0.086083)  NNZ: 7 (7)  Ttime: 1.3983 Vtime: 0.0514
Step: 13900000  Loss: 0.129468 Regul: 0.013563 Obj: 0.143031 (0.086083)  NNZ: 11 (7)  Ttime: 1.4179 Vtime: 0.0517
Step: 14000000  Loss: 0.102547 Regul: 0.014073 Obj: 0.116621 (0.086083)  NNZ: 11 (7)  Ttime: 1.4207 Vtime: 0.0512
Step: 14100000  Loss: 0.091088 Regul: 0.009133 Obj: 0.100221 (0.086083)  NNZ: 9 (7)  Ttime: 1.4121 Vtime: 0.0515
Step: 14200000  Loss: 0.123353 Regul: 0.016489 Obj: 0.139841 (0.086083)  NNZ: 15 (7)  Ttime: 1.4123 Vtime: 0.0518
Step: 14300000  Loss: 0.083714 Regul: 0.010113 Obj: 0.093827 (0.086083)  NNZ: 9 (7)  Ttime: 1.4139 Vtime: 0.0515
Step: 14400000  Loss: 0.091433 Regul: 0.008015 Obj: 0.099448 (0.086083)  NNZ: 7 (7)  Ttime: 1.4171 Vtime: 0.0509
Step: 14500000  Loss: 0.102556 Regul: 0.015287 Obj: 0.117844 (0.086083)  NNZ: 12 (7)  Ttime: 1.4240 Vtime: 0.0516
Step: 14600000  Loss: 0.096614 Regul: 0.011609 Obj: 0.108223 (0.086083)  NNZ: 11 (7)  Ttime: 1.4241 Vtime: 0.0521
Step: 14700000  Loss: 0.090418 Regul: 0.010243 Obj: 0.100661 (0.086083)  NNZ: 10 (7)  Ttime: 1.4164 Vtime: 0.0517
Best: 14800000  Loss: 0.079176 Regul: 0.006379 Obj: 0.085556 (0.085556)  NNZ: 7 (7)  Ttime: 1.4419 Vtime: 0.0523
Stat: nPR #48 (#56) Dim/MaxDim [384/640] AUC: 0.969739 FPR95: 17.05 [saved]
Step: 14900000  Loss: 0.088308 Regul: 0.011197 Obj: 0.099505 (0.085556)  NNZ: 14 (7)  Ttime: 1.4282 Vtime: 0.0512
Step: 15000000  Loss: 0.102080 Regul: 0.008892 Obj: 0.110971 (0.085556)  NNZ: 10 (7)  Ttime: 1.4173 Vtime: 0.0513
Step: 15100000  Loss: 0.114735 Regul: 0.013934 Obj: 0.128669 (0.085556)  NNZ: 14 (7)  Ttime: 1.4062 Vtime: 0.0515
Step: 15200000  Loss: 0.128778 Regul: 0.017783 Obj: 0.146561 (0.085556)  NNZ: 12 (7)  Ttime: 1.4021 Vtime: 0.0522
Step: 15300000  Loss: 0.096647 Regul: 0.010776 Obj: 0.107423 (0.085556)  NNZ: 10 (7)  Ttime: 1.4034 Vtime: 0.0509
Step: 15400000  Loss: 0.119315 Regul: 0.017715 Obj: 0.137030 (0.085556)  NNZ: 13 (7)  Ttime: 1.4047 Vtime: 0.0516
Step: 15500000  Loss: 0.104145 Regul: 0.013859 Obj: 0.118005 (0.085556)  NNZ: 13 (7)  Ttime: 1.4004 Vtime: 0.0514
Step: 15600000  Loss: 0.108628 Regul: 0.014806 Obj: 0.123434 (0.085556)  NNZ: 15 (7)  Ttime: 1.3986 Vtime: 0.0519
Step: 15700000  Loss: 0.116905 Regul: 0.010952 Obj: 0.127856 (0.085556)  NNZ: 11 (7)  Ttime: 1.4095 Vtime: 0.0515
Step: 15800000  Loss: 0.082025 Regul: 0.006229 Obj: 0.088254 (0.085556)  NNZ: 5 (7)  Ttime: 1.4056 Vtime: 0.0515
Step: 15900000  Loss: 0.091477 Regul: 0.010344 Obj: 0.101820 (0.085556)  NNZ: 10 (7)  Ttime: 1.4019 Vtime: 0.0511
Step: 16000000  Loss: 0.100934 Regul: 0.008857 Obj: 0.109791 (0.085556)  NNZ: 9 (7)  Ttime: 1.4091 Vtime: 0.0512
Step: 16100000  Loss: 0.129101 Regul: 0.012094 Obj: 0.141195 (0.085556)  NNZ: 12 (7)  Ttime: 1.4094 Vtime: 0.0516
Step: 16200000  Loss: 0.112282 Regul: 0.016593 Obj: 0.128875 (0.085556)  NNZ: 12 (7)  Ttime: 1.4179 Vtime: 0.0522
Step: 16300000  Loss: 0.107220 Regul: 0.013680 Obj: 0.120900 (0.085556)  NNZ: 13 (7)  Ttime: 1.4245 Vtime: 0.0529
Step: 16400000  Loss: 0.084364 Regul: 0.008357 Obj: 0.092721 (0.085556)  NNZ: 9 (7)  Ttime: 1.4295 Vtime: 0.0522
Step: 16500000  Loss: 0.092539 Regul: 0.011160 Obj: 0.103700 (0.085556)  NNZ: 11 (7)  Ttime: 1.4122 Vtime: 0.0515
Step: 16600000  Loss: 0.120813 Regul: 0.018748 Obj: 0.139561 (0.085556)  NNZ: 14 (7)  Ttime: 1.4219 Vtime: 0.0510
Best: 16700000  Loss: 0.075490 Regul: 0.006352 Obj: 0.081842 (0.081842)  NNZ: 7 (7)  Ttime: 1.4242 Vtime: 0.0533
Stat: nPR #44 (#56) Dim/MaxDim [352/640] AUC: 0.971094 FPR95: 16.36 [saved]
Step: 16800000  Loss: 0.089150 Regul: 0.011115 Obj: 0.100265 (0.081842)  NNZ: 11 (7)  Ttime: 1.4122 Vtime: 0.0509
Step: 16900000  Loss: 0.114594 Regul: 0.015736 Obj: 0.130331 (0.081842)  NNZ: 12 (7)  Ttime: 1.4115 Vtime: 0.0520
Step: 17000000  Loss: 0.094151 Regul: 0.010098 Obj: 0.104249 (0.081842)  NNZ: 9 (7)  Ttime: 1.4010 Vtime: 0.0523
Step: 17100000  Loss: 0.099916 Regul: 0.013515 Obj: 0.113431 (0.081842)  NNZ: 12 (7)  Ttime: 1.4035 Vtime: 0.0515
Step: 17200000  Loss: 0.113152 Regul: 0.012070 Obj: 0.125222 (0.081842)  NNZ: 10 (7)  Ttime: 1.4032 Vtime: 0.0512
Step: 17300000  Loss: 0.111884 Regul: 0.013586 Obj: 0.125470 (0.081842)  NNZ: 14 (7)  Ttime: 1.4124 Vtime: 0.0516
Step: 17400000  Loss: 0.104395 Regul: 0.011675 Obj: 0.116070 (0.081842)  NNZ: 13 (7)  Ttime: 1.4148 Vtime: 0.0514
Step: 17500000  Loss: 0.086916 Regul: 0.006603 Obj: 0.093519 (0.081842)  NNZ: 8 (7)  Ttime: 1.4060 Vtime: 0.0530
Step: 17600000  Loss: 0.092839 Regul: 0.003726 Obj: 0.096565 (0.081842)  NNZ: 6 (7)  Ttime: 1.4075 Vtime: 0.0507
Step: 17700000  Loss: 0.087330 Regul: 0.005402 Obj: 0.092731 (0.081842)  NNZ: 7 (7)  Ttime: 1.4112 Vtime: 0.0519
Step: 17800000  Loss: 0.082198 Regul: 0.006850 Obj: 0.089048 (0.081842)  NNZ: 8 (7)  Ttime: 1.4024 Vtime: 0.0514
Step: 17900000  Loss: 0.091710 Regul: 0.012008 Obj: 0.103718 (0.081842)  NNZ: 10 (7)  Ttime: 1.4041 Vtime: 0.0520
Step: 18000000  Loss: 0.096446 Regul: 0.012270 Obj: 0.108716 (0.081842)  NNZ: 11 (7)  Ttime: 1.4043 Vtime: 0.0518
Step: 18100000  Loss: 0.088300 Regul: 0.008895 Obj: 0.097195 (0.081842)  NNZ: 10 (7)  Ttime: 1.4044 Vtime: 0.0524
Step: 18200000  Loss: 0.082231 Regul: 0.007533 Obj: 0.089764 (0.081842)  NNZ: 9 (7)  Ttime: 1.4060 Vtime: 0.0513
Step: 18300000  Loss: 0.089227 Regul: 0.009089 Obj: 0.098316 (0.081842)  NNZ: 11 (7)  Ttime: 1.4400 Vtime: 0.0510
Step: 18400000  Loss: 0.094825 Regul: 0.010168 Obj: 0.104993 (0.081842)  NNZ: 13 (7)  Ttime: 1.4091 Vtime: 0.0517
Step: 18500000  Loss: 0.140301 Regul: 0.006352 Obj: 0.146653 (0.081842)  NNZ: 8 (7)  Ttime: 1.4123 Vtime: 0.0513
Step: 18600000  Loss: 0.083448 Regul: 0.007059 Obj: 0.090507 (0.081842)  NNZ: 8 (7)  Ttime: 1.4019 Vtime: 0.0516
Step: 18700000  Loss: 0.115382 Regul: 0.014037 Obj: 0.129419 (0.081842)  NNZ: 11 (7)  Ttime: 1.4023 Vtime: 0.0523
Step: 18800000  Loss: 0.114668 Regul: 0.008611 Obj: 0.123280 (0.081842)  NNZ: 10 (7)  Ttime: 1.4060 Vtime: 0.0512
Step: 18900000  Loss: 0.095740 Regul: 0.006544 Obj: 0.102284 (0.081842)  NNZ: 9 (7)  Ttime: 1.4356 Vtime: 0.0512
Step: 19000000  Loss: 0.102604 Regul: 0.014222 Obj: 0.116826 (0.081842)  NNZ: 13 (7)  Ttime: 1.4303 Vtime: 0.0514
Step: 19100000  Loss: 0.092850 Regul: 0.010767 Obj: 0.103616 (0.081842)  NNZ: 11 (7)  Ttime: 1.4129 Vtime: 0.0514
Step: 19200000  Loss: 0.098192 Regul: 0.006931 Obj: 0.105123 (0.081842)  NNZ: 9 (7)  Ttime: 1.4184 Vtime: 0.0518
Step: 19300000  Loss: 0.095955 Regul: 0.007630 Obj: 0.103585 (0.081842)  NNZ: 9 (7)  Ttime: 1.4084 Vtime: 0.0513
Step: 19400000  Loss: 0.099175 Regul: 0.012894 Obj: 0.112069 (0.081842)  NNZ: 11 (7)  Ttime: 1.4087 Vtime: 0.0520
Step: 19500000  Loss: 0.080795 Regul: 0.009100 Obj: 0.089895 (0.081842)  NNZ: 12 (7)  Ttime: 1.4120 Vtime: 0.0517
Step: 19600000  Loss: 0.111133 Regul: 0.011166 Obj: 0.122299 (0.081842)  NNZ: 10 (7)  Ttime: 1.4019 Vtime: 0.0513
Step: 19700000  Loss: 0.092902 Regul: 0.011530 Obj: 0.104432 (0.081842)  NNZ: 13 (7)  Ttime: 1.4387 Vtime: 0.0508
Best: 19800000  Loss: 0.074906 Regul: 0.005790 Obj: 0.080695 (0.080695)  NNZ: 10 (10)  Ttime: 1.4125 Vtime: 0.0519
Stat: nPR #60 (#80) Dim/MaxDim [480/640] AUC: 0.971395 FPR95: 15.72 [saved]
Step: 19900000  Loss: 0.077536 Regul: 0.007357 Obj: 0.084893 (0.080695)  NNZ: 10 (10)  Ttime: 1.4130 Vtime: 0.0516
Step: 20000000  Loss: 0.099266 Regul: 0.010585 Obj: 0.109851 (0.080695)  NNZ: 15 (10)  Ttime: 1.4136 Vtime: 0.0566
Step: 20100000  Loss: 0.109984 Regul: 0.009763 Obj: 0.119747 (0.080695)  NNZ: 11 (10)  Ttime: 1.4263 Vtime: 0.0518
Step: 20200000  Loss: 0.088983 Regul: 0.009816 Obj: 0.098799 (0.080695)  NNZ: 14 (10)  Ttime: 1.4148 Vtime: 0.0515
Step: 20300000  Loss: 0.176099 Regul: 0.009937 Obj: 0.186037 (0.080695)  NNZ: 8 (10)  Ttime: 1.4333 Vtime: 0.0518
Step: 20400000  Loss: 0.109684 Regul: 0.009238 Obj: 0.118921 (0.080695)  NNZ: 9 (10)  Ttime: 1.4273 Vtime: 0.0511
Step: 20500000  Loss: 0.100934 Regul: 0.008936 Obj: 0.109869 (0.080695)  NNZ: 9 (10)  Ttime: 1.4097 Vtime: 0.0511
Step: 20600000  Loss: 0.085652 Regul: 0.008958 Obj: 0.094609 (0.080695)  NNZ: 12 (10)  Ttime: 1.4025 Vtime: 0.0523
Step: 20700000  Loss: 0.099383 Regul: 0.013464 Obj: 0.112847 (0.080695)  NNZ: 13 (10)  Ttime: 1.4030 Vtime: 0.0545
Step: 20800000  Loss: 0.100340 Regul: 0.013954 Obj: 0.114295 (0.080695)  NNZ: 11 (10)  Ttime: 1.4635 Vtime: 0.0519
Step: 20900000  Loss: 0.165225 Regul: 0.003591 Obj: 0.168816 (0.080695)  NNZ: 3 (10)  Ttime: 1.4136 Vtime: 0.0517
Step: 21000000  Loss: 0.102941 Regul: 0.013971 Obj: 0.116912 (0.080695)  NNZ: 15 (10)  Ttime: 1.4268 Vtime: 0.0515
Step: 21100000  Loss: 0.115998 Regul: 0.007590 Obj: 0.123587 (0.080695)  NNZ: 8 (10)  Ttime: 1.4677 Vtime: 0.0516
Step: 21200000  Loss: 0.094363 Regul: 0.009597 Obj: 0.103960 (0.080695)  NNZ: 9 (10)  Ttime: 1.4151 Vtime: 0.0510
Step: 21300000  Loss: 0.104001 Regul: 0.009758 Obj: 0.113759 (0.080695)  NNZ: 6 (10)  Ttime: 1.4025 Vtime: 0.0513
Step: 21400000  Loss: 0.088164 Regul: 0.006180 Obj: 0.094344 (0.080695)  NNZ: 7 (10)  Ttime: 1.4147 Vtime: 0.0511
Step: 21500000  Loss: 0.083586 Regul: 0.009727 Obj: 0.093312 (0.080695)  NNZ: 9 (10)  Ttime: 1.4279 Vtime: 0.0515
Step: 21600000  Loss: 0.093778 Regul: 0.011124 Obj: 0.104902 (0.080695)  NNZ: 15 (10)  Ttime: 1.4124 Vtime: 0.0515
Step: 21700000  Loss: 0.092921 Regul: 0.011918 Obj: 0.104840 (0.080695)  NNZ: 14 (10)  Ttime: 1.4294 Vtime: 0.0513
Step: 21800000  Loss: 0.123711 Regul: 0.009681 Obj: 0.133392 (0.080695)  NNZ: 12 (10)  Ttime: 1.4073 Vtime: 0.0515
Step: 21900000  Loss: 0.104092 Regul: 0.014191 Obj: 0.118283 (0.080695)  NNZ: 12 (10)  Ttime: 1.4093 Vtime: 0.0515
Step: 22000000  Loss: 0.111661 Regul: 0.008959 Obj: 0.120620 (0.080695)  NNZ: 7 (10)  Ttime: 1.4154 Vtime: 0.0561
Step: 22100000  Loss: 0.148408 Regul: 0.011272 Obj: 0.159680 (0.080695)  NNZ: 9 (10)  Ttime: 1.4029 Vtime: 0.0506
Step: 22200000  Loss: 0.105235 Regul: 0.014376 Obj: 0.119611 (0.080695)  NNZ: 11 (10)  Ttime: 1.4247 Vtime: 0.0508
Step: 22300000  Loss: 0.140070 Regul: 0.002692 Obj: 0.142761 (0.080695)  NNZ: 3 (10)  Ttime: 1.3985 Vtime: 0.0515
Step: 22400000  Loss: 0.113539 Regul: 0.010430 Obj: 0.123969 (0.080695)  NNZ: 10 (10)  Ttime: 1.4113 Vtime: 0.0550
Step: 22500000  Loss: 0.088199 Regul: 0.005861 Obj: 0.094060 (0.080695)  NNZ: 8 (10)  Ttime: 1.4139 Vtime: 0.0516
Step: 22600000  Loss: 0.103454 Regul: 0.008994 Obj: 0.112449 (0.080695)  NNZ: 9 (10)  Ttime: 1.4181 Vtime: 0.0521
Step: 22700000  Loss: 0.094557 Regul: 0.011061 Obj: 0.105619 (0.080695)  NNZ: 13 (10)  Ttime: 1.4044 Vtime: 0.0513
Step: 22800000  Loss: 0.086138 Regul: 0.007665 Obj: 0.093802 (0.080695)  NNZ: 10 (10)  Ttime: 1.4333 Vtime: 0.0513
Step: 22900000  Loss: 0.090091 Regul: 0.007905 Obj: 0.097996 (0.080695)  NNZ: 9 (10)  Ttime: 1.4206 Vtime: 0.0523
Step: 23000000  Loss: 0.081760 Regul: 0.008073 Obj: 0.089833 (0.080695)  NNZ: 10 (10)  Ttime: 1.4146 Vtime: 0.0517
Step: 23100000  Loss: 0.093798 Regul: 0.009844 Obj: 0.103641 (0.080695)  NNZ: 10 (10)  Ttime: 1.4158 Vtime: 0.0514
Step: 23200000  Loss: 0.082638 Regul: 0.007267 Obj: 0.089905 (0.080695)  NNZ: 9 (10)  Ttime: 1.4130 Vtime: 0.0520
Step: 23300000  Loss: 0.087369 Regul: 0.006378 Obj: 0.093746 (0.080695)  NNZ: 5 (10)  Ttime: 1.4005 Vtime: 0.0505
Step: 23400000  Loss: 0.080488 Regul: 0.008306 Obj: 0.088794 (0.080695)  NNZ: 11 (10)  Ttime: 1.4019 Vtime: 0.0514
Step: 23500000  Loss: 0.084378 Regul: 0.005786 Obj: 0.090164 (0.080695)  NNZ: 7 (10)  Ttime: 1.4074 Vtime: 0.0513
Step: 23600000  Loss: 0.114904 Regul: 0.012535 Obj: 0.127440 (0.080695)  NNZ: 14 (10)  Ttime: 1.4023 Vtime: 0.0527
Step: 23700000  Loss: 0.082807 Regul: 0.005162 Obj: 0.087969 (0.080695)  NNZ: 10 (10)  Ttime: 1.4060 Vtime: 0.0517
Step: 23800000  Loss: 0.099925 Regul: 0.009979 Obj: 0.109904 (0.080695)  NNZ: 12 (10)  Ttime: 1.4127 Vtime: 0.0518
Step: 23900000  Loss: 0.083531 Regul: 0.007509 Obj: 0.091040 (0.080695)  NNZ: 10 (10)  Ttime: 1.4060 Vtime: 0.0514
Step: 24000000  Loss: 0.095443 Regul: 0.011360 Obj: 0.106803 (0.080695)  NNZ: 11 (10)  Ttime: 1.4077 Vtime: 0.0513
Step: 24100000  Loss: 0.097211 Regul: 0.013896 Obj: 0.111107 (0.080695)  NNZ: 14 (10)  Ttime: 1.4096 Vtime: 0.0517
Step: 24200000  Loss: 0.096433 Regul: 0.008701 Obj: 0.105134 (0.080695)  NNZ: 10 (10)  Ttime: 1.4083 Vtime: 0.0518
Step: 24300000  Loss: 0.133255 Regul: 0.009571 Obj: 0.142825 (0.080695)  NNZ: 12 (10)  Ttime: 1.4038 Vtime: 0.0513
Best: 24400000  Loss: 0.074152 Regul: 0.006407 Obj: 0.080559 (0.080559)  NNZ: 8 (8)  Ttime: 1.4108 Vtime: 0.0507
Stat: nPR #56 (#64) Dim/MaxDim [448/640] AUC: 0.971542 FPR95: 15.78 [saved]
Step: 24500000  Loss: 0.105748 Regul: 0.011913 Obj: 0.117661 (0.080559)  NNZ: 12 (8)  Ttime: 1.4112 Vtime: 0.0521
Step: 24600000  Loss: 0.096471 Regul: 0.010501 Obj: 0.106972 (0.080559)  NNZ: 10 (8)  Ttime: 1.4075 Vtime: 0.0517
Step: 24700000  Loss: 0.077764 Regul: 0.007769 Obj: 0.085534 (0.080559)  NNZ: 11 (8)  Ttime: 1.4086 Vtime: 0.0519
Step: 24800000  Loss: 0.087669 Regul: 0.008771 Obj: 0.096440 (0.080559)  NNZ: 10 (8)  Ttime: 1.4098 Vtime: 0.0514
Step: 24900000  Loss: 0.084512 Regul: 0.008467 Obj: 0.092979 (0.080559)  NNZ: 11 (8)  Ttime: 1.4031 Vtime: 0.0510
Step: 25000000  Loss: 0.086097 Regul: 0.008117 Obj: 0.094214 (0.080559)  NNZ: 9 (8)  Ttime: 1.4278 Vtime: 0.0514
Step: 25100000  Loss: 0.093533 Regul: 0.011342 Obj: 0.104874 (0.080559)  NNZ: 14 (8)  Ttime: 1.4373 Vtime: 0.0517
Step: 25200000  Loss: 0.092497 Regul: 0.008062 Obj: 0.100560 (0.080559)  NNZ: 11 (8)  Ttime: 1.4114 Vtime: 0.0513
Step: 25300000  Loss: 0.094072 Regul: 0.009972 Obj: 0.104044 (0.080559)  NNZ: 10 (8)  Ttime: 1.4037 Vtime: 0.0513
Step: 25400000  Loss: 0.089724 Regul: 0.007145 Obj: 0.096869 (0.080559)  NNZ: 9 (8)  Ttime: 1.4621 Vtime: 0.0514
Step: 25500000  Loss: 0.102647 Regul: 0.007253 Obj: 0.109899 (0.080559)  NNZ: 8 (8)  Ttime: 1.4270 Vtime: 0.0515
Step: 25600000  Loss: 0.078152 Regul: 0.008987 Obj: 0.087139 (0.080559)  NNZ: 12 (8)  Ttime: 1.4096 Vtime: 0.0517
Step: 25700000  Loss: 0.124552 Regul: 0.009192 Obj: 0.133744 (0.080559)  NNZ: 9 (8)  Ttime: 1.4398 Vtime: 0.0517
Step: 25800000  Loss: 0.086667 Regul: 0.005905 Obj: 0.092572 (0.080559)  NNZ: 9 (8)  Ttime: 1.4277 Vtime: 0.0516
Step: 25900000  Loss: 0.088808 Regul: 0.008734 Obj: 0.097542 (0.080559)  NNZ: 13 (8)  Ttime: 1.4156 Vtime: 0.0512
Step: 26000000  Loss: 0.091037 Regul: 0.010655 Obj: 0.101692 (0.080559)  NNZ: 15 (8)  Ttime: 1.4040 Vtime: 0.0513
Step: 26100000  Loss: 0.086476 Regul: 0.009294 Obj: 0.095770 (0.080559)  NNZ: 9 (8)  Ttime: 1.4064 Vtime: 0.0514
Step: 26200000  Loss: 0.080923 Regul: 0.009197 Obj: 0.090121 (0.080559)  NNZ: 11 (8)  Ttime: 1.4243 Vtime: 0.0523
Step: 26300000  Loss: 0.098011 Regul: 0.008437 Obj: 0.106449 (0.080559)  NNZ: 6 (8)  Ttime: 1.4434 Vtime: 0.0518
Step: 26400000  Loss: 0.119870 Regul: 0.007299 Obj: 0.127169 (0.080559)  NNZ: 7 (8)  Ttime: 1.4530 Vtime: 0.0529
Step: 26500000  Loss: 0.084282 Regul: 0.006165 Obj: 0.090448 (0.080559)  NNZ: 9 (8)  Ttime: 1.5002 Vtime: 0.0540
Step: 26600000  Loss: 0.078641 Regul: 0.008465 Obj: 0.087106 (0.080559)  NNZ: 15 (8)  Ttime: 1.4553 Vtime: 0.0517
Step: 26700000  Loss: 0.086587 Regul: 0.004871 Obj: 0.091458 (0.080559)  NNZ: 6 (8)  Ttime: 1.4845 Vtime: 0.0519
Step: 26800000  Loss: 0.118052 Regul: 0.012457 Obj: 0.130509 (0.080559)  NNZ: 11 (8)  Ttime: 1.4503 Vtime: 0.0529
Step: 26900000  Loss: 0.077182 Regul: 0.007928 Obj: 0.085111 (0.080559)  NNZ: 9 (8)  Ttime: 1.4218 Vtime: 0.0513
Step: 27000000  Loss: 0.089579 Regul: 0.005874 Obj: 0.095453 (0.080559)  NNZ: 8 (8)  Ttime: 1.4008 Vtime: 0.0528
Step: 27100000  Loss: 0.123946 Regul: 0.008578 Obj: 0.132525 (0.080559)  NNZ: 14 (8)  Ttime: 1.4549 Vtime: 0.0519
Step: 27200000  Loss: 0.125511 Regul: 0.012795 Obj: 0.138306 (0.080559)  NNZ: 12 (8)  Ttime: 1.4487 Vtime: 0.0507
Step: 27300000  Loss: 0.080518 Regul: 0.008516 Obj: 0.089034 (0.080559)  NNZ: 8 (8)  Ttime: 1.3981 Vtime: 0.0516
Step: 27400000  Loss: 0.087784 Regul: 0.008756 Obj: 0.096540 (0.080559)  NNZ: 8 (8)  Ttime: 1.4368 Vtime: 0.0516
Step: 27500000  Loss: 0.088088 Regul: 0.007467 Obj: 0.095555 (0.080559)  NNZ: 11 (8)  Ttime: 1.4471 Vtime: 0.0510
Step: 27600000  Loss: 0.107012 Regul: 0.015269 Obj: 0.122281 (0.080559)  NNZ: 17 (8)  Ttime: 1.5085 Vtime: 0.0513
Step: 27700000  Loss: 0.088723 Regul: 0.009183 Obj: 0.097906 (0.080559)  NNZ: 9 (8)  Ttime: 1.4683 Vtime: 0.0521
Step: 27800000  Loss: 0.093106 Regul: 0.010574 Obj: 0.103680 (0.080559)  NNZ: 12 (8)  Ttime: 1.4253 Vtime: 0.0513
Step: 27900000  Loss: 0.090496 Regul: 0.004449 Obj: 0.094945 (0.080559)  NNZ: 5 (8)  Ttime: 1.4769 Vtime: 0.0516
Step: 28000000  Loss: 0.082030 Regul: 0.007493 Obj: 0.089522 (0.080559)  NNZ: 9 (8)  Ttime: 1.4955 Vtime: 0.0521
Step: 28100000  Loss: 0.106679 Regul: 0.007048 Obj: 0.113727 (0.080559)  NNZ: 8 (8)  Ttime: 1.4685 Vtime: 0.0527
Step: 28200000  Loss: 0.101125 Regul: 0.007095 Obj: 0.108221 (0.080559)  NNZ: 8 (8)  Ttime: 1.4869 Vtime: 0.0513
Step: 28300000  Loss: 0.149809 Regul: 0.002629 Obj: 0.152438 (0.080559)  NNZ: 6 (8)  Ttime: 1.4723 Vtime: 0.0515
Step: 28400000  Loss: 0.087450 Regul: 0.007625 Obj: 0.095075 (0.080559)  NNZ: 11 (8)  Ttime: 1.4015 Vtime: 0.0515
Step: 28500000  Loss: 0.089857 Regul: 0.006453 Obj: 0.096309 (0.080559)  NNZ: 7 (8)  Ttime: 1.4371 Vtime: 0.0517
Step: 28600000  Loss: 0.081876 Regul: 0.006749 Obj: 0.088625 (0.080559)  NNZ: 11 (8)  Ttime: 1.4403 Vtime: 0.0584
Step: 28700000  Loss: 0.117712 Regul: 0.013303 Obj: 0.131015 (0.080559)  NNZ: 11 (8)  Ttime: 1.4101 Vtime: 0.0522
Step: 28800000  Loss: 0.083037 Regul: 0.006826 Obj: 0.089864 (0.080559)  NNZ: 11 (8)  Ttime: 1.4017 Vtime: 0.0520
Step: 28900000  Loss: 0.077298 Regul: 0.007833 Obj: 0.085131 (0.080559)  NNZ: 13 (8)  Ttime: 1.4190 Vtime: 0.0513
Step: 29000000  Loss: 0.114957 Regul: 0.012717 Obj: 0.127673 (0.080559)  NNZ: 13 (8)  Ttime: 1.4977 Vtime: 0.0514
Step: 29100000  Loss: 0.082217 Regul: 0.009681 Obj: 0.091898 (0.080559)  NNZ: 10 (8)  Ttime: 1.4066 Vtime: 0.0517
Step: 29200000  Loss: 0.093265 Regul: 0.012788 Obj: 0.106053 (0.080559)  NNZ: 17 (8)  Ttime: 1.4098 Vtime: 0.0507
Step: 29300000  Loss: 0.122068 Regul: 0.012759 Obj: 0.134827 (0.080559)  NNZ: 11 (8)  Ttime: 1.4028 Vtime: 0.0512
Step: 29400000  Loss: 0.093975 Regul: 0.011129 Obj: 0.105104 (0.080559)  NNZ: 13 (8)  Ttime: 1.4132 Vtime: 0.0515
Step: 29500000  Loss: 0.077723 Regul: 0.006577 Obj: 0.084300 (0.080559)  NNZ: 10 (8)  Ttime: 1.4031 Vtime: 0.0518
Step: 29600000  Loss: 0.090803 Regul: 0.006881 Obj: 0.097684 (0.080559)  NNZ: 10 (8)  Ttime: 1.4006 Vtime: 0.0515
Step: 29700000  Loss: 0.083267 Regul: 0.005045 Obj: 0.088311 (0.080559)  NNZ: 7 (8)  Ttime: 1.4050 Vtime: 0.0510
Step: 29800000  Loss: 0.101448 Regul: 0.010536 Obj: 0.111984 (0.080559)  NNZ: 11 (8)  Ttime: 1.4031 Vtime: 0.0520
Step: 29900000  Loss: 0.086548 Regul: 0.004147 Obj: 0.090695 (0.080559)  NNZ: 6 (8)  Ttime: 1.4028 Vtime: 0.0514
Step: 30000000  Loss: 0.101165 Regul: 0.011195 Obj: 0.112360 (0.080559)  NNZ: 18 (8)  Ttime: 1.4963 Vtime: 0.0524
Step: 30100000  Loss: 0.088856 Regul: 0.007255 Obj: 0.096110 (0.080559)  NNZ: 8 (8)  Ttime: 1.5032 Vtime: 0.0521
Step: 30200000  Loss: 0.087302 Regul: 0.005956 Obj: 0.093258 (0.080559)  NNZ: 8 (8)  Ttime: 1.4634 Vtime: 0.0519
Step: 30300000  Loss: 0.087086 Regul: 0.005555 Obj: 0.092641 (0.080559)  NNZ: 10 (8)  Ttime: 1.5054 Vtime: 0.0514
Step: 30400000  Loss: 0.103998 Regul: 0.009424 Obj: 0.113423 (0.080559)  NNZ: 10 (8)  Ttime: 1.4623 Vtime: 0.0513
Step: 30500000  Loss: 0.084827 Regul: 0.006531 Obj: 0.091359 (0.080559)  NNZ: 7 (8)  Ttime: 1.4242 Vtime: 0.0506
Step: 30600000  Loss: 0.096237 Regul: 0.006973 Obj: 0.103209 (0.080559)  NNZ: 7 (8)  Ttime: 1.3981 Vtime: 0.0509
Step: 30700000  Loss: 0.076176 Regul: 0.006403 Obj: 0.082579 (0.080559)  NNZ: 8 (8)  Ttime: 1.3962 Vtime: 0.0519
Step: 30800000  Loss: 0.102576 Regul: 0.006638 Obj: 0.109214 (0.080559)  NNZ: 8 (8)  Ttime: 1.4002 Vtime: 0.0512
Step: 30900000  Loss: 0.091268 Regul: 0.011365 Obj: 0.102633 (0.080559)  NNZ: 12 (8)  Ttime: 1.3951 Vtime: 0.0516
Step: 31000000  Loss: 0.078565 Regul: 0.009333 Obj: 0.087898 (0.080559)  NNZ: 13 (8)  Ttime: 1.3935 Vtime: 0.0518
Step: 31100000  Loss: 0.086339 Regul: 0.010419 Obj: 0.096758 (0.080559)  NNZ: 16 (8)  Ttime: 1.3974 Vtime: 0.0512
Step: 31200000  Loss: 0.084121 Regul: 0.008716 Obj: 0.092837 (0.080559)  NNZ: 11 (8)  Ttime: 1.4449 Vtime: 0.0514
Step: 31300000  Loss: 0.139080 Regul: 0.006346 Obj: 0.145426 (0.080559)  NNZ: 12 (8)  Ttime: 1.4219 Vtime: 0.0512
Step: 31400000  Loss: 0.079340 Regul: 0.006130 Obj: 0.085470 (0.080559)  NNZ: 10 (8)  Ttime: 1.3979 Vtime: 0.0522
Step: 31500000  Loss: 0.088270 Regul: 0.008646 Obj: 0.096916 (0.080559)  NNZ: 13 (8)  Ttime: 1.3963 Vtime: 0.0515
Step: 31600000  Loss: 0.103003 Regul: 0.008932 Obj: 0.111935 (0.080559)  NNZ: 11 (8)  Ttime: 1.3949 Vtime: 0.0516
Step: 31700000  Loss: 0.080390 Regul: 0.005856 Obj: 0.086246 (0.080559)  NNZ: 8 (8)  Ttime: 1.4009 Vtime: 0.0515
Step: 31800000  Loss: 0.089324 Regul: 0.009417 Obj: 0.098741 (0.080559)  NNZ: 10 (8)  Ttime: 1.3984 Vtime: 0.0514
Step: 31900000  Loss: 0.086617 Regul: 0.007256 Obj: 0.093873 (0.080559)  NNZ: 10 (8)  Ttime: 1.3961 Vtime: 0.0516
Step: 32000000  Loss: 0.085117 Regul: 0.009042 Obj: 0.094158 (0.080559)  NNZ: 9 (8)  Ttime: 1.4003 Vtime: 0.0514
Step: 32100000  Loss: 0.108736 Regul: 0.014073 Obj: 0.122810 (0.080559)  NNZ: 15 (8)  Ttime: 1.3971 Vtime: 0.0512
Step: 32200000  Loss: 0.087543 Regul: 0.007976 Obj: 0.095519 (0.080559)  NNZ: 10 (8)  Ttime: 1.3959 Vtime: 0.0511
Step: 32300000  Loss: 0.086984 Regul: 0.004636 Obj: 0.091621 (0.080559)  NNZ: 6 (8)  Ttime: 1.3930 Vtime: 0.0519
Step: 32400000  Loss: 0.088669 Regul: 0.008492 Obj: 0.097161 (0.080559)  NNZ: 9 (8)  Ttime: 1.3974 Vtime: 0.0513
Step: 32500000  Loss: 0.106527 Regul: 0.009822 Obj: 0.116349 (0.080559)  NNZ: 18 (8)  Ttime: 1.4123 Vtime: 0.0508
Step: 32600000  Loss: 0.089015 Regul: 0.007383 Obj: 0.096398 (0.080559)  NNZ: 10 (8)  Ttime: 1.3948 Vtime: 0.0515
Step: 32700000  Loss: 0.082930 Regul: 0.009906 Obj: 0.092836 (0.080559)  NNZ: 12 (8)  Ttime: 1.4272 Vtime: 0.0592
Step: 32800000  Loss: 0.116445 Regul: 0.012863 Obj: 0.129308 (0.080559)  NNZ: 13 (8)  Ttime: 1.4679 Vtime: 0.0502
Step: 32900000  Loss: 0.195330 Regul: 0.004144 Obj: 0.199474 (0.080559)  NNZ: 6 (8)  Ttime: 1.5002 Vtime: 0.0551
Step: 33000000  Loss: 0.075891 Regul: 0.006101 Obj: 0.081992 (0.080559)  NNZ: 10 (8)  Ttime: 1.4667 Vtime: 0.0503
Step: 33100000  Loss: 0.093350 Regul: 0.007249 Obj: 0.100599 (0.080559)  NNZ: 9 (8)  Ttime: 1.4120 Vtime: 0.0498
Step: 33200000  Loss: 0.098187 Regul: 0.010212 Obj: 0.108399 (0.080559)  NNZ: 13 (8)  Ttime: 1.4101 Vtime: 0.0500
Step: 33300000  Loss: 0.089757 Regul: 0.005647 Obj: 0.095404 (0.080559)  NNZ: 9 (8)  Ttime: 1.4299 Vtime: 0.0504
Step: 33400000  Loss: 0.080697 Regul: 0.007560 Obj: 0.088257 (0.080559)  NNZ: 10 (8)  Ttime: 1.4471 Vtime: 0.0505
Step: 33500000  Loss: 0.085964 Regul: 0.007698 Obj: 0.093661 (0.080559)  NNZ: 10 (8)  Ttime: 1.4190 Vtime: 0.0535
Step: 33600000  Loss: 0.086950 Regul: 0.008179 Obj: 0.095129 (0.080559)  NNZ: 9 (8)  Ttime: 1.4889 Vtime: 0.0505
Step: 33700000  Loss: 0.108418 Regul: 0.015698 Obj: 0.124116 (0.080559)  NNZ: 16 (8)  Ttime: 1.3959 Vtime: 0.0507
Step: 33800000  Loss: 0.102079 Regul: 0.014489 Obj: 0.116569 (0.080559)  NNZ: 16 (8)  Ttime: 1.4154 Vtime: 0.0497
Step: 33900000  Loss: 0.118400 Regul: 0.014907 Obj: 0.133306 (0.080559)  NNZ: 20 (8)  Ttime: 1.3952 Vtime: 0.0502
Step: 34000000  Loss: 0.110064 Regul: 0.011115 Obj: 0.121179 (0.080559)  NNZ: 9 (8)  Ttime: 1.3991 Vtime: 0.0502
Step: 34100000  Loss: 0.110624 Regul: 0.008954 Obj: 0.119577 (0.080559)  NNZ: 10 (8)  Ttime: 1.4205 Vtime: 0.0538
Step: 34200000  Loss: 0.089799 Regul: 0.008322 Obj: 0.098121 (0.080559)  NNZ: 12 (8)  Ttime: 1.4626 Vtime: 0.0508
Step: 34300000  Loss: 0.114086 Regul: 0.012178 Obj: 0.126264 (0.080559)  NNZ: 11 (8)  Ttime: 1.4756 Vtime: 0.0508
Step: 34400000  Loss: 0.079278 Regul: 0.006348 Obj: 0.085626 (0.080559)  NNZ: 9 (8)  Ttime: 1.4180 Vtime: 0.0500
Step: 34500000  Loss: 0.098446 Regul: 0.011255 Obj: 0.109701 (0.080559)  NNZ: 14 (8)  Ttime: 1.3972 Vtime: 0.0500
Step: 34600000  Loss: 0.087208 Regul: 0.008536 Obj: 0.095745 (0.080559)  NNZ: 10 (8)  Ttime: 1.4066 Vtime: 0.0505
Step: 34700000  Loss: 0.112014 Regul: 0.010269 Obj: 0.122282 (0.080559)  NNZ: 13 (8)  Ttime: 1.4013 Vtime: 0.0498
Step: 34800000  Loss: 0.099256 Regul: 0.012416 Obj: 0.111672 (0.080559)  NNZ: 11 (8)  Ttime: 1.3977 Vtime: 0.0501
Step: 34900000  Loss: 0.079808 Regul: 0.009650 Obj: 0.089458 (0.080559)  NNZ: 11 (8)  Ttime: 1.4038 Vtime: 0.0508
Step: 35000000  Loss: 0.086194 Regul: 0.007410 Obj: 0.093604 (0.080559)  NNZ: 7 (8)  Ttime: 1.4447 Vtime: 0.0498
Best: 35100000  Loss: 0.072934 Regul: 0.006218 Obj: 0.079152 (0.079152)  NNZ: 6 (6)  Ttime: 1.4176 Vtime: 0.0509
Stat: nPR #40 (#48) Dim/MaxDim [320/640] AUC: 0.972106 FPR95: 15.12 [saved]
Step: 35200000  Loss: 0.095065 Regul: 0.011893 Obj: 0.106957 (0.079152)  NNZ: 13 (6)  Ttime: 1.4775 Vtime: 0.0527
Step: 35300000  Loss: 0.091183 Regul: 0.010318 Obj: 0.101501 (0.079152)  NNZ: 9 (6)  Ttime: 1.4742 Vtime: 0.0495
Step: 35400000  Loss: 0.091620 Regul: 0.011144 Obj: 0.102763 (0.079152)  NNZ: 15 (6)  Ttime: 1.3979 Vtime: 0.0500
Step: 35500000  Loss: 0.101130 Regul: 0.011759 Obj: 0.112889 (0.079152)  NNZ: 11 (6)  Ttime: 1.4224 Vtime: 0.0502
Step: 35600000  Loss: 0.086685 Regul: 0.006824 Obj: 0.093509 (0.079152)  NNZ: 14 (6)  Ttime: 1.4375 Vtime: 0.0503
Step: 35700000  Loss: 0.093787 Regul: 0.008992 Obj: 0.102779 (0.079152)  NNZ: 12 (6)  Ttime: 1.3986 Vtime: 0.0504
Step: 35800000  Loss: 0.091891 Regul: 0.012493 Obj: 0.104385 (0.079152)  NNZ: 12 (6)  Ttime: 1.3946 Vtime: 0.0511
Step: 35900000  Loss: 0.088989 Regul: 0.008163 Obj: 0.097152 (0.079152)  NNZ: 8 (6)  Ttime: 1.3963 Vtime: 0.0522
Step: 36000000  Loss: 0.110337 Regul: 0.017580 Obj: 0.127917 (0.079152)  NNZ: 16 (6)  Ttime: 1.3953 Vtime: 0.0511
Step: 36100000  Loss: 0.083626 Regul: 0.007934 Obj: 0.091560 (0.079152)  NNZ: 11 (6)  Ttime: 1.4021 Vtime: 0.0510
Step: 36200000  Loss: 0.084164 Regul: 0.008064 Obj: 0.092228 (0.079152)  NNZ: 12 (6)  Ttime: 1.3947 Vtime: 0.0516
Step: 36300000  Loss: 0.109407 Regul: 0.008280 Obj: 0.117687 (0.079152)  NNZ: 9 (6)  Ttime: 1.3935 Vtime: 0.0514
Step: 36400000  Loss: 0.076429 Regul: 0.007245 Obj: 0.083675 (0.079152)  NNZ: 10 (6)  Ttime: 1.3952 Vtime: 0.0509
Best: 36500000  Loss: 0.072620 Regul: 0.005750 Obj: 0.078370 (0.078370)  NNZ: 11 (11)  Ttime: 1.3997 Vtime: 0.0516
Stat: nPR #76 (#88) Dim/MaxDim [608/640] AUC: 0.971925 FPR95: 15.51 [saved]
Step: 36600000  Loss: 0.085567 Regul: 0.009093 Obj: 0.094660 (0.078370)  NNZ: 12 (11)  Ttime: 1.3949 Vtime: 0.0519
Step: 36700000  Loss: 0.084446 Regul: 0.006161 Obj: 0.090608 (0.078370)  NNZ: 8 (11)  Ttime: 1.3965 Vtime: 0.0508
Step: 36800000  Loss: 0.117893 Regul: 0.013211 Obj: 0.131105 (0.078370)  NNZ: 12 (11)  Ttime: 1.3959 Vtime: 0.0517
Step: 36900000  Loss: 0.092594 Regul: 0.013213 Obj: 0.105807 (0.078370)  NNZ: 18 (11)  Ttime: 1.3937 Vtime: 0.0510
Step: 37000000  Loss: 0.077353 Regul: 0.007053 Obj: 0.084406 (0.078370)  NNZ: 9 (11)  Ttime: 1.3934 Vtime: 0.0512
Step: 37100000  Loss: 0.091395 Regul: 0.011340 Obj: 0.102735 (0.078370)  NNZ: 12 (11)  Ttime: 1.3933 Vtime: 0.0505
Step: 37200000  Loss: 0.089025 Regul: 0.011288 Obj: 0.100313 (0.078370)  NNZ: 12 (11)  Ttime: 1.3949 Vtime: 0.0509
Step: 37300000  Loss: 0.102174 Regul: 0.014020 Obj: 0.116195 (0.078370)  NNZ: 11 (11)  Ttime: 1.3945 Vtime: 0.0513
Step: 37400000  Loss: 0.121824 Regul: 0.010523 Obj: 0.132347 (0.078370)  NNZ: 11 (11)  Ttime: 1.3937 Vtime: 0.0510
Step: 37500000  Loss: 0.083116 Regul: 0.008756 Obj: 0.091872 (0.078370)  NNZ: 13 (11)  Ttime: 1.3952 Vtime: 0.0511
Step: 37600000  Loss: 0.097566 Regul: 0.012629 Obj: 0.110195 (0.078370)  NNZ: 15 (11)  Ttime: 1.3961 Vtime: 0.0514
Step: 37700000  Loss: 0.084246 Regul: 0.009670 Obj: 0.093916 (0.078370)  NNZ: 10 (11)  Ttime: 1.3948 Vtime: 0.0515
Step: 37800000  Loss: 0.107347 Regul: 0.018400 Obj: 0.125747 (0.078370)  NNZ: 17 (11)  Ttime: 1.3974 Vtime: 0.0516
Step: 37900000  Loss: 0.101960 Regul: 0.012177 Obj: 0.114137 (0.078370)  NNZ: 13 (11)  Ttime: 1.4288 Vtime: 0.0518
Step: 38000000  Loss: 0.108802 Regul: 0.013978 Obj: 0.122780 (0.078370)  NNZ: 18 (11)  Ttime: 1.4076 Vtime: 0.0514
Step: 38100000  Loss: 0.110878 Regul: 0.011065 Obj: 0.121943 (0.078370)  NNZ: 12 (11)  Ttime: 1.4296 Vtime: 0.0514
Step: 38200000  Loss: 0.139828 Regul: 0.005544 Obj: 0.145373 (0.078370)  NNZ: 7 (11)  Ttime: 1.4879 Vtime: 0.0509
Step: 38300000  Loss: 0.089384 Regul: 0.010664 Obj: 0.100048 (0.078370)  NNZ: 11 (11)  Ttime: 1.5165 Vtime: 0.0570
Step: 38400000  Loss: 0.086738 Regul: 0.003929 Obj: 0.090667 (0.078370)  NNZ: 7 (11)  Ttime: 1.4332 Vtime: 0.0518
Step: 38500000  Loss: 0.092692 Regul: 0.012413 Obj: 0.105105 (0.078370)  NNZ: 15 (11)  Ttime: 1.4200 Vtime: 0.0515
Step: 38600000  Loss: 0.099881 Regul: 0.015375 Obj: 0.115256 (0.078370)  NNZ: 15 (11)  Ttime: 1.4475 Vtime: 0.0515
Step: 38700000  Loss: 0.094391 Regul: 0.011049 Obj: 0.105439 (0.078370)  NNZ: 12 (11)  Ttime: 1.4097 Vtime: 0.0513
Step: 38800000  Loss: 0.110887 Regul: 0.012056 Obj: 0.122943 (0.078370)  NNZ: 10 (11)  Ttime: 1.4318 Vtime: 0.0515
Step: 38900000  Loss: 0.114308 Regul: 0.008734 Obj: 0.123042 (0.078370)  NNZ: 9 (11)  Ttime: 1.4206 Vtime: 0.0534
Step: 39000000  Loss: 0.079979 Regul: 0.007875 Obj: 0.087855 (0.078370)  NNZ: 10 (11)  Ttime: 1.4044 Vtime: 0.0521
Step: 39100000  Loss: 0.084476 Regul: 0.008009 Obj: 0.092485 (0.078370)  NNZ: 9 (11)  Ttime: 1.4520 Vtime: 0.0517
Step: 39200000  Loss: 0.111234 Regul: 0.010616 Obj: 0.121851 (0.078370)  NNZ: 11 (11)  Ttime: 1.4143 Vtime: 0.0516
Step: 39300000  Loss: 0.091112 Regul: 0.011622 Obj: 0.102733 (0.078370)  NNZ: 14 (11)  Ttime: 1.4087 Vtime: 0.0520
Step: 39400000  Loss: 0.130352 Regul: 0.003243 Obj: 0.133594 (0.078370)  NNZ: 5 (11)  Ttime: 1.4045 Vtime: 0.0517
Step: 39500000  Loss: 0.083598 Regul: 0.009249 Obj: 0.092847 (0.078370)  NNZ: 12 (11)  Ttime: 1.4153 Vtime: 0.0527
Step: 39600000  Loss: 0.086195 Regul: 0.009503 Obj: 0.095698 (0.078370)  NNZ: 11 (11)  Ttime: 1.4216 Vtime: 0.0518
Step: 39700000  Loss: 0.079956 Regul: 0.008291 Obj: 0.088247 (0.078370)  NNZ: 12 (11)  Ttime: 1.4102 Vtime: 0.0511
Step: 39800000  Loss: 0.082372 Regul: 0.008807 Obj: 0.091180 (0.078370)  NNZ: 12 (11)  Ttime: 1.4128 Vtime: 0.0510
Step: 39900000  Loss: 0.100497 Regul: 0.010303 Obj: 0.110800 (0.078370)  NNZ: 11 (11)  Ttime: 1.4057 Vtime: 0.0515
Step: 40000000  Loss: 0.162913 Regul: 0.014145 Obj: 0.177058 (0.078370)  NNZ: 16 (11)  Ttime: 1.4087 Vtime: 0.0516
Step: 40100000  Loss: 0.097440 Regul: 0.015013 Obj: 0.112453 (0.078370)  NNZ: 15 (11)  Ttime: 1.4107 Vtime: 0.0517
Step: 40200000  Loss: 0.077334 Regul: 0.008117 Obj: 0.085451 (0.078370)  NNZ: 11 (11)  Ttime: 1.4115 Vtime: 0.0513
Step: 40300000  Loss: 0.079318 Regul: 0.007234 Obj: 0.086553 (0.078370)  NNZ: 7 (11)  Ttime: 1.4055 Vtime: 0.0511
Step: 40400000  Loss: 0.104965 Regul: 0.016033 Obj: 0.120997 (0.078370)  NNZ: 17 (11)  Ttime: 1.4527 Vtime: 0.0518
Step: 40500000  Loss: 0.080087 Regul: 0.009353 Obj: 0.089440 (0.078370)  NNZ: 15 (11)  Ttime: 1.4667 Vtime: 0.0514
Step: 40600000  Loss: 0.108310 Regul: 0.008600 Obj: 0.116910 (0.078370)  NNZ: 10 (11)  Ttime: 1.4655 Vtime: 0.0514
Step: 40700000  Loss: 0.081117 Regul: 0.007756 Obj: 0.088873 (0.078370)  NNZ: 13 (11)  Ttime: 1.4618 Vtime: 0.0516
Step: 40800000  Loss: 0.102879 Regul: 0.014692 Obj: 0.117571 (0.078370)  NNZ: 14 (11)  Ttime: 1.4074 Vtime: 0.0525
Step: 40900000  Loss: 0.105362 Regul: 0.011711 Obj: 0.117073 (0.078370)  NNZ: 13 (11)  Ttime: 1.4211 Vtime: 0.0513
Step: 41000000  Loss: 0.080606 Regul: 0.010168 Obj: 0.090774 (0.078370)  NNZ: 13 (11)  Ttime: 1.4080 Vtime: 0.0512
Step: 41100000  Loss: 0.087070 Regul: 0.008751 Obj: 0.095820 (0.078370)  NNZ: 11 (11)  Ttime: 1.4283 Vtime: 0.0515
Step: 41200000  Loss: 0.104090 Regul: 0.014533 Obj: 0.118623 (0.078370)  NNZ: 12 (11)  Ttime: 1.4171 Vtime: 0.0514
Step: 41300000  Loss: 0.091996 Regul: 0.009126 Obj: 0.101122 (0.078370)  NNZ: 12 (11)  Ttime: 1.4029 Vtime: 0.0539
Step: 41400000  Loss: 0.075251 Regul: 0.006321 Obj: 0.081572 (0.078370)  NNZ: 11 (11)  Ttime: 1.4036 Vtime: 0.0510
Step: 41500000  Loss: 0.080690 Regul: 0.005850 Obj: 0.086540 (0.078370)  NNZ: 8 (11)  Ttime: 1.4095 Vtime: 0.0518
Step: 41600000  Loss: 0.092926 Regul: 0.013475 Obj: 0.106400 (0.078370)  NNZ: 14 (11)  Ttime: 1.4864 Vtime: 0.0510
Step: 41700000  Loss: 0.100978 Regul: 0.012944 Obj: 0.113922 (0.078370)  NNZ: 13 (11)  Ttime: 1.4022 Vtime: 0.0519
Step: 41800000  Loss: 0.095464 Regul: 0.009708 Obj: 0.105173 (0.078370)  NNZ: 8 (11)  Ttime: 1.3944 Vtime: 0.0516
Step: 41900000  Loss: 0.087111 Regul: 0.008562 Obj: 0.095673 (0.078370)  NNZ: 8 (11)  Ttime: 1.3927 Vtime: 0.0522
Step: 42000000  Loss: 0.091246 Regul: 0.006185 Obj: 0.097431 (0.078370)  NNZ: 6 (11)  Ttime: 1.4434 Vtime: 0.0513
Step: 42100000  Loss: 0.115724 Regul: 0.009225 Obj: 0.124949 (0.078370)  NNZ: 16 (11)  Ttime: 1.4553 Vtime: 0.0513
Step: 42200000  Loss: 0.080206 Regul: 0.008368 Obj: 0.088574 (0.078370)  NNZ: 10 (11)  Ttime: 1.4092 Vtime: 0.0510
Step: 42300000  Loss: 0.087929 Regul: 0.011702 Obj: 0.099631 (0.078370)  NNZ: 12 (11)  Ttime: 1.3962 Vtime: 0.0518
Step: 42400000  Loss: 0.098558 Regul: 0.014191 Obj: 0.112749 (0.078370)  NNZ: 16 (11)  Ttime: 1.4100 Vtime: 0.0514
Step: 42500000  Loss: 0.099427 Regul: 0.010003 Obj: 0.109430 (0.078370)  NNZ: 12 (11)  Ttime: 1.3938 Vtime: 0.0512
Step: 42600000  Loss: 0.075847 Regul: 0.006899 Obj: 0.082747 (0.078370)  NNZ: 8 (11)  Ttime: 1.4040 Vtime: 0.0510
Step: 42700000  Loss: 0.100890 Regul: 0.009992 Obj: 0.110883 (0.078370)  NNZ: 11 (11)  Ttime: 1.4094 Vtime: 0.0512
Step: 42800000  Loss: 0.093710 Regul: 0.011299 Obj: 0.105009 (0.078370)  NNZ: 12 (11)  Ttime: 1.4177 Vtime: 0.0520
Step: 42900000  Loss: 0.092048 Regul: 0.010578 Obj: 0.102626 (0.078370)  NNZ: 11 (11)  Ttime: 1.4086 Vtime: 0.0515
Step: 43000000  Loss: 0.081663 Regul: 0.008923 Obj: 0.090585 (0.078370)  NNZ: 14 (11)  Ttime: 1.4077 Vtime: 0.0508
Step: 43100000  Loss: 0.119881 Regul: 0.011968 Obj: 0.131849 (0.078370)  NNZ: 11 (11)  Ttime: 1.4011 Vtime: 0.0525
Step: 43200000  Loss: 0.107730 Regul: 0.007831 Obj: 0.115562 (0.078370)  NNZ: 9 (11)  Ttime: 1.3942 Vtime: 0.0522
Step: 43300000  Loss: 0.102374 Regul: 0.014797 Obj: 0.117171 (0.078370)  NNZ: 16 (11)  Ttime: 1.4399 Vtime: 0.0516
Step: 43400000  Loss: 0.090924 Regul: 0.010541 Obj: 0.101465 (0.078370)  NNZ: 16 (11)  Ttime: 1.4038 Vtime: 0.0509
Step: 43500000  Loss: 0.083085 Regul: 0.009346 Obj: 0.092431 (0.078370)  NNZ: 13 (11)  Ttime: 1.4002 Vtime: 0.0515
Step: 43600000  Loss: 0.096537 Regul: 0.013011 Obj: 0.109549 (0.078370)  NNZ: 14 (11)  Ttime: 1.4018 Vtime: 0.0508
Step: 43700000  Loss: 0.091667 Regul: 0.009316 Obj: 0.100983 (0.078370)  NNZ: 9 (11)  Ttime: 1.4008 Vtime: 0.0525
Step: 43800000  Loss: 0.083289 Regul: 0.008016 Obj: 0.091305 (0.078370)  NNZ: 13 (11)  Ttime: 1.4014 Vtime: 0.0520
Step: 43900000  Loss: 0.092683 Regul: 0.013118 Obj: 0.105801 (0.078370)  NNZ: 13 (11)  Ttime: 1.4025 Vtime: 0.0517
Step: 44000000  Loss: 0.091622 Regul: 0.010453 Obj: 0.102075 (0.078370)  NNZ: 11 (11)  Ttime: 1.4010 Vtime: 0.0513
Step: 44100000  Loss: 0.093003 Regul: 0.012662 Obj: 0.105664 (0.078370)  NNZ: 12 (11)  Ttime: 1.4024 Vtime: 0.0522
Step: 44200000  Loss: 0.081601 Regul: 0.005883 Obj: 0.087485 (0.078370)  NNZ: 10 (11)  Ttime: 1.4099 Vtime: 0.0671
Step: 44300000  Loss: 0.091119 Regul: 0.010168 Obj: 0.101287 (0.078370)  NNZ: 11 (11)  Ttime: 1.4196 Vtime: 0.0513
Step: 44400000  Loss: 0.102512 Regul: 0.011765 Obj: 0.114276 (0.078370)  NNZ: 14 (11)  Ttime: 1.4327 Vtime: 0.0515
Step: 44500000  Loss: 0.087513 Regul: 0.012422 Obj: 0.099935 (0.078370)  NNZ: 14 (11)  Ttime: 1.4097 Vtime: 0.0514
Step: 44600000  Loss: 0.097434 Regul: 0.011005 Obj: 0.108439 (0.078370)  NNZ: 12 (11)  Ttime: 1.4435 Vtime: 0.0510
Step: 44700000  Loss: 0.085883 Regul: 0.009421 Obj: 0.095303 (0.078370)  NNZ: 11 (11)  Ttime: 1.4363 Vtime: 0.0516
Step: 44800000  Loss: 0.094446 Regul: 0.011180 Obj: 0.105626 (0.078370)  NNZ: 16 (11)  Ttime: 1.4420 Vtime: 0.0513
Step: 44900000  Loss: 0.112720 Regul: 0.013325 Obj: 0.126044 (0.078370)  NNZ: 15 (11)  Ttime: 1.3972 Vtime: 0.0513
Step: 45000000  Loss: 0.081371 Regul: 0.009613 Obj: 0.090984 (0.078370)  NNZ: 11 (11)  Ttime: 1.4286 Vtime: 0.0508
Step: 45100000  Loss: 0.086426 Regul: 0.009501 Obj: 0.095927 (0.078370)  NNZ: 11 (11)  Ttime: 1.4001 Vtime: 0.0516
Step: 45200000  Loss: 0.090068 Regul: 0.009379 Obj: 0.099446 (0.078370)  NNZ: 13 (11)  Ttime: 1.4012 Vtime: 0.0509
Step: 45300000  Loss: 0.089545 Regul: 0.007430 Obj: 0.096975 (0.078370)  NNZ: 11 (11)  Ttime: 1.4035 Vtime: 0.0515
Step: 45400000  Loss: 0.099233 Regul: 0.013834 Obj: 0.113067 (0.078370)  NNZ: 16 (11)  Ttime: 1.4346 Vtime: 0.0511
Step: 45500000  Loss: 0.086357 Regul: 0.007029 Obj: 0.093386 (0.078370)  NNZ: 10 (11)  Ttime: 1.4396 Vtime: 0.0514
Step: 45600000  Loss: 0.087515 Regul: 0.009675 Obj: 0.097191 (0.078370)  NNZ: 9 (11)  Ttime: 1.4047 Vtime: 0.0520
Step: 45700000  Loss: 0.096505 Regul: 0.011816 Obj: 0.108320 (0.078370)  NNZ: 11 (11)  Ttime: 1.3974 Vtime: 0.0519
Step: 45800000  Loss: 0.080752 Regul: 0.007643 Obj: 0.088395 (0.078370)  NNZ: 12 (11)  Ttime: 1.4036 Vtime: 0.0515
Step: 45900000  Loss: 0.085761 Regul: 0.008214 Obj: 0.093976 (0.078370)  NNZ: 11 (11)  Ttime: 1.4403 Vtime: 0.0511
Step: 46000000  Loss: 0.078335 Regul: 0.007081 Obj: 0.085416 (0.078370)  NNZ: 8 (11)  Ttime: 1.4009 Vtime: 0.0512
Step: 46100000  Loss: 0.099157 Regul: 0.010259 Obj: 0.109416 (0.078370)  NNZ: 14 (11)  Ttime: 1.4361 Vtime: 0.0513
Step: 46200000  Loss: 0.092565 Regul: 0.012493 Obj: 0.105058 (0.078370)  NNZ: 13 (11)  Ttime: 1.4032 Vtime: 0.0520
Step: 46300000  Loss: 0.079517 Regul: 0.010060 Obj: 0.089576 (0.078370)  NNZ: 17 (11)  Ttime: 1.4089 Vtime: 0.0525
Step: 46400000  Loss: 0.082274 Regul: 0.006429 Obj: 0.088702 (0.078370)  NNZ: 9 (11)  Ttime: 1.4012 Vtime: 0.0509
Step: 46500000  Loss: 0.084651 Regul: 0.007910 Obj: 0.092561 (0.078370)  NNZ: 7 (11)  Ttime: 1.4091 Vtime: 0.0513
Step: 46600000  Loss: 0.085976 Regul: 0.006764 Obj: 0.092740 (0.078370)  NNZ: 10 (11)  Ttime: 1.4176 Vtime: 0.0516
Step: 46700000  Loss: 0.094229 Regul: 0.010554 Obj: 0.104783 (0.078370)  NNZ: 13 (11)  Ttime: 1.4068 Vtime: 0.0515
Step: 46800000  Loss: 0.090076 Regul: 0.011104 Obj: 0.101179 (0.078370)  NNZ: 14 (11)  Ttime: 1.4073 Vtime: 0.0518
Step: 46900000  Loss: 0.076617 Regul: 0.008613 Obj: 0.085230 (0.078370)  NNZ: 12 (11)  Ttime: 1.4167 Vtime: 0.0519
Step: 47000000  Loss: 0.092877 Regul: 0.009954 Obj: 0.102831 (0.078370)  NNZ: 9 (11)  Ttime: 1.3994 Vtime: 0.0511
Step: 47100000  Loss: 0.097982 Regul: 0.011294 Obj: 0.109276 (0.078370)  NNZ: 13 (11)  Ttime: 1.4153 Vtime: 0.0510
Step: 47200000  Loss: 0.091946 Regul: 0.012689 Obj: 0.104635 (0.078370)  NNZ: 13 (11)  Ttime: 1.4332 Vtime: 0.0519
Step: 47300000  Loss: 0.124843 Regul: 0.004014 Obj: 0.128857 (0.078370)  NNZ: 8 (11)  Ttime: 1.4050 Vtime: 0.0509
Step: 47400000  Loss: 0.091485 Regul: 0.007361 Obj: 0.098846 (0.078370)  NNZ: 9 (11)  Ttime: 1.4301 Vtime: 0.0514
Step: 47500000  Loss: 0.078923 Regul: 0.005131 Obj: 0.084053 (0.078370)  NNZ: 5 (11)  Ttime: 1.4043 Vtime: 0.0513
Step: 47600000  Loss: 0.079504 Regul: 0.006899 Obj: 0.086404 (0.078370)  NNZ: 14 (11)  Ttime: 1.4655 Vtime: 0.0533
Step: 47700000  Loss: 0.096870 Regul: 0.013378 Obj: 0.110248 (0.078370)  NNZ: 15 (11)  Ttime: 1.4216 Vtime: 0.0514
Step: 47800000  Loss: 0.085218 Regul: 0.003831 Obj: 0.089049 (0.078370)  NNZ: 6 (11)  Ttime: 1.4213 Vtime: 0.0522
Step: 47900000  Loss: 0.079725 Regul: 0.008437 Obj: 0.088162 (0.078370)  NNZ: 12 (11)  Ttime: 1.3935 Vtime: 0.0516
Step: 48000000  Loss: 0.079973 Regul: 0.007321 Obj: 0.087294 (0.078370)  NNZ: 7 (11)  Ttime: 1.4026 Vtime: 0.0516
Step: 48100000  Loss: 0.104643 Regul: 0.012074 Obj: 0.116717 (0.078370)  NNZ: 14 (11)  Ttime: 1.3966 Vtime: 0.0509
Step: 48200000  Loss: 0.113520 Regul: 0.017849 Obj: 0.131369 (0.078370)  NNZ: 15 (11)  Ttime: 1.3926 Vtime: 0.0510
Step: 48300000  Loss: 0.112524 Regul: 0.013832 Obj: 0.126356 (0.078370)  NNZ: 11 (11)  Ttime: 1.3909 Vtime: 0.0507
Step: 48400000  Loss: 0.090348 Regul: 0.009738 Obj: 0.100085 (0.078370)  NNZ: 11 (11)  Ttime: 1.3940 Vtime: 0.0523
Step: 48500000  Loss: 0.085707 Regul: 0.009261 Obj: 0.094968 (0.078370)  NNZ: 12 (11)  Ttime: 1.4128 Vtime: 0.0512
Step: 48600000  Loss: 0.117785 Regul: 0.010543 Obj: 0.128328 (0.078370)  NNZ: 11 (11)  Ttime: 1.4007 Vtime: 0.0523
Step: 48700000  Loss: 0.109743 Regul: 0.017911 Obj: 0.127654 (0.078370)  NNZ: 20 (11)  Ttime: 1.3934 Vtime: 0.0507
Step: 48800000  Loss: 0.089610 Regul: 0.008965 Obj: 0.098575 (0.078370)  NNZ: 9 (11)  Ttime: 1.3963 Vtime: 0.0514
Step: 48900000  Loss: 0.108472 Regul: 0.014590 Obj: 0.123062 (0.078370)  NNZ: 15 (11)  Ttime: 1.3968 Vtime: 0.0508
Step: 49000000  Loss: 0.105819 Regul: 0.009554 Obj: 0.115373 (0.078370)  NNZ: 9 (11)  Ttime: 1.3945 Vtime: 0.0520
Step: 49100000  Loss: 0.106258 Regul: 0.016359 Obj: 0.122616 (0.078370)  NNZ: 18 (11)  Ttime: 1.3962 Vtime: 0.0510
Step: 49200000  Loss: 0.095586 Regul: 0.011115 Obj: 0.106700 (0.078370)  NNZ: 15 (11)  Ttime: 1.3951 Vtime: 0.0514
Step: 49300000  Loss: 0.083369 Regul: 0.009789 Obj: 0.093158 (0.078370)  NNZ: 14 (11)  Ttime: 1.4004 Vtime: 0.0517
Step: 49400000  Loss: 0.100183 Regul: 0.011982 Obj: 0.112165 (0.078370)  NNZ: 15 (11)  Ttime: 1.4009 Vtime: 0.0512
Step: 49500000  Loss: 0.085656 Regul: 0.010382 Obj: 0.096038 (0.078370)  NNZ: 13 (11)  Ttime: 1.4038 Vtime: 0.0521
Step: 49600000  Loss: 0.083735 Regul: 0.008972 Obj: 0.092707 (0.078370)  NNZ: 10 (11)  Ttime: 1.3977 Vtime: 0.0513
Step: 49700000  Loss: 0.087013 Regul: 0.006588 Obj: 0.093602 (0.078370)  NNZ: 9 (11)  Ttime: 1.4038 Vtime: 0.0512
Step: 49800000  Loss: 0.090644 Regul: 0.009844 Obj: 0.100487 (0.078370)  NNZ: 13 (11)  Ttime: 1.3916 Vtime: 0.0517
Step: 49900000  Loss: 0.103161 Regul: 0.016937 Obj: 0.120098 (0.078370)  NNZ: 17 (11)  Ttime: 1.3984 Vtime: 0.0509
Step: 50000000  Loss: 0.085978 Regul: 0.008807 Obj: 0.094786 (0.078370)  NNZ: 11 (11)  Ttime: 1.4092 Vtime: 0.0518
