mu: 0.005 gamma: 0.025 nIters: 50000000
Load PRParams.
Load RingParams.
Load Labels: 500000
Load Distances: 500000 x 5120
0...10...20...30...40...50...60...70...80...90...100 - done.
Positive samples #250000
Negative samples #250000
Positive train #200000
Negative train #200000
Positive valid #50000
Negative valid #50000

Found GPU: GeForce GTX 970
Compute Capability: 5.2

Best: 100000  Loss: 0.879556 Regul: 0.053279 Obj: 0.932835 (0.932835)  NNZ: 15 (15)  Ttime: 1.3928 Vtime: 0.1513
Stat: nPR #88 (#120) Dim/MaxDim [704/640] AUC: 0.965285 FPR95: 21.30
Best: 200000  Loss: 0.809357 Regul: 0.053321 Obj: 0.862679 (0.862679)  NNZ: 12 (12)  Ttime: 1.3864 Vtime: 0.0518
Stat: nPR #84 (#96) Dim/MaxDim [672/640] AUC: 0.971006 FPR95: 16.15
Best: 300000  Loss: 0.571443 Regul: 0.038473 Obj: 0.609916 (0.609916)  NNZ: 12 (12)  Ttime: 1.3836 Vtime: 0.0510
Stat: nPR #80 (#96) Dim/MaxDim [640/640] AUC: 0.966361 FPR95: 19.07 [saved]
Step: 400000  Loss: 1.296488 Regul: 0.072209 Obj: 1.368696 (0.609916)  NNZ: 14 (12)  Ttime: 1.3870 Vtime: 0.0517
Best: 500000  Loss: 0.129912 Regul: 0.004984 Obj: 0.134897 (0.134897)  NNZ: 3 (3)  Ttime: 1.4157 Vtime: 0.0509
Stat: nPR #24 (#24) Dim/MaxDim [192/640] AUC: 0.966066 FPR95: 20.10 [saved]
Step: 600000  Loss: 0.134097 Regul: 0.006344 Obj: 0.140441 (0.134897)  NNZ: 4 (3)  Ttime: 1.3966 Vtime: 0.0513
Step: 700000  Loss: 0.499254 Regul: 0.007466 Obj: 0.506719 (0.134897)  NNZ: 6 (3)  Ttime: 1.3925 Vtime: 0.0510
Step: 800000  Loss: 0.443547 Regul: 0.013845 Obj: 0.457393 (0.134897)  NNZ: 7 (3)  Ttime: 1.3939 Vtime: 0.0510
Step: 900000  Loss: 0.753847 Regul: 0.042644 Obj: 0.796491 (0.134897)  NNZ: 14 (3)  Ttime: 1.3917 Vtime: 0.0523
Step: 1000000  Loss: 0.374598 Regul: 0.019374 Obj: 0.393972 (0.134897)  NNZ: 11 (3)  Ttime: 1.3899 Vtime: 0.0516
Step: 1100000  Loss: 0.426535 Regul: 0.016081 Obj: 0.442616 (0.134897)  NNZ: 9 (3)  Ttime: 1.3854 Vtime: 0.0516
Step: 1200000  Loss: 0.534126 Regul: 0.039219 Obj: 0.573345 (0.134897)  NNZ: 18 (3)  Ttime: 1.3888 Vtime: 0.0511
Step: 1300000  Loss: 0.183589 Regul: 0.008117 Obj: 0.191707 (0.134897)  NNZ: 7 (3)  Ttime: 1.3946 Vtime: 0.0514
Step: 1400000  Loss: 0.299134 Regul: 0.016151 Obj: 0.315285 (0.134897)  NNZ: 12 (3)  Ttime: 1.3860 Vtime: 0.0512
Step: 1500000  Loss: 0.223469 Regul: 0.006056 Obj: 0.229525 (0.134897)  NNZ: 4 (3)  Ttime: 1.3897 Vtime: 0.0511
Step: 1600000  Loss: 0.207303 Regul: 0.012910 Obj: 0.220213 (0.134897)  NNZ: 9 (3)  Ttime: 1.3947 Vtime: 0.0522
Step: 1700000  Loss: 0.248279 Regul: 0.007867 Obj: 0.256146 (0.134897)  NNZ: 4 (3)  Ttime: 1.3875 Vtime: 0.0511
Step: 1800000  Loss: 0.412981 Regul: 0.016604 Obj: 0.429586 (0.134897)  NNZ: 10 (3)  Ttime: 1.3872 Vtime: 0.0515
Step: 1900000  Loss: 0.178985 Regul: 0.007981 Obj: 0.186966 (0.134897)  NNZ: 7 (3)  Ttime: 1.3914 Vtime: 0.0513
Step: 2000000  Loss: 0.160752 Regul: 0.004016 Obj: 0.164768 (0.134897)  NNZ: 5 (3)  Ttime: 1.3928 Vtime: 0.0509
Step: 2100000  Loss: 0.222517 Regul: 0.012909 Obj: 0.235426 (0.134897)  NNZ: 11 (3)  Ttime: 1.3869 Vtime: 0.0514
Step: 2200000  Loss: 0.161561 Regul: 0.006598 Obj: 0.168159 (0.134897)  NNZ: 7 (3)  Ttime: 1.3876 Vtime: 0.0509
Step: 2300000  Loss: 0.146364 Regul: 0.007903 Obj: 0.154267 (0.134897)  NNZ: 7 (3)  Ttime: 1.3901 Vtime: 0.0509
Step: 2400000  Loss: 0.180025 Regul: 0.009109 Obj: 0.189134 (0.134897)  NNZ: 8 (3)  Ttime: 1.3926 Vtime: 0.0513
Step: 2500000  Loss: 0.414697 Regul: 0.011169 Obj: 0.425866 (0.134897)  NNZ: 8 (3)  Ttime: 1.3892 Vtime: 0.0512
Best: 2600000  Loss: 0.099893 Regul: 0.003617 Obj: 0.103510 (0.103510)  NNZ: 5 (5)  Ttime: 1.3921 Vtime: 0.0516
Stat: nPR #32 (#40) Dim/MaxDim [256/640] AUC: 0.968437 FPR95: 17.74 [saved]
Step: 2700000  Loss: 0.188213 Regul: 0.008751 Obj: 0.196965 (0.103510)  NNZ: 7 (5)  Ttime: 1.3875 Vtime: 0.0516
Step: 2800000  Loss: 0.150079 Regul: 0.008413 Obj: 0.158492 (0.103510)  NNZ: 8 (5)  Ttime: 1.3878 Vtime: 0.0515
Step: 2900000  Loss: 0.193979 Regul: 0.009806 Obj: 0.203786 (0.103510)  NNZ: 8 (5)  Ttime: 1.3877 Vtime: 0.0517
Step: 3000000  Loss: 0.318967 Regul: 0.004523 Obj: 0.323490 (0.103510)  NNZ: 4 (5)  Ttime: 1.3898 Vtime: 0.0516
Step: 3100000  Loss: 0.131689 Regul: 0.005963 Obj: 0.137652 (0.103510)  NNZ: 7 (5)  Ttime: 1.3920 Vtime: 0.0509
Step: 3200000  Loss: 0.111809 Regul: 0.003948 Obj: 0.115757 (0.103510)  NNZ: 6 (5)  Ttime: 1.3878 Vtime: 0.0513
Step: 3300000  Loss: 0.166522 Regul: 0.008057 Obj: 0.174579 (0.103510)  NNZ: 11 (5)  Ttime: 1.3890 Vtime: 0.0512
Step: 3400000  Loss: 0.235963 Regul: 0.012628 Obj: 0.248591 (0.103510)  NNZ: 9 (5)  Ttime: 1.3870 Vtime: 0.0512
Step: 3500000  Loss: 0.329212 Regul: 0.015956 Obj: 0.345168 (0.103510)  NNZ: 11 (5)  Ttime: 1.3885 Vtime: 0.0516
Step: 3600000  Loss: 0.201212 Regul: 0.006319 Obj: 0.207531 (0.103510)  NNZ: 5 (5)  Ttime: 1.3924 Vtime: 0.0524
Step: 3700000  Loss: 0.330619 Regul: 0.016256 Obj: 0.346875 (0.103510)  NNZ: 11 (5)  Ttime: 1.3883 Vtime: 0.0521
Step: 3800000  Loss: 0.129616 Regul: 0.006636 Obj: 0.136252 (0.103510)  NNZ: 8 (5)  Ttime: 1.3893 Vtime: 0.0511
Best: 3900000  Loss: 0.088029 Regul: 0.003504 Obj: 0.091532 (0.091532)  NNZ: 8 (8)  Ttime: 1.3877 Vtime: 0.0509
Stat: nPR #52 (#64) Dim/MaxDim [416/640] AUC: 0.969250 FPR95: 17.38 [saved]
Step: 4000000  Loss: 0.431965 Regul: 0.003159 Obj: 0.435124 (0.091532)  NNZ: 3 (8)  Ttime: 1.3921 Vtime: 0.0514
Step: 4100000  Loss: 0.157663 Regul: 0.008004 Obj: 0.165666 (0.091532)  NNZ: 10 (8)  Ttime: 1.3934 Vtime: 0.0522
Step: 4200000  Loss: 0.174786 Regul: 0.008204 Obj: 0.182990 (0.091532)  NNZ: 7 (8)  Ttime: 1.3920 Vtime: 0.0511
Step: 4300000  Loss: 0.216165 Regul: 0.010906 Obj: 0.227071 (0.091532)  NNZ: 10 (8)  Ttime: 1.3896 Vtime: 0.0505
Step: 4400000  Loss: 0.170599 Regul: 0.010507 Obj: 0.181106 (0.091532)  NNZ: 11 (8)  Ttime: 1.3913 Vtime: 0.0506
Step: 4500000  Loss: 0.121128 Regul: 0.004098 Obj: 0.125226 (0.091532)  NNZ: 6 (8)  Ttime: 1.3958 Vtime: 0.0513
Step: 4600000  Loss: 0.110855 Regul: 0.004173 Obj: 0.115028 (0.091532)  NNZ: 7 (8)  Ttime: 1.3934 Vtime: 0.0511
Step: 4700000  Loss: 0.233712 Regul: 0.010483 Obj: 0.244195 (0.091532)  NNZ: 10 (8)  Ttime: 1.3961 Vtime: 0.0517
Step: 4800000  Loss: 0.166831 Regul: 0.004533 Obj: 0.171364 (0.091532)  NNZ: 7 (8)  Ttime: 1.3913 Vtime: 0.0512
Step: 4900000  Loss: 0.183094 Regul: 0.007837 Obj: 0.190931 (0.091532)  NNZ: 12 (8)  Ttime: 1.3874 Vtime: 0.0524
Step: 5000000  Loss: 0.155817 Regul: 0.007126 Obj: 0.162943 (0.091532)  NNZ: 10 (8)  Ttime: 1.3909 Vtime: 0.0511
Step: 5100000  Loss: 0.264623 Regul: 0.010410 Obj: 0.275032 (0.091532)  NNZ: 13 (8)  Ttime: 1.3886 Vtime: 0.0522
Step: 5200000  Loss: 0.138963 Regul: 0.002946 Obj: 0.141909 (0.091532)  NNZ: 5 (8)  Ttime: 1.3898 Vtime: 0.0513
Step: 5300000  Loss: 0.103277 Regul: 0.003080 Obj: 0.106357 (0.091532)  NNZ: 3 (8)  Ttime: 1.3918 Vtime: 0.0516
Step: 5400000  Loss: 0.184908 Regul: 0.008781 Obj: 0.193690 (0.091532)  NNZ: 9 (8)  Ttime: 1.3935 Vtime: 0.0515
Step: 5500000  Loss: 0.150493 Regul: 0.007009 Obj: 0.157502 (0.091532)  NNZ: 7 (8)  Ttime: 1.3875 Vtime: 0.0511
Step: 5600000  Loss: 0.205533 Regul: 0.007806 Obj: 0.213339 (0.091532)  NNZ: 7 (8)  Ttime: 1.3877 Vtime: 0.0508
Step: 5700000  Loss: 0.329514 Regul: 0.023188 Obj: 0.352702 (0.091532)  NNZ: 20 (8)  Ttime: 1.4063 Vtime: 0.0520
Step: 5800000  Loss: 0.201066 Regul: 0.008561 Obj: 0.209627 (0.091532)  NNZ: 8 (8)  Ttime: 1.3864 Vtime: 0.0518
Step: 5900000  Loss: 0.132139 Regul: 0.003809 Obj: 0.135948 (0.091532)  NNZ: 6 (8)  Ttime: 1.3859 Vtime: 0.0516
Step: 6000000  Loss: 0.108418 Regul: 0.004047 Obj: 0.112465 (0.091532)  NNZ: 6 (8)  Ttime: 1.3845 Vtime: 0.0517
Step: 6100000  Loss: 0.225555 Regul: 0.005926 Obj: 0.231481 (0.091532)  NNZ: 6 (8)  Ttime: 1.3867 Vtime: 0.0518
Step: 6200000  Loss: 0.131947 Regul: 0.006066 Obj: 0.138013 (0.091532)  NNZ: 9 (8)  Ttime: 1.3834 Vtime: 0.0515
Step: 6300000  Loss: 0.108614 Regul: 0.002576 Obj: 0.111190 (0.091532)  NNZ: 6 (8)  Ttime: 1.3821 Vtime: 0.0513
Step: 6400000  Loss: 0.117978 Regul: 0.005500 Obj: 0.123478 (0.091532)  NNZ: 10 (8)  Ttime: 1.3851 Vtime: 0.0515
Step: 6500000  Loss: 0.193191 Regul: 0.004698 Obj: 0.197888 (0.091532)  NNZ: 6 (8)  Ttime: 1.3763 Vtime: 0.0515
Step: 6600000  Loss: 0.172064 Regul: 0.009903 Obj: 0.181966 (0.091532)  NNZ: 10 (8)  Ttime: 1.3817 Vtime: 0.0519
Step: 6700000  Loss: 0.169724 Regul: 0.007563 Obj: 0.177287 (0.091532)  NNZ: 7 (8)  Ttime: 1.3875 Vtime: 0.0515
Step: 6800000  Loss: 0.109235 Regul: 0.003909 Obj: 0.113144 (0.091532)  NNZ: 9 (8)  Ttime: 1.3872 Vtime: 0.0514
Step: 6900000  Loss: 0.156992 Regul: 0.006467 Obj: 0.163459 (0.091532)  NNZ: 9 (8)  Ttime: 1.3827 Vtime: 0.0515
Step: 7000000  Loss: 0.102907 Regul: 0.004565 Obj: 0.107472 (0.091532)  NNZ: 7 (8)  Ttime: 1.3833 Vtime: 0.0509
Step: 7100000  Loss: 0.193027 Regul: 0.008238 Obj: 0.201265 (0.091532)  NNZ: 11 (8)  Ttime: 1.3963 Vtime: 0.0513
Step: 7200000  Loss: 0.146701 Regul: 0.006581 Obj: 0.153283 (0.091532)  NNZ: 9 (8)  Ttime: 1.3817 Vtime: 0.0520
Step: 7300000  Loss: 0.213159 Regul: 0.009362 Obj: 0.222521 (0.091532)  NNZ: 9 (8)  Ttime: 1.3822 Vtime: 0.0516
Step: 7400000  Loss: 0.143945 Regul: 0.005615 Obj: 0.149560 (0.091532)  NNZ: 8 (8)  Ttime: 1.3848 Vtime: 0.0518
Step: 7500000  Loss: 0.174463 Regul: 0.008984 Obj: 0.183448 (0.091532)  NNZ: 10 (8)  Ttime: 1.3895 Vtime: 0.0515
Step: 7600000  Loss: 0.098430 Regul: 0.003304 Obj: 0.101734 (0.091532)  NNZ: 6 (8)  Ttime: 1.3832 Vtime: 0.0508
Step: 7700000  Loss: 0.121444 Regul: 0.006145 Obj: 0.127590 (0.091532)  NNZ: 8 (8)  Ttime: 1.3828 Vtime: 0.0515
Step: 7800000  Loss: 0.112568 Regul: 0.003259 Obj: 0.115827 (0.091532)  NNZ: 4 (8)  Ttime: 1.3850 Vtime: 0.0515
Step: 7900000  Loss: 0.244900 Regul: 0.009250 Obj: 0.254151 (0.091532)  NNZ: 10 (8)  Ttime: 1.3859 Vtime: 0.0514
Step: 8000000  Loss: 0.148385 Regul: 0.008001 Obj: 0.156387 (0.091532)  NNZ: 9 (8)  Ttime: 1.3818 Vtime: 0.0519
Step: 8100000  Loss: 0.142601 Regul: 0.007121 Obj: 0.149722 (0.091532)  NNZ: 8 (8)  Ttime: 1.3823 Vtime: 0.0512
Step: 8200000  Loss: 0.166262 Regul: 0.008260 Obj: 0.174521 (0.091532)  NNZ: 8 (8)  Ttime: 1.3919 Vtime: 0.0514
Step: 8300000  Loss: 0.180796 Regul: 0.002444 Obj: 0.183240 (0.091532)  NNZ: 6 (8)  Ttime: 1.3828 Vtime: 0.0515
Step: 8400000  Loss: 0.192173 Regul: 0.009490 Obj: 0.201663 (0.091532)  NNZ: 13 (8)  Ttime: 1.3825 Vtime: 0.0513
Step: 8500000  Loss: 0.362876 Regul: 0.020679 Obj: 0.383554 (0.091532)  NNZ: 19 (8)  Ttime: 1.3861 Vtime: 0.0507
Step: 8600000  Loss: 0.155916 Regul: 0.007735 Obj: 0.163651 (0.091532)  NNZ: 9 (8)  Ttime: 1.3878 Vtime: 0.0520
Step: 8700000  Loss: 0.102880 Regul: 0.004050 Obj: 0.106930 (0.091532)  NNZ: 11 (8)  Ttime: 1.4254 Vtime: 0.0515
Step: 8800000  Loss: 0.166375 Regul: 0.010393 Obj: 0.176768 (0.091532)  NNZ: 14 (8)  Ttime: 1.3891 Vtime: 0.0513
Step: 8900000  Loss: 0.120452 Regul: 0.005139 Obj: 0.125591 (0.091532)  NNZ: 8 (8)  Ttime: 1.3883 Vtime: 0.0511
Step: 9000000  Loss: 0.331040 Regul: 0.004765 Obj: 0.335805 (0.091532)  NNZ: 4 (8)  Ttime: 1.3887 Vtime: 0.0515
Step: 9100000  Loss: 0.217621 Regul: 0.011636 Obj: 0.229257 (0.091532)  NNZ: 14 (8)  Ttime: 1.3883 Vtime: 0.0507
Step: 9200000  Loss: 0.214153 Regul: 0.010207 Obj: 0.224360 (0.091532)  NNZ: 18 (8)  Ttime: 1.3879 Vtime: 0.0518
Step: 9300000  Loss: 0.138766 Regul: 0.006698 Obj: 0.145464 (0.091532)  NNZ: 10 (8)  Ttime: 1.3915 Vtime: 0.0512
Step: 9400000  Loss: 0.107892 Regul: 0.004607 Obj: 0.112500 (0.091532)  NNZ: 4 (8)  Ttime: 1.3881 Vtime: 0.0514
Step: 9500000  Loss: 0.204023 Regul: 0.009455 Obj: 0.213478 (0.091532)  NNZ: 11 (8)  Ttime: 1.3944 Vtime: 0.0512
Step: 9600000  Loss: 0.150209 Regul: 0.006660 Obj: 0.156868 (0.091532)  NNZ: 8 (8)  Ttime: 1.3915 Vtime: 0.0510
Step: 9700000  Loss: 0.114980 Regul: 0.004816 Obj: 0.119796 (0.091532)  NNZ: 9 (8)  Ttime: 1.3910 Vtime: 0.0514
Step: 9800000  Loss: 0.124938 Regul: 0.004548 Obj: 0.129486 (0.091532)  NNZ: 7 (8)  Ttime: 1.4353 Vtime: 0.0514
Step: 9900000  Loss: 0.144151 Regul: 0.005357 Obj: 0.149508 (0.091532)  NNZ: 6 (8)  Ttime: 1.3894 Vtime: 0.0514
Step: 10000000  Loss: 0.166143 Regul: 0.005822 Obj: 0.171965 (0.091532)  NNZ: 8 (8)  Ttime: 1.3983 Vtime: 0.0515
Step: 10100000  Loss: 0.159196 Regul: 0.006788 Obj: 0.165985 (0.091532)  NNZ: 10 (8)  Ttime: 1.3877 Vtime: 0.0519
Step: 10200000  Loss: 0.198632 Regul: 0.004890 Obj: 0.203522 (0.091532)  NNZ: 7 (8)  Ttime: 1.3952 Vtime: 0.0519
Step: 10300000  Loss: 0.196114 Regul: 0.011640 Obj: 0.207754 (0.091532)  NNZ: 12 (8)  Ttime: 1.3984 Vtime: 0.0515
Best: 10400000  Loss: 0.088454 Regul: 0.002003 Obj: 0.090456 (0.090456)  NNZ: 6 (6)  Ttime: 1.3939 Vtime: 0.0519
Stat: nPR #40 (#48) Dim/MaxDim [320/640] AUC: 0.966344 FPR95: 19.69 [saved]
Step: 10500000  Loss: 0.232043 Regul: 0.010540 Obj: 0.242583 (0.090456)  NNZ: 11 (6)  Ttime: 1.3952 Vtime: 0.0514
Step: 10600000  Loss: 0.154002 Regul: 0.007566 Obj: 0.161568 (0.090456)  NNZ: 11 (6)  Ttime: 1.3899 Vtime: 0.0519
Step: 10700000  Loss: 0.150841 Regul: 0.007496 Obj: 0.158338 (0.090456)  NNZ: 12 (6)  Ttime: 1.3905 Vtime: 0.0515
Step: 10800000  Loss: 0.105901 Regul: 0.005211 Obj: 0.111113 (0.090456)  NNZ: 6 (6)  Ttime: 1.3936 Vtime: 0.0515
Step: 10900000  Loss: 0.310100 Regul: 0.013595 Obj: 0.323695 (0.090456)  NNZ: 12 (6)  Ttime: 1.3914 Vtime: 0.0516
Step: 11000000  Loss: 0.180444 Regul: 0.007119 Obj: 0.187563 (0.090456)  NNZ: 8 (6)  Ttime: 1.3900 Vtime: 0.0518
Step: 11100000  Loss: 0.110018 Regul: 0.004504 Obj: 0.114521 (0.090456)  NNZ: 8 (6)  Ttime: 1.3949 Vtime: 0.0513
Step: 11200000  Loss: 0.149339 Regul: 0.008846 Obj: 0.158185 (0.090456)  NNZ: 12 (6)  Ttime: 1.3926 Vtime: 0.0515
Step: 11300000  Loss: 0.102010 Regul: 0.003041 Obj: 0.105051 (0.090456)  NNZ: 6 (6)  Ttime: 1.3876 Vtime: 0.0510
Step: 11400000  Loss: 0.144780 Regul: 0.008226 Obj: 0.153006 (0.090456)  NNZ: 10 (6)  Ttime: 1.3882 Vtime: 0.0514
Step: 11500000  Loss: 0.119985 Regul: 0.003482 Obj: 0.123467 (0.090456)  NNZ: 6 (6)  Ttime: 1.3906 Vtime: 0.0516
Step: 11600000  Loss: 0.173249 Regul: 0.007870 Obj: 0.181119 (0.090456)  NNZ: 11 (6)  Ttime: 1.3917 Vtime: 0.0515
Step: 11700000  Loss: 0.129565 Regul: 0.006266 Obj: 0.135831 (0.090456)  NNZ: 9 (6)  Ttime: 1.3912 Vtime: 0.0516
Step: 11800000  Loss: 0.121394 Regul: 0.005234 Obj: 0.126628 (0.090456)  NNZ: 7 (6)  Ttime: 1.3905 Vtime: 0.0513
Step: 11900000  Loss: 0.121311 Regul: 0.004513 Obj: 0.125824 (0.090456)  NNZ: 7 (6)  Ttime: 1.3911 Vtime: 0.0515
Step: 12000000  Loss: 0.248260 Regul: 0.008319 Obj: 0.256579 (0.090456)  NNZ: 11 (6)  Ttime: 1.3905 Vtime: 0.0518
Step: 12100000  Loss: 0.113907 Regul: 0.004799 Obj: 0.118706 (0.090456)  NNZ: 10 (6)  Ttime: 1.3866 Vtime: 0.0511
Step: 12200000  Loss: 0.153552 Regul: 0.009011 Obj: 0.162563 (0.090456)  NNZ: 11 (6)  Ttime: 1.3987 Vtime: 0.0520
Step: 12300000  Loss: 0.163668 Regul: 0.008878 Obj: 0.172546 (0.090456)  NNZ: 14 (6)  Ttime: 1.3886 Vtime: 0.0528
Step: 12400000  Loss: 0.150452 Regul: 0.006996 Obj: 0.157448 (0.090456)  NNZ: 8 (6)  Ttime: 1.3960 Vtime: 0.0518
Step: 12500000  Loss: 0.106447 Regul: 0.005238 Obj: 0.111685 (0.090456)  NNZ: 8 (6)  Ttime: 1.3931 Vtime: 0.0516
Step: 12600000  Loss: 0.136836 Regul: 0.006541 Obj: 0.143377 (0.090456)  NNZ: 7 (6)  Ttime: 1.3933 Vtime: 0.0515
Step: 12700000  Loss: 0.151854 Regul: 0.008703 Obj: 0.160557 (0.090456)  NNZ: 12 (6)  Ttime: 1.3884 Vtime: 0.0521
Step: 12800000  Loss: 0.112436 Regul: 0.004830 Obj: 0.117266 (0.090456)  NNZ: 7 (6)  Ttime: 1.3916 Vtime: 0.0514
Step: 12900000  Loss: 0.100410 Regul: 0.004828 Obj: 0.105238 (0.090456)  NNZ: 9 (6)  Ttime: 1.3938 Vtime: 0.0515
Step: 13000000  Loss: 0.114930 Regul: 0.004537 Obj: 0.119468 (0.090456)  NNZ: 8 (6)  Ttime: 1.3904 Vtime: 0.0515
Step: 13100000  Loss: 0.172167 Regul: 0.006433 Obj: 0.178600 (0.090456)  NNZ: 10 (6)  Ttime: 1.3872 Vtime: 0.0520
Step: 13200000  Loss: 0.140452 Regul: 0.008138 Obj: 0.148589 (0.090456)  NNZ: 15 (6)  Ttime: 1.3891 Vtime: 0.0522
Best: 13300000  Loss: 0.080412 Regul: 0.002303 Obj: 0.082716 (0.082716)  NNZ: 5 (5)  Ttime: 1.4024 Vtime: 0.0520
Stat: nPR #40 (#40) Dim/MaxDim [320/640] AUC: 0.969660 FPR95: 17.44 [saved]
Step: 13400000  Loss: 0.112089 Regul: 0.004187 Obj: 0.116276 (0.082716)  NNZ: 6 (5)  Ttime: 1.3941 Vtime: 0.0513
Step: 13500000  Loss: 0.123032 Regul: 0.005013 Obj: 0.128045 (0.082716)  NNZ: 9 (5)  Ttime: 1.3866 Vtime: 0.0511
Step: 13600000  Loss: 0.117623 Regul: 0.004383 Obj: 0.122006 (0.082716)  NNZ: 9 (5)  Ttime: 1.3932 Vtime: 0.0515
Step: 13700000  Loss: 0.113584 Regul: 0.004824 Obj: 0.118408 (0.082716)  NNZ: 7 (5)  Ttime: 1.3964 Vtime: 0.0512
Step: 13800000  Loss: 0.180688 Regul: 0.003663 Obj: 0.184351 (0.082716)  NNZ: 6 (5)  Ttime: 1.3891 Vtime: 0.0515
Step: 13900000  Loss: 0.214723 Regul: 0.003321 Obj: 0.218044 (0.082716)  NNZ: 6 (5)  Ttime: 1.3928 Vtime: 0.0520
Step: 14000000  Loss: 0.140344 Regul: 0.007563 Obj: 0.147907 (0.082716)  NNZ: 13 (5)  Ttime: 1.3911 Vtime: 0.0519
Step: 14100000  Loss: 0.103631 Regul: 0.003853 Obj: 0.107485 (0.082716)  NNZ: 7 (5)  Ttime: 1.3960 Vtime: 0.0518
Step: 14200000  Loss: 0.160060 Regul: 0.006359 Obj: 0.166418 (0.082716)  NNZ: 11 (5)  Ttime: 1.3896 Vtime: 0.0512
Step: 14300000  Loss: 0.112417 Regul: 0.005550 Obj: 0.117967 (0.082716)  NNZ: 10 (5)  Ttime: 1.3910 Vtime: 0.0516
Step: 14400000  Loss: 0.199441 Regul: 0.007222 Obj: 0.206662 (0.082716)  NNZ: 10 (5)  Ttime: 1.3915 Vtime: 0.0516
Step: 14500000  Loss: 0.174958 Regul: 0.011527 Obj: 0.186485 (0.082716)  NNZ: 11 (5)  Ttime: 1.3918 Vtime: 0.0518
Step: 14600000  Loss: 0.140803 Regul: 0.007003 Obj: 0.147807 (0.082716)  NNZ: 12 (5)  Ttime: 1.3866 Vtime: 0.0516
Step: 14700000  Loss: 0.122494 Regul: 0.005190 Obj: 0.127684 (0.082716)  NNZ: 10 (5)  Ttime: 1.4058 Vtime: 0.0515
Step: 14800000  Loss: 0.109110 Regul: 0.003653 Obj: 0.112762 (0.082716)  NNZ: 7 (5)  Ttime: 1.3922 Vtime: 0.0515
Step: 14900000  Loss: 0.167686 Regul: 0.009499 Obj: 0.177185 (0.082716)  NNZ: 15 (5)  Ttime: 1.3891 Vtime: 0.0515
Step: 15000000  Loss: 0.141089 Regul: 0.007141 Obj: 0.148230 (0.082716)  NNZ: 11 (5)  Ttime: 1.3875 Vtime: 0.0514
Step: 15100000  Loss: 0.151513 Regul: 0.007909 Obj: 0.159422 (0.082716)  NNZ: 10 (5)  Ttime: 1.3930 Vtime: 0.0514
Step: 15200000  Loss: 0.126726 Regul: 0.005227 Obj: 0.131953 (0.082716)  NNZ: 8 (5)  Ttime: 1.3916 Vtime: 0.0520
Step: 15300000  Loss: 0.119603 Regul: 0.004237 Obj: 0.123840 (0.082716)  NNZ: 9 (5)  Ttime: 1.3984 Vtime: 0.0514
Step: 15400000  Loss: 0.146882 Regul: 0.007664 Obj: 0.154546 (0.082716)  NNZ: 10 (5)  Ttime: 1.3906 Vtime: 0.0521
Step: 15500000  Loss: 0.161224 Regul: 0.009471 Obj: 0.170695 (0.082716)  NNZ: 16 (5)  Ttime: 1.3921 Vtime: 0.0518
Step: 15600000  Loss: 0.143726 Regul: 0.006438 Obj: 0.150164 (0.082716)  NNZ: 11 (5)  Ttime: 1.3848 Vtime: 0.0519
Step: 15700000  Loss: 0.192388 Regul: 0.010060 Obj: 0.202448 (0.082716)  NNZ: 13 (5)  Ttime: 1.3890 Vtime: 0.0509
Step: 15800000  Loss: 0.109994 Regul: 0.004809 Obj: 0.114803 (0.082716)  NNZ: 11 (5)  Ttime: 1.3875 Vtime: 0.0512
Step: 15900000  Loss: 0.103170 Regul: 0.003642 Obj: 0.106812 (0.082716)  NNZ: 7 (5)  Ttime: 1.3934 Vtime: 0.0512
Step: 16000000  Loss: 0.094224 Regul: 0.003354 Obj: 0.097577 (0.082716)  NNZ: 8 (5)  Ttime: 1.3880 Vtime: 0.0514
Step: 16100000  Loss: 0.190612 Regul: 0.004771 Obj: 0.195383 (0.082716)  NNZ: 6 (5)  Ttime: 1.3893 Vtime: 0.0519
Step: 16200000  Loss: 0.163862 Regul: 0.009152 Obj: 0.173014 (0.082716)  NNZ: 12 (5)  Ttime: 1.3900 Vtime: 0.0513
Step: 16300000  Loss: 0.118548 Regul: 0.006214 Obj: 0.124762 (0.082716)  NNZ: 11 (5)  Ttime: 1.3880 Vtime: 0.0515
Step: 16400000  Loss: 0.142732 Regul: 0.006828 Obj: 0.149561 (0.082716)  NNZ: 9 (5)  Ttime: 1.3919 Vtime: 0.0513
Step: 16500000  Loss: 0.119784 Regul: 0.005882 Obj: 0.125665 (0.082716)  NNZ: 11 (5)  Ttime: 1.3905 Vtime: 0.0514
Step: 16600000  Loss: 0.144547 Regul: 0.008198 Obj: 0.152745 (0.082716)  NNZ: 10 (5)  Ttime: 1.3912 Vtime: 0.0517
Step: 16700000  Loss: 0.093841 Regul: 0.003317 Obj: 0.097159 (0.082716)  NNZ: 6 (5)  Ttime: 1.3900 Vtime: 0.0514
Step: 16800000  Loss: 0.115763 Regul: 0.005846 Obj: 0.121610 (0.082716)  NNZ: 9 (5)  Ttime: 1.3887 Vtime: 0.0519
Step: 16900000  Loss: 0.170150 Regul: 0.006897 Obj: 0.177047 (0.082716)  NNZ: 8 (5)  Ttime: 1.3952 Vtime: 0.0514
Step: 17000000  Loss: 0.160802 Regul: 0.004706 Obj: 0.165508 (0.082716)  NNZ: 10 (5)  Ttime: 1.3887 Vtime: 0.0515
Step: 17100000  Loss: 0.114000 Regul: 0.003248 Obj: 0.117249 (0.082716)  NNZ: 6 (5)  Ttime: 1.3912 Vtime: 0.0509
Step: 17200000  Loss: 0.128230 Regul: 0.004958 Obj: 0.133188 (0.082716)  NNZ: 9 (5)  Ttime: 1.4173 Vtime: 0.0514
Step: 17300000  Loss: 0.116200 Regul: 0.006004 Obj: 0.122204 (0.082716)  NNZ: 10 (5)  Ttime: 1.3966 Vtime: 0.0516
Step: 17400000  Loss: 0.135817 Regul: 0.007979 Obj: 0.143796 (0.082716)  NNZ: 13 (5)  Ttime: 1.3957 Vtime: 0.0514
Step: 17500000  Loss: 0.088836 Regul: 0.002882 Obj: 0.091718 (0.082716)  NNZ: 9 (5)  Ttime: 1.3973 Vtime: 0.0516
Step: 17600000  Loss: 0.111542 Regul: 0.001945 Obj: 0.113486 (0.082716)  NNZ: 4 (5)  Ttime: 1.3904 Vtime: 0.0515
Step: 17700000  Loss: 0.086367 Regul: 0.001608 Obj: 0.087975 (0.082716)  NNZ: 5 (5)  Ttime: 1.3931 Vtime: 0.0516
Step: 17800000  Loss: 0.082799 Regul: 0.002595 Obj: 0.085394 (0.082716)  NNZ: 9 (5)  Ttime: 1.4215 Vtime: 0.0514
Step: 17900000  Loss: 0.162454 Regul: 0.007774 Obj: 0.170229 (0.082716)  NNZ: 16 (5)  Ttime: 1.3804 Vtime: 0.0515
Step: 18000000  Loss: 0.134424 Regul: 0.006360 Obj: 0.140783 (0.082716)  NNZ: 10 (5)  Ttime: 1.3826 Vtime: 0.0514
Step: 18100000  Loss: 0.085660 Regul: 0.003676 Obj: 0.089336 (0.082716)  NNZ: 9 (5)  Ttime: 1.3888 Vtime: 0.0521
Step: 18200000  Loss: 0.105619 Regul: 0.003901 Obj: 0.109520 (0.082716)  NNZ: 5 (5)  Ttime: 1.3826 Vtime: 0.0510
Step: 18300000  Loss: 0.091802 Regul: 0.003959 Obj: 0.095761 (0.082716)  NNZ: 9 (5)  Ttime: 1.3862 Vtime: 0.0515
Step: 18400000  Loss: 0.138744 Regul: 0.005919 Obj: 0.144663 (0.082716)  NNZ: 11 (5)  Ttime: 1.3828 Vtime: 0.0521
Step: 18500000  Loss: 0.102888 Regul: 0.001497 Obj: 0.104385 (0.082716)  NNZ: 5 (5)  Ttime: 1.3863 Vtime: 0.0516
Step: 18600000  Loss: 0.102798 Regul: 0.003318 Obj: 0.106116 (0.082716)  NNZ: 5 (5)  Ttime: 1.3770 Vtime: 0.0521
Step: 18700000  Loss: 0.121128 Regul: 0.007216 Obj: 0.128343 (0.082716)  NNZ: 17 (5)  Ttime: 1.3850 Vtime: 0.0512
Step: 18800000  Loss: 0.151743 Regul: 0.006167 Obj: 0.157910 (0.082716)  NNZ: 7 (5)  Ttime: 1.3827 Vtime: 0.0518
Step: 18900000  Loss: 0.132545 Regul: 0.004774 Obj: 0.137319 (0.082716)  NNZ: 9 (5)  Ttime: 1.3838 Vtime: 0.0505
Step: 19000000  Loss: 0.136410 Regul: 0.006326 Obj: 0.142736 (0.082716)  NNZ: 11 (5)  Ttime: 1.3855 Vtime: 0.0513
Step: 19100000  Loss: 0.114470 Regul: 0.004599 Obj: 0.119069 (0.082716)  NNZ: 10 (5)  Ttime: 1.3853 Vtime: 0.0517
Step: 19200000  Loss: 0.127183 Regul: 0.004678 Obj: 0.131862 (0.082716)  NNZ: 8 (5)  Ttime: 1.3822 Vtime: 0.0515
Step: 19300000  Loss: 0.135049 Regul: 0.005011 Obj: 0.140060 (0.082716)  NNZ: 14 (5)  Ttime: 1.4273 Vtime: 0.0510
Step: 19400000  Loss: 0.208061 Regul: 0.012740 Obj: 0.220801 (0.082716)  NNZ: 17 (5)  Ttime: 1.3908 Vtime: 0.0515
Step: 19500000  Loss: 0.137294 Regul: 0.005563 Obj: 0.142857 (0.082716)  NNZ: 9 (5)  Ttime: 1.4402 Vtime: 0.0509
Step: 19600000  Loss: 0.197797 Regul: 0.005421 Obj: 0.203217 (0.082716)  NNZ: 7 (5)  Ttime: 1.3808 Vtime: 0.0520
Step: 19700000  Loss: 0.111368 Regul: 0.004652 Obj: 0.116020 (0.082716)  NNZ: 6 (5)  Ttime: 1.3825 Vtime: 0.0514
Step: 19800000  Loss: 0.109424 Regul: 0.004982 Obj: 0.114405 (0.082716)  NNZ: 11 (5)  Ttime: 1.3880 Vtime: 0.0512
Step: 19900000  Loss: 0.121081 Regul: 0.005838 Obj: 0.126919 (0.082716)  NNZ: 10 (5)  Ttime: 1.3885 Vtime: 0.0509
Step: 20000000  Loss: 0.117021 Regul: 0.003889 Obj: 0.120910 (0.082716)  NNZ: 7 (5)  Ttime: 1.3849 Vtime: 0.0517
Step: 20100000  Loss: 0.126277 Regul: 0.004927 Obj: 0.131205 (0.082716)  NNZ: 8 (5)  Ttime: 1.3821 Vtime: 0.0534
Step: 20200000  Loss: 0.121903 Regul: 0.005960 Obj: 0.127863 (0.082716)  NNZ: 12 (5)  Ttime: 1.3830 Vtime: 0.0519
Step: 20300000  Loss: 0.259630 Regul: 0.006232 Obj: 0.265862 (0.082716)  NNZ: 15 (5)  Ttime: 1.3990 Vtime: 0.0512
Step: 20400000  Loss: 0.148229 Regul: 0.006071 Obj: 0.154300 (0.082716)  NNZ: 12 (5)  Ttime: 1.3766 Vtime: 0.0516
Step: 20500000  Loss: 0.134707 Regul: 0.004498 Obj: 0.139205 (0.082716)  NNZ: 9 (5)  Ttime: 1.3843 Vtime: 0.0515
Step: 20600000  Loss: 0.174145 Regul: 0.006313 Obj: 0.180458 (0.082716)  NNZ: 13 (5)  Ttime: 1.3916 Vtime: 0.0510
Step: 20700000  Loss: 0.128022 Regul: 0.006573 Obj: 0.134595 (0.082716)  NNZ: 13 (5)  Ttime: 1.3833 Vtime: 0.0517
Step: 20800000  Loss: 0.141087 Regul: 0.006986 Obj: 0.148073 (0.082716)  NNZ: 13 (5)  Ttime: 1.3827 Vtime: 0.0514
Step: 20900000  Loss: 0.292086 Regul: 0.002192 Obj: 0.294278 (0.082716)  NNZ: 7 (5)  Ttime: 1.3815 Vtime: 0.0515
Step: 21000000  Loss: 0.111686 Regul: 0.005808 Obj: 0.117494 (0.082716)  NNZ: 10 (5)  Ttime: 1.3928 Vtime: 0.0522
Step: 21100000  Loss: 0.123837 Regul: 0.002635 Obj: 0.126472 (0.082716)  NNZ: 6 (5)  Ttime: 1.3831 Vtime: 0.0515
Step: 21200000  Loss: 0.112775 Regul: 0.005550 Obj: 0.118325 (0.082716)  NNZ: 12 (5)  Ttime: 1.4070 Vtime: 0.0519
Step: 21300000  Loss: 0.118963 Regul: 0.004208 Obj: 0.123170 (0.082716)  NNZ: 6 (5)  Ttime: 1.3856 Vtime: 0.0514
Step: 21400000  Loss: 0.102080 Regul: 0.003972 Obj: 0.106051 (0.082716)  NNZ: 11 (5)  Ttime: 1.3838 Vtime: 0.0516
Step: 21500000  Loss: 0.101761 Regul: 0.004134 Obj: 0.105895 (0.082716)  NNZ: 6 (5)  Ttime: 1.3851 Vtime: 0.0517
Step: 21600000  Loss: 0.112821 Regul: 0.005049 Obj: 0.117870 (0.082716)  NNZ: 9 (5)  Ttime: 1.3853 Vtime: 0.0517
Step: 21700000  Loss: 0.101063 Regul: 0.004241 Obj: 0.105304 (0.082716)  NNZ: 7 (5)  Ttime: 1.3870 Vtime: 0.0513
Step: 21800000  Loss: 0.098347 Regul: 0.004630 Obj: 0.102978 (0.082716)  NNZ: 10 (5)  Ttime: 1.3856 Vtime: 0.0518
Step: 21900000  Loss: 0.182135 Regul: 0.008438 Obj: 0.190573 (0.082716)  NNZ: 13 (5)  Ttime: 1.3825 Vtime: 0.0516
Step: 22000000  Loss: 0.141660 Regul: 0.005174 Obj: 0.146834 (0.082716)  NNZ: 7 (5)  Ttime: 1.3916 Vtime: 0.0514
Step: 22100000  Loss: 0.128665 Regul: 0.006660 Obj: 0.135324 (0.082716)  NNZ: 11 (5)  Ttime: 1.3885 Vtime: 0.0512
Step: 22200000  Loss: 0.145946 Regul: 0.006234 Obj: 0.152181 (0.082716)  NNZ: 12 (5)  Ttime: 1.3822 Vtime: 0.0507
Step: 22300000  Loss: 0.087707 Regul: 0.002154 Obj: 0.089861 (0.082716)  NNZ: 7 (5)  Ttime: 1.3872 Vtime: 0.0521
Step: 22400000  Loss: 0.126419 Regul: 0.005135 Obj: 0.131554 (0.082716)  NNZ: 9 (5)  Ttime: 1.3855 Vtime: 0.0510
Step: 22500000  Loss: 0.142741 Regul: 0.004218 Obj: 0.146960 (0.082716)  NNZ: 9 (5)  Ttime: 1.3853 Vtime: 0.0516
Step: 22600000  Loss: 0.113491 Regul: 0.004450 Obj: 0.117940 (0.082716)  NNZ: 8 (5)  Ttime: 1.3875 Vtime: 0.0516
Step: 22700000  Loss: 0.096961 Regul: 0.003290 Obj: 0.100252 (0.082716)  NNZ: 7 (5)  Ttime: 1.3905 Vtime: 0.0513
Step: 22800000  Loss: 0.132698 Regul: 0.004767 Obj: 0.137465 (0.082716)  NNZ: 9 (5)  Ttime: 1.3873 Vtime: 0.0513
Step: 22900000  Loss: 0.101496 Regul: 0.003876 Obj: 0.105372 (0.082716)  NNZ: 7 (5)  Ttime: 1.3929 Vtime: 0.0510
Step: 23000000  Loss: 0.085830 Regul: 0.003053 Obj: 0.088883 (0.082716)  NNZ: 9 (5)  Ttime: 1.3825 Vtime: 0.0514
Step: 23100000  Loss: 0.102456 Regul: 0.004570 Obj: 0.107026 (0.082716)  NNZ: 10 (5)  Ttime: 1.3821 Vtime: 0.0514
Step: 23200000  Loss: 0.128168 Regul: 0.004908 Obj: 0.133076 (0.082716)  NNZ: 8 (5)  Ttime: 1.3922 Vtime: 0.0515
Step: 23300000  Loss: 0.099352 Regul: 0.003058 Obj: 0.102410 (0.082716)  NNZ: 6 (5)  Ttime: 1.3865 Vtime: 0.0513
Step: 23400000  Loss: 0.112386 Regul: 0.004311 Obj: 0.116697 (0.082716)  NNZ: 11 (5)  Ttime: 1.4011 Vtime: 0.0515
Step: 23500000  Loss: 0.103804 Regul: 0.002308 Obj: 0.106112 (0.082716)  NNZ: 4 (5)  Ttime: 1.3900 Vtime: 0.0513
Step: 23600000  Loss: 0.141514 Regul: 0.005774 Obj: 0.147288 (0.082716)  NNZ: 11 (5)  Ttime: 1.3862 Vtime: 0.0519
Step: 23700000  Loss: 0.091871 Regul: 0.002450 Obj: 0.094321 (0.082716)  NNZ: 8 (5)  Ttime: 1.3859 Vtime: 0.0513
Step: 23800000  Loss: 0.093892 Regul: 0.002778 Obj: 0.096670 (0.082716)  NNZ: 6 (5)  Ttime: 1.3958 Vtime: 0.0525
Step: 23900000  Loss: 0.089735 Regul: 0.003110 Obj: 0.092846 (0.082716)  NNZ: 11 (5)  Ttime: 1.3897 Vtime: 0.0523
Step: 24000000  Loss: 0.115898 Regul: 0.005632 Obj: 0.121530 (0.082716)  NNZ: 10 (5)  Ttime: 1.3836 Vtime: 0.0506
Step: 24100000  Loss: 0.087792 Regul: 0.002971 Obj: 0.090764 (0.082716)  NNZ: 9 (5)  Ttime: 1.3943 Vtime: 0.0523
Step: 24200000  Loss: 0.116885 Regul: 0.003806 Obj: 0.120691 (0.082716)  NNZ: 8 (5)  Ttime: 1.3901 Vtime: 0.0520
Step: 24300000  Loss: 0.167953 Regul: 0.004474 Obj: 0.172427 (0.082716)  NNZ: 7 (5)  Ttime: 1.3927 Vtime: 0.0517
Step: 24400000  Loss: 0.121084 Regul: 0.005103 Obj: 0.126187 (0.082716)  NNZ: 8 (5)  Ttime: 1.3858 Vtime: 0.0511
Step: 24500000  Loss: 0.130390 Regul: 0.005536 Obj: 0.135926 (0.082716)  NNZ: 10 (5)  Ttime: 1.3860 Vtime: 0.0516
Step: 24600000  Loss: 0.095613 Regul: 0.003662 Obj: 0.099276 (0.082716)  NNZ: 8 (5)  Ttime: 1.3913 Vtime: 0.0515
Step: 24700000  Loss: 0.095991 Regul: 0.003932 Obj: 0.099923 (0.082716)  NNZ: 10 (5)  Ttime: 1.3861 Vtime: 0.0512
Step: 24800000  Loss: 0.153932 Regul: 0.006687 Obj: 0.160619 (0.082716)  NNZ: 9 (5)  Ttime: 1.3952 Vtime: 0.0517
Step: 24900000  Loss: 0.119979 Regul: 0.005661 Obj: 0.125640 (0.082716)  NNZ: 11 (5)  Ttime: 1.3860 Vtime: 0.0517
Step: 25000000  Loss: 0.128889 Regul: 0.006198 Obj: 0.135087 (0.082716)  NNZ: 11 (5)  Ttime: 1.3811 Vtime: 0.0513
Step: 25100000  Loss: 0.118941 Regul: 0.005944 Obj: 0.124885 (0.082716)  NNZ: 12 (5)  Ttime: 1.3919 Vtime: 0.0523
Step: 25200000  Loss: 0.120611 Regul: 0.005462 Obj: 0.126073 (0.082716)  NNZ: 10 (5)  Ttime: 1.3897 Vtime: 0.0511
Step: 25300000  Loss: 0.100975 Regul: 0.004151 Obj: 0.105127 (0.082716)  NNZ: 8 (5)  Ttime: 1.3825 Vtime: 0.0512
Step: 25400000  Loss: 0.119059 Regul: 0.004341 Obj: 0.123400 (0.082716)  NNZ: 9 (5)  Ttime: 1.3847 Vtime: 0.0515
Step: 25500000  Loss: 0.109499 Regul: 0.003574 Obj: 0.113074 (0.082716)  NNZ: 8 (5)  Ttime: 1.3896 Vtime: 0.0516
Step: 25600000  Loss: 0.104980 Regul: 0.004251 Obj: 0.109232 (0.082716)  NNZ: 9 (5)  Ttime: 1.3848 Vtime: 0.0514
Step: 25700000  Loss: 0.188474 Regul: 0.006448 Obj: 0.194921 (0.082716)  NNZ: 11 (5)  Ttime: 1.3839 Vtime: 0.0518
Step: 25800000  Loss: 0.148489 Regul: 0.006317 Obj: 0.154806 (0.082716)  NNZ: 10 (5)  Ttime: 1.3841 Vtime: 0.0522
Step: 25900000  Loss: 0.110309 Regul: 0.004502 Obj: 0.114811 (0.082716)  NNZ: 10 (5)  Ttime: 1.3873 Vtime: 0.0512
Step: 26000000  Loss: 0.102937 Regul: 0.003919 Obj: 0.106857 (0.082716)  NNZ: 9 (5)  Ttime: 1.3820 Vtime: 0.0530
Step: 26100000  Loss: 0.152359 Regul: 0.008027 Obj: 0.160387 (0.082716)  NNZ: 15 (5)  Ttime: 1.4209 Vtime: 0.0515
Step: 26200000  Loss: 0.105737 Regul: 0.004700 Obj: 0.110437 (0.082716)  NNZ: 8 (5)  Ttime: 1.3897 Vtime: 0.0509
Step: 26300000  Loss: 0.097112 Regul: 0.003071 Obj: 0.100183 (0.082716)  NNZ: 8 (5)  Ttime: 1.3896 Vtime: 0.0516
Step: 26400000  Loss: 0.107408 Regul: 0.001795 Obj: 0.109203 (0.082716)  NNZ: 5 (5)  Ttime: 1.3879 Vtime: 0.0514
Step: 26500000  Loss: 0.094374 Regul: 0.003822 Obj: 0.098196 (0.082716)  NNZ: 9 (5)  Ttime: 1.3982 Vtime: 0.0513
Step: 26600000  Loss: 0.101156 Regul: 0.003181 Obj: 0.104337 (0.082716)  NNZ: 7 (5)  Ttime: 1.3909 Vtime: 0.0513
Step: 26700000  Loss: 0.111330 Regul: 0.003665 Obj: 0.114995 (0.082716)  NNZ: 7 (5)  Ttime: 1.3851 Vtime: 0.0512
Step: 26800000  Loss: 0.114738 Regul: 0.005991 Obj: 0.120728 (0.082716)  NNZ: 11 (5)  Ttime: 1.3836 Vtime: 0.0516
Step: 26900000  Loss: 0.097773 Regul: 0.003420 Obj: 0.101193 (0.082716)  NNZ: 9 (5)  Ttime: 1.3868 Vtime: 0.0514
Step: 27000000  Loss: 0.099040 Regul: 0.002844 Obj: 0.101884 (0.082716)  NNZ: 6 (5)  Ttime: 1.3839 Vtime: 0.0512
Step: 27100000  Loss: 0.142047 Regul: 0.005865 Obj: 0.147913 (0.082716)  NNZ: 13 (5)  Ttime: 1.3856 Vtime: 0.0519
Step: 27200000  Loss: 0.157425 Regul: 0.007624 Obj: 0.165048 (0.082716)  NNZ: 12 (5)  Ttime: 1.3827 Vtime: 0.0511
Step: 27300000  Loss: 0.200233 Regul: 0.008979 Obj: 0.209212 (0.082716)  NNZ: 14 (5)  Ttime: 1.3871 Vtime: 0.0513
Step: 27400000  Loss: 0.106058 Regul: 0.003941 Obj: 0.110000 (0.082716)  NNZ: 8 (5)  Ttime: 1.3854 Vtime: 0.0515
Step: 27500000  Loss: 0.102692 Regul: 0.002176 Obj: 0.104868 (0.082716)  NNZ: 7 (5)  Ttime: 1.3907 Vtime: 0.0513
Step: 27600000  Loss: 0.112118 Regul: 0.004932 Obj: 0.117051 (0.082716)  NNZ: 10 (5)  Ttime: 1.3885 Vtime: 0.0512
Step: 27700000  Loss: 0.094331 Regul: 0.003853 Obj: 0.098183 (0.082716)  NNZ: 9 (5)  Ttime: 1.3916 Vtime: 0.0509
Step: 27800000  Loss: 0.106043 Regul: 0.003655 Obj: 0.109698 (0.082716)  NNZ: 9 (5)  Ttime: 1.3909 Vtime: 0.0518
Step: 27900000  Loss: 0.107564 Regul: 0.002308 Obj: 0.109872 (0.082716)  NNZ: 7 (5)  Ttime: 1.3911 Vtime: 0.0515
Step: 28000000  Loss: 0.100770 Regul: 0.002792 Obj: 0.103563 (0.082716)  NNZ: 6 (5)  Ttime: 1.3828 Vtime: 0.0515
Step: 28100000  Loss: 0.088721 Regul: 0.003697 Obj: 0.092418 (0.082716)  NNZ: 7 (5)  Ttime: 1.3832 Vtime: 0.0521
Step: 28200000  Loss: 0.121437 Regul: 0.004393 Obj: 0.125829 (0.082716)  NNZ: 8 (5)  Ttime: 1.3791 Vtime: 0.0513
Step: 28300000  Loss: 0.226422 Regul: 0.001235 Obj: 0.227657 (0.082716)  NNZ: 3 (5)  Ttime: 1.3901 Vtime: 0.0520
Step: 28400000  Loss: 0.093848 Regul: 0.002256 Obj: 0.096104 (0.082716)  NNZ: 7 (5)  Ttime: 1.3905 Vtime: 0.0508
Step: 28500000  Loss: 0.134972 Regul: 0.005588 Obj: 0.140559 (0.082716)  NNZ: 12 (5)  Ttime: 1.3899 Vtime: 0.0517
Step: 28600000  Loss: 0.098276 Regul: 0.003145 Obj: 0.101421 (0.082716)  NNZ: 6 (5)  Ttime: 1.3847 Vtime: 0.0511
Step: 28700000  Loss: 0.099734 Regul: 0.003450 Obj: 0.103184 (0.082716)  NNZ: 7 (5)  Ttime: 1.3841 Vtime: 0.0514
Step: 28800000  Loss: 0.118716 Regul: 0.005244 Obj: 0.123960 (0.082716)  NNZ: 14 (5)  Ttime: 1.3869 Vtime: 0.0514
Step: 28900000  Loss: 0.115952 Regul: 0.005703 Obj: 0.121655 (0.082716)  NNZ: 10 (5)  Ttime: 1.3839 Vtime: 0.0521
Step: 29000000  Loss: 0.122958 Regul: 0.003992 Obj: 0.126950 (0.082716)  NNZ: 10 (5)  Ttime: 1.3917 Vtime: 0.0525
Step: 29100000  Loss: 0.141382 Regul: 0.007916 Obj: 0.149299 (0.082716)  NNZ: 15 (5)  Ttime: 1.4235 Vtime: 0.0509
Step: 29200000  Loss: 0.143666 Regul: 0.006541 Obj: 0.150207 (0.082716)  NNZ: 10 (5)  Ttime: 1.3958 Vtime: 0.0517
Step: 29300000  Loss: 0.105696 Regul: 0.003821 Obj: 0.109517 (0.082716)  NNZ: 11 (5)  Ttime: 1.3968 Vtime: 0.0519
Step: 29400000  Loss: 0.133625 Regul: 0.007191 Obj: 0.140816 (0.082716)  NNZ: 15 (5)  Ttime: 1.3936 Vtime: 0.0518
Step: 29500000  Loss: 0.089329 Regul: 0.003215 Obj: 0.092543 (0.082716)  NNZ: 10 (5)  Ttime: 1.3879 Vtime: 0.0508
Step: 29600000  Loss: 0.134347 Regul: 0.003075 Obj: 0.137422 (0.082716)  NNZ: 7 (5)  Ttime: 1.3871 Vtime: 0.0514
Step: 29700000  Loss: 0.115696 Regul: 0.003405 Obj: 0.119101 (0.082716)  NNZ: 7 (5)  Ttime: 1.4068 Vtime: 0.0514
Step: 29800000  Loss: 0.124662 Regul: 0.005806 Obj: 0.130468 (0.082716)  NNZ: 11 (5)  Ttime: 1.3889 Vtime: 0.0511
Step: 29900000  Loss: 0.085795 Regul: 0.001975 Obj: 0.087770 (0.082716)  NNZ: 7 (5)  Ttime: 1.3937 Vtime: 0.0517
Step: 30000000  Loss: 0.131127 Regul: 0.005251 Obj: 0.136378 (0.082716)  NNZ: 8 (5)  Ttime: 1.3916 Vtime: 0.0515
Step: 30100000  Loss: 0.100723 Regul: 0.003221 Obj: 0.103945 (0.082716)  NNZ: 8 (5)  Ttime: 1.3911 Vtime: 0.0518
Step: 30200000  Loss: 0.101710 Regul: 0.003206 Obj: 0.104916 (0.082716)  NNZ: 7 (5)  Ttime: 1.3911 Vtime: 0.0520
Step: 30300000  Loss: 0.110082 Regul: 0.002476 Obj: 0.112559 (0.082716)  NNZ: 6 (5)  Ttime: 1.3906 Vtime: 0.0518
Step: 30400000  Loss: 0.115689 Regul: 0.004958 Obj: 0.120646 (0.082716)  NNZ: 7 (5)  Ttime: 1.3833 Vtime: 0.0514
Step: 30500000  Loss: 0.092417 Regul: 0.003013 Obj: 0.095430 (0.082716)  NNZ: 7 (5)  Ttime: 1.4046 Vtime: 0.0508
Step: 30600000  Loss: 0.087634 Regul: 0.002631 Obj: 0.090265 (0.082716)  NNZ: 6 (5)  Ttime: 1.4457 Vtime: 0.0518
Step: 30700000  Loss: 0.104164 Regul: 0.004600 Obj: 0.108764 (0.082716)  NNZ: 10 (5)  Ttime: 1.3827 Vtime: 0.0511
Step: 30800000  Loss: 0.102767 Regul: 0.002861 Obj: 0.105629 (0.082716)  NNZ: 7 (5)  Ttime: 1.3865 Vtime: 0.0516
Step: 30900000  Loss: 0.119316 Regul: 0.003945 Obj: 0.123261 (0.082716)  NNZ: 7 (5)  Ttime: 1.3815 Vtime: 0.0515
Step: 31000000  Loss: 0.129212 Regul: 0.007319 Obj: 0.136531 (0.082716)  NNZ: 14 (5)  Ttime: 1.3860 Vtime: 0.0510
Step: 31100000  Loss: 0.091625 Regul: 0.003404 Obj: 0.095029 (0.082716)  NNZ: 7 (5)  Ttime: 1.3938 Vtime: 0.0513
Step: 31200000  Loss: 0.117972 Regul: 0.005248 Obj: 0.123220 (0.082716)  NNZ: 10 (5)  Ttime: 1.3892 Vtime: 0.0510
Step: 31300000  Loss: 0.110072 Regul: 0.003380 Obj: 0.113451 (0.082716)  NNZ: 11 (5)  Ttime: 1.3841 Vtime: 0.0516
Step: 31400000  Loss: 0.092168 Regul: 0.002987 Obj: 0.095155 (0.082716)  NNZ: 8 (5)  Ttime: 1.3848 Vtime: 0.0517
Step: 31500000  Loss: 0.106955 Regul: 0.004309 Obj: 0.111264 (0.082716)  NNZ: 10 (5)  Ttime: 1.4436 Vtime: 0.0519
Step: 31600000  Loss: 0.138432 Regul: 0.001733 Obj: 0.140166 (0.082716)  NNZ: 4 (5)  Ttime: 1.3906 Vtime: 0.0515
Step: 31700000  Loss: 0.092324 Regul: 0.002105 Obj: 0.094429 (0.082716)  NNZ: 5 (5)  Ttime: 1.4020 Vtime: 0.0513
Step: 31800000  Loss: 0.139329 Regul: 0.005244 Obj: 0.144573 (0.082716)  NNZ: 10 (5)  Ttime: 1.3954 Vtime: 0.0516
Step: 31900000  Loss: 0.112233 Regul: 0.004404 Obj: 0.116637 (0.082716)  NNZ: 10 (5)  Ttime: 1.3952 Vtime: 0.0510
Step: 32000000  Loss: 0.136019 Regul: 0.006370 Obj: 0.142388 (0.082716)  NNZ: 13 (5)  Ttime: 1.3915 Vtime: 0.0515
Step: 32100000  Loss: 0.097659 Regul: 0.004349 Obj: 0.102008 (0.082716)  NNZ: 12 (5)  Ttime: 1.3965 Vtime: 0.0515
Step: 32200000  Loss: 0.125167 Regul: 0.005444 Obj: 0.130611 (0.082716)  NNZ: 11 (5)  Ttime: 1.3941 Vtime: 0.0509
Step: 32300000  Loss: 0.086447 Regul: 0.002148 Obj: 0.088595 (0.082716)  NNZ: 9 (5)  Ttime: 1.3898 Vtime: 0.0512
Step: 32400000  Loss: 0.117765 Regul: 0.005512 Obj: 0.123278 (0.082716)  NNZ: 12 (5)  Ttime: 1.3969 Vtime: 0.0514
Step: 32500000  Loss: 0.085480 Regul: 0.003343 Obj: 0.088823 (0.082716)  NNZ: 8 (5)  Ttime: 1.3880 Vtime: 0.0519
Step: 32600000  Loss: 0.110630 Regul: 0.001859 Obj: 0.112489 (0.082716)  NNZ: 4 (5)  Ttime: 1.3928 Vtime: 0.0507
Best: 32700000  Loss: 0.078163 Regul: 0.002207 Obj: 0.080370 (0.080370)  NNZ: 8 (8)  Ttime: 1.3926 Vtime: 0.0518
Stat: nPR #60 (#64) Dim/MaxDim [480/640] AUC: 0.970469 FPR95: 16.95 [saved]
Step: 32800000  Loss: 0.147785 Regul: 0.006796 Obj: 0.154581 (0.080370)  NNZ: 13 (8)  Ttime: 1.3910 Vtime: 0.0520
Step: 32900000  Loss: 0.309050 Regul: 0.003894 Obj: 0.312944 (0.080370)  NNZ: 5 (8)  Ttime: 1.3952 Vtime: 0.0516
Best: 33000000  Loss: 0.077827 Regul: 0.002052 Obj: 0.079879 (0.079879)  NNZ: 7 (7)  Ttime: 1.3954 Vtime: 0.0512
Stat: nPR #40 (#56) Dim/MaxDim [320/640] AUC: 0.970189 FPR95: 16.68 [saved]
Step: 33100000  Loss: 0.101203 Regul: 0.002798 Obj: 0.104002 (0.079879)  NNZ: 7 (7)  Ttime: 1.3906 Vtime: 0.0514
Step: 33200000  Loss: 0.127773 Regul: 0.004767 Obj: 0.132539 (0.079879)  NNZ: 8 (7)  Ttime: 1.3904 Vtime: 0.0526
Step: 33300000  Loss: 0.168790 Regul: 0.003857 Obj: 0.172648 (0.079879)  NNZ: 10 (7)  Ttime: 1.3930 Vtime: 0.0515
Step: 33400000  Loss: 0.079542 Regul: 0.002182 Obj: 0.081724 (0.079879)  NNZ: 7 (7)  Ttime: 1.3929 Vtime: 0.0518
Step: 33500000  Loss: 0.100402 Regul: 0.003076 Obj: 0.103478 (0.079879)  NNZ: 9 (7)  Ttime: 1.3903 Vtime: 0.0513
Step: 33600000  Loss: 0.094581 Regul: 0.003746 Obj: 0.098326 (0.079879)  NNZ: 6 (7)  Ttime: 1.3888 Vtime: 0.0515
Step: 33700000  Loss: 0.175531 Regul: 0.009683 Obj: 0.185214 (0.079879)  NNZ: 15 (7)  Ttime: 1.3933 Vtime: 0.0524
Step: 33800000  Loss: 0.124887 Regul: 0.006812 Obj: 0.131699 (0.079879)  NNZ: 14 (7)  Ttime: 1.3878 Vtime: 0.0516
Step: 33900000  Loss: 0.148555 Regul: 0.006539 Obj: 0.155093 (0.079879)  NNZ: 12 (7)  Ttime: 1.3915 Vtime: 0.0519
Step: 34000000  Loss: 0.113749 Regul: 0.003461 Obj: 0.117210 (0.079879)  NNZ: 7 (7)  Ttime: 1.3924 Vtime: 0.0517
Step: 34100000  Loss: 0.128665 Regul: 0.004404 Obj: 0.133069 (0.079879)  NNZ: 9 (7)  Ttime: 1.4003 Vtime: 0.0515
Step: 34200000  Loss: 0.097380 Regul: 0.003474 Obj: 0.100854 (0.079879)  NNZ: 10 (7)  Ttime: 1.3884 Vtime: 0.0515
Step: 34300000  Loss: 0.132364 Regul: 0.005670 Obj: 0.138035 (0.079879)  NNZ: 13 (7)  Ttime: 1.3871 Vtime: 0.0519
Step: 34400000  Loss: 0.127912 Regul: 0.005088 Obj: 0.133000 (0.079879)  NNZ: 10 (7)  Ttime: 1.3901 Vtime: 0.0515
Step: 34500000  Loss: 0.102000 Regul: 0.003655 Obj: 0.105655 (0.079879)  NNZ: 9 (7)  Ttime: 1.3908 Vtime: 0.0514
Step: 34600000  Loss: 0.105132 Regul: 0.002821 Obj: 0.107953 (0.079879)  NNZ: 6 (7)  Ttime: 1.3935 Vtime: 0.0512
Step: 34700000  Loss: 0.116903 Regul: 0.002895 Obj: 0.119797 (0.079879)  NNZ: 5 (7)  Ttime: 1.3936 Vtime: 0.0509
Step: 34800000  Loss: 0.136811 Regul: 0.006528 Obj: 0.143339 (0.079879)  NNZ: 12 (7)  Ttime: 1.4484 Vtime: 0.0510
Step: 34900000  Loss: 0.103740 Regul: 0.005261 Obj: 0.109001 (0.079879)  NNZ: 14 (7)  Ttime: 1.3832 Vtime: 0.0511
Step: 35000000  Loss: 0.111414 Regul: 0.003038 Obj: 0.114452 (0.079879)  NNZ: 7 (7)  Ttime: 1.3852 Vtime: 0.0520
Step: 35100000  Loss: 0.108033 Regul: 0.004403 Obj: 0.112436 (0.079879)  NNZ: 8 (7)  Ttime: 1.3891 Vtime: 0.0518
Step: 35200000  Loss: 0.112554 Regul: 0.003785 Obj: 0.116339 (0.079879)  NNZ: 12 (7)  Ttime: 1.3846 Vtime: 0.0512
Step: 35300000  Loss: 0.122829 Regul: 0.006295 Obj: 0.129124 (0.079879)  NNZ: 10 (7)  Ttime: 1.3848 Vtime: 0.0518
Step: 35400000  Loss: 0.114476 Regul: 0.005209 Obj: 0.119685 (0.079879)  NNZ: 10 (7)  Ttime: 1.3855 Vtime: 0.0517
Step: 35500000  Loss: 0.128956 Regul: 0.005978 Obj: 0.134934 (0.079879)  NNZ: 11 (7)  Ttime: 1.3870 Vtime: 0.0512
Step: 35600000  Loss: 0.103136 Regul: 0.004393 Obj: 0.107529 (0.079879)  NNZ: 12 (7)  Ttime: 1.3896 Vtime: 0.0508
Step: 35700000  Loss: 0.113714 Regul: 0.004313 Obj: 0.118027 (0.079879)  NNZ: 8 (7)  Ttime: 1.3866 Vtime: 0.0513
Step: 35800000  Loss: 0.116669 Regul: 0.005966 Obj: 0.122634 (0.079879)  NNZ: 11 (7)  Ttime: 1.3819 Vtime: 0.0520
Step: 35900000  Loss: 0.091282 Regul: 0.002646 Obj: 0.093928 (0.079879)  NNZ: 7 (7)  Ttime: 1.3870 Vtime: 0.0517
Step: 36000000  Loss: 0.122649 Regul: 0.007049 Obj: 0.129698 (0.079879)  NNZ: 13 (7)  Ttime: 1.3866 Vtime: 0.0517
Step: 36100000  Loss: 0.094554 Regul: 0.002994 Obj: 0.097549 (0.079879)  NNZ: 9 (7)  Ttime: 1.3905 Vtime: 0.0519
Step: 36200000  Loss: 0.105751 Regul: 0.002550 Obj: 0.108301 (0.079879)  NNZ: 4 (7)  Ttime: 1.3872 Vtime: 0.0518
Step: 36300000  Loss: 0.179896 Regul: 0.004218 Obj: 0.184113 (0.079879)  NNZ: 8 (7)  Ttime: 1.3940 Vtime: 0.0517
Step: 36400000  Loss: 0.116010 Regul: 0.004597 Obj: 0.120606 (0.079879)  NNZ: 11 (7)  Ttime: 1.3848 Vtime: 0.0515
Step: 36500000  Loss: 0.104370 Regul: 0.004114 Obj: 0.108484 (0.079879)  NNZ: 10 (7)  Ttime: 1.3890 Vtime: 0.0515
Step: 36600000  Loss: 0.094786 Regul: 0.004523 Obj: 0.099308 (0.079879)  NNZ: 12 (7)  Ttime: 1.3909 Vtime: 0.0504
Step: 36700000  Loss: 0.104833 Regul: 0.003377 Obj: 0.108211 (0.079879)  NNZ: 7 (7)  Ttime: 1.3942 Vtime: 0.0511
Step: 36800000  Loss: 0.267727 Regul: 0.013046 Obj: 0.280773 (0.079879)  NNZ: 19 (7)  Ttime: 1.3857 Vtime: 0.0516
Step: 36900000  Loss: 0.134658 Regul: 0.007654 Obj: 0.142311 (0.079879)  NNZ: 16 (7)  Ttime: 1.3836 Vtime: 0.0514
Step: 37000000  Loss: 0.105236 Regul: 0.002769 Obj: 0.108005 (0.079879)  NNZ: 6 (7)  Ttime: 1.3841 Vtime: 0.0515
Step: 37100000  Loss: 0.106398 Regul: 0.005854 Obj: 0.112252 (0.079879)  NNZ: 13 (7)  Ttime: 1.3823 Vtime: 0.0518
Step: 37200000  Loss: 0.097481 Regul: 0.004423 Obj: 0.101905 (0.079879)  NNZ: 8 (7)  Ttime: 1.3864 Vtime: 0.0520
Step: 37300000  Loss: 0.107778 Regul: 0.005026 Obj: 0.112804 (0.079879)  NNZ: 12 (7)  Ttime: 1.3876 Vtime: 0.0512
Step: 37400000  Loss: 0.137098 Regul: 0.005471 Obj: 0.142569 (0.079879)  NNZ: 11 (7)  Ttime: 1.3841 Vtime: 0.0520
Step: 37500000  Loss: 0.094855 Regul: 0.003995 Obj: 0.098850 (0.079879)  NNZ: 13 (7)  Ttime: 1.3821 Vtime: 0.0510
Step: 37600000  Loss: 0.143901 Regul: 0.007856 Obj: 0.151757 (0.079879)  NNZ: 15 (7)  Ttime: 1.3836 Vtime: 0.0517
Step: 37700000  Loss: 0.097398 Regul: 0.003521 Obj: 0.100919 (0.079879)  NNZ: 7 (7)  Ttime: 1.3826 Vtime: 0.0521
Step: 37800000  Loss: 0.180746 Regul: 0.010661 Obj: 0.191407 (0.079879)  NNZ: 19 (7)  Ttime: 1.4220 Vtime: 0.0517
Step: 37900000  Loss: 0.133283 Regul: 0.005356 Obj: 0.138639 (0.079879)  NNZ: 12 (7)  Ttime: 1.3919 Vtime: 0.0514
Step: 38000000  Loss: 0.128319 Regul: 0.006133 Obj: 0.134452 (0.079879)  NNZ: 11 (7)  Ttime: 1.3892 Vtime: 0.0511
Step: 38100000  Loss: 0.108493 Regul: 0.003730 Obj: 0.112223 (0.079879)  NNZ: 11 (7)  Ttime: 1.3921 Vtime: 0.0515
Step: 38200000  Loss: 0.217929 Regul: 0.002418 Obj: 0.220348 (0.079879)  NNZ: 5 (7)  Ttime: 1.3905 Vtime: 0.0513
Step: 38300000  Loss: 0.099611 Regul: 0.004712 Obj: 0.104322 (0.079879)  NNZ: 12 (7)  Ttime: 1.4001 Vtime: 0.0517
Step: 38400000  Loss: 0.085557 Regul: 0.001315 Obj: 0.086872 (0.079879)  NNZ: 4 (7)  Ttime: 1.3911 Vtime: 0.0509
Step: 38500000  Loss: 0.099653 Regul: 0.004335 Obj: 0.103989 (0.079879)  NNZ: 10 (7)  Ttime: 1.3929 Vtime: 0.0509
Step: 38600000  Loss: 0.129173 Regul: 0.007249 Obj: 0.136422 (0.079879)  NNZ: 15 (7)  Ttime: 1.3894 Vtime: 0.0511
Step: 38700000  Loss: 0.132190 Regul: 0.006252 Obj: 0.138442 (0.079879)  NNZ: 15 (7)  Ttime: 1.3881 Vtime: 0.0509
Step: 38800000  Loss: 0.118195 Regul: 0.005248 Obj: 0.123443 (0.079879)  NNZ: 13 (7)  Ttime: 1.3908 Vtime: 0.0518
Step: 38900000  Loss: 0.107003 Regul: 0.003691 Obj: 0.110694 (0.079879)  NNZ: 9 (7)  Ttime: 1.3901 Vtime: 0.0517
Step: 39000000  Loss: 0.136100 Regul: 0.006368 Obj: 0.142469 (0.079879)  NNZ: 11 (7)  Ttime: 1.3822 Vtime: 0.0519
Step: 39100000  Loss: 0.093915 Regul: 0.004106 Obj: 0.098021 (0.079879)  NNZ: 10 (7)  Ttime: 1.3934 Vtime: 0.0520
Step: 39200000  Loss: 0.105129 Regul: 0.004155 Obj: 0.109284 (0.079879)  NNZ: 12 (7)  Ttime: 1.3873 Vtime: 0.0510
Step: 39300000  Loss: 0.131804 Regul: 0.007498 Obj: 0.139302 (0.079879)  NNZ: 13 (7)  Ttime: 1.3909 Vtime: 0.0518
Step: 39400000  Loss: 0.095396 Regul: 0.003026 Obj: 0.098422 (0.079879)  NNZ: 7 (7)  Ttime: 1.3883 Vtime: 0.0518
Step: 39500000  Loss: 0.139254 Regul: 0.004937 Obj: 0.144191 (0.079879)  NNZ: 9 (7)  Ttime: 1.3909 Vtime: 0.0509
Step: 39600000  Loss: 0.095958 Regul: 0.003218 Obj: 0.099176 (0.079879)  NNZ: 8 (7)  Ttime: 1.3995 Vtime: 0.0516
Step: 39700000  Loss: 0.098824 Regul: 0.004318 Obj: 0.103142 (0.079879)  NNZ: 9 (7)  Ttime: 1.3932 Vtime: 0.0516
Step: 39800000  Loss: 0.087395 Regul: 0.002155 Obj: 0.089550 (0.079879)  NNZ: 6 (7)  Ttime: 1.3876 Vtime: 0.0510
Step: 39900000  Loss: 0.100111 Regul: 0.003121 Obj: 0.103233 (0.079879)  NNZ: 7 (7)  Ttime: 1.3911 Vtime: 0.0517
Step: 40000000  Loss: 0.254122 Regul: 0.009052 Obj: 0.263173 (0.079879)  NNZ: 14 (7)  Ttime: 1.3971 Vtime: 0.0528
Step: 40100000  Loss: 0.144375 Regul: 0.008955 Obj: 0.153330 (0.079879)  NNZ: 17 (7)  Ttime: 1.3931 Vtime: 0.0516
Step: 40200000  Loss: 0.102505 Regul: 0.004490 Obj: 0.106995 (0.079879)  NNZ: 10 (7)  Ttime: 1.3915 Vtime: 0.0520
Step: 40300000  Loss: 0.103018 Regul: 0.003747 Obj: 0.106765 (0.079879)  NNZ: 9 (7)  Ttime: 1.3916 Vtime: 0.0510
Step: 40400000  Loss: 0.135362 Regul: 0.008392 Obj: 0.143754 (0.079879)  NNZ: 17 (7)  Ttime: 1.3994 Vtime: 0.0510
Step: 40500000  Loss: 0.102165 Regul: 0.004414 Obj: 0.106579 (0.079879)  NNZ: 11 (7)  Ttime: 1.3938 Vtime: 0.0521
Step: 40600000  Loss: 0.089943 Regul: 0.001851 Obj: 0.091795 (0.079879)  NNZ: 4 (7)  Ttime: 1.3927 Vtime: 0.0516
Step: 40700000  Loss: 0.106788 Regul: 0.004049 Obj: 0.110837 (0.079879)  NNZ: 12 (7)  Ttime: 1.3936 Vtime: 0.0527
Step: 40800000  Loss: 0.177155 Regul: 0.008571 Obj: 0.185726 (0.079879)  NNZ: 21 (7)  Ttime: 1.4443 Vtime: 0.0520
Step: 40900000  Loss: 0.112295 Regul: 0.005450 Obj: 0.117745 (0.079879)  NNZ: 11 (7)  Ttime: 1.3847 Vtime: 0.0516
Step: 41000000  Loss: 0.098711 Regul: 0.004491 Obj: 0.103202 (0.079879)  NNZ: 11 (7)  Ttime: 1.3828 Vtime: 0.0519
Step: 41100000  Loss: 0.156100 Regul: 0.005710 Obj: 0.161809 (0.079879)  NNZ: 13 (7)  Ttime: 1.3790 Vtime: 0.0520
Step: 41200000  Loss: 0.148562 Regul: 0.008804 Obj: 0.157365 (0.079879)  NNZ: 13 (7)  Ttime: 1.3811 Vtime: 0.0517
Step: 41300000  Loss: 0.146444 Regul: 0.006879 Obj: 0.153322 (0.079879)  NNZ: 14 (7)  Ttime: 1.3815 Vtime: 0.0511
Best: 41400000  Loss: 0.072922 Regul: 0.001937 Obj: 0.074859 (0.074859)  NNZ: 8 (8)  Ttime: 1.3857 Vtime: 0.0523
Stat: nPR #52 (#64) Dim/MaxDim [416/640] AUC: 0.971805 FPR95: 15.42 [saved]
Step: 41500000  Loss: 0.139675 Regul: 0.005071 Obj: 0.144746 (0.074859)  NNZ: 11 (8)  Ttime: 1.3807 Vtime: 0.0511
Step: 41600000  Loss: 0.135594 Regul: 0.008262 Obj: 0.143856 (0.074859)  NNZ: 16 (8)  Ttime: 1.3839 Vtime: 0.0516
Step: 41700000  Loss: 0.138108 Regul: 0.005898 Obj: 0.144006 (0.074859)  NNZ: 8 (8)  Ttime: 1.3841 Vtime: 0.0514
Step: 41800000  Loss: 0.168186 Regul: 0.005550 Obj: 0.173736 (0.074859)  NNZ: 8 (8)  Ttime: 1.3823 Vtime: 0.0507
Step: 41900000  Loss: 0.121346 Regul: 0.003640 Obj: 0.124986 (0.074859)  NNZ: 9 (8)  Ttime: 1.3820 Vtime: 0.0519
Step: 42000000  Loss: 0.127848 Regul: 0.004755 Obj: 0.132603 (0.074859)  NNZ: 12 (8)  Ttime: 1.3868 Vtime: 0.0513
Step: 42100000  Loss: 0.131272 Regul: 0.003517 Obj: 0.134789 (0.074859)  NNZ: 12 (8)  Ttime: 1.3816 Vtime: 0.0516
Step: 42200000  Loss: 0.126785 Regul: 0.006077 Obj: 0.132862 (0.074859)  NNZ: 11 (8)  Ttime: 1.3856 Vtime: 0.0506
Step: 42300000  Loss: 0.097635 Regul: 0.003918 Obj: 0.101554 (0.074859)  NNZ: 10 (8)  Ttime: 1.3856 Vtime: 0.0516
Step: 42400000  Loss: 0.161635 Regul: 0.006576 Obj: 0.168211 (0.074859)  NNZ: 13 (8)  Ttime: 1.3852 Vtime: 0.0515
Step: 42500000  Loss: 0.106050 Regul: 0.003574 Obj: 0.109624 (0.074859)  NNZ: 8 (8)  Ttime: 1.3858 Vtime: 0.0513
Step: 42600000  Loss: 0.098425 Regul: 0.004161 Obj: 0.102587 (0.074859)  NNZ: 7 (8)  Ttime: 1.3810 Vtime: 0.0521
Step: 42700000  Loss: 0.137700 Regul: 0.004203 Obj: 0.141902 (0.074859)  NNZ: 12 (8)  Ttime: 1.4244 Vtime: 0.0522
Step: 42800000  Loss: 0.123456 Regul: 0.006177 Obj: 0.129633 (0.074859)  NNZ: 14 (8)  Ttime: 1.3904 Vtime: 0.0510
Step: 42900000  Loss: 0.101085 Regul: 0.004507 Obj: 0.105593 (0.074859)  NNZ: 11 (8)  Ttime: 1.3869 Vtime: 0.0504
Step: 43000000  Loss: 0.115733 Regul: 0.004890 Obj: 0.120622 (0.074859)  NNZ: 10 (8)  Ttime: 1.3939 Vtime: 0.0510
Step: 43100000  Loss: 0.125143 Regul: 0.005481 Obj: 0.130624 (0.074859)  NNZ: 12 (8)  Ttime: 1.3886 Vtime: 0.0513
Step: 43200000  Loss: 0.283348 Regul: 0.004116 Obj: 0.287464 (0.074859)  NNZ: 9 (8)  Ttime: 1.3949 Vtime: 0.0521
Step: 43300000  Loss: 0.144315 Regul: 0.005464 Obj: 0.149779 (0.074859)  NNZ: 13 (8)  Ttime: 1.3931 Vtime: 0.0516
Step: 43400000  Loss: 0.098808 Regul: 0.004319 Obj: 0.103127 (0.074859)  NNZ: 12 (8)  Ttime: 1.3895 Vtime: 0.0510
Step: 43500000  Loss: 0.093108 Regul: 0.004164 Obj: 0.097272 (0.074859)  NNZ: 11 (8)  Ttime: 1.3931 Vtime: 0.0517
Step: 43600000  Loss: 0.134083 Regul: 0.007228 Obj: 0.141311 (0.074859)  NNZ: 19 (8)  Ttime: 1.3913 Vtime: 0.0522
Step: 43700000  Loss: 0.093633 Regul: 0.003657 Obj: 0.097291 (0.074859)  NNZ: 9 (8)  Ttime: 1.3914 Vtime: 0.0517
Step: 43800000  Loss: 0.096314 Regul: 0.003834 Obj: 0.100148 (0.074859)  NNZ: 11 (8)  Ttime: 1.3904 Vtime: 0.0517
Step: 43900000  Loss: 0.112015 Regul: 0.006172 Obj: 0.118187 (0.074859)  NNZ: 15 (8)  Ttime: 1.3927 Vtime: 0.0508
Step: 44000000  Loss: 0.111824 Regul: 0.003281 Obj: 0.115105 (0.074859)  NNZ: 8 (8)  Ttime: 1.3903 Vtime: 0.0518
Step: 44100000  Loss: 0.103552 Regul: 0.004615 Obj: 0.108168 (0.074859)  NNZ: 9 (8)  Ttime: 1.3895 Vtime: 0.0514
Step: 44200000  Loss: 0.082801 Regul: 0.002382 Obj: 0.085182 (0.074859)  NNZ: 9 (8)  Ttime: 1.4013 Vtime: 0.0516
Step: 44300000  Loss: 0.131161 Regul: 0.005682 Obj: 0.136843 (0.074859)  NNZ: 13 (8)  Ttime: 1.3881 Vtime: 0.0513
Step: 44400000  Loss: 0.118987 Regul: 0.005100 Obj: 0.124087 (0.074859)  NNZ: 12 (8)  Ttime: 1.3931 Vtime: 0.0512
Step: 44500000  Loss: 0.113209 Regul: 0.004213 Obj: 0.117423 (0.074859)  NNZ: 12 (8)  Ttime: 1.3876 Vtime: 0.0512
Step: 44600000  Loss: 0.148969 Regul: 0.004417 Obj: 0.153386 (0.074859)  NNZ: 10 (8)  Ttime: 1.3946 Vtime: 0.0518
Step: 44700000  Loss: 0.092542 Regul: 0.003935 Obj: 0.096477 (0.074859)  NNZ: 11 (8)  Ttime: 1.3893 Vtime: 0.0514
Step: 44800000  Loss: 0.122950 Regul: 0.005726 Obj: 0.128676 (0.074859)  NNZ: 13 (8)  Ttime: 1.3903 Vtime: 0.0510
Step: 44900000  Loss: 0.120557 Regul: 0.004206 Obj: 0.124763 (0.074859)  NNZ: 8 (8)  Ttime: 1.3899 Vtime: 0.0514
Step: 45000000  Loss: 0.098005 Regul: 0.003774 Obj: 0.101779 (0.074859)  NNZ: 10 (8)  Ttime: 1.3950 Vtime: 0.0516
Step: 45100000  Loss: 0.115690 Regul: 0.004031 Obj: 0.119721 (0.074859)  NNZ: 10 (8)  Ttime: 1.3949 Vtime: 0.0512
Step: 45200000  Loss: 0.106687 Regul: 0.004418 Obj: 0.111105 (0.074859)  NNZ: 8 (8)  Ttime: 1.3933 Vtime: 0.0520
Step: 45300000  Loss: 0.130776 Regul: 0.005065 Obj: 0.135840 (0.074859)  NNZ: 11 (8)  Ttime: 1.3927 Vtime: 0.0523
Step: 45400000  Loss: 0.103708 Regul: 0.005663 Obj: 0.109371 (0.074859)  NNZ: 14 (8)  Ttime: 1.3937 Vtime: 0.0518
Step: 45500000  Loss: 0.119560 Regul: 0.005318 Obj: 0.124878 (0.074859)  NNZ: 12 (8)  Ttime: 1.3889 Vtime: 0.0512
Step: 45600000  Loss: 0.090306 Regul: 0.003258 Obj: 0.093564 (0.074859)  NNZ: 7 (8)  Ttime: 1.3921 Vtime: 0.0514
Step: 45700000  Loss: 0.107993 Regul: 0.004917 Obj: 0.112910 (0.074859)  NNZ: 10 (8)  Ttime: 1.4052 Vtime: 0.0512
Step: 45800000  Loss: 0.095279 Regul: 0.003450 Obj: 0.098729 (0.074859)  NNZ: 8 (8)  Ttime: 1.3923 Vtime: 0.0512
Step: 45900000  Loss: 0.108627 Regul: 0.002399 Obj: 0.111026 (0.074859)  NNZ: 7 (8)  Ttime: 1.3917 Vtime: 0.0517
Step: 46000000  Loss: 0.074215 Regul: 0.001564 Obj: 0.075779 (0.074859)  NNZ: 6 (8)  Ttime: 1.3931 Vtime: 0.0516
Step: 46100000  Loss: 0.120078 Regul: 0.005195 Obj: 0.125273 (0.074859)  NNZ: 14 (8)  Ttime: 1.3994 Vtime: 0.0521
Step: 46200000  Loss: 0.123404 Regul: 0.006819 Obj: 0.130223 (0.074859)  NNZ: 16 (8)  Ttime: 1.3953 Vtime: 0.0515
Step: 46300000  Loss: 0.120137 Regul: 0.005779 Obj: 0.125915 (0.074859)  NNZ: 15 (8)  Ttime: 1.3901 Vtime: 0.0515
Step: 46400000  Loss: 0.101557 Regul: 0.004410 Obj: 0.105967 (0.074859)  NNZ: 12 (8)  Ttime: 1.3919 Vtime: 0.0517
Step: 46500000  Loss: 0.089168 Regul: 0.002443 Obj: 0.091611 (0.074859)  NNZ: 9 (8)  Ttime: 1.3883 Vtime: 0.0513
Step: 46600000  Loss: 0.083390 Regul: 0.003450 Obj: 0.086841 (0.074859)  NNZ: 11 (8)  Ttime: 1.3904 Vtime: 0.0516
Step: 46700000  Loss: 0.133338 Regul: 0.006137 Obj: 0.139475 (0.074859)  NNZ: 12 (8)  Ttime: 1.3887 Vtime: 0.0514
Step: 46800000  Loss: 0.124552 Regul: 0.006303 Obj: 0.130855 (0.074859)  NNZ: 11 (8)  Ttime: 1.3904 Vtime: 0.0511
Step: 46900000  Loss: 0.081756 Regul: 0.003283 Obj: 0.085039 (0.074859)  NNZ: 9 (8)  Ttime: 1.3906 Vtime: 0.0512
Step: 47000000  Loss: 0.084078 Regul: 0.003552 Obj: 0.087629 (0.074859)  NNZ: 11 (8)  Ttime: 1.3864 Vtime: 0.0516
Step: 47100000  Loss: 0.102102 Regul: 0.005101 Obj: 0.107203 (0.074859)  NNZ: 13 (8)  Ttime: 1.3981 Vtime: 0.0516
Step: 47200000  Loss: 0.086219 Regul: 0.003815 Obj: 0.090034 (0.074859)  NNZ: 11 (8)  Ttime: 1.3905 Vtime: 0.0516
Step: 47300000  Loss: 0.088581 Regul: 0.001937 Obj: 0.090518 (0.074859)  NNZ: 6 (8)  Ttime: 1.3951 Vtime: 0.0514
Step: 47400000  Loss: 0.122501 Regul: 0.005068 Obj: 0.127570 (0.074859)  NNZ: 9 (8)  Ttime: 1.3927 Vtime: 0.0519
Step: 47500000  Loss: 0.106153 Regul: 0.004599 Obj: 0.110752 (0.074859)  NNZ: 10 (8)  Ttime: 1.3895 Vtime: 0.0512
Step: 47600000  Loss: 0.090023 Regul: 0.001605 Obj: 0.091628 (0.074859)  NNZ: 5 (8)  Ttime: 1.3943 Vtime: 0.0517
Step: 47700000  Loss: 0.099404 Regul: 0.004483 Obj: 0.103887 (0.074859)  NNZ: 11 (8)  Ttime: 1.3886 Vtime: 0.0516
Step: 47800000  Loss: 0.145732 Regul: 0.001456 Obj: 0.147188 (0.074859)  NNZ: 5 (8)  Ttime: 1.4021 Vtime: 0.0514
Step: 47900000  Loss: 0.091754 Regul: 0.003323 Obj: 0.095077 (0.074859)  NNZ: 8 (8)  Ttime: 1.3907 Vtime: 0.0515
Step: 48000000  Loss: 0.102191 Regul: 0.004015 Obj: 0.106205 (0.074859)  NNZ: 7 (8)  Ttime: 1.3877 Vtime: 0.0514
Step: 48100000  Loss: 0.145433 Regul: 0.005215 Obj: 0.150648 (0.074859)  NNZ: 10 (8)  Ttime: 1.3948 Vtime: 0.0510
Step: 48200000  Loss: 0.132031 Regul: 0.007125 Obj: 0.139155 (0.074859)  NNZ: 11 (8)  Ttime: 1.3899 Vtime: 0.0517
Step: 48300000  Loss: 0.137939 Regul: 0.006353 Obj: 0.144291 (0.074859)  NNZ: 12 (8)  Ttime: 1.3938 Vtime: 0.0516
Step: 48400000  Loss: 0.081442 Regul: 0.002035 Obj: 0.083477 (0.074859)  NNZ: 10 (8)  Ttime: 1.3960 Vtime: 0.0512
Step: 48500000  Loss: 0.110198 Regul: 0.005046 Obj: 0.115244 (0.074859)  NNZ: 12 (8)  Ttime: 1.3948 Vtime: 0.0508
Step: 48600000  Loss: 0.088263 Regul: 0.003320 Obj: 0.091583 (0.074859)  NNZ: 8 (8)  Ttime: 1.3880 Vtime: 0.0521
Step: 48700000  Loss: 0.128886 Regul: 0.007025 Obj: 0.135911 (0.074859)  NNZ: 12 (8)  Ttime: 1.3870 Vtime: 0.0519
Step: 48800000  Loss: 0.102096 Regul: 0.003172 Obj: 0.105268 (0.074859)  NNZ: 8 (8)  Ttime: 1.3948 Vtime: 0.0511
Step: 48900000  Loss: 0.101905 Regul: 0.003559 Obj: 0.105463 (0.074859)  NNZ: 7 (8)  Ttime: 1.3968 Vtime: 0.0516
Step: 49000000  Loss: 0.101741 Regul: 0.004181 Obj: 0.105922 (0.074859)  NNZ: 13 (8)  Ttime: 1.3911 Vtime: 0.0517
Step: 49100000  Loss: 0.123251 Regul: 0.006026 Obj: 0.129277 (0.074859)  NNZ: 12 (8)  Ttime: 1.3919 Vtime: 0.0518
Step: 49200000  Loss: 0.093771 Regul: 0.002938 Obj: 0.096709 (0.074859)  NNZ: 7 (8)  Ttime: 1.3910 Vtime: 0.0511
Step: 49300000  Loss: 0.083918 Regul: 0.002707 Obj: 0.086625 (0.074859)  NNZ: 8 (8)  Ttime: 1.3893 Vtime: 0.0519
Step: 49400000  Loss: 0.117765 Regul: 0.006971 Obj: 0.124736 (0.074859)  NNZ: 14 (8)  Ttime: 1.3897 Vtime: 0.0517
Step: 49500000  Loss: 0.101258 Regul: 0.003992 Obj: 0.105250 (0.074859)  NNZ: 10 (8)  Ttime: 1.3986 Vtime: 0.0511
Step: 49600000  Loss: 0.099181 Regul: 0.003917 Obj: 0.103098 (0.074859)  NNZ: 10 (8)  Ttime: 1.3885 Vtime: 0.0516
Step: 49700000  Loss: 0.095813 Regul: 0.003141 Obj: 0.098954 (0.074859)  NNZ: 9 (8)  Ttime: 1.3867 Vtime: 0.0515
Step: 49800000  Loss: 0.115437 Regul: 0.004907 Obj: 0.120345 (0.074859)  NNZ: 11 (8)  Ttime: 1.3899 Vtime: 0.0510
Step: 49900000  Loss: 0.094417 Regul: 0.003821 Obj: 0.098239 (0.074859)  NNZ: 12 (8)  Ttime: 1.3895 Vtime: 0.0516
Step: 50000000  Loss: 0.080916 Regul: 0.002867 Obj: 0.083784 (0.074859)  NNZ: 6 (8)  Ttime: 1.3900 Vtime: 0.0521
