mu: 0.025 gamma: 0.175 nIters: 50000000
Load PRParams.
Load RingParams.
Load Labels: 500000
Load Distances: 500000 x 5120
0...10...20...30...40...50...60...70...80...90...100 - done.
Positive samples #250000
Negative samples #250000
Positive train #200000
Negative train #200000
Positive valid #50000
Negative valid #50000

Found GPU: GeForce GTX 970
Compute Capability: 5.2

Best: 100000  Loss: 0.273781 Regul: 0.010961 Obj: 0.284742 (0.284742)  NNZ: 3 (3)  Ttime: 1.3896 Vtime: 0.2128
Stat: nPR #16 (#24) Dim/MaxDim [128/640] AUC: 0.914591 FPR95: 60.86 [saved]
Best: 200000  Loss: 0.119267 Regul: 0.019647 Obj: 0.138914 (0.138914)  NNZ: 8 (8)  Ttime: 1.4299 Vtime: 0.0517
Stat: nPR #56 (#64) Dim/MaxDim [448/640] AUC: 0.964546 FPR95: 21.70 [saved]
Best: 300000  Loss: 0.099878 Regul: 0.011875 Obj: 0.111753 (0.111753)  NNZ: 6 (6)  Ttime: 1.3897 Vtime: 0.0520
Stat: nPR #40 (#48) Dim/MaxDim [320/640] AUC: 0.963358 FPR95: 21.86 [saved]
Step: 400000  Loss: 0.094005 Regul: 0.019553 Obj: 0.113558 (0.111753)  NNZ: 10 (6)  Ttime: 1.3856 Vtime: 0.0514
Step: 500000  Loss: 0.099024 Regul: 0.020301 Obj: 0.119325 (0.111753)  NNZ: 11 (6)  Ttime: 1.3856 Vtime: 0.0515
Best: 600000  Loss: 0.085803 Regul: 0.013977 Obj: 0.099780 (0.099780)  NNZ: 10 (10)  Ttime: 1.3854 Vtime: 0.0508
Stat: nPR #64 (#80) Dim/MaxDim [512/640] AUC: 0.969414 FPR95: 17.91 [saved]
Step: 700000  Loss: 0.119047 Regul: 0.014476 Obj: 0.133523 (0.099780)  NNZ: 8 (10)  Ttime: 1.3869 Vtime: 0.0509
Step: 800000  Loss: 0.189970 Regul: 0.029547 Obj: 0.219517 (0.099780)  NNZ: 14 (10)  Ttime: 1.3853 Vtime: 0.0515
Step: 900000  Loss: 0.179075 Regul: 0.042371 Obj: 0.221446 (0.099780)  NNZ: 19 (10)  Ttime: 1.3843 Vtime: 0.0514
Step: 1000000  Loss: 0.100498 Regul: 0.023076 Obj: 0.123574 (0.099780)  NNZ: 11 (10)  Ttime: 1.3918 Vtime: 0.0507
Step: 1100000  Loss: 0.137131 Regul: 0.015477 Obj: 0.152608 (0.099780)  NNZ: 7 (10)  Ttime: 1.3856 Vtime: 0.0523
Step: 1200000  Loss: 0.118074 Regul: 0.022808 Obj: 0.140883 (0.099780)  NNZ: 10 (10)  Ttime: 1.3889 Vtime: 0.0514
Best: 1300000  Loss: 0.072899 Regul: 0.010257 Obj: 0.083155 (0.083155)  NNZ: 9 (9)  Ttime: 1.3878 Vtime: 0.0521
Stat: nPR #68 (#72) Dim/MaxDim [544/640] AUC: 0.971917 FPR95: 15.37 [saved]
Step: 1400000  Loss: 0.107919 Regul: 0.018253 Obj: 0.126172 (0.083155)  NNZ: 9 (9)  Ttime: 1.3918 Vtime: 0.0509
Step: 1500000  Loss: 0.086393 Regul: 0.016526 Obj: 0.102918 (0.083155)  NNZ: 10 (9)  Ttime: 1.3876 Vtime: 0.0514
Step: 1600000  Loss: 0.110304 Regul: 0.022387 Obj: 0.132692 (0.083155)  NNZ: 9 (9)  Ttime: 1.3886 Vtime: 0.0517
Step: 1700000  Loss: 0.089083 Regul: 0.012299 Obj: 0.101383 (0.083155)  NNZ: 10 (9)  Ttime: 1.3879 Vtime: 0.0514
Step: 1800000  Loss: 0.081430 Regul: 0.014256 Obj: 0.095686 (0.083155)  NNZ: 10 (9)  Ttime: 1.3863 Vtime: 0.0516
Step: 1900000  Loss: 0.087752 Regul: 0.012632 Obj: 0.100384 (0.083155)  NNZ: 9 (9)  Ttime: 1.3880 Vtime: 0.0515
Step: 2000000  Loss: 0.092238 Regul: 0.012262 Obj: 0.104500 (0.083155)  NNZ: 11 (9)  Ttime: 1.3900 Vtime: 0.0519
Step: 2100000  Loss: 0.095958 Regul: 0.015924 Obj: 0.111883 (0.083155)  NNZ: 15 (9)  Ttime: 1.3876 Vtime: 0.0517
Step: 2200000  Loss: 0.083624 Regul: 0.011554 Obj: 0.095177 (0.083155)  NNZ: 9 (9)  Ttime: 1.3871 Vtime: 0.0514
Step: 2300000  Loss: 0.080612 Regul: 0.015184 Obj: 0.095797 (0.083155)  NNZ: 10 (9)  Ttime: 1.3848 Vtime: 0.0515
Step: 2400000  Loss: 0.077155 Regul: 0.011792 Obj: 0.088947 (0.083155)  NNZ: 9 (9)  Ttime: 1.3859 Vtime: 0.0513
Step: 2500000  Loss: 0.087096 Regul: 0.013448 Obj: 0.100544 (0.083155)  NNZ: 11 (9)  Ttime: 1.3873 Vtime: 0.0516
Step: 2600000  Loss: 0.073679 Regul: 0.010062 Obj: 0.083742 (0.083155)  NNZ: 10 (9)  Ttime: 1.3997 Vtime: 0.0511
Step: 2700000  Loss: 0.080214 Regul: 0.013705 Obj: 0.093919 (0.083155)  NNZ: 11 (9)  Ttime: 1.3852 Vtime: 0.0513
Step: 2800000  Loss: 0.105179 Regul: 0.014260 Obj: 0.119439 (0.083155)  NNZ: 12 (9)  Ttime: 1.3824 Vtime: 0.0517
Step: 2900000  Loss: 0.084533 Regul: 0.015501 Obj: 0.100034 (0.083155)  NNZ: 10 (9)  Ttime: 1.3875 Vtime: 0.0517
Step: 3000000  Loss: 0.142772 Regul: 0.011945 Obj: 0.154717 (0.083155)  NNZ: 9 (9)  Ttime: 1.3879 Vtime: 0.0511
Step: 3100000  Loss: 0.083457 Regul: 0.014268 Obj: 0.097726 (0.083155)  NNZ: 12 (9)  Ttime: 1.3867 Vtime: 0.0515
Step: 3200000  Loss: 0.088009 Regul: 0.013730 Obj: 0.101740 (0.083155)  NNZ: 14 (9)  Ttime: 1.4631 Vtime: 0.0518
Step: 3300000  Loss: 0.075206 Regul: 0.010757 Obj: 0.085962 (0.083155)  NNZ: 10 (9)  Ttime: 1.3963 Vtime: 0.0519
Step: 3400000  Loss: 0.079916 Regul: 0.009364 Obj: 0.089280 (0.083155)  NNZ: 10 (9)  Ttime: 1.3938 Vtime: 0.0515
Step: 3500000  Loss: 0.104258 Regul: 0.016980 Obj: 0.121238 (0.083155)  NNZ: 13 (9)  Ttime: 1.3938 Vtime: 0.0514
Step: 3600000  Loss: 0.094648 Regul: 0.009400 Obj: 0.104048 (0.083155)  NNZ: 10 (9)  Ttime: 1.4026 Vtime: 0.0517
Step: 3700000  Loss: 0.105319 Regul: 0.013468 Obj: 0.118787 (0.083155)  NNZ: 12 (9)  Ttime: 1.3944 Vtime: 0.0515
Step: 3800000  Loss: 0.090591 Regul: 0.019162 Obj: 0.109753 (0.083155)  NNZ: 12 (9)  Ttime: 1.3936 Vtime: 0.0518
Step: 3900000  Loss: 0.082209 Regul: 0.009364 Obj: 0.091573 (0.083155)  NNZ: 9 (9)  Ttime: 1.4001 Vtime: 0.0516
Step: 4000000  Loss: 0.114985 Regul: 0.006529 Obj: 0.121514 (0.083155)  NNZ: 8 (9)  Ttime: 1.3938 Vtime: 0.0512
Step: 4100000  Loss: 0.087916 Regul: 0.015592 Obj: 0.103508 (0.083155)  NNZ: 12 (9)  Ttime: 1.3966 Vtime: 0.0515
Step: 4200000  Loss: 0.101959 Regul: 0.014309 Obj: 0.116268 (0.083155)  NNZ: 13 (9)  Ttime: 1.3955 Vtime: 0.0517
Step: 4300000  Loss: 0.079194 Regul: 0.009660 Obj: 0.088854 (0.083155)  NNZ: 12 (9)  Ttime: 1.3933 Vtime: 0.0513
Step: 4400000  Loss: 0.090273 Regul: 0.009190 Obj: 0.099463 (0.083155)  NNZ: 13 (9)  Ttime: 1.3929 Vtime: 0.0508
Step: 4500000  Loss: 0.085979 Regul: 0.007438 Obj: 0.093417 (0.083155)  NNZ: 6 (9)  Ttime: 1.3959 Vtime: 0.0515
Step: 4600000  Loss: 0.075953 Regul: 0.011262 Obj: 0.087215 (0.083155)  NNZ: 10 (9)  Ttime: 1.3973 Vtime: 0.0510
Step: 4700000  Loss: 0.086185 Regul: 0.014438 Obj: 0.100623 (0.083155)  NNZ: 11 (9)  Ttime: 1.3954 Vtime: 0.0515
Step: 4800000  Loss: 0.091038 Regul: 0.010612 Obj: 0.101650 (0.083155)  NNZ: 9 (9)  Ttime: 1.4019 Vtime: 0.0520
Step: 4900000  Loss: 0.087611 Regul: 0.012971 Obj: 0.100582 (0.083155)  NNZ: 12 (9)  Ttime: 1.3971 Vtime: 0.0517
Step: 5000000  Loss: 0.106706 Regul: 0.010825 Obj: 0.117531 (0.083155)  NNZ: 9 (9)  Ttime: 1.4446 Vtime: 0.0514
Step: 5100000  Loss: 0.094984 Regul: 0.018359 Obj: 0.113343 (0.083155)  NNZ: 18 (9)  Ttime: 1.3893 Vtime: 0.0525
Step: 5200000  Loss: 0.086140 Regul: 0.008915 Obj: 0.095055 (0.083155)  NNZ: 10 (9)  Ttime: 1.3900 Vtime: 0.0507
Step: 5300000  Loss: 0.082095 Regul: 0.011317 Obj: 0.093411 (0.083155)  NNZ: 10 (9)  Ttime: 1.3916 Vtime: 0.0518
Step: 5400000  Loss: 0.096193 Regul: 0.015815 Obj: 0.112008 (0.083155)  NNZ: 10 (9)  Ttime: 1.3901 Vtime: 0.0508
Step: 5500000  Loss: 0.107967 Regul: 0.009196 Obj: 0.117162 (0.083155)  NNZ: 10 (9)  Ttime: 1.3873 Vtime: 0.0512
Step: 5600000  Loss: 0.121705 Regul: 0.015667 Obj: 0.137372 (0.083155)  NNZ: 11 (9)  Ttime: 1.3885 Vtime: 0.0523
Step: 5700000  Loss: 0.082405 Regul: 0.015044 Obj: 0.097449 (0.083155)  NNZ: 13 (9)  Ttime: 1.4002 Vtime: 0.0518
Step: 5800000  Loss: 0.087705 Regul: 0.017203 Obj: 0.104908 (0.083155)  NNZ: 14 (9)  Ttime: 1.3876 Vtime: 0.0517
Step: 5900000  Loss: 0.088457 Regul: 0.010964 Obj: 0.099421 (0.083155)  NNZ: 12 (9)  Ttime: 1.3885 Vtime: 0.0510
Step: 6000000  Loss: 0.082383 Regul: 0.010724 Obj: 0.093107 (0.083155)  NNZ: 10 (9)  Ttime: 1.3879 Vtime: 0.0517
Step: 6100000  Loss: 0.089494 Regul: 0.013927 Obj: 0.103422 (0.083155)  NNZ: 13 (9)  Ttime: 1.3874 Vtime: 0.0510
Step: 6200000  Loss: 0.075221 Regul: 0.011136 Obj: 0.086356 (0.083155)  NNZ: 9 (9)  Ttime: 1.3892 Vtime: 0.0513
Step: 6300000  Loss: 0.076434 Regul: 0.008798 Obj: 0.085232 (0.083155)  NNZ: 9 (9)  Ttime: 1.3903 Vtime: 0.0515
Step: 6400000  Loss: 0.074311 Regul: 0.010642 Obj: 0.084953 (0.083155)  NNZ: 11 (9)  Ttime: 1.3952 Vtime: 0.0519
Step: 6500000  Loss: 0.075913 Regul: 0.010390 Obj: 0.086303 (0.083155)  NNZ: 12 (9)  Ttime: 1.3869 Vtime: 0.0516
Step: 6600000  Loss: 0.081740 Regul: 0.012701 Obj: 0.094441 (0.083155)  NNZ: 12 (9)  Ttime: 1.3956 Vtime: 0.0524
Step: 6700000  Loss: 0.085658 Regul: 0.013977 Obj: 0.099635 (0.083155)  NNZ: 12 (9)  Ttime: 1.3887 Vtime: 0.0518
Step: 6800000  Loss: 0.082133 Regul: 0.011919 Obj: 0.094051 (0.083155)  NNZ: 11 (9)  Ttime: 1.3870 Vtime: 0.0515
Step: 6900000  Loss: 0.084344 Regul: 0.013229 Obj: 0.097573 (0.083155)  NNZ: 13 (9)  Ttime: 1.3893 Vtime: 0.0516
Step: 7000000  Loss: 0.077037 Regul: 0.013077 Obj: 0.090113 (0.083155)  NNZ: 13 (9)  Ttime: 1.3862 Vtime: 0.0511
Step: 7100000  Loss: 0.101356 Regul: 0.014869 Obj: 0.116224 (0.083155)  NNZ: 12 (9)  Ttime: 1.3890 Vtime: 0.0518
Step: 7200000  Loss: 0.082581 Regul: 0.011247 Obj: 0.093828 (0.083155)  NNZ: 14 (9)  Ttime: 1.3876 Vtime: 0.0513
Step: 7300000  Loss: 0.091850 Regul: 0.015227 Obj: 0.107077 (0.083155)  NNZ: 16 (9)  Ttime: 1.3879 Vtime: 0.0512
Step: 7400000  Loss: 0.078994 Regul: 0.010241 Obj: 0.089235 (0.083155)  NNZ: 15 (9)  Ttime: 1.3871 Vtime: 0.0509
Step: 7500000  Loss: 0.081020 Regul: 0.010168 Obj: 0.091189 (0.083155)  NNZ: 10 (9)  Ttime: 1.3893 Vtime: 0.0518
Step: 7600000  Loss: 0.078506 Regul: 0.012257 Obj: 0.090762 (0.083155)  NNZ: 13 (9)  Ttime: 1.3874 Vtime: 0.0507
Step: 7700000  Loss: 0.074451 Regul: 0.012427 Obj: 0.086878 (0.083155)  NNZ: 13 (9)  Ttime: 1.3880 Vtime: 0.0515
Step: 7800000  Loss: 0.095257 Regul: 0.015839 Obj: 0.111096 (0.083155)  NNZ: 18 (9)  Ttime: 1.3916 Vtime: 0.0514
Step: 7900000  Loss: 0.092186 Regul: 0.019740 Obj: 0.111927 (0.083155)  NNZ: 19 (9)  Ttime: 1.3873 Vtime: 0.0519
Step: 8000000  Loss: 0.084411 Regul: 0.010487 Obj: 0.094898 (0.083155)  NNZ: 13 (9)  Ttime: 1.3901 Vtime: 0.0522
Step: 8100000  Loss: 0.081989 Regul: 0.017400 Obj: 0.099390 (0.083155)  NNZ: 17 (9)  Ttime: 1.3876 Vtime: 0.0514
Step: 8200000  Loss: 0.085607 Regul: 0.012437 Obj: 0.098044 (0.083155)  NNZ: 10 (9)  Ttime: 1.3903 Vtime: 0.0509
Step: 8300000  Loss: 0.151002 Regul: 0.005717 Obj: 0.156719 (0.083155)  NNZ: 10 (9)  Ttime: 1.3881 Vtime: 0.0515
Step: 8400000  Loss: 0.076066 Regul: 0.013425 Obj: 0.089491 (0.083155)  NNZ: 14 (9)  Ttime: 1.3904 Vtime: 0.0525
Step: 8500000  Loss: 0.088532 Regul: 0.015737 Obj: 0.104269 (0.083155)  NNZ: 17 (9)  Ttime: 1.3874 Vtime: 0.0518
Step: 8600000  Loss: 0.084829 Regul: 0.012241 Obj: 0.097071 (0.083155)  NNZ: 11 (9)  Ttime: 1.3903 Vtime: 0.0519
Step: 8700000  Loss: 0.087580 Regul: 0.011385 Obj: 0.098965 (0.083155)  NNZ: 13 (9)  Ttime: 1.3935 Vtime: 0.0516
Step: 8800000  Loss: 0.088422 Regul: 0.012827 Obj: 0.101249 (0.083155)  NNZ: 16 (9)  Ttime: 1.3879 Vtime: 0.0519
Step: 8900000  Loss: 0.075769 Regul: 0.011578 Obj: 0.087347 (0.083155)  NNZ: 13 (9)  Ttime: 1.3958 Vtime: 0.0513
Step: 9000000  Loss: 0.092065 Regul: 0.012052 Obj: 0.104117 (0.083155)  NNZ: 13 (9)  Ttime: 1.3916 Vtime: 0.0516
Step: 9100000  Loss: 0.097437 Regul: 0.015242 Obj: 0.112679 (0.083155)  NNZ: 14 (9)  Ttime: 1.3918 Vtime: 0.0511
Step: 9200000  Loss: 0.078738 Regul: 0.010811 Obj: 0.089549 (0.083155)  NNZ: 12 (9)  Ttime: 1.3892 Vtime: 0.0519
Step: 9300000  Loss: 0.096342 Regul: 0.011288 Obj: 0.107630 (0.083155)  NNZ: 10 (9)  Ttime: 1.3923 Vtime: 0.0522
Step: 9400000  Loss: 0.074047 Regul: 0.009384 Obj: 0.083431 (0.083155)  NNZ: 10 (9)  Ttime: 1.3899 Vtime: 0.0521
Step: 9500000  Loss: 0.084781 Regul: 0.010429 Obj: 0.095210 (0.083155)  NNZ: 12 (9)  Ttime: 1.3919 Vtime: 0.0514
Step: 9600000  Loss: 0.084595 Regul: 0.014397 Obj: 0.098992 (0.083155)  NNZ: 17 (9)  Ttime: 1.3881 Vtime: 0.0511
Step: 9700000  Loss: 0.088454 Regul: 0.005079 Obj: 0.093533 (0.083155)  NNZ: 8 (9)  Ttime: 1.3920 Vtime: 0.0518
Step: 9800000  Loss: 0.076849 Regul: 0.009637 Obj: 0.086486 (0.083155)  NNZ: 10 (9)  Ttime: 1.3890 Vtime: 0.0527
Step: 9900000  Loss: 0.099732 Regul: 0.009537 Obj: 0.109268 (0.083155)  NNZ: 10 (9)  Ttime: 1.3876 Vtime: 0.0517
Step: 10000000  Loss: 0.084407 Regul: 0.009241 Obj: 0.093648 (0.083155)  NNZ: 10 (9)  Ttime: 1.3872 Vtime: 0.0509
Step: 10100000  Loss: 0.076008 Regul: 0.011024 Obj: 0.087032 (0.083155)  NNZ: 11 (9)  Ttime: 1.3908 Vtime: 0.0509
Step: 10200000  Loss: 0.073474 Regul: 0.010792 Obj: 0.084265 (0.083155)  NNZ: 11 (9)  Ttime: 1.3891 Vtime: 0.0513
Step: 10300000  Loss: 0.078458 Regul: 0.011824 Obj: 0.090282 (0.083155)  NNZ: 12 (9)  Ttime: 1.3880 Vtime: 0.0526
Step: 10400000  Loss: 0.087182 Regul: 0.006789 Obj: 0.093972 (0.083155)  NNZ: 8 (9)  Ttime: 1.3930 Vtime: 0.0521
Step: 10500000  Loss: 0.074748 Regul: 0.009483 Obj: 0.084232 (0.083155)  NNZ: 13 (9)  Ttime: 1.3887 Vtime: 0.0521
Step: 10600000  Loss: 0.086537 Regul: 0.009061 Obj: 0.095598 (0.083155)  NNZ: 8 (9)  Ttime: 1.3894 Vtime: 0.0516
Step: 10700000  Loss: 0.077738 Regul: 0.012028 Obj: 0.089766 (0.083155)  NNZ: 13 (9)  Ttime: 1.3885 Vtime: 0.0510
Step: 10800000  Loss: 0.080671 Regul: 0.009201 Obj: 0.089872 (0.083155)  NNZ: 12 (9)  Ttime: 1.3885 Vtime: 0.0516
Step: 10900000  Loss: 0.101451 Regul: 0.015125 Obj: 0.116576 (0.083155)  NNZ: 14 (9)  Ttime: 1.3887 Vtime: 0.0518
Step: 11000000  Loss: 0.079798 Regul: 0.011901 Obj: 0.091699 (0.083155)  NNZ: 10 (9)  Ttime: 1.3941 Vtime: 0.0519
Step: 11100000  Loss: 0.072275 Regul: 0.011224 Obj: 0.083498 (0.083155)  NNZ: 14 (9)  Ttime: 1.3889 Vtime: 0.0518
Step: 11200000  Loss: 0.078261 Regul: 0.010768 Obj: 0.089029 (0.083155)  NNZ: 14 (9)  Ttime: 1.3933 Vtime: 0.0513
Best: 11300000  Loss: 0.073535 Regul: 0.009168 Obj: 0.082704 (0.082704)  NNZ: 11 (11)  Ttime: 1.3869 Vtime: 0.0514
Stat: nPR #68 (#88) Dim/MaxDim [544/640] AUC: 0.971546 FPR95: 15.57 [saved]
Step: 11400000  Loss: 0.082464 Regul: 0.008035 Obj: 0.090498 (0.082704)  NNZ: 8 (11)  Ttime: 1.3893 Vtime: 0.0513
Step: 11500000  Loss: 0.084178 Regul: 0.009443 Obj: 0.093621 (0.082704)  NNZ: 12 (11)  Ttime: 1.3889 Vtime: 0.0521
Step: 11600000  Loss: 0.077496 Regul: 0.010116 Obj: 0.087612 (0.082704)  NNZ: 13 (11)  Ttime: 1.3878 Vtime: 0.0512
Step: 11700000  Loss: 0.083188 Regul: 0.016584 Obj: 0.099772 (0.082704)  NNZ: 18 (11)  Ttime: 1.3911 Vtime: 0.0518
Step: 11800000  Loss: 0.081879 Regul: 0.014417 Obj: 0.096296 (0.082704)  NNZ: 15 (11)  Ttime: 1.3868 Vtime: 0.0517
Step: 11900000  Loss: 0.071895 Regul: 0.011625 Obj: 0.083520 (0.082704)  NNZ: 14 (11)  Ttime: 1.3917 Vtime: 0.0511
Step: 12000000  Loss: 0.109917 Regul: 0.021929 Obj: 0.131847 (0.082704)  NNZ: 22 (11)  Ttime: 1.3891 Vtime: 0.0516
Step: 12100000  Loss: 0.091291 Regul: 0.014259 Obj: 0.105550 (0.082704)  NNZ: 15 (11)  Ttime: 1.3914 Vtime: 0.0516
Step: 12200000  Loss: 0.081994 Regul: 0.013840 Obj: 0.095835 (0.082704)  NNZ: 16 (11)  Ttime: 1.3875 Vtime: 0.0522
Step: 12300000  Loss: 0.078607 Regul: 0.012560 Obj: 0.091167 (0.082704)  NNZ: 16 (11)  Ttime: 1.4296 Vtime: 0.0508
Step: 12400000  Loss: 0.081355 Regul: 0.012590 Obj: 0.093946 (0.082704)  NNZ: 12 (11)  Ttime: 1.3985 Vtime: 0.0519
Step: 12500000  Loss: 0.073589 Regul: 0.011270 Obj: 0.084859 (0.082704)  NNZ: 15 (11)  Ttime: 1.3943 Vtime: 0.0516
Step: 12600000  Loss: 0.081431 Regul: 0.011823 Obj: 0.093254 (0.082704)  NNZ: 13 (11)  Ttime: 1.3933 Vtime: 0.0511
Step: 12700000  Loss: 0.081246 Regul: 0.015717 Obj: 0.096963 (0.082704)  NNZ: 19 (11)  Ttime: 1.3939 Vtime: 0.0509
Step: 12800000  Loss: 0.079018 Regul: 0.011239 Obj: 0.090257 (0.082704)  NNZ: 11 (11)  Ttime: 1.3947 Vtime: 0.0516
Step: 12900000  Loss: 0.084360 Regul: 0.012880 Obj: 0.097240 (0.082704)  NNZ: 14 (11)  Ttime: 1.3920 Vtime: 0.0515
Step: 13000000  Loss: 0.092681 Regul: 0.010298 Obj: 0.102980 (0.082704)  NNZ: 12 (11)  Ttime: 1.3985 Vtime: 0.0518
Step: 13100000  Loss: 0.077736 Regul: 0.011075 Obj: 0.088811 (0.082704)  NNZ: 13 (11)  Ttime: 1.3972 Vtime: 0.0517
Step: 13200000  Loss: 0.076455 Regul: 0.013524 Obj: 0.089979 (0.082704)  NNZ: 17 (11)  Ttime: 1.3958 Vtime: 0.0518
Best: 13300000  Loss: 0.071725 Regul: 0.008524 Obj: 0.080248 (0.080248)  NNZ: 13 (13)  Ttime: 1.3998 Vtime: 0.0517
Stat: nPR #84 (#104) Dim/MaxDim [672/640] AUC: 0.972218 FPR95: 15.10
Step: 13400000  Loss: 0.087356 Regul: 0.011400 Obj: 0.098756 (0.080248)  NNZ: 13 (13)  Ttime: 1.3972 Vtime: 0.0510
Step: 13500000  Loss: 0.080073 Regul: 0.010262 Obj: 0.090335 (0.080248)  NNZ: 13 (13)  Ttime: 1.3965 Vtime: 0.0508
Step: 13600000  Loss: 0.076746 Regul: 0.011636 Obj: 0.088382 (0.080248)  NNZ: 18 (13)  Ttime: 1.3968 Vtime: 0.0515
Step: 13700000  Loss: 0.076178 Regul: 0.011697 Obj: 0.087875 (0.080248)  NNZ: 13 (13)  Ttime: 1.3998 Vtime: 0.0517
Step: 13800000  Loss: 0.081577 Regul: 0.011661 Obj: 0.093238 (0.080248)  NNZ: 11 (13)  Ttime: 1.3965 Vtime: 0.0515
Step: 13900000  Loss: 0.073189 Regul: 0.011073 Obj: 0.084263 (0.080248)  NNZ: 13 (13)  Ttime: 1.3959 Vtime: 0.0513
Step: 14000000  Loss: 0.078905 Regul: 0.011586 Obj: 0.090491 (0.080248)  NNZ: 15 (13)  Ttime: 1.3965 Vtime: 0.0518
Step: 14100000  Loss: 0.079122 Regul: 0.011761 Obj: 0.090884 (0.080248)  NNZ: 10 (13)  Ttime: 1.4043 Vtime: 0.0515
Step: 14200000  Loss: 0.084148 Regul: 0.013490 Obj: 0.097638 (0.080248)  NNZ: 16 (13)  Ttime: 1.3929 Vtime: 0.0518
Step: 14300000  Loss: 0.075740 Regul: 0.011972 Obj: 0.087712 (0.080248)  NNZ: 13 (13)  Ttime: 1.3968 Vtime: 0.0518
Step: 14400000  Loss: 0.075180 Regul: 0.012674 Obj: 0.087854 (0.080248)  NNZ: 13 (13)  Ttime: 1.3955 Vtime: 0.0516
Step: 14500000  Loss: 0.073627 Regul: 0.011754 Obj: 0.085381 (0.080248)  NNZ: 14 (13)  Ttime: 1.3949 Vtime: 0.0507
Step: 14600000  Loss: 0.085890 Regul: 0.015207 Obj: 0.101097 (0.080248)  NNZ: 18 (13)  Ttime: 1.3955 Vtime: 0.0510
Step: 14700000  Loss: 0.075082 Regul: 0.010712 Obj: 0.085794 (0.080248)  NNZ: 17 (13)  Ttime: 1.3973 Vtime: 0.0519
Step: 14800000  Loss: 0.074316 Regul: 0.008315 Obj: 0.082631 (0.080248)  NNZ: 11 (13)  Ttime: 1.3986 Vtime: 0.0519
Step: 14900000  Loss: 0.080126 Regul: 0.014513 Obj: 0.094638 (0.080248)  NNZ: 14 (13)  Ttime: 1.3983 Vtime: 0.0514
Step: 15000000  Loss: 0.079973 Regul: 0.011417 Obj: 0.091390 (0.080248)  NNZ: 16 (13)  Ttime: 1.3945 Vtime: 0.0519
Step: 15100000  Loss: 0.081022 Regul: 0.013231 Obj: 0.094253 (0.080248)  NNZ: 16 (13)  Ttime: 1.3937 Vtime: 0.0512
Step: 15200000  Loss: 0.077576 Regul: 0.011514 Obj: 0.089090 (0.080248)  NNZ: 11 (13)  Ttime: 1.3938 Vtime: 0.0520
Step: 15300000  Loss: 0.081028 Regul: 0.010120 Obj: 0.091148 (0.080248)  NNZ: 15 (13)  Ttime: 1.3955 Vtime: 0.0512
Step: 15400000  Loss: 0.082462 Regul: 0.012936 Obj: 0.095398 (0.080248)  NNZ: 14 (13)  Ttime: 1.3932 Vtime: 0.0522
Step: 15500000  Loss: 0.075585 Regul: 0.013770 Obj: 0.089355 (0.080248)  NNZ: 24 (13)  Ttime: 1.3985 Vtime: 0.0513
Step: 15600000  Loss: 0.076517 Regul: 0.010951 Obj: 0.087469 (0.080248)  NNZ: 16 (13)  Ttime: 1.3958 Vtime: 0.0518
Step: 15700000  Loss: 0.076905 Regul: 0.010800 Obj: 0.087705 (0.080248)  NNZ: 13 (13)  Ttime: 1.3992 Vtime: 0.0525
Step: 15800000  Loss: 0.077351 Regul: 0.009624 Obj: 0.086975 (0.080248)  NNZ: 12 (13)  Ttime: 1.3981 Vtime: 0.0525
Step: 15900000  Loss: 0.076738 Regul: 0.010492 Obj: 0.087230 (0.080248)  NNZ: 11 (13)  Ttime: 1.4068 Vtime: 0.0512
Step: 16000000  Loss: 0.074535 Regul: 0.008307 Obj: 0.082842 (0.080248)  NNZ: 11 (13)  Ttime: 1.3951 Vtime: 0.0517
Step: 16100000  Loss: 0.108983 Regul: 0.017055 Obj: 0.126037 (0.080248)  NNZ: 17 (13)  Ttime: 1.4036 Vtime: 0.0516
Step: 16200000  Loss: 0.083730 Regul: 0.016269 Obj: 0.099999 (0.080248)  NNZ: 17 (13)  Ttime: 1.4010 Vtime: 0.0505
Step: 16300000  Loss: 0.078527 Regul: 0.014134 Obj: 0.092661 (0.080248)  NNZ: 16 (13)  Ttime: 1.3992 Vtime: 0.0524
Step: 16400000  Loss: 0.074482 Regul: 0.010704 Obj: 0.085186 (0.080248)  NNZ: 15 (13)  Ttime: 1.3973 Vtime: 0.0508
Step: 16500000  Loss: 0.082167 Regul: 0.014372 Obj: 0.096539 (0.080248)  NNZ: 14 (13)  Ttime: 1.3955 Vtime: 0.0515
Step: 16600000  Loss: 0.082702 Regul: 0.016272 Obj: 0.098974 (0.080248)  NNZ: 18 (13)  Ttime: 1.3963 Vtime: 0.0512
Step: 16700000  Loss: 0.077449 Regul: 0.009300 Obj: 0.086749 (0.080248)  NNZ: 8 (13)  Ttime: 1.3965 Vtime: 0.0517
Step: 16800000  Loss: 0.075811 Regul: 0.010643 Obj: 0.086454 (0.080248)  NNZ: 11 (13)  Ttime: 1.4026 Vtime: 0.0516
Step: 16900000  Loss: 0.075876 Regul: 0.013103 Obj: 0.088979 (0.080248)  NNZ: 12 (13)  Ttime: 1.3956 Vtime: 0.0512
Step: 17000000  Loss: 0.082138 Regul: 0.011066 Obj: 0.093204 (0.080248)  NNZ: 12 (13)  Ttime: 1.3955 Vtime: 0.0519
Step: 17100000  Loss: 0.075930 Regul: 0.009459 Obj: 0.085389 (0.080248)  NNZ: 11 (13)  Ttime: 1.3973 Vtime: 0.0516
Step: 17200000  Loss: 0.077049 Regul: 0.011099 Obj: 0.088148 (0.080248)  NNZ: 16 (13)  Ttime: 1.3932 Vtime: 0.0516
Step: 17300000  Loss: 0.088581 Regul: 0.012015 Obj: 0.100596 (0.080248)  NNZ: 17 (13)  Ttime: 1.3955 Vtime: 0.0513
Step: 17400000  Loss: 0.077665 Regul: 0.012560 Obj: 0.090224 (0.080248)  NNZ: 14 (13)  Ttime: 1.3969 Vtime: 0.0522
Step: 17500000  Loss: 0.079038 Regul: 0.010645 Obj: 0.089683 (0.080248)  NNZ: 18 (13)  Ttime: 1.3956 Vtime: 0.0515
Step: 17600000  Loss: 0.137069 Regul: 0.016534 Obj: 0.153604 (0.080248)  NNZ: 18 (13)  Ttime: 1.4005 Vtime: 0.0521
Step: 17700000  Loss: 0.072967 Regul: 0.008182 Obj: 0.081149 (0.080248)  NNZ: 10 (13)  Ttime: 1.3966 Vtime: 0.0512
Step: 17800000  Loss: 0.073143 Regul: 0.010474 Obj: 0.083617 (0.080248)  NNZ: 14 (13)  Ttime: 1.4028 Vtime: 0.0513
Step: 17900000  Loss: 0.083572 Regul: 0.015880 Obj: 0.099452 (0.080248)  NNZ: 17 (13)  Ttime: 1.3971 Vtime: 0.0514
Step: 18000000  Loss: 0.081774 Regul: 0.012904 Obj: 0.094678 (0.080248)  NNZ: 15 (13)  Ttime: 1.3976 Vtime: 0.0512
Step: 18100000  Loss: 0.075931 Regul: 0.012430 Obj: 0.088360 (0.080248)  NNZ: 19 (13)  Ttime: 1.3970 Vtime: 0.0512
Step: 18200000  Loss: 0.077892 Regul: 0.010524 Obj: 0.088416 (0.080248)  NNZ: 13 (13)  Ttime: 1.3962 Vtime: 0.0514
Step: 18300000  Loss: 0.080020 Regul: 0.011568 Obj: 0.091587 (0.080248)  NNZ: 15 (13)  Ttime: 1.3965 Vtime: 0.0515
Step: 18400000  Loss: 0.075710 Regul: 0.012616 Obj: 0.088326 (0.080248)  NNZ: 19 (13)  Ttime: 1.3980 Vtime: 0.0510
Step: 18500000  Loss: 0.087111 Regul: 0.004926 Obj: 0.092037 (0.080248)  NNZ: 8 (13)  Ttime: 1.3973 Vtime: 0.0511
Step: 18600000  Loss: 0.074120 Regul: 0.009499 Obj: 0.083619 (0.080248)  NNZ: 11 (13)  Ttime: 1.3955 Vtime: 0.0518
Step: 18700000  Loss: 0.081800 Regul: 0.015129 Obj: 0.096929 (0.080248)  NNZ: 16 (13)  Ttime: 1.3959 Vtime: 0.0518
Step: 18800000  Loss: 0.086804 Regul: 0.010158 Obj: 0.096962 (0.080248)  NNZ: 12 (13)  Ttime: 1.3955 Vtime: 0.0510
Step: 18900000  Loss: 0.086285 Regul: 0.010974 Obj: 0.097259 (0.080248)  NNZ: 13 (13)  Ttime: 1.3939 Vtime: 0.0515
Step: 19000000  Loss: 0.077601 Regul: 0.013530 Obj: 0.091131 (0.080248)  NNZ: 15 (13)  Ttime: 1.3963 Vtime: 0.0518
Step: 19100000  Loss: 0.077959 Regul: 0.013785 Obj: 0.091744 (0.080248)  NNZ: 18 (13)  Ttime: 1.3955 Vtime: 0.0513
Step: 19200000  Loss: 0.088227 Regul: 0.007520 Obj: 0.095747 (0.080248)  NNZ: 9 (13)  Ttime: 1.3925 Vtime: 0.0518
Step: 19300000  Loss: 0.074155 Regul: 0.008575 Obj: 0.082730 (0.080248)  NNZ: 12 (13)  Ttime: 1.4025 Vtime: 0.0511
Step: 19400000  Loss: 0.082942 Regul: 0.014493 Obj: 0.097435 (0.080248)  NNZ: 15 (13)  Ttime: 1.3938 Vtime: 0.0520
Step: 19500000  Loss: 0.075106 Regul: 0.010829 Obj: 0.085935 (0.080248)  NNZ: 11 (13)  Ttime: 1.3966 Vtime: 0.0511
Step: 19600000  Loss: 0.075151 Regul: 0.009486 Obj: 0.084637 (0.080248)  NNZ: 22 (13)  Ttime: 1.3957 Vtime: 0.0517
Step: 19700000  Loss: 0.079557 Regul: 0.012906 Obj: 0.092463 (0.080248)  NNZ: 14 (13)  Ttime: 1.4081 Vtime: 0.0513
Step: 19800000  Loss: 0.076004 Regul: 0.006502 Obj: 0.082505 (0.080248)  NNZ: 12 (13)  Ttime: 1.3993 Vtime: 0.0510
Step: 19900000  Loss: 0.074598 Regul: 0.009222 Obj: 0.083821 (0.080248)  NNZ: 12 (13)  Ttime: 1.3960 Vtime: 0.0519
Step: 20000000  Loss: 0.084096 Regul: 0.010713 Obj: 0.094809 (0.080248)  NNZ: 15 (13)  Ttime: 1.3961 Vtime: 0.0513
Step: 20100000  Loss: 0.086415 Regul: 0.008812 Obj: 0.095227 (0.080248)  NNZ: 13 (13)  Ttime: 1.3963 Vtime: 0.0512
Step: 20200000  Loss: 0.074048 Regul: 0.011911 Obj: 0.085959 (0.080248)  NNZ: 20 (13)  Ttime: 1.3960 Vtime: 0.0522
Step: 20300000  Loss: 0.101181 Regul: 0.011806 Obj: 0.112987 (0.080248)  NNZ: 20 (13)  Ttime: 1.3953 Vtime: 0.0517
Step: 20400000  Loss: 0.088882 Regul: 0.011079 Obj: 0.099961 (0.080248)  NNZ: 15 (13)  Ttime: 1.3956 Vtime: 0.0512
Step: 20500000  Loss: 0.078800 Regul: 0.011920 Obj: 0.090720 (0.080248)  NNZ: 11 (13)  Ttime: 1.3939 Vtime: 0.0516
Step: 20600000  Loss: 0.091490 Regul: 0.010507 Obj: 0.101997 (0.080248)  NNZ: 14 (13)  Ttime: 1.3962 Vtime: 0.0515
Step: 20700000  Loss: 0.083010 Regul: 0.010585 Obj: 0.093595 (0.080248)  NNZ: 15 (13)  Ttime: 1.3970 Vtime: 0.0510
Step: 20800000  Loss: 0.072318 Regul: 0.009993 Obj: 0.082311 (0.080248)  NNZ: 15 (13)  Ttime: 1.3948 Vtime: 0.0516
Step: 20900000  Loss: 0.087147 Regul: 0.007901 Obj: 0.095048 (0.080248)  NNZ: 11 (13)  Ttime: 1.4067 Vtime: 0.0524
Step: 21000000  Loss: 0.079240 Regul: 0.013216 Obj: 0.092455 (0.080248)  NNZ: 16 (13)  Ttime: 1.3894 Vtime: 0.0519
Step: 21100000  Loss: 0.072217 Regul: 0.010110 Obj: 0.082327 (0.080248)  NNZ: 15 (13)  Ttime: 1.3897 Vtime: 0.0521
Step: 21200000  Loss: 0.077411 Regul: 0.009555 Obj: 0.086966 (0.080248)  NNZ: 12 (13)  Ttime: 1.3914 Vtime: 0.0516
Step: 21300000  Loss: 0.074416 Regul: 0.010704 Obj: 0.085120 (0.080248)  NNZ: 13 (13)  Ttime: 1.3874 Vtime: 0.0514
Step: 21400000  Loss: 0.074737 Regul: 0.007513 Obj: 0.082250 (0.080248)  NNZ: 11 (13)  Ttime: 1.3898 Vtime: 0.0510
Step: 21500000  Loss: 0.073253 Regul: 0.010229 Obj: 0.083482 (0.080248)  NNZ: 12 (13)  Ttime: 1.3910 Vtime: 0.0516
Step: 21600000  Loss: 0.082748 Regul: 0.008266 Obj: 0.091014 (0.080248)  NNZ: 12 (13)  Ttime: 1.3905 Vtime: 0.0512
Step: 21700000  Loss: 0.074583 Regul: 0.011853 Obj: 0.086436 (0.080248)  NNZ: 14 (13)  Ttime: 1.3934 Vtime: 0.0513
Step: 21800000  Loss: 0.079594 Regul: 0.009384 Obj: 0.088978 (0.080248)  NNZ: 12 (13)  Ttime: 1.3890 Vtime: 0.0513
Step: 21900000  Loss: 0.078793 Regul: 0.010970 Obj: 0.089762 (0.080248)  NNZ: 11 (13)  Ttime: 1.3891 Vtime: 0.0517
Step: 22000000  Loss: 0.076552 Regul: 0.012144 Obj: 0.088696 (0.080248)  NNZ: 13 (13)  Ttime: 1.3905 Vtime: 0.0518
Step: 22100000  Loss: 0.076384 Regul: 0.009970 Obj: 0.086354 (0.080248)  NNZ: 13 (13)  Ttime: 1.3933 Vtime: 0.0518
Step: 22200000  Loss: 0.074833 Regul: 0.013165 Obj: 0.087999 (0.080248)  NNZ: 15 (13)  Ttime: 1.3915 Vtime: 0.0512
Step: 22300000  Loss: 0.096318 Regul: 0.005576 Obj: 0.101894 (0.080248)  NNZ: 12 (13)  Ttime: 1.3938 Vtime: 0.0516
Step: 22400000  Loss: 0.083532 Regul: 0.008977 Obj: 0.092509 (0.080248)  NNZ: 12 (13)  Ttime: 1.3880 Vtime: 0.0516
Step: 22500000  Loss: 0.078344 Regul: 0.008023 Obj: 0.086367 (0.080248)  NNZ: 12 (13)  Ttime: 1.3893 Vtime: 0.0510
Step: 22600000  Loss: 0.089674 Regul: 0.008327 Obj: 0.098001 (0.080248)  NNZ: 12 (13)  Ttime: 1.3902 Vtime: 0.0513
Step: 22700000  Loss: 0.076682 Regul: 0.010057 Obj: 0.086739 (0.080248)  NNZ: 17 (13)  Ttime: 1.3907 Vtime: 0.0517
Step: 22800000  Loss: 0.076343 Regul: 0.009967 Obj: 0.086310 (0.080248)  NNZ: 15 (13)  Ttime: 1.3893 Vtime: 0.0513
Step: 22900000  Loss: 0.076002 Regul: 0.007082 Obj: 0.083083 (0.080248)  NNZ: 10 (13)  Ttime: 1.3841 Vtime: 0.0516
Step: 23000000  Loss: 0.072537 Regul: 0.009564 Obj: 0.082101 (0.080248)  NNZ: 12 (13)  Ttime: 1.3924 Vtime: 0.0515
Step: 23100000  Loss: 0.076821 Regul: 0.009575 Obj: 0.086396 (0.080248)  NNZ: 12 (13)  Ttime: 1.3895 Vtime: 0.0517
Step: 23200000  Loss: 0.083996 Regul: 0.007013 Obj: 0.091009 (0.080248)  NNZ: 10 (13)  Ttime: 1.3900 Vtime: 0.0516
Step: 23300000  Loss: 0.084168 Regul: 0.008316 Obj: 0.092485 (0.080248)  NNZ: 10 (13)  Ttime: 1.3897 Vtime: 0.0513
Step: 23400000  Loss: 0.072428 Regul: 0.009720 Obj: 0.082148 (0.080248)  NNZ: 13 (13)  Ttime: 1.3901 Vtime: 0.0514
Step: 23500000  Loss: 0.085010 Regul: 0.006039 Obj: 0.091049 (0.080248)  NNZ: 8 (13)  Ttime: 1.3896 Vtime: 0.0514
Step: 23600000  Loss: 0.075902 Regul: 0.012073 Obj: 0.087975 (0.080248)  NNZ: 17 (13)  Ttime: 1.3899 Vtime: 0.0508
Step: 23700000  Loss: 0.072997 Regul: 0.007719 Obj: 0.080717 (0.080248)  NNZ: 11 (13)  Ttime: 1.3900 Vtime: 0.0525
Step: 23800000  Loss: 0.073496 Regul: 0.008957 Obj: 0.082453 (0.080248)  NNZ: 15 (13)  Ttime: 1.3913 Vtime: 0.0518
Step: 23900000  Loss: 0.078560 Regul: 0.010617 Obj: 0.089177 (0.080248)  NNZ: 20 (13)  Ttime: 1.3902 Vtime: 0.0526
Step: 24000000  Loss: 0.078016 Regul: 0.010443 Obj: 0.088459 (0.080248)  NNZ: 13 (13)  Ttime: 1.3932 Vtime: 0.0515
Step: 24100000  Loss: 0.077675 Regul: 0.013947 Obj: 0.091622 (0.080248)  NNZ: 18 (13)  Ttime: 1.3925 Vtime: 0.0519
Step: 24200000  Loss: 0.079462 Regul: 0.010805 Obj: 0.090266 (0.080248)  NNZ: 12 (13)  Ttime: 1.3919 Vtime: 0.0512
Step: 24300000  Loss: 0.102138 Regul: 0.007198 Obj: 0.109336 (0.080248)  NNZ: 10 (13)  Ttime: 1.4491 Vtime: 0.0518
Step: 24400000  Loss: 0.078625 Regul: 0.010625 Obj: 0.089249 (0.080248)  NNZ: 20 (13)  Ttime: 1.3986 Vtime: 0.0526
Step: 24500000  Loss: 0.074482 Regul: 0.010468 Obj: 0.084949 (0.080248)  NNZ: 13 (13)  Ttime: 1.4015 Vtime: 0.0515
Step: 24600000  Loss: 0.073757 Regul: 0.010207 Obj: 0.083963 (0.080248)  NNZ: 15 (13)  Ttime: 1.3951 Vtime: 0.0511
Step: 24700000  Loss: 0.077969 Regul: 0.007693 Obj: 0.085663 (0.080248)  NNZ: 14 (13)  Ttime: 1.3964 Vtime: 0.0509
Step: 24800000  Loss: 0.079530 Regul: 0.008713 Obj: 0.088243 (0.080248)  NNZ: 13 (13)  Ttime: 1.3957 Vtime: 0.0517
Step: 24900000  Loss: 0.078333 Regul: 0.010242 Obj: 0.088575 (0.080248)  NNZ: 13 (13)  Ttime: 1.4118 Vtime: 0.0516
Step: 25000000  Loss: 0.081954 Regul: 0.011440 Obj: 0.093394 (0.080248)  NNZ: 19 (13)  Ttime: 1.3957 Vtime: 0.0521
Step: 25100000  Loss: 0.076478 Regul: 0.008394 Obj: 0.084872 (0.080248)  NNZ: 18 (13)  Ttime: 1.3952 Vtime: 0.0522
Step: 25200000  Loss: 0.073811 Regul: 0.008406 Obj: 0.082217 (0.080248)  NNZ: 15 (13)  Ttime: 1.4001 Vtime: 0.0515
Step: 25300000  Loss: 0.081478 Regul: 0.010254 Obj: 0.091732 (0.080248)  NNZ: 13 (13)  Ttime: 1.4050 Vtime: 0.0511
Step: 25400000  Loss: 0.082731 Regul: 0.008458 Obj: 0.091189 (0.080248)  NNZ: 12 (13)  Ttime: 1.3970 Vtime: 0.0518
Step: 25500000  Loss: 0.083171 Regul: 0.008107 Obj: 0.091278 (0.080248)  NNZ: 11 (13)  Ttime: 1.3940 Vtime: 0.0523
Step: 25600000  Loss: 0.075216 Regul: 0.012309 Obj: 0.087525 (0.080248)  NNZ: 15 (13)  Ttime: 1.3972 Vtime: 0.0519
Step: 25700000  Loss: 0.075154 Regul: 0.008414 Obj: 0.083567 (0.080248)  NNZ: 10 (13)  Ttime: 1.3975 Vtime: 0.0518
Step: 25800000  Loss: 0.082376 Regul: 0.006873 Obj: 0.089249 (0.080248)  NNZ: 12 (13)  Ttime: 1.3967 Vtime: 0.0515
Step: 25900000  Loss: 0.075459 Regul: 0.011780 Obj: 0.087239 (0.080248)  NNZ: 18 (13)  Ttime: 1.3967 Vtime: 0.0515
Step: 26000000  Loss: 0.074078 Regul: 0.010619 Obj: 0.084697 (0.080248)  NNZ: 15 (13)  Ttime: 1.3959 Vtime: 0.0517
Step: 26100000  Loss: 0.072580 Regul: 0.009595 Obj: 0.082174 (0.080248)  NNZ: 16 (13)  Ttime: 1.3973 Vtime: 0.0514
Step: 26200000  Loss: 0.084627 Regul: 0.012450 Obj: 0.097077 (0.080248)  NNZ: 15 (13)  Ttime: 1.3936 Vtime: 0.0514
Step: 26300000  Loss: 0.077818 Regul: 0.009634 Obj: 0.087453 (0.080248)  NNZ: 11 (13)  Ttime: 1.3950 Vtime: 0.0515
Step: 26400000  Loss: 0.088944 Regul: 0.006059 Obj: 0.095004 (0.080248)  NNZ: 9 (13)  Ttime: 1.4349 Vtime: 0.0522
Step: 26500000  Loss: 0.072281 Regul: 0.009946 Obj: 0.082227 (0.080248)  NNZ: 13 (13)  Ttime: 1.4209 Vtime: 0.0510
Step: 26600000  Loss: 0.082027 Regul: 0.006537 Obj: 0.088564 (0.080248)  NNZ: 11 (13)  Ttime: 1.4291 Vtime: 0.0518
Best: 26700000  Loss: 0.071083 Regul: 0.008760 Obj: 0.079843 (0.079843)  NNZ: 11 (11)  Ttime: 1.4287 Vtime: 0.0510
Stat: nPR #76 (#88) Dim/MaxDim [608/640] AUC: 0.972497 FPR95: 14.86 [saved]
Step: 26800000  Loss: 0.084875 Regul: 0.014549 Obj: 0.099425 (0.079843)  NNZ: 18 (11)  Ttime: 1.5223 Vtime: 0.0516
Step: 26900000  Loss: 0.073836 Regul: 0.011031 Obj: 0.084866 (0.079843)  NNZ: 16 (11)  Ttime: 1.4407 Vtime: 0.0517
Step: 27000000  Loss: 0.080783 Regul: 0.008530 Obj: 0.089312 (0.079843)  NNZ: 11 (11)  Ttime: 1.4297 Vtime: 0.0519
Step: 27100000  Loss: 0.074146 Regul: 0.010085 Obj: 0.084231 (0.079843)  NNZ: 15 (11)  Ttime: 1.4384 Vtime: 0.0515
Step: 27200000  Loss: 0.081002 Regul: 0.013489 Obj: 0.094490 (0.079843)  NNZ: 14 (11)  Ttime: 1.4690 Vtime: 0.0532
Step: 27300000  Loss: 0.079104 Regul: 0.012657 Obj: 0.091761 (0.079843)  NNZ: 14 (11)  Ttime: 1.4887 Vtime: 0.0545
Step: 27400000  Loss: 0.080139 Regul: 0.011459 Obj: 0.091598 (0.079843)  NNZ: 14 (11)  Ttime: 1.4139 Vtime: 0.0524
Step: 27500000  Loss: 0.076686 Regul: 0.008087 Obj: 0.084773 (0.079843)  NNZ: 13 (11)  Ttime: 1.4041 Vtime: 0.0513
Step: 27600000  Loss: 0.077032 Regul: 0.012672 Obj: 0.089704 (0.079843)  NNZ: 19 (11)  Ttime: 1.4018 Vtime: 0.0515
Step: 27700000  Loss: 0.076794 Regul: 0.009589 Obj: 0.086382 (0.079843)  NNZ: 11 (11)  Ttime: 1.4237 Vtime: 0.0512
Step: 27800000  Loss: 0.075161 Regul: 0.009087 Obj: 0.084247 (0.079843)  NNZ: 12 (11)  Ttime: 1.4182 Vtime: 0.0515
Step: 27900000  Loss: 0.092350 Regul: 0.005827 Obj: 0.098177 (0.079843)  NNZ: 9 (11)  Ttime: 1.4341 Vtime: 0.0518
Step: 28000000  Loss: 0.075785 Regul: 0.009700 Obj: 0.085485 (0.079843)  NNZ: 15 (11)  Ttime: 1.4655 Vtime: 0.0550
Step: 28100000  Loss: 0.073151 Regul: 0.010060 Obj: 0.083211 (0.079843)  NNZ: 16 (11)  Ttime: 1.4826 Vtime: 0.0540
Step: 28200000  Loss: 0.075371 Regul: 0.009850 Obj: 0.085221 (0.079843)  NNZ: 15 (11)  Ttime: 1.4949 Vtime: 0.0509
Step: 28300000  Loss: 0.102405 Regul: 0.004773 Obj: 0.107178 (0.079843)  NNZ: 8 (11)  Ttime: 1.4286 Vtime: 0.0514
Step: 28400000  Loss: 0.083370 Regul: 0.007277 Obj: 0.090647 (0.079843)  NNZ: 10 (11)  Ttime: 1.4118 Vtime: 0.0512
Step: 28500000  Loss: 0.076394 Regul: 0.006747 Obj: 0.083141 (0.079843)  NNZ: 12 (11)  Ttime: 1.4189 Vtime: 0.0513
Step: 28600000  Loss: 0.076049 Regul: 0.008356 Obj: 0.084405 (0.079843)  NNZ: 8 (11)  Ttime: 1.4656 Vtime: 0.0509
Step: 28700000  Loss: 0.084811 Regul: 0.008846 Obj: 0.093657 (0.079843)  NNZ: 14 (11)  Ttime: 1.4664 Vtime: 0.0517
Step: 28800000  Loss: 0.078240 Regul: 0.009068 Obj: 0.087308 (0.079843)  NNZ: 17 (11)  Ttime: 1.4689 Vtime: 0.0514
Step: 28900000  Loss: 0.072412 Regul: 0.009724 Obj: 0.082137 (0.079843)  NNZ: 14 (11)  Ttime: 1.5082 Vtime: 0.0510
Step: 29000000  Loss: 0.077318 Regul: 0.009334 Obj: 0.086652 (0.079843)  NNZ: 15 (11)  Ttime: 1.4311 Vtime: 0.0538
Step: 29100000  Loss: 0.071961 Regul: 0.008180 Obj: 0.080141 (0.079843)  NNZ: 13 (11)  Ttime: 1.4423 Vtime: 0.0517
Step: 29200000  Loss: 0.081460 Regul: 0.013731 Obj: 0.095191 (0.079843)  NNZ: 18 (11)  Ttime: 1.4650 Vtime: 0.0523
Step: 29300000  Loss: 0.079603 Regul: 0.010422 Obj: 0.090025 (0.079843)  NNZ: 15 (11)  Ttime: 1.4654 Vtime: 0.0517
Step: 29400000  Loss: 0.075982 Regul: 0.010207 Obj: 0.086189 (0.079843)  NNZ: 18 (11)  Ttime: 1.4883 Vtime: 0.0519
Step: 29500000  Loss: 0.074501 Regul: 0.010751 Obj: 0.085253 (0.079843)  NNZ: 15 (11)  Ttime: 1.4429 Vtime: 0.0519
Step: 29600000  Loss: 0.083522 Regul: 0.006473 Obj: 0.089995 (0.079843)  NNZ: 12 (11)  Ttime: 1.4512 Vtime: 0.0521
Step: 29700000  Loss: 0.074841 Regul: 0.007932 Obj: 0.082772 (0.079843)  NNZ: 13 (11)  Ttime: 1.4470 Vtime: 0.0512
Step: 29800000  Loss: 0.078734 Regul: 0.010573 Obj: 0.089307 (0.079843)  NNZ: 13 (11)  Ttime: 1.4415 Vtime: 0.0514
Step: 29900000  Loss: 0.077188 Regul: 0.007942 Obj: 0.085130 (0.079843)  NNZ: 13 (11)  Ttime: 1.4321 Vtime: 0.0518
Step: 30000000  Loss: 0.080423 Regul: 0.011171 Obj: 0.091594 (0.079843)  NNZ: 14 (11)  Ttime: 1.4402 Vtime: 0.0513
Step: 30100000  Loss: 0.085738 Regul: 0.008844 Obj: 0.094582 (0.079843)  NNZ: 12 (11)  Ttime: 1.5168 Vtime: 0.0508
Step: 30200000  Loss: 0.079172 Regul: 0.007530 Obj: 0.086702 (0.079843)  NNZ: 10 (11)  Ttime: 1.4607 Vtime: 0.0514
Step: 30300000  Loss: 0.078095 Regul: 0.007263 Obj: 0.085359 (0.079843)  NNZ: 9 (11)  Ttime: 1.5140 Vtime: 0.0526
Step: 30400000  Loss: 0.091001 Regul: 0.009682 Obj: 0.100683 (0.079843)  NNZ: 12 (11)  Ttime: 1.4049 Vtime: 0.0514
Step: 30500000  Loss: 0.078860 Regul: 0.007396 Obj: 0.086256 (0.079843)  NNZ: 11 (11)  Ttime: 1.4085 Vtime: 0.0511
Step: 30600000  Loss: 0.087492 Regul: 0.006299 Obj: 0.093791 (0.079843)  NNZ: 10 (11)  Ttime: 1.4107 Vtime: 0.0520
Step: 30700000  Loss: 0.081782 Regul: 0.009177 Obj: 0.090958 (0.079843)  NNZ: 13 (11)  Ttime: 1.4100 Vtime: 0.0514
Step: 30800000  Loss: 0.087733 Regul: 0.006042 Obj: 0.093776 (0.079843)  NNZ: 13 (11)  Ttime: 1.5156 Vtime: 0.0522
Step: 30900000  Loss: 0.082695 Regul: 0.011124 Obj: 0.093819 (0.079843)  NNZ: 15 (11)  Ttime: 1.5003 Vtime: 0.0519
Step: 31000000  Loss: 0.071456 Regul: 0.009789 Obj: 0.081245 (0.079843)  NNZ: 14 (11)  Ttime: 1.4012 Vtime: 0.0522
Step: 31100000  Loss: 0.074924 Regul: 0.011449 Obj: 0.086372 (0.079843)  NNZ: 15 (11)  Ttime: 1.4607 Vtime: 0.0522
Step: 31200000  Loss: 0.076899 Regul: 0.008722 Obj: 0.085621 (0.079843)  NNZ: 13 (11)  Ttime: 1.4154 Vtime: 0.0517
Step: 31300000  Loss: 0.084386 Regul: 0.007759 Obj: 0.092145 (0.079843)  NNZ: 14 (11)  Ttime: 1.4603 Vtime: 0.0514
Step: 31400000  Loss: 0.074521 Regul: 0.009459 Obj: 0.083980 (0.079843)  NNZ: 12 (11)  Ttime: 1.4550 Vtime: 0.0516
Step: 31500000  Loss: 0.073406 Regul: 0.008855 Obj: 0.082260 (0.079843)  NNZ: 17 (11)  Ttime: 1.4436 Vtime: 0.0517
Step: 31600000  Loss: 0.076489 Regul: 0.007253 Obj: 0.083741 (0.079843)  NNZ: 10 (11)  Ttime: 1.4055 Vtime: 0.0518
Step: 31700000  Loss: 0.084098 Regul: 0.007431 Obj: 0.091529 (0.079843)  NNZ: 14 (11)  Ttime: 1.4423 Vtime: 0.0515
Step: 31800000  Loss: 0.072771 Regul: 0.010841 Obj: 0.083612 (0.079843)  NNZ: 15 (11)  Ttime: 1.4791 Vtime: 0.0510
Step: 31900000  Loss: 0.075651 Regul: 0.009680 Obj: 0.085331 (0.079843)  NNZ: 20 (11)  Ttime: 1.4093 Vtime: 0.0512
Step: 32000000  Loss: 0.078769 Regul: 0.008437 Obj: 0.087206 (0.079843)  NNZ: 12 (11)  Ttime: 1.4069 Vtime: 0.0525
Step: 32100000  Loss: 0.072669 Regul: 0.010287 Obj: 0.082957 (0.079843)  NNZ: 14 (11)  Ttime: 1.4043 Vtime: 0.0509
Step: 32200000  Loss: 0.093186 Regul: 0.008311 Obj: 0.101497 (0.079843)  NNZ: 11 (11)  Ttime: 1.4063 Vtime: 0.0509
Step: 32300000  Loss: 0.092730 Regul: 0.005350 Obj: 0.098079 (0.079843)  NNZ: 11 (11)  Ttime: 1.4078 Vtime: 0.0516
Step: 32400000  Loss: 0.080291 Regul: 0.012877 Obj: 0.093168 (0.079843)  NNZ: 18 (11)  Ttime: 1.4070 Vtime: 0.0518
Step: 32500000  Loss: 0.086053 Regul: 0.008447 Obj: 0.094500 (0.079843)  NNZ: 13 (11)  Ttime: 1.4110 Vtime: 0.0522
Step: 32600000  Loss: 0.076254 Regul: 0.007687 Obj: 0.083942 (0.079843)  NNZ: 12 (11)  Ttime: 1.4460 Vtime: 0.0521
Step: 32700000  Loss: 0.076489 Regul: 0.011281 Obj: 0.087770 (0.079843)  NNZ: 16 (11)  Ttime: 1.4407 Vtime: 0.0514
Step: 32800000  Loss: 0.075536 Regul: 0.010883 Obj: 0.086418 (0.079843)  NNZ: 11 (11)  Ttime: 1.4639 Vtime: 0.0526
Step: 32900000  Loss: 0.089099 Regul: 0.005756 Obj: 0.094854 (0.079843)  NNZ: 11 (11)  Ttime: 1.4677 Vtime: 0.0515
Step: 33000000  Loss: 0.083073 Regul: 0.006573 Obj: 0.089646 (0.079843)  NNZ: 12 (11)  Ttime: 1.4823 Vtime: 0.0518
Step: 33100000  Loss: 0.080647 Regul: 0.009224 Obj: 0.089871 (0.079843)  NNZ: 13 (11)  Ttime: 1.4520 Vtime: 0.0521
Step: 33200000  Loss: 0.077729 Regul: 0.008549 Obj: 0.086279 (0.079843)  NNZ: 12 (11)  Ttime: 1.4361 Vtime: 0.0515
Step: 33300000  Loss: 0.087731 Regul: 0.005177 Obj: 0.092908 (0.079843)  NNZ: 11 (11)  Ttime: 1.4103 Vtime: 0.0521
Step: 33400000  Loss: 0.076446 Regul: 0.009219 Obj: 0.085665 (0.079843)  NNZ: 15 (11)  Ttime: 1.4569 Vtime: 0.0508
Step: 33500000  Loss: 0.082370 Regul: 0.007005 Obj: 0.089375 (0.079843)  NNZ: 10 (11)  Ttime: 1.4083 Vtime: 0.0510
Step: 33600000  Loss: 0.081937 Regul: 0.013011 Obj: 0.094948 (0.079843)  NNZ: 14 (11)  Ttime: 1.4057 Vtime: 0.0519
Step: 33700000  Loss: 0.075879 Regul: 0.013579 Obj: 0.089458 (0.079843)  NNZ: 17 (11)  Ttime: 1.4128 Vtime: 0.0510
Step: 33800000  Loss: 0.078898 Regul: 0.014801 Obj: 0.093699 (0.079843)  NNZ: 18 (11)  Ttime: 1.3984 Vtime: 0.0525
Step: 33900000  Loss: 0.075878 Regul: 0.012952 Obj: 0.088830 (0.079843)  NNZ: 16 (11)  Ttime: 1.4082 Vtime: 0.0514
Step: 34000000  Loss: 0.079053 Regul: 0.012903 Obj: 0.091956 (0.079843)  NNZ: 12 (11)  Ttime: 1.3991 Vtime: 0.0509
Step: 34100000  Loss: 0.086528 Regul: 0.014124 Obj: 0.100652 (0.079843)  NNZ: 14 (11)  Ttime: 1.4005 Vtime: 0.0521
Step: 34200000  Loss: 0.076095 Regul: 0.011583 Obj: 0.087678 (0.079843)  NNZ: 16 (11)  Ttime: 1.4067 Vtime: 0.0517
Step: 34300000  Loss: 0.080628 Regul: 0.010962 Obj: 0.091590 (0.079843)  NNZ: 15 (11)  Ttime: 1.4038 Vtime: 0.0513
Step: 34400000  Loss: 0.074263 Regul: 0.012134 Obj: 0.086396 (0.079843)  NNZ: 19 (11)  Ttime: 1.3972 Vtime: 0.0507
Step: 34500000  Loss: 0.072986 Regul: 0.009456 Obj: 0.082442 (0.079843)  NNZ: 19 (11)  Ttime: 1.4069 Vtime: 0.0516
Step: 34600000  Loss: 0.075722 Regul: 0.008331 Obj: 0.084053 (0.079843)  NNZ: 13 (11)  Ttime: 1.4611 Vtime: 0.0514
Step: 34700000  Loss: 0.088537 Regul: 0.012209 Obj: 0.100745 (0.079843)  NNZ: 17 (11)  Ttime: 1.4115 Vtime: 0.0517
Step: 34800000  Loss: 0.075740 Regul: 0.012755 Obj: 0.088495 (0.079843)  NNZ: 15 (11)  Ttime: 1.4045 Vtime: 0.0508
Step: 34900000  Loss: 0.074606 Regul: 0.010547 Obj: 0.085153 (0.079843)  NNZ: 16 (11)  Ttime: 1.4074 Vtime: 0.0526
Step: 35000000  Loss: 0.075635 Regul: 0.011095 Obj: 0.086729 (0.079843)  NNZ: 16 (11)  Ttime: 1.4440 Vtime: 0.0519
Step: 35100000  Loss: 0.072244 Regul: 0.011389 Obj: 0.083633 (0.079843)  NNZ: 19 (11)  Ttime: 1.4113 Vtime: 0.0519
Step: 35200000  Loss: 0.076291 Regul: 0.012567 Obj: 0.088858 (0.079843)  NNZ: 17 (11)  Ttime: 1.4122 Vtime: 0.0510
Step: 35300000  Loss: 0.074616 Regul: 0.011363 Obj: 0.085979 (0.079843)  NNZ: 14 (11)  Ttime: 1.4626 Vtime: 0.0521
Step: 35400000  Loss: 0.081229 Regul: 0.013045 Obj: 0.094274 (0.079843)  NNZ: 19 (11)  Ttime: 1.4283 Vtime: 0.0514
Step: 35500000  Loss: 0.077246 Regul: 0.013550 Obj: 0.090796 (0.079843)  NNZ: 17 (11)  Ttime: 1.4691 Vtime: 0.0549
Step: 35600000  Loss: 0.085368 Regul: 0.011736 Obj: 0.097104 (0.079843)  NNZ: 14 (11)  Ttime: 1.4624 Vtime: 0.0511
Step: 35700000  Loss: 0.073280 Regul: 0.013197 Obj: 0.086477 (0.079843)  NNZ: 15 (11)  Ttime: 1.4549 Vtime: 0.0513
Step: 35800000  Loss: 0.080785 Regul: 0.011777 Obj: 0.092561 (0.079843)  NNZ: 16 (11)  Ttime: 1.4057 Vtime: 0.0516
Step: 35900000  Loss: 0.080258 Regul: 0.010793 Obj: 0.091050 (0.079843)  NNZ: 14 (11)  Ttime: 1.4147 Vtime: 0.0510
Step: 36000000  Loss: 0.081082 Regul: 0.015157 Obj: 0.096239 (0.079843)  NNZ: 17 (11)  Ttime: 1.4069 Vtime: 0.0521
Step: 36100000  Loss: 0.080651 Regul: 0.008456 Obj: 0.089107 (0.079843)  NNZ: 16 (11)  Ttime: 1.4250 Vtime: 0.0516
Step: 36200000  Loss: 0.074152 Regul: 0.012769 Obj: 0.086920 (0.079843)  NNZ: 15 (11)  Ttime: 1.4260 Vtime: 0.0511
Step: 36300000  Loss: 0.079444 Regul: 0.012474 Obj: 0.091918 (0.079843)  NNZ: 14 (11)  Ttime: 1.4335 Vtime: 0.0515
Step: 36400000  Loss: 0.076417 Regul: 0.012068 Obj: 0.088485 (0.079843)  NNZ: 17 (11)  Ttime: 1.4825 Vtime: 0.0517
Step: 36500000  Loss: 0.072480 Regul: 0.007776 Obj: 0.080255 (0.079843)  NNZ: 13 (11)  Ttime: 1.4703 Vtime: 0.0508
Step: 36600000  Loss: 0.076680 Regul: 0.015048 Obj: 0.091728 (0.079843)  NNZ: 16 (11)  Ttime: 1.4930 Vtime: 0.0520
Step: 36700000  Loss: 0.075365 Regul: 0.011070 Obj: 0.086435 (0.079843)  NNZ: 15 (11)  Ttime: 1.4552 Vtime: 0.0513
Step: 36800000  Loss: 0.082225 Regul: 0.014606 Obj: 0.096830 (0.079843)  NNZ: 13 (11)  Ttime: 1.4369 Vtime: 0.0523
Step: 36900000  Loss: 0.077031 Regul: 0.014680 Obj: 0.091712 (0.079843)  NNZ: 18 (11)  Ttime: 1.5298 Vtime: 0.0526
Step: 37000000  Loss: 0.072143 Regul: 0.009265 Obj: 0.081408 (0.079843)  NNZ: 14 (11)  Ttime: 1.4224 Vtime: 0.0512
Step: 37100000  Loss: 0.073511 Regul: 0.013312 Obj: 0.086823 (0.079843)  NNZ: 19 (11)  Ttime: 1.3994 Vtime: 0.0511
Step: 37200000  Loss: 0.078153 Regul: 0.013585 Obj: 0.091738 (0.079843)  NNZ: 13 (11)  Ttime: 1.4536 Vtime: 0.0518
Step: 37300000  Loss: 0.075687 Regul: 0.012891 Obj: 0.088578 (0.079843)  NNZ: 14 (11)  Ttime: 1.4048 Vtime: 0.0524
Step: 37400000  Loss: 0.087581 Regul: 0.012437 Obj: 0.100018 (0.079843)  NNZ: 13 (11)  Ttime: 1.4252 Vtime: 0.0515
Step: 37500000  Loss: 0.073025 Regul: 0.012314 Obj: 0.085339 (0.079843)  NNZ: 15 (11)  Ttime: 1.4310 Vtime: 0.0518
Step: 37600000  Loss: 0.076036 Regul: 0.014240 Obj: 0.090275 (0.079843)  NNZ: 18 (11)  Ttime: 1.4066 Vtime: 0.0517
Step: 37700000  Loss: 0.078807 Regul: 0.012488 Obj: 0.091295 (0.079843)  NNZ: 16 (11)  Ttime: 1.4114 Vtime: 0.0521
Step: 37800000  Loss: 0.085483 Regul: 0.019943 Obj: 0.105427 (0.079843)  NNZ: 23 (11)  Ttime: 1.3962 Vtime: 0.0516
Step: 37900000  Loss: 0.073161 Regul: 0.009894 Obj: 0.083055 (0.079843)  NNZ: 17 (11)  Ttime: 1.4163 Vtime: 0.0514
Step: 38000000  Loss: 0.079048 Regul: 0.012299 Obj: 0.091347 (0.079843)  NNZ: 22 (11)  Ttime: 1.4342 Vtime: 0.0518
Step: 38100000  Loss: 0.081500 Regul: 0.015253 Obj: 0.096752 (0.079843)  NNZ: 17 (11)  Ttime: 1.4349 Vtime: 0.0540
Step: 38200000  Loss: 0.101588 Regul: 0.006677 Obj: 0.108265 (0.079843)  NNZ: 10 (11)  Ttime: 1.4661 Vtime: 0.0517
Step: 38300000  Loss: 0.076745 Regul: 0.014371 Obj: 0.091116 (0.079843)  NNZ: 17 (11)  Ttime: 1.4222 Vtime: 0.0519
Step: 38400000  Loss: 0.072367 Regul: 0.009367 Obj: 0.081734 (0.079843)  NNZ: 16 (11)  Ttime: 1.4348 Vtime: 0.0512
Step: 38500000  Loss: 0.076101 Regul: 0.014169 Obj: 0.090270 (0.079843)  NNZ: 18 (11)  Ttime: 1.4168 Vtime: 0.0512
Step: 38600000  Loss: 0.079823 Regul: 0.014279 Obj: 0.094102 (0.079843)  NNZ: 15 (11)  Ttime: 1.4068 Vtime: 0.0520
Step: 38700000  Loss: 0.078506 Regul: 0.011916 Obj: 0.090422 (0.079843)  NNZ: 20 (11)  Ttime: 1.4122 Vtime: 0.0521
Step: 38800000  Loss: 0.072488 Regul: 0.011382 Obj: 0.083869 (0.079843)  NNZ: 16 (11)  Ttime: 1.4275 Vtime: 0.0522
Step: 38900000  Loss: 0.073655 Regul: 0.012401 Obj: 0.086056 (0.079843)  NNZ: 17 (11)  Ttime: 1.4878 Vtime: 0.0555
Step: 39000000  Loss: 0.076743 Regul: 0.014018 Obj: 0.090761 (0.079843)  NNZ: 20 (11)  Ttime: 1.4451 Vtime: 0.0533
Step: 39100000  Loss: 0.077223 Regul: 0.011732 Obj: 0.088955 (0.079843)  NNZ: 14 (11)  Ttime: 1.4961 Vtime: 0.0530
Step: 39200000  Loss: 0.074797 Regul: 0.013033 Obj: 0.087829 (0.079843)  NNZ: 17 (11)  Ttime: 1.4362 Vtime: 0.0513
Step: 39300000  Loss: 0.073638 Regul: 0.013281 Obj: 0.086919 (0.079843)  NNZ: 17 (11)  Ttime: 1.4936 Vtime: 0.0525
Step: 39400000  Loss: 0.078270 Regul: 0.006372 Obj: 0.084642 (0.079843)  NNZ: 13 (11)  Ttime: 1.4579 Vtime: 0.0528
Step: 39500000  Loss: 0.075609 Regul: 0.013333 Obj: 0.088942 (0.079843)  NNZ: 18 (11)  Ttime: 1.5013 Vtime: 0.0530
Step: 39600000  Loss: 0.076485 Regul: 0.010298 Obj: 0.086783 (0.079843)  NNZ: 13 (11)  Ttime: 1.4437 Vtime: 0.0526
Step: 39700000  Loss: 0.072285 Regul: 0.011081 Obj: 0.083366 (0.079843)  NNZ: 17 (11)  Ttime: 1.4859 Vtime: 0.0531
Step: 39800000  Loss: 0.073492 Regul: 0.011183 Obj: 0.084676 (0.079843)  NNZ: 19 (11)  Ttime: 1.4986 Vtime: 0.0528
Step: 39900000  Loss: 0.078577 Regul: 0.011696 Obj: 0.090272 (0.079843)  NNZ: 14 (11)  Ttime: 1.4824 Vtime: 0.0535
Step: 40000000  Loss: 0.090700 Regul: 0.016356 Obj: 0.107056 (0.079843)  NNZ: 19 (11)  Ttime: 1.5207 Vtime: 0.0519
Step: 40100000  Loss: 0.077881 Regul: 0.015929 Obj: 0.093810 (0.079843)  NNZ: 19 (11)  Ttime: 1.4627 Vtime: 0.0514
Step: 40200000  Loss: 0.077233 Regul: 0.011688 Obj: 0.088922 (0.079843)  NNZ: 16 (11)  Ttime: 1.4746 Vtime: 0.0534
Step: 40300000  Loss: 0.075135 Regul: 0.009717 Obj: 0.084851 (0.079843)  NNZ: 13 (11)  Ttime: 1.5266 Vtime: 0.0552
Step: 40400000  Loss: 0.080155 Regul: 0.015816 Obj: 0.095971 (0.079843)  NNZ: 21 (11)  Ttime: 1.4892 Vtime: 0.0516
Step: 40500000  Loss: 0.078070 Regul: 0.009058 Obj: 0.087127 (0.079843)  NNZ: 14 (11)  Ttime: 1.5013 Vtime: 0.0540
Step: 40600000  Loss: 0.081865 Regul: 0.008066 Obj: 0.089931 (0.079843)  NNZ: 12 (11)  Ttime: 1.4905 Vtime: 0.0523
Step: 40700000  Loss: 0.083645 Regul: 0.008533 Obj: 0.092177 (0.079843)  NNZ: 16 (11)  Ttime: 1.4623 Vtime: 0.0525
Step: 40800000  Loss: 0.085905 Regul: 0.019049 Obj: 0.104954 (0.079843)  NNZ: 20 (11)  Ttime: 1.4839 Vtime: 0.0518
Step: 40900000  Loss: 0.074066 Regul: 0.013165 Obj: 0.087231 (0.079843)  NNZ: 16 (11)  Ttime: 1.4561 Vtime: 0.0522
Step: 41000000  Loss: 0.073811 Regul: 0.011436 Obj: 0.085247 (0.079843)  NNZ: 13 (11)  Ttime: 1.3974 Vtime: 0.0512
Step: 41100000  Loss: 0.072864 Regul: 0.009740 Obj: 0.082604 (0.079843)  NNZ: 13 (11)  Ttime: 1.4506 Vtime: 0.0514
Step: 41200000  Loss: 0.097655 Regul: 0.018541 Obj: 0.116196 (0.079843)  NNZ: 18 (11)  Ttime: 1.4645 Vtime: 0.0520
Step: 41300000  Loss: 0.079561 Regul: 0.012964 Obj: 0.092525 (0.079843)  NNZ: 17 (11)  Ttime: 1.4657 Vtime: 0.0521
Step: 41400000  Loss: 0.080316 Regul: 0.009761 Obj: 0.090077 (0.079843)  NNZ: 14 (11)  Ttime: 1.4728 Vtime: 0.0518
Step: 41500000  Loss: 0.073794 Regul: 0.008275 Obj: 0.082069 (0.079843)  NNZ: 15 (11)  Ttime: 1.4742 Vtime: 0.0530
Step: 41600000  Loss: 0.075220 Regul: 0.013501 Obj: 0.088721 (0.079843)  NNZ: 18 (11)  Ttime: 1.4617 Vtime: 0.0536
Step: 41700000  Loss: 0.076886 Regul: 0.013396 Obj: 0.090282 (0.079843)  NNZ: 18 (11)  Ttime: 1.5063 Vtime: 0.0523
Step: 41800000  Loss: 0.079956 Regul: 0.013123 Obj: 0.093079 (0.079843)  NNZ: 12 (11)  Ttime: 1.4905 Vtime: 0.0525
Step: 41900000  Loss: 0.079530 Regul: 0.009875 Obj: 0.089406 (0.079843)  NNZ: 13 (11)  Ttime: 1.4457 Vtime: 0.0512
Step: 42000000  Loss: 0.074050 Regul: 0.008038 Obj: 0.082088 (0.079843)  NNZ: 11 (11)  Ttime: 1.4536 Vtime: 0.0526
Step: 42100000  Loss: 0.075206 Regul: 0.008257 Obj: 0.083462 (0.079843)  NNZ: 16 (11)  Ttime: 1.5036 Vtime: 0.0519
Step: 42200000  Loss: 0.081755 Regul: 0.012285 Obj: 0.094040 (0.079843)  NNZ: 17 (11)  Ttime: 1.5056 Vtime: 0.0512
Step: 42300000  Loss: 0.075639 Regul: 0.013336 Obj: 0.088975 (0.079843)  NNZ: 17 (11)  Ttime: 1.4574 Vtime: 0.0562
Step: 42400000  Loss: 0.079921 Regul: 0.011053 Obj: 0.090974 (0.079843)  NNZ: 16 (11)  Ttime: 1.5012 Vtime: 0.0518
Step: 42500000  Loss: 0.075694 Regul: 0.007404 Obj: 0.083098 (0.079843)  NNZ: 11 (11)  Ttime: 1.4443 Vtime: 0.0523
Step: 42600000  Loss: 0.075690 Regul: 0.011630 Obj: 0.087320 (0.079843)  NNZ: 15 (11)  Ttime: 1.4212 Vtime: 0.0519
Step: 42700000  Loss: 0.078713 Regul: 0.012605 Obj: 0.091319 (0.079843)  NNZ: 13 (11)  Ttime: 1.4855 Vtime: 0.0509
Step: 42800000  Loss: 0.084264 Regul: 0.012158 Obj: 0.096422 (0.079843)  NNZ: 18 (11)  Ttime: 1.4554 Vtime: 0.0512
Step: 42900000  Loss: 0.075669 Regul: 0.012320 Obj: 0.087989 (0.079843)  NNZ: 19 (11)  Ttime: 1.4603 Vtime: 0.0527
Step: 43000000  Loss: 0.079778 Regul: 0.013925 Obj: 0.093703 (0.079843)  NNZ: 19 (11)  Ttime: 1.4557 Vtime: 0.0533
Step: 43100000  Loss: 0.079781 Regul: 0.013771 Obj: 0.093552 (0.079843)  NNZ: 16 (11)  Ttime: 1.4532 Vtime: 0.0520
Step: 43200000  Loss: 0.081986 Regul: 0.011165 Obj: 0.093151 (0.079843)  NNZ: 17 (11)  Ttime: 1.4989 Vtime: 0.0527
Step: 43300000  Loss: 0.080947 Regul: 0.015427 Obj: 0.096373 (0.079843)  NNZ: 19 (11)  Ttime: 1.4563 Vtime: 0.0517
Step: 43400000  Loss: 0.082167 Regul: 0.015997 Obj: 0.098164 (0.079843)  NNZ: 20 (11)  Ttime: 1.4067 Vtime: 0.0517
Step: 43500000  Loss: 0.074387 Regul: 0.013075 Obj: 0.087463 (0.079843)  NNZ: 17 (11)  Ttime: 1.4030 Vtime: 0.0521
Step: 43600000  Loss: 0.077992 Regul: 0.014639 Obj: 0.092631 (0.079843)  NNZ: 18 (11)  Ttime: 1.4019 Vtime: 0.0511
Step: 43700000  Loss: 0.079626 Regul: 0.012450 Obj: 0.092075 (0.079843)  NNZ: 16 (11)  Ttime: 1.4226 Vtime: 0.0527
Step: 43800000  Loss: 0.083836 Regul: 0.011574 Obj: 0.095410 (0.079843)  NNZ: 14 (11)  Ttime: 1.4070 Vtime: 0.0516
Step: 43900000  Loss: 0.077138 Regul: 0.015260 Obj: 0.092399 (0.079843)  NNZ: 18 (11)  Ttime: 1.4566 Vtime: 0.0520
Step: 44000000  Loss: 0.073381 Regul: 0.011655 Obj: 0.085036 (0.079843)  NNZ: 14 (11)  Ttime: 1.4122 Vtime: 0.0512
Step: 44100000  Loss: 0.080085 Regul: 0.013510 Obj: 0.093596 (0.079843)  NNZ: 16 (11)  Ttime: 1.4126 Vtime: 0.0515
Step: 44200000  Loss: 0.078337 Regul: 0.009819 Obj: 0.088156 (0.079843)  NNZ: 14 (11)  Ttime: 1.4112 Vtime: 0.0519
Step: 44300000  Loss: 0.084598 Regul: 0.013438 Obj: 0.098036 (0.079843)  NNZ: 18 (11)  Ttime: 1.4234 Vtime: 0.0514
Step: 44400000  Loss: 0.076696 Regul: 0.011780 Obj: 0.088476 (0.079843)  NNZ: 18 (11)  Ttime: 1.4142 Vtime: 0.0518
Step: 44500000  Loss: 0.079080 Regul: 0.012659 Obj: 0.091739 (0.079843)  NNZ: 17 (11)  Ttime: 1.4048 Vtime: 0.0515
Step: 44600000  Loss: 0.074281 Regul: 0.012567 Obj: 0.086849 (0.079843)  NNZ: 18 (11)  Ttime: 1.4097 Vtime: 0.0517
Step: 44700000  Loss: 0.072756 Regul: 0.012744 Obj: 0.085501 (0.079843)  NNZ: 16 (11)  Ttime: 1.4064 Vtime: 0.0518
Step: 44800000  Loss: 0.076405 Regul: 0.011223 Obj: 0.087627 (0.079843)  NNZ: 18 (11)  Ttime: 1.4150 Vtime: 0.0517
Step: 44900000  Loss: 0.090892 Regul: 0.017270 Obj: 0.108161 (0.079843)  NNZ: 19 (11)  Ttime: 1.4077 Vtime: 0.0511
Step: 45000000  Loss: 0.077829 Regul: 0.013348 Obj: 0.091178 (0.079843)  NNZ: 14 (11)  Ttime: 1.4091 Vtime: 0.0523
Step: 45100000  Loss: 0.076667 Regul: 0.011905 Obj: 0.088572 (0.079843)  NNZ: 20 (11)  Ttime: 1.4089 Vtime: 0.0516
Step: 45200000  Loss: 0.075133 Regul: 0.011067 Obj: 0.086200 (0.079843)  NNZ: 17 (11)  Ttime: 1.4618 Vtime: 0.0515
Step: 45300000  Loss: 0.078407 Regul: 0.011115 Obj: 0.089521 (0.079843)  NNZ: 17 (11)  Ttime: 1.4047 Vtime: 0.0514
Step: 45400000  Loss: 0.076526 Regul: 0.015674 Obj: 0.092200 (0.079843)  NNZ: 18 (11)  Ttime: 1.4016 Vtime: 0.0522
Step: 45500000  Loss: 0.077899 Regul: 0.010257 Obj: 0.088156 (0.079843)  NNZ: 13 (11)  Ttime: 1.4041 Vtime: 0.0521
Step: 45600000  Loss: 0.073995 Regul: 0.013361 Obj: 0.087356 (0.079843)  NNZ: 20 (11)  Ttime: 1.4044 Vtime: 0.0519
Step: 45700000  Loss: 0.077844 Regul: 0.013301 Obj: 0.091145 (0.079843)  NNZ: 15 (11)  Ttime: 1.4017 Vtime: 0.0514
Step: 45800000  Loss: 0.079232 Regul: 0.012506 Obj: 0.091738 (0.079843)  NNZ: 22 (11)  Ttime: 1.3994 Vtime: 0.0513
Step: 45900000  Loss: 0.079116 Regul: 0.007373 Obj: 0.086489 (0.079843)  NNZ: 15 (11)  Ttime: 1.4565 Vtime: 0.0523
Step: 46000000  Loss: 0.073134 Regul: 0.009233 Obj: 0.082367 (0.079843)  NNZ: 15 (11)  Ttime: 1.3981 Vtime: 0.0513
Step: 46100000  Loss: 0.081220 Regul: 0.013669 Obj: 0.094889 (0.079843)  NNZ: 19 (11)  Ttime: 1.4089 Vtime: 0.0511
Step: 46200000  Loss: 0.077447 Regul: 0.013153 Obj: 0.090600 (0.079843)  NNZ: 16 (11)  Ttime: 1.4613 Vtime: 0.0513
Step: 46300000  Loss: 0.073217 Regul: 0.012111 Obj: 0.085328 (0.079843)  NNZ: 18 (11)  Ttime: 1.4099 Vtime: 0.0519
Step: 46400000  Loss: 0.072572 Regul: 0.010284 Obj: 0.082856 (0.079843)  NNZ: 15 (11)  Ttime: 1.4461 Vtime: 0.0516
Step: 46500000  Loss: 0.075659 Regul: 0.008696 Obj: 0.084355 (0.079843)  NNZ: 14 (11)  Ttime: 1.4021 Vtime: 0.0529
Step: 46600000  Loss: 0.075621 Regul: 0.010159 Obj: 0.085780 (0.079843)  NNZ: 13 (11)  Ttime: 1.4013 Vtime: 0.0513
Step: 46700000  Loss: 0.083367 Regul: 0.014120 Obj: 0.097488 (0.079843)  NNZ: 18 (11)  Ttime: 1.3988 Vtime: 0.0517
Step: 46800000  Loss: 0.084063 Regul: 0.016676 Obj: 0.100739 (0.079843)  NNZ: 19 (11)  Ttime: 1.4071 Vtime: 0.0516
Step: 46900000  Loss: 0.073709 Regul: 0.011517 Obj: 0.085226 (0.079843)  NNZ: 15 (11)  Ttime: 1.4053 Vtime: 0.0512
Step: 47000000  Loss: 0.071407 Regul: 0.010402 Obj: 0.081809 (0.079843)  NNZ: 14 (11)  Ttime: 1.4587 Vtime: 0.0517
Step: 47100000  Loss: 0.076604 Regul: 0.013440 Obj: 0.090044 (0.079843)  NNZ: 15 (11)  Ttime: 1.4117 Vtime: 0.0520
Step: 47200000  Loss: 0.074990 Regul: 0.013556 Obj: 0.088546 (0.079843)  NNZ: 17 (11)  Ttime: 1.4093 Vtime: 0.0517
Step: 47300000  Loss: 0.073394 Regul: 0.009334 Obj: 0.082728 (0.079843)  NNZ: 16 (11)  Ttime: 1.4618 Vtime: 0.0520
Step: 47400000  Loss: 0.073623 Regul: 0.012335 Obj: 0.085959 (0.079843)  NNZ: 17 (11)  Ttime: 1.4017 Vtime: 0.0512
Step: 47500000  Loss: 0.073905 Regul: 0.009203 Obj: 0.083107 (0.079843)  NNZ: 15 (11)  Ttime: 1.4529 Vtime: 0.0520
Step: 47600000  Loss: 0.082984 Regul: 0.010901 Obj: 0.093884 (0.079843)  NNZ: 15 (11)  Ttime: 1.4791 Vtime: 0.0514
Step: 47700000  Loss: 0.075963 Regul: 0.012547 Obj: 0.088510 (0.079843)  NNZ: 18 (11)  Ttime: 1.4562 Vtime: 0.0515
Step: 47800000  Loss: 0.073783 Regul: 0.009239 Obj: 0.083022 (0.079843)  NNZ: 13 (11)  Ttime: 1.4197 Vtime: 0.0530
Step: 47900000  Loss: 0.075323 Regul: 0.011780 Obj: 0.087103 (0.079843)  NNZ: 16 (11)  Ttime: 1.4211 Vtime: 0.0517
Step: 48000000  Loss: 0.071780 Regul: 0.009636 Obj: 0.081416 (0.079843)  NNZ: 13 (11)  Ttime: 1.4185 Vtime: 0.0512
Step: 48100000  Loss: 0.081574 Regul: 0.014423 Obj: 0.095996 (0.079843)  NNZ: 18 (11)  Ttime: 1.4082 Vtime: 0.0517
Step: 48200000  Loss: 0.088395 Regul: 0.020084 Obj: 0.108478 (0.079843)  NNZ: 21 (11)  Ttime: 1.4073 Vtime: 0.0522
Step: 48300000  Loss: 0.081254 Regul: 0.014325 Obj: 0.095579 (0.079843)  NNZ: 17 (11)  Ttime: 1.4117 Vtime: 0.0520
Step: 48400000  Loss: 0.075151 Regul: 0.011317 Obj: 0.086468 (0.079843)  NNZ: 16 (11)  Ttime: 1.4357 Vtime: 0.0536
Step: 48500000  Loss: 0.080798 Regul: 0.015840 Obj: 0.096638 (0.079843)  NNZ: 20 (11)  Ttime: 1.4159 Vtime: 0.0514
Step: 48600000  Loss: 0.084084 Regul: 0.010840 Obj: 0.094924 (0.079843)  NNZ: 17 (11)  Ttime: 1.4060 Vtime: 0.0523
Step: 48700000  Loss: 0.080864 Regul: 0.017821 Obj: 0.098685 (0.079843)  NNZ: 20 (11)  Ttime: 1.4689 Vtime: 0.0524
Step: 48800000  Loss: 0.071238 Regul: 0.010011 Obj: 0.081249 (0.079843)  NNZ: 16 (11)  Ttime: 1.4017 Vtime: 0.0510
Step: 48900000  Loss: 0.081004 Regul: 0.015079 Obj: 0.096082 (0.079843)  NNZ: 21 (11)  Ttime: 1.4068 Vtime: 0.0517
Step: 49000000  Loss: 0.081096 Regul: 0.010632 Obj: 0.091729 (0.079843)  NNZ: 14 (11)  Ttime: 1.3994 Vtime: 0.0515
Step: 49100000  Loss: 0.082783 Regul: 0.015135 Obj: 0.097918 (0.079843)  NNZ: 19 (11)  Ttime: 1.4042 Vtime: 0.0543
Step: 49200000  Loss: 0.075382 Regul: 0.011415 Obj: 0.086797 (0.079843)  NNZ: 16 (11)  Ttime: 1.4016 Vtime: 0.0523
Step: 49300000  Loss: 0.075213 Regul: 0.010382 Obj: 0.085595 (0.079843)  NNZ: 15 (11)  Ttime: 1.4007 Vtime: 0.0516
Step: 49400000  Loss: 0.080216 Regul: 0.015155 Obj: 0.095371 (0.079843)  NNZ: 18 (11)  Ttime: 1.4080 Vtime: 0.0513
Step: 49500000  Loss: 0.072973 Regul: 0.011882 Obj: 0.084855 (0.079843)  NNZ: 16 (11)  Ttime: 1.4040 Vtime: 0.0519
Step: 49600000  Loss: 0.075744 Regul: 0.013889 Obj: 0.089632 (0.079843)  NNZ: 18 (11)  Ttime: 1.4051 Vtime: 0.0510
Step: 49700000  Loss: 0.076053 Regul: 0.010825 Obj: 0.086878 (0.079843)  NNZ: 19 (11)  Ttime: 1.3998 Vtime: 0.0512
Step: 49800000  Loss: 0.082183 Regul: 0.015082 Obj: 0.097265 (0.079843)  NNZ: 19 (11)  Ttime: 1.4028 Vtime: 0.0523
Step: 49900000  Loss: 0.076700 Regul: 0.015327 Obj: 0.092028 (0.079843)  NNZ: 18 (11)  Ttime: 1.3980 Vtime: 0.0519
Step: 50000000  Loss: 0.072236 Regul: 0.011447 Obj: 0.083683 (0.079843)  NNZ: 16 (11)  Ttime: 1.4038 Vtime: 0.0515
