mu: 0.025 gamma: 0.005 nIters: 50000000
Load PRParams.
Load RingParams.
Load Labels: 500000
Load Distances: 500000 x 5120
0...10...20...30...40...50...60...70...80...90...100 - done.
Positive samples #250000
Negative samples #250000
Positive train #200000
Negative train #200000
Positive valid #50000
Negative valid #50000

Found GPU: GeForce GTX 970
Compute Capability: 5.2

Best: 100000  Loss: 4.643208 Regul: 0.928958 Obj: 5.572165 (5.572165)  NNZ: 7 (7)  Ttime: 1.3924 Vtime: 0.2115
Stat: nPR #36 (#56) Dim/MaxDim [288/640] AUC: 0.957210 FPR95: 28.57 [saved]
Best: 200000  Loss: 2.004286 Regul: 0.501941 Obj: 2.506227 (2.506227)  NNZ: 8 (8)  Ttime: 1.3979 Vtime: 0.0513
Stat: nPR #52 (#64) Dim/MaxDim [416/640] AUC: 0.962569 FPR95: 23.43 [saved]
Best: 300000  Loss: 0.385446 Regul: 0.107385 Obj: 0.492832 (0.492832)  NNZ: 5 (5)  Ttime: 1.3962 Vtime: 0.0513
Stat: nPR #32 (#40) Dim/MaxDim [256/640] AUC: 0.968244 FPR95: 18.50 [saved]
Step: 400000  Loss: 0.945375 Regul: 0.251465 Obj: 1.196840 (0.492832)  NNZ: 7 (5)  Ttime: 1.4031 Vtime: 0.0512
Step: 500000  Loss: 0.667987 Regul: 0.139026 Obj: 0.807013 (0.492832)  NNZ: 5 (5)  Ttime: 1.3940 Vtime: 0.0512
Step: 600000  Loss: 0.431565 Regul: 0.090979 Obj: 0.522544 (0.492832)  NNZ: 3 (5)  Ttime: 1.3940 Vtime: 0.0513
Step: 700000  Loss: 1.015124 Regul: 0.210095 Obj: 1.225219 (0.492832)  NNZ: 3 (5)  Ttime: 1.3966 Vtime: 0.0513
Step: 800000  Loss: 1.132855 Regul: 0.361133 Obj: 1.493988 (0.492832)  NNZ: 8 (5)  Ttime: 1.3985 Vtime: 0.0520
Step: 900000  Loss: 1.448062 Regul: 0.354907 Obj: 1.802969 (0.492832)  NNZ: 7 (5)  Ttime: 1.3870 Vtime: 0.0514
Step: 1000000  Loss: 1.026871 Regul: 0.310022 Obj: 1.336893 (0.492832)  NNZ: 10 (5)  Ttime: 1.3958 Vtime: 0.0509
Step: 1100000  Loss: 0.655970 Regul: 0.110291 Obj: 0.766261 (0.492832)  NNZ: 5 (5)  Ttime: 1.4009 Vtime: 0.0516
Step: 1200000  Loss: 0.667905 Regul: 0.126331 Obj: 0.794236 (0.492832)  NNZ: 6 (5)  Ttime: 1.3943 Vtime: 0.0513
Step: 1300000  Loss: 0.435296 Regul: 0.103882 Obj: 0.539177 (0.492832)  NNZ: 5 (5)  Ttime: 1.3945 Vtime: 0.0516
Step: 1400000  Loss: 0.763430 Regul: 0.198181 Obj: 0.961611 (0.492832)  NNZ: 5 (5)  Ttime: 1.3993 Vtime: 0.0516
Step: 1500000  Loss: 0.492131 Regul: 0.124292 Obj: 0.616423 (0.492832)  NNZ: 4 (5)  Ttime: 1.3946 Vtime: 0.0515
Step: 1600000  Loss: 1.619432 Regul: 0.348645 Obj: 1.968077 (0.492832)  NNZ: 8 (5)  Ttime: 1.4001 Vtime: 0.0521
Step: 1700000  Loss: 0.615300 Regul: 0.108752 Obj: 0.724053 (0.492832)  NNZ: 5 (5)  Ttime: 1.3981 Vtime: 0.0516
Step: 1800000  Loss: 0.550885 Regul: 0.149280 Obj: 0.700165 (0.492832)  NNZ: 5 (5)  Ttime: 1.3931 Vtime: 0.0514
Best: 1900000  Loss: 0.264617 Regul: 0.038757 Obj: 0.303375 (0.303375)  NNZ: 2 (2)  Ttime: 1.3978 Vtime: 0.0520
Stat: nPR #12 (#16) Dim/MaxDim [96/640] AUC: 0.955847 FPR95: 27.38 [saved]
Step: 2000000  Loss: 0.870058 Regul: 0.266577 Obj: 1.136635 (0.303375)  NNZ: 9 (2)  Ttime: 1.3995 Vtime: 0.0507
Step: 2100000  Loss: 0.341989 Regul: 0.067371 Obj: 0.409360 (0.303375)  NNZ: 8 (2)  Ttime: 1.3946 Vtime: 0.0507
Step: 2200000  Loss: 0.345997 Regul: 0.040417 Obj: 0.386415 (0.303375)  NNZ: 5 (2)  Ttime: 1.3963 Vtime: 0.0508
Step: 2300000  Loss: 1.092897 Regul: 0.365613 Obj: 1.458509 (0.303375)  NNZ: 8 (2)  Ttime: 1.3944 Vtime: 0.0516
Step: 2400000  Loss: 0.290934 Regul: 0.081860 Obj: 0.372794 (0.303375)  NNZ: 5 (2)  Ttime: 1.3937 Vtime: 0.0506
Step: 2500000  Loss: 0.544594 Regul: 0.110632 Obj: 0.655226 (0.303375)  NNZ: 4 (2)  Ttime: 1.3957 Vtime: 0.0516
Step: 2600000  Loss: 0.412436 Regul: 0.078931 Obj: 0.491366 (0.303375)  NNZ: 5 (2)  Ttime: 1.3938 Vtime: 0.0518
Step: 2700000  Loss: 0.659485 Regul: 0.212598 Obj: 0.872083 (0.303375)  NNZ: 10 (2)  Ttime: 1.3931 Vtime: 0.0510
Step: 2800000  Loss: 0.310636 Regul: 0.082251 Obj: 0.392887 (0.303375)  NNZ: 3 (2)  Ttime: 1.3987 Vtime: 0.0518
Step: 2900000  Loss: 0.310093 Regul: 0.068970 Obj: 0.379063 (0.303375)  NNZ: 2 (2)  Ttime: 1.3980 Vtime: 0.0518
Step: 3000000  Loss: 0.357316 Regul: 0.026611 Obj: 0.383927 (0.303375)  NNZ: 3 (2)  Ttime: 1.3966 Vtime: 0.0511
Best: 3100000  Loss: 0.150518 Regul: 0.031396 Obj: 0.181914 (0.181914)  NNZ: 6 (6)  Ttime: 1.3926 Vtime: 0.0518
Stat: nPR #40 (#48) Dim/MaxDim [320/640] AUC: 0.966801 FPR95: 19.40 [saved]
Step: 3200000  Loss: 0.254735 Regul: 0.063086 Obj: 0.317821 (0.181914)  NNZ: 3 (6)  Ttime: 1.3999 Vtime: 0.0516
Step: 3300000  Loss: 0.615802 Regul: 0.125830 Obj: 0.741632 (0.181914)  NNZ: 7 (6)  Ttime: 1.3924 Vtime: 0.0520
Best: 3400000  Loss: 0.134217 Regul: 0.028223 Obj: 0.162440 (0.162440)  NNZ: 4 (4)  Ttime: 1.3970 Vtime: 0.0512
Stat: nPR #28 (#32) Dim/MaxDim [224/640] AUC: 0.967136 FPR95: 19.15 [saved]
Step: 3500000  Loss: 2.843194 Regul: 0.227368 Obj: 3.070562 (0.162440)  NNZ: 8 (4)  Ttime: 1.3973 Vtime: 0.0513
Step: 3600000  Loss: 0.472309 Regul: 0.135498 Obj: 0.607807 (0.162440)  NNZ: 7 (4)  Ttime: 1.3957 Vtime: 0.0514
Step: 3700000  Loss: 0.665410 Regul: 0.184570 Obj: 0.849980 (0.162440)  NNZ: 9 (4)  Ttime: 1.3921 Vtime: 0.0516
Step: 3800000  Loss: 1.184870 Regul: 0.143311 Obj: 1.328180 (0.162440)  NNZ: 8 (4)  Ttime: 1.3978 Vtime: 0.0523
Step: 3900000  Loss: 0.392822 Regul: 0.098682 Obj: 0.491504 (0.162440)  NNZ: 6 (4)  Ttime: 1.3949 Vtime: 0.0511
Step: 4000000  Loss: 0.737937 Regul: 0.036572 Obj: 0.774509 (0.162440)  NNZ: 3 (4)  Ttime: 1.3950 Vtime: 0.0514
Step: 4100000  Loss: 0.564126 Regul: 0.159741 Obj: 0.723868 (0.162440)  NNZ: 8 (4)  Ttime: 1.3935 Vtime: 0.0515
Step: 4200000  Loss: 0.407933 Regul: 0.097900 Obj: 0.505833 (0.162440)  NNZ: 6 (4)  Ttime: 1.3942 Vtime: 0.0508
Step: 4300000  Loss: 0.565566 Regul: 0.123779 Obj: 0.689345 (0.162440)  NNZ: 6 (4)  Ttime: 1.4027 Vtime: 0.0516
Step: 4400000  Loss: 0.287811 Regul: 0.080029 Obj: 0.367841 (0.162440)  NNZ: 6 (4)  Ttime: 1.4017 Vtime: 0.0516
Step: 4500000  Loss: 0.215397 Regul: 0.027954 Obj: 0.243351 (0.162440)  NNZ: 3 (4)  Ttime: 1.3969 Vtime: 0.0524
Step: 4600000  Loss: 0.437478 Regul: 0.082983 Obj: 0.520462 (0.162440)  NNZ: 7 (4)  Ttime: 1.4031 Vtime: 0.0514
Step: 4700000  Loss: 0.505965 Regul: 0.135937 Obj: 0.641903 (0.162440)  NNZ: 9 (4)  Ttime: 1.4065 Vtime: 0.0517
Step: 4800000  Loss: 0.259086 Regul: 0.052686 Obj: 0.311772 (0.162440)  NNZ: 3 (4)  Ttime: 1.4004 Vtime: 0.0517
Step: 4900000  Loss: 0.430859 Regul: 0.126392 Obj: 0.557250 (0.162440)  NNZ: 7 (4)  Ttime: 1.3981 Vtime: 0.0516
Step: 5000000  Loss: 0.393779 Regul: 0.113086 Obj: 0.506865 (0.162440)  NNZ: 6 (4)  Ttime: 1.3966 Vtime: 0.0517
Step: 5100000  Loss: 0.409576 Regul: 0.074487 Obj: 0.484063 (0.162440)  NNZ: 9 (4)  Ttime: 1.3980 Vtime: 0.0513
Best: 5200000  Loss: 0.131501 Regul: 0.025342 Obj: 0.156843 (0.156843)  NNZ: 4 (4)  Ttime: 1.3947 Vtime: 0.0512
Stat: nPR #24 (#32) Dim/MaxDim [192/640] AUC: 0.966077 FPR95: 19.90 [saved]
Step: 5300000  Loss: 0.138591 Regul: 0.020947 Obj: 0.159538 (0.156843)  NNZ: 2 (4)  Ttime: 1.3953 Vtime: 0.0511
Step: 5400000  Loss: 0.762067 Regul: 0.196777 Obj: 0.958844 (0.156843)  NNZ: 10 (4)  Ttime: 1.3969 Vtime: 0.0526
Step: 5500000  Loss: 0.507317 Regul: 0.091772 Obj: 0.599090 (0.156843)  NNZ: 5 (4)  Ttime: 1.3971 Vtime: 0.0516
Step: 5600000  Loss: 1.674889 Regul: 0.264404 Obj: 1.939293 (0.156843)  NNZ: 12 (4)  Ttime: 1.3982 Vtime: 0.0512
Step: 5700000  Loss: 0.390716 Regul: 0.127588 Obj: 0.518304 (0.156843)  NNZ: 9 (4)  Ttime: 1.3943 Vtime: 0.0515
Step: 5800000  Loss: 0.741307 Regul: 0.196265 Obj: 0.937571 (0.156843)  NNZ: 8 (4)  Ttime: 1.3952 Vtime: 0.0523
Step: 5900000  Loss: 0.280827 Regul: 0.082227 Obj: 0.363053 (0.156843)  NNZ: 6 (4)  Ttime: 1.3919 Vtime: 0.0515
Best: 6000000  Loss: 0.109606 Regul: 0.011865 Obj: 0.121471 (0.121471)  NNZ: 3 (3)  Ttime: 1.3946 Vtime: 0.0519
Stat: nPR #24 (#24) Dim/MaxDim [192/640] AUC: 0.960395 FPR95: 23.74 [saved]
Step: 6100000  Loss: 0.230762 Regul: 0.028784 Obj: 0.259546 (0.121471)  NNZ: 4 (3)  Ttime: 1.3957 Vtime: 0.0513
Step: 6200000  Loss: 0.186767 Regul: 0.041357 Obj: 0.228125 (0.121471)  NNZ: 4 (3)  Ttime: 1.3945 Vtime: 0.0510
Step: 6300000  Loss: 0.157978 Regul: 0.003394 Obj: 0.161371 (0.121471)  NNZ: 1 (3)  Ttime: 1.3945 Vtime: 0.0519
Step: 6400000  Loss: 0.190375 Regul: 0.041309 Obj: 0.231683 (0.121471)  NNZ: 5 (3)  Ttime: 1.3952 Vtime: 0.0515
Step: 6500000  Loss: 0.554452 Regul: 0.090503 Obj: 0.644955 (0.121471)  NNZ: 9 (3)  Ttime: 1.3940 Vtime: 0.0515
Step: 6600000  Loss: 0.461393 Regul: 0.139966 Obj: 0.601359 (0.121471)  NNZ: 8 (3)  Ttime: 1.4003 Vtime: 0.0514
Step: 6700000  Loss: 0.369328 Regul: 0.062231 Obj: 0.431559 (0.121471)  NNZ: 5 (3)  Ttime: 1.4024 Vtime: 0.0519
Step: 6800000  Loss: 0.172970 Regul: 0.032959 Obj: 0.205929 (0.121471)  NNZ: 5 (3)  Ttime: 1.3981 Vtime: 0.0519
Step: 6900000  Loss: 0.240679 Regul: 0.043799 Obj: 0.284478 (0.121471)  NNZ: 5 (3)  Ttime: 1.3980 Vtime: 0.0506
Step: 7000000  Loss: 0.217658 Regul: 0.054248 Obj: 0.271906 (0.121471)  NNZ: 5 (3)  Ttime: 1.3994 Vtime: 0.0517
Step: 7100000  Loss: 0.334754 Regul: 0.076709 Obj: 0.411463 (0.121471)  NNZ: 8 (3)  Ttime: 1.3972 Vtime: 0.0516
Step: 7200000  Loss: 0.239853 Regul: 0.048315 Obj: 0.288168 (0.121471)  NNZ: 5 (3)  Ttime: 1.4024 Vtime: 0.0516
Step: 7300000  Loss: 0.383298 Regul: 0.084399 Obj: 0.467698 (0.121471)  NNZ: 5 (3)  Ttime: 1.3984 Vtime: 0.0515
Step: 7400000  Loss: 0.258981 Regul: 0.060718 Obj: 0.319699 (0.121471)  NNZ: 5 (3)  Ttime: 1.3973 Vtime: 0.0522
Step: 7500000  Loss: 0.535350 Regul: 0.030469 Obj: 0.565818 (0.121471)  NNZ: 4 (3)  Ttime: 1.4092 Vtime: 0.0516
Step: 7600000  Loss: 0.611342 Regul: 0.157910 Obj: 0.769252 (0.121471)  NNZ: 9 (3)  Ttime: 1.3975 Vtime: 0.0514
Step: 7700000  Loss: 0.432505 Regul: 0.135303 Obj: 0.567808 (0.121471)  NNZ: 13 (3)  Ttime: 1.3997 Vtime: 0.0513
Step: 7800000  Loss: 0.324716 Regul: 0.078931 Obj: 0.403647 (0.121471)  NNZ: 6 (3)  Ttime: 1.3989 Vtime: 0.0515
Step: 7900000  Loss: 0.778562 Regul: 0.194800 Obj: 0.973361 (0.121471)  NNZ: 8 (3)  Ttime: 1.3923 Vtime: 0.0522
Step: 8000000  Loss: 0.387033 Regul: 0.106543 Obj: 0.493576 (0.121471)  NNZ: 10 (3)  Ttime: 1.3942 Vtime: 0.0514
Step: 8100000  Loss: 0.241143 Regul: 0.060596 Obj: 0.301739 (0.121471)  NNZ: 6 (3)  Ttime: 1.3920 Vtime: 0.0510
Step: 8200000  Loss: 0.274002 Regul: 0.043481 Obj: 0.317483 (0.121471)  NNZ: 4 (3)  Ttime: 1.3957 Vtime: 0.0513
Step: 8300000  Loss: 0.186506 Regul: 0.034448 Obj: 0.220954 (0.121471)  NNZ: 5 (3)  Ttime: 1.3953 Vtime: 0.0512
Step: 8400000  Loss: 0.440844 Regul: 0.110132 Obj: 0.550976 (0.121471)  NNZ: 7 (3)  Ttime: 1.3914 Vtime: 0.0519
Step: 8500000  Loss: 0.873588 Regul: 0.238745 Obj: 1.112333 (0.121471)  NNZ: 15 (3)  Ttime: 1.3934 Vtime: 0.0524
Step: 8600000  Loss: 0.613131 Regul: 0.153052 Obj: 0.766183 (0.121471)  NNZ: 7 (3)  Ttime: 1.3979 Vtime: 0.0514
Step: 8700000  Loss: 0.261083 Regul: 0.068066 Obj: 0.329149 (0.121471)  NNZ: 7 (3)  Ttime: 1.4009 Vtime: 0.0516
Step: 8800000  Loss: 0.302492 Regul: 0.084058 Obj: 0.386550 (0.121471)  NNZ: 5 (3)  Ttime: 1.3953 Vtime: 0.0516
Step: 8900000  Loss: 0.255009 Regul: 0.048486 Obj: 0.303495 (0.121471)  NNZ: 6 (3)  Ttime: 1.3948 Vtime: 0.0512
Step: 9000000  Loss: 0.176641 Regul: 0.036646 Obj: 0.213287 (0.121471)  NNZ: 6 (3)  Ttime: 1.3980 Vtime: 0.0509
Step: 9100000  Loss: 0.337024 Regul: 0.074268 Obj: 0.411292 (0.121471)  NNZ: 5 (3)  Ttime: 1.4000 Vtime: 0.0512
Step: 9200000  Loss: 0.157938 Regul: 0.018359 Obj: 0.176298 (0.121471)  NNZ: 4 (3)  Ttime: 1.4019 Vtime: 0.0512
Step: 9300000  Loss: 0.239782 Regul: 0.052808 Obj: 0.292590 (0.121471)  NNZ: 7 (3)  Ttime: 1.3958 Vtime: 0.0515
Step: 9400000  Loss: 0.195599 Regul: 0.038696 Obj: 0.234295 (0.121471)  NNZ: 4 (3)  Ttime: 1.3991 Vtime: 0.0511
Step: 9500000  Loss: 0.163597 Regul: 0.039209 Obj: 0.202806 (0.121471)  NNZ: 6 (3)  Ttime: 1.4017 Vtime: 0.0517
Step: 9600000  Loss: 0.475261 Regul: 0.123706 Obj: 0.598967 (0.121471)  NNZ: 9 (3)  Ttime: 1.3973 Vtime: 0.0509
Step: 9700000  Loss: 0.204745 Regul: 0.043579 Obj: 0.248324 (0.121471)  NNZ: 5 (3)  Ttime: 1.3939 Vtime: 0.0521
Step: 9800000  Loss: 0.302543 Regul: 0.063916 Obj: 0.366459 (0.121471)  NNZ: 5 (3)  Ttime: 1.3945 Vtime: 0.0504
Step: 9900000  Loss: 0.170136 Regul: 0.019995 Obj: 0.190131 (0.121471)  NNZ: 1 (3)  Ttime: 1.4007 Vtime: 0.0517
Step: 10000000  Loss: 0.379205 Regul: 0.061328 Obj: 0.440533 (0.121471)  NNZ: 4 (3)  Ttime: 1.3963 Vtime: 0.0516
Step: 10100000  Loss: 0.224808 Regul: 0.051294 Obj: 0.276102 (0.121471)  NNZ: 6 (3)  Ttime: 1.4470 Vtime: 0.0511
Step: 10200000  Loss: 0.440630 Regul: 0.111499 Obj: 0.552129 (0.121471)  NNZ: 5 (3)  Ttime: 1.4454 Vtime: 0.0517
Step: 10300000  Loss: 0.438401 Regul: 0.059106 Obj: 0.497508 (0.121471)  NNZ: 5 (3)  Ttime: 1.4475 Vtime: 0.0519
Step: 10400000  Loss: 0.144824 Regul: 0.028101 Obj: 0.172925 (0.121471)  NNZ: 3 (3)  Ttime: 1.4324 Vtime: 0.0518
Step: 10500000  Loss: 0.271803 Regul: 0.058984 Obj: 0.330787 (0.121471)  NNZ: 5 (3)  Ttime: 1.4284 Vtime: 0.0507
Step: 10600000  Loss: 0.128894 Regul: 0.024146 Obj: 0.153039 (0.121471)  NNZ: 3 (3)  Ttime: 1.4390 Vtime: 0.0513
Step: 10700000  Loss: 0.367589 Regul: 0.061133 Obj: 0.428722 (0.121471)  NNZ: 7 (3)  Ttime: 1.4445 Vtime: 0.0517
Best: 10800000  Loss: 0.089604 Regul: 0.014404 Obj: 0.104008 (0.104008)  NNZ: 4 (4)  Ttime: 1.4440 Vtime: 0.0510
Stat: nPR #32 (#32) Dim/MaxDim [256/640] AUC: 0.968811 FPR95: 17.83 [saved]
Step: 10900000  Loss: 0.564600 Regul: 0.098486 Obj: 0.663086 (0.104008)  NNZ: 11 (4)  Ttime: 1.4293 Vtime: 0.0510
Step: 11000000  Loss: 0.250504 Regul: 0.065918 Obj: 0.316421 (0.104008)  NNZ: 5 (4)  Ttime: 1.4653 Vtime: 0.0519
Step: 11100000  Loss: 0.256264 Regul: 0.076074 Obj: 0.332338 (0.104008)  NNZ: 8 (4)  Ttime: 1.4183 Vtime: 0.0510
Step: 11200000  Loss: 0.294447 Regul: 0.075293 Obj: 0.369740 (0.104008)  NNZ: 7 (4)  Ttime: 1.4387 Vtime: 0.0516
Step: 11300000  Loss: 0.344045 Regul: 0.085742 Obj: 0.429788 (0.104008)  NNZ: 7 (4)  Ttime: 1.4583 Vtime: 0.0521
Step: 11400000  Loss: 0.255581 Regul: 0.057617 Obj: 0.313198 (0.104008)  NNZ: 7 (4)  Ttime: 1.4838 Vtime: 0.0519
Step: 11500000  Loss: 0.379944 Regul: 0.099268 Obj: 0.479212 (0.104008)  NNZ: 6 (4)  Ttime: 1.4793 Vtime: 0.0525
Step: 11600000  Loss: 0.327959 Regul: 0.077393 Obj: 0.405352 (0.104008)  NNZ: 6 (4)  Ttime: 1.4797 Vtime: 0.0515
Step: 11700000  Loss: 0.652590 Regul: 0.184961 Obj: 0.837551 (0.104008)  NNZ: 9 (4)  Ttime: 1.4881 Vtime: 0.0518
Step: 11800000  Loss: 0.170886 Regul: 0.040869 Obj: 0.211755 (0.104008)  NNZ: 5 (4)  Ttime: 1.4925 Vtime: 0.0515
Step: 11900000  Loss: 0.208229 Regul: 0.049219 Obj: 0.257448 (0.104008)  NNZ: 4 (4)  Ttime: 1.5186 Vtime: 0.0519
Step: 12000000  Loss: 0.252684 Regul: 0.048389 Obj: 0.301073 (0.104008)  NNZ: 3 (4)  Ttime: 1.5064 Vtime: 0.0521
Step: 12100000  Loss: 0.458817 Regul: 0.135498 Obj: 0.594315 (0.104008)  NNZ: 9 (4)  Ttime: 1.4786 Vtime: 0.0516
Step: 12200000  Loss: 0.392569 Regul: 0.099561 Obj: 0.492129 (0.104008)  NNZ: 7 (4)  Ttime: 1.4645 Vtime: 0.0520
Step: 12300000  Loss: 0.352713 Regul: 0.070215 Obj: 0.422928 (0.104008)  NNZ: 5 (4)  Ttime: 1.4556 Vtime: 0.0514
Step: 12400000  Loss: 0.240233 Regul: 0.051855 Obj: 0.292089 (0.104008)  NNZ: 5 (4)  Ttime: 1.4579 Vtime: 0.0512
Step: 12500000  Loss: 0.283456 Regul: 0.060352 Obj: 0.343807 (0.104008)  NNZ: 6 (4)  Ttime: 1.4617 Vtime: 0.0517
Step: 12600000  Loss: 0.307658 Regul: 0.061035 Obj: 0.368693 (0.104008)  NNZ: 4 (4)  Ttime: 1.4823 Vtime: 0.0525
Step: 12700000  Loss: 0.265806 Regul: 0.080762 Obj: 0.346567 (0.104008)  NNZ: 8 (4)  Ttime: 1.4313 Vtime: 0.0518
Step: 12800000  Loss: 0.390797 Regul: 0.095654 Obj: 0.486451 (0.104008)  NNZ: 9 (4)  Ttime: 1.4074 Vtime: 0.0510
Step: 12900000  Loss: 0.147872 Regul: 0.029785 Obj: 0.177657 (0.104008)  NNZ: 5 (4)  Ttime: 1.4135 Vtime: 0.0512
Step: 13000000  Loss: 0.389454 Regul: 0.122803 Obj: 0.512257 (0.104008)  NNZ: 9 (4)  Ttime: 1.4448 Vtime: 0.0519
Step: 13100000  Loss: 0.275979 Regul: 0.044385 Obj: 0.320364 (0.104008)  NNZ: 6 (4)  Ttime: 1.4296 Vtime: 0.0514
Step: 13200000  Loss: 0.337601 Regul: 0.104688 Obj: 0.442289 (0.104008)  NNZ: 9 (4)  Ttime: 1.4520 Vtime: 0.0523
Step: 13300000  Loss: 0.113616 Regul: 0.023877 Obj: 0.137493 (0.104008)  NNZ: 5 (4)  Ttime: 1.4396 Vtime: 0.0515
Step: 13400000  Loss: 0.493665 Regul: 0.078076 Obj: 0.571741 (0.104008)  NNZ: 5 (4)  Ttime: 1.4389 Vtime: 0.0520
Step: 13500000  Loss: 0.342199 Regul: 0.068701 Obj: 0.410900 (0.104008)  NNZ: 5 (4)  Ttime: 1.4341 Vtime: 0.0513
Step: 13600000  Loss: 0.096661 Regul: 0.014258 Obj: 0.110918 (0.104008)  NNZ: 3 (4)  Ttime: 1.4327 Vtime: 0.0520
Step: 13700000  Loss: 0.254028 Regul: 0.065283 Obj: 0.319311 (0.104008)  NNZ: 5 (4)  Ttime: 1.5106 Vtime: 0.0512
Step: 13800000  Loss: 0.422522 Regul: 0.036963 Obj: 0.459485 (0.104008)  NNZ: 3 (4)  Ttime: 1.4650 Vtime: 0.0518
Step: 13900000  Loss: 0.548891 Regul: 0.052100 Obj: 0.600991 (0.104008)  NNZ: 4 (4)  Ttime: 1.4886 Vtime: 0.0515
Step: 14000000  Loss: 0.150841 Regul: 0.023975 Obj: 0.174816 (0.104008)  NNZ: 2 (4)  Ttime: 1.4333 Vtime: 0.0525
Step: 14100000  Loss: 0.279108 Regul: 0.076270 Obj: 0.355378 (0.104008)  NNZ: 7 (4)  Ttime: 1.4520 Vtime: 0.0507
Step: 14200000  Loss: 0.133836 Regul: 0.012305 Obj: 0.146140 (0.104008)  NNZ: 3 (4)  Ttime: 1.4646 Vtime: 0.0515
Step: 14300000  Loss: 0.220657 Regul: 0.050391 Obj: 0.271047 (0.104008)  NNZ: 5 (4)  Ttime: 1.4463 Vtime: 0.0512
Step: 14400000  Loss: 0.180506 Regul: 0.050098 Obj: 0.230604 (0.104008)  NNZ: 5 (4)  Ttime: 1.4729 Vtime: 0.0519
Step: 14500000  Loss: 0.278708 Regul: 0.077100 Obj: 0.355807 (0.104008)  NNZ: 6 (4)  Ttime: 1.4108 Vtime: 0.0523
Step: 14600000  Loss: 0.359323 Regul: 0.064893 Obj: 0.424215 (0.104008)  NNZ: 7 (4)  Ttime: 1.4311 Vtime: 0.0522
Step: 14700000  Loss: 0.185361 Regul: 0.033984 Obj: 0.219346 (0.104008)  NNZ: 5 (4)  Ttime: 1.4406 Vtime: 0.0512
Step: 14800000  Loss: 0.482921 Regul: 0.122412 Obj: 0.605333 (0.104008)  NNZ: 10 (4)  Ttime: 1.4255 Vtime: 0.0527
Step: 14900000  Loss: 0.266796 Regul: 0.067822 Obj: 0.334618 (0.104008)  NNZ: 5 (4)  Ttime: 1.4519 Vtime: 0.0518
Step: 15000000  Loss: 0.144662 Regul: 0.018359 Obj: 0.163021 (0.104008)  NNZ: 3 (4)  Ttime: 1.4542 Vtime: 0.0519
Step: 15100000  Loss: 0.372972 Regul: 0.046484 Obj: 0.419456 (0.104008)  NNZ: 5 (4)  Ttime: 1.4346 Vtime: 0.0509
Step: 15200000  Loss: 0.411233 Regul: 0.109375 Obj: 0.520608 (0.104008)  NNZ: 10 (4)  Ttime: 1.4521 Vtime: 0.0513
Step: 15300000  Loss: 0.192390 Regul: 0.045703 Obj: 0.238093 (0.104008)  NNZ: 7 (4)  Ttime: 1.4567 Vtime: 0.0515
Step: 15400000  Loss: 0.385617 Regul: 0.088330 Obj: 0.473947 (0.104008)  NNZ: 9 (4)  Ttime: 1.4712 Vtime: 0.0523
Step: 15500000  Loss: 0.535166 Regul: 0.161377 Obj: 0.696543 (0.104008)  NNZ: 14 (4)  Ttime: 1.4308 Vtime: 0.0517
Step: 15600000  Loss: 0.199171 Regul: 0.040039 Obj: 0.239210 (0.104008)  NNZ: 6 (4)  Ttime: 1.4080 Vtime: 0.0518
Step: 15700000  Loss: 0.220448 Regul: 0.047510 Obj: 0.267957 (0.104008)  NNZ: 6 (4)  Ttime: 1.4505 Vtime: 0.0517
Step: 15800000  Loss: 0.165171 Regul: 0.036768 Obj: 0.201938 (0.104008)  NNZ: 5 (4)  Ttime: 1.4362 Vtime: 0.0513
Step: 15900000  Loss: 0.124698 Regul: 0.020020 Obj: 0.144717 (0.104008)  NNZ: 3 (4)  Ttime: 1.4604 Vtime: 0.0511
Step: 16000000  Loss: 0.343752 Regul: 0.078125 Obj: 0.421877 (0.104008)  NNZ: 7 (4)  Ttime: 1.4868 Vtime: 0.0518
Step: 16100000  Loss: 0.478748 Regul: 0.081543 Obj: 0.560291 (0.104008)  NNZ: 7 (4)  Ttime: 1.4744 Vtime: 0.0513
Step: 16200000  Loss: 0.273765 Regul: 0.084082 Obj: 0.357847 (0.104008)  NNZ: 9 (4)  Ttime: 1.4740 Vtime: 0.0514
Step: 16300000  Loss: 0.206125 Regul: 0.064307 Obj: 0.270431 (0.104008)  NNZ: 10 (4)  Ttime: 1.4260 Vtime: 0.0520
Step: 16400000  Loss: 0.203628 Regul: 0.054053 Obj: 0.257681 (0.104008)  NNZ: 7 (4)  Ttime: 1.4529 Vtime: 0.0517
Step: 16500000  Loss: 0.311393 Regul: 0.094580 Obj: 0.405973 (0.104008)  NNZ: 9 (4)  Ttime: 1.4001 Vtime: 0.0510
Step: 16600000  Loss: 0.181062 Regul: 0.043066 Obj: 0.224129 (0.104008)  NNZ: 6 (4)  Ttime: 1.4262 Vtime: 0.0513
Step: 16700000  Loss: 0.165526 Regul: 0.033789 Obj: 0.199315 (0.104008)  NNZ: 6 (4)  Ttime: 1.4505 Vtime: 0.0516
Step: 16800000  Loss: 0.316695 Regul: 0.079053 Obj: 0.395748 (0.104008)  NNZ: 7 (4)  Ttime: 1.4058 Vtime: 0.0518
Step: 16900000  Loss: 0.096068 Regul: 0.014795 Obj: 0.110863 (0.104008)  NNZ: 6 (4)  Ttime: 1.4469 Vtime: 0.0510
Step: 17000000  Loss: 0.354257 Regul: 0.097656 Obj: 0.451913 (0.104008)  NNZ: 6 (4)  Ttime: 1.3994 Vtime: 0.0520
Step: 17100000  Loss: 0.532238 Regul: 0.072559 Obj: 0.604797 (0.104008)  NNZ: 8 (4)  Ttime: 1.4301 Vtime: 0.0513
Step: 17200000  Loss: 0.116849 Regul: 0.019043 Obj: 0.135892 (0.104008)  NNZ: 3 (4)  Ttime: 1.4405 Vtime: 0.0516
Step: 17300000  Loss: 0.197148 Regul: 0.047607 Obj: 0.244756 (0.104008)  NNZ: 7 (4)  Ttime: 1.4025 Vtime: 0.0518
Step: 17400000  Loss: 0.350595 Regul: 0.091748 Obj: 0.442343 (0.104008)  NNZ: 11 (4)  Ttime: 1.4398 Vtime: 0.0518
Step: 17500000  Loss: 0.133217 Regul: 0.029297 Obj: 0.162514 (0.104008)  NNZ: 4 (4)  Ttime: 1.4076 Vtime: 0.0513
Step: 17600000  Loss: 2.580336 Regul: 0.181250 Obj: 2.761586 (0.104008)  NNZ: 8 (4)  Ttime: 1.4633 Vtime: 0.0515
Step: 17700000  Loss: 0.152433 Regul: 0.029980 Obj: 0.182414 (0.104008)  NNZ: 6 (4)  Ttime: 1.4707 Vtime: 0.0523
Step: 17800000  Loss: 0.141321 Regul: 0.029150 Obj: 0.170471 (0.104008)  NNZ: 7 (4)  Ttime: 1.4188 Vtime: 0.0508
Step: 17900000  Loss: 0.209702 Regul: 0.052881 Obj: 0.262583 (0.104008)  NNZ: 7 (4)  Ttime: 1.4024 Vtime: 0.0518
Step: 18000000  Loss: 0.235420 Regul: 0.051465 Obj: 0.286885 (0.104008)  NNZ: 5 (4)  Ttime: 1.4018 Vtime: 0.0515
Step: 18100000  Loss: 0.185674 Regul: 0.022461 Obj: 0.208135 (0.104008)  NNZ: 3 (4)  Ttime: 1.4505 Vtime: 0.0517
Step: 18200000  Loss: 0.105469 Regul: 0.014258 Obj: 0.119727 (0.104008)  NNZ: 2 (4)  Ttime: 1.4136 Vtime: 0.0521
Step: 18300000  Loss: 0.259506 Regul: 0.054248 Obj: 0.313755 (0.104008)  NNZ: 7 (4)  Ttime: 1.4352 Vtime: 0.0512
Step: 18400000  Loss: 0.419766 Regul: 0.053027 Obj: 0.472793 (0.104008)  NNZ: 7 (4)  Ttime: 1.4244 Vtime: 0.0516
Step: 18500000  Loss: 0.475943 Regul: 0.046484 Obj: 0.522428 (0.104008)  NNZ: 4 (4)  Ttime: 1.4271 Vtime: 0.0513
Step: 18600000  Loss: 0.178185 Regul: 0.039111 Obj: 0.217296 (0.104008)  NNZ: 5 (4)  Ttime: 1.4298 Vtime: 0.0521
Step: 18700000  Loss: 0.250614 Regul: 0.048047 Obj: 0.298661 (0.104008)  NNZ: 6 (4)  Ttime: 1.4729 Vtime: 0.0513
Step: 18800000  Loss: 0.365790 Regul: 0.022070 Obj: 0.387861 (0.104008)  NNZ: 2 (4)  Ttime: 1.4247 Vtime: 0.0515
Step: 18900000  Loss: 0.211909 Regul: 0.033496 Obj: 0.245405 (0.104008)  NNZ: 6 (4)  Ttime: 1.4078 Vtime: 0.0511
Step: 19000000  Loss: 0.539044 Regul: 0.156494 Obj: 0.695539 (0.104008)  NNZ: 11 (4)  Ttime: 1.4026 Vtime: 0.0513
Step: 19100000  Loss: 0.125793 Regul: 0.025342 Obj: 0.151135 (0.104008)  NNZ: 3 (4)  Ttime: 1.4004 Vtime: 0.0516
Step: 19200000  Loss: 0.157101 Regul: 0.026855 Obj: 0.183957 (0.104008)  NNZ: 2 (4)  Ttime: 1.4012 Vtime: 0.0511
Step: 19300000  Loss: 0.350690 Regul: 0.086377 Obj: 0.437067 (0.104008)  NNZ: 8 (4)  Ttime: 1.4088 Vtime: 0.0512
Step: 19400000  Loss: 0.464188 Regul: 0.118506 Obj: 0.582694 (0.104008)  NNZ: 9 (4)  Ttime: 1.4346 Vtime: 0.0516
Step: 19500000  Loss: 0.295453 Regul: 0.086572 Obj: 0.382025 (0.104008)  NNZ: 10 (4)  Ttime: 1.4315 Vtime: 0.0517
Step: 19600000  Loss: 0.299774 Regul: 0.058398 Obj: 0.358172 (0.104008)  NNZ: 4 (4)  Ttime: 1.4955 Vtime: 0.0508
Step: 19700000  Loss: 0.321189 Regul: 0.083594 Obj: 0.404782 (0.104008)  NNZ: 6 (4)  Ttime: 1.4521 Vtime: 0.0514
Step: 19800000  Loss: 0.108934 Regul: 0.017969 Obj: 0.126903 (0.104008)  NNZ: 6 (4)  Ttime: 1.4349 Vtime: 0.0520
Step: 19900000  Loss: 0.135927 Regul: 0.035254 Obj: 0.171181 (0.104008)  NNZ: 7 (4)  Ttime: 1.4564 Vtime: 0.0517
Step: 20000000  Loss: 0.214990 Regul: 0.034229 Obj: 0.249218 (0.104008)  NNZ: 4 (4)  Ttime: 1.4697 Vtime: 0.0518
Step: 20100000  Loss: 0.447202 Regul: 0.052393 Obj: 0.499595 (0.104008)  NNZ: 6 (4)  Ttime: 1.4519 Vtime: 0.0518
Step: 20200000  Loss: 0.173036 Regul: 0.035937 Obj: 0.208974 (0.104008)  NNZ: 4 (4)  Ttime: 1.4286 Vtime: 0.0517
Step: 20300000  Loss: 1.327933 Regul: 0.106836 Obj: 1.434769 (0.104008)  NNZ: 8 (4)  Ttime: 1.4254 Vtime: 0.0513
Step: 20400000  Loss: 0.205328 Regul: 0.035645 Obj: 0.240973 (0.104008)  NNZ: 5 (4)  Ttime: 1.4286 Vtime: 0.0517
Step: 20500000  Loss: 0.277771 Regul: 0.046289 Obj: 0.324060 (0.104008)  NNZ: 5 (4)  Ttime: 1.4353 Vtime: 0.0507
Step: 20600000  Loss: 0.248968 Regul: 0.040674 Obj: 0.289642 (0.104008)  NNZ: 4 (4)  Ttime: 1.4275 Vtime: 0.0515
Step: 20700000  Loss: 0.162771 Regul: 0.033643 Obj: 0.196414 (0.104008)  NNZ: 4 (4)  Ttime: 1.4232 Vtime: 0.0513
Step: 20800000  Loss: 0.102219 Regul: 0.014355 Obj: 0.116575 (0.104008)  NNZ: 4 (4)  Ttime: 1.4226 Vtime: 0.0516
Step: 20900000  Loss: 0.354673 Regul: 0.011768 Obj: 0.366440 (0.104008)  NNZ: 3 (4)  Ttime: 1.4285 Vtime: 0.0511
Step: 21000000  Loss: 0.388738 Regul: 0.035937 Obj: 0.424675 (0.104008)  NNZ: 7 (4)  Ttime: 1.4300 Vtime: 0.0511
Step: 21100000  Loss: 0.346027 Regul: 0.038916 Obj: 0.384943 (0.104008)  NNZ: 7 (4)  Ttime: 1.4304 Vtime: 0.0509
Step: 21200000  Loss: 1.424790 Regul: 0.166699 Obj: 1.591489 (0.104008)  NNZ: 11 (4)  Ttime: 1.4305 Vtime: 0.0513
Step: 21300000  Loss: 0.205182 Regul: 0.035449 Obj: 0.240631 (0.104008)  NNZ: 5 (4)  Ttime: 1.4311 Vtime: 0.0515
Step: 21400000  Loss: 0.262867 Regul: 0.020703 Obj: 0.283570 (0.104008)  NNZ: 1 (4)  Ttime: 1.4299 Vtime: 0.0515
Step: 21500000  Loss: 0.121775 Regul: 0.025879 Obj: 0.147654 (0.104008)  NNZ: 6 (4)  Ttime: 1.4321 Vtime: 0.0516
Step: 21600000  Loss: 0.312249 Regul: 0.073926 Obj: 0.386175 (0.104008)  NNZ: 8 (4)  Ttime: 1.4290 Vtime: 0.0518
Step: 21700000  Loss: 0.194718 Regul: 0.048193 Obj: 0.242911 (0.104008)  NNZ: 6 (4)  Ttime: 1.4343 Vtime: 0.0516
Step: 21800000  Loss: 0.368454 Regul: 0.082471 Obj: 0.450925 (0.104008)  NNZ: 10 (4)  Ttime: 1.4291 Vtime: 0.0518
Step: 21900000  Loss: 0.378676 Regul: 0.080859 Obj: 0.459535 (0.104008)  NNZ: 5 (4)  Ttime: 1.4296 Vtime: 0.0516
Step: 22000000  Loss: 0.217651 Regul: 0.056592 Obj: 0.274242 (0.104008)  NNZ: 7 (4)  Ttime: 1.4488 Vtime: 0.0514
Step: 22100000  Loss: 0.224996 Regul: 0.040137 Obj: 0.265133 (0.104008)  NNZ: 6 (4)  Ttime: 1.4459 Vtime: 0.0516
Step: 22200000  Loss: 0.187436 Regul: 0.026758 Obj: 0.214193 (0.104008)  NNZ: 3 (4)  Ttime: 1.4427 Vtime: 0.0513
Step: 22300000  Loss: 0.208932 Regul: 0.018213 Obj: 0.227145 (0.104008)  NNZ: 3 (4)  Ttime: 1.4437 Vtime: 0.0511
Step: 22400000  Loss: 0.183427 Regul: 0.042383 Obj: 0.225810 (0.104008)  NNZ: 6 (4)  Ttime: 1.4487 Vtime: 0.0527
Step: 22500000  Loss: 0.150650 Regul: 0.033887 Obj: 0.184537 (0.104008)  NNZ: 5 (4)  Ttime: 1.4620 Vtime: 0.0514
Step: 22600000  Loss: 0.423421 Regul: 0.104346 Obj: 0.527766 (0.104008)  NNZ: 10 (4)  Ttime: 1.4469 Vtime: 0.0514
Step: 22700000  Loss: 0.129931 Regul: 0.025293 Obj: 0.155224 (0.104008)  NNZ: 5 (4)  Ttime: 1.4562 Vtime: 0.0514
Step: 22800000  Loss: 0.159228 Regul: 0.022021 Obj: 0.181250 (0.104008)  NNZ: 4 (4)  Ttime: 1.4600 Vtime: 0.0515
Step: 22900000  Loss: 0.692434 Regul: 0.093506 Obj: 0.785940 (0.104008)  NNZ: 10 (4)  Ttime: 1.4573 Vtime: 0.0515
Step: 23000000  Loss: 0.283338 Regul: 0.086670 Obj: 0.370008 (0.104008)  NNZ: 9 (4)  Ttime: 1.4853 Vtime: 0.0524
Step: 23100000  Loss: 0.130189 Regul: 0.028418 Obj: 0.158607 (0.104008)  NNZ: 4 (4)  Ttime: 1.4929 Vtime: 0.0511
Step: 23200000  Loss: 0.169591 Regul: 0.025244 Obj: 0.194835 (0.104008)  NNZ: 4 (4)  Ttime: 1.4856 Vtime: 0.0512
Step: 23300000  Loss: 0.129600 Regul: 0.017578 Obj: 0.147179 (0.104008)  NNZ: 2 (4)  Ttime: 1.4500 Vtime: 0.0515
Step: 23400000  Loss: 0.131125 Regul: 0.025732 Obj: 0.156858 (0.104008)  NNZ: 4 (4)  Ttime: 1.4622 Vtime: 0.0521
Step: 23500000  Loss: 0.153475 Regul: 0.018555 Obj: 0.172030 (0.104008)  NNZ: 2 (4)  Ttime: 1.4752 Vtime: 0.0519
Step: 23600000  Loss: 0.274066 Regul: 0.078711 Obj: 0.352777 (0.104008)  NNZ: 12 (4)  Ttime: 1.4710 Vtime: 0.0513
Step: 23700000  Loss: 0.140924 Regul: 0.021387 Obj: 0.162311 (0.104008)  NNZ: 4 (4)  Ttime: 1.4559 Vtime: 0.0505
Step: 23800000  Loss: 0.609025 Regul: 0.098389 Obj: 0.707413 (0.104008)  NNZ: 12 (4)  Ttime: 1.4495 Vtime: 0.0524
Step: 23900000  Loss: 0.447120 Regul: 0.108691 Obj: 0.555812 (0.104008)  NNZ: 9 (4)  Ttime: 1.4636 Vtime: 0.0522
Step: 24000000  Loss: 0.427668 Regul: 0.074707 Obj: 0.502375 (0.104008)  NNZ: 9 (4)  Ttime: 1.4696 Vtime: 0.0515
Step: 24100000  Loss: 0.162173 Regul: 0.023779 Obj: 0.185953 (0.104008)  NNZ: 6 (4)  Ttime: 1.4442 Vtime: 0.0517
Step: 24200000  Loss: 0.200294 Regul: 0.031299 Obj: 0.231593 (0.104008)  NNZ: 5 (4)  Ttime: 1.4361 Vtime: 0.0518
Step: 24300000  Loss: 0.366810 Regul: 0.038574 Obj: 0.405384 (0.104008)  NNZ: 7 (4)  Ttime: 1.4481 Vtime: 0.0514
Step: 24400000  Loss: 0.115167 Regul: 0.017285 Obj: 0.132452 (0.104008)  NNZ: 2 (4)  Ttime: 1.4543 Vtime: 0.0520
Step: 24500000  Loss: 0.243404 Regul: 0.068799 Obj: 0.312203 (0.104008)  NNZ: 8 (4)  Ttime: 1.4350 Vtime: 0.0516
Step: 24600000  Loss: 0.299414 Regul: 0.021191 Obj: 0.320605 (0.104008)  NNZ: 4 (4)  Ttime: 1.4589 Vtime: 0.0514
Step: 24700000  Loss: 0.128609 Regul: 0.029980 Obj: 0.158590 (0.104008)  NNZ: 8 (4)  Ttime: 1.4449 Vtime: 0.0515
Step: 24800000  Loss: 0.269361 Regul: 0.060010 Obj: 0.329371 (0.104008)  NNZ: 7 (4)  Ttime: 1.4333 Vtime: 0.0512
Step: 24900000  Loss: 0.178047 Regul: 0.039014 Obj: 0.217061 (0.104008)  NNZ: 6 (4)  Ttime: 1.4294 Vtime: 0.0515
Step: 25000000  Loss: 0.263714 Regul: 0.061084 Obj: 0.324798 (0.104008)  NNZ: 7 (4)  Ttime: 1.4331 Vtime: 0.0512
Step: 25100000  Loss: 0.435812 Regul: 0.119189 Obj: 0.555001 (0.104008)  NNZ: 10 (4)  Ttime: 1.4315 Vtime: 0.0511
Step: 25200000  Loss: 0.096092 Regul: 0.011963 Obj: 0.108055 (0.104008)  NNZ: 4 (4)  Ttime: 1.4332 Vtime: 0.0516
Step: 25300000  Loss: 0.171280 Regul: 0.021191 Obj: 0.192471 (0.104008)  NNZ: 5 (4)  Ttime: 1.4322 Vtime: 0.0513
Step: 25400000  Loss: 0.171517 Regul: 0.035010 Obj: 0.206526 (0.104008)  NNZ: 6 (4)  Ttime: 1.4338 Vtime: 0.0521
Step: 25500000  Loss: 0.215003 Regul: 0.037207 Obj: 0.252210 (0.104008)  NNZ: 5 (4)  Ttime: 1.4301 Vtime: 0.0511
Step: 25600000  Loss: 0.194446 Regul: 0.038086 Obj: 0.232532 (0.104008)  NNZ: 5 (4)  Ttime: 1.4388 Vtime: 0.0518
Step: 25700000  Loss: 0.176142 Regul: 0.029248 Obj: 0.205390 (0.104008)  NNZ: 3 (4)  Ttime: 1.4384 Vtime: 0.0520
Step: 25800000  Loss: 0.164788 Regul: 0.037451 Obj: 0.202239 (0.104008)  NNZ: 7 (4)  Ttime: 1.4351 Vtime: 0.0515
Step: 25900000  Loss: 0.320943 Regul: 0.057568 Obj: 0.378512 (0.104008)  NNZ: 8 (4)  Ttime: 1.4365 Vtime: 0.0514
Step: 26000000  Loss: 0.274518 Regul: 0.052686 Obj: 0.327203 (0.104008)  NNZ: 6 (4)  Ttime: 1.4309 Vtime: 0.0519
Step: 26100000  Loss: 0.304604 Regul: 0.078027 Obj: 0.382632 (0.104008)  NNZ: 6 (4)  Ttime: 1.4302 Vtime: 0.0518
Step: 26200000  Loss: 0.268462 Regul: 0.064844 Obj: 0.333306 (0.104008)  NNZ: 5 (4)  Ttime: 1.4346 Vtime: 0.0515
Step: 26300000  Loss: 0.114485 Regul: 0.022412 Obj: 0.136897 (0.104008)  NNZ: 4 (4)  Ttime: 1.4293 Vtime: 0.0513
Step: 26400000  Loss: 0.152375 Regul: 0.014404 Obj: 0.166779 (0.104008)  NNZ: 2 (4)  Ttime: 1.4299 Vtime: 0.0516
Step: 26500000  Loss: 0.241285 Regul: 0.053027 Obj: 0.294312 (0.104008)  NNZ: 5 (4)  Ttime: 1.4266 Vtime: 0.0517
Best: 26600000  Loss: 0.091091 Regul: 0.009277 Obj: 0.100368 (0.100368)  NNZ: 2 (2)  Ttime: 1.4304 Vtime: 0.0511
Stat: nPR #16 (#16) Dim/MaxDim [128/640] AUC: 0.964950 FPR95: 20.40 [saved]
Step: 26700000  Loss: 0.220264 Regul: 0.032080 Obj: 0.252344 (0.100368)  NNZ: 4 (2)  Ttime: 1.4272 Vtime: 0.0515
Step: 26800000  Loss: 0.332241 Regul: 0.090527 Obj: 0.422769 (0.100368)  NNZ: 9 (2)  Ttime: 1.4296 Vtime: 0.0521
Step: 26900000  Loss: 0.132986 Regul: 0.023682 Obj: 0.156668 (0.100368)  NNZ: 5 (2)  Ttime: 1.4608 Vtime: 0.0512
Step: 27000000  Loss: 0.134262 Regul: 0.014404 Obj: 0.148667 (0.100368)  NNZ: 3 (2)  Ttime: 1.4770 Vtime: 0.0514
Step: 27100000  Loss: 0.135464 Regul: 0.012354 Obj: 0.147817 (0.100368)  NNZ: 2 (2)  Ttime: 1.4490 Vtime: 0.0517
Step: 27200000  Loss: 0.470729 Regul: 0.060303 Obj: 0.531032 (0.100368)  NNZ: 6 (2)  Ttime: 1.4361 Vtime: 0.0517
Step: 27300000  Loss: 0.185974 Regul: 0.035742 Obj: 0.221716 (0.100368)  NNZ: 4 (2)  Ttime: 1.4147 Vtime: 0.0516
Step: 27400000  Loss: 0.135360 Regul: 0.026807 Obj: 0.162167 (0.100368)  NNZ: 5 (2)  Ttime: 1.4016 Vtime: 0.0516
Step: 27500000  Loss: 0.113317 Regul: 0.012939 Obj: 0.126256 (0.100368)  NNZ: 4 (2)  Ttime: 1.4018 Vtime: 0.0517
Step: 27600000  Loss: 0.126087 Regul: 0.010791 Obj: 0.136878 (0.100368)  NNZ: 3 (2)  Ttime: 1.4000 Vtime: 0.0521
Step: 27700000  Loss: 0.228960 Regul: 0.068018 Obj: 0.296977 (0.100368)  NNZ: 7 (2)  Ttime: 1.4014 Vtime: 0.0519
Step: 27800000  Loss: 0.141984 Regul: 0.022021 Obj: 0.164006 (0.100368)  NNZ: 3 (2)  Ttime: 1.4015 Vtime: 0.0512
Step: 27900000  Loss: 0.157806 Regul: 0.031201 Obj: 0.189007 (0.100368)  NNZ: 5 (2)  Ttime: 1.4017 Vtime: 0.0514
Step: 28000000  Loss: 0.122989 Regul: 0.024658 Obj: 0.147647 (0.100368)  NNZ: 7 (2)  Ttime: 1.4010 Vtime: 0.0517
Step: 28100000  Loss: 0.448921 Regul: 0.049414 Obj: 0.498335 (0.100368)  NNZ: 7 (2)  Ttime: 1.4024 Vtime: 0.0510
Step: 28200000  Loss: 0.390424 Regul: 0.017236 Obj: 0.407661 (0.100368)  NNZ: 4 (2)  Ttime: 1.4019 Vtime: 0.0511
Step: 28300000  Loss: 0.707044 Regul: 0.015771 Obj: 0.722816 (0.100368)  NNZ: 1 (2)  Ttime: 1.4049 Vtime: 0.0513
Step: 28400000  Loss: 0.117887 Regul: 0.012451 Obj: 0.130338 (0.100368)  NNZ: 3 (2)  Ttime: 1.4010 Vtime: 0.0514
Step: 28500000  Loss: 0.157089 Regul: 0.030469 Obj: 0.187558 (0.100368)  NNZ: 4 (2)  Ttime: 1.3997 Vtime: 0.0517
Step: 28600000  Loss: 0.359526 Regul: 0.063574 Obj: 0.423101 (0.100368)  NNZ: 6 (2)  Ttime: 1.4018 Vtime: 0.0514
Step: 28700000  Loss: 0.308134 Regul: 0.083984 Obj: 0.392118 (0.100368)  NNZ: 7 (2)  Ttime: 1.3960 Vtime: 0.0516
Step: 28800000  Loss: 0.343052 Regul: 0.087549 Obj: 0.430600 (0.100368)  NNZ: 10 (2)  Ttime: 1.4018 Vtime: 0.0512
Step: 28900000  Loss: 0.260929 Regul: 0.067871 Obj: 0.328800 (0.100368)  NNZ: 8 (2)  Ttime: 1.3942 Vtime: 0.0511
Step: 29000000  Loss: 0.176526 Regul: 0.043799 Obj: 0.220325 (0.100368)  NNZ: 8 (2)  Ttime: 1.3979 Vtime: 0.0514
Step: 29100000  Loss: 0.195021 Regul: 0.043945 Obj: 0.238967 (0.100368)  NNZ: 5 (2)  Ttime: 1.4024 Vtime: 0.0519
Step: 29200000  Loss: 0.234284 Regul: 0.050098 Obj: 0.284382 (0.100368)  NNZ: 5 (2)  Ttime: 1.4055 Vtime: 0.0516
Step: 29300000  Loss: 0.176893 Regul: 0.020898 Obj: 0.197791 (0.100368)  NNZ: 3 (2)  Ttime: 1.4431 Vtime: 0.0522
Step: 29400000  Loss: 0.112068 Regul: 0.006689 Obj: 0.118757 (0.100368)  NNZ: 4 (2)  Ttime: 1.4038 Vtime: 0.0513
Step: 29500000  Loss: 0.149187 Regul: 0.016211 Obj: 0.165398 (0.100368)  NNZ: 3 (2)  Ttime: 1.4001 Vtime: 0.0512
Step: 29600000  Loss: 0.137353 Regul: 0.030518 Obj: 0.167871 (0.100368)  NNZ: 7 (2)  Ttime: 1.4053 Vtime: 0.0514
Step: 29700000  Loss: 0.089525 Regul: 0.011670 Obj: 0.101195 (0.100368)  NNZ: 5 (2)  Ttime: 1.4112 Vtime: 0.0521
Step: 29800000  Loss: 0.254200 Regul: 0.064014 Obj: 0.318214 (0.100368)  NNZ: 7 (2)  Ttime: 1.4060 Vtime: 0.0514
Step: 29900000  Loss: 0.087471 Regul: 0.013623 Obj: 0.101094 (0.100368)  NNZ: 4 (2)  Ttime: 1.4064 Vtime: 0.0517
Step: 30000000  Loss: 0.134259 Regul: 0.008545 Obj: 0.142804 (0.100368)  NNZ: 2 (2)  Ttime: 1.4110 Vtime: 0.0516
Step: 30100000  Loss: 0.276514 Regul: 0.073926 Obj: 0.350440 (0.100368)  NNZ: 11 (2)  Ttime: 1.4060 Vtime: 0.0517
Step: 30200000  Loss: 0.181873 Regul: 0.033691 Obj: 0.215565 (0.100368)  NNZ: 4 (2)  Ttime: 1.4071 Vtime: 0.0515
Step: 30300000  Loss: 0.155903 Regul: 0.025244 Obj: 0.181147 (0.100368)  NNZ: 4 (2)  Ttime: 1.4045 Vtime: 0.0514
Step: 30400000  Loss: 0.136003 Regul: 0.027490 Obj: 0.163493 (0.100368)  NNZ: 5 (2)  Ttime: 1.4054 Vtime: 0.0514
Step: 30500000  Loss: 0.116603 Regul: 0.019141 Obj: 0.135743 (0.100368)  NNZ: 4 (2)  Ttime: 1.4040 Vtime: 0.0520
Step: 30600000  Loss: 0.411844 Regul: 0.033057 Obj: 0.444900 (0.100368)  NNZ: 6 (2)  Ttime: 1.4102 Vtime: 0.0515
Step: 30700000  Loss: 0.188461 Regul: 0.040430 Obj: 0.228891 (0.100368)  NNZ: 7 (2)  Ttime: 1.4132 Vtime: 0.0520
Step: 30800000  Loss: 0.118483 Regul: 0.011230 Obj: 0.129713 (0.100368)  NNZ: 2 (2)  Ttime: 1.4033 Vtime: 0.0516
Step: 30900000  Loss: 0.231630 Regul: 0.041309 Obj: 0.272938 (0.100368)  NNZ: 4 (2)  Ttime: 1.4085 Vtime: 0.0516
Step: 31000000  Loss: 0.167533 Regul: 0.033154 Obj: 0.200687 (0.100368)  NNZ: 6 (2)  Ttime: 1.4038 Vtime: 0.0513
Step: 31100000  Loss: 0.243961 Regul: 0.022949 Obj: 0.266910 (0.100368)  NNZ: 4 (2)  Ttime: 1.3980 Vtime: 0.0518
Step: 31200000  Loss: 0.124272 Regul: 0.019141 Obj: 0.143412 (0.100368)  NNZ: 3 (2)  Ttime: 1.4157 Vtime: 0.0520
Step: 31300000  Loss: 0.475786 Regul: 0.015918 Obj: 0.491703 (0.100368)  NNZ: 4 (2)  Ttime: 1.4010 Vtime: 0.0522
Step: 31400000  Loss: 0.139475 Regul: 0.014990 Obj: 0.154465 (0.100368)  NNZ: 3 (2)  Ttime: 1.4107 Vtime: 0.0512
Step: 31500000  Loss: 0.136713 Regul: 0.024365 Obj: 0.161078 (0.100368)  NNZ: 4 (2)  Ttime: 1.4069 Vtime: 0.0514
Step: 31600000  Loss: 0.157397 Regul: 0.022656 Obj: 0.180053 (0.100368)  NNZ: 5 (2)  Ttime: 1.4061 Vtime: 0.0515
Step: 31700000  Loss: 0.123042 Regul: 0.019873 Obj: 0.142915 (0.100368)  NNZ: 3 (2)  Ttime: 1.4055 Vtime: 0.0521
Step: 31800000  Loss: 0.403265 Regul: 0.046436 Obj: 0.449701 (0.100368)  NNZ: 4 (2)  Ttime: 1.4083 Vtime: 0.0515
Step: 31900000  Loss: 0.250593 Regul: 0.043506 Obj: 0.294099 (0.100368)  NNZ: 7 (2)  Ttime: 1.4367 Vtime: 0.0514
Step: 32000000  Loss: 0.146570 Regul: 0.022949 Obj: 0.169519 (0.100368)  NNZ: 5 (2)  Ttime: 1.4359 Vtime: 0.0510
Step: 32100000  Loss: 0.237850 Regul: 0.059473 Obj: 0.297323 (0.100368)  NNZ: 9 (2)  Ttime: 1.4176 Vtime: 0.0519
Step: 32200000  Loss: 0.232097 Regul: 0.035254 Obj: 0.267351 (0.100368)  NNZ: 7 (2)  Ttime: 1.4288 Vtime: 0.0518
Step: 32300000  Loss: 0.137762 Regul: 0.023779 Obj: 0.161541 (0.100368)  NNZ: 4 (2)  Ttime: 1.4046 Vtime: 0.0514
Step: 32400000  Loss: 0.209108 Regul: 0.048096 Obj: 0.257204 (0.100368)  NNZ: 6 (2)  Ttime: 1.4079 Vtime: 0.0513
Step: 32500000  Loss: 0.311775 Regul: 0.049658 Obj: 0.361433 (0.100368)  NNZ: 5 (2)  Ttime: 1.4042 Vtime: 0.0515
Step: 32600000  Loss: 0.151589 Regul: 0.024902 Obj: 0.176492 (0.100368)  NNZ: 5 (2)  Ttime: 1.4071 Vtime: 0.0516
Step: 32700000  Loss: 0.180758 Regul: 0.038623 Obj: 0.219381 (0.100368)  NNZ: 5 (2)  Ttime: 1.4110 Vtime: 0.0521
Step: 32800000  Loss: 0.286908 Regul: 0.057568 Obj: 0.344477 (0.100368)  NNZ: 5 (2)  Ttime: 1.4069 Vtime: 0.0509
Step: 32900000  Loss: 0.399305 Regul: 0.008936 Obj: 0.408240 (0.100368)  NNZ: 2 (2)  Ttime: 1.4101 Vtime: 0.0518
Step: 33000000  Loss: 0.121760 Regul: 0.007227 Obj: 0.128986 (0.100368)  NNZ: 3 (2)  Ttime: 1.4088 Vtime: 0.0513
Step: 33100000  Loss: 0.134899 Regul: 0.021924 Obj: 0.156823 (0.100368)  NNZ: 5 (2)  Ttime: 1.4105 Vtime: 0.0516
Step: 33200000  Loss: 0.300124 Regul: 0.026660 Obj: 0.326784 (0.100368)  NNZ: 4 (2)  Ttime: 1.4101 Vtime: 0.0517
Step: 33300000  Loss: 0.121233 Regul: 0.016895 Obj: 0.138128 (0.100368)  NNZ: 4 (2)  Ttime: 1.4060 Vtime: 0.0510
Step: 33400000  Loss: 0.095182 Regul: 0.020166 Obj: 0.115348 (0.100368)  NNZ: 6 (2)  Ttime: 1.4048 Vtime: 0.0511
Step: 33500000  Loss: 0.142727 Regul: 0.029883 Obj: 0.172610 (0.100368)  NNZ: 6 (2)  Ttime: 1.4119 Vtime: 0.0513
Step: 33600000  Loss: 0.163740 Regul: 0.038867 Obj: 0.202607 (0.100368)  NNZ: 7 (2)  Ttime: 1.4400 Vtime: 0.0508
Step: 33700000  Loss: 0.356329 Regul: 0.108105 Obj: 0.464435 (0.100368)  NNZ: 9 (2)  Ttime: 1.4258 Vtime: 0.0522
Step: 33800000  Loss: 0.240882 Regul: 0.064746 Obj: 0.305628 (0.100368)  NNZ: 8 (2)  Ttime: 1.4050 Vtime: 0.0513
Step: 33900000  Loss: 0.155409 Regul: 0.029346 Obj: 0.184755 (0.100368)  NNZ: 4 (2)  Ttime: 1.4030 Vtime: 0.0514
Step: 34000000  Loss: 0.332482 Regul: 0.063721 Obj: 0.396203 (0.100368)  NNZ: 7 (2)  Ttime: 1.4042 Vtime: 0.0512
Step: 34100000  Loss: 0.371838 Regul: 0.078418 Obj: 0.450256 (0.100368)  NNZ: 12 (2)  Ttime: 1.4440 Vtime: 0.0519
Step: 34200000  Loss: 0.208460 Regul: 0.051514 Obj: 0.259973 (0.100368)  NNZ: 10 (2)  Ttime: 1.4469 Vtime: 0.0517
Step: 34300000  Loss: 0.182745 Regul: 0.045459 Obj: 0.228204 (0.100368)  NNZ: 7 (2)  Ttime: 1.4511 Vtime: 0.0513
Step: 34400000  Loss: 0.154108 Regul: 0.037305 Obj: 0.191413 (0.100368)  NNZ: 6 (2)  Ttime: 1.4073 Vtime: 0.0518
Step: 34500000  Loss: 0.103746 Regul: 0.017236 Obj: 0.120983 (0.100368)  NNZ: 5 (2)  Ttime: 1.4044 Vtime: 0.0521
Step: 34600000  Loss: 0.114501 Regul: 0.021973 Obj: 0.136474 (0.100368)  NNZ: 4 (2)  Ttime: 1.4064 Vtime: 0.0509
Step: 34700000  Loss: 0.363990 Regul: 0.038623 Obj: 0.402613 (0.100368)  NNZ: 4 (2)  Ttime: 1.4042 Vtime: 0.0523
Step: 34800000  Loss: 0.320226 Regul: 0.079395 Obj: 0.399621 (0.100368)  NNZ: 8 (2)  Ttime: 1.4060 Vtime: 0.0512
Step: 34900000  Loss: 0.122887 Regul: 0.026172 Obj: 0.149058 (0.100368)  NNZ: 5 (2)  Ttime: 1.4025 Vtime: 0.0512
Step: 35000000  Loss: 0.358730 Regul: 0.063574 Obj: 0.422304 (0.100368)  NNZ: 8 (2)  Ttime: 1.4067 Vtime: 0.0523
Step: 35100000  Loss: 0.228404 Regul: 0.061523 Obj: 0.289928 (0.100368)  NNZ: 7 (2)  Ttime: 1.4061 Vtime: 0.0512
Step: 35200000  Loss: 0.368609 Regul: 0.061816 Obj: 0.430425 (0.100368)  NNZ: 10 (2)  Ttime: 1.4018 Vtime: 0.0514
Step: 35300000  Loss: 0.117216 Regul: 0.022217 Obj: 0.139432 (0.100368)  NNZ: 3 (2)  Ttime: 1.4049 Vtime: 0.0512
Step: 35400000  Loss: 0.282481 Regul: 0.080225 Obj: 0.362706 (0.100368)  NNZ: 8 (2)  Ttime: 1.4015 Vtime: 0.0514
Step: 35500000  Loss: 0.308845 Regul: 0.089404 Obj: 0.398249 (0.100368)  NNZ: 10 (2)  Ttime: 1.4062 Vtime: 0.0515
Step: 35600000  Loss: 0.322734 Regul: 0.060498 Obj: 0.383232 (0.100368)  NNZ: 7 (2)  Ttime: 1.4063 Vtime: 0.0514
Step: 35700000  Loss: 0.193710 Regul: 0.023389 Obj: 0.217099 (0.100368)  NNZ: 4 (2)  Ttime: 1.4050 Vtime: 0.0519
Step: 35800000  Loss: 0.264866 Regul: 0.072412 Obj: 0.337278 (0.100368)  NNZ: 7 (2)  Ttime: 1.4047 Vtime: 0.0510
Step: 35900000  Loss: 0.204336 Regul: 0.037451 Obj: 0.241787 (0.100368)  NNZ: 4 (2)  Ttime: 1.4039 Vtime: 0.0516
Step: 36000000  Loss: 0.312505 Regul: 0.080566 Obj: 0.393072 (0.100368)  NNZ: 9 (2)  Ttime: 1.4027 Vtime: 0.0514
Step: 36100000  Loss: 0.148299 Regul: 0.037793 Obj: 0.186092 (0.100368)  NNZ: 9 (2)  Ttime: 1.4056 Vtime: 0.0515
Step: 36200000  Loss: 0.231468 Regul: 0.056250 Obj: 0.287718 (0.100368)  NNZ: 7 (2)  Ttime: 1.4072 Vtime: 0.0516
Step: 36300000  Loss: 0.574052 Regul: 0.082031 Obj: 0.656083 (0.100368)  NNZ: 8 (2)  Ttime: 1.4257 Vtime: 0.0517
Step: 36400000  Loss: 0.272950 Regul: 0.063574 Obj: 0.336524 (0.100368)  NNZ: 9 (2)  Ttime: 1.4334 Vtime: 0.0514
Step: 36500000  Loss: 0.162101 Regul: 0.038086 Obj: 0.200187 (0.100368)  NNZ: 5 (2)  Ttime: 1.4500 Vtime: 0.0518
Step: 36600000  Loss: 0.228113 Regul: 0.063037 Obj: 0.291151 (0.100368)  NNZ: 8 (2)  Ttime: 1.4618 Vtime: 0.0515
Step: 36700000  Loss: 0.205718 Regul: 0.041650 Obj: 0.247368 (0.100368)  NNZ: 6 (2)  Ttime: 1.4413 Vtime: 0.0517
Step: 36800000  Loss: 0.727917 Regul: 0.198779 Obj: 0.926697 (0.100368)  NNZ: 15 (2)  Ttime: 1.4565 Vtime: 0.0514
Step: 36900000  Loss: 0.399828 Regul: 0.132178 Obj: 0.532006 (0.100368)  NNZ: 12 (2)  Ttime: 1.4264 Vtime: 0.0513
Step: 37000000  Loss: 0.149621 Regul: 0.032959 Obj: 0.182580 (0.100368)  NNZ: 7 (2)  Ttime: 1.4561 Vtime: 0.0514
Step: 37100000  Loss: 0.237344 Regul: 0.052441 Obj: 0.289785 (0.100368)  NNZ: 5 (2)  Ttime: 1.4494 Vtime: 0.0521
Step: 37200000  Loss: 0.263174 Regul: 0.083350 Obj: 0.346524 (0.100368)  NNZ: 9 (2)  Ttime: 1.4358 Vtime: 0.0516
Step: 37300000  Loss: 0.285306 Regul: 0.078271 Obj: 0.363577 (0.100368)  NNZ: 7 (2)  Ttime: 1.4071 Vtime: 0.0516
Step: 37400000  Loss: 0.363677 Regul: 0.090723 Obj: 0.454400 (0.100368)  NNZ: 9 (2)  Ttime: 1.4478 Vtime: 0.0509
Step: 37500000  Loss: 0.286132 Regul: 0.088623 Obj: 0.374755 (0.100368)  NNZ: 11 (2)  Ttime: 1.4526 Vtime: 0.0512
Step: 37600000  Loss: 0.311529 Regul: 0.100684 Obj: 0.412212 (0.100368)  NNZ: 13 (2)  Ttime: 1.4088 Vtime: 0.0510
Step: 37700000  Loss: 0.231934 Regul: 0.070166 Obj: 0.302100 (0.100368)  NNZ: 9 (2)  Ttime: 1.3982 Vtime: 0.0514
Step: 37800000  Loss: 0.398961 Regul: 0.140674 Obj: 0.539635 (0.100368)  NNZ: 13 (2)  Ttime: 1.3999 Vtime: 0.0519
Step: 37900000  Loss: 0.473973 Regul: 0.058398 Obj: 0.532371 (0.100368)  NNZ: 10 (2)  Ttime: 1.4171 Vtime: 0.0526
Step: 38000000  Loss: 0.221248 Regul: 0.048926 Obj: 0.270173 (0.100368)  NNZ: 7 (2)  Ttime: 1.4497 Vtime: 0.0518
Step: 38100000  Loss: 0.365628 Regul: 0.104834 Obj: 0.470462 (0.100368)  NNZ: 9 (2)  Ttime: 1.4017 Vtime: 0.0515
Step: 38200000  Loss: 0.247780 Regul: 0.031006 Obj: 0.278786 (0.100368)  NNZ: 5 (2)  Ttime: 1.4032 Vtime: 0.0520
Step: 38300000  Loss: 0.225047 Regul: 0.055225 Obj: 0.280272 (0.100368)  NNZ: 6 (2)  Ttime: 1.4110 Vtime: 0.0512
Step: 38400000  Loss: 0.110310 Regul: 0.016260 Obj: 0.126570 (0.100368)  NNZ: 4 (2)  Ttime: 1.4346 Vtime: 0.0521
Step: 38500000  Loss: 0.332529 Regul: 0.060254 Obj: 0.392782 (0.100368)  NNZ: 7 (2)  Ttime: 1.4556 Vtime: 0.0511
Step: 38600000  Loss: 0.218128 Regul: 0.060254 Obj: 0.278382 (0.100368)  NNZ: 9 (2)  Ttime: 1.4587 Vtime: 0.0521
Step: 38700000  Loss: 0.224857 Regul: 0.053516 Obj: 0.278373 (0.100368)  NNZ: 6 (2)  Ttime: 1.4459 Vtime: 0.0519
Step: 38800000  Loss: 0.197428 Regul: 0.030762 Obj: 0.228190 (0.100368)  NNZ: 6 (2)  Ttime: 1.4787 Vtime: 0.0517
Step: 38900000  Loss: 0.354202 Regul: 0.087793 Obj: 0.441995 (0.100368)  NNZ: 12 (2)  Ttime: 1.4781 Vtime: 0.0515
Step: 39000000  Loss: 0.203366 Regul: 0.041504 Obj: 0.244870 (0.100368)  NNZ: 5 (2)  Ttime: 1.4512 Vtime: 0.0511
Step: 39100000  Loss: 0.242513 Regul: 0.065186 Obj: 0.307698 (0.100368)  NNZ: 9 (2)  Ttime: 1.4036 Vtime: 0.0523
Step: 39200000  Loss: 0.297607 Regul: 0.047754 Obj: 0.345361 (0.100368)  NNZ: 5 (2)  Ttime: 1.4237 Vtime: 0.0518
Step: 39300000  Loss: 0.371041 Regul: 0.108789 Obj: 0.479830 (0.100368)  NNZ: 10 (2)  Ttime: 1.4407 Vtime: 0.0516
Step: 39400000  Loss: 0.154372 Regul: 0.020752 Obj: 0.175124 (0.100368)  NNZ: 3 (2)  Ttime: 1.4379 Vtime: 0.0518
Step: 39500000  Loss: 0.202123 Regul: 0.045850 Obj: 0.247973 (0.100368)  NNZ: 5 (2)  Ttime: 1.4181 Vtime: 0.0513
Step: 39600000  Loss: 0.199238 Regul: 0.034863 Obj: 0.234101 (0.100368)  NNZ: 5 (2)  Ttime: 1.3993 Vtime: 0.0518
Step: 39700000  Loss: 0.160863 Regul: 0.030664 Obj: 0.191527 (0.100368)  NNZ: 6 (2)  Ttime: 1.4475 Vtime: 0.0522
Step: 39800000  Loss: 0.144491 Regul: 0.028223 Obj: 0.172714 (0.100368)  NNZ: 6 (2)  Ttime: 1.4697 Vtime: 0.0513
Step: 39900000  Loss: 0.225902 Regul: 0.068848 Obj: 0.294749 (0.100368)  NNZ: 7 (2)  Ttime: 1.4428 Vtime: 0.0513
Step: 40000000  Loss: 0.943672 Regul: 0.144482 Obj: 1.088155 (0.100368)  NNZ: 11 (2)  Ttime: 1.4600 Vtime: 0.0508
Step: 40100000  Loss: 0.327377 Regul: 0.089453 Obj: 0.416830 (0.100368)  NNZ: 11 (2)  Ttime: 1.4512 Vtime: 0.0520
Step: 40200000  Loss: 0.153141 Regul: 0.020264 Obj: 0.173404 (0.100368)  NNZ: 3 (2)  Ttime: 1.4442 Vtime: 0.0513
Step: 40300000  Loss: 0.177487 Regul: 0.047705 Obj: 0.225192 (0.100368)  NNZ: 6 (2)  Ttime: 1.4176 Vtime: 0.0510
Step: 40400000  Loss: 0.193519 Regul: 0.053711 Obj: 0.247230 (0.100368)  NNZ: 9 (2)  Ttime: 1.4400 Vtime: 0.0521
Step: 40500000  Loss: 0.252949 Regul: 0.060156 Obj: 0.313105 (0.100368)  NNZ: 6 (2)  Ttime: 1.4692 Vtime: 0.0514
Step: 40600000  Loss: 0.244474 Regul: 0.037549 Obj: 0.282022 (0.100368)  NNZ: 6 (2)  Ttime: 1.4458 Vtime: 0.0521
Step: 40700000  Loss: 0.131072 Regul: 0.031299 Obj: 0.162371 (0.100368)  NNZ: 7 (2)  Ttime: 1.4276 Vtime: 0.0512
Step: 40800000  Loss: 0.513776 Regul: 0.163574 Obj: 0.677350 (0.100368)  NNZ: 14 (2)  Ttime: 1.4640 Vtime: 0.0518
Step: 40900000  Loss: 0.437861 Regul: 0.094141 Obj: 0.532002 (0.100368)  NNZ: 9 (2)  Ttime: 1.4457 Vtime: 0.0525
Step: 41000000  Loss: 0.096771 Regul: 0.016162 Obj: 0.112933 (0.100368)  NNZ: 3 (2)  Ttime: 1.4388 Vtime: 0.0523
Step: 41100000  Loss: 0.238433 Regul: 0.060303 Obj: 0.298736 (0.100368)  NNZ: 6 (2)  Ttime: 1.4411 Vtime: 0.0518
Step: 41200000  Loss: 0.296620 Regul: 0.081299 Obj: 0.377919 (0.100368)  NNZ: 5 (2)  Ttime: 1.4029 Vtime: 0.0507
Step: 41300000  Loss: 0.336177 Regul: 0.093457 Obj: 0.429634 (0.100368)  NNZ: 8 (2)  Ttime: 1.4020 Vtime: 0.0516
Step: 41400000  Loss: 0.251296 Regul: 0.058252 Obj: 0.309548 (0.100368)  NNZ: 7 (2)  Ttime: 1.4006 Vtime: 0.0518
Step: 41500000  Loss: 0.172091 Regul: 0.045361 Obj: 0.217452 (0.100368)  NNZ: 10 (2)  Ttime: 1.4079 Vtime: 0.0520
Step: 41600000  Loss: 0.378204 Regul: 0.094092 Obj: 0.472295 (0.100368)  NNZ: 10 (2)  Ttime: 1.4060 Vtime: 0.0512
Step: 41700000  Loss: 0.272133 Regul: 0.072412 Obj: 0.344545 (0.100368)  NNZ: 7 (2)  Ttime: 1.4047 Vtime: 0.0504
Step: 41800000  Loss: 0.376197 Regul: 0.071387 Obj: 0.447583 (0.100368)  NNZ: 7 (2)  Ttime: 1.4319 Vtime: 0.0517
Step: 41900000  Loss: 0.188141 Regul: 0.042529 Obj: 0.230670 (0.100368)  NNZ: 5 (2)  Ttime: 1.4328 Vtime: 0.0513
Step: 42000000  Loss: 0.125054 Regul: 0.016260 Obj: 0.141313 (0.100368)  NNZ: 3 (2)  Ttime: 1.4551 Vtime: 0.0518
Step: 42100000  Loss: 0.118767 Regul: 0.021826 Obj: 0.140593 (0.100368)  NNZ: 5 (2)  Ttime: 1.4738 Vtime: 0.0520
Step: 42200000  Loss: 1.049926 Regul: 0.066113 Obj: 1.116040 (0.100368)  NNZ: 8 (2)  Ttime: 1.4762 Vtime: 0.0520
Step: 42300000  Loss: 0.171322 Regul: 0.047070 Obj: 0.218393 (0.100368)  NNZ: 7 (2)  Ttime: 1.4368 Vtime: 0.0519
Step: 42400000  Loss: 0.284848 Regul: 0.084961 Obj: 0.369809 (0.100368)  NNZ: 10 (2)  Ttime: 1.4608 Vtime: 0.0510
Step: 42500000  Loss: 0.145868 Regul: 0.035059 Obj: 0.180926 (0.100368)  NNZ: 6 (2)  Ttime: 1.4747 Vtime: 0.0518
Step: 42600000  Loss: 0.228168 Regul: 0.052832 Obj: 0.281000 (0.100368)  NNZ: 6 (2)  Ttime: 1.4648 Vtime: 0.0514
Step: 42700000  Loss: 0.432769 Regul: 0.099023 Obj: 0.531793 (0.100368)  NNZ: 11 (2)  Ttime: 1.4716 Vtime: 0.0516
Step: 42800000  Loss: 0.226493 Regul: 0.055078 Obj: 0.281571 (0.100368)  NNZ: 8 (2)  Ttime: 1.4209 Vtime: 0.0514
Step: 42900000  Loss: 0.267232 Regul: 0.079834 Obj: 0.347066 (0.100368)  NNZ: 13 (2)  Ttime: 1.4248 Vtime: 0.0516
Step: 43000000  Loss: 0.163830 Regul: 0.036230 Obj: 0.200061 (0.100368)  NNZ: 6 (2)  Ttime: 1.4283 Vtime: 0.0516
Step: 43100000  Loss: 0.272806 Regul: 0.024902 Obj: 0.297708 (0.100368)  NNZ: 4 (2)  Ttime: 1.4500 Vtime: 0.0524
Step: 43200000  Loss: 0.643877 Regul: 0.079395 Obj: 0.723271 (0.100368)  NNZ: 8 (2)  Ttime: 1.4403 Vtime: 0.0512
Step: 43300000  Loss: 0.339437 Regul: 0.062891 Obj: 0.402327 (0.100368)  NNZ: 10 (2)  Ttime: 1.4509 Vtime: 0.0518
Step: 43400000  Loss: 0.296990 Regul: 0.092773 Obj: 0.389764 (0.100368)  NNZ: 11 (2)  Ttime: 1.4646 Vtime: 0.0508
Step: 43500000  Loss: 0.296139 Regul: 0.077246 Obj: 0.373385 (0.100368)  NNZ: 10 (2)  Ttime: 1.4448 Vtime: 0.0515
Step: 43600000  Loss: 0.204575 Regul: 0.057422 Obj: 0.261997 (0.100368)  NNZ: 9 (2)  Ttime: 1.4691 Vtime: 0.0512
Step: 43700000  Loss: 0.197451 Regul: 0.043164 Obj: 0.240615 (0.100368)  NNZ: 7 (2)  Ttime: 1.4568 Vtime: 0.0514
Step: 43800000  Loss: 0.301970 Regul: 0.091406 Obj: 0.393376 (0.100368)  NNZ: 11 (2)  Ttime: 1.4353 Vtime: 0.0512
Step: 43900000  Loss: 0.448071 Regul: 0.111035 Obj: 0.559106 (0.100368)  NNZ: 11 (2)  Ttime: 1.5018 Vtime: 0.0521
Step: 44000000  Loss: 0.278590 Regul: 0.078320 Obj: 0.356911 (0.100368)  NNZ: 7 (2)  Ttime: 1.4731 Vtime: 0.0519
Step: 44100000  Loss: 0.272484 Regul: 0.090527 Obj: 0.363011 (0.100368)  NNZ: 11 (2)  Ttime: 1.4335 Vtime: 0.0520
Step: 44200000  Loss: 0.165040 Regul: 0.041113 Obj: 0.206154 (0.100368)  NNZ: 7 (2)  Ttime: 1.4151 Vtime: 0.0521
Step: 44300000  Loss: 0.146921 Regul: 0.032227 Obj: 0.179147 (0.100368)  NNZ: 5 (2)  Ttime: 1.4119 Vtime: 0.0510
Step: 44400000  Loss: 0.269298 Regul: 0.087012 Obj: 0.356309 (0.100368)  NNZ: 10 (2)  Ttime: 1.4156 Vtime: 0.0516
Step: 44500000  Loss: 0.204205 Regul: 0.040820 Obj: 0.245026 (0.100368)  NNZ: 8 (2)  Ttime: 1.4135 Vtime: 0.0513
Step: 44600000  Loss: 0.272005 Regul: 0.036914 Obj: 0.308919 (0.100368)  NNZ: 4 (2)  Ttime: 1.4106 Vtime: 0.0520
Step: 44700000  Loss: 0.353631 Regul: 0.080859 Obj: 0.434490 (0.100368)  NNZ: 9 (2)  Ttime: 1.4128 Vtime: 0.0516
Step: 44800000  Loss: 0.311958 Regul: 0.045703 Obj: 0.357661 (0.100368)  NNZ: 9 (2)  Ttime: 1.4375 Vtime: 0.0515
Step: 44900000  Loss: 0.275322 Regul: 0.066699 Obj: 0.342022 (0.100368)  NNZ: 8 (2)  Ttime: 1.4052 Vtime: 0.0515
Step: 45000000  Loss: 0.159037 Regul: 0.033691 Obj: 0.192729 (0.100368)  NNZ: 5 (2)  Ttime: 1.4477 Vtime: 0.0520
Step: 45100000  Loss: 0.408501 Regul: 0.077539 Obj: 0.486040 (0.100368)  NNZ: 8 (2)  Ttime: 1.4693 Vtime: 0.0512
Step: 45200000  Loss: 0.252825 Regul: 0.052344 Obj: 0.305169 (0.100368)  NNZ: 8 (2)  Ttime: 1.4471 Vtime: 0.0515
Step: 45300000  Loss: 0.248651 Regul: 0.058008 Obj: 0.306659 (0.100368)  NNZ: 8 (2)  Ttime: 1.4541 Vtime: 0.0516
Step: 45400000  Loss: 0.226984 Regul: 0.051465 Obj: 0.278449 (0.100368)  NNZ: 8 (2)  Ttime: 1.4365 Vtime: 0.0513
Step: 45500000  Loss: 0.191628 Regul: 0.043457 Obj: 0.235085 (0.100368)  NNZ: 7 (2)  Ttime: 1.4600 Vtime: 0.0513
Step: 45600000  Loss: 0.223295 Regul: 0.053320 Obj: 0.276615 (0.100368)  NNZ: 7 (2)  Ttime: 1.4306 Vtime: 0.0523
Step: 45700000  Loss: 0.233353 Regul: 0.053027 Obj: 0.286381 (0.100368)  NNZ: 6 (2)  Ttime: 1.4055 Vtime: 0.0514
Step: 45800000  Loss: 0.220664 Regul: 0.048047 Obj: 0.268711 (0.100368)  NNZ: 5 (2)  Ttime: 1.4013 Vtime: 0.0517
Step: 45900000  Loss: 0.149536 Regul: 0.026270 Obj: 0.175806 (0.100368)  NNZ: 7 (2)  Ttime: 1.4070 Vtime: 0.0512
Step: 46000000  Loss: 0.736372 Regul: 0.032715 Obj: 0.769087 (0.100368)  NNZ: 4 (2)  Ttime: 1.4042 Vtime: 0.0516
Step: 46100000  Loss: 0.191736 Regul: 0.026270 Obj: 0.218006 (0.100368)  NNZ: 4 (2)  Ttime: 1.4012 Vtime: 0.0510
Step: 46200000  Loss: 0.179911 Regul: 0.054199 Obj: 0.234110 (0.100368)  NNZ: 9 (2)  Ttime: 1.4022 Vtime: 0.0513
Step: 46300000  Loss: 0.155997 Regul: 0.036230 Obj: 0.192228 (0.100368)  NNZ: 6 (2)  Ttime: 1.4018 Vtime: 0.0515
Step: 46400000  Loss: 0.135830 Regul: 0.024316 Obj: 0.160146 (0.100368)  NNZ: 6 (2)  Ttime: 1.4035 Vtime: 0.0515
Step: 46500000  Loss: 0.263289 Regul: 0.071680 Obj: 0.334969 (0.100368)  NNZ: 7 (2)  Ttime: 1.4011 Vtime: 0.0515
Step: 46600000  Loss: 0.198833 Regul: 0.038770 Obj: 0.237602 (0.100368)  NNZ: 5 (2)  Ttime: 1.3997 Vtime: 0.0523
Step: 46700000  Loss: 0.170443 Regul: 0.032422 Obj: 0.202865 (0.100368)  NNZ: 4 (2)  Ttime: 1.4043 Vtime: 0.0514
Step: 46800000  Loss: 0.310971 Regul: 0.084473 Obj: 0.395444 (0.100368)  NNZ: 8 (2)  Ttime: 1.4053 Vtime: 0.0512
Step: 46900000  Loss: 0.144835 Regul: 0.032324 Obj: 0.177160 (0.100368)  NNZ: 6 (2)  Ttime: 1.4051 Vtime: 0.0515
Step: 47000000  Loss: 0.160357 Regul: 0.034668 Obj: 0.195025 (0.100368)  NNZ: 7 (2)  Ttime: 1.4064 Vtime: 0.0512
Step: 47100000  Loss: 0.250936 Regul: 0.065039 Obj: 0.315975 (0.100368)  NNZ: 8 (2)  Ttime: 1.4041 Vtime: 0.0520
Step: 47200000  Loss: 0.164302 Regul: 0.048340 Obj: 0.212642 (0.100368)  NNZ: 12 (2)  Ttime: 1.3985 Vtime: 0.0515
Step: 47300000  Loss: 0.271353 Regul: 0.086230 Obj: 0.357584 (0.100368)  NNZ: 14 (2)  Ttime: 1.4029 Vtime: 0.0524
Step: 47400000  Loss: 0.133936 Regul: 0.030371 Obj: 0.164307 (0.100368)  NNZ: 6 (2)  Ttime: 1.3995 Vtime: 0.0511
Step: 47500000  Loss: 0.299235 Regul: 0.053711 Obj: 0.352946 (0.100368)  NNZ: 7 (2)  Ttime: 1.4097 Vtime: 0.0521
Step: 47600000  Loss: 0.126222 Regul: 0.020898 Obj: 0.147121 (0.100368)  NNZ: 3 (2)  Ttime: 1.4326 Vtime: 0.0524
Step: 47700000  Loss: 0.290900 Regul: 0.074707 Obj: 0.365607 (0.100368)  NNZ: 10 (2)  Ttime: 1.4934 Vtime: 0.0522
Step: 47800000  Loss: 0.099028 Regul: 0.009766 Obj: 0.108794 (0.100368)  NNZ: 2 (2)  Ttime: 1.4526 Vtime: 0.0518
Step: 47900000  Loss: 0.130469 Regul: 0.033887 Obj: 0.164356 (0.100368)  NNZ: 7 (2)  Ttime: 1.3975 Vtime: 0.0514
Step: 48000000  Loss: 0.207129 Regul: 0.050977 Obj: 0.258106 (0.100368)  NNZ: 7 (2)  Ttime: 1.4767 Vtime: 0.0523
Step: 48100000  Loss: 0.260223 Regul: 0.081348 Obj: 0.341570 (0.100368)  NNZ: 9 (2)  Ttime: 1.4210 Vtime: 0.0521
Step: 48200000  Loss: 0.337677 Regul: 0.088867 Obj: 0.426544 (0.100368)  NNZ: 10 (2)  Ttime: 1.4078 Vtime: 0.0511
Step: 48300000  Loss: 0.230279 Regul: 0.062988 Obj: 0.293267 (0.100368)  NNZ: 5 (2)  Ttime: 1.4351 Vtime: 0.0516
Step: 48400000  Loss: 0.486086 Regul: 0.076172 Obj: 0.562258 (0.100368)  NNZ: 8 (2)  Ttime: 1.4987 Vtime: 0.0506
Step: 48500000  Loss: 0.241552 Regul: 0.064746 Obj: 0.306299 (0.100368)  NNZ: 9 (2)  Ttime: 1.4714 Vtime: 0.0517
Step: 48600000  Loss: 0.394708 Regul: 0.042285 Obj: 0.436993 (0.100368)  NNZ: 6 (2)  Ttime: 1.4835 Vtime: 0.0520
Step: 48700000  Loss: 0.341960 Regul: 0.105078 Obj: 0.447039 (0.100368)  NNZ: 9 (2)  Ttime: 1.4866 Vtime: 0.0523
Step: 48800000  Loss: 0.269910 Regul: 0.074512 Obj: 0.344421 (0.100368)  NNZ: 10 (2)  Ttime: 1.4897 Vtime: 0.0519
Step: 48900000  Loss: 0.228627 Regul: 0.067285 Obj: 0.295912 (0.100368)  NNZ: 11 (2)  Ttime: 1.4822 Vtime: 0.0521
Step: 49000000  Loss: 0.184765 Regul: 0.057129 Obj: 0.241894 (0.100368)  NNZ: 8 (2)  Ttime: 1.4321 Vtime: 0.0521
Step: 49100000  Loss: 0.475823 Regul: 0.112012 Obj: 0.587835 (0.100368)  NNZ: 10 (2)  Ttime: 1.4761 Vtime: 0.0519
Step: 49200000  Loss: 0.119784 Regul: 0.025684 Obj: 0.145467 (0.100368)  NNZ: 6 (2)  Ttime: 1.4661 Vtime: 0.0514
Step: 49300000  Loss: 0.122870 Regul: 0.019238 Obj: 0.142109 (0.100368)  NNZ: 4 (2)  Ttime: 1.4843 Vtime: 0.0513
Step: 49400000  Loss: 0.304402 Regul: 0.075195 Obj: 0.379597 (0.100368)  NNZ: 8 (2)  Ttime: 1.4941 Vtime: 0.0519
Step: 49500000  Loss: 0.137093 Regul: 0.027637 Obj: 0.164730 (0.100368)  NNZ: 5 (2)  Ttime: 1.4644 Vtime: 0.0522
Step: 49600000  Loss: 0.227034 Regul: 0.062305 Obj: 0.289339 (0.100368)  NNZ: 8 (2)  Ttime: 1.4770 Vtime: 0.0524
Step: 49700000  Loss: 0.260909 Regul: 0.053809 Obj: 0.314718 (0.100368)  NNZ: 8 (2)  Ttime: 1.4668 Vtime: 0.0511
Step: 49800000  Loss: 0.118271 Regul: 0.022070 Obj: 0.140341 (0.100368)  NNZ: 3 (2)  Ttime: 1.4449 Vtime: 0.0513
Step: 49900000  Loss: 0.227353 Regul: 0.067090 Obj: 0.294443 (0.100368)  NNZ: 10 (2)  Ttime: 1.4315 Vtime: 0.0516
Step: 50000000  Loss: 0.125148 Regul: 0.025195 Obj: 0.150344 (0.100368)  NNZ: 4 (2)  Ttime: 1.4056 Vtime: 0.0514
