mu: 0.005 gamma: 0.225 nIters: 50000000
Load PRParams.
Load RingParams.
Load Labels: 500000
Load Distances: 500000 x 5120
0...10...20...30...40...50...60...70...80...90...100 - done.
Positive samples #250000
Negative samples #250000
Positive train #200000
Negative train #200000
Positive valid #50000
Negative valid #50000

Found GPU: GeForce GTX 970
Compute Capability: 5.2

Best: 100000  Loss: 0.302886 Regul: 0.002199 Obj: 0.305085 (0.305085)  NNZ: 4 (4)  Ttime: 1.3811 Vtime: 0.2196
Stat: nPR #24 (#32) Dim/MaxDim [192/640] AUC: 0.914083 FPR95: 62.40 [saved]
Best: 200000  Loss: 0.117528 Regul: 0.006003 Obj: 0.123531 (0.123531)  NNZ: 12 (12)  Ttime: 1.3815 Vtime: 0.0512
Stat: nPR #92 (#96) Dim/MaxDim [736/640] AUC: 0.971885 FPR95: 15.58
Best: 300000  Loss: 0.118269 Regul: 0.004782 Obj: 0.123051 (0.123051)  NNZ: 9 (9)  Ttime: 1.3799 Vtime: 0.0514
Stat: nPR #52 (#72) Dim/MaxDim [416/640] AUC: 0.967466 FPR95: 18.92 [saved]
Step: 400000  Loss: 0.139030 Regul: 0.006380 Obj: 0.145410 (0.123051)  NNZ: 14 (9)  Ttime: 1.3834 Vtime: 0.0521
Best: 500000  Loss: 0.093079 Regul: 0.003207 Obj: 0.096286 (0.096286)  NNZ: 6 (6)  Ttime: 1.3774 Vtime: 0.0514
Stat: nPR #48 (#48) Dim/MaxDim [384/640] AUC: 0.968008 FPR95: 18.97 [saved]
Best: 600000  Loss: 0.089302 Regul: 0.003256 Obj: 0.092558 (0.092558)  NNZ: 12 (12)  Ttime: 1.3812 Vtime: 0.0512
Stat: nPR #80 (#96) Dim/MaxDim [640/640] AUC: 0.970011 FPR95: 17.25 [saved]
Step: 700000  Loss: 0.131596 Regul: 0.003306 Obj: 0.134902 (0.092558)  NNZ: 10 (12)  Ttime: 1.3800 Vtime: 0.0508
Step: 800000  Loss: 0.128194 Regul: 0.005019 Obj: 0.133214 (0.092558)  NNZ: 13 (12)  Ttime: 1.3798 Vtime: 0.0516
Step: 900000  Loss: 0.240443 Regul: 0.011557 Obj: 0.251999 (0.092558)  NNZ: 24 (12)  Ttime: 1.3799 Vtime: 0.0512
Step: 1000000  Loss: 0.119019 Regul: 0.005832 Obj: 0.124851 (0.092558)  NNZ: 17 (12)  Ttime: 1.3811 Vtime: 0.0514
Step: 1100000  Loss: 0.114256 Regul: 0.004153 Obj: 0.118408 (0.092558)  NNZ: 12 (12)  Ttime: 1.3799 Vtime: 0.0514
Step: 1200000  Loss: 0.127177 Regul: 0.006316 Obj: 0.133493 (0.092558)  NNZ: 16 (12)  Ttime: 1.3784 Vtime: 0.0520
Step: 1300000  Loss: 0.133588 Regul: 0.002942 Obj: 0.136530 (0.092558)  NNZ: 10 (12)  Ttime: 1.3830 Vtime: 0.0510
Step: 1400000  Loss: 0.108087 Regul: 0.004379 Obj: 0.112466 (0.092558)  NNZ: 14 (12)  Ttime: 1.3791 Vtime: 0.0511
Step: 1500000  Loss: 0.089785 Regul: 0.003252 Obj: 0.093037 (0.092558)  NNZ: 10 (12)  Ttime: 1.3802 Vtime: 0.0512
Step: 1600000  Loss: 0.090792 Regul: 0.003982 Obj: 0.094774 (0.092558)  NNZ: 16 (12)  Ttime: 1.3799 Vtime: 0.0510
Step: 1700000  Loss: 0.110627 Regul: 0.004255 Obj: 0.114882 (0.092558)  NNZ: 14 (12)  Ttime: 1.3789 Vtime: 0.0511
Step: 1800000  Loss: 0.096134 Regul: 0.003800 Obj: 0.099934 (0.092558)  NNZ: 18 (12)  Ttime: 1.3831 Vtime: 0.0509
Best: 1900000  Loss: 0.081307 Regul: 0.002526 Obj: 0.083833 (0.083833)  NNZ: 13 (13)  Ttime: 1.3797 Vtime: 0.0515
Stat: nPR #88 (#104) Dim/MaxDim [704/640] AUC: 0.970035 FPR95: 17.35
Best: 2000000  Loss: 0.079158 Regul: 0.002234 Obj: 0.081393 (0.081393)  NNZ: 9 (9)  Ttime: 1.3780 Vtime: 0.0511
Stat: nPR #60 (#72) Dim/MaxDim [480/640] AUC: 0.970417 FPR95: 16.31 [saved]
Step: 2100000  Loss: 0.093049 Regul: 0.003421 Obj: 0.096470 (0.081393)  NNZ: 14 (9)  Ttime: 1.3803 Vtime: 0.0514
Best: 2200000  Loss: 0.075310 Regul: 0.002515 Obj: 0.077824 (0.077824)  NNZ: 12 (12)  Ttime: 1.3855 Vtime: 0.0516
Stat: nPR #84 (#96) Dim/MaxDim [672/640] AUC: 0.971807 FPR95: 15.45
Step: 2300000  Loss: 0.085311 Regul: 0.003649 Obj: 0.088961 (0.077824)  NNZ: 10 (12)  Ttime: 1.3821 Vtime: 0.0521
Step: 2400000  Loss: 0.086709 Regul: 0.003495 Obj: 0.090203 (0.077824)  NNZ: 11 (12)  Ttime: 1.3795 Vtime: 0.0517
Step: 2500000  Loss: 0.084473 Regul: 0.003355 Obj: 0.087828 (0.077824)  NNZ: 14 (12)  Ttime: 1.3798 Vtime: 0.0511
Best: 2600000  Loss: 0.074967 Regul: 0.002518 Obj: 0.077485 (0.077485)  NNZ: 14 (14)  Ttime: 1.3790 Vtime: 0.0515
Stat: nPR #84 (#112) Dim/MaxDim [672/640] AUC: 0.971538 FPR95: 15.67
Step: 2700000  Loss: 0.091047 Regul: 0.004378 Obj: 0.095424 (0.077485)  NNZ: 18 (14)  Ttime: 1.3799 Vtime: 0.0514
Step: 2800000  Loss: 0.085770 Regul: 0.003529 Obj: 0.089299 (0.077485)  NNZ: 13 (14)  Ttime: 1.3795 Vtime: 0.0517
Step: 2900000  Loss: 0.088999 Regul: 0.003715 Obj: 0.092714 (0.077485)  NNZ: 13 (14)  Ttime: 1.3791 Vtime: 0.0520
Step: 3000000  Loss: 0.116961 Regul: 0.003425 Obj: 0.120385 (0.077485)  NNZ: 16 (14)  Ttime: 1.3808 Vtime: 0.0513
Step: 3100000  Loss: 0.085693 Regul: 0.003120 Obj: 0.088814 (0.077485)  NNZ: 14 (14)  Ttime: 1.3802 Vtime: 0.0514
Step: 3200000  Loss: 0.088680 Regul: 0.002794 Obj: 0.091474 (0.077485)  NNZ: 16 (14)  Ttime: 1.3802 Vtime: 0.0512
Step: 3300000  Loss: 0.084052 Regul: 0.002436 Obj: 0.086488 (0.077485)  NNZ: 13 (14)  Ttime: 1.3813 Vtime: 0.0526
Step: 3400000  Loss: 0.083269 Regul: 0.003138 Obj: 0.086407 (0.077485)  NNZ: 12 (14)  Ttime: 1.3831 Vtime: 0.0513
Step: 3500000  Loss: 0.152880 Regul: 0.003409 Obj: 0.156289 (0.077485)  NNZ: 14 (14)  Ttime: 1.3878 Vtime: 0.0518
Step: 3600000  Loss: 0.111748 Regul: 0.002745 Obj: 0.114493 (0.077485)  NNZ: 12 (14)  Ttime: 1.3797 Vtime: 0.0520
Step: 3700000  Loss: 0.085846 Regul: 0.002793 Obj: 0.088639 (0.077485)  NNZ: 11 (14)  Ttime: 1.3854 Vtime: 0.0520
Step: 3800000  Loss: 0.082158 Regul: 0.003279 Obj: 0.085437 (0.077485)  NNZ: 14 (14)  Ttime: 1.3814 Vtime: 0.0512
Step: 3900000  Loss: 0.076626 Regul: 0.002195 Obj: 0.078821 (0.077485)  NNZ: 9 (14)  Ttime: 1.3848 Vtime: 0.0512
Step: 4000000  Loss: 0.089307 Regul: 0.001654 Obj: 0.090960 (0.077485)  NNZ: 8 (14)  Ttime: 1.3803 Vtime: 0.0508
Step: 4100000  Loss: 0.092726 Regul: 0.004117 Obj: 0.096843 (0.077485)  NNZ: 18 (14)  Ttime: 1.3781 Vtime: 0.0520
Step: 4200000  Loss: 0.090725 Regul: 0.003796 Obj: 0.094521 (0.077485)  NNZ: 16 (14)  Ttime: 1.3800 Vtime: 0.0516
Step: 4300000  Loss: 0.083979 Regul: 0.002994 Obj: 0.086973 (0.077485)  NNZ: 19 (14)  Ttime: 1.3826 Vtime: 0.0516
Step: 4400000  Loss: 0.082697 Regul: 0.003148 Obj: 0.085845 (0.077485)  NNZ: 16 (14)  Ttime: 1.3803 Vtime: 0.0511
Step: 4500000  Loss: 0.093030 Regul: 0.002120 Obj: 0.095150 (0.077485)  NNZ: 11 (14)  Ttime: 1.3806 Vtime: 0.0523
Step: 4600000  Loss: 0.077116 Regul: 0.002833 Obj: 0.079949 (0.077485)  NNZ: 11 (14)  Ttime: 1.3829 Vtime: 0.0508
Step: 4700000  Loss: 0.087782 Regul: 0.002907 Obj: 0.090690 (0.077485)  NNZ: 11 (14)  Ttime: 1.3808 Vtime: 0.0513
Step: 4800000  Loss: 0.091876 Regul: 0.003185 Obj: 0.095062 (0.077485)  NNZ: 16 (14)  Ttime: 1.3814 Vtime: 0.0513
Best: 4900000  Loss: 0.072816 Regul: 0.001970 Obj: 0.074787 (0.074787)  NNZ: 13 (13)  Ttime: 1.3814 Vtime: 0.0518
Stat: nPR #84 (#104) Dim/MaxDim [672/640] AUC: 0.971691 FPR95: 15.43
Step: 5000000  Loss: 0.095769 Regul: 0.001780 Obj: 0.097549 (0.074787)  NNZ: 11 (13)  Ttime: 1.3802 Vtime: 0.0523
Step: 5100000  Loss: 0.105805 Regul: 0.004313 Obj: 0.110118 (0.074787)  NNZ: 21 (13)  Ttime: 1.3847 Vtime: 0.0530
Step: 5200000  Loss: 0.083407 Regul: 0.001821 Obj: 0.085228 (0.074787)  NNZ: 11 (13)  Ttime: 1.3810 Vtime: 0.0514
Step: 5300000  Loss: 0.074218 Regul: 0.002400 Obj: 0.076618 (0.074787)  NNZ: 11 (13)  Ttime: 1.3798 Vtime: 0.0512
Step: 5400000  Loss: 0.087712 Regul: 0.003147 Obj: 0.090858 (0.074787)  NNZ: 17 (13)  Ttime: 1.3825 Vtime: 0.0515
Step: 5500000  Loss: 0.090819 Regul: 0.002230 Obj: 0.093049 (0.074787)  NNZ: 16 (13)  Ttime: 1.3805 Vtime: 0.0515
Step: 5600000  Loss: 0.095719 Regul: 0.003903 Obj: 0.099622 (0.074787)  NNZ: 16 (13)  Ttime: 1.3791 Vtime: 0.0509
Step: 5700000  Loss: 0.092016 Regul: 0.004302 Obj: 0.096318 (0.074787)  NNZ: 20 (13)  Ttime: 1.3839 Vtime: 0.0503
Step: 5800000  Loss: 0.082324 Regul: 0.003456 Obj: 0.085781 (0.074787)  NNZ: 15 (13)  Ttime: 1.3792 Vtime: 0.0517
Step: 5900000  Loss: 0.085468 Regul: 0.001684 Obj: 0.087152 (0.074787)  NNZ: 14 (13)  Ttime: 1.3810 Vtime: 0.0515
Step: 6000000  Loss: 0.084476 Regul: 0.002597 Obj: 0.087074 (0.074787)  NNZ: 14 (13)  Ttime: 1.3801 Vtime: 0.0515
Step: 6100000  Loss: 0.085196 Regul: 0.002684 Obj: 0.087881 (0.074787)  NNZ: 12 (13)  Ttime: 1.3829 Vtime: 0.0514
Step: 6200000  Loss: 0.082443 Regul: 0.002588 Obj: 0.085031 (0.074787)  NNZ: 12 (13)  Ttime: 1.3835 Vtime: 0.0510
Step: 6300000  Loss: 0.076052 Regul: 0.001844 Obj: 0.077896 (0.074787)  NNZ: 13 (13)  Ttime: 1.3785 Vtime: 0.0524
Step: 6400000  Loss: 0.083184 Regul: 0.002472 Obj: 0.085656 (0.074787)  NNZ: 15 (13)  Ttime: 1.3787 Vtime: 0.0517
Step: 6500000  Loss: 0.081247 Regul: 0.001895 Obj: 0.083141 (0.074787)  NNZ: 10 (13)  Ttime: 1.3787 Vtime: 0.0515
Step: 6600000  Loss: 0.081607 Regul: 0.003529 Obj: 0.085136 (0.074787)  NNZ: 16 (13)  Ttime: 1.3805 Vtime: 0.0516
Step: 6700000  Loss: 0.107069 Regul: 0.002332 Obj: 0.109401 (0.074787)  NNZ: 18 (13)  Ttime: 1.3870 Vtime: 0.0518
Step: 6800000  Loss: 0.079204 Regul: 0.002290 Obj: 0.081494 (0.074787)  NNZ: 16 (13)  Ttime: 1.3857 Vtime: 0.0516
Step: 6900000  Loss: 0.088568 Regul: 0.002200 Obj: 0.090768 (0.074787)  NNZ: 12 (13)  Ttime: 1.3854 Vtime: 0.0517
Step: 7000000  Loss: 0.083568 Regul: 0.002999 Obj: 0.086568 (0.074787)  NNZ: 17 (13)  Ttime: 1.3851 Vtime: 0.0517
Step: 7100000  Loss: 0.103607 Regul: 0.003426 Obj: 0.107034 (0.074787)  NNZ: 14 (13)  Ttime: 1.3840 Vtime: 0.0518
Step: 7200000  Loss: 0.089246 Regul: 0.002966 Obj: 0.092212 (0.074787)  NNZ: 19 (13)  Ttime: 1.3839 Vtime: 0.0512
Step: 7300000  Loss: 0.090337 Regul: 0.003748 Obj: 0.094085 (0.074787)  NNZ: 16 (13)  Ttime: 1.3848 Vtime: 0.0515
Step: 7400000  Loss: 0.078081 Regul: 0.002832 Obj: 0.080913 (0.074787)  NNZ: 16 (13)  Ttime: 1.3846 Vtime: 0.0506
Step: 7500000  Loss: 0.089268 Regul: 0.002750 Obj: 0.092017 (0.074787)  NNZ: 15 (13)  Ttime: 1.3842 Vtime: 0.0514
Step: 7600000  Loss: 0.078930 Regul: 0.002730 Obj: 0.081660 (0.074787)  NNZ: 19 (13)  Ttime: 1.3863 Vtime: 0.0512
Step: 7700000  Loss: 0.085133 Regul: 0.003691 Obj: 0.088823 (0.074787)  NNZ: 17 (13)  Ttime: 1.3829 Vtime: 0.0517
Step: 7800000  Loss: 0.079529 Regul: 0.002672 Obj: 0.082200 (0.074787)  NNZ: 12 (13)  Ttime: 1.3851 Vtime: 0.0518
Step: 7900000  Loss: 0.084868 Regul: 0.003273 Obj: 0.088141 (0.074787)  NNZ: 15 (13)  Ttime: 1.3856 Vtime: 0.0519
Step: 8000000  Loss: 0.086671 Regul: 0.003408 Obj: 0.090079 (0.074787)  NNZ: 16 (13)  Ttime: 1.3852 Vtime: 0.0517
Step: 8100000  Loss: 0.089669 Regul: 0.003697 Obj: 0.093366 (0.074787)  NNZ: 19 (13)  Ttime: 1.3858 Vtime: 0.0514
Step: 8200000  Loss: 0.087130 Regul: 0.003142 Obj: 0.090272 (0.074787)  NNZ: 16 (13)  Ttime: 1.3881 Vtime: 0.0513
Step: 8300000  Loss: 0.098151 Regul: 0.001604 Obj: 0.099755 (0.074787)  NNZ: 13 (13)  Ttime: 1.3954 Vtime: 0.0517
Step: 8400000  Loss: 0.077822 Regul: 0.003085 Obj: 0.080908 (0.074787)  NNZ: 17 (13)  Ttime: 1.3851 Vtime: 0.0515
Step: 8500000  Loss: 0.092754 Regul: 0.003594 Obj: 0.096348 (0.074787)  NNZ: 18 (13)  Ttime: 1.3856 Vtime: 0.0518
Step: 8600000  Loss: 0.081487 Regul: 0.003056 Obj: 0.084544 (0.074787)  NNZ: 14 (13)  Ttime: 1.3841 Vtime: 0.0508
Step: 8700000  Loss: 0.086462 Regul: 0.002899 Obj: 0.089361 (0.074787)  NNZ: 17 (13)  Ttime: 1.3847 Vtime: 0.0523
Step: 8800000  Loss: 0.088833 Regul: 0.003463 Obj: 0.092296 (0.074787)  NNZ: 15 (13)  Ttime: 1.3848 Vtime: 0.0512
Step: 8900000  Loss: 0.075894 Regul: 0.002618 Obj: 0.078512 (0.074787)  NNZ: 14 (13)  Ttime: 1.3855 Vtime: 0.0525
Step: 9000000  Loss: 0.120531 Regul: 0.002358 Obj: 0.122889 (0.074787)  NNZ: 10 (13)  Ttime: 1.3844 Vtime: 0.0521
Step: 9100000  Loss: 0.099201 Regul: 0.003079 Obj: 0.102280 (0.074787)  NNZ: 16 (13)  Ttime: 1.3831 Vtime: 0.0517
Step: 9200000  Loss: 0.083464 Regul: 0.003287 Obj: 0.086751 (0.074787)  NNZ: 16 (13)  Ttime: 1.3865 Vtime: 0.0514
Step: 9300000  Loss: 0.084556 Regul: 0.002305 Obj: 0.086861 (0.074787)  NNZ: 9 (13)  Ttime: 1.3882 Vtime: 0.0517
Step: 9400000  Loss: 0.083956 Regul: 0.003494 Obj: 0.087450 (0.074787)  NNZ: 19 (13)  Ttime: 1.3837 Vtime: 0.0511
Step: 9500000  Loss: 0.077076 Regul: 0.002630 Obj: 0.079706 (0.074787)  NNZ: 17 (13)  Ttime: 1.3862 Vtime: 0.0512
Step: 9600000  Loss: 0.078280 Regul: 0.002762 Obj: 0.081042 (0.074787)  NNZ: 15 (13)  Ttime: 1.3886 Vtime: 0.0516
Step: 9700000  Loss: 0.078712 Regul: 0.001740 Obj: 0.080452 (0.074787)  NNZ: 13 (13)  Ttime: 1.3863 Vtime: 0.0518
Step: 9800000  Loss: 0.076814 Regul: 0.002546 Obj: 0.079360 (0.074787)  NNZ: 12 (13)  Ttime: 1.3869 Vtime: 0.0511
Step: 9900000  Loss: 0.089899 Regul: 0.002300 Obj: 0.092198 (0.074787)  NNZ: 11 (13)  Ttime: 1.3898 Vtime: 0.0512
Step: 10000000  Loss: 0.079495 Regul: 0.002318 Obj: 0.081814 (0.074787)  NNZ: 13 (13)  Ttime: 1.3857 Vtime: 0.0514
Step: 10100000  Loss: 0.086460 Regul: 0.002705 Obj: 0.089166 (0.074787)  NNZ: 15 (13)  Ttime: 1.3929 Vtime: 0.0523
Step: 10200000  Loss: 0.074608 Regul: 0.002444 Obj: 0.077051 (0.074787)  NNZ: 13 (13)  Ttime: 1.3876 Vtime: 0.0517
Step: 10300000  Loss: 0.075246 Regul: 0.002402 Obj: 0.077648 (0.074787)  NNZ: 11 (13)  Ttime: 1.3866 Vtime: 0.0511
Step: 10400000  Loss: 0.078931 Regul: 0.002190 Obj: 0.081120 (0.074787)  NNZ: 14 (13)  Ttime: 1.3880 Vtime: 0.0523
Step: 10500000  Loss: 0.081454 Regul: 0.002880 Obj: 0.084334 (0.074787)  NNZ: 17 (13)  Ttime: 1.3876 Vtime: 0.0513
Step: 10600000  Loss: 0.076890 Regul: 0.002564 Obj: 0.079455 (0.074787)  NNZ: 15 (13)  Ttime: 1.3846 Vtime: 0.0507
Step: 10700000  Loss: 0.078066 Regul: 0.002612 Obj: 0.080678 (0.074787)  NNZ: 19 (13)  Ttime: 1.3883 Vtime: 0.0521
Step: 10800000  Loss: 0.082892 Regul: 0.003305 Obj: 0.086197 (0.074787)  NNZ: 18 (13)  Ttime: 1.3864 Vtime: 0.0508
Step: 10900000  Loss: 0.085650 Regul: 0.003037 Obj: 0.088687 (0.074787)  NNZ: 17 (13)  Ttime: 1.3859 Vtime: 0.0515
Step: 11000000  Loss: 0.082089 Regul: 0.002799 Obj: 0.084888 (0.074787)  NNZ: 15 (13)  Ttime: 1.3846 Vtime: 0.0512
Step: 11100000  Loss: 0.083691 Regul: 0.002931 Obj: 0.086622 (0.074787)  NNZ: 16 (13)  Ttime: 1.3858 Vtime: 0.0506
Step: 11200000  Loss: 0.088107 Regul: 0.002104 Obj: 0.090212 (0.074787)  NNZ: 11 (13)  Ttime: 1.3864 Vtime: 0.0510
Step: 11300000  Loss: 0.073169 Regul: 0.001874 Obj: 0.075043 (0.074787)  NNZ: 12 (13)  Ttime: 1.3884 Vtime: 0.0511
Step: 11400000  Loss: 0.080450 Regul: 0.001929 Obj: 0.082379 (0.074787)  NNZ: 14 (13)  Ttime: 1.3910 Vtime: 0.0518
Step: 11500000  Loss: 0.084326 Regul: 0.001690 Obj: 0.086016 (0.074787)  NNZ: 13 (13)  Ttime: 1.3866 Vtime: 0.0515
Step: 11600000  Loss: 0.073127 Regul: 0.002002 Obj: 0.075129 (0.074787)  NNZ: 17 (13)  Ttime: 1.3855 Vtime: 0.0514
Step: 11700000  Loss: 0.082840 Regul: 0.002921 Obj: 0.085761 (0.074787)  NNZ: 17 (13)  Ttime: 1.3844 Vtime: 0.0509
Step: 11800000  Loss: 0.078500 Regul: 0.002860 Obj: 0.081360 (0.074787)  NNZ: 15 (13)  Ttime: 1.3853 Vtime: 0.0517
Step: 11900000  Loss: 0.077936 Regul: 0.002590 Obj: 0.080526 (0.074787)  NNZ: 12 (13)  Ttime: 1.3908 Vtime: 0.0509
Step: 12000000  Loss: 0.090210 Regul: 0.003693 Obj: 0.093903 (0.074787)  NNZ: 19 (13)  Ttime: 1.3870 Vtime: 0.0512
Step: 12100000  Loss: 0.086981 Regul: 0.003251 Obj: 0.090232 (0.074787)  NNZ: 17 (13)  Ttime: 1.3848 Vtime: 0.0510
Step: 12200000  Loss: 0.077760 Regul: 0.002898 Obj: 0.080659 (0.074787)  NNZ: 16 (13)  Ttime: 1.3853 Vtime: 0.0509
Step: 12300000  Loss: 0.077095 Regul: 0.002978 Obj: 0.080073 (0.074787)  NNZ: 19 (13)  Ttime: 1.3867 Vtime: 0.0509
Step: 12400000  Loss: 0.077160 Regul: 0.002821 Obj: 0.079981 (0.074787)  NNZ: 14 (13)  Ttime: 1.3858 Vtime: 0.0515
Step: 12500000  Loss: 0.080571 Regul: 0.002432 Obj: 0.083002 (0.074787)  NNZ: 17 (13)  Ttime: 1.3862 Vtime: 0.0505
Step: 12600000  Loss: 0.080793 Regul: 0.003052 Obj: 0.083844 (0.074787)  NNZ: 18 (13)  Ttime: 1.3796 Vtime: 0.0515
Step: 12700000  Loss: 0.076778 Regul: 0.002796 Obj: 0.079574 (0.074787)  NNZ: 16 (13)  Ttime: 1.3820 Vtime: 0.0514
Step: 12800000  Loss: 0.078098 Regul: 0.002573 Obj: 0.080671 (0.074787)  NNZ: 16 (13)  Ttime: 1.3855 Vtime: 0.0516
Step: 12900000  Loss: 0.084473 Regul: 0.002885 Obj: 0.087358 (0.074787)  NNZ: 19 (13)  Ttime: 1.3840 Vtime: 0.0517
Step: 13000000  Loss: 0.087806 Regul: 0.002252 Obj: 0.090058 (0.074787)  NNZ: 14 (13)  Ttime: 1.3854 Vtime: 0.0516
Step: 13100000  Loss: 0.080364 Regul: 0.001878 Obj: 0.082242 (0.074787)  NNZ: 13 (13)  Ttime: 1.3873 Vtime: 0.0515
Step: 13200000  Loss: 0.089332 Regul: 0.003237 Obj: 0.092570 (0.074787)  NNZ: 19 (13)  Ttime: 1.3869 Vtime: 0.0515
Best: 13300000  Loss: 0.072274 Regul: 0.001856 Obj: 0.074130 (0.074130)  NNZ: 15 (15)  Ttime: 1.3877 Vtime: 0.0517
Stat: nPR #96 (#120) Dim/MaxDim [768/640] AUC: 0.971944 FPR95: 15.21
Step: 13400000  Loss: 0.080940 Regul: 0.002838 Obj: 0.083778 (0.074130)  NNZ: 14 (15)  Ttime: 1.3870 Vtime: 0.0511
Step: 13500000  Loss: 0.084639 Regul: 0.002487 Obj: 0.087126 (0.074130)  NNZ: 14 (15)  Ttime: 1.3876 Vtime: 0.0520
Step: 13600000  Loss: 0.078612 Regul: 0.003005 Obj: 0.081617 (0.074130)  NNZ: 21 (15)  Ttime: 1.3885 Vtime: 0.0512
Step: 13700000  Loss: 0.078886 Regul: 0.003114 Obj: 0.082000 (0.074130)  NNZ: 17 (15)  Ttime: 1.3879 Vtime: 0.0524
Step: 13800000  Loss: 0.089426 Regul: 0.002640 Obj: 0.092066 (0.074130)  NNZ: 15 (15)  Ttime: 1.3874 Vtime: 0.0515
Step: 13900000  Loss: 0.075960 Regul: 0.002757 Obj: 0.078717 (0.074130)  NNZ: 17 (15)  Ttime: 1.3871 Vtime: 0.0511
Step: 14000000  Loss: 0.075723 Regul: 0.002214 Obj: 0.077936 (0.074130)  NNZ: 14 (15)  Ttime: 1.3877 Vtime: 0.0519
Step: 14100000  Loss: 0.081066 Regul: 0.003224 Obj: 0.084290 (0.074130)  NNZ: 16 (15)  Ttime: 1.3866 Vtime: 0.0517
Step: 14200000  Loss: 0.087612 Regul: 0.002997 Obj: 0.090609 (0.074130)  NNZ: 15 (15)  Ttime: 1.4009 Vtime: 0.0510
Step: 14300000  Loss: 0.076773 Regul: 0.002436 Obj: 0.079209 (0.074130)  NNZ: 13 (15)  Ttime: 1.3878 Vtime: 0.0514
Step: 14400000  Loss: 0.077289 Regul: 0.002898 Obj: 0.080187 (0.074130)  NNZ: 14 (15)  Ttime: 1.3868 Vtime: 0.0523
Step: 14500000  Loss: 0.080370 Regul: 0.003237 Obj: 0.083607 (0.074130)  NNZ: 16 (15)  Ttime: 1.3894 Vtime: 0.0514
Step: 14600000  Loss: 0.082764 Regul: 0.002897 Obj: 0.085661 (0.074130)  NNZ: 17 (15)  Ttime: 1.3845 Vtime: 0.0513
Step: 14700000  Loss: 0.075508 Regul: 0.002961 Obj: 0.078470 (0.074130)  NNZ: 19 (15)  Ttime: 1.3852 Vtime: 0.0516
Step: 14800000  Loss: 0.074737 Regul: 0.002368 Obj: 0.077105 (0.074130)  NNZ: 17 (15)  Ttime: 1.3912 Vtime: 0.0513
Step: 14900000  Loss: 0.079225 Regul: 0.003257 Obj: 0.082482 (0.074130)  NNZ: 19 (15)  Ttime: 1.3887 Vtime: 0.0511
Step: 15000000  Loss: 0.079015 Regul: 0.002494 Obj: 0.081509 (0.074130)  NNZ: 17 (15)  Ttime: 1.3882 Vtime: 0.0511
Step: 15100000  Loss: 0.088595 Regul: 0.002972 Obj: 0.091568 (0.074130)  NNZ: 14 (15)  Ttime: 1.3897 Vtime: 0.0508
Step: 15200000  Loss: 0.077613 Regul: 0.002594 Obj: 0.080207 (0.074130)  NNZ: 18 (15)  Ttime: 1.3855 Vtime: 0.0517
Step: 15300000  Loss: 0.077591 Regul: 0.002541 Obj: 0.080132 (0.074130)  NNZ: 18 (15)  Ttime: 1.3861 Vtime: 0.0511
Step: 15400000  Loss: 0.076709 Regul: 0.002643 Obj: 0.079352 (0.074130)  NNZ: 19 (15)  Ttime: 1.3916 Vtime: 0.0511
Step: 15500000  Loss: 0.076628 Regul: 0.002705 Obj: 0.079333 (0.074130)  NNZ: 16 (15)  Ttime: 1.3860 Vtime: 0.0512
Step: 15600000  Loss: 0.081061 Regul: 0.003192 Obj: 0.084253 (0.074130)  NNZ: 19 (15)  Ttime: 1.3875 Vtime: 0.0511
Step: 15700000  Loss: 0.081774 Regul: 0.002637 Obj: 0.084411 (0.074130)  NNZ: 16 (15)  Ttime: 1.3863 Vtime: 0.0513
Step: 15800000  Loss: 0.077252 Regul: 0.002681 Obj: 0.079933 (0.074130)  NNZ: 18 (15)  Ttime: 1.3877 Vtime: 0.0518
Step: 15900000  Loss: 0.078337 Regul: 0.002894 Obj: 0.081230 (0.074130)  NNZ: 15 (15)  Ttime: 1.3827 Vtime: 0.0517
Step: 16000000  Loss: 0.074278 Regul: 0.002612 Obj: 0.076890 (0.074130)  NNZ: 20 (15)  Ttime: 1.3820 Vtime: 0.0509
Step: 16100000  Loss: 0.103067 Regul: 0.003636 Obj: 0.106703 (0.074130)  NNZ: 23 (15)  Ttime: 1.3871 Vtime: 0.0517
Step: 16200000  Loss: 0.078028 Regul: 0.002937 Obj: 0.080965 (0.074130)  NNZ: 16 (15)  Ttime: 1.3871 Vtime: 0.0515
Step: 16300000  Loss: 0.076572 Regul: 0.002579 Obj: 0.079151 (0.074130)  NNZ: 17 (15)  Ttime: 1.3847 Vtime: 0.0517
Step: 16400000  Loss: 0.074734 Regul: 0.002353 Obj: 0.077087 (0.074130)  NNZ: 13 (15)  Ttime: 1.3863 Vtime: 0.0515
Step: 16500000  Loss: 0.076746 Regul: 0.002452 Obj: 0.079198 (0.074130)  NNZ: 15 (15)  Ttime: 1.3844 Vtime: 0.0515
Step: 16600000  Loss: 0.079764 Regul: 0.003412 Obj: 0.083176 (0.074130)  NNZ: 26 (15)  Ttime: 1.3857 Vtime: 0.0515
Step: 16700000  Loss: 0.076058 Regul: 0.001684 Obj: 0.077742 (0.074130)  NNZ: 13 (15)  Ttime: 1.3862 Vtime: 0.0515
Step: 16800000  Loss: 0.079926 Regul: 0.002723 Obj: 0.082649 (0.074130)  NNZ: 14 (15)  Ttime: 1.3834 Vtime: 0.0526
Step: 16900000  Loss: 0.077520 Regul: 0.002861 Obj: 0.080381 (0.074130)  NNZ: 16 (15)  Ttime: 1.3870 Vtime: 0.0510
Step: 17000000  Loss: 0.073636 Regul: 0.002230 Obj: 0.075866 (0.074130)  NNZ: 13 (15)  Ttime: 1.3876 Vtime: 0.0515
Step: 17100000  Loss: 0.084947 Regul: 0.002338 Obj: 0.087285 (0.074130)  NNZ: 16 (15)  Ttime: 1.3876 Vtime: 0.0513
Step: 17200000  Loss: 0.076047 Regul: 0.002687 Obj: 0.078734 (0.074130)  NNZ: 18 (15)  Ttime: 1.3851 Vtime: 0.0515
Step: 17300000  Loss: 0.084601 Regul: 0.003090 Obj: 0.087692 (0.074130)  NNZ: 22 (15)  Ttime: 1.3892 Vtime: 0.0510
Step: 17400000  Loss: 0.090610 Regul: 0.002667 Obj: 0.093277 (0.074130)  NNZ: 18 (15)  Ttime: 1.4053 Vtime: 0.0515
Step: 17500000  Loss: 0.072548 Regul: 0.002096 Obj: 0.074644 (0.074130)  NNZ: 18 (15)  Ttime: 1.3871 Vtime: 0.0513
Step: 17600000  Loss: 0.083559 Regul: 0.002272 Obj: 0.085831 (0.074130)  NNZ: 15 (15)  Ttime: 1.3866 Vtime: 0.0511
Step: 17700000  Loss: 0.081478 Regul: 0.002644 Obj: 0.084122 (0.074130)  NNZ: 15 (15)  Ttime: 1.3876 Vtime: 0.0513
Step: 17800000  Loss: 0.074570 Regul: 0.002486 Obj: 0.077056 (0.074130)  NNZ: 16 (15)  Ttime: 1.3861 Vtime: 0.0513
Step: 17900000  Loss: 0.079165 Regul: 0.003239 Obj: 0.082404 (0.074130)  NNZ: 17 (15)  Ttime: 1.3986 Vtime: 0.0511
Step: 18000000  Loss: 0.078364 Regul: 0.003098 Obj: 0.081462 (0.074130)  NNZ: 19 (15)  Ttime: 1.3884 Vtime: 0.0510
Step: 18100000  Loss: 0.076709 Regul: 0.002766 Obj: 0.079475 (0.074130)  NNZ: 19 (15)  Ttime: 1.3846 Vtime: 0.0512
Step: 18200000  Loss: 0.075712 Regul: 0.001890 Obj: 0.077601 (0.074130)  NNZ: 13 (15)  Ttime: 1.3840 Vtime: 0.0508
Step: 18300000  Loss: 0.077164 Regul: 0.002523 Obj: 0.079686 (0.074130)  NNZ: 17 (15)  Ttime: 1.3861 Vtime: 0.0521
Step: 18400000  Loss: 0.083113 Regul: 0.002596 Obj: 0.085708 (0.074130)  NNZ: 18 (15)  Ttime: 1.3871 Vtime: 0.0521
Step: 18500000  Loss: 0.076707 Regul: 0.001362 Obj: 0.078069 (0.074130)  NNZ: 13 (15)  Ttime: 1.3872 Vtime: 0.0511
Step: 18600000  Loss: 0.075880 Regul: 0.002510 Obj: 0.078390 (0.074130)  NNZ: 15 (15)  Ttime: 1.3881 Vtime: 0.0513
Step: 18700000  Loss: 0.075182 Regul: 0.002626 Obj: 0.077809 (0.074130)  NNZ: 17 (15)  Ttime: 1.3860 Vtime: 0.0523
Step: 18800000  Loss: 0.081383 Regul: 0.002165 Obj: 0.083548 (0.074130)  NNZ: 16 (15)  Ttime: 1.3857 Vtime: 0.0510
Step: 18900000  Loss: 0.085652 Regul: 0.002425 Obj: 0.088078 (0.074130)  NNZ: 16 (15)  Ttime: 1.3845 Vtime: 0.0517
Step: 19000000  Loss: 0.079339 Regul: 0.002773 Obj: 0.082112 (0.074130)  NNZ: 19 (15)  Ttime: 1.3876 Vtime: 0.0512
Step: 19100000  Loss: 0.082377 Regul: 0.003293 Obj: 0.085670 (0.074130)  NNZ: 24 (15)  Ttime: 1.3910 Vtime: 0.0511
Step: 19200000  Loss: 0.084382 Regul: 0.002108 Obj: 0.086490 (0.074130)  NNZ: 12 (15)  Ttime: 1.3859 Vtime: 0.0511
Step: 19300000  Loss: 0.072541 Regul: 0.001885 Obj: 0.074426 (0.074130)  NNZ: 15 (15)  Ttime: 1.3879 Vtime: 0.0508
Step: 19400000  Loss: 0.085902 Regul: 0.003444 Obj: 0.089345 (0.074130)  NNZ: 21 (15)  Ttime: 1.3843 Vtime: 0.0512
Step: 19500000  Loss: 0.086199 Regul: 0.002596 Obj: 0.088794 (0.074130)  NNZ: 16 (15)  Ttime: 1.3830 Vtime: 0.0519
Step: 19600000  Loss: 0.073801 Regul: 0.002381 Obj: 0.076182 (0.074130)  NNZ: 17 (15)  Ttime: 1.3867 Vtime: 0.0522
Step: 19700000  Loss: 0.077906 Regul: 0.002907 Obj: 0.080813 (0.074130)  NNZ: 18 (15)  Ttime: 1.3875 Vtime: 0.0514
Best: 19800000  Loss: 0.072007 Regul: 0.001911 Obj: 0.073918 (0.073918)  NNZ: 17 (17)  Ttime: 1.3862 Vtime: 0.0514
Stat: nPR #108 (#136) Dim/MaxDim [864/640] AUC: 0.972107 FPR95: 15.18
Step: 19900000  Loss: 0.074974 Regul: 0.002623 Obj: 0.077598 (0.073918)  NNZ: 20 (17)  Ttime: 1.3860 Vtime: 0.0509
Step: 20000000  Loss: 0.079523 Regul: 0.002308 Obj: 0.081831 (0.073918)  NNZ: 17 (17)  Ttime: 1.3863 Vtime: 0.0511
Step: 20100000  Loss: 0.077731 Regul: 0.002214 Obj: 0.079945 (0.073918)  NNZ: 16 (17)  Ttime: 1.3882 Vtime: 0.0514
Best: 20200000  Loss: 0.071591 Regul: 0.001960 Obj: 0.073551 (0.073551)  NNZ: 16 (16)  Ttime: 1.3875 Vtime: 0.0512
Stat: nPR #92 (#128) Dim/MaxDim [736/640] AUC: 0.972476 FPR95: 15.07
Step: 20300000  Loss: 0.077870 Regul: 0.002530 Obj: 0.080400 (0.073551)  NNZ: 17 (16)  Ttime: 1.3852 Vtime: 0.0516
Step: 20400000  Loss: 0.085617 Regul: 0.002690 Obj: 0.088307 (0.073551)  NNZ: 18 (16)  Ttime: 1.3872 Vtime: 0.0515
Step: 20500000  Loss: 0.072614 Regul: 0.002302 Obj: 0.074915 (0.073551)  NNZ: 21 (16)  Ttime: 1.3910 Vtime: 0.0516
Step: 20600000  Loss: 0.076617 Regul: 0.002469 Obj: 0.079086 (0.073551)  NNZ: 15 (16)  Ttime: 1.3846 Vtime: 0.0512
Step: 20700000  Loss: 0.080125 Regul: 0.001845 Obj: 0.081970 (0.073551)  NNZ: 17 (16)  Ttime: 1.3913 Vtime: 0.0521
Step: 20800000  Loss: 0.073415 Regul: 0.002530 Obj: 0.075944 (0.073551)  NNZ: 25 (16)  Ttime: 1.4003 Vtime: 0.0520
Step: 20900000  Loss: 0.076230 Regul: 0.001777 Obj: 0.078007 (0.073551)  NNZ: 14 (16)  Ttime: 1.3847 Vtime: 0.0518
Step: 21000000  Loss: 0.076282 Regul: 0.002523 Obj: 0.078805 (0.073551)  NNZ: 18 (16)  Ttime: 1.3856 Vtime: 0.0519
Step: 21100000  Loss: 0.078708 Regul: 0.001744 Obj: 0.080452 (0.073551)  NNZ: 16 (16)  Ttime: 1.3868 Vtime: 0.0520
Step: 21200000  Loss: 0.078039 Regul: 0.002663 Obj: 0.080702 (0.073551)  NNZ: 16 (16)  Ttime: 1.3849 Vtime: 0.0514
Step: 21300000  Loss: 0.076309 Regul: 0.002433 Obj: 0.078743 (0.073551)  NNZ: 15 (16)  Ttime: 1.3857 Vtime: 0.0508
Step: 21400000  Loss: 0.072522 Regul: 0.001921 Obj: 0.074443 (0.073551)  NNZ: 15 (16)  Ttime: 1.3864 Vtime: 0.0515
Step: 21500000  Loss: 0.073317 Regul: 0.002311 Obj: 0.075629 (0.073551)  NNZ: 15 (16)  Ttime: 1.3860 Vtime: 0.0508
Step: 21600000  Loss: 0.076714 Regul: 0.002804 Obj: 0.079519 (0.073551)  NNZ: 18 (16)  Ttime: 1.3851 Vtime: 0.0524
Step: 21700000  Loss: 0.076139 Regul: 0.002909 Obj: 0.079048 (0.073551)  NNZ: 19 (16)  Ttime: 1.3850 Vtime: 0.0518
Step: 21800000  Loss: 0.077571 Regul: 0.001993 Obj: 0.079563 (0.073551)  NNZ: 11 (16)  Ttime: 1.3851 Vtime: 0.0518
Step: 21900000  Loss: 0.080650 Regul: 0.002946 Obj: 0.083596 (0.073551)  NNZ: 16 (16)  Ttime: 1.3855 Vtime: 0.0513
Step: 22000000  Loss: 0.077805 Regul: 0.002551 Obj: 0.080356 (0.073551)  NNZ: 17 (16)  Ttime: 1.3856 Vtime: 0.0516
Step: 22100000  Loss: 0.073013 Regul: 0.002028 Obj: 0.075041 (0.073551)  NNZ: 14 (16)  Ttime: 1.3845 Vtime: 0.0518
Step: 22200000  Loss: 0.075693 Regul: 0.002658 Obj: 0.078351 (0.073551)  NNZ: 17 (16)  Ttime: 1.3881 Vtime: 0.0510
Step: 22300000  Loss: 0.076923 Regul: 0.001503 Obj: 0.078426 (0.073551)  NNZ: 15 (16)  Ttime: 1.3869 Vtime: 0.0516
Step: 22400000  Loss: 0.081207 Regul: 0.001854 Obj: 0.083061 (0.073551)  NNZ: 15 (16)  Ttime: 1.3853 Vtime: 0.0510
Step: 22500000  Loss: 0.084750 Regul: 0.001884 Obj: 0.086633 (0.073551)  NNZ: 17 (16)  Ttime: 1.3897 Vtime: 0.0514
Step: 22600000  Loss: 0.077635 Regul: 0.002141 Obj: 0.079776 (0.073551)  NNZ: 19 (16)  Ttime: 1.3863 Vtime: 0.0527
Step: 22700000  Loss: 0.072985 Regul: 0.001812 Obj: 0.074797 (0.073551)  NNZ: 15 (16)  Ttime: 1.3889 Vtime: 0.0521
Step: 22800000  Loss: 0.075584 Regul: 0.002385 Obj: 0.077969 (0.073551)  NNZ: 17 (16)  Ttime: 1.3871 Vtime: 0.0516
Step: 22900000  Loss: 0.073843 Regul: 0.002123 Obj: 0.075966 (0.073551)  NNZ: 15 (16)  Ttime: 1.3880 Vtime: 0.0510
Step: 23000000  Loss: 0.072382 Regul: 0.002585 Obj: 0.074967 (0.073551)  NNZ: 21 (16)  Ttime: 1.3888 Vtime: 0.0513
Step: 23100000  Loss: 0.075928 Regul: 0.002320 Obj: 0.078248 (0.073551)  NNZ: 17 (16)  Ttime: 1.3883 Vtime: 0.0517
Step: 23200000  Loss: 0.077766 Regul: 0.001694 Obj: 0.079460 (0.073551)  NNZ: 12 (16)  Ttime: 1.3847 Vtime: 0.0514
Step: 23300000  Loss: 0.079701 Regul: 0.001867 Obj: 0.081568 (0.073551)  NNZ: 13 (16)  Ttime: 1.3871 Vtime: 0.0509
Best: 23400000  Loss: 0.071052 Regul: 0.001846 Obj: 0.072898 (0.072898)  NNZ: 17 (17)  Ttime: 1.3862 Vtime: 0.0523
Stat: nPR #116 (#136) Dim/MaxDim [928/640] AUC: 0.972549 FPR95: 14.98
Step: 23500000  Loss: 0.077657 Regul: 0.001779 Obj: 0.079436 (0.072898)  NNZ: 12 (17)  Ttime: 1.3876 Vtime: 0.0515
Step: 23600000  Loss: 0.078546 Regul: 0.002641 Obj: 0.081187 (0.072898)  NNZ: 21 (17)  Ttime: 1.3838 Vtime: 0.0511
Step: 23700000  Loss: 0.073560 Regul: 0.002371 Obj: 0.075931 (0.072898)  NNZ: 18 (17)  Ttime: 1.3911 Vtime: 0.0522
Step: 23800000  Loss: 0.074084 Regul: 0.002173 Obj: 0.076257 (0.072898)  NNZ: 18 (17)  Ttime: 1.3848 Vtime: 0.0516
Step: 23900000  Loss: 0.077184 Regul: 0.002199 Obj: 0.079384 (0.072898)  NNZ: 15 (17)  Ttime: 1.3872 Vtime: 0.0515
Step: 24000000  Loss: 0.076511 Regul: 0.002045 Obj: 0.078557 (0.072898)  NNZ: 13 (17)  Ttime: 1.3846 Vtime: 0.0514
Step: 24100000  Loss: 0.079455 Regul: 0.002872 Obj: 0.082327 (0.072898)  NNZ: 18 (17)  Ttime: 1.3862 Vtime: 0.0513
Step: 24200000  Loss: 0.078262 Regul: 0.002479 Obj: 0.080741 (0.072898)  NNZ: 17 (17)  Ttime: 1.3857 Vtime: 0.0517
Step: 24300000  Loss: 0.100237 Regul: 0.001558 Obj: 0.101795 (0.072898)  NNZ: 10 (17)  Ttime: 1.3841 Vtime: 0.0514
Step: 24400000  Loss: 0.073936 Regul: 0.001987 Obj: 0.075923 (0.072898)  NNZ: 14 (17)  Ttime: 1.3922 Vtime: 0.0514
Step: 24500000  Loss: 0.073528 Regul: 0.001904 Obj: 0.075432 (0.072898)  NNZ: 14 (17)  Ttime: 1.3854 Vtime: 0.0513
Step: 24600000  Loss: 0.071874 Regul: 0.002096 Obj: 0.073970 (0.072898)  NNZ: 15 (17)  Ttime: 1.3846 Vtime: 0.0517
Step: 24700000  Loss: 0.076415 Regul: 0.002068 Obj: 0.078483 (0.072898)  NNZ: 15 (17)  Ttime: 1.3842 Vtime: 0.0522
Step: 24800000  Loss: 0.078474 Regul: 0.001818 Obj: 0.080292 (0.072898)  NNZ: 11 (17)  Ttime: 1.3846 Vtime: 0.0520
Step: 24900000  Loss: 0.076776 Regul: 0.002623 Obj: 0.079399 (0.072898)  NNZ: 17 (17)  Ttime: 1.3847 Vtime: 0.0517
Step: 25000000  Loss: 0.074975 Regul: 0.002898 Obj: 0.077874 (0.072898)  NNZ: 20 (17)  Ttime: 1.3864 Vtime: 0.0516
Step: 25100000  Loss: 0.075140 Regul: 0.002048 Obj: 0.077188 (0.072898)  NNZ: 19 (17)  Ttime: 1.3877 Vtime: 0.0515
Step: 25200000  Loss: 0.087421 Regul: 0.003153 Obj: 0.090574 (0.072898)  NNZ: 21 (17)  Ttime: 1.3878 Vtime: 0.0522
Step: 25300000  Loss: 0.080900 Regul: 0.002788 Obj: 0.083688 (0.072898)  NNZ: 19 (17)  Ttime: 1.3868 Vtime: 0.0516
Step: 25400000  Loss: 0.084624 Regul: 0.001790 Obj: 0.086414 (0.072898)  NNZ: 13 (17)  Ttime: 1.3863 Vtime: 0.0508
Step: 25500000  Loss: 0.077494 Regul: 0.002097 Obj: 0.079591 (0.072898)  NNZ: 15 (17)  Ttime: 1.3894 Vtime: 0.0512
Step: 25600000  Loss: 0.075561 Regul: 0.002793 Obj: 0.078354 (0.072898)  NNZ: 25 (17)  Ttime: 1.3861 Vtime: 0.0522
Step: 25700000  Loss: 0.077459 Regul: 0.002136 Obj: 0.079595 (0.072898)  NNZ: 19 (17)  Ttime: 1.3855 Vtime: 0.0514
Step: 25800000  Loss: 0.087608 Regul: 0.002632 Obj: 0.090241 (0.072898)  NNZ: 18 (17)  Ttime: 1.3884 Vtime: 0.0514
Step: 25900000  Loss: 0.073405 Regul: 0.002639 Obj: 0.076044 (0.072898)  NNZ: 20 (17)  Ttime: 1.3871 Vtime: 0.0519
Step: 26000000  Loss: 0.081778 Regul: 0.002160 Obj: 0.083939 (0.072898)  NNZ: 14 (17)  Ttime: 1.3899 Vtime: 0.0517
Step: 26100000  Loss: 0.076252 Regul: 0.001997 Obj: 0.078248 (0.072898)  NNZ: 17 (17)  Ttime: 1.3871 Vtime: 0.0506
Step: 26200000  Loss: 0.075348 Regul: 0.002625 Obj: 0.077973 (0.072898)  NNZ: 17 (17)  Ttime: 1.3854 Vtime: 0.0519
Step: 26300000  Loss: 0.076493 Regul: 0.002467 Obj: 0.078960 (0.072898)  NNZ: 14 (17)  Ttime: 1.3866 Vtime: 0.0519
Step: 26400000  Loss: 0.077806 Regul: 0.001852 Obj: 0.079659 (0.072898)  NNZ: 12 (17)  Ttime: 1.3870 Vtime: 0.0511
Step: 26500000  Loss: 0.071611 Regul: 0.001850 Obj: 0.073462 (0.072898)  NNZ: 15 (17)  Ttime: 1.3875 Vtime: 0.0515
Step: 26600000  Loss: 0.075169 Regul: 0.001905 Obj: 0.077075 (0.072898)  NNZ: 16 (17)  Ttime: 1.3874 Vtime: 0.0519
Step: 26700000  Loss: 0.071668 Regul: 0.002017 Obj: 0.073685 (0.072898)  NNZ: 13 (17)  Ttime: 1.3880 Vtime: 0.0516
Step: 26800000  Loss: 0.076439 Regul: 0.002991 Obj: 0.079430 (0.072898)  NNZ: 18 (17)  Ttime: 1.3871 Vtime: 0.0511
Step: 26900000  Loss: 0.072684 Regul: 0.002012 Obj: 0.074697 (0.072898)  NNZ: 15 (17)  Ttime: 1.3878 Vtime: 0.0520
Step: 27000000  Loss: 0.077854 Regul: 0.002238 Obj: 0.080093 (0.072898)  NNZ: 18 (17)  Ttime: 1.3867 Vtime: 0.0513
Step: 27100000  Loss: 0.074544 Regul: 0.002341 Obj: 0.076885 (0.072898)  NNZ: 19 (17)  Ttime: 1.3882 Vtime: 0.0523
Step: 27200000  Loss: 0.078888 Regul: 0.002991 Obj: 0.081879 (0.072898)  NNZ: 18 (17)  Ttime: 1.3874 Vtime: 0.0515
Step: 27300000  Loss: 0.083740 Regul: 0.003502 Obj: 0.087242 (0.072898)  NNZ: 24 (17)  Ttime: 1.3885 Vtime: 0.0516
Step: 27400000  Loss: 0.078364 Regul: 0.002432 Obj: 0.080796 (0.072898)  NNZ: 15 (17)  Ttime: 1.3869 Vtime: 0.0519
Step: 27500000  Loss: 0.076958 Regul: 0.001478 Obj: 0.078437 (0.072898)  NNZ: 11 (17)  Ttime: 1.3922 Vtime: 0.0519
Step: 27600000  Loss: 0.077426 Regul: 0.002695 Obj: 0.080121 (0.072898)  NNZ: 19 (17)  Ttime: 1.3854 Vtime: 0.0514
Step: 27700000  Loss: 0.083216 Regul: 0.003144 Obj: 0.086360 (0.072898)  NNZ: 23 (17)  Ttime: 1.3870 Vtime: 0.0515
Step: 27800000  Loss: 0.076432 Regul: 0.002629 Obj: 0.079061 (0.072898)  NNZ: 20 (17)  Ttime: 1.3855 Vtime: 0.0516
Step: 27900000  Loss: 0.078767 Regul: 0.001461 Obj: 0.080228 (0.072898)  NNZ: 15 (17)  Ttime: 1.3976 Vtime: 0.0513
Step: 28000000  Loss: 0.078186 Regul: 0.002586 Obj: 0.080772 (0.072898)  NNZ: 20 (17)  Ttime: 1.3878 Vtime: 0.0515
Step: 28100000  Loss: 0.073640 Regul: 0.002291 Obj: 0.075931 (0.072898)  NNZ: 17 (17)  Ttime: 1.3849 Vtime: 0.0510
Step: 28200000  Loss: 0.074647 Regul: 0.002134 Obj: 0.076781 (0.072898)  NNZ: 15 (17)  Ttime: 1.3859 Vtime: 0.0512
Step: 28300000  Loss: 0.080809 Regul: 0.001197 Obj: 0.082006 (0.072898)  NNZ: 9 (17)  Ttime: 1.3862 Vtime: 0.0515
Step: 28400000  Loss: 0.077565 Regul: 0.002116 Obj: 0.079681 (0.072898)  NNZ: 13 (17)  Ttime: 1.3928 Vtime: 0.0518
Step: 28500000  Loss: 0.081296 Regul: 0.001551 Obj: 0.082848 (0.072898)  NNZ: 10 (17)  Ttime: 1.3845 Vtime: 0.0512
Step: 28600000  Loss: 0.073305 Regul: 0.001756 Obj: 0.075061 (0.072898)  NNZ: 13 (17)  Ttime: 1.3892 Vtime: 0.0511
Step: 28700000  Loss: 0.078847 Regul: 0.002011 Obj: 0.080858 (0.072898)  NNZ: 16 (17)  Ttime: 1.3887 Vtime: 0.0518
Step: 28800000  Loss: 0.079341 Regul: 0.002117 Obj: 0.081458 (0.072898)  NNZ: 17 (17)  Ttime: 1.3852 Vtime: 0.0516
Step: 28900000  Loss: 0.073081 Regul: 0.002238 Obj: 0.075319 (0.072898)  NNZ: 16 (17)  Ttime: 1.3849 Vtime: 0.0515
Step: 29000000  Loss: 0.081057 Regul: 0.002734 Obj: 0.083791 (0.072898)  NNZ: 19 (17)  Ttime: 1.3871 Vtime: 0.0517
Step: 29100000  Loss: 0.076101 Regul: 0.002626 Obj: 0.078727 (0.072898)  NNZ: 19 (17)  Ttime: 1.3891 Vtime: 0.0510
Step: 29200000  Loss: 0.078306 Regul: 0.002222 Obj: 0.080528 (0.072898)  NNZ: 17 (17)  Ttime: 1.3851 Vtime: 0.0514
Step: 29300000  Loss: 0.077151 Regul: 0.002205 Obj: 0.079356 (0.072898)  NNZ: 18 (17)  Ttime: 1.3859 Vtime: 0.0509
Step: 29400000  Loss: 0.079883 Regul: 0.003252 Obj: 0.083135 (0.072898)  NNZ: 22 (17)  Ttime: 1.3880 Vtime: 0.0515
Step: 29500000  Loss: 0.074198 Regul: 0.002254 Obj: 0.076452 (0.072898)  NNZ: 18 (17)  Ttime: 1.3863 Vtime: 0.0515
Step: 29600000  Loss: 0.074823 Regul: 0.001736 Obj: 0.076559 (0.072898)  NNZ: 16 (17)  Ttime: 1.3875 Vtime: 0.0512
Step: 29700000  Loss: 0.074455 Regul: 0.001979 Obj: 0.076434 (0.072898)  NNZ: 17 (17)  Ttime: 1.3867 Vtime: 0.0512
Step: 29800000  Loss: 0.076753 Regul: 0.002161 Obj: 0.078915 (0.072898)  NNZ: 15 (17)  Ttime: 1.3873 Vtime: 0.0517
Step: 29900000  Loss: 0.074956 Regul: 0.002182 Obj: 0.077137 (0.072898)  NNZ: 19 (17)  Ttime: 1.3891 Vtime: 0.0517
Step: 30000000  Loss: 0.074771 Regul: 0.002619 Obj: 0.077390 (0.072898)  NNZ: 19 (17)  Ttime: 1.3844 Vtime: 0.0517
Step: 30100000  Loss: 0.078229 Regul: 0.002000 Obj: 0.080229 (0.072898)  NNZ: 16 (17)  Ttime: 1.3879 Vtime: 0.0518
Step: 30200000  Loss: 0.086538 Regul: 0.001514 Obj: 0.088051 (0.072898)  NNZ: 13 (17)  Ttime: 1.3875 Vtime: 0.0519
Step: 30300000  Loss: 0.075995 Regul: 0.001768 Obj: 0.077763 (0.072898)  NNZ: 14 (17)  Ttime: 1.3875 Vtime: 0.0520
Step: 30400000  Loss: 0.079957 Regul: 0.002558 Obj: 0.082515 (0.072898)  NNZ: 17 (17)  Ttime: 1.3807 Vtime: 0.0515
Step: 30500000  Loss: 0.075578 Regul: 0.002036 Obj: 0.077613 (0.072898)  NNZ: 14 (17)  Ttime: 1.3848 Vtime: 0.0515
Step: 30600000  Loss: 0.080726 Regul: 0.001710 Obj: 0.082436 (0.072898)  NNZ: 15 (17)  Ttime: 1.3860 Vtime: 0.0513
Step: 30700000  Loss: 0.078752 Regul: 0.002259 Obj: 0.081011 (0.072898)  NNZ: 18 (17)  Ttime: 1.3798 Vtime: 0.0516
Step: 30800000  Loss: 0.083032 Regul: 0.002118 Obj: 0.085149 (0.072898)  NNZ: 21 (17)  Ttime: 1.3861 Vtime: 0.0509
Step: 30900000  Loss: 0.079588 Regul: 0.002456 Obj: 0.082044 (0.072898)  NNZ: 19 (17)  Ttime: 1.3844 Vtime: 0.0516
Step: 31000000  Loss: 0.075427 Regul: 0.002380 Obj: 0.077806 (0.072898)  NNZ: 19 (17)  Ttime: 1.3854 Vtime: 0.0513
Step: 31100000  Loss: 0.078700 Regul: 0.002553 Obj: 0.081254 (0.072898)  NNZ: 18 (17)  Ttime: 1.3863 Vtime: 0.0517
Step: 31200000  Loss: 0.076871 Regul: 0.002319 Obj: 0.079190 (0.072898)  NNZ: 16 (17)  Ttime: 1.3871 Vtime: 0.0520
Step: 31300000  Loss: 0.073963 Regul: 0.002746 Obj: 0.076709 (0.072898)  NNZ: 20 (17)  Ttime: 1.3882 Vtime: 0.0516
Step: 31400000  Loss: 0.074824 Regul: 0.002418 Obj: 0.077242 (0.072898)  NNZ: 18 (17)  Ttime: 1.3875 Vtime: 0.0524
Step: 31500000  Loss: 0.074736 Regul: 0.002303 Obj: 0.077039 (0.072898)  NNZ: 17 (17)  Ttime: 1.3880 Vtime: 0.0511
Step: 31600000  Loss: 0.072804 Regul: 0.001908 Obj: 0.074712 (0.072898)  NNZ: 12 (17)  Ttime: 1.3884 Vtime: 0.0510
Step: 31700000  Loss: 0.079180 Regul: 0.002008 Obj: 0.081187 (0.072898)  NNZ: 18 (17)  Ttime: 1.3864 Vtime: 0.0521
Step: 31800000  Loss: 0.074767 Regul: 0.002122 Obj: 0.076889 (0.072898)  NNZ: 13 (17)  Ttime: 1.3877 Vtime: 0.0512
Step: 31900000  Loss: 0.080881 Regul: 0.002433 Obj: 0.083314 (0.072898)  NNZ: 19 (17)  Ttime: 1.3895 Vtime: 0.0525
Step: 32000000  Loss: 0.081611 Regul: 0.002781 Obj: 0.084392 (0.072898)  NNZ: 21 (17)  Ttime: 1.3842 Vtime: 0.0511
Step: 32100000  Loss: 0.072276 Regul: 0.002230 Obj: 0.074506 (0.072898)  NNZ: 16 (17)  Ttime: 1.3856 Vtime: 0.0514
Step: 32200000  Loss: 0.079187 Regul: 0.002118 Obj: 0.081306 (0.072898)  NNZ: 14 (17)  Ttime: 1.3855 Vtime: 0.0511
Step: 32300000  Loss: 0.082848 Regul: 0.001470 Obj: 0.084317 (0.072898)  NNZ: 14 (17)  Ttime: 1.3851 Vtime: 0.0518
Step: 32400000  Loss: 0.083361 Regul: 0.002878 Obj: 0.086238 (0.072898)  NNZ: 20 (17)  Ttime: 1.3847 Vtime: 0.0510
Step: 32500000  Loss: 0.078907 Regul: 0.002262 Obj: 0.081168 (0.072898)  NNZ: 17 (17)  Ttime: 1.3792 Vtime: 0.0515
Step: 32600000  Loss: 0.072961 Regul: 0.002248 Obj: 0.075209 (0.072898)  NNZ: 18 (17)  Ttime: 1.3858 Vtime: 0.0521
Step: 32700000  Loss: 0.074384 Regul: 0.002522 Obj: 0.076907 (0.072898)  NNZ: 22 (17)  Ttime: 1.3824 Vtime: 0.0516
Step: 32800000  Loss: 0.084102 Regul: 0.002769 Obj: 0.086871 (0.072898)  NNZ: 18 (17)  Ttime: 1.4015 Vtime: 0.0517
Step: 32900000  Loss: 0.098722 Regul: 0.002311 Obj: 0.101032 (0.072898)  NNZ: 16 (17)  Ttime: 1.3966 Vtime: 0.0508
Step: 33000000  Loss: 0.073841 Regul: 0.001814 Obj: 0.075654 (0.072898)  NNZ: 16 (17)  Ttime: 1.3842 Vtime: 0.0517
Step: 33100000  Loss: 0.074146 Regul: 0.001933 Obj: 0.076079 (0.072898)  NNZ: 15 (17)  Ttime: 1.3881 Vtime: 0.0510
Step: 33200000  Loss: 0.074612 Regul: 0.002278 Obj: 0.076890 (0.072898)  NNZ: 20 (17)  Ttime: 1.3873 Vtime: 0.0522
Step: 33300000  Loss: 0.079834 Regul: 0.001352 Obj: 0.081186 (0.072898)  NNZ: 11 (17)  Ttime: 1.3850 Vtime: 0.0518
Step: 33400000  Loss: 0.074943 Regul: 0.002029 Obj: 0.076972 (0.072898)  NNZ: 22 (17)  Ttime: 1.3867 Vtime: 0.0519
Step: 33500000  Loss: 0.080163 Regul: 0.001720 Obj: 0.081882 (0.072898)  NNZ: 13 (17)  Ttime: 1.3864 Vtime: 0.0509
Step: 33600000  Loss: 0.076856 Regul: 0.002396 Obj: 0.079252 (0.072898)  NNZ: 16 (17)  Ttime: 1.3853 Vtime: 0.0512
Step: 33700000  Loss: 0.076930 Regul: 0.003039 Obj: 0.079969 (0.072898)  NNZ: 18 (17)  Ttime: 1.3900 Vtime: 0.0507
Step: 33800000  Loss: 0.078742 Regul: 0.002939 Obj: 0.081680 (0.072898)  NNZ: 20 (17)  Ttime: 1.3875 Vtime: 0.0517
Step: 33900000  Loss: 0.080075 Regul: 0.003175 Obj: 0.083249 (0.072898)  NNZ: 26 (17)  Ttime: 1.3859 Vtime: 0.0516
Step: 34000000  Loss: 0.083107 Regul: 0.002477 Obj: 0.085584 (0.072898)  NNZ: 20 (17)  Ttime: 1.3856 Vtime: 0.0513
Step: 34100000  Loss: 0.104931 Regul: 0.003050 Obj: 0.107982 (0.072898)  NNZ: 22 (17)  Ttime: 1.3870 Vtime: 0.0515
Step: 34200000  Loss: 0.079358 Regul: 0.002905 Obj: 0.082263 (0.072898)  NNZ: 20 (17)  Ttime: 1.3859 Vtime: 0.0511
Step: 34300000  Loss: 0.082042 Regul: 0.002057 Obj: 0.084099 (0.072898)  NNZ: 17 (17)  Ttime: 1.3873 Vtime: 0.0511
Step: 34400000  Loss: 0.074396 Regul: 0.002449 Obj: 0.076845 (0.072898)  NNZ: 19 (17)  Ttime: 1.3858 Vtime: 0.0514
Step: 34500000  Loss: 0.078145 Regul: 0.002259 Obj: 0.080403 (0.072898)  NNZ: 24 (17)  Ttime: 1.3866 Vtime: 0.0513
Step: 34600000  Loss: 0.072382 Regul: 0.002175 Obj: 0.074557 (0.072898)  NNZ: 14 (17)  Ttime: 1.3879 Vtime: 0.0514
Step: 34700000  Loss: 0.076636 Regul: 0.002212 Obj: 0.078849 (0.072898)  NNZ: 20 (17)  Ttime: 1.3859 Vtime: 0.0511
Step: 34800000  Loss: 0.081607 Regul: 0.003110 Obj: 0.084718 (0.072898)  NNZ: 22 (17)  Ttime: 1.3862 Vtime: 0.0518
Step: 34900000  Loss: 0.077825 Regul: 0.002793 Obj: 0.080618 (0.072898)  NNZ: 21 (17)  Ttime: 1.3870 Vtime: 0.0515
Step: 35000000  Loss: 0.072210 Regul: 0.001878 Obj: 0.074089 (0.072898)  NNZ: 15 (17)  Ttime: 1.3836 Vtime: 0.0519
Step: 35100000  Loss: 0.071545 Regul: 0.002204 Obj: 0.073749 (0.072898)  NNZ: 15 (17)  Ttime: 1.3864 Vtime: 0.0512
Step: 35200000  Loss: 0.076083 Regul: 0.002614 Obj: 0.078697 (0.072898)  NNZ: 21 (17)  Ttime: 1.3840 Vtime: 0.0513
Step: 35300000  Loss: 0.076726 Regul: 0.002675 Obj: 0.079402 (0.072898)  NNZ: 18 (17)  Ttime: 1.3885 Vtime: 0.0506
Step: 35400000  Loss: 0.080309 Regul: 0.003046 Obj: 0.083355 (0.072898)  NNZ: 22 (17)  Ttime: 1.3854 Vtime: 0.0513
Step: 35500000  Loss: 0.073137 Regul: 0.002501 Obj: 0.075638 (0.072898)  NNZ: 20 (17)  Ttime: 1.3884 Vtime: 0.0518
Step: 35600000  Loss: 0.077507 Regul: 0.002560 Obj: 0.080068 (0.072898)  NNZ: 22 (17)  Ttime: 1.3863 Vtime: 0.0510
Step: 35700000  Loss: 0.074373 Regul: 0.002793 Obj: 0.077166 (0.072898)  NNZ: 20 (17)  Ttime: 1.3870 Vtime: 0.0512
Step: 35800000  Loss: 0.079854 Regul: 0.002395 Obj: 0.082249 (0.072898)  NNZ: 19 (17)  Ttime: 1.3867 Vtime: 0.0507
Step: 35900000  Loss: 0.074747 Regul: 0.002188 Obj: 0.076935 (0.072898)  NNZ: 15 (17)  Ttime: 1.3873 Vtime: 0.0511
Step: 36000000  Loss: 0.077214 Regul: 0.002790 Obj: 0.080004 (0.072898)  NNZ: 19 (17)  Ttime: 1.3883 Vtime: 0.0511
Step: 36100000  Loss: 0.073966 Regul: 0.002343 Obj: 0.076308 (0.072898)  NNZ: 19 (17)  Ttime: 1.3873 Vtime: 0.0521
Step: 36200000  Loss: 0.074335 Regul: 0.002598 Obj: 0.076933 (0.072898)  NNZ: 16 (17)  Ttime: 1.3854 Vtime: 0.0514
Step: 36300000  Loss: 0.078226 Regul: 0.002536 Obj: 0.080762 (0.072898)  NNZ: 17 (17)  Ttime: 1.3863 Vtime: 0.0521
Step: 36400000  Loss: 0.084353 Regul: 0.002571 Obj: 0.086924 (0.072898)  NNZ: 18 (17)  Ttime: 1.3865 Vtime: 0.0512
Step: 36500000  Loss: 0.071711 Regul: 0.001753 Obj: 0.073463 (0.072898)  NNZ: 18 (17)  Ttime: 1.3894 Vtime: 0.0517
Step: 36600000  Loss: 0.075396 Regul: 0.002758 Obj: 0.078154 (0.072898)  NNZ: 19 (17)  Ttime: 1.3858 Vtime: 0.0518
Step: 36700000  Loss: 0.077412 Regul: 0.002313 Obj: 0.079724 (0.072898)  NNZ: 18 (17)  Ttime: 1.3873 Vtime: 0.0516
Step: 36800000  Loss: 0.084028 Regul: 0.003032 Obj: 0.087060 (0.072898)  NNZ: 18 (17)  Ttime: 1.3891 Vtime: 0.0515
Step: 36900000  Loss: 0.077172 Regul: 0.002756 Obj: 0.079927 (0.072898)  NNZ: 21 (17)  Ttime: 1.3842 Vtime: 0.0510
Step: 37000000  Loss: 0.071542 Regul: 0.001905 Obj: 0.073447 (0.072898)  NNZ: 17 (17)  Ttime: 1.4087 Vtime: 0.0514
Step: 37100000  Loss: 0.074154 Regul: 0.002769 Obj: 0.076922 (0.072898)  NNZ: 21 (17)  Ttime: 1.3870 Vtime: 0.0515
Step: 37200000  Loss: 0.074713 Regul: 0.002834 Obj: 0.077547 (0.072898)  NNZ: 24 (17)  Ttime: 1.3872 Vtime: 0.0508
Step: 37300000  Loss: 0.078118 Regul: 0.002258 Obj: 0.080376 (0.072898)  NNZ: 19 (17)  Ttime: 1.3863 Vtime: 0.0517
Step: 37400000  Loss: 0.075595 Regul: 0.002496 Obj: 0.078091 (0.072898)  NNZ: 17 (17)  Ttime: 1.3874 Vtime: 0.0513
Step: 37500000  Loss: 0.073171 Regul: 0.002255 Obj: 0.075425 (0.072898)  NNZ: 16 (17)  Ttime: 1.3862 Vtime: 0.0515
Step: 37600000  Loss: 0.081978 Regul: 0.003287 Obj: 0.085265 (0.072898)  NNZ: 26 (17)  Ttime: 1.3893 Vtime: 0.0513
Step: 37700000  Loss: 0.073925 Regul: 0.002698 Obj: 0.076623 (0.072898)  NNZ: 23 (17)  Ttime: 1.3851 Vtime: 0.0514
Step: 37800000  Loss: 0.077664 Regul: 0.002989 Obj: 0.080652 (0.072898)  NNZ: 20 (17)  Ttime: 1.3870 Vtime: 0.0510
Step: 37900000  Loss: 0.075600 Regul: 0.002514 Obj: 0.078114 (0.072898)  NNZ: 25 (17)  Ttime: 1.3883 Vtime: 0.0515
Step: 38000000  Loss: 0.086463 Regul: 0.003082 Obj: 0.089545 (0.072898)  NNZ: 26 (17)  Ttime: 1.3908 Vtime: 0.0517
Step: 38100000  Loss: 0.079968 Regul: 0.002676 Obj: 0.082644 (0.072898)  NNZ: 17 (17)  Ttime: 1.3858 Vtime: 0.0525
Step: 38200000  Loss: 0.091799 Regul: 0.001825 Obj: 0.093623 (0.072898)  NNZ: 12 (17)  Ttime: 1.3857 Vtime: 0.0521
Step: 38300000  Loss: 0.076274 Regul: 0.002757 Obj: 0.079030 (0.072898)  NNZ: 18 (17)  Ttime: 1.3865 Vtime: 0.0518
Step: 38400000  Loss: 0.079029 Regul: 0.001781 Obj: 0.080810 (0.072898)  NNZ: 14 (17)  Ttime: 1.3871 Vtime: 0.0517
Step: 38500000  Loss: 0.074851 Regul: 0.002652 Obj: 0.077502 (0.072898)  NNZ: 18 (17)  Ttime: 1.3880 Vtime: 0.0516
Step: 38600000  Loss: 0.076866 Regul: 0.002640 Obj: 0.079506 (0.072898)  NNZ: 19 (17)  Ttime: 1.3859 Vtime: 0.0518
Step: 38700000  Loss: 0.082206 Regul: 0.002865 Obj: 0.085071 (0.072898)  NNZ: 22 (17)  Ttime: 1.4004 Vtime: 0.0513
Step: 38800000  Loss: 0.074119 Regul: 0.002735 Obj: 0.076854 (0.072898)  NNZ: 22 (17)  Ttime: 1.3851 Vtime: 0.0519
Step: 38900000  Loss: 0.073002 Regul: 0.002500 Obj: 0.075502 (0.072898)  NNZ: 18 (17)  Ttime: 1.3846 Vtime: 0.0512
Step: 39000000  Loss: 0.074146 Regul: 0.002373 Obj: 0.076519 (0.072898)  NNZ: 19 (17)  Ttime: 1.3869 Vtime: 0.0519
Step: 39100000  Loss: 0.078927 Regul: 0.002376 Obj: 0.081303 (0.072898)  NNZ: 12 (17)  Ttime: 1.3866 Vtime: 0.0510
Step: 39200000  Loss: 0.075798 Regul: 0.002808 Obj: 0.078607 (0.072898)  NNZ: 19 (17)  Ttime: 1.3874 Vtime: 0.0514
Step: 39300000  Loss: 0.072614 Regul: 0.002580 Obj: 0.075194 (0.072898)  NNZ: 22 (17)  Ttime: 1.3866 Vtime: 0.0508
Step: 39400000  Loss: 0.075481 Regul: 0.001463 Obj: 0.076943 (0.072898)  NNZ: 12 (17)  Ttime: 1.3859 Vtime: 0.0517
Step: 39500000  Loss: 0.075153 Regul: 0.002497 Obj: 0.077650 (0.072898)  NNZ: 21 (17)  Ttime: 1.3854 Vtime: 0.0518
Step: 39600000  Loss: 0.075974 Regul: 0.002162 Obj: 0.078136 (0.072898)  NNZ: 13 (17)  Ttime: 1.3936 Vtime: 0.0514
Best: 39700000  Loss: 0.070844 Regul: 0.002020 Obj: 0.072864 (0.072864)  NNZ: 17 (17)  Ttime: 1.3840 Vtime: 0.0511
Stat: nPR #108 (#136) Dim/MaxDim [864/640] AUC: 0.972594 FPR95: 14.83
Best: 39800000  Loss: 0.070736 Regul: 0.002114 Obj: 0.072850 (0.072850)  NNZ: 20 (20)  Ttime: 1.3853 Vtime: 0.0516
Stat: nPR #132 (#160) Dim/MaxDim [1056/640] AUC: 0.972622 FPR95: 14.86
Step: 39900000  Loss: 0.073568 Regul: 0.002269 Obj: 0.075837 (0.072850)  NNZ: 19 (20)  Ttime: 1.3796 Vtime: 0.0515
Step: 40000000  Loss: 0.084119 Regul: 0.002890 Obj: 0.087009 (0.072850)  NNZ: 23 (20)  Ttime: 1.3890 Vtime: 0.0514
Step: 40100000  Loss: 0.076172 Regul: 0.003099 Obj: 0.079271 (0.072850)  NNZ: 23 (20)  Ttime: 1.3874 Vtime: 0.0515
Step: 40200000  Loss: 0.074089 Regul: 0.002469 Obj: 0.076558 (0.072850)  NNZ: 21 (20)  Ttime: 1.3852 Vtime: 0.0517
Step: 40300000  Loss: 0.081315 Regul: 0.002087 Obj: 0.083402 (0.072850)  NNZ: 15 (20)  Ttime: 1.3877 Vtime: 0.0514
Step: 40400000  Loss: 0.078392 Regul: 0.003170 Obj: 0.081562 (0.072850)  NNZ: 20 (20)  Ttime: 1.3946 Vtime: 0.0514
Step: 40500000  Loss: 0.076812 Regul: 0.001698 Obj: 0.078510 (0.072850)  NNZ: 14 (20)  Ttime: 1.3863 Vtime: 0.0512
Step: 40600000  Loss: 0.081497 Regul: 0.001815 Obj: 0.083312 (0.072850)  NNZ: 15 (20)  Ttime: 1.3847 Vtime: 0.0520
Step: 40700000  Loss: 0.073156 Regul: 0.001924 Obj: 0.075079 (0.072850)  NNZ: 18 (20)  Ttime: 1.3997 Vtime: 0.0519
Step: 40800000  Loss: 0.083995 Regul: 0.003660 Obj: 0.087655 (0.072850)  NNZ: 27 (20)  Ttime: 1.3847 Vtime: 0.0515
Step: 40900000  Loss: 0.073788 Regul: 0.002609 Obj: 0.076397 (0.072850)  NNZ: 19 (20)  Ttime: 1.3856 Vtime: 0.0517
Step: 41000000  Loss: 0.074420 Regul: 0.002328 Obj: 0.076747 (0.072850)  NNZ: 15 (20)  Ttime: 1.3831 Vtime: 0.0520
Step: 41100000  Loss: 0.071975 Regul: 0.002250 Obj: 0.074225 (0.072850)  NNZ: 17 (20)  Ttime: 1.3902 Vtime: 0.0519
Step: 41200000  Loss: 0.089759 Regul: 0.003620 Obj: 0.093379 (0.072850)  NNZ: 21 (20)  Ttime: 1.3874 Vtime: 0.0508
Step: 41300000  Loss: 0.077986 Regul: 0.002216 Obj: 0.080202 (0.072850)  NNZ: 20 (20)  Ttime: 1.3851 Vtime: 0.0517
Step: 41400000  Loss: 0.074968 Regul: 0.001883 Obj: 0.076851 (0.072850)  NNZ: 15 (20)  Ttime: 1.3850 Vtime: 0.0512
Step: 41500000  Loss: 0.073675 Regul: 0.001820 Obj: 0.075495 (0.072850)  NNZ: 19 (20)  Ttime: 1.3865 Vtime: 0.0511
Step: 41600000  Loss: 0.074069 Regul: 0.002655 Obj: 0.076724 (0.072850)  NNZ: 20 (20)  Ttime: 1.3874 Vtime: 0.0520
Step: 41700000  Loss: 0.077807 Regul: 0.002817 Obj: 0.080624 (0.072850)  NNZ: 19 (20)  Ttime: 1.3842 Vtime: 0.0515
Step: 41800000  Loss: 0.079540 Regul: 0.002382 Obj: 0.081922 (0.072850)  NNZ: 14 (20)  Ttime: 1.3846 Vtime: 0.0514
Step: 41900000  Loss: 0.077470 Regul: 0.002060 Obj: 0.079530 (0.072850)  NNZ: 16 (20)  Ttime: 1.3876 Vtime: 0.0509
Step: 42000000  Loss: 0.073670 Regul: 0.001470 Obj: 0.075140 (0.072850)  NNZ: 12 (20)  Ttime: 1.3859 Vtime: 0.0511
Step: 42100000  Loss: 0.075312 Regul: 0.001806 Obj: 0.077118 (0.072850)  NNZ: 20 (20)  Ttime: 1.3858 Vtime: 0.0507
Step: 42200000  Loss: 0.081717 Regul: 0.002041 Obj: 0.083759 (0.072850)  NNZ: 17 (20)  Ttime: 1.3866 Vtime: 0.0512
Step: 42300000  Loss: 0.073643 Regul: 0.002495 Obj: 0.076139 (0.072850)  NNZ: 22 (20)  Ttime: 1.3871 Vtime: 0.0512
Step: 42400000  Loss: 0.082429 Regul: 0.002053 Obj: 0.084481 (0.072850)  NNZ: 17 (20)  Ttime: 1.3868 Vtime: 0.0515
Step: 42500000  Loss: 0.074759 Regul: 0.001630 Obj: 0.076389 (0.072850)  NNZ: 15 (20)  Ttime: 1.3854 Vtime: 0.0513
Step: 42600000  Loss: 0.073890 Regul: 0.002127 Obj: 0.076018 (0.072850)  NNZ: 14 (20)  Ttime: 1.3838 Vtime: 0.0514
Step: 42700000  Loss: 0.081010 Regul: 0.002493 Obj: 0.083503 (0.072850)  NNZ: 14 (20)  Ttime: 1.3857 Vtime: 0.0518
Step: 42800000  Loss: 0.089310 Regul: 0.002487 Obj: 0.091796 (0.072850)  NNZ: 20 (20)  Ttime: 1.3865 Vtime: 0.0516
Step: 42900000  Loss: 0.076952 Regul: 0.002921 Obj: 0.079873 (0.072850)  NNZ: 26 (20)  Ttime: 1.3853 Vtime: 0.0518
Step: 43000000  Loss: 0.078700 Regul: 0.002750 Obj: 0.081450 (0.072850)  NNZ: 20 (20)  Ttime: 1.4052 Vtime: 0.0510
Step: 43100000  Loss: 0.086149 Regul: 0.003201 Obj: 0.089351 (0.072850)  NNZ: 20 (20)  Ttime: 1.3860 Vtime: 0.0510
Step: 43200000  Loss: 0.082796 Regul: 0.002381 Obj: 0.085177 (0.072850)  NNZ: 19 (20)  Ttime: 1.3876 Vtime: 0.0520
Step: 43300000  Loss: 0.076208 Regul: 0.002821 Obj: 0.079029 (0.072850)  NNZ: 18 (20)  Ttime: 1.3846 Vtime: 0.0514
Step: 43400000  Loss: 0.081387 Regul: 0.003190 Obj: 0.084577 (0.072850)  NNZ: 23 (20)  Ttime: 1.3863 Vtime: 0.0524
Step: 43500000  Loss: 0.073181 Regul: 0.002371 Obj: 0.075551 (0.072850)  NNZ: 18 (20)  Ttime: 1.3914 Vtime: 0.0507
Step: 43600000  Loss: 0.077916 Regul: 0.002895 Obj: 0.080810 (0.072850)  NNZ: 23 (20)  Ttime: 1.3880 Vtime: 0.0517
Step: 43700000  Loss: 0.082895 Regul: 0.002666 Obj: 0.085560 (0.072850)  NNZ: 20 (20)  Ttime: 1.3865 Vtime: 0.0515
Step: 43800000  Loss: 0.078785 Regul: 0.002270 Obj: 0.081055 (0.072850)  NNZ: 17 (20)  Ttime: 1.3846 Vtime: 0.0509
Step: 43900000  Loss: 0.076647 Regul: 0.003015 Obj: 0.079662 (0.072850)  NNZ: 21 (20)  Ttime: 1.3862 Vtime: 0.0512
Step: 44000000  Loss: 0.071642 Regul: 0.002133 Obj: 0.073775 (0.072850)  NNZ: 14 (20)  Ttime: 1.3883 Vtime: 0.0509
Step: 44100000  Loss: 0.083866 Regul: 0.002954 Obj: 0.086820 (0.072850)  NNZ: 22 (20)  Ttime: 1.3859 Vtime: 0.0515
Step: 44200000  Loss: 0.075958 Regul: 0.001737 Obj: 0.077695 (0.072850)  NNZ: 14 (20)  Ttime: 1.3868 Vtime: 0.0518
Step: 44300000  Loss: 0.079961 Regul: 0.002763 Obj: 0.082724 (0.072850)  NNZ: 20 (20)  Ttime: 1.3840 Vtime: 0.0523
Step: 44400000  Loss: 0.077033 Regul: 0.002411 Obj: 0.079444 (0.072850)  NNZ: 17 (20)  Ttime: 1.3860 Vtime: 0.0513
Step: 44500000  Loss: 0.079127 Regul: 0.002635 Obj: 0.081762 (0.072850)  NNZ: 20 (20)  Ttime: 1.3849 Vtime: 0.0507
Step: 44600000  Loss: 0.076876 Regul: 0.002944 Obj: 0.079820 (0.072850)  NNZ: 21 (20)  Ttime: 1.3846 Vtime: 0.0514
Step: 44700000  Loss: 0.072571 Regul: 0.002417 Obj: 0.074988 (0.072850)  NNZ: 21 (20)  Ttime: 1.3841 Vtime: 0.0513
Step: 44800000  Loss: 0.074305 Regul: 0.002296 Obj: 0.076602 (0.072850)  NNZ: 20 (20)  Ttime: 1.3839 Vtime: 0.0515
Step: 44900000  Loss: 0.083337 Regul: 0.003291 Obj: 0.086628 (0.072850)  NNZ: 21 (20)  Ttime: 1.3857 Vtime: 0.0512
Step: 45000000  Loss: 0.075047 Regul: 0.002238 Obj: 0.077286 (0.072850)  NNZ: 13 (20)  Ttime: 1.3868 Vtime: 0.0516
Step: 45100000  Loss: 0.074011 Regul: 0.002251 Obj: 0.076262 (0.072850)  NNZ: 25 (20)  Ttime: 1.3860 Vtime: 0.0522
Step: 45200000  Loss: 0.074427 Regul: 0.001987 Obj: 0.076414 (0.072850)  NNZ: 18 (20)  Ttime: 1.3889 Vtime: 0.0512
Step: 45300000  Loss: 0.076450 Regul: 0.002452 Obj: 0.078902 (0.072850)  NNZ: 20 (20)  Ttime: 1.3863 Vtime: 0.0515
Step: 45400000  Loss: 0.076156 Regul: 0.003200 Obj: 0.079356 (0.072850)  NNZ: 24 (20)  Ttime: 1.3867 Vtime: 0.0513
Step: 45500000  Loss: 0.075620 Regul: 0.002030 Obj: 0.077650 (0.072850)  NNZ: 19 (20)  Ttime: 1.3877 Vtime: 0.0518
Step: 45600000  Loss: 0.073420 Regul: 0.002606 Obj: 0.076026 (0.072850)  NNZ: 19 (20)  Ttime: 1.3863 Vtime: 0.0514
Step: 45700000  Loss: 0.073539 Regul: 0.002505 Obj: 0.076045 (0.072850)  NNZ: 18 (20)  Ttime: 1.3871 Vtime: 0.0516
Step: 45800000  Loss: 0.074071 Regul: 0.002485 Obj: 0.076556 (0.072850)  NNZ: 19 (20)  Ttime: 1.3867 Vtime: 0.0514
Step: 45900000  Loss: 0.073736 Regul: 0.001776 Obj: 0.075512 (0.072850)  NNZ: 15 (20)  Ttime: 1.3997 Vtime: 0.0516
Step: 46000000  Loss: 0.074968 Regul: 0.002072 Obj: 0.077040 (0.072850)  NNZ: 16 (20)  Ttime: 1.3902 Vtime: 0.0516
Step: 46100000  Loss: 0.081694 Regul: 0.002793 Obj: 0.084487 (0.072850)  NNZ: 21 (20)  Ttime: 1.3860 Vtime: 0.0506
Step: 46200000  Loss: 0.074717 Regul: 0.002366 Obj: 0.077083 (0.072850)  NNZ: 17 (20)  Ttime: 1.3849 Vtime: 0.0513
Step: 46300000  Loss: 0.073379 Regul: 0.002453 Obj: 0.075832 (0.072850)  NNZ: 20 (20)  Ttime: 1.3999 Vtime: 0.0523
Step: 46400000  Loss: 0.071079 Regul: 0.001976 Obj: 0.073055 (0.072850)  NNZ: 17 (20)  Ttime: 1.3871 Vtime: 0.0517
Step: 46500000  Loss: 0.075666 Regul: 0.002039 Obj: 0.077705 (0.072850)  NNZ: 15 (20)  Ttime: 1.3881 Vtime: 0.0518
Step: 46600000  Loss: 0.074674 Regul: 0.002210 Obj: 0.076884 (0.072850)  NNZ: 20 (20)  Ttime: 1.3881 Vtime: 0.0507
Step: 46700000  Loss: 0.084888 Regul: 0.002808 Obj: 0.087697 (0.072850)  NNZ: 19 (20)  Ttime: 1.3874 Vtime: 0.0509
Step: 46800000  Loss: 0.082625 Regul: 0.002872 Obj: 0.085498 (0.072850)  NNZ: 18 (20)  Ttime: 1.3855 Vtime: 0.0519
Step: 46900000  Loss: 0.071881 Regul: 0.002221 Obj: 0.074101 (0.072850)  NNZ: 17 (20)  Ttime: 1.3887 Vtime: 0.0517
Step: 47000000  Loss: 0.071466 Regul: 0.002105 Obj: 0.073571 (0.072850)  NNZ: 13 (20)  Ttime: 1.3867 Vtime: 0.0510
Step: 47100000  Loss: 0.077311 Regul: 0.002901 Obj: 0.080212 (0.072850)  NNZ: 18 (20)  Ttime: 1.3868 Vtime: 0.0512
Step: 47200000  Loss: 0.076020 Regul: 0.002912 Obj: 0.078932 (0.072850)  NNZ: 19 (20)  Ttime: 1.3887 Vtime: 0.0516
Step: 47300000  Loss: 0.081392 Regul: 0.001898 Obj: 0.083289 (0.072850)  NNZ: 17 (20)  Ttime: 1.3869 Vtime: 0.0510
Step: 47400000  Loss: 0.076495 Regul: 0.002635 Obj: 0.079131 (0.072850)  NNZ: 22 (20)  Ttime: 1.3890 Vtime: 0.0510
Step: 47500000  Loss: 0.076531 Regul: 0.001984 Obj: 0.078516 (0.072850)  NNZ: 17 (20)  Ttime: 1.3867 Vtime: 0.0516
Step: 47600000  Loss: 0.078654 Regul: 0.002242 Obj: 0.080896 (0.072850)  NNZ: 18 (20)  Ttime: 1.3847 Vtime: 0.0519
Step: 47700000  Loss: 0.078365 Regul: 0.002473 Obj: 0.080838 (0.072850)  NNZ: 22 (20)  Ttime: 1.3838 Vtime: 0.0510
Step: 47800000  Loss: 0.079299 Regul: 0.001660 Obj: 0.080959 (0.072850)  NNZ: 15 (20)  Ttime: 1.3871 Vtime: 0.0514
Step: 47900000  Loss: 0.074390 Regul: 0.002430 Obj: 0.076820 (0.072850)  NNZ: 17 (20)  Ttime: 1.3832 Vtime: 0.0511
Step: 48000000  Loss: 0.071865 Regul: 0.002227 Obj: 0.074091 (0.072850)  NNZ: 17 (20)  Ttime: 1.3854 Vtime: 0.0516
Step: 48100000  Loss: 0.079168 Regul: 0.003023 Obj: 0.082191 (0.072850)  NNZ: 20 (20)  Ttime: 1.3857 Vtime: 0.0516
Step: 48200000  Loss: 0.081946 Regul: 0.003328 Obj: 0.085274 (0.072850)  NNZ: 20 (20)  Ttime: 1.3849 Vtime: 0.0517
Step: 48300000  Loss: 0.078287 Regul: 0.002608 Obj: 0.080896 (0.072850)  NNZ: 20 (20)  Ttime: 1.3847 Vtime: 0.0516
Step: 48400000  Loss: 0.075693 Regul: 0.002744 Obj: 0.078437 (0.072850)  NNZ: 23 (20)  Ttime: 1.3847 Vtime: 0.0515
Step: 48500000  Loss: 0.078849 Regul: 0.003096 Obj: 0.081946 (0.072850)  NNZ: 22 (20)  Ttime: 1.3850 Vtime: 0.0513
Step: 48600000  Loss: 0.077759 Regul: 0.002062 Obj: 0.079822 (0.072850)  NNZ: 17 (20)  Ttime: 1.3845 Vtime: 0.0518
Step: 48700000  Loss: 0.083720 Regul: 0.003820 Obj: 0.087540 (0.072850)  NNZ: 30 (20)  Ttime: 1.3868 Vtime: 0.0513
Step: 48800000  Loss: 0.075043 Regul: 0.001962 Obj: 0.077005 (0.072850)  NNZ: 17 (20)  Ttime: 1.3875 Vtime: 0.0510
Step: 48900000  Loss: 0.078669 Regul: 0.002905 Obj: 0.081574 (0.072850)  NNZ: 23 (20)  Ttime: 1.3842 Vtime: 0.0521
Step: 49000000  Loss: 0.079843 Regul: 0.002178 Obj: 0.082021 (0.072850)  NNZ: 15 (20)  Ttime: 1.3857 Vtime: 0.0514
Step: 49100000  Loss: 0.079720 Regul: 0.002857 Obj: 0.082577 (0.072850)  NNZ: 21 (20)  Ttime: 1.3886 Vtime: 0.0511
Step: 49200000  Loss: 0.072605 Regul: 0.002106 Obj: 0.074711 (0.072850)  NNZ: 20 (20)  Ttime: 1.3852 Vtime: 0.0511
Step: 49300000  Loss: 0.075570 Regul: 0.002150 Obj: 0.077720 (0.072850)  NNZ: 22 (20)  Ttime: 1.3899 Vtime: 0.0514
Step: 49400000  Loss: 0.081107 Regul: 0.003092 Obj: 0.084198 (0.072850)  NNZ: 25 (20)  Ttime: 1.3852 Vtime: 0.0513
Step: 49500000  Loss: 0.077726 Regul: 0.002864 Obj: 0.080591 (0.072850)  NNZ: 20 (20)  Ttime: 1.3852 Vtime: 0.0510
Step: 49600000  Loss: 0.079362 Regul: 0.003113 Obj: 0.082474 (0.072850)  NNZ: 25 (20)  Ttime: 1.3872 Vtime: 0.0511
Step: 49700000  Loss: 0.074642 Regul: 0.001931 Obj: 0.076574 (0.072850)  NNZ: 21 (20)  Ttime: 1.3863 Vtime: 0.0510
Step: 49800000  Loss: 0.078227 Regul: 0.002655 Obj: 0.080882 (0.072850)  NNZ: 20 (20)  Ttime: 1.3851 Vtime: 0.0510
Step: 49900000  Loss: 0.074846 Regul: 0.002777 Obj: 0.077623 (0.072850)  NNZ: 19 (20)  Ttime: 1.3884 Vtime: 0.0516
Step: 50000000  Loss: 0.072273 Regul: 0.002053 Obj: 0.074327 (0.072850)  NNZ: 16 (20)  Ttime: 1.3841 Vtime: 0.0512
