mu: 0.01 gamma: 0.02 nIters: 50000000
Load PRParams.
Load RingParams.
Load Labels: 500000
Load Distances: 500000 x 5120
0...10...20...30...40...50...60...70...80...90...100 - done.
Positive samples #250000
Negative samples #250000
Positive train #200000
Negative train #200000
Positive valid #50000
Negative valid #50000

Found GPU: GeForce GTX 970
Compute Capability: 5.2

Best: 100000  Loss: 0.651666 Regul: 0.056910 Obj: 0.708576 (0.708576)  NNZ: 8 (8)  Ttime: 1.4080 Vtime: 0.1322
Stat: nPR #44 (#64) Dim/MaxDim [352/640] AUC: 0.955238 FPR95: 28.98 [saved]
Step: 200000  Loss: 1.373455 Regul: 0.060881 Obj: 1.434336 (0.708576)  NNZ: 8 (8)  Ttime: 1.4008 Vtime: 0.0517
Step: 300000  Loss: 0.731026 Regul: 0.049189 Obj: 0.780215 (0.708576)  NNZ: 6 (8)  Ttime: 1.4009 Vtime: 0.0515
Best: 400000  Loss: 0.178780 Regul: 0.014397 Obj: 0.193177 (0.193177)  NNZ: 2 (2)  Ttime: 1.4004 Vtime: 0.0516
Stat: nPR #16 (#16) Dim/MaxDim [128/640] AUC: 0.965110 FPR95: 20.50 [saved]
Step: 500000  Loss: 0.189203 Regul: 0.012708 Obj: 0.201910 (0.193177)  NNZ: 5 (2)  Ttime: 1.4077 Vtime: 0.0518
Step: 600000  Loss: 0.337983 Regul: 0.032804 Obj: 0.370786 (0.193177)  NNZ: 8 (2)  Ttime: 1.3991 Vtime: 0.0513
Step: 700000  Loss: 0.438022 Regul: 0.019918 Obj: 0.457940 (0.193177)  NNZ: 3 (2)  Ttime: 1.4067 Vtime: 0.0507
Step: 800000  Loss: 0.458958 Regul: 0.045363 Obj: 0.504321 (0.193177)  NNZ: 8 (2)  Ttime: 1.4019 Vtime: 0.0515
Step: 900000  Loss: 0.561518 Regul: 0.061231 Obj: 0.622749 (0.193177)  NNZ: 10 (2)  Ttime: 1.4006 Vtime: 0.0511
Step: 1000000  Loss: 0.556103 Regul: 0.057266 Obj: 0.613369 (0.193177)  NNZ: 13 (2)  Ttime: 1.4041 Vtime: 0.0521
Step: 1100000  Loss: 0.449386 Regul: 0.041833 Obj: 0.491219 (0.193177)  NNZ: 8 (2)  Ttime: 1.4537 Vtime: 0.0516
Step: 1200000  Loss: 0.494836 Regul: 0.032263 Obj: 0.527099 (0.193177)  NNZ: 7 (2)  Ttime: 1.4178 Vtime: 0.0518
Step: 1300000  Loss: 0.428782 Regul: 0.043618 Obj: 0.472400 (0.193177)  NNZ: 9 (2)  Ttime: 1.4102 Vtime: 0.0507
Step: 1400000  Loss: 0.316185 Regul: 0.037607 Obj: 0.353792 (0.193177)  NNZ: 13 (2)  Ttime: 1.4094 Vtime: 0.0512
Step: 1500000  Loss: 0.564121 Regul: 0.058224 Obj: 0.622344 (0.193177)  NNZ: 14 (2)  Ttime: 1.4176 Vtime: 0.0521
Step: 1600000  Loss: 0.289616 Regul: 0.031775 Obj: 0.321391 (0.193177)  NNZ: 9 (2)  Ttime: 1.4168 Vtime: 0.0514
Step: 1700000  Loss: 0.286409 Regul: 0.023115 Obj: 0.309524 (0.193177)  NNZ: 6 (2)  Ttime: 1.4149 Vtime: 0.0515
Step: 1800000  Loss: 0.401973 Regul: 0.037664 Obj: 0.439637 (0.193177)  NNZ: 10 (2)  Ttime: 1.4168 Vtime: 0.0516
Best: 1900000  Loss: 0.114335 Regul: 0.005124 Obj: 0.119459 (0.119459)  NNZ: 3 (3)  Ttime: 1.4124 Vtime: 0.0519
Stat: nPR #16 (#24) Dim/MaxDim [128/640] AUC: 0.959488 FPR95: 24.12 [saved]
Step: 2000000  Loss: 0.199573 Regul: 0.013484 Obj: 0.213057 (0.119459)  NNZ: 9 (3)  Ttime: 1.4153 Vtime: 0.0515
Step: 2100000  Loss: 0.343176 Regul: 0.032712 Obj: 0.375888 (0.119459)  NNZ: 11 (3)  Ttime: 1.4263 Vtime: 0.0523
Step: 2200000  Loss: 0.126308 Regul: 0.011199 Obj: 0.137507 (0.119459)  NNZ: 7 (3)  Ttime: 1.4141 Vtime: 0.0514
Step: 2300000  Loss: 0.250096 Regul: 0.014819 Obj: 0.264915 (0.119459)  NNZ: 6 (3)  Ttime: 1.4136 Vtime: 0.0508
Step: 2400000  Loss: 0.216552 Regul: 0.013580 Obj: 0.230132 (0.119459)  NNZ: 5 (3)  Ttime: 1.4134 Vtime: 0.0515
Step: 2500000  Loss: 0.181404 Regul: 0.010571 Obj: 0.191975 (0.119459)  NNZ: 5 (3)  Ttime: 1.4158 Vtime: 0.0510
Step: 2600000  Loss: 0.116029 Regul: 0.010341 Obj: 0.126370 (0.119459)  NNZ: 7 (3)  Ttime: 1.4247 Vtime: 0.0524
Step: 2700000  Loss: 0.184711 Regul: 0.022363 Obj: 0.207075 (0.119459)  NNZ: 8 (3)  Ttime: 1.4154 Vtime: 0.0517
Step: 2800000  Loss: 0.311433 Regul: 0.022958 Obj: 0.334391 (0.119459)  NNZ: 7 (3)  Ttime: 1.4126 Vtime: 0.0512
Step: 2900000  Loss: 0.195614 Regul: 0.020783 Obj: 0.216397 (0.119459)  NNZ: 8 (3)  Ttime: 1.4127 Vtime: 0.0512
Step: 3000000  Loss: 0.201261 Regul: 0.019614 Obj: 0.220875 (0.119459)  NNZ: 7 (3)  Ttime: 1.4154 Vtime: 0.0517
Step: 3100000  Loss: 0.165342 Regul: 0.016311 Obj: 0.181653 (0.119459)  NNZ: 6 (3)  Ttime: 1.4118 Vtime: 0.0517
Step: 3200000  Loss: 0.176541 Regul: 0.017182 Obj: 0.193723 (0.119459)  NNZ: 9 (3)  Ttime: 1.4090 Vtime: 0.0517
Step: 3300000  Loss: 0.297116 Regul: 0.021621 Obj: 0.318738 (0.119459)  NNZ: 7 (3)  Ttime: 1.4160 Vtime: 0.0521
Step: 3400000  Loss: 0.265759 Regul: 0.021364 Obj: 0.287122 (0.119459)  NNZ: 7 (3)  Ttime: 1.4142 Vtime: 0.0521
Step: 3500000  Loss: 0.465792 Regul: 0.045059 Obj: 0.510852 (0.119459)  NNZ: 11 (3)  Ttime: 1.4127 Vtime: 0.0517
Step: 3600000  Loss: 0.192886 Regul: 0.018807 Obj: 0.211693 (0.119459)  NNZ: 10 (3)  Ttime: 1.4116 Vtime: 0.0509
Step: 3700000  Loss: 0.228878 Regul: 0.022610 Obj: 0.251488 (0.119459)  NNZ: 10 (3)  Ttime: 1.4425 Vtime: 0.0524
Step: 3800000  Loss: 0.182603 Regul: 0.013254 Obj: 0.195858 (0.119459)  NNZ: 7 (3)  Ttime: 1.4290 Vtime: 0.0515
Step: 3900000  Loss: 0.139297 Regul: 0.009683 Obj: 0.148980 (0.119459)  NNZ: 4 (3)  Ttime: 1.4160 Vtime: 0.0515
Step: 4000000  Loss: 0.324510 Regul: 0.005812 Obj: 0.330321 (0.119459)  NNZ: 3 (3)  Ttime: 1.4153 Vtime: 0.0513
Step: 4100000  Loss: 0.186182 Regul: 0.019297 Obj: 0.205479 (0.119459)  NNZ: 7 (3)  Ttime: 1.4124 Vtime: 0.0519
Step: 4200000  Loss: 0.232500 Regul: 0.020293 Obj: 0.252793 (0.119459)  NNZ: 8 (3)  Ttime: 1.4092 Vtime: 0.0513
Step: 4300000  Loss: 0.193198 Regul: 0.014348 Obj: 0.207546 (0.119459)  NNZ: 7 (3)  Ttime: 1.4149 Vtime: 0.0519
Step: 4400000  Loss: 0.350805 Regul: 0.015215 Obj: 0.366020 (0.119459)  NNZ: 8 (3)  Ttime: 1.4148 Vtime: 0.0515
Best: 4500000  Loss: 0.103621 Regul: 0.005790 Obj: 0.109411 (0.109411)  NNZ: 3 (3)  Ttime: 1.4128 Vtime: 0.0516
Stat: nPR #24 (#24) Dim/MaxDim [192/640] AUC: 0.962704 FPR95: 21.96 [saved]
Step: 4600000  Loss: 0.106507 Regul: 0.006987 Obj: 0.113495 (0.109411)  NNZ: 5 (3)  Ttime: 1.4116 Vtime: 0.0516
Step: 4700000  Loss: 0.101753 Regul: 0.008220 Obj: 0.109973 (0.109411)  NNZ: 7 (3)  Ttime: 1.4199 Vtime: 0.0509
Step: 4800000  Loss: 0.199771 Regul: 0.013353 Obj: 0.213124 (0.109411)  NNZ: 7 (3)  Ttime: 1.4140 Vtime: 0.0518
Step: 4900000  Loss: 0.190614 Regul: 0.013918 Obj: 0.204532 (0.109411)  NNZ: 10 (3)  Ttime: 1.4099 Vtime: 0.0516
Step: 5000000  Loss: 0.176860 Regul: 0.004250 Obj: 0.181110 (0.109411)  NNZ: 3 (3)  Ttime: 1.4123 Vtime: 0.0518
Step: 5100000  Loss: 0.191237 Regul: 0.018840 Obj: 0.210077 (0.109411)  NNZ: 10 (3)  Ttime: 1.4101 Vtime: 0.0511
Step: 5200000  Loss: 0.116754 Regul: 0.007345 Obj: 0.124099 (0.109411)  NNZ: 5 (3)  Ttime: 1.4135 Vtime: 0.0511
Step: 5300000  Loss: 0.108238 Regul: 0.007375 Obj: 0.115613 (0.109411)  NNZ: 4 (3)  Ttime: 1.4122 Vtime: 0.0518
Step: 5400000  Loss: 0.264541 Regul: 0.022163 Obj: 0.286704 (0.109411)  NNZ: 9 (3)  Ttime: 1.4129 Vtime: 0.0515
Step: 5500000  Loss: 0.192596 Regul: 0.022344 Obj: 0.214940 (0.109411)  NNZ: 10 (3)  Ttime: 1.4220 Vtime: 0.0517
Step: 5600000  Loss: 0.476616 Regul: 0.018502 Obj: 0.495119 (0.109411)  NNZ: 8 (3)  Ttime: 1.4117 Vtime: 0.0515
Step: 5700000  Loss: 0.237986 Regul: 0.032260 Obj: 0.270246 (0.109411)  NNZ: 16 (3)  Ttime: 1.4141 Vtime: 0.0516
Step: 5800000  Loss: 0.239542 Regul: 0.017584 Obj: 0.257126 (0.109411)  NNZ: 9 (3)  Ttime: 1.4150 Vtime: 0.0511
Step: 5900000  Loss: 0.156702 Regul: 0.012446 Obj: 0.169148 (0.109411)  NNZ: 7 (3)  Ttime: 1.4151 Vtime: 0.0518
Step: 6000000  Loss: 0.238829 Regul: 0.019139 Obj: 0.257969 (0.109411)  NNZ: 13 (3)  Ttime: 1.4116 Vtime: 0.0514
Step: 6100000  Loss: 0.198348 Regul: 0.006440 Obj: 0.204788 (0.109411)  NNZ: 3 (3)  Ttime: 1.4158 Vtime: 0.0522
Step: 6200000  Loss: 0.139920 Regul: 0.011349 Obj: 0.151269 (0.109411)  NNZ: 6 (3)  Ttime: 1.4193 Vtime: 0.0515
Step: 6300000  Loss: 0.139531 Regul: 0.010164 Obj: 0.149694 (0.109411)  NNZ: 6 (3)  Ttime: 1.4145 Vtime: 0.0509
Step: 6400000  Loss: 0.190068 Regul: 0.012529 Obj: 0.202597 (0.109411)  NNZ: 7 (3)  Ttime: 1.4225 Vtime: 0.0515
Step: 6500000  Loss: 0.186472 Regul: 0.020049 Obj: 0.206521 (0.109411)  NNZ: 16 (3)  Ttime: 1.4130 Vtime: 0.0514
Step: 6600000  Loss: 0.198779 Regul: 0.018961 Obj: 0.217740 (0.109411)  NNZ: 9 (3)  Ttime: 1.4149 Vtime: 0.0513
Step: 6700000  Loss: 0.259976 Regul: 0.018818 Obj: 0.278795 (0.109411)  NNZ: 12 (3)  Ttime: 1.4125 Vtime: 0.0514
Step: 6800000  Loss: 0.162220 Regul: 0.014332 Obj: 0.176552 (0.109411)  NNZ: 8 (3)  Ttime: 1.4140 Vtime: 0.0513
Step: 6900000  Loss: 0.161494 Regul: 0.014579 Obj: 0.176072 (0.109411)  NNZ: 9 (3)  Ttime: 1.4154 Vtime: 0.0516
Step: 7000000  Loss: 0.125856 Regul: 0.011292 Obj: 0.137148 (0.109411)  NNZ: 6 (3)  Ttime: 1.4122 Vtime: 0.0513
Step: 7100000  Loss: 0.228030 Regul: 0.018832 Obj: 0.246862 (0.109411)  NNZ: 8 (3)  Ttime: 1.4126 Vtime: 0.0507
Step: 7200000  Loss: 0.146557 Regul: 0.016316 Obj: 0.162873 (0.109411)  NNZ: 11 (3)  Ttime: 1.4160 Vtime: 0.0516
Step: 7300000  Loss: 0.160196 Regul: 0.014850 Obj: 0.175046 (0.109411)  NNZ: 9 (3)  Ttime: 1.4153 Vtime: 0.0508
Step: 7400000  Loss: 0.134392 Regul: 0.015060 Obj: 0.149452 (0.109411)  NNZ: 9 (3)  Ttime: 1.4052 Vtime: 0.0513
Step: 7500000  Loss: 0.165515 Regul: 0.011138 Obj: 0.176652 (0.109411)  NNZ: 6 (3)  Ttime: 1.4081 Vtime: 0.0512
Best: 7600000  Loss: 0.094612 Regul: 0.006179 Obj: 0.100791 (0.100791)  NNZ: 7 (7)  Ttime: 1.4175 Vtime: 0.0518
Stat: nPR #44 (#56) Dim/MaxDim [352/640] AUC: 0.968109 FPR95: 18.16 [saved]
Step: 7700000  Loss: 0.158998 Regul: 0.019221 Obj: 0.178219 (0.100791)  NNZ: 12 (7)  Ttime: 1.4193 Vtime: 0.0513
Step: 7800000  Loss: 0.104154 Regul: 0.006953 Obj: 0.111108 (0.100791)  NNZ: 5 (7)  Ttime: 1.4155 Vtime: 0.0520
Step: 7900000  Loss: 0.228796 Regul: 0.022391 Obj: 0.251187 (0.100791)  NNZ: 8 (7)  Ttime: 1.4126 Vtime: 0.0516
Step: 8000000  Loss: 0.529753 Regul: 0.045663 Obj: 0.575415 (0.100791)  NNZ: 14 (7)  Ttime: 1.4120 Vtime: 0.0519
Step: 8100000  Loss: 0.220348 Regul: 0.028555 Obj: 0.248903 (0.100791)  NNZ: 14 (7)  Ttime: 1.4177 Vtime: 0.0515
Step: 8200000  Loss: 0.243439 Regul: 0.017556 Obj: 0.260995 (0.100791)  NNZ: 8 (7)  Ttime: 1.4137 Vtime: 0.0514
Step: 8300000  Loss: 0.224875 Regul: 0.001906 Obj: 0.226780 (0.100791)  NNZ: 5 (7)  Ttime: 1.4121 Vtime: 0.0515
Step: 8400000  Loss: 0.120695 Regul: 0.011865 Obj: 0.132560 (0.100791)  NNZ: 8 (7)  Ttime: 1.4144 Vtime: 0.0515
Step: 8500000  Loss: 0.376387 Regul: 0.051063 Obj: 0.427450 (0.100791)  NNZ: 16 (7)  Ttime: 1.4144 Vtime: 0.0510
Step: 8600000  Loss: 0.224468 Regul: 0.018029 Obj: 0.242496 (0.100791)  NNZ: 9 (7)  Ttime: 1.4132 Vtime: 0.0512
Step: 8700000  Loss: 0.151735 Regul: 0.009540 Obj: 0.161275 (0.100791)  NNZ: 6 (7)  Ttime: 1.4150 Vtime: 0.0515
Step: 8800000  Loss: 0.164346 Regul: 0.021052 Obj: 0.185398 (0.100791)  NNZ: 11 (7)  Ttime: 1.4274 Vtime: 0.0514
Step: 8900000  Loss: 0.137422 Regul: 0.012050 Obj: 0.149472 (0.100791)  NNZ: 8 (7)  Ttime: 1.4145 Vtime: 0.0516
Step: 9000000  Loss: 0.122945 Regul: 0.010786 Obj: 0.133731 (0.100791)  NNZ: 8 (7)  Ttime: 1.4150 Vtime: 0.0521
Step: 9100000  Loss: 0.098331 Regul: 0.006753 Obj: 0.105084 (0.100791)  NNZ: 6 (7)  Ttime: 1.4158 Vtime: 0.0519
Step: 9200000  Loss: 0.166536 Regul: 0.015879 Obj: 0.182415 (0.100791)  NNZ: 9 (7)  Ttime: 1.4135 Vtime: 0.0518
Step: 9300000  Loss: 0.184863 Regul: 0.018126 Obj: 0.202990 (0.100791)  NNZ: 8 (7)  Ttime: 1.4145 Vtime: 0.0521
Step: 9400000  Loss: 0.171057 Regul: 0.016001 Obj: 0.187058 (0.100791)  NNZ: 8 (7)  Ttime: 1.4152 Vtime: 0.0519
Step: 9500000  Loss: 0.133677 Regul: 0.010253 Obj: 0.143930 (0.100791)  NNZ: 9 (7)  Ttime: 1.4111 Vtime: 0.0523
Step: 9600000  Loss: 0.136312 Regul: 0.012357 Obj: 0.148669 (0.100791)  NNZ: 7 (7)  Ttime: 1.4121 Vtime: 0.0516
Step: 9700000  Loss: 0.122810 Regul: 0.007273 Obj: 0.130083 (0.100791)  NNZ: 6 (7)  Ttime: 1.4150 Vtime: 0.0518
Step: 9800000  Loss: 0.126782 Regul: 0.010120 Obj: 0.136901 (0.100791)  NNZ: 7 (7)  Ttime: 1.4100 Vtime: 0.0511
Step: 9900000  Loss: 0.236499 Regul: 0.013750 Obj: 0.250249 (0.100791)  NNZ: 5 (7)  Ttime: 1.4128 Vtime: 0.0511
Step: 10000000  Loss: 0.136742 Regul: 0.013428 Obj: 0.150170 (0.100791)  NNZ: 10 (7)  Ttime: 1.4150 Vtime: 0.0514
Step: 10100000  Loss: 0.146562 Regul: 0.009106 Obj: 0.155668 (0.100791)  NNZ: 7 (7)  Ttime: 1.4164 Vtime: 0.0512
Step: 10200000  Loss: 0.132280 Regul: 0.010085 Obj: 0.142366 (0.100791)  NNZ: 5 (7)  Ttime: 1.4121 Vtime: 0.0516
Step: 10300000  Loss: 0.154325 Regul: 0.015729 Obj: 0.170054 (0.100791)  NNZ: 10 (7)  Ttime: 1.4129 Vtime: 0.0523
Step: 10400000  Loss: 0.123229 Regul: 0.004147 Obj: 0.127376 (0.100791)  NNZ: 4 (7)  Ttime: 1.4161 Vtime: 0.0514
Step: 10500000  Loss: 0.163053 Regul: 0.010508 Obj: 0.173561 (0.100791)  NNZ: 7 (7)  Ttime: 1.4130 Vtime: 0.0518
Step: 10600000  Loss: 0.108693 Regul: 0.008950 Obj: 0.117643 (0.100791)  NNZ: 7 (7)  Ttime: 1.4118 Vtime: 0.0517
Step: 10700000  Loss: 0.154744 Regul: 0.015458 Obj: 0.170202 (0.100791)  NNZ: 8 (7)  Ttime: 1.4124 Vtime: 0.0516
Step: 10800000  Loss: 0.147964 Regul: 0.016458 Obj: 0.164421 (0.100791)  NNZ: 6 (7)  Ttime: 1.4163 Vtime: 0.0514
Step: 10900000  Loss: 0.183367 Regul: 0.019368 Obj: 0.202735 (0.100791)  NNZ: 10 (7)  Ttime: 1.4146 Vtime: 0.0521
Step: 11000000  Loss: 0.134700 Regul: 0.014152 Obj: 0.148852 (0.100791)  NNZ: 9 (7)  Ttime: 1.4138 Vtime: 0.0512
Step: 11100000  Loss: 0.150842 Regul: 0.013297 Obj: 0.164140 (0.100791)  NNZ: 9 (7)  Ttime: 1.4134 Vtime: 0.0511
Step: 11200000  Loss: 0.131466 Regul: 0.009695 Obj: 0.141161 (0.100791)  NNZ: 7 (7)  Ttime: 1.4221 Vtime: 0.0511
Best: 11300000  Loss: 0.082402 Regul: 0.003552 Obj: 0.085954 (0.085954)  NNZ: 5 (5)  Ttime: 1.4138 Vtime: 0.0519
Stat: nPR #36 (#40) Dim/MaxDim [288/640] AUC: 0.967879 FPR95: 18.37 [saved]
Step: 11400000  Loss: 0.115688 Regul: 0.003538 Obj: 0.119225 (0.085954)  NNZ: 2 (5)  Ttime: 1.4146 Vtime: 0.0517
Step: 11500000  Loss: 0.165631 Regul: 0.009033 Obj: 0.174664 (0.085954)  NNZ: 6 (5)  Ttime: 1.4172 Vtime: 0.0512
Step: 11600000  Loss: 0.091736 Regul: 0.005703 Obj: 0.097439 (0.085954)  NNZ: 8 (5)  Ttime: 1.4150 Vtime: 0.0517
Step: 11700000  Loss: 0.116636 Regul: 0.010123 Obj: 0.126759 (0.085954)  NNZ: 8 (5)  Ttime: 1.4134 Vtime: 0.0515
Step: 11800000  Loss: 0.151194 Regul: 0.015076 Obj: 0.166270 (0.085954)  NNZ: 9 (5)  Ttime: 1.4150 Vtime: 0.0517
Step: 11900000  Loss: 0.101430 Regul: 0.006449 Obj: 0.107879 (0.085954)  NNZ: 8 (5)  Ttime: 1.4138 Vtime: 0.0515
Step: 12000000  Loss: 0.203028 Regul: 0.021505 Obj: 0.224533 (0.085954)  NNZ: 11 (5)  Ttime: 1.4220 Vtime: 0.0517
Step: 12100000  Loss: 0.155496 Regul: 0.016628 Obj: 0.172124 (0.085954)  NNZ: 11 (5)  Ttime: 1.4156 Vtime: 0.0517
Step: 12200000  Loss: 0.210109 Regul: 0.019608 Obj: 0.229717 (0.085954)  NNZ: 12 (5)  Ttime: 1.4123 Vtime: 0.0516
Step: 12300000  Loss: 0.127104 Regul: 0.013232 Obj: 0.140336 (0.085954)  NNZ: 8 (5)  Ttime: 1.4220 Vtime: 0.0511
Step: 12400000  Loss: 0.106725 Regul: 0.008876 Obj: 0.115601 (0.085954)  NNZ: 8 (5)  Ttime: 1.4131 Vtime: 0.0516
Step: 12500000  Loss: 0.133708 Regul: 0.012917 Obj: 0.146625 (0.085954)  NNZ: 9 (5)  Ttime: 1.4128 Vtime: 0.0510
Step: 12600000  Loss: 0.200872 Regul: 0.022743 Obj: 0.223615 (0.085954)  NNZ: 12 (5)  Ttime: 1.4134 Vtime: 0.0516
Step: 12700000  Loss: 0.134069 Regul: 0.013969 Obj: 0.148037 (0.085954)  NNZ: 8 (5)  Ttime: 1.4163 Vtime: 0.0518
Step: 12800000  Loss: 0.173069 Regul: 0.017765 Obj: 0.190834 (0.085954)  NNZ: 12 (5)  Ttime: 1.4146 Vtime: 0.0509
Step: 12900000  Loss: 0.169988 Regul: 0.015132 Obj: 0.185120 (0.085954)  NNZ: 9 (5)  Ttime: 1.4134 Vtime: 0.0510
Step: 13000000  Loss: 0.226630 Regul: 0.009023 Obj: 0.235653 (0.085954)  NNZ: 5 (5)  Ttime: 1.4133 Vtime: 0.0509
Step: 13100000  Loss: 0.118695 Regul: 0.007777 Obj: 0.126472 (0.085954)  NNZ: 6 (5)  Ttime: 1.4158 Vtime: 0.0515
Step: 13200000  Loss: 0.152990 Regul: 0.016074 Obj: 0.169065 (0.085954)  NNZ: 10 (5)  Ttime: 1.4143 Vtime: 0.0516
Step: 13300000  Loss: 0.098086 Regul: 0.005576 Obj: 0.103662 (0.085954)  NNZ: 5 (5)  Ttime: 1.4148 Vtime: 0.0520
Step: 13400000  Loss: 0.335442 Regul: 0.015336 Obj: 0.350778 (0.085954)  NNZ: 9 (5)  Ttime: 1.4160 Vtime: 0.0520
Step: 13500000  Loss: 0.117117 Regul: 0.010355 Obj: 0.127473 (0.085954)  NNZ: 9 (5)  Ttime: 1.4136 Vtime: 0.0519
Step: 13600000  Loss: 0.145012 Regul: 0.014338 Obj: 0.159350 (0.085954)  NNZ: 10 (5)  Ttime: 1.4114 Vtime: 0.0523
Step: 13700000  Loss: 0.123074 Regul: 0.010288 Obj: 0.133362 (0.085954)  NNZ: 7 (5)  Ttime: 1.4130 Vtime: 0.0515
Step: 13800000  Loss: 0.275127 Regul: 0.005698 Obj: 0.280826 (0.085954)  NNZ: 3 (5)  Ttime: 1.4121 Vtime: 0.0514
Step: 13900000  Loss: 0.243290 Regul: 0.008394 Obj: 0.251683 (0.085954)  NNZ: 7 (5)  Ttime: 1.4043 Vtime: 0.0518
Step: 14000000  Loss: 0.177933 Regul: 0.019128 Obj: 0.197061 (0.085954)  NNZ: 11 (5)  Ttime: 1.4152 Vtime: 0.0521
Step: 14100000  Loss: 0.154914 Regul: 0.016119 Obj: 0.171034 (0.085954)  NNZ: 8 (5)  Ttime: 1.4152 Vtime: 0.0515
Step: 14200000  Loss: 0.157763 Regul: 0.013020 Obj: 0.170783 (0.085954)  NNZ: 11 (5)  Ttime: 1.4232 Vtime: 0.0517
Step: 14300000  Loss: 0.145293 Regul: 0.017216 Obj: 0.162508 (0.085954)  NNZ: 12 (5)  Ttime: 1.4147 Vtime: 0.0527
Step: 14400000  Loss: 0.100256 Regul: 0.008175 Obj: 0.108431 (0.085954)  NNZ: 8 (5)  Ttime: 1.4214 Vtime: 0.0517
Step: 14500000  Loss: 0.250473 Regul: 0.023113 Obj: 0.273586 (0.085954)  NNZ: 13 (5)  Ttime: 1.4155 Vtime: 0.0513
Step: 14600000  Loss: 0.158315 Regul: 0.014929 Obj: 0.173244 (0.085954)  NNZ: 11 (5)  Ttime: 1.4133 Vtime: 0.0519
Step: 14700000  Loss: 0.091768 Regul: 0.006501 Obj: 0.098269 (0.085954)  NNZ: 6 (5)  Ttime: 1.4165 Vtime: 0.0517
Step: 14800000  Loss: 0.113496 Regul: 0.005828 Obj: 0.119323 (0.085954)  NNZ: 4 (5)  Ttime: 1.4159 Vtime: 0.0512
Step: 14900000  Loss: 0.145528 Regul: 0.014504 Obj: 0.160032 (0.085954)  NNZ: 10 (5)  Ttime: 1.4175 Vtime: 0.0513
Step: 15000000  Loss: 0.112261 Regul: 0.007318 Obj: 0.119579 (0.085954)  NNZ: 7 (5)  Ttime: 1.4148 Vtime: 0.0521
Step: 15100000  Loss: 0.156488 Regul: 0.009905 Obj: 0.166393 (0.085954)  NNZ: 7 (5)  Ttime: 1.5230 Vtime: 0.0518
Step: 15200000  Loss: 0.190436 Regul: 0.018492 Obj: 0.208928 (0.085954)  NNZ: 9 (5)  Ttime: 1.4037 Vtime: 0.0521
Step: 15300000  Loss: 0.130963 Regul: 0.008307 Obj: 0.139270 (0.085954)  NNZ: 6 (5)  Ttime: 1.4042 Vtime: 0.0519
Step: 15400000  Loss: 0.199513 Regul: 0.019332 Obj: 0.218845 (0.085954)  NNZ: 11 (5)  Ttime: 1.4061 Vtime: 0.0515
Step: 15500000  Loss: 0.151465 Regul: 0.014098 Obj: 0.165563 (0.085954)  NNZ: 7 (5)  Ttime: 1.3958 Vtime: 0.0518
Step: 15600000  Loss: 0.120513 Regul: 0.009415 Obj: 0.129928 (0.085954)  NNZ: 9 (5)  Ttime: 1.4001 Vtime: 0.0514
Step: 15700000  Loss: 0.133075 Regul: 0.009858 Obj: 0.142934 (0.085954)  NNZ: 6 (5)  Ttime: 1.4069 Vtime: 0.0518
Step: 15800000  Loss: 0.101324 Regul: 0.008507 Obj: 0.109831 (0.085954)  NNZ: 5 (5)  Ttime: 1.4044 Vtime: 0.0519
Step: 15900000  Loss: 0.170495 Regul: 0.010039 Obj: 0.180534 (0.085954)  NNZ: 8 (5)  Ttime: 1.4022 Vtime: 0.0526
Step: 16000000  Loss: 0.175222 Regul: 0.011755 Obj: 0.186977 (0.085954)  NNZ: 10 (5)  Ttime: 1.4002 Vtime: 0.0517
Step: 16100000  Loss: 0.385493 Regul: 0.014838 Obj: 0.400330 (0.085954)  NNZ: 9 (5)  Ttime: 1.4076 Vtime: 0.0506
Step: 16200000  Loss: 0.119072 Regul: 0.012560 Obj: 0.131632 (0.085954)  NNZ: 7 (5)  Ttime: 1.4061 Vtime: 0.0517
Step: 16300000  Loss: 0.207049 Regul: 0.024331 Obj: 0.231380 (0.085954)  NNZ: 16 (5)  Ttime: 1.4003 Vtime: 0.0517
Step: 16400000  Loss: 0.326237 Regul: 0.014910 Obj: 0.341146 (0.085954)  NNZ: 11 (5)  Ttime: 1.4233 Vtime: 0.0519
Step: 16500000  Loss: 0.138333 Regul: 0.014852 Obj: 0.153185 (0.085954)  NNZ: 12 (5)  Ttime: 1.4077 Vtime: 0.0515
Step: 16600000  Loss: 0.120146 Regul: 0.011062 Obj: 0.131208 (0.085954)  NNZ: 7 (5)  Ttime: 1.4001 Vtime: 0.0507
Step: 16700000  Loss: 0.089463 Regul: 0.002903 Obj: 0.092366 (0.085954)  NNZ: 3 (5)  Ttime: 1.4000 Vtime: 0.0508
Step: 16800000  Loss: 0.118819 Regul: 0.012078 Obj: 0.130897 (0.085954)  NNZ: 7 (5)  Ttime: 1.4053 Vtime: 0.0519
Step: 16900000  Loss: 0.116259 Regul: 0.008796 Obj: 0.125055 (0.085954)  NNZ: 8 (5)  Ttime: 1.4058 Vtime: 0.0522
Step: 17000000  Loss: 0.127100 Regul: 0.012207 Obj: 0.139307 (0.085954)  NNZ: 6 (5)  Ttime: 1.4692 Vtime: 0.0518
Step: 17100000  Loss: 0.111200 Regul: 0.008628 Obj: 0.119828 (0.085954)  NNZ: 8 (5)  Ttime: 1.4183 Vtime: 0.0521
Step: 17200000  Loss: 0.150640 Regul: 0.012471 Obj: 0.163111 (0.085954)  NNZ: 7 (5)  Ttime: 1.4156 Vtime: 0.0521
Step: 17300000  Loss: 0.156736 Regul: 0.012625 Obj: 0.169360 (0.085954)  NNZ: 9 (5)  Ttime: 1.4117 Vtime: 0.0516
Step: 17400000  Loss: 0.182596 Regul: 0.022456 Obj: 0.205052 (0.085954)  NNZ: 17 (5)  Ttime: 1.4154 Vtime: 0.0508
Step: 17500000  Loss: 0.132324 Regul: 0.009468 Obj: 0.141791 (0.085954)  NNZ: 9 (5)  Ttime: 1.4183 Vtime: 0.0513
Step: 17600000  Loss: 0.283018 Regul: 0.012285 Obj: 0.295304 (0.085954)  NNZ: 8 (5)  Ttime: 1.4155 Vtime: 0.0510
Step: 17700000  Loss: 0.089395 Regul: 0.003027 Obj: 0.092422 (0.085954)  NNZ: 6 (5)  Ttime: 1.4148 Vtime: 0.0511
Step: 17800000  Loss: 0.117529 Regul: 0.008582 Obj: 0.126111 (0.085954)  NNZ: 7 (5)  Ttime: 1.4176 Vtime: 0.0521
Step: 17900000  Loss: 0.201315 Regul: 0.019968 Obj: 0.221284 (0.085954)  NNZ: 12 (5)  Ttime: 1.4172 Vtime: 0.0512
Step: 18000000  Loss: 0.111061 Regul: 0.007651 Obj: 0.118712 (0.085954)  NNZ: 6 (5)  Ttime: 1.4122 Vtime: 0.0515
Step: 18100000  Loss: 0.118395 Regul: 0.011877 Obj: 0.130272 (0.085954)  NNZ: 8 (5)  Ttime: 1.4159 Vtime: 0.0522
Step: 18200000  Loss: 0.105440 Regul: 0.007166 Obj: 0.112605 (0.085954)  NNZ: 6 (5)  Ttime: 1.4159 Vtime: 0.0515
Step: 18300000  Loss: 0.113747 Regul: 0.009124 Obj: 0.122871 (0.085954)  NNZ: 10 (5)  Ttime: 1.4166 Vtime: 0.0519
Step: 18400000  Loss: 0.121865 Regul: 0.008481 Obj: 0.130346 (0.085954)  NNZ: 9 (5)  Ttime: 1.4171 Vtime: 0.0513
Step: 18500000  Loss: 0.098935 Regul: 0.002407 Obj: 0.101342 (0.085954)  NNZ: 5 (5)  Ttime: 1.4179 Vtime: 0.0517
Step: 18600000  Loss: 0.104822 Regul: 0.006746 Obj: 0.111568 (0.085954)  NNZ: 5 (5)  Ttime: 1.4661 Vtime: 0.0514
Step: 18700000  Loss: 0.135683 Regul: 0.009851 Obj: 0.145534 (0.085954)  NNZ: 11 (5)  Ttime: 1.3996 Vtime: 0.0513
Step: 18800000  Loss: 0.176887 Regul: 0.010095 Obj: 0.186983 (0.085954)  NNZ: 7 (5)  Ttime: 1.4036 Vtime: 0.0516
Step: 18900000  Loss: 0.250339 Regul: 0.011064 Obj: 0.261403 (0.085954)  NNZ: 8 (5)  Ttime: 1.4057 Vtime: 0.0515
Step: 19000000  Loss: 0.201260 Regul: 0.020103 Obj: 0.221363 (0.085954)  NNZ: 15 (5)  Ttime: 1.4017 Vtime: 0.0516
Step: 19100000  Loss: 0.136962 Regul: 0.014609 Obj: 0.151571 (0.085954)  NNZ: 11 (5)  Ttime: 1.4155 Vtime: 0.0511
Step: 19200000  Loss: 0.109374 Regul: 0.006052 Obj: 0.115426 (0.085954)  NNZ: 4 (5)  Ttime: 1.4190 Vtime: 0.0519
Step: 19300000  Loss: 0.139042 Regul: 0.005525 Obj: 0.144567 (0.085954)  NNZ: 4 (5)  Ttime: 1.4030 Vtime: 0.0514
Step: 19400000  Loss: 0.164856 Regul: 0.015964 Obj: 0.180820 (0.085954)  NNZ: 9 (5)  Ttime: 1.4011 Vtime: 0.0515
Step: 19500000  Loss: 0.123767 Regul: 0.011819 Obj: 0.135586 (0.085954)  NNZ: 9 (5)  Ttime: 1.4064 Vtime: 0.0520
Step: 19600000  Loss: 0.136706 Regul: 0.011824 Obj: 0.148530 (0.085954)  NNZ: 8 (5)  Ttime: 1.4039 Vtime: 0.0510
Step: 19700000  Loss: 0.142359 Regul: 0.013906 Obj: 0.156265 (0.085954)  NNZ: 9 (5)  Ttime: 1.4104 Vtime: 0.0522
Step: 19800000  Loss: 0.107475 Regul: 0.008611 Obj: 0.116086 (0.085954)  NNZ: 7 (5)  Ttime: 1.4056 Vtime: 0.0512
Step: 19900000  Loss: 0.110433 Regul: 0.008708 Obj: 0.119142 (0.085954)  NNZ: 8 (5)  Ttime: 1.4054 Vtime: 0.0513
Step: 20000000  Loss: 0.125010 Regul: 0.007546 Obj: 0.132556 (0.085954)  NNZ: 8 (5)  Ttime: 1.4023 Vtime: 0.0511
Step: 20100000  Loss: 0.201958 Regul: 0.010125 Obj: 0.212083 (0.085954)  NNZ: 6 (5)  Ttime: 1.4004 Vtime: 0.0513
Step: 20200000  Loss: 0.142573 Regul: 0.012217 Obj: 0.154790 (0.085954)  NNZ: 12 (5)  Ttime: 1.3992 Vtime: 0.0514
Step: 20300000  Loss: 0.371576 Regul: 0.014023 Obj: 0.385599 (0.085954)  NNZ: 13 (5)  Ttime: 1.4012 Vtime: 0.0518
Step: 20400000  Loss: 0.123585 Regul: 0.009468 Obj: 0.133053 (0.085954)  NNZ: 9 (5)  Ttime: 1.4036 Vtime: 0.0509
Step: 20500000  Loss: 0.107260 Regul: 0.004658 Obj: 0.111919 (0.085954)  NNZ: 4 (5)  Ttime: 1.4053 Vtime: 0.0509
Step: 20600000  Loss: 0.115371 Regul: 0.009111 Obj: 0.124482 (0.085954)  NNZ: 9 (5)  Ttime: 1.4054 Vtime: 0.0512
Step: 20700000  Loss: 0.097331 Regul: 0.006831 Obj: 0.104162 (0.085954)  NNZ: 7 (5)  Ttime: 1.4037 Vtime: 0.0510
Step: 20800000  Loss: 0.106180 Regul: 0.010339 Obj: 0.116519 (0.085954)  NNZ: 12 (5)  Ttime: 1.4067 Vtime: 0.0517
Step: 20900000  Loss: 0.360272 Regul: 0.017024 Obj: 0.377296 (0.085954)  NNZ: 10 (5)  Ttime: 1.4082 Vtime: 0.0514
Step: 21000000  Loss: 0.129445 Regul: 0.012969 Obj: 0.142413 (0.085954)  NNZ: 8 (5)  Ttime: 1.4124 Vtime: 0.0525
Step: 21100000  Loss: 0.125159 Regul: 0.012566 Obj: 0.137725 (0.085954)  NNZ: 8 (5)  Ttime: 1.4594 Vtime: 0.0515
Step: 21200000  Loss: 0.131076 Regul: 0.012346 Obj: 0.143422 (0.085954)  NNZ: 8 (5)  Ttime: 1.4232 Vtime: 0.0519
Step: 21300000  Loss: 0.094244 Regul: 0.007688 Obj: 0.101932 (0.085954)  NNZ: 6 (5)  Ttime: 1.4164 Vtime: 0.0516
Step: 21400000  Loss: 0.100418 Regul: 0.004443 Obj: 0.104862 (0.085954)  NNZ: 5 (5)  Ttime: 1.4206 Vtime: 0.0511
Step: 21500000  Loss: 0.100708 Regul: 0.008743 Obj: 0.109450 (0.085954)  NNZ: 5 (5)  Ttime: 1.4139 Vtime: 0.0513
Step: 21600000  Loss: 0.140302 Regul: 0.014121 Obj: 0.154423 (0.085954)  NNZ: 11 (5)  Ttime: 1.4128 Vtime: 0.0519
Step: 21700000  Loss: 0.133581 Regul: 0.013838 Obj: 0.147419 (0.085954)  NNZ: 10 (5)  Ttime: 1.4145 Vtime: 0.0520
Step: 21800000  Loss: 0.174281 Regul: 0.007834 Obj: 0.182115 (0.085954)  NNZ: 7 (5)  Ttime: 1.4177 Vtime: 0.0513
Step: 21900000  Loss: 0.169157 Regul: 0.015869 Obj: 0.185026 (0.085954)  NNZ: 8 (5)  Ttime: 1.4169 Vtime: 0.0509
Step: 22000000  Loss: 0.119167 Regul: 0.012173 Obj: 0.131340 (0.085954)  NNZ: 8 (5)  Ttime: 1.4156 Vtime: 0.0516
Step: 22100000  Loss: 0.123558 Regul: 0.012363 Obj: 0.135921 (0.085954)  NNZ: 11 (5)  Ttime: 1.4118 Vtime: 0.0517
Step: 22200000  Loss: 0.120168 Regul: 0.012014 Obj: 0.132182 (0.085954)  NNZ: 11 (5)  Ttime: 1.4121 Vtime: 0.0522
Step: 22300000  Loss: 0.141352 Regul: 0.002637 Obj: 0.143989 (0.085954)  NNZ: 3 (5)  Ttime: 1.4130 Vtime: 0.0519
Step: 22400000  Loss: 0.152947 Regul: 0.015581 Obj: 0.168528 (0.085954)  NNZ: 10 (5)  Ttime: 1.4158 Vtime: 0.0517
Step: 22500000  Loss: 0.103360 Regul: 0.006614 Obj: 0.109974 (0.085954)  NNZ: 5 (5)  Ttime: 1.4120 Vtime: 0.0516
Step: 22600000  Loss: 0.134196 Regul: 0.011099 Obj: 0.145295 (0.085954)  NNZ: 7 (5)  Ttime: 1.4121 Vtime: 0.0514
Step: 22700000  Loss: 0.149976 Regul: 0.016086 Obj: 0.166063 (0.085954)  NNZ: 11 (5)  Ttime: 1.4616 Vtime: 0.0519
Step: 22800000  Loss: 0.098716 Regul: 0.005066 Obj: 0.103781 (0.085954)  NNZ: 7 (5)  Ttime: 1.4042 Vtime: 0.0518
Step: 22900000  Loss: 0.099889 Regul: 0.005374 Obj: 0.105263 (0.085954)  NNZ: 6 (5)  Ttime: 1.4065 Vtime: 0.0516
Step: 23000000  Loss: 0.127904 Regul: 0.010686 Obj: 0.138590 (0.085954)  NNZ: 9 (5)  Ttime: 1.4081 Vtime: 0.0511
Step: 23100000  Loss: 0.093457 Regul: 0.006199 Obj: 0.099656 (0.085954)  NNZ: 7 (5)  Ttime: 1.4042 Vtime: 0.0508
Step: 23200000  Loss: 0.104836 Regul: 0.006855 Obj: 0.111692 (0.085954)  NNZ: 7 (5)  Ttime: 1.4019 Vtime: 0.0513
Step: 23300000  Loss: 0.128014 Regul: 0.006150 Obj: 0.134164 (0.085954)  NNZ: 4 (5)  Ttime: 1.4051 Vtime: 0.0506
Step: 23400000  Loss: 0.097430 Regul: 0.006807 Obj: 0.104237 (0.085954)  NNZ: 9 (5)  Ttime: 1.4046 Vtime: 0.0510
Step: 23500000  Loss: 0.113392 Regul: 0.005212 Obj: 0.118605 (0.085954)  NNZ: 5 (5)  Ttime: 1.4021 Vtime: 0.0509
Step: 23600000  Loss: 0.128944 Regul: 0.012205 Obj: 0.141148 (0.085954)  NNZ: 14 (5)  Ttime: 1.4142 Vtime: 0.0517
Step: 23700000  Loss: 0.085327 Regul: 0.004473 Obj: 0.089800 (0.085954)  NNZ: 4 (5)  Ttime: 1.4073 Vtime: 0.0510
Step: 23800000  Loss: 0.152939 Regul: 0.006858 Obj: 0.159797 (0.085954)  NNZ: 7 (5)  Ttime: 1.4009 Vtime: 0.0513
Step: 23900000  Loss: 0.108286 Regul: 0.010222 Obj: 0.118508 (0.085954)  NNZ: 11 (5)  Ttime: 1.4027 Vtime: 0.0513
Step: 24000000  Loss: 0.114600 Regul: 0.010962 Obj: 0.125561 (0.085954)  NNZ: 9 (5)  Ttime: 1.4056 Vtime: 0.0511
Step: 24100000  Loss: 0.112465 Regul: 0.010588 Obj: 0.123053 (0.085954)  NNZ: 11 (5)  Ttime: 1.4046 Vtime: 0.0516
Step: 24200000  Loss: 0.129610 Regul: 0.010796 Obj: 0.140406 (0.085954)  NNZ: 9 (5)  Ttime: 1.4056 Vtime: 0.0515
Step: 24300000  Loss: 0.183763 Regul: 0.006038 Obj: 0.189800 (0.085954)  NNZ: 6 (5)  Ttime: 1.4046 Vtime: 0.0515
Step: 24400000  Loss: 0.091040 Regul: 0.006177 Obj: 0.097217 (0.085954)  NNZ: 6 (5)  Ttime: 1.4090 Vtime: 0.0528
Step: 24500000  Loss: 0.205996 Regul: 0.008433 Obj: 0.214429 (0.085954)  NNZ: 8 (5)  Ttime: 1.4007 Vtime: 0.0518
Step: 24600000  Loss: 0.160417 Regul: 0.010789 Obj: 0.171205 (0.085954)  NNZ: 10 (5)  Ttime: 1.4728 Vtime: 0.0526
Step: 24700000  Loss: 0.136183 Regul: 0.012261 Obj: 0.148444 (0.085954)  NNZ: 9 (5)  Ttime: 1.4135 Vtime: 0.0514
Step: 24800000  Loss: 0.161266 Regul: 0.009390 Obj: 0.170655 (0.085954)  NNZ: 8 (5)  Ttime: 1.4139 Vtime: 0.0511
Step: 24900000  Loss: 0.090950 Regul: 0.006580 Obj: 0.097529 (0.085954)  NNZ: 6 (5)  Ttime: 1.4126 Vtime: 0.0510
Step: 25000000  Loss: 0.191673 Regul: 0.012896 Obj: 0.204568 (0.085954)  NNZ: 12 (5)  Ttime: 1.4117 Vtime: 0.0512
Step: 25100000  Loss: 0.169161 Regul: 0.012039 Obj: 0.181200 (0.085954)  NNZ: 9 (5)  Ttime: 1.4166 Vtime: 0.0516
Step: 25200000  Loss: 0.128572 Regul: 0.010662 Obj: 0.139234 (0.085954)  NNZ: 11 (5)  Ttime: 1.4160 Vtime: 0.0511
Step: 25300000  Loss: 0.152019 Regul: 0.013843 Obj: 0.165861 (0.085954)  NNZ: 8 (5)  Ttime: 1.4143 Vtime: 0.0528
Best: 25400000  Loss: 0.079405 Regul: 0.004573 Obj: 0.083978 (0.083978)  NNZ: 7 (7)  Ttime: 1.4136 Vtime: 0.0510
Stat: nPR #44 (#56) Dim/MaxDim [352/640] AUC: 0.970207 FPR95: 16.60 [saved]
Step: 25500000  Loss: 0.118383 Regul: 0.008479 Obj: 0.126862 (0.083978)  NNZ: 8 (7)  Ttime: 1.4629 Vtime: 0.0524
Step: 25600000  Loss: 0.123608 Regul: 0.012791 Obj: 0.136398 (0.083978)  NNZ: 10 (7)  Ttime: 1.4055 Vtime: 0.0512
Step: 25700000  Loss: 0.119140 Regul: 0.010027 Obj: 0.129167 (0.083978)  NNZ: 8 (7)  Ttime: 1.4033 Vtime: 0.0530
Step: 25800000  Loss: 0.085434 Regul: 0.003630 Obj: 0.089064 (0.083978)  NNZ: 5 (7)  Ttime: 1.4554 Vtime: 0.0518
Step: 25900000  Loss: 0.102812 Regul: 0.009199 Obj: 0.112012 (0.083978)  NNZ: 10 (7)  Ttime: 1.4110 Vtime: 0.0516
Step: 26000000  Loss: 0.143236 Regul: 0.010730 Obj: 0.153966 (0.083978)  NNZ: 10 (7)  Ttime: 1.4115 Vtime: 0.0504
Step: 26100000  Loss: 0.133716 Regul: 0.007397 Obj: 0.141114 (0.083978)  NNZ: 9 (7)  Ttime: 1.4254 Vtime: 0.0520
Step: 26200000  Loss: 0.098195 Regul: 0.005620 Obj: 0.103815 (0.083978)  NNZ: 5 (7)  Ttime: 1.4144 Vtime: 0.0517
Step: 26300000  Loss: 0.111663 Regul: 0.009751 Obj: 0.121414 (0.083978)  NNZ: 9 (7)  Ttime: 1.4117 Vtime: 0.0517
Step: 26400000  Loss: 0.104443 Regul: 0.005291 Obj: 0.109733 (0.083978)  NNZ: 5 (7)  Ttime: 1.4137 Vtime: 0.0514
Step: 26500000  Loss: 0.106196 Regul: 0.006150 Obj: 0.112346 (0.083978)  NNZ: 7 (7)  Ttime: 1.4172 Vtime: 0.0515
Step: 26600000  Loss: 0.110509 Regul: 0.006155 Obj: 0.116664 (0.083978)  NNZ: 6 (7)  Ttime: 1.4134 Vtime: 0.0514
Step: 26700000  Loss: 0.109165 Regul: 0.006262 Obj: 0.115427 (0.083978)  NNZ: 7 (7)  Ttime: 1.4142 Vtime: 0.0518
Step: 26800000  Loss: 0.142703 Regul: 0.014988 Obj: 0.157691 (0.083978)  NNZ: 12 (7)  Ttime: 1.4184 Vtime: 0.0520
Step: 26900000  Loss: 0.103499 Regul: 0.007070 Obj: 0.110569 (0.083978)  NNZ: 7 (7)  Ttime: 1.4134 Vtime: 0.0510
Step: 27000000  Loss: 0.148742 Regul: 0.011094 Obj: 0.159835 (0.083978)  NNZ: 7 (7)  Ttime: 1.4194 Vtime: 0.0513
Step: 27100000  Loss: 0.093112 Regul: 0.004692 Obj: 0.097804 (0.083978)  NNZ: 6 (7)  Ttime: 1.4134 Vtime: 0.0519
Step: 27200000  Loss: 0.258792 Regul: 0.018120 Obj: 0.276912 (0.083978)  NNZ: 11 (7)  Ttime: 1.4187 Vtime: 0.0518
Step: 27300000  Loss: 0.120572 Regul: 0.010581 Obj: 0.131153 (0.083978)  NNZ: 8 (7)  Ttime: 1.4182 Vtime: 0.0516
Step: 27400000  Loss: 0.116871 Regul: 0.009373 Obj: 0.126244 (0.083978)  NNZ: 7 (7)  Ttime: 1.4098 Vtime: 0.0517
Step: 27500000  Loss: 0.130659 Regul: 0.005046 Obj: 0.135705 (0.083978)  NNZ: 6 (7)  Ttime: 1.4178 Vtime: 0.0525
Step: 27600000  Loss: 0.126680 Regul: 0.014683 Obj: 0.141363 (0.083978)  NNZ: 13 (7)  Ttime: 1.4238 Vtime: 0.0515
Step: 27700000  Loss: 0.094157 Regul: 0.006826 Obj: 0.100983 (0.083978)  NNZ: 9 (7)  Ttime: 1.4126 Vtime: 0.0513
Step: 27800000  Loss: 0.142857 Regul: 0.013647 Obj: 0.156504 (0.083978)  NNZ: 13 (7)  Ttime: 1.4162 Vtime: 0.0512
Step: 27900000  Loss: 0.125967 Regul: 0.010034 Obj: 0.136001 (0.083978)  NNZ: 9 (7)  Ttime: 1.4119 Vtime: 0.0517
Step: 28000000  Loss: 0.102372 Regul: 0.006101 Obj: 0.108473 (0.083978)  NNZ: 7 (7)  Ttime: 1.4121 Vtime: 0.0513
Step: 28100000  Loss: 0.094952 Regul: 0.007256 Obj: 0.102207 (0.083978)  NNZ: 11 (7)  Ttime: 1.4129 Vtime: 0.0519
Step: 28200000  Loss: 0.107249 Regul: 0.007046 Obj: 0.114294 (0.083978)  NNZ: 6 (7)  Ttime: 1.4178 Vtime: 0.0511
Step: 28300000  Loss: 0.140739 Regul: 0.003555 Obj: 0.144294 (0.083978)  NNZ: 3 (7)  Ttime: 1.4139 Vtime: 0.0515
Step: 28400000  Loss: 0.104140 Regul: 0.007205 Obj: 0.111345 (0.083978)  NNZ: 8 (7)  Ttime: 1.4209 Vtime: 0.0514
Step: 28500000  Loss: 0.133995 Regul: 0.013511 Obj: 0.147505 (0.083978)  NNZ: 12 (7)  Ttime: 1.4222 Vtime: 0.0515
Step: 28600000  Loss: 0.104553 Regul: 0.008342 Obj: 0.112895 (0.083978)  NNZ: 7 (7)  Ttime: 1.4134 Vtime: 0.0516
Step: 28700000  Loss: 0.109187 Regul: 0.009275 Obj: 0.118462 (0.083978)  NNZ: 10 (7)  Ttime: 1.4110 Vtime: 0.0517
Step: 28800000  Loss: 0.098560 Regul: 0.006294 Obj: 0.104854 (0.083978)  NNZ: 7 (7)  Ttime: 1.4110 Vtime: 0.0517
Step: 28900000  Loss: 0.128109 Regul: 0.008911 Obj: 0.137020 (0.083978)  NNZ: 7 (7)  Ttime: 1.4163 Vtime: 0.0520
Step: 29000000  Loss: 0.123048 Regul: 0.012187 Obj: 0.135236 (0.083978)  NNZ: 11 (7)  Ttime: 1.4122 Vtime: 0.0513
Step: 29100000  Loss: 0.134352 Regul: 0.010559 Obj: 0.144911 (0.083978)  NNZ: 7 (7)  Ttime: 1.4196 Vtime: 0.0516
Step: 29200000  Loss: 0.116684 Regul: 0.010901 Obj: 0.127585 (0.083978)  NNZ: 10 (7)  Ttime: 1.4135 Vtime: 0.0516
Step: 29300000  Loss: 0.148851 Regul: 0.008660 Obj: 0.157511 (0.083978)  NNZ: 8 (7)  Ttime: 1.4185 Vtime: 0.0513
Step: 29400000  Loss: 0.094995 Regul: 0.007439 Obj: 0.102434 (0.083978)  NNZ: 7 (7)  Ttime: 1.4141 Vtime: 0.0514
Step: 29500000  Loss: 0.093775 Regul: 0.008562 Obj: 0.102337 (0.083978)  NNZ: 9 (7)  Ttime: 1.4074 Vtime: 0.0513
Step: 29600000  Loss: 0.105014 Regul: 0.008706 Obj: 0.113720 (0.083978)  NNZ: 11 (7)  Ttime: 1.4065 Vtime: 0.0510
Step: 29700000  Loss: 0.104116 Regul: 0.005137 Obj: 0.109253 (0.083978)  NNZ: 6 (7)  Ttime: 1.4063 Vtime: 0.0514
Step: 29800000  Loss: 0.137907 Regul: 0.011038 Obj: 0.148944 (0.083978)  NNZ: 8 (7)  Ttime: 1.4088 Vtime: 0.0516
Best: 29900000  Loss: 0.080140 Regul: 0.003250 Obj: 0.083390 (0.083390)  NNZ: 5 (5)  Ttime: 1.4014 Vtime: 0.0521
Stat: nPR #36 (#40) Dim/MaxDim [288/640] AUC: 0.969323 FPR95: 17.27 [saved]
Step: 30000000  Loss: 0.126764 Regul: 0.009231 Obj: 0.135995 (0.083390)  NNZ: 8 (5)  Ttime: 1.4072 Vtime: 0.0515
Step: 30100000  Loss: 0.106996 Regul: 0.007849 Obj: 0.114845 (0.083390)  NNZ: 9 (5)  Ttime: 1.4047 Vtime: 0.0509
Step: 30200000  Loss: 0.104740 Regul: 0.004265 Obj: 0.109005 (0.083390)  NNZ: 5 (5)  Ttime: 1.4009 Vtime: 0.0519
Step: 30300000  Loss: 0.113408 Regul: 0.005452 Obj: 0.118860 (0.083390)  NNZ: 5 (5)  Ttime: 1.4028 Vtime: 0.0522
Step: 30400000  Loss: 0.156768 Regul: 0.007788 Obj: 0.164556 (0.083390)  NNZ: 5 (5)  Ttime: 1.4069 Vtime: 0.0514
Step: 30500000  Loss: 0.115806 Regul: 0.009460 Obj: 0.125266 (0.083390)  NNZ: 8 (5)  Ttime: 1.4034 Vtime: 0.0523
Step: 30600000  Loss: 0.114044 Regul: 0.006577 Obj: 0.120621 (0.083390)  NNZ: 8 (5)  Ttime: 1.4028 Vtime: 0.0509
Step: 30700000  Loss: 0.105770 Regul: 0.006213 Obj: 0.111983 (0.083390)  NNZ: 7 (5)  Ttime: 1.4051 Vtime: 0.0516
Step: 30800000  Loss: 0.184184 Regul: 0.005510 Obj: 0.189694 (0.083390)  NNZ: 6 (5)  Ttime: 1.4052 Vtime: 0.0513
Step: 30900000  Loss: 0.138409 Regul: 0.013044 Obj: 0.151453 (0.083390)  NNZ: 9 (5)  Ttime: 1.4034 Vtime: 0.0522
Step: 31000000  Loss: 0.101228 Regul: 0.009744 Obj: 0.110972 (0.083390)  NNZ: 12 (5)  Ttime: 1.4491 Vtime: 0.0513
Step: 31100000  Loss: 0.113385 Regul: 0.009578 Obj: 0.122962 (0.083390)  NNZ: 10 (5)  Ttime: 1.4155 Vtime: 0.0517
Step: 31200000  Loss: 0.109475 Regul: 0.009338 Obj: 0.118813 (0.083390)  NNZ: 8 (5)  Ttime: 1.4286 Vtime: 0.0515
Step: 31300000  Loss: 0.145523 Regul: 0.003198 Obj: 0.148721 (0.083390)  NNZ: 5 (5)  Ttime: 1.4167 Vtime: 0.0507
Step: 31400000  Loss: 0.121752 Regul: 0.006321 Obj: 0.128073 (0.083390)  NNZ: 6 (5)  Ttime: 1.4224 Vtime: 0.0513
Step: 31500000  Loss: 0.084138 Regul: 0.005205 Obj: 0.089343 (0.083390)  NNZ: 9 (5)  Ttime: 1.4194 Vtime: 0.0522
Step: 31600000  Loss: 0.084099 Regul: 0.006462 Obj: 0.090562 (0.083390)  NNZ: 8 (5)  Ttime: 1.4198 Vtime: 0.0521
Step: 31700000  Loss: 0.094339 Regul: 0.002578 Obj: 0.096917 (0.083390)  NNZ: 2 (5)  Ttime: 1.4143 Vtime: 0.0523
Step: 31800000  Loss: 0.119933 Regul: 0.010596 Obj: 0.130528 (0.083390)  NNZ: 7 (5)  Ttime: 1.4160 Vtime: 0.0514
Step: 31900000  Loss: 0.115727 Regul: 0.008284 Obj: 0.124011 (0.083390)  NNZ: 8 (5)  Ttime: 1.4140 Vtime: 0.0516
Step: 32000000  Loss: 0.122942 Regul: 0.011465 Obj: 0.134407 (0.083390)  NNZ: 10 (5)  Ttime: 1.4129 Vtime: 0.0520
Step: 32100000  Loss: 0.124086 Regul: 0.012063 Obj: 0.136149 (0.083390)  NNZ: 11 (5)  Ttime: 1.4184 Vtime: 0.0517
Step: 32200000  Loss: 0.128813 Regul: 0.009717 Obj: 0.138530 (0.083390)  NNZ: 7 (5)  Ttime: 1.4195 Vtime: 0.0516
Step: 32300000  Loss: 0.121317 Regul: 0.003252 Obj: 0.124569 (0.083390)  NNZ: 4 (5)  Ttime: 1.4131 Vtime: 0.0516
Step: 32400000  Loss: 0.115629 Regul: 0.009890 Obj: 0.125519 (0.083390)  NNZ: 9 (5)  Ttime: 1.4165 Vtime: 0.0516
Step: 32500000  Loss: 0.113726 Regul: 0.007371 Obj: 0.121097 (0.083390)  NNZ: 7 (5)  Ttime: 1.4146 Vtime: 0.0514
Step: 32600000  Loss: 0.113187 Regul: 0.006030 Obj: 0.119217 (0.083390)  NNZ: 5 (5)  Ttime: 1.4186 Vtime: 0.0518
Step: 32700000  Loss: 0.083689 Regul: 0.007109 Obj: 0.090798 (0.083390)  NNZ: 7 (5)  Ttime: 1.4205 Vtime: 0.0515
Step: 32800000  Loss: 0.128299 Regul: 0.008604 Obj: 0.136903 (0.083390)  NNZ: 7 (5)  Ttime: 1.4193 Vtime: 0.0514
Step: 32900000  Loss: 0.230020 Regul: 0.003552 Obj: 0.233573 (0.083390)  NNZ: 3 (5)  Ttime: 1.4169 Vtime: 0.0512
Step: 33000000  Loss: 0.085061 Regul: 0.002578 Obj: 0.087640 (0.083390)  NNZ: 4 (5)  Ttime: 1.4152 Vtime: 0.0518
Step: 33100000  Loss: 0.083162 Regul: 0.004177 Obj: 0.087339 (0.083390)  NNZ: 8 (5)  Ttime: 1.4183 Vtime: 0.0515
Step: 33200000  Loss: 0.126369 Regul: 0.009941 Obj: 0.136311 (0.083390)  NNZ: 12 (5)  Ttime: 1.4156 Vtime: 0.0510
Step: 33300000  Loss: 0.144350 Regul: 0.006357 Obj: 0.150707 (0.083390)  NNZ: 6 (5)  Ttime: 1.4233 Vtime: 0.0516
Step: 33400000  Loss: 0.117336 Regul: 0.007700 Obj: 0.125036 (0.083390)  NNZ: 11 (5)  Ttime: 1.4200 Vtime: 0.0518
Step: 33500000  Loss: 0.110763 Regul: 0.006350 Obj: 0.117113 (0.083390)  NNZ: 5 (5)  Ttime: 1.4152 Vtime: 0.0519
Step: 33600000  Loss: 0.118113 Regul: 0.009963 Obj: 0.128077 (0.083390)  NNZ: 9 (5)  Ttime: 1.4184 Vtime: 0.0513
Step: 33700000  Loss: 0.169286 Regul: 0.021145 Obj: 0.190432 (0.083390)  NNZ: 15 (5)  Ttime: 1.4118 Vtime: 0.0512
Step: 33800000  Loss: 0.148080 Regul: 0.012588 Obj: 0.160668 (0.083390)  NNZ: 12 (5)  Ttime: 1.4188 Vtime: 0.0515
Step: 33900000  Loss: 0.135339 Regul: 0.012019 Obj: 0.147358 (0.083390)  NNZ: 8 (5)  Ttime: 1.4112 Vtime: 0.0508
Step: 34000000  Loss: 0.115639 Regul: 0.008608 Obj: 0.124247 (0.083390)  NNZ: 8 (5)  Ttime: 1.4118 Vtime: 0.0514
Step: 34100000  Loss: 0.125366 Regul: 0.010276 Obj: 0.135642 (0.083390)  NNZ: 12 (5)  Ttime: 1.4173 Vtime: 0.0514
Step: 34200000  Loss: 0.116660 Regul: 0.007803 Obj: 0.124463 (0.083390)  NNZ: 6 (5)  Ttime: 1.4223 Vtime: 0.0516
Step: 34300000  Loss: 0.147681 Regul: 0.008784 Obj: 0.156465 (0.083390)  NNZ: 7 (5)  Ttime: 1.4152 Vtime: 0.0513
Step: 34400000  Loss: 0.139386 Regul: 0.011628 Obj: 0.151014 (0.083390)  NNZ: 10 (5)  Ttime: 1.4157 Vtime: 0.0513
Step: 34500000  Loss: 0.125865 Regul: 0.010962 Obj: 0.136826 (0.083390)  NNZ: 10 (5)  Ttime: 1.4151 Vtime: 0.0521
Step: 34600000  Loss: 0.092763 Regul: 0.006621 Obj: 0.099384 (0.083390)  NNZ: 8 (5)  Ttime: 1.4186 Vtime: 0.0522
Step: 34700000  Loss: 0.118016 Regul: 0.006921 Obj: 0.124937 (0.083390)  NNZ: 6 (5)  Ttime: 1.4130 Vtime: 0.0515
Step: 34800000  Loss: 0.086755 Regul: 0.005723 Obj: 0.092477 (0.083390)  NNZ: 7 (5)  Ttime: 1.4290 Vtime: 0.0515
Step: 34900000  Loss: 0.124818 Regul: 0.011021 Obj: 0.135839 (0.083390)  NNZ: 8 (5)  Ttime: 1.4150 Vtime: 0.0509
Step: 35000000  Loss: 0.098128 Regul: 0.004436 Obj: 0.102564 (0.083390)  NNZ: 4 (5)  Ttime: 1.4148 Vtime: 0.0517
Step: 35100000  Loss: 0.094965 Regul: 0.007512 Obj: 0.102477 (0.083390)  NNZ: 5 (5)  Ttime: 1.4148 Vtime: 0.0516
Step: 35200000  Loss: 0.129538 Regul: 0.014558 Obj: 0.144096 (0.083390)  NNZ: 14 (5)  Ttime: 1.4086 Vtime: 0.0516
Step: 35300000  Loss: 0.090775 Regul: 0.007424 Obj: 0.098199 (0.083390)  NNZ: 7 (5)  Ttime: 1.4127 Vtime: 0.0515
Step: 35400000  Loss: 0.144620 Regul: 0.015325 Obj: 0.159944 (0.083390)  NNZ: 14 (5)  Ttime: 1.4116 Vtime: 0.0520
Step: 35500000  Loss: 0.148424 Regul: 0.009878 Obj: 0.158302 (0.083390)  NNZ: 9 (5)  Ttime: 1.4146 Vtime: 0.0513
Step: 35600000  Loss: 0.115871 Regul: 0.009297 Obj: 0.125168 (0.083390)  NNZ: 8 (5)  Ttime: 1.4111 Vtime: 0.0523
Step: 35700000  Loss: 0.141475 Regul: 0.012017 Obj: 0.153491 (0.083390)  NNZ: 11 (5)  Ttime: 1.4138 Vtime: 0.0512
Step: 35800000  Loss: 0.122405 Regul: 0.011003 Obj: 0.133408 (0.083390)  NNZ: 12 (5)  Ttime: 1.4151 Vtime: 0.0520
Step: 35900000  Loss: 0.098491 Regul: 0.006260 Obj: 0.104750 (0.083390)  NNZ: 7 (5)  Ttime: 1.4156 Vtime: 0.0516
Step: 36000000  Loss: 0.163717 Regul: 0.018992 Obj: 0.182709 (0.083390)  NNZ: 16 (5)  Ttime: 1.4140 Vtime: 0.0522
Step: 36100000  Loss: 0.116310 Regul: 0.011113 Obj: 0.127423 (0.083390)  NNZ: 15 (5)  Ttime: 1.4189 Vtime: 0.0516
Step: 36200000  Loss: 0.138661 Regul: 0.004141 Obj: 0.142801 (0.083390)  NNZ: 5 (5)  Ttime: 1.4158 Vtime: 0.0515
Step: 36300000  Loss: 0.147062 Regul: 0.005974 Obj: 0.153036 (0.083390)  NNZ: 6 (5)  Ttime: 1.4155 Vtime: 0.0514
Step: 36400000  Loss: 0.121171 Regul: 0.009900 Obj: 0.131071 (0.083390)  NNZ: 9 (5)  Ttime: 1.4162 Vtime: 0.0517
Step: 36500000  Loss: 0.106047 Regul: 0.004426 Obj: 0.110474 (0.083390)  NNZ: 7 (5)  Ttime: 1.4271 Vtime: 0.0517
Step: 36600000  Loss: 0.092482 Regul: 0.007358 Obj: 0.099840 (0.083390)  NNZ: 8 (5)  Ttime: 1.4167 Vtime: 0.0518
Step: 36700000  Loss: 0.082550 Regul: 0.004016 Obj: 0.086566 (0.083390)  NNZ: 5 (5)  Ttime: 1.4128 Vtime: 0.0512
Step: 36800000  Loss: 0.191044 Regul: 0.017322 Obj: 0.208366 (0.083390)  NNZ: 13 (5)  Ttime: 1.4143 Vtime: 0.0519
Step: 36900000  Loss: 0.140444 Regul: 0.016614 Obj: 0.157058 (0.083390)  NNZ: 12 (5)  Ttime: 1.4169 Vtime: 0.0521
Step: 37000000  Loss: 0.099340 Regul: 0.005332 Obj: 0.104672 (0.083390)  NNZ: 9 (5)  Ttime: 1.4153 Vtime: 0.0516
Step: 37100000  Loss: 0.137204 Regul: 0.011665 Obj: 0.148869 (0.083390)  NNZ: 14 (5)  Ttime: 1.4156 Vtime: 0.0513
Step: 37200000  Loss: 0.103309 Regul: 0.009912 Obj: 0.113221 (0.083390)  NNZ: 10 (5)  Ttime: 1.4161 Vtime: 0.0510
Step: 37300000  Loss: 0.112747 Regul: 0.010071 Obj: 0.122818 (0.083390)  NNZ: 9 (5)  Ttime: 1.4123 Vtime: 0.0512
Step: 37400000  Loss: 0.141292 Regul: 0.013975 Obj: 0.155267 (0.083390)  NNZ: 13 (5)  Ttime: 1.4127 Vtime: 0.0518
Step: 37500000  Loss: 0.114470 Regul: 0.009875 Obj: 0.124345 (0.083390)  NNZ: 9 (5)  Ttime: 1.4105 Vtime: 0.0516
Step: 37600000  Loss: 0.161723 Regul: 0.018210 Obj: 0.179933 (0.083390)  NNZ: 14 (5)  Ttime: 1.4173 Vtime: 0.0516
Step: 37700000  Loss: 0.101259 Regul: 0.007881 Obj: 0.109140 (0.083390)  NNZ: 7 (5)  Ttime: 1.4131 Vtime: 0.0516
Step: 37800000  Loss: 0.168159 Regul: 0.021750 Obj: 0.189909 (0.083390)  NNZ: 18 (5)  Ttime: 1.4137 Vtime: 0.0515
Step: 37900000  Loss: 0.125273 Regul: 0.012187 Obj: 0.137461 (0.083390)  NNZ: 11 (5)  Ttime: 1.4156 Vtime: 0.0511
Step: 38000000  Loss: 0.139831 Regul: 0.012200 Obj: 0.152031 (0.083390)  NNZ: 11 (5)  Ttime: 1.4351 Vtime: 0.0518
Step: 38100000  Loss: 0.118924 Regul: 0.009858 Obj: 0.128782 (0.083390)  NNZ: 10 (5)  Ttime: 1.4164 Vtime: 0.0510
Step: 38200000  Loss: 0.152733 Regul: 0.008728 Obj: 0.161461 (0.083390)  NNZ: 10 (5)  Ttime: 1.4152 Vtime: 0.0516
Step: 38300000  Loss: 0.113096 Regul: 0.012070 Obj: 0.125166 (0.083390)  NNZ: 10 (5)  Ttime: 1.4152 Vtime: 0.0514
Step: 38400000  Loss: 0.082649 Regul: 0.003977 Obj: 0.086626 (0.083390)  NNZ: 4 (5)  Ttime: 1.4195 Vtime: 0.0516
Step: 38500000  Loss: 0.173422 Regul: 0.009167 Obj: 0.182590 (0.083390)  NNZ: 8 (5)  Ttime: 1.4154 Vtime: 0.0520
Step: 38600000  Loss: 0.145370 Regul: 0.016021 Obj: 0.161391 (0.083390)  NNZ: 13 (5)  Ttime: 1.4168 Vtime: 0.0513
Step: 38700000  Loss: 0.116106 Regul: 0.008152 Obj: 0.124258 (0.083390)  NNZ: 12 (5)  Ttime: 1.4172 Vtime: 0.0519
Step: 38800000  Loss: 0.115630 Regul: 0.012346 Obj: 0.127976 (0.083390)  NNZ: 11 (5)  Ttime: 1.4131 Vtime: 0.0523
Step: 38900000  Loss: 0.135500 Regul: 0.010422 Obj: 0.145922 (0.083390)  NNZ: 9 (5)  Ttime: 1.4155 Vtime: 0.0521
Step: 39000000  Loss: 0.106360 Regul: 0.007368 Obj: 0.113728 (0.083390)  NNZ: 6 (5)  Ttime: 1.4146 Vtime: 0.0506
Step: 39100000  Loss: 0.124893 Regul: 0.011289 Obj: 0.136182 (0.083390)  NNZ: 11 (5)  Ttime: 1.4165 Vtime: 0.0518
Step: 39200000  Loss: 0.135387 Regul: 0.012224 Obj: 0.147611 (0.083390)  NNZ: 13 (5)  Ttime: 1.4152 Vtime: 0.0514
Step: 39300000  Loss: 0.106473 Regul: 0.010811 Obj: 0.117284 (0.083390)  NNZ: 14 (5)  Ttime: 1.4225 Vtime: 0.0516
Step: 39400000  Loss: 0.104305 Regul: 0.002429 Obj: 0.106734 (0.083390)  NNZ: 4 (5)  Ttime: 1.4169 Vtime: 0.0512
Step: 39500000  Loss: 0.141427 Regul: 0.015166 Obj: 0.156593 (0.083390)  NNZ: 10 (5)  Ttime: 1.4128 Vtime: 0.0514
Step: 39600000  Loss: 0.093477 Regul: 0.006782 Obj: 0.100259 (0.083390)  NNZ: 7 (5)  Ttime: 1.4263 Vtime: 0.0511
Step: 39700000  Loss: 0.176412 Regul: 0.012537 Obj: 0.188948 (0.083390)  NNZ: 12 (5)  Ttime: 1.4129 Vtime: 0.0508
Step: 39800000  Loss: 0.095886 Regul: 0.009341 Obj: 0.105227 (0.083390)  NNZ: 12 (5)  Ttime: 1.4096 Vtime: 0.0516
Step: 39900000  Loss: 0.098358 Regul: 0.008022 Obj: 0.106380 (0.083390)  NNZ: 10 (5)  Ttime: 1.4151 Vtime: 0.0519
Step: 40000000  Loss: 0.185903 Regul: 0.013230 Obj: 0.199133 (0.083390)  NNZ: 14 (5)  Ttime: 1.4120 Vtime: 0.0513
Step: 40100000  Loss: 0.125035 Regul: 0.013291 Obj: 0.138326 (0.083390)  NNZ: 11 (5)  Ttime: 1.4129 Vtime: 0.0516
Step: 40200000  Loss: 0.098057 Regul: 0.009297 Obj: 0.107354 (0.083390)  NNZ: 10 (5)  Ttime: 1.4163 Vtime: 0.0514
Step: 40300000  Loss: 0.098558 Regul: 0.007383 Obj: 0.105941 (0.083390)  NNZ: 6 (5)  Ttime: 1.4222 Vtime: 0.0525
Step: 40400000  Loss: 0.126576 Regul: 0.015173 Obj: 0.141749 (0.083390)  NNZ: 14 (5)  Ttime: 1.4156 Vtime: 0.0513
Step: 40500000  Loss: 0.128694 Regul: 0.011980 Obj: 0.140674 (0.083390)  NNZ: 11 (5)  Ttime: 1.4134 Vtime: 0.0523
Step: 40600000  Loss: 0.108155 Regul: 0.008840 Obj: 0.116995 (0.083390)  NNZ: 9 (5)  Ttime: 1.4195 Vtime: 0.0510
Step: 40700000  Loss: 0.139935 Regul: 0.006055 Obj: 0.145989 (0.083390)  NNZ: 9 (5)  Ttime: 1.4154 Vtime: 0.0517
Step: 40800000  Loss: 0.130770 Regul: 0.013914 Obj: 0.144683 (0.083390)  NNZ: 15 (5)  Ttime: 1.4138 Vtime: 0.0516
Step: 40900000  Loss: 0.120460 Regul: 0.011812 Obj: 0.132272 (0.083390)  NNZ: 9 (5)  Ttime: 1.4162 Vtime: 0.0518
Step: 41000000  Loss: 0.091313 Regul: 0.009006 Obj: 0.100320 (0.083390)  NNZ: 11 (5)  Ttime: 1.4237 Vtime: 0.0513
Step: 41100000  Loss: 0.089744 Regul: 0.005813 Obj: 0.095557 (0.083390)  NNZ: 7 (5)  Ttime: 1.4192 Vtime: 0.0522
Step: 41200000  Loss: 0.159006 Regul: 0.018682 Obj: 0.177688 (0.083390)  NNZ: 14 (5)  Ttime: 1.4129 Vtime: 0.0509
Step: 41300000  Loss: 0.134119 Regul: 0.008984 Obj: 0.143103 (0.083390)  NNZ: 11 (5)  Ttime: 1.4132 Vtime: 0.0521
Step: 41400000  Loss: 0.103606 Regul: 0.006372 Obj: 0.109978 (0.083390)  NNZ: 6 (5)  Ttime: 1.4181 Vtime: 0.0514
Step: 41500000  Loss: 0.104053 Regul: 0.008601 Obj: 0.112654 (0.083390)  NNZ: 12 (5)  Ttime: 1.4126 Vtime: 0.0509
Step: 41600000  Loss: 0.194795 Regul: 0.024875 Obj: 0.219671 (0.083390)  NNZ: 17 (5)  Ttime: 1.4179 Vtime: 0.0508
Step: 41700000  Loss: 0.148705 Regul: 0.016299 Obj: 0.165003 (0.083390)  NNZ: 11 (5)  Ttime: 1.4109 Vtime: 0.0518
Step: 41800000  Loss: 0.142942 Regul: 0.015244 Obj: 0.158186 (0.083390)  NNZ: 13 (5)  Ttime: 1.4127 Vtime: 0.0515
Step: 41900000  Loss: 0.103788 Regul: 0.007939 Obj: 0.111728 (0.083390)  NNZ: 9 (5)  Ttime: 1.4079 Vtime: 0.0523
Step: 42000000  Loss: 0.091919 Regul: 0.005176 Obj: 0.097095 (0.083390)  NNZ: 7 (5)  Ttime: 1.4690 Vtime: 0.0511
Step: 42100000  Loss: 0.096641 Regul: 0.004592 Obj: 0.101233 (0.083390)  NNZ: 7 (5)  Ttime: 1.3996 Vtime: 0.0521
Step: 42200000  Loss: 0.126355 Regul: 0.013250 Obj: 0.139604 (0.083390)  NNZ: 10 (5)  Ttime: 1.4066 Vtime: 0.0520
Step: 42300000  Loss: 0.103937 Regul: 0.009194 Obj: 0.113131 (0.083390)  NNZ: 8 (5)  Ttime: 1.4052 Vtime: 0.0513
Step: 42400000  Loss: 0.200929 Regul: 0.016904 Obj: 0.217833 (0.083390)  NNZ: 14 (5)  Ttime: 1.4052 Vtime: 0.0513
Step: 42500000  Loss: 0.092180 Regul: 0.005664 Obj: 0.097844 (0.083390)  NNZ: 7 (5)  Ttime: 1.4044 Vtime: 0.0518
Step: 42600000  Loss: 0.097392 Regul: 0.006619 Obj: 0.104011 (0.083390)  NNZ: 8 (5)  Ttime: 1.4045 Vtime: 0.0513
Step: 42700000  Loss: 0.153797 Regul: 0.007532 Obj: 0.161328 (0.083390)  NNZ: 9 (5)  Ttime: 1.4032 Vtime: 0.0518
Step: 42800000  Loss: 0.143909 Regul: 0.012610 Obj: 0.156519 (0.083390)  NNZ: 12 (5)  Ttime: 1.4035 Vtime: 0.0519
Step: 42900000  Loss: 0.110119 Regul: 0.010876 Obj: 0.120996 (0.083390)  NNZ: 11 (5)  Ttime: 1.4032 Vtime: 0.0515
Step: 43000000  Loss: 0.110060 Regul: 0.008740 Obj: 0.118800 (0.083390)  NNZ: 8 (5)  Ttime: 1.4026 Vtime: 0.0515
Step: 43100000  Loss: 0.140035 Regul: 0.008596 Obj: 0.148631 (0.083390)  NNZ: 11 (5)  Ttime: 1.4044 Vtime: 0.0517
Step: 43200000  Loss: 0.254280 Regul: 0.008997 Obj: 0.263277 (0.083390)  NNZ: 7 (5)  Ttime: 1.4038 Vtime: 0.0515
Step: 43300000  Loss: 0.152195 Regul: 0.017715 Obj: 0.169909 (0.083390)  NNZ: 14 (5)  Ttime: 1.4064 Vtime: 0.0518
Step: 43400000  Loss: 0.102592 Regul: 0.008472 Obj: 0.111064 (0.083390)  NNZ: 12 (5)  Ttime: 1.4048 Vtime: 0.0514
Step: 43500000  Loss: 0.108178 Regul: 0.009446 Obj: 0.117624 (0.083390)  NNZ: 11 (5)  Ttime: 1.4048 Vtime: 0.0511
Step: 43600000  Loss: 0.132864 Regul: 0.012815 Obj: 0.145679 (0.083390)  NNZ: 12 (5)  Ttime: 1.4051 Vtime: 0.0516
Step: 43700000  Loss: 0.125507 Regul: 0.014546 Obj: 0.140053 (0.083390)  NNZ: 15 (5)  Ttime: 1.4040 Vtime: 0.0515
Step: 43800000  Loss: 0.104302 Regul: 0.008433 Obj: 0.112735 (0.083390)  NNZ: 9 (5)  Ttime: 1.4048 Vtime: 0.0523
Step: 43900000  Loss: 0.125200 Regul: 0.013452 Obj: 0.138653 (0.083390)  NNZ: 15 (5)  Ttime: 1.4029 Vtime: 0.0519
Step: 44000000  Loss: 0.141201 Regul: 0.013005 Obj: 0.154207 (0.083390)  NNZ: 10 (5)  Ttime: 1.4045 Vtime: 0.0515
Step: 44100000  Loss: 0.130570 Regul: 0.014583 Obj: 0.145153 (0.083390)  NNZ: 12 (5)  Ttime: 1.4041 Vtime: 0.0516
Step: 44200000  Loss: 0.100568 Regul: 0.005698 Obj: 0.106266 (0.083390)  NNZ: 7 (5)  Ttime: 1.4001 Vtime: 0.0518
Step: 44300000  Loss: 0.104021 Regul: 0.005649 Obj: 0.109670 (0.083390)  NNZ: 7 (5)  Ttime: 1.4039 Vtime: 0.0510
Step: 44400000  Loss: 0.115344 Regul: 0.009971 Obj: 0.125315 (0.083390)  NNZ: 12 (5)  Ttime: 1.4047 Vtime: 0.0510
Step: 44500000  Loss: 0.094839 Regul: 0.007449 Obj: 0.102288 (0.083390)  NNZ: 10 (5)  Ttime: 1.4019 Vtime: 0.0515
Step: 44600000  Loss: 0.121819 Regul: 0.009050 Obj: 0.130869 (0.083390)  NNZ: 8 (5)  Ttime: 1.4084 Vtime: 0.0515
Step: 44700000  Loss: 0.096677 Regul: 0.007131 Obj: 0.103808 (0.083390)  NNZ: 9 (5)  Ttime: 1.4096 Vtime: 0.0524
Step: 44800000  Loss: 0.131389 Regul: 0.008530 Obj: 0.139920 (0.083390)  NNZ: 7 (5)  Ttime: 1.4441 Vtime: 0.0510
Step: 44900000  Loss: 0.125272 Regul: 0.013445 Obj: 0.138717 (0.083390)  NNZ: 12 (5)  Ttime: 1.4120 Vtime: 0.0511
Step: 45000000  Loss: 0.102732 Regul: 0.007834 Obj: 0.110566 (0.083390)  NNZ: 10 (5)  Ttime: 1.4162 Vtime: 0.0510
Step: 45100000  Loss: 0.143275 Regul: 0.010806 Obj: 0.154080 (0.083390)  NNZ: 8 (5)  Ttime: 1.4274 Vtime: 0.0512
Step: 45200000  Loss: 0.113291 Regul: 0.007905 Obj: 0.121196 (0.083390)  NNZ: 8 (5)  Ttime: 1.4121 Vtime: 0.0513
Step: 45300000  Loss: 0.108778 Regul: 0.007146 Obj: 0.115924 (0.083390)  NNZ: 8 (5)  Ttime: 1.4149 Vtime: 0.0517
Step: 45400000  Loss: 0.091908 Regul: 0.008774 Obj: 0.100682 (0.083390)  NNZ: 11 (5)  Ttime: 1.4182 Vtime: 0.0519
Step: 45500000  Loss: 0.121639 Regul: 0.009792 Obj: 0.131431 (0.083390)  NNZ: 12 (5)  Ttime: 1.4136 Vtime: 0.0521
Step: 45600000  Loss: 0.119200 Regul: 0.011448 Obj: 0.130647 (0.083390)  NNZ: 12 (5)  Ttime: 1.4153 Vtime: 0.0517
Step: 45700000  Loss: 0.147266 Regul: 0.011692 Obj: 0.158958 (0.083390)  NNZ: 9 (5)  Ttime: 1.4114 Vtime: 0.0517
Step: 45800000  Loss: 0.119604 Regul: 0.007222 Obj: 0.126825 (0.083390)  NNZ: 7 (5)  Ttime: 1.4161 Vtime: 0.0508
Step: 45900000  Loss: 0.106777 Regul: 0.007031 Obj: 0.113808 (0.083390)  NNZ: 10 (5)  Ttime: 1.4109 Vtime: 0.0514
Step: 46000000  Loss: 0.085095 Regul: 0.005012 Obj: 0.090107 (0.083390)  NNZ: 5 (5)  Ttime: 1.4143 Vtime: 0.0511
Step: 46100000  Loss: 0.117043 Regul: 0.009431 Obj: 0.126474 (0.083390)  NNZ: 10 (5)  Ttime: 1.4315 Vtime: 0.0511
Step: 46200000  Loss: 0.099538 Regul: 0.007146 Obj: 0.106684 (0.083390)  NNZ: 8 (5)  Ttime: 1.4133 Vtime: 0.0514
Step: 46300000  Loss: 0.099780 Regul: 0.009250 Obj: 0.109031 (0.083390)  NNZ: 14 (5)  Ttime: 1.4145 Vtime: 0.0521
Step: 46400000  Loss: 0.098051 Regul: 0.005391 Obj: 0.103441 (0.083390)  NNZ: 8 (5)  Ttime: 1.4112 Vtime: 0.0519
Step: 46500000  Loss: 0.104623 Regul: 0.007666 Obj: 0.112289 (0.083390)  NNZ: 9 (5)  Ttime: 1.4134 Vtime: 0.0511
Step: 46600000  Loss: 0.088750 Regul: 0.004448 Obj: 0.093198 (0.083390)  NNZ: 8 (5)  Ttime: 1.4147 Vtime: 0.0519
Step: 46700000  Loss: 0.140739 Regul: 0.010771 Obj: 0.151511 (0.083390)  NNZ: 9 (5)  Ttime: 1.4144 Vtime: 0.0521
Step: 46800000  Loss: 0.122923 Regul: 0.013806 Obj: 0.136729 (0.083390)  NNZ: 14 (5)  Ttime: 1.4209 Vtime: 0.0512
Step: 46900000  Loss: 0.099219 Regul: 0.006533 Obj: 0.105752 (0.083390)  NNZ: 7 (5)  Ttime: 1.4186 Vtime: 0.0513
Step: 47000000  Loss: 0.119288 Regul: 0.010076 Obj: 0.129364 (0.083390)  NNZ: 11 (5)  Ttime: 1.4103 Vtime: 0.0519
Step: 47100000  Loss: 0.104113 Regul: 0.010437 Obj: 0.114550 (0.083390)  NNZ: 13 (5)  Ttime: 1.4171 Vtime: 0.0510
Step: 47200000  Loss: 0.122720 Regul: 0.011094 Obj: 0.133814 (0.083390)  NNZ: 11 (5)  Ttime: 1.4171 Vtime: 0.0517
Step: 47300000  Loss: 0.123649 Regul: 0.008105 Obj: 0.131754 (0.083390)  NNZ: 8 (5)  Ttime: 1.4115 Vtime: 0.0512
Step: 47400000  Loss: 0.126708 Regul: 0.013342 Obj: 0.140050 (0.083390)  NNZ: 12 (5)  Ttime: 1.4150 Vtime: 0.0516
Step: 47500000  Loss: 0.099878 Regul: 0.007122 Obj: 0.107000 (0.083390)  NNZ: 7 (5)  Ttime: 1.4161 Vtime: 0.0512
Step: 47600000  Loss: 0.110001 Regul: 0.005144 Obj: 0.115145 (0.083390)  NNZ: 7 (5)  Ttime: 1.4138 Vtime: 0.0518
Step: 47700000  Loss: 0.116096 Regul: 0.010757 Obj: 0.126853 (0.083390)  NNZ: 13 (5)  Ttime: 1.4126 Vtime: 0.0507
Step: 47800000  Loss: 0.141873 Regul: 0.003521 Obj: 0.145394 (0.083390)  NNZ: 5 (5)  Ttime: 1.4134 Vtime: 0.0514
Step: 47900000  Loss: 0.086554 Regul: 0.006702 Obj: 0.093256 (0.083390)  NNZ: 8 (5)  Ttime: 1.4307 Vtime: 0.0514
Step: 48000000  Loss: 0.117286 Regul: 0.009136 Obj: 0.126422 (0.083390)  NNZ: 7 (5)  Ttime: 1.4172 Vtime: 0.0521
Step: 48100000  Loss: 0.165837 Regul: 0.015422 Obj: 0.181260 (0.083390)  NNZ: 12 (5)  Ttime: 1.4129 Vtime: 0.0508
Step: 48200000  Loss: 0.156735 Regul: 0.017290 Obj: 0.174025 (0.083390)  NNZ: 14 (5)  Ttime: 1.4113 Vtime: 0.0519
Step: 48300000  Loss: 0.126482 Regul: 0.011331 Obj: 0.137813 (0.083390)  NNZ: 11 (5)  Ttime: 1.4093 Vtime: 0.0518
Step: 48400000  Loss: 0.102083 Regul: 0.006824 Obj: 0.108907 (0.083390)  NNZ: 7 (5)  Ttime: 1.4178 Vtime: 0.0520
Step: 48500000  Loss: 0.136563 Regul: 0.013940 Obj: 0.150504 (0.083390)  NNZ: 13 (5)  Ttime: 1.4164 Vtime: 0.0517
Step: 48600000  Loss: 0.145671 Regul: 0.007219 Obj: 0.152890 (0.083390)  NNZ: 7 (5)  Ttime: 1.4129 Vtime: 0.0522
Step: 48700000  Loss: 0.137949 Regul: 0.015540 Obj: 0.153489 (0.083390)  NNZ: 11 (5)  Ttime: 1.4143 Vtime: 0.0508
Step: 48800000  Loss: 0.108260 Regul: 0.008064 Obj: 0.116324 (0.083390)  NNZ: 7 (5)  Ttime: 1.4101 Vtime: 0.0512
Step: 48900000  Loss: 0.103399 Regul: 0.007791 Obj: 0.111189 (0.083390)  NNZ: 8 (5)  Ttime: 1.4126 Vtime: 0.0512
Step: 49000000  Loss: 0.108020 Regul: 0.007065 Obj: 0.115085 (0.083390)  NNZ: 7 (5)  Ttime: 1.4150 Vtime: 0.0515
Step: 49100000  Loss: 0.122330 Regul: 0.013962 Obj: 0.136292 (0.083390)  NNZ: 13 (5)  Ttime: 1.4173 Vtime: 0.0515
Step: 49200000  Loss: 0.096072 Regul: 0.007324 Obj: 0.103396 (0.083390)  NNZ: 8 (5)  Ttime: 1.4114 Vtime: 0.0514
Step: 49300000  Loss: 0.117445 Regul: 0.010261 Obj: 0.127707 (0.083390)  NNZ: 11 (5)  Ttime: 1.4080 Vtime: 0.0516
Step: 49400000  Loss: 0.123899 Regul: 0.011738 Obj: 0.135637 (0.083390)  NNZ: 11 (5)  Ttime: 1.4131 Vtime: 0.0513
Step: 49500000  Loss: 0.093901 Regul: 0.006958 Obj: 0.100859 (0.083390)  NNZ: 9 (5)  Ttime: 1.4296 Vtime: 0.0514
Step: 49600000  Loss: 0.136685 Regul: 0.016047 Obj: 0.152733 (0.083390)  NNZ: 13 (5)  Ttime: 1.4130 Vtime: 0.0521
Step: 49700000  Loss: 0.103806 Regul: 0.006243 Obj: 0.110048 (0.083390)  NNZ: 10 (5)  Ttime: 1.4120 Vtime: 0.0516
Step: 49800000  Loss: 0.094334 Regul: 0.006865 Obj: 0.101200 (0.083390)  NNZ: 6 (5)  Ttime: 1.4154 Vtime: 0.0517
Step: 49900000  Loss: 0.141704 Regul: 0.014749 Obj: 0.156452 (0.083390)  NNZ: 13 (5)  Ttime: 1.4153 Vtime: 0.0513
Step: 50000000  Loss: 0.086344 Regul: 0.006160 Obj: 0.092503 (0.083390)  NNZ: 7 (5)  Ttime: 1.4075 Vtime: 0.0515
