mu: 0.05 gamma: 0.25 nIters: 50000000
Load PRParams.
Load RingParams.
Load Labels: 500000
Load Distances: 500000 x 5120
0...10...20...30...40...50...60...70...80...90...100 - done.
Positive samples #250000
Negative samples #250000
Positive train #200000
Negative train #200000
Positive valid #50000
Negative valid #50000

Found GPU: GeForce GTX 970
Compute Capability: 5.2

Best: 100000  Loss: 0.242442 Regul: 0.050143 Obj: 0.292585 (0.292585)  NNZ: 10 (10)  Ttime: 1.3899 Vtime: 0.2043
Stat: nPR #60 (#80) Dim/MaxDim [480/640] AUC: 0.941938 FPR95: 38.84 [saved]
Best: 200000  Loss: 0.138083 Regul: 0.044631 Obj: 0.182714 (0.182714)  NNZ: 11 (11)  Ttime: 1.3955 Vtime: 0.0514
Stat: nPR #76 (#88) Dim/MaxDim [608/640] AUC: 0.961905 FPR95: 25.16 [saved]
Best: 300000  Loss: 0.097399 Regul: 0.013994 Obj: 0.111393 (0.111393)  NNZ: 6 (6)  Ttime: 1.3830 Vtime: 0.0513
Stat: nPR #44 (#48) Dim/MaxDim [352/640] AUC: 0.962309 FPR95: 22.31 [saved]
Step: 400000  Loss: 0.094259 Regul: 0.030895 Obj: 0.125153 (0.111393)  NNZ: 9 (6)  Ttime: 1.3830 Vtime: 0.0513
Best: 500000  Loss: 0.082653 Regul: 0.018085 Obj: 0.100738 (0.100738)  NNZ: 8 (8)  Ttime: 1.3818 Vtime: 0.0513
Stat: nPR #56 (#64) Dim/MaxDim [448/640] AUC: 0.968067 FPR95: 18.49 [saved]
Step: 600000  Loss: 0.093496 Regul: 0.028571 Obj: 0.122066 (0.100738)  NNZ: 13 (8)  Ttime: 1.3830 Vtime: 0.0515
Step: 700000  Loss: 0.100167 Regul: 0.027535 Obj: 0.127702 (0.100738)  NNZ: 10 (8)  Ttime: 1.3843 Vtime: 0.0518
Step: 800000  Loss: 0.137557 Regul: 0.042181 Obj: 0.179737 (0.100738)  NNZ: 9 (8)  Ttime: 1.3823 Vtime: 0.0517
Step: 900000  Loss: 0.115224 Regul: 0.048997 Obj: 0.164222 (0.100738)  NNZ: 15 (8)  Ttime: 1.3843 Vtime: 0.0510
Step: 1000000  Loss: 0.092537 Regul: 0.038850 Obj: 0.131386 (0.100738)  NNZ: 15 (8)  Ttime: 1.3832 Vtime: 0.0511
Step: 1100000  Loss: 0.099087 Regul: 0.025298 Obj: 0.124386 (0.100738)  NNZ: 8 (8)  Ttime: 1.3832 Vtime: 0.0506
Step: 1200000  Loss: 0.087146 Regul: 0.031982 Obj: 0.119129 (0.100738)  NNZ: 9 (8)  Ttime: 1.3857 Vtime: 0.0517
Best: 1300000  Loss: 0.080553 Regul: 0.018094 Obj: 0.098647 (0.098647)  NNZ: 9 (9)  Ttime: 1.3829 Vtime: 0.0510
Stat: nPR #52 (#72) Dim/MaxDim [416/640] AUC: 0.968948 FPR95: 17.57 [saved]
Step: 1400000  Loss: 0.088514 Regul: 0.026427 Obj: 0.114941 (0.098647)  NNZ: 6 (9)  Ttime: 1.3854 Vtime: 0.0518
Step: 1500000  Loss: 0.088879 Regul: 0.029939 Obj: 0.118817 (0.098647)  NNZ: 12 (9)  Ttime: 1.3809 Vtime: 0.0516
Step: 1600000  Loss: 0.087856 Regul: 0.029474 Obj: 0.117330 (0.098647)  NNZ: 10 (9)  Ttime: 1.3890 Vtime: 0.0512
Step: 1700000  Loss: 0.089124 Regul: 0.021956 Obj: 0.111080 (0.098647)  NNZ: 11 (9)  Ttime: 1.3862 Vtime: 0.0508
Step: 1800000  Loss: 0.093070 Regul: 0.029547 Obj: 0.122617 (0.098647)  NNZ: 12 (9)  Ttime: 1.3853 Vtime: 0.0518
Step: 1900000  Loss: 0.111982 Regul: 0.028070 Obj: 0.140052 (0.098647)  NNZ: 11 (9)  Ttime: 1.3847 Vtime: 0.0518
Step: 2000000  Loss: 0.087580 Regul: 0.019438 Obj: 0.107018 (0.098647)  NNZ: 9 (9)  Ttime: 1.3920 Vtime: 0.0515
Step: 2100000  Loss: 0.091796 Regul: 0.027150 Obj: 0.118945 (0.098647)  NNZ: 13 (9)  Ttime: 1.3921 Vtime: 0.0515
Step: 2200000  Loss: 0.084001 Regul: 0.019429 Obj: 0.103430 (0.098647)  NNZ: 9 (9)  Ttime: 1.3915 Vtime: 0.0515
Step: 2300000  Loss: 0.088892 Regul: 0.036037 Obj: 0.124928 (0.098647)  NNZ: 17 (9)  Ttime: 1.3890 Vtime: 0.0522
Best: 2400000  Loss: 0.072522 Regul: 0.017224 Obj: 0.089747 (0.089747)  NNZ: 9 (9)  Ttime: 1.3864 Vtime: 0.0519
Stat: nPR #64 (#72) Dim/MaxDim [512/640] AUC: 0.971880 FPR95: 15.49 [saved]
Step: 2500000  Loss: 0.087423 Regul: 0.020978 Obj: 0.108401 (0.089747)  NNZ: 9 (9)  Ttime: 1.3907 Vtime: 0.0508
Step: 2600000  Loss: 0.077261 Regul: 0.013248 Obj: 0.090509 (0.089747)  NNZ: 7 (9)  Ttime: 1.3912 Vtime: 0.0517
Step: 2700000  Loss: 0.086023 Regul: 0.037056 Obj: 0.123079 (0.089747)  NNZ: 17 (9)  Ttime: 1.4015 Vtime: 0.0518
Step: 2800000  Loss: 0.073745 Regul: 0.018355 Obj: 0.092100 (0.089747)  NNZ: 9 (9)  Ttime: 1.3907 Vtime: 0.0518
Step: 2900000  Loss: 0.076456 Regul: 0.023035 Obj: 0.099491 (0.089747)  NNZ: 10 (9)  Ttime: 1.3915 Vtime: 0.0509
Step: 3000000  Loss: 0.135744 Regul: 0.020923 Obj: 0.156667 (0.089747)  NNZ: 12 (9)  Ttime: 1.3893 Vtime: 0.0517
Step: 3100000  Loss: 0.087778 Regul: 0.018216 Obj: 0.105994 (0.089747)  NNZ: 7 (9)  Ttime: 1.3906 Vtime: 0.0521
Step: 3200000  Loss: 0.084193 Regul: 0.020929 Obj: 0.105122 (0.089747)  NNZ: 10 (9)  Ttime: 1.3921 Vtime: 0.0521
Step: 3300000  Loss: 0.074503 Regul: 0.020808 Obj: 0.095312 (0.089747)  NNZ: 13 (9)  Ttime: 1.3931 Vtime: 0.0516
Step: 3400000  Loss: 0.075136 Regul: 0.020381 Obj: 0.095518 (0.089747)  NNZ: 11 (9)  Ttime: 1.3914 Vtime: 0.0521
Step: 3500000  Loss: 0.147325 Regul: 0.028671 Obj: 0.175997 (0.089747)  NNZ: 13 (9)  Ttime: 1.3909 Vtime: 0.0513
Step: 3600000  Loss: 0.090685 Regul: 0.017772 Obj: 0.108457 (0.089747)  NNZ: 10 (9)  Ttime: 1.3939 Vtime: 0.0516
Step: 3700000  Loss: 0.090965 Regul: 0.018608 Obj: 0.109573 (0.089747)  NNZ: 11 (9)  Ttime: 1.3892 Vtime: 0.0521
Step: 3800000  Loss: 0.084559 Regul: 0.024510 Obj: 0.109070 (0.089747)  NNZ: 11 (9)  Ttime: 1.3901 Vtime: 0.0517
Step: 3900000  Loss: 0.079463 Regul: 0.016066 Obj: 0.095529 (0.089747)  NNZ: 9 (9)  Ttime: 1.3902 Vtime: 0.0511
Step: 4000000  Loss: 0.120345 Regul: 0.016531 Obj: 0.136876 (0.089747)  NNZ: 10 (9)  Ttime: 1.3907 Vtime: 0.0519
Step: 4100000  Loss: 0.082418 Regul: 0.025562 Obj: 0.107980 (0.089747)  NNZ: 13 (9)  Ttime: 1.3927 Vtime: 0.0514
Step: 4200000  Loss: 0.080035 Regul: 0.018764 Obj: 0.098798 (0.089747)  NNZ: 10 (9)  Ttime: 1.3933 Vtime: 0.0512
Step: 4300000  Loss: 0.076987 Regul: 0.018988 Obj: 0.095975 (0.089747)  NNZ: 10 (9)  Ttime: 1.3916 Vtime: 0.0510
Step: 4400000  Loss: 0.077414 Regul: 0.018608 Obj: 0.096022 (0.089747)  NNZ: 13 (9)  Ttime: 1.3921 Vtime: 0.0508
Step: 4500000  Loss: 0.077908 Regul: 0.019676 Obj: 0.097584 (0.089747)  NNZ: 11 (9)  Ttime: 1.3910 Vtime: 0.0506
Step: 4600000  Loss: 0.077678 Regul: 0.016356 Obj: 0.094034 (0.089747)  NNZ: 11 (9)  Ttime: 1.3920 Vtime: 0.0514
Step: 4700000  Loss: 0.098540 Regul: 0.024803 Obj: 0.123343 (0.089747)  NNZ: 10 (9)  Ttime: 1.3904 Vtime: 0.0515
Step: 4800000  Loss: 0.087363 Regul: 0.018967 Obj: 0.106330 (0.089747)  NNZ: 11 (9)  Ttime: 1.3913 Vtime: 0.0508
Step: 4900000  Loss: 0.076249 Regul: 0.021979 Obj: 0.098227 (0.089747)  NNZ: 13 (9)  Ttime: 1.3922 Vtime: 0.0521
Step: 5000000  Loss: 0.086079 Regul: 0.020978 Obj: 0.107057 (0.089747)  NNZ: 14 (9)  Ttime: 1.3926 Vtime: 0.0513
Step: 5100000  Loss: 0.083412 Regul: 0.029391 Obj: 0.112803 (0.089747)  NNZ: 16 (9)  Ttime: 1.3923 Vtime: 0.0509
Best: 5200000  Loss: 0.073275 Regul: 0.014848 Obj: 0.088123 (0.088123)  NNZ: 8 (8)  Ttime: 1.3877 Vtime: 0.0508
Stat: nPR #56 (#64) Dim/MaxDim [448/640] AUC: 0.971917 FPR95: 15.24 [saved]
Step: 5300000  Loss: 0.075455 Regul: 0.020866 Obj: 0.096322 (0.088123)  NNZ: 9 (8)  Ttime: 1.3887 Vtime: 0.0523
Step: 5400000  Loss: 0.079256 Regul: 0.019894 Obj: 0.099150 (0.088123)  NNZ: 11 (8)  Ttime: 1.3906 Vtime: 0.0518
Step: 5500000  Loss: 0.093216 Regul: 0.012173 Obj: 0.105389 (0.088123)  NNZ: 8 (8)  Ttime: 1.3917 Vtime: 0.0515
Step: 5600000  Loss: 0.097666 Regul: 0.019843 Obj: 0.117509 (0.088123)  NNZ: 11 (8)  Ttime: 1.3932 Vtime: 0.0517
Step: 5700000  Loss: 0.076286 Regul: 0.026564 Obj: 0.102850 (0.088123)  NNZ: 15 (8)  Ttime: 1.3904 Vtime: 0.0516
Step: 5800000  Loss: 0.083879 Regul: 0.025876 Obj: 0.109754 (0.088123)  NNZ: 13 (8)  Ttime: 1.3915 Vtime: 0.0512
Step: 5900000  Loss: 0.092491 Regul: 0.017075 Obj: 0.109566 (0.088123)  NNZ: 9 (8)  Ttime: 1.3919 Vtime: 0.0519
Step: 6000000  Loss: 0.079650 Regul: 0.017169 Obj: 0.096819 (0.088123)  NNZ: 10 (8)  Ttime: 1.3884 Vtime: 0.0512
Step: 6100000  Loss: 0.078549 Regul: 0.014906 Obj: 0.093456 (0.088123)  NNZ: 11 (8)  Ttime: 1.3904 Vtime: 0.0519
Step: 6200000  Loss: 0.074586 Regul: 0.018735 Obj: 0.093321 (0.088123)  NNZ: 13 (8)  Ttime: 1.3943 Vtime: 0.0510
Step: 6300000  Loss: 0.081526 Regul: 0.012938 Obj: 0.094464 (0.088123)  NNZ: 11 (8)  Ttime: 1.3909 Vtime: 0.0515
Step: 6400000  Loss: 0.075109 Regul: 0.023338 Obj: 0.098448 (0.088123)  NNZ: 15 (8)  Ttime: 1.3917 Vtime: 0.0514
Step: 6500000  Loss: 0.092516 Regul: 0.018642 Obj: 0.111157 (0.088123)  NNZ: 14 (8)  Ttime: 1.3919 Vtime: 0.0516
Step: 6600000  Loss: 0.071679 Regul: 0.018994 Obj: 0.090673 (0.088123)  NNZ: 13 (8)  Ttime: 1.3924 Vtime: 0.0513
Step: 6700000  Loss: 0.114063 Regul: 0.017114 Obj: 0.131177 (0.088123)  NNZ: 9 (8)  Ttime: 1.3915 Vtime: 0.0517
Step: 6800000  Loss: 0.080257 Regul: 0.022263 Obj: 0.102519 (0.088123)  NNZ: 14 (8)  Ttime: 1.3908 Vtime: 0.0518
Step: 6900000  Loss: 0.102458 Regul: 0.020636 Obj: 0.123094 (0.088123)  NNZ: 14 (8)  Ttime: 1.3895 Vtime: 0.0518
Step: 7000000  Loss: 0.079195 Regul: 0.028616 Obj: 0.107811 (0.088123)  NNZ: 18 (8)  Ttime: 1.3946 Vtime: 0.0512
Step: 7100000  Loss: 0.086765 Regul: 0.021317 Obj: 0.108082 (0.088123)  NNZ: 8 (8)  Ttime: 1.3912 Vtime: 0.0516
Step: 7200000  Loss: 0.078323 Regul: 0.019617 Obj: 0.097940 (0.088123)  NNZ: 14 (8)  Ttime: 1.3903 Vtime: 0.0511
Step: 7300000  Loss: 0.074657 Regul: 0.020285 Obj: 0.094942 (0.088123)  NNZ: 12 (8)  Ttime: 1.3900 Vtime: 0.0513
Step: 7400000  Loss: 0.078147 Regul: 0.018542 Obj: 0.096689 (0.088123)  NNZ: 12 (8)  Ttime: 1.3904 Vtime: 0.0514
Step: 7500000  Loss: 0.078141 Regul: 0.020435 Obj: 0.098575 (0.088123)  NNZ: 13 (8)  Ttime: 1.3905 Vtime: 0.0518
Step: 7600000  Loss: 0.074390 Regul: 0.016837 Obj: 0.091226 (0.088123)  NNZ: 10 (8)  Ttime: 1.3906 Vtime: 0.0517
Step: 7700000  Loss: 0.073217 Regul: 0.019244 Obj: 0.092462 (0.088123)  NNZ: 11 (8)  Ttime: 1.3936 Vtime: 0.0510
Step: 7800000  Loss: 0.080162 Regul: 0.018475 Obj: 0.098638 (0.088123)  NNZ: 12 (8)  Ttime: 1.3934 Vtime: 0.0513
Step: 7900000  Loss: 0.087327 Regul: 0.033728 Obj: 0.121055 (0.088123)  NNZ: 17 (8)  Ttime: 1.3908 Vtime: 0.0512
Step: 8000000  Loss: 0.079005 Regul: 0.021426 Obj: 0.100431 (0.088123)  NNZ: 12 (8)  Ttime: 1.3896 Vtime: 0.0509
Step: 8100000  Loss: 0.079523 Regul: 0.025815 Obj: 0.105337 (0.088123)  NNZ: 16 (8)  Ttime: 1.3903 Vtime: 0.0515
Step: 8200000  Loss: 0.088370 Regul: 0.021780 Obj: 0.110151 (0.088123)  NNZ: 13 (8)  Ttime: 1.3898 Vtime: 0.0519
Step: 8300000  Loss: 0.121650 Regul: 0.010608 Obj: 0.132258 (0.088123)  NNZ: 13 (8)  Ttime: 1.3849 Vtime: 0.0519
Step: 8400000  Loss: 0.076864 Regul: 0.017157 Obj: 0.094021 (0.088123)  NNZ: 13 (8)  Ttime: 1.3908 Vtime: 0.0522
Step: 8500000  Loss: 0.082825 Regul: 0.027301 Obj: 0.110126 (0.088123)  NNZ: 14 (8)  Ttime: 1.3928 Vtime: 0.0514
Step: 8600000  Loss: 0.090038 Regul: 0.014001 Obj: 0.104040 (0.088123)  NNZ: 10 (8)  Ttime: 1.3931 Vtime: 0.0509
Step: 8700000  Loss: 0.083111 Regul: 0.018750 Obj: 0.101861 (0.088123)  NNZ: 15 (8)  Ttime: 1.3929 Vtime: 0.0514
Step: 8800000  Loss: 0.087500 Regul: 0.018750 Obj: 0.106250 (0.088123)  NNZ: 14 (8)  Ttime: 1.3921 Vtime: 0.0516
Step: 8900000  Loss: 0.073583 Regul: 0.017709 Obj: 0.091293 (0.088123)  NNZ: 9 (8)  Ttime: 1.3923 Vtime: 0.0517
Step: 9000000  Loss: 0.113046 Regul: 0.018311 Obj: 0.131356 (0.088123)  NNZ: 11 (8)  Ttime: 1.3907 Vtime: 0.0514
Step: 9100000  Loss: 0.082806 Regul: 0.024481 Obj: 0.107287 (0.088123)  NNZ: 14 (8)  Ttime: 1.3922 Vtime: 0.0514
Step: 9200000  Loss: 0.073570 Regul: 0.017834 Obj: 0.091405 (0.088123)  NNZ: 15 (8)  Ttime: 1.3939 Vtime: 0.0516
Step: 9300000  Loss: 0.079020 Regul: 0.015668 Obj: 0.094687 (0.088123)  NNZ: 11 (8)  Ttime: 1.3932 Vtime: 0.0518
Step: 9400000  Loss: 0.073712 Regul: 0.015424 Obj: 0.089136 (0.088123)  NNZ: 10 (8)  Ttime: 1.3940 Vtime: 0.0526
Step: 9500000  Loss: 0.075578 Regul: 0.015604 Obj: 0.091182 (0.088123)  NNZ: 9 (8)  Ttime: 1.3918 Vtime: 0.0514
Step: 9600000  Loss: 0.076637 Regul: 0.015298 Obj: 0.091935 (0.088123)  NNZ: 10 (8)  Ttime: 1.3949 Vtime: 0.0524
Step: 9700000  Loss: 0.079706 Regul: 0.012756 Obj: 0.092463 (0.088123)  NNZ: 8 (8)  Ttime: 1.3936 Vtime: 0.0516
Step: 9800000  Loss: 0.074203 Regul: 0.020261 Obj: 0.094463 (0.088123)  NNZ: 15 (8)  Ttime: 1.3966 Vtime: 0.0516
Step: 9900000  Loss: 0.092799 Regul: 0.014154 Obj: 0.106953 (0.088123)  NNZ: 9 (8)  Ttime: 1.3914 Vtime: 0.0517
Step: 10000000  Loss: 0.080774 Regul: 0.015277 Obj: 0.096051 (0.088123)  NNZ: 15 (8)  Ttime: 1.3934 Vtime: 0.0516
Step: 10100000  Loss: 0.082505 Regul: 0.015787 Obj: 0.098292 (0.088123)  NNZ: 11 (8)  Ttime: 1.3919 Vtime: 0.0517
Step: 10200000  Loss: 0.073068 Regul: 0.016638 Obj: 0.089706 (0.088123)  NNZ: 12 (8)  Ttime: 1.3933 Vtime: 0.0523
Step: 10300000  Loss: 0.073678 Regul: 0.015503 Obj: 0.089181 (0.088123)  NNZ: 11 (8)  Ttime: 1.3915 Vtime: 0.0527
Step: 10400000  Loss: 0.079969 Regul: 0.014532 Obj: 0.094501 (0.088123)  NNZ: 10 (8)  Ttime: 1.3917 Vtime: 0.0521
Step: 10500000  Loss: 0.077634 Regul: 0.014383 Obj: 0.092017 (0.088123)  NNZ: 11 (8)  Ttime: 1.3939 Vtime: 0.0507
Step: 10600000  Loss: 0.088687 Regul: 0.014355 Obj: 0.103042 (0.088123)  NNZ: 7 (8)  Ttime: 1.3908 Vtime: 0.0511
Step: 10700000  Loss: 0.074854 Regul: 0.017703 Obj: 0.092558 (0.088123)  NNZ: 13 (8)  Ttime: 1.3930 Vtime: 0.0515
Step: 10800000  Loss: 0.082293 Regul: 0.014191 Obj: 0.096484 (0.088123)  NNZ: 11 (8)  Ttime: 1.3923 Vtime: 0.0509
Step: 10900000  Loss: 0.078360 Regul: 0.017096 Obj: 0.095456 (0.088123)  NNZ: 14 (8)  Ttime: 1.3999 Vtime: 0.0522
Step: 11000000  Loss: 0.079443 Regul: 0.016608 Obj: 0.096051 (0.088123)  NNZ: 10 (8)  Ttime: 1.3932 Vtime: 0.0510
Step: 11100000  Loss: 0.078519 Regul: 0.012415 Obj: 0.090934 (0.088123)  NNZ: 10 (8)  Ttime: 1.3952 Vtime: 0.0513
Step: 11200000  Loss: 0.072785 Regul: 0.018033 Obj: 0.090818 (0.088123)  NNZ: 11 (8)  Ttime: 1.3887 Vtime: 0.0507
Step: 11300000  Loss: 0.073972 Regul: 0.014615 Obj: 0.088587 (0.088123)  NNZ: 11 (8)  Ttime: 1.3919 Vtime: 0.0512
Step: 11400000  Loss: 0.086363 Regul: 0.013986 Obj: 0.100349 (0.088123)  NNZ: 10 (8)  Ttime: 1.3905 Vtime: 0.0518
Step: 11500000  Loss: 0.089581 Regul: 0.017087 Obj: 0.106668 (0.088123)  NNZ: 12 (8)  Ttime: 1.3913 Vtime: 0.0519
Step: 11600000  Loss: 0.074831 Regul: 0.020984 Obj: 0.095815 (0.088123)  NNZ: 17 (8)  Ttime: 1.3936 Vtime: 0.0513
Step: 11700000  Loss: 0.081929 Regul: 0.022424 Obj: 0.104353 (0.088123)  NNZ: 13 (8)  Ttime: 1.3876 Vtime: 0.0518
Step: 11800000  Loss: 0.073155 Regul: 0.021204 Obj: 0.094358 (0.088123)  NNZ: 15 (8)  Ttime: 1.3901 Vtime: 0.0518
Step: 11900000  Loss: 0.073285 Regul: 0.022531 Obj: 0.095816 (0.088123)  NNZ: 12 (8)  Ttime: 1.3914 Vtime: 0.0513
Step: 12000000  Loss: 0.077663 Regul: 0.020804 Obj: 0.098467 (0.088123)  NNZ: 18 (8)  Ttime: 1.3909 Vtime: 0.0514
Step: 12100000  Loss: 0.081142 Regul: 0.020267 Obj: 0.101409 (0.088123)  NNZ: 10 (8)  Ttime: 1.3902 Vtime: 0.0522
Step: 12200000  Loss: 0.074149 Regul: 0.018774 Obj: 0.092923 (0.088123)  NNZ: 12 (8)  Ttime: 1.3900 Vtime: 0.0515
Step: 12300000  Loss: 0.073901 Regul: 0.017938 Obj: 0.091840 (0.088123)  NNZ: 13 (8)  Ttime: 1.3908 Vtime: 0.0507
Step: 12400000  Loss: 0.080423 Regul: 0.016116 Obj: 0.096539 (0.088123)  NNZ: 10 (8)  Ttime: 1.3911 Vtime: 0.0515
Step: 12500000  Loss: 0.072164 Regul: 0.019138 Obj: 0.091302 (0.088123)  NNZ: 15 (8)  Ttime: 1.3928 Vtime: 0.0517
Step: 12600000  Loss: 0.076789 Regul: 0.016476 Obj: 0.093266 (0.088123)  NNZ: 12 (8)  Ttime: 1.3909 Vtime: 0.0515
Step: 12700000  Loss: 0.073228 Regul: 0.021432 Obj: 0.094660 (0.088123)  NNZ: 15 (8)  Ttime: 1.3910 Vtime: 0.0520
Step: 12800000  Loss: 0.072596 Regul: 0.019809 Obj: 0.092405 (0.088123)  NNZ: 12 (8)  Ttime: 1.3910 Vtime: 0.0512
Step: 12900000  Loss: 0.082520 Regul: 0.021722 Obj: 0.104242 (0.088123)  NNZ: 15 (8)  Ttime: 1.3983 Vtime: 0.0518
Step: 13000000  Loss: 0.103350 Regul: 0.016803 Obj: 0.120153 (0.088123)  NNZ: 13 (8)  Ttime: 1.3906 Vtime: 0.0518
Step: 13100000  Loss: 0.088092 Regul: 0.014975 Obj: 0.103067 (0.088123)  NNZ: 10 (8)  Ttime: 1.3908 Vtime: 0.0526
Step: 13200000  Loss: 0.074266 Regul: 0.019357 Obj: 0.093624 (0.088123)  NNZ: 13 (8)  Ttime: 1.3919 Vtime: 0.0518
Step: 13300000  Loss: 0.074979 Regul: 0.013959 Obj: 0.088938 (0.088123)  NNZ: 10 (8)  Ttime: 1.3939 Vtime: 0.0517
Step: 13400000  Loss: 0.075672 Regul: 0.016977 Obj: 0.092649 (0.088123)  NNZ: 9 (8)  Ttime: 1.3905 Vtime: 0.0510
Step: 13500000  Loss: 0.073053 Regul: 0.019016 Obj: 0.092069 (0.088123)  NNZ: 16 (8)  Ttime: 1.3929 Vtime: 0.0512
Step: 13600000  Loss: 0.075471 Regul: 0.016962 Obj: 0.092433 (0.088123)  NNZ: 14 (8)  Ttime: 1.3955 Vtime: 0.0518
Step: 13700000  Loss: 0.073136 Regul: 0.018671 Obj: 0.091807 (0.088123)  NNZ: 12 (8)  Ttime: 1.4001 Vtime: 0.0513
Step: 13800000  Loss: 0.083747 Regul: 0.016220 Obj: 0.099967 (0.088123)  NNZ: 13 (8)  Ttime: 1.3933 Vtime: 0.0528
Step: 13900000  Loss: 0.077584 Regul: 0.020169 Obj: 0.097753 (0.088123)  NNZ: 13 (8)  Ttime: 1.3915 Vtime: 0.0518
Step: 14000000  Loss: 0.075060 Regul: 0.020966 Obj: 0.096025 (0.088123)  NNZ: 14 (8)  Ttime: 1.3923 Vtime: 0.0517
Step: 14100000  Loss: 0.074659 Regul: 0.018811 Obj: 0.093470 (0.088123)  NNZ: 13 (8)  Ttime: 1.3981 Vtime: 0.0514
Step: 14200000  Loss: 0.079291 Regul: 0.022623 Obj: 0.101914 (0.088123)  NNZ: 15 (8)  Ttime: 1.3912 Vtime: 0.0510
Step: 14300000  Loss: 0.075159 Regul: 0.018625 Obj: 0.093784 (0.088123)  NNZ: 14 (8)  Ttime: 1.3930 Vtime: 0.0511
Step: 14400000  Loss: 0.074991 Regul: 0.022290 Obj: 0.097281 (0.088123)  NNZ: 15 (8)  Ttime: 1.3907 Vtime: 0.0510
Step: 14500000  Loss: 0.070972 Regul: 0.019330 Obj: 0.090302 (0.088123)  NNZ: 10 (8)  Ttime: 1.3896 Vtime: 0.0510
Step: 14600000  Loss: 0.080041 Regul: 0.027213 Obj: 0.107254 (0.088123)  NNZ: 18 (8)  Ttime: 1.3915 Vtime: 0.0515
Step: 14700000  Loss: 0.076401 Regul: 0.017474 Obj: 0.093876 (0.088123)  NNZ: 14 (8)  Ttime: 1.3902 Vtime: 0.0513
Step: 14800000  Loss: 0.072741 Regul: 0.015698 Obj: 0.088440 (0.088123)  NNZ: 13 (8)  Ttime: 1.3909 Vtime: 0.0520
Step: 14900000  Loss: 0.072754 Regul: 0.021155 Obj: 0.093909 (0.088123)  NNZ: 13 (8)  Ttime: 1.3914 Vtime: 0.0522
Step: 15000000  Loss: 0.078736 Regul: 0.017560 Obj: 0.096296 (0.088123)  NNZ: 14 (8)  Ttime: 1.3905 Vtime: 0.0519
Step: 15100000  Loss: 0.075976 Regul: 0.021796 Obj: 0.097771 (0.088123)  NNZ: 16 (8)  Ttime: 1.3926 Vtime: 0.0517
Step: 15200000  Loss: 0.072997 Regul: 0.016565 Obj: 0.089562 (0.088123)  NNZ: 12 (8)  Ttime: 1.3924 Vtime: 0.0510
Step: 15300000  Loss: 0.081323 Regul: 0.017502 Obj: 0.098825 (0.088123)  NNZ: 15 (8)  Ttime: 1.3853 Vtime: 0.0513
Step: 15400000  Loss: 0.074411 Regul: 0.018906 Obj: 0.093317 (0.088123)  NNZ: 14 (8)  Ttime: 1.3916 Vtime: 0.0515
Step: 15500000  Loss: 0.073128 Regul: 0.020334 Obj: 0.093462 (0.088123)  NNZ: 16 (8)  Ttime: 1.3936 Vtime: 0.0521
Step: 15600000  Loss: 0.074480 Regul: 0.017184 Obj: 0.091664 (0.088123)  NNZ: 16 (8)  Ttime: 1.3965 Vtime: 0.0515
Step: 15700000  Loss: 0.076390 Regul: 0.018915 Obj: 0.095304 (0.088123)  NNZ: 14 (8)  Ttime: 1.3975 Vtime: 0.0515
Step: 15800000  Loss: 0.076075 Regul: 0.017212 Obj: 0.093287 (0.088123)  NNZ: 14 (8)  Ttime: 1.3941 Vtime: 0.0521
Step: 15900000  Loss: 0.079379 Regul: 0.020834 Obj: 0.100213 (0.088123)  NNZ: 12 (8)  Ttime: 1.3944 Vtime: 0.0513
Step: 16000000  Loss: 0.074816 Regul: 0.015964 Obj: 0.090779 (0.088123)  NNZ: 13 (8)  Ttime: 1.3920 Vtime: 0.0505
Step: 16100000  Loss: 0.081244 Regul: 0.023920 Obj: 0.105164 (0.088123)  NNZ: 14 (8)  Ttime: 1.4002 Vtime: 0.0514
Step: 16200000  Loss: 0.074574 Regul: 0.023834 Obj: 0.098408 (0.088123)  NNZ: 14 (8)  Ttime: 1.3897 Vtime: 0.0524
Step: 16300000  Loss: 0.074188 Regul: 0.023621 Obj: 0.097809 (0.088123)  NNZ: 17 (8)  Ttime: 1.3911 Vtime: 0.0518
Step: 16400000  Loss: 0.074102 Regul: 0.017743 Obj: 0.091845 (0.088123)  NNZ: 17 (8)  Ttime: 1.3948 Vtime: 0.0517
Step: 16500000  Loss: 0.075059 Regul: 0.024548 Obj: 0.099607 (0.088123)  NNZ: 16 (8)  Ttime: 1.4126 Vtime: 0.0514
Step: 16600000  Loss: 0.071943 Regul: 0.021527 Obj: 0.093470 (0.088123)  NNZ: 16 (8)  Ttime: 1.3929 Vtime: 0.0516
Step: 16700000  Loss: 0.083047 Regul: 0.014029 Obj: 0.097076 (0.088123)  NNZ: 12 (8)  Ttime: 1.3944 Vtime: 0.0511
Step: 16800000  Loss: 0.071769 Regul: 0.020901 Obj: 0.092671 (0.088123)  NNZ: 16 (8)  Ttime: 1.3984 Vtime: 0.0514
Step: 16900000  Loss: 0.072726 Regul: 0.016559 Obj: 0.089285 (0.088123)  NNZ: 12 (8)  Ttime: 1.3937 Vtime: 0.0515
Step: 17000000  Loss: 0.077425 Regul: 0.016440 Obj: 0.093865 (0.088123)  NNZ: 11 (8)  Ttime: 1.3911 Vtime: 0.0522
Step: 17100000  Loss: 0.080503 Regul: 0.014920 Obj: 0.095423 (0.088123)  NNZ: 13 (8)  Ttime: 1.3926 Vtime: 0.0512
Step: 17200000  Loss: 0.072635 Regul: 0.018506 Obj: 0.091141 (0.088123)  NNZ: 14 (8)  Ttime: 1.3898 Vtime: 0.0520
Step: 17300000  Loss: 0.085332 Regul: 0.020679 Obj: 0.106011 (0.088123)  NNZ: 12 (8)  Ttime: 1.3933 Vtime: 0.0519
Step: 17400000  Loss: 0.076098 Regul: 0.017947 Obj: 0.094046 (0.088123)  NNZ: 13 (8)  Ttime: 1.3942 Vtime: 0.0513
Step: 17500000  Loss: 0.078056 Regul: 0.014069 Obj: 0.092125 (0.088123)  NNZ: 13 (8)  Ttime: 1.3941 Vtime: 0.0520
Step: 17600000  Loss: 0.088462 Regul: 0.010254 Obj: 0.098716 (0.088123)  NNZ: 9 (8)  Ttime: 1.3907 Vtime: 0.0516
Step: 17700000  Loss: 0.073568 Regul: 0.014801 Obj: 0.088369 (0.088123)  NNZ: 10 (8)  Ttime: 1.3937 Vtime: 0.0515
Step: 17800000  Loss: 0.073514 Regul: 0.018149 Obj: 0.091663 (0.088123)  NNZ: 15 (8)  Ttime: 1.3944 Vtime: 0.0518
Step: 17900000  Loss: 0.072905 Regul: 0.018222 Obj: 0.091127 (0.088123)  NNZ: 11 (8)  Ttime: 1.3931 Vtime: 0.0512
Step: 18000000  Loss: 0.078524 Regul: 0.020184 Obj: 0.098708 (0.088123)  NNZ: 15 (8)  Ttime: 1.3924 Vtime: 0.0515
Step: 18100000  Loss: 0.079911 Regul: 0.017960 Obj: 0.097871 (0.088123)  NNZ: 14 (8)  Ttime: 1.3933 Vtime: 0.0514
Step: 18200000  Loss: 0.074061 Regul: 0.018723 Obj: 0.092784 (0.088123)  NNZ: 13 (8)  Ttime: 1.3919 Vtime: 0.0509
Step: 18300000  Loss: 0.073748 Regul: 0.018750 Obj: 0.092498 (0.088123)  NNZ: 14 (8)  Ttime: 1.3924 Vtime: 0.0517
Step: 18400000  Loss: 0.076066 Regul: 0.019196 Obj: 0.095261 (0.088123)  NNZ: 16 (8)  Ttime: 1.3925 Vtime: 0.0525
Step: 18500000  Loss: 0.096502 Regul: 0.008527 Obj: 0.105028 (0.088123)  NNZ: 9 (8)  Ttime: 1.3923 Vtime: 0.0514
Step: 18600000  Loss: 0.073169 Regul: 0.017618 Obj: 0.090787 (0.088123)  NNZ: 10 (8)  Ttime: 1.3947 Vtime: 0.0510
Step: 18700000  Loss: 0.071702 Regul: 0.021332 Obj: 0.093033 (0.088123)  NNZ: 17 (8)  Ttime: 1.3919 Vtime: 0.0510
Step: 18800000  Loss: 0.080275 Regul: 0.018842 Obj: 0.099117 (0.088123)  NNZ: 15 (8)  Ttime: 1.3956 Vtime: 0.0515
Step: 18900000  Loss: 0.077567 Regul: 0.017395 Obj: 0.094962 (0.088123)  NNZ: 11 (8)  Ttime: 1.3922 Vtime: 0.0508
Step: 19000000  Loss: 0.074808 Regul: 0.018472 Obj: 0.093280 (0.088123)  NNZ: 13 (8)  Ttime: 1.3909 Vtime: 0.0516
Step: 19100000  Loss: 0.077315 Regul: 0.020480 Obj: 0.097795 (0.088123)  NNZ: 15 (8)  Ttime: 1.3914 Vtime: 0.0517
Step: 19200000  Loss: 0.081695 Regul: 0.014273 Obj: 0.095968 (0.088123)  NNZ: 11 (8)  Ttime: 1.3918 Vtime: 0.0521
Step: 19300000  Loss: 0.076611 Regul: 0.014398 Obj: 0.091009 (0.088123)  NNZ: 15 (8)  Ttime: 1.3977 Vtime: 0.0513
Step: 19400000  Loss: 0.074693 Regul: 0.019681 Obj: 0.094373 (0.088123)  NNZ: 14 (8)  Ttime: 1.3948 Vtime: 0.0517
Step: 19500000  Loss: 0.074996 Regul: 0.014304 Obj: 0.089299 (0.088123)  NNZ: 11 (8)  Ttime: 1.3925 Vtime: 0.0513
Step: 19600000  Loss: 0.076105 Regul: 0.014365 Obj: 0.090470 (0.088123)  NNZ: 12 (8)  Ttime: 1.3950 Vtime: 0.0513
Step: 19700000  Loss: 0.085879 Regul: 0.021469 Obj: 0.107348 (0.088123)  NNZ: 14 (8)  Ttime: 1.3954 Vtime: 0.0518
Best: 19800000  Loss: 0.073546 Regul: 0.013995 Obj: 0.087541 (0.087541)  NNZ: 13 (13)  Ttime: 1.3919 Vtime: 0.0514
Stat: nPR #84 (#104) Dim/MaxDim [672/640] AUC: 0.972227 FPR95: 15.21
Step: 19900000  Loss: 0.077833 Regul: 0.013663 Obj: 0.091496 (0.087541)  NNZ: 13 (13)  Ttime: 1.3911 Vtime: 0.0512
Step: 20000000  Loss: 0.091391 Regul: 0.018262 Obj: 0.109653 (0.087541)  NNZ: 13 (13)  Ttime: 1.3930 Vtime: 0.0515
Step: 20100000  Loss: 0.090470 Regul: 0.014801 Obj: 0.105271 (0.087541)  NNZ: 17 (13)  Ttime: 1.3904 Vtime: 0.0510
Step: 20200000  Loss: 0.073676 Regul: 0.016876 Obj: 0.090553 (0.087541)  NNZ: 14 (13)  Ttime: 1.3892 Vtime: 0.0520
Step: 20300000  Loss: 0.083525 Regul: 0.018643 Obj: 0.102168 (0.087541)  NNZ: 17 (13)  Ttime: 1.3950 Vtime: 0.0513
Step: 20400000  Loss: 0.080598 Regul: 0.016617 Obj: 0.097215 (0.087541)  NNZ: 14 (13)  Ttime: 1.3911 Vtime: 0.0518
Step: 20500000  Loss: 0.071624 Regul: 0.017014 Obj: 0.088637 (0.087541)  NNZ: 15 (13)  Ttime: 1.3920 Vtime: 0.0513
Step: 20600000  Loss: 0.095370 Regul: 0.020016 Obj: 0.115387 (0.087541)  NNZ: 14 (13)  Ttime: 1.3897 Vtime: 0.0519
Step: 20700000  Loss: 0.077626 Regul: 0.015424 Obj: 0.093049 (0.087541)  NNZ: 13 (13)  Ttime: 1.3905 Vtime: 0.0510
Step: 20800000  Loss: 0.072949 Regul: 0.015591 Obj: 0.088541 (0.087541)  NNZ: 12 (13)  Ttime: 1.3940 Vtime: 0.0518
Step: 20900000  Loss: 0.097947 Regul: 0.009683 Obj: 0.107630 (0.087541)  NNZ: 11 (13)  Ttime: 1.3934 Vtime: 0.0502
Step: 21000000  Loss: 0.075414 Regul: 0.018094 Obj: 0.093508 (0.087541)  NNZ: 13 (13)  Ttime: 1.3950 Vtime: 0.0511
Step: 21100000  Loss: 0.075219 Regul: 0.013843 Obj: 0.089062 (0.087541)  NNZ: 12 (13)  Ttime: 1.3925 Vtime: 0.0516
Step: 21200000  Loss: 0.073886 Regul: 0.015903 Obj: 0.089789 (0.087541)  NNZ: 17 (13)  Ttime: 1.3910 Vtime: 0.0509
Step: 21300000  Loss: 0.074178 Regul: 0.020114 Obj: 0.094293 (0.087541)  NNZ: 17 (13)  Ttime: 1.3943 Vtime: 0.0517
Step: 21400000  Loss: 0.077440 Regul: 0.012756 Obj: 0.090197 (0.087541)  NNZ: 14 (13)  Ttime: 1.4168 Vtime: 0.0515
Step: 21500000  Loss: 0.073306 Regul: 0.018454 Obj: 0.091760 (0.087541)  NNZ: 12 (13)  Ttime: 1.3921 Vtime: 0.0522
Step: 21600000  Loss: 0.075800 Regul: 0.016641 Obj: 0.092441 (0.087541)  NNZ: 15 (13)  Ttime: 1.3918 Vtime: 0.0512
Step: 21700000  Loss: 0.072549 Regul: 0.019553 Obj: 0.092102 (0.087541)  NNZ: 14 (13)  Ttime: 1.3925 Vtime: 0.0516
Step: 21800000  Loss: 0.083255 Regul: 0.013892 Obj: 0.097146 (0.087541)  NNZ: 13 (13)  Ttime: 1.3940 Vtime: 0.0510
Step: 21900000  Loss: 0.077081 Regul: 0.018262 Obj: 0.095343 (0.087541)  NNZ: 14 (13)  Ttime: 1.3932 Vtime: 0.0515
Step: 22000000  Loss: 0.074182 Regul: 0.021823 Obj: 0.096005 (0.087541)  NNZ: 14 (13)  Ttime: 1.3899 Vtime: 0.0514
Step: 22100000  Loss: 0.082318 Regul: 0.013620 Obj: 0.095938 (0.087541)  NNZ: 10 (13)  Ttime: 1.3917 Vtime: 0.0519
Step: 22200000  Loss: 0.071090 Regul: 0.019202 Obj: 0.090292 (0.087541)  NNZ: 16 (13)  Ttime: 1.3922 Vtime: 0.0513
Step: 22300000  Loss: 0.082936 Regul: 0.012042 Obj: 0.094978 (0.087541)  NNZ: 12 (13)  Ttime: 1.3947 Vtime: 0.0518
Step: 22400000  Loss: 0.083813 Regul: 0.012671 Obj: 0.096484 (0.087541)  NNZ: 11 (13)  Ttime: 1.3909 Vtime: 0.0515
Step: 22500000  Loss: 0.082335 Regul: 0.013007 Obj: 0.095342 (0.087541)  NNZ: 10 (13)  Ttime: 1.3942 Vtime: 0.0520
Step: 22600000  Loss: 0.084225 Regul: 0.015436 Obj: 0.099660 (0.087541)  NNZ: 11 (13)  Ttime: 1.3944 Vtime: 0.0512
Step: 22700000  Loss: 0.079963 Regul: 0.016946 Obj: 0.096910 (0.087541)  NNZ: 17 (13)  Ttime: 1.3945 Vtime: 0.0509
Step: 22800000  Loss: 0.075624 Regul: 0.016782 Obj: 0.092406 (0.087541)  NNZ: 13 (13)  Ttime: 1.3905 Vtime: 0.0518
Step: 22900000  Loss: 0.073024 Regul: 0.015573 Obj: 0.088597 (0.087541)  NNZ: 16 (13)  Ttime: 1.3945 Vtime: 0.0514
Step: 23000000  Loss: 0.075969 Regul: 0.013684 Obj: 0.089653 (0.087541)  NNZ: 12 (13)  Ttime: 1.3935 Vtime: 0.0512
Step: 23100000  Loss: 0.076978 Regul: 0.018228 Obj: 0.095206 (0.087541)  NNZ: 13 (13)  Ttime: 1.3924 Vtime: 0.0513
Step: 23200000  Loss: 0.086481 Regul: 0.012576 Obj: 0.099057 (0.087541)  NNZ: 12 (13)  Ttime: 1.3900 Vtime: 0.0518
Step: 23300000  Loss: 0.084157 Regul: 0.013419 Obj: 0.097576 (0.087541)  NNZ: 8 (13)  Ttime: 1.3930 Vtime: 0.0514
Step: 23400000  Loss: 0.071738 Regul: 0.016400 Obj: 0.088138 (0.087541)  NNZ: 13 (13)  Ttime: 1.3908 Vtime: 0.0511
Step: 23500000  Loss: 0.095009 Regul: 0.010147 Obj: 0.105156 (0.087541)  NNZ: 12 (13)  Ttime: 1.3888 Vtime: 0.0512
Step: 23600000  Loss: 0.074209 Regul: 0.021082 Obj: 0.095290 (0.087541)  NNZ: 14 (13)  Ttime: 1.3911 Vtime: 0.0514
Step: 23700000  Loss: 0.072700 Regul: 0.015527 Obj: 0.088227 (0.087541)  NNZ: 12 (13)  Ttime: 1.3907 Vtime: 0.0510
Step: 23800000  Loss: 0.071797 Regul: 0.016577 Obj: 0.088375 (0.087541)  NNZ: 12 (13)  Ttime: 1.3928 Vtime: 0.0519
Step: 23900000  Loss: 0.078221 Regul: 0.014716 Obj: 0.092937 (0.087541)  NNZ: 11 (13)  Ttime: 1.3922 Vtime: 0.0520
Step: 24000000  Loss: 0.072101 Regul: 0.020386 Obj: 0.092487 (0.087541)  NNZ: 18 (13)  Ttime: 1.3936 Vtime: 0.0510
Step: 24100000  Loss: 0.077007 Regul: 0.016318 Obj: 0.093325 (0.087541)  NNZ: 13 (13)  Ttime: 1.3956 Vtime: 0.0514
Step: 24200000  Loss: 0.075307 Regul: 0.017313 Obj: 0.092619 (0.087541)  NNZ: 12 (13)  Ttime: 1.3961 Vtime: 0.0507
Step: 24300000  Loss: 0.112134 Regul: 0.013693 Obj: 0.125827 (0.087541)  NNZ: 12 (13)  Ttime: 1.3953 Vtime: 0.0512
Step: 24400000  Loss: 0.075826 Regul: 0.015543 Obj: 0.091369 (0.087541)  NNZ: 11 (13)  Ttime: 1.3955 Vtime: 0.0514
Step: 24500000  Loss: 0.075521 Regul: 0.014377 Obj: 0.089898 (0.087541)  NNZ: 15 (13)  Ttime: 1.3920 Vtime: 0.0518
Best: 24600000  Loss: 0.072053 Regul: 0.015097 Obj: 0.087150 (0.087150)  NNZ: 12 (12)  Ttime: 1.3945 Vtime: 0.0516
Stat: nPR #76 (#96) Dim/MaxDim [608/640] AUC: 0.972480 FPR95: 14.89 [saved]
Step: 24700000  Loss: 0.074886 Regul: 0.018710 Obj: 0.093596 (0.087150)  NNZ: 15 (12)  Ttime: 1.3890 Vtime: 0.0509
Step: 24800000  Loss: 0.080205 Regul: 0.014484 Obj: 0.094688 (0.087150)  NNZ: 12 (12)  Ttime: 1.3924 Vtime: 0.0509
Step: 24900000  Loss: 0.073018 Regul: 0.016708 Obj: 0.089727 (0.087150)  NNZ: 15 (12)  Ttime: 1.3930 Vtime: 0.0514
Step: 25000000  Loss: 0.077217 Regul: 0.017508 Obj: 0.094725 (0.087150)  NNZ: 19 (12)  Ttime: 1.3933 Vtime: 0.0513
Step: 25100000  Loss: 0.074136 Regul: 0.016632 Obj: 0.090768 (0.087150)  NNZ: 14 (12)  Ttime: 1.3907 Vtime: 0.0516
Step: 25200000  Loss: 0.079442 Regul: 0.017551 Obj: 0.096993 (0.087150)  NNZ: 17 (12)  Ttime: 1.3921 Vtime: 0.0511
Step: 25300000  Loss: 0.081024 Regul: 0.014709 Obj: 0.095734 (0.087150)  NNZ: 14 (12)  Ttime: 1.3902 Vtime: 0.0512
Step: 25400000  Loss: 0.092441 Regul: 0.012094 Obj: 0.104535 (0.087150)  NNZ: 13 (12)  Ttime: 1.3931 Vtime: 0.0516
Step: 25500000  Loss: 0.080068 Regul: 0.012875 Obj: 0.092943 (0.087150)  NNZ: 11 (12)  Ttime: 1.3941 Vtime: 0.0517
Step: 25600000  Loss: 0.071962 Regul: 0.018182 Obj: 0.090144 (0.087150)  NNZ: 15 (12)  Ttime: 1.3912 Vtime: 0.0516
Step: 25700000  Loss: 0.080088 Regul: 0.012286 Obj: 0.092375 (0.087150)  NNZ: 8 (12)  Ttime: 1.3946 Vtime: 0.0515
Step: 25800000  Loss: 0.088930 Regul: 0.012119 Obj: 0.101048 (0.087150)  NNZ: 14 (12)  Ttime: 1.3948 Vtime: 0.0518
Step: 25900000  Loss: 0.073540 Regul: 0.016324 Obj: 0.089864 (0.087150)  NNZ: 13 (12)  Ttime: 1.3919 Vtime: 0.0515
Step: 26000000  Loss: 0.074887 Regul: 0.015524 Obj: 0.090411 (0.087150)  NNZ: 17 (12)  Ttime: 1.3915 Vtime: 0.0515
Step: 26100000  Loss: 0.088650 Regul: 0.017847 Obj: 0.106497 (0.087150)  NNZ: 16 (12)  Ttime: 1.3928 Vtime: 0.0513
Step: 26200000  Loss: 0.079443 Regul: 0.017892 Obj: 0.097335 (0.087150)  NNZ: 12 (12)  Ttime: 1.3936 Vtime: 0.0516
Step: 26300000  Loss: 0.078244 Regul: 0.016534 Obj: 0.094778 (0.087150)  NNZ: 11 (12)  Ttime: 1.3924 Vtime: 0.0512
Step: 26400000  Loss: 0.082084 Regul: 0.013049 Obj: 0.095134 (0.087150)  NNZ: 10 (12)  Ttime: 1.3941 Vtime: 0.0510
Step: 26500000  Loss: 0.076344 Regul: 0.014240 Obj: 0.090584 (0.087150)  NNZ: 12 (12)  Ttime: 1.3944 Vtime: 0.0518
Step: 26600000  Loss: 0.079846 Regul: 0.013361 Obj: 0.093207 (0.087150)  NNZ: 13 (12)  Ttime: 1.3917 Vtime: 0.0511
Step: 26700000  Loss: 0.072809 Regul: 0.016040 Obj: 0.088849 (0.087150)  NNZ: 12 (12)  Ttime: 1.3975 Vtime: 0.0515
Step: 26800000  Loss: 0.072895 Regul: 0.022308 Obj: 0.095204 (0.087150)  NNZ: 17 (12)  Ttime: 1.3929 Vtime: 0.0512
Step: 26900000  Loss: 0.075230 Regul: 0.014075 Obj: 0.089304 (0.087150)  NNZ: 14 (12)  Ttime: 1.3947 Vtime: 0.0518
Step: 27000000  Loss: 0.073344 Regul: 0.015326 Obj: 0.088669 (0.087150)  NNZ: 11 (12)  Ttime: 1.3945 Vtime: 0.0512
Step: 27100000  Loss: 0.075552 Regul: 0.016089 Obj: 0.091641 (0.087150)  NNZ: 15 (12)  Ttime: 1.3936 Vtime: 0.0513
Step: 27200000  Loss: 0.076272 Regul: 0.016254 Obj: 0.092525 (0.087150)  NNZ: 13 (12)  Ttime: 1.3946 Vtime: 0.0516
Step: 27300000  Loss: 0.073962 Regul: 0.016931 Obj: 0.090893 (0.087150)  NNZ: 12 (12)  Ttime: 1.3923 Vtime: 0.0510
Step: 27400000  Loss: 0.074161 Regul: 0.018445 Obj: 0.092606 (0.087150)  NNZ: 17 (12)  Ttime: 1.3961 Vtime: 0.0509
Step: 27500000  Loss: 0.078289 Regul: 0.012427 Obj: 0.090716 (0.087150)  NNZ: 13 (12)  Ttime: 1.3946 Vtime: 0.0517
Step: 27600000  Loss: 0.077302 Regul: 0.014911 Obj: 0.092213 (0.087150)  NNZ: 15 (12)  Ttime: 1.3929 Vtime: 0.0515
Step: 27700000  Loss: 0.075203 Regul: 0.015454 Obj: 0.090657 (0.087150)  NNZ: 12 (12)  Ttime: 1.3941 Vtime: 0.0516
Step: 27800000  Loss: 0.071214 Regul: 0.016241 Obj: 0.087456 (0.087150)  NNZ: 12 (12)  Ttime: 1.3906 Vtime: 0.0518
Step: 27900000  Loss: 0.090989 Regul: 0.010901 Obj: 0.101889 (0.087150)  NNZ: 10 (12)  Ttime: 1.3918 Vtime: 0.0520
Step: 28000000  Loss: 0.073674 Regul: 0.014148 Obj: 0.087822 (0.087150)  NNZ: 15 (12)  Ttime: 1.3958 Vtime: 0.0513
Step: 28100000  Loss: 0.073588 Regul: 0.016272 Obj: 0.089860 (0.087150)  NNZ: 14 (12)  Ttime: 1.3948 Vtime: 0.0521
Step: 28200000  Loss: 0.073382 Regul: 0.017188 Obj: 0.090570 (0.087150)  NNZ: 13 (12)  Ttime: 1.3921 Vtime: 0.0513
Step: 28300000  Loss: 0.094145 Regul: 0.010352 Obj: 0.104496 (0.087150)  NNZ: 10 (12)  Ttime: 1.3941 Vtime: 0.0516
Step: 28400000  Loss: 0.085206 Regul: 0.012543 Obj: 0.097749 (0.087150)  NNZ: 11 (12)  Ttime: 1.3923 Vtime: 0.0506
Step: 28500000  Loss: 0.077676 Regul: 0.013177 Obj: 0.090854 (0.087150)  NNZ: 11 (12)  Ttime: 1.3998 Vtime: 0.0510
Step: 28600000  Loss: 0.074817 Regul: 0.014484 Obj: 0.089300 (0.087150)  NNZ: 13 (12)  Ttime: 1.3945 Vtime: 0.0519
Step: 28700000  Loss: 0.077403 Regul: 0.016815 Obj: 0.094218 (0.087150)  NNZ: 14 (12)  Ttime: 1.3937 Vtime: 0.0508
Step: 28800000  Loss: 0.077440 Regul: 0.013666 Obj: 0.091105 (0.087150)  NNZ: 13 (12)  Ttime: 1.3963 Vtime: 0.0519
Step: 28900000  Loss: 0.075981 Regul: 0.015723 Obj: 0.091704 (0.087150)  NNZ: 14 (12)  Ttime: 1.3956 Vtime: 0.0524
Step: 29000000  Loss: 0.075327 Regul: 0.016064 Obj: 0.091391 (0.087150)  NNZ: 12 (12)  Ttime: 1.3950 Vtime: 0.0512
Step: 29100000  Loss: 0.071325 Regul: 0.016846 Obj: 0.088171 (0.087150)  NNZ: 14 (12)  Ttime: 1.3941 Vtime: 0.0518
Step: 29200000  Loss: 0.080110 Regul: 0.017688 Obj: 0.097797 (0.087150)  NNZ: 17 (12)  Ttime: 1.3957 Vtime: 0.0508
Step: 29300000  Loss: 0.075410 Regul: 0.015649 Obj: 0.091059 (0.087150)  NNZ: 13 (12)  Ttime: 1.3946 Vtime: 0.0520
Step: 29400000  Loss: 0.084760 Regul: 0.014746 Obj: 0.099506 (0.087150)  NNZ: 13 (12)  Ttime: 1.3949 Vtime: 0.0513
Step: 29500000  Loss: 0.077538 Regul: 0.016577 Obj: 0.094115 (0.087150)  NNZ: 15 (12)  Ttime: 1.3936 Vtime: 0.0519
Step: 29600000  Loss: 0.093945 Regul: 0.009668 Obj: 0.103613 (0.087150)  NNZ: 10 (12)  Ttime: 1.3939 Vtime: 0.0508
Step: 29700000  Loss: 0.089245 Regul: 0.010376 Obj: 0.099621 (0.087150)  NNZ: 14 (12)  Ttime: 1.3928 Vtime: 0.0510
Step: 29800000  Loss: 0.078139 Regul: 0.017725 Obj: 0.095864 (0.087150)  NNZ: 13 (12)  Ttime: 1.3915 Vtime: 0.0516
Step: 29900000  Loss: 0.092351 Regul: 0.010278 Obj: 0.102630 (0.087150)  NNZ: 11 (12)  Ttime: 1.3921 Vtime: 0.0509
Step: 30000000  Loss: 0.074875 Regul: 0.016748 Obj: 0.091623 (0.087150)  NNZ: 12 (12)  Ttime: 1.3920 Vtime: 0.0514
Step: 30100000  Loss: 0.085476 Regul: 0.012762 Obj: 0.098238 (0.087150)  NNZ: 12 (12)  Ttime: 1.3945 Vtime: 0.0513
Step: 30200000  Loss: 0.089643 Regul: 0.011523 Obj: 0.101166 (0.087150)  NNZ: 10 (12)  Ttime: 1.3938 Vtime: 0.0513
Step: 30300000  Loss: 0.082115 Regul: 0.011829 Obj: 0.093943 (0.087150)  NNZ: 10 (12)  Ttime: 1.3947 Vtime: 0.0513
Step: 30400000  Loss: 0.082523 Regul: 0.013434 Obj: 0.095957 (0.087150)  NNZ: 11 (12)  Ttime: 1.3933 Vtime: 0.0513
Step: 30500000  Loss: 0.077441 Regul: 0.014752 Obj: 0.092193 (0.087150)  NNZ: 13 (12)  Ttime: 1.3885 Vtime: 0.0515
Step: 30600000  Loss: 0.085252 Regul: 0.011353 Obj: 0.096605 (0.087150)  NNZ: 12 (12)  Ttime: 1.3929 Vtime: 0.0514
Step: 30700000  Loss: 0.075444 Regul: 0.014941 Obj: 0.090386 (0.087150)  NNZ: 12 (12)  Ttime: 1.3968 Vtime: 0.0510
Step: 30800000  Loss: 0.095099 Regul: 0.011279 Obj: 0.106378 (0.087150)  NNZ: 12 (12)  Ttime: 1.3973 Vtime: 0.0511
Step: 30900000  Loss: 0.076054 Regul: 0.015900 Obj: 0.091954 (0.087150)  NNZ: 13 (12)  Ttime: 1.3915 Vtime: 0.0513
Step: 31000000  Loss: 0.073421 Regul: 0.015399 Obj: 0.088820 (0.087150)  NNZ: 12 (12)  Ttime: 1.3996 Vtime: 0.0514
Step: 31100000  Loss: 0.073314 Regul: 0.017950 Obj: 0.091264 (0.087150)  NNZ: 13 (12)  Ttime: 1.3926 Vtime: 0.0516
Best: 31200000  Loss: 0.072065 Regul: 0.014978 Obj: 0.087043 (0.087043)  NNZ: 14 (14)  Ttime: 1.3959 Vtime: 0.0508
Stat: nPR #96 (#112) Dim/MaxDim [768/640] AUC: 0.972529 FPR95: 14.87
Step: 31300000  Loss: 0.081354 Regul: 0.012701 Obj: 0.094056 (0.087043)  NNZ: 10 (14)  Ttime: 1.3978 Vtime: 0.0520
Step: 31400000  Loss: 0.076807 Regul: 0.014404 Obj: 0.091212 (0.087043)  NNZ: 10 (14)  Ttime: 1.3933 Vtime: 0.0511
Step: 31500000  Loss: 0.079046 Regul: 0.013690 Obj: 0.092736 (0.087043)  NNZ: 15 (14)  Ttime: 1.3940 Vtime: 0.0518
Step: 31600000  Loss: 0.075122 Regul: 0.014008 Obj: 0.089129 (0.087043)  NNZ: 11 (14)  Ttime: 1.3951 Vtime: 0.0515
Step: 31700000  Loss: 0.076020 Regul: 0.012726 Obj: 0.088746 (0.087043)  NNZ: 15 (14)  Ttime: 1.3926 Vtime: 0.0526
Step: 31800000  Loss: 0.071132 Regul: 0.019312 Obj: 0.090443 (0.087043)  NNZ: 17 (14)  Ttime: 1.3938 Vtime: 0.0519
Step: 31900000  Loss: 0.076997 Regul: 0.013116 Obj: 0.090114 (0.087043)  NNZ: 14 (14)  Ttime: 1.3936 Vtime: 0.0514
Step: 32000000  Loss: 0.077903 Regul: 0.015698 Obj: 0.093602 (0.087043)  NNZ: 14 (14)  Ttime: 1.3927 Vtime: 0.0517
Step: 32100000  Loss: 0.077960 Regul: 0.015021 Obj: 0.092981 (0.087043)  NNZ: 12 (14)  Ttime: 1.3936 Vtime: 0.0517
Step: 32200000  Loss: 0.098717 Regul: 0.014655 Obj: 0.113371 (0.087043)  NNZ: 13 (14)  Ttime: 1.3935 Vtime: 0.0513
Step: 32300000  Loss: 0.112378 Regul: 0.007574 Obj: 0.119952 (0.087043)  NNZ: 9 (14)  Ttime: 1.3933 Vtime: 0.0511
Step: 32400000  Loss: 0.075068 Regul: 0.018121 Obj: 0.093189 (0.087043)  NNZ: 15 (14)  Ttime: 1.3950 Vtime: 0.0516
Step: 32500000  Loss: 0.077400 Regul: 0.014117 Obj: 0.091518 (0.087043)  NNZ: 14 (14)  Ttime: 1.3915 Vtime: 0.0514
Step: 32600000  Loss: 0.078970 Regul: 0.012054 Obj: 0.091025 (0.087043)  NNZ: 13 (14)  Ttime: 1.3977 Vtime: 0.0525
Step: 32700000  Loss: 0.075654 Regul: 0.016473 Obj: 0.092128 (0.087043)  NNZ: 15 (14)  Ttime: 1.3952 Vtime: 0.0514
Step: 32800000  Loss: 0.072417 Regul: 0.017493 Obj: 0.089909 (0.087043)  NNZ: 14 (14)  Ttime: 1.3932 Vtime: 0.0518
Step: 32900000  Loss: 0.113441 Regul: 0.008795 Obj: 0.122236 (0.087043)  NNZ: 9 (14)  Ttime: 1.3923 Vtime: 0.0515
Step: 33000000  Loss: 0.079131 Regul: 0.011298 Obj: 0.090429 (0.087043)  NNZ: 13 (14)  Ttime: 1.4302 Vtime: 0.0523
Step: 33100000  Loss: 0.080935 Regul: 0.012909 Obj: 0.093843 (0.087043)  NNZ: 12 (14)  Ttime: 1.4420 Vtime: 0.0524
Step: 33200000  Loss: 0.079645 Regul: 0.013043 Obj: 0.092688 (0.087043)  NNZ: 12 (14)  Ttime: 1.3961 Vtime: 0.0510
Step: 33300000  Loss: 0.092315 Regul: 0.012054 Obj: 0.104369 (0.087043)  NNZ: 11 (14)  Ttime: 1.3944 Vtime: 0.0511
Step: 33400000  Loss: 0.073514 Regul: 0.016455 Obj: 0.089969 (0.087043)  NNZ: 16 (14)  Ttime: 1.3943 Vtime: 0.0517
Step: 33500000  Loss: 0.081964 Regul: 0.013116 Obj: 0.095081 (0.087043)  NNZ: 12 (14)  Ttime: 1.3928 Vtime: 0.0514
Step: 33600000  Loss: 0.077880 Regul: 0.024365 Obj: 0.102245 (0.087043)  NNZ: 15 (14)  Ttime: 1.3889 Vtime: 0.0522
Step: 33700000  Loss: 0.074510 Regul: 0.025372 Obj: 0.099882 (0.087043)  NNZ: 17 (14)  Ttime: 1.3911 Vtime: 0.0515
Step: 33800000  Loss: 0.075783 Regul: 0.022070 Obj: 0.097853 (0.087043)  NNZ: 15 (14)  Ttime: 1.3912 Vtime: 0.0510
Step: 33900000  Loss: 0.071531 Regul: 0.019080 Obj: 0.090611 (0.087043)  NNZ: 13 (14)  Ttime: 1.3900 Vtime: 0.0515
Step: 34000000  Loss: 0.076467 Regul: 0.024445 Obj: 0.100911 (0.087043)  NNZ: 16 (14)  Ttime: 1.3893 Vtime: 0.0513
Step: 34100000  Loss: 0.083591 Regul: 0.024817 Obj: 0.108408 (0.087043)  NNZ: 13 (14)  Ttime: 1.3878 Vtime: 0.0509
Step: 34200000  Loss: 0.074260 Regul: 0.023615 Obj: 0.097874 (0.087043)  NNZ: 14 (14)  Ttime: 1.3926 Vtime: 0.0511
Step: 34300000  Loss: 0.079237 Regul: 0.022626 Obj: 0.101863 (0.087043)  NNZ: 18 (14)  Ttime: 1.3912 Vtime: 0.0506
Step: 34400000  Loss: 0.073579 Regul: 0.020575 Obj: 0.094154 (0.087043)  NNZ: 15 (14)  Ttime: 1.3890 Vtime: 0.0513
Step: 34500000  Loss: 0.073637 Regul: 0.016870 Obj: 0.090507 (0.087043)  NNZ: 16 (14)  Ttime: 1.3887 Vtime: 0.0519
Step: 34600000  Loss: 0.074889 Regul: 0.014740 Obj: 0.089629 (0.087043)  NNZ: 11 (14)  Ttime: 1.3905 Vtime: 0.0516
Step: 34700000  Loss: 0.082309 Regul: 0.022968 Obj: 0.105276 (0.087043)  NNZ: 16 (14)  Ttime: 1.3896 Vtime: 0.0517
Step: 34800000  Loss: 0.074027 Regul: 0.020831 Obj: 0.094858 (0.087043)  NNZ: 13 (14)  Ttime: 1.3933 Vtime: 0.0512
Step: 34900000  Loss: 0.072855 Regul: 0.019702 Obj: 0.092558 (0.087043)  NNZ: 16 (14)  Ttime: 1.3910 Vtime: 0.0519
Step: 35000000  Loss: 0.072780 Regul: 0.022693 Obj: 0.095473 (0.087043)  NNZ: 15 (14)  Ttime: 1.3899 Vtime: 0.0512
Step: 35100000  Loss: 0.072065 Regul: 0.022241 Obj: 0.094306 (0.087043)  NNZ: 15 (14)  Ttime: 1.3876 Vtime: 0.0512
Step: 35200000  Loss: 0.075714 Regul: 0.026819 Obj: 0.102533 (0.087043)  NNZ: 16 (14)  Ttime: 1.3895 Vtime: 0.0514
Step: 35300000  Loss: 0.076697 Regul: 0.025336 Obj: 0.102032 (0.087043)  NNZ: 13 (14)  Ttime: 1.3927 Vtime: 0.0515
Step: 35400000  Loss: 0.073405 Regul: 0.023962 Obj: 0.097367 (0.087043)  NNZ: 16 (14)  Ttime: 1.3886 Vtime: 0.0515
Step: 35500000  Loss: 0.079472 Regul: 0.026746 Obj: 0.106217 (0.087043)  NNZ: 17 (14)  Ttime: 1.3930 Vtime: 0.0509
Step: 35600000  Loss: 0.075867 Regul: 0.016943 Obj: 0.092810 (0.087043)  NNZ: 16 (14)  Ttime: 1.3900 Vtime: 0.0515
Step: 35700000  Loss: 0.073660 Regul: 0.023755 Obj: 0.097415 (0.087043)  NNZ: 14 (14)  Ttime: 1.3886 Vtime: 0.0510
Step: 35800000  Loss: 0.074328 Regul: 0.019745 Obj: 0.094073 (0.087043)  NNZ: 14 (14)  Ttime: 1.3903 Vtime: 0.0517
Step: 35900000  Loss: 0.075765 Regul: 0.018976 Obj: 0.094741 (0.087043)  NNZ: 11 (14)  Ttime: 1.3894 Vtime: 0.0513
Step: 36000000  Loss: 0.078482 Regul: 0.028876 Obj: 0.107358 (0.087043)  NNZ: 18 (14)  Ttime: 1.3926 Vtime: 0.0518
Step: 36100000  Loss: 0.077122 Regul: 0.014276 Obj: 0.091398 (0.087043)  NNZ: 12 (14)  Ttime: 1.3906 Vtime: 0.0516
Step: 36200000  Loss: 0.072043 Regul: 0.021149 Obj: 0.093192 (0.087043)  NNZ: 14 (14)  Ttime: 1.3908 Vtime: 0.0518
Step: 36300000  Loss: 0.073694 Regul: 0.018530 Obj: 0.092224 (0.087043)  NNZ: 15 (14)  Ttime: 1.3889 Vtime: 0.0523
Step: 36400000  Loss: 0.080344 Regul: 0.023346 Obj: 0.103690 (0.087043)  NNZ: 16 (14)  Ttime: 1.3932 Vtime: 0.0514
Step: 36500000  Loss: 0.075493 Regul: 0.013416 Obj: 0.088908 (0.087043)  NNZ: 13 (14)  Ttime: 1.3917 Vtime: 0.0516
Step: 36600000  Loss: 0.075352 Regul: 0.025140 Obj: 0.100492 (0.087043)  NNZ: 16 (14)  Ttime: 1.3965 Vtime: 0.0520
Step: 36700000  Loss: 0.076749 Regul: 0.017401 Obj: 0.094151 (0.087043)  NNZ: 11 (14)  Ttime: 1.3918 Vtime: 0.0514
Step: 36800000  Loss: 0.077496 Regul: 0.024188 Obj: 0.101685 (0.087043)  NNZ: 13 (14)  Ttime: 1.3898 Vtime: 0.0514
Step: 36900000  Loss: 0.073219 Regul: 0.021094 Obj: 0.094313 (0.087043)  NNZ: 16 (14)  Ttime: 1.3905 Vtime: 0.0515
Step: 37000000  Loss: 0.072432 Regul: 0.018445 Obj: 0.090877 (0.087043)  NNZ: 14 (14)  Ttime: 1.3909 Vtime: 0.0509
Step: 37100000  Loss: 0.072755 Regul: 0.022150 Obj: 0.094905 (0.087043)  NNZ: 17 (14)  Ttime: 1.3913 Vtime: 0.0519
Step: 37200000  Loss: 0.080358 Regul: 0.023065 Obj: 0.103423 (0.087043)  NNZ: 14 (14)  Ttime: 1.3912 Vtime: 0.0510
Step: 37300000  Loss: 0.074785 Regul: 0.025024 Obj: 0.099809 (0.087043)  NNZ: 17 (14)  Ttime: 1.3882 Vtime: 0.0512
Step: 37400000  Loss: 0.078698 Regul: 0.026123 Obj: 0.104822 (0.087043)  NNZ: 17 (14)  Ttime: 1.3898 Vtime: 0.0515
Step: 37500000  Loss: 0.071964 Regul: 0.018640 Obj: 0.090604 (0.087043)  NNZ: 12 (14)  Ttime: 1.3891 Vtime: 0.0515
Step: 37600000  Loss: 0.077794 Regul: 0.028137 Obj: 0.105931 (0.087043)  NNZ: 18 (14)  Ttime: 1.3904 Vtime: 0.0511
Step: 37700000  Loss: 0.073737 Regul: 0.023718 Obj: 0.097456 (0.087043)  NNZ: 16 (14)  Ttime: 1.3878 Vtime: 0.0513
Step: 37800000  Loss: 0.072192 Regul: 0.021979 Obj: 0.094171 (0.087043)  NNZ: 17 (14)  Ttime: 1.3935 Vtime: 0.0516
Step: 37900000  Loss: 0.073959 Regul: 0.022217 Obj: 0.096176 (0.087043)  NNZ: 18 (14)  Ttime: 1.3885 Vtime: 0.0509
Step: 38000000  Loss: 0.077332 Regul: 0.022052 Obj: 0.099384 (0.087043)  NNZ: 15 (14)  Ttime: 1.3960 Vtime: 0.0512
Step: 38100000  Loss: 0.077500 Regul: 0.025470 Obj: 0.102970 (0.087043)  NNZ: 15 (14)  Ttime: 1.3931 Vtime: 0.0511
Step: 38200000  Loss: 0.090559 Regul: 0.012683 Obj: 0.103243 (0.087043)  NNZ: 13 (14)  Ttime: 1.3840 Vtime: 0.0520
Step: 38300000  Loss: 0.075823 Regul: 0.024939 Obj: 0.100762 (0.087043)  NNZ: 17 (14)  Ttime: 1.3913 Vtime: 0.0512
Step: 38400000  Loss: 0.078673 Regul: 0.013599 Obj: 0.092272 (0.087043)  NNZ: 11 (14)  Ttime: 1.3888 Vtime: 0.0522
Step: 38500000  Loss: 0.074325 Regul: 0.023627 Obj: 0.097952 (0.087043)  NNZ: 17 (14)  Ttime: 1.3906 Vtime: 0.0514
Step: 38600000  Loss: 0.073884 Regul: 0.023450 Obj: 0.097334 (0.087043)  NNZ: 17 (14)  Ttime: 1.3915 Vtime: 0.0517
Step: 38700000  Loss: 0.073733 Regul: 0.022388 Obj: 0.096120 (0.087043)  NNZ: 16 (14)  Ttime: 1.3909 Vtime: 0.0514
Step: 38800000  Loss: 0.072151 Regul: 0.023004 Obj: 0.095155 (0.087043)  NNZ: 17 (14)  Ttime: 1.3885 Vtime: 0.0513
Step: 38900000  Loss: 0.072761 Regul: 0.022766 Obj: 0.095528 (0.087043)  NNZ: 16 (14)  Ttime: 1.3923 Vtime: 0.0516
Step: 39000000  Loss: 0.073387 Regul: 0.021771 Obj: 0.095159 (0.087043)  NNZ: 18 (14)  Ttime: 1.3895 Vtime: 0.0517
Step: 39100000  Loss: 0.074896 Regul: 0.023999 Obj: 0.098896 (0.087043)  NNZ: 14 (14)  Ttime: 1.3906 Vtime: 0.0514
Step: 39200000  Loss: 0.071994 Regul: 0.022247 Obj: 0.094241 (0.087043)  NNZ: 14 (14)  Ttime: 1.3888 Vtime: 0.0510
Step: 39300000  Loss: 0.071664 Regul: 0.019495 Obj: 0.091159 (0.087043)  NNZ: 14 (14)  Ttime: 1.3895 Vtime: 0.0522
Step: 39400000  Loss: 0.072526 Regul: 0.015558 Obj: 0.088083 (0.087043)  NNZ: 14 (14)  Ttime: 1.3897 Vtime: 0.0512
Step: 39500000  Loss: 0.076494 Regul: 0.021893 Obj: 0.098387 (0.087043)  NNZ: 16 (14)  Ttime: 1.3892 Vtime: 0.0513
Step: 39600000  Loss: 0.074810 Regul: 0.020648 Obj: 0.095459 (0.087043)  NNZ: 14 (14)  Ttime: 1.3923 Vtime: 0.0510
Step: 39700000  Loss: 0.073438 Regul: 0.018048 Obj: 0.091486 (0.087043)  NNZ: 16 (14)  Ttime: 1.3915 Vtime: 0.0516
Step: 39800000  Loss: 0.071982 Regul: 0.020184 Obj: 0.092166 (0.087043)  NNZ: 17 (14)  Ttime: 1.3909 Vtime: 0.0513
Step: 39900000  Loss: 0.072622 Regul: 0.022772 Obj: 0.095395 (0.087043)  NNZ: 15 (14)  Ttime: 1.3904 Vtime: 0.0517
Step: 40000000  Loss: 0.076075 Regul: 0.022504 Obj: 0.098579 (0.087043)  NNZ: 16 (14)  Ttime: 1.3913 Vtime: 0.0518
Step: 40100000  Loss: 0.075550 Regul: 0.025360 Obj: 0.100910 (0.087043)  NNZ: 17 (14)  Ttime: 1.3888 Vtime: 0.0510
Step: 40200000  Loss: 0.078196 Regul: 0.018079 Obj: 0.096275 (0.087043)  NNZ: 14 (14)  Ttime: 1.3922 Vtime: 0.0515
Step: 40300000  Loss: 0.071716 Regul: 0.017346 Obj: 0.089062 (0.087043)  NNZ: 12 (14)  Ttime: 1.3879 Vtime: 0.0522
Step: 40400000  Loss: 0.075014 Regul: 0.025305 Obj: 0.100320 (0.087043)  NNZ: 19 (14)  Ttime: 1.3887 Vtime: 0.0513
Step: 40500000  Loss: 0.074075 Regul: 0.015204 Obj: 0.089279 (0.087043)  NNZ: 12 (14)  Ttime: 1.3884 Vtime: 0.0516
Step: 40600000  Loss: 0.075367 Regul: 0.014380 Obj: 0.089747 (0.087043)  NNZ: 10 (14)  Ttime: 1.3893 Vtime: 0.0509
Step: 40700000  Loss: 0.073995 Regul: 0.020459 Obj: 0.094454 (0.087043)  NNZ: 19 (14)  Ttime: 1.3888 Vtime: 0.0512
Step: 40800000  Loss: 0.080242 Regul: 0.031921 Obj: 0.112163 (0.087043)  NNZ: 17 (14)  Ttime: 1.3862 Vtime: 0.0515
Step: 40900000  Loss: 0.074803 Regul: 0.022949 Obj: 0.097753 (0.087043)  NNZ: 14 (14)  Ttime: 1.3910 Vtime: 0.0508
Step: 41000000  Loss: 0.073379 Regul: 0.023395 Obj: 0.096774 (0.087043)  NNZ: 13 (14)  Ttime: 1.3893 Vtime: 0.0518
Step: 41100000  Loss: 0.071929 Regul: 0.018933 Obj: 0.090862 (0.087043)  NNZ: 14 (14)  Ttime: 1.3913 Vtime: 0.0519
Step: 41200000  Loss: 0.089560 Regul: 0.033179 Obj: 0.122738 (0.087043)  NNZ: 17 (14)  Ttime: 1.3891 Vtime: 0.0518
Step: 41300000  Loss: 0.073696 Regul: 0.020612 Obj: 0.094308 (0.087043)  NNZ: 14 (14)  Ttime: 1.3900 Vtime: 0.0515
Step: 41400000  Loss: 0.080346 Regul: 0.019385 Obj: 0.099731 (0.087043)  NNZ: 12 (14)  Ttime: 1.3861 Vtime: 0.0515
Step: 41500000  Loss: 0.074019 Regul: 0.015717 Obj: 0.089736 (0.087043)  NNZ: 16 (14)  Ttime: 1.3924 Vtime: 0.0518
Step: 41600000  Loss: 0.076154 Regul: 0.028510 Obj: 0.104663 (0.087043)  NNZ: 20 (14)  Ttime: 1.3899 Vtime: 0.0519
Step: 41700000  Loss: 0.075003 Regul: 0.023804 Obj: 0.098807 (0.087043)  NNZ: 15 (14)  Ttime: 1.3907 Vtime: 0.0510
Step: 41800000  Loss: 0.078746 Regul: 0.022784 Obj: 0.101530 (0.087043)  NNZ: 15 (14)  Ttime: 1.3879 Vtime: 0.0510
Step: 41900000  Loss: 0.075493 Regul: 0.017975 Obj: 0.093468 (0.087043)  NNZ: 12 (14)  Ttime: 1.3934 Vtime: 0.0512
Step: 42000000  Loss: 0.072485 Regul: 0.017072 Obj: 0.089557 (0.087043)  NNZ: 13 (14)  Ttime: 1.3882 Vtime: 0.0518
Step: 42100000  Loss: 0.077999 Regul: 0.018237 Obj: 0.096236 (0.087043)  NNZ: 15 (14)  Ttime: 1.3887 Vtime: 0.0516
Step: 42200000  Loss: 0.080631 Regul: 0.019696 Obj: 0.100327 (0.087043)  NNZ: 13 (14)  Ttime: 1.3942 Vtime: 0.0517
Step: 42300000  Loss: 0.074187 Regul: 0.024927 Obj: 0.099114 (0.087043)  NNZ: 14 (14)  Ttime: 1.3898 Vtime: 0.0520
Step: 42400000  Loss: 0.073228 Regul: 0.020050 Obj: 0.093278 (0.087043)  NNZ: 15 (14)  Ttime: 1.3907 Vtime: 0.0515
Step: 42500000  Loss: 0.072464 Regul: 0.016113 Obj: 0.088578 (0.087043)  NNZ: 10 (14)  Ttime: 1.3891 Vtime: 0.0514
Step: 42600000  Loss: 0.072577 Regul: 0.019977 Obj: 0.092554 (0.087043)  NNZ: 13 (14)  Ttime: 1.3914 Vtime: 0.0516
Step: 42700000  Loss: 0.080532 Regul: 0.021906 Obj: 0.102438 (0.087043)  NNZ: 11 (14)  Ttime: 1.3909 Vtime: 0.0516
Step: 42800000  Loss: 0.092369 Regul: 0.023932 Obj: 0.116301 (0.087043)  NNZ: 16 (14)  Ttime: 1.3911 Vtime: 0.0513
Step: 42900000  Loss: 0.076912 Regul: 0.025262 Obj: 0.102174 (0.087043)  NNZ: 17 (14)  Ttime: 1.3904 Vtime: 0.0511
Step: 43000000  Loss: 0.072722 Regul: 0.020410 Obj: 0.093133 (0.087043)  NNZ: 19 (14)  Ttime: 1.3909 Vtime: 0.0511
Step: 43100000  Loss: 0.072041 Regul: 0.018549 Obj: 0.090590 (0.087043)  NNZ: 14 (14)  Ttime: 1.3879 Vtime: 0.0506
Step: 43200000  Loss: 0.074344 Regul: 0.021808 Obj: 0.096152 (0.087043)  NNZ: 17 (14)  Ttime: 1.3913 Vtime: 0.0527
Step: 43300000  Loss: 0.075186 Regul: 0.026282 Obj: 0.101467 (0.087043)  NNZ: 16 (14)  Ttime: 1.3879 Vtime: 0.0517
Step: 43400000  Loss: 0.082881 Regul: 0.027557 Obj: 0.110439 (0.087043)  NNZ: 19 (14)  Ttime: 1.3882 Vtime: 0.0516
Step: 43500000  Loss: 0.074688 Regul: 0.025232 Obj: 0.099920 (0.087043)  NNZ: 19 (14)  Ttime: 1.3902 Vtime: 0.0513
Step: 43600000  Loss: 0.074896 Regul: 0.026495 Obj: 0.101391 (0.087043)  NNZ: 17 (14)  Ttime: 1.3904 Vtime: 0.0510
Step: 43700000  Loss: 0.074922 Regul: 0.022021 Obj: 0.096944 (0.087043)  NNZ: 17 (14)  Ttime: 1.3927 Vtime: 0.0516
Step: 43800000  Loss: 0.075787 Regul: 0.020526 Obj: 0.096313 (0.087043)  NNZ: 16 (14)  Ttime: 1.3912 Vtime: 0.0513
Step: 43900000  Loss: 0.076857 Regul: 0.027728 Obj: 0.104585 (0.087043)  NNZ: 20 (14)  Ttime: 1.3904 Vtime: 0.0515
Step: 44000000  Loss: 0.074562 Regul: 0.020697 Obj: 0.095259 (0.087043)  NNZ: 17 (14)  Ttime: 1.3895 Vtime: 0.0517
Step: 44100000  Loss: 0.077291 Regul: 0.023315 Obj: 0.100606 (0.087043)  NNZ: 17 (14)  Ttime: 1.3943 Vtime: 0.0513
Step: 44200000  Loss: 0.073854 Regul: 0.017371 Obj: 0.091224 (0.087043)  NNZ: 12 (14)  Ttime: 1.3923 Vtime: 0.0520
Step: 44300000  Loss: 0.079493 Regul: 0.022601 Obj: 0.102094 (0.087043)  NNZ: 16 (14)  Ttime: 1.3923 Vtime: 0.0514
Step: 44400000  Loss: 0.076553 Regul: 0.022192 Obj: 0.098745 (0.087043)  NNZ: 15 (14)  Ttime: 1.3934 Vtime: 0.0510
Step: 44500000  Loss: 0.074180 Regul: 0.021246 Obj: 0.095427 (0.087043)  NNZ: 16 (14)  Ttime: 1.3906 Vtime: 0.0521
Step: 44600000  Loss: 0.073545 Regul: 0.021686 Obj: 0.095231 (0.087043)  NNZ: 14 (14)  Ttime: 1.3936 Vtime: 0.0512
Step: 44700000  Loss: 0.072364 Regul: 0.022095 Obj: 0.094459 (0.087043)  NNZ: 16 (14)  Ttime: 1.3965 Vtime: 0.0523
Step: 44800000  Loss: 0.075881 Regul: 0.023596 Obj: 0.099478 (0.087043)  NNZ: 16 (14)  Ttime: 1.3903 Vtime: 0.0514
Step: 44900000  Loss: 0.083972 Regul: 0.032770 Obj: 0.116741 (0.087043)  NNZ: 21 (14)  Ttime: 1.3867 Vtime: 0.0509
Step: 45000000  Loss: 0.075748 Regul: 0.025171 Obj: 0.100919 (0.087043)  NNZ: 17 (14)  Ttime: 1.3946 Vtime: 0.0515
Step: 45100000  Loss: 0.072231 Regul: 0.017767 Obj: 0.089998 (0.087043)  NNZ: 15 (14)  Ttime: 1.3926 Vtime: 0.0518
Step: 45200000  Loss: 0.074566 Regul: 0.020911 Obj: 0.095477 (0.087043)  NNZ: 16 (14)  Ttime: 1.3985 Vtime: 0.0519
Step: 45300000  Loss: 0.074619 Regul: 0.019092 Obj: 0.093711 (0.087043)  NNZ: 18 (14)  Ttime: 1.3929 Vtime: 0.0518
Step: 45400000  Loss: 0.073768 Regul: 0.026282 Obj: 0.100049 (0.087043)  NNZ: 18 (14)  Ttime: 1.3894 Vtime: 0.0516
Step: 45500000  Loss: 0.072798 Regul: 0.018665 Obj: 0.091463 (0.087043)  NNZ: 16 (14)  Ttime: 1.3898 Vtime: 0.0514
Step: 45600000  Loss: 0.071136 Regul: 0.021796 Obj: 0.092932 (0.087043)  NNZ: 18 (14)  Ttime: 1.3945 Vtime: 0.0514
Step: 45700000  Loss: 0.072120 Regul: 0.021838 Obj: 0.093958 (0.087043)  NNZ: 17 (14)  Ttime: 1.3952 Vtime: 0.0514
Step: 45800000  Loss: 0.073988 Regul: 0.024762 Obj: 0.098750 (0.087043)  NNZ: 16 (14)  Ttime: 1.3904 Vtime: 0.0514
Step: 45900000  Loss: 0.071556 Regul: 0.019208 Obj: 0.090764 (0.087043)  NNZ: 18 (14)  Ttime: 1.3959 Vtime: 0.0521
Step: 46000000  Loss: 0.073254 Regul: 0.020074 Obj: 0.093329 (0.087043)  NNZ: 19 (14)  Ttime: 1.3897 Vtime: 0.0518
Step: 46100000  Loss: 0.080240 Regul: 0.025403 Obj: 0.105643 (0.087043)  NNZ: 19 (14)  Ttime: 1.3900 Vtime: 0.0513
Step: 46200000  Loss: 0.075229 Regul: 0.019104 Obj: 0.094333 (0.087043)  NNZ: 15 (14)  Ttime: 1.3907 Vtime: 0.0517
Step: 46300000  Loss: 0.074565 Regul: 0.026080 Obj: 0.100646 (0.087043)  NNZ: 20 (14)  Ttime: 1.3888 Vtime: 0.0513
Step: 46400000  Loss: 0.071313 Regul: 0.018640 Obj: 0.089953 (0.087043)  NNZ: 16 (14)  Ttime: 1.3908 Vtime: 0.0513
Step: 46500000  Loss: 0.076482 Regul: 0.020215 Obj: 0.096697 (0.087043)  NNZ: 17 (14)  Ttime: 1.3947 Vtime: 0.0514
Step: 46600000  Loss: 0.071184 Regul: 0.018634 Obj: 0.089818 (0.087043)  NNZ: 14 (14)  Ttime: 1.3920 Vtime: 0.0516
Step: 46700000  Loss: 0.081569 Regul: 0.022357 Obj: 0.103926 (0.087043)  NNZ: 16 (14)  Ttime: 1.3915 Vtime: 0.0521
Step: 46800000  Loss: 0.078935 Regul: 0.026770 Obj: 0.105705 (0.087043)  NNZ: 17 (14)  Ttime: 1.3921 Vtime: 0.0513
Step: 46900000  Loss: 0.072174 Regul: 0.018994 Obj: 0.091168 (0.087043)  NNZ: 14 (14)  Ttime: 1.3870 Vtime: 0.0516
Step: 47000000  Loss: 0.075366 Regul: 0.022003 Obj: 0.097369 (0.087043)  NNZ: 16 (14)  Ttime: 1.3891 Vtime: 0.0511
Step: 47100000  Loss: 0.074297 Regul: 0.024066 Obj: 0.098363 (0.087043)  NNZ: 15 (14)  Ttime: 1.3900 Vtime: 0.0517
Step: 47200000  Loss: 0.074488 Regul: 0.025391 Obj: 0.099878 (0.087043)  NNZ: 16 (14)  Ttime: 1.3910 Vtime: 0.0518
Step: 47300000  Loss: 0.073514 Regul: 0.018372 Obj: 0.091886 (0.087043)  NNZ: 17 (14)  Ttime: 1.3934 Vtime: 0.0521
Step: 47400000  Loss: 0.073410 Regul: 0.023962 Obj: 0.097372 (0.087043)  NNZ: 20 (14)  Ttime: 1.3887 Vtime: 0.0518
Step: 47500000  Loss: 0.071925 Regul: 0.019122 Obj: 0.091047 (0.087043)  NNZ: 18 (14)  Ttime: 1.3900 Vtime: 0.0521
Step: 47600000  Loss: 0.075570 Regul: 0.019507 Obj: 0.095077 (0.087043)  NNZ: 19 (14)  Ttime: 1.3882 Vtime: 0.0516
Step: 47700000  Loss: 0.078905 Regul: 0.025842 Obj: 0.104747 (0.087043)  NNZ: 21 (14)  Ttime: 1.3891 Vtime: 0.0515
Step: 47800000  Loss: 0.074936 Regul: 0.016815 Obj: 0.091751 (0.087043)  NNZ: 13 (14)  Ttime: 1.3889 Vtime: 0.0512
Step: 47900000  Loss: 0.074475 Regul: 0.025049 Obj: 0.099524 (0.087043)  NNZ: 19 (14)  Ttime: 1.3883 Vtime: 0.0514
Step: 48000000  Loss: 0.072107 Regul: 0.020862 Obj: 0.092969 (0.087043)  NNZ: 14 (14)  Ttime: 1.3903 Vtime: 0.0513
Step: 48100000  Loss: 0.075213 Regul: 0.025323 Obj: 0.100536 (0.087043)  NNZ: 18 (14)  Ttime: 1.3902 Vtime: 0.0519
Step: 48200000  Loss: 0.080997 Regul: 0.032660 Obj: 0.113656 (0.087043)  NNZ: 18 (14)  Ttime: 1.3890 Vtime: 0.0507
Step: 48300000  Loss: 0.079508 Regul: 0.025806 Obj: 0.105314 (0.087043)  NNZ: 19 (14)  Ttime: 1.3884 Vtime: 0.0511
Step: 48400000  Loss: 0.073258 Regul: 0.020142 Obj: 0.093400 (0.087043)  NNZ: 19 (14)  Ttime: 1.3967 Vtime: 0.0508
Step: 48500000  Loss: 0.077034 Regul: 0.027258 Obj: 0.104292 (0.087043)  NNZ: 19 (14)  Ttime: 1.3902 Vtime: 0.0514
Step: 48600000  Loss: 0.074625 Regul: 0.020660 Obj: 0.095286 (0.087043)  NNZ: 14 (14)  Ttime: 1.3923 Vtime: 0.0510
Step: 48700000  Loss: 0.076927 Regul: 0.028394 Obj: 0.105320 (0.087043)  NNZ: 18 (14)  Ttime: 1.3887 Vtime: 0.0522
Step: 48800000  Loss: 0.075807 Regul: 0.025018 Obj: 0.100826 (0.087043)  NNZ: 16 (14)  Ttime: 1.3931 Vtime: 0.0516
Step: 48900000  Loss: 0.076401 Regul: 0.025470 Obj: 0.101871 (0.087043)  NNZ: 16 (14)  Ttime: 1.3917 Vtime: 0.0519
Step: 49000000  Loss: 0.082183 Regul: 0.021313 Obj: 0.103496 (0.087043)  NNZ: 15 (14)  Ttime: 1.3947 Vtime: 0.0514
Step: 49100000  Loss: 0.078068 Regul: 0.026935 Obj: 0.105003 (0.087043)  NNZ: 21 (14)  Ttime: 1.3964 Vtime: 0.0514
Step: 49200000  Loss: 0.072983 Regul: 0.020465 Obj: 0.093448 (0.087043)  NNZ: 18 (14)  Ttime: 1.3907 Vtime: 0.0512
Step: 49300000  Loss: 0.081865 Regul: 0.016101 Obj: 0.097966 (0.087043)  NNZ: 10 (14)  Ttime: 1.3917 Vtime: 0.0513
Step: 49400000  Loss: 0.080664 Regul: 0.026855 Obj: 0.107519 (0.087043)  NNZ: 16 (14)  Ttime: 1.3940 Vtime: 0.0516
Step: 49500000  Loss: 0.073979 Regul: 0.021344 Obj: 0.095323 (0.087043)  NNZ: 18 (14)  Ttime: 1.3910 Vtime: 0.0518
Step: 49600000  Loss: 0.074339 Regul: 0.024249 Obj: 0.098588 (0.087043)  NNZ: 18 (14)  Ttime: 1.3938 Vtime: 0.0523
Step: 49700000  Loss: 0.071438 Regul: 0.017944 Obj: 0.089382 (0.087043)  NNZ: 15 (14)  Ttime: 1.3916 Vtime: 0.0517
Step: 49800000  Loss: 0.081776 Regul: 0.028101 Obj: 0.109876 (0.087043)  NNZ: 21 (14)  Ttime: 1.3889 Vtime: 0.0523
Step: 49900000  Loss: 0.071768 Regul: 0.022546 Obj: 0.094315 (0.087043)  NNZ: 16 (14)  Ttime: 1.3900 Vtime: 0.0510
Step: 50000000  Loss: 0.071438 Regul: 0.021033 Obj: 0.092471 (0.087043)  NNZ: 20 (14)  Ttime: 1.3944 Vtime: 0.0515
