mu: 0.003 gamma: 0.005 nIters: 50000000
Load PRParams.
Load RingParams.
Load Labels: 500000
Load Distances: 500000 x 5120
0...10...20...30...40...50...60...70...80...90...100 - done.
Positive samples #250000
Negative samples #250000
Positive train #200000
Negative train #200000
Positive valid #50000
Negative valid #50000

Found GPU: GeForce GTX 970
Compute Capability: 5.2

Best: 100000  Loss: 6.293518 Regul: 0.134429 Obj: 6.427947 (6.427947)  NNZ: 11 (11)  Ttime: 1.3996 Vtime: 0.2113
Stat: nPR #80 (#88) Dim/MaxDim [640/640] AUC: 0.936712 FPR95: 37.97 [saved]
Best: 200000  Loss: 3.923422 Regul: 0.171206 Obj: 4.094628 (4.094628)  NNZ: 16 (16)  Ttime: 1.3881 Vtime: 0.0506
Stat: nPR #120 (#128) Dim/MaxDim [960/640] AUC: 0.968220 FPR95: 18.12
Best: 300000  Loss: 3.585974 Regul: 0.148879 Obj: 3.734853 (3.734853)  NNZ: 16 (16)  Ttime: 1.3850 Vtime: 0.0511
Stat: nPR #108 (#128) Dim/MaxDim [864/640] AUC: 0.969908 FPR95: 16.93
Step: 400000  Loss: 4.638161 Regul: 0.176770 Obj: 4.814930 (3.734853)  NNZ: 15 (16)  Ttime: 1.3892 Vtime: 0.0517
Best: 500000  Loss: 0.438245 Regul: 0.013366 Obj: 0.451611 (0.451611)  NNZ: 4 (4)  Ttime: 1.3911 Vtime: 0.0515
Stat: nPR #28 (#32) Dim/MaxDim [224/640] AUC: 0.966584 FPR95: 18.84 [saved]
Step: 600000  Loss: 1.081329 Regul: 0.039502 Obj: 1.120831 (0.451611)  NNZ: 9 (4)  Ttime: 1.3921 Vtime: 0.0508
Step: 700000  Loss: 2.929976 Regul: 0.028878 Obj: 2.958855 (0.451611)  NNZ: 5 (4)  Ttime: 1.3904 Vtime: 0.0518
Step: 800000  Loss: 2.444704 Regul: 0.089866 Obj: 2.534570 (0.451611)  NNZ: 13 (4)  Ttime: 1.3963 Vtime: 0.0518
Step: 900000  Loss: 1.866707 Regul: 0.054469 Obj: 1.921176 (0.451611)  NNZ: 9 (4)  Ttime: 1.3916 Vtime: 0.0515
Step: 1000000  Loss: 1.192604 Regul: 0.052406 Obj: 1.245010 (0.451611)  NNZ: 11 (4)  Ttime: 1.3933 Vtime: 0.0514
Step: 1100000  Loss: 1.174429 Regul: 0.028278 Obj: 1.202707 (0.451611)  NNZ: 6 (4)  Ttime: 1.3938 Vtime: 0.0514
Step: 1200000  Loss: 1.683955 Regul: 0.029709 Obj: 1.713664 (0.451611)  NNZ: 4 (4)  Ttime: 1.3900 Vtime: 0.0513
Step: 1300000  Loss: 0.733942 Regul: 0.019422 Obj: 0.753363 (0.451611)  NNZ: 8 (4)  Ttime: 1.3933 Vtime: 0.0512
Step: 1400000  Loss: 1.377120 Regul: 0.042428 Obj: 1.419549 (0.451611)  NNZ: 7 (4)  Ttime: 1.3948 Vtime: 0.0519
Best: 1500000  Loss: 0.324200 Regul: 0.009998 Obj: 0.334197 (0.334197)  NNZ: 4 (4)  Ttime: 1.3894 Vtime: 0.0516
Stat: nPR #28 (#32) Dim/MaxDim [224/640] AUC: 0.966160 FPR95: 19.39 [saved]
Step: 1600000  Loss: 1.397173 Regul: 0.042959 Obj: 1.440132 (0.334197)  NNZ: 11 (4)  Ttime: 1.3929 Vtime: 0.0510
Step: 1700000  Loss: 1.608054 Regul: 0.061360 Obj: 1.669415 (0.334197)  NNZ: 13 (4)  Ttime: 1.3940 Vtime: 0.0511
Best: 1800000  Loss: 0.184083 Regul: 0.004543 Obj: 0.188625 (0.188625)  NNZ: 3 (3)  Ttime: 1.3909 Vtime: 0.0516
Stat: nPR #24 (#24) Dim/MaxDim [192/640] AUC: 0.965301 FPR95: 20.35 [saved]
Step: 1900000  Loss: 0.488482 Regul: 0.009717 Obj: 0.498199 (0.188625)  NNZ: 7 (3)  Ttime: 1.3909 Vtime: 0.0513
Step: 2000000  Loss: 0.578798 Regul: 0.019901 Obj: 0.598699 (0.188625)  NNZ: 8 (3)  Ttime: 1.3922 Vtime: 0.0517
Step: 2100000  Loss: 0.932194 Regul: 0.030220 Obj: 0.962413 (0.188625)  NNZ: 7 (3)  Ttime: 1.3964 Vtime: 0.0509
Step: 2200000  Loss: 0.384717 Regul: 0.011308 Obj: 0.396026 (0.188625)  NNZ: 4 (3)  Ttime: 1.3911 Vtime: 0.0516
Step: 2300000  Loss: 0.913825 Regul: 0.041172 Obj: 0.954997 (0.188625)  NNZ: 9 (3)  Ttime: 1.3935 Vtime: 0.0521
Step: 2400000  Loss: 0.216024 Regul: 0.005917 Obj: 0.221941 (0.188625)  NNZ: 4 (3)  Ttime: 1.3965 Vtime: 0.0513
Step: 2500000  Loss: 0.822636 Regul: 0.025667 Obj: 0.848303 (0.188625)  NNZ: 7 (3)  Ttime: 1.3914 Vtime: 0.0521
Step: 2600000  Loss: 0.405969 Regul: 0.013974 Obj: 0.419943 (0.188625)  NNZ: 7 (3)  Ttime: 1.3922 Vtime: 0.0514
Step: 2700000  Loss: 0.538942 Regul: 0.018411 Obj: 0.557353 (0.188625)  NNZ: 9 (3)  Ttime: 1.3954 Vtime: 0.0519
Step: 2800000  Loss: 0.302439 Regul: 0.009685 Obj: 0.312123 (0.188625)  NNZ: 8 (3)  Ttime: 1.3896 Vtime: 0.0509
Step: 2900000  Loss: 0.554172 Regul: 0.019689 Obj: 0.573861 (0.188625)  NNZ: 7 (3)  Ttime: 1.3952 Vtime: 0.0506
Step: 3000000  Loss: 2.152905 Regul: 0.038253 Obj: 2.191158 (0.188625)  NNZ: 11 (3)  Ttime: 1.3932 Vtime: 0.0510
Step: 3100000  Loss: 0.594769 Regul: 0.022280 Obj: 0.617049 (0.188625)  NNZ: 10 (3)  Ttime: 1.3917 Vtime: 0.0520
Step: 3200000  Loss: 0.481904 Regul: 0.013156 Obj: 0.495060 (0.188625)  NNZ: 8 (3)  Ttime: 1.3917 Vtime: 0.0510
Step: 3300000  Loss: 0.770822 Regul: 0.023316 Obj: 0.794138 (0.188625)  NNZ: 7 (3)  Ttime: 1.3923 Vtime: 0.0524
Step: 3400000  Loss: 0.247728 Regul: 0.009411 Obj: 0.257139 (0.188625)  NNZ: 11 (3)  Ttime: 1.3940 Vtime: 0.0506
Step: 3500000  Loss: 1.002639 Regul: 0.021350 Obj: 1.023989 (0.188625)  NNZ: 6 (3)  Ttime: 1.4029 Vtime: 0.0513
Step: 3600000  Loss: 0.641590 Regul: 0.015901 Obj: 0.657492 (0.188625)  NNZ: 6 (3)  Ttime: 1.3921 Vtime: 0.0515
Step: 3700000  Loss: 0.834188 Regul: 0.027149 Obj: 0.861337 (0.188625)  NNZ: 7 (3)  Ttime: 1.3936 Vtime: 0.0505
Step: 3800000  Loss: 0.719244 Regul: 0.028460 Obj: 0.747704 (0.188625)  NNZ: 9 (3)  Ttime: 1.3925 Vtime: 0.0510
Step: 3900000  Loss: 0.205041 Regul: 0.004772 Obj: 0.209812 (0.188625)  NNZ: 4 (3)  Ttime: 1.3918 Vtime: 0.0514
Step: 4000000  Loss: 1.761790 Regul: 0.015037 Obj: 1.776827 (0.188625)  NNZ: 7 (3)  Ttime: 1.3923 Vtime: 0.0519
Step: 4100000  Loss: 0.382696 Regul: 0.010687 Obj: 0.393383 (0.188625)  NNZ: 6 (3)  Ttime: 1.3922 Vtime: 0.0527
Step: 4200000  Loss: 0.878292 Regul: 0.032858 Obj: 0.911149 (0.188625)  NNZ: 10 (3)  Ttime: 1.3929 Vtime: 0.0516
Step: 4300000  Loss: 0.944725 Regul: 0.030526 Obj: 0.975251 (0.188625)  NNZ: 11 (3)  Ttime: 1.3930 Vtime: 0.0513
Step: 4400000  Loss: 0.683344 Regul: 0.027108 Obj: 0.710452 (0.188625)  NNZ: 10 (3)  Ttime: 1.3917 Vtime: 0.0515
Step: 4500000  Loss: 0.427472 Regul: 0.014349 Obj: 0.441821 (0.188625)  NNZ: 5 (3)  Ttime: 1.4012 Vtime: 0.0516
Best: 4600000  Loss: 0.137053 Regul: 0.002767 Obj: 0.139820 (0.139820)  NNZ: 3 (3)  Ttime: 1.3895 Vtime: 0.0509
Stat: nPR #24 (#24) Dim/MaxDim [192/640] AUC: 0.963791 FPR95: 21.34 [saved]
Step: 4700000  Loss: 0.904550 Regul: 0.036988 Obj: 0.941537 (0.139820)  NNZ: 16 (3)  Ttime: 1.3933 Vtime: 0.0514
Step: 4800000  Loss: 0.297881 Regul: 0.006202 Obj: 0.304083 (0.139820)  NNZ: 3 (3)  Ttime: 1.3920 Vtime: 0.0516
Step: 4900000  Loss: 0.848712 Regul: 0.028971 Obj: 0.877683 (0.139820)  NNZ: 11 (3)  Ttime: 1.3950 Vtime: 0.0514
Step: 5000000  Loss: 0.581220 Regul: 0.018691 Obj: 0.599911 (0.139820)  NNZ: 8 (3)  Ttime: 1.3976 Vtime: 0.0519
Step: 5100000  Loss: 1.141298 Regul: 0.036005 Obj: 1.177303 (0.139820)  NNZ: 13 (3)  Ttime: 1.3937 Vtime: 0.0511
Step: 5200000  Loss: 0.468478 Regul: 0.014721 Obj: 0.483199 (0.139820)  NNZ: 7 (3)  Ttime: 1.3955 Vtime: 0.0521
Step: 5300000  Loss: 0.193468 Regul: 0.005488 Obj: 0.198956 (0.139820)  NNZ: 3 (3)  Ttime: 1.3937 Vtime: 0.0510
Step: 5400000  Loss: 0.759000 Regul: 0.027664 Obj: 0.786663 (0.139820)  NNZ: 14 (3)  Ttime: 1.3914 Vtime: 0.0581
Step: 5500000  Loss: 0.512211 Regul: 0.016191 Obj: 0.528401 (0.139820)  NNZ: 8 (3)  Ttime: 1.3886 Vtime: 0.0518
Step: 5600000  Loss: 1.508417 Regul: 0.025101 Obj: 1.533518 (0.139820)  NNZ: 11 (3)  Ttime: 1.3924 Vtime: 0.0515
Step: 5700000  Loss: 0.444687 Regul: 0.015889 Obj: 0.460576 (0.139820)  NNZ: 7 (3)  Ttime: 1.3970 Vtime: 0.0515
Step: 5800000  Loss: 0.571362 Regul: 0.016974 Obj: 0.588335 (0.139820)  NNZ: 8 (3)  Ttime: 1.3959 Vtime: 0.0519
Step: 5900000  Loss: 0.716991 Regul: 0.024180 Obj: 0.741171 (0.139820)  NNZ: 11 (3)  Ttime: 1.3928 Vtime: 0.0514
Step: 6000000  Loss: 0.366328 Regul: 0.012229 Obj: 0.378557 (0.139820)  NNZ: 7 (3)  Ttime: 1.3911 Vtime: 0.0510
Step: 6100000  Loss: 0.325406 Regul: 0.007535 Obj: 0.332941 (0.139820)  NNZ: 5 (3)  Ttime: 1.3916 Vtime: 0.0511
Step: 6200000  Loss: 0.249399 Regul: 0.006328 Obj: 0.255727 (0.139820)  NNZ: 6 (3)  Ttime: 1.3999 Vtime: 0.0511
Step: 6300000  Loss: 0.362693 Regul: 0.012336 Obj: 0.375029 (0.139820)  NNZ: 8 (3)  Ttime: 1.3898 Vtime: 0.0516
Step: 6400000  Loss: 0.148933 Regul: 0.002045 Obj: 0.150978 (0.139820)  NNZ: 3 (3)  Ttime: 1.3946 Vtime: 0.0516
Step: 6500000  Loss: 0.823219 Regul: 0.031967 Obj: 0.855186 (0.139820)  NNZ: 12 (3)  Ttime: 1.3932 Vtime: 0.0513
Step: 6600000  Loss: 0.775127 Regul: 0.029440 Obj: 0.804567 (0.139820)  NNZ: 10 (3)  Ttime: 1.3946 Vtime: 0.0512
Step: 6700000  Loss: 0.878689 Regul: 0.015734 Obj: 0.894423 (0.139820)  NNZ: 5 (3)  Ttime: 1.3905 Vtime: 0.0512
Step: 6800000  Loss: 0.702343 Regul: 0.020546 Obj: 0.722890 (0.139820)  NNZ: 8 (3)  Ttime: 1.3932 Vtime: 0.0512
Step: 6900000  Loss: 0.266026 Regul: 0.007973 Obj: 0.273999 (0.139820)  NNZ: 7 (3)  Ttime: 1.3919 Vtime: 0.0518
Step: 7000000  Loss: 0.401136 Regul: 0.012413 Obj: 0.413549 (0.139820)  NNZ: 9 (3)  Ttime: 1.3930 Vtime: 0.0519
Step: 7100000  Loss: 0.380711 Regul: 0.012114 Obj: 0.392825 (0.139820)  NNZ: 7 (3)  Ttime: 1.3915 Vtime: 0.0528
Step: 7200000  Loss: 0.933082 Regul: 0.012246 Obj: 0.945328 (0.139820)  NNZ: 7 (3)  Ttime: 1.3955 Vtime: 0.0518
Step: 7300000  Loss: 0.664277 Regul: 0.022650 Obj: 0.686927 (0.139820)  NNZ: 9 (3)  Ttime: 1.3890 Vtime: 0.0513
Step: 7400000  Loss: 0.736727 Regul: 0.021425 Obj: 0.758152 (0.139820)  NNZ: 8 (3)  Ttime: 1.3881 Vtime: 0.0514
Step: 7500000  Loss: 0.657063 Regul: 0.015679 Obj: 0.672742 (0.139820)  NNZ: 7 (3)  Ttime: 1.3897 Vtime: 0.0513
Step: 7600000  Loss: 0.428012 Regul: 0.012371 Obj: 0.440384 (0.139820)  NNZ: 5 (3)  Ttime: 1.3903 Vtime: 0.0518
Step: 7700000  Loss: 0.362926 Regul: 0.013271 Obj: 0.376197 (0.139820)  NNZ: 9 (3)  Ttime: 1.3820 Vtime: 0.0514
Step: 7800000  Loss: 0.457985 Regul: 0.015857 Obj: 0.473842 (0.139820)  NNZ: 8 (3)  Ttime: 1.3925 Vtime: 0.0518
Step: 7900000  Loss: 0.755525 Regul: 0.031592 Obj: 0.787117 (0.139820)  NNZ: 11 (3)  Ttime: 1.3890 Vtime: 0.0521
Step: 8000000  Loss: 0.738692 Regul: 0.024634 Obj: 0.763326 (0.139820)  NNZ: 11 (3)  Ttime: 1.3917 Vtime: 0.0516
Step: 8100000  Loss: 0.590013 Regul: 0.020173 Obj: 0.610186 (0.139820)  NNZ: 9 (3)  Ttime: 1.3931 Vtime: 0.0519
Step: 8200000  Loss: 0.432660 Regul: 0.011156 Obj: 0.443816 (0.139820)  NNZ: 6 (3)  Ttime: 1.3900 Vtime: 0.0512
Step: 8300000  Loss: 1.278176 Regul: 0.017676 Obj: 1.295851 (0.139820)  NNZ: 10 (3)  Ttime: 1.3892 Vtime: 0.0513
Step: 8400000  Loss: 0.564080 Regul: 0.016240 Obj: 0.580320 (0.139820)  NNZ: 9 (3)  Ttime: 1.3915 Vtime: 0.0517
Step: 8500000  Loss: 0.614646 Regul: 0.024268 Obj: 0.638914 (0.139820)  NNZ: 10 (3)  Ttime: 1.3917 Vtime: 0.0510
Step: 8600000  Loss: 0.569397 Regul: 0.021375 Obj: 0.590772 (0.139820)  NNZ: 10 (3)  Ttime: 1.3905 Vtime: 0.0518
Step: 8700000  Loss: 0.263461 Regul: 0.006440 Obj: 0.269901 (0.139820)  NNZ: 3 (3)  Ttime: 1.3903 Vtime: 0.0510
Step: 8800000  Loss: 0.391897 Regul: 0.012444 Obj: 0.404341 (0.139820)  NNZ: 7 (3)  Ttime: 1.3893 Vtime: 0.0516
Step: 8900000  Loss: 0.248029 Regul: 0.007918 Obj: 0.255947 (0.139820)  NNZ: 7 (3)  Ttime: 1.3903 Vtime: 0.0510
Step: 9000000  Loss: 2.214484 Regul: 0.027499 Obj: 2.241983 (0.139820)  NNZ: 13 (3)  Ttime: 1.3887 Vtime: 0.0528
Step: 9100000  Loss: 0.298629 Regul: 0.010434 Obj: 0.309064 (0.139820)  NNZ: 7 (3)  Ttime: 1.3930 Vtime: 0.0510
Step: 9200000  Loss: 0.360819 Regul: 0.011704 Obj: 0.372523 (0.139820)  NNZ: 8 (3)  Ttime: 1.3937 Vtime: 0.0516
Step: 9300000  Loss: 0.404399 Regul: 0.013737 Obj: 0.418136 (0.139820)  NNZ: 8 (3)  Ttime: 1.3918 Vtime: 0.0515
Step: 9400000  Loss: 0.293752 Regul: 0.009144 Obj: 0.302896 (0.139820)  NNZ: 6 (3)  Ttime: 1.3906 Vtime: 0.0515
Step: 9500000  Loss: 0.596642 Regul: 0.020787 Obj: 0.617429 (0.139820)  NNZ: 12 (3)  Ttime: 1.3976 Vtime: 0.0509
Step: 9600000  Loss: 0.347190 Regul: 0.010434 Obj: 0.357625 (0.139820)  NNZ: 5 (3)  Ttime: 1.3943 Vtime: 0.0513
Best: 9700000  Loss: 0.092456 Regul: 0.001139 Obj: 0.093595 (0.093595)  NNZ: 3 (3)  Ttime: 1.3937 Vtime: 0.0541
Stat: nPR #20 (#24) Dim/MaxDim [160/640] AUC: 0.963795 FPR95: 21.39 [saved]
Step: 9800000  Loss: 0.213420 Regul: 0.003780 Obj: 0.217200 (0.093595)  NNZ: 3 (3)  Ttime: 1.3938 Vtime: 0.0517
Step: 9900000  Loss: 0.365007 Regul: 0.005837 Obj: 0.370844 (0.093595)  NNZ: 3 (3)  Ttime: 1.3938 Vtime: 0.0517
Step: 10000000  Loss: 0.426461 Regul: 0.008000 Obj: 0.434461 (0.093595)  NNZ: 5 (3)  Ttime: 1.3948 Vtime: 0.0519
Step: 10100000  Loss: 0.161866 Regul: 0.003434 Obj: 0.165300 (0.093595)  NNZ: 5 (3)  Ttime: 1.4062 Vtime: 0.0510
Step: 10200000  Loss: 0.257308 Regul: 0.007462 Obj: 0.264770 (0.093595)  NNZ: 5 (3)  Ttime: 1.3939 Vtime: 0.0514
Step: 10300000  Loss: 0.450658 Regul: 0.014229 Obj: 0.464887 (0.093595)  NNZ: 7 (3)  Ttime: 1.3897 Vtime: 0.0510
Step: 10400000  Loss: 0.252614 Regul: 0.006866 Obj: 0.259480 (0.093595)  NNZ: 7 (3)  Ttime: 1.4016 Vtime: 0.0510
Step: 10500000  Loss: 0.250923 Regul: 0.007163 Obj: 0.258086 (0.093595)  NNZ: 5 (3)  Ttime: 1.3874 Vtime: 0.0523
Step: 10600000  Loss: 0.442136 Regul: 0.016874 Obj: 0.459010 (0.093595)  NNZ: 10 (3)  Ttime: 1.3915 Vtime: 0.0513
Step: 10700000  Loss: 0.734938 Regul: 0.022472 Obj: 0.757410 (0.093595)  NNZ: 12 (3)  Ttime: 1.3964 Vtime: 0.0517
Step: 10800000  Loss: 0.269195 Regul: 0.007989 Obj: 0.277185 (0.093595)  NNZ: 6 (3)  Ttime: 1.3926 Vtime: 0.0519
Step: 10900000  Loss: 0.369292 Regul: 0.007221 Obj: 0.376512 (0.093595)  NNZ: 6 (3)  Ttime: 1.3933 Vtime: 0.0514
Step: 11000000  Loss: 0.334846 Regul: 0.009806 Obj: 0.344651 (0.093595)  NNZ: 6 (3)  Ttime: 1.3921 Vtime: 0.0519
Step: 11100000  Loss: 0.338874 Regul: 0.006510 Obj: 0.345385 (0.093595)  NNZ: 3 (3)  Ttime: 1.3886 Vtime: 0.0519
Step: 11200000  Loss: 0.266613 Regul: 0.009540 Obj: 0.276152 (0.093595)  NNZ: 9 (3)  Ttime: 1.3975 Vtime: 0.0512
Step: 11300000  Loss: 0.224006 Regul: 0.004692 Obj: 0.228698 (0.093595)  NNZ: 5 (3)  Ttime: 1.3922 Vtime: 0.0512
Step: 11400000  Loss: 0.357626 Regul: 0.012747 Obj: 0.370374 (0.093595)  NNZ: 6 (3)  Ttime: 1.3929 Vtime: 0.0518
Step: 11500000  Loss: 0.427898 Regul: 0.007656 Obj: 0.435554 (0.093595)  NNZ: 7 (3)  Ttime: 1.3973 Vtime: 0.0514
Step: 11600000  Loss: 0.298921 Regul: 0.010007 Obj: 0.308928 (0.093595)  NNZ: 9 (3)  Ttime: 1.3931 Vtime: 0.0514
Step: 11700000  Loss: 0.291930 Regul: 0.008769 Obj: 0.300699 (0.093595)  NNZ: 8 (3)  Ttime: 1.3927 Vtime: 0.0514
Step: 11800000  Loss: 0.376685 Regul: 0.014364 Obj: 0.391049 (0.093595)  NNZ: 8 (3)  Ttime: 1.4093 Vtime: 0.0514
Step: 11900000  Loss: 0.152407 Regul: 0.004462 Obj: 0.156869 (0.093595)  NNZ: 4 (3)  Ttime: 1.3928 Vtime: 0.0515
Step: 12000000  Loss: 0.602757 Regul: 0.015884 Obj: 0.618641 (0.093595)  NNZ: 10 (3)  Ttime: 1.3924 Vtime: 0.0519
Step: 12100000  Loss: 0.405244 Regul: 0.011425 Obj: 0.416669 (0.093595)  NNZ: 6 (3)  Ttime: 1.3917 Vtime: 0.0510
Step: 12200000  Loss: 0.363441 Regul: 0.009381 Obj: 0.372822 (0.093595)  NNZ: 6 (3)  Ttime: 1.3885 Vtime: 0.0512
Step: 12300000  Loss: 0.263036 Regul: 0.008033 Obj: 0.271070 (0.093595)  NNZ: 8 (3)  Ttime: 1.3921 Vtime: 0.0513
Step: 12400000  Loss: 0.247800 Regul: 0.009398 Obj: 0.257198 (0.093595)  NNZ: 6 (3)  Ttime: 1.3917 Vtime: 0.0507
Step: 12500000  Loss: 0.401761 Regul: 0.011290 Obj: 0.413051 (0.093595)  NNZ: 8 (3)  Ttime: 1.4028 Vtime: 0.0517
Step: 12600000  Loss: 0.331785 Regul: 0.013409 Obj: 0.345194 (0.093595)  NNZ: 9 (3)  Ttime: 1.3957 Vtime: 0.0513
Step: 12700000  Loss: 0.439449 Regul: 0.013432 Obj: 0.452881 (0.093595)  NNZ: 7 (3)  Ttime: 1.3960 Vtime: 0.0510
Step: 12800000  Loss: 0.333280 Regul: 0.010815 Obj: 0.344095 (0.093595)  NNZ: 7 (3)  Ttime: 1.3962 Vtime: 0.0514
Step: 12900000  Loss: 0.335091 Regul: 0.012020 Obj: 0.347111 (0.093595)  NNZ: 9 (3)  Ttime: 1.3917 Vtime: 0.0519
Step: 13000000  Loss: 0.647781 Regul: 0.008879 Obj: 0.656660 (0.093595)  NNZ: 6 (3)  Ttime: 1.4034 Vtime: 0.0510
Step: 13100000  Loss: 0.321589 Regul: 0.003712 Obj: 0.325301 (0.093595)  NNZ: 4 (3)  Ttime: 1.3950 Vtime: 0.0516
Step: 13200000  Loss: 0.644431 Regul: 0.028509 Obj: 0.672940 (0.093595)  NNZ: 15 (3)  Ttime: 1.4018 Vtime: 0.0513
Step: 13300000  Loss: 0.209421 Regul: 0.001926 Obj: 0.211346 (0.093595)  NNZ: 2 (3)  Ttime: 1.3960 Vtime: 0.0515
Step: 13400000  Loss: 0.306339 Regul: 0.011820 Obj: 0.318159 (0.093595)  NNZ: 10 (3)  Ttime: 1.3952 Vtime: 0.0514
Step: 13500000  Loss: 0.494895 Regul: 0.016890 Obj: 0.511785 (0.093595)  NNZ: 10 (3)  Ttime: 1.3955 Vtime: 0.0514
Step: 13600000  Loss: 0.367224 Regul: 0.013604 Obj: 0.380828 (0.093595)  NNZ: 10 (3)  Ttime: 1.4014 Vtime: 0.0518
Step: 13700000  Loss: 0.717617 Regul: 0.010092 Obj: 0.727709 (0.093595)  NNZ: 7 (3)  Ttime: 1.3917 Vtime: 0.0508
Step: 13800000  Loss: 0.618827 Regul: 0.006973 Obj: 0.625801 (0.093595)  NNZ: 4 (3)  Ttime: 1.3925 Vtime: 0.0518
Step: 13900000  Loss: 0.654412 Regul: 0.003469 Obj: 0.657882 (0.093595)  NNZ: 3 (3)  Ttime: 1.4003 Vtime: 0.0509
Step: 14000000  Loss: 0.290235 Regul: 0.008947 Obj: 0.299183 (0.093595)  NNZ: 7 (3)  Ttime: 1.3947 Vtime: 0.0516
Step: 14100000  Loss: 0.580162 Regul: 0.022087 Obj: 0.602249 (0.093595)  NNZ: 11 (3)  Ttime: 1.3982 Vtime: 0.0519
Step: 14200000  Loss: 0.540758 Regul: 0.014926 Obj: 0.555684 (0.093595)  NNZ: 10 (3)  Ttime: 1.3942 Vtime: 0.0508
Step: 14300000  Loss: 0.365097 Regul: 0.015175 Obj: 0.380272 (0.093595)  NNZ: 11 (3)  Ttime: 1.4065 Vtime: 0.0510
Step: 14400000  Loss: 0.165282 Regul: 0.004362 Obj: 0.169644 (0.093595)  NNZ: 5 (3)  Ttime: 1.4001 Vtime: 0.0516
Step: 14500000  Loss: 0.486665 Regul: 0.016860 Obj: 0.503525 (0.093595)  NNZ: 11 (3)  Ttime: 1.4188 Vtime: 0.0516
Step: 14600000  Loss: 0.506520 Regul: 0.020344 Obj: 0.526864 (0.093595)  NNZ: 14 (3)  Ttime: 1.3975 Vtime: 0.0511
Step: 14700000  Loss: 0.260971 Regul: 0.008325 Obj: 0.269296 (0.093595)  NNZ: 11 (3)  Ttime: 1.4344 Vtime: 0.0525
Step: 14800000  Loss: 0.260794 Regul: 0.006776 Obj: 0.267571 (0.093595)  NNZ: 5 (3)  Ttime: 1.4064 Vtime: 0.0513
Step: 14900000  Loss: 0.376167 Regul: 0.015977 Obj: 0.392144 (0.093595)  NNZ: 9 (3)  Ttime: 1.4079 Vtime: 0.0515
Step: 15000000  Loss: 0.376285 Regul: 0.014490 Obj: 0.390774 (0.093595)  NNZ: 10 (3)  Ttime: 1.4020 Vtime: 0.0513
Step: 15100000  Loss: 0.496114 Regul: 0.020971 Obj: 0.517084 (0.093595)  NNZ: 14 (3)  Ttime: 1.4036 Vtime: 0.0532
Step: 15200000  Loss: 0.229759 Regul: 0.007212 Obj: 0.236971 (0.093595)  NNZ: 5 (3)  Ttime: 1.4059 Vtime: 0.0516
Step: 15300000  Loss: 0.421230 Regul: 0.014106 Obj: 0.435335 (0.093595)  NNZ: 8 (3)  Ttime: 1.4666 Vtime: 0.0515
Step: 15400000  Loss: 0.458262 Regul: 0.016399 Obj: 0.474661 (0.093595)  NNZ: 10 (3)  Ttime: 1.4148 Vtime: 0.0559
Step: 15500000  Loss: 0.549518 Regul: 0.016283 Obj: 0.565802 (0.093595)  NNZ: 10 (3)  Ttime: 1.4892 Vtime: 0.0564
Step: 15600000  Loss: 0.423847 Regul: 0.013818 Obj: 0.437665 (0.093595)  NNZ: 7 (3)  Ttime: 1.4930 Vtime: 0.0544
Step: 15700000  Loss: 0.415126 Regul: 0.018621 Obj: 0.433747 (0.093595)  NNZ: 11 (3)  Ttime: 1.4949 Vtime: 0.0531
Step: 15800000  Loss: 0.195318 Regul: 0.006443 Obj: 0.201761 (0.093595)  NNZ: 8 (3)  Ttime: 1.4899 Vtime: 0.0559
Step: 15900000  Loss: 0.333738 Regul: 0.011676 Obj: 0.345414 (0.093595)  NNZ: 8 (3)  Ttime: 1.4898 Vtime: 0.0535
Step: 16000000  Loss: 0.455312 Regul: 0.014090 Obj: 0.469402 (0.093595)  NNZ: 8 (3)  Ttime: 1.4831 Vtime: 0.0559
Step: 16100000  Loss: 0.283156 Regul: 0.002844 Obj: 0.286000 (0.093595)  NNZ: 3 (3)  Ttime: 1.4798 Vtime: 0.0563
Step: 16200000  Loss: 0.337147 Regul: 0.013137 Obj: 0.350284 (0.093595)  NNZ: 6 (3)  Ttime: 1.4862 Vtime: 0.0555
Step: 16300000  Loss: 0.649128 Regul: 0.025375 Obj: 0.674503 (0.093595)  NNZ: 13 (3)  Ttime: 1.4584 Vtime: 0.0516
Step: 16400000  Loss: 0.744738 Regul: 0.018965 Obj: 0.763703 (0.093595)  NNZ: 14 (3)  Ttime: 1.3941 Vtime: 0.0511
Step: 16500000  Loss: 0.326222 Regul: 0.012201 Obj: 0.338423 (0.093595)  NNZ: 10 (3)  Ttime: 1.3942 Vtime: 0.0515
Step: 16600000  Loss: 0.690752 Regul: 0.024697 Obj: 0.715449 (0.093595)  NNZ: 12 (3)  Ttime: 1.3932 Vtime: 0.0508
Step: 16700000  Loss: 0.269377 Regul: 0.007404 Obj: 0.276781 (0.093595)  NNZ: 6 (3)  Ttime: 1.3905 Vtime: 0.0521
Step: 16800000  Loss: 0.348751 Regul: 0.010850 Obj: 0.359601 (0.093595)  NNZ: 8 (3)  Ttime: 1.3979 Vtime: 0.0514
Step: 16900000  Loss: 0.354126 Regul: 0.010496 Obj: 0.364622 (0.093595)  NNZ: 8 (3)  Ttime: 1.3917 Vtime: 0.0521
Step: 17000000  Loss: 0.152872 Regul: 0.004817 Obj: 0.157689 (0.093595)  NNZ: 6 (3)  Ttime: 1.3903 Vtime: 0.0508
Step: 17100000  Loss: 0.213833 Regul: 0.005186 Obj: 0.219019 (0.093595)  NNZ: 6 (3)  Ttime: 1.3904 Vtime: 0.0512
Step: 17200000  Loss: 0.432955 Regul: 0.017125 Obj: 0.450079 (0.093595)  NNZ: 10 (3)  Ttime: 1.3921 Vtime: 0.0515
Step: 17300000  Loss: 0.510614 Regul: 0.019441 Obj: 0.530054 (0.093595)  NNZ: 15 (3)  Ttime: 1.3957 Vtime: 0.0514
Step: 17400000  Loss: 0.438075 Regul: 0.009852 Obj: 0.447927 (0.093595)  NNZ: 6 (3)  Ttime: 1.3904 Vtime: 0.0517
Step: 17500000  Loss: 0.137089 Regul: 0.003473 Obj: 0.140562 (0.093595)  NNZ: 5 (3)  Ttime: 1.3952 Vtime: 0.0517
Step: 17600000  Loss: 0.260735 Regul: 0.008363 Obj: 0.269098 (0.093595)  NNZ: 13 (3)  Ttime: 1.3968 Vtime: 0.0512
Step: 17700000  Loss: 0.330311 Regul: 0.010310 Obj: 0.340621 (0.093595)  NNZ: 10 (3)  Ttime: 1.3900 Vtime: 0.0508
Step: 17800000  Loss: 0.275261 Regul: 0.007876 Obj: 0.283137 (0.093595)  NNZ: 9 (3)  Ttime: 1.3895 Vtime: 0.0512
Step: 17900000  Loss: 0.687108 Regul: 0.023977 Obj: 0.711085 (0.093595)  NNZ: 17 (3)  Ttime: 1.3922 Vtime: 0.0512
Step: 18000000  Loss: 0.343402 Regul: 0.009943 Obj: 0.353346 (0.093595)  NNZ: 7 (3)  Ttime: 1.3886 Vtime: 0.0508
Step: 18100000  Loss: 0.483399 Regul: 0.010351 Obj: 0.493750 (0.093595)  NNZ: 9 (3)  Ttime: 1.3911 Vtime: 0.0517
Step: 18200000  Loss: 0.239025 Regul: 0.008166 Obj: 0.247191 (0.093595)  NNZ: 7 (3)  Ttime: 1.3937 Vtime: 0.0511
Step: 18300000  Loss: 0.514487 Regul: 0.018995 Obj: 0.533482 (0.093595)  NNZ: 14 (3)  Ttime: 1.4001 Vtime: 0.0513
Step: 18400000  Loss: 0.236167 Regul: 0.007200 Obj: 0.243366 (0.093595)  NNZ: 7 (3)  Ttime: 1.3917 Vtime: 0.0520
Step: 18500000  Loss: 0.377847 Regul: 0.004793 Obj: 0.382640 (0.093595)  NNZ: 5 (3)  Ttime: 1.3937 Vtime: 0.0516
Step: 18600000  Loss: 0.176159 Regul: 0.004840 Obj: 0.180999 (0.093595)  NNZ: 7 (3)  Ttime: 1.3927 Vtime: 0.0515
Step: 18700000  Loss: 0.433228 Regul: 0.016315 Obj: 0.449543 (0.093595)  NNZ: 12 (3)  Ttime: 1.3935 Vtime: 0.0519
Step: 18800000  Loss: 0.387345 Regul: 0.008272 Obj: 0.395617 (0.093595)  NNZ: 5 (3)  Ttime: 1.3907 Vtime: 0.0519
Step: 18900000  Loss: 0.359062 Regul: 0.009353 Obj: 0.368415 (0.093595)  NNZ: 8 (3)  Ttime: 1.3944 Vtime: 0.0510
Step: 19000000  Loss: 0.286471 Regul: 0.010798 Obj: 0.297269 (0.093595)  NNZ: 11 (3)  Ttime: 1.3962 Vtime: 0.0512
Step: 19100000  Loss: 0.280602 Regul: 0.009067 Obj: 0.289670 (0.093595)  NNZ: 11 (3)  Ttime: 1.3894 Vtime: 0.0513
Step: 19200000  Loss: 0.325424 Regul: 0.008150 Obj: 0.333575 (0.093595)  NNZ: 6 (3)  Ttime: 1.3907 Vtime: 0.0521
Step: 19300000  Loss: 0.349113 Regul: 0.012224 Obj: 0.361337 (0.093595)  NNZ: 9 (3)  Ttime: 1.3873 Vtime: 0.0511
Step: 19400000  Loss: 0.635568 Regul: 0.027383 Obj: 0.662951 (0.093595)  NNZ: 13 (3)  Ttime: 1.3917 Vtime: 0.0520
Step: 19500000  Loss: 0.300907 Regul: 0.007468 Obj: 0.308375 (0.093595)  NNZ: 5 (3)  Ttime: 1.3905 Vtime: 0.0510
Step: 19600000  Loss: 0.314226 Regul: 0.008648 Obj: 0.322874 (0.093595)  NNZ: 7 (3)  Ttime: 1.3896 Vtime: 0.0509
Step: 19700000  Loss: 0.398602 Regul: 0.013086 Obj: 0.411688 (0.093595)  NNZ: 5 (3)  Ttime: 1.3901 Vtime: 0.0512
Step: 19800000  Loss: 0.098988 Regul: 0.002739 Obj: 0.101727 (0.093595)  NNZ: 6 (3)  Ttime: 1.3910 Vtime: 0.0514
Step: 19900000  Loss: 0.281599 Regul: 0.007562 Obj: 0.289161 (0.093595)  NNZ: 7 (3)  Ttime: 1.3892 Vtime: 0.0507
Step: 20000000  Loss: 0.183013 Regul: 0.003998 Obj: 0.187010 (0.093595)  NNZ: 6 (3)  Ttime: 1.3932 Vtime: 0.0512
Step: 20100000  Loss: 0.285689 Regul: 0.007552 Obj: 0.293241 (0.093595)  NNZ: 7 (3)  Ttime: 1.3916 Vtime: 0.0515
Step: 20200000  Loss: 0.153294 Regul: 0.004455 Obj: 0.157750 (0.093595)  NNZ: 6 (3)  Ttime: 1.3945 Vtime: 0.0511
Step: 20300000  Loss: 0.731141 Regul: 0.009883 Obj: 0.741023 (0.093595)  NNZ: 8 (3)  Ttime: 1.3979 Vtime: 0.0517
Step: 20400000  Loss: 0.307639 Regul: 0.011401 Obj: 0.319040 (0.093595)  NNZ: 12 (3)  Ttime: 1.3974 Vtime: 0.0514
Step: 20500000  Loss: 0.200349 Regul: 0.003443 Obj: 0.203793 (0.093595)  NNZ: 4 (3)  Ttime: 1.3979 Vtime: 0.0509
Step: 20600000  Loss: 0.327094 Regul: 0.010011 Obj: 0.337105 (0.093595)  NNZ: 9 (3)  Ttime: 1.3941 Vtime: 0.0516
Step: 20700000  Loss: 0.252517 Regul: 0.008380 Obj: 0.260898 (0.093595)  NNZ: 6 (3)  Ttime: 1.3913 Vtime: 0.0520
Step: 20800000  Loss: 0.229981 Regul: 0.007686 Obj: 0.237667 (0.093595)  NNZ: 8 (3)  Ttime: 1.3918 Vtime: 0.0517
Step: 20900000  Loss: 0.419754 Regul: 0.001052 Obj: 0.420805 (0.093595)  NNZ: 2 (3)  Ttime: 1.3921 Vtime: 0.0516
Step: 21000000  Loss: 0.353155 Regul: 0.012922 Obj: 0.366077 (0.093595)  NNZ: 9 (3)  Ttime: 1.3918 Vtime: 0.0513
Step: 21100000  Loss: 0.503117 Regul: 0.017875 Obj: 0.520992 (0.093595)  NNZ: 13 (3)  Ttime: 1.3917 Vtime: 0.0523
Step: 21200000  Loss: 0.396094 Regul: 0.012394 Obj: 0.408488 (0.093595)  NNZ: 8 (3)  Ttime: 1.3924 Vtime: 0.0512
Step: 21300000  Loss: 0.235258 Regul: 0.005350 Obj: 0.240607 (0.093595)  NNZ: 6 (3)  Ttime: 1.3913 Vtime: 0.0512
Step: 21400000  Loss: 0.120286 Regul: 0.003094 Obj: 0.123380 (0.093595)  NNZ: 4 (3)  Ttime: 1.3917 Vtime: 0.0514
Step: 21500000  Loss: 0.234965 Regul: 0.007357 Obj: 0.242322 (0.093595)  NNZ: 5 (3)  Ttime: 1.3889 Vtime: 0.0518
Step: 21600000  Loss: 0.222781 Regul: 0.005689 Obj: 0.228470 (0.093595)  NNZ: 7 (3)  Ttime: 1.3937 Vtime: 0.0511
Step: 21700000  Loss: 0.162731 Regul: 0.004305 Obj: 0.167036 (0.093595)  NNZ: 7 (3)  Ttime: 1.3903 Vtime: 0.0507
Step: 21800000  Loss: 0.299516 Regul: 0.008905 Obj: 0.308421 (0.093595)  NNZ: 8 (3)  Ttime: 1.3869 Vtime: 0.0517
Step: 21900000  Loss: 0.490544 Regul: 0.018360 Obj: 0.508904 (0.093595)  NNZ: 10 (3)  Ttime: 1.3861 Vtime: 0.0510
Step: 22000000  Loss: 0.324196 Regul: 0.010254 Obj: 0.334450 (0.093595)  NNZ: 9 (3)  Ttime: 1.3918 Vtime: 0.0514
Step: 22100000  Loss: 0.276688 Regul: 0.009724 Obj: 0.286411 (0.093595)  NNZ: 8 (3)  Ttime: 1.3886 Vtime: 0.0518
Step: 22200000  Loss: 0.501948 Regul: 0.018985 Obj: 0.520933 (0.093595)  NNZ: 11 (3)  Ttime: 1.3912 Vtime: 0.0517
Step: 22300000  Loss: 0.247782 Regul: 0.006513 Obj: 0.254296 (0.093595)  NNZ: 6 (3)  Ttime: 1.3892 Vtime: 0.0512
Step: 22400000  Loss: 0.371941 Regul: 0.011117 Obj: 0.383058 (0.093595)  NNZ: 8 (3)  Ttime: 1.3914 Vtime: 0.0523
Step: 22500000  Loss: 0.133789 Regul: 0.002624 Obj: 0.136413 (0.093595)  NNZ: 4 (3)  Ttime: 1.3888 Vtime: 0.0520
Step: 22600000  Loss: 0.241647 Regul: 0.006232 Obj: 0.247879 (0.093595)  NNZ: 3 (3)  Ttime: 1.3919 Vtime: 0.0521
Step: 22700000  Loss: 0.144985 Regul: 0.003557 Obj: 0.148543 (0.093595)  NNZ: 5 (3)  Ttime: 1.3934 Vtime: 0.0524
Step: 22800000  Loss: 0.198311 Regul: 0.002859 Obj: 0.201170 (0.093595)  NNZ: 4 (3)  Ttime: 1.3935 Vtime: 0.0514
Step: 22900000  Loss: 0.189679 Regul: 0.005532 Obj: 0.195211 (0.093595)  NNZ: 8 (3)  Ttime: 1.3907 Vtime: 0.0515
Step: 23000000  Loss: 0.416769 Regul: 0.017093 Obj: 0.433862 (0.093595)  NNZ: 12 (3)  Ttime: 1.3953 Vtime: 0.0512
Step: 23100000  Loss: 0.263983 Regul: 0.007428 Obj: 0.271412 (0.093595)  NNZ: 8 (3)  Ttime: 1.3906 Vtime: 0.0513
Step: 23200000  Loss: 0.258447 Regul: 0.006927 Obj: 0.265373 (0.093595)  NNZ: 5 (3)  Ttime: 1.3912 Vtime: 0.0510
Step: 23300000  Loss: 0.179817 Regul: 0.003997 Obj: 0.183814 (0.093595)  NNZ: 5 (3)  Ttime: 1.3896 Vtime: 0.0521
Step: 23400000  Loss: 0.266686 Regul: 0.008980 Obj: 0.275666 (0.093595)  NNZ: 7 (3)  Ttime: 1.3989 Vtime: 0.0517
Step: 23500000  Loss: 0.187204 Regul: 0.003878 Obj: 0.191082 (0.093595)  NNZ: 6 (3)  Ttime: 1.3978 Vtime: 0.0513
Step: 23600000  Loss: 0.120954 Regul: 0.002922 Obj: 0.123876 (0.093595)  NNZ: 4 (3)  Ttime: 1.3985 Vtime: 0.0518
Step: 23700000  Loss: 0.276636 Regul: 0.009837 Obj: 0.286473 (0.093595)  NNZ: 8 (3)  Ttime: 1.3961 Vtime: 0.0512
Step: 23800000  Loss: 0.253197 Regul: 0.008111 Obj: 0.261307 (0.093595)  NNZ: 7 (3)  Ttime: 1.3920 Vtime: 0.0504
Step: 23900000  Loss: 0.305435 Regul: 0.012322 Obj: 0.317757 (0.093595)  NNZ: 12 (3)  Ttime: 1.3934 Vtime: 0.0519
Step: 24000000  Loss: 0.216978 Regul: 0.007133 Obj: 0.224111 (0.093595)  NNZ: 13 (3)  Ttime: 1.3902 Vtime: 0.0515
Step: 24100000  Loss: 0.211109 Regul: 0.007495 Obj: 0.218603 (0.093595)  NNZ: 8 (3)  Ttime: 1.3949 Vtime: 0.0504
Step: 24200000  Loss: 0.348340 Regul: 0.009828 Obj: 0.358167 (0.093595)  NNZ: 8 (3)  Ttime: 1.3935 Vtime: 0.0509
Step: 24300000  Loss: 0.340187 Regul: 0.003447 Obj: 0.343634 (0.093595)  NNZ: 5 (3)  Ttime: 1.3931 Vtime: 0.0515
Step: 24400000  Loss: 0.159800 Regul: 0.004817 Obj: 0.164617 (0.093595)  NNZ: 4 (3)  Ttime: 1.3933 Vtime: 0.0514
Step: 24500000  Loss: 0.260089 Regul: 0.008966 Obj: 0.269056 (0.093595)  NNZ: 8 (3)  Ttime: 1.3959 Vtime: 0.0517
Step: 24600000  Loss: 0.267930 Regul: 0.009876 Obj: 0.277806 (0.093595)  NNZ: 9 (3)  Ttime: 1.3951 Vtime: 0.0510
Step: 24700000  Loss: 0.219749 Regul: 0.004666 Obj: 0.224414 (0.093595)  NNZ: 8 (3)  Ttime: 1.3915 Vtime: 0.0512
Step: 24800000  Loss: 0.186963 Regul: 0.004828 Obj: 0.191791 (0.093595)  NNZ: 6 (3)  Ttime: 1.3927 Vtime: 0.0509
Step: 24900000  Loss: 0.178759 Regul: 0.006196 Obj: 0.184955 (0.093595)  NNZ: 9 (3)  Ttime: 1.3960 Vtime: 0.0512
Step: 25000000  Loss: 0.251291 Regul: 0.009259 Obj: 0.260550 (0.093595)  NNZ: 9 (3)  Ttime: 1.3905 Vtime: 0.0516
Step: 25100000  Loss: 0.449730 Regul: 0.016660 Obj: 0.466390 (0.093595)  NNZ: 10 (3)  Ttime: 1.3806 Vtime: 0.0512
Step: 25200000  Loss: 0.374391 Regul: 0.013785 Obj: 0.388176 (0.093595)  NNZ: 12 (3)  Ttime: 1.3925 Vtime: 0.0514
Step: 25300000  Loss: 0.778406 Regul: 0.016154 Obj: 0.794560 (0.093595)  NNZ: 9 (3)  Ttime: 1.3931 Vtime: 0.0507
Step: 25400000  Loss: 0.126721 Regul: 0.002842 Obj: 0.129563 (0.093595)  NNZ: 7 (3)  Ttime: 1.3883 Vtime: 0.0517
Step: 25500000  Loss: 0.277637 Regul: 0.010159 Obj: 0.287796 (0.093595)  NNZ: 11 (3)  Ttime: 1.4003 Vtime: 0.0510
Step: 25600000  Loss: 0.179648 Regul: 0.006588 Obj: 0.186236 (0.093595)  NNZ: 10 (3)  Ttime: 1.3930 Vtime: 0.0522
Step: 25700000  Loss: 0.305022 Regul: 0.009212 Obj: 0.314234 (0.093595)  NNZ: 9 (3)  Ttime: 1.3886 Vtime: 0.0510
Step: 25800000  Loss: 0.244039 Regul: 0.006125 Obj: 0.250164 (0.093595)  NNZ: 6 (3)  Ttime: 1.3904 Vtime: 0.0513
Step: 25900000  Loss: 0.249814 Regul: 0.007865 Obj: 0.257679 (0.093595)  NNZ: 9 (3)  Ttime: 1.3915 Vtime: 0.0515
Step: 26000000  Loss: 0.373101 Regul: 0.012684 Obj: 0.385785 (0.093595)  NNZ: 9 (3)  Ttime: 1.3897 Vtime: 0.0518
Step: 26100000  Loss: 0.480905 Regul: 0.013894 Obj: 0.494799 (0.093595)  NNZ: 11 (3)  Ttime: 1.3892 Vtime: 0.0510
Step: 26200000  Loss: 0.174418 Regul: 0.004688 Obj: 0.179105 (0.093595)  NNZ: 6 (3)  Ttime: 1.3885 Vtime: 0.0508
Step: 26300000  Loss: 0.309584 Regul: 0.011806 Obj: 0.321390 (0.093595)  NNZ: 10 (3)  Ttime: 1.3911 Vtime: 0.0518
Step: 26400000  Loss: 0.357368 Regul: 0.003673 Obj: 0.361041 (0.093595)  NNZ: 2 (3)  Ttime: 1.3889 Vtime: 0.0510
Step: 26500000  Loss: 0.306006 Regul: 0.008758 Obj: 0.314764 (0.093595)  NNZ: 8 (3)  Ttime: 1.3906 Vtime: 0.0515
Step: 26600000  Loss: 0.199821 Regul: 0.005290 Obj: 0.205110 (0.093595)  NNZ: 5 (3)  Ttime: 1.4134 Vtime: 0.0508
Step: 26700000  Loss: 0.222545 Regul: 0.007062 Obj: 0.229607 (0.093595)  NNZ: 8 (3)  Ttime: 1.3911 Vtime: 0.0510
Step: 26800000  Loss: 0.286319 Regul: 0.010926 Obj: 0.297244 (0.093595)  NNZ: 11 (3)  Ttime: 1.3941 Vtime: 0.0509
Step: 26900000  Loss: 0.208464 Regul: 0.006056 Obj: 0.214520 (0.093595)  NNZ: 6 (3)  Ttime: 1.3959 Vtime: 0.0510
Step: 27000000  Loss: 0.237773 Regul: 0.004662 Obj: 0.242434 (0.093595)  NNZ: 5 (3)  Ttime: 1.3897 Vtime: 0.0513
Step: 27100000  Loss: 0.225109 Regul: 0.006464 Obj: 0.231573 (0.093595)  NNZ: 6 (3)  Ttime: 1.3919 Vtime: 0.0518
Step: 27200000  Loss: 0.928763 Regul: 0.027468 Obj: 0.956231 (0.093595)  NNZ: 20 (3)  Ttime: 1.3914 Vtime: 0.0512
Step: 27300000  Loss: 0.504286 Regul: 0.019663 Obj: 0.523949 (0.093595)  NNZ: 17 (3)  Ttime: 1.3956 Vtime: 0.0513
Step: 27400000  Loss: 0.310037 Regul: 0.009505 Obj: 0.319542 (0.093595)  NNZ: 8 (3)  Ttime: 1.3964 Vtime: 0.0523
Step: 27500000  Loss: 0.240481 Regul: 0.005249 Obj: 0.245730 (0.093595)  NNZ: 6 (3)  Ttime: 1.3968 Vtime: 0.0517
Step: 27600000  Loss: 0.591579 Regul: 0.024341 Obj: 0.615920 (0.093595)  NNZ: 15 (3)  Ttime: 1.3998 Vtime: 0.0519
Step: 27700000  Loss: 0.235023 Regul: 0.008476 Obj: 0.243498 (0.093595)  NNZ: 7 (3)  Ttime: 1.3983 Vtime: 0.0508
Step: 27800000  Loss: 0.217628 Regul: 0.006396 Obj: 0.224023 (0.093595)  NNZ: 7 (3)  Ttime: 1.3970 Vtime: 0.0510
Step: 27900000  Loss: 0.163205 Regul: 0.002636 Obj: 0.165841 (0.093595)  NNZ: 3 (3)  Ttime: 1.3992 Vtime: 0.0507
Step: 28000000  Loss: 0.273774 Regul: 0.008741 Obj: 0.282515 (0.093595)  NNZ: 7 (3)  Ttime: 1.3980 Vtime: 0.0516
Step: 28100000  Loss: 0.162443 Regul: 0.005125 Obj: 0.167568 (0.093595)  NNZ: 6 (3)  Ttime: 1.3970 Vtime: 0.0508
Step: 28200000  Loss: 0.325117 Regul: 0.009805 Obj: 0.334922 (0.093595)  NNZ: 8 (3)  Ttime: 1.3896 Vtime: 0.0517
Step: 28300000  Loss: 0.884274 Regul: 0.005050 Obj: 0.889324 (0.093595)  NNZ: 4 (3)  Ttime: 1.3902 Vtime: 0.0511
Step: 28400000  Loss: 0.291555 Regul: 0.009218 Obj: 0.300773 (0.093595)  NNZ: 9 (3)  Ttime: 1.3905 Vtime: 0.0514
Step: 28500000  Loss: 0.196900 Regul: 0.006152 Obj: 0.203052 (0.093595)  NNZ: 6 (3)  Ttime: 1.3870 Vtime: 0.0513
Step: 28600000  Loss: 0.400028 Regul: 0.010797 Obj: 0.410824 (0.093595)  NNZ: 9 (3)  Ttime: 1.3887 Vtime: 0.0517
Step: 28700000  Loss: 0.304776 Regul: 0.011862 Obj: 0.316638 (0.093595)  NNZ: 8 (3)  Ttime: 1.3893 Vtime: 0.0515
Step: 28800000  Loss: 0.331723 Regul: 0.009950 Obj: 0.341673 (0.093595)  NNZ: 10 (3)  Ttime: 1.3918 Vtime: 0.0510
Step: 28900000  Loss: 0.123890 Regul: 0.002988 Obj: 0.126878 (0.093595)  NNZ: 3 (3)  Ttime: 1.3910 Vtime: 0.0516
Step: 29000000  Loss: 0.522705 Regul: 0.016382 Obj: 0.539087 (0.093595)  NNZ: 11 (3)  Ttime: 1.3946 Vtime: 0.0512
Step: 29100000  Loss: 0.384530 Regul: 0.013051 Obj: 0.397581 (0.093595)  NNZ: 9 (3)  Ttime: 1.3915 Vtime: 0.0514
Step: 29200000  Loss: 0.243763 Regul: 0.009537 Obj: 0.253300 (0.093595)  NNZ: 8 (3)  Ttime: 1.3924 Vtime: 0.0515
Step: 29300000  Loss: 0.477468 Regul: 0.015718 Obj: 0.493186 (0.093595)  NNZ: 19 (3)  Ttime: 1.3932 Vtime: 0.0519
Step: 29400000  Loss: 0.243643 Regul: 0.009666 Obj: 0.253309 (0.093595)  NNZ: 13 (3)  Ttime: 1.3920 Vtime: 0.0510
Step: 29500000  Loss: 0.149191 Regul: 0.004023 Obj: 0.153214 (0.093595)  NNZ: 6 (3)  Ttime: 1.3922 Vtime: 0.0518
Step: 29600000  Loss: 0.273575 Regul: 0.008764 Obj: 0.282339 (0.093595)  NNZ: 10 (3)  Ttime: 1.3920 Vtime: 0.0509
Step: 29700000  Loss: 0.133887 Regul: 0.003357 Obj: 0.137244 (0.093595)  NNZ: 8 (3)  Ttime: 1.3921 Vtime: 0.0517
Step: 29800000  Loss: 0.251858 Regul: 0.007310 Obj: 0.259167 (0.093595)  NNZ: 10 (3)  Ttime: 1.3896 Vtime: 0.0512
Step: 29900000  Loss: 0.129245 Regul: 0.002985 Obj: 0.132229 (0.093595)  NNZ: 4 (3)  Ttime: 1.3942 Vtime: 0.0516
Step: 30000000  Loss: 0.297036 Regul: 0.008692 Obj: 0.305728 (0.093595)  NNZ: 9 (3)  Ttime: 1.3958 Vtime: 0.0510
Step: 30100000  Loss: 0.180878 Regul: 0.004980 Obj: 0.185857 (0.093595)  NNZ: 5 (3)  Ttime: 1.3983 Vtime: 0.0518
Step: 30200000  Loss: 0.261952 Regul: 0.008648 Obj: 0.270600 (0.093595)  NNZ: 7 (3)  Ttime: 1.3958 Vtime: 0.0516
Step: 30300000  Loss: 0.321482 Regul: 0.006550 Obj: 0.328032 (0.093595)  NNZ: 4 (3)  Ttime: 1.3986 Vtime: 0.0514
Step: 30400000  Loss: 0.181340 Regul: 0.004176 Obj: 0.185516 (0.093595)  NNZ: 4 (3)  Ttime: 1.3978 Vtime: 0.0519
Step: 30500000  Loss: 0.154456 Regul: 0.004337 Obj: 0.158793 (0.093595)  NNZ: 7 (3)  Ttime: 1.3966 Vtime: 0.0524
Step: 30600000  Loss: 0.205717 Regul: 0.005614 Obj: 0.211331 (0.093595)  NNZ: 8 (3)  Ttime: 1.3986 Vtime: 0.0510
Step: 30700000  Loss: 0.220005 Regul: 0.005694 Obj: 0.225699 (0.093595)  NNZ: 7 (3)  Ttime: 1.3993 Vtime: 0.0508
Step: 30800000  Loss: 0.157002 Regul: 0.004287 Obj: 0.161288 (0.093595)  NNZ: 4 (3)  Ttime: 1.3998 Vtime: 0.0512
Step: 30900000  Loss: 0.417415 Regul: 0.014073 Obj: 0.431488 (0.093595)  NNZ: 14 (3)  Ttime: 1.3939 Vtime: 0.0514
Step: 31000000  Loss: 0.220016 Regul: 0.008172 Obj: 0.228188 (0.093595)  NNZ: 9 (3)  Ttime: 1.4041 Vtime: 0.0515
Step: 31100000  Loss: 0.331426 Regul: 0.011048 Obj: 0.342474 (0.093595)  NNZ: 10 (3)  Ttime: 1.3964 Vtime: 0.0517
Step: 31200000  Loss: 0.208437 Regul: 0.006643 Obj: 0.215080 (0.093595)  NNZ: 7 (3)  Ttime: 1.3911 Vtime: 0.0512
Step: 31300000  Loss: 0.391916 Regul: 0.007876 Obj: 0.399792 (0.093595)  NNZ: 8 (3)  Ttime: 1.3884 Vtime: 0.0517
Step: 31400000  Loss: 0.325403 Regul: 0.009171 Obj: 0.334573 (0.093595)  NNZ: 9 (3)  Ttime: 1.3868 Vtime: 0.0520
Step: 31500000  Loss: 0.127457 Regul: 0.002795 Obj: 0.130252 (0.093595)  NNZ: 6 (3)  Ttime: 1.3892 Vtime: 0.0513
Step: 31600000  Loss: 0.585284 Regul: 0.004606 Obj: 0.589890 (0.093595)  NNZ: 6 (3)  Ttime: 1.3918 Vtime: 0.0513
Step: 31700000  Loss: 0.162453 Regul: 0.003726 Obj: 0.166179 (0.093595)  NNZ: 5 (3)  Ttime: 1.3941 Vtime: 0.0518
Step: 31800000  Loss: 0.304425 Regul: 0.010140 Obj: 0.314565 (0.093595)  NNZ: 9 (3)  Ttime: 1.3910 Vtime: 0.0516
Step: 31900000  Loss: 0.273712 Regul: 0.006791 Obj: 0.280503 (0.093595)  NNZ: 6 (3)  Ttime: 1.3923 Vtime: 0.0522
Step: 32000000  Loss: 0.394501 Regul: 0.012804 Obj: 0.407305 (0.093595)  NNZ: 12 (3)  Ttime: 1.3971 Vtime: 0.0516
Step: 32100000  Loss: 0.320209 Regul: 0.012250 Obj: 0.332459 (0.093595)  NNZ: 12 (3)  Ttime: 1.3977 Vtime: 0.0511
Step: 32200000  Loss: 0.270651 Regul: 0.004699 Obj: 0.275351 (0.093595)  NNZ: 6 (3)  Ttime: 1.3990 Vtime: 0.0513
Step: 32300000  Loss: 0.266011 Regul: 0.005922 Obj: 0.271933 (0.093595)  NNZ: 6 (3)  Ttime: 1.3986 Vtime: 0.0514
Step: 32400000  Loss: 0.444445 Regul: 0.013118 Obj: 0.457563 (0.093595)  NNZ: 11 (3)  Ttime: 1.3966 Vtime: 0.0524
Step: 32500000  Loss: 0.282556 Regul: 0.010620 Obj: 0.293176 (0.093595)  NNZ: 9 (3)  Ttime: 1.3968 Vtime: 0.0521
Step: 32600000  Loss: 0.280950 Regul: 0.007802 Obj: 0.288752 (0.093595)  NNZ: 8 (3)  Ttime: 1.3914 Vtime: 0.0515
Step: 32700000  Loss: 0.293774 Regul: 0.007169 Obj: 0.300943 (0.093595)  NNZ: 7 (3)  Ttime: 1.3944 Vtime: 0.0524
Step: 32800000  Loss: 0.301373 Regul: 0.008374 Obj: 0.309747 (0.093595)  NNZ: 7 (3)  Ttime: 1.3978 Vtime: 0.0515
Step: 32900000  Loss: 0.266852 Regul: 0.002233 Obj: 0.269086 (0.093595)  NNZ: 5 (3)  Ttime: 1.3925 Vtime: 0.0517
Step: 33000000  Loss: 0.136704 Regul: 0.002287 Obj: 0.138991 (0.093595)  NNZ: 4 (3)  Ttime: 1.3930 Vtime: 0.0516
Step: 33100000  Loss: 0.133659 Regul: 0.002862 Obj: 0.136521 (0.093595)  NNZ: 2 (3)  Ttime: 1.3943 Vtime: 0.0519
Step: 33200000  Loss: 0.268618 Regul: 0.008676 Obj: 0.277294 (0.093595)  NNZ: 10 (3)  Ttime: 1.3927 Vtime: 0.0517
Step: 33300000  Loss: 0.264215 Regul: 0.003123 Obj: 0.267338 (0.093595)  NNZ: 4 (3)  Ttime: 1.3937 Vtime: 0.0521
Step: 33400000  Loss: 0.140772 Regul: 0.003560 Obj: 0.144333 (0.093595)  NNZ: 4 (3)  Ttime: 1.3927 Vtime: 0.0512
Step: 33500000  Loss: 0.237160 Regul: 0.006499 Obj: 0.243659 (0.093595)  NNZ: 6 (3)  Ttime: 1.3933 Vtime: 0.0509
Step: 33600000  Loss: 0.240883 Regul: 0.003984 Obj: 0.244866 (0.093595)  NNZ: 5 (3)  Ttime: 1.3934 Vtime: 0.0510
Step: 33700000  Loss: 0.443216 Regul: 0.012381 Obj: 0.455597 (0.093595)  NNZ: 10 (3)  Ttime: 1.3906 Vtime: 0.0512
Step: 33800000  Loss: 0.280836 Regul: 0.010570 Obj: 0.291405 (0.093595)  NNZ: 10 (3)  Ttime: 1.3946 Vtime: 0.0510
Step: 33900000  Loss: 0.221264 Regul: 0.006329 Obj: 0.227593 (0.093595)  NNZ: 9 (3)  Ttime: 1.3932 Vtime: 0.0510
Step: 34000000  Loss: 0.213083 Regul: 0.003708 Obj: 0.216791 (0.093595)  NNZ: 4 (3)  Ttime: 1.3905 Vtime: 0.0516
Step: 34100000  Loss: 0.356695 Regul: 0.010677 Obj: 0.367372 (0.093595)  NNZ: 9 (3)  Ttime: 1.3946 Vtime: 0.0517
Step: 34200000  Loss: 0.271696 Regul: 0.010579 Obj: 0.282275 (0.093595)  NNZ: 12 (3)  Ttime: 1.3939 Vtime: 0.0513
Step: 34300000  Loss: 0.186608 Regul: 0.004534 Obj: 0.191142 (0.093595)  NNZ: 4 (3)  Ttime: 1.3979 Vtime: 0.0513
Step: 34400000  Loss: 0.201564 Regul: 0.005668 Obj: 0.207233 (0.093595)  NNZ: 8 (3)  Ttime: 1.3905 Vtime: 0.0514
Step: 34500000  Loss: 0.139159 Regul: 0.003248 Obj: 0.142407 (0.093595)  NNZ: 6 (3)  Ttime: 1.3914 Vtime: 0.0513
Step: 34600000  Loss: 0.192315 Regul: 0.005564 Obj: 0.197879 (0.093595)  NNZ: 6 (3)  Ttime: 1.3934 Vtime: 0.0513
Step: 34700000  Loss: 0.631306 Regul: 0.009218 Obj: 0.640524 (0.093595)  NNZ: 10 (3)  Ttime: 1.3916 Vtime: 0.0509
Step: 34800000  Loss: 0.286895 Regul: 0.009976 Obj: 0.296871 (0.093595)  NNZ: 10 (3)  Ttime: 1.3935 Vtime: 0.0511
Step: 34900000  Loss: 0.122210 Regul: 0.002971 Obj: 0.125181 (0.093595)  NNZ: 7 (3)  Ttime: 1.3908 Vtime: 0.0513
Step: 35000000  Loss: 0.181680 Regul: 0.005560 Obj: 0.187240 (0.093595)  NNZ: 6 (3)  Ttime: 1.3868 Vtime: 0.0518
Step: 35100000  Loss: 0.214552 Regul: 0.006236 Obj: 0.220788 (0.093595)  NNZ: 7 (3)  Ttime: 1.3910 Vtime: 0.0510
Step: 35200000  Loss: 0.250762 Regul: 0.009631 Obj: 0.260393 (0.093595)  NNZ: 14 (3)  Ttime: 1.3889 Vtime: 0.0513
Step: 35300000  Loss: 0.125553 Regul: 0.002944 Obj: 0.128498 (0.093595)  NNZ: 3 (3)  Ttime: 1.3929 Vtime: 0.0511
Step: 35400000  Loss: 0.165216 Regul: 0.006517 Obj: 0.171733 (0.093595)  NNZ: 9 (3)  Ttime: 1.3946 Vtime: 0.0509
Step: 35500000  Loss: 0.443354 Regul: 0.015036 Obj: 0.458390 (0.093595)  NNZ: 11 (3)  Ttime: 1.3962 Vtime: 0.0510
Step: 35600000  Loss: 0.163059 Regul: 0.003811 Obj: 0.166870 (0.093595)  NNZ: 5 (3)  Ttime: 1.3902 Vtime: 0.0513
Step: 35700000  Loss: 0.287861 Regul: 0.009393 Obj: 0.297254 (0.093595)  NNZ: 9 (3)  Ttime: 1.3942 Vtime: 0.0515
Step: 35800000  Loss: 0.416387 Regul: 0.012116 Obj: 0.428503 (0.093595)  NNZ: 11 (3)  Ttime: 1.3908 Vtime: 0.0511
Step: 35900000  Loss: 0.235252 Regul: 0.003358 Obj: 0.238610 (0.093595)  NNZ: 5 (3)  Ttime: 1.3937 Vtime: 0.0523
Step: 36000000  Loss: 0.224712 Regul: 0.008287 Obj: 0.233000 (0.093595)  NNZ: 9 (3)  Ttime: 1.3934 Vtime: 0.0515
Step: 36100000  Loss: 0.201979 Regul: 0.005382 Obj: 0.207361 (0.093595)  NNZ: 8 (3)  Ttime: 1.3917 Vtime: 0.0512
Step: 36200000  Loss: 0.231135 Regul: 0.007134 Obj: 0.238269 (0.093595)  NNZ: 7 (3)  Ttime: 1.3920 Vtime: 0.0511
Step: 36300000  Loss: 0.295039 Regul: 0.010870 Obj: 0.305908 (0.093595)  NNZ: 11 (3)  Ttime: 1.3894 Vtime: 0.0510
Step: 36400000  Loss: 0.229593 Regul: 0.006074 Obj: 0.235667 (0.093595)  NNZ: 5 (3)  Ttime: 1.3893 Vtime: 0.0512
Step: 36500000  Loss: 0.117312 Regul: 0.002755 Obj: 0.120067 (0.093595)  NNZ: 4 (3)  Ttime: 1.3886 Vtime: 0.0517
Step: 36600000  Loss: 0.171803 Regul: 0.005447 Obj: 0.177250 (0.093595)  NNZ: 9 (3)  Ttime: 1.3866 Vtime: 0.0513
Step: 36700000  Loss: 0.124299 Regul: 0.002875 Obj: 0.127174 (0.093595)  NNZ: 4 (3)  Ttime: 1.3857 Vtime: 0.0518
Step: 36800000  Loss: 0.509186 Regul: 0.020788 Obj: 0.529973 (0.093595)  NNZ: 20 (3)  Ttime: 1.3916 Vtime: 0.0513
Step: 36900000  Loss: 0.288443 Regul: 0.010943 Obj: 0.299386 (0.093595)  NNZ: 10 (3)  Ttime: 1.3924 Vtime: 0.0515
Step: 37000000  Loss: 0.109647 Regul: 0.002531 Obj: 0.112178 (0.093595)  NNZ: 5 (3)  Ttime: 1.3902 Vtime: 0.0509
Step: 37100000  Loss: 0.176118 Regul: 0.004124 Obj: 0.180242 (0.093595)  NNZ: 6 (3)  Ttime: 1.3888 Vtime: 0.0513
Step: 37200000  Loss: 0.370461 Regul: 0.008774 Obj: 0.379236 (0.093595)  NNZ: 8 (3)  Ttime: 1.3948 Vtime: 0.0512
Step: 37300000  Loss: 0.335101 Regul: 0.010635 Obj: 0.345736 (0.093595)  NNZ: 9 (3)  Ttime: 1.3880 Vtime: 0.0516
Step: 37400000  Loss: 0.355080 Regul: 0.010748 Obj: 0.365828 (0.093595)  NNZ: 10 (3)  Ttime: 1.3898 Vtime: 0.0522
Step: 37500000  Loss: 0.098457 Regul: 0.001433 Obj: 0.099890 (0.093595)  NNZ: 6 (3)  Ttime: 1.3855 Vtime: 0.0520
Step: 37600000  Loss: 0.455624 Regul: 0.017945 Obj: 0.473569 (0.093595)  NNZ: 15 (3)  Ttime: 1.3881 Vtime: 0.0510
Step: 37700000  Loss: 0.268040 Regul: 0.009967 Obj: 0.278006 (0.093595)  NNZ: 12 (3)  Ttime: 1.3881 Vtime: 0.0511
Step: 37800000  Loss: 0.375001 Regul: 0.015182 Obj: 0.390183 (0.093595)  NNZ: 10 (3)  Ttime: 1.3861 Vtime: 0.0516
Step: 37900000  Loss: 0.513004 Regul: 0.019904 Obj: 0.532908 (0.093595)  NNZ: 16 (3)  Ttime: 1.3887 Vtime: 0.0518
Step: 38000000  Loss: 0.334086 Regul: 0.011141 Obj: 0.345227 (0.093595)  NNZ: 9 (3)  Ttime: 1.3853 Vtime: 0.0512
Step: 38100000  Loss: 0.200334 Regul: 0.005156 Obj: 0.205489 (0.093595)  NNZ: 5 (3)  Ttime: 1.3883 Vtime: 0.0513
Step: 38200000  Loss: 0.305246 Regul: 0.004626 Obj: 0.309872 (0.093595)  NNZ: 5 (3)  Ttime: 1.3897 Vtime: 0.0515
Step: 38300000  Loss: 0.214864 Regul: 0.003508 Obj: 0.218372 (0.093595)  NNZ: 5 (3)  Ttime: 1.3902 Vtime: 0.0511
Step: 38400000  Loss: 0.114475 Regul: 0.002242 Obj: 0.116717 (0.093595)  NNZ: 4 (3)  Ttime: 1.3926 Vtime: 0.0513
Step: 38500000  Loss: 0.356789 Regul: 0.006880 Obj: 0.363668 (0.093595)  NNZ: 5 (3)  Ttime: 1.3869 Vtime: 0.0513
Step: 38600000  Loss: 0.302524 Regul: 0.011305 Obj: 0.313828 (0.093595)  NNZ: 10 (3)  Ttime: 1.3880 Vtime: 0.0514
Step: 38700000  Loss: 0.303671 Regul: 0.003844 Obj: 0.307515 (0.093595)  NNZ: 6 (3)  Ttime: 1.3904 Vtime: 0.0522
Step: 38800000  Loss: 0.228502 Regul: 0.008296 Obj: 0.236798 (0.093595)  NNZ: 12 (3)  Ttime: 1.3954 Vtime: 0.0513
Step: 38900000  Loss: 0.442002 Regul: 0.012207 Obj: 0.454208 (0.093595)  NNZ: 10 (3)  Ttime: 1.3933 Vtime: 0.0512
Step: 39000000  Loss: 0.287506 Regul: 0.008961 Obj: 0.296467 (0.093595)  NNZ: 7 (3)  Ttime: 1.3925 Vtime: 0.0510
Step: 39100000  Loss: 0.219768 Regul: 0.006715 Obj: 0.226483 (0.093595)  NNZ: 6 (3)  Ttime: 1.3944 Vtime: 0.0520
Step: 39200000  Loss: 0.181907 Regul: 0.004074 Obj: 0.185982 (0.093595)  NNZ: 6 (3)  Ttime: 1.3890 Vtime: 0.0517
Step: 39300000  Loss: 0.394362 Regul: 0.012485 Obj: 0.406847 (0.093595)  NNZ: 9 (3)  Ttime: 1.3907 Vtime: 0.0513
Step: 39400000  Loss: 0.156579 Regul: 0.001505 Obj: 0.158084 (0.093595)  NNZ: 1 (3)  Ttime: 1.3931 Vtime: 0.0513
Step: 39500000  Loss: 0.180199 Regul: 0.004220 Obj: 0.184420 (0.093595)  NNZ: 5 (3)  Ttime: 1.3928 Vtime: 0.0512
Step: 39600000  Loss: 0.197878 Regul: 0.004959 Obj: 0.202837 (0.093595)  NNZ: 6 (3)  Ttime: 1.3916 Vtime: 0.0513
Step: 39700000  Loss: 0.316280 Regul: 0.008863 Obj: 0.325143 (0.093595)  NNZ: 12 (3)  Ttime: 1.3912 Vtime: 0.0515
Step: 39800000  Loss: 0.144312 Regul: 0.002326 Obj: 0.146638 (0.093595)  NNZ: 6 (3)  Ttime: 1.3925 Vtime: 0.0510
Step: 39900000  Loss: 0.294816 Regul: 0.009130 Obj: 0.303947 (0.093595)  NNZ: 11 (3)  Ttime: 1.3800 Vtime: 0.0519
Step: 40000000  Loss: 0.338168 Regul: 0.006820 Obj: 0.344988 (0.093595)  NNZ: 11 (3)  Ttime: 1.3899 Vtime: 0.0506
Step: 40100000  Loss: 0.241183 Regul: 0.009433 Obj: 0.250616 (0.093595)  NNZ: 12 (3)  Ttime: 1.3883 Vtime: 0.0516
Step: 40200000  Loss: 0.214648 Regul: 0.005286 Obj: 0.219934 (0.093595)  NNZ: 6 (3)  Ttime: 1.3943 Vtime: 0.0513
Step: 40300000  Loss: 0.148324 Regul: 0.003970 Obj: 0.152294 (0.093595)  NNZ: 7 (3)  Ttime: 1.3913 Vtime: 0.0513
Step: 40400000  Loss: 0.703067 Regul: 0.032222 Obj: 0.735289 (0.093595)  NNZ: 20 (3)  Ttime: 1.3899 Vtime: 0.0515
Step: 40500000  Loss: 0.361520 Regul: 0.013425 Obj: 0.374944 (0.093595)  NNZ: 13 (3)  Ttime: 1.3886 Vtime: 0.0511
Step: 40600000  Loss: 0.161734 Regul: 0.004221 Obj: 0.165955 (0.093595)  NNZ: 8 (3)  Ttime: 1.3884 Vtime: 0.0517
Step: 40700000  Loss: 0.177684 Regul: 0.004154 Obj: 0.181838 (0.093595)  NNZ: 8 (3)  Ttime: 1.3893 Vtime: 0.0521
Step: 40800000  Loss: 0.326905 Regul: 0.011396 Obj: 0.338301 (0.093595)  NNZ: 14 (3)  Ttime: 1.3901 Vtime: 0.0517
Step: 40900000  Loss: 0.266722 Regul: 0.008971 Obj: 0.275693 (0.093595)  NNZ: 10 (3)  Ttime: 1.3891 Vtime: 0.0522
Step: 41000000  Loss: 0.132745 Regul: 0.003283 Obj: 0.136028 (0.093595)  NNZ: 6 (3)  Ttime: 1.3879 Vtime: 0.0514
Step: 41100000  Loss: 0.109799 Regul: 0.002018 Obj: 0.111817 (0.093595)  NNZ: 5 (3)  Ttime: 1.3883 Vtime: 0.0515
Step: 41200000  Loss: 0.257654 Regul: 0.008919 Obj: 0.266573 (0.093595)  NNZ: 10 (3)  Ttime: 1.3878 Vtime: 0.0514
Step: 41300000  Loss: 0.278378 Regul: 0.006081 Obj: 0.284459 (0.093595)  NNZ: 8 (3)  Ttime: 1.3889 Vtime: 0.0514
Step: 41400000  Loss: 0.116832 Regul: 0.001756 Obj: 0.118589 (0.093595)  NNZ: 3 (3)  Ttime: 1.3900 Vtime: 0.0514
Step: 41500000  Loss: 0.195360 Regul: 0.005650 Obj: 0.201010 (0.093595)  NNZ: 7 (3)  Ttime: 1.3909 Vtime: 0.0517
Step: 41600000  Loss: 0.263899 Regul: 0.008178 Obj: 0.272078 (0.093595)  NNZ: 7 (3)  Ttime: 1.3897 Vtime: 0.0514
Step: 41700000  Loss: 0.268438 Regul: 0.008350 Obj: 0.276787 (0.093595)  NNZ: 7 (3)  Ttime: 1.3880 Vtime: 0.0509
Step: 41800000  Loss: 0.379915 Regul: 0.012754 Obj: 0.392670 (0.093595)  NNZ: 9 (3)  Ttime: 1.3890 Vtime: 0.0512
Step: 41900000  Loss: 0.157941 Regul: 0.004080 Obj: 0.162022 (0.093595)  NNZ: 7 (3)  Ttime: 1.3889 Vtime: 0.0515
Step: 42000000  Loss: 0.214019 Regul: 0.003732 Obj: 0.217750 (0.093595)  NNZ: 6 (3)  Ttime: 1.3899 Vtime: 0.0510
Step: 42100000  Loss: 0.880360 Regul: 0.018611 Obj: 0.898971 (0.093595)  NNZ: 12 (3)  Ttime: 1.3901 Vtime: 0.0518
Step: 42200000  Loss: 0.237326 Regul: 0.007178 Obj: 0.244504 (0.093595)  NNZ: 10 (3)  Ttime: 1.3909 Vtime: 0.0519
Step: 42300000  Loss: 0.311658 Regul: 0.011873 Obj: 0.323531 (0.093595)  NNZ: 13 (3)  Ttime: 1.3913 Vtime: 0.0509
Step: 42400000  Loss: 0.654370 Regul: 0.007766 Obj: 0.662136 (0.093595)  NNZ: 7 (3)  Ttime: 1.3883 Vtime: 0.0511
Step: 42500000  Loss: 0.119522 Regul: 0.000558 Obj: 0.120080 (0.093595)  NNZ: 2 (3)  Ttime: 1.3894 Vtime: 0.0515
Step: 42600000  Loss: 0.185146 Regul: 0.005093 Obj: 0.190238 (0.093595)  NNZ: 6 (3)  Ttime: 1.3888 Vtime: 0.0520
Step: 42700000  Loss: 0.497196 Regul: 0.006576 Obj: 0.503772 (0.093595)  NNZ: 5 (3)  Ttime: 1.3885 Vtime: 0.0512
Step: 42800000  Loss: 0.241036 Regul: 0.005840 Obj: 0.246875 (0.093595)  NNZ: 7 (3)  Ttime: 1.3915 Vtime: 0.0521
Step: 42900000  Loss: 0.130976 Regul: 0.003727 Obj: 0.134702 (0.093595)  NNZ: 8 (3)  Ttime: 1.3884 Vtime: 0.0513
Step: 43000000  Loss: 0.215441 Regul: 0.005292 Obj: 0.220732 (0.093595)  NNZ: 6 (3)  Ttime: 1.3888 Vtime: 0.0519
Step: 43100000  Loss: 0.331015 Regul: 0.006952 Obj: 0.337967 (0.093595)  NNZ: 6 (3)  Ttime: 1.3885 Vtime: 0.0515
Step: 43200000  Loss: 0.508518 Regul: 0.004709 Obj: 0.513227 (0.093595)  NNZ: 5 (3)  Ttime: 1.3900 Vtime: 0.0516
Step: 43300000  Loss: 0.193827 Regul: 0.005992 Obj: 0.199819 (0.093595)  NNZ: 6 (3)  Ttime: 1.3895 Vtime: 0.0517
Step: 43400000  Loss: 0.357248 Regul: 0.014928 Obj: 0.372176 (0.093595)  NNZ: 14 (3)  Ttime: 1.3901 Vtime: 0.0519
Step: 43500000  Loss: 0.241190 Regul: 0.008845 Obj: 0.250035 (0.093595)  NNZ: 9 (3)  Ttime: 1.3937 Vtime: 0.0510
Step: 43600000  Loss: 0.476154 Regul: 0.017249 Obj: 0.493404 (0.093595)  NNZ: 17 (3)  Ttime: 1.3924 Vtime: 0.0516
Step: 43700000  Loss: 0.343237 Regul: 0.011534 Obj: 0.354771 (0.093595)  NNZ: 15 (3)  Ttime: 1.3889 Vtime: 0.0515
Step: 43800000  Loss: 0.199468 Regul: 0.003451 Obj: 0.202919 (0.093595)  NNZ: 7 (3)  Ttime: 1.3897 Vtime: 0.0520
Step: 43900000  Loss: 0.232304 Regul: 0.008525 Obj: 0.240828 (0.093595)  NNZ: 10 (3)  Ttime: 1.3955 Vtime: 0.0514
Step: 44000000  Loss: 0.299638 Regul: 0.010032 Obj: 0.309670 (0.093595)  NNZ: 11 (3)  Ttime: 1.3972 Vtime: 0.0516
Step: 44100000  Loss: 0.178660 Regul: 0.005295 Obj: 0.183955 (0.093595)  NNZ: 10 (3)  Ttime: 1.3930 Vtime: 0.0517
Step: 44200000  Loss: 0.150014 Regul: 0.004192 Obj: 0.154206 (0.093595)  NNZ: 6 (3)  Ttime: 1.3978 Vtime: 0.0517
Step: 44300000  Loss: 0.129925 Regul: 0.002209 Obj: 0.132134 (0.093595)  NNZ: 5 (3)  Ttime: 1.3941 Vtime: 0.0520
Step: 44400000  Loss: 0.326980 Regul: 0.012842 Obj: 0.339821 (0.093595)  NNZ: 17 (3)  Ttime: 1.3946 Vtime: 0.0516
Step: 44500000  Loss: 0.322254 Regul: 0.011135 Obj: 0.333389 (0.093595)  NNZ: 12 (3)  Ttime: 1.3979 Vtime: 0.0513
Step: 44600000  Loss: 0.323487 Regul: 0.006069 Obj: 0.329556 (0.093595)  NNZ: 7 (3)  Ttime: 1.3983 Vtime: 0.0520
Step: 44700000  Loss: 0.236471 Regul: 0.007182 Obj: 0.243653 (0.093595)  NNZ: 9 (3)  Ttime: 1.3931 Vtime: 0.0511
Step: 44800000  Loss: 0.715423 Regul: 0.011708 Obj: 0.727132 (0.093595)  NNZ: 9 (3)  Ttime: 1.3885 Vtime: 0.0521
Step: 44900000  Loss: 0.311486 Regul: 0.009615 Obj: 0.321101 (0.093595)  NNZ: 14 (3)  Ttime: 1.3970 Vtime: 0.0515
Step: 45000000  Loss: 0.204328 Regul: 0.006908 Obj: 0.211237 (0.093595)  NNZ: 8 (3)  Ttime: 1.3933 Vtime: 0.0509
Step: 45100000  Loss: 0.307351 Regul: 0.005897 Obj: 0.313247 (0.093595)  NNZ: 5 (3)  Ttime: 1.3926 Vtime: 0.0524
Step: 45200000  Loss: 0.201607 Regul: 0.005164 Obj: 0.206771 (0.093595)  NNZ: 6 (3)  Ttime: 1.3923 Vtime: 0.0512
Step: 45300000  Loss: 0.208114 Regul: 0.006008 Obj: 0.214122 (0.093595)  NNZ: 7 (3)  Ttime: 1.3927 Vtime: 0.0509
Step: 45400000  Loss: 0.268917 Regul: 0.008936 Obj: 0.277853 (0.093595)  NNZ: 9 (3)  Ttime: 1.3937 Vtime: 0.0512
Step: 45500000  Loss: 0.237699 Regul: 0.007020 Obj: 0.244719 (0.093595)  NNZ: 10 (3)  Ttime: 1.3917 Vtime: 0.0513
Step: 45600000  Loss: 0.212003 Regul: 0.006620 Obj: 0.218623 (0.093595)  NNZ: 11 (3)  Ttime: 1.3921 Vtime: 0.0515
Step: 45700000  Loss: 0.320016 Regul: 0.009060 Obj: 0.329076 (0.093595)  NNZ: 11 (3)  Ttime: 1.3946 Vtime: 0.0519
Step: 45800000  Loss: 0.155140 Regul: 0.005088 Obj: 0.160228 (0.093595)  NNZ: 6 (3)  Ttime: 1.3880 Vtime: 0.0514
Step: 45900000  Loss: 0.177822 Regul: 0.002967 Obj: 0.180789 (0.093595)  NNZ: 8 (3)  Ttime: 1.3892 Vtime: 0.0508
Step: 46000000  Loss: 0.486816 Regul: 0.003896 Obj: 0.490713 (0.093595)  NNZ: 5 (3)  Ttime: 1.3905 Vtime: 0.0513
Step: 46100000  Loss: 0.307735 Regul: 0.008995 Obj: 0.316730 (0.093595)  NNZ: 10 (3)  Ttime: 1.3878 Vtime: 0.0509
Step: 46200000  Loss: 0.444671 Regul: 0.011566 Obj: 0.456236 (0.093595)  NNZ: 10 (3)  Ttime: 1.3913 Vtime: 0.0519
Step: 46300000  Loss: 0.275117 Regul: 0.008521 Obj: 0.283638 (0.093595)  NNZ: 12 (3)  Ttime: 1.3927 Vtime: 0.0511
Step: 46400000  Loss: 0.167375 Regul: 0.002465 Obj: 0.169840 (0.093595)  NNZ: 3 (3)  Ttime: 1.3944 Vtime: 0.0518
Step: 46500000  Loss: 0.117208 Regul: 0.001694 Obj: 0.118902 (0.093595)  NNZ: 5 (3)  Ttime: 1.3925 Vtime: 0.0513
Step: 46600000  Loss: 0.243007 Regul: 0.009145 Obj: 0.252152 (0.093595)  NNZ: 11 (3)  Ttime: 1.3893 Vtime: 0.0515
Step: 46700000  Loss: 0.172086 Regul: 0.003511 Obj: 0.175597 (0.093595)  NNZ: 5 (3)  Ttime: 1.3925 Vtime: 0.0517
Step: 46800000  Loss: 0.459105 Regul: 0.015051 Obj: 0.474156 (0.093595)  NNZ: 13 (3)  Ttime: 1.3900 Vtime: 0.0523
Step: 46900000  Loss: 0.121087 Regul: 0.003552 Obj: 0.124639 (0.093595)  NNZ: 6 (3)  Ttime: 1.3924 Vtime: 0.0509
Step: 47000000  Loss: 0.224982 Regul: 0.007220 Obj: 0.232202 (0.093595)  NNZ: 11 (3)  Ttime: 1.3914 Vtime: 0.0508
Step: 47100000  Loss: 0.195362 Regul: 0.005578 Obj: 0.200940 (0.093595)  NNZ: 8 (3)  Ttime: 1.3918 Vtime: 0.0517
Step: 47200000  Loss: 0.159883 Regul: 0.004308 Obj: 0.164191 (0.093595)  NNZ: 10 (3)  Ttime: 1.3922 Vtime: 0.0517
Step: 47300000  Loss: 0.113229 Regul: 0.002791 Obj: 0.116020 (0.093595)  NNZ: 5 (3)  Ttime: 1.3954 Vtime: 0.0517
Step: 47400000  Loss: 0.292057 Regul: 0.010077 Obj: 0.302134 (0.093595)  NNZ: 8 (3)  Ttime: 1.3919 Vtime: 0.0515
Step: 47500000  Loss: 0.346852 Regul: 0.009962 Obj: 0.356815 (0.093595)  NNZ: 8 (3)  Ttime: 1.3906 Vtime: 0.0507
Step: 47600000  Loss: 0.120030 Regul: 0.001597 Obj: 0.121627 (0.093595)  NNZ: 3 (3)  Ttime: 1.3996 Vtime: 0.0512
Step: 47700000  Loss: 0.199577 Regul: 0.003857 Obj: 0.203433 (0.093595)  NNZ: 6 (3)  Ttime: 1.3921 Vtime: 0.0516
Step: 47800000  Loss: 0.101323 Regul: 0.001058 Obj: 0.102381 (0.093595)  NNZ: 3 (3)  Ttime: 1.3985 Vtime: 0.0513
Step: 47900000  Loss: 0.341553 Regul: 0.007646 Obj: 0.349199 (0.093595)  NNZ: 9 (3)  Ttime: 1.3969 Vtime: 0.0512
Step: 48000000  Loss: 0.286859 Regul: 0.007876 Obj: 0.294735 (0.093595)  NNZ: 6 (3)  Ttime: 1.3986 Vtime: 0.0519
Step: 48100000  Loss: 0.185253 Regul: 0.005858 Obj: 0.191111 (0.093595)  NNZ: 8 (3)  Ttime: 1.3994 Vtime: 0.0509
Step: 48200000  Loss: 0.218021 Regul: 0.007002 Obj: 0.225023 (0.093595)  NNZ: 8 (3)  Ttime: 1.3966 Vtime: 0.0518
Step: 48300000  Loss: 0.210639 Regul: 0.006021 Obj: 0.216659 (0.093595)  NNZ: 7 (3)  Ttime: 1.3946 Vtime: 0.0518
Step: 48400000  Loss: 0.161021 Regul: 0.005234 Obj: 0.166255 (0.093595)  NNZ: 11 (3)  Ttime: 1.3983 Vtime: 0.0517
Step: 48500000  Loss: 0.159745 Regul: 0.004288 Obj: 0.164033 (0.093595)  NNZ: 6 (3)  Ttime: 1.3954 Vtime: 0.0515
Step: 48600000  Loss: 0.247236 Regul: 0.003388 Obj: 0.250624 (0.093595)  NNZ: 4 (3)  Ttime: 1.3890 Vtime: 0.0522
Step: 48700000  Loss: 0.348880 Regul: 0.013225 Obj: 0.362105 (0.093595)  NNZ: 9 (3)  Ttime: 1.3913 Vtime: 0.0518
Step: 48800000  Loss: 0.323251 Regul: 0.005323 Obj: 0.328575 (0.093595)  NNZ: 9 (3)  Ttime: 1.3966 Vtime: 0.0516
Step: 48900000  Loss: 0.233229 Regul: 0.008489 Obj: 0.241718 (0.093595)  NNZ: 10 (3)  Ttime: 1.3939 Vtime: 0.0514
Step: 49000000  Loss: 0.172452 Regul: 0.004367 Obj: 0.176819 (0.093595)  NNZ: 5 (3)  Ttime: 1.3906 Vtime: 0.0518
Step: 49100000  Loss: 0.239458 Regul: 0.007604 Obj: 0.247062 (0.093595)  NNZ: 8 (3)  Ttime: 1.3901 Vtime: 0.0510
Step: 49200000  Loss: 0.289259 Regul: 0.008914 Obj: 0.298172 (0.093595)  NNZ: 8 (3)  Ttime: 1.4013 Vtime: 0.0512
Step: 49300000  Loss: 0.314513 Regul: 0.005442 Obj: 0.319955 (0.093595)  NNZ: 7 (3)  Ttime: 1.3943 Vtime: 0.0517
Step: 49400000  Loss: 0.382515 Regul: 0.015464 Obj: 0.397980 (0.093595)  NNZ: 18 (3)  Ttime: 1.3924 Vtime: 0.0518
Step: 49500000  Loss: 0.200063 Regul: 0.005512 Obj: 0.205576 (0.093595)  NNZ: 6 (3)  Ttime: 1.3969 Vtime: 0.0513
Step: 49600000  Loss: 0.265427 Regul: 0.010090 Obj: 0.275517 (0.093595)  NNZ: 11 (3)  Ttime: 1.3988 Vtime: 0.0520
Step: 49700000  Loss: 0.201191 Regul: 0.002971 Obj: 0.204162 (0.093595)  NNZ: 4 (3)  Ttime: 1.3934 Vtime: 0.0511
Step: 49800000  Loss: 0.154814 Regul: 0.003869 Obj: 0.158682 (0.093595)  NNZ: 7 (3)  Ttime: 1.3952 Vtime: 0.0511
Step: 49900000  Loss: 0.185398 Regul: 0.004869 Obj: 0.190267 (0.093595)  NNZ: 10 (3)  Ttime: 1.3903 Vtime: 0.0514
Step: 50000000  Loss: 0.322868 Regul: 0.009309 Obj: 0.332177 (0.093595)  NNZ: 9 (3)  Ttime: 1.3931 Vtime: 0.0514
