mu: 0.055 gamma: 0.125 nIters: 50000000
Load PRParams.
Load RingParams.
Load Labels: 500000
Load Distances: 500000 x 5120
0...10...20...30...40...50...60...70...80...90...100 - done.
Positive samples #250000
Negative samples #250000
Positive train #200000
Negative train #200000
Positive valid #50000
Negative valid #50000

Found GPU: GeForce GTX 970
Compute Capability: 5.2

Best: 100000  Loss: 0.083791 Regul: 0.055164 Obj: 0.138955 (0.138955)  NNZ: 6 (6)  Ttime: 1.3884 Vtime: 0.2084
Stat: nPR #36 (#48) Dim/MaxDim [288/640] AUC: 0.977676 FPR95: 10.28 [saved]
Step: 200000  Loss: 0.177483 Regul: 0.130387 Obj: 0.307870 (0.138955)  NNZ: 18 (6)  Ttime: 1.3791 Vtime: 0.0518
Step: 300000  Loss: 0.200732 Regul: 0.135608 Obj: 0.336340 (0.138955)  NNZ: 15 (6)  Ttime: 1.3760 Vtime: 0.0517
Step: 400000  Loss: 0.079889 Regul: 0.059327 Obj: 0.139216 (0.138955)  NNZ: 9 (6)  Ttime: 1.3760 Vtime: 0.0508
Best: 500000  Loss: 0.069765 Regul: 0.030677 Obj: 0.100442 (0.100442)  NNZ: 8 (8)  Ttime: 1.3791 Vtime: 0.0521
Stat: nPR #52 (#64) Dim/MaxDim [416/640] AUC: 0.975625 FPR95: 12.19 [saved]
Step: 600000  Loss: 0.084370 Regul: 0.058429 Obj: 0.142799 (0.100442)  NNZ: 7 (8)  Ttime: 1.3940 Vtime: 0.0514
Step: 700000  Loss: 0.089158 Regul: 0.040773 Obj: 0.129931 (0.100442)  NNZ: 10 (8)  Ttime: 1.3778 Vtime: 0.0512
Best: 800000  Loss: 0.068214 Regul: 0.028072 Obj: 0.096286 (0.096286)  NNZ: 5 (5)  Ttime: 1.3880 Vtime: 0.0515
Stat: nPR #32 (#40) Dim/MaxDim [256/640] AUC: 0.975035 FPR95: 14.55 [saved]
Best: 900000  Loss: 0.080911 Regul: 0.013852 Obj: 0.094763 (0.094763)  NNZ: 3 (3)  Ttime: 1.3809 Vtime: 0.0513
Stat: nPR #12 (#24) Dim/MaxDim [96/640] AUC: 0.970104 FPR95: 18.63 [saved]
Best: 1000000  Loss: 0.069154 Regul: 0.016649 Obj: 0.085803 (0.085803)  NNZ: 5 (5)  Ttime: 1.3789 Vtime: 0.0511
Stat: nPR #36 (#40) Dim/MaxDim [288/640] AUC: 0.974369 FPR95: 13.18 [saved]
Best: 1100000  Loss: 0.052483 Regul: 0.023191 Obj: 0.075674 (0.075674)  NNZ: 8 (8)  Ttime: 1.3856 Vtime: 0.0519
Stat: nPR #56 (#64) Dim/MaxDim [448/640] AUC: 0.980018 FPR95: 9.32 [saved]
Step: 1200000  Loss: 0.066225 Regul: 0.028124 Obj: 0.094350 (0.075674)  NNZ: 6 (8)  Ttime: 1.3832 Vtime: 0.0514
Step: 1300000  Loss: 0.060372 Regul: 0.040992 Obj: 0.101363 (0.075674)  NNZ: 10 (8)  Ttime: 1.3794 Vtime: 0.0508
Step: 1400000  Loss: 0.098942 Regul: 0.030907 Obj: 0.129849 (0.075674)  NNZ: 8 (8)  Ttime: 1.3789 Vtime: 0.0518
Step: 1500000  Loss: 0.073322 Regul: 0.014381 Obj: 0.087703 (0.075674)  NNZ: 6 (8)  Ttime: 1.3845 Vtime: 0.0514
Step: 1600000  Loss: 0.069036 Regul: 0.029387 Obj: 0.098422 (0.075674)  NNZ: 7 (8)  Ttime: 1.3786 Vtime: 0.0511
Step: 1700000  Loss: 0.055990 Regul: 0.026046 Obj: 0.082036 (0.075674)  NNZ: 9 (8)  Ttime: 1.3747 Vtime: 0.0514
Best: 1800000  Loss: 0.050277 Regul: 0.020944 Obj: 0.071221 (0.071221)  NNZ: 7 (7)  Ttime: 1.3800 Vtime: 0.0514
Stat: nPR #48 (#56) Dim/MaxDim [384/640] AUC: 0.980969 FPR95: 7.74 [saved]
Step: 1900000  Loss: 0.083076 Regul: 0.033667 Obj: 0.116743 (0.071221)  NNZ: 8 (7)  Ttime: 1.3830 Vtime: 0.0520
Step: 2000000  Loss: 0.069239 Regul: 0.024361 Obj: 0.093601 (0.071221)  NNZ: 8 (7)  Ttime: 1.3792 Vtime: 0.0517
Step: 2100000  Loss: 0.055972 Regul: 0.029212 Obj: 0.085184 (0.071221)  NNZ: 9 (7)  Ttime: 1.3813 Vtime: 0.0508
Step: 2200000  Loss: 0.058098 Regul: 0.017097 Obj: 0.075195 (0.071221)  NNZ: 8 (7)  Ttime: 1.3775 Vtime: 0.0513
Step: 2300000  Loss: 0.057158 Regul: 0.035751 Obj: 0.092909 (0.071221)  NNZ: 12 (7)  Ttime: 1.3858 Vtime: 0.0517
Step: 2400000  Loss: 0.052272 Regul: 0.029867 Obj: 0.082138 (0.071221)  NNZ: 9 (7)  Ttime: 1.3860 Vtime: 0.0519
Step: 2500000  Loss: 0.067235 Regul: 0.019450 Obj: 0.086685 (0.071221)  NNZ: 8 (7)  Ttime: 1.3788 Vtime: 0.0517
Step: 2600000  Loss: 0.076749 Regul: 0.034442 Obj: 0.111191 (0.071221)  NNZ: 10 (7)  Ttime: 1.3876 Vtime: 0.0512
Step: 2700000  Loss: 0.084063 Regul: 0.047732 Obj: 0.131795 (0.071221)  NNZ: 10 (7)  Ttime: 1.3830 Vtime: 0.0514
Step: 2800000  Loss: 0.066823 Regul: 0.048736 Obj: 0.115559 (0.071221)  NNZ: 16 (7)  Ttime: 1.3859 Vtime: 0.0507
Step: 2900000  Loss: 0.061819 Regul: 0.031230 Obj: 0.093048 (0.071221)  NNZ: 11 (7)  Ttime: 1.3838 Vtime: 0.0527
Step: 3000000  Loss: 0.054869 Regul: 0.022549 Obj: 0.077418 (0.071221)  NNZ: 10 (7)  Ttime: 1.4431 Vtime: 0.0511
Step: 3100000  Loss: 0.063602 Regul: 0.024385 Obj: 0.087987 (0.071221)  NNZ: 8 (7)  Ttime: 1.3826 Vtime: 0.0514
Step: 3200000  Loss: 0.094681 Regul: 0.021142 Obj: 0.115823 (0.071221)  NNZ: 6 (7)  Ttime: 1.3838 Vtime: 0.0516
Step: 3300000  Loss: 0.059992 Regul: 0.022139 Obj: 0.082131 (0.071221)  NNZ: 9 (7)  Ttime: 1.3865 Vtime: 0.0512
Step: 3400000  Loss: 0.070251 Regul: 0.018876 Obj: 0.089127 (0.071221)  NNZ: 7 (7)  Ttime: 1.3766 Vtime: 0.0514
Step: 3500000  Loss: 0.056750 Regul: 0.034516 Obj: 0.091266 (0.071221)  NNZ: 10 (7)  Ttime: 1.3891 Vtime: 0.0513
Best: 3600000  Loss: 0.050765 Regul: 0.020031 Obj: 0.070795 (0.070795)  NNZ: 8 (8)  Ttime: 1.3819 Vtime: 0.0517
Stat: nPR #52 (#64) Dim/MaxDim [416/640] AUC: 0.980937 FPR95: 7.66 [saved]
Step: 3700000  Loss: 0.054054 Regul: 0.026258 Obj: 0.080312 (0.070795)  NNZ: 10 (8)  Ttime: 1.3807 Vtime: 0.0511
Step: 3800000  Loss: 0.061048 Regul: 0.025593 Obj: 0.086641 (0.070795)  NNZ: 11 (8)  Ttime: 1.3811 Vtime: 0.0514
Step: 3900000  Loss: 0.052737 Regul: 0.021390 Obj: 0.074128 (0.070795)  NNZ: 9 (8)  Ttime: 1.3785 Vtime: 0.0520
Step: 4000000  Loss: 0.064841 Regul: 0.025053 Obj: 0.089894 (0.070795)  NNZ: 10 (8)  Ttime: 1.3807 Vtime: 0.0517
Step: 4100000  Loss: 0.070014 Regul: 0.030468 Obj: 0.100481 (0.070795)  NNZ: 11 (8)  Ttime: 1.3785 Vtime: 0.0514
Step: 4200000  Loss: 0.084546 Regul: 0.027231 Obj: 0.111777 (0.070795)  NNZ: 13 (8)  Ttime: 1.3887 Vtime: 0.0520
Step: 4300000  Loss: 0.052977 Regul: 0.020622 Obj: 0.073599 (0.070795)  NNZ: 10 (8)  Ttime: 1.3808 Vtime: 0.0512
Step: 4400000  Loss: 0.060118 Regul: 0.024596 Obj: 0.084714 (0.070795)  NNZ: 10 (8)  Ttime: 1.3829 Vtime: 0.0515
Step: 4500000  Loss: 0.100742 Regul: 0.030239 Obj: 0.130982 (0.070795)  NNZ: 11 (8)  Ttime: 1.3789 Vtime: 0.0516
Step: 4600000  Loss: 0.051749 Regul: 0.025331 Obj: 0.077080 (0.070795)  NNZ: 11 (8)  Ttime: 1.3913 Vtime: 0.0520
Step: 4700000  Loss: 0.065280 Regul: 0.018033 Obj: 0.083313 (0.070795)  NNZ: 9 (8)  Ttime: 1.3768 Vtime: 0.0517
Step: 4800000  Loss: 0.081282 Regul: 0.029675 Obj: 0.110957 (0.070795)  NNZ: 10 (8)  Ttime: 1.3760 Vtime: 0.0514
Step: 4900000  Loss: 0.051262 Regul: 0.023502 Obj: 0.074764 (0.070795)  NNZ: 9 (8)  Ttime: 1.3832 Vtime: 0.0520
Step: 5000000  Loss: 0.049910 Regul: 0.026906 Obj: 0.076816 (0.070795)  NNZ: 12 (8)  Ttime: 1.3813 Vtime: 0.0517
Step: 5100000  Loss: 0.065853 Regul: 0.028494 Obj: 0.094346 (0.070795)  NNZ: 11 (8)  Ttime: 1.3788 Vtime: 0.0508
Step: 5200000  Loss: 0.074714 Regul: 0.015979 Obj: 0.090693 (0.070795)  NNZ: 5 (8)  Ttime: 1.3821 Vtime: 0.0514
Step: 5300000  Loss: 0.054161 Regul: 0.030374 Obj: 0.084535 (0.070795)  NNZ: 11 (8)  Ttime: 1.3804 Vtime: 0.0512
Step: 5400000  Loss: 0.054602 Regul: 0.029286 Obj: 0.083888 (0.070795)  NNZ: 8 (8)  Ttime: 1.3796 Vtime: 0.0521
Step: 5500000  Loss: 0.055412 Regul: 0.026996 Obj: 0.082408 (0.070795)  NNZ: 9 (8)  Ttime: 1.3810 Vtime: 0.0513
Step: 5600000  Loss: 0.057386 Regul: 0.016738 Obj: 0.074124 (0.070795)  NNZ: 7 (8)  Ttime: 1.3796 Vtime: 0.0517
Step: 5700000  Loss: 0.107409 Regul: 0.031501 Obj: 0.138910 (0.070795)  NNZ: 16 (8)  Ttime: 1.3855 Vtime: 0.0513
Step: 5800000  Loss: 0.062841 Regul: 0.022411 Obj: 0.085251 (0.070795)  NNZ: 8 (8)  Ttime: 1.3764 Vtime: 0.0520
Step: 5900000  Loss: 0.053573 Regul: 0.031475 Obj: 0.085048 (0.070795)  NNZ: 11 (8)  Ttime: 1.3850 Vtime: 0.0521
Step: 6000000  Loss: 0.057031 Regul: 0.028124 Obj: 0.085155 (0.070795)  NNZ: 10 (8)  Ttime: 1.3850 Vtime: 0.0510
Step: 6100000  Loss: 0.055669 Regul: 0.023076 Obj: 0.078744 (0.070795)  NNZ: 9 (8)  Ttime: 1.3791 Vtime: 0.0514
Step: 6200000  Loss: 0.054219 Regul: 0.024465 Obj: 0.078684 (0.070795)  NNZ: 10 (8)  Ttime: 1.3819 Vtime: 0.0518
Step: 6300000  Loss: 0.082737 Regul: 0.026567 Obj: 0.109304 (0.070795)  NNZ: 9 (8)  Ttime: 1.3808 Vtime: 0.0522
Step: 6400000  Loss: 0.053940 Regul: 0.031253 Obj: 0.085193 (0.070795)  NNZ: 13 (8)  Ttime: 1.3814 Vtime: 0.0519
Step: 6500000  Loss: 0.057298 Regul: 0.016899 Obj: 0.074196 (0.070795)  NNZ: 6 (8)  Ttime: 1.3795 Vtime: 0.0513
Step: 6600000  Loss: 0.061585 Regul: 0.018947 Obj: 0.080532 (0.070795)  NNZ: 8 (8)  Ttime: 1.3759 Vtime: 0.0517
Best: 6700000  Loss: 0.049506 Regul: 0.018174 Obj: 0.067681 (0.067681)  NNZ: 8 (8)  Ttime: 1.3821 Vtime: 0.0514
Stat: nPR #56 (#64) Dim/MaxDim [448/640] AUC: 0.981345 FPR95: 7.96 [saved]
Step: 6800000  Loss: 0.073102 Regul: 0.014656 Obj: 0.087759 (0.067681)  NNZ: 9 (8)  Ttime: 1.3884 Vtime: 0.0517
Step: 6900000  Loss: 0.053789 Regul: 0.030434 Obj: 0.084223 (0.067681)  NNZ: 10 (8)  Ttime: 1.3838 Vtime: 0.0516
Step: 7000000  Loss: 0.057730 Regul: 0.027587 Obj: 0.085318 (0.067681)  NNZ: 16 (8)  Ttime: 1.3816 Vtime: 0.0518
Step: 7100000  Loss: 0.064453 Regul: 0.023693 Obj: 0.088147 (0.067681)  NNZ: 11 (8)  Ttime: 1.3778 Vtime: 0.0513
Step: 7200000  Loss: 0.058171 Regul: 0.028111 Obj: 0.086282 (0.067681)  NNZ: 10 (8)  Ttime: 1.3781 Vtime: 0.0513
Step: 7300000  Loss: 0.048100 Regul: 0.021840 Obj: 0.069940 (0.067681)  NNZ: 10 (8)  Ttime: 1.3802 Vtime: 0.0515
Step: 7400000  Loss: 0.058358 Regul: 0.021740 Obj: 0.080097 (0.067681)  NNZ: 9 (8)  Ttime: 1.3826 Vtime: 0.0513
Step: 7500000  Loss: 0.070386 Regul: 0.020054 Obj: 0.090440 (0.067681)  NNZ: 7 (8)  Ttime: 1.3814 Vtime: 0.0517
Step: 7600000  Loss: 0.056388 Regul: 0.019732 Obj: 0.076120 (0.067681)  NNZ: 6 (8)  Ttime: 1.3826 Vtime: 0.0511
Step: 7700000  Loss: 0.071379 Regul: 0.030656 Obj: 0.102035 (0.067681)  NNZ: 16 (8)  Ttime: 1.3839 Vtime: 0.0512
Step: 7800000  Loss: 0.061108 Regul: 0.036349 Obj: 0.097457 (0.067681)  NNZ: 12 (8)  Ttime: 1.3808 Vtime: 0.0510
Step: 7900000  Loss: 0.067065 Regul: 0.042224 Obj: 0.109289 (0.067681)  NNZ: 16 (8)  Ttime: 1.3804 Vtime: 0.0516
Step: 8000000  Loss: 0.061138 Regul: 0.031918 Obj: 0.093056 (0.067681)  NNZ: 19 (8)  Ttime: 1.3786 Vtime: 0.0510
Step: 8100000  Loss: 0.051649 Regul: 0.031877 Obj: 0.083527 (0.067681)  NNZ: 11 (8)  Ttime: 1.3779 Vtime: 0.0517
Step: 8200000  Loss: 0.052081 Regul: 0.027654 Obj: 0.079735 (0.067681)  NNZ: 11 (8)  Ttime: 1.3779 Vtime: 0.0516
Step: 8300000  Loss: 0.058825 Regul: 0.019638 Obj: 0.078464 (0.067681)  NNZ: 8 (8)  Ttime: 1.3839 Vtime: 0.0518
Step: 8400000  Loss: 0.057367 Regul: 0.026694 Obj: 0.084061 (0.067681)  NNZ: 10 (8)  Ttime: 1.3801 Vtime: 0.0514
Step: 8500000  Loss: 0.060428 Regul: 0.027037 Obj: 0.087465 (0.067681)  NNZ: 12 (8)  Ttime: 1.3791 Vtime: 0.0515
Step: 8600000  Loss: 0.071266 Regul: 0.023901 Obj: 0.095168 (0.067681)  NNZ: 10 (8)  Ttime: 1.3822 Vtime: 0.0509
Step: 8700000  Loss: 0.053822 Regul: 0.022820 Obj: 0.076643 (0.067681)  NNZ: 10 (8)  Ttime: 1.3793 Vtime: 0.0521
Step: 8800000  Loss: 0.091915 Regul: 0.030098 Obj: 0.122013 (0.067681)  NNZ: 11 (8)  Ttime: 1.3789 Vtime: 0.0515
Step: 8900000  Loss: 0.057471 Regul: 0.027769 Obj: 0.085239 (0.067681)  NNZ: 13 (8)  Ttime: 1.3794 Vtime: 0.0516
Step: 9000000  Loss: 0.049514 Regul: 0.022888 Obj: 0.072402 (0.067681)  NNZ: 13 (8)  Ttime: 1.3815 Vtime: 0.0513
Step: 9100000  Loss: 0.057982 Regul: 0.029131 Obj: 0.087114 (0.067681)  NNZ: 11 (8)  Ttime: 1.3797 Vtime: 0.0511
Step: 9200000  Loss: 0.058222 Regul: 0.014878 Obj: 0.073100 (0.067681)  NNZ: 8 (8)  Ttime: 1.3813 Vtime: 0.0508
Step: 9300000  Loss: 0.056491 Regul: 0.027782 Obj: 0.084273 (0.067681)  NNZ: 13 (8)  Ttime: 1.3832 Vtime: 0.0512
Step: 9400000  Loss: 0.079017 Regul: 0.024573 Obj: 0.103590 (0.067681)  NNZ: 10 (8)  Ttime: 1.3794 Vtime: 0.0525
Step: 9500000  Loss: 0.056165 Regul: 0.013837 Obj: 0.070002 (0.067681)  NNZ: 7 (8)  Ttime: 1.3813 Vtime: 0.0512
Step: 9600000  Loss: 0.060101 Regul: 0.022606 Obj: 0.082707 (0.067681)  NNZ: 9 (8)  Ttime: 1.3860 Vtime: 0.0519
Step: 9700000  Loss: 0.072803 Regul: 0.014630 Obj: 0.087433 (0.067681)  NNZ: 6 (8)  Ttime: 1.3785 Vtime: 0.0517
Step: 9800000  Loss: 0.052822 Regul: 0.026016 Obj: 0.078838 (0.067681)  NNZ: 10 (8)  Ttime: 1.3763 Vtime: 0.0507
Step: 9900000  Loss: 0.055482 Regul: 0.018940 Obj: 0.074422 (0.067681)  NNZ: 9 (8)  Ttime: 1.3879 Vtime: 0.0516
Step: 10000000  Loss: 0.072028 Regul: 0.012192 Obj: 0.084220 (0.067681)  NNZ: 8 (8)  Ttime: 1.3830 Vtime: 0.0516
Step: 10100000  Loss: 0.060724 Regul: 0.024391 Obj: 0.085116 (0.067681)  NNZ: 15 (8)  Ttime: 1.3909 Vtime: 0.0518
Step: 10200000  Loss: 0.067322 Regul: 0.025526 Obj: 0.092848 (0.067681)  NNZ: 10 (8)  Ttime: 1.3776 Vtime: 0.0514
Step: 10300000  Loss: 0.064338 Regul: 0.027883 Obj: 0.092220 (0.067681)  NNZ: 17 (8)  Ttime: 1.3811 Vtime: 0.0511
Step: 10400000  Loss: 0.052917 Regul: 0.017731 Obj: 0.070648 (0.067681)  NNZ: 9 (8)  Ttime: 1.3778 Vtime: 0.0513
Step: 10500000  Loss: 0.053206 Regul: 0.018336 Obj: 0.071542 (0.067681)  NNZ: 11 (8)  Ttime: 1.3820 Vtime: 0.0516
Step: 10600000  Loss: 0.075143 Regul: 0.025634 Obj: 0.100777 (0.067681)  NNZ: 9 (8)  Ttime: 1.3787 Vtime: 0.0506
Step: 10700000  Loss: 0.051090 Regul: 0.019779 Obj: 0.070869 (0.067681)  NNZ: 11 (8)  Ttime: 1.3844 Vtime: 0.0526
Step: 10800000  Loss: 0.061419 Regul: 0.028467 Obj: 0.089886 (0.067681)  NNZ: 14 (8)  Ttime: 1.3816 Vtime: 0.0512
Step: 10900000  Loss: 0.066464 Regul: 0.022968 Obj: 0.089432 (0.067681)  NNZ: 9 (8)  Ttime: 1.3775 Vtime: 0.0513
Step: 11000000  Loss: 0.064562 Regul: 0.021807 Obj: 0.086369 (0.067681)  NNZ: 11 (8)  Ttime: 1.3844 Vtime: 0.0514
Step: 11100000  Loss: 0.050328 Regul: 0.020719 Obj: 0.071047 (0.067681)  NNZ: 11 (8)  Ttime: 1.3816 Vtime: 0.0514
Step: 11200000  Loss: 0.053653 Regul: 0.016160 Obj: 0.069813 (0.067681)  NNZ: 12 (8)  Ttime: 1.3774 Vtime: 0.0516
Step: 11300000  Loss: 0.052427 Regul: 0.022015 Obj: 0.074442 (0.067681)  NNZ: 11 (8)  Ttime: 1.3790 Vtime: 0.0518
Step: 11400000  Loss: 0.060641 Regul: 0.038551 Obj: 0.099192 (0.067681)  NNZ: 15 (8)  Ttime: 1.3839 Vtime: 0.0520
Step: 11500000  Loss: 0.056040 Regul: 0.024613 Obj: 0.080653 (0.067681)  NNZ: 12 (8)  Ttime: 1.3822 Vtime: 0.0510
Step: 11600000  Loss: 0.056014 Regul: 0.015663 Obj: 0.071678 (0.067681)  NNZ: 12 (8)  Ttime: 1.3831 Vtime: 0.0522
Step: 11700000  Loss: 0.068861 Regul: 0.050146 Obj: 0.119007 (0.067681)  NNZ: 21 (8)  Ttime: 1.3782 Vtime: 0.0510
Step: 11800000  Loss: 0.060087 Regul: 0.033905 Obj: 0.093992 (0.067681)  NNZ: 19 (8)  Ttime: 1.3831 Vtime: 0.0511
Step: 11900000  Loss: 0.055968 Regul: 0.020236 Obj: 0.076204 (0.067681)  NNZ: 10 (8)  Ttime: 1.3820 Vtime: 0.0515
Step: 12000000  Loss: 0.049062 Regul: 0.024069 Obj: 0.073131 (0.067681)  NNZ: 11 (8)  Ttime: 1.3764 Vtime: 0.0523
Step: 12100000  Loss: 0.056764 Regul: 0.027037 Obj: 0.083801 (0.067681)  NNZ: 14 (8)  Ttime: 1.3765 Vtime: 0.0513
Step: 12200000  Loss: 0.051104 Regul: 0.025566 Obj: 0.076671 (0.067681)  NNZ: 13 (8)  Ttime: 1.3884 Vtime: 0.0518
Step: 12300000  Loss: 0.050771 Regul: 0.029789 Obj: 0.080560 (0.067681)  NNZ: 13 (8)  Ttime: 1.3795 Vtime: 0.0513
Step: 12400000  Loss: 0.171964 Regul: 0.025110 Obj: 0.197074 (0.067681)  NNZ: 14 (8)  Ttime: 1.3796 Vtime: 0.0517
Step: 12500000  Loss: 0.066224 Regul: 0.024076 Obj: 0.090299 (0.067681)  NNZ: 15 (8)  Ttime: 1.3801 Vtime: 0.0516
Step: 12600000  Loss: 0.053458 Regul: 0.026943 Obj: 0.080401 (0.067681)  NNZ: 10 (8)  Ttime: 1.3801 Vtime: 0.0512
Step: 12700000  Loss: 0.052401 Regul: 0.029145 Obj: 0.081546 (0.067681)  NNZ: 10 (8)  Ttime: 1.3828 Vtime: 0.0513
Step: 12800000  Loss: 0.053510 Regul: 0.022431 Obj: 0.075941 (0.067681)  NNZ: 13 (8)  Ttime: 1.3833 Vtime: 0.0513
Step: 12900000  Loss: 0.056195 Regul: 0.016677 Obj: 0.072873 (0.067681)  NNZ: 7 (8)  Ttime: 1.3879 Vtime: 0.0513
Step: 13000000  Loss: 0.049003 Regul: 0.018832 Obj: 0.067836 (0.067681)  NNZ: 10 (8)  Ttime: 1.3851 Vtime: 0.0513
Step: 13100000  Loss: 0.057666 Regul: 0.020195 Obj: 0.077861 (0.067681)  NNZ: 8 (8)  Ttime: 1.3897 Vtime: 0.0515
Step: 13200000  Loss: 0.069748 Regul: 0.018785 Obj: 0.088533 (0.067681)  NNZ: 10 (8)  Ttime: 1.3869 Vtime: 0.0518
Step: 13300000  Loss: 0.055233 Regul: 0.013455 Obj: 0.068688 (0.067681)  NNZ: 11 (8)  Ttime: 1.3847 Vtime: 0.0520
Step: 13400000  Loss: 0.064465 Regul: 0.040323 Obj: 0.104789 (0.067681)  NNZ: 18 (8)  Ttime: 1.3863 Vtime: 0.0511
Step: 13500000  Loss: 0.060785 Regul: 0.018712 Obj: 0.079497 (0.067681)  NNZ: 11 (8)  Ttime: 1.3782 Vtime: 0.0523
Step: 13600000  Loss: 0.051267 Regul: 0.022982 Obj: 0.074249 (0.067681)  NNZ: 13 (8)  Ttime: 1.3855 Vtime: 0.0523
Step: 13700000  Loss: 0.052605 Regul: 0.026553 Obj: 0.079158 (0.067681)  NNZ: 11 (8)  Ttime: 1.3829 Vtime: 0.0515
Step: 13800000  Loss: 0.072488 Regul: 0.024083 Obj: 0.096571 (0.067681)  NNZ: 14 (8)  Ttime: 1.3824 Vtime: 0.0516
Step: 13900000  Loss: 0.050012 Regul: 0.021484 Obj: 0.071496 (0.067681)  NNZ: 12 (8)  Ttime: 1.3833 Vtime: 0.0516
Step: 14000000  Loss: 0.053025 Regul: 0.024506 Obj: 0.077531 (0.067681)  NNZ: 11 (8)  Ttime: 1.3861 Vtime: 0.0516
Step: 14100000  Loss: 0.057531 Regul: 0.022646 Obj: 0.080177 (0.067681)  NNZ: 10 (8)  Ttime: 1.3869 Vtime: 0.0510
Step: 14200000  Loss: 0.062405 Regul: 0.025560 Obj: 0.087964 (0.067681)  NNZ: 16 (8)  Ttime: 1.3822 Vtime: 0.0514
Step: 14300000  Loss: 0.056166 Regul: 0.022344 Obj: 0.078509 (0.067681)  NNZ: 11 (8)  Ttime: 1.3846 Vtime: 0.0512
Step: 14400000  Loss: 0.056253 Regul: 0.015670 Obj: 0.071923 (0.067681)  NNZ: 11 (8)  Ttime: 1.3825 Vtime: 0.0518
Step: 14500000  Loss: 0.050344 Regul: 0.022230 Obj: 0.072574 (0.067681)  NNZ: 12 (8)  Ttime: 1.3839 Vtime: 0.0511
Step: 14600000  Loss: 0.054277 Regul: 0.018033 Obj: 0.072310 (0.067681)  NNZ: 12 (8)  Ttime: 1.3827 Vtime: 0.0520
Step: 14700000  Loss: 0.050835 Regul: 0.021182 Obj: 0.072017 (0.067681)  NNZ: 11 (8)  Ttime: 1.3828 Vtime: 0.0519
Step: 14800000  Loss: 0.048607 Regul: 0.022102 Obj: 0.070709 (0.067681)  NNZ: 11 (8)  Ttime: 1.3847 Vtime: 0.0514
Step: 14900000  Loss: 0.051988 Regul: 0.026896 Obj: 0.078884 (0.067681)  NNZ: 11 (8)  Ttime: 1.3872 Vtime: 0.0516
Step: 15000000  Loss: 0.058566 Regul: 0.019960 Obj: 0.078527 (0.067681)  NNZ: 10 (8)  Ttime: 1.3853 Vtime: 0.0515
Step: 15100000  Loss: 0.059498 Regul: 0.031501 Obj: 0.091000 (0.067681)  NNZ: 21 (8)  Ttime: 1.3826 Vtime: 0.0524
Step: 15200000  Loss: 0.050461 Regul: 0.030286 Obj: 0.080747 (0.067681)  NNZ: 16 (8)  Ttime: 1.3950 Vtime: 0.0516
Step: 15300000  Loss: 0.056131 Regul: 0.028782 Obj: 0.084913 (0.067681)  NNZ: 14 (8)  Ttime: 1.3873 Vtime: 0.0521
Step: 15400000  Loss: 0.054862 Regul: 0.022491 Obj: 0.077353 (0.067681)  NNZ: 10 (8)  Ttime: 1.3800 Vtime: 0.0507
Step: 15500000  Loss: 0.050725 Regul: 0.027916 Obj: 0.078642 (0.067681)  NNZ: 14 (8)  Ttime: 1.3808 Vtime: 0.0509
Step: 15600000  Loss: 0.053761 Regul: 0.022706 Obj: 0.076467 (0.067681)  NNZ: 16 (8)  Ttime: 1.3874 Vtime: 0.0512
Step: 15700000  Loss: 0.060118 Regul: 0.019188 Obj: 0.079306 (0.067681)  NNZ: 12 (8)  Ttime: 1.3888 Vtime: 0.0520
Step: 15800000  Loss: 0.050140 Regul: 0.020967 Obj: 0.071107 (0.067681)  NNZ: 10 (8)  Ttime: 1.3826 Vtime: 0.0524
Step: 15900000  Loss: 0.049166 Regul: 0.019571 Obj: 0.068736 (0.067681)  NNZ: 13 (8)  Ttime: 1.3835 Vtime: 0.0519
Step: 16000000  Loss: 0.054883 Regul: 0.026641 Obj: 0.081523 (0.067681)  NNZ: 17 (8)  Ttime: 1.3838 Vtime: 0.0518
Step: 16100000  Loss: 0.052484 Regul: 0.023653 Obj: 0.076136 (0.067681)  NNZ: 11 (8)  Ttime: 1.3831 Vtime: 0.0519
Step: 16200000  Loss: 0.053202 Regul: 0.015200 Obj: 0.068402 (0.067681)  NNZ: 9 (8)  Ttime: 1.3793 Vtime: 0.0516
Step: 16300000  Loss: 0.059440 Regul: 0.019893 Obj: 0.079333 (0.067681)  NNZ: 15 (8)  Ttime: 1.3930 Vtime: 0.0507
Step: 16400000  Loss: 0.073162 Regul: 0.034563 Obj: 0.107725 (0.067681)  NNZ: 16 (8)  Ttime: 1.3913 Vtime: 0.0506
Step: 16500000  Loss: 0.093842 Regul: 0.041143 Obj: 0.134984 (0.067681)  NNZ: 17 (8)  Ttime: 1.3873 Vtime: 0.0510
Step: 16600000  Loss: 0.054691 Regul: 0.016080 Obj: 0.070771 (0.067681)  NNZ: 9 (8)  Ttime: 1.3805 Vtime: 0.0515
Step: 16700000  Loss: 0.056372 Regul: 0.025553 Obj: 0.081925 (0.067681)  NNZ: 12 (8)  Ttime: 1.3829 Vtime: 0.0510
Step: 16800000  Loss: 0.055853 Regul: 0.025506 Obj: 0.081359 (0.067681)  NNZ: 12 (8)  Ttime: 1.3776 Vtime: 0.0518
Step: 16900000  Loss: 0.053083 Regul: 0.015825 Obj: 0.068908 (0.067681)  NNZ: 8 (8)  Ttime: 1.3878 Vtime: 0.0509
Step: 17000000  Loss: 0.054807 Regul: 0.023908 Obj: 0.078715 (0.067681)  NNZ: 16 (8)  Ttime: 1.3837 Vtime: 0.0507
Step: 17100000  Loss: 0.056121 Regul: 0.025150 Obj: 0.081271 (0.067681)  NNZ: 17 (8)  Ttime: 1.3775 Vtime: 0.0508
Step: 17200000  Loss: 0.064275 Regul: 0.021424 Obj: 0.085699 (0.067681)  NNZ: 9 (8)  Ttime: 1.3908 Vtime: 0.0513
Step: 17300000  Loss: 0.053290 Regul: 0.017550 Obj: 0.070840 (0.067681)  NNZ: 10 (8)  Ttime: 1.3834 Vtime: 0.0513
Step: 17400000  Loss: 0.052033 Regul: 0.026647 Obj: 0.078680 (0.067681)  NNZ: 10 (8)  Ttime: 1.3817 Vtime: 0.0518
Step: 17500000  Loss: 0.054658 Regul: 0.021880 Obj: 0.076539 (0.067681)  NNZ: 10 (8)  Ttime: 1.3839 Vtime: 0.0516
Step: 17600000  Loss: 0.052447 Regul: 0.016577 Obj: 0.069024 (0.067681)  NNZ: 9 (8)  Ttime: 1.3808 Vtime: 0.0513
Step: 17700000  Loss: 0.049979 Regul: 0.024741 Obj: 0.074719 (0.067681)  NNZ: 14 (8)  Ttime: 1.3890 Vtime: 0.0514
Step: 17800000  Loss: 0.057284 Regul: 0.020471 Obj: 0.077754 (0.067681)  NNZ: 12 (8)  Ttime: 1.3836 Vtime: 0.0520
Step: 17900000  Loss: 0.056297 Regul: 0.019336 Obj: 0.075633 (0.067681)  NNZ: 11 (8)  Ttime: 1.3882 Vtime: 0.0509
Best: 18000000  Loss: 0.049648 Regul: 0.017402 Obj: 0.067050 (0.067050)  NNZ: 15 (15)  Ttime: 1.3920 Vtime: 0.0511
Stat: nPR #84 (#120) Dim/MaxDim [672/640] AUC: 0.981650 FPR95: 7.73
Step: 18100000  Loss: 0.057649 Regul: 0.021041 Obj: 0.078691 (0.067050)  NNZ: 16 (15)  Ttime: 1.3895 Vtime: 0.0506
Step: 18200000  Loss: 0.058221 Regul: 0.023519 Obj: 0.081739 (0.067050)  NNZ: 9 (15)  Ttime: 1.3908 Vtime: 0.0510
Step: 18300000  Loss: 0.053184 Regul: 0.018342 Obj: 0.071527 (0.067050)  NNZ: 10 (15)  Ttime: 1.3887 Vtime: 0.0512
Step: 18400000  Loss: 0.054512 Regul: 0.020786 Obj: 0.075298 (0.067050)  NNZ: 18 (15)  Ttime: 1.3892 Vtime: 0.0509
Step: 18500000  Loss: 0.056371 Regul: 0.014811 Obj: 0.071182 (0.067050)  NNZ: 8 (15)  Ttime: 1.3892 Vtime: 0.0516
Step: 18600000  Loss: 0.054541 Regul: 0.030508 Obj: 0.085049 (0.067050)  NNZ: 14 (15)  Ttime: 1.3931 Vtime: 0.0507
Step: 18700000  Loss: 0.066975 Regul: 0.020457 Obj: 0.087432 (0.067050)  NNZ: 9 (15)  Ttime: 1.3870 Vtime: 0.0518
Step: 18800000  Loss: 0.049211 Regul: 0.020558 Obj: 0.069769 (0.067050)  NNZ: 11 (15)  Ttime: 1.3856 Vtime: 0.0511
Step: 18900000  Loss: 0.056822 Regul: 0.017631 Obj: 0.074453 (0.067050)  NNZ: 13 (15)  Ttime: 1.3858 Vtime: 0.0513
Step: 19000000  Loss: 0.074245 Regul: 0.026083 Obj: 0.100329 (0.067050)  NNZ: 14 (15)  Ttime: 1.3869 Vtime: 0.0517
Step: 19100000  Loss: 0.062611 Regul: 0.023317 Obj: 0.085928 (0.067050)  NNZ: 13 (15)  Ttime: 1.3880 Vtime: 0.0512
Step: 19200000  Loss: 0.052329 Regul: 0.025566 Obj: 0.077895 (0.067050)  NNZ: 16 (15)  Ttime: 1.3869 Vtime: 0.0517
Step: 19300000  Loss: 0.055384 Regul: 0.025768 Obj: 0.081152 (0.067050)  NNZ: 12 (15)  Ttime: 1.3876 Vtime: 0.0506
Step: 19400000  Loss: 0.052289 Regul: 0.025781 Obj: 0.078070 (0.067050)  NNZ: 11 (15)  Ttime: 1.3852 Vtime: 0.0516
Step: 19500000  Loss: 0.054562 Regul: 0.018651 Obj: 0.073213 (0.067050)  NNZ: 14 (15)  Ttime: 1.3896 Vtime: 0.0515
Step: 19600000  Loss: 0.054931 Regul: 0.016154 Obj: 0.071084 (0.067050)  NNZ: 9 (15)  Ttime: 1.3873 Vtime: 0.0514
Step: 19700000  Loss: 0.066793 Regul: 0.011387 Obj: 0.078179 (0.067050)  NNZ: 6 (15)  Ttime: 1.3857 Vtime: 0.0513
Step: 19800000  Loss: 0.049858 Regul: 0.019430 Obj: 0.069288 (0.067050)  NNZ: 11 (15)  Ttime: 1.3888 Vtime: 0.0516
Step: 19900000  Loss: 0.052052 Regul: 0.018174 Obj: 0.070226 (0.067050)  NNZ: 10 (15)  Ttime: 1.3854 Vtime: 0.0513
Step: 20000000  Loss: 0.055446 Regul: 0.020202 Obj: 0.075649 (0.067050)  NNZ: 10 (15)  Ttime: 1.3862 Vtime: 0.0515
Step: 20100000  Loss: 0.096704 Regul: 0.021169 Obj: 0.117873 (0.067050)  NNZ: 9 (15)  Ttime: 1.3856 Vtime: 0.0513
Step: 20200000  Loss: 0.049422 Regul: 0.022183 Obj: 0.071605 (0.067050)  NNZ: 12 (15)  Ttime: 1.3870 Vtime: 0.0516
Step: 20300000  Loss: 0.054489 Regul: 0.023022 Obj: 0.077511 (0.067050)  NNZ: 12 (15)  Ttime: 1.3874 Vtime: 0.0513
Step: 20400000  Loss: 0.052097 Regul: 0.020813 Obj: 0.072910 (0.067050)  NNZ: 10 (15)  Ttime: 1.3880 Vtime: 0.0520
Step: 20500000  Loss: 0.051615 Regul: 0.025083 Obj: 0.076698 (0.067050)  NNZ: 10 (15)  Ttime: 1.3870 Vtime: 0.0513
Step: 20600000  Loss: 0.049626 Regul: 0.022565 Obj: 0.072191 (0.067050)  NNZ: 12 (15)  Ttime: 1.3876 Vtime: 0.0510
Step: 20700000  Loss: 0.056207 Regul: 0.023210 Obj: 0.079417 (0.067050)  NNZ: 12 (15)  Ttime: 1.3916 Vtime: 0.0510
Step: 20800000  Loss: 0.056589 Regul: 0.016154 Obj: 0.072742 (0.067050)  NNZ: 14 (15)  Ttime: 1.3850 Vtime: 0.0511
Step: 20900000  Loss: 0.051717 Regul: 0.024284 Obj: 0.076001 (0.067050)  NNZ: 15 (15)  Ttime: 1.3832 Vtime: 0.0518
Step: 21000000  Loss: 0.052174 Regul: 0.030521 Obj: 0.082695 (0.067050)  NNZ: 15 (15)  Ttime: 1.3924 Vtime: 0.0516
Step: 21100000  Loss: 0.050737 Regul: 0.017342 Obj: 0.068079 (0.067050)  NNZ: 13 (15)  Ttime: 1.3886 Vtime: 0.0517
Step: 21200000  Loss: 0.054626 Regul: 0.018403 Obj: 0.073028 (0.067050)  NNZ: 10 (15)  Ttime: 1.3848 Vtime: 0.0510
Step: 21300000  Loss: 0.059176 Regul: 0.014609 Obj: 0.073785 (0.067050)  NNZ: 9 (15)  Ttime: 1.3931 Vtime: 0.0517
Step: 21400000  Loss: 0.051566 Regul: 0.017328 Obj: 0.068895 (0.067050)  NNZ: 11 (15)  Ttime: 1.3893 Vtime: 0.0515
Step: 21500000  Loss: 0.055838 Regul: 0.020806 Obj: 0.076645 (0.067050)  NNZ: 10 (15)  Ttime: 1.3870 Vtime: 0.0511
Step: 21600000  Loss: 0.056091 Regul: 0.015301 Obj: 0.071392 (0.067050)  NNZ: 9 (15)  Ttime: 1.3874 Vtime: 0.0515
Step: 21700000  Loss: 0.053887 Regul: 0.017805 Obj: 0.071692 (0.067050)  NNZ: 10 (15)  Ttime: 1.3892 Vtime: 0.0513
Step: 21800000  Loss: 0.066899 Regul: 0.018087 Obj: 0.084986 (0.067050)  NNZ: 15 (15)  Ttime: 1.4066 Vtime: 0.0514
Step: 21900000  Loss: 0.051293 Regul: 0.018745 Obj: 0.070039 (0.067050)  NNZ: 11 (15)  Ttime: 1.3860 Vtime: 0.0519
Step: 22000000  Loss: 0.073335 Regul: 0.011320 Obj: 0.084654 (0.067050)  NNZ: 8 (15)  Ttime: 1.3835 Vtime: 0.0512
Step: 22100000  Loss: 0.063263 Regul: 0.014515 Obj: 0.077778 (0.067050)  NNZ: 9 (15)  Ttime: 1.3886 Vtime: 0.0515
Step: 22200000  Loss: 0.111249 Regul: 0.016328 Obj: 0.127577 (0.067050)  NNZ: 11 (15)  Ttime: 1.3919 Vtime: 0.0516
Step: 22300000  Loss: 0.062419 Regul: 0.015791 Obj: 0.078210 (0.067050)  NNZ: 8 (15)  Ttime: 1.3868 Vtime: 0.0515
Step: 22400000  Loss: 0.053796 Regul: 0.018208 Obj: 0.072004 (0.067050)  NNZ: 11 (15)  Ttime: 1.3881 Vtime: 0.0520
Step: 22500000  Loss: 0.053607 Regul: 0.019752 Obj: 0.073359 (0.067050)  NNZ: 13 (15)  Ttime: 1.3831 Vtime: 0.0515
Step: 22600000  Loss: 0.049659 Regul: 0.023727 Obj: 0.073386 (0.067050)  NNZ: 14 (15)  Ttime: 1.3788 Vtime: 0.0514
Step: 22700000  Loss: 0.054720 Regul: 0.020370 Obj: 0.075090 (0.067050)  NNZ: 12 (15)  Ttime: 1.3916 Vtime: 0.0518
Step: 22800000  Loss: 0.050830 Regul: 0.023405 Obj: 0.074234 (0.067050)  NNZ: 15 (15)  Ttime: 1.3818 Vtime: 0.0513
Step: 22900000  Loss: 0.052247 Regul: 0.016556 Obj: 0.068804 (0.067050)  NNZ: 11 (15)  Ttime: 1.3909 Vtime: 0.0510
Step: 23000000  Loss: 0.048449 Regul: 0.020477 Obj: 0.068926 (0.067050)  NNZ: 11 (15)  Ttime: 1.3873 Vtime: 0.0515
Step: 23100000  Loss: 0.063616 Regul: 0.021981 Obj: 0.085598 (0.067050)  NNZ: 13 (15)  Ttime: 1.3884 Vtime: 0.0514
Step: 23200000  Loss: 0.058291 Regul: 0.020571 Obj: 0.078863 (0.067050)  NNZ: 11 (15)  Ttime: 1.3816 Vtime: 0.0523
Step: 23300000  Loss: 0.050299 Regul: 0.021914 Obj: 0.072213 (0.067050)  NNZ: 12 (15)  Ttime: 1.3817 Vtime: 0.0511
Step: 23400000  Loss: 0.053135 Regul: 0.020316 Obj: 0.073452 (0.067050)  NNZ: 10 (15)  Ttime: 1.3859 Vtime: 0.0519
Step: 23500000  Loss: 0.061340 Regul: 0.014475 Obj: 0.075815 (0.067050)  NNZ: 8 (15)  Ttime: 1.3826 Vtime: 0.0512
Step: 23600000  Loss: 0.058853 Regul: 0.019041 Obj: 0.077893 (0.067050)  NNZ: 10 (15)  Ttime: 1.3873 Vtime: 0.0520
Step: 23700000  Loss: 0.050158 Regul: 0.024600 Obj: 0.074757 (0.067050)  NNZ: 17 (15)  Ttime: 1.3844 Vtime: 0.0516
Step: 23800000  Loss: 0.065658 Regul: 0.022639 Obj: 0.088297 (0.067050)  NNZ: 10 (15)  Ttime: 1.3850 Vtime: 0.0515
Step: 23900000  Loss: 0.059175 Regul: 0.015764 Obj: 0.074939 (0.067050)  NNZ: 9 (15)  Ttime: 1.3856 Vtime: 0.0509
Step: 24000000  Loss: 0.056743 Regul: 0.017966 Obj: 0.074709 (0.067050)  NNZ: 12 (15)  Ttime: 1.3806 Vtime: 0.0519
Step: 24100000  Loss: 0.060864 Regul: 0.017872 Obj: 0.078736 (0.067050)  NNZ: 10 (15)  Ttime: 1.3910 Vtime: 0.0518
Step: 24200000  Loss: 0.049751 Regul: 0.024707 Obj: 0.074458 (0.067050)  NNZ: 9 (15)  Ttime: 1.3961 Vtime: 0.0513
Step: 24300000  Loss: 0.084077 Regul: 0.017913 Obj: 0.101990 (0.067050)  NNZ: 12 (15)  Ttime: 1.3819 Vtime: 0.0515
Step: 24400000  Loss: 0.058854 Regul: 0.013710 Obj: 0.072564 (0.067050)  NNZ: 9 (15)  Ttime: 1.3857 Vtime: 0.0521
Step: 24500000  Loss: 0.080456 Regul: 0.009426 Obj: 0.089883 (0.067050)  NNZ: 6 (15)  Ttime: 1.3887 Vtime: 0.0512
Step: 24600000  Loss: 0.054509 Regul: 0.018168 Obj: 0.072677 (0.067050)  NNZ: 11 (15)  Ttime: 1.3819 Vtime: 0.0515
Step: 24700000  Loss: 0.048505 Regul: 0.020410 Obj: 0.068915 (0.067050)  NNZ: 12 (15)  Ttime: 1.3888 Vtime: 0.0514
Step: 24800000  Loss: 0.063356 Regul: 0.015146 Obj: 0.078503 (0.067050)  NNZ: 11 (15)  Ttime: 1.3856 Vtime: 0.0506
Step: 24900000  Loss: 0.055056 Regul: 0.018745 Obj: 0.073801 (0.067050)  NNZ: 12 (15)  Ttime: 1.3814 Vtime: 0.0516
Step: 25000000  Loss: 0.078058 Regul: 0.015576 Obj: 0.093634 (0.067050)  NNZ: 9 (15)  Ttime: 1.3772 Vtime: 0.0513
Step: 25100000  Loss: 0.050622 Regul: 0.019309 Obj: 0.069931 (0.067050)  NNZ: 14 (15)  Ttime: 1.3887 Vtime: 0.0517
Step: 25200000  Loss: 0.055461 Regul: 0.016677 Obj: 0.072138 (0.067050)  NNZ: 12 (15)  Ttime: 1.3859 Vtime: 0.0519
Step: 25300000  Loss: 0.066342 Regul: 0.013643 Obj: 0.079985 (0.067050)  NNZ: 8 (15)  Ttime: 1.3830 Vtime: 0.0512
Step: 25400000  Loss: 0.057975 Regul: 0.015858 Obj: 0.073833 (0.067050)  NNZ: 12 (15)  Ttime: 1.3795 Vtime: 0.0516
Step: 25500000  Loss: 0.050644 Regul: 0.017926 Obj: 0.068570 (0.067050)  NNZ: 14 (15)  Ttime: 1.3829 Vtime: 0.0519
Step: 25600000  Loss: 0.050714 Regul: 0.018409 Obj: 0.069123 (0.067050)  NNZ: 13 (15)  Ttime: 1.3833 Vtime: 0.0516
Step: 25700000  Loss: 0.053815 Regul: 0.018289 Obj: 0.072104 (0.067050)  NNZ: 12 (15)  Ttime: 1.3859 Vtime: 0.0518
Step: 25800000  Loss: 0.061109 Regul: 0.018557 Obj: 0.079666 (0.067050)  NNZ: 9 (15)  Ttime: 1.3885 Vtime: 0.0518
Step: 25900000  Loss: 0.051740 Regul: 0.021404 Obj: 0.073144 (0.067050)  NNZ: 12 (15)  Ttime: 1.3833 Vtime: 0.0510
Step: 26000000  Loss: 0.065896 Regul: 0.014435 Obj: 0.080331 (0.067050)  NNZ: 9 (15)  Ttime: 1.3902 Vtime: 0.0525
Step: 26100000  Loss: 0.055514 Regul: 0.020115 Obj: 0.075629 (0.067050)  NNZ: 14 (15)  Ttime: 1.3878 Vtime: 0.0516
Step: 26200000  Loss: 0.054227 Regul: 0.017067 Obj: 0.071293 (0.067050)  NNZ: 15 (15)  Ttime: 1.3866 Vtime: 0.0520
Step: 26300000  Loss: 0.053674 Regul: 0.017953 Obj: 0.071627 (0.067050)  NNZ: 7 (15)  Ttime: 1.3894 Vtime: 0.0512
Step: 26400000  Loss: 0.062247 Regul: 0.021162 Obj: 0.083409 (0.067050)  NNZ: 13 (15)  Ttime: 1.3959 Vtime: 0.0512
Step: 26500000  Loss: 0.056044 Regul: 0.020410 Obj: 0.076454 (0.067050)  NNZ: 13 (15)  Ttime: 1.3913 Vtime: 0.0512
Step: 26600000  Loss: 0.054992 Regul: 0.014999 Obj: 0.069991 (0.067050)  NNZ: 9 (15)  Ttime: 1.3917 Vtime: 0.0515
Step: 26700000  Loss: 0.062184 Regul: 0.016355 Obj: 0.078539 (0.067050)  NNZ: 11 (15)  Ttime: 1.3854 Vtime: 0.0511
Step: 26800000  Loss: 0.052279 Regul: 0.021672 Obj: 0.073951 (0.067050)  NNZ: 19 (15)  Ttime: 1.3846 Vtime: 0.0516
Step: 26900000  Loss: 0.068203 Regul: 0.018678 Obj: 0.086881 (0.067050)  NNZ: 14 (15)  Ttime: 1.3841 Vtime: 0.0514
Step: 27000000  Loss: 0.054670 Regul: 0.019833 Obj: 0.074503 (0.067050)  NNZ: 12 (15)  Ttime: 1.3930 Vtime: 0.0522
Step: 27100000  Loss: 0.056706 Regul: 0.017241 Obj: 0.073947 (0.067050)  NNZ: 10 (15)  Ttime: 1.3884 Vtime: 0.0516
Best: 27200000  Loss: 0.048900 Regul: 0.017872 Obj: 0.066772 (0.066772)  NNZ: 11 (11)  Ttime: 1.3864 Vtime: 0.0510
Stat: nPR #76 (#88) Dim/MaxDim [608/640] AUC: 0.981762 FPR95: 7.37 [saved]
Step: 27300000  Loss: 0.057306 Regul: 0.019336 Obj: 0.076641 (0.066772)  NNZ: 11 (11)  Ttime: 1.3873 Vtime: 0.0520
Step: 27400000  Loss: 0.058629 Regul: 0.016959 Obj: 0.075588 (0.066772)  NNZ: 14 (11)  Ttime: 1.3877 Vtime: 0.0512
Step: 27500000  Loss: 0.061892 Regul: 0.014677 Obj: 0.076569 (0.066772)  NNZ: 10 (11)  Ttime: 1.3994 Vtime: 0.0514
Step: 27600000  Loss: 0.052151 Regul: 0.017523 Obj: 0.069674 (0.066772)  NNZ: 15 (11)  Ttime: 1.3884 Vtime: 0.0512
Step: 27700000  Loss: 0.058556 Regul: 0.017067 Obj: 0.075623 (0.066772)  NNZ: 10 (11)  Ttime: 1.3881 Vtime: 0.0516
Step: 27800000  Loss: 0.052286 Regul: 0.019967 Obj: 0.072253 (0.066772)  NNZ: 19 (11)  Ttime: 1.3880 Vtime: 0.0519
Step: 27900000  Loss: 0.060468 Regul: 0.011588 Obj: 0.072056 (0.066772)  NNZ: 9 (11)  Ttime: 1.3914 Vtime: 0.0520
Step: 28000000  Loss: 0.057853 Regul: 0.014985 Obj: 0.072839 (0.066772)  NNZ: 9 (11)  Ttime: 1.3862 Vtime: 0.0521
Step: 28100000  Loss: 0.052623 Regul: 0.018047 Obj: 0.070670 (0.066772)  NNZ: 12 (11)  Ttime: 1.3909 Vtime: 0.0511
Step: 28200000  Loss: 0.055419 Regul: 0.024076 Obj: 0.079495 (0.066772)  NNZ: 17 (11)  Ttime: 1.3942 Vtime: 0.0516
Step: 28300000  Loss: 0.057421 Regul: 0.015308 Obj: 0.072729 (0.066772)  NNZ: 11 (11)  Ttime: 1.3918 Vtime: 0.0514
Step: 28400000  Loss: 0.053130 Regul: 0.018597 Obj: 0.071728 (0.066772)  NNZ: 17 (11)  Ttime: 1.3875 Vtime: 0.0513
Step: 28500000  Loss: 0.059676 Regul: 0.018624 Obj: 0.078300 (0.066772)  NNZ: 11 (11)  Ttime: 1.3841 Vtime: 0.0512
Step: 28600000  Loss: 0.077632 Regul: 0.008849 Obj: 0.086481 (0.066772)  NNZ: 8 (11)  Ttime: 1.3974 Vtime: 0.0510
Step: 28700000  Loss: 0.052886 Regul: 0.019819 Obj: 0.072706 (0.066772)  NNZ: 14 (11)  Ttime: 1.3879 Vtime: 0.0524
Step: 28800000  Loss: 0.056910 Regul: 0.014757 Obj: 0.071667 (0.066772)  NNZ: 11 (11)  Ttime: 1.3911 Vtime: 0.0511
Step: 28900000  Loss: 0.052712 Regul: 0.016073 Obj: 0.068785 (0.066772)  NNZ: 12 (11)  Ttime: 1.3885 Vtime: 0.0514
Step: 29000000  Loss: 0.062473 Regul: 0.013226 Obj: 0.075699 (0.066772)  NNZ: 9 (11)  Ttime: 1.3925 Vtime: 0.0522
Step: 29100000  Loss: 0.062474 Regul: 0.021229 Obj: 0.083703 (0.066772)  NNZ: 10 (11)  Ttime: 1.3873 Vtime: 0.0520
Step: 29200000  Loss: 0.054546 Regul: 0.019470 Obj: 0.074016 (0.066772)  NNZ: 12 (11)  Ttime: 1.3910 Vtime: 0.0508
Step: 29300000  Loss: 0.061707 Regul: 0.012555 Obj: 0.074262 (0.066772)  NNZ: 12 (11)  Ttime: 1.3902 Vtime: 0.0519
Step: 29400000  Loss: 0.065717 Regul: 0.018705 Obj: 0.084421 (0.066772)  NNZ: 9 (11)  Ttime: 1.3942 Vtime: 0.0513
Step: 29500000  Loss: 0.054792 Regul: 0.015657 Obj: 0.070449 (0.066772)  NNZ: 13 (11)  Ttime: 1.3972 Vtime: 0.0511
Step: 29600000  Loss: 0.051306 Regul: 0.022854 Obj: 0.074160 (0.066772)  NNZ: 16 (11)  Ttime: 1.3885 Vtime: 0.0515
Step: 29700000  Loss: 0.058079 Regul: 0.014139 Obj: 0.072219 (0.066772)  NNZ: 8 (11)  Ttime: 1.3950 Vtime: 0.0520
Step: 29800000  Loss: 0.052362 Regul: 0.016610 Obj: 0.068972 (0.066772)  NNZ: 16 (11)  Ttime: 1.3938 Vtime: 0.0509
Step: 29900000  Loss: 0.050308 Regul: 0.022693 Obj: 0.073001 (0.066772)  NNZ: 15 (11)  Ttime: 1.3933 Vtime: 0.0514
Step: 30000000  Loss: 0.049233 Regul: 0.020759 Obj: 0.069993 (0.066772)  NNZ: 15 (11)  Ttime: 1.4051 Vtime: 0.0507
Step: 30100000  Loss: 0.054643 Regul: 0.015308 Obj: 0.069951 (0.066772)  NNZ: 11 (11)  Ttime: 1.3893 Vtime: 0.0523
Step: 30200000  Loss: 0.058403 Regul: 0.014865 Obj: 0.073267 (0.066772)  NNZ: 14 (11)  Ttime: 1.3922 Vtime: 0.0517
Step: 30300000  Loss: 0.053699 Regul: 0.021498 Obj: 0.075197 (0.066772)  NNZ: 14 (11)  Ttime: 1.3877 Vtime: 0.0517
Step: 30400000  Loss: 0.054480 Regul: 0.017375 Obj: 0.071856 (0.066772)  NNZ: 11 (11)  Ttime: 1.3870 Vtime: 0.0515
Step: 30500000  Loss: 0.064975 Regul: 0.015039 Obj: 0.080014 (0.066772)  NNZ: 7 (11)  Ttime: 1.3876 Vtime: 0.0509
Step: 30600000  Loss: 0.051632 Regul: 0.017993 Obj: 0.069625 (0.066772)  NNZ: 15 (11)  Ttime: 1.3913 Vtime: 0.0515
Step: 30700000  Loss: 0.164471 Regul: 0.019054 Obj: 0.183525 (0.066772)  NNZ: 11 (11)  Ttime: 1.3911 Vtime: 0.0511
Step: 30800000  Loss: 0.053706 Regul: 0.026063 Obj: 0.079769 (0.066772)  NNZ: 15 (11)  Ttime: 1.3871 Vtime: 0.0521
Step: 30900000  Loss: 0.057165 Regul: 0.020800 Obj: 0.077965 (0.066772)  NNZ: 16 (11)  Ttime: 1.3876 Vtime: 0.0513
Step: 31000000  Loss: 0.054081 Regul: 0.018517 Obj: 0.072598 (0.066772)  NNZ: 8 (11)  Ttime: 1.3952 Vtime: 0.0511
Step: 31100000  Loss: 0.055468 Regul: 0.013844 Obj: 0.069312 (0.066772)  NNZ: 9 (11)  Ttime: 1.3882 Vtime: 0.0512
Step: 31200000  Loss: 0.063476 Regul: 0.012998 Obj: 0.076474 (0.066772)  NNZ: 7 (11)  Ttime: 1.3881 Vtime: 0.0519
Step: 31300000  Loss: 0.080385 Regul: 0.015912 Obj: 0.096297 (0.066772)  NNZ: 12 (11)  Ttime: 1.3949 Vtime: 0.0513
Step: 31400000  Loss: 0.052216 Regul: 0.017040 Obj: 0.069256 (0.066772)  NNZ: 12 (11)  Ttime: 1.3959 Vtime: 0.0517
Step: 31500000  Loss: 0.066310 Regul: 0.014260 Obj: 0.080570 (0.066772)  NNZ: 13 (11)  Ttime: 1.3893 Vtime: 0.0513
Step: 31600000  Loss: 0.050699 Regul: 0.016530 Obj: 0.067228 (0.066772)  NNZ: 11 (11)  Ttime: 1.3927 Vtime: 0.0515
Step: 31700000  Loss: 0.053927 Regul: 0.015093 Obj: 0.069020 (0.066772)  NNZ: 9 (11)  Ttime: 1.3957 Vtime: 0.0513
Step: 31800000  Loss: 0.068251 Regul: 0.018651 Obj: 0.086903 (0.066772)  NNZ: 13 (11)  Ttime: 1.3860 Vtime: 0.0515
Step: 31900000  Loss: 0.056520 Regul: 0.017013 Obj: 0.073533 (0.066772)  NNZ: 15 (11)  Ttime: 1.3852 Vtime: 0.0521
Step: 32000000  Loss: 0.062839 Regul: 0.024371 Obj: 0.087211 (0.066772)  NNZ: 20 (11)  Ttime: 1.3920 Vtime: 0.0515
Step: 32100000  Loss: 0.050766 Regul: 0.017845 Obj: 0.068611 (0.066772)  NNZ: 13 (11)  Ttime: 1.3871 Vtime: 0.0515
Step: 32200000  Loss: 0.049331 Regul: 0.021995 Obj: 0.071325 (0.066772)  NNZ: 13 (11)  Ttime: 1.3861 Vtime: 0.0518
Step: 32300000  Loss: 0.055954 Regul: 0.014717 Obj: 0.070671 (0.066772)  NNZ: 12 (11)  Ttime: 1.3925 Vtime: 0.0513
Step: 32400000  Loss: 0.052458 Regul: 0.016154 Obj: 0.068612 (0.066772)  NNZ: 10 (11)  Ttime: 1.3906 Vtime: 0.0511
Step: 32500000  Loss: 0.051996 Regul: 0.020289 Obj: 0.072285 (0.066772)  NNZ: 9 (11)  Ttime: 1.3848 Vtime: 0.0521
Step: 32600000  Loss: 0.057584 Regul: 0.014650 Obj: 0.072234 (0.066772)  NNZ: 11 (11)  Ttime: 1.3862 Vtime: 0.0510
Step: 32700000  Loss: 0.067928 Regul: 0.011978 Obj: 0.079905 (0.066772)  NNZ: 8 (11)  Ttime: 1.3928 Vtime: 0.0520
Step: 32800000  Loss: 0.054722 Regul: 0.016892 Obj: 0.071614 (0.066772)  NNZ: 11 (11)  Ttime: 1.3911 Vtime: 0.0514
Step: 32900000  Loss: 0.055171 Regul: 0.015684 Obj: 0.070855 (0.066772)  NNZ: 13 (11)  Ttime: 1.3911 Vtime: 0.0509
Step: 33000000  Loss: 0.058587 Regul: 0.012609 Obj: 0.071196 (0.066772)  NNZ: 11 (11)  Ttime: 1.3883 Vtime: 0.0516
Step: 33100000  Loss: 0.052096 Regul: 0.024089 Obj: 0.076185 (0.066772)  NNZ: 15 (11)  Ttime: 1.3862 Vtime: 0.0511
Step: 33200000  Loss: 0.058889 Regul: 0.015496 Obj: 0.074384 (0.066772)  NNZ: 16 (11)  Ttime: 1.3923 Vtime: 0.0518
Step: 33300000  Loss: 0.053772 Regul: 0.014193 Obj: 0.067965 (0.066772)  NNZ: 12 (11)  Ttime: 1.3881 Vtime: 0.0525
Step: 33400000  Loss: 0.062923 Regul: 0.017416 Obj: 0.080338 (0.066772)  NNZ: 14 (11)  Ttime: 1.3943 Vtime: 0.0513
Step: 33500000  Loss: 0.069434 Regul: 0.013092 Obj: 0.082526 (0.066772)  NNZ: 15 (11)  Ttime: 1.3873 Vtime: 0.0521
Step: 33600000  Loss: 0.062363 Regul: 0.034066 Obj: 0.096429 (0.066772)  NNZ: 14 (11)  Ttime: 1.3879 Vtime: 0.0513
Step: 33700000  Loss: 0.083149 Regul: 0.028051 Obj: 0.111199 (0.066772)  NNZ: 12 (11)  Ttime: 1.3851 Vtime: 0.0515
Step: 33800000  Loss: 0.051413 Regul: 0.029756 Obj: 0.081169 (0.066772)  NNZ: 15 (11)  Ttime: 1.3853 Vtime: 0.0511
Step: 33900000  Loss: 0.060268 Regul: 0.022612 Obj: 0.082880 (0.066772)  NNZ: 8 (11)  Ttime: 1.3900 Vtime: 0.0515
Step: 34000000  Loss: 0.054224 Regul: 0.036859 Obj: 0.091083 (0.066772)  NNZ: 14 (11)  Ttime: 1.3867 Vtime: 0.0520
Step: 34100000  Loss: 0.057980 Regul: 0.030790 Obj: 0.088770 (0.066772)  NNZ: 13 (11)  Ttime: 1.3856 Vtime: 0.0511
Step: 34200000  Loss: 0.057558 Regul: 0.026667 Obj: 0.084225 (0.066772)  NNZ: 9 (11)  Ttime: 1.3881 Vtime: 0.0510
Step: 34300000  Loss: 0.053136 Regul: 0.025419 Obj: 0.078555 (0.066772)  NNZ: 11 (11)  Ttime: 1.3875 Vtime: 0.0518
Step: 34400000  Loss: 0.052591 Regul: 0.024022 Obj: 0.076613 (0.066772)  NNZ: 15 (11)  Ttime: 1.3880 Vtime: 0.0518
Step: 34500000  Loss: 0.057766 Regul: 0.033865 Obj: 0.091631 (0.066772)  NNZ: 15 (11)  Ttime: 1.3839 Vtime: 0.0514
Step: 34600000  Loss: 0.052194 Regul: 0.023257 Obj: 0.075451 (0.066772)  NNZ: 11 (11)  Ttime: 1.3772 Vtime: 0.0513
Step: 34700000  Loss: 0.052918 Regul: 0.028427 Obj: 0.081344 (0.066772)  NNZ: 13 (11)  Ttime: 1.3943 Vtime: 0.0515
Step: 34800000  Loss: 0.053213 Regul: 0.029528 Obj: 0.082741 (0.066772)  NNZ: 14 (11)  Ttime: 1.3824 Vtime: 0.0517
Step: 34900000  Loss: 0.057475 Regul: 0.039531 Obj: 0.097007 (0.066772)  NNZ: 15 (11)  Ttime: 1.3920 Vtime: 0.0512
Step: 35000000  Loss: 0.054379 Regul: 0.023848 Obj: 0.078227 (0.066772)  NNZ: 12 (11)  Ttime: 1.3876 Vtime: 0.0514
Step: 35100000  Loss: 0.056352 Regul: 0.033489 Obj: 0.089841 (0.066772)  NNZ: 16 (11)  Ttime: 1.3846 Vtime: 0.0516
Step: 35200000  Loss: 0.070560 Regul: 0.042633 Obj: 0.113193 (0.066772)  NNZ: 18 (11)  Ttime: 1.3903 Vtime: 0.0513
Step: 35300000  Loss: 0.050927 Regul: 0.029205 Obj: 0.080132 (0.066772)  NNZ: 13 (11)  Ttime: 1.3831 Vtime: 0.0524
Step: 35400000  Loss: 0.050956 Regul: 0.025808 Obj: 0.076764 (0.066772)  NNZ: 12 (11)  Ttime: 1.3873 Vtime: 0.0514
Step: 35500000  Loss: 0.049185 Regul: 0.025150 Obj: 0.074335 (0.066772)  NNZ: 13 (11)  Ttime: 1.3835 Vtime: 0.0513
Step: 35600000  Loss: 0.054818 Regul: 0.037974 Obj: 0.092792 (0.066772)  NNZ: 17 (11)  Ttime: 1.3870 Vtime: 0.0511
Step: 35700000  Loss: 0.054938 Regul: 0.037571 Obj: 0.092508 (0.066772)  NNZ: 18 (11)  Ttime: 1.3876 Vtime: 0.0507
Step: 35800000  Loss: 0.052322 Regul: 0.029353 Obj: 0.081675 (0.066772)  NNZ: 12 (11)  Ttime: 1.3848 Vtime: 0.0512
Step: 35900000  Loss: 0.066705 Regul: 0.043734 Obj: 0.110440 (0.066772)  NNZ: 20 (11)  Ttime: 1.3839 Vtime: 0.0515
Step: 36000000  Loss: 0.047936 Regul: 0.022478 Obj: 0.070414 (0.066772)  NNZ: 11 (11)  Ttime: 1.3842 Vtime: 0.0512
Step: 36100000  Loss: 0.061372 Regul: 0.036161 Obj: 0.097533 (0.066772)  NNZ: 16 (11)  Ttime: 1.3857 Vtime: 0.0509
Step: 36200000  Loss: 0.050962 Regul: 0.028829 Obj: 0.079791 (0.066772)  NNZ: 14 (11)  Ttime: 1.3855 Vtime: 0.0515
Step: 36300000  Loss: 0.052870 Regul: 0.034845 Obj: 0.087715 (0.066772)  NNZ: 17 (11)  Ttime: 1.3932 Vtime: 0.0517
Step: 36400000  Loss: 0.053757 Regul: 0.034415 Obj: 0.088173 (0.066772)  NNZ: 14 (11)  Ttime: 1.3885 Vtime: 0.0518
Step: 36500000  Loss: 0.053036 Regul: 0.030709 Obj: 0.083745 (0.066772)  NNZ: 15 (11)  Ttime: 1.3884 Vtime: 0.0519
Step: 36600000  Loss: 0.057107 Regul: 0.034885 Obj: 0.091992 (0.066772)  NNZ: 18 (11)  Ttime: 1.3853 Vtime: 0.0516
Step: 36700000  Loss: 0.052373 Regul: 0.035114 Obj: 0.087486 (0.066772)  NNZ: 14 (11)  Ttime: 1.3845 Vtime: 0.0506
Step: 36800000  Loss: 0.054498 Regul: 0.030562 Obj: 0.085060 (0.066772)  NNZ: 13 (11)  Ttime: 1.3839 Vtime: 0.0514
Step: 36900000  Loss: 0.054207 Regul: 0.025647 Obj: 0.079854 (0.066772)  NNZ: 13 (11)  Ttime: 1.3973 Vtime: 0.0515
Step: 37000000  Loss: 0.059833 Regul: 0.035624 Obj: 0.095457 (0.066772)  NNZ: 21 (11)  Ttime: 1.3805 Vtime: 0.0513
Step: 37100000  Loss: 0.059210 Regul: 0.044486 Obj: 0.103696 (0.066772)  NNZ: 22 (11)  Ttime: 1.3855 Vtime: 0.0518
Step: 37200000  Loss: 0.050364 Regul: 0.026681 Obj: 0.077045 (0.066772)  NNZ: 15 (11)  Ttime: 1.3889 Vtime: 0.0516
Step: 37300000  Loss: 0.061609 Regul: 0.035100 Obj: 0.096709 (0.066772)  NNZ: 16 (11)  Ttime: 1.3864 Vtime: 0.0514
Step: 37400000  Loss: 0.056485 Regul: 0.033798 Obj: 0.090282 (0.066772)  NNZ: 16 (11)  Ttime: 1.3889 Vtime: 0.0519
Step: 37500000  Loss: 0.055162 Regul: 0.033475 Obj: 0.088638 (0.066772)  NNZ: 13 (11)  Ttime: 1.3885 Vtime: 0.0522
Step: 37600000  Loss: 0.053782 Regul: 0.025647 Obj: 0.079429 (0.066772)  NNZ: 18 (11)  Ttime: 1.3878 Vtime: 0.0513
Step: 37700000  Loss: 0.061748 Regul: 0.040068 Obj: 0.101816 (0.066772)  NNZ: 18 (11)  Ttime: 1.3790 Vtime: 0.0513
Step: 37800000  Loss: 0.053160 Regul: 0.030696 Obj: 0.083856 (0.066772)  NNZ: 11 (11)  Ttime: 1.3898 Vtime: 0.0514
Step: 37900000  Loss: 0.055081 Regul: 0.035624 Obj: 0.090705 (0.066772)  NNZ: 17 (11)  Ttime: 1.3843 Vtime: 0.0518
Step: 38000000  Loss: 0.053130 Regul: 0.027769 Obj: 0.080899 (0.066772)  NNZ: 13 (11)  Ttime: 1.3962 Vtime: 0.0520
Step: 38100000  Loss: 0.050909 Regul: 0.029930 Obj: 0.080840 (0.066772)  NNZ: 13 (11)  Ttime: 1.3910 Vtime: 0.0520
Step: 38200000  Loss: 0.059659 Regul: 0.033435 Obj: 0.093094 (0.066772)  NNZ: 13 (11)  Ttime: 1.3850 Vtime: 0.0516
Step: 38300000  Loss: 0.048312 Regul: 0.024103 Obj: 0.072415 (0.066772)  NNZ: 13 (11)  Ttime: 1.3845 Vtime: 0.0508
Step: 38400000  Loss: 0.053278 Regul: 0.031528 Obj: 0.084806 (0.066772)  NNZ: 13 (11)  Ttime: 1.3849 Vtime: 0.0514
Step: 38500000  Loss: 0.053655 Regul: 0.014865 Obj: 0.068520 (0.066772)  NNZ: 11 (11)  Ttime: 1.3878 Vtime: 0.0509
Step: 38600000  Loss: 0.051671 Regul: 0.029152 Obj: 0.080823 (0.066772)  NNZ: 16 (11)  Ttime: 1.3898 Vtime: 0.0518
Step: 38700000  Loss: 0.054232 Regul: 0.026211 Obj: 0.080443 (0.066772)  NNZ: 14 (11)  Ttime: 1.3888 Vtime: 0.0521
Step: 38800000  Loss: 0.053192 Regul: 0.033247 Obj: 0.086439 (0.066772)  NNZ: 15 (11)  Ttime: 1.3846 Vtime: 0.0511
Step: 38900000  Loss: 0.053711 Regul: 0.034738 Obj: 0.088448 (0.066772)  NNZ: 14 (11)  Ttime: 1.3850 Vtime: 0.0522
Step: 39000000  Loss: 0.072447 Regul: 0.026345 Obj: 0.098792 (0.066772)  NNZ: 13 (11)  Ttime: 1.3880 Vtime: 0.0514
Step: 39100000  Loss: 0.056527 Regul: 0.039531 Obj: 0.096058 (0.066772)  NNZ: 21 (11)  Ttime: 1.3848 Vtime: 0.0510
Step: 39200000  Loss: 0.050251 Regul: 0.027379 Obj: 0.077630 (0.066772)  NNZ: 13 (11)  Ttime: 1.3857 Vtime: 0.0516
Step: 39300000  Loss: 0.058631 Regul: 0.023713 Obj: 0.082344 (0.066772)  NNZ: 18 (11)  Ttime: 1.3854 Vtime: 0.0526
Step: 39400000  Loss: 0.072613 Regul: 0.042781 Obj: 0.115394 (0.066772)  NNZ: 18 (11)  Ttime: 1.3849 Vtime: 0.0514
Step: 39500000  Loss: 0.048940 Regul: 0.024022 Obj: 0.072962 (0.066772)  NNZ: 14 (11)  Ttime: 1.3872 Vtime: 0.0519
Step: 39600000  Loss: 0.054511 Regul: 0.035745 Obj: 0.090256 (0.066772)  NNZ: 15 (11)  Ttime: 1.3888 Vtime: 0.0517
Step: 39700000  Loss: 0.075729 Regul: 0.024385 Obj: 0.100114 (0.066772)  NNZ: 14 (11)  Ttime: 1.3850 Vtime: 0.0523
Step: 39800000  Loss: 0.049690 Regul: 0.027755 Obj: 0.077445 (0.066772)  NNZ: 16 (11)  Ttime: 1.3898 Vtime: 0.0513
Step: 39900000  Loss: 0.066673 Regul: 0.012004 Obj: 0.078677 (0.066772)  NNZ: 9 (11)  Ttime: 1.3882 Vtime: 0.0512
Step: 40000000  Loss: 0.064571 Regul: 0.039558 Obj: 0.104129 (0.066772)  NNZ: 16 (11)  Ttime: 1.3900 Vtime: 0.0518
Step: 40100000  Loss: 0.056686 Regul: 0.033663 Obj: 0.090349 (0.066772)  NNZ: 15 (11)  Ttime: 1.3842 Vtime: 0.0518
Step: 40200000  Loss: 0.063002 Regul: 0.042338 Obj: 0.105339 (0.066772)  NNZ: 22 (11)  Ttime: 1.3846 Vtime: 0.0515
Step: 40300000  Loss: 0.048458 Regul: 0.026694 Obj: 0.075153 (0.066772)  NNZ: 17 (11)  Ttime: 1.3874 Vtime: 0.0510
Step: 40400000  Loss: 0.050202 Regul: 0.021296 Obj: 0.071498 (0.066772)  NNZ: 13 (11)  Ttime: 1.3825 Vtime: 0.0519
Step: 40500000  Loss: 0.058211 Regul: 0.031461 Obj: 0.089672 (0.066772)  NNZ: 19 (11)  Ttime: 1.3869 Vtime: 0.0516
Step: 40600000  Loss: 0.052742 Regul: 0.023955 Obj: 0.076697 (0.066772)  NNZ: 12 (11)  Ttime: 1.3899 Vtime: 0.0518
Step: 40700000  Loss: 0.050083 Regul: 0.030857 Obj: 0.080940 (0.066772)  NNZ: 13 (11)  Ttime: 1.3865 Vtime: 0.0520
Step: 40800000  Loss: 0.055514 Regul: 0.033341 Obj: 0.088855 (0.066772)  NNZ: 20 (11)  Ttime: 1.3925 Vtime: 0.0512
Step: 40900000  Loss: 0.053144 Regul: 0.028910 Obj: 0.082054 (0.066772)  NNZ: 15 (11)  Ttime: 1.3879 Vtime: 0.0510
Step: 41000000  Loss: 0.054363 Regul: 0.023848 Obj: 0.078211 (0.066772)  NNZ: 10 (11)  Ttime: 1.3821 Vtime: 0.0517
Step: 41100000  Loss: 0.052454 Regul: 0.029501 Obj: 0.081954 (0.066772)  NNZ: 14 (11)  Ttime: 1.3823 Vtime: 0.0515
Step: 41200000  Loss: 0.055423 Regul: 0.034818 Obj: 0.090241 (0.066772)  NNZ: 15 (11)  Ttime: 1.3859 Vtime: 0.0522
Step: 41300000  Loss: 0.052765 Regul: 0.029890 Obj: 0.082655 (0.066772)  NNZ: 14 (11)  Ttime: 1.3862 Vtime: 0.0514
Step: 41400000  Loss: 0.050317 Regul: 0.026292 Obj: 0.076608 (0.066772)  NNZ: 11 (11)  Ttime: 1.3898 Vtime: 0.0517
Step: 41500000  Loss: 0.068188 Regul: 0.027003 Obj: 0.095191 (0.066772)  NNZ: 12 (11)  Ttime: 1.3851 Vtime: 0.0514
Step: 41600000  Loss: 0.067798 Regul: 0.044365 Obj: 0.112164 (0.066772)  NNZ: 15 (11)  Ttime: 1.3873 Vtime: 0.0517
Step: 41700000  Loss: 0.054464 Regul: 0.034214 Obj: 0.088678 (0.066772)  NNZ: 17 (11)  Ttime: 1.3849 Vtime: 0.0512
Step: 41800000  Loss: 0.055132 Regul: 0.026936 Obj: 0.082068 (0.066772)  NNZ: 18 (11)  Ttime: 1.3818 Vtime: 0.0518
Step: 41900000  Loss: 0.055219 Regul: 0.038846 Obj: 0.094065 (0.066772)  NNZ: 16 (11)  Ttime: 1.3865 Vtime: 0.0517
Step: 42000000  Loss: 0.052287 Regul: 0.028064 Obj: 0.080351 (0.066772)  NNZ: 11 (11)  Ttime: 1.3917 Vtime: 0.0512
Step: 42100000  Loss: 0.050931 Regul: 0.023458 Obj: 0.074389 (0.066772)  NNZ: 15 (11)  Ttime: 1.3833 Vtime: 0.0513
Step: 42200000  Loss: 0.051257 Regul: 0.032777 Obj: 0.084035 (0.066772)  NNZ: 13 (11)  Ttime: 1.3840 Vtime: 0.0515
Step: 42300000  Loss: 0.055028 Regul: 0.026815 Obj: 0.081844 (0.066772)  NNZ: 15 (11)  Ttime: 1.3856 Vtime: 0.0520
Step: 42400000  Loss: 0.053086 Regul: 0.033999 Obj: 0.087085 (0.066772)  NNZ: 14 (11)  Ttime: 1.3822 Vtime: 0.0509
Step: 42500000  Loss: 0.049612 Regul: 0.019886 Obj: 0.069499 (0.066772)  NNZ: 11 (11)  Ttime: 1.3831 Vtime: 0.0516
Step: 42600000  Loss: 0.053469 Regul: 0.035476 Obj: 0.088945 (0.066772)  NNZ: 17 (11)  Ttime: 1.3804 Vtime: 0.0520
Step: 42700000  Loss: 0.059048 Regul: 0.023660 Obj: 0.082708 (0.066772)  NNZ: 10 (11)  Ttime: 1.3906 Vtime: 0.0516
Step: 42800000  Loss: 0.053626 Regul: 0.036967 Obj: 0.090593 (0.066772)  NNZ: 14 (11)  Ttime: 1.3831 Vtime: 0.0516
Step: 42900000  Loss: 0.054375 Regul: 0.028896 Obj: 0.083272 (0.066772)  NNZ: 12 (11)  Ttime: 1.3821 Vtime: 0.0512
Step: 43000000  Loss: 0.050108 Regul: 0.030870 Obj: 0.080978 (0.066772)  NNZ: 14 (11)  Ttime: 1.3836 Vtime: 0.0512
Step: 43100000  Loss: 0.062941 Regul: 0.031998 Obj: 0.094940 (0.066772)  NNZ: 14 (11)  Ttime: 1.3893 Vtime: 0.0513
Step: 43200000  Loss: 0.055441 Regul: 0.036121 Obj: 0.091562 (0.066772)  NNZ: 22 (11)  Ttime: 1.3843 Vtime: 0.0513
Step: 43300000  Loss: 0.050972 Regul: 0.029554 Obj: 0.080526 (0.066772)  NNZ: 18 (11)  Ttime: 1.3872 Vtime: 0.0513
Step: 43400000  Loss: 0.054323 Regul: 0.030387 Obj: 0.084710 (0.066772)  NNZ: 16 (11)  Ttime: 1.3840 Vtime: 0.0514
Step: 43500000  Loss: 0.052580 Regul: 0.030978 Obj: 0.083557 (0.066772)  NNZ: 13 (11)  Ttime: 1.3833 Vtime: 0.0510
Step: 43600000  Loss: 0.050172 Regul: 0.028239 Obj: 0.078411 (0.066772)  NNZ: 14 (11)  Ttime: 1.3861 Vtime: 0.0520
Step: 43700000  Loss: 0.058776 Regul: 0.045560 Obj: 0.104337 (0.066772)  NNZ: 20 (11)  Ttime: 1.3840 Vtime: 0.0511
Step: 43800000  Loss: 0.055174 Regul: 0.038591 Obj: 0.093765 (0.066772)  NNZ: 19 (11)  Ttime: 1.3777 Vtime: 0.0514
Step: 43900000  Loss: 0.049855 Regul: 0.024183 Obj: 0.074039 (0.066772)  NNZ: 10 (11)  Ttime: 1.3911 Vtime: 0.0515
Step: 44000000  Loss: 0.058970 Regul: 0.027393 Obj: 0.086363 (0.066772)  NNZ: 11 (11)  Ttime: 1.3814 Vtime: 0.0517
Step: 44100000  Loss: 0.056544 Regul: 0.025929 Obj: 0.082473 (0.066772)  NNZ: 12 (11)  Ttime: 1.3869 Vtime: 0.0514
Step: 44200000  Loss: 0.058602 Regul: 0.035543 Obj: 0.094145 (0.066772)  NNZ: 14 (11)  Ttime: 1.3892 Vtime: 0.0514
Step: 44300000  Loss: 0.053384 Regul: 0.025822 Obj: 0.079206 (0.066772)  NNZ: 12 (11)  Ttime: 1.3873 Vtime: 0.0511
Step: 44400000  Loss: 0.052829 Regul: 0.030293 Obj: 0.083122 (0.066772)  NNZ: 12 (11)  Ttime: 1.3834 Vtime: 0.0517
Step: 44500000  Loss: 0.052805 Regul: 0.026547 Obj: 0.079351 (0.066772)  NNZ: 10 (11)  Ttime: 1.3839 Vtime: 0.0521
Step: 44600000  Loss: 0.049743 Regul: 0.023781 Obj: 0.073524 (0.066772)  NNZ: 15 (11)  Ttime: 1.3836 Vtime: 0.0515
Step: 44700000  Loss: 0.053681 Regul: 0.028104 Obj: 0.081785 (0.066772)  NNZ: 17 (11)  Ttime: 1.3859 Vtime: 0.0508
Step: 44800000  Loss: 0.059820 Regul: 0.043855 Obj: 0.103675 (0.066772)  NNZ: 15 (11)  Ttime: 1.3831 Vtime: 0.0518
Step: 44900000  Loss: 0.050686 Regul: 0.026654 Obj: 0.077340 (0.066772)  NNZ: 14 (11)  Ttime: 1.3911 Vtime: 0.0523
Step: 45000000  Loss: 0.052122 Regul: 0.029648 Obj: 0.081770 (0.066772)  NNZ: 14 (11)  Ttime: 1.3886 Vtime: 0.0517
Step: 45100000  Loss: 0.054020 Regul: 0.023364 Obj: 0.077384 (0.066772)  NNZ: 11 (11)  Ttime: 1.3865 Vtime: 0.0518
Step: 45200000  Loss: 0.059785 Regul: 0.040122 Obj: 0.099907 (0.066772)  NNZ: 15 (11)  Ttime: 1.3832 Vtime: 0.0516
Step: 45300000  Loss: 0.061054 Regul: 0.045453 Obj: 0.106507 (0.066772)  NNZ: 22 (11)  Ttime: 1.3904 Vtime: 0.0516
Step: 45400000  Loss: 0.057285 Regul: 0.036040 Obj: 0.093325 (0.066772)  NNZ: 16 (11)  Ttime: 1.3847 Vtime: 0.0517
Step: 45500000  Loss: 0.052657 Regul: 0.032764 Obj: 0.085421 (0.066772)  NNZ: 19 (11)  Ttime: 1.3853 Vtime: 0.0519
Step: 45600000  Loss: 0.048866 Regul: 0.022236 Obj: 0.071103 (0.066772)  NNZ: 15 (11)  Ttime: 1.3889 Vtime: 0.0512
Step: 45700000  Loss: 0.056074 Regul: 0.032603 Obj: 0.088676 (0.066772)  NNZ: 16 (11)  Ttime: 1.3886 Vtime: 0.0512
Step: 45800000  Loss: 0.048892 Regul: 0.024613 Obj: 0.073505 (0.066772)  NNZ: 12 (11)  Ttime: 1.3847 Vtime: 0.0515
Step: 45900000  Loss: 0.051003 Regul: 0.018759 Obj: 0.069761 (0.066772)  NNZ: 10 (11)  Ttime: 1.3876 Vtime: 0.0520
Step: 46000000  Loss: 0.150111 Regul: 0.020464 Obj: 0.170575 (0.066772)  NNZ: 11 (11)  Ttime: 1.3879 Vtime: 0.0511
Step: 46100000  Loss: 0.063033 Regul: 0.021229 Obj: 0.084262 (0.066772)  NNZ: 9 (11)  Ttime: 1.3844 Vtime: 0.0513
Step: 46200000  Loss: 0.057479 Regul: 0.033986 Obj: 0.091464 (0.066772)  NNZ: 19 (11)  Ttime: 1.3898 Vtime: 0.0514
Step: 46300000  Loss: 0.051826 Regul: 0.024452 Obj: 0.076278 (0.066772)  NNZ: 17 (11)  Ttime: 1.3875 Vtime: 0.0516
Step: 46400000  Loss: 0.049511 Regul: 0.023995 Obj: 0.073506 (0.066772)  NNZ: 15 (11)  Ttime: 1.3829 Vtime: 0.0512
Step: 46500000  Loss: 0.055094 Regul: 0.031783 Obj: 0.086878 (0.066772)  NNZ: 18 (11)  Ttime: 1.3852 Vtime: 0.0513
Step: 46600000  Loss: 0.051569 Regul: 0.025190 Obj: 0.076759 (0.066772)  NNZ: 12 (11)  Ttime: 1.3905 Vtime: 0.0516
Step: 46700000  Loss: 0.064845 Regul: 0.031125 Obj: 0.095971 (0.066772)  NNZ: 15 (11)  Ttime: 1.3839 Vtime: 0.0512
Step: 46800000  Loss: 0.053616 Regul: 0.023270 Obj: 0.076886 (0.066772)  NNZ: 13 (11)  Ttime: 1.3897 Vtime: 0.0517
Step: 46900000  Loss: 0.060008 Regul: 0.034832 Obj: 0.094839 (0.066772)  NNZ: 19 (11)  Ttime: 1.3917 Vtime: 0.0514
Step: 47000000  Loss: 0.051369 Regul: 0.031475 Obj: 0.082844 (0.066772)  NNZ: 14 (11)  Ttime: 1.3854 Vtime: 0.0516
Step: 47100000  Loss: 0.054194 Regul: 0.039128 Obj: 0.093322 (0.066772)  NNZ: 16 (11)  Ttime: 1.3900 Vtime: 0.0516
Step: 47200000  Loss: 0.055495 Regul: 0.035812 Obj: 0.091307 (0.066772)  NNZ: 16 (11)  Ttime: 1.3975 Vtime: 0.0508
Step: 47300000  Loss: 0.055383 Regul: 0.033932 Obj: 0.089315 (0.066772)  NNZ: 17 (11)  Ttime: 1.3831 Vtime: 0.0514
Step: 47400000  Loss: 0.050696 Regul: 0.027594 Obj: 0.078290 (0.066772)  NNZ: 14 (11)  Ttime: 1.3863 Vtime: 0.0523
Step: 47500000  Loss: 0.058471 Regul: 0.013602 Obj: 0.072073 (0.066772)  NNZ: 9 (11)  Ttime: 1.3857 Vtime: 0.0523
Step: 47600000  Loss: 0.059044 Regul: 0.033086 Obj: 0.092129 (0.066772)  NNZ: 21 (11)  Ttime: 1.3935 Vtime: 0.0515
Step: 47700000  Loss: 0.052900 Regul: 0.035100 Obj: 0.088000 (0.066772)  NNZ: 15 (11)  Ttime: 1.3828 Vtime: 0.0518
Step: 47800000  Loss: 0.059933 Regul: 0.026855 Obj: 0.086788 (0.066772)  NNZ: 15 (11)  Ttime: 1.3860 Vtime: 0.0519
Step: 47900000  Loss: 0.054997 Regul: 0.037906 Obj: 0.092904 (0.066772)  NNZ: 15 (11)  Ttime: 1.3838 Vtime: 0.0514
Step: 48000000  Loss: 0.053669 Regul: 0.023982 Obj: 0.077651 (0.066772)  NNZ: 12 (11)  Ttime: 1.3840 Vtime: 0.0527
Step: 48100000  Loss: 0.052275 Regul: 0.024949 Obj: 0.077223 (0.066772)  NNZ: 12 (11)  Ttime: 1.3840 Vtime: 0.0517
Step: 48200000  Loss: 0.051681 Regul: 0.027299 Obj: 0.078979 (0.066772)  NNZ: 14 (11)  Ttime: 1.3905 Vtime: 0.0512
Step: 48300000  Loss: 0.049857 Regul: 0.022518 Obj: 0.072375 (0.066772)  NNZ: 15 (11)  Ttime: 1.3847 Vtime: 0.0510
Step: 48400000  Loss: 0.057268 Regul: 0.042552 Obj: 0.099821 (0.066772)  NNZ: 18 (11)  Ttime: 1.3834 Vtime: 0.0517
Step: 48500000  Loss: 0.059394 Regul: 0.030159 Obj: 0.089553 (0.066772)  NNZ: 18 (11)  Ttime: 1.3846 Vtime: 0.0520
Step: 48600000  Loss: 0.050652 Regul: 0.026775 Obj: 0.077427 (0.066772)  NNZ: 16 (11)  Ttime: 1.3894 Vtime: 0.0516
Step: 48700000  Loss: 0.048839 Regul: 0.022371 Obj: 0.071210 (0.066772)  NNZ: 14 (11)  Ttime: 1.3841 Vtime: 0.0522
Step: 48800000  Loss: 0.048507 Regul: 0.024170 Obj: 0.072677 (0.066772)  NNZ: 13 (11)  Ttime: 1.3860 Vtime: 0.0511
Step: 48900000  Loss: 0.054297 Regul: 0.034550 Obj: 0.088847 (0.066772)  NNZ: 14 (11)  Ttime: 1.3806 Vtime: 0.0512
Step: 49000000  Loss: 0.051938 Regul: 0.032119 Obj: 0.084057 (0.066772)  NNZ: 13 (11)  Ttime: 1.3874 Vtime: 0.0511
Step: 49100000  Loss: 0.058467 Regul: 0.019752 Obj: 0.078219 (0.066772)  NNZ: 10 (11)  Ttime: 1.3849 Vtime: 0.0512
Step: 49200000  Loss: 0.053332 Regul: 0.036389 Obj: 0.089721 (0.066772)  NNZ: 15 (11)  Ttime: 1.3859 Vtime: 0.0513
Step: 49300000  Loss: 0.069047 Regul: 0.037074 Obj: 0.106121 (0.066772)  NNZ: 19 (11)  Ttime: 1.3883 Vtime: 0.0515
Step: 49400000  Loss: 0.050515 Regul: 0.028668 Obj: 0.079184 (0.066772)  NNZ: 16 (11)  Ttime: 1.3884 Vtime: 0.0510
Step: 49500000  Loss: 0.054618 Regul: 0.038309 Obj: 0.092927 (0.066772)  NNZ: 15 (11)  Ttime: 1.3898 Vtime: 0.0512
Step: 49600000  Loss: 0.060256 Regul: 0.042015 Obj: 0.102271 (0.066772)  NNZ: 21 (11)  Ttime: 1.3835 Vtime: 0.0513
Step: 49700000  Loss: 0.051799 Regul: 0.025311 Obj: 0.077111 (0.066772)  NNZ: 15 (11)  Ttime: 1.3842 Vtime: 0.0514
Step: 49800000  Loss: 0.049920 Regul: 0.028883 Obj: 0.078803 (0.066772)  NNZ: 15 (11)  Ttime: 1.3866 Vtime: 0.0516
Step: 49900000  Loss: 0.068740 Regul: 0.020625 Obj: 0.089365 (0.066772)  NNZ: 14 (11)  Ttime: 1.3870 Vtime: 0.0518
Step: 50000000  Loss: 0.058797 Regul: 0.026761 Obj: 0.085558 (0.066772)  NNZ: 11 (11)  Ttime: 1.3848 Vtime: 0.0517
