mu: 0.001 gamma: 0.03 nIters: 50000000
Load PRParams.
Load RingParams.
Load Labels: 500000
Load Distances: 500000 x 5120
0...10...20...30...40...50...60...70...80...90...100 - done.
Positive samples #250000
Negative samples #250000
Positive train #200000
Negative train #200000
Positive valid #50000
Negative valid #50000

Found GPU: GeForce GTX 970
Compute Capability: 5.2

Best: 100000  Loss: 0.709481 Regul: 0.011771 Obj: 0.721253 (0.721253)  NNZ: 18 (18)  Ttime: 1.3921 Vtime: 0.2170
Stat: nPR #132 (#144) Dim/MaxDim [1056/640] AUC: 0.977439 FPR95: 10.45
Best: 200000  Loss: 0.623676 Regul: 0.010326 Obj: 0.634003 (0.634003)  NNZ: 13 (13)  Ttime: 1.3935 Vtime: 0.0530
Stat: nPR #72 (#104) Dim/MaxDim [576/640] AUC: 0.975440 FPR95: 14.82 [saved]
Best: 300000  Loss: 0.426407 Regul: 0.006178 Obj: 0.432585 (0.432585)  NNZ: 14 (14)  Ttime: 1.3918 Vtime: 0.0517
Stat: nPR #88 (#112) Dim/MaxDim [704/640] AUC: 0.975162 FPR95: 12.80
Step: 400000  Loss: 0.440089 Regul: 0.006906 Obj: 0.446995 (0.432585)  NNZ: 13 (14)  Ttime: 1.3847 Vtime: 0.0513
Best: 500000  Loss: 0.189914 Regul: 0.003002 Obj: 0.192916 (0.192916)  NNZ: 10 (10)  Ttime: 1.3831 Vtime: 0.0515
Stat: nPR #68 (#80) Dim/MaxDim [544/640] AUC: 0.977619 FPR95: 10.13 [saved]
Step: 600000  Loss: 0.368081 Regul: 0.006059 Obj: 0.374140 (0.192916)  NNZ: 14 (10)  Ttime: 1.3858 Vtime: 0.0510
Best: 700000  Loss: 0.189108 Regul: 0.003245 Obj: 0.192353 (0.192353)  NNZ: 12 (12)  Ttime: 1.3780 Vtime: 0.0521
Stat: nPR #84 (#96) Dim/MaxDim [672/640] AUC: 0.979124 FPR95: 9.10
Step: 800000  Loss: 0.475849 Regul: 0.006333 Obj: 0.482183 (0.192353)  NNZ: 13 (12)  Ttime: 1.3857 Vtime: 0.0524
Step: 900000  Loss: 0.237302 Regul: 0.004662 Obj: 0.241964 (0.192353)  NNZ: 11 (12)  Ttime: 1.3828 Vtime: 0.0508
Step: 1000000  Loss: 0.295662 Regul: 0.004219 Obj: 0.299881 (0.192353)  NNZ: 11 (12)  Ttime: 1.3844 Vtime: 0.0509
Best: 1100000  Loss: 0.066337 Regul: 0.000508 Obj: 0.066845 (0.066845)  NNZ: 4 (4)  Ttime: 1.3850 Vtime: 0.0513
Stat: nPR #28 (#32) Dim/MaxDim [224/640] AUC: 0.975363 FPR95: 12.63 [saved]
Step: 1200000  Loss: 0.338111 Regul: 0.004285 Obj: 0.342397 (0.066845)  NNZ: 12 (4)  Ttime: 1.3879 Vtime: 0.0519
Step: 1300000  Loss: 0.202756 Regul: 0.003109 Obj: 0.205865 (0.066845)  NNZ: 9 (4)  Ttime: 1.3856 Vtime: 0.0511
Step: 1400000  Loss: 0.238749 Regul: 0.001989 Obj: 0.240738 (0.066845)  NNZ: 7 (4)  Ttime: 1.3845 Vtime: 0.0513
Step: 1500000  Loss: 0.266830 Regul: 0.003060 Obj: 0.269890 (0.066845)  NNZ: 7 (4)  Ttime: 1.3870 Vtime: 0.0516
Step: 1600000  Loss: 0.282118 Regul: 0.004235 Obj: 0.286353 (0.066845)  NNZ: 9 (4)  Ttime: 1.3868 Vtime: 0.0511
Step: 1700000  Loss: 0.452274 Regul: 0.001804 Obj: 0.454077 (0.066845)  NNZ: 9 (4)  Ttime: 1.3827 Vtime: 0.0521
Step: 1800000  Loss: 0.142093 Regul: 0.002247 Obj: 0.144340 (0.066845)  NNZ: 12 (4)  Ttime: 1.3875 Vtime: 0.0513
Step: 1900000  Loss: 0.129790 Regul: 0.001196 Obj: 0.130987 (0.066845)  NNZ: 4 (4)  Ttime: 1.3829 Vtime: 0.0510
Step: 2000000  Loss: 0.131131 Regul: 0.001892 Obj: 0.133022 (0.066845)  NNZ: 8 (4)  Ttime: 1.3881 Vtime: 0.0512
Step: 2100000  Loss: 0.291943 Regul: 0.003206 Obj: 0.295149 (0.066845)  NNZ: 11 (4)  Ttime: 1.3868 Vtime: 0.0512
Step: 2200000  Loss: 0.079413 Regul: 0.001212 Obj: 0.080626 (0.066845)  NNZ: 6 (4)  Ttime: 1.3845 Vtime: 0.0514
Step: 2300000  Loss: 0.150537 Regul: 0.001990 Obj: 0.152528 (0.066845)  NNZ: 8 (4)  Ttime: 1.3841 Vtime: 0.0517
Step: 2400000  Loss: 0.134659 Regul: 0.002353 Obj: 0.137012 (0.066845)  NNZ: 13 (4)  Ttime: 1.3868 Vtime: 0.0515
Step: 2500000  Loss: 0.155075 Regul: 0.003048 Obj: 0.158124 (0.066845)  NNZ: 14 (4)  Ttime: 1.3855 Vtime: 0.0515
Step: 2600000  Loss: 0.224539 Regul: 0.003497 Obj: 0.228036 (0.066845)  NNZ: 10 (4)  Ttime: 1.3877 Vtime: 0.0516
Step: 2700000  Loss: 0.353491 Regul: 0.005208 Obj: 0.358699 (0.066845)  NNZ: 20 (4)  Ttime: 1.3844 Vtime: 0.0512
Step: 2800000  Loss: 0.113330 Regul: 0.001974 Obj: 0.115304 (0.066845)  NNZ: 9 (4)  Ttime: 1.3841 Vtime: 0.0508
Step: 2900000  Loss: 0.202280 Regul: 0.002046 Obj: 0.204326 (0.066845)  NNZ: 9 (4)  Ttime: 1.3827 Vtime: 0.0509
Step: 3000000  Loss: 0.104886 Regul: 0.001462 Obj: 0.106348 (0.066845)  NNZ: 9 (4)  Ttime: 1.3878 Vtime: 0.0512
Step: 3100000  Loss: 0.303551 Regul: 0.002188 Obj: 0.305739 (0.066845)  NNZ: 11 (4)  Ttime: 1.3856 Vtime: 0.0516
Step: 3200000  Loss: 0.083726 Regul: 0.000657 Obj: 0.084383 (0.066845)  NNZ: 9 (4)  Ttime: 1.3880 Vtime: 0.0510
Step: 3300000  Loss: 0.130541 Regul: 0.001824 Obj: 0.132365 (0.066845)  NNZ: 14 (4)  Ttime: 1.3850 Vtime: 0.0517
Step: 3400000  Loss: 0.111509 Regul: 0.001100 Obj: 0.112609 (0.066845)  NNZ: 6 (4)  Ttime: 1.3885 Vtime: 0.0514
Step: 3500000  Loss: 0.154046 Regul: 0.002614 Obj: 0.156660 (0.066845)  NNZ: 15 (4)  Ttime: 1.3833 Vtime: 0.0509
Step: 3600000  Loss: 0.079465 Regul: 0.000956 Obj: 0.080421 (0.066845)  NNZ: 12 (4)  Ttime: 1.3849 Vtime: 0.0520
Step: 3700000  Loss: 0.149261 Regul: 0.002063 Obj: 0.151324 (0.066845)  NNZ: 10 (4)  Ttime: 1.3862 Vtime: 0.0511
Step: 3800000  Loss: 0.160301 Regul: 0.003177 Obj: 0.163479 (0.066845)  NNZ: 13 (4)  Ttime: 1.3832 Vtime: 0.0525
Step: 3900000  Loss: 0.102368 Regul: 0.001748 Obj: 0.104116 (0.066845)  NNZ: 11 (4)  Ttime: 1.3852 Vtime: 0.0512
Step: 4000000  Loss: 0.089142 Regul: 0.000801 Obj: 0.089943 (0.066845)  NNZ: 10 (4)  Ttime: 1.3855 Vtime: 0.0520
Step: 4100000  Loss: 0.193356 Regul: 0.003049 Obj: 0.196405 (0.066845)  NNZ: 17 (4)  Ttime: 1.3906 Vtime: 0.0510
Step: 4200000  Loss: 0.207873 Regul: 0.002568 Obj: 0.210440 (0.066845)  NNZ: 11 (4)  Ttime: 1.3866 Vtime: 0.0518
Step: 4300000  Loss: 0.077648 Regul: 0.001119 Obj: 0.078767 (0.066845)  NNZ: 8 (4)  Ttime: 1.3847 Vtime: 0.0517
Step: 4400000  Loss: 0.079056 Regul: 0.000873 Obj: 0.079929 (0.066845)  NNZ: 8 (4)  Ttime: 1.3842 Vtime: 0.0512
Step: 4500000  Loss: 0.136856 Regul: 0.001522 Obj: 0.138378 (0.066845)  NNZ: 12 (4)  Ttime: 1.3907 Vtime: 0.0511
Step: 4600000  Loss: 0.155401 Regul: 0.001806 Obj: 0.157207 (0.066845)  NNZ: 9 (4)  Ttime: 1.3936 Vtime: 0.0515
Step: 4700000  Loss: 0.186870 Regul: 0.002080 Obj: 0.188950 (0.066845)  NNZ: 10 (4)  Ttime: 1.3905 Vtime: 0.0516
Step: 4800000  Loss: 0.175451 Regul: 0.001287 Obj: 0.176738 (0.066845)  NNZ: 8 (4)  Ttime: 1.3919 Vtime: 0.0512
Step: 4900000  Loss: 0.103188 Regul: 0.001621 Obj: 0.104809 (0.066845)  NNZ: 12 (4)  Ttime: 1.3863 Vtime: 0.0516
Step: 5000000  Loss: 0.134556 Regul: 0.002123 Obj: 0.136680 (0.066845)  NNZ: 15 (4)  Ttime: 1.3880 Vtime: 0.0516
Step: 5100000  Loss: 0.134600 Regul: 0.002557 Obj: 0.137157 (0.066845)  NNZ: 14 (4)  Ttime: 1.3894 Vtime: 0.0518
Step: 5200000  Loss: 0.157606 Regul: 0.001268 Obj: 0.158874 (0.066845)  NNZ: 8 (4)  Ttime: 1.3845 Vtime: 0.0526
Step: 5300000  Loss: 0.157022 Regul: 0.002650 Obj: 0.159673 (0.066845)  NNZ: 16 (4)  Ttime: 1.3857 Vtime: 0.0516
Step: 5400000  Loss: 0.168593 Regul: 0.003390 Obj: 0.171983 (0.066845)  NNZ: 16 (4)  Ttime: 1.3846 Vtime: 0.0517
Step: 5500000  Loss: 0.145252 Regul: 0.002241 Obj: 0.147493 (0.066845)  NNZ: 12 (4)  Ttime: 1.3853 Vtime: 0.0514
Step: 5600000  Loss: 0.078365 Regul: 0.001005 Obj: 0.079370 (0.066845)  NNZ: 7 (4)  Ttime: 1.3883 Vtime: 0.0515
Best: 5700000  Loss: 0.063622 Regul: 0.000699 Obj: 0.064321 (0.064321)  NNZ: 9 (9)  Ttime: 1.3869 Vtime: 0.0518
Stat: nPR #52 (#72) Dim/MaxDim [416/640] AUC: 0.979497 FPR95: 8.88 [saved]
Step: 5800000  Loss: 0.167293 Regul: 0.003118 Obj: 0.170411 (0.064321)  NNZ: 20 (9)  Ttime: 1.3884 Vtime: 0.0516
Step: 5900000  Loss: 0.145126 Regul: 0.002751 Obj: 0.147877 (0.064321)  NNZ: 11 (9)  Ttime: 1.3842 Vtime: 0.0520
Step: 6000000  Loss: 0.075291 Regul: 0.001100 Obj: 0.076391 (0.064321)  NNZ: 9 (9)  Ttime: 1.3860 Vtime: 0.0515
Step: 6100000  Loss: 0.107123 Regul: 0.001686 Obj: 0.108809 (0.064321)  NNZ: 11 (9)  Ttime: 1.3870 Vtime: 0.0517
Step: 6200000  Loss: 0.082175 Regul: 0.001335 Obj: 0.083510 (0.064321)  NNZ: 12 (9)  Ttime: 1.3857 Vtime: 0.0516
Step: 6300000  Loss: 0.221565 Regul: 0.002680 Obj: 0.224245 (0.064321)  NNZ: 16 (9)  Ttime: 1.3864 Vtime: 0.0517
Step: 6400000  Loss: 0.142104 Regul: 0.002884 Obj: 0.144988 (0.064321)  NNZ: 14 (9)  Ttime: 1.3821 Vtime: 0.0517
Step: 6500000  Loss: 0.073326 Regul: 0.000708 Obj: 0.074035 (0.064321)  NNZ: 8 (9)  Ttime: 1.3807 Vtime: 0.0517
Step: 6600000  Loss: 0.089496 Regul: 0.001326 Obj: 0.090822 (0.064321)  NNZ: 10 (9)  Ttime: 1.3864 Vtime: 0.0509
Step: 6700000  Loss: 0.087328 Regul: 0.001518 Obj: 0.088847 (0.064321)  NNZ: 9 (9)  Ttime: 1.3862 Vtime: 0.0509
Step: 6800000  Loss: 0.114432 Regul: 0.001043 Obj: 0.115475 (0.064321)  NNZ: 6 (9)  Ttime: 1.3857 Vtime: 0.0513
Step: 6900000  Loss: 0.109211 Regul: 0.001983 Obj: 0.111194 (0.064321)  NNZ: 12 (9)  Ttime: 1.3883 Vtime: 0.0516
Step: 7000000  Loss: 0.086692 Regul: 0.001230 Obj: 0.087922 (0.064321)  NNZ: 10 (9)  Ttime: 1.3869 Vtime: 0.0516
Step: 7100000  Loss: 0.139488 Regul: 0.001086 Obj: 0.140575 (0.064321)  NNZ: 7 (9)  Ttime: 1.3850 Vtime: 0.0509
Step: 7200000  Loss: 0.076897 Regul: 0.000586 Obj: 0.077482 (0.064321)  NNZ: 5 (9)  Ttime: 1.3879 Vtime: 0.0515
Step: 7300000  Loss: 0.092444 Regul: 0.001151 Obj: 0.093595 (0.064321)  NNZ: 9 (9)  Ttime: 1.3863 Vtime: 0.0510
Step: 7400000  Loss: 0.088313 Regul: 0.001155 Obj: 0.089468 (0.064321)  NNZ: 9 (9)  Ttime: 1.3884 Vtime: 0.0510
Step: 7500000  Loss: 0.104522 Regul: 0.001432 Obj: 0.105954 (0.064321)  NNZ: 10 (9)  Ttime: 1.3861 Vtime: 0.0515
Step: 7600000  Loss: 0.145773 Regul: 0.002214 Obj: 0.147987 (0.064321)  NNZ: 11 (9)  Ttime: 1.3824 Vtime: 0.0514
Step: 7700000  Loss: 0.225616 Regul: 0.003613 Obj: 0.229229 (0.064321)  NNZ: 23 (9)  Ttime: 1.3870 Vtime: 0.0509
Step: 7800000  Loss: 0.234443 Regul: 0.002811 Obj: 0.237254 (0.064321)  NNZ: 13 (9)  Ttime: 1.3874 Vtime: 0.0510
Step: 7900000  Loss: 0.184176 Regul: 0.002747 Obj: 0.186923 (0.064321)  NNZ: 16 (9)  Ttime: 1.3866 Vtime: 0.0516
Step: 8000000  Loss: 0.091912 Regul: 0.001554 Obj: 0.093466 (0.064321)  NNZ: 12 (9)  Ttime: 1.3838 Vtime: 0.0519
Step: 8100000  Loss: 0.149006 Regul: 0.003084 Obj: 0.152090 (0.064321)  NNZ: 18 (9)  Ttime: 1.3849 Vtime: 0.0516
Step: 8200000  Loss: 0.158525 Regul: 0.002272 Obj: 0.160797 (0.064321)  NNZ: 13 (9)  Ttime: 1.3855 Vtime: 0.0514
Step: 8300000  Loss: 0.095492 Regul: 0.001313 Obj: 0.096805 (0.064321)  NNZ: 8 (9)  Ttime: 1.3844 Vtime: 0.0516
Step: 8400000  Loss: 0.102129 Regul: 0.001469 Obj: 0.103598 (0.064321)  NNZ: 7 (9)  Ttime: 1.3802 Vtime: 0.0512
Step: 8500000  Loss: 0.121891 Regul: 0.001757 Obj: 0.123648 (0.064321)  NNZ: 15 (9)  Ttime: 1.3838 Vtime: 0.0515
Step: 8600000  Loss: 0.100250 Regul: 0.001687 Obj: 0.101937 (0.064321)  NNZ: 10 (9)  Ttime: 1.3863 Vtime: 0.0519
Step: 8700000  Loss: 0.101593 Regul: 0.001120 Obj: 0.102712 (0.064321)  NNZ: 14 (9)  Ttime: 1.3849 Vtime: 0.0519
Step: 8800000  Loss: 0.083441 Regul: 0.001441 Obj: 0.084883 (0.064321)  NNZ: 12 (9)  Ttime: 1.3802 Vtime: 0.0512
Step: 8900000  Loss: 0.106284 Regul: 0.002151 Obj: 0.108435 (0.064321)  NNZ: 18 (9)  Ttime: 1.3861 Vtime: 0.0519
Step: 9000000  Loss: 0.137430 Regul: 0.002145 Obj: 0.139575 (0.064321)  NNZ: 13 (9)  Ttime: 1.3835 Vtime: 0.0511
Step: 9100000  Loss: 0.073006 Regul: 0.001099 Obj: 0.074106 (0.064321)  NNZ: 10 (9)  Ttime: 1.3879 Vtime: 0.0517
Best: 9200000  Loss: 0.060478 Regul: 0.000639 Obj: 0.061116 (0.061116)  NNZ: 7 (7)  Ttime: 1.3849 Vtime: 0.0531
Stat: nPR #48 (#56) Dim/MaxDim [384/640] AUC: 0.979244 FPR95: 10.31 [saved]
Step: 9300000  Loss: 0.105407 Regul: 0.001875 Obj: 0.107281 (0.061116)  NNZ: 11 (7)  Ttime: 1.3859 Vtime: 0.0519
Step: 9400000  Loss: 0.159271 Regul: 0.002465 Obj: 0.161736 (0.061116)  NNZ: 13 (7)  Ttime: 1.3918 Vtime: 0.0508
Step: 9500000  Loss: 0.172433 Regul: 0.001860 Obj: 0.174292 (0.061116)  NNZ: 16 (7)  Ttime: 1.3895 Vtime: 0.0515
Step: 9600000  Loss: 0.157213 Regul: 0.002185 Obj: 0.159397 (0.061116)  NNZ: 14 (7)  Ttime: 1.3939 Vtime: 0.0513
Step: 9700000  Loss: 0.091523 Regul: 0.000957 Obj: 0.092480 (0.061116)  NNZ: 7 (7)  Ttime: 1.3926 Vtime: 0.0509
Step: 9800000  Loss: 0.197245 Regul: 0.002438 Obj: 0.199683 (0.061116)  NNZ: 15 (7)  Ttime: 1.3977 Vtime: 0.0514
Step: 9900000  Loss: 0.103560 Regul: 0.001791 Obj: 0.105351 (0.061116)  NNZ: 17 (7)  Ttime: 1.3925 Vtime: 0.0517
Step: 10000000  Loss: 0.116243 Regul: 0.001475 Obj: 0.117718 (0.061116)  NNZ: 8 (7)  Ttime: 1.3870 Vtime: 0.0519
Step: 10100000  Loss: 0.096195 Regul: 0.001628 Obj: 0.097823 (0.061116)  NNZ: 12 (7)  Ttime: 1.3887 Vtime: 0.0518
Step: 10200000  Loss: 0.100965 Regul: 0.001832 Obj: 0.102797 (0.061116)  NNZ: 14 (7)  Ttime: 1.3894 Vtime: 0.0511
Step: 10300000  Loss: 0.077066 Regul: 0.000858 Obj: 0.077923 (0.061116)  NNZ: 13 (7)  Ttime: 1.3885 Vtime: 0.0515
Step: 10400000  Loss: 0.083922 Regul: 0.000898 Obj: 0.084821 (0.061116)  NNZ: 7 (7)  Ttime: 1.3880 Vtime: 0.0511
Step: 10500000  Loss: 0.087988 Regul: 0.001054 Obj: 0.089042 (0.061116)  NNZ: 9 (7)  Ttime: 1.3869 Vtime: 0.0517
Step: 10600000  Loss: 0.070129 Regul: 0.000873 Obj: 0.071003 (0.061116)  NNZ: 10 (7)  Ttime: 1.3869 Vtime: 0.0518
Step: 10700000  Loss: 0.187688 Regul: 0.003952 Obj: 0.191640 (0.061116)  NNZ: 25 (7)  Ttime: 1.3844 Vtime: 0.0510
Step: 10800000  Loss: 0.072618 Regul: 0.001044 Obj: 0.073662 (0.061116)  NNZ: 9 (7)  Ttime: 1.3863 Vtime: 0.0513
Step: 10900000  Loss: 0.134550 Regul: 0.001698 Obj: 0.136247 (0.061116)  NNZ: 13 (7)  Ttime: 1.3848 Vtime: 0.0516
Step: 11000000  Loss: 0.093995 Regul: 0.001392 Obj: 0.095388 (0.061116)  NNZ: 13 (7)  Ttime: 1.3906 Vtime: 0.0511
Step: 11100000  Loss: 0.101607 Regul: 0.001651 Obj: 0.103259 (0.061116)  NNZ: 18 (7)  Ttime: 1.3937 Vtime: 0.0515
Step: 11200000  Loss: 0.073996 Regul: 0.001056 Obj: 0.075052 (0.061116)  NNZ: 8 (7)  Ttime: 1.3876 Vtime: 0.0514
Step: 11300000  Loss: 0.080964 Regul: 0.001116 Obj: 0.082081 (0.061116)  NNZ: 8 (7)  Ttime: 1.3874 Vtime: 0.0512
Step: 11400000  Loss: 0.095059 Regul: 0.001259 Obj: 0.096318 (0.061116)  NNZ: 9 (7)  Ttime: 1.3907 Vtime: 0.0511
Step: 11500000  Loss: 0.106193 Regul: 0.001659 Obj: 0.107852 (0.061116)  NNZ: 12 (7)  Ttime: 1.3997 Vtime: 0.0514
Step: 11600000  Loss: 0.125988 Regul: 0.001088 Obj: 0.127076 (0.061116)  NNZ: 10 (7)  Ttime: 1.3953 Vtime: 0.0516
Step: 11700000  Loss: 0.107694 Regul: 0.001774 Obj: 0.109467 (0.061116)  NNZ: 14 (7)  Ttime: 1.3943 Vtime: 0.0512
Step: 11800000  Loss: 0.110474 Regul: 0.002052 Obj: 0.112526 (0.061116)  NNZ: 18 (7)  Ttime: 1.3885 Vtime: 0.0514
Step: 11900000  Loss: 0.119521 Regul: 0.001904 Obj: 0.121426 (0.061116)  NNZ: 17 (7)  Ttime: 1.4022 Vtime: 0.0516
Step: 12000000  Loss: 0.100470 Regul: 0.001614 Obj: 0.102084 (0.061116)  NNZ: 13 (7)  Ttime: 1.3877 Vtime: 0.0512
Step: 12100000  Loss: 0.079962 Regul: 0.001279 Obj: 0.081241 (0.061116)  NNZ: 13 (7)  Ttime: 1.3878 Vtime: 0.0522
Step: 12200000  Loss: 0.092113 Regul: 0.001284 Obj: 0.093397 (0.061116)  NNZ: 11 (7)  Ttime: 1.3851 Vtime: 0.0506
Step: 12300000  Loss: 0.075912 Regul: 0.001297 Obj: 0.077209 (0.061116)  NNZ: 10 (7)  Ttime: 1.3866 Vtime: 0.0517
Best: 12400000  Loss: 0.060239 Regul: 0.000705 Obj: 0.060944 (0.060944)  NNZ: 8 (8)  Ttime: 1.3875 Vtime: 0.0515
Stat: nPR #52 (#64) Dim/MaxDim [416/640] AUC: 0.979729 FPR95: 9.55 [saved]
Step: 12500000  Loss: 0.101175 Regul: 0.000678 Obj: 0.101853 (0.060944)  NNZ: 6 (8)  Ttime: 1.3921 Vtime: 0.0513
Step: 12600000  Loss: 0.142181 Regul: 0.002480 Obj: 0.144660 (0.060944)  NNZ: 13 (8)  Ttime: 1.3917 Vtime: 0.0516
Step: 12700000  Loss: 0.128255 Regul: 0.001902 Obj: 0.130157 (0.060944)  NNZ: 19 (8)  Ttime: 1.3862 Vtime: 0.0512
Step: 12800000  Loss: 0.080881 Regul: 0.001128 Obj: 0.082009 (0.060944)  NNZ: 10 (8)  Ttime: 1.3919 Vtime: 0.0516
Step: 12900000  Loss: 0.173001 Regul: 0.001808 Obj: 0.174809 (0.060944)  NNZ: 15 (8)  Ttime: 1.3903 Vtime: 0.0512
Step: 13000000  Loss: 0.132515 Regul: 0.002113 Obj: 0.134628 (0.060944)  NNZ: 17 (8)  Ttime: 1.3846 Vtime: 0.0512
Step: 13100000  Loss: 0.071614 Regul: 0.000755 Obj: 0.072369 (0.060944)  NNZ: 9 (8)  Ttime: 1.3925 Vtime: 0.0507
Step: 13200000  Loss: 0.085279 Regul: 0.001346 Obj: 0.086626 (0.060944)  NNZ: 14 (8)  Ttime: 1.3850 Vtime: 0.0514
Step: 13300000  Loss: 0.138694 Regul: 0.001870 Obj: 0.140563 (0.060944)  NNZ: 18 (8)  Ttime: 1.3836 Vtime: 0.0509
Step: 13400000  Loss: 0.129965 Regul: 0.002721 Obj: 0.132686 (0.060944)  NNZ: 17 (8)  Ttime: 1.3866 Vtime: 0.0514
Step: 13500000  Loss: 0.103216 Regul: 0.001588 Obj: 0.104804 (0.060944)  NNZ: 13 (8)  Ttime: 1.3859 Vtime: 0.0510
Step: 13600000  Loss: 0.092644 Regul: 0.001515 Obj: 0.094159 (0.060944)  NNZ: 11 (8)  Ttime: 1.3820 Vtime: 0.0514
Step: 13700000  Loss: 0.076426 Regul: 0.000882 Obj: 0.077308 (0.060944)  NNZ: 12 (8)  Ttime: 1.3838 Vtime: 0.0515
Step: 13800000  Loss: 0.066578 Regul: 0.000617 Obj: 0.067195 (0.060944)  NNZ: 9 (8)  Ttime: 1.3874 Vtime: 0.0515
Step: 13900000  Loss: 0.100684 Regul: 0.001389 Obj: 0.102072 (0.060944)  NNZ: 12 (8)  Ttime: 1.3900 Vtime: 0.0516
Step: 14000000  Loss: 0.086386 Regul: 0.001434 Obj: 0.087820 (0.060944)  NNZ: 13 (8)  Ttime: 1.3859 Vtime: 0.0519
Step: 14100000  Loss: 0.075010 Regul: 0.001073 Obj: 0.076084 (0.060944)  NNZ: 9 (8)  Ttime: 1.3917 Vtime: 0.0518
Step: 14200000  Loss: 0.175585 Regul: 0.002862 Obj: 0.178446 (0.060944)  NNZ: 19 (8)  Ttime: 1.3876 Vtime: 0.0511
Step: 14300000  Loss: 0.110491 Regul: 0.000559 Obj: 0.111050 (0.060944)  NNZ: 6 (8)  Ttime: 1.3907 Vtime: 0.0517
Step: 14400000  Loss: 0.117111 Regul: 0.001585 Obj: 0.118696 (0.060944)  NNZ: 15 (8)  Ttime: 1.3907 Vtime: 0.0516
Step: 14500000  Loss: 0.078866 Regul: 0.001206 Obj: 0.080072 (0.060944)  NNZ: 10 (8)  Ttime: 1.3870 Vtime: 0.0518
Step: 14600000  Loss: 0.092153 Regul: 0.001275 Obj: 0.093428 (0.060944)  NNZ: 13 (8)  Ttime: 1.3871 Vtime: 0.0516
Step: 14700000  Loss: 0.073473 Regul: 0.000586 Obj: 0.074059 (0.060944)  NNZ: 8 (8)  Ttime: 1.3842 Vtime: 0.0519
Step: 14800000  Loss: 0.244046 Regul: 0.003944 Obj: 0.247990 (0.060944)  NNZ: 29 (8)  Ttime: 1.3876 Vtime: 0.0507
Step: 14900000  Loss: 0.089075 Regul: 0.001155 Obj: 0.090230 (0.060944)  NNZ: 10 (8)  Ttime: 1.3881 Vtime: 0.0513
Step: 15000000  Loss: 0.085194 Regul: 0.000786 Obj: 0.085980 (0.060944)  NNZ: 8 (8)  Ttime: 1.3847 Vtime: 0.0514
Step: 15100000  Loss: 0.066135 Regul: 0.001042 Obj: 0.067178 (0.060944)  NNZ: 11 (8)  Ttime: 1.3840 Vtime: 0.0523
Step: 15200000  Loss: 0.164321 Regul: 0.003201 Obj: 0.167522 (0.060944)  NNZ: 20 (8)  Ttime: 1.3869 Vtime: 0.0516
Step: 15300000  Loss: 0.081213 Regul: 0.000885 Obj: 0.082099 (0.060944)  NNZ: 8 (8)  Ttime: 1.3925 Vtime: 0.0512
Step: 15400000  Loss: 0.081075 Regul: 0.001292 Obj: 0.082368 (0.060944)  NNZ: 18 (8)  Ttime: 1.3891 Vtime: 0.0512
Step: 15500000  Loss: 0.070220 Regul: 0.000716 Obj: 0.070936 (0.060944)  NNZ: 10 (8)  Ttime: 1.3902 Vtime: 0.0523
Step: 15600000  Loss: 0.148059 Regul: 0.001643 Obj: 0.149702 (0.060944)  NNZ: 21 (8)  Ttime: 1.3874 Vtime: 0.0515
Step: 15700000  Loss: 0.082151 Regul: 0.000899 Obj: 0.083051 (0.060944)  NNZ: 7 (8)  Ttime: 1.3844 Vtime: 0.0511
Step: 15800000  Loss: 0.118322 Regul: 0.001462 Obj: 0.119784 (0.060944)  NNZ: 11 (8)  Ttime: 1.3869 Vtime: 0.0509
Step: 15900000  Loss: 0.143267 Regul: 0.001969 Obj: 0.145236 (0.060944)  NNZ: 13 (8)  Ttime: 1.3906 Vtime: 0.0515
Step: 16000000  Loss: 0.125119 Regul: 0.001408 Obj: 0.126526 (0.060944)  NNZ: 17 (8)  Ttime: 1.3915 Vtime: 0.0511
Step: 16100000  Loss: 0.074930 Regul: 0.000890 Obj: 0.075819 (0.060944)  NNZ: 6 (8)  Ttime: 1.3898 Vtime: 0.0518
Step: 16200000  Loss: 0.067210 Regul: 0.000782 Obj: 0.067992 (0.060944)  NNZ: 9 (8)  Ttime: 1.3899 Vtime: 0.0509
Step: 16300000  Loss: 0.106685 Regul: 0.001857 Obj: 0.108542 (0.060944)  NNZ: 16 (8)  Ttime: 1.3847 Vtime: 0.0516
Step: 16400000  Loss: 0.122439 Regul: 0.001449 Obj: 0.123888 (0.060944)  NNZ: 13 (8)  Ttime: 1.3878 Vtime: 0.0513
Step: 16500000  Loss: 0.075562 Regul: 0.000664 Obj: 0.076226 (0.060944)  NNZ: 9 (8)  Ttime: 1.3824 Vtime: 0.0518
Step: 16600000  Loss: 0.098289 Regul: 0.001777 Obj: 0.100066 (0.060944)  NNZ: 14 (8)  Ttime: 1.3797 Vtime: 0.0514
Step: 16700000  Loss: 0.083360 Regul: 0.001481 Obj: 0.084841 (0.060944)  NNZ: 16 (8)  Ttime: 1.3893 Vtime: 0.0510
Step: 16800000  Loss: 0.064294 Regul: 0.000648 Obj: 0.064942 (0.060944)  NNZ: 8 (8)  Ttime: 1.3808 Vtime: 0.0524
Step: 16900000  Loss: 0.117010 Regul: 0.001263 Obj: 0.118273 (0.060944)  NNZ: 8 (8)  Ttime: 1.3850 Vtime: 0.0517
Step: 17000000  Loss: 0.084285 Regul: 0.001465 Obj: 0.085750 (0.060944)  NNZ: 12 (8)  Ttime: 1.3882 Vtime: 0.0522
Step: 17100000  Loss: 0.127258 Regul: 0.001438 Obj: 0.128696 (0.060944)  NNZ: 12 (8)  Ttime: 1.3873 Vtime: 0.0522
Step: 17200000  Loss: 0.104197 Regul: 0.001051 Obj: 0.105248 (0.060944)  NNZ: 8 (8)  Ttime: 1.3896 Vtime: 0.0512
Step: 17300000  Loss: 0.123689 Regul: 0.001492 Obj: 0.125182 (0.060944)  NNZ: 14 (8)  Ttime: 1.3868 Vtime: 0.0515
Step: 17400000  Loss: 0.064837 Regul: 0.000799 Obj: 0.065635 (0.060944)  NNZ: 8 (8)  Ttime: 1.3877 Vtime: 0.0515
Step: 17500000  Loss: 0.136568 Regul: 0.002244 Obj: 0.138813 (0.060944)  NNZ: 16 (8)  Ttime: 1.3856 Vtime: 0.0510
Step: 17600000  Loss: 0.183414 Regul: 0.000582 Obj: 0.183996 (0.060944)  NNZ: 7 (8)  Ttime: 1.3833 Vtime: 0.0513
Step: 17700000  Loss: 0.070857 Regul: 0.000659 Obj: 0.071516 (0.060944)  NNZ: 8 (8)  Ttime: 1.3853 Vtime: 0.0515
Step: 17800000  Loss: 0.075223 Regul: 0.000839 Obj: 0.076062 (0.060944)  NNZ: 9 (8)  Ttime: 1.3885 Vtime: 0.0511
Step: 17900000  Loss: 0.091933 Regul: 0.001571 Obj: 0.093503 (0.060944)  NNZ: 14 (8)  Ttime: 1.3867 Vtime: 0.0518
Step: 18000000  Loss: 0.082925 Regul: 0.001201 Obj: 0.084126 (0.060944)  NNZ: 11 (8)  Ttime: 1.3853 Vtime: 0.0516
Step: 18100000  Loss: 0.084275 Regul: 0.000818 Obj: 0.085093 (0.060944)  NNZ: 12 (8)  Ttime: 1.3873 Vtime: 0.0513
Step: 18200000  Loss: 0.107336 Regul: 0.001993 Obj: 0.109329 (0.060944)  NNZ: 15 (8)  Ttime: 1.3859 Vtime: 0.0516
Best: 18300000  Loss: 0.059629 Regul: 0.000756 Obj: 0.060386 (0.060386)  NNZ: 7 (7)  Ttime: 1.3887 Vtime: 0.0514
Stat: nPR #48 (#56) Dim/MaxDim [384/640] AUC: 0.981061 FPR95: 7.67 [saved]
Step: 18400000  Loss: 0.135559 Regul: 0.002303 Obj: 0.137862 (0.060386)  NNZ: 19 (7)  Ttime: 1.3921 Vtime: 0.0510
Best: 18500000  Loss: 0.059550 Regul: 0.000701 Obj: 0.060251 (0.060251)  NNZ: 7 (7)  Ttime: 1.3908 Vtime: 0.0515
Stat: nPR #52 (#56) Dim/MaxDim [416/640] AUC: 0.979235 FPR95: 9.64 [saved]
Step: 18600000  Loss: 0.082667 Regul: 0.001300 Obj: 0.083967 (0.060251)  NNZ: 10 (7)  Ttime: 1.3942 Vtime: 0.0514
Step: 18700000  Loss: 0.069053 Regul: 0.000657 Obj: 0.069710 (0.060251)  NNZ: 8 (7)  Ttime: 1.3876 Vtime: 0.0510
Step: 18800000  Loss: 0.102571 Regul: 0.001480 Obj: 0.104051 (0.060251)  NNZ: 13 (7)  Ttime: 1.3891 Vtime: 0.0517
Step: 18900000  Loss: 0.100921 Regul: 0.000947 Obj: 0.101868 (0.060251)  NNZ: 10 (7)  Ttime: 1.3854 Vtime: 0.0519
Step: 19000000  Loss: 0.070808 Regul: 0.000961 Obj: 0.071769 (0.060251)  NNZ: 10 (7)  Ttime: 1.3890 Vtime: 0.0515
Step: 19100000  Loss: 0.065986 Regul: 0.000804 Obj: 0.066791 (0.060251)  NNZ: 9 (7)  Ttime: 1.3861 Vtime: 0.0515
Best: 19200000  Loss: 0.053973 Regul: 0.000487 Obj: 0.054461 (0.054461)  NNZ: 5 (5)  Ttime: 1.3870 Vtime: 0.0521
Stat: nPR #36 (#40) Dim/MaxDim [288/640] AUC: 0.980001 FPR95: 9.22 [saved]
Step: 19300000  Loss: 0.099524 Regul: 0.001483 Obj: 0.101006 (0.054461)  NNZ: 12 (5)  Ttime: 1.3883 Vtime: 0.0517
Step: 19400000  Loss: 0.070137 Regul: 0.000917 Obj: 0.071054 (0.054461)  NNZ: 8 (5)  Ttime: 1.3912 Vtime: 0.0519
Step: 19500000  Loss: 0.085210 Regul: 0.001220 Obj: 0.086430 (0.054461)  NNZ: 11 (5)  Ttime: 1.3924 Vtime: 0.0511
Step: 19600000  Loss: 0.091631 Regul: 0.001594 Obj: 0.093224 (0.054461)  NNZ: 16 (5)  Ttime: 1.3929 Vtime: 0.0511
Step: 19700000  Loss: 0.117998 Regul: 0.000516 Obj: 0.118514 (0.054461)  NNZ: 5 (5)  Ttime: 1.3891 Vtime: 0.0516
Step: 19800000  Loss: 0.064557 Regul: 0.000817 Obj: 0.065374 (0.054461)  NNZ: 9 (5)  Ttime: 1.3910 Vtime: 0.0519
Step: 19900000  Loss: 0.089153 Regul: 0.001028 Obj: 0.090180 (0.054461)  NNZ: 11 (5)  Ttime: 1.3891 Vtime: 0.0512
Step: 20000000  Loss: 0.076181 Regul: 0.001322 Obj: 0.077503 (0.054461)  NNZ: 14 (5)  Ttime: 1.3871 Vtime: 0.0516
Step: 20100000  Loss: 0.107048 Regul: 0.000933 Obj: 0.107981 (0.054461)  NNZ: 11 (5)  Ttime: 1.3888 Vtime: 0.0517
Step: 20200000  Loss: 0.077411 Regul: 0.001015 Obj: 0.078426 (0.054461)  NNZ: 20 (5)  Ttime: 1.3912 Vtime: 0.0524
Step: 20300000  Loss: 0.078872 Regul: 0.001275 Obj: 0.080147 (0.054461)  NNZ: 12 (5)  Ttime: 1.3879 Vtime: 0.0519
Step: 20400000  Loss: 0.115013 Regul: 0.002034 Obj: 0.117047 (0.054461)  NNZ: 19 (5)  Ttime: 1.3902 Vtime: 0.0514
Step: 20500000  Loss: 0.132377 Regul: 0.002215 Obj: 0.134592 (0.054461)  NNZ: 19 (5)  Ttime: 1.3854 Vtime: 0.0510
Step: 20600000  Loss: 0.096709 Regul: 0.001344 Obj: 0.098054 (0.054461)  NNZ: 13 (5)  Ttime: 1.3945 Vtime: 0.0520
Step: 20700000  Loss: 0.064384 Regul: 0.000706 Obj: 0.065089 (0.054461)  NNZ: 8 (5)  Ttime: 1.3886 Vtime: 0.0517
Step: 20800000  Loss: 0.077620 Regul: 0.001039 Obj: 0.078659 (0.054461)  NNZ: 13 (5)  Ttime: 1.3861 Vtime: 0.0520
Step: 20900000  Loss: 0.129566 Regul: 0.001851 Obj: 0.131417 (0.054461)  NNZ: 18 (5)  Ttime: 1.3881 Vtime: 0.0517
Step: 21000000  Loss: 0.093892 Regul: 0.001621 Obj: 0.095514 (0.054461)  NNZ: 13 (5)  Ttime: 1.3867 Vtime: 0.0518
Step: 21100000  Loss: 0.079786 Regul: 0.001176 Obj: 0.080961 (0.054461)  NNZ: 13 (5)  Ttime: 1.3908 Vtime: 0.0515
Step: 21200000  Loss: 0.099144 Regul: 0.001434 Obj: 0.100577 (0.054461)  NNZ: 18 (5)  Ttime: 1.3845 Vtime: 0.0513
Step: 21300000  Loss: 0.062279 Regul: 0.000817 Obj: 0.063096 (0.054461)  NNZ: 13 (5)  Ttime: 1.3873 Vtime: 0.0516
Step: 21400000  Loss: 0.080033 Regul: 0.001031 Obj: 0.081064 (0.054461)  NNZ: 14 (5)  Ttime: 1.3897 Vtime: 0.0515
Step: 21500000  Loss: 0.107852 Regul: 0.001597 Obj: 0.109449 (0.054461)  NNZ: 14 (5)  Ttime: 1.3864 Vtime: 0.0511
Step: 21600000  Loss: 0.095973 Regul: 0.000935 Obj: 0.096908 (0.054461)  NNZ: 14 (5)  Ttime: 1.3803 Vtime: 0.0516
Step: 21700000  Loss: 0.076426 Regul: 0.000852 Obj: 0.077278 (0.054461)  NNZ: 10 (5)  Ttime: 1.3871 Vtime: 0.0506
Step: 21800000  Loss: 0.080688 Regul: 0.001042 Obj: 0.081730 (0.054461)  NNZ: 13 (5)  Ttime: 1.3861 Vtime: 0.0520
Step: 21900000  Loss: 0.095831 Regul: 0.001494 Obj: 0.097325 (0.054461)  NNZ: 13 (5)  Ttime: 1.3841 Vtime: 0.0513
Step: 22000000  Loss: 0.073219 Regul: 0.000365 Obj: 0.073584 (0.054461)  NNZ: 5 (5)  Ttime: 1.3800 Vtime: 0.0518
Step: 22100000  Loss: 0.075182 Regul: 0.001035 Obj: 0.076217 (0.054461)  NNZ: 14 (5)  Ttime: 1.3859 Vtime: 0.0522
Step: 22200000  Loss: 0.107062 Regul: 0.000551 Obj: 0.107613 (0.054461)  NNZ: 7 (5)  Ttime: 1.3886 Vtime: 0.0513
Step: 22300000  Loss: 0.087367 Regul: 0.001476 Obj: 0.088843 (0.054461)  NNZ: 12 (5)  Ttime: 1.3917 Vtime: 0.0512
Step: 22400000  Loss: 0.065522 Regul: 0.000931 Obj: 0.066453 (0.054461)  NNZ: 9 (5)  Ttime: 1.3943 Vtime: 0.0511
Step: 22500000  Loss: 0.100059 Regul: 0.001463 Obj: 0.101522 (0.054461)  NNZ: 16 (5)  Ttime: 1.3918 Vtime: 0.0507
Step: 22600000  Loss: 0.079351 Regul: 0.001240 Obj: 0.080591 (0.054461)  NNZ: 10 (5)  Ttime: 1.3870 Vtime: 0.0517
Step: 22700000  Loss: 0.114254 Regul: 0.001772 Obj: 0.116027 (0.054461)  NNZ: 16 (5)  Ttime: 1.3909 Vtime: 0.0519
Step: 22800000  Loss: 0.068853 Regul: 0.000817 Obj: 0.069669 (0.054461)  NNZ: 13 (5)  Ttime: 1.3951 Vtime: 0.0518
Step: 22900000  Loss: 0.119623 Regul: 0.002112 Obj: 0.121735 (0.054461)  NNZ: 21 (5)  Ttime: 1.3911 Vtime: 0.0515
Step: 23000000  Loss: 0.091421 Regul: 0.001076 Obj: 0.092497 (0.054461)  NNZ: 11 (5)  Ttime: 1.3895 Vtime: 0.0514
Step: 23100000  Loss: 0.200998 Regul: 0.001599 Obj: 0.202597 (0.054461)  NNZ: 13 (5)  Ttime: 1.3985 Vtime: 0.0515
Step: 23200000  Loss: 0.073455 Regul: 0.000935 Obj: 0.074390 (0.054461)  NNZ: 8 (5)  Ttime: 1.3906 Vtime: 0.0514
Step: 23300000  Loss: 0.093778 Regul: 0.001169 Obj: 0.094947 (0.054461)  NNZ: 14 (5)  Ttime: 1.3925 Vtime: 0.0520
Step: 23400000  Loss: 0.105435 Regul: 0.001627 Obj: 0.107061 (0.054461)  NNZ: 13 (5)  Ttime: 1.3892 Vtime: 0.0515
Step: 23500000  Loss: 0.066379 Regul: 0.000682 Obj: 0.067061 (0.054461)  NNZ: 8 (5)  Ttime: 1.3889 Vtime: 0.0516
Step: 23600000  Loss: 0.118413 Regul: 0.002057 Obj: 0.120470 (0.054461)  NNZ: 21 (5)  Ttime: 1.3906 Vtime: 0.0517
Step: 23700000  Loss: 0.056125 Regul: 0.000707 Obj: 0.056832 (0.054461)  NNZ: 10 (5)  Ttime: 1.3885 Vtime: 0.0515
Step: 23800000  Loss: 0.099387 Regul: 0.001465 Obj: 0.100852 (0.054461)  NNZ: 11 (5)  Ttime: 1.3961 Vtime: 0.0522
Step: 23900000  Loss: 0.094284 Regul: 0.001535 Obj: 0.095819 (0.054461)  NNZ: 9 (5)  Ttime: 1.3902 Vtime: 0.0521
Step: 24000000  Loss: 0.085329 Regul: 0.000553 Obj: 0.085882 (0.054461)  NNZ: 8 (5)  Ttime: 1.3909 Vtime: 0.0518
Step: 24100000  Loss: 0.087667 Regul: 0.001273 Obj: 0.088941 (0.054461)  NNZ: 11 (5)  Ttime: 1.3923 Vtime: 0.0523
Step: 24200000  Loss: 0.091766 Regul: 0.001395 Obj: 0.093161 (0.054461)  NNZ: 12 (5)  Ttime: 1.3914 Vtime: 0.0518
Step: 24300000  Loss: 0.070211 Regul: 0.000709 Obj: 0.070920 (0.054461)  NNZ: 12 (5)  Ttime: 1.3920 Vtime: 0.0514
Step: 24400000  Loss: 0.060382 Regul: 0.000430 Obj: 0.060813 (0.054461)  NNZ: 11 (5)  Ttime: 1.3921 Vtime: 0.0519
Step: 24500000  Loss: 0.087421 Regul: 0.001195 Obj: 0.088616 (0.054461)  NNZ: 11 (5)  Ttime: 1.3940 Vtime: 0.0519
Step: 24600000  Loss: 0.073049 Regul: 0.001066 Obj: 0.074115 (0.054461)  NNZ: 11 (5)  Ttime: 1.3872 Vtime: 0.0511
Step: 24700000  Loss: 0.096375 Regul: 0.001693 Obj: 0.098067 (0.054461)  NNZ: 17 (5)  Ttime: 1.3877 Vtime: 0.0522
Step: 24800000  Loss: 0.107246 Regul: 0.001333 Obj: 0.108578 (0.054461)  NNZ: 12 (5)  Ttime: 1.3835 Vtime: 0.0510
Step: 24900000  Loss: 0.086535 Regul: 0.001230 Obj: 0.087765 (0.054461)  NNZ: 18 (5)  Ttime: 1.3938 Vtime: 0.0514
Step: 25000000  Loss: 0.063121 Regul: 0.000875 Obj: 0.063996 (0.054461)  NNZ: 12 (5)  Ttime: 1.3904 Vtime: 0.0513
Step: 25100000  Loss: 0.095590 Regul: 0.001652 Obj: 0.097242 (0.054461)  NNZ: 15 (5)  Ttime: 1.3892 Vtime: 0.0512
Step: 25200000  Loss: 0.063932 Regul: 0.000389 Obj: 0.064322 (0.054461)  NNZ: 5 (5)  Ttime: 1.3903 Vtime: 0.0510
Step: 25300000  Loss: 0.054707 Regul: 0.000398 Obj: 0.055105 (0.054461)  NNZ: 7 (5)  Ttime: 1.3860 Vtime: 0.0510
Step: 25400000  Loss: 0.073581 Regul: 0.001028 Obj: 0.074609 (0.054461)  NNZ: 13 (5)  Ttime: 1.3865 Vtime: 0.0519
Step: 25500000  Loss: 0.060625 Regul: 0.000242 Obj: 0.060868 (0.054461)  NNZ: 8 (5)  Ttime: 1.3860 Vtime: 0.0512
Step: 25600000  Loss: 0.070873 Regul: 0.001245 Obj: 0.072119 (0.054461)  NNZ: 14 (5)  Ttime: 1.3845 Vtime: 0.0511
Step: 25700000  Loss: 0.065820 Regul: 0.000653 Obj: 0.066473 (0.054461)  NNZ: 10 (5)  Ttime: 1.3865 Vtime: 0.0514
Step: 25800000  Loss: 0.110009 Regul: 0.001557 Obj: 0.111566 (0.054461)  NNZ: 16 (5)  Ttime: 1.3877 Vtime: 0.0517
Step: 25900000  Loss: 0.076693 Regul: 0.001016 Obj: 0.077709 (0.054461)  NNZ: 12 (5)  Ttime: 1.3874 Vtime: 0.0518
Step: 26000000  Loss: 0.075499 Regul: 0.001048 Obj: 0.076547 (0.054461)  NNZ: 9 (5)  Ttime: 1.3889 Vtime: 0.0506
Step: 26100000  Loss: 0.064753 Regul: 0.000719 Obj: 0.065472 (0.054461)  NNZ: 8 (5)  Ttime: 1.3854 Vtime: 0.0525
Step: 26200000  Loss: 0.058340 Regul: 0.000530 Obj: 0.058871 (0.054461)  NNZ: 7 (5)  Ttime: 1.3876 Vtime: 0.0515
Step: 26300000  Loss: 0.069016 Regul: 0.000781 Obj: 0.069797 (0.054461)  NNZ: 8 (5)  Ttime: 1.3907 Vtime: 0.0515
Step: 26400000  Loss: 0.130618 Regul: 0.001172 Obj: 0.131790 (0.054461)  NNZ: 12 (5)  Ttime: 1.3913 Vtime: 0.0516
Step: 26500000  Loss: 0.056307 Regul: 0.000406 Obj: 0.056713 (0.054461)  NNZ: 10 (5)  Ttime: 1.3862 Vtime: 0.0512
Step: 26600000  Loss: 0.081231 Regul: 0.001418 Obj: 0.082649 (0.054461)  NNZ: 16 (5)  Ttime: 1.3918 Vtime: 0.0520
Step: 26700000  Loss: 0.072419 Regul: 0.000462 Obj: 0.072881 (0.054461)  NNZ: 8 (5)  Ttime: 1.3830 Vtime: 0.0506
Step: 26800000  Loss: 0.079880 Regul: 0.001120 Obj: 0.081001 (0.054461)  NNZ: 15 (5)  Ttime: 1.3817 Vtime: 0.0515
Step: 26900000  Loss: 0.078786 Regul: 0.001116 Obj: 0.079902 (0.054461)  NNZ: 12 (5)  Ttime: 1.3811 Vtime: 0.0518
Step: 27000000  Loss: 0.120111 Regul: 0.001952 Obj: 0.122063 (0.054461)  NNZ: 18 (5)  Ttime: 1.3824 Vtime: 0.0511
Step: 27100000  Loss: 0.073828 Regul: 0.001102 Obj: 0.074930 (0.054461)  NNZ: 14 (5)  Ttime: 1.3874 Vtime: 0.0514
Step: 27200000  Loss: 0.069257 Regul: 0.000991 Obj: 0.070248 (0.054461)  NNZ: 12 (5)  Ttime: 1.3835 Vtime: 0.0520
Step: 27300000  Loss: 0.075278 Regul: 0.000921 Obj: 0.076199 (0.054461)  NNZ: 9 (5)  Ttime: 1.3899 Vtime: 0.0520
Step: 27400000  Loss: 0.078210 Regul: 0.001354 Obj: 0.079564 (0.054461)  NNZ: 19 (5)  Ttime: 1.3864 Vtime: 0.0514
Step: 27500000  Loss: 0.068681 Regul: 0.000776 Obj: 0.069457 (0.054461)  NNZ: 10 (5)  Ttime: 1.3882 Vtime: 0.0520
Step: 27600000  Loss: 0.082206 Regul: 0.001210 Obj: 0.083416 (0.054461)  NNZ: 14 (5)  Ttime: 1.3865 Vtime: 0.0513
Step: 27700000  Loss: 0.089582 Regul: 0.001664 Obj: 0.091246 (0.054461)  NNZ: 14 (5)  Ttime: 1.3855 Vtime: 0.0513
Step: 27800000  Loss: 0.060587 Regul: 0.000483 Obj: 0.061070 (0.054461)  NNZ: 7 (5)  Ttime: 1.3884 Vtime: 0.0516
Step: 27900000  Loss: 0.073818 Regul: 0.000504 Obj: 0.074322 (0.054461)  NNZ: 10 (5)  Ttime: 1.3866 Vtime: 0.0514
Step: 28000000  Loss: 0.107251 Regul: 0.001772 Obj: 0.109023 (0.054461)  NNZ: 20 (5)  Ttime: 1.3906 Vtime: 0.0514
Step: 28100000  Loss: 0.078795 Regul: 0.001171 Obj: 0.079965 (0.054461)  NNZ: 12 (5)  Ttime: 1.3851 Vtime: 0.0514
Step: 28200000  Loss: 0.119791 Regul: 0.001524 Obj: 0.121315 (0.054461)  NNZ: 18 (5)  Ttime: 1.3908 Vtime: 0.0510
Step: 28300000  Loss: 0.105341 Regul: 0.001713 Obj: 0.107054 (0.054461)  NNZ: 17 (5)  Ttime: 1.3893 Vtime: 0.0518
Step: 28400000  Loss: 0.079080 Regul: 0.000666 Obj: 0.079746 (0.054461)  NNZ: 9 (5)  Ttime: 1.3848 Vtime: 0.0510
Step: 28500000  Loss: 0.096127 Regul: 0.001108 Obj: 0.097235 (0.054461)  NNZ: 9 (5)  Ttime: 1.3832 Vtime: 0.0516
Step: 28600000  Loss: 0.056618 Regul: 0.000249 Obj: 0.056867 (0.054461)  NNZ: 6 (5)  Ttime: 1.3845 Vtime: 0.0521
Step: 28700000  Loss: 0.078636 Regul: 0.000796 Obj: 0.079432 (0.054461)  NNZ: 16 (5)  Ttime: 1.3872 Vtime: 0.0518
Step: 28800000  Loss: 0.100666 Regul: 0.000820 Obj: 0.101486 (0.054461)  NNZ: 10 (5)  Ttime: 1.3779 Vtime: 0.0517
Step: 28900000  Loss: 0.055997 Regul: 0.000726 Obj: 0.056723 (0.054461)  NNZ: 9 (5)  Ttime: 1.3795 Vtime: 0.0511
Step: 29000000  Loss: 0.060681 Regul: 0.000711 Obj: 0.061392 (0.054461)  NNZ: 11 (5)  Ttime: 1.3914 Vtime: 0.0519
Step: 29100000  Loss: 0.090444 Regul: 0.000879 Obj: 0.091323 (0.054461)  NNZ: 10 (5)  Ttime: 1.3833 Vtime: 0.0516
Step: 29200000  Loss: 0.064119 Regul: 0.000938 Obj: 0.065057 (0.054461)  NNZ: 12 (5)  Ttime: 1.3843 Vtime: 0.0511
Step: 29300000  Loss: 0.117725 Regul: 0.001325 Obj: 0.119050 (0.054461)  NNZ: 15 (5)  Ttime: 1.3902 Vtime: 0.0518
Step: 29400000  Loss: 0.118425 Regul: 0.000732 Obj: 0.119157 (0.054461)  NNZ: 12 (5)  Ttime: 1.3829 Vtime: 0.0519
Step: 29500000  Loss: 0.060909 Regul: 0.000692 Obj: 0.061601 (0.054461)  NNZ: 11 (5)  Ttime: 1.3869 Vtime: 0.0510
Step: 29600000  Loss: 0.071548 Regul: 0.000976 Obj: 0.072524 (0.054461)  NNZ: 13 (5)  Ttime: 1.3883 Vtime: 0.0516
Step: 29700000  Loss: 0.057788 Regul: 0.000663 Obj: 0.058451 (0.054461)  NNZ: 9 (5)  Ttime: 1.3830 Vtime: 0.0509
Step: 29800000  Loss: 0.066181 Regul: 0.000911 Obj: 0.067092 (0.054461)  NNZ: 15 (5)  Ttime: 1.3842 Vtime: 0.0513
Step: 29900000  Loss: 0.094627 Regul: 0.001420 Obj: 0.096047 (0.054461)  NNZ: 16 (5)  Ttime: 1.3855 Vtime: 0.0513
Step: 30000000  Loss: 0.070344 Regul: 0.000896 Obj: 0.071240 (0.054461)  NNZ: 11 (5)  Ttime: 1.3799 Vtime: 0.0508
Step: 30100000  Loss: 0.073307 Regul: 0.000828 Obj: 0.074135 (0.054461)  NNZ: 12 (5)  Ttime: 1.3851 Vtime: 0.0516
Step: 30200000  Loss: 0.066950 Regul: 0.000847 Obj: 0.067797 (0.054461)  NNZ: 9 (5)  Ttime: 1.3855 Vtime: 0.0520
Step: 30300000  Loss: 0.072268 Regul: 0.001131 Obj: 0.073399 (0.054461)  NNZ: 12 (5)  Ttime: 1.3857 Vtime: 0.0508
Step: 30400000  Loss: 0.075072 Regul: 0.000794 Obj: 0.075866 (0.054461)  NNZ: 11 (5)  Ttime: 1.3902 Vtime: 0.0519
Step: 30500000  Loss: 0.078548 Regul: 0.001040 Obj: 0.079588 (0.054461)  NNZ: 9 (5)  Ttime: 1.3838 Vtime: 0.0514
Step: 30600000  Loss: 0.086031 Regul: 0.001478 Obj: 0.087509 (0.054461)  NNZ: 19 (5)  Ttime: 1.4309 Vtime: 0.0512
Step: 30700000  Loss: 0.191694 Regul: 0.000352 Obj: 0.192046 (0.054461)  NNZ: 4 (5)  Ttime: 1.4036 Vtime: 0.0531
Step: 30800000  Loss: 0.079568 Regul: 0.001311 Obj: 0.080879 (0.054461)  NNZ: 12 (5)  Ttime: 1.4019 Vtime: 0.0516
Step: 30900000  Loss: 0.092746 Regul: 0.000526 Obj: 0.093272 (0.054461)  NNZ: 8 (5)  Ttime: 1.4130 Vtime: 0.0517
Step: 31000000  Loss: 0.075290 Regul: 0.001101 Obj: 0.076392 (0.054461)  NNZ: 12 (5)  Ttime: 1.3910 Vtime: 0.0524
Step: 31100000  Loss: 0.057838 Regul: 0.000697 Obj: 0.058534 (0.054461)  NNZ: 10 (5)  Ttime: 1.4039 Vtime: 0.0512
Step: 31200000  Loss: 0.071001 Regul: 0.000862 Obj: 0.071863 (0.054461)  NNZ: 13 (5)  Ttime: 1.3888 Vtime: 0.0508
Step: 31300000  Loss: 0.085362 Regul: 0.000638 Obj: 0.086000 (0.054461)  NNZ: 6 (5)  Ttime: 1.3887 Vtime: 0.0514
Step: 31400000  Loss: 0.110481 Regul: 0.001931 Obj: 0.112412 (0.054461)  NNZ: 19 (5)  Ttime: 1.3843 Vtime: 0.0520
Step: 31500000  Loss: 0.063209 Regul: 0.000802 Obj: 0.064012 (0.054461)  NNZ: 15 (5)  Ttime: 1.3985 Vtime: 0.0512
Step: 31600000  Loss: 0.084471 Regul: 0.001432 Obj: 0.085903 (0.054461)  NNZ: 15 (5)  Ttime: 1.4061 Vtime: 0.0514
Step: 31700000  Loss: 0.065421 Regul: 0.000697 Obj: 0.066118 (0.054461)  NNZ: 6 (5)  Ttime: 1.3896 Vtime: 0.0510
Step: 31800000  Loss: 0.088091 Regul: 0.001481 Obj: 0.089572 (0.054461)  NNZ: 17 (5)  Ttime: 1.4031 Vtime: 0.0519
Best: 31900000  Loss: 0.051000 Regul: 0.000527 Obj: 0.051528 (0.051528)  NNZ: 8 (8)  Ttime: 1.4004 Vtime: 0.0517
Stat: nPR #52 (#64) Dim/MaxDim [416/640] AUC: 0.981340 FPR95: 8.08 [saved]
Step: 32000000  Loss: 0.155742 Regul: 0.001442 Obj: 0.157184 (0.051528)  NNZ: 12 (8)  Ttime: 1.3858 Vtime: 0.0510
Step: 32100000  Loss: 0.069933 Regul: 0.000486 Obj: 0.070419 (0.051528)  NNZ: 8 (8)  Ttime: 1.3983 Vtime: 0.0515
Step: 32200000  Loss: 0.091740 Regul: 0.001436 Obj: 0.093175 (0.051528)  NNZ: 13 (8)  Ttime: 1.4032 Vtime: 0.0508
Step: 32300000  Loss: 0.108901 Regul: 0.001746 Obj: 0.110647 (0.051528)  NNZ: 20 (8)  Ttime: 1.3849 Vtime: 0.0514
Step: 32400000  Loss: 0.060279 Regul: 0.000412 Obj: 0.060691 (0.051528)  NNZ: 9 (8)  Ttime: 1.3865 Vtime: 0.0514
Step: 32500000  Loss: 0.065184 Regul: 0.000754 Obj: 0.065938 (0.051528)  NNZ: 12 (8)  Ttime: 1.3887 Vtime: 0.0507
Step: 32600000  Loss: 0.069124 Regul: 0.000404 Obj: 0.069527 (0.051528)  NNZ: 6 (8)  Ttime: 1.3864 Vtime: 0.0525
Step: 32700000  Loss: 0.069645 Regul: 0.000937 Obj: 0.070581 (0.051528)  NNZ: 15 (8)  Ttime: 1.3987 Vtime: 0.0521
Step: 32800000  Loss: 0.109947 Regul: 0.001067 Obj: 0.111014 (0.051528)  NNZ: 14 (8)  Ttime: 1.3859 Vtime: 0.0519
Step: 32900000  Loss: 0.158619 Regul: 0.001886 Obj: 0.160505 (0.051528)  NNZ: 18 (8)  Ttime: 1.3874 Vtime: 0.0513
Step: 33000000  Loss: 0.054536 Regul: 0.000498 Obj: 0.055033 (0.051528)  NNZ: 9 (8)  Ttime: 1.3881 Vtime: 0.0520
Step: 33100000  Loss: 0.079014 Regul: 0.000904 Obj: 0.079918 (0.051528)  NNZ: 10 (8)  Ttime: 1.3864 Vtime: 0.0517
Step: 33200000  Loss: 0.084009 Regul: 0.001466 Obj: 0.085475 (0.051528)  NNZ: 15 (8)  Ttime: 1.3879 Vtime: 0.0515
Step: 33300000  Loss: 0.077351 Regul: 0.000606 Obj: 0.077958 (0.051528)  NNZ: 9 (8)  Ttime: 1.3896 Vtime: 0.0515
Step: 33400000  Loss: 0.088931 Regul: 0.001054 Obj: 0.089985 (0.051528)  NNZ: 15 (8)  Ttime: 1.3879 Vtime: 0.0508
Step: 33500000  Loss: 0.125311 Regul: 0.001539 Obj: 0.126850 (0.051528)  NNZ: 20 (8)  Ttime: 1.3870 Vtime: 0.0511
Step: 33600000  Loss: 0.082839 Regul: 0.000996 Obj: 0.083835 (0.051528)  NNZ: 10 (8)  Ttime: 1.3863 Vtime: 0.0513
Step: 33700000  Loss: 0.175620 Regul: 0.001104 Obj: 0.176725 (0.051528)  NNZ: 15 (8)  Ttime: 1.3910 Vtime: 0.0528
Step: 33800000  Loss: 0.077049 Regul: 0.001149 Obj: 0.078198 (0.051528)  NNZ: 22 (8)  Ttime: 1.3868 Vtime: 0.0511
Step: 33900000  Loss: 0.091780 Regul: 0.001123 Obj: 0.092903 (0.051528)  NNZ: 12 (8)  Ttime: 1.3848 Vtime: 0.0507
Step: 34000000  Loss: 0.183193 Regul: 0.001787 Obj: 0.184980 (0.051528)  NNZ: 23 (8)  Ttime: 1.3868 Vtime: 0.0511
Step: 34100000  Loss: 0.205487 Regul: 0.001614 Obj: 0.207101 (0.051528)  NNZ: 14 (8)  Ttime: 1.3846 Vtime: 0.0515
Step: 34200000  Loss: 0.089390 Regul: 0.001163 Obj: 0.090553 (0.051528)  NNZ: 11 (8)  Ttime: 1.3829 Vtime: 0.0511
Step: 34300000  Loss: 0.070512 Regul: 0.001077 Obj: 0.071589 (0.051528)  NNZ: 15 (8)  Ttime: 1.3912 Vtime: 0.0524
Step: 34400000  Loss: 0.073872 Regul: 0.001039 Obj: 0.074912 (0.051528)  NNZ: 16 (8)  Ttime: 1.3900 Vtime: 0.0524
Step: 34500000  Loss: 0.101077 Regul: 0.001809 Obj: 0.102886 (0.051528)  NNZ: 16 (8)  Ttime: 1.3887 Vtime: 0.0513
Step: 34600000  Loss: 0.057813 Regul: 0.000620 Obj: 0.058433 (0.051528)  NNZ: 9 (8)  Ttime: 1.4015 Vtime: 0.0528
Step: 34700000  Loss: 0.086355 Regul: 0.001220 Obj: 0.087575 (0.051528)  NNZ: 14 (8)  Ttime: 1.3933 Vtime: 0.0514
Step: 34800000  Loss: 0.173884 Regul: 0.001042 Obj: 0.174926 (0.051528)  NNZ: 10 (8)  Ttime: 1.4203 Vtime: 0.0517
Step: 34900000  Loss: 0.075874 Regul: 0.001152 Obj: 0.077026 (0.051528)  NNZ: 14 (8)  Ttime: 1.3840 Vtime: 0.0522
Step: 35000000  Loss: 0.074075 Regul: 0.000601 Obj: 0.074677 (0.051528)  NNZ: 9 (8)  Ttime: 1.3854 Vtime: 0.0514
Step: 35100000  Loss: 0.070696 Regul: 0.001098 Obj: 0.071794 (0.051528)  NNZ: 14 (8)  Ttime: 1.3888 Vtime: 0.0517
Step: 35200000  Loss: 0.077955 Regul: 0.001146 Obj: 0.079101 (0.051528)  NNZ: 15 (8)  Ttime: 1.3844 Vtime: 0.0515
Step: 35300000  Loss: 0.056990 Regul: 0.000688 Obj: 0.057678 (0.051528)  NNZ: 10 (8)  Ttime: 1.3825 Vtime: 0.0518
Step: 35400000  Loss: 0.060210 Regul: 0.000601 Obj: 0.060811 (0.051528)  NNZ: 11 (8)  Ttime: 1.3830 Vtime: 0.0520
Step: 35500000  Loss: 0.082069 Regul: 0.000858 Obj: 0.082927 (0.051528)  NNZ: 14 (8)  Ttime: 1.3868 Vtime: 0.0516
Step: 35600000  Loss: 0.072850 Regul: 0.000942 Obj: 0.073792 (0.051528)  NNZ: 11 (8)  Ttime: 1.3851 Vtime: 0.0516
Step: 35700000  Loss: 0.069647 Regul: 0.001026 Obj: 0.070673 (0.051528)  NNZ: 11 (8)  Ttime: 1.3839 Vtime: 0.0511
Step: 35800000  Loss: 0.069497 Regul: 0.000933 Obj: 0.070430 (0.051528)  NNZ: 12 (8)  Ttime: 1.3862 Vtime: 0.0512
Step: 35900000  Loss: 0.065333 Regul: 0.001036 Obj: 0.066370 (0.051528)  NNZ: 13 (8)  Ttime: 1.3840 Vtime: 0.0517
Step: 36000000  Loss: 0.066782 Regul: 0.000747 Obj: 0.067528 (0.051528)  NNZ: 9 (8)  Ttime: 1.3846 Vtime: 0.0514
Step: 36100000  Loss: 0.093543 Regul: 0.001382 Obj: 0.094925 (0.051528)  NNZ: 15 (8)  Ttime: 1.3851 Vtime: 0.0513
Step: 36200000  Loss: 0.081603 Regul: 0.001301 Obj: 0.082904 (0.051528)  NNZ: 16 (8)  Ttime: 1.3865 Vtime: 0.0513
Step: 36300000  Loss: 0.095376 Regul: 0.000943 Obj: 0.096319 (0.051528)  NNZ: 12 (8)  Ttime: 1.3844 Vtime: 0.0512
Step: 36400000  Loss: 0.060053 Regul: 0.000699 Obj: 0.060752 (0.051528)  NNZ: 6 (8)  Ttime: 1.3877 Vtime: 0.0516
Step: 36500000  Loss: 0.075471 Regul: 0.000815 Obj: 0.076286 (0.051528)  NNZ: 9 (8)  Ttime: 1.3865 Vtime: 0.0518
Step: 36600000  Loss: 0.070968 Regul: 0.000888 Obj: 0.071856 (0.051528)  NNZ: 12 (8)  Ttime: 1.3918 Vtime: 0.0515
Step: 36700000  Loss: 0.066615 Regul: 0.001015 Obj: 0.067630 (0.051528)  NNZ: 14 (8)  Ttime: 1.3911 Vtime: 0.0515
Step: 36800000  Loss: 0.066855 Regul: 0.000720 Obj: 0.067575 (0.051528)  NNZ: 11 (8)  Ttime: 1.3859 Vtime: 0.0518
Step: 36900000  Loss: 0.067669 Regul: 0.000752 Obj: 0.068421 (0.051528)  NNZ: 16 (8)  Ttime: 1.3848 Vtime: 0.0511
Step: 37000000  Loss: 0.081755 Regul: 0.001025 Obj: 0.082781 (0.051528)  NNZ: 12 (8)  Ttime: 1.3886 Vtime: 0.0509
Step: 37100000  Loss: 0.071761 Regul: 0.001084 Obj: 0.072845 (0.051528)  NNZ: 11 (8)  Ttime: 1.3840 Vtime: 0.0517
Step: 37200000  Loss: 0.076792 Regul: 0.001245 Obj: 0.078037 (0.051528)  NNZ: 16 (8)  Ttime: 1.3863 Vtime: 0.0513
Step: 37300000  Loss: 0.088509 Regul: 0.001032 Obj: 0.089541 (0.051528)  NNZ: 9 (8)  Ttime: 1.3866 Vtime: 0.0518
Step: 37400000  Loss: 0.124606 Regul: 0.001054 Obj: 0.125660 (0.051528)  NNZ: 12 (8)  Ttime: 1.3850 Vtime: 0.0516
Step: 37500000  Loss: 0.097592 Regul: 0.001581 Obj: 0.099172 (0.051528)  NNZ: 14 (8)  Ttime: 1.3899 Vtime: 0.0510
Step: 37600000  Loss: 0.077455 Regul: 0.000707 Obj: 0.078162 (0.051528)  NNZ: 8 (8)  Ttime: 1.3879 Vtime: 0.0524
Step: 37700000  Loss: 0.126288 Regul: 0.001761 Obj: 0.128048 (0.051528)  NNZ: 14 (8)  Ttime: 1.3851 Vtime: 0.0520
Step: 37800000  Loss: 0.111879 Regul: 0.001168 Obj: 0.113047 (0.051528)  NNZ: 10 (8)  Ttime: 1.3845 Vtime: 0.0520
Step: 37900000  Loss: 0.078554 Regul: 0.001189 Obj: 0.079743 (0.051528)  NNZ: 12 (8)  Ttime: 1.3851 Vtime: 0.0517
Step: 38000000  Loss: 0.056045 Regul: 0.000774 Obj: 0.056819 (0.051528)  NNZ: 14 (8)  Ttime: 1.3812 Vtime: 0.0519
Step: 38100000  Loss: 0.063869 Regul: 0.000893 Obj: 0.064762 (0.051528)  NNZ: 15 (8)  Ttime: 1.3848 Vtime: 0.0514
Step: 38200000  Loss: 0.063871 Regul: 0.000855 Obj: 0.064726 (0.051528)  NNZ: 9 (8)  Ttime: 1.3841 Vtime: 0.0525
Step: 38300000  Loss: 0.058565 Regul: 0.000542 Obj: 0.059107 (0.051528)  NNZ: 10 (8)  Ttime: 1.3839 Vtime: 0.0516
Step: 38400000  Loss: 0.071057 Regul: 0.001163 Obj: 0.072219 (0.051528)  NNZ: 15 (8)  Ttime: 1.3850 Vtime: 0.0515
Step: 38500000  Loss: 0.054519 Regul: 0.000548 Obj: 0.055067 (0.051528)  NNZ: 7 (8)  Ttime: 1.3840 Vtime: 0.0513
Step: 38600000  Loss: 0.074983 Regul: 0.000968 Obj: 0.075951 (0.051528)  NNZ: 11 (8)  Ttime: 1.3844 Vtime: 0.0514
Step: 38700000  Loss: 0.061785 Regul: 0.000604 Obj: 0.062389 (0.051528)  NNZ: 10 (8)  Ttime: 1.3878 Vtime: 0.0516
Step: 38800000  Loss: 0.072566 Regul: 0.001054 Obj: 0.073620 (0.051528)  NNZ: 14 (8)  Ttime: 1.3866 Vtime: 0.0528
Step: 38900000  Loss: 0.093712 Regul: 0.001852 Obj: 0.095565 (0.051528)  NNZ: 18 (8)  Ttime: 1.3877 Vtime: 0.0518
Step: 39000000  Loss: 0.129815 Regul: 0.000855 Obj: 0.130670 (0.051528)  NNZ: 9 (8)  Ttime: 1.3827 Vtime: 0.0512
Step: 39100000  Loss: 0.103553 Regul: 0.001236 Obj: 0.104788 (0.051528)  NNZ: 18 (8)  Ttime: 1.3890 Vtime: 0.0515
Step: 39200000  Loss: 0.116035 Regul: 0.001137 Obj: 0.117171 (0.051528)  NNZ: 14 (8)  Ttime: 1.3868 Vtime: 0.0518
Step: 39300000  Loss: 0.104229 Regul: 0.001354 Obj: 0.105582 (0.051528)  NNZ: 15 (8)  Ttime: 1.3881 Vtime: 0.0510
Step: 39400000  Loss: 0.091270 Regul: 0.001451 Obj: 0.092721 (0.051528)  NNZ: 18 (8)  Ttime: 1.3877 Vtime: 0.0521
Step: 39500000  Loss: 0.059564 Regul: 0.000640 Obj: 0.060204 (0.051528)  NNZ: 11 (8)  Ttime: 1.3866 Vtime: 0.0516
Step: 39600000  Loss: 0.092843 Regul: 0.001598 Obj: 0.094441 (0.051528)  NNZ: 16 (8)  Ttime: 1.3844 Vtime: 0.0518
Step: 39700000  Loss: 0.107388 Regul: 0.001077 Obj: 0.108465 (0.051528)  NNZ: 17 (8)  Ttime: 1.3845 Vtime: 0.0510
Step: 39800000  Loss: 0.075808 Regul: 0.001176 Obj: 0.076985 (0.051528)  NNZ: 14 (8)  Ttime: 1.3873 Vtime: 0.0511
Step: 39900000  Loss: 0.068315 Regul: 0.000299 Obj: 0.068614 (0.051528)  NNZ: 5 (8)  Ttime: 1.3887 Vtime: 0.0510
Step: 40000000  Loss: 0.112545 Regul: 0.001830 Obj: 0.114374 (0.051528)  NNZ: 20 (8)  Ttime: 1.3891 Vtime: 0.0517
Step: 40100000  Loss: 0.087513 Regul: 0.001449 Obj: 0.088962 (0.051528)  NNZ: 15 (8)  Ttime: 1.3850 Vtime: 0.0520
Step: 40200000  Loss: 0.076802 Regul: 0.001225 Obj: 0.078027 (0.051528)  NNZ: 13 (8)  Ttime: 1.3801 Vtime: 0.0519
Step: 40300000  Loss: 0.068610 Regul: 0.000740 Obj: 0.069350 (0.051528)  NNZ: 11 (8)  Ttime: 1.3920 Vtime: 0.0514
Step: 40400000  Loss: 0.077712 Regul: 0.001143 Obj: 0.078855 (0.051528)  NNZ: 15 (8)  Ttime: 1.3872 Vtime: 0.0519
Step: 40500000  Loss: 0.074217 Regul: 0.000882 Obj: 0.075099 (0.051528)  NNZ: 10 (8)  Ttime: 1.3894 Vtime: 0.0513
Step: 40600000  Loss: 0.084119 Regul: 0.000938 Obj: 0.085057 (0.051528)  NNZ: 10 (8)  Ttime: 1.3888 Vtime: 0.0516
Step: 40700000  Loss: 0.090071 Regul: 0.001880 Obj: 0.091950 (0.051528)  NNZ: 22 (8)  Ttime: 1.3852 Vtime: 0.0510
Step: 40800000  Loss: 0.079688 Regul: 0.001254 Obj: 0.080942 (0.051528)  NNZ: 15 (8)  Ttime: 1.3842 Vtime: 0.0514
Step: 40900000  Loss: 0.087886 Regul: 0.000988 Obj: 0.088874 (0.051528)  NNZ: 11 (8)  Ttime: 1.3862 Vtime: 0.0522
Step: 41000000  Loss: 0.060505 Regul: 0.000857 Obj: 0.061363 (0.051528)  NNZ: 13 (8)  Ttime: 1.3881 Vtime: 0.0512
Step: 41100000  Loss: 0.074001 Regul: 0.001261 Obj: 0.075262 (0.051528)  NNZ: 10 (8)  Ttime: 1.3858 Vtime: 0.0518
Step: 41200000  Loss: 0.079744 Regul: 0.000972 Obj: 0.080716 (0.051528)  NNZ: 12 (8)  Ttime: 1.3881 Vtime: 0.0519
Step: 41300000  Loss: 0.072542 Regul: 0.000966 Obj: 0.073508 (0.051528)  NNZ: 13 (8)  Ttime: 1.3910 Vtime: 0.0511
Step: 41400000  Loss: 0.061289 Regul: 0.000635 Obj: 0.061923 (0.051528)  NNZ: 6 (8)  Ttime: 1.3881 Vtime: 0.0513
Step: 41500000  Loss: 0.066661 Regul: 0.000922 Obj: 0.067584 (0.051528)  NNZ: 13 (8)  Ttime: 1.3843 Vtime: 0.0518
Step: 41600000  Loss: 0.094596 Regul: 0.001220 Obj: 0.095816 (0.051528)  NNZ: 12 (8)  Ttime: 1.3883 Vtime: 0.0520
Step: 41700000  Loss: 0.082515 Regul: 0.001269 Obj: 0.083783 (0.051528)  NNZ: 16 (8)  Ttime: 1.3891 Vtime: 0.0515
Step: 41800000  Loss: 0.068119 Regul: 0.000784 Obj: 0.068903 (0.051528)  NNZ: 14 (8)  Ttime: 1.3840 Vtime: 0.0513
Step: 41900000  Loss: 0.062684 Regul: 0.000846 Obj: 0.063530 (0.051528)  NNZ: 10 (8)  Ttime: 1.3840 Vtime: 0.0513
Step: 42000000  Loss: 0.081755 Regul: 0.001295 Obj: 0.083051 (0.051528)  NNZ: 16 (8)  Ttime: 1.3867 Vtime: 0.0515
Step: 42100000  Loss: 0.077485 Regul: 0.001154 Obj: 0.078639 (0.051528)  NNZ: 19 (8)  Ttime: 1.3830 Vtime: 0.0512
Step: 42200000  Loss: 0.084018 Regul: 0.001397 Obj: 0.085414 (0.051528)  NNZ: 18 (8)  Ttime: 1.3868 Vtime: 0.0511
Step: 42300000  Loss: 0.070104 Regul: 0.000838 Obj: 0.070942 (0.051528)  NNZ: 15 (8)  Ttime: 1.3830 Vtime: 0.0517
Step: 42400000  Loss: 0.068384 Regul: 0.001152 Obj: 0.069536 (0.051528)  NNZ: 16 (8)  Ttime: 1.3871 Vtime: 0.0514
Step: 42500000  Loss: 0.113081 Regul: 0.000934 Obj: 0.114015 (0.051528)  NNZ: 14 (8)  Ttime: 1.3856 Vtime: 0.0531
Step: 42600000  Loss: 0.094928 Regul: 0.001198 Obj: 0.096127 (0.051528)  NNZ: 17 (8)  Ttime: 1.3850 Vtime: 0.0517
Step: 42700000  Loss: 0.064847 Regul: 0.000886 Obj: 0.065733 (0.051528)  NNZ: 12 (8)  Ttime: 1.3853 Vtime: 0.0512
Step: 42800000  Loss: 0.079487 Regul: 0.001256 Obj: 0.080743 (0.051528)  NNZ: 14 (8)  Ttime: 1.3879 Vtime: 0.0513
Step: 42900000  Loss: 0.069455 Regul: 0.000927 Obj: 0.070382 (0.051528)  NNZ: 11 (8)  Ttime: 1.3903 Vtime: 0.0509
Step: 43000000  Loss: 0.072926 Regul: 0.000994 Obj: 0.073920 (0.051528)  NNZ: 14 (8)  Ttime: 1.3854 Vtime: 0.0525
Step: 43100000  Loss: 0.079035 Regul: 0.000888 Obj: 0.079923 (0.051528)  NNZ: 11 (8)  Ttime: 1.3878 Vtime: 0.0520
Step: 43200000  Loss: 0.072166 Regul: 0.001092 Obj: 0.073257 (0.051528)  NNZ: 15 (8)  Ttime: 1.3859 Vtime: 0.0518
Step: 43300000  Loss: 0.070866 Regul: 0.000892 Obj: 0.071758 (0.051528)  NNZ: 12 (8)  Ttime: 1.3864 Vtime: 0.0510
Step: 43400000  Loss: 0.057611 Regul: 0.000636 Obj: 0.058246 (0.051528)  NNZ: 9 (8)  Ttime: 1.4195 Vtime: 0.0517
Step: 43500000  Loss: 0.067733 Regul: 0.000718 Obj: 0.068451 (0.051528)  NNZ: 11 (8)  Ttime: 1.3865 Vtime: 0.0515
Step: 43600000  Loss: 0.079984 Regul: 0.001152 Obj: 0.081136 (0.051528)  NNZ: 11 (8)  Ttime: 1.3853 Vtime: 0.0514
Step: 43700000  Loss: 0.110033 Regul: 0.002079 Obj: 0.112112 (0.051528)  NNZ: 20 (8)  Ttime: 1.3829 Vtime: 0.0512
Step: 43800000  Loss: 0.062575 Regul: 0.000887 Obj: 0.063462 (0.051528)  NNZ: 12 (8)  Ttime: 1.3901 Vtime: 0.0515
Step: 43900000  Loss: 0.065973 Regul: 0.000611 Obj: 0.066584 (0.051528)  NNZ: 7 (8)  Ttime: 1.3865 Vtime: 0.0523
Step: 44000000  Loss: 0.086068 Regul: 0.001010 Obj: 0.087078 (0.051528)  NNZ: 12 (8)  Ttime: 1.3831 Vtime: 0.0512
Step: 44100000  Loss: 0.077899 Regul: 0.000856 Obj: 0.078754 (0.051528)  NNZ: 16 (8)  Ttime: 1.3904 Vtime: 0.0515
Step: 44200000  Loss: 0.061210 Regul: 0.000838 Obj: 0.062048 (0.051528)  NNZ: 14 (8)  Ttime: 1.3843 Vtime: 0.0520
Step: 44300000  Loss: 0.081898 Regul: 0.001013 Obj: 0.082911 (0.051528)  NNZ: 19 (8)  Ttime: 1.3851 Vtime: 0.0513
Step: 44400000  Loss: 0.077040 Regul: 0.001141 Obj: 0.078181 (0.051528)  NNZ: 15 (8)  Ttime: 1.3900 Vtime: 0.0524
Step: 44500000  Loss: 0.057760 Regul: 0.000699 Obj: 0.058459 (0.051528)  NNZ: 8 (8)  Ttime: 1.3990 Vtime: 0.0512
Step: 44600000  Loss: 0.066185 Regul: 0.000740 Obj: 0.066924 (0.051528)  NNZ: 12 (8)  Ttime: 1.3914 Vtime: 0.0517
Step: 44700000  Loss: 0.071529 Regul: 0.001063 Obj: 0.072592 (0.051528)  NNZ: 17 (8)  Ttime: 1.3941 Vtime: 0.0513
Step: 44800000  Loss: 0.082778 Regul: 0.001389 Obj: 0.084167 (0.051528)  NNZ: 22 (8)  Ttime: 1.3912 Vtime: 0.0514
Step: 44900000  Loss: 0.065933 Regul: 0.000974 Obj: 0.066907 (0.051528)  NNZ: 15 (8)  Ttime: 1.3827 Vtime: 0.0522
Step: 45000000  Loss: 0.079475 Regul: 0.001331 Obj: 0.080806 (0.051528)  NNZ: 14 (8)  Ttime: 1.3900 Vtime: 0.0518
Step: 45100000  Loss: 0.064346 Regul: 0.000660 Obj: 0.065005 (0.051528)  NNZ: 9 (8)  Ttime: 1.3881 Vtime: 0.0521
Step: 45200000  Loss: 0.087160 Regul: 0.001442 Obj: 0.088602 (0.051528)  NNZ: 15 (8)  Ttime: 1.3880 Vtime: 0.0511
Step: 45300000  Loss: 0.126364 Regul: 0.002224 Obj: 0.128588 (0.051528)  NNZ: 23 (8)  Ttime: 1.3841 Vtime: 0.0512
Step: 45400000  Loss: 0.082323 Regul: 0.001252 Obj: 0.083575 (0.051528)  NNZ: 17 (8)  Ttime: 1.3880 Vtime: 0.0521
Step: 45500000  Loss: 0.064535 Regul: 0.000660 Obj: 0.065195 (0.051528)  NNZ: 11 (8)  Ttime: 1.3880 Vtime: 0.0516
Step: 45600000  Loss: 0.059083 Regul: 0.000684 Obj: 0.059767 (0.051528)  NNZ: 13 (8)  Ttime: 1.3848 Vtime: 0.0512
Step: 45700000  Loss: 0.078189 Regul: 0.001145 Obj: 0.079334 (0.051528)  NNZ: 16 (8)  Ttime: 1.3847 Vtime: 0.0507
Step: 45800000  Loss: 0.087775 Regul: 0.001521 Obj: 0.089296 (0.051528)  NNZ: 23 (8)  Ttime: 1.3875 Vtime: 0.0522
Step: 45900000  Loss: 0.058905 Regul: 0.000460 Obj: 0.059365 (0.051528)  NNZ: 6 (8)  Ttime: 1.3879 Vtime: 0.0518
Step: 46000000  Loss: 0.160327 Regul: 0.000545 Obj: 0.160872 (0.051528)  NNZ: 8 (8)  Ttime: 1.3852 Vtime: 0.0511
Step: 46100000  Loss: 0.084827 Regul: 0.000967 Obj: 0.085793 (0.051528)  NNZ: 16 (8)  Ttime: 1.3862 Vtime: 0.0522
Step: 46200000  Loss: 0.067292 Regul: 0.000836 Obj: 0.068128 (0.051528)  NNZ: 13 (8)  Ttime: 1.3864 Vtime: 0.0511
Step: 46300000  Loss: 0.096683 Regul: 0.000818 Obj: 0.097501 (0.051528)  NNZ: 11 (8)  Ttime: 1.3892 Vtime: 0.0512
Step: 46400000  Loss: 0.065912 Regul: 0.000448 Obj: 0.066360 (0.051528)  NNZ: 10 (8)  Ttime: 1.3848 Vtime: 0.0517
Step: 46500000  Loss: 0.097839 Regul: 0.001478 Obj: 0.099317 (0.051528)  NNZ: 22 (8)  Ttime: 1.3886 Vtime: 0.0512
Step: 46600000  Loss: 0.065447 Regul: 0.000974 Obj: 0.066421 (0.051528)  NNZ: 17 (8)  Ttime: 1.3821 Vtime: 0.0517
Step: 46700000  Loss: 0.094311 Regul: 0.001177 Obj: 0.095487 (0.051528)  NNZ: 17 (8)  Ttime: 1.3859 Vtime: 0.0521
Step: 46800000  Loss: 0.061396 Regul: 0.000606 Obj: 0.062001 (0.051528)  NNZ: 12 (8)  Ttime: 1.3938 Vtime: 0.0514
Step: 46900000  Loss: 0.090296 Regul: 0.001306 Obj: 0.091602 (0.051528)  NNZ: 12 (8)  Ttime: 1.3954 Vtime: 0.0516
Step: 47000000  Loss: 0.080358 Regul: 0.001402 Obj: 0.081760 (0.051528)  NNZ: 16 (8)  Ttime: 1.3867 Vtime: 0.0517
Step: 47100000  Loss: 0.079565 Regul: 0.001309 Obj: 0.080874 (0.051528)  NNZ: 17 (8)  Ttime: 1.3877 Vtime: 0.0517
Step: 47200000  Loss: 0.077552 Regul: 0.001092 Obj: 0.078644 (0.051528)  NNZ: 12 (8)  Ttime: 1.3857 Vtime: 0.0514
Step: 47300000  Loss: 0.106430 Regul: 0.002016 Obj: 0.108446 (0.051528)  NNZ: 20 (8)  Ttime: 1.3850 Vtime: 0.0515
Step: 47400000  Loss: 0.072481 Regul: 0.001141 Obj: 0.073622 (0.051528)  NNZ: 16 (8)  Ttime: 1.3871 Vtime: 0.0511
Step: 47500000  Loss: 0.063490 Regul: 0.000263 Obj: 0.063753 (0.051528)  NNZ: 4 (8)  Ttime: 1.3834 Vtime: 0.0516
Step: 47600000  Loss: 0.081342 Regul: 0.001095 Obj: 0.082437 (0.051528)  NNZ: 15 (8)  Ttime: 1.3862 Vtime: 0.0512
Step: 47700000  Loss: 0.081174 Regul: 0.001309 Obj: 0.082483 (0.051528)  NNZ: 15 (8)  Ttime: 1.3852 Vtime: 0.0518
Step: 47800000  Loss: 0.077727 Regul: 0.001037 Obj: 0.078764 (0.051528)  NNZ: 12 (8)  Ttime: 1.3839 Vtime: 0.0516
Step: 47900000  Loss: 0.076053 Regul: 0.001213 Obj: 0.077266 (0.051528)  NNZ: 13 (8)  Ttime: 1.3862 Vtime: 0.0512
Step: 48000000  Loss: 0.075635 Regul: 0.001134 Obj: 0.076769 (0.051528)  NNZ: 16 (8)  Ttime: 1.3899 Vtime: 0.0520
Step: 48100000  Loss: 0.074266 Regul: 0.000827 Obj: 0.075092 (0.051528)  NNZ: 15 (8)  Ttime: 1.3888 Vtime: 0.0514
Step: 48200000  Loss: 0.065033 Regul: 0.000580 Obj: 0.065612 (0.051528)  NNZ: 8 (8)  Ttime: 1.3872 Vtime: 0.0518
Step: 48300000  Loss: 0.078018 Regul: 0.001023 Obj: 0.079041 (0.051528)  NNZ: 14 (8)  Ttime: 1.3933 Vtime: 0.0509
Step: 48400000  Loss: 0.079674 Regul: 0.001065 Obj: 0.080739 (0.051528)  NNZ: 14 (8)  Ttime: 1.3894 Vtime: 0.0516
Step: 48500000  Loss: 0.096058 Regul: 0.000857 Obj: 0.096915 (0.051528)  NNZ: 9 (8)  Ttime: 1.3896 Vtime: 0.0517
Step: 48600000  Loss: 0.055859 Regul: 0.000493 Obj: 0.056352 (0.051528)  NNZ: 6 (8)  Ttime: 1.3920 Vtime: 0.0512
Step: 48700000  Loss: 0.066542 Regul: 0.000839 Obj: 0.067380 (0.051528)  NNZ: 17 (8)  Ttime: 1.3905 Vtime: 0.0516
Step: 48800000  Loss: 0.073839 Regul: 0.001100 Obj: 0.074939 (0.051528)  NNZ: 15 (8)  Ttime: 1.3917 Vtime: 0.0508
Step: 48900000  Loss: 0.068950 Regul: 0.000522 Obj: 0.069473 (0.051528)  NNZ: 9 (8)  Ttime: 1.3897 Vtime: 0.0518
Step: 49000000  Loss: 0.079951 Regul: 0.000881 Obj: 0.080832 (0.051528)  NNZ: 14 (8)  Ttime: 1.3977 Vtime: 0.0518
Step: 49100000  Loss: 0.064876 Regul: 0.000589 Obj: 0.065465 (0.051528)  NNZ: 7 (8)  Ttime: 1.3858 Vtime: 0.0515
Step: 49200000  Loss: 0.072727 Regul: 0.001097 Obj: 0.073824 (0.051528)  NNZ: 15 (8)  Ttime: 1.3847 Vtime: 0.0514
Step: 49300000  Loss: 0.068376 Regul: 0.000812 Obj: 0.069188 (0.051528)  NNZ: 10 (8)  Ttime: 1.3880 Vtime: 0.0517
Step: 49400000  Loss: 0.064417 Regul: 0.000910 Obj: 0.065327 (0.051528)  NNZ: 13 (8)  Ttime: 1.3851 Vtime: 0.0503
Step: 49500000  Loss: 0.066718 Regul: 0.000890 Obj: 0.067608 (0.051528)  NNZ: 13 (8)  Ttime: 1.3879 Vtime: 0.0526
Step: 49600000  Loss: 0.107944 Regul: 0.002036 Obj: 0.109980 (0.051528)  NNZ: 19 (8)  Ttime: 1.3864 Vtime: 0.0518
Step: 49700000  Loss: 0.066422 Regul: 0.000658 Obj: 0.067081 (0.051528)  NNZ: 12 (8)  Ttime: 1.3899 Vtime: 0.0517
Step: 49800000  Loss: 0.085617 Regul: 0.001206 Obj: 0.086822 (0.051528)  NNZ: 14 (8)  Ttime: 1.3882 Vtime: 0.0516
Step: 49900000  Loss: 0.081027 Regul: 0.000602 Obj: 0.081629 (0.051528)  NNZ: 15 (8)  Ttime: 1.3857 Vtime: 0.0505
Step: 50000000  Loss: 0.081663 Regul: 0.000928 Obj: 0.082591 (0.051528)  NNZ: 11 (8)  Ttime: 1.3875 Vtime: 0.0516
