mu: 0.01 gamma: 0.03 nIters: 50000000
Load PRParams.
Load RingParams.
Load Labels: 500000
Load Distances: 500000 x 5120
0...10...20...30...40...50...60...70...80...90...100 - done.
Positive samples #250000
Negative samples #250000
Positive train #200000
Negative train #200000
Positive valid #50000
Negative valid #50000

Found GPU: GeForce GTX 970
Compute Capability: 5.2

Best: 100000  Loss: 0.461280 Regul: 0.098765 Obj: 0.560044 (0.560044)  NNZ: 15 (15)  Ttime: 1.4230 Vtime: 0.2107
Stat: nPR #108 (#120) Dim/MaxDim [864/640] AUC: 0.981150 FPR95: 8.32
Step: 200000  Loss: 1.002923 Regul: 0.148898 Obj: 1.151821 (0.560044)  NNZ: 15 (15)  Ttime: 1.4273 Vtime: 0.0516
Step: 300000  Loss: 0.620433 Regul: 0.090894 Obj: 0.711327 (0.560044)  NNZ: 16 (15)  Ttime: 1.4186 Vtime: 0.0514
Best: 400000  Loss: 0.122149 Regul: 0.013164 Obj: 0.135312 (0.135312)  NNZ: 7 (7)  Ttime: 1.4343 Vtime: 0.0516
Stat: nPR #48 (#56) Dim/MaxDim [384/640] AUC: 0.973224 FPR95: 14.66 [saved]
Step: 500000  Loss: 0.224393 Regul: 0.031414 Obj: 0.255807 (0.135312)  NNZ: 8 (7)  Ttime: 1.4231 Vtime: 0.0515
Step: 600000  Loss: 0.376299 Regul: 0.031619 Obj: 0.407918 (0.135312)  NNZ: 8 (7)  Ttime: 1.4308 Vtime: 0.0516
Step: 700000  Loss: 0.212667 Regul: 0.016981 Obj: 0.229648 (0.135312)  NNZ: 10 (7)  Ttime: 1.4276 Vtime: 0.0508
Step: 800000  Loss: 0.320830 Regul: 0.046140 Obj: 0.366970 (0.135312)  NNZ: 12 (7)  Ttime: 1.4251 Vtime: 0.0513
Best: 900000  Loss: 0.068093 Regul: 0.006118 Obj: 0.074211 (0.074211)  NNZ: 3 (3)  Ttime: 1.4188 Vtime: 0.0519
Stat: nPR #20 (#24) Dim/MaxDim [160/640] AUC: 0.976626 FPR95: 12.66 [saved]
Step: 1000000  Loss: 0.369581 Regul: 0.059386 Obj: 0.428966 (0.074211)  NNZ: 13 (3)  Ttime: 1.4297 Vtime: 0.0518
Step: 1100000  Loss: 0.306127 Regul: 0.033576 Obj: 0.339703 (0.074211)  NNZ: 12 (3)  Ttime: 1.4249 Vtime: 0.0510
Step: 1200000  Loss: 0.419200 Regul: 0.055251 Obj: 0.474450 (0.074211)  NNZ: 10 (3)  Ttime: 1.4167 Vtime: 0.0519
Step: 1300000  Loss: 0.196975 Regul: 0.028928 Obj: 0.225903 (0.074211)  NNZ: 17 (3)  Ttime: 1.4236 Vtime: 0.0522
Step: 1400000  Loss: 0.105964 Regul: 0.008678 Obj: 0.114642 (0.074211)  NNZ: 5 (3)  Ttime: 1.4317 Vtime: 0.0517
Step: 1500000  Loss: 0.168867 Regul: 0.028081 Obj: 0.196948 (0.074211)  NNZ: 10 (3)  Ttime: 1.4312 Vtime: 0.0516
Step: 1600000  Loss: 0.108134 Regul: 0.012285 Obj: 0.120419 (0.074211)  NNZ: 7 (3)  Ttime: 1.4196 Vtime: 0.0513
Best: 1700000  Loss: 0.065818 Regul: 0.004396 Obj: 0.070214 (0.070214)  NNZ: 4 (4)  Ttime: 1.4272 Vtime: 0.0508
Stat: nPR #32 (#32) Dim/MaxDim [256/640] AUC: 0.975510 FPR95: 13.26 [saved]
Step: 1800000  Loss: 0.113020 Regul: 0.020909 Obj: 0.133929 (0.070214)  NNZ: 10 (4)  Ttime: 1.4195 Vtime: 0.0518
Step: 1900000  Loss: 0.173828 Regul: 0.014597 Obj: 0.188425 (0.070214)  NNZ: 4 (4)  Ttime: 1.4228 Vtime: 0.0516
Step: 2000000  Loss: 0.134538 Regul: 0.017152 Obj: 0.151690 (0.070214)  NNZ: 7 (4)  Ttime: 1.4293 Vtime: 0.0517
Step: 2100000  Loss: 0.121218 Regul: 0.007534 Obj: 0.128753 (0.070214)  NNZ: 3 (4)  Ttime: 1.4250 Vtime: 0.0509
Step: 2200000  Loss: 0.083817 Regul: 0.012644 Obj: 0.096462 (0.070214)  NNZ: 8 (4)  Ttime: 1.4231 Vtime: 0.0513
Step: 2300000  Loss: 0.158089 Regul: 0.025210 Obj: 0.183300 (0.070214)  NNZ: 9 (4)  Ttime: 1.4209 Vtime: 0.0515
Step: 2400000  Loss: 0.120795 Regul: 0.019744 Obj: 0.140538 (0.070214)  NNZ: 8 (4)  Ttime: 1.4297 Vtime: 0.0512
Step: 2500000  Loss: 0.229268 Regul: 0.026888 Obj: 0.256156 (0.070214)  NNZ: 11 (4)  Ttime: 1.4295 Vtime: 0.0514
Step: 2600000  Loss: 0.137494 Regul: 0.021484 Obj: 0.158978 (0.070214)  NNZ: 9 (4)  Ttime: 1.4232 Vtime: 0.0515
Step: 2700000  Loss: 0.115009 Regul: 0.015256 Obj: 0.130265 (0.070214)  NNZ: 11 (4)  Ttime: 1.4196 Vtime: 0.0526
Step: 2800000  Loss: 0.084336 Regul: 0.012614 Obj: 0.096950 (0.070214)  NNZ: 7 (4)  Ttime: 1.4256 Vtime: 0.0514
Step: 2900000  Loss: 0.134700 Regul: 0.017322 Obj: 0.152022 (0.070214)  NNZ: 9 (4)  Ttime: 1.4300 Vtime: 0.0519
Step: 3000000  Loss: 0.257585 Regul: 0.014280 Obj: 0.271865 (0.070214)  NNZ: 7 (4)  Ttime: 1.4256 Vtime: 0.0511
Step: 3100000  Loss: 0.197460 Regul: 0.006255 Obj: 0.203715 (0.070214)  NNZ: 4 (4)  Ttime: 1.4101 Vtime: 0.0516
Step: 3200000  Loss: 0.231483 Regul: 0.012827 Obj: 0.244310 (0.070214)  NNZ: 6 (4)  Ttime: 1.4296 Vtime: 0.0515
Step: 3300000  Loss: 0.063741 Regul: 0.009149 Obj: 0.072890 (0.070214)  NNZ: 6 (4)  Ttime: 1.4335 Vtime: 0.0512
Step: 3400000  Loss: 0.096742 Regul: 0.011666 Obj: 0.108407 (0.070214)  NNZ: 8 (4)  Ttime: 1.4281 Vtime: 0.0513
Step: 3500000  Loss: 0.147842 Regul: 0.028563 Obj: 0.176405 (0.070214)  NNZ: 12 (4)  Ttime: 1.4204 Vtime: 0.0512
Step: 3600000  Loss: 0.066902 Regul: 0.008219 Obj: 0.075121 (0.070214)  NNZ: 7 (4)  Ttime: 1.4310 Vtime: 0.0515
Step: 3700000  Loss: 0.114126 Regul: 0.011815 Obj: 0.125941 (0.070214)  NNZ: 6 (4)  Ttime: 1.4294 Vtime: 0.0514
Step: 3800000  Loss: 0.084647 Regul: 0.011036 Obj: 0.095683 (0.070214)  NNZ: 8 (4)  Ttime: 1.4247 Vtime: 0.0517
Step: 3900000  Loss: 0.122247 Regul: 0.021459 Obj: 0.143707 (0.070214)  NNZ: 13 (4)  Ttime: 1.4162 Vtime: 0.0518
Step: 4000000  Loss: 0.096980 Regul: 0.006686 Obj: 0.103666 (0.070214)  NNZ: 5 (4)  Ttime: 1.4228 Vtime: 0.0510
Step: 4100000  Loss: 0.101330 Regul: 0.016689 Obj: 0.118018 (0.070214)  NNZ: 16 (4)  Ttime: 1.4249 Vtime: 0.0509
Step: 4200000  Loss: 0.103749 Regul: 0.013986 Obj: 0.117734 (0.070214)  NNZ: 7 (4)  Ttime: 1.4259 Vtime: 0.0519
Step: 4300000  Loss: 0.064590 Regul: 0.006201 Obj: 0.070791 (0.070214)  NNZ: 5 (4)  Ttime: 1.4202 Vtime: 0.0511
Step: 4400000  Loss: 0.118918 Regul: 0.017510 Obj: 0.136428 (0.070214)  NNZ: 10 (4)  Ttime: 1.4232 Vtime: 0.0513
Step: 4500000  Loss: 0.157977 Regul: 0.015234 Obj: 0.173212 (0.070214)  NNZ: 13 (4)  Ttime: 1.4285 Vtime: 0.0512
Step: 4600000  Loss: 0.103361 Regul: 0.010667 Obj: 0.114027 (0.070214)  NNZ: 6 (4)  Ttime: 1.4248 Vtime: 0.0518
Step: 4700000  Loss: 0.090187 Regul: 0.008848 Obj: 0.099035 (0.070214)  NNZ: 9 (4)  Ttime: 1.4244 Vtime: 0.0510
Step: 4800000  Loss: 0.157931 Regul: 0.014527 Obj: 0.172458 (0.070214)  NNZ: 12 (4)  Ttime: 1.4202 Vtime: 0.0512
Step: 4900000  Loss: 0.084914 Regul: 0.011785 Obj: 0.096699 (0.070214)  NNZ: 7 (4)  Ttime: 1.4294 Vtime: 0.0516
Step: 5000000  Loss: 0.163769 Regul: 0.015105 Obj: 0.178874 (0.070214)  NNZ: 10 (4)  Ttime: 1.4366 Vtime: 0.0517
Step: 5100000  Loss: 0.104322 Regul: 0.012677 Obj: 0.116999 (0.070214)  NNZ: 6 (4)  Ttime: 1.4301 Vtime: 0.0519
Step: 5200000  Loss: 0.071405 Regul: 0.008370 Obj: 0.079775 (0.070214)  NNZ: 7 (4)  Ttime: 1.4259 Vtime: 0.0512
Step: 5300000  Loss: 0.130439 Regul: 0.020963 Obj: 0.151402 (0.070214)  NNZ: 10 (4)  Ttime: 1.4249 Vtime: 0.0514
Step: 5400000  Loss: 0.141729 Regul: 0.020057 Obj: 0.161786 (0.070214)  NNZ: 14 (4)  Ttime: 1.4339 Vtime: 0.0511
Step: 5500000  Loss: 0.119445 Regul: 0.015432 Obj: 0.134877 (0.070214)  NNZ: 7 (4)  Ttime: 1.4274 Vtime: 0.0513
Step: 5600000  Loss: 0.064771 Regul: 0.008677 Obj: 0.073448 (0.070214)  NNZ: 7 (4)  Ttime: 1.4233 Vtime: 0.0518
Step: 5700000  Loss: 0.100411 Regul: 0.006848 Obj: 0.107258 (0.070214)  NNZ: 10 (4)  Ttime: 1.4338 Vtime: 0.0510
Step: 5800000  Loss: 0.103951 Regul: 0.013475 Obj: 0.117427 (0.070214)  NNZ: 8 (4)  Ttime: 1.4364 Vtime: 0.0510
Step: 5900000  Loss: 0.085570 Regul: 0.012373 Obj: 0.097943 (0.070214)  NNZ: 8 (4)  Ttime: 1.4266 Vtime: 0.0517
Step: 6000000  Loss: 0.073150 Regul: 0.009014 Obj: 0.082164 (0.070214)  NNZ: 9 (4)  Ttime: 1.4196 Vtime: 0.0516
Step: 6100000  Loss: 0.078182 Regul: 0.009952 Obj: 0.088134 (0.070214)  NNZ: 8 (4)  Ttime: 1.4279 Vtime: 0.0511
Step: 6200000  Loss: 0.161474 Regul: 0.017459 Obj: 0.178933 (0.070214)  NNZ: 13 (4)  Ttime: 1.4297 Vtime: 0.0522
Step: 6300000  Loss: 0.079108 Regul: 0.010010 Obj: 0.089117 (0.070214)  NNZ: 7 (4)  Ttime: 1.4265 Vtime: 0.0512
Step: 6400000  Loss: 0.096709 Regul: 0.013947 Obj: 0.110655 (0.070214)  NNZ: 8 (4)  Ttime: 1.4179 Vtime: 0.0517
Best: 6500000  Loss: 0.063602 Regul: 0.003076 Obj: 0.066678 (0.066678)  NNZ: 3 (3)  Ttime: 1.4214 Vtime: 0.0509
Stat: nPR #16 (#24) Dim/MaxDim [128/640] AUC: 0.976552 FPR95: 11.33 [saved]
Step: 6600000  Loss: 0.111923 Regul: 0.016290 Obj: 0.128214 (0.066678)  NNZ: 11 (3)  Ttime: 1.4284 Vtime: 0.0517
Step: 6700000  Loss: 0.131151 Regul: 0.007142 Obj: 0.138293 (0.066678)  NNZ: 6 (3)  Ttime: 1.4292 Vtime: 0.0512
Best: 6800000  Loss: 0.062141 Regul: 0.003708 Obj: 0.065849 (0.065849)  NNZ: 5 (5)  Ttime: 1.4289 Vtime: 0.0512
Stat: nPR #28 (#40) Dim/MaxDim [224/640] AUC: 0.976465 FPR95: 11.52 [saved]
Step: 6900000  Loss: 0.091634 Regul: 0.014290 Obj: 0.105924 (0.065849)  NNZ: 7 (5)  Ttime: 1.4212 Vtime: 0.0521
Step: 7000000  Loss: 0.078126 Regul: 0.010821 Obj: 0.088947 (0.065849)  NNZ: 8 (5)  Ttime: 1.4299 Vtime: 0.0511
Step: 7100000  Loss: 0.177233 Regul: 0.010462 Obj: 0.187695 (0.065849)  NNZ: 7 (5)  Ttime: 1.4297 Vtime: 0.0517
Step: 7200000  Loss: 0.096415 Regul: 0.006673 Obj: 0.103088 (0.065849)  NNZ: 4 (5)  Ttime: 1.4242 Vtime: 0.0513
Step: 7300000  Loss: 0.070171 Regul: 0.006733 Obj: 0.076904 (0.065849)  NNZ: 6 (5)  Ttime: 1.4177 Vtime: 0.0512
Step: 7400000  Loss: 0.062731 Regul: 0.007431 Obj: 0.070162 (0.065849)  NNZ: 7 (5)  Ttime: 1.4332 Vtime: 0.0516
Step: 7500000  Loss: 0.064467 Regul: 0.006133 Obj: 0.070601 (0.065849)  NNZ: 4 (5)  Ttime: 1.4320 Vtime: 0.0512
Step: 7600000  Loss: 0.115884 Regul: 0.014158 Obj: 0.130042 (0.065849)  NNZ: 8 (5)  Ttime: 1.4321 Vtime: 0.0515
Step: 7700000  Loss: 0.133179 Regul: 0.022936 Obj: 0.156115 (0.065849)  NNZ: 14 (5)  Ttime: 1.4203 Vtime: 0.0516
Step: 7800000  Loss: 0.135707 Regul: 0.024114 Obj: 0.159821 (0.065849)  NNZ: 15 (5)  Ttime: 1.4254 Vtime: 0.0515
Step: 7900000  Loss: 0.097279 Regul: 0.013633 Obj: 0.110912 (0.065849)  NNZ: 6 (5)  Ttime: 1.4357 Vtime: 0.0509
Step: 8000000  Loss: 0.088235 Regul: 0.012543 Obj: 0.100778 (0.065849)  NNZ: 9 (5)  Ttime: 1.4340 Vtime: 0.0514
Step: 8100000  Loss: 0.100055 Regul: 0.018809 Obj: 0.118864 (0.065849)  NNZ: 12 (5)  Ttime: 1.4148 Vtime: 0.0516
Step: 8200000  Loss: 0.087308 Regul: 0.009988 Obj: 0.097295 (0.065849)  NNZ: 7 (5)  Ttime: 1.4282 Vtime: 0.0511
Step: 8300000  Loss: 0.081532 Regul: 0.009100 Obj: 0.090631 (0.065849)  NNZ: 5 (5)  Ttime: 1.4316 Vtime: 0.0517
Step: 8400000  Loss: 0.142772 Regul: 0.017377 Obj: 0.160149 (0.065849)  NNZ: 10 (5)  Ttime: 1.4290 Vtime: 0.0513
Step: 8500000  Loss: 0.084839 Regul: 0.008409 Obj: 0.093248 (0.065849)  NNZ: 7 (5)  Ttime: 1.4282 Vtime: 0.0516
Step: 8600000  Loss: 0.097966 Regul: 0.017189 Obj: 0.115155 (0.065849)  NNZ: 11 (5)  Ttime: 1.4304 Vtime: 0.0512
Step: 8700000  Loss: 0.089055 Regul: 0.013700 Obj: 0.102755 (0.065849)  NNZ: 10 (5)  Ttime: 1.4239 Vtime: 0.0520
Step: 8800000  Loss: 0.103849 Regul: 0.016508 Obj: 0.120358 (0.065849)  NNZ: 8 (5)  Ttime: 1.4237 Vtime: 0.0520
Step: 8900000  Loss: 0.106048 Regul: 0.019283 Obj: 0.125330 (0.065849)  NNZ: 13 (5)  Ttime: 1.4261 Vtime: 0.0515
Step: 9000000  Loss: 0.115022 Regul: 0.013979 Obj: 0.129001 (0.065849)  NNZ: 8 (5)  Ttime: 1.4173 Vtime: 0.0517
Step: 9100000  Loss: 0.084301 Regul: 0.013571 Obj: 0.097872 (0.065849)  NNZ: 10 (5)  Ttime: 1.4255 Vtime: 0.0519
Best: 9200000  Loss: 0.060232 Regul: 0.005556 Obj: 0.065788 (0.065788)  NNZ: 6 (6)  Ttime: 1.4371 Vtime: 0.0512
Stat: nPR #40 (#48) Dim/MaxDim [320/640] AUC: 0.978755 FPR95: 9.40 [saved]
Step: 9300000  Loss: 0.083507 Regul: 0.012661 Obj: 0.096168 (0.065788)  NNZ: 8 (6)  Ttime: 1.4279 Vtime: 0.0514
Step: 9400000  Loss: 0.103594 Regul: 0.019224 Obj: 0.122818 (0.065788)  NNZ: 10 (6)  Ttime: 1.4315 Vtime: 0.0516
Step: 9500000  Loss: 0.211750 Regul: 0.023114 Obj: 0.234864 (0.065788)  NNZ: 18 (6)  Ttime: 1.4297 Vtime: 0.0514
Step: 9600000  Loss: 0.135705 Regul: 0.017675 Obj: 0.153380 (0.065788)  NNZ: 8 (6)  Ttime: 1.4173 Vtime: 0.0520
Step: 9700000  Loss: 0.089407 Regul: 0.013828 Obj: 0.103235 (0.065788)  NNZ: 9 (6)  Ttime: 1.4223 Vtime: 0.0518
Step: 9800000  Loss: 0.082987 Regul: 0.010411 Obj: 0.093398 (0.065788)  NNZ: 8 (6)  Ttime: 1.4346 Vtime: 0.0514
Step: 9900000  Loss: 0.112517 Regul: 0.019423 Obj: 0.131940 (0.065788)  NNZ: 16 (6)  Ttime: 1.4278 Vtime: 0.0514
Step: 10000000  Loss: 0.071046 Regul: 0.005747 Obj: 0.076793 (0.065788)  NNZ: 4 (6)  Ttime: 1.4188 Vtime: 0.0512
Step: 10100000  Loss: 0.120780 Regul: 0.019125 Obj: 0.139905 (0.065788)  NNZ: 15 (6)  Ttime: 1.4186 Vtime: 0.0519
Step: 10200000  Loss: 0.085496 Regul: 0.013380 Obj: 0.098876 (0.065788)  NNZ: 13 (6)  Ttime: 1.4276 Vtime: 0.0515
Step: 10300000  Loss: 0.129396 Regul: 0.015541 Obj: 0.144937 (0.065788)  NNZ: 13 (6)  Ttime: 1.4264 Vtime: 0.0521
Step: 10400000  Loss: 0.091230 Regul: 0.010160 Obj: 0.101390 (0.065788)  NNZ: 9 (6)  Ttime: 1.4180 Vtime: 0.0518
Step: 10500000  Loss: 0.061148 Regul: 0.006097 Obj: 0.067246 (0.065788)  NNZ: 6 (6)  Ttime: 1.4224 Vtime: 0.0509
Step: 10600000  Loss: 0.135118 Regul: 0.012996 Obj: 0.148113 (0.065788)  NNZ: 12 (6)  Ttime: 1.4263 Vtime: 0.0515
Step: 10700000  Loss: 0.100717 Regul: 0.016781 Obj: 0.117498 (0.065788)  NNZ: 16 (6)  Ttime: 1.4272 Vtime: 0.0518
Step: 10800000  Loss: 0.280475 Regul: 0.026967 Obj: 0.307442 (0.065788)  NNZ: 17 (6)  Ttime: 1.4257 Vtime: 0.0514
Step: 10900000  Loss: 0.073299 Regul: 0.006547 Obj: 0.079846 (0.065788)  NNZ: 5 (6)  Ttime: 1.4210 Vtime: 0.0509
Step: 11000000  Loss: 0.062522 Regul: 0.008564 Obj: 0.071086 (0.065788)  NNZ: 10 (6)  Ttime: 1.4221 Vtime: 0.0519
Step: 11100000  Loss: 0.118459 Regul: 0.017930 Obj: 0.136389 (0.065788)  NNZ: 16 (6)  Ttime: 1.4341 Vtime: 0.0516
Step: 11200000  Loss: 0.063157 Regul: 0.008058 Obj: 0.071215 (0.065788)  NNZ: 6 (6)  Ttime: 1.4337 Vtime: 0.0517
Step: 11300000  Loss: 0.063359 Regul: 0.007187 Obj: 0.070546 (0.065788)  NNZ: 8 (6)  Ttime: 1.4213 Vtime: 0.0514
Step: 11400000  Loss: 0.070536 Regul: 0.006366 Obj: 0.076902 (0.065788)  NNZ: 7 (6)  Ttime: 1.4251 Vtime: 0.0516
Step: 11500000  Loss: 0.102788 Regul: 0.016821 Obj: 0.119609 (0.065788)  NNZ: 12 (6)  Ttime: 1.4321 Vtime: 0.0518
Step: 11600000  Loss: 0.076223 Regul: 0.008337 Obj: 0.084560 (0.065788)  NNZ: 7 (6)  Ttime: 1.4286 Vtime: 0.0506
Step: 11700000  Loss: 0.103032 Regul: 0.018398 Obj: 0.121431 (0.065788)  NNZ: 21 (6)  Ttime: 1.4197 Vtime: 0.0519
Step: 11800000  Loss: 0.100468 Regul: 0.014452 Obj: 0.114920 (0.065788)  NNZ: 16 (6)  Ttime: 1.4236 Vtime: 0.0515
Step: 11900000  Loss: 0.082760 Regul: 0.009939 Obj: 0.092699 (0.065788)  NNZ: 12 (6)  Ttime: 1.4298 Vtime: 0.0518
Step: 12000000  Loss: 0.066355 Regul: 0.009728 Obj: 0.076083 (0.065788)  NNZ: 8 (6)  Ttime: 1.4282 Vtime: 0.0510
Step: 12100000  Loss: 0.068665 Regul: 0.010333 Obj: 0.078998 (0.065788)  NNZ: 13 (6)  Ttime: 1.4240 Vtime: 0.0514
Step: 12200000  Loss: 0.071728 Regul: 0.011111 Obj: 0.082839 (0.065788)  NNZ: 11 (6)  Ttime: 1.4230 Vtime: 0.0514
Step: 12300000  Loss: 0.081121 Regul: 0.012867 Obj: 0.093988 (0.065788)  NNZ: 12 (6)  Ttime: 1.4272 Vtime: 0.0517
Step: 12400000  Loss: 0.111331 Regul: 0.007928 Obj: 0.119259 (0.065788)  NNZ: 6 (6)  Ttime: 1.4215 Vtime: 0.0512
Step: 12500000  Loss: 0.131832 Regul: 0.016785 Obj: 0.148617 (0.065788)  NNZ: 15 (6)  Ttime: 1.4186 Vtime: 0.0516
Step: 12600000  Loss: 0.143954 Regul: 0.017935 Obj: 0.161888 (0.065788)  NNZ: 10 (6)  Ttime: 1.4223 Vtime: 0.0515
Step: 12700000  Loss: 0.100447 Regul: 0.018921 Obj: 0.119368 (0.065788)  NNZ: 14 (6)  Ttime: 1.4276 Vtime: 0.0520
Step: 12800000  Loss: 0.074053 Regul: 0.010389 Obj: 0.084442 (0.065788)  NNZ: 10 (6)  Ttime: 1.4262 Vtime: 0.0515
Step: 12900000  Loss: 0.061434 Regul: 0.005283 Obj: 0.066718 (0.065788)  NNZ: 4 (6)  Ttime: 1.4192 Vtime: 0.0518
Step: 13000000  Loss: 0.069732 Regul: 0.009886 Obj: 0.079618 (0.065788)  NNZ: 12 (6)  Ttime: 1.4180 Vtime: 0.0515
Step: 13100000  Loss: 0.065861 Regul: 0.005758 Obj: 0.071619 (0.065788)  NNZ: 7 (6)  Ttime: 1.4794 Vtime: 0.0513
Best: 13200000  Loss: 0.056718 Regul: 0.005927 Obj: 0.062644 (0.062644)  NNZ: 6 (6)  Ttime: 1.4277 Vtime: 0.0523
Stat: nPR #40 (#48) Dim/MaxDim [320/640] AUC: 0.980384 FPR95: 7.99 [saved]
Step: 13300000  Loss: 0.085074 Regul: 0.010824 Obj: 0.095898 (0.062644)  NNZ: 10 (6)  Ttime: 1.4247 Vtime: 0.0511
Step: 13400000  Loss: 0.095653 Regul: 0.015544 Obj: 0.111197 (0.062644)  NNZ: 15 (6)  Ttime: 1.4315 Vtime: 0.0511
Step: 13500000  Loss: 0.097897 Regul: 0.008359 Obj: 0.106257 (0.062644)  NNZ: 8 (6)  Ttime: 1.4272 Vtime: 0.0508
Step: 13600000  Loss: 0.095617 Regul: 0.014962 Obj: 0.110579 (0.062644)  NNZ: 13 (6)  Ttime: 1.4181 Vtime: 0.0516
Step: 13700000  Loss: 0.083361 Regul: 0.009460 Obj: 0.092822 (0.062644)  NNZ: 8 (6)  Ttime: 1.4233 Vtime: 0.0515
Step: 13800000  Loss: 0.066764 Regul: 0.006324 Obj: 0.073089 (0.062644)  NNZ: 6 (6)  Ttime: 1.4331 Vtime: 0.0509
Step: 13900000  Loss: 0.111287 Regul: 0.007885 Obj: 0.119171 (0.062644)  NNZ: 5 (6)  Ttime: 1.4284 Vtime: 0.0513
Step: 14000000  Loss: 0.088751 Regul: 0.015951 Obj: 0.104701 (0.062644)  NNZ: 12 (6)  Ttime: 1.4180 Vtime: 0.0514
Step: 14100000  Loss: 0.073535 Regul: 0.010693 Obj: 0.084228 (0.062644)  NNZ: 9 (6)  Ttime: 1.4223 Vtime: 0.0514
Step: 14200000  Loss: 0.078877 Regul: 0.011127 Obj: 0.090004 (0.062644)  NNZ: 9 (6)  Ttime: 1.4284 Vtime: 0.0515
Step: 14300000  Loss: 0.101678 Regul: 0.005685 Obj: 0.107363 (0.062644)  NNZ: 4 (6)  Ttime: 1.4297 Vtime: 0.0518
Best: 14400000  Loss: 0.059010 Regul: 0.003582 Obj: 0.062591 (0.062591)  NNZ: 8 (8)  Ttime: 1.4190 Vtime: 0.0512
Stat: nPR #56 (#64) Dim/MaxDim [448/640] AUC: 0.977261 FPR95: 11.86 [saved]
Best: 14500000  Loss: 0.054094 Regul: 0.005142 Obj: 0.059236 (0.059236)  NNZ: 9 (9)  Ttime: 1.4301 Vtime: 0.0513
Stat: nPR #72 (#72) Dim/MaxDim [576/640] AUC: 0.980319 FPR95: 7.94 [saved]
Step: 14600000  Loss: 0.067490 Regul: 0.007042 Obj: 0.074533 (0.059236)  NNZ: 7 (9)  Ttime: 1.4259 Vtime: 0.0513
Step: 14700000  Loss: 0.085975 Regul: 0.007263 Obj: 0.093238 (0.059236)  NNZ: 7 (9)  Ttime: 1.4322 Vtime: 0.0524
Step: 14800000  Loss: 0.182737 Regul: 0.019556 Obj: 0.202293 (0.059236)  NNZ: 18 (9)  Ttime: 1.4304 Vtime: 0.0517
Best: 14900000  Loss: 0.049951 Regul: 0.004279 Obj: 0.054229 (0.054229)  NNZ: 7 (7)  Ttime: 1.4240 Vtime: 0.0511
Stat: nPR #48 (#56) Dim/MaxDim [384/640] AUC: 0.981219 FPR95: 7.64 [saved]
Step: 15000000  Loss: 0.080035 Regul: 0.007444 Obj: 0.087478 (0.054229)  NNZ: 6 (7)  Ttime: 1.4303 Vtime: 0.0511
Step: 15100000  Loss: 0.076693 Regul: 0.009746 Obj: 0.086439 (0.054229)  NNZ: 10 (7)  Ttime: 1.4249 Vtime: 0.0513
Step: 15200000  Loss: 0.094565 Regul: 0.014681 Obj: 0.109246 (0.054229)  NNZ: 13 (7)  Ttime: 1.4258 Vtime: 0.0512
Step: 15300000  Loss: 0.069264 Regul: 0.006786 Obj: 0.076050 (0.054229)  NNZ: 8 (7)  Ttime: 1.4308 Vtime: 0.0513
Step: 15400000  Loss: 0.056821 Regul: 0.005509 Obj: 0.062330 (0.054229)  NNZ: 9 (7)  Ttime: 1.4178 Vtime: 0.0518
Step: 15500000  Loss: 0.067949 Regul: 0.004365 Obj: 0.072314 (0.054229)  NNZ: 8 (7)  Ttime: 1.4242 Vtime: 0.0510
Step: 15600000  Loss: 0.085869 Regul: 0.010754 Obj: 0.096623 (0.054229)  NNZ: 15 (7)  Ttime: 1.4252 Vtime: 0.0512
Step: 15700000  Loss: 0.070481 Regul: 0.006567 Obj: 0.077048 (0.054229)  NNZ: 8 (7)  Ttime: 1.4283 Vtime: 0.0513
Step: 15800000  Loss: 0.061938 Regul: 0.008702 Obj: 0.070641 (0.054229)  NNZ: 10 (7)  Ttime: 1.4333 Vtime: 0.0521
Step: 15900000  Loss: 0.165821 Regul: 0.017476 Obj: 0.183297 (0.054229)  NNZ: 11 (7)  Ttime: 1.4246 Vtime: 0.0517
Step: 16000000  Loss: 0.110586 Regul: 0.014189 Obj: 0.124776 (0.054229)  NNZ: 15 (7)  Ttime: 1.4163 Vtime: 0.0515
Step: 16100000  Loss: 0.063876 Regul: 0.006294 Obj: 0.070170 (0.054229)  NNZ: 6 (7)  Ttime: 1.4236 Vtime: 0.0528
Step: 16200000  Loss: 0.067096 Regul: 0.007607 Obj: 0.074703 (0.054229)  NNZ: 9 (7)  Ttime: 1.4281 Vtime: 0.0512
Step: 16300000  Loss: 0.065971 Regul: 0.006697 Obj: 0.072668 (0.054229)  NNZ: 11 (7)  Ttime: 1.4221 Vtime: 0.0515
Step: 16400000  Loss: 0.094711 Regul: 0.009772 Obj: 0.104482 (0.054229)  NNZ: 8 (7)  Ttime: 1.4172 Vtime: 0.0518
Step: 16500000  Loss: 0.103222 Regul: 0.013508 Obj: 0.116731 (0.054229)  NNZ: 11 (7)  Ttime: 1.4220 Vtime: 0.0511
Step: 16600000  Loss: 0.105221 Regul: 0.014171 Obj: 0.119392 (0.054229)  NNZ: 14 (7)  Ttime: 1.4229 Vtime: 0.0518
Step: 16700000  Loss: 0.063602 Regul: 0.004742 Obj: 0.068344 (0.054229)  NNZ: 7 (7)  Ttime: 1.4238 Vtime: 0.0514
Step: 16800000  Loss: 0.094736 Regul: 0.008384 Obj: 0.103119 (0.054229)  NNZ: 7 (7)  Ttime: 1.4169 Vtime: 0.0516
Step: 16900000  Loss: 0.057253 Regul: 0.006306 Obj: 0.063559 (0.054229)  NNZ: 10 (7)  Ttime: 1.4237 Vtime: 0.0511
Step: 17000000  Loss: 0.066257 Regul: 0.008087 Obj: 0.074344 (0.054229)  NNZ: 11 (7)  Ttime: 1.4310 Vtime: 0.0516
Step: 17100000  Loss: 0.141030 Regul: 0.016547 Obj: 0.157577 (0.054229)  NNZ: 15 (7)  Ttime: 1.4273 Vtime: 0.0521
Step: 17200000  Loss: 0.076175 Regul: 0.007076 Obj: 0.083251 (0.054229)  NNZ: 6 (7)  Ttime: 1.4246 Vtime: 0.0520
Step: 17300000  Loss: 0.061991 Regul: 0.007772 Obj: 0.069763 (0.054229)  NNZ: 9 (7)  Ttime: 1.4227 Vtime: 0.0513
Step: 17400000  Loss: 0.070455 Regul: 0.008746 Obj: 0.079201 (0.054229)  NNZ: 7 (7)  Ttime: 1.4297 Vtime: 0.0519
Step: 17500000  Loss: 0.075931 Regul: 0.012311 Obj: 0.088241 (0.054229)  NNZ: 10 (7)  Ttime: 1.4324 Vtime: 0.0516
Step: 17600000  Loss: 0.054169 Regul: 0.004475 Obj: 0.058644 (0.054229)  NNZ: 8 (7)  Ttime: 1.4260 Vtime: 0.0513
Step: 17700000  Loss: 0.052175 Regul: 0.005074 Obj: 0.057249 (0.054229)  NNZ: 10 (7)  Ttime: 1.4255 Vtime: 0.0513
Step: 17800000  Loss: 0.093304 Regul: 0.006246 Obj: 0.099550 (0.054229)  NNZ: 5 (7)  Ttime: 1.4288 Vtime: 0.0520
Step: 17900000  Loss: 0.063923 Regul: 0.007523 Obj: 0.071446 (0.054229)  NNZ: 9 (7)  Ttime: 1.4265 Vtime: 0.0514
Step: 18000000  Loss: 0.060934 Regul: 0.006144 Obj: 0.067078 (0.054229)  NNZ: 8 (7)  Ttime: 1.4234 Vtime: 0.0518
Step: 18100000  Loss: 0.074610 Regul: 0.009299 Obj: 0.083909 (0.054229)  NNZ: 15 (7)  Ttime: 1.4219 Vtime: 0.0512
Step: 18200000  Loss: 0.085602 Regul: 0.010568 Obj: 0.096170 (0.054229)  NNZ: 8 (7)  Ttime: 1.4258 Vtime: 0.0517
Step: 18300000  Loss: 0.057976 Regul: 0.004897 Obj: 0.062873 (0.054229)  NNZ: 6 (7)  Ttime: 1.4284 Vtime: 0.0518
Step: 18400000  Loss: 0.065697 Regul: 0.005905 Obj: 0.071601 (0.054229)  NNZ: 11 (7)  Ttime: 1.4305 Vtime: 0.0514
Step: 18500000  Loss: 0.051826 Regul: 0.003842 Obj: 0.055667 (0.054229)  NNZ: 6 (7)  Ttime: 1.4179 Vtime: 0.0516
Step: 18600000  Loss: 0.067039 Regul: 0.008157 Obj: 0.075195 (0.054229)  NNZ: 9 (7)  Ttime: 1.4246 Vtime: 0.0521
Step: 18700000  Loss: 0.065668 Regul: 0.004559 Obj: 0.070228 (0.054229)  NNZ: 6 (7)  Ttime: 1.4274 Vtime: 0.0523
Step: 18800000  Loss: 0.084144 Regul: 0.007128 Obj: 0.091272 (0.054229)  NNZ: 7 (7)  Ttime: 1.4349 Vtime: 0.0514
Step: 18900000  Loss: 0.076172 Regul: 0.006735 Obj: 0.082907 (0.054229)  NNZ: 9 (7)  Ttime: 1.4217 Vtime: 0.0512
Step: 19000000  Loss: 0.206555 Regul: 0.009509 Obj: 0.216064 (0.054229)  NNZ: 11 (7)  Ttime: 1.4314 Vtime: 0.0510
Step: 19100000  Loss: 0.091156 Regul: 0.010946 Obj: 0.102102 (0.054229)  NNZ: 14 (7)  Ttime: 1.4313 Vtime: 0.0525
Step: 19200000  Loss: 0.072322 Regul: 0.009279 Obj: 0.081600 (0.054229)  NNZ: 7 (7)  Ttime: 1.4299 Vtime: 0.0513
Step: 19300000  Loss: 0.079175 Regul: 0.009357 Obj: 0.088531 (0.054229)  NNZ: 12 (7)  Ttime: 1.4211 Vtime: 0.0515
Step: 19400000  Loss: 0.063708 Regul: 0.006454 Obj: 0.070161 (0.054229)  NNZ: 10 (7)  Ttime: 1.4264 Vtime: 0.0519
Step: 19500000  Loss: 0.066494 Regul: 0.006552 Obj: 0.073045 (0.054229)  NNZ: 6 (7)  Ttime: 1.4289 Vtime: 0.0522
Step: 19600000  Loss: 0.081965 Regul: 0.006783 Obj: 0.088748 (0.054229)  NNZ: 7 (7)  Ttime: 1.4281 Vtime: 0.0515
Step: 19700000  Loss: 0.055740 Regul: 0.005535 Obj: 0.061274 (0.054229)  NNZ: 7 (7)  Ttime: 1.4232 Vtime: 0.0517
Step: 19800000  Loss: 0.058691 Regul: 0.006844 Obj: 0.065536 (0.054229)  NNZ: 8 (7)  Ttime: 1.4209 Vtime: 0.0512
Step: 19900000  Loss: 0.074347 Regul: 0.008088 Obj: 0.082435 (0.054229)  NNZ: 9 (7)  Ttime: 1.4269 Vtime: 0.0512
Step: 20000000  Loss: 0.066267 Regul: 0.008062 Obj: 0.074328 (0.054229)  NNZ: 10 (7)  Ttime: 1.4290 Vtime: 0.0513
Step: 20100000  Loss: 0.116113 Regul: 0.006686 Obj: 0.122799 (0.054229)  NNZ: 9 (7)  Ttime: 1.4221 Vtime: 0.0513
Step: 20200000  Loss: 0.068706 Regul: 0.008788 Obj: 0.077493 (0.054229)  NNZ: 12 (7)  Ttime: 1.4297 Vtime: 0.0506
Step: 20300000  Loss: 0.085456 Regul: 0.010032 Obj: 0.095487 (0.054229)  NNZ: 12 (7)  Ttime: 1.4349 Vtime: 0.0514
Step: 20400000  Loss: 0.062293 Regul: 0.008247 Obj: 0.070540 (0.054229)  NNZ: 10 (7)  Ttime: 1.4357 Vtime: 0.0519
Step: 20500000  Loss: 0.081397 Regul: 0.007450 Obj: 0.088847 (0.054229)  NNZ: 6 (7)  Ttime: 1.4283 Vtime: 0.0513
Step: 20600000  Loss: 0.074033 Regul: 0.008549 Obj: 0.082582 (0.054229)  NNZ: 9 (7)  Ttime: 1.4255 Vtime: 0.0516
Step: 20700000  Loss: 0.068295 Regul: 0.008560 Obj: 0.076855 (0.054229)  NNZ: 8 (7)  Ttime: 1.4272 Vtime: 0.0517
Step: 20800000  Loss: 0.075725 Regul: 0.007565 Obj: 0.083290 (0.054229)  NNZ: 10 (7)  Ttime: 1.4328 Vtime: 0.0510
Step: 20900000  Loss: 0.175743 Regul: 0.023337 Obj: 0.199081 (0.054229)  NNZ: 19 (7)  Ttime: 1.4250 Vtime: 0.0515
Step: 21000000  Loss: 0.061659 Regul: 0.008536 Obj: 0.070196 (0.054229)  NNZ: 10 (7)  Ttime: 1.4192 Vtime: 0.0516
Step: 21100000  Loss: 0.065902 Regul: 0.009301 Obj: 0.075203 (0.054229)  NNZ: 11 (7)  Ttime: 1.4203 Vtime: 0.0515
Step: 21200000  Loss: 0.062306 Regul: 0.004883 Obj: 0.067189 (0.054229)  NNZ: 8 (7)  Ttime: 1.4296 Vtime: 0.0512
Step: 21300000  Loss: 0.052820 Regul: 0.005201 Obj: 0.058021 (0.054229)  NNZ: 8 (7)  Ttime: 1.4271 Vtime: 0.0517
Step: 21400000  Loss: 0.071865 Regul: 0.003861 Obj: 0.075726 (0.054229)  NNZ: 8 (7)  Ttime: 1.4240 Vtime: 0.0509
Step: 21500000  Loss: 0.077271 Regul: 0.008241 Obj: 0.085512 (0.054229)  NNZ: 9 (7)  Ttime: 1.4292 Vtime: 0.0520
Step: 21600000  Loss: 0.065848 Regul: 0.004087 Obj: 0.069935 (0.054229)  NNZ: 5 (7)  Ttime: 1.4323 Vtime: 0.0518
Step: 21700000  Loss: 0.247067 Regul: 0.010831 Obj: 0.257898 (0.054229)  NNZ: 9 (7)  Ttime: 1.4279 Vtime: 0.0515
Step: 21800000  Loss: 0.079835 Regul: 0.009379 Obj: 0.089214 (0.054229)  NNZ: 14 (7)  Ttime: 1.4195 Vtime: 0.0511
Step: 21900000  Loss: 0.056516 Regul: 0.004384 Obj: 0.060900 (0.054229)  NNZ: 7 (7)  Ttime: 1.4247 Vtime: 0.0518
Step: 22000000  Loss: 0.062146 Regul: 0.003708 Obj: 0.065855 (0.054229)  NNZ: 5 (7)  Ttime: 1.4348 Vtime: 0.0512
Step: 22100000  Loss: 0.062648 Regul: 0.007302 Obj: 0.069950 (0.054229)  NNZ: 10 (7)  Ttime: 1.4284 Vtime: 0.0525
Step: 22200000  Loss: 0.117269 Regul: 0.003781 Obj: 0.121050 (0.054229)  NNZ: 4 (7)  Ttime: 1.4203 Vtime: 0.0524
Step: 22300000  Loss: 0.073707 Regul: 0.010571 Obj: 0.084278 (0.054229)  NNZ: 10 (7)  Ttime: 1.4243 Vtime: 0.0517
Step: 22400000  Loss: 0.069007 Regul: 0.009640 Obj: 0.078647 (0.054229)  NNZ: 9 (7)  Ttime: 1.4306 Vtime: 0.0514
Step: 22500000  Loss: 0.077342 Regul: 0.013168 Obj: 0.090509 (0.054229)  NNZ: 13 (7)  Ttime: 1.4300 Vtime: 0.0519
Step: 22600000  Loss: 0.071578 Regul: 0.009381 Obj: 0.080959 (0.054229)  NNZ: 7 (7)  Ttime: 1.4268 Vtime: 0.0513
Step: 22700000  Loss: 0.061284 Regul: 0.004806 Obj: 0.066090 (0.054229)  NNZ: 6 (7)  Ttime: 1.4194 Vtime: 0.0512
Step: 22800000  Loss: 0.057429 Regul: 0.004868 Obj: 0.062297 (0.054229)  NNZ: 8 (7)  Ttime: 1.4260 Vtime: 0.0513
Step: 22900000  Loss: 0.069652 Regul: 0.006942 Obj: 0.076594 (0.054229)  NNZ: 6 (7)  Ttime: 1.4262 Vtime: 0.0517
Step: 23000000  Loss: 0.067099 Regul: 0.004506 Obj: 0.071604 (0.054229)  NNZ: 6 (7)  Ttime: 1.4244 Vtime: 0.0513
Step: 23100000  Loss: 0.120128 Regul: 0.008602 Obj: 0.128730 (0.054229)  NNZ: 10 (7)  Ttime: 1.4228 Vtime: 0.0519
Step: 23200000  Loss: 0.063284 Regul: 0.005665 Obj: 0.068949 (0.054229)  NNZ: 7 (7)  Ttime: 1.4251 Vtime: 0.0515
Step: 23300000  Loss: 0.064277 Regul: 0.007377 Obj: 0.071654 (0.054229)  NNZ: 8 (7)  Ttime: 1.4320 Vtime: 0.0522
Step: 23400000  Loss: 0.073531 Regul: 0.009447 Obj: 0.082978 (0.054229)  NNZ: 9 (7)  Ttime: 1.4267 Vtime: 0.0515
Step: 23500000  Loss: 0.064570 Regul: 0.006989 Obj: 0.071559 (0.054229)  NNZ: 9 (7)  Ttime: 1.4204 Vtime: 0.0512
Step: 23600000  Loss: 0.072937 Regul: 0.010330 Obj: 0.083267 (0.054229)  NNZ: 13 (7)  Ttime: 1.4292 Vtime: 0.0519
Step: 23700000  Loss: 0.133335 Regul: 0.007950 Obj: 0.141285 (0.054229)  NNZ: 10 (7)  Ttime: 1.4333 Vtime: 0.0517
Step: 23800000  Loss: 0.063687 Regul: 0.006102 Obj: 0.069790 (0.054229)  NNZ: 6 (7)  Ttime: 1.4291 Vtime: 0.0509
Step: 23900000  Loss: 0.054886 Regul: 0.005885 Obj: 0.060771 (0.054229)  NNZ: 9 (7)  Ttime: 1.4177 Vtime: 0.0516
Step: 24000000  Loss: 0.069251 Regul: 0.005687 Obj: 0.074939 (0.054229)  NNZ: 9 (7)  Ttime: 1.4296 Vtime: 0.0518
Step: 24100000  Loss: 0.069081 Regul: 0.008203 Obj: 0.077284 (0.054229)  NNZ: 11 (7)  Ttime: 1.4317 Vtime: 0.0508
Step: 24200000  Loss: 0.068737 Regul: 0.008748 Obj: 0.077485 (0.054229)  NNZ: 9 (7)  Ttime: 1.4186 Vtime: 0.0516
Step: 24300000  Loss: 0.078605 Regul: 0.006385 Obj: 0.084991 (0.054229)  NNZ: 12 (7)  Ttime: 1.4180 Vtime: 0.0511
Step: 24400000  Loss: 0.057312 Regul: 0.005392 Obj: 0.062703 (0.054229)  NNZ: 8 (7)  Ttime: 1.4191 Vtime: 0.0514
Step: 24500000  Loss: 0.058158 Regul: 0.004712 Obj: 0.062870 (0.054229)  NNZ: 8 (7)  Ttime: 1.4326 Vtime: 0.0520
Step: 24600000  Loss: 0.057930 Regul: 0.005426 Obj: 0.063356 (0.054229)  NNZ: 8 (7)  Ttime: 1.4278 Vtime: 0.0519
Step: 24700000  Loss: 0.071846 Regul: 0.011274 Obj: 0.083121 (0.054229)  NNZ: 12 (7)  Ttime: 1.4213 Vtime: 0.0515
Step: 24800000  Loss: 0.098091 Regul: 0.013323 Obj: 0.111413 (0.054229)  NNZ: 18 (7)  Ttime: 1.4265 Vtime: 0.0511
Step: 24900000  Loss: 0.070179 Regul: 0.004188 Obj: 0.074368 (0.054229)  NNZ: 3 (7)  Ttime: 1.4298 Vtime: 0.0520
Step: 25000000  Loss: 0.063096 Regul: 0.004224 Obj: 0.067319 (0.054229)  NNZ: 7 (7)  Ttime: 1.4306 Vtime: 0.0516
Step: 25100000  Loss: 0.066706 Regul: 0.008444 Obj: 0.075150 (0.054229)  NNZ: 13 (7)  Ttime: 1.4235 Vtime: 0.0518
Step: 25200000  Loss: 0.066225 Regul: 0.005417 Obj: 0.071643 (0.054229)  NNZ: 7 (7)  Ttime: 1.4193 Vtime: 0.0515
Step: 25300000  Loss: 0.062681 Regul: 0.003103 Obj: 0.065784 (0.054229)  NNZ: 5 (7)  Ttime: 1.4286 Vtime: 0.0523
Step: 25400000  Loss: 0.059696 Regul: 0.005154 Obj: 0.064850 (0.054229)  NNZ: 7 (7)  Ttime: 1.4313 Vtime: 0.0511
Step: 25500000  Loss: 0.059076 Regul: 0.005602 Obj: 0.064678 (0.054229)  NNZ: 7 (7)  Ttime: 1.4218 Vtime: 0.0507
Step: 25600000  Loss: 0.072105 Regul: 0.010507 Obj: 0.082612 (0.054229)  NNZ: 10 (7)  Ttime: 1.4209 Vtime: 0.0515
Step: 25700000  Loss: 0.071449 Regul: 0.005145 Obj: 0.076594 (0.054229)  NNZ: 8 (7)  Ttime: 1.4327 Vtime: 0.0518
Step: 25800000  Loss: 0.089823 Regul: 0.007731 Obj: 0.097554 (0.054229)  NNZ: 7 (7)  Ttime: 1.4341 Vtime: 0.0519
Step: 25900000  Loss: 0.088950 Regul: 0.005925 Obj: 0.094875 (0.054229)  NNZ: 8 (7)  Ttime: 1.4343 Vtime: 0.0508
Step: 26000000  Loss: 0.052674 Regul: 0.005264 Obj: 0.057938 (0.054229)  NNZ: 8 (7)  Ttime: 1.4309 Vtime: 0.0515
Step: 26100000  Loss: 0.055704 Regul: 0.005432 Obj: 0.061136 (0.054229)  NNZ: 8 (7)  Ttime: 1.4271 Vtime: 0.0513
Step: 26200000  Loss: 0.089595 Regul: 0.004062 Obj: 0.093658 (0.054229)  NNZ: 8 (7)  Ttime: 1.4277 Vtime: 0.0519
Step: 26300000  Loss: 0.075765 Regul: 0.006364 Obj: 0.082128 (0.054229)  NNZ: 7 (7)  Ttime: 1.4241 Vtime: 0.0517
Step: 26400000  Loss: 0.078669 Regul: 0.008918 Obj: 0.087588 (0.054229)  NNZ: 18 (7)  Ttime: 1.4220 Vtime: 0.0517
Step: 26500000  Loss: 0.062616 Regul: 0.005370 Obj: 0.067986 (0.054229)  NNZ: 9 (7)  Ttime: 1.4260 Vtime: 0.0515
Step: 26600000  Loss: 0.068937 Regul: 0.006351 Obj: 0.075289 (0.054229)  NNZ: 7 (7)  Ttime: 1.4286 Vtime: 0.0516
Step: 26700000  Loss: 0.069518 Regul: 0.003038 Obj: 0.072557 (0.054229)  NNZ: 4 (7)  Ttime: 1.4284 Vtime: 0.0513
Step: 26800000  Loss: 0.082076 Regul: 0.009661 Obj: 0.091737 (0.054229)  NNZ: 18 (7)  Ttime: 1.4194 Vtime: 0.0516
Step: 26900000  Loss: 0.075753 Regul: 0.006431 Obj: 0.082183 (0.054229)  NNZ: 10 (7)  Ttime: 1.4233 Vtime: 0.0512
Step: 27000000  Loss: 0.097996 Regul: 0.013230 Obj: 0.111226 (0.054229)  NNZ: 16 (7)  Ttime: 1.4281 Vtime: 0.0522
Step: 27100000  Loss: 0.065679 Regul: 0.009150 Obj: 0.074829 (0.054229)  NNZ: 14 (7)  Ttime: 1.4228 Vtime: 0.0517
Step: 27200000  Loss: 0.070431 Regul: 0.007069 Obj: 0.077500 (0.054229)  NNZ: 9 (7)  Ttime: 1.4210 Vtime: 0.0527
Step: 27300000  Loss: 0.074081 Regul: 0.011367 Obj: 0.085448 (0.054229)  NNZ: 11 (7)  Ttime: 1.4239 Vtime: 0.0509
Step: 27400000  Loss: 0.059615 Regul: 0.006359 Obj: 0.065974 (0.054229)  NNZ: 8 (7)  Ttime: 1.4282 Vtime: 0.0517
Step: 27500000  Loss: 0.074065 Regul: 0.008634 Obj: 0.082699 (0.054229)  NNZ: 11 (7)  Ttime: 1.4318 Vtime: 0.0518
Step: 27600000  Loss: 0.063997 Regul: 0.006311 Obj: 0.070308 (0.054229)  NNZ: 9 (7)  Ttime: 1.4262 Vtime: 0.0520
Step: 27700000  Loss: 0.058610 Regul: 0.004907 Obj: 0.063518 (0.054229)  NNZ: 6 (7)  Ttime: 1.4284 Vtime: 0.0523
Step: 27800000  Loss: 0.058303 Regul: 0.005780 Obj: 0.064083 (0.054229)  NNZ: 6 (7)  Ttime: 1.4270 Vtime: 0.0517
Step: 27900000  Loss: 0.055302 Regul: 0.005020 Obj: 0.060322 (0.054229)  NNZ: 7 (7)  Ttime: 1.4264 Vtime: 0.0514
Step: 28000000  Loss: 0.065791 Regul: 0.004556 Obj: 0.070347 (0.054229)  NNZ: 7 (7)  Ttime: 1.4313 Vtime: 0.0520
Step: 28100000  Loss: 0.058898 Regul: 0.006077 Obj: 0.064975 (0.054229)  NNZ: 11 (7)  Ttime: 1.4206 Vtime: 0.0513
Step: 28200000  Loss: 0.072639 Regul: 0.007336 Obj: 0.079975 (0.054229)  NNZ: 9 (7)  Ttime: 1.4291 Vtime: 0.0524
Step: 28300000  Loss: 0.075664 Regul: 0.011005 Obj: 0.086669 (0.054229)  NNZ: 12 (7)  Ttime: 1.4327 Vtime: 0.0511
Step: 28400000  Loss: 0.075059 Regul: 0.007997 Obj: 0.083056 (0.054229)  NNZ: 11 (7)  Ttime: 1.4293 Vtime: 0.0516
Step: 28500000  Loss: 0.077070 Regul: 0.006488 Obj: 0.083558 (0.054229)  NNZ: 6 (7)  Ttime: 1.4213 Vtime: 0.0514
Step: 28600000  Loss: 0.066554 Regul: 0.002122 Obj: 0.068675 (0.054229)  NNZ: 6 (7)  Ttime: 1.4249 Vtime: 0.0519
Step: 28700000  Loss: 0.057989 Regul: 0.005769 Obj: 0.063758 (0.054229)  NNZ: 7 (7)  Ttime: 1.4323 Vtime: 0.0516
Step: 28800000  Loss: 0.072618 Regul: 0.003553 Obj: 0.076172 (0.054229)  NNZ: 6 (7)  Ttime: 1.4233 Vtime: 0.0513
Step: 28900000  Loss: 0.058480 Regul: 0.006063 Obj: 0.064543 (0.054229)  NNZ: 9 (7)  Ttime: 1.4144 Vtime: 0.0516
Step: 29000000  Loss: 0.059966 Regul: 0.006134 Obj: 0.066100 (0.054229)  NNZ: 8 (7)  Ttime: 1.4251 Vtime: 0.0517
Step: 29100000  Loss: 0.071388 Regul: 0.005978 Obj: 0.077366 (0.054229)  NNZ: 7 (7)  Ttime: 1.4304 Vtime: 0.0525
Step: 29200000  Loss: 0.056358 Regul: 0.007451 Obj: 0.063809 (0.054229)  NNZ: 13 (7)  Ttime: 1.4280 Vtime: 0.0511
Step: 29300000  Loss: 0.069363 Regul: 0.004202 Obj: 0.073565 (0.054229)  NNZ: 7 (7)  Ttime: 1.4180 Vtime: 0.0510
Step: 29400000  Loss: 0.102632 Regul: 0.004293 Obj: 0.106925 (0.054229)  NNZ: 6 (7)  Ttime: 1.4294 Vtime: 0.0517
Step: 29500000  Loss: 0.058288 Regul: 0.004580 Obj: 0.062868 (0.054229)  NNZ: 8 (7)  Ttime: 1.4385 Vtime: 0.0509
Step: 29600000  Loss: 0.063294 Regul: 0.006202 Obj: 0.069496 (0.054229)  NNZ: 8 (7)  Ttime: 1.4251 Vtime: 0.0513
Step: 29700000  Loss: 0.053622 Regul: 0.004637 Obj: 0.058259 (0.054229)  NNZ: 6 (7)  Ttime: 1.4202 Vtime: 0.0511
Step: 29800000  Loss: 0.060957 Regul: 0.005936 Obj: 0.066894 (0.054229)  NNZ: 11 (7)  Ttime: 1.4232 Vtime: 0.0516
Step: 29900000  Loss: 0.063314 Regul: 0.008032 Obj: 0.071347 (0.054229)  NNZ: 14 (7)  Ttime: 1.4306 Vtime: 0.0513
Step: 30000000  Loss: 0.063477 Regul: 0.007417 Obj: 0.070893 (0.054229)  NNZ: 10 (7)  Ttime: 1.4310 Vtime: 0.0517
Step: 30100000  Loss: 0.063334 Regul: 0.007369 Obj: 0.070704 (0.054229)  NNZ: 8 (7)  Ttime: 1.4326 Vtime: 0.0517
Step: 30200000  Loss: 0.061291 Regul: 0.005713 Obj: 0.067004 (0.054229)  NNZ: 9 (7)  Ttime: 1.4197 Vtime: 0.0526
Step: 30300000  Loss: 0.065059 Regul: 0.009595 Obj: 0.074653 (0.054229)  NNZ: 14 (7)  Ttime: 1.4256 Vtime: 0.0515
Step: 30400000  Loss: 0.063771 Regul: 0.005544 Obj: 0.069315 (0.054229)  NNZ: 10 (7)  Ttime: 1.4300 Vtime: 0.0512
Step: 30500000  Loss: 0.070795 Regul: 0.006361 Obj: 0.077156 (0.054229)  NNZ: 9 (7)  Ttime: 1.4306 Vtime: 0.0510
Step: 30600000  Loss: 0.061584 Regul: 0.005222 Obj: 0.066806 (0.054229)  NNZ: 10 (7)  Ttime: 1.4342 Vtime: 0.0516
Step: 30700000  Loss: 0.074722 Regul: 0.003981 Obj: 0.078703 (0.054229)  NNZ: 6 (7)  Ttime: 1.4269 Vtime: 0.0514
Step: 30800000  Loss: 0.053331 Regul: 0.005146 Obj: 0.058478 (0.054229)  NNZ: 6 (7)  Ttime: 1.4336 Vtime: 0.0510
Step: 30900000  Loss: 0.063190 Regul: 0.009155 Obj: 0.072346 (0.054229)  NNZ: 11 (7)  Ttime: 1.4250 Vtime: 0.0524
Step: 31000000  Loss: 0.065486 Regul: 0.007415 Obj: 0.072900 (0.054229)  NNZ: 11 (7)  Ttime: 1.4228 Vtime: 0.0517
Step: 31100000  Loss: 0.054725 Regul: 0.004327 Obj: 0.059053 (0.054229)  NNZ: 7 (7)  Ttime: 1.4245 Vtime: 0.0511
Step: 31200000  Loss: 0.073489 Regul: 0.003732 Obj: 0.077220 (0.054229)  NNZ: 5 (7)  Ttime: 1.4379 Vtime: 0.0508
Step: 31300000  Loss: 0.059025 Regul: 0.005725 Obj: 0.064751 (0.054229)  NNZ: 8 (7)  Ttime: 1.4262 Vtime: 0.0519
Step: 31400000  Loss: 0.086050 Regul: 0.011853 Obj: 0.097903 (0.054229)  NNZ: 13 (7)  Ttime: 1.4227 Vtime: 0.0516
Step: 31500000  Loss: 0.068707 Regul: 0.004603 Obj: 0.073310 (0.054229)  NNZ: 8 (7)  Ttime: 1.4209 Vtime: 0.0512
Step: 31600000  Loss: 0.068982 Regul: 0.007805 Obj: 0.076787 (0.054229)  NNZ: 9 (7)  Ttime: 1.4293 Vtime: 0.0505
Step: 31700000  Loss: 0.060226 Regul: 0.005060 Obj: 0.065286 (0.054229)  NNZ: 9 (7)  Ttime: 1.4359 Vtime: 0.0518
Step: 31800000  Loss: 0.085771 Regul: 0.014415 Obj: 0.100186 (0.054229)  NNZ: 14 (7)  Ttime: 1.4214 Vtime: 0.0517
Step: 31900000  Loss: 0.056070 Regul: 0.003628 Obj: 0.059698 (0.054229)  NNZ: 6 (7)  Ttime: 1.4295 Vtime: 0.0518
Step: 32000000  Loss: 0.110814 Regul: 0.010310 Obj: 0.121124 (0.054229)  NNZ: 12 (7)  Ttime: 1.4277 Vtime: 0.0511
Step: 32100000  Loss: 0.052765 Regul: 0.004655 Obj: 0.057420 (0.054229)  NNZ: 9 (7)  Ttime: 1.4236 Vtime: 0.0521
Step: 32200000  Loss: 0.063220 Regul: 0.007542 Obj: 0.070762 (0.054229)  NNZ: 11 (7)  Ttime: 1.4176 Vtime: 0.0513
Step: 32300000  Loss: 0.054217 Regul: 0.005848 Obj: 0.060066 (0.054229)  NNZ: 12 (7)  Ttime: 1.4252 Vtime: 0.0515
Step: 32400000  Loss: 0.058456 Regul: 0.006899 Obj: 0.065355 (0.054229)  NNZ: 9 (7)  Ttime: 1.4327 Vtime: 0.0513
Step: 32500000  Loss: 0.056962 Regul: 0.006377 Obj: 0.063339 (0.054229)  NNZ: 8 (7)  Ttime: 1.4269 Vtime: 0.0506
Step: 32600000  Loss: 0.062368 Regul: 0.003574 Obj: 0.065942 (0.054229)  NNZ: 8 (7)  Ttime: 1.4235 Vtime: 0.0516
Step: 32700000  Loss: 0.057480 Regul: 0.005083 Obj: 0.062563 (0.054229)  NNZ: 6 (7)  Ttime: 1.4286 Vtime: 0.0519
Step: 32800000  Loss: 0.052761 Regul: 0.005112 Obj: 0.057873 (0.054229)  NNZ: 8 (7)  Ttime: 1.4268 Vtime: 0.0514
Step: 32900000  Loss: 0.055631 Regul: 0.004006 Obj: 0.059637 (0.054229)  NNZ: 7 (7)  Ttime: 1.4306 Vtime: 0.0515
Step: 33000000  Loss: 0.062853 Regul: 0.002579 Obj: 0.065432 (0.054229)  NNZ: 7 (7)  Ttime: 1.4311 Vtime: 0.0514
Step: 33100000  Loss: 0.073517 Regul: 0.010620 Obj: 0.084138 (0.054229)  NNZ: 18 (7)  Ttime: 1.4295 Vtime: 0.0514
Step: 33200000  Loss: 0.069013 Regul: 0.008167 Obj: 0.077180 (0.054229)  NNZ: 16 (7)  Ttime: 1.4307 Vtime: 0.0514
Step: 33300000  Loss: 0.072776 Regul: 0.004335 Obj: 0.077110 (0.054229)  NNZ: 8 (7)  Ttime: 1.4389 Vtime: 0.0513
Step: 33400000  Loss: 0.081965 Regul: 0.008779 Obj: 0.090745 (0.054229)  NNZ: 14 (7)  Ttime: 1.4288 Vtime: 0.0512
Step: 33500000  Loss: 0.067562 Regul: 0.003878 Obj: 0.071440 (0.054229)  NNZ: 7 (7)  Ttime: 1.4229 Vtime: 0.0516
Step: 33600000  Loss: 0.077116 Regul: 0.008853 Obj: 0.085969 (0.054229)  NNZ: 10 (7)  Ttime: 1.4298 Vtime: 0.0517
Step: 33700000  Loss: 0.169928 Regul: 0.006752 Obj: 0.176680 (0.054229)  NNZ: 7 (7)  Ttime: 1.4323 Vtime: 0.0519
Step: 33800000  Loss: 0.093290 Regul: 0.010992 Obj: 0.104282 (0.054229)  NNZ: 14 (7)  Ttime: 1.4250 Vtime: 0.0513
Step: 33900000  Loss: 0.072025 Regul: 0.006791 Obj: 0.078815 (0.054229)  NNZ: 7 (7)  Ttime: 1.4167 Vtime: 0.0510
Step: 34000000  Loss: 0.083396 Regul: 0.012817 Obj: 0.096214 (0.054229)  NNZ: 16 (7)  Ttime: 1.4211 Vtime: 0.0521
Step: 34100000  Loss: 0.078443 Regul: 0.009337 Obj: 0.087780 (0.054229)  NNZ: 12 (7)  Ttime: 1.4275 Vtime: 0.0511
Step: 34200000  Loss: 0.068397 Regul: 0.007184 Obj: 0.075581 (0.054229)  NNZ: 8 (7)  Ttime: 1.4302 Vtime: 0.0513
Step: 34300000  Loss: 0.132199 Regul: 0.014962 Obj: 0.147162 (0.054229)  NNZ: 16 (7)  Ttime: 1.4200 Vtime: 0.0511
Step: 34400000  Loss: 0.081592 Regul: 0.009487 Obj: 0.091080 (0.054229)  NNZ: 10 (7)  Ttime: 1.4270 Vtime: 0.0516
Step: 34500000  Loss: 0.071498 Regul: 0.009530 Obj: 0.081028 (0.054229)  NNZ: 10 (7)  Ttime: 1.4265 Vtime: 0.0517
Step: 34600000  Loss: 0.071433 Regul: 0.008518 Obj: 0.079951 (0.054229)  NNZ: 10 (7)  Ttime: 1.4317 Vtime: 0.0518
Step: 34700000  Loss: 0.075920 Regul: 0.010731 Obj: 0.086651 (0.054229)  NNZ: 12 (7)  Ttime: 1.4211 Vtime: 0.0518
Step: 34800000  Loss: 0.140917 Regul: 0.008894 Obj: 0.149811 (0.054229)  NNZ: 9 (7)  Ttime: 1.4238 Vtime: 0.0512
Step: 34900000  Loss: 0.077893 Regul: 0.010103 Obj: 0.087996 (0.054229)  NNZ: 10 (7)  Ttime: 1.4261 Vtime: 0.0512
Step: 35000000  Loss: 0.062185 Regul: 0.005497 Obj: 0.067681 (0.054229)  NNZ: 6 (7)  Ttime: 1.4244 Vtime: 0.0516
Step: 35100000  Loss: 0.065406 Regul: 0.008115 Obj: 0.073521 (0.054229)  NNZ: 10 (7)  Ttime: 1.4242 Vtime: 0.0517
Step: 35200000  Loss: 0.147336 Regul: 0.018044 Obj: 0.165380 (0.054229)  NNZ: 15 (7)  Ttime: 1.4247 Vtime: 0.0512
Step: 35300000  Loss: 0.065736 Regul: 0.008705 Obj: 0.074441 (0.054229)  NNZ: 12 (7)  Ttime: 1.4254 Vtime: 0.0522
Step: 35400000  Loss: 0.068471 Regul: 0.007529 Obj: 0.076000 (0.054229)  NNZ: 8 (7)  Ttime: 1.4292 Vtime: 0.0515
Step: 35500000  Loss: 0.064020 Regul: 0.004689 Obj: 0.068709 (0.054229)  NNZ: 9 (7)  Ttime: 1.4306 Vtime: 0.0511
Step: 35600000  Loss: 0.085866 Regul: 0.012649 Obj: 0.098515 (0.054229)  NNZ: 12 (7)  Ttime: 1.4255 Vtime: 0.0513
Step: 35700000  Loss: 0.064292 Regul: 0.009186 Obj: 0.073478 (0.054229)  NNZ: 10 (7)  Ttime: 1.4254 Vtime: 0.0518
Step: 35800000  Loss: 0.062675 Regul: 0.009283 Obj: 0.071958 (0.054229)  NNZ: 10 (7)  Ttime: 1.4278 Vtime: 0.0513
Step: 35900000  Loss: 0.073482 Regul: 0.011088 Obj: 0.084569 (0.054229)  NNZ: 16 (7)  Ttime: 1.4305 Vtime: 0.0511
Step: 36000000  Loss: 0.057490 Regul: 0.007130 Obj: 0.064620 (0.054229)  NNZ: 11 (7)  Ttime: 1.4222 Vtime: 0.0510
Step: 36100000  Loss: 0.082859 Regul: 0.009709 Obj: 0.092568 (0.054229)  NNZ: 10 (7)  Ttime: 1.4296 Vtime: 0.0513
Step: 36200000  Loss: 0.074352 Regul: 0.009935 Obj: 0.084288 (0.054229)  NNZ: 12 (7)  Ttime: 1.4301 Vtime: 0.0514
Step: 36300000  Loss: 0.137082 Regul: 0.007853 Obj: 0.144935 (0.054229)  NNZ: 10 (7)  Ttime: 1.4285 Vtime: 0.0514
Step: 36400000  Loss: 0.058736 Regul: 0.007208 Obj: 0.065944 (0.054229)  NNZ: 7 (7)  Ttime: 1.4194 Vtime: 0.0513
Step: 36500000  Loss: 0.070577 Regul: 0.007323 Obj: 0.077900 (0.054229)  NNZ: 9 (7)  Ttime: 1.4234 Vtime: 0.0518
Step: 36600000  Loss: 0.065827 Regul: 0.009357 Obj: 0.075184 (0.054229)  NNZ: 10 (7)  Ttime: 1.4316 Vtime: 0.0513
Step: 36700000  Loss: 0.063344 Regul: 0.008060 Obj: 0.071404 (0.054229)  NNZ: 11 (7)  Ttime: 1.4292 Vtime: 0.0522
Step: 36800000  Loss: 0.058493 Regul: 0.007173 Obj: 0.065666 (0.054229)  NNZ: 8 (7)  Ttime: 1.4203 Vtime: 0.0518
Step: 36900000  Loss: 0.063302 Regul: 0.005845 Obj: 0.069147 (0.054229)  NNZ: 10 (7)  Ttime: 1.4236 Vtime: 0.0517
Step: 37000000  Loss: 0.083063 Regul: 0.011615 Obj: 0.094678 (0.054229)  NNZ: 10 (7)  Ttime: 1.4309 Vtime: 0.0521
Step: 37100000  Loss: 0.099157 Regul: 0.017666 Obj: 0.116823 (0.054229)  NNZ: 20 (7)  Ttime: 1.4276 Vtime: 0.0513
Step: 37200000  Loss: 0.062665 Regul: 0.006539 Obj: 0.069204 (0.054229)  NNZ: 7 (7)  Ttime: 1.4222 Vtime: 0.0511
Step: 37300000  Loss: 0.082456 Regul: 0.009861 Obj: 0.092317 (0.054229)  NNZ: 10 (7)  Ttime: 1.4213 Vtime: 0.0519
Step: 37400000  Loss: 0.074630 Regul: 0.009153 Obj: 0.083783 (0.054229)  NNZ: 9 (7)  Ttime: 1.4275 Vtime: 0.0514
Step: 37500000  Loss: 0.076477 Regul: 0.010665 Obj: 0.087142 (0.054229)  NNZ: 11 (7)  Ttime: 1.4212 Vtime: 0.0520
Step: 37600000  Loss: 0.069808 Regul: 0.006938 Obj: 0.076747 (0.054229)  NNZ: 8 (7)  Ttime: 1.4214 Vtime: 0.0507
Step: 37700000  Loss: 0.067693 Regul: 0.009982 Obj: 0.077675 (0.054229)  NNZ: 9 (7)  Ttime: 1.4165 Vtime: 0.0518
Step: 37800000  Loss: 0.087764 Regul: 0.011311 Obj: 0.099075 (0.054229)  NNZ: 12 (7)  Ttime: 1.4210 Vtime: 0.0521
Step: 37900000  Loss: 0.074864 Regul: 0.008267 Obj: 0.083131 (0.054229)  NNZ: 11 (7)  Ttime: 1.4296 Vtime: 0.0513
Step: 38000000  Loss: 0.078288 Regul: 0.008455 Obj: 0.086742 (0.054229)  NNZ: 11 (7)  Ttime: 1.4261 Vtime: 0.0509
Step: 38100000  Loss: 0.061821 Regul: 0.008079 Obj: 0.069900 (0.054229)  NNZ: 9 (7)  Ttime: 1.4165 Vtime: 0.0514
Step: 38200000  Loss: 0.063063 Regul: 0.008169 Obj: 0.071231 (0.054229)  NNZ: 8 (7)  Ttime: 1.4290 Vtime: 0.0523
Step: 38300000  Loss: 0.052939 Regul: 0.005110 Obj: 0.058049 (0.054229)  NNZ: 8 (7)  Ttime: 1.4316 Vtime: 0.0516
Step: 38400000  Loss: 0.060745 Regul: 0.007607 Obj: 0.068352 (0.054229)  NNZ: 7 (7)  Ttime: 1.4273 Vtime: 0.0516
Step: 38500000  Loss: 0.061791 Regul: 0.002854 Obj: 0.064645 (0.054229)  NNZ: 5 (7)  Ttime: 1.4207 Vtime: 0.0513
Step: 38600000  Loss: 0.060531 Regul: 0.007148 Obj: 0.067679 (0.054229)  NNZ: 14 (7)  Ttime: 1.4262 Vtime: 0.0513
Step: 38700000  Loss: 0.056125 Regul: 0.006877 Obj: 0.063002 (0.054229)  NNZ: 10 (7)  Ttime: 1.4328 Vtime: 0.0517
Step: 38800000  Loss: 0.081191 Regul: 0.011838 Obj: 0.093029 (0.054229)  NNZ: 13 (7)  Ttime: 1.4293 Vtime: 0.0515
Step: 38900000  Loss: 0.074123 Regul: 0.010154 Obj: 0.084277 (0.054229)  NNZ: 10 (7)  Ttime: 1.4209 Vtime: 0.0515
Step: 39000000  Loss: 0.068318 Regul: 0.004590 Obj: 0.072908 (0.054229)  NNZ: 7 (7)  Ttime: 1.4236 Vtime: 0.0517
Step: 39100000  Loss: 0.076041 Regul: 0.010332 Obj: 0.086373 (0.054229)  NNZ: 15 (7)  Ttime: 1.4329 Vtime: 0.0522
Step: 39200000  Loss: 0.078222 Regul: 0.010063 Obj: 0.088286 (0.054229)  NNZ: 8 (7)  Ttime: 1.4271 Vtime: 0.0515
Step: 39300000  Loss: 0.074020 Regul: 0.004482 Obj: 0.078502 (0.054229)  NNZ: 7 (7)  Ttime: 1.4204 Vtime: 0.0514
Step: 39400000  Loss: 0.063031 Regul: 0.008347 Obj: 0.071378 (0.054229)  NNZ: 16 (7)  Ttime: 1.4285 Vtime: 0.0514
Step: 39500000  Loss: 0.064463 Regul: 0.006174 Obj: 0.070637 (0.054229)  NNZ: 10 (7)  Ttime: 1.4264 Vtime: 0.0511
Step: 39600000  Loss: 0.086670 Regul: 0.013997 Obj: 0.100666 (0.054229)  NNZ: 13 (7)  Ttime: 1.4269 Vtime: 0.0508
Step: 39700000  Loss: 0.060921 Regul: 0.005122 Obj: 0.066043 (0.054229)  NNZ: 10 (7)  Ttime: 1.4231 Vtime: 0.0516
Step: 39800000  Loss: 0.065870 Regul: 0.008508 Obj: 0.074378 (0.054229)  NNZ: 12 (7)  Ttime: 1.4196 Vtime: 0.0512
Step: 39900000  Loss: 0.060461 Regul: 0.003296 Obj: 0.063756 (0.054229)  NNZ: 4 (7)  Ttime: 1.4278 Vtime: 0.0519
Step: 40000000  Loss: 0.071621 Regul: 0.009666 Obj: 0.081287 (0.054229)  NNZ: 12 (7)  Ttime: 1.4341 Vtime: 0.0508
Step: 40100000  Loss: 0.083983 Regul: 0.013267 Obj: 0.097250 (0.054229)  NNZ: 13 (7)  Ttime: 1.4253 Vtime: 0.0519
Step: 40200000  Loss: 0.084052 Regul: 0.015024 Obj: 0.099076 (0.054229)  NNZ: 15 (7)  Ttime: 1.4229 Vtime: 0.0512
Step: 40300000  Loss: 0.060704 Regul: 0.005908 Obj: 0.066612 (0.054229)  NNZ: 8 (7)  Ttime: 1.4280 Vtime: 0.0527
Step: 40400000  Loss: 0.058615 Regul: 0.006848 Obj: 0.065463 (0.054229)  NNZ: 8 (7)  Ttime: 1.4329 Vtime: 0.0516
Step: 40500000  Loss: 0.060492 Regul: 0.007893 Obj: 0.068385 (0.054229)  NNZ: 11 (7)  Ttime: 1.4315 Vtime: 0.0513
Step: 40600000  Loss: 0.057039 Regul: 0.005376 Obj: 0.062415 (0.054229)  NNZ: 8 (7)  Ttime: 1.4217 Vtime: 0.0506
Step: 40700000  Loss: 0.072162 Regul: 0.009490 Obj: 0.081651 (0.054229)  NNZ: 12 (7)  Ttime: 1.4274 Vtime: 0.0520
Step: 40800000  Loss: 0.055080 Regul: 0.007073 Obj: 0.062153 (0.054229)  NNZ: 17 (7)  Ttime: 1.4305 Vtime: 0.0511
Step: 40900000  Loss: 0.078751 Regul: 0.009021 Obj: 0.087772 (0.054229)  NNZ: 11 (7)  Ttime: 1.4231 Vtime: 0.0518
Step: 41000000  Loss: 0.078861 Regul: 0.008499 Obj: 0.087360 (0.054229)  NNZ: 11 (7)  Ttime: 1.4218 Vtime: 0.0515
Step: 41100000  Loss: 0.080734 Regul: 0.011143 Obj: 0.091877 (0.054229)  NNZ: 12 (7)  Ttime: 1.4295 Vtime: 0.0519
Step: 41200000  Loss: 0.076811 Regul: 0.009724 Obj: 0.086535 (0.054229)  NNZ: 9 (7)  Ttime: 1.4292 Vtime: 0.0513
Step: 41300000  Loss: 0.070821 Regul: 0.008479 Obj: 0.079300 (0.054229)  NNZ: 9 (7)  Ttime: 1.4285 Vtime: 0.0508
Step: 41400000  Loss: 0.065016 Regul: 0.006431 Obj: 0.071446 (0.054229)  NNZ: 8 (7)  Ttime: 1.4147 Vtime: 0.0515
Step: 41500000  Loss: 0.130078 Regul: 0.005415 Obj: 0.135493 (0.054229)  NNZ: 5 (7)  Ttime: 1.4256 Vtime: 0.0513
Step: 41600000  Loss: 0.094040 Regul: 0.012039 Obj: 0.106079 (0.054229)  NNZ: 11 (7)  Ttime: 1.4283 Vtime: 0.0511
Step: 41700000  Loss: 0.075856 Regul: 0.009351 Obj: 0.085206 (0.054229)  NNZ: 11 (7)  Ttime: 1.4289 Vtime: 0.0519
Step: 41800000  Loss: 0.062608 Regul: 0.007625 Obj: 0.070233 (0.054229)  NNZ: 10 (7)  Ttime: 1.4223 Vtime: 0.0513
Step: 41900000  Loss: 0.075389 Regul: 0.010808 Obj: 0.086197 (0.054229)  NNZ: 15 (7)  Ttime: 1.4228 Vtime: 0.0525
Step: 42000000  Loss: 0.079933 Regul: 0.007407 Obj: 0.087340 (0.054229)  NNZ: 8 (7)  Ttime: 1.4294 Vtime: 0.0515
Step: 42100000  Loss: 0.066805 Regul: 0.007156 Obj: 0.073960 (0.054229)  NNZ: 12 (7)  Ttime: 1.4253 Vtime: 0.0519
Step: 42200000  Loss: 0.084216 Regul: 0.011626 Obj: 0.095842 (0.054229)  NNZ: 17 (7)  Ttime: 1.4213 Vtime: 0.0515
Step: 42300000  Loss: 0.081798 Regul: 0.009565 Obj: 0.091363 (0.054229)  NNZ: 13 (7)  Ttime: 1.4210 Vtime: 0.0513
Step: 42400000  Loss: 0.061974 Regul: 0.008726 Obj: 0.070700 (0.054229)  NNZ: 10 (7)  Ttime: 1.4287 Vtime: 0.0520
Step: 42500000  Loss: 0.102126 Regul: 0.009009 Obj: 0.111135 (0.054229)  NNZ: 11 (7)  Ttime: 1.4249 Vtime: 0.0519
Step: 42600000  Loss: 0.097256 Regul: 0.015066 Obj: 0.112322 (0.054229)  NNZ: 21 (7)  Ttime: 1.4326 Vtime: 0.0523
Step: 42700000  Loss: 0.063300 Regul: 0.007524 Obj: 0.070825 (0.054229)  NNZ: 11 (7)  Ttime: 1.4241 Vtime: 0.0518
Step: 42800000  Loss: 0.073475 Regul: 0.011589 Obj: 0.085065 (0.054229)  NNZ: 11 (7)  Ttime: 1.4264 Vtime: 0.0520
Step: 42900000  Loss: 0.075834 Regul: 0.010239 Obj: 0.086073 (0.054229)  NNZ: 12 (7)  Ttime: 1.4353 Vtime: 0.0514
Step: 43000000  Loss: 0.068254 Regul: 0.009734 Obj: 0.077988 (0.054229)  NNZ: 13 (7)  Ttime: 1.4281 Vtime: 0.0516
Step: 43100000  Loss: 0.088302 Regul: 0.011401 Obj: 0.099703 (0.054229)  NNZ: 12 (7)  Ttime: 1.4198 Vtime: 0.0511
Step: 43200000  Loss: 0.072479 Regul: 0.012166 Obj: 0.084645 (0.054229)  NNZ: 20 (7)  Ttime: 1.4258 Vtime: 0.0519
Step: 43300000  Loss: 0.064075 Regul: 0.008787 Obj: 0.072862 (0.054229)  NNZ: 11 (7)  Ttime: 1.4294 Vtime: 0.0514
Step: 43400000  Loss: 0.059318 Regul: 0.007771 Obj: 0.067089 (0.054229)  NNZ: 8 (7)  Ttime: 1.4288 Vtime: 0.0509
Step: 43500000  Loss: 0.066249 Regul: 0.008777 Obj: 0.075025 (0.054229)  NNZ: 12 (7)  Ttime: 1.4223 Vtime: 0.0522
Step: 43600000  Loss: 0.069909 Regul: 0.009299 Obj: 0.079208 (0.054229)  NNZ: 10 (7)  Ttime: 1.4274 Vtime: 0.0520
Step: 43700000  Loss: 0.086950 Regul: 0.015269 Obj: 0.102219 (0.054229)  NNZ: 13 (7)  Ttime: 1.4366 Vtime: 0.0518
Step: 43800000  Loss: 0.066724 Regul: 0.007600 Obj: 0.074324 (0.054229)  NNZ: 10 (7)  Ttime: 1.4296 Vtime: 0.0518
Step: 43900000  Loss: 0.068311 Regul: 0.009509 Obj: 0.077820 (0.054229)  NNZ: 12 (7)  Ttime: 1.4168 Vtime: 0.0516
Step: 44000000  Loss: 0.087771 Regul: 0.010142 Obj: 0.097913 (0.054229)  NNZ: 11 (7)  Ttime: 1.4178 Vtime: 0.0520
Step: 44100000  Loss: 0.082109 Regul: 0.008550 Obj: 0.090659 (0.054229)  NNZ: 10 (7)  Ttime: 1.4248 Vtime: 0.0509
Step: 44200000  Loss: 0.081654 Regul: 0.014287 Obj: 0.095941 (0.054229)  NNZ: 18 (7)  Ttime: 1.4264 Vtime: 0.0511
Step: 44300000  Loss: 0.058755 Regul: 0.006311 Obj: 0.065066 (0.054229)  NNZ: 9 (7)  Ttime: 1.4279 Vtime: 0.0507
Step: 44400000  Loss: 0.103075 Regul: 0.016057 Obj: 0.119132 (0.054229)  NNZ: 15 (7)  Ttime: 1.4242 Vtime: 0.0518
Step: 44500000  Loss: 0.061597 Regul: 0.007158 Obj: 0.068755 (0.054229)  NNZ: 8 (7)  Ttime: 1.4262 Vtime: 0.0513
Step: 44600000  Loss: 0.059911 Regul: 0.005779 Obj: 0.065690 (0.054229)  NNZ: 11 (7)  Ttime: 1.4290 Vtime: 0.0517
Step: 44700000  Loss: 0.056426 Regul: 0.004048 Obj: 0.060474 (0.054229)  NNZ: 10 (7)  Ttime: 1.4233 Vtime: 0.0516
Step: 44800000  Loss: 0.113047 Regul: 0.013296 Obj: 0.126343 (0.054229)  NNZ: 19 (7)  Ttime: 1.4200 Vtime: 0.0513
Step: 44900000  Loss: 0.065398 Regul: 0.010369 Obj: 0.075766 (0.054229)  NNZ: 16 (7)  Ttime: 1.4222 Vtime: 0.0514
Step: 45000000  Loss: 0.057325 Regul: 0.007063 Obj: 0.064388 (0.054229)  NNZ: 10 (7)  Ttime: 1.4253 Vtime: 0.0523
Step: 45100000  Loss: 0.063863 Regul: 0.006104 Obj: 0.069966 (0.054229)  NNZ: 8 (7)  Ttime: 1.4257 Vtime: 0.0519
Step: 45200000  Loss: 0.070438 Regul: 0.011028 Obj: 0.081466 (0.054229)  NNZ: 12 (7)  Ttime: 1.4224 Vtime: 0.0516
Step: 45300000  Loss: 0.109254 Regul: 0.018403 Obj: 0.127658 (0.054229)  NNZ: 23 (7)  Ttime: 1.4254 Vtime: 0.0515
Step: 45400000  Loss: 0.082865 Regul: 0.013831 Obj: 0.096695 (0.054229)  NNZ: 18 (7)  Ttime: 1.4333 Vtime: 0.0514
Step: 45500000  Loss: 0.083206 Regul: 0.009500 Obj: 0.092706 (0.054229)  NNZ: 13 (7)  Ttime: 1.4242 Vtime: 0.0511
Step: 45600000  Loss: 0.061991 Regul: 0.008970 Obj: 0.070961 (0.054229)  NNZ: 16 (7)  Ttime: 1.4268 Vtime: 0.0511
Step: 45700000  Loss: 0.092640 Regul: 0.011396 Obj: 0.104037 (0.054229)  NNZ: 14 (7)  Ttime: 1.4319 Vtime: 0.0510
Step: 45800000  Loss: 0.107116 Regul: 0.011526 Obj: 0.118642 (0.054229)  NNZ: 15 (7)  Ttime: 1.4321 Vtime: 0.0511
Step: 45900000  Loss: 0.091590 Regul: 0.009155 Obj: 0.100746 (0.054229)  NNZ: 17 (7)  Ttime: 1.4246 Vtime: 0.0518
Step: 46000000  Loss: 0.262782 Regul: 0.008362 Obj: 0.271144 (0.054229)  NNZ: 8 (7)  Ttime: 1.4128 Vtime: 0.0510
Step: 46100000  Loss: 0.102792 Regul: 0.007292 Obj: 0.110084 (0.054229)  NNZ: 9 (7)  Ttime: 1.4201 Vtime: 0.0511
Step: 46200000  Loss: 0.077364 Regul: 0.009563 Obj: 0.086927 (0.054229)  NNZ: 15 (7)  Ttime: 1.4266 Vtime: 0.0514
Step: 46300000  Loss: 0.072237 Regul: 0.009663 Obj: 0.081900 (0.054229)  NNZ: 13 (7)  Ttime: 1.4271 Vtime: 0.0515
Step: 46400000  Loss: 0.063455 Regul: 0.005325 Obj: 0.068779 (0.054229)  NNZ: 8 (7)  Ttime: 1.4210 Vtime: 0.0516
Step: 46500000  Loss: 0.075354 Regul: 0.011023 Obj: 0.086377 (0.054229)  NNZ: 19 (7)  Ttime: 1.4216 Vtime: 0.0511
Step: 46600000  Loss: 0.065129 Regul: 0.008184 Obj: 0.073312 (0.054229)  NNZ: 13 (7)  Ttime: 1.4326 Vtime: 0.0517
Step: 46700000  Loss: 0.078192 Regul: 0.011301 Obj: 0.089493 (0.054229)  NNZ: 14 (7)  Ttime: 1.4292 Vtime: 0.0521
Step: 46800000  Loss: 0.055492 Regul: 0.006985 Obj: 0.062477 (0.054229)  NNZ: 10 (7)  Ttime: 1.4222 Vtime: 0.0517
Step: 46900000  Loss: 0.074144 Regul: 0.007175 Obj: 0.081319 (0.054229)  NNZ: 13 (7)  Ttime: 1.4270 Vtime: 0.0514
Step: 47000000  Loss: 0.074708 Regul: 0.013560 Obj: 0.088268 (0.054229)  NNZ: 15 (7)  Ttime: 1.4288 Vtime: 0.0512
Step: 47100000  Loss: 0.104408 Regul: 0.020610 Obj: 0.125019 (0.054229)  NNZ: 25 (7)  Ttime: 1.4273 Vtime: 0.0514
Step: 47200000  Loss: 0.079956 Regul: 0.012305 Obj: 0.092260 (0.054229)  NNZ: 13 (7)  Ttime: 1.4252 Vtime: 0.0509
Step: 47300000  Loss: 0.086464 Regul: 0.013801 Obj: 0.100265 (0.054229)  NNZ: 17 (7)  Ttime: 1.4212 Vtime: 0.0517
Step: 47400000  Loss: 0.066645 Regul: 0.008359 Obj: 0.075004 (0.054229)  NNZ: 12 (7)  Ttime: 1.4271 Vtime: 0.0519
Step: 47500000  Loss: 0.055848 Regul: 0.002805 Obj: 0.058653 (0.054229)  NNZ: 5 (7)  Ttime: 1.4281 Vtime: 0.0517
Step: 47600000  Loss: 0.074165 Regul: 0.009595 Obj: 0.083760 (0.054229)  NNZ: 12 (7)  Ttime: 1.4247 Vtime: 0.0520
Step: 47700000  Loss: 0.093225 Regul: 0.015481 Obj: 0.108706 (0.054229)  NNZ: 20 (7)  Ttime: 1.4159 Vtime: 0.0513
Step: 47800000  Loss: 0.137092 Regul: 0.010952 Obj: 0.148044 (0.054229)  NNZ: 12 (7)  Ttime: 1.4259 Vtime: 0.0520
Step: 47900000  Loss: 0.069257 Regul: 0.009778 Obj: 0.079035 (0.054229)  NNZ: 11 (7)  Ttime: 1.4309 Vtime: 0.0508
Step: 48000000  Loss: 0.057935 Regul: 0.006604 Obj: 0.064539 (0.054229)  NNZ: 13 (7)  Ttime: 1.4300 Vtime: 0.0517
Step: 48100000  Loss: 0.083640 Regul: 0.008557 Obj: 0.092197 (0.054229)  NNZ: 12 (7)  Ttime: 1.4218 Vtime: 0.0515
Step: 48200000  Loss: 0.059897 Regul: 0.004929 Obj: 0.064826 (0.054229)  NNZ: 9 (7)  Ttime: 1.4231 Vtime: 0.0524
Step: 48300000  Loss: 0.067355 Regul: 0.008022 Obj: 0.075377 (0.054229)  NNZ: 12 (7)  Ttime: 1.4353 Vtime: 0.0519
Step: 48400000  Loss: 0.066657 Regul: 0.009512 Obj: 0.076169 (0.054229)  NNZ: 13 (7)  Ttime: 1.4310 Vtime: 0.0516
Step: 48500000  Loss: 0.084178 Regul: 0.010056 Obj: 0.094235 (0.054229)  NNZ: 18 (7)  Ttime: 1.4224 Vtime: 0.0507
Step: 48600000  Loss: 0.068015 Regul: 0.007244 Obj: 0.075259 (0.054229)  NNZ: 8 (7)  Ttime: 1.4297 Vtime: 0.0509
Step: 48700000  Loss: 0.062973 Regul: 0.005601 Obj: 0.068574 (0.054229)  NNZ: 11 (7)  Ttime: 1.4299 Vtime: 0.0517
Step: 48800000  Loss: 0.074289 Regul: 0.011367 Obj: 0.085656 (0.054229)  NNZ: 14 (7)  Ttime: 1.4300 Vtime: 0.0515
Step: 48900000  Loss: 0.081129 Regul: 0.007974 Obj: 0.089102 (0.054229)  NNZ: 11 (7)  Ttime: 1.4197 Vtime: 0.0525
Step: 49000000  Loss: 0.069364 Regul: 0.008613 Obj: 0.077977 (0.054229)  NNZ: 15 (7)  Ttime: 1.4211 Vtime: 0.0515
Step: 49100000  Loss: 0.072571 Regul: 0.007271 Obj: 0.079841 (0.054229)  NNZ: 11 (7)  Ttime: 1.4293 Vtime: 0.0512
Step: 49200000  Loss: 0.070120 Regul: 0.010691 Obj: 0.080810 (0.054229)  NNZ: 16 (7)  Ttime: 1.4230 Vtime: 0.0518
Step: 49300000  Loss: 0.079813 Regul: 0.010291 Obj: 0.090104 (0.054229)  NNZ: 11 (7)  Ttime: 1.4226 Vtime: 0.0512
Step: 49400000  Loss: 0.078591 Regul: 0.008274 Obj: 0.086865 (0.054229)  NNZ: 11 (7)  Ttime: 1.4253 Vtime: 0.0521
Step: 49500000  Loss: 0.063787 Regul: 0.009705 Obj: 0.073492 (0.054229)  NNZ: 12 (7)  Ttime: 1.4285 Vtime: 0.0512
Step: 49600000  Loss: 0.089901 Regul: 0.015217 Obj: 0.105118 (0.054229)  NNZ: 19 (7)  Ttime: 1.4301 Vtime: 0.0514
Step: 49700000  Loss: 0.069684 Regul: 0.009421 Obj: 0.079106 (0.054229)  NNZ: 13 (7)  Ttime: 1.4250 Vtime: 0.0519
Step: 49800000  Loss: 0.066749 Regul: 0.010879 Obj: 0.077628 (0.054229)  NNZ: 15 (7)  Ttime: 1.4220 Vtime: 0.0519
Step: 49900000  Loss: 0.072572 Regul: 0.003508 Obj: 0.076081 (0.054229)  NNZ: 7 (7)  Ttime: 1.4252 Vtime: 0.0505
Step: 50000000  Loss: 0.088227 Regul: 0.010742 Obj: 0.098969 (0.054229)  NNZ: 9 (7)  Ttime: 1.4293 Vtime: 0.0513
