mu: 0.025 gamma: 0.1 nIters: 50000000
Load PRParams.
Load RingParams.
Load Labels: 500000
Load Distances: 500000 x 5120
0...10...20...30...40...50...60...70...80...90...100 - done.
Positive samples #250000
Negative samples #250000
Positive train #200000
Negative train #200000
Positive valid #50000
Negative valid #50000

Found GPU: GeForce GTX 970
Compute Capability: 5.2

Best: 100000  Loss: 0.104892 Regul: 0.025366 Obj: 0.130258 (0.130258)  NNZ: 7 (7)  Ttime: 1.3883 Vtime: 0.2496
Stat: nPR #52 (#56) Dim/MaxDim [416/640] AUC: 0.973417 FPR95: 14.26 [saved]
Step: 200000  Loss: 0.205433 Regul: 0.065735 Obj: 0.271168 (0.130258)  NNZ: 10 (7)  Ttime: 1.4330 Vtime: 0.0514
Step: 300000  Loss: 0.117662 Regul: 0.043514 Obj: 0.161176 (0.130258)  NNZ: 11 (7)  Ttime: 1.3847 Vtime: 0.0511
Best: 400000  Loss: 0.065730 Regul: 0.023272 Obj: 0.089002 (0.089002)  NNZ: 10 (10)  Ttime: 1.3851 Vtime: 0.0521
Stat: nPR #64 (#80) Dim/MaxDim [512/640] AUC: 0.980992 FPR95: 7.84 [saved]
Step: 500000  Loss: 0.078622 Regul: 0.022122 Obj: 0.100744 (0.089002)  NNZ: 7 (10)  Ttime: 1.3863 Vtime: 0.0512
Step: 600000  Loss: 0.100978 Regul: 0.031276 Obj: 0.132254 (0.089002)  NNZ: 12 (10)  Ttime: 1.3866 Vtime: 0.0507
Best: 700000  Loss: 0.068578 Regul: 0.017182 Obj: 0.085760 (0.085760)  NNZ: 10 (10)  Ttime: 1.3857 Vtime: 0.0517
Stat: nPR #56 (#80) Dim/MaxDim [448/640] AUC: 0.977736 FPR95: 11.12 [saved]
Best: 800000  Loss: 0.057182 Regul: 0.015116 Obj: 0.072298 (0.072298)  NNZ: 7 (7)  Ttime: 1.3875 Vtime: 0.0513
Stat: nPR #48 (#56) Dim/MaxDim [384/640] AUC: 0.979954 FPR95: 9.44 [saved]
Step: 900000  Loss: 0.071199 Regul: 0.023085 Obj: 0.094284 (0.072298)  NNZ: 8 (7)  Ttime: 1.3865 Vtime: 0.0522
Step: 1000000  Loss: 0.085240 Regul: 0.018266 Obj: 0.103506 (0.072298)  NNZ: 5 (7)  Ttime: 1.3855 Vtime: 0.0520
Best: 1100000  Loss: 0.055870 Regul: 0.013196 Obj: 0.069066 (0.069066)  NNZ: 8 (8)  Ttime: 1.3840 Vtime: 0.0511
Stat: nPR #52 (#64) Dim/MaxDim [416/640] AUC: 0.979761 FPR95: 9.59 [saved]
Step: 1200000  Loss: 0.080642 Regul: 0.019981 Obj: 0.100622 (0.069066)  NNZ: 3 (8)  Ttime: 1.3872 Vtime: 0.0511
Step: 1300000  Loss: 0.080403 Regul: 0.026116 Obj: 0.106520 (0.069066)  NNZ: 17 (8)  Ttime: 1.3843 Vtime: 0.0517
Step: 1400000  Loss: 0.077293 Regul: 0.017825 Obj: 0.095119 (0.069066)  NNZ: 9 (8)  Ttime: 1.3884 Vtime: 0.0516
Step: 1500000  Loss: 0.074036 Regul: 0.021814 Obj: 0.095850 (0.069066)  NNZ: 9 (8)  Ttime: 1.3869 Vtime: 0.0514
Step: 1600000  Loss: 0.081238 Regul: 0.020242 Obj: 0.101480 (0.069066)  NNZ: 9 (8)  Ttime: 1.3867 Vtime: 0.0512
Step: 1700000  Loss: 0.109365 Regul: 0.011680 Obj: 0.121045 (0.069066)  NNZ: 7 (8)  Ttime: 1.3864 Vtime: 0.0517
Step: 1800000  Loss: 0.062878 Regul: 0.022201 Obj: 0.085079 (0.069066)  NNZ: 11 (8)  Ttime: 1.3852 Vtime: 0.0520
Step: 1900000  Loss: 0.078116 Regul: 0.011010 Obj: 0.089126 (0.069066)  NNZ: 7 (8)  Ttime: 1.3861 Vtime: 0.0513
Step: 2000000  Loss: 0.070011 Regul: 0.019397 Obj: 0.089408 (0.069066)  NNZ: 12 (8)  Ttime: 1.3847 Vtime: 0.0520
Step: 2100000  Loss: 0.055714 Regul: 0.016637 Obj: 0.072351 (0.069066)  NNZ: 8 (8)  Ttime: 1.4241 Vtime: 0.0508
Step: 2200000  Loss: 0.079305 Regul: 0.014297 Obj: 0.093603 (0.069066)  NNZ: 7 (8)  Ttime: 1.3869 Vtime: 0.0513
Step: 2300000  Loss: 0.078270 Regul: 0.029884 Obj: 0.108154 (0.069066)  NNZ: 13 (8)  Ttime: 1.3871 Vtime: 0.0514
Step: 2400000  Loss: 0.063271 Regul: 0.020844 Obj: 0.084115 (0.069066)  NNZ: 11 (8)  Ttime: 1.3874 Vtime: 0.0515
Step: 2500000  Loss: 0.083977 Regul: 0.022579 Obj: 0.106556 (0.069066)  NNZ: 11 (8)  Ttime: 1.3847 Vtime: 0.0510
Step: 2600000  Loss: 0.116165 Regul: 0.022089 Obj: 0.138255 (0.069066)  NNZ: 9 (8)  Ttime: 1.3856 Vtime: 0.0521
Step: 2700000  Loss: 0.083476 Regul: 0.024886 Obj: 0.108361 (0.069066)  NNZ: 14 (8)  Ttime: 1.3786 Vtime: 0.0511
Step: 2800000  Loss: 0.061239 Regul: 0.017329 Obj: 0.078569 (0.069066)  NNZ: 10 (8)  Ttime: 1.3795 Vtime: 0.0515
Step: 2900000  Loss: 0.074144 Regul: 0.019550 Obj: 0.093693 (0.069066)  NNZ: 12 (8)  Ttime: 1.4393 Vtime: 0.0510
Step: 3000000  Loss: 0.074224 Regul: 0.018570 Obj: 0.092794 (0.069066)  NNZ: 13 (8)  Ttime: 1.3804 Vtime: 0.0514
Step: 3100000  Loss: 0.069042 Regul: 0.010084 Obj: 0.079126 (0.069066)  NNZ: 6 (8)  Ttime: 1.3787 Vtime: 0.0514
Step: 3200000  Loss: 0.071325 Regul: 0.010871 Obj: 0.082196 (0.069066)  NNZ: 7 (8)  Ttime: 1.3806 Vtime: 0.0518
Best: 3300000  Loss: 0.050689 Regul: 0.010404 Obj: 0.061093 (0.061093)  NNZ: 10 (10)  Ttime: 1.4167 Vtime: 0.0516
Stat: nPR #68 (#80) Dim/MaxDim [544/640] AUC: 0.980786 FPR95: 8.18 [saved]
Step: 3400000  Loss: 0.065980 Regul: 0.013775 Obj: 0.079755 (0.061093)  NNZ: 8 (10)  Ttime: 1.3877 Vtime: 0.0512
Step: 3500000  Loss: 0.068991 Regul: 0.020241 Obj: 0.089232 (0.061093)  NNZ: 9 (10)  Ttime: 1.3864 Vtime: 0.0512
Step: 3600000  Loss: 0.056816 Regul: 0.011412 Obj: 0.068228 (0.061093)  NNZ: 10 (10)  Ttime: 1.3850 Vtime: 0.0516
Step: 3700000  Loss: 0.058925 Regul: 0.016343 Obj: 0.075268 (0.061093)  NNZ: 13 (10)  Ttime: 1.3861 Vtime: 0.0512
Step: 3800000  Loss: 0.054664 Regul: 0.012950 Obj: 0.067614 (0.061093)  NNZ: 7 (10)  Ttime: 1.4359 Vtime: 0.0510
Step: 3900000  Loss: 0.051459 Regul: 0.012262 Obj: 0.063721 (0.061093)  NNZ: 11 (10)  Ttime: 1.3800 Vtime: 0.0513
Step: 4000000  Loss: 0.080393 Regul: 0.020793 Obj: 0.101186 (0.061093)  NNZ: 15 (10)  Ttime: 1.3809 Vtime: 0.0517
Step: 4100000  Loss: 0.131255 Regul: 0.030758 Obj: 0.162013 (0.061093)  NNZ: 13 (10)  Ttime: 1.3792 Vtime: 0.0512
Step: 4200000  Loss: 0.076621 Regul: 0.018449 Obj: 0.095070 (0.061093)  NNZ: 13 (10)  Ttime: 1.3799 Vtime: 0.0519
Step: 4300000  Loss: 0.051556 Regul: 0.012956 Obj: 0.064512 (0.061093)  NNZ: 11 (10)  Ttime: 1.3853 Vtime: 0.0512
Step: 4400000  Loss: 0.061945 Regul: 0.018852 Obj: 0.080797 (0.061093)  NNZ: 14 (10)  Ttime: 1.3787 Vtime: 0.0511
Step: 4500000  Loss: 0.066520 Regul: 0.010216 Obj: 0.076736 (0.061093)  NNZ: 11 (10)  Ttime: 1.3810 Vtime: 0.0517
Step: 4600000  Loss: 0.113411 Regul: 0.018419 Obj: 0.131829 (0.061093)  NNZ: 9 (10)  Ttime: 1.3795 Vtime: 0.0520
Step: 4700000  Loss: 0.064603 Regul: 0.010445 Obj: 0.075048 (0.061093)  NNZ: 10 (10)  Ttime: 1.3815 Vtime: 0.0523
Step: 4800000  Loss: 0.063750 Regul: 0.011693 Obj: 0.075443 (0.061093)  NNZ: 8 (10)  Ttime: 1.3957 Vtime: 0.0519
Step: 4900000  Loss: 0.056857 Regul: 0.016743 Obj: 0.073601 (0.061093)  NNZ: 10 (10)  Ttime: 1.3794 Vtime: 0.0520
Step: 5000000  Loss: 0.072461 Regul: 0.025333 Obj: 0.097794 (0.061093)  NNZ: 14 (10)  Ttime: 1.3781 Vtime: 0.0512
Step: 5100000  Loss: 0.066119 Regul: 0.019368 Obj: 0.085487 (0.061093)  NNZ: 13 (10)  Ttime: 1.3847 Vtime: 0.0513
Step: 5200000  Loss: 0.055223 Regul: 0.009227 Obj: 0.064450 (0.061093)  NNZ: 6 (10)  Ttime: 1.3864 Vtime: 0.0513
Step: 5300000  Loss: 0.073506 Regul: 0.026918 Obj: 0.100424 (0.061093)  NNZ: 12 (10)  Ttime: 1.4279 Vtime: 0.0516
Step: 5400000  Loss: 0.074860 Regul: 0.024895 Obj: 0.099755 (0.061093)  NNZ: 12 (10)  Ttime: 1.3891 Vtime: 0.0515
Step: 5500000  Loss: 0.065714 Regul: 0.017708 Obj: 0.083422 (0.061093)  NNZ: 11 (10)  Ttime: 1.3874 Vtime: 0.0519
Step: 5600000  Loss: 0.063094 Regul: 0.016559 Obj: 0.079653 (0.061093)  NNZ: 14 (10)  Ttime: 1.3851 Vtime: 0.0521
Step: 5700000  Loss: 0.055208 Regul: 0.008594 Obj: 0.063802 (0.061093)  NNZ: 9 (10)  Ttime: 1.3857 Vtime: 0.0509
Step: 5800000  Loss: 0.065008 Regul: 0.013872 Obj: 0.078879 (0.061093)  NNZ: 10 (10)  Ttime: 1.3841 Vtime: 0.0518
Step: 5900000  Loss: 0.075341 Regul: 0.029222 Obj: 0.104563 (0.061093)  NNZ: 14 (10)  Ttime: 1.3857 Vtime: 0.0527
Step: 6000000  Loss: 0.054932 Regul: 0.015868 Obj: 0.070799 (0.061093)  NNZ: 10 (10)  Ttime: 1.3850 Vtime: 0.0512
Step: 6100000  Loss: 0.066870 Regul: 0.017915 Obj: 0.084785 (0.061093)  NNZ: 10 (10)  Ttime: 1.4023 Vtime: 0.0515
Step: 6200000  Loss: 0.063397 Regul: 0.010669 Obj: 0.074066 (0.061093)  NNZ: 8 (10)  Ttime: 1.3969 Vtime: 0.0519
Step: 6300000  Loss: 0.060339 Regul: 0.015454 Obj: 0.075794 (0.061093)  NNZ: 12 (10)  Ttime: 1.3861 Vtime: 0.0513
Step: 6400000  Loss: 0.064518 Regul: 0.018196 Obj: 0.082714 (0.061093)  NNZ: 12 (10)  Ttime: 1.3851 Vtime: 0.0518
Step: 6500000  Loss: 0.053555 Regul: 0.010172 Obj: 0.063727 (0.061093)  NNZ: 5 (10)  Ttime: 1.3906 Vtime: 0.0515
Step: 6600000  Loss: 0.057118 Regul: 0.014629 Obj: 0.071747 (0.061093)  NNZ: 9 (10)  Ttime: 1.3856 Vtime: 0.0522
Step: 6700000  Loss: 0.055228 Regul: 0.014154 Obj: 0.069382 (0.061093)  NNZ: 10 (10)  Ttime: 1.3875 Vtime: 0.0516
Step: 6800000  Loss: 0.056224 Regul: 0.010909 Obj: 0.067133 (0.061093)  NNZ: 9 (10)  Ttime: 1.3856 Vtime: 0.0521
Step: 6900000  Loss: 0.061537 Regul: 0.016383 Obj: 0.077921 (0.061093)  NNZ: 10 (10)  Ttime: 1.3847 Vtime: 0.0515
Step: 7000000  Loss: 0.071808 Regul: 0.018576 Obj: 0.090384 (0.061093)  NNZ: 14 (10)  Ttime: 1.3872 Vtime: 0.0514
Step: 7100000  Loss: 0.133715 Regul: 0.009814 Obj: 0.143529 (0.061093)  NNZ: 6 (10)  Ttime: 1.3873 Vtime: 0.0519
Step: 7200000  Loss: 0.062289 Regul: 0.011174 Obj: 0.073463 (0.061093)  NNZ: 8 (10)  Ttime: 1.3880 Vtime: 0.0511
Step: 7300000  Loss: 0.055702 Regul: 0.010638 Obj: 0.066340 (0.061093)  NNZ: 11 (10)  Ttime: 1.3868 Vtime: 0.0512
Best: 7400000  Loss: 0.052055 Regul: 0.008957 Obj: 0.061012 (0.061012)  NNZ: 6 (6)  Ttime: 1.3890 Vtime: 0.0514
Stat: nPR #36 (#48) Dim/MaxDim [288/640] AUC: 0.980575 FPR95: 8.10 [saved]
Step: 7500000  Loss: 0.064225 Regul: 0.013646 Obj: 0.077871 (0.061012)  NNZ: 8 (6)  Ttime: 1.4293 Vtime: 0.0517
Step: 7600000  Loss: 0.069508 Regul: 0.017168 Obj: 0.086676 (0.061012)  NNZ: 9 (6)  Ttime: 1.3796 Vtime: 0.0516
Step: 7700000  Loss: 0.058950 Regul: 0.017982 Obj: 0.076932 (0.061012)  NNZ: 12 (6)  Ttime: 1.3841 Vtime: 0.0517
Step: 7800000  Loss: 0.063305 Regul: 0.017256 Obj: 0.080561 (0.061012)  NNZ: 13 (6)  Ttime: 1.3794 Vtime: 0.0518
Step: 7900000  Loss: 0.090108 Regul: 0.023885 Obj: 0.113993 (0.061012)  NNZ: 15 (6)  Ttime: 1.3812 Vtime: 0.0516
Step: 8000000  Loss: 0.061369 Regul: 0.016835 Obj: 0.078204 (0.061012)  NNZ: 9 (6)  Ttime: 1.3790 Vtime: 0.0519
Step: 8100000  Loss: 0.064998 Regul: 0.020737 Obj: 0.085734 (0.061012)  NNZ: 11 (6)  Ttime: 1.3809 Vtime: 0.0513
Step: 8200000  Loss: 0.051101 Regul: 0.011357 Obj: 0.062458 (0.061012)  NNZ: 11 (6)  Ttime: 1.3846 Vtime: 0.0519
Step: 8300000  Loss: 0.057531 Regul: 0.009863 Obj: 0.067394 (0.061012)  NNZ: 7 (6)  Ttime: 1.3865 Vtime: 0.0522
Step: 8400000  Loss: 0.077907 Regul: 0.014522 Obj: 0.092428 (0.061012)  NNZ: 7 (6)  Ttime: 1.3811 Vtime: 0.0514
Step: 8500000  Loss: 0.062282 Regul: 0.012585 Obj: 0.074867 (0.061012)  NNZ: 12 (6)  Ttime: 1.3792 Vtime: 0.0537
Step: 8600000  Loss: 0.061027 Regul: 0.018076 Obj: 0.079102 (0.061012)  NNZ: 12 (6)  Ttime: 1.4173 Vtime: 0.0513
Step: 8700000  Loss: 0.053334 Regul: 0.012236 Obj: 0.065570 (0.061012)  NNZ: 11 (6)  Ttime: 1.3850 Vtime: 0.0523
Step: 8800000  Loss: 0.102353 Regul: 0.017723 Obj: 0.120076 (0.061012)  NNZ: 12 (6)  Ttime: 1.3875 Vtime: 0.0511
Step: 8900000  Loss: 0.057578 Regul: 0.015459 Obj: 0.073036 (0.061012)  NNZ: 11 (6)  Ttime: 1.3884 Vtime: 0.0513
Step: 9000000  Loss: 0.053325 Regul: 0.012474 Obj: 0.065799 (0.061012)  NNZ: 9 (6)  Ttime: 1.3861 Vtime: 0.0510
Step: 9100000  Loss: 0.055029 Regul: 0.009044 Obj: 0.064073 (0.061012)  NNZ: 9 (6)  Ttime: 1.3914 Vtime: 0.0518
Step: 9200000  Loss: 0.051490 Regul: 0.009717 Obj: 0.061207 (0.061012)  NNZ: 8 (6)  Ttime: 1.3829 Vtime: 0.0515
Step: 9300000  Loss: 0.055910 Regul: 0.014795 Obj: 0.070705 (0.061012)  NNZ: 12 (6)  Ttime: 1.3909 Vtime: 0.0510
Step: 9400000  Loss: 0.118346 Regul: 0.015327 Obj: 0.133674 (0.061012)  NNZ: 11 (6)  Ttime: 1.3874 Vtime: 0.0513
Step: 9500000  Loss: 0.055811 Regul: 0.009480 Obj: 0.065291 (0.061012)  NNZ: 7 (6)  Ttime: 1.3856 Vtime: 0.0521
Step: 9600000  Loss: 0.069170 Regul: 0.013773 Obj: 0.082943 (0.061012)  NNZ: 7 (6)  Ttime: 1.3865 Vtime: 0.0512
Step: 9700000  Loss: 0.066730 Regul: 0.012115 Obj: 0.078845 (0.061012)  NNZ: 10 (6)  Ttime: 1.4112 Vtime: 0.0516
Step: 9800000  Loss: 0.057103 Regul: 0.018753 Obj: 0.075857 (0.061012)  NNZ: 12 (6)  Ttime: 1.3862 Vtime: 0.0517
Step: 9900000  Loss: 0.067507 Regul: 0.014478 Obj: 0.081985 (0.061012)  NNZ: 10 (6)  Ttime: 1.3847 Vtime: 0.0513
Step: 10000000  Loss: 0.075907 Regul: 0.006398 Obj: 0.082305 (0.061012)  NNZ: 8 (6)  Ttime: 1.3845 Vtime: 0.0512
Step: 10100000  Loss: 0.050933 Regul: 0.012535 Obj: 0.063468 (0.061012)  NNZ: 10 (6)  Ttime: 1.3901 Vtime: 0.0511
Step: 10200000  Loss: 0.052282 Regul: 0.012567 Obj: 0.064849 (0.061012)  NNZ: 10 (6)  Ttime: 1.3871 Vtime: 0.0519
Step: 10300000  Loss: 0.054495 Regul: 0.012775 Obj: 0.067269 (0.061012)  NNZ: 12 (6)  Ttime: 1.3870 Vtime: 0.0521
Step: 10400000  Loss: 0.066023 Regul: 0.009279 Obj: 0.075302 (0.061012)  NNZ: 7 (6)  Ttime: 1.3884 Vtime: 0.0518
Step: 10500000  Loss: 0.054554 Regul: 0.009616 Obj: 0.064170 (0.061012)  NNZ: 7 (6)  Ttime: 1.3920 Vtime: 0.0520
Step: 10600000  Loss: 0.053887 Regul: 0.010999 Obj: 0.064886 (0.061012)  NNZ: 12 (6)  Ttime: 1.3842 Vtime: 0.0521
Step: 10700000  Loss: 0.054039 Regul: 0.011626 Obj: 0.065665 (0.061012)  NNZ: 10 (6)  Ttime: 1.3848 Vtime: 0.0517
Step: 10800000  Loss: 0.056364 Regul: 0.015965 Obj: 0.072329 (0.061012)  NNZ: 14 (6)  Ttime: 1.3981 Vtime: 0.0518
Step: 10900000  Loss: 0.063729 Regul: 0.016107 Obj: 0.079836 (0.061012)  NNZ: 11 (6)  Ttime: 1.3888 Vtime: 0.0517
Best: 11000000  Loss: 0.048849 Regul: 0.011446 Obj: 0.060294 (0.060294)  NNZ: 11 (11)  Ttime: 1.3831 Vtime: 0.0506
Stat: nPR #76 (#88) Dim/MaxDim [608/640] AUC: 0.981683 FPR95: 7.56 [saved]
Step: 11100000  Loss: 0.054456 Regul: 0.013126 Obj: 0.067582 (0.060294)  NNZ: 15 (11)  Ttime: 1.3858 Vtime: 0.0515
Step: 11200000  Loss: 0.053897 Regul: 0.009053 Obj: 0.062950 (0.060294)  NNZ: 8 (11)  Ttime: 1.3870 Vtime: 0.0509
Step: 11300000  Loss: 0.056477 Regul: 0.017017 Obj: 0.073494 (0.060294)  NNZ: 12 (11)  Ttime: 1.3848 Vtime: 0.0519
Step: 11400000  Loss: 0.063375 Regul: 0.015961 Obj: 0.079335 (0.060294)  NNZ: 15 (11)  Ttime: 1.3896 Vtime: 0.0516
Step: 11500000  Loss: 0.065522 Regul: 0.017696 Obj: 0.083217 (0.060294)  NNZ: 13 (11)  Ttime: 1.3848 Vtime: 0.0514
Step: 11600000  Loss: 0.060420 Regul: 0.012935 Obj: 0.073355 (0.060294)  NNZ: 12 (11)  Ttime: 1.3898 Vtime: 0.0515
Step: 11700000  Loss: 0.060084 Regul: 0.019984 Obj: 0.080069 (0.060294)  NNZ: 18 (11)  Ttime: 1.3851 Vtime: 0.0515
Step: 11800000  Loss: 0.057312 Regul: 0.017352 Obj: 0.074664 (0.060294)  NNZ: 16 (11)  Ttime: 1.3858 Vtime: 0.0507
Step: 11900000  Loss: 0.054505 Regul: 0.009947 Obj: 0.064452 (0.060294)  NNZ: 12 (11)  Ttime: 1.3872 Vtime: 0.0523
Step: 12000000  Loss: 0.051265 Regul: 0.013802 Obj: 0.065067 (0.060294)  NNZ: 12 (11)  Ttime: 1.3931 Vtime: 0.0515
Step: 12100000  Loss: 0.061214 Regul: 0.012413 Obj: 0.073628 (0.060294)  NNZ: 11 (11)  Ttime: 1.4113 Vtime: 0.0516
Step: 12200000  Loss: 0.054067 Regul: 0.014590 Obj: 0.068657 (0.060294)  NNZ: 14 (11)  Ttime: 1.3850 Vtime: 0.0516
Step: 12300000  Loss: 0.054737 Regul: 0.015991 Obj: 0.070728 (0.060294)  NNZ: 14 (11)  Ttime: 1.3839 Vtime: 0.0518
Step: 12400000  Loss: 0.091780 Regul: 0.008411 Obj: 0.100190 (0.060294)  NNZ: 9 (11)  Ttime: 1.3925 Vtime: 0.0514
Step: 12500000  Loss: 0.078376 Regul: 0.013690 Obj: 0.092067 (0.060294)  NNZ: 14 (11)  Ttime: 1.3887 Vtime: 0.0522
Step: 12600000  Loss: 0.057315 Regul: 0.014336 Obj: 0.071650 (0.060294)  NNZ: 9 (11)  Ttime: 1.3876 Vtime: 0.0514
Step: 12700000  Loss: 0.062002 Regul: 0.020418 Obj: 0.082419 (0.060294)  NNZ: 16 (11)  Ttime: 1.3878 Vtime: 0.0517
Step: 12800000  Loss: 0.055117 Regul: 0.009303 Obj: 0.064420 (0.060294)  NNZ: 11 (11)  Ttime: 1.4143 Vtime: 0.0507
Step: 12900000  Loss: 0.052675 Regul: 0.007642 Obj: 0.060316 (0.060294)  NNZ: 10 (11)  Ttime: 1.3964 Vtime: 0.0512
Step: 13000000  Loss: 0.053148 Regul: 0.014586 Obj: 0.067734 (0.060294)  NNZ: 13 (11)  Ttime: 1.3874 Vtime: 0.0515
Step: 13100000  Loss: 0.067068 Regul: 0.012012 Obj: 0.079080 (0.060294)  NNZ: 9 (11)  Ttime: 1.3882 Vtime: 0.0518
Step: 13200000  Loss: 0.058475 Regul: 0.013881 Obj: 0.072356 (0.060294)  NNZ: 11 (11)  Ttime: 1.3841 Vtime: 0.0519
Step: 13300000  Loss: 0.051488 Regul: 0.014447 Obj: 0.065935 (0.060294)  NNZ: 13 (11)  Ttime: 1.3875 Vtime: 0.0520
Step: 13400000  Loss: 0.084125 Regul: 0.029274 Obj: 0.113399 (0.060294)  NNZ: 21 (11)  Ttime: 1.3860 Vtime: 0.0516
Step: 13500000  Loss: 0.054442 Regul: 0.011217 Obj: 0.065658 (0.060294)  NNZ: 13 (11)  Ttime: 1.3855 Vtime: 0.0514
Step: 13600000  Loss: 0.060858 Regul: 0.019128 Obj: 0.079986 (0.060294)  NNZ: 18 (11)  Ttime: 1.3869 Vtime: 0.0521
Step: 13700000  Loss: 0.051784 Regul: 0.010310 Obj: 0.062094 (0.060294)  NNZ: 10 (11)  Ttime: 1.3862 Vtime: 0.0520
Step: 13800000  Loss: 0.052857 Regul: 0.009732 Obj: 0.062589 (0.060294)  NNZ: 9 (11)  Ttime: 1.3929 Vtime: 0.0510
Step: 13900000  Loss: 0.056119 Regul: 0.012686 Obj: 0.068805 (0.060294)  NNZ: 11 (11)  Ttime: 1.3884 Vtime: 0.0515
Step: 14000000  Loss: 0.067850 Regul: 0.020424 Obj: 0.088274 (0.060294)  NNZ: 15 (11)  Ttime: 1.3889 Vtime: 0.0519
Step: 14100000  Loss: 0.057297 Regul: 0.013071 Obj: 0.070367 (0.060294)  NNZ: 11 (11)  Ttime: 1.3880 Vtime: 0.0516
Step: 14200000  Loss: 0.059816 Regul: 0.013797 Obj: 0.073613 (0.060294)  NNZ: 16 (11)  Ttime: 1.3907 Vtime: 0.0518
Step: 14300000  Loss: 0.062509 Regul: 0.009546 Obj: 0.072055 (0.060294)  NNZ: 9 (11)  Ttime: 1.3801 Vtime: 0.0515
Step: 14400000  Loss: 0.059633 Regul: 0.009358 Obj: 0.068991 (0.060294)  NNZ: 6 (11)  Ttime: 1.3874 Vtime: 0.0514
Step: 14500000  Loss: 0.051206 Regul: 0.010338 Obj: 0.061544 (0.060294)  NNZ: 9 (11)  Ttime: 1.3919 Vtime: 0.0516
Step: 14600000  Loss: 0.064741 Regul: 0.013777 Obj: 0.078518 (0.060294)  NNZ: 17 (11)  Ttime: 1.3865 Vtime: 0.0510
Step: 14700000  Loss: 0.058005 Regul: 0.011499 Obj: 0.069504 (0.060294)  NNZ: 10 (11)  Ttime: 1.3867 Vtime: 0.0510
Step: 14800000  Loss: 0.050374 Regul: 0.013213 Obj: 0.063586 (0.060294)  NNZ: 15 (11)  Ttime: 1.3838 Vtime: 0.0511
Step: 14900000  Loss: 0.052809 Regul: 0.013464 Obj: 0.066273 (0.060294)  NNZ: 10 (11)  Ttime: 1.3870 Vtime: 0.0517
Step: 15000000  Loss: 0.064724 Regul: 0.009888 Obj: 0.074611 (0.060294)  NNZ: 11 (11)  Ttime: 1.3850 Vtime: 0.0513
Step: 15100000  Loss: 0.059730 Regul: 0.013188 Obj: 0.072918 (0.060294)  NNZ: 9 (11)  Ttime: 1.3873 Vtime: 0.0515
Step: 15200000  Loss: 0.059275 Regul: 0.018327 Obj: 0.077602 (0.060294)  NNZ: 17 (11)  Ttime: 1.3901 Vtime: 0.0517
Step: 15300000  Loss: 0.063562 Regul: 0.014934 Obj: 0.078496 (0.060294)  NNZ: 12 (11)  Ttime: 1.3869 Vtime: 0.0511
Step: 15400000  Loss: 0.053115 Regul: 0.011943 Obj: 0.065058 (0.060294)  NNZ: 11 (11)  Ttime: 1.3871 Vtime: 0.0507
Step: 15500000  Loss: 0.057451 Regul: 0.008797 Obj: 0.066248 (0.060294)  NNZ: 9 (11)  Ttime: 1.3907 Vtime: 0.0517
Step: 15600000  Loss: 0.066641 Regul: 0.018494 Obj: 0.085135 (0.060294)  NNZ: 17 (11)  Ttime: 1.3878 Vtime: 0.0519
Step: 15700000  Loss: 0.061440 Regul: 0.012415 Obj: 0.073855 (0.060294)  NNZ: 11 (11)  Ttime: 1.3868 Vtime: 0.0512
Best: 15800000  Loss: 0.049117 Regul: 0.009340 Obj: 0.058457 (0.058457)  NNZ: 10 (10)  Ttime: 1.3859 Vtime: 0.0515
Stat: nPR #68 (#80) Dim/MaxDim [544/640] AUC: 0.981379 FPR95: 7.48 [saved]
Step: 15900000  Loss: 0.090638 Regul: 0.015300 Obj: 0.105938 (0.058457)  NNZ: 13 (10)  Ttime: 1.3844 Vtime: 0.0517
Step: 16000000  Loss: 0.050839 Regul: 0.011969 Obj: 0.062808 (0.058457)  NNZ: 18 (10)  Ttime: 1.3848 Vtime: 0.0511
Step: 16100000  Loss: 0.056701 Regul: 0.011075 Obj: 0.067775 (0.058457)  NNZ: 10 (10)  Ttime: 1.3953 Vtime: 0.0508
Step: 16200000  Loss: 0.050495 Regul: 0.009726 Obj: 0.060221 (0.058457)  NNZ: 11 (10)  Ttime: 1.3862 Vtime: 0.0523
Step: 16300000  Loss: 0.068154 Regul: 0.015059 Obj: 0.083213 (0.058457)  NNZ: 17 (10)  Ttime: 1.3906 Vtime: 0.0522
Step: 16400000  Loss: 0.063801 Regul: 0.017334 Obj: 0.081135 (0.058457)  NNZ: 18 (10)  Ttime: 1.3907 Vtime: 0.0510
Step: 16500000  Loss: 0.106657 Regul: 0.023532 Obj: 0.130190 (0.058457)  NNZ: 16 (10)  Ttime: 1.3859 Vtime: 0.0518
Step: 16600000  Loss: 0.050316 Regul: 0.011330 Obj: 0.061645 (0.058457)  NNZ: 11 (10)  Ttime: 1.3876 Vtime: 0.0519
Step: 16700000  Loss: 0.062440 Regul: 0.018912 Obj: 0.081351 (0.058457)  NNZ: 15 (10)  Ttime: 1.3892 Vtime: 0.0509
Step: 16800000  Loss: 0.086041 Regul: 0.011743 Obj: 0.097784 (0.058457)  NNZ: 12 (10)  Ttime: 1.3877 Vtime: 0.0514
Step: 16900000  Loss: 0.051477 Regul: 0.010605 Obj: 0.062082 (0.058457)  NNZ: 10 (10)  Ttime: 1.3937 Vtime: 0.0513
Step: 17000000  Loss: 0.055629 Regul: 0.014615 Obj: 0.070244 (0.058457)  NNZ: 12 (10)  Ttime: 1.3876 Vtime: 0.0513
Step: 17100000  Loss: 0.080586 Regul: 0.015961 Obj: 0.096546 (0.058457)  NNZ: 10 (10)  Ttime: 1.3903 Vtime: 0.0513
Step: 17200000  Loss: 0.058589 Regul: 0.011475 Obj: 0.070063 (0.058457)  NNZ: 12 (10)  Ttime: 1.3877 Vtime: 0.0514
Step: 17300000  Loss: 0.051683 Regul: 0.011188 Obj: 0.062870 (0.058457)  NNZ: 10 (10)  Ttime: 1.3877 Vtime: 0.0513
Step: 17400000  Loss: 0.056676 Regul: 0.009277 Obj: 0.065954 (0.058457)  NNZ: 7 (10)  Ttime: 1.3881 Vtime: 0.0512
Step: 17500000  Loss: 0.050753 Regul: 0.010797 Obj: 0.061550 (0.058457)  NNZ: 13 (10)  Ttime: 1.3855 Vtime: 0.0518
Best: 17600000  Loss: 0.049656 Regul: 0.008499 Obj: 0.058155 (0.058155)  NNZ: 10 (10)  Ttime: 1.3868 Vtime: 0.0513
Stat: nPR #72 (#80) Dim/MaxDim [576/640] AUC: 0.981360 FPR95: 7.47 [saved]
Step: 17700000  Loss: 0.055267 Regul: 0.013959 Obj: 0.069226 (0.058155)  NNZ: 12 (10)  Ttime: 1.3888 Vtime: 0.0516
Step: 17800000  Loss: 0.056150 Regul: 0.010678 Obj: 0.066828 (0.058155)  NNZ: 10 (10)  Ttime: 1.3980 Vtime: 0.0513
Step: 17900000  Loss: 0.059410 Regul: 0.012585 Obj: 0.071995 (0.058155)  NNZ: 12 (10)  Ttime: 1.3867 Vtime: 0.0518
Step: 18000000  Loss: 0.057129 Regul: 0.012732 Obj: 0.069861 (0.058155)  NNZ: 13 (10)  Ttime: 1.3836 Vtime: 0.0519
Step: 18100000  Loss: 0.049418 Regul: 0.010336 Obj: 0.059754 (0.058155)  NNZ: 13 (10)  Ttime: 1.3861 Vtime: 0.0516
Step: 18200000  Loss: 0.057967 Regul: 0.015570 Obj: 0.073537 (0.058155)  NNZ: 15 (10)  Ttime: 1.3920 Vtime: 0.0515
Step: 18300000  Loss: 0.053124 Regul: 0.009290 Obj: 0.062414 (0.058155)  NNZ: 9 (10)  Ttime: 1.3883 Vtime: 0.0518
Step: 18400000  Loss: 0.057392 Regul: 0.008551 Obj: 0.065943 (0.058155)  NNZ: 13 (10)  Ttime: 1.3894 Vtime: 0.0514
Step: 18500000  Loss: 0.057752 Regul: 0.010107 Obj: 0.067859 (0.058155)  NNZ: 11 (10)  Ttime: 1.3860 Vtime: 0.0515
Step: 18600000  Loss: 0.054061 Regul: 0.012167 Obj: 0.066229 (0.058155)  NNZ: 10 (10)  Ttime: 1.3961 Vtime: 0.0527
Step: 18700000  Loss: 0.053064 Regul: 0.012466 Obj: 0.065531 (0.058155)  NNZ: 9 (10)  Ttime: 1.3862 Vtime: 0.0512
Step: 18800000  Loss: 0.059609 Regul: 0.009329 Obj: 0.068938 (0.058155)  NNZ: 9 (10)  Ttime: 1.3871 Vtime: 0.0518
Step: 18900000  Loss: 0.067559 Regul: 0.010257 Obj: 0.077816 (0.058155)  NNZ: 10 (10)  Ttime: 1.3904 Vtime: 0.0515
Step: 19000000  Loss: 0.061876 Regul: 0.016095 Obj: 0.077971 (0.058155)  NNZ: 15 (10)  Ttime: 1.4085 Vtime: 0.0515
Step: 19100000  Loss: 0.062772 Regul: 0.014151 Obj: 0.076923 (0.058155)  NNZ: 16 (10)  Ttime: 1.3854 Vtime: 0.0515
Step: 19200000  Loss: 0.052157 Regul: 0.013290 Obj: 0.065448 (0.058155)  NNZ: 12 (10)  Ttime: 1.3868 Vtime: 0.0516
Step: 19300000  Loss: 0.060361 Regul: 0.013815 Obj: 0.074177 (0.058155)  NNZ: 16 (10)  Ttime: 1.3891 Vtime: 0.0517
Step: 19400000  Loss: 0.051887 Regul: 0.011151 Obj: 0.063038 (0.058155)  NNZ: 12 (10)  Ttime: 1.3868 Vtime: 0.0511
Step: 19500000  Loss: 0.053391 Regul: 0.013284 Obj: 0.066675 (0.058155)  NNZ: 16 (10)  Ttime: 1.3883 Vtime: 0.0509
Step: 19600000  Loss: 0.057112 Regul: 0.009921 Obj: 0.067033 (0.058155)  NNZ: 12 (10)  Ttime: 1.3877 Vtime: 0.0514
Step: 19700000  Loss: 0.067258 Regul: 0.005923 Obj: 0.073181 (0.058155)  NNZ: 6 (10)  Ttime: 1.3863 Vtime: 0.0525
Step: 19800000  Loss: 0.052131 Regul: 0.011255 Obj: 0.063386 (0.058155)  NNZ: 6 (10)  Ttime: 1.3877 Vtime: 0.0509
Step: 19900000  Loss: 0.054168 Regul: 0.009311 Obj: 0.063479 (0.058155)  NNZ: 9 (10)  Ttime: 1.3867 Vtime: 0.0514
Step: 20000000  Loss: 0.058360 Regul: 0.014270 Obj: 0.072630 (0.058155)  NNZ: 11 (10)  Ttime: 1.3858 Vtime: 0.0519
Step: 20100000  Loss: 0.099371 Regul: 0.010980 Obj: 0.110351 (0.058155)  NNZ: 12 (10)  Ttime: 1.3898 Vtime: 0.0520
Step: 20200000  Loss: 0.053942 Regul: 0.010776 Obj: 0.064718 (0.058155)  NNZ: 10 (10)  Ttime: 1.3872 Vtime: 0.0519
Step: 20300000  Loss: 0.051179 Regul: 0.013208 Obj: 0.064387 (0.058155)  NNZ: 13 (10)  Ttime: 1.3879 Vtime: 0.0511
Step: 20400000  Loss: 0.050819 Regul: 0.013733 Obj: 0.064552 (0.058155)  NNZ: 14 (10)  Ttime: 1.3897 Vtime: 0.0508
Step: 20500000  Loss: 0.060674 Regul: 0.017709 Obj: 0.078383 (0.058155)  NNZ: 19 (10)  Ttime: 1.3868 Vtime: 0.0515
Step: 20600000  Loss: 0.055727 Regul: 0.012839 Obj: 0.068566 (0.058155)  NNZ: 15 (10)  Ttime: 1.3871 Vtime: 0.0509
Step: 20700000  Loss: 0.056829 Regul: 0.014661 Obj: 0.071490 (0.058155)  NNZ: 16 (10)  Ttime: 1.3914 Vtime: 0.0514
Step: 20800000  Loss: 0.060259 Regul: 0.012701 Obj: 0.072960 (0.058155)  NNZ: 14 (10)  Ttime: 1.3878 Vtime: 0.0517
Step: 20900000  Loss: 0.054698 Regul: 0.014978 Obj: 0.069676 (0.058155)  NNZ: 16 (10)  Ttime: 1.3865 Vtime: 0.0520
Step: 21000000  Loss: 0.053753 Regul: 0.014807 Obj: 0.068560 (0.058155)  NNZ: 15 (10)  Ttime: 1.3855 Vtime: 0.0511
Step: 21100000  Loss: 0.053019 Regul: 0.008804 Obj: 0.061824 (0.058155)  NNZ: 9 (10)  Ttime: 1.3901 Vtime: 0.0515
Step: 21200000  Loss: 0.055743 Regul: 0.012027 Obj: 0.067770 (0.058155)  NNZ: 12 (10)  Ttime: 1.3870 Vtime: 0.0513
Step: 21300000  Loss: 0.057840 Regul: 0.006430 Obj: 0.064270 (0.058155)  NNZ: 12 (10)  Ttime: 1.3891 Vtime: 0.0526
Step: 21400000  Loss: 0.060089 Regul: 0.007834 Obj: 0.067923 (0.058155)  NNZ: 10 (10)  Ttime: 1.3952 Vtime: 0.0518
Step: 21500000  Loss: 0.065997 Regul: 0.009903 Obj: 0.075900 (0.058155)  NNZ: 10 (10)  Ttime: 1.3858 Vtime: 0.0518
Step: 21600000  Loss: 0.059986 Regul: 0.010886 Obj: 0.070872 (0.058155)  NNZ: 17 (10)  Ttime: 1.3904 Vtime: 0.0512
Step: 21700000  Loss: 0.052909 Regul: 0.009674 Obj: 0.062583 (0.058155)  NNZ: 11 (10)  Ttime: 1.3846 Vtime: 0.0516
Step: 21800000  Loss: 0.061777 Regul: 0.012271 Obj: 0.074049 (0.058155)  NNZ: 15 (10)  Ttime: 1.3861 Vtime: 0.0513
Step: 21900000  Loss: 0.057388 Regul: 0.007758 Obj: 0.065145 (0.058155)  NNZ: 9 (10)  Ttime: 1.3891 Vtime: 0.0518
Step: 22000000  Loss: 0.061864 Regul: 0.006888 Obj: 0.068752 (0.058155)  NNZ: 7 (10)  Ttime: 1.3861 Vtime: 0.0510
Step: 22100000  Loss: 0.054232 Regul: 0.009525 Obj: 0.063756 (0.058155)  NNZ: 11 (10)  Ttime: 1.3861 Vtime: 0.0511
Step: 22200000  Loss: 0.111086 Regul: 0.011020 Obj: 0.122106 (0.058155)  NNZ: 12 (10)  Ttime: 1.3870 Vtime: 0.0512
Step: 22300000  Loss: 0.053784 Regul: 0.009116 Obj: 0.062900 (0.058155)  NNZ: 11 (10)  Ttime: 1.3889 Vtime: 0.0520
Step: 22400000  Loss: 0.057866 Regul: 0.011227 Obj: 0.069094 (0.058155)  NNZ: 12 (10)  Ttime: 1.3847 Vtime: 0.0514
Step: 22500000  Loss: 0.052117 Regul: 0.012784 Obj: 0.064901 (0.058155)  NNZ: 14 (10)  Ttime: 1.3865 Vtime: 0.0511
Step: 22600000  Loss: 0.053221 Regul: 0.009473 Obj: 0.062694 (0.058155)  NNZ: 10 (10)  Ttime: 1.3878 Vtime: 0.0517
Step: 22700000  Loss: 0.057583 Regul: 0.009210 Obj: 0.066793 (0.058155)  NNZ: 10 (10)  Ttime: 1.3865 Vtime: 0.0517
Step: 22800000  Loss: 0.056525 Regul: 0.006790 Obj: 0.063315 (0.058155)  NNZ: 9 (10)  Ttime: 1.3884 Vtime: 0.0514
Step: 22900000  Loss: 0.055555 Regul: 0.009406 Obj: 0.064961 (0.058155)  NNZ: 16 (10)  Ttime: 1.3888 Vtime: 0.0511
Step: 23000000  Loss: 0.055117 Regul: 0.009277 Obj: 0.064395 (0.058155)  NNZ: 10 (10)  Ttime: 1.4290 Vtime: 0.0519
Step: 23100000  Loss: 0.066269 Regul: 0.012167 Obj: 0.078437 (0.058155)  NNZ: 13 (10)  Ttime: 1.3790 Vtime: 0.0524
Step: 23200000  Loss: 0.057030 Regul: 0.009848 Obj: 0.066878 (0.058155)  NNZ: 9 (10)  Ttime: 1.4095 Vtime: 0.0513
Step: 23300000  Loss: 0.058991 Regul: 0.010797 Obj: 0.069789 (0.058155)  NNZ: 13 (10)  Ttime: 1.3863 Vtime: 0.0514
Step: 23400000  Loss: 0.050831 Regul: 0.012534 Obj: 0.063365 (0.058155)  NNZ: 13 (10)  Ttime: 1.3900 Vtime: 0.0510
Step: 23500000  Loss: 0.055949 Regul: 0.008069 Obj: 0.064018 (0.058155)  NNZ: 11 (10)  Ttime: 1.3899 Vtime: 0.0515
Step: 23600000  Loss: 0.052539 Regul: 0.009885 Obj: 0.062424 (0.058155)  NNZ: 11 (10)  Ttime: 1.3866 Vtime: 0.0519
Step: 23700000  Loss: 0.052258 Regul: 0.009760 Obj: 0.062017 (0.058155)  NNZ: 10 (10)  Ttime: 1.3879 Vtime: 0.0513
Step: 23800000  Loss: 0.062331 Regul: 0.011832 Obj: 0.074163 (0.058155)  NNZ: 11 (10)  Ttime: 1.3834 Vtime: 0.0524
Step: 23900000  Loss: 0.057037 Regul: 0.008893 Obj: 0.065929 (0.058155)  NNZ: 7 (10)  Ttime: 1.3935 Vtime: 0.0512
Step: 24000000  Loss: 0.058887 Regul: 0.009952 Obj: 0.068839 (0.058155)  NNZ: 13 (10)  Ttime: 1.3889 Vtime: 0.0528
Step: 24100000  Loss: 0.065189 Regul: 0.016647 Obj: 0.081837 (0.058155)  NNZ: 20 (10)  Ttime: 1.3868 Vtime: 0.0521
Step: 24200000  Loss: 0.052635 Regul: 0.014444 Obj: 0.067079 (0.058155)  NNZ: 14 (10)  Ttime: 1.3952 Vtime: 0.0513
Step: 24300000  Loss: 0.074601 Regul: 0.012769 Obj: 0.087370 (0.058155)  NNZ: 12 (10)  Ttime: 1.3881 Vtime: 0.0518
Step: 24400000  Loss: 0.052337 Regul: 0.007886 Obj: 0.060223 (0.058155)  NNZ: 9 (10)  Ttime: 1.3879 Vtime: 0.0512
Step: 24500000  Loss: 0.078583 Regul: 0.004785 Obj: 0.083368 (0.058155)  NNZ: 7 (10)  Ttime: 1.3842 Vtime: 0.0513
Step: 24600000  Loss: 0.052966 Regul: 0.013730 Obj: 0.066696 (0.058155)  NNZ: 16 (10)  Ttime: 1.4397 Vtime: 0.0507
Step: 24700000  Loss: 0.053744 Regul: 0.011212 Obj: 0.064956 (0.058155)  NNZ: 11 (10)  Ttime: 1.3847 Vtime: 0.0520
Step: 24800000  Loss: 0.065210 Regul: 0.012802 Obj: 0.078012 (0.058155)  NNZ: 13 (10)  Ttime: 1.3807 Vtime: 0.0520
Step: 24900000  Loss: 0.056581 Regul: 0.011047 Obj: 0.067629 (0.058155)  NNZ: 9 (10)  Ttime: 1.4026 Vtime: 0.0510
Step: 25000000  Loss: 0.070169 Regul: 0.009192 Obj: 0.079361 (0.058155)  NNZ: 9 (10)  Ttime: 1.3842 Vtime: 0.0518
Step: 25100000  Loss: 0.052781 Regul: 0.011826 Obj: 0.064607 (0.058155)  NNZ: 14 (10)  Ttime: 1.3806 Vtime: 0.0520
Step: 25200000  Loss: 0.062492 Regul: 0.007956 Obj: 0.070448 (0.058155)  NNZ: 12 (10)  Ttime: 1.3814 Vtime: 0.0517
Step: 25300000  Loss: 0.063334 Regul: 0.008145 Obj: 0.071479 (0.058155)  NNZ: 9 (10)  Ttime: 1.3827 Vtime: 0.0513
Step: 25400000  Loss: 0.053254 Regul: 0.009335 Obj: 0.062589 (0.058155)  NNZ: 11 (10)  Ttime: 1.3798 Vtime: 0.0515
Step: 25500000  Loss: 0.051641 Regul: 0.009320 Obj: 0.060961 (0.058155)  NNZ: 12 (10)  Ttime: 1.3812 Vtime: 0.0511
Step: 25600000  Loss: 0.055144 Regul: 0.011975 Obj: 0.067119 (0.058155)  NNZ: 12 (10)  Ttime: 1.3809 Vtime: 0.0517
Step: 25700000  Loss: 0.067016 Regul: 0.007645 Obj: 0.074660 (0.058155)  NNZ: 10 (10)  Ttime: 1.3829 Vtime: 0.0520
Step: 25800000  Loss: 0.054890 Regul: 0.011734 Obj: 0.066624 (0.058155)  NNZ: 10 (10)  Ttime: 1.3833 Vtime: 0.0515
Step: 25900000  Loss: 0.053223 Regul: 0.011258 Obj: 0.064481 (0.058155)  NNZ: 14 (10)  Ttime: 1.3856 Vtime: 0.0518
Step: 26000000  Loss: 0.049754 Regul: 0.009708 Obj: 0.059462 (0.058155)  NNZ: 13 (10)  Ttime: 1.3813 Vtime: 0.0510
Step: 26100000  Loss: 0.059815 Regul: 0.010059 Obj: 0.069874 (0.058155)  NNZ: 11 (10)  Ttime: 1.3802 Vtime: 0.0510
Step: 26200000  Loss: 0.056564 Regul: 0.006369 Obj: 0.062933 (0.058155)  NNZ: 9 (10)  Ttime: 1.3799 Vtime: 0.0517
Step: 26300000  Loss: 0.054166 Regul: 0.011533 Obj: 0.065699 (0.058155)  NNZ: 10 (10)  Ttime: 1.3832 Vtime: 0.0512
Step: 26400000  Loss: 0.054493 Regul: 0.010785 Obj: 0.065278 (0.058155)  NNZ: 13 (10)  Ttime: 1.3818 Vtime: 0.0520
Step: 26500000  Loss: 0.049680 Regul: 0.010706 Obj: 0.060385 (0.058155)  NNZ: 15 (10)  Ttime: 1.3823 Vtime: 0.0520
Step: 26600000  Loss: 0.057152 Regul: 0.009634 Obj: 0.066786 (0.058155)  NNZ: 9 (10)  Ttime: 1.3842 Vtime: 0.0519
Step: 26700000  Loss: 0.062282 Regul: 0.008182 Obj: 0.070464 (0.058155)  NNZ: 10 (10)  Ttime: 1.3804 Vtime: 0.0523
Step: 26800000  Loss: 0.055402 Regul: 0.010376 Obj: 0.065778 (0.058155)  NNZ: 15 (10)  Ttime: 1.3808 Vtime: 0.0518
Step: 26900000  Loss: 0.055359 Regul: 0.012042 Obj: 0.067401 (0.058155)  NNZ: 14 (10)  Ttime: 1.3822 Vtime: 0.0522
Step: 27000000  Loss: 0.054528 Regul: 0.013022 Obj: 0.067550 (0.058155)  NNZ: 14 (10)  Ttime: 1.3813 Vtime: 0.0512
Step: 27100000  Loss: 0.050068 Regul: 0.011414 Obj: 0.061481 (0.058155)  NNZ: 14 (10)  Ttime: 1.3818 Vtime: 0.0509
Step: 27200000  Loss: 0.051823 Regul: 0.013284 Obj: 0.065107 (0.058155)  NNZ: 19 (10)  Ttime: 1.3835 Vtime: 0.0519
Step: 27300000  Loss: 0.053626 Regul: 0.012177 Obj: 0.065802 (0.058155)  NNZ: 10 (10)  Ttime: 1.3861 Vtime: 0.0517
Step: 27400000  Loss: 0.051797 Regul: 0.011633 Obj: 0.063431 (0.058155)  NNZ: 15 (10)  Ttime: 1.3829 Vtime: 0.0515
Step: 27500000  Loss: 0.056200 Regul: 0.011621 Obj: 0.067821 (0.058155)  NNZ: 11 (10)  Ttime: 1.3804 Vtime: 0.0520
Step: 27600000  Loss: 0.053813 Regul: 0.008441 Obj: 0.062254 (0.058155)  NNZ: 11 (10)  Ttime: 1.3821 Vtime: 0.0515
Step: 27700000  Loss: 0.049129 Regul: 0.012469 Obj: 0.061598 (0.058155)  NNZ: 13 (10)  Ttime: 1.3928 Vtime: 0.0514
Step: 27800000  Loss: 0.052767 Regul: 0.010898 Obj: 0.063665 (0.058155)  NNZ: 10 (10)  Ttime: 1.3823 Vtime: 0.0506
Step: 27900000  Loss: 0.056918 Regul: 0.006726 Obj: 0.063644 (0.058155)  NNZ: 10 (10)  Ttime: 1.3846 Vtime: 0.0518
Step: 28000000  Loss: 0.055416 Regul: 0.008609 Obj: 0.064025 (0.058155)  NNZ: 11 (10)  Ttime: 1.3831 Vtime: 0.0509
Step: 28100000  Loss: 0.064372 Regul: 0.006934 Obj: 0.071306 (0.058155)  NNZ: 10 (10)  Ttime: 1.3803 Vtime: 0.0514
Step: 28200000  Loss: 0.049848 Regul: 0.012265 Obj: 0.062113 (0.058155)  NNZ: 12 (10)  Ttime: 1.3846 Vtime: 0.0517
Step: 28300000  Loss: 0.064537 Regul: 0.014197 Obj: 0.078734 (0.058155)  NNZ: 14 (10)  Ttime: 1.3843 Vtime: 0.0524
Step: 28400000  Loss: 0.052231 Regul: 0.007935 Obj: 0.060165 (0.058155)  NNZ: 10 (10)  Ttime: 1.3841 Vtime: 0.0516
Step: 28500000  Loss: 0.066624 Regul: 0.012280 Obj: 0.078904 (0.058155)  NNZ: 11 (10)  Ttime: 1.3828 Vtime: 0.0517
Best: 28600000  Loss: 0.049962 Regul: 0.007675 Obj: 0.057637 (0.057637)  NNZ: 10 (10)  Ttime: 1.3828 Vtime: 0.0513
Stat: nPR #68 (#80) Dim/MaxDim [544/640] AUC: 0.981662 FPR95: 7.25 [saved]
Step: 28700000  Loss: 0.074061 Regul: 0.008600 Obj: 0.082661 (0.057637)  NNZ: 12 (10)  Ttime: 1.3821 Vtime: 0.0513
Step: 28800000  Loss: 0.060831 Regul: 0.006937 Obj: 0.067768 (0.057637)  NNZ: 8 (10)  Ttime: 1.3789 Vtime: 0.0518
Step: 28900000  Loss: 0.063112 Regul: 0.006796 Obj: 0.069908 (0.057637)  NNZ: 8 (10)  Ttime: 1.3852 Vtime: 0.0528
Step: 29000000  Loss: 0.052731 Regul: 0.009442 Obj: 0.062173 (0.057637)  NNZ: 12 (10)  Ttime: 1.4434 Vtime: 0.0518
Step: 29100000  Loss: 0.065799 Regul: 0.010941 Obj: 0.076739 (0.057637)  NNZ: 9 (10)  Ttime: 1.3894 Vtime: 0.0514
Step: 29200000  Loss: 0.051257 Regul: 0.013196 Obj: 0.064453 (0.057637)  NNZ: 12 (10)  Ttime: 1.3892 Vtime: 0.0519
Step: 29300000  Loss: 0.070665 Regul: 0.004816 Obj: 0.075480 (0.057637)  NNZ: 7 (10)  Ttime: 1.3892 Vtime: 0.0515
Step: 29400000  Loss: 0.068361 Regul: 0.008163 Obj: 0.076524 (0.057637)  NNZ: 9 (10)  Ttime: 1.3873 Vtime: 0.0520
Step: 29500000  Loss: 0.058518 Regul: 0.012875 Obj: 0.071394 (0.057637)  NNZ: 17 (10)  Ttime: 1.3880 Vtime: 0.0523
Step: 29600000  Loss: 0.049175 Regul: 0.010648 Obj: 0.059822 (0.057637)  NNZ: 14 (10)  Ttime: 1.3877 Vtime: 0.0516
Step: 29700000  Loss: 0.055122 Regul: 0.008469 Obj: 0.063591 (0.057637)  NNZ: 8 (10)  Ttime: 1.3954 Vtime: 0.0520
Step: 29800000  Loss: 0.049298 Regul: 0.010187 Obj: 0.059485 (0.057637)  NNZ: 11 (10)  Ttime: 1.3936 Vtime: 0.0513
Step: 29900000  Loss: 0.051474 Regul: 0.008817 Obj: 0.060290 (0.057637)  NNZ: 10 (10)  Ttime: 1.3897 Vtime: 0.0520
Step: 30000000  Loss: 0.051264 Regul: 0.011914 Obj: 0.063178 (0.057637)  NNZ: 14 (10)  Ttime: 1.3872 Vtime: 0.0516
Step: 30100000  Loss: 0.052439 Regul: 0.009503 Obj: 0.061943 (0.057637)  NNZ: 12 (10)  Ttime: 1.3896 Vtime: 0.0519
Step: 30200000  Loss: 0.056179 Regul: 0.010263 Obj: 0.066442 (0.057637)  NNZ: 8 (10)  Ttime: 1.3894 Vtime: 0.0518
Step: 30300000  Loss: 0.055319 Regul: 0.016666 Obj: 0.071984 (0.057637)  NNZ: 17 (10)  Ttime: 1.3879 Vtime: 0.0517
Step: 30400000  Loss: 0.050932 Regul: 0.009976 Obj: 0.060909 (0.057637)  NNZ: 13 (10)  Ttime: 1.3984 Vtime: 0.0515
Step: 30500000  Loss: 0.063577 Regul: 0.009604 Obj: 0.073181 (0.057637)  NNZ: 9 (10)  Ttime: 1.3870 Vtime: 0.0519
Step: 30600000  Loss: 0.049366 Regul: 0.010440 Obj: 0.059806 (0.057637)  NNZ: 14 (10)  Ttime: 1.3915 Vtime: 0.0519
Step: 30700000  Loss: 0.148287 Regul: 0.008047 Obj: 0.156335 (0.057637)  NNZ: 10 (10)  Ttime: 1.3845 Vtime: 0.0524
Step: 30800000  Loss: 0.054496 Regul: 0.011563 Obj: 0.066059 (0.057637)  NNZ: 12 (10)  Ttime: 1.3868 Vtime: 0.0516
Step: 30900000  Loss: 0.083924 Regul: 0.009195 Obj: 0.093118 (0.057637)  NNZ: 11 (10)  Ttime: 1.3849 Vtime: 0.0509
Step: 31000000  Loss: 0.053971 Regul: 0.011139 Obj: 0.065110 (0.057637)  NNZ: 12 (10)  Ttime: 1.3875 Vtime: 0.0520
Step: 31100000  Loss: 0.054033 Regul: 0.008633 Obj: 0.062666 (0.057637)  NNZ: 12 (10)  Ttime: 1.3877 Vtime: 0.0511
Step: 31200000  Loss: 0.055958 Regul: 0.008096 Obj: 0.064054 (0.057637)  NNZ: 8 (10)  Ttime: 1.3882 Vtime: 0.0516
Step: 31300000  Loss: 0.054491 Regul: 0.006485 Obj: 0.060976 (0.057637)  NNZ: 10 (10)  Ttime: 1.3897 Vtime: 0.0518
Step: 31400000  Loss: 0.053717 Regul: 0.011575 Obj: 0.065293 (0.057637)  NNZ: 16 (10)  Ttime: 1.3884 Vtime: 0.0515
Step: 31500000  Loss: 0.055552 Regul: 0.007959 Obj: 0.063511 (0.057637)  NNZ: 14 (10)  Ttime: 1.3891 Vtime: 0.0510
Step: 31600000  Loss: 0.051164 Regul: 0.014453 Obj: 0.065617 (0.057637)  NNZ: 12 (10)  Ttime: 1.3877 Vtime: 0.0516
Step: 31700000  Loss: 0.053910 Regul: 0.009464 Obj: 0.063374 (0.057637)  NNZ: 10 (10)  Ttime: 1.4017 Vtime: 0.0518
Step: 31800000  Loss: 0.077297 Regul: 0.012747 Obj: 0.090044 (0.057637)  NNZ: 13 (10)  Ttime: 1.3868 Vtime: 0.0513
Step: 31900000  Loss: 0.055237 Regul: 0.012894 Obj: 0.068131 (0.057637)  NNZ: 17 (10)  Ttime: 1.3893 Vtime: 0.0516
Step: 32000000  Loss: 0.056123 Regul: 0.011530 Obj: 0.067653 (0.057637)  NNZ: 15 (10)  Ttime: 1.3883 Vtime: 0.0509
Step: 32100000  Loss: 0.050582 Regul: 0.008310 Obj: 0.058892 (0.057637)  NNZ: 12 (10)  Ttime: 1.3852 Vtime: 0.0520
Step: 32200000  Loss: 0.055932 Regul: 0.012241 Obj: 0.068173 (0.057637)  NNZ: 13 (10)  Ttime: 1.3985 Vtime: 0.0513
Step: 32300000  Loss: 0.053251 Regul: 0.011505 Obj: 0.064756 (0.057637)  NNZ: 17 (10)  Ttime: 1.3866 Vtime: 0.0519
Step: 32400000  Loss: 0.060923 Regul: 0.007446 Obj: 0.068369 (0.057637)  NNZ: 8 (10)  Ttime: 1.3876 Vtime: 0.0511
Step: 32500000  Loss: 0.049640 Regul: 0.010724 Obj: 0.060363 (0.057637)  NNZ: 13 (10)  Ttime: 1.3898 Vtime: 0.0518
Step: 32600000  Loss: 0.059987 Regul: 0.006592 Obj: 0.066579 (0.057637)  NNZ: 10 (10)  Ttime: 1.3852 Vtime: 0.0518
Step: 32700000  Loss: 0.056962 Regul: 0.007483 Obj: 0.064445 (0.057637)  NNZ: 11 (10)  Ttime: 1.3895 Vtime: 0.0511
Step: 32800000  Loss: 0.048459 Regul: 0.009299 Obj: 0.057758 (0.057637)  NNZ: 12 (10)  Ttime: 1.3880 Vtime: 0.0516
Step: 32900000  Loss: 0.050080 Regul: 0.011652 Obj: 0.061732 (0.057637)  NNZ: 12 (10)  Ttime: 1.3860 Vtime: 0.0516
Step: 33000000  Loss: 0.060404 Regul: 0.006061 Obj: 0.066465 (0.057637)  NNZ: 11 (10)  Ttime: 1.3893 Vtime: 0.0507
Step: 33100000  Loss: 0.055141 Regul: 0.010458 Obj: 0.065599 (0.057637)  NNZ: 12 (10)  Ttime: 1.3840 Vtime: 0.0512
Step: 33200000  Loss: 0.068339 Regul: 0.011859 Obj: 0.080198 (0.057637)  NNZ: 14 (10)  Ttime: 1.3873 Vtime: 0.0519
Step: 33300000  Loss: 0.058718 Regul: 0.006470 Obj: 0.065188 (0.057637)  NNZ: 8 (10)  Ttime: 1.3899 Vtime: 0.0516
Step: 33400000  Loss: 0.067826 Regul: 0.011914 Obj: 0.079740 (0.057637)  NNZ: 15 (10)  Ttime: 1.3921 Vtime: 0.0519
Step: 33500000  Loss: 0.061460 Regul: 0.005533 Obj: 0.066993 (0.057637)  NNZ: 9 (10)  Ttime: 1.3844 Vtime: 0.0518
Step: 33600000  Loss: 0.059368 Regul: 0.015210 Obj: 0.074578 (0.057637)  NNZ: 16 (10)  Ttime: 1.3881 Vtime: 0.0509
Step: 33700000  Loss: 0.088943 Regul: 0.014584 Obj: 0.103527 (0.057637)  NNZ: 15 (10)  Ttime: 1.3865 Vtime: 0.0513
Step: 33800000  Loss: 0.074968 Regul: 0.021130 Obj: 0.096099 (0.057637)  NNZ: 20 (10)  Ttime: 1.3870 Vtime: 0.0521
Step: 33900000  Loss: 0.063729 Regul: 0.012161 Obj: 0.075890 (0.057637)  NNZ: 9 (10)  Ttime: 1.3867 Vtime: 0.0513
Step: 34000000  Loss: 0.061548 Regul: 0.017572 Obj: 0.079120 (0.057637)  NNZ: 20 (10)  Ttime: 1.3842 Vtime: 0.0507
Step: 34100000  Loss: 0.081465 Regul: 0.019434 Obj: 0.100899 (0.057637)  NNZ: 15 (10)  Ttime: 1.3876 Vtime: 0.0511
Step: 34200000  Loss: 0.062192 Regul: 0.015320 Obj: 0.077512 (0.057637)  NNZ: 9 (10)  Ttime: 1.3851 Vtime: 0.0519
Step: 34300000  Loss: 0.051193 Regul: 0.011069 Obj: 0.062262 (0.057637)  NNZ: 12 (10)  Ttime: 1.3852 Vtime: 0.0519
Step: 34400000  Loss: 0.052708 Regul: 0.012430 Obj: 0.065138 (0.057637)  NNZ: 19 (10)  Ttime: 1.3827 Vtime: 0.0516
Step: 34500000  Loss: 0.062551 Regul: 0.020532 Obj: 0.083083 (0.057637)  NNZ: 18 (10)  Ttime: 1.3859 Vtime: 0.0515
Step: 34600000  Loss: 0.051860 Regul: 0.010153 Obj: 0.062013 (0.057637)  NNZ: 11 (10)  Ttime: 1.3850 Vtime: 0.0518
Step: 34700000  Loss: 0.061153 Regul: 0.020190 Obj: 0.081344 (0.057637)  NNZ: 16 (10)  Ttime: 1.3858 Vtime: 0.0511
Step: 34800000  Loss: 0.053396 Regul: 0.012589 Obj: 0.065985 (0.057637)  NNZ: 13 (10)  Ttime: 1.3864 Vtime: 0.0514
Step: 34900000  Loss: 0.071470 Regul: 0.021429 Obj: 0.092899 (0.057637)  NNZ: 20 (10)  Ttime: 1.3876 Vtime: 0.0519
Step: 35000000  Loss: 0.052707 Regul: 0.010468 Obj: 0.063174 (0.057637)  NNZ: 10 (10)  Ttime: 1.3855 Vtime: 0.0515
Step: 35100000  Loss: 0.050983 Regul: 0.013620 Obj: 0.064603 (0.057637)  NNZ: 15 (10)  Ttime: 1.3847 Vtime: 0.0512
Step: 35200000  Loss: 0.077937 Regul: 0.025198 Obj: 0.103136 (0.057637)  NNZ: 21 (10)  Ttime: 1.3852 Vtime: 0.0512
Step: 35300000  Loss: 0.049443 Regul: 0.013434 Obj: 0.062877 (0.057637)  NNZ: 13 (10)  Ttime: 1.3870 Vtime: 0.0515
Step: 35400000  Loss: 0.051503 Regul: 0.014282 Obj: 0.065785 (0.057637)  NNZ: 11 (10)  Ttime: 1.3866 Vtime: 0.0521
Step: 35500000  Loss: 0.049583 Regul: 0.009290 Obj: 0.058873 (0.057637)  NNZ: 11 (10)  Ttime: 1.3865 Vtime: 0.0512
Step: 35600000  Loss: 0.060067 Regul: 0.019678 Obj: 0.079744 (0.057637)  NNZ: 18 (10)  Ttime: 1.3846 Vtime: 0.0519
Step: 35700000  Loss: 0.052151 Regul: 0.013950 Obj: 0.066100 (0.057637)  NNZ: 13 (10)  Ttime: 1.3850 Vtime: 0.0505
Step: 35800000  Loss: 0.052775 Regul: 0.014096 Obj: 0.066872 (0.057637)  NNZ: 11 (10)  Ttime: 1.3856 Vtime: 0.0516
Step: 35900000  Loss: 0.067531 Regul: 0.020557 Obj: 0.088088 (0.057637)  NNZ: 20 (10)  Ttime: 1.3862 Vtime: 0.0515
Step: 36000000  Loss: 0.048764 Regul: 0.010779 Obj: 0.059543 (0.057637)  NNZ: 12 (10)  Ttime: 1.3863 Vtime: 0.0515
Step: 36100000  Loss: 0.061855 Regul: 0.018121 Obj: 0.079976 (0.057637)  NNZ: 19 (10)  Ttime: 1.3846 Vtime: 0.0515
Step: 36200000  Loss: 0.053500 Regul: 0.013837 Obj: 0.067337 (0.057637)  NNZ: 12 (10)  Ttime: 1.3896 Vtime: 0.0513
Step: 36300000  Loss: 0.051508 Regul: 0.014316 Obj: 0.065824 (0.057637)  NNZ: 15 (10)  Ttime: 1.3852 Vtime: 0.0510
Step: 36400000  Loss: 0.053174 Regul: 0.015967 Obj: 0.069141 (0.057637)  NNZ: 13 (10)  Ttime: 1.3957 Vtime: 0.0512
Step: 36500000  Loss: 0.056553 Regul: 0.015216 Obj: 0.071769 (0.057637)  NNZ: 12 (10)  Ttime: 1.4032 Vtime: 0.0511
Step: 36600000  Loss: 0.054749 Regul: 0.015942 Obj: 0.070691 (0.057637)  NNZ: 18 (10)  Ttime: 1.3858 Vtime: 0.0519
Step: 36700000  Loss: 0.055541 Regul: 0.018509 Obj: 0.074050 (0.057637)  NNZ: 15 (10)  Ttime: 1.3873 Vtime: 0.0523
Step: 36800000  Loss: 0.054601 Regul: 0.014325 Obj: 0.068926 (0.057637)  NNZ: 13 (10)  Ttime: 1.3848 Vtime: 0.0517
Step: 36900000  Loss: 0.050215 Regul: 0.010641 Obj: 0.060856 (0.057637)  NNZ: 11 (10)  Ttime: 1.3869 Vtime: 0.0512
Step: 37000000  Loss: 0.060170 Regul: 0.014648 Obj: 0.074818 (0.057637)  NNZ: 19 (10)  Ttime: 1.3847 Vtime: 0.0516
Step: 37100000  Loss: 0.065696 Regul: 0.022729 Obj: 0.088426 (0.057637)  NNZ: 20 (10)  Ttime: 1.3844 Vtime: 0.0513
Step: 37200000  Loss: 0.049575 Regul: 0.011090 Obj: 0.060665 (0.057637)  NNZ: 12 (10)  Ttime: 1.3918 Vtime: 0.0520
Step: 37300000  Loss: 0.057417 Regul: 0.015451 Obj: 0.072868 (0.057637)  NNZ: 19 (10)  Ttime: 1.3857 Vtime: 0.0517
Step: 37400000  Loss: 0.063467 Regul: 0.020374 Obj: 0.083841 (0.057637)  NNZ: 18 (10)  Ttime: 1.3867 Vtime: 0.0517
Step: 37500000  Loss: 0.055917 Regul: 0.017633 Obj: 0.073550 (0.057637)  NNZ: 14 (10)  Ttime: 1.3899 Vtime: 0.0510
Step: 37600000  Loss: 0.062462 Regul: 0.011938 Obj: 0.074401 (0.057637)  NNZ: 10 (10)  Ttime: 1.3902 Vtime: 0.0522
Step: 37700000  Loss: 0.058420 Regul: 0.015573 Obj: 0.073993 (0.057637)  NNZ: 11 (10)  Ttime: 1.3834 Vtime: 0.0517
Step: 37800000  Loss: 0.053692 Regul: 0.015320 Obj: 0.069011 (0.057637)  NNZ: 13 (10)  Ttime: 1.3836 Vtime: 0.0518
Step: 37900000  Loss: 0.056871 Regul: 0.016769 Obj: 0.073641 (0.057637)  NNZ: 15 (10)  Ttime: 1.4055 Vtime: 0.0511
Step: 38000000  Loss: 0.053171 Regul: 0.014590 Obj: 0.067761 (0.057637)  NNZ: 13 (10)  Ttime: 1.3857 Vtime: 0.0521
Step: 38100000  Loss: 0.051474 Regul: 0.013821 Obj: 0.065296 (0.057637)  NNZ: 13 (10)  Ttime: 1.3838 Vtime: 0.0515
Step: 38200000  Loss: 0.053938 Regul: 0.012476 Obj: 0.066413 (0.057637)  NNZ: 9 (10)  Ttime: 1.3864 Vtime: 0.0513
Best: 38300000  Loss: 0.048765 Regul: 0.008856 Obj: 0.057621 (0.057621)  NNZ: 10 (10)  Ttime: 1.3871 Vtime: 0.0516
Stat: nPR #68 (#80) Dim/MaxDim [544/640] AUC: 0.981703 FPR95: 7.42 [saved]
Step: 38400000  Loss: 0.055577 Regul: 0.015170 Obj: 0.070747 (0.057621)  NNZ: 13 (10)  Ttime: 1.3934 Vtime: 0.0510
Step: 38500000  Loss: 0.053840 Regul: 0.007941 Obj: 0.061780 (0.057621)  NNZ: 8 (10)  Ttime: 1.3851 Vtime: 0.0522
Step: 38600000  Loss: 0.055024 Regul: 0.012723 Obj: 0.067747 (0.057621)  NNZ: 15 (10)  Ttime: 1.3864 Vtime: 0.0513
Step: 38700000  Loss: 0.058119 Regul: 0.009357 Obj: 0.067475 (0.057621)  NNZ: 12 (10)  Ttime: 1.3840 Vtime: 0.0510
Step: 38800000  Loss: 0.053840 Regul: 0.016058 Obj: 0.069899 (0.057621)  NNZ: 14 (10)  Ttime: 1.3850 Vtime: 0.0518
Step: 38900000  Loss: 0.055057 Regul: 0.017029 Obj: 0.072086 (0.057621)  NNZ: 15 (10)  Ttime: 1.3850 Vtime: 0.0518
Step: 39000000  Loss: 0.077376 Regul: 0.011893 Obj: 0.089268 (0.057621)  NNZ: 13 (10)  Ttime: 1.3850 Vtime: 0.0512
Step: 39100000  Loss: 0.057295 Regul: 0.018024 Obj: 0.075318 (0.057621)  NNZ: 20 (10)  Ttime: 1.3862 Vtime: 0.0515
Step: 39200000  Loss: 0.056729 Regul: 0.015140 Obj: 0.071869 (0.057621)  NNZ: 14 (10)  Ttime: 1.3862 Vtime: 0.0514
Step: 39300000  Loss: 0.061787 Regul: 0.016971 Obj: 0.078758 (0.057621)  NNZ: 17 (10)  Ttime: 1.3852 Vtime: 0.0510
Step: 39400000  Loss: 0.060731 Regul: 0.016965 Obj: 0.077696 (0.057621)  NNZ: 16 (10)  Ttime: 1.3868 Vtime: 0.0517
Step: 39500000  Loss: 0.050610 Regul: 0.010989 Obj: 0.061600 (0.057621)  NNZ: 12 (10)  Ttime: 1.4089 Vtime: 0.0514
Step: 39600000  Loss: 0.055856 Regul: 0.017294 Obj: 0.073150 (0.057621)  NNZ: 16 (10)  Ttime: 1.3872 Vtime: 0.0514
Step: 39700000  Loss: 0.084200 Regul: 0.011633 Obj: 0.095834 (0.057621)  NNZ: 15 (10)  Ttime: 1.3854 Vtime: 0.0516
Step: 39800000  Loss: 0.051164 Regul: 0.015439 Obj: 0.066603 (0.057621)  NNZ: 15 (10)  Ttime: 1.3912 Vtime: 0.0526
Step: 39900000  Loss: 0.060238 Regul: 0.006277 Obj: 0.066515 (0.057621)  NNZ: 9 (10)  Ttime: 1.3846 Vtime: 0.0518
Step: 40000000  Loss: 0.058550 Regul: 0.018143 Obj: 0.076692 (0.057621)  NNZ: 12 (10)  Ttime: 1.3861 Vtime: 0.0515
Step: 40100000  Loss: 0.056574 Regul: 0.017874 Obj: 0.074448 (0.057621)  NNZ: 15 (10)  Ttime: 1.3839 Vtime: 0.0511
Step: 40200000  Loss: 0.054057 Regul: 0.015875 Obj: 0.069933 (0.057621)  NNZ: 15 (10)  Ttime: 1.3839 Vtime: 0.0521
Step: 40300000  Loss: 0.055902 Regul: 0.012216 Obj: 0.068118 (0.057621)  NNZ: 13 (10)  Ttime: 1.3851 Vtime: 0.0517
Step: 40400000  Loss: 0.050755 Regul: 0.013181 Obj: 0.063935 (0.057621)  NNZ: 14 (10)  Ttime: 1.3866 Vtime: 0.0517
Step: 40500000  Loss: 0.066215 Regul: 0.015897 Obj: 0.082111 (0.057621)  NNZ: 19 (10)  Ttime: 1.3894 Vtime: 0.0517
Step: 40600000  Loss: 0.055747 Regul: 0.011865 Obj: 0.067612 (0.057621)  NNZ: 10 (10)  Ttime: 1.3859 Vtime: 0.0514
Step: 40700000  Loss: 0.053562 Regul: 0.016611 Obj: 0.070173 (0.057621)  NNZ: 20 (10)  Ttime: 1.3981 Vtime: 0.0517
Step: 40800000  Loss: 0.051737 Regul: 0.011395 Obj: 0.063132 (0.057621)  NNZ: 12 (10)  Ttime: 1.3865 Vtime: 0.0517
Step: 40900000  Loss: 0.055021 Regul: 0.014468 Obj: 0.069490 (0.057621)  NNZ: 12 (10)  Ttime: 1.3828 Vtime: 0.0521
Step: 41000000  Loss: 0.059723 Regul: 0.013055 Obj: 0.072778 (0.057621)  NNZ: 10 (10)  Ttime: 1.3872 Vtime: 0.0510
Step: 41100000  Loss: 0.055303 Regul: 0.016525 Obj: 0.071828 (0.057621)  NNZ: 14 (10)  Ttime: 1.3933 Vtime: 0.0511
Step: 41200000  Loss: 0.056358 Regul: 0.014795 Obj: 0.071153 (0.057621)  NNZ: 12 (10)  Ttime: 1.3835 Vtime: 0.0513
Step: 41300000  Loss: 0.056329 Regul: 0.016998 Obj: 0.073327 (0.057621)  NNZ: 15 (10)  Ttime: 1.3860 Vtime: 0.0520
Step: 41400000  Loss: 0.051274 Regul: 0.012827 Obj: 0.064101 (0.057621)  NNZ: 9 (10)  Ttime: 1.3863 Vtime: 0.0523
Step: 41500000  Loss: 0.068103 Regul: 0.012427 Obj: 0.080530 (0.057621)  NNZ: 14 (10)  Ttime: 1.3856 Vtime: 0.0515
Step: 41600000  Loss: 0.071555 Regul: 0.019632 Obj: 0.091187 (0.057621)  NNZ: 14 (10)  Ttime: 1.3869 Vtime: 0.0513
Step: 41700000  Loss: 0.054297 Regul: 0.014413 Obj: 0.068710 (0.057621)  NNZ: 12 (10)  Ttime: 1.3853 Vtime: 0.0515
Step: 41800000  Loss: 0.054047 Regul: 0.010434 Obj: 0.064481 (0.057621)  NNZ: 14 (10)  Ttime: 1.3867 Vtime: 0.0513
Step: 41900000  Loss: 0.052271 Regul: 0.015320 Obj: 0.067591 (0.057621)  NNZ: 13 (10)  Ttime: 1.3862 Vtime: 0.0510
Step: 42000000  Loss: 0.058166 Regul: 0.015460 Obj: 0.073626 (0.057621)  NNZ: 15 (10)  Ttime: 1.3907 Vtime: 0.0513
Step: 42100000  Loss: 0.059359 Regul: 0.016193 Obj: 0.075552 (0.057621)  NNZ: 22 (10)  Ttime: 1.3838 Vtime: 0.0512
Step: 42200000  Loss: 0.052667 Regul: 0.015936 Obj: 0.068603 (0.057621)  NNZ: 17 (10)  Ttime: 1.3834 Vtime: 0.0515
Step: 42300000  Loss: 0.057597 Regul: 0.011932 Obj: 0.069529 (0.057621)  NNZ: 12 (10)  Ttime: 1.3860 Vtime: 0.0516
Step: 42400000  Loss: 0.052177 Regul: 0.013565 Obj: 0.065742 (0.057621)  NNZ: 13 (10)  Ttime: 1.3846 Vtime: 0.0518
Step: 42500000  Loss: 0.049599 Regul: 0.010281 Obj: 0.059881 (0.057621)  NNZ: 10 (10)  Ttime: 1.3979 Vtime: 0.0515
Step: 42600000  Loss: 0.051444 Regul: 0.013657 Obj: 0.065100 (0.057621)  NNZ: 13 (10)  Ttime: 1.3894 Vtime: 0.0517
Step: 42700000  Loss: 0.052921 Regul: 0.012988 Obj: 0.065910 (0.057621)  NNZ: 12 (10)  Ttime: 1.3861 Vtime: 0.0517
Step: 42800000  Loss: 0.058842 Regul: 0.019971 Obj: 0.078813 (0.057621)  NNZ: 20 (10)  Ttime: 1.3854 Vtime: 0.0513
Step: 42900000  Loss: 0.051212 Regul: 0.012070 Obj: 0.063282 (0.057621)  NNZ: 12 (10)  Ttime: 1.3892 Vtime: 0.0520
Step: 43000000  Loss: 0.050143 Regul: 0.013049 Obj: 0.063192 (0.057621)  NNZ: 14 (10)  Ttime: 1.3940 Vtime: 0.0507
Step: 43100000  Loss: 0.055551 Regul: 0.011798 Obj: 0.067349 (0.057621)  NNZ: 11 (10)  Ttime: 1.3863 Vtime: 0.0513
Step: 43200000  Loss: 0.057640 Regul: 0.017911 Obj: 0.075551 (0.057621)  NNZ: 22 (10)  Ttime: 1.3830 Vtime: 0.0519
Step: 43300000  Loss: 0.052063 Regul: 0.013593 Obj: 0.065655 (0.057621)  NNZ: 16 (10)  Ttime: 1.3856 Vtime: 0.0526
Step: 43400000  Loss: 0.055018 Regul: 0.013965 Obj: 0.068983 (0.057621)  NNZ: 11 (10)  Ttime: 1.3874 Vtime: 0.0522
Step: 43500000  Loss: 0.054082 Regul: 0.015839 Obj: 0.069920 (0.057621)  NNZ: 13 (10)  Ttime: 1.3863 Vtime: 0.0513
Step: 43600000  Loss: 0.055982 Regul: 0.014392 Obj: 0.070374 (0.057621)  NNZ: 14 (10)  Ttime: 1.3855 Vtime: 0.0509
Step: 43700000  Loss: 0.058536 Regul: 0.020807 Obj: 0.079343 (0.057621)  NNZ: 17 (10)  Ttime: 1.3820 Vtime: 0.0511
Step: 43800000  Loss: 0.052888 Regul: 0.014023 Obj: 0.066911 (0.057621)  NNZ: 13 (10)  Ttime: 1.3865 Vtime: 0.0519
Step: 43900000  Loss: 0.052032 Regul: 0.011053 Obj: 0.063086 (0.057621)  NNZ: 11 (10)  Ttime: 1.3860 Vtime: 0.0520
Step: 44000000  Loss: 0.064835 Regul: 0.013647 Obj: 0.078483 (0.057621)  NNZ: 11 (10)  Ttime: 1.3873 Vtime: 0.0514
Step: 44100000  Loss: 0.058127 Regul: 0.010849 Obj: 0.068976 (0.057621)  NNZ: 11 (10)  Ttime: 1.3849 Vtime: 0.0514
Step: 44200000  Loss: 0.053632 Regul: 0.015787 Obj: 0.069419 (0.057621)  NNZ: 14 (10)  Ttime: 1.3849 Vtime: 0.0516
Step: 44300000  Loss: 0.054089 Regul: 0.013037 Obj: 0.067126 (0.057621)  NNZ: 18 (10)  Ttime: 1.3845 Vtime: 0.0511
Step: 44400000  Loss: 0.056446 Regul: 0.016016 Obj: 0.072462 (0.057621)  NNZ: 14 (10)  Ttime: 1.3913 Vtime: 0.0522
Step: 44500000  Loss: 0.052308 Regul: 0.009665 Obj: 0.061973 (0.057621)  NNZ: 11 (10)  Ttime: 1.3872 Vtime: 0.0514
Step: 44600000  Loss: 0.049473 Regul: 0.010489 Obj: 0.059962 (0.057621)  NNZ: 12 (10)  Ttime: 1.3845 Vtime: 0.0513
Step: 44700000  Loss: 0.049709 Regul: 0.012509 Obj: 0.062218 (0.057621)  NNZ: 17 (10)  Ttime: 1.3886 Vtime: 0.0524
Step: 44800000  Loss: 0.068006 Regul: 0.023090 Obj: 0.091096 (0.057621)  NNZ: 24 (10)  Ttime: 1.3849 Vtime: 0.0513
Step: 44900000  Loss: 0.051444 Regul: 0.014471 Obj: 0.065916 (0.057621)  NNZ: 15 (10)  Ttime: 1.3972 Vtime: 0.0521
Step: 45000000  Loss: 0.060777 Regul: 0.017126 Obj: 0.077903 (0.057621)  NNZ: 23 (10)  Ttime: 1.3854 Vtime: 0.0515
Step: 45100000  Loss: 0.051187 Regul: 0.010159 Obj: 0.061346 (0.057621)  NNZ: 10 (10)  Ttime: 1.3840 Vtime: 0.0517
Step: 45200000  Loss: 0.057881 Regul: 0.017404 Obj: 0.075286 (0.057621)  NNZ: 18 (10)  Ttime: 1.3888 Vtime: 0.0516
Step: 45300000  Loss: 0.066441 Regul: 0.021463 Obj: 0.087904 (0.057621)  NNZ: 21 (10)  Ttime: 1.3858 Vtime: 0.0513
Step: 45400000  Loss: 0.061200 Regul: 0.019885 Obj: 0.081086 (0.057621)  NNZ: 14 (10)  Ttime: 1.3859 Vtime: 0.0523
Step: 45500000  Loss: 0.060873 Regul: 0.015668 Obj: 0.076541 (0.057621)  NNZ: 19 (10)  Ttime: 1.3841 Vtime: 0.0513
Step: 45600000  Loss: 0.051619 Regul: 0.010580 Obj: 0.062200 (0.057621)  NNZ: 14 (10)  Ttime: 1.3996 Vtime: 0.0519
Step: 45700000  Loss: 0.055586 Regul: 0.014963 Obj: 0.070549 (0.057621)  NNZ: 15 (10)  Ttime: 1.3864 Vtime: 0.0512
Step: 45800000  Loss: 0.075059 Regul: 0.021295 Obj: 0.096354 (0.057621)  NNZ: 18 (10)  Ttime: 1.3875 Vtime: 0.0507
Step: 45900000  Loss: 0.062864 Regul: 0.014267 Obj: 0.077131 (0.057621)  NNZ: 15 (10)  Ttime: 1.3864 Vtime: 0.0511
Step: 46000000  Loss: 0.109052 Regul: 0.011450 Obj: 0.120502 (0.057621)  NNZ: 9 (10)  Ttime: 1.3885 Vtime: 0.0513
Step: 46100000  Loss: 0.065803 Regul: 0.009604 Obj: 0.075407 (0.057621)  NNZ: 16 (10)  Ttime: 1.3860 Vtime: 0.0517
Step: 46200000  Loss: 0.051099 Regul: 0.013263 Obj: 0.064362 (0.057621)  NNZ: 20 (10)  Ttime: 1.3875 Vtime: 0.0517
Step: 46300000  Loss: 0.049834 Regul: 0.011520 Obj: 0.061354 (0.057621)  NNZ: 16 (10)  Ttime: 1.3913 Vtime: 0.0519
Step: 46400000  Loss: 0.052122 Regul: 0.008731 Obj: 0.060853 (0.057621)  NNZ: 13 (10)  Ttime: 1.3865 Vtime: 0.0516
Step: 46500000  Loss: 0.062220 Regul: 0.014929 Obj: 0.077150 (0.057621)  NNZ: 16 (10)  Ttime: 1.3824 Vtime: 0.0518
Step: 46600000  Loss: 0.051991 Regul: 0.012375 Obj: 0.064366 (0.057621)  NNZ: 12 (10)  Ttime: 1.3842 Vtime: 0.0521
Step: 46700000  Loss: 0.074153 Regul: 0.017841 Obj: 0.091994 (0.057621)  NNZ: 16 (10)  Ttime: 1.3855 Vtime: 0.0512
Step: 46800000  Loss: 0.053097 Regul: 0.010251 Obj: 0.063348 (0.057621)  NNZ: 13 (10)  Ttime: 1.3876 Vtime: 0.0512
Step: 46900000  Loss: 0.056469 Regul: 0.016373 Obj: 0.072842 (0.057621)  NNZ: 13 (10)  Ttime: 1.3853 Vtime: 0.0512
Step: 47000000  Loss: 0.054587 Regul: 0.015707 Obj: 0.070294 (0.057621)  NNZ: 11 (10)  Ttime: 1.3911 Vtime: 0.0517
Step: 47100000  Loss: 0.058744 Regul: 0.020761 Obj: 0.079506 (0.057621)  NNZ: 17 (10)  Ttime: 1.4028 Vtime: 0.0511
Step: 47200000  Loss: 0.058922 Regul: 0.019046 Obj: 0.077968 (0.057621)  NNZ: 14 (10)  Ttime: 1.3865 Vtime: 0.0513
Step: 47300000  Loss: 0.053722 Regul: 0.016968 Obj: 0.070689 (0.057621)  NNZ: 18 (10)  Ttime: 1.3837 Vtime: 0.0513
Step: 47400000  Loss: 0.053493 Regul: 0.013666 Obj: 0.067159 (0.057621)  NNZ: 14 (10)  Ttime: 1.3880 Vtime: 0.0518
Step: 47500000  Loss: 0.082356 Regul: 0.004520 Obj: 0.086876 (0.057621)  NNZ: 6 (10)  Ttime: 1.3864 Vtime: 0.0517
Step: 47600000  Loss: 0.062299 Regul: 0.016516 Obj: 0.078815 (0.057621)  NNZ: 19 (10)  Ttime: 1.3868 Vtime: 0.0525
Step: 47700000  Loss: 0.059045 Regul: 0.018176 Obj: 0.077222 (0.057621)  NNZ: 16 (10)  Ttime: 1.3852 Vtime: 0.0511
Step: 47800000  Loss: 0.067822 Regul: 0.015839 Obj: 0.083660 (0.057621)  NNZ: 16 (10)  Ttime: 1.3872 Vtime: 0.0513
Step: 47900000  Loss: 0.058160 Regul: 0.018796 Obj: 0.076955 (0.057621)  NNZ: 17 (10)  Ttime: 1.3888 Vtime: 0.0514
Step: 48000000  Loss: 0.051924 Regul: 0.010794 Obj: 0.062718 (0.057621)  NNZ: 14 (10)  Ttime: 1.3860 Vtime: 0.0512
Step: 48100000  Loss: 0.053193 Regul: 0.011200 Obj: 0.064393 (0.057621)  NNZ: 12 (10)  Ttime: 1.3857 Vtime: 0.0514
Step: 48200000  Loss: 0.055405 Regul: 0.011765 Obj: 0.067169 (0.057621)  NNZ: 12 (10)  Ttime: 1.3881 Vtime: 0.0520
Step: 48300000  Loss: 0.054213 Regul: 0.010690 Obj: 0.064903 (0.057621)  NNZ: 11 (10)  Ttime: 1.3869 Vtime: 0.0506
Step: 48400000  Loss: 0.055641 Regul: 0.015765 Obj: 0.071406 (0.057621)  NNZ: 15 (10)  Ttime: 1.3862 Vtime: 0.0515
Step: 48500000  Loss: 0.068888 Regul: 0.014624 Obj: 0.083512 (0.057621)  NNZ: 19 (10)  Ttime: 1.3876 Vtime: 0.0515
Step: 48600000  Loss: 0.051761 Regul: 0.013321 Obj: 0.065082 (0.057621)  NNZ: 15 (10)  Ttime: 1.3811 Vtime: 0.0513
Step: 48700000  Loss: 0.054938 Regul: 0.013965 Obj: 0.068903 (0.057621)  NNZ: 16 (10)  Ttime: 1.3916 Vtime: 0.0513
Step: 48800000  Loss: 0.059528 Regul: 0.013290 Obj: 0.072818 (0.057621)  NNZ: 13 (10)  Ttime: 1.3841 Vtime: 0.0517
Step: 48900000  Loss: 0.052364 Regul: 0.014389 Obj: 0.066753 (0.057621)  NNZ: 10 (10)  Ttime: 1.3880 Vtime: 0.0512
Step: 49000000  Loss: 0.054876 Regul: 0.014182 Obj: 0.069057 (0.057621)  NNZ: 12 (10)  Ttime: 1.3874 Vtime: 0.0517
Step: 49100000  Loss: 0.051455 Regul: 0.009302 Obj: 0.060757 (0.057621)  NNZ: 11 (10)  Ttime: 1.3924 Vtime: 0.0514
Step: 49200000  Loss: 0.055059 Regul: 0.017606 Obj: 0.072664 (0.057621)  NNZ: 15 (10)  Ttime: 1.3861 Vtime: 0.0519
Step: 49300000  Loss: 0.060427 Regul: 0.014413 Obj: 0.074840 (0.057621)  NNZ: 14 (10)  Ttime: 1.3857 Vtime: 0.0521
Step: 49400000  Loss: 0.053991 Regul: 0.013336 Obj: 0.067327 (0.057621)  NNZ: 16 (10)  Ttime: 1.3878 Vtime: 0.0516
Step: 49500000  Loss: 0.056101 Regul: 0.017661 Obj: 0.073762 (0.057621)  NNZ: 17 (10)  Ttime: 1.3838 Vtime: 0.0516
Step: 49600000  Loss: 0.057738 Regul: 0.019333 Obj: 0.077071 (0.057621)  NNZ: 21 (10)  Ttime: 1.3858 Vtime: 0.0518
Step: 49700000  Loss: 0.057307 Regul: 0.012244 Obj: 0.069550 (0.057621)  NNZ: 13 (10)  Ttime: 1.3859 Vtime: 0.0517
Step: 49800000  Loss: 0.049956 Regul: 0.011545 Obj: 0.061501 (0.057621)  NNZ: 15 (10)  Ttime: 1.3845 Vtime: 0.0525
Step: 49900000  Loss: 0.061276 Regul: 0.010413 Obj: 0.071689 (0.057621)  NNZ: 17 (10)  Ttime: 1.3862 Vtime: 0.0511
Step: 50000000  Loss: 0.057411 Regul: 0.010205 Obj: 0.067616 (0.057621)  NNZ: 11 (10)  Ttime: 1.3850 Vtime: 0.0512
