mu: 0.004 gamma: 0.175 nIters: 50000000
Load PRParams.
Load RingParams.
Load Labels: 500000
Load Distances: 500000 x 5120
0...10...20...30...40...50...60...70...80...90...100 - done.
Positive samples #250000
Negative samples #250000
Positive train #200000
Negative train #200000
Positive valid #50000
Negative valid #50000

Found GPU: GeForce GTX 970
Compute Capability: 5.2

Best: 100000  Loss: 0.099688 Regul: 0.006601 Obj: 0.106288 (0.106288)  NNZ: 19 (19)  Ttime: 1.5726 Vtime: 0.2171
Stat: nPR #128 (#152) Dim/MaxDim [1024/640] AUC: 0.980505 FPR95: 8.31
Step: 200000  Loss: 0.158377 Regul: 0.011408 Obj: 0.169784 (0.106288)  NNZ: 23 (19)  Ttime: 1.5760 Vtime: 0.0533
Step: 300000  Loss: 0.122477 Regul: 0.008626 Obj: 0.131103 (0.106288)  NNZ: 21 (19)  Ttime: 1.5914 Vtime: 0.0504
Best: 400000  Loss: 0.080535 Regul: 0.005081 Obj: 0.085616 (0.085616)  NNZ: 13 (13)  Ttime: 1.5677 Vtime: 0.0508
Stat: nPR #92 (#104) Dim/MaxDim [736/640] AUC: 0.980166 FPR95: 9.42
Step: 500000  Loss: 0.099839 Regul: 0.005637 Obj: 0.105476 (0.085616)  NNZ: 16 (13)  Ttime: 1.5767 Vtime: 0.0541
Step: 600000  Loss: 0.106432 Regul: 0.006470 Obj: 0.112901 (0.085616)  NNZ: 17 (13)  Ttime: 1.5960 Vtime: 0.0527
Best: 700000  Loss: 0.063928 Regul: 0.002830 Obj: 0.066758 (0.066758)  NNZ: 14 (14)  Ttime: 1.6390 Vtime: 0.0519
Stat: nPR #80 (#112) Dim/MaxDim [640/640] AUC: 0.979237 FPR95: 9.93 [saved]
Step: 800000  Loss: 0.107390 Regul: 0.005927 Obj: 0.113317 (0.066758)  NNZ: 15 (14)  Ttime: 1.5862 Vtime: 0.0513
Best: 900000  Loss: 0.062510 Regul: 0.002580 Obj: 0.065090 (0.065090)  NNZ: 10 (10)  Ttime: 1.5858 Vtime: 0.0530
Stat: nPR #68 (#80) Dim/MaxDim [544/640] AUC: 0.978915 FPR95: 9.09 [saved]
Step: 1000000  Loss: 0.097652 Regul: 0.004858 Obj: 0.102510 (0.065090)  NNZ: 14 (10)  Ttime: 1.5954 Vtime: 0.0516
Step: 1100000  Loss: 0.067417 Regul: 0.002374 Obj: 0.069791 (0.065090)  NNZ: 13 (10)  Ttime: 1.5787 Vtime: 0.0531
Step: 1200000  Loss: 0.089604 Regul: 0.003511 Obj: 0.093115 (0.065090)  NNZ: 10 (10)  Ttime: 1.5928 Vtime: 0.0540
Step: 1300000  Loss: 0.093756 Regul: 0.004737 Obj: 0.098493 (0.065090)  NNZ: 15 (10)  Ttime: 1.5766 Vtime: 0.0519
Step: 1400000  Loss: 0.076672 Regul: 0.003788 Obj: 0.080460 (0.065090)  NNZ: 15 (10)  Ttime: 1.5820 Vtime: 0.0525
Step: 1500000  Loss: 0.081475 Regul: 0.003286 Obj: 0.084762 (0.065090)  NNZ: 10 (10)  Ttime: 1.5912 Vtime: 0.0512
Step: 1600000  Loss: 0.080322 Regul: 0.003344 Obj: 0.083665 (0.065090)  NNZ: 12 (10)  Ttime: 1.5847 Vtime: 0.0540
Step: 1700000  Loss: 0.064287 Regul: 0.002673 Obj: 0.066961 (0.065090)  NNZ: 11 (10)  Ttime: 1.5751 Vtime: 0.0515
Best: 1800000  Loss: 0.055329 Regul: 0.002696 Obj: 0.058024 (0.058024)  NNZ: 15 (15)  Ttime: 1.5846 Vtime: 0.0521
Stat: nPR #104 (#120) Dim/MaxDim [832/640] AUC: 0.981195 FPR95: 7.57
Step: 1900000  Loss: 0.062036 Regul: 0.002886 Obj: 0.064922 (0.058024)  NNZ: 11 (15)  Ttime: 1.5984 Vtime: 0.0554
Step: 2000000  Loss: 0.059007 Regul: 0.002729 Obj: 0.061737 (0.058024)  NNZ: 13 (15)  Ttime: 1.5949 Vtime: 0.0543
Step: 2100000  Loss: 0.059236 Regul: 0.001459 Obj: 0.060695 (0.058024)  NNZ: 8 (15)  Ttime: 1.5785 Vtime: 0.0527
Best: 2200000  Loss: 0.053814 Regul: 0.002331 Obj: 0.056146 (0.056146)  NNZ: 12 (12)  Ttime: 1.5821 Vtime: 0.0524
Stat: nPR #88 (#96) Dim/MaxDim [704/640] AUC: 0.980992 FPR95: 7.40
Step: 2300000  Loss: 0.061725 Regul: 0.003136 Obj: 0.064861 (0.056146)  NNZ: 15 (12)  Ttime: 1.5837 Vtime: 0.0534
Step: 2400000  Loss: 0.062089 Regul: 0.002890 Obj: 0.064978 (0.056146)  NNZ: 14 (12)  Ttime: 1.5835 Vtime: 0.0537
Step: 2500000  Loss: 0.091076 Regul: 0.004937 Obj: 0.096013 (0.056146)  NNZ: 20 (12)  Ttime: 1.5800 Vtime: 0.0533
Step: 2600000  Loss: 0.072772 Regul: 0.003933 Obj: 0.076705 (0.056146)  NNZ: 14 (12)  Ttime: 1.5775 Vtime: 0.0540
Step: 2700000  Loss: 0.068999 Regul: 0.003684 Obj: 0.072684 (0.056146)  NNZ: 18 (12)  Ttime: 1.5755 Vtime: 0.0538
Step: 2800000  Loss: 0.060347 Regul: 0.003170 Obj: 0.063517 (0.056146)  NNZ: 13 (12)  Ttime: 1.5753 Vtime: 0.0523
Step: 2900000  Loss: 0.074895 Regul: 0.004333 Obj: 0.079228 (0.056146)  NNZ: 17 (12)  Ttime: 1.5855 Vtime: 0.0524
Best: 3000000  Loss: 0.050624 Regul: 0.001543 Obj: 0.052167 (0.052167)  NNZ: 8 (8)  Ttime: 1.5764 Vtime: 0.0543
Stat: nPR #52 (#64) Dim/MaxDim [416/640] AUC: 0.980913 FPR95: 8.38 [saved]
Step: 3100000  Loss: 0.057764 Regul: 0.001747 Obj: 0.059511 (0.052167)  NNZ: 11 (8)  Ttime: 1.5880 Vtime: 0.0522
Step: 3200000  Loss: 0.074958 Regul: 0.001794 Obj: 0.076752 (0.052167)  NNZ: 9 (8)  Ttime: 1.5803 Vtime: 0.0540
Step: 3300000  Loss: 0.065982 Regul: 0.003259 Obj: 0.069241 (0.052167)  NNZ: 20 (8)  Ttime: 1.5812 Vtime: 0.0553
Step: 3400000  Loss: 0.065263 Regul: 0.003074 Obj: 0.068337 (0.052167)  NNZ: 14 (8)  Ttime: 1.5892 Vtime: 0.0527
Step: 3500000  Loss: 0.057909 Regul: 0.003383 Obj: 0.061292 (0.052167)  NNZ: 15 (8)  Ttime: 1.5810 Vtime: 0.0538
Step: 3600000  Loss: 0.052007 Regul: 0.002053 Obj: 0.054060 (0.052167)  NNZ: 8 (8)  Ttime: 1.5856 Vtime: 0.0529
Step: 3700000  Loss: 0.060622 Regul: 0.003443 Obj: 0.064065 (0.052167)  NNZ: 15 (8)  Ttime: 1.5787 Vtime: 0.0539
Step: 3800000  Loss: 0.060325 Regul: 0.003102 Obj: 0.063427 (0.052167)  NNZ: 13 (8)  Ttime: 1.5859 Vtime: 0.0540
Step: 3900000  Loss: 0.059577 Regul: 0.002841 Obj: 0.062418 (0.052167)  NNZ: 12 (8)  Ttime: 1.5802 Vtime: 0.0531
Step: 4000000  Loss: 0.067211 Regul: 0.003308 Obj: 0.070519 (0.052167)  NNZ: 15 (8)  Ttime: 1.5870 Vtime: 0.0540
Step: 4100000  Loss: 0.091603 Regul: 0.005098 Obj: 0.096701 (0.052167)  NNZ: 23 (8)  Ttime: 1.5873 Vtime: 0.0522
Step: 4200000  Loss: 0.064099 Regul: 0.003275 Obj: 0.067374 (0.052167)  NNZ: 11 (8)  Ttime: 1.5895 Vtime: 0.0526
Step: 4300000  Loss: 0.057454 Regul: 0.002532 Obj: 0.059986 (0.052167)  NNZ: 11 (8)  Ttime: 1.5857 Vtime: 0.0534
Step: 4400000  Loss: 0.068429 Regul: 0.003299 Obj: 0.071728 (0.052167)  NNZ: 18 (8)  Ttime: 1.5935 Vtime: 0.0553
Step: 4500000  Loss: 0.073930 Regul: 0.003176 Obj: 0.077106 (0.052167)  NNZ: 19 (8)  Ttime: 1.5885 Vtime: 0.0543
Step: 4600000  Loss: 0.059927 Regul: 0.002052 Obj: 0.061979 (0.052167)  NNZ: 9 (8)  Ttime: 1.5918 Vtime: 0.0531
Step: 4700000  Loss: 0.069215 Regul: 0.003087 Obj: 0.072302 (0.052167)  NNZ: 21 (8)  Ttime: 1.5803 Vtime: 0.0560
Step: 4800000  Loss: 0.072052 Regul: 0.001986 Obj: 0.074038 (0.052167)  NNZ: 10 (8)  Ttime: 1.6061 Vtime: 0.0519
Step: 4900000  Loss: 0.055015 Regul: 0.002183 Obj: 0.057197 (0.052167)  NNZ: 9 (8)  Ttime: 1.5887 Vtime: 0.0523
Step: 5000000  Loss: 0.063590 Regul: 0.002852 Obj: 0.066442 (0.052167)  NNZ: 13 (8)  Ttime: 1.5799 Vtime: 0.0518
Step: 5100000  Loss: 0.068781 Regul: 0.003548 Obj: 0.072329 (0.052167)  NNZ: 15 (8)  Ttime: 1.5391 Vtime: 0.0521
Step: 5200000  Loss: 0.050352 Regul: 0.002003 Obj: 0.052355 (0.052167)  NNZ: 12 (8)  Ttime: 1.5666 Vtime: 0.0541
Step: 5300000  Loss: 0.066645 Regul: 0.003858 Obj: 0.070503 (0.052167)  NNZ: 15 (8)  Ttime: 1.5916 Vtime: 0.0539
Step: 5400000  Loss: 0.057567 Regul: 0.003122 Obj: 0.060690 (0.052167)  NNZ: 11 (8)  Ttime: 1.5725 Vtime: 0.0522
Step: 5500000  Loss: 0.061589 Regul: 0.002479 Obj: 0.064068 (0.052167)  NNZ: 11 (8)  Ttime: 1.6252 Vtime: 0.0542
Step: 5600000  Loss: 0.054293 Regul: 0.002693 Obj: 0.056987 (0.052167)  NNZ: 16 (8)  Ttime: 1.5984 Vtime: 0.0543
Step: 5700000  Loss: 0.052069 Regul: 0.001760 Obj: 0.053829 (0.052167)  NNZ: 12 (8)  Ttime: 1.5996 Vtime: 0.0549
Step: 5800000  Loss: 0.064259 Regul: 0.003123 Obj: 0.067381 (0.052167)  NNZ: 14 (8)  Ttime: 1.5895 Vtime: 0.0527
Step: 5900000  Loss: 0.061759 Regul: 0.003607 Obj: 0.065366 (0.052167)  NNZ: 17 (8)  Ttime: 1.5928 Vtime: 0.0534
Step: 6000000  Loss: 0.064333 Regul: 0.001815 Obj: 0.066148 (0.052167)  NNZ: 10 (8)  Ttime: 1.5720 Vtime: 0.0513
Step: 6100000  Loss: 0.058212 Regul: 0.002217 Obj: 0.060429 (0.052167)  NNZ: 12 (8)  Ttime: 1.5867 Vtime: 0.0572
Step: 6200000  Loss: 0.055929 Regul: 0.001952 Obj: 0.057881 (0.052167)  NNZ: 15 (8)  Ttime: 1.6012 Vtime: 0.0552
Step: 6300000  Loss: 0.055416 Regul: 0.002665 Obj: 0.058081 (0.052167)  NNZ: 14 (8)  Ttime: 1.5803 Vtime: 0.0541
Step: 6400000  Loss: 0.056777 Regul: 0.002686 Obj: 0.059463 (0.052167)  NNZ: 15 (8)  Ttime: 1.5854 Vtime: 0.0532
Step: 6500000  Loss: 0.050612 Regul: 0.001762 Obj: 0.052374 (0.052167)  NNZ: 7 (8)  Ttime: 1.5798 Vtime: 0.0516
Step: 6600000  Loss: 0.057983 Regul: 0.002487 Obj: 0.060470 (0.052167)  NNZ: 16 (8)  Ttime: 1.5660 Vtime: 0.0536
Step: 6700000  Loss: 0.060467 Regul: 0.003164 Obj: 0.063630 (0.052167)  NNZ: 18 (8)  Ttime: 1.5810 Vtime: 0.0552
Step: 6800000  Loss: 0.062856 Regul: 0.002480 Obj: 0.065336 (0.052167)  NNZ: 15 (8)  Ttime: 1.6174 Vtime: 0.0533
Step: 6900000  Loss: 0.062315 Regul: 0.003732 Obj: 0.066046 (0.052167)  NNZ: 21 (8)  Ttime: 1.6113 Vtime: 0.0568
Step: 7000000  Loss: 0.059350 Regul: 0.003130 Obj: 0.062480 (0.052167)  NNZ: 17 (8)  Ttime: 1.6045 Vtime: 0.0528
Step: 7100000  Loss: 0.060263 Regul: 0.001884 Obj: 0.062147 (0.052167)  NNZ: 12 (8)  Ttime: 1.5900 Vtime: 0.0525
Step: 7200000  Loss: 0.064083 Regul: 0.002543 Obj: 0.066626 (0.052167)  NNZ: 15 (8)  Ttime: 1.5897 Vtime: 0.0526
Step: 7300000  Loss: 0.054475 Regul: 0.002782 Obj: 0.057257 (0.052167)  NNZ: 20 (8)  Ttime: 1.6079 Vtime: 0.0537
Step: 7400000  Loss: 0.069873 Regul: 0.001919 Obj: 0.071791 (0.052167)  NNZ: 11 (8)  Ttime: 1.6123 Vtime: 0.0524
Step: 7500000  Loss: 0.055308 Regul: 0.002600 Obj: 0.057908 (0.052167)  NNZ: 15 (8)  Ttime: 1.5792 Vtime: 0.0526
Step: 7600000  Loss: 0.077005 Regul: 0.003603 Obj: 0.080608 (0.052167)  NNZ: 17 (8)  Ttime: 1.5848 Vtime: 0.0525
Step: 7700000  Loss: 0.057988 Regul: 0.003100 Obj: 0.061088 (0.052167)  NNZ: 22 (8)  Ttime: 1.6012 Vtime: 0.0530
Step: 7800000  Loss: 0.072971 Regul: 0.004142 Obj: 0.077112 (0.052167)  NNZ: 17 (8)  Ttime: 1.5929 Vtime: 0.0521
Step: 7900000  Loss: 0.061887 Regul: 0.003052 Obj: 0.064939 (0.052167)  NNZ: 19 (8)  Ttime: 1.5988 Vtime: 0.0533
Step: 8000000  Loss: 0.060766 Regul: 0.003108 Obj: 0.063874 (0.052167)  NNZ: 15 (8)  Ttime: 1.5979 Vtime: 0.0534
Step: 8100000  Loss: 0.066662 Regul: 0.004262 Obj: 0.070924 (0.052167)  NNZ: 20 (8)  Ttime: 1.5951 Vtime: 0.0537
Step: 8200000  Loss: 0.057252 Regul: 0.002246 Obj: 0.059498 (0.052167)  NNZ: 12 (8)  Ttime: 1.5922 Vtime: 0.0572
Step: 8300000  Loss: 0.055916 Regul: 0.001981 Obj: 0.057897 (0.052167)  NNZ: 8 (8)  Ttime: 1.5985 Vtime: 0.0530
Step: 8400000  Loss: 0.059703 Regul: 0.002114 Obj: 0.061817 (0.052167)  NNZ: 8 (8)  Ttime: 1.5896 Vtime: 0.0531
Step: 8500000  Loss: 0.070514 Regul: 0.003387 Obj: 0.073901 (0.052167)  NNZ: 19 (8)  Ttime: 1.6105 Vtime: 0.0545
Step: 8600000  Loss: 0.055984 Regul: 0.002770 Obj: 0.058754 (0.052167)  NNZ: 15 (8)  Ttime: 1.5990 Vtime: 0.0546
Step: 8700000  Loss: 0.066494 Regul: 0.003065 Obj: 0.069559 (0.052167)  NNZ: 18 (8)  Ttime: 1.5911 Vtime: 0.0541
Step: 8800000  Loss: 0.066215 Regul: 0.002438 Obj: 0.068653 (0.052167)  NNZ: 15 (8)  Ttime: 1.5908 Vtime: 0.0541
Step: 8900000  Loss: 0.061533 Regul: 0.003530 Obj: 0.065063 (0.052167)  NNZ: 19 (8)  Ttime: 1.5903 Vtime: 0.0530
Step: 9000000  Loss: 0.064908 Regul: 0.003625 Obj: 0.068533 (0.052167)  NNZ: 18 (8)  Ttime: 1.5933 Vtime: 0.0536
Step: 9100000  Loss: 0.059616 Regul: 0.003007 Obj: 0.062624 (0.052167)  NNZ: 15 (8)  Ttime: 1.5841 Vtime: 0.0534
Step: 9200000  Loss: 0.052313 Regul: 0.002284 Obj: 0.054597 (0.052167)  NNZ: 17 (8)  Ttime: 1.5888 Vtime: 0.0544
Step: 9300000  Loss: 0.058158 Regul: 0.002957 Obj: 0.061116 (0.052167)  NNZ: 13 (8)  Ttime: 1.5861 Vtime: 0.0527
Step: 9400000  Loss: 0.064785 Regul: 0.003492 Obj: 0.068277 (0.052167)  NNZ: 17 (8)  Ttime: 1.5866 Vtime: 0.0533
Step: 9500000  Loss: 0.056620 Regul: 0.002845 Obj: 0.059465 (0.052167)  NNZ: 20 (8)  Ttime: 1.5900 Vtime: 0.0541
Step: 9600000  Loss: 0.059924 Regul: 0.002652 Obj: 0.062575 (0.052167)  NNZ: 13 (8)  Ttime: 1.5798 Vtime: 0.0575
Step: 9700000  Loss: 0.064497 Regul: 0.002288 Obj: 0.066785 (0.052167)  NNZ: 11 (8)  Ttime: 1.5863 Vtime: 0.0538
Step: 9800000  Loss: 0.064128 Regul: 0.003339 Obj: 0.067466 (0.052167)  NNZ: 16 (8)  Ttime: 1.5963 Vtime: 0.0511
Step: 9900000  Loss: 0.065317 Regul: 0.003281 Obj: 0.068597 (0.052167)  NNZ: 19 (8)  Ttime: 1.5908 Vtime: 0.0520
Step: 10000000  Loss: 0.066117 Regul: 0.001682 Obj: 0.067799 (0.052167)  NNZ: 10 (8)  Ttime: 1.5928 Vtime: 0.0546
Step: 10100000  Loss: 0.067478 Regul: 0.003667 Obj: 0.071145 (0.052167)  NNZ: 21 (8)  Ttime: 1.5908 Vtime: 0.0524
Step: 10200000  Loss: 0.056794 Regul: 0.002692 Obj: 0.059486 (0.052167)  NNZ: 20 (8)  Ttime: 1.5911 Vtime: 0.0523
Step: 10300000  Loss: 0.051275 Regul: 0.001719 Obj: 0.052994 (0.052167)  NNZ: 13 (8)  Ttime: 1.5880 Vtime: 0.0569
Step: 10400000  Loss: 0.070195 Regul: 0.002000 Obj: 0.072195 (0.052167)  NNZ: 13 (8)  Ttime: 1.5942 Vtime: 0.0542
Step: 10500000  Loss: 0.053776 Regul: 0.002215 Obj: 0.055991 (0.052167)  NNZ: 15 (8)  Ttime: 1.5781 Vtime: 0.0540
Step: 10600000  Loss: 0.050759 Regul: 0.001749 Obj: 0.052508 (0.052167)  NNZ: 12 (8)  Ttime: 1.5933 Vtime: 0.0528
Step: 10700000  Loss: 0.061656 Regul: 0.003785 Obj: 0.065440 (0.052167)  NNZ: 18 (8)  Ttime: 1.5954 Vtime: 0.0522
Step: 10800000  Loss: 0.058974 Regul: 0.002874 Obj: 0.061848 (0.052167)  NNZ: 22 (8)  Ttime: 1.5941 Vtime: 0.0525
Step: 10900000  Loss: 0.059426 Regul: 0.001758 Obj: 0.061185 (0.052167)  NNZ: 10 (8)  Ttime: 1.5915 Vtime: 0.0540
Step: 11000000  Loss: 0.050413 Regul: 0.002382 Obj: 0.052794 (0.052167)  NNZ: 18 (8)  Ttime: 1.5934 Vtime: 0.0546
Step: 11100000  Loss: 0.061550 Regul: 0.002651 Obj: 0.064201 (0.052167)  NNZ: 20 (8)  Ttime: 1.5903 Vtime: 0.0546
Step: 11200000  Loss: 0.051270 Regul: 0.001573 Obj: 0.052844 (0.052167)  NNZ: 12 (8)  Ttime: 1.5870 Vtime: 0.0536
Step: 11300000  Loss: 0.058712 Regul: 0.002619 Obj: 0.061332 (0.052167)  NNZ: 21 (8)  Ttime: 1.5959 Vtime: 0.0540
Step: 11400000  Loss: 0.052453 Regul: 0.002539 Obj: 0.054992 (0.052167)  NNZ: 17 (8)  Ttime: 1.5907 Vtime: 0.0533
Step: 11500000  Loss: 0.060686 Regul: 0.003138 Obj: 0.063824 (0.052167)  NNZ: 17 (8)  Ttime: 1.5941 Vtime: 0.0520
Step: 11600000  Loss: 0.059529 Regul: 0.002507 Obj: 0.062037 (0.052167)  NNZ: 13 (8)  Ttime: 1.5944 Vtime: 0.0524
Step: 11700000  Loss: 0.055512 Regul: 0.003139 Obj: 0.058652 (0.052167)  NNZ: 19 (8)  Ttime: 1.5889 Vtime: 0.0524
Step: 11800000  Loss: 0.059382 Regul: 0.003140 Obj: 0.062522 (0.052167)  NNZ: 22 (8)  Ttime: 1.5948 Vtime: 0.0548
Step: 11900000  Loss: 0.056442 Regul: 0.002162 Obj: 0.058605 (0.052167)  NNZ: 13 (8)  Ttime: 1.5946 Vtime: 0.0524
Step: 12000000  Loss: 0.054394 Regul: 0.002217 Obj: 0.056611 (0.052167)  NNZ: 14 (8)  Ttime: 1.5947 Vtime: 0.0543
Step: 12100000  Loss: 0.058074 Regul: 0.002276 Obj: 0.060351 (0.052167)  NNZ: 20 (8)  Ttime: 1.6063 Vtime: 0.0556
Step: 12200000  Loss: 0.053867 Regul: 0.002055 Obj: 0.055922 (0.052167)  NNZ: 12 (8)  Ttime: 1.6144 Vtime: 0.0546
Step: 12300000  Loss: 0.052862 Regul: 0.002250 Obj: 0.055111 (0.052167)  NNZ: 13 (8)  Ttime: 1.6070 Vtime: 0.0534
Step: 12400000  Loss: 0.077150 Regul: 0.001608 Obj: 0.078758 (0.052167)  NNZ: 12 (8)  Ttime: 1.5937 Vtime: 0.0537
Step: 12500000  Loss: 0.060728 Regul: 0.002498 Obj: 0.063226 (0.052167)  NNZ: 24 (8)  Ttime: 1.5744 Vtime: 0.0522
Step: 12600000  Loss: 0.068423 Regul: 0.002771 Obj: 0.071194 (0.052167)  NNZ: 15 (8)  Ttime: 1.5959 Vtime: 0.0517
Step: 12700000  Loss: 0.057251 Regul: 0.002444 Obj: 0.059695 (0.052167)  NNZ: 14 (8)  Ttime: 1.5872 Vtime: 0.0531
Step: 12800000  Loss: 0.053905 Regul: 0.002207 Obj: 0.056111 (0.052167)  NNZ: 17 (8)  Ttime: 1.5705 Vtime: 0.0545
Best: 12900000  Loss: 0.050632 Regul: 0.001503 Obj: 0.052134 (0.052134)  NNZ: 17 (17)  Ttime: 1.5696 Vtime: 0.0550
Stat: nPR #96 (#136) Dim/MaxDim [768/640] AUC: 0.980932 FPR95: 8.45
Step: 13000000  Loss: 0.052296 Regul: 0.002313 Obj: 0.054610 (0.052134)  NNZ: 17 (17)  Ttime: 1.5444 Vtime: 0.0540
Step: 13100000  Loss: 0.060927 Regul: 0.001977 Obj: 0.062905 (0.052134)  NNZ: 13 (17)  Ttime: 1.5315 Vtime: 0.0540
Step: 13200000  Loss: 0.057038 Regul: 0.002133 Obj: 0.059170 (0.052134)  NNZ: 14 (17)  Ttime: 1.5380 Vtime: 0.0535
Step: 13300000  Loss: 0.063421 Regul: 0.002442 Obj: 0.065863 (0.052134)  NNZ: 14 (17)  Ttime: 1.5636 Vtime: 0.0536
Step: 13400000  Loss: 0.064248 Regul: 0.003987 Obj: 0.068234 (0.052134)  NNZ: 25 (17)  Ttime: 1.5402 Vtime: 0.0562
Step: 13500000  Loss: 0.059992 Regul: 0.002908 Obj: 0.062900 (0.052134)  NNZ: 24 (17)  Ttime: 1.5430 Vtime: 0.0538
Step: 13600000  Loss: 0.052909 Regul: 0.002524 Obj: 0.055433 (0.052134)  NNZ: 15 (17)  Ttime: 1.5485 Vtime: 0.0534
Step: 13700000  Loss: 0.053313 Regul: 0.002627 Obj: 0.055940 (0.052134)  NNZ: 18 (17)  Ttime: 1.5370 Vtime: 0.0541
Best: 13800000  Loss: 0.049736 Regul: 0.001521 Obj: 0.051257 (0.051257)  NNZ: 11 (11)  Ttime: 1.5268 Vtime: 0.0540
Stat: nPR #68 (#88) Dim/MaxDim [544/640] AUC: 0.981183 FPR95: 7.70 [saved]
Step: 13900000  Loss: 0.054353 Regul: 0.002652 Obj: 0.057005 (0.051257)  NNZ: 21 (11)  Ttime: 1.5344 Vtime: 0.0536
Step: 14000000  Loss: 0.050778 Regul: 0.002139 Obj: 0.052917 (0.051257)  NNZ: 12 (11)  Ttime: 1.5326 Vtime: 0.0527
Step: 14100000  Loss: 0.053952 Regul: 0.002309 Obj: 0.056262 (0.051257)  NNZ: 14 (11)  Ttime: 1.5230 Vtime: 0.0541
Step: 14200000  Loss: 0.071592 Regul: 0.003081 Obj: 0.074674 (0.051257)  NNZ: 20 (11)  Ttime: 1.5266 Vtime: 0.0538
Step: 14300000  Loss: 0.056903 Regul: 0.001892 Obj: 0.058795 (0.051257)  NNZ: 11 (11)  Ttime: 1.5460 Vtime: 0.0528
Step: 14400000  Loss: 0.057942 Regul: 0.002644 Obj: 0.060586 (0.051257)  NNZ: 18 (11)  Ttime: 1.5425 Vtime: 0.0539
Step: 14500000  Loss: 0.053139 Regul: 0.001858 Obj: 0.054997 (0.051257)  NNZ: 15 (11)  Ttime: 1.5352 Vtime: 0.0519
Step: 14600000  Loss: 0.052661 Regul: 0.002244 Obj: 0.054906 (0.051257)  NNZ: 23 (11)  Ttime: 1.5331 Vtime: 0.0526
Step: 14700000  Loss: 0.058930 Regul: 0.001811 Obj: 0.060741 (0.051257)  NNZ: 14 (11)  Ttime: 1.5202 Vtime: 0.0525
Step: 14800000  Loss: 0.056230 Regul: 0.002674 Obj: 0.058904 (0.051257)  NNZ: 16 (11)  Ttime: 1.5283 Vtime: 0.0522
Step: 14900000  Loss: 0.054323 Regul: 0.001492 Obj: 0.055815 (0.051257)  NNZ: 14 (11)  Ttime: 1.5534 Vtime: 0.0528
Step: 15000000  Loss: 0.050217 Regul: 0.001931 Obj: 0.052148 (0.051257)  NNZ: 11 (11)  Ttime: 1.5264 Vtime: 0.0524
Step: 15100000  Loss: 0.059754 Regul: 0.002489 Obj: 0.062244 (0.051257)  NNZ: 22 (11)  Ttime: 1.5361 Vtime: 0.0550
Step: 15200000  Loss: 0.061653 Regul: 0.003457 Obj: 0.065109 (0.051257)  NNZ: 26 (11)  Ttime: 1.5528 Vtime: 0.0524
Step: 15300000  Loss: 0.050475 Regul: 0.001854 Obj: 0.052329 (0.051257)  NNZ: 12 (11)  Ttime: 1.5284 Vtime: 0.0542
Step: 15400000  Loss: 0.051128 Regul: 0.001851 Obj: 0.052979 (0.051257)  NNZ: 15 (11)  Ttime: 1.5363 Vtime: 0.0537
Step: 15500000  Loss: 0.070610 Regul: 0.002050 Obj: 0.072660 (0.051257)  NNZ: 18 (11)  Ttime: 1.5183 Vtime: 0.0522
Step: 15600000  Loss: 0.062779 Regul: 0.002724 Obj: 0.065503 (0.051257)  NNZ: 19 (11)  Ttime: 1.4992 Vtime: 0.0523
Step: 15700000  Loss: 0.059114 Regul: 0.001976 Obj: 0.061090 (0.051257)  NNZ: 14 (11)  Ttime: 1.5167 Vtime: 0.0511
Step: 15800000  Loss: 0.056987 Regul: 0.002874 Obj: 0.059861 (0.051257)  NNZ: 20 (11)  Ttime: 1.5020 Vtime: 0.0530
Step: 15900000  Loss: 0.055484 Regul: 0.002851 Obj: 0.058335 (0.051257)  NNZ: 17 (11)  Ttime: 1.4990 Vtime: 0.0521
Step: 16000000  Loss: 0.055602 Regul: 0.002348 Obj: 0.057950 (0.051257)  NNZ: 19 (11)  Ttime: 1.5350 Vtime: 0.0579
Step: 16100000  Loss: 0.054957 Regul: 0.001850 Obj: 0.056806 (0.051257)  NNZ: 15 (11)  Ttime: 1.5461 Vtime: 0.0535
Step: 16200000  Loss: 0.051400 Regul: 0.001468 Obj: 0.052868 (0.051257)  NNZ: 14 (11)  Ttime: 1.5273 Vtime: 0.0536
Step: 16300000  Loss: 0.063566 Regul: 0.002741 Obj: 0.066307 (0.051257)  NNZ: 21 (11)  Ttime: 1.5238 Vtime: 0.0537
Step: 16400000  Loss: 0.058747 Regul: 0.002515 Obj: 0.061262 (0.051257)  NNZ: 17 (11)  Ttime: 1.5430 Vtime: 0.0526
Step: 16500000  Loss: 0.070498 Regul: 0.002601 Obj: 0.073099 (0.051257)  NNZ: 22 (11)  Ttime: 1.4642 Vtime: 0.0539
Step: 16600000  Loss: 0.050516 Regul: 0.002100 Obj: 0.052616 (0.051257)  NNZ: 12 (11)  Ttime: 1.4953 Vtime: 0.0517
Step: 16700000  Loss: 0.051255 Regul: 0.002101 Obj: 0.053356 (0.051257)  NNZ: 13 (11)  Ttime: 1.4793 Vtime: 0.0517
Step: 16800000  Loss: 0.075483 Regul: 0.002068 Obj: 0.077551 (0.051257)  NNZ: 16 (11)  Ttime: 1.4374 Vtime: 0.0512
Step: 16900000  Loss: 0.057883 Regul: 0.001776 Obj: 0.059659 (0.051257)  NNZ: 20 (11)  Ttime: 1.4486 Vtime: 0.0509
Step: 17000000  Loss: 0.052722 Regul: 0.002522 Obj: 0.055244 (0.051257)  NNZ: 22 (11)  Ttime: 1.5300 Vtime: 0.0537
Step: 17100000  Loss: 0.073070 Regul: 0.002995 Obj: 0.076065 (0.051257)  NNZ: 21 (11)  Ttime: 1.4835 Vtime: 0.0516
Step: 17200000  Loss: 0.055499 Regul: 0.001730 Obj: 0.057230 (0.051257)  NNZ: 14 (11)  Ttime: 1.4547 Vtime: 0.0518
Step: 17300000  Loss: 0.051057 Regul: 0.001999 Obj: 0.053056 (0.051257)  NNZ: 14 (11)  Ttime: 1.4498 Vtime: 0.0515
Step: 17400000  Loss: 0.049583 Regul: 0.001880 Obj: 0.051464 (0.051257)  NNZ: 13 (11)  Ttime: 1.4335 Vtime: 0.0515
Step: 17500000  Loss: 0.051054 Regul: 0.002029 Obj: 0.053083 (0.051257)  NNZ: 13 (11)  Ttime: 1.4324 Vtime: 0.0523
Step: 17600000  Loss: 0.055454 Regul: 0.001291 Obj: 0.056746 (0.051257)  NNZ: 15 (11)  Ttime: 1.4370 Vtime: 0.0515
Step: 17700000  Loss: 0.053422 Regul: 0.001812 Obj: 0.055234 (0.051257)  NNZ: 15 (11)  Ttime: 1.4457 Vtime: 0.0523
Step: 17800000  Loss: 0.054494 Regul: 0.001643 Obj: 0.056137 (0.051257)  NNZ: 13 (11)  Ttime: 1.4754 Vtime: 0.0539
Step: 17900000  Loss: 0.050425 Regul: 0.002066 Obj: 0.052491 (0.051257)  NNZ: 15 (11)  Ttime: 1.5169 Vtime: 0.0521
Step: 18000000  Loss: 0.050524 Regul: 0.002104 Obj: 0.052629 (0.051257)  NNZ: 14 (11)  Ttime: 1.4795 Vtime: 0.0522
Step: 18100000  Loss: 0.058489 Regul: 0.002074 Obj: 0.060563 (0.051257)  NNZ: 16 (11)  Ttime: 1.4913 Vtime: 0.0524
Step: 18200000  Loss: 0.056875 Regul: 0.003018 Obj: 0.059894 (0.051257)  NNZ: 21 (11)  Ttime: 1.4804 Vtime: 0.0537
Step: 18300000  Loss: 0.053170 Regul: 0.002069 Obj: 0.055239 (0.051257)  NNZ: 12 (11)  Ttime: 1.4558 Vtime: 0.0522
Step: 18400000  Loss: 0.053943 Regul: 0.001584 Obj: 0.055527 (0.051257)  NNZ: 22 (11)  Ttime: 1.4897 Vtime: 0.0543
Step: 18500000  Loss: 0.053551 Regul: 0.001605 Obj: 0.055156 (0.051257)  NNZ: 13 (11)  Ttime: 1.4704 Vtime: 0.0511
Step: 18600000  Loss: 0.054702 Regul: 0.002058 Obj: 0.056759 (0.051257)  NNZ: 15 (11)  Ttime: 1.4604 Vtime: 0.0516
Step: 18700000  Loss: 0.057571 Regul: 0.001796 Obj: 0.059366 (0.051257)  NNZ: 15 (11)  Ttime: 1.4311 Vtime: 0.0520
Step: 18800000  Loss: 0.052725 Regul: 0.002312 Obj: 0.055037 (0.051257)  NNZ: 14 (11)  Ttime: 1.4562 Vtime: 0.0512
Step: 18900000  Loss: 0.057413 Regul: 0.002269 Obj: 0.059683 (0.051257)  NNZ: 15 (11)  Ttime: 1.4947 Vtime: 0.0510
Step: 19000000  Loss: 0.052511 Regul: 0.001889 Obj: 0.054400 (0.051257)  NNZ: 16 (11)  Ttime: 1.4894 Vtime: 0.0538
Step: 19100000  Loss: 0.051636 Regul: 0.001788 Obj: 0.053425 (0.051257)  NNZ: 14 (11)  Ttime: 1.4843 Vtime: 0.0548
Step: 19200000  Loss: 0.051145 Regul: 0.001893 Obj: 0.053038 (0.051257)  NNZ: 14 (11)  Ttime: 1.4693 Vtime: 0.0511
Step: 19300000  Loss: 0.056137 Regul: 0.002219 Obj: 0.058356 (0.051257)  NNZ: 15 (11)  Ttime: 1.4672 Vtime: 0.0517
Step: 19400000  Loss: 0.051693 Regul: 0.002524 Obj: 0.054217 (0.051257)  NNZ: 19 (11)  Ttime: 1.4459 Vtime: 0.0524
Step: 19500000  Loss: 0.060685 Regul: 0.002414 Obj: 0.063099 (0.051257)  NNZ: 23 (11)  Ttime: 1.5001 Vtime: 0.0516
Best: 19600000  Loss: 0.048909 Regul: 0.001893 Obj: 0.050802 (0.050802)  NNZ: 18 (18)  Ttime: 1.4629 Vtime: 0.0512
Stat: nPR #120 (#144) Dim/MaxDim [960/640] AUC: 0.981674 FPR95: 7.69
Step: 19700000  Loss: 0.060054 Regul: 0.001377 Obj: 0.061430 (0.050802)  NNZ: 13 (18)  Ttime: 1.4926 Vtime: 0.0539
Step: 19800000  Loss: 0.052303 Regul: 0.001968 Obj: 0.054271 (0.050802)  NNZ: 16 (18)  Ttime: 1.4791 Vtime: 0.0530
Step: 19900000  Loss: 0.050447 Regul: 0.001363 Obj: 0.051810 (0.050802)  NNZ: 11 (18)  Ttime: 1.4888 Vtime: 0.0529
Step: 20000000  Loss: 0.049925 Regul: 0.002039 Obj: 0.051964 (0.050802)  NNZ: 13 (18)  Ttime: 1.5032 Vtime: 0.0536
Step: 20100000  Loss: 0.077298 Regul: 0.001562 Obj: 0.078859 (0.050802)  NNZ: 12 (18)  Ttime: 1.4200 Vtime: 0.0508
Step: 20200000  Loss: 0.053302 Regul: 0.002404 Obj: 0.055706 (0.050802)  NNZ: 22 (18)  Ttime: 1.4094 Vtime: 0.0522
Step: 20300000  Loss: 0.052511 Regul: 0.002219 Obj: 0.054730 (0.050802)  NNZ: 17 (18)  Ttime: 1.4131 Vtime: 0.0510
Step: 20400000  Loss: 0.050669 Regul: 0.001717 Obj: 0.052386 (0.050802)  NNZ: 13 (18)  Ttime: 1.4237 Vtime: 0.0519
Step: 20500000  Loss: 0.052520 Regul: 0.002170 Obj: 0.054690 (0.050802)  NNZ: 17 (18)  Ttime: 1.4340 Vtime: 0.0514
Step: 20600000  Loss: 0.053219 Regul: 0.002796 Obj: 0.056015 (0.050802)  NNZ: 20 (18)  Ttime: 1.4444 Vtime: 0.0518
Step: 20700000  Loss: 0.056437 Regul: 0.002493 Obj: 0.058930 (0.050802)  NNZ: 23 (18)  Ttime: 1.4400 Vtime: 0.0516
Step: 20800000  Loss: 0.056294 Regul: 0.002062 Obj: 0.058356 (0.050802)  NNZ: 14 (18)  Ttime: 1.4072 Vtime: 0.0513
Step: 20900000  Loss: 0.053876 Regul: 0.002625 Obj: 0.056501 (0.050802)  NNZ: 18 (18)  Ttime: 1.4504 Vtime: 0.0526
Step: 21000000  Loss: 0.059557 Regul: 0.002625 Obj: 0.062182 (0.050802)  NNZ: 25 (18)  Ttime: 1.4371 Vtime: 0.0521
Step: 21100000  Loss: 0.051326 Regul: 0.001712 Obj: 0.053038 (0.050802)  NNZ: 15 (18)  Ttime: 1.4468 Vtime: 0.0517
Step: 21200000  Loss: 0.053119 Regul: 0.001827 Obj: 0.054947 (0.050802)  NNZ: 14 (18)  Ttime: 1.4218 Vtime: 0.0513
Step: 21300000  Loss: 0.053042 Regul: 0.001540 Obj: 0.054582 (0.050802)  NNZ: 13 (18)  Ttime: 1.5099 Vtime: 0.0511
Step: 21400000  Loss: 0.053381 Regul: 0.002044 Obj: 0.055425 (0.050802)  NNZ: 15 (18)  Ttime: 1.4727 Vtime: 0.0536
Step: 21500000  Loss: 0.060375 Regul: 0.001571 Obj: 0.061946 (0.050802)  NNZ: 12 (18)  Ttime: 1.4927 Vtime: 0.0569
Step: 21600000  Loss: 0.050697 Regul: 0.001551 Obj: 0.052248 (0.050802)  NNZ: 14 (18)  Ttime: 1.5467 Vtime: 0.0531
Step: 21700000  Loss: 0.068760 Regul: 0.001801 Obj: 0.070560 (0.050802)  NNZ: 16 (18)  Ttime: 1.4423 Vtime: 0.0514
Step: 21800000  Loss: 0.060781 Regul: 0.001414 Obj: 0.062195 (0.050802)  NNZ: 18 (18)  Ttime: 1.4102 Vtime: 0.0517
Step: 21900000  Loss: 0.052311 Regul: 0.001391 Obj: 0.053701 (0.050802)  NNZ: 15 (18)  Ttime: 1.4209 Vtime: 0.0510
Step: 22000000  Loss: 0.054644 Regul: 0.001165 Obj: 0.055809 (0.050802)  NNZ: 11 (18)  Ttime: 1.4240 Vtime: 0.0512
Step: 22100000  Loss: 0.051151 Regul: 0.002431 Obj: 0.053582 (0.050802)  NNZ: 18 (18)  Ttime: 1.4471 Vtime: 0.0508
Step: 22200000  Loss: 0.087856 Regul: 0.001355 Obj: 0.089211 (0.050802)  NNZ: 13 (18)  Ttime: 1.4572 Vtime: 0.0528
Step: 22300000  Loss: 0.050443 Regul: 0.002136 Obj: 0.052579 (0.050802)  NNZ: 15 (18)  Ttime: 1.4374 Vtime: 0.0519
Step: 22400000  Loss: 0.051090 Regul: 0.001836 Obj: 0.052926 (0.050802)  NNZ: 12 (18)  Ttime: 1.4370 Vtime: 0.0520
Step: 22500000  Loss: 0.055421 Regul: 0.002443 Obj: 0.057864 (0.050802)  NNZ: 17 (18)  Ttime: 1.5187 Vtime: 0.0571
Step: 22600000  Loss: 0.050376 Regul: 0.001859 Obj: 0.052235 (0.050802)  NNZ: 15 (18)  Ttime: 1.5057 Vtime: 0.0534
Step: 22700000  Loss: 0.056791 Regul: 0.002012 Obj: 0.058802 (0.050802)  NNZ: 18 (18)  Ttime: 1.5163 Vtime: 0.0532
Step: 22800000  Loss: 0.049929 Regul: 0.001886 Obj: 0.051814 (0.050802)  NNZ: 14 (18)  Ttime: 1.4951 Vtime: 0.0539
Step: 22900000  Loss: 0.050922 Regul: 0.002003 Obj: 0.052924 (0.050802)  NNZ: 18 (18)  Ttime: 1.4857 Vtime: 0.0547
Step: 23000000  Loss: 0.053134 Regul: 0.001813 Obj: 0.054947 (0.050802)  NNZ: 13 (18)  Ttime: 1.5526 Vtime: 0.0547
Step: 23100000  Loss: 0.056087 Regul: 0.002562 Obj: 0.058649 (0.050802)  NNZ: 20 (18)  Ttime: 1.5134 Vtime: 0.0523
Step: 23200000  Loss: 0.060673 Regul: 0.002440 Obj: 0.063113 (0.050802)  NNZ: 20 (18)  Ttime: 1.4915 Vtime: 0.0557
Best: 23300000  Loss: 0.048818 Regul: 0.001678 Obj: 0.050496 (0.050496)  NNZ: 15 (15)  Ttime: 1.5271 Vtime: 0.0512
Stat: nPR #92 (#120) Dim/MaxDim [736/640] AUC: 0.981698 FPR95: 7.33
Step: 23400000  Loss: 0.056007 Regul: 0.002566 Obj: 0.058573 (0.050496)  NNZ: 19 (15)  Ttime: 1.4162 Vtime: 0.0511
Step: 23500000  Loss: 0.055746 Regul: 0.001439 Obj: 0.057185 (0.050496)  NNZ: 13 (15)  Ttime: 1.4546 Vtime: 0.0520
Step: 23600000  Loss: 0.053896 Regul: 0.002056 Obj: 0.055952 (0.050496)  NNZ: 16 (15)  Ttime: 1.4643 Vtime: 0.0524
Step: 23700000  Loss: 0.049365 Regul: 0.001805 Obj: 0.051170 (0.050496)  NNZ: 16 (15)  Ttime: 1.4183 Vtime: 0.0526
Step: 23800000  Loss: 0.058527 Regul: 0.002249 Obj: 0.060776 (0.050496)  NNZ: 18 (15)  Ttime: 1.4630 Vtime: 0.0515
Step: 23900000  Loss: 0.052860 Regul: 0.002183 Obj: 0.055043 (0.050496)  NNZ: 15 (15)  Ttime: 1.4619 Vtime: 0.0555
Step: 24000000  Loss: 0.053304 Regul: 0.001724 Obj: 0.055029 (0.050496)  NNZ: 15 (15)  Ttime: 1.4973 Vtime: 0.0562
Step: 24100000  Loss: 0.050825 Regul: 0.001699 Obj: 0.052524 (0.050496)  NNZ: 12 (15)  Ttime: 1.5181 Vtime: 0.0551
Step: 24200000  Loss: 0.056257 Regul: 0.002519 Obj: 0.058776 (0.050496)  NNZ: 16 (15)  Ttime: 1.4579 Vtime: 0.0515
Step: 24300000  Loss: 0.049010 Regul: 0.001765 Obj: 0.050775 (0.050496)  NNZ: 21 (15)  Ttime: 1.4791 Vtime: 0.0517
Step: 24400000  Loss: 0.051705 Regul: 0.001477 Obj: 0.053182 (0.050496)  NNZ: 16 (15)  Ttime: 1.5608 Vtime: 0.0565
Step: 24500000  Loss: 0.051359 Regul: 0.002228 Obj: 0.053587 (0.050496)  NNZ: 17 (15)  Ttime: 1.4994 Vtime: 0.0532
Step: 24600000  Loss: 0.051844 Regul: 0.002259 Obj: 0.054103 (0.050496)  NNZ: 16 (15)  Ttime: 1.4792 Vtime: 0.0536
Step: 24700000  Loss: 0.051539 Regul: 0.002424 Obj: 0.053963 (0.050496)  NNZ: 18 (15)  Ttime: 1.4853 Vtime: 0.0523
Step: 24800000  Loss: 0.056927 Regul: 0.002833 Obj: 0.059759 (0.050496)  NNZ: 23 (15)  Ttime: 1.4975 Vtime: 0.0539
Step: 24900000  Loss: 0.056333 Regul: 0.001775 Obj: 0.058109 (0.050496)  NNZ: 19 (15)  Ttime: 1.5529 Vtime: 0.0542
Step: 25000000  Loss: 0.055790 Regul: 0.002375 Obj: 0.058166 (0.050496)  NNZ: 20 (15)  Ttime: 1.5274 Vtime: 0.0588
Step: 25100000  Loss: 0.055397 Regul: 0.001930 Obj: 0.057327 (0.050496)  NNZ: 18 (15)  Ttime: 1.5407 Vtime: 0.0527
Step: 25200000  Loss: 0.052956 Regul: 0.001609 Obj: 0.054564 (0.050496)  NNZ: 16 (15)  Ttime: 1.4841 Vtime: 0.0511
Step: 25300000  Loss: 0.057523 Regul: 0.001208 Obj: 0.058732 (0.050496)  NNZ: 11 (15)  Ttime: 1.5039 Vtime: 0.0518
Step: 25400000  Loss: 0.051200 Regul: 0.002017 Obj: 0.053217 (0.050496)  NNZ: 15 (15)  Ttime: 1.4961 Vtime: 0.0526
Step: 25500000  Loss: 0.054028 Regul: 0.001274 Obj: 0.055302 (0.050496)  NNZ: 15 (15)  Ttime: 1.4666 Vtime: 0.0515
Step: 25600000  Loss: 0.052077 Regul: 0.002188 Obj: 0.054265 (0.050496)  NNZ: 15 (15)  Ttime: 1.4646 Vtime: 0.0526
Step: 25700000  Loss: 0.061517 Regul: 0.001834 Obj: 0.063351 (0.050496)  NNZ: 17 (15)  Ttime: 1.4961 Vtime: 0.0533
Step: 25800000  Loss: 0.064607 Regul: 0.002375 Obj: 0.066982 (0.050496)  NNZ: 16 (15)  Ttime: 1.5151 Vtime: 0.0557
Step: 25900000  Loss: 0.051180 Regul: 0.001894 Obj: 0.053074 (0.050496)  NNZ: 16 (15)  Ttime: 1.5317 Vtime: 0.0550
Step: 26000000  Loss: 0.056077 Regul: 0.002153 Obj: 0.058229 (0.050496)  NNZ: 23 (15)  Ttime: 1.4724 Vtime: 0.0515
Step: 26100000  Loss: 0.053442 Regul: 0.001931 Obj: 0.055374 (0.050496)  NNZ: 17 (15)  Ttime: 1.4489 Vtime: 0.0521
Step: 26200000  Loss: 0.062192 Regul: 0.001509 Obj: 0.063701 (0.050496)  NNZ: 21 (15)  Ttime: 1.4571 Vtime: 0.0525
Step: 26300000  Loss: 0.050857 Regul: 0.002227 Obj: 0.053084 (0.050496)  NNZ: 18 (15)  Ttime: 1.4521 Vtime: 0.0528
Step: 26400000  Loss: 0.070978 Regul: 0.002862 Obj: 0.073840 (0.050496)  NNZ: 24 (15)  Ttime: 1.4516 Vtime: 0.0521
Step: 26500000  Loss: 0.049958 Regul: 0.001384 Obj: 0.051342 (0.050496)  NNZ: 16 (15)  Ttime: 1.4506 Vtime: 0.0532
Step: 26600000  Loss: 0.059035 Regul: 0.003131 Obj: 0.062167 (0.050496)  NNZ: 22 (15)  Ttime: 1.4561 Vtime: 0.0522
Step: 26700000  Loss: 0.056253 Regul: 0.001719 Obj: 0.057972 (0.050496)  NNZ: 15 (15)  Ttime: 1.4636 Vtime: 0.0521
Step: 26800000  Loss: 0.050893 Regul: 0.001698 Obj: 0.052591 (0.050496)  NNZ: 15 (15)  Ttime: 1.4769 Vtime: 0.0516
Step: 26900000  Loss: 0.049886 Regul: 0.001984 Obj: 0.051869 (0.050496)  NNZ: 16 (15)  Ttime: 1.4682 Vtime: 0.0525
Step: 27000000  Loss: 0.054542 Regul: 0.002726 Obj: 0.057268 (0.050496)  NNZ: 21 (15)  Ttime: 1.4520 Vtime: 0.0563
Step: 27100000  Loss: 0.050589 Regul: 0.002002 Obj: 0.052592 (0.050496)  NNZ: 16 (15)  Ttime: 1.4603 Vtime: 0.0549
Step: 27200000  Loss: 0.061045 Regul: 0.002573 Obj: 0.063618 (0.050496)  NNZ: 19 (15)  Ttime: 1.4529 Vtime: 0.0530
Step: 27300000  Loss: 0.058828 Regul: 0.002203 Obj: 0.061031 (0.050496)  NNZ: 19 (15)  Ttime: 1.4604 Vtime: 0.0546
Step: 27400000  Loss: 0.051120 Regul: 0.001999 Obj: 0.053120 (0.050496)  NNZ: 19 (15)  Ttime: 1.4581 Vtime: 0.0521
Step: 27500000  Loss: 0.053877 Regul: 0.002053 Obj: 0.055929 (0.050496)  NNZ: 23 (15)  Ttime: 1.4496 Vtime: 0.0517
Step: 27600000  Loss: 0.055172 Regul: 0.002074 Obj: 0.057246 (0.050496)  NNZ: 17 (15)  Ttime: 1.4659 Vtime: 0.0518
Step: 27700000  Loss: 0.049339 Regul: 0.001925 Obj: 0.051264 (0.050496)  NNZ: 16 (15)  Ttime: 1.4634 Vtime: 0.0518
Step: 27800000  Loss: 0.052422 Regul: 0.001534 Obj: 0.053956 (0.050496)  NNZ: 15 (15)  Ttime: 1.4528 Vtime: 0.0533
Step: 27900000  Loss: 0.060885 Regul: 0.000884 Obj: 0.061769 (0.050496)  NNZ: 13 (15)  Ttime: 1.4479 Vtime: 0.0533
Step: 28000000  Loss: 0.051350 Regul: 0.001939 Obj: 0.053290 (0.050496)  NNZ: 17 (15)  Ttime: 1.4496 Vtime: 0.0524
Step: 28100000  Loss: 0.050289 Regul: 0.002026 Obj: 0.052315 (0.050496)  NNZ: 19 (15)  Ttime: 1.4501 Vtime: 0.0518
Step: 28200000  Loss: 0.049621 Regul: 0.002246 Obj: 0.051867 (0.050496)  NNZ: 17 (15)  Ttime: 1.4551 Vtime: 0.0513
Step: 28300000  Loss: 0.053998 Regul: 0.002578 Obj: 0.056576 (0.050496)  NNZ: 21 (15)  Ttime: 1.4501 Vtime: 0.0523
Step: 28400000  Loss: 0.056580 Regul: 0.001757 Obj: 0.058337 (0.050496)  NNZ: 16 (15)  Ttime: 1.4439 Vtime: 0.0526
Step: 28500000  Loss: 0.060433 Regul: 0.002405 Obj: 0.062839 (0.050496)  NNZ: 21 (15)  Ttime: 1.4662 Vtime: 0.0521
Step: 28600000  Loss: 0.051377 Regul: 0.001336 Obj: 0.052712 (0.050496)  NNZ: 16 (15)  Ttime: 1.4675 Vtime: 0.0510
Step: 28700000  Loss: 0.053010 Regul: 0.002007 Obj: 0.055017 (0.050496)  NNZ: 17 (15)  Ttime: 1.4583 Vtime: 0.0511
Step: 28800000  Loss: 0.059870 Regul: 0.001068 Obj: 0.060938 (0.050496)  NNZ: 11 (15)  Ttime: 1.4526 Vtime: 0.0519
Step: 28900000  Loss: 0.053735 Regul: 0.001974 Obj: 0.055709 (0.050496)  NNZ: 21 (15)  Ttime: 1.4568 Vtime: 0.0515
Step: 29000000  Loss: 0.050039 Regul: 0.001789 Obj: 0.051829 (0.050496)  NNZ: 24 (15)  Ttime: 1.4548 Vtime: 0.0511
Step: 29100000  Loss: 0.061663 Regul: 0.002007 Obj: 0.063670 (0.050496)  NNZ: 14 (15)  Ttime: 1.4496 Vtime: 0.0513
Step: 29200000  Loss: 0.051010 Regul: 0.002291 Obj: 0.053302 (0.050496)  NNZ: 19 (15)  Ttime: 1.4474 Vtime: 0.0512
Step: 29300000  Loss: 0.063097 Regul: 0.002575 Obj: 0.065671 (0.050496)  NNZ: 25 (15)  Ttime: 1.4545 Vtime: 0.0521
Step: 29400000  Loss: 0.057413 Regul: 0.002249 Obj: 0.059662 (0.050496)  NNZ: 23 (15)  Ttime: 1.4660 Vtime: 0.0526
Step: 29500000  Loss: 0.052834 Regul: 0.002342 Obj: 0.055177 (0.050496)  NNZ: 19 (15)  Ttime: 1.4599 Vtime: 0.0528
Step: 29600000  Loss: 0.050140 Regul: 0.002095 Obj: 0.052235 (0.050496)  NNZ: 19 (15)  Ttime: 1.4547 Vtime: 0.0530
Step: 29700000  Loss: 0.051975 Regul: 0.001426 Obj: 0.053400 (0.050496)  NNZ: 9 (15)  Ttime: 1.4516 Vtime: 0.0520
Best: 29800000  Loss: 0.048284 Regul: 0.001581 Obj: 0.049865 (0.049865)  NNZ: 15 (15)  Ttime: 1.4522 Vtime: 0.0520
Stat: nPR #92 (#120) Dim/MaxDim [736/640] AUC: 0.981665 FPR95: 7.43
Step: 29900000  Loss: 0.052415 Regul: 0.002021 Obj: 0.054436 (0.049865)  NNZ: 18 (15)  Ttime: 1.4576 Vtime: 0.0519
Step: 30000000  Loss: 0.048928 Regul: 0.001586 Obj: 0.050515 (0.049865)  NNZ: 18 (15)  Ttime: 1.4901 Vtime: 0.0518
Step: 30100000  Loss: 0.052877 Regul: 0.001796 Obj: 0.054673 (0.049865)  NNZ: 19 (15)  Ttime: 1.5133 Vtime: 0.0561
Step: 30200000  Loss: 0.051220 Regul: 0.001786 Obj: 0.053006 (0.049865)  NNZ: 13 (15)  Ttime: 1.5293 Vtime: 0.0533
Step: 30300000  Loss: 0.055966 Regul: 0.002603 Obj: 0.058568 (0.049865)  NNZ: 20 (15)  Ttime: 1.4937 Vtime: 0.0531
Step: 30400000  Loss: 0.057094 Regul: 0.001914 Obj: 0.059008 (0.049865)  NNZ: 17 (15)  Ttime: 1.5004 Vtime: 0.0552
Step: 30500000  Loss: 0.053665 Regul: 0.001567 Obj: 0.055232 (0.049865)  NNZ: 16 (15)  Ttime: 1.4923 Vtime: 0.0524
Step: 30600000  Loss: 0.051827 Regul: 0.001966 Obj: 0.053793 (0.049865)  NNZ: 24 (15)  Ttime: 1.5023 Vtime: 0.0505
Step: 30700000  Loss: 0.089479 Regul: 0.001185 Obj: 0.090664 (0.049865)  NNZ: 14 (15)  Ttime: 1.5219 Vtime: 0.0549
Step: 30800000  Loss: 0.054990 Regul: 0.002953 Obj: 0.057943 (0.049865)  NNZ: 27 (15)  Ttime: 1.5305 Vtime: 0.0560
Step: 30900000  Loss: 0.051619 Regul: 0.001621 Obj: 0.053240 (0.049865)  NNZ: 15 (15)  Ttime: 1.5296 Vtime: 0.0526
Step: 31000000  Loss: 0.049795 Regul: 0.001928 Obj: 0.051723 (0.049865)  NNZ: 16 (15)  Ttime: 1.5047 Vtime: 0.0566
Step: 31100000  Loss: 0.049645 Regul: 0.001636 Obj: 0.051282 (0.049865)  NNZ: 16 (15)  Ttime: 1.4633 Vtime: 0.0520
Step: 31200000  Loss: 0.051405 Regul: 0.001580 Obj: 0.052985 (0.049865)  NNZ: 14 (15)  Ttime: 1.5083 Vtime: 0.0533
Step: 31300000  Loss: 0.068014 Regul: 0.001370 Obj: 0.069384 (0.049865)  NNZ: 15 (15)  Ttime: 1.5235 Vtime: 0.0534
Step: 31400000  Loss: 0.054552 Regul: 0.002535 Obj: 0.057087 (0.049865)  NNZ: 23 (15)  Ttime: 1.4861 Vtime: 0.0585
Step: 31500000  Loss: 0.055793 Regul: 0.001732 Obj: 0.057525 (0.049865)  NNZ: 19 (15)  Ttime: 1.5020 Vtime: 0.0535
Step: 31600000  Loss: 0.054831 Regul: 0.002231 Obj: 0.057063 (0.049865)  NNZ: 20 (15)  Ttime: 1.4747 Vtime: 0.0542
Step: 31700000  Loss: 0.051488 Regul: 0.001873 Obj: 0.053361 (0.049865)  NNZ: 17 (15)  Ttime: 1.4897 Vtime: 0.0538
Step: 31800000  Loss: 0.056463 Regul: 0.002574 Obj: 0.059037 (0.049865)  NNZ: 24 (15)  Ttime: 1.5255 Vtime: 0.0541
Step: 31900000  Loss: 0.048760 Regul: 0.001821 Obj: 0.050581 (0.049865)  NNZ: 19 (15)  Ttime: 1.5015 Vtime: 0.0519
Step: 32000000  Loss: 0.060134 Regul: 0.002488 Obj: 0.062621 (0.049865)  NNZ: 26 (15)  Ttime: 1.4672 Vtime: 0.0542
Step: 32100000  Loss: 0.053410 Regul: 0.001577 Obj: 0.054986 (0.049865)  NNZ: 18 (15)  Ttime: 1.5239 Vtime: 0.0540
Step: 32200000  Loss: 0.053674 Regul: 0.002540 Obj: 0.056213 (0.049865)  NNZ: 22 (15)  Ttime: 1.5204 Vtime: 0.0540
Step: 32300000  Loss: 0.056396 Regul: 0.002285 Obj: 0.058682 (0.049865)  NNZ: 18 (15)  Ttime: 1.4583 Vtime: 0.0528
Step: 32400000  Loss: 0.050618 Regul: 0.001314 Obj: 0.051932 (0.049865)  NNZ: 13 (15)  Ttime: 1.4541 Vtime: 0.0516
Step: 32500000  Loss: 0.049443 Regul: 0.001544 Obj: 0.050987 (0.049865)  NNZ: 12 (15)  Ttime: 1.4516 Vtime: 0.0536
Step: 32600000  Loss: 0.058032 Regul: 0.001319 Obj: 0.059351 (0.049865)  NNZ: 16 (15)  Ttime: 1.4487 Vtime: 0.0531
Step: 32700000  Loss: 0.054811 Regul: 0.002245 Obj: 0.057056 (0.049865)  NNZ: 23 (15)  Ttime: 1.4528 Vtime: 0.0516
Step: 32800000  Loss: 0.060992 Regul: 0.002332 Obj: 0.063324 (0.049865)  NNZ: 21 (15)  Ttime: 1.4528 Vtime: 0.0529
Step: 32900000  Loss: 0.069187 Regul: 0.003129 Obj: 0.072316 (0.049865)  NNZ: 29 (15)  Ttime: 1.4723 Vtime: 0.0538
Step: 33000000  Loss: 0.049541 Regul: 0.001501 Obj: 0.051043 (0.049865)  NNZ: 16 (15)  Ttime: 1.5159 Vtime: 0.0541
Step: 33100000  Loss: 0.049882 Regul: 0.001939 Obj: 0.051821 (0.049865)  NNZ: 18 (15)  Ttime: 1.5085 Vtime: 0.0524
Step: 33200000  Loss: 0.053220 Regul: 0.002689 Obj: 0.055909 (0.049865)  NNZ: 27 (15)  Ttime: 1.4596 Vtime: 0.0524
Step: 33300000  Loss: 0.050794 Regul: 0.001378 Obj: 0.052172 (0.049865)  NNZ: 18 (15)  Ttime: 1.4551 Vtime: 0.0530
Step: 33400000  Loss: 0.059590 Regul: 0.002274 Obj: 0.061864 (0.049865)  NNZ: 22 (15)  Ttime: 1.4627 Vtime: 0.0528
Step: 33500000  Loss: 0.052197 Regul: 0.001736 Obj: 0.053933 (0.049865)  NNZ: 20 (15)  Ttime: 1.4510 Vtime: 0.0519
Step: 33600000  Loss: 0.061464 Regul: 0.002323 Obj: 0.063787 (0.049865)  NNZ: 20 (15)  Ttime: 1.4541 Vtime: 0.0527
Step: 33700000  Loss: 0.075654 Regul: 0.002147 Obj: 0.077801 (0.049865)  NNZ: 18 (15)  Ttime: 1.4532 Vtime: 0.0511
Step: 33800000  Loss: 0.051485 Regul: 0.002514 Obj: 0.053999 (0.049865)  NNZ: 20 (15)  Ttime: 1.4803 Vtime: 0.0538
Step: 33900000  Loss: 0.060974 Regul: 0.002341 Obj: 0.063315 (0.049865)  NNZ: 17 (15)  Ttime: 1.5096 Vtime: 0.0539
Step: 34000000  Loss: 0.056046 Regul: 0.003127 Obj: 0.059173 (0.049865)  NNZ: 28 (15)  Ttime: 1.4992 Vtime: 0.0513
Step: 34100000  Loss: 0.063358 Regul: 0.003000 Obj: 0.066358 (0.049865)  NNZ: 31 (15)  Ttime: 1.4917 Vtime: 0.0510
Step: 34200000  Loss: 0.061499 Regul: 0.002484 Obj: 0.063983 (0.049865)  NNZ: 18 (15)  Ttime: 1.4686 Vtime: 0.0520
Step: 34300000  Loss: 0.054005 Regul: 0.002583 Obj: 0.056588 (0.049865)  NNZ: 21 (15)  Ttime: 1.4515 Vtime: 0.0516
Step: 34400000  Loss: 0.052715 Regul: 0.002446 Obj: 0.055161 (0.049865)  NNZ: 24 (15)  Ttime: 1.4933 Vtime: 0.0511
Step: 34500000  Loss: 0.053991 Regul: 0.002610 Obj: 0.056601 (0.049865)  NNZ: 23 (15)  Ttime: 1.5184 Vtime: 0.0511
Step: 34600000  Loss: 0.054607 Regul: 0.001923 Obj: 0.056530 (0.049865)  NNZ: 17 (15)  Ttime: 1.4967 Vtime: 0.0554
Step: 34700000  Loss: 0.052208 Regul: 0.002524 Obj: 0.054731 (0.049865)  NNZ: 22 (15)  Ttime: 1.4866 Vtime: 0.0514
Step: 34800000  Loss: 0.063405 Regul: 0.002901 Obj: 0.066305 (0.049865)  NNZ: 22 (15)  Ttime: 1.4870 Vtime: 0.0511
Step: 34900000  Loss: 0.052570 Regul: 0.002402 Obj: 0.054972 (0.049865)  NNZ: 21 (15)  Ttime: 1.5001 Vtime: 0.0509
Step: 35000000  Loss: 0.051628 Regul: 0.002063 Obj: 0.053691 (0.049865)  NNZ: 15 (15)  Ttime: 1.5014 Vtime: 0.0553
Step: 35100000  Loss: 0.050531 Regul: 0.002085 Obj: 0.052616 (0.049865)  NNZ: 20 (15)  Ttime: 1.5128 Vtime: 0.0533
Step: 35200000  Loss: 0.068020 Regul: 0.003247 Obj: 0.071267 (0.049865)  NNZ: 24 (15)  Ttime: 1.5084 Vtime: 0.0526
Step: 35300000  Loss: 0.050632 Regul: 0.002185 Obj: 0.052818 (0.049865)  NNZ: 16 (15)  Ttime: 1.5180 Vtime: 0.0543
Step: 35400000  Loss: 0.053004 Regul: 0.002180 Obj: 0.055184 (0.049865)  NNZ: 18 (15)  Ttime: 1.4852 Vtime: 0.0513
Best: 35500000  Loss: 0.047690 Regul: 0.001694 Obj: 0.049384 (0.049384)  NNZ: 17 (17)  Ttime: 1.4604 Vtime: 0.0516
Stat: nPR #104 (#136) Dim/MaxDim [832/640] AUC: 0.982007 FPR95: 6.92
Step: 35600000  Loss: 0.051220 Regul: 0.002178 Obj: 0.053398 (0.049384)  NNZ: 16 (17)  Ttime: 1.4516 Vtime: 0.0527
Step: 35700000  Loss: 0.050156 Regul: 0.002322 Obj: 0.052478 (0.049384)  NNZ: 20 (17)  Ttime: 1.4594 Vtime: 0.0519
Step: 35800000  Loss: 0.053469 Regul: 0.002560 Obj: 0.056030 (0.049384)  NNZ: 18 (17)  Ttime: 1.4514 Vtime: 0.0518
Step: 35900000  Loss: 0.056504 Regul: 0.002556 Obj: 0.059060 (0.049384)  NNZ: 24 (17)  Ttime: 1.4996 Vtime: 0.0542
Step: 36000000  Loss: 0.049558 Regul: 0.001694 Obj: 0.051252 (0.049384)  NNZ: 17 (17)  Ttime: 1.5222 Vtime: 0.0539
Step: 36100000  Loss: 0.057923 Regul: 0.002733 Obj: 0.060656 (0.049384)  NNZ: 22 (17)  Ttime: 1.4896 Vtime: 0.0525
Step: 36200000  Loss: 0.052442 Regul: 0.002628 Obj: 0.055070 (0.049384)  NNZ: 23 (17)  Ttime: 1.4582 Vtime: 0.0529
Step: 36300000  Loss: 0.050285 Regul: 0.002346 Obj: 0.052632 (0.049384)  NNZ: 20 (17)  Ttime: 1.4594 Vtime: 0.0515
Step: 36400000  Loss: 0.050950 Regul: 0.002325 Obj: 0.053275 (0.049384)  NNZ: 20 (17)  Ttime: 1.4567 Vtime: 0.0513
Step: 36500000  Loss: 0.052801 Regul: 0.002643 Obj: 0.055445 (0.049384)  NNZ: 23 (17)  Ttime: 1.4535 Vtime: 0.0519
Step: 36600000  Loss: 0.053709 Regul: 0.002774 Obj: 0.056483 (0.049384)  NNZ: 27 (17)  Ttime: 1.4588 Vtime: 0.0519
Step: 36700000  Loss: 0.052190 Regul: 0.002765 Obj: 0.054955 (0.049384)  NNZ: 19 (17)  Ttime: 1.4547 Vtime: 0.0525
Step: 36800000  Loss: 0.053593 Regul: 0.002390 Obj: 0.055982 (0.049384)  NNZ: 21 (17)  Ttime: 1.5346 Vtime: 0.0522
Step: 36900000  Loss: 0.055140 Regul: 0.002411 Obj: 0.057551 (0.049384)  NNZ: 16 (17)  Ttime: 1.5371 Vtime: 0.0536
Step: 37000000  Loss: 0.062918 Regul: 0.002799 Obj: 0.065717 (0.049384)  NNZ: 24 (17)  Ttime: 1.4991 Vtime: 0.0517
Step: 37100000  Loss: 0.060721 Regul: 0.003270 Obj: 0.063991 (0.049384)  NNZ: 27 (17)  Ttime: 1.4602 Vtime: 0.0564
Step: 37200000  Loss: 0.050404 Regul: 0.002229 Obj: 0.052632 (0.049384)  NNZ: 19 (17)  Ttime: 1.5251 Vtime: 0.0510
Step: 37300000  Loss: 0.056422 Regul: 0.002419 Obj: 0.058841 (0.049384)  NNZ: 25 (17)  Ttime: 1.4741 Vtime: 0.0526
Step: 37400000  Loss: 0.050582 Regul: 0.002351 Obj: 0.052933 (0.049384)  NNZ: 18 (17)  Ttime: 1.5162 Vtime: 0.0515
Step: 37500000  Loss: 0.060785 Regul: 0.003126 Obj: 0.063911 (0.049384)  NNZ: 20 (17)  Ttime: 1.5255 Vtime: 0.0517
Step: 37600000  Loss: 0.056147 Regul: 0.001979 Obj: 0.058126 (0.049384)  NNZ: 15 (17)  Ttime: 1.4805 Vtime: 0.0513
Step: 37700000  Loss: 0.051807 Regul: 0.002273 Obj: 0.054080 (0.049384)  NNZ: 20 (17)  Ttime: 1.4948 Vtime: 0.0522
Step: 37800000  Loss: 0.052683 Regul: 0.002798 Obj: 0.055481 (0.049384)  NNZ: 21 (17)  Ttime: 1.4509 Vtime: 0.0536
Step: 37900000  Loss: 0.050965 Regul: 0.002444 Obj: 0.053409 (0.049384)  NNZ: 26 (17)  Ttime: 1.4667 Vtime: 0.0515
Step: 38000000  Loss: 0.051047 Regul: 0.002447 Obj: 0.053495 (0.049384)  NNZ: 21 (17)  Ttime: 1.4620 Vtime: 0.0514
Step: 38100000  Loss: 0.051740 Regul: 0.002581 Obj: 0.054321 (0.049384)  NNZ: 19 (17)  Ttime: 1.4804 Vtime: 0.0574
Step: 38200000  Loss: 0.052923 Regul: 0.002139 Obj: 0.055063 (0.049384)  NNZ: 19 (17)  Ttime: 1.5219 Vtime: 0.0514
Step: 38300000  Loss: 0.049227 Regul: 0.001828 Obj: 0.051055 (0.049384)  NNZ: 17 (17)  Ttime: 1.4928 Vtime: 0.0536
Step: 38400000  Loss: 0.059877 Regul: 0.001914 Obj: 0.061792 (0.049384)  NNZ: 15 (17)  Ttime: 1.5384 Vtime: 0.0552
Step: 38500000  Loss: 0.056423 Regul: 0.001541 Obj: 0.057964 (0.049384)  NNZ: 14 (17)  Ttime: 1.5370 Vtime: 0.0536
Step: 38600000  Loss: 0.053357 Regul: 0.002352 Obj: 0.055709 (0.049384)  NNZ: 22 (17)  Ttime: 1.5037 Vtime: 0.0538
Step: 38700000  Loss: 0.049311 Regul: 0.001484 Obj: 0.050795 (0.049384)  NNZ: 17 (17)  Ttime: 1.5124 Vtime: 0.0570
Step: 38800000  Loss: 0.051318 Regul: 0.002364 Obj: 0.053682 (0.049384)  NNZ: 20 (17)  Ttime: 1.5065 Vtime: 0.0514
Step: 38900000  Loss: 0.055264 Regul: 0.002955 Obj: 0.058219 (0.049384)  NNZ: 24 (17)  Ttime: 1.4569 Vtime: 0.0513
Step: 39000000  Loss: 0.065917 Regul: 0.002078 Obj: 0.067995 (0.049384)  NNZ: 20 (17)  Ttime: 1.4506 Vtime: 0.0507
Step: 39100000  Loss: 0.052593 Regul: 0.002228 Obj: 0.054822 (0.049384)  NNZ: 25 (17)  Ttime: 1.4511 Vtime: 0.0515
Step: 39200000  Loss: 0.050205 Regul: 0.001995 Obj: 0.052200 (0.049384)  NNZ: 16 (17)  Ttime: 1.4671 Vtime: 0.0522
Step: 39300000  Loss: 0.062125 Regul: 0.001571 Obj: 0.063696 (0.049384)  NNZ: 14 (17)  Ttime: 1.4750 Vtime: 0.0520
Step: 39400000  Loss: 0.051303 Regul: 0.002264 Obj: 0.053568 (0.049384)  NNZ: 23 (17)  Ttime: 1.4618 Vtime: 0.0517
Step: 39500000  Loss: 0.049403 Regul: 0.001901 Obj: 0.051304 (0.049384)  NNZ: 16 (17)  Ttime: 1.4517 Vtime: 0.0528
Step: 39600000  Loss: 0.053020 Regul: 0.002594 Obj: 0.055614 (0.049384)  NNZ: 21 (17)  Ttime: 1.4462 Vtime: 0.0511
Step: 39700000  Loss: 0.058192 Regul: 0.002215 Obj: 0.060407 (0.049384)  NNZ: 26 (17)  Ttime: 1.4395 Vtime: 0.0523
Step: 39800000  Loss: 0.050894 Regul: 0.002383 Obj: 0.053278 (0.049384)  NNZ: 18 (17)  Ttime: 1.4496 Vtime: 0.0522
Step: 39900000  Loss: 0.062408 Regul: 0.001000 Obj: 0.063408 (0.049384)  NNZ: 14 (17)  Ttime: 1.4580 Vtime: 0.0517
Step: 40000000  Loss: 0.058540 Regul: 0.002385 Obj: 0.060925 (0.049384)  NNZ: 19 (17)  Ttime: 1.4499 Vtime: 0.0512
Step: 40100000  Loss: 0.058543 Regul: 0.003173 Obj: 0.061716 (0.049384)  NNZ: 27 (17)  Ttime: 1.4675 Vtime: 0.0525
Step: 40200000  Loss: 0.057099 Regul: 0.003143 Obj: 0.060242 (0.049384)  NNZ: 29 (17)  Ttime: 1.4645 Vtime: 0.0521
Step: 40300000  Loss: 0.053685 Regul: 0.001872 Obj: 0.055557 (0.049384)  NNZ: 15 (17)  Ttime: 1.4508 Vtime: 0.0525
Step: 40400000  Loss: 0.052388 Regul: 0.002360 Obj: 0.054749 (0.049384)  NNZ: 22 (17)  Ttime: 1.4494 Vtime: 0.0524
Step: 40500000  Loss: 0.054793 Regul: 0.002562 Obj: 0.057354 (0.049384)  NNZ: 25 (17)  Ttime: 1.4524 Vtime: 0.0526
Step: 40600000  Loss: 0.053706 Regul: 0.002493 Obj: 0.056199 (0.049384)  NNZ: 19 (17)  Ttime: 1.4488 Vtime: 0.0526
Step: 40700000  Loss: 0.055974 Regul: 0.003310 Obj: 0.059284 (0.049384)  NNZ: 29 (17)  Ttime: 1.4463 Vtime: 0.0533
Step: 40800000  Loss: 0.051913 Regul: 0.002566 Obj: 0.054479 (0.049384)  NNZ: 22 (17)  Ttime: 1.4481 Vtime: 0.0536
Step: 40900000  Loss: 0.052663 Regul: 0.002345 Obj: 0.055007 (0.049384)  NNZ: 18 (17)  Ttime: 1.4723 Vtime: 0.0536
Step: 41000000  Loss: 0.057081 Regul: 0.002189 Obj: 0.059269 (0.049384)  NNZ: 17 (17)  Ttime: 1.5256 Vtime: 0.0536
Step: 41100000  Loss: 0.051557 Regul: 0.002497 Obj: 0.054054 (0.049384)  NNZ: 16 (17)  Ttime: 1.5316 Vtime: 0.0531
Step: 41200000  Loss: 0.052799 Regul: 0.002538 Obj: 0.055337 (0.049384)  NNZ: 18 (17)  Ttime: 1.5242 Vtime: 0.0571
Step: 41300000  Loss: 0.052920 Regul: 0.002550 Obj: 0.055471 (0.049384)  NNZ: 19 (17)  Ttime: 1.4925 Vtime: 0.0537
Step: 41400000  Loss: 0.050618 Regul: 0.001890 Obj: 0.052508 (0.049384)  NNZ: 12 (17)  Ttime: 1.4635 Vtime: 0.0529
Step: 41500000  Loss: 0.058390 Regul: 0.002149 Obj: 0.060539 (0.049384)  NNZ: 18 (17)  Ttime: 1.5007 Vtime: 0.0534
Step: 41600000  Loss: 0.065015 Regul: 0.002719 Obj: 0.067734 (0.049384)  NNZ: 14 (17)  Ttime: 1.4723 Vtime: 0.0552
Step: 41700000  Loss: 0.052194 Regul: 0.001979 Obj: 0.054173 (0.049384)  NNZ: 13 (17)  Ttime: 1.4631 Vtime: 0.0526
Step: 41800000  Loss: 0.053095 Regul: 0.002405 Obj: 0.055500 (0.049384)  NNZ: 17 (17)  Ttime: 1.5196 Vtime: 0.0532
Step: 41900000  Loss: 0.055826 Regul: 0.002884 Obj: 0.058710 (0.049384)  NNZ: 23 (17)  Ttime: 1.5075 Vtime: 0.0510
Step: 42000000  Loss: 0.049380 Regul: 0.002193 Obj: 0.051573 (0.049384)  NNZ: 18 (17)  Ttime: 1.5189 Vtime: 0.0513
Step: 42100000  Loss: 0.052512 Regul: 0.002088 Obj: 0.054600 (0.049384)  NNZ: 24 (17)  Ttime: 1.4640 Vtime: 0.0515
Step: 42200000  Loss: 0.050304 Regul: 0.002395 Obj: 0.052699 (0.049384)  NNZ: 17 (17)  Ttime: 1.5197 Vtime: 0.0543
Step: 42300000  Loss: 0.051127 Regul: 0.002131 Obj: 0.053257 (0.049384)  NNZ: 20 (17)  Ttime: 1.4978 Vtime: 0.0516
Step: 42400000  Loss: 0.053076 Regul: 0.002893 Obj: 0.055969 (0.049384)  NNZ: 25 (17)  Ttime: 1.5055 Vtime: 0.0516
Step: 42500000  Loss: 0.054161 Regul: 0.002156 Obj: 0.056317 (0.049384)  NNZ: 22 (17)  Ttime: 1.4617 Vtime: 0.0514
Step: 42600000  Loss: 0.053565 Regul: 0.002755 Obj: 0.056320 (0.049384)  NNZ: 24 (17)  Ttime: 1.5190 Vtime: 0.0515
Step: 42700000  Loss: 0.054890 Regul: 0.002108 Obj: 0.056997 (0.049384)  NNZ: 18 (17)  Ttime: 1.4855 Vtime: 0.0520
Step: 42800000  Loss: 0.054061 Regul: 0.002691 Obj: 0.056752 (0.049384)  NNZ: 20 (17)  Ttime: 1.5025 Vtime: 0.0545
Step: 42900000  Loss: 0.056800 Regul: 0.002599 Obj: 0.059400 (0.049384)  NNZ: 17 (17)  Ttime: 1.4954 Vtime: 0.0538
Step: 43000000  Loss: 0.049556 Regul: 0.002101 Obj: 0.051656 (0.049384)  NNZ: 21 (17)  Ttime: 1.4968 Vtime: 0.0534
Step: 43100000  Loss: 0.051588 Regul: 0.002345 Obj: 0.053933 (0.049384)  NNZ: 20 (17)  Ttime: 1.4638 Vtime: 0.0522
Step: 43200000  Loss: 0.053261 Regul: 0.002825 Obj: 0.056086 (0.049384)  NNZ: 27 (17)  Ttime: 1.4590 Vtime: 0.0522
Step: 43300000  Loss: 0.049022 Regul: 0.002044 Obj: 0.051066 (0.049384)  NNZ: 21 (17)  Ttime: 1.4620 Vtime: 0.0516
Step: 43400000  Loss: 0.050583 Regul: 0.001888 Obj: 0.052471 (0.049384)  NNZ: 15 (17)  Ttime: 1.4588 Vtime: 0.0515
Step: 43500000  Loss: 0.052073 Regul: 0.002303 Obj: 0.054377 (0.049384)  NNZ: 18 (17)  Ttime: 1.4751 Vtime: 0.0520
Step: 43600000  Loss: 0.049342 Regul: 0.002128 Obj: 0.051469 (0.049384)  NNZ: 18 (17)  Ttime: 1.4628 Vtime: 0.0533
Step: 43700000  Loss: 0.059412 Regul: 0.003546 Obj: 0.062958 (0.049384)  NNZ: 26 (17)  Ttime: 1.4562 Vtime: 0.0567
Step: 43800000  Loss: 0.049757 Regul: 0.002111 Obj: 0.051869 (0.049384)  NNZ: 18 (17)  Ttime: 1.4455 Vtime: 0.0522
Step: 43900000  Loss: 0.055664 Regul: 0.002104 Obj: 0.057768 (0.049384)  NNZ: 18 (17)  Ttime: 1.4507 Vtime: 0.0529
Step: 44000000  Loss: 0.055903 Regul: 0.002409 Obj: 0.058312 (0.049384)  NNZ: 21 (17)  Ttime: 1.4464 Vtime: 0.0529
Step: 44100000  Loss: 0.052898 Regul: 0.002157 Obj: 0.055055 (0.049384)  NNZ: 19 (17)  Ttime: 1.4562 Vtime: 0.0531
Step: 44200000  Loss: 0.058137 Regul: 0.002638 Obj: 0.060775 (0.049384)  NNZ: 18 (17)  Ttime: 1.4513 Vtime: 0.0517
Step: 44300000  Loss: 0.050128 Regul: 0.002007 Obj: 0.052136 (0.049384)  NNZ: 22 (17)  Ttime: 1.4499 Vtime: 0.0519
Step: 44400000  Loss: 0.053182 Regul: 0.002646 Obj: 0.055828 (0.049384)  NNZ: 19 (17)  Ttime: 1.4619 Vtime: 0.0511
Step: 44500000  Loss: 0.051089 Regul: 0.001716 Obj: 0.052805 (0.049384)  NNZ: 14 (17)  Ttime: 1.4558 Vtime: 0.0514
Step: 44600000  Loss: 0.051468 Regul: 0.001851 Obj: 0.053319 (0.049384)  NNZ: 18 (17)  Ttime: 1.4562 Vtime: 0.0521
Step: 44700000  Loss: 0.052744 Regul: 0.002518 Obj: 0.055262 (0.049384)  NNZ: 22 (17)  Ttime: 1.4508 Vtime: 0.0514
Step: 44800000  Loss: 0.053289 Regul: 0.002550 Obj: 0.055839 (0.049384)  NNZ: 27 (17)  Ttime: 1.4417 Vtime: 0.0510
Step: 44900000  Loss: 0.051602 Regul: 0.002411 Obj: 0.054013 (0.049384)  NNZ: 22 (17)  Ttime: 1.4427 Vtime: 0.0508
Step: 45000000  Loss: 0.052759 Regul: 0.002195 Obj: 0.054955 (0.049384)  NNZ: 17 (17)  Ttime: 1.4386 Vtime: 0.0514
Step: 45100000  Loss: 0.054520 Regul: 0.001521 Obj: 0.056041 (0.049384)  NNZ: 17 (17)  Ttime: 1.4546 Vtime: 0.0520
Step: 45200000  Loss: 0.059482 Regul: 0.003059 Obj: 0.062541 (0.049384)  NNZ: 25 (17)  Ttime: 1.4501 Vtime: 0.0515
Step: 45300000  Loss: 0.059867 Regul: 0.003345 Obj: 0.063212 (0.049384)  NNZ: 27 (17)  Ttime: 1.4731 Vtime: 0.0534
Step: 45400000  Loss: 0.056017 Regul: 0.002950 Obj: 0.058967 (0.049384)  NNZ: 23 (17)  Ttime: 1.4704 Vtime: 0.0533
Step: 45500000  Loss: 0.052804 Regul: 0.002436 Obj: 0.055241 (0.049384)  NNZ: 21 (17)  Ttime: 1.4530 Vtime: 0.0530
Best: 45600000  Loss: 0.047431 Regul: 0.001603 Obj: 0.049034 (0.049034)  NNZ: 16 (16)  Ttime: 1.4514 Vtime: 0.0529
Stat: nPR #104 (#128) Dim/MaxDim [832/640] AUC: 0.982024 FPR95: 7.12
Step: 45700000  Loss: 0.058453 Regul: 0.002840 Obj: 0.061293 (0.049034)  NNZ: 23 (16)  Ttime: 1.4559 Vtime: 0.0533
Step: 45800000  Loss: 0.068011 Regul: 0.003391 Obj: 0.071403 (0.049034)  NNZ: 26 (16)  Ttime: 1.4475 Vtime: 0.0513
Step: 45900000  Loss: 0.056487 Regul: 0.001687 Obj: 0.058174 (0.049034)  NNZ: 16 (16)  Ttime: 1.4471 Vtime: 0.0515
Step: 46000000  Loss: 0.110972 Regul: 0.002053 Obj: 0.113025 (0.049034)  NNZ: 18 (16)  Ttime: 1.4585 Vtime: 0.0519
Step: 46100000  Loss: 0.064254 Regul: 0.002102 Obj: 0.066355 (0.049034)  NNZ: 17 (16)  Ttime: 1.4582 Vtime: 0.0511
Step: 46200000  Loss: 0.053667 Regul: 0.002102 Obj: 0.055770 (0.049034)  NNZ: 22 (16)  Ttime: 1.4439 Vtime: 0.0520
Step: 46300000  Loss: 0.048957 Regul: 0.001791 Obj: 0.050748 (0.049034)  NNZ: 20 (16)  Ttime: 1.4508 Vtime: 0.0517
Step: 46400000  Loss: 0.050423 Regul: 0.001693 Obj: 0.052116 (0.049034)  NNZ: 18 (16)  Ttime: 1.4829 Vtime: 0.0539
Step: 46500000  Loss: 0.054303 Regul: 0.002575 Obj: 0.056878 (0.049034)  NNZ: 21 (16)  Ttime: 1.4662 Vtime: 0.0539
Step: 46600000  Loss: 0.050455 Regul: 0.001966 Obj: 0.052421 (0.049034)  NNZ: 16 (16)  Ttime: 1.4592 Vtime: 0.0526
Step: 46700000  Loss: 0.060381 Regul: 0.002509 Obj: 0.062890 (0.049034)  NNZ: 21 (16)  Ttime: 1.4695 Vtime: 0.0521
Step: 46800000  Loss: 0.051032 Regul: 0.001908 Obj: 0.052940 (0.049034)  NNZ: 17 (16)  Ttime: 1.4578 Vtime: 0.0537
Step: 46900000  Loss: 0.061540 Regul: 0.002224 Obj: 0.063764 (0.049034)  NNZ: 18 (16)  Ttime: 1.4708 Vtime: 0.0527
Step: 47000000  Loss: 0.053454 Regul: 0.002377 Obj: 0.055830 (0.049034)  NNZ: 19 (16)  Ttime: 1.4690 Vtime: 0.0521
Step: 47100000  Loss: 0.055534 Regul: 0.003273 Obj: 0.058807 (0.049034)  NNZ: 28 (16)  Ttime: 1.4518 Vtime: 0.0564
Step: 47200000  Loss: 0.056484 Regul: 0.002669 Obj: 0.059153 (0.049034)  NNZ: 20 (16)  Ttime: 1.4438 Vtime: 0.0524
Step: 47300000  Loss: 0.055645 Regul: 0.002830 Obj: 0.058474 (0.049034)  NNZ: 23 (16)  Ttime: 1.4860 Vtime: 0.0515
Step: 47400000  Loss: 0.053535 Regul: 0.002548 Obj: 0.056083 (0.049034)  NNZ: 25 (16)  Ttime: 1.4580 Vtime: 0.0556
Step: 47500000  Loss: 0.067210 Regul: 0.001040 Obj: 0.068250 (0.049034)  NNZ: 12 (16)  Ttime: 1.4699 Vtime: 0.0528
Step: 47600000  Loss: 0.048627 Regul: 0.002155 Obj: 0.050782 (0.049034)  NNZ: 22 (16)  Ttime: 1.4996 Vtime: 0.0516
Step: 47700000  Loss: 0.054192 Regul: 0.002845 Obj: 0.057038 (0.049034)  NNZ: 24 (16)  Ttime: 1.4925 Vtime: 0.0537
Step: 47800000  Loss: 0.055096 Regul: 0.001879 Obj: 0.056975 (0.049034)  NNZ: 20 (16)  Ttime: 1.4882 Vtime: 0.0517
Step: 47900000  Loss: 0.052344 Regul: 0.002593 Obj: 0.054937 (0.049034)  NNZ: 20 (16)  Ttime: 1.4840 Vtime: 0.0525
Step: 48000000  Loss: 0.056138 Regul: 0.002498 Obj: 0.058636 (0.049034)  NNZ: 20 (16)  Ttime: 1.4764 Vtime: 0.0518
Step: 48100000  Loss: 0.058310 Regul: 0.002113 Obj: 0.060423 (0.049034)  NNZ: 18 (16)  Ttime: 1.4805 Vtime: 0.0518
Step: 48200000  Loss: 0.050887 Regul: 0.002200 Obj: 0.053087 (0.049034)  NNZ: 17 (16)  Ttime: 1.4962 Vtime: 0.0526
Step: 48300000  Loss: 0.054623 Regul: 0.002071 Obj: 0.056693 (0.049034)  NNZ: 22 (16)  Ttime: 1.5252 Vtime: 0.0540
Step: 48400000  Loss: 0.051339 Regul: 0.002311 Obj: 0.053650 (0.049034)  NNZ: 17 (16)  Ttime: 1.5111 Vtime: 0.0540
Step: 48500000  Loss: 0.056602 Regul: 0.002040 Obj: 0.058642 (0.049034)  NNZ: 20 (16)  Ttime: 1.4741 Vtime: 0.0514
Step: 48600000  Loss: 0.049566 Regul: 0.002122 Obj: 0.051688 (0.049034)  NNZ: 23 (16)  Ttime: 1.5033 Vtime: 0.0528
Step: 48700000  Loss: 0.049977 Regul: 0.001972 Obj: 0.051949 (0.049034)  NNZ: 23 (16)  Ttime: 1.4659 Vtime: 0.0543
Step: 48800000  Loss: 0.049670 Regul: 0.002279 Obj: 0.051950 (0.049034)  NNZ: 19 (16)  Ttime: 1.5179 Vtime: 0.0537
Step: 48900000  Loss: 0.055311 Regul: 0.002419 Obj: 0.057730 (0.049034)  NNZ: 18 (16)  Ttime: 1.4681 Vtime: 0.0524
Step: 49000000  Loss: 0.049882 Regul: 0.002067 Obj: 0.051949 (0.049034)  NNZ: 20 (16)  Ttime: 1.4642 Vtime: 0.0509
Step: 49100000  Loss: 0.052104 Regul: 0.001561 Obj: 0.053665 (0.049034)  NNZ: 17 (16)  Ttime: 1.4628 Vtime: 0.0647
Step: 49200000  Loss: 0.053593 Regul: 0.002765 Obj: 0.056357 (0.049034)  NNZ: 18 (16)  Ttime: 1.4605 Vtime: 0.0513
Step: 49300000  Loss: 0.064825 Regul: 0.003231 Obj: 0.068056 (0.049034)  NNZ: 28 (16)  Ttime: 1.4495 Vtime: 0.0519
Step: 49400000  Loss: 0.054079 Regul: 0.002497 Obj: 0.056576 (0.049034)  NNZ: 21 (16)  Ttime: 1.4620 Vtime: 0.0510
Step: 49500000  Loss: 0.051788 Regul: 0.002614 Obj: 0.054402 (0.049034)  NNZ: 21 (16)  Ttime: 1.4949 Vtime: 0.0525
Step: 49600000  Loss: 0.056582 Regul: 0.003189 Obj: 0.059771 (0.049034)  NNZ: 26 (16)  Ttime: 1.4871 Vtime: 0.0517
Step: 49700000  Loss: 0.051579 Regul: 0.001971 Obj: 0.053551 (0.049034)  NNZ: 18 (16)  Ttime: 1.4615 Vtime: 0.0514
Step: 49800000  Loss: 0.054338 Regul: 0.002942 Obj: 0.057280 (0.049034)  NNZ: 22 (16)  Ttime: 1.4530 Vtime: 0.0533
Step: 49900000  Loss: 0.074544 Regul: 0.001504 Obj: 0.076048 (0.049034)  NNZ: 20 (16)  Ttime: 1.4668 Vtime: 0.0510
Step: 50000000  Loss: 0.056619 Regul: 0.002180 Obj: 0.058799 (0.049034)  NNZ: 21 (16)  Ttime: 1.4503 Vtime: 0.0525
