mu: 0.04 gamma: 0.2 nIters: 50000000
Load PRParams.
Load RingParams.
Load Labels: 500000
Load Distances: 500000 x 5120
0...10...20...30...40...50...60...70...80...90...100 - done.
Positive samples #250000
Negative samples #250000
Positive train #200000
Negative train #200000
Positive valid #50000
Negative valid #50000

Found GPU: GeForce GTX 970
Compute Capability: 5.2

Best: 100000  Loss: 0.095715 Regul: 0.043593 Obj: 0.139307 (0.139307)  NNZ: 13 (13)  Ttime: 1.4151 Vtime: 0.2485
Stat: nPR #88 (#104) Dim/MaxDim [704/640] AUC: 0.975840 FPR95: 11.88
Best: 200000  Loss: 0.082344 Regul: 0.055189 Obj: 0.137532 (0.137532)  NNZ: 14 (14)  Ttime: 1.4165 Vtime: 0.0514
Stat: nPR #92 (#112) Dim/MaxDim [736/640] AUC: 0.981465 FPR95: 7.95
Step: 300000  Loss: 0.099669 Regul: 0.057689 Obj: 0.157357 (0.137532)  NNZ: 15 (14)  Ttime: 1.4117 Vtime: 0.0513
Step: 400000  Loss: 0.095221 Regul: 0.059118 Obj: 0.154338 (0.137532)  NNZ: 18 (14)  Ttime: 1.4079 Vtime: 0.0512
Best: 500000  Loss: 0.080039 Regul: 0.040011 Obj: 0.120049 (0.120049)  NNZ: 16 (16)  Ttime: 1.4042 Vtime: 0.0512
Stat: nPR #120 (#128) Dim/MaxDim [960/640] AUC: 0.978385 FPR95: 9.58
Best: 600000  Loss: 0.071741 Regul: 0.036970 Obj: 0.108712 (0.108712)  NNZ: 12 (12)  Ttime: 1.4130 Vtime: 0.0513
Stat: nPR #76 (#96) Dim/MaxDim [608/640] AUC: 0.979858 FPR95: 8.51 [saved]
Step: 700000  Loss: 0.100157 Regul: 0.027080 Obj: 0.127237 (0.108712)  NNZ: 12 (12)  Ttime: 1.4175 Vtime: 0.0512
Best: 800000  Loss: 0.072722 Regul: 0.020358 Obj: 0.093080 (0.093080)  NNZ: 7 (7)  Ttime: 1.4124 Vtime: 0.0517
Stat: nPR #48 (#56) Dim/MaxDim [384/640] AUC: 0.973245 FPR95: 17.13 [saved]
Best: 900000  Loss: 0.057339 Regul: 0.012258 Obj: 0.069598 (0.069598)  NNZ: 5 (5)  Ttime: 1.4124 Vtime: 0.0516
Stat: nPR #36 (#40) Dim/MaxDim [288/640] AUC: 0.978486 FPR95: 10.97 [saved]
Step: 1000000  Loss: 0.066503 Regul: 0.025021 Obj: 0.091525 (0.069598)  NNZ: 8 (5)  Ttime: 1.4140 Vtime: 0.0513
Step: 1100000  Loss: 0.056841 Regul: 0.019630 Obj: 0.076471 (0.069598)  NNZ: 10 (5)  Ttime: 1.4132 Vtime: 0.0510
Step: 1200000  Loss: 0.062809 Regul: 0.026666 Obj: 0.089474 (0.069598)  NNZ: 9 (5)  Ttime: 1.4151 Vtime: 0.0509
Step: 1300000  Loss: 0.058451 Regul: 0.022001 Obj: 0.080452 (0.069598)  NNZ: 12 (5)  Ttime: 1.4118 Vtime: 0.0511
Step: 1400000  Loss: 0.071210 Regul: 0.025114 Obj: 0.096324 (0.069598)  NNZ: 17 (5)  Ttime: 1.4149 Vtime: 0.0511
Step: 1500000  Loss: 0.071169 Regul: 0.030662 Obj: 0.101830 (0.069598)  NNZ: 14 (5)  Ttime: 1.4128 Vtime: 0.0522
Step: 1600000  Loss: 0.067750 Regul: 0.020444 Obj: 0.088193 (0.069598)  NNZ: 9 (5)  Ttime: 1.4124 Vtime: 0.0514
Step: 1700000  Loss: 0.084861 Regul: 0.015446 Obj: 0.100307 (0.069598)  NNZ: 7 (5)  Ttime: 1.4141 Vtime: 0.0509
Step: 1800000  Loss: 0.061060 Regul: 0.030747 Obj: 0.091807 (0.069598)  NNZ: 17 (5)  Ttime: 1.4120 Vtime: 0.0523
Step: 1900000  Loss: 0.055041 Regul: 0.018395 Obj: 0.073435 (0.069598)  NNZ: 12 (5)  Ttime: 1.4109 Vtime: 0.0513
Step: 2000000  Loss: 0.063429 Regul: 0.024513 Obj: 0.087942 (0.069598)  NNZ: 14 (5)  Ttime: 1.4106 Vtime: 0.0513
Step: 2100000  Loss: 0.065007 Regul: 0.016702 Obj: 0.081708 (0.069598)  NNZ: 11 (5)  Ttime: 1.4054 Vtime: 0.0509
Step: 2200000  Loss: 0.058094 Regul: 0.016306 Obj: 0.074400 (0.069598)  NNZ: 9 (5)  Ttime: 1.4123 Vtime: 0.0512
Step: 2300000  Loss: 0.053953 Regul: 0.018685 Obj: 0.072638 (0.069598)  NNZ: 9 (5)  Ttime: 1.4057 Vtime: 0.0515
Step: 2400000  Loss: 0.053035 Regul: 0.021046 Obj: 0.074081 (0.069598)  NNZ: 12 (5)  Ttime: 1.4072 Vtime: 0.0524
Step: 2500000  Loss: 0.058788 Regul: 0.022065 Obj: 0.080854 (0.069598)  NNZ: 9 (5)  Ttime: 1.4146 Vtime: 0.0509
Step: 2600000  Loss: 0.063354 Regul: 0.025363 Obj: 0.088717 (0.069598)  NNZ: 10 (5)  Ttime: 1.4116 Vtime: 0.0511
Step: 2700000  Loss: 0.072152 Regul: 0.024144 Obj: 0.096296 (0.069598)  NNZ: 11 (5)  Ttime: 1.4139 Vtime: 0.0517
Step: 2800000  Loss: 0.053154 Regul: 0.018695 Obj: 0.071849 (0.069598)  NNZ: 14 (5)  Ttime: 1.4126 Vtime: 0.0518
Step: 2900000  Loss: 0.059788 Regul: 0.025135 Obj: 0.084923 (0.069598)  NNZ: 13 (5)  Ttime: 1.4567 Vtime: 0.0508
Step: 3000000  Loss: 0.058905 Regul: 0.019221 Obj: 0.078126 (0.069598)  NNZ: 8 (5)  Ttime: 1.4220 Vtime: 0.0517
Step: 3100000  Loss: 0.069439 Regul: 0.010948 Obj: 0.080387 (0.069598)  NNZ: 8 (5)  Ttime: 1.4199 Vtime: 0.0512
Step: 3200000  Loss: 0.090398 Regul: 0.013058 Obj: 0.103456 (0.069598)  NNZ: 9 (5)  Ttime: 1.4150 Vtime: 0.0513
Best: 3300000  Loss: 0.055849 Regul: 0.012668 Obj: 0.068518 (0.068518)  NNZ: 9 (9)  Ttime: 1.4159 Vtime: 0.0511
Stat: nPR #60 (#72) Dim/MaxDim [480/640] AUC: 0.979159 FPR95: 9.00 [saved]
Step: 3400000  Loss: 0.066693 Regul: 0.016993 Obj: 0.083686 (0.068518)  NNZ: 11 (9)  Ttime: 1.4120 Vtime: 0.0519
Step: 3500000  Loss: 0.052886 Regul: 0.017008 Obj: 0.069894 (0.068518)  NNZ: 8 (9)  Ttime: 1.4114 Vtime: 0.0511
Best: 3600000  Loss: 0.052900 Regul: 0.014471 Obj: 0.067372 (0.067372)  NNZ: 9 (9)  Ttime: 1.4105 Vtime: 0.0517
Stat: nPR #60 (#72) Dim/MaxDim [480/640] AUC: 0.979964 FPR95: 9.07 [saved]
Step: 3700000  Loss: 0.055024 Regul: 0.021193 Obj: 0.076216 (0.067372)  NNZ: 10 (9)  Ttime: 1.4145 Vtime: 0.0517
Step: 3800000  Loss: 0.050886 Regul: 0.021475 Obj: 0.072361 (0.067372)  NNZ: 12 (9)  Ttime: 1.4107 Vtime: 0.0516
Step: 3900000  Loss: 0.052357 Regul: 0.020326 Obj: 0.072683 (0.067372)  NNZ: 11 (9)  Ttime: 1.4177 Vtime: 0.0517
Step: 4000000  Loss: 0.060759 Regul: 0.016929 Obj: 0.077687 (0.067372)  NNZ: 12 (9)  Ttime: 1.4137 Vtime: 0.0515
Step: 4100000  Loss: 0.063310 Regul: 0.021447 Obj: 0.084757 (0.067372)  NNZ: 13 (9)  Ttime: 1.4196 Vtime: 0.0512
Step: 4200000  Loss: 0.083436 Regul: 0.015802 Obj: 0.099238 (0.067372)  NNZ: 16 (9)  Ttime: 1.4135 Vtime: 0.0513
Step: 4300000  Loss: 0.053811 Regul: 0.015730 Obj: 0.069541 (0.067372)  NNZ: 12 (9)  Ttime: 1.4148 Vtime: 0.0515
Step: 4400000  Loss: 0.060439 Regul: 0.022463 Obj: 0.082902 (0.067372)  NNZ: 13 (9)  Ttime: 1.4154 Vtime: 0.0509
Step: 4500000  Loss: 0.083541 Regul: 0.018033 Obj: 0.101575 (0.067372)  NNZ: 13 (9)  Ttime: 1.4157 Vtime: 0.0517
Step: 4600000  Loss: 0.075593 Regul: 0.017639 Obj: 0.093232 (0.067372)  NNZ: 10 (9)  Ttime: 1.4168 Vtime: 0.0511
Step: 4700000  Loss: 0.059911 Regul: 0.014072 Obj: 0.073984 (0.067372)  NNZ: 7 (9)  Ttime: 1.4172 Vtime: 0.0517
Step: 4800000  Loss: 0.060734 Regul: 0.012332 Obj: 0.073065 (0.067372)  NNZ: 12 (9)  Ttime: 1.4127 Vtime: 0.0517
Step: 4900000  Loss: 0.050668 Regul: 0.018907 Obj: 0.069575 (0.067372)  NNZ: 12 (9)  Ttime: 1.4136 Vtime: 0.0517
Step: 5000000  Loss: 0.055862 Regul: 0.020354 Obj: 0.076216 (0.067372)  NNZ: 14 (9)  Ttime: 1.4113 Vtime: 0.0514
Step: 5100000  Loss: 0.061750 Regul: 0.021388 Obj: 0.083137 (0.067372)  NNZ: 10 (9)  Ttime: 1.4117 Vtime: 0.0514
Step: 5200000  Loss: 0.055707 Regul: 0.013822 Obj: 0.069529 (0.067372)  NNZ: 9 (9)  Ttime: 1.4148 Vtime: 0.0515
Step: 5300000  Loss: 0.052415 Regul: 0.023140 Obj: 0.075554 (0.067372)  NNZ: 14 (9)  Ttime: 1.4144 Vtime: 0.0514
Step: 5400000  Loss: 0.050304 Regul: 0.020322 Obj: 0.070626 (0.067372)  NNZ: 11 (9)  Ttime: 1.4128 Vtime: 0.0515
Step: 5500000  Loss: 0.063274 Regul: 0.016827 Obj: 0.080101 (0.067372)  NNZ: 9 (9)  Ttime: 1.4129 Vtime: 0.0514
Step: 5600000  Loss: 0.056164 Regul: 0.020432 Obj: 0.076596 (0.067372)  NNZ: 13 (9)  Ttime: 1.4132 Vtime: 0.0515
Step: 5700000  Loss: 0.054407 Regul: 0.013998 Obj: 0.068405 (0.067372)  NNZ: 13 (9)  Ttime: 1.4041 Vtime: 0.0515
Step: 5800000  Loss: 0.058368 Regul: 0.017345 Obj: 0.075713 (0.067372)  NNZ: 10 (9)  Ttime: 1.4105 Vtime: 0.0513
Step: 5900000  Loss: 0.057883 Regul: 0.028547 Obj: 0.086430 (0.067372)  NNZ: 16 (9)  Ttime: 1.4171 Vtime: 0.0517
Best: 6000000  Loss: 0.049501 Regul: 0.016196 Obj: 0.065697 (0.065697)  NNZ: 11 (11)  Ttime: 1.4145 Vtime: 0.0516
Stat: nPR #80 (#88) Dim/MaxDim [640/640] AUC: 0.981341 FPR95: 7.72 [saved]
Step: 6100000  Loss: 0.055699 Regul: 0.018942 Obj: 0.074640 (0.065697)  NNZ: 14 (11)  Ttime: 1.4138 Vtime: 0.0513
Step: 6200000  Loss: 0.051832 Regul: 0.016630 Obj: 0.068461 (0.065697)  NNZ: 17 (11)  Ttime: 1.4139 Vtime: 0.0516
Step: 6300000  Loss: 0.049279 Regul: 0.018770 Obj: 0.068049 (0.065697)  NNZ: 14 (11)  Ttime: 1.4085 Vtime: 0.0512
Step: 6400000  Loss: 0.056612 Regul: 0.019224 Obj: 0.075836 (0.065697)  NNZ: 13 (11)  Ttime: 1.4223 Vtime: 0.0519
Step: 6500000  Loss: 0.054124 Regul: 0.012277 Obj: 0.066400 (0.065697)  NNZ: 8 (11)  Ttime: 1.4309 Vtime: 0.0512
Step: 6600000  Loss: 0.061813 Regul: 0.014746 Obj: 0.076559 (0.065697)  NNZ: 7 (11)  Ttime: 1.4208 Vtime: 0.0519
Best: 6700000  Loss: 0.050860 Regul: 0.013545 Obj: 0.064405 (0.064405)  NNZ: 10 (10)  Ttime: 1.4180 Vtime: 0.0510
Stat: nPR #68 (#80) Dim/MaxDim [544/640] AUC: 0.981087 FPR95: 7.94 [saved]
Step: 6800000  Loss: 0.057933 Regul: 0.016675 Obj: 0.074608 (0.064405)  NNZ: 12 (10)  Ttime: 1.4149 Vtime: 0.0521
Step: 6900000  Loss: 0.053501 Regul: 0.022097 Obj: 0.075598 (0.064405)  NNZ: 12 (10)  Ttime: 1.4149 Vtime: 0.0515
Step: 7000000  Loss: 0.052580 Regul: 0.022803 Obj: 0.075382 (0.064405)  NNZ: 16 (10)  Ttime: 1.4128 Vtime: 0.0515
Step: 7100000  Loss: 0.055073 Regul: 0.013325 Obj: 0.068398 (0.064405)  NNZ: 14 (10)  Ttime: 1.4120 Vtime: 0.0502
Step: 7200000  Loss: 0.058582 Regul: 0.015159 Obj: 0.073740 (0.064405)  NNZ: 9 (10)  Ttime: 1.4111 Vtime: 0.0521
Best: 7300000  Loss: 0.049441 Regul: 0.013428 Obj: 0.062869 (0.062869)  NNZ: 11 (11)  Ttime: 1.4132 Vtime: 0.0509
Stat: nPR #76 (#88) Dim/MaxDim [608/640] AUC: 0.981441 FPR95: 7.71 [saved]
Step: 7400000  Loss: 0.051737 Regul: 0.017781 Obj: 0.069518 (0.062869)  NNZ: 15 (11)  Ttime: 1.4143 Vtime: 0.0512
Step: 7500000  Loss: 0.062100 Regul: 0.019658 Obj: 0.081759 (0.062869)  NNZ: 13 (11)  Ttime: 1.4141 Vtime: 0.0522
Step: 7600000  Loss: 0.062527 Regul: 0.015427 Obj: 0.077954 (0.062869)  NNZ: 9 (11)  Ttime: 1.4156 Vtime: 0.0512
Step: 7700000  Loss: 0.052040 Regul: 0.022385 Obj: 0.074425 (0.062869)  NNZ: 14 (11)  Ttime: 1.4126 Vtime: 0.0513
Step: 7800000  Loss: 0.056451 Regul: 0.028914 Obj: 0.085365 (0.062869)  NNZ: 21 (11)  Ttime: 1.4119 Vtime: 0.0515
Step: 7900000  Loss: 0.061859 Regul: 0.023542 Obj: 0.085401 (0.062869)  NNZ: 12 (11)  Ttime: 1.4113 Vtime: 0.0520
Step: 8000000  Loss: 0.054082 Regul: 0.020776 Obj: 0.074859 (0.062869)  NNZ: 18 (11)  Ttime: 1.4138 Vtime: 0.0512
Step: 8100000  Loss: 0.053750 Regul: 0.026831 Obj: 0.080581 (0.062869)  NNZ: 17 (11)  Ttime: 1.4138 Vtime: 0.0522
Step: 8200000  Loss: 0.055086 Regul: 0.017812 Obj: 0.072898 (0.062869)  NNZ: 13 (11)  Ttime: 1.4152 Vtime: 0.0522
Step: 8300000  Loss: 0.054940 Regul: 0.012207 Obj: 0.067147 (0.062869)  NNZ: 10 (11)  Ttime: 1.4140 Vtime: 0.0507
Step: 8400000  Loss: 0.053631 Regul: 0.018472 Obj: 0.072102 (0.062869)  NNZ: 11 (11)  Ttime: 1.4148 Vtime: 0.0519
Step: 8500000  Loss: 0.060595 Regul: 0.021448 Obj: 0.082042 (0.062869)  NNZ: 17 (11)  Ttime: 1.4131 Vtime: 0.0515
Step: 8600000  Loss: 0.051893 Regul: 0.018469 Obj: 0.070362 (0.062869)  NNZ: 16 (11)  Ttime: 1.4120 Vtime: 0.0515
Step: 8700000  Loss: 0.051830 Regul: 0.016726 Obj: 0.068556 (0.062869)  NNZ: 13 (11)  Ttime: 1.4137 Vtime: 0.0512
Step: 8800000  Loss: 0.078717 Regul: 0.018884 Obj: 0.097602 (0.062869)  NNZ: 17 (11)  Ttime: 1.4098 Vtime: 0.0523
Step: 8900000  Loss: 0.055663 Regul: 0.028020 Obj: 0.083683 (0.062869)  NNZ: 16 (11)  Ttime: 1.4156 Vtime: 0.0519
Step: 9000000  Loss: 0.051084 Regul: 0.018777 Obj: 0.069861 (0.062869)  NNZ: 15 (11)  Ttime: 1.4102 Vtime: 0.0521
Step: 9100000  Loss: 0.051917 Regul: 0.013499 Obj: 0.065415 (0.062869)  NNZ: 13 (11)  Ttime: 1.4143 Vtime: 0.0514
Step: 9200000  Loss: 0.052875 Regul: 0.020903 Obj: 0.073778 (0.062869)  NNZ: 15 (11)  Ttime: 1.4132 Vtime: 0.0520
Step: 9300000  Loss: 0.053804 Regul: 0.020310 Obj: 0.074114 (0.062869)  NNZ: 14 (11)  Ttime: 1.4155 Vtime: 0.0516
Step: 9400000  Loss: 0.076046 Regul: 0.022747 Obj: 0.098792 (0.062869)  NNZ: 13 (11)  Ttime: 1.4151 Vtime: 0.0511
Step: 9500000  Loss: 0.051775 Regul: 0.019609 Obj: 0.071385 (0.062869)  NNZ: 17 (11)  Ttime: 1.4123 Vtime: 0.0511
Step: 9600000  Loss: 0.051916 Regul: 0.017544 Obj: 0.069460 (0.062869)  NNZ: 11 (11)  Ttime: 1.4151 Vtime: 0.0518
Step: 9700000  Loss: 0.061248 Regul: 0.014314 Obj: 0.075562 (0.062869)  NNZ: 9 (11)  Ttime: 1.4188 Vtime: 0.0519
Step: 9800000  Loss: 0.048675 Regul: 0.017324 Obj: 0.066000 (0.062869)  NNZ: 13 (11)  Ttime: 1.4156 Vtime: 0.0519
Step: 9900000  Loss: 0.052601 Regul: 0.019607 Obj: 0.072208 (0.062869)  NNZ: 16 (11)  Ttime: 1.4170 Vtime: 0.0514
Step: 10000000  Loss: 0.063925 Regul: 0.010767 Obj: 0.074691 (0.062869)  NNZ: 9 (11)  Ttime: 1.4168 Vtime: 0.0521
Step: 10100000  Loss: 0.054068 Regul: 0.020437 Obj: 0.074505 (0.062869)  NNZ: 19 (11)  Ttime: 1.4172 Vtime: 0.0521
Step: 10200000  Loss: 0.049388 Regul: 0.017632 Obj: 0.067020 (0.062869)  NNZ: 14 (11)  Ttime: 1.4227 Vtime: 0.0523
Step: 10300000  Loss: 0.064075 Regul: 0.022446 Obj: 0.086522 (0.062869)  NNZ: 19 (11)  Ttime: 1.4203 Vtime: 0.0511
Step: 10400000  Loss: 0.073474 Regul: 0.015889 Obj: 0.089363 (0.062869)  NNZ: 13 (11)  Ttime: 1.4202 Vtime: 0.0513
Step: 10500000  Loss: 0.054045 Regul: 0.014495 Obj: 0.068540 (0.062869)  NNZ: 11 (11)  Ttime: 1.4137 Vtime: 0.0513
Step: 10600000  Loss: 0.051448 Regul: 0.014629 Obj: 0.066077 (0.062869)  NNZ: 11 (11)  Ttime: 1.4143 Vtime: 0.0516
Step: 10700000  Loss: 0.051095 Regul: 0.019382 Obj: 0.070478 (0.062869)  NNZ: 13 (11)  Ttime: 1.4119 Vtime: 0.0518
Step: 10800000  Loss: 0.051635 Regul: 0.019824 Obj: 0.071459 (0.062869)  NNZ: 15 (11)  Ttime: 1.4089 Vtime: 0.0510
Step: 10900000  Loss: 0.059664 Regul: 0.017727 Obj: 0.077391 (0.062869)  NNZ: 14 (11)  Ttime: 1.4115 Vtime: 0.0511
Step: 11000000  Loss: 0.049815 Regul: 0.015298 Obj: 0.065113 (0.062869)  NNZ: 13 (11)  Ttime: 1.4136 Vtime: 0.0523
Step: 11100000  Loss: 0.053149 Regul: 0.017375 Obj: 0.070525 (0.062869)  NNZ: 15 (11)  Ttime: 1.4138 Vtime: 0.0520
Step: 11200000  Loss: 0.051223 Regul: 0.013242 Obj: 0.064466 (0.062869)  NNZ: 12 (11)  Ttime: 1.4153 Vtime: 0.0509
Step: 11300000  Loss: 0.054657 Regul: 0.016475 Obj: 0.071131 (0.062869)  NNZ: 17 (11)  Ttime: 1.4159 Vtime: 0.0515
Step: 11400000  Loss: 0.051207 Regul: 0.016362 Obj: 0.067569 (0.062869)  NNZ: 15 (11)  Ttime: 1.4137 Vtime: 0.0511
Step: 11500000  Loss: 0.055063 Regul: 0.016582 Obj: 0.071645 (0.062869)  NNZ: 14 (11)  Ttime: 1.4110 Vtime: 0.0514
Step: 11600000  Loss: 0.058052 Regul: 0.015110 Obj: 0.073162 (0.062869)  NNZ: 12 (11)  Ttime: 1.4155 Vtime: 0.0513
Step: 11700000  Loss: 0.053906 Regul: 0.027388 Obj: 0.081294 (0.062869)  NNZ: 24 (11)  Ttime: 1.4127 Vtime: 0.0515
Step: 11800000  Loss: 0.062244 Regul: 0.026055 Obj: 0.088299 (0.062869)  NNZ: 23 (11)  Ttime: 1.4161 Vtime: 0.0515
Step: 11900000  Loss: 0.051960 Regul: 0.015461 Obj: 0.067422 (0.062869)  NNZ: 14 (11)  Ttime: 1.4132 Vtime: 0.0512
Step: 12000000  Loss: 0.052217 Regul: 0.015662 Obj: 0.067878 (0.062869)  NNZ: 11 (11)  Ttime: 1.4072 Vtime: 0.0515
Step: 12100000  Loss: 0.058052 Regul: 0.020066 Obj: 0.078117 (0.062869)  NNZ: 16 (11)  Ttime: 1.4140 Vtime: 0.0508
Step: 12200000  Loss: 0.047762 Regul: 0.017112 Obj: 0.064874 (0.062869)  NNZ: 14 (11)  Ttime: 1.4188 Vtime: 0.0522
Step: 12300000  Loss: 0.049931 Regul: 0.019595 Obj: 0.069526 (0.062869)  NNZ: 15 (11)  Ttime: 1.4165 Vtime: 0.0507
Step: 12400000  Loss: 0.066257 Regul: 0.012622 Obj: 0.078879 (0.062869)  NNZ: 11 (11)  Ttime: 1.4136 Vtime: 0.0522
Step: 12500000  Loss: 0.063790 Regul: 0.015608 Obj: 0.079398 (0.062869)  NNZ: 13 (11)  Ttime: 1.4149 Vtime: 0.0511
Step: 12600000  Loss: 0.061900 Regul: 0.020288 Obj: 0.082188 (0.062869)  NNZ: 16 (11)  Ttime: 1.4145 Vtime: 0.0508
Step: 12700000  Loss: 0.050726 Regul: 0.020603 Obj: 0.071329 (0.062869)  NNZ: 11 (11)  Ttime: 1.4165 Vtime: 0.0516
Step: 12800000  Loss: 0.064630 Regul: 0.014890 Obj: 0.079520 (0.062869)  NNZ: 13 (11)  Ttime: 1.4157 Vtime: 0.0513
Step: 12900000  Loss: 0.071661 Regul: 0.009324 Obj: 0.080985 (0.062869)  NNZ: 7 (11)  Ttime: 1.4149 Vtime: 0.0518
Step: 13000000  Loss: 0.048444 Regul: 0.014434 Obj: 0.062878 (0.062869)  NNZ: 15 (11)  Ttime: 1.4093 Vtime: 0.0520
Step: 13100000  Loss: 0.051834 Regul: 0.015754 Obj: 0.067588 (0.062869)  NNZ: 12 (11)  Ttime: 1.4172 Vtime: 0.0519
Step: 13200000  Loss: 0.052024 Regul: 0.015874 Obj: 0.067898 (0.062869)  NNZ: 13 (11)  Ttime: 1.4163 Vtime: 0.0517
Step: 13300000  Loss: 0.050734 Regul: 0.012844 Obj: 0.063578 (0.062869)  NNZ: 11 (11)  Ttime: 1.4112 Vtime: 0.0516
Step: 13400000  Loss: 0.050205 Regul: 0.020525 Obj: 0.070730 (0.062869)  NNZ: 14 (11)  Ttime: 1.4140 Vtime: 0.0517
Step: 13500000  Loss: 0.056651 Regul: 0.016409 Obj: 0.073060 (0.062869)  NNZ: 11 (11)  Ttime: 1.4153 Vtime: 0.0509
Step: 13600000  Loss: 0.050813 Regul: 0.017507 Obj: 0.068321 (0.062869)  NNZ: 15 (11)  Ttime: 1.4156 Vtime: 0.0514
Step: 13700000  Loss: 0.050948 Regul: 0.019343 Obj: 0.070291 (0.062869)  NNZ: 14 (11)  Ttime: 1.4152 Vtime: 0.0513
Step: 13800000  Loss: 0.063071 Regul: 0.015293 Obj: 0.078364 (0.062869)  NNZ: 13 (11)  Ttime: 1.4461 Vtime: 0.0518
Step: 13900000  Loss: 0.048579 Regul: 0.015068 Obj: 0.063647 (0.062869)  NNZ: 13 (11)  Ttime: 1.4404 Vtime: 0.0522
Step: 14000000  Loss: 0.051413 Regul: 0.014341 Obj: 0.065754 (0.062869)  NNZ: 11 (11)  Ttime: 1.4412 Vtime: 0.0505
Step: 14100000  Loss: 0.053329 Regul: 0.016172 Obj: 0.069501 (0.062869)  NNZ: 11 (11)  Ttime: 1.4372 Vtime: 0.0511
Step: 14200000  Loss: 0.062614 Regul: 0.019443 Obj: 0.082058 (0.062869)  NNZ: 19 (11)  Ttime: 1.4375 Vtime: 0.0526
Step: 14300000  Loss: 0.062255 Regul: 0.014568 Obj: 0.076823 (0.062869)  NNZ: 10 (11)  Ttime: 1.4307 Vtime: 0.0513
Step: 14400000  Loss: 0.054574 Regul: 0.014067 Obj: 0.068641 (0.062869)  NNZ: 14 (11)  Ttime: 1.4387 Vtime: 0.0514
Step: 14500000  Loss: 0.050761 Regul: 0.013220 Obj: 0.063981 (0.062869)  NNZ: 15 (11)  Ttime: 1.4465 Vtime: 0.0516
Step: 14600000  Loss: 0.052876 Regul: 0.012285 Obj: 0.065162 (0.062869)  NNZ: 13 (11)  Ttime: 1.4662 Vtime: 0.0511
Step: 14700000  Loss: 0.061778 Regul: 0.013730 Obj: 0.075509 (0.062869)  NNZ: 10 (11)  Ttime: 1.4209 Vtime: 0.0516
Step: 14800000  Loss: 0.050730 Regul: 0.019358 Obj: 0.070088 (0.062869)  NNZ: 21 (11)  Ttime: 1.4397 Vtime: 0.0532
Step: 14900000  Loss: 0.049783 Regul: 0.013967 Obj: 0.063750 (0.062869)  NNZ: 12 (11)  Ttime: 1.4371 Vtime: 0.0517
Step: 15000000  Loss: 0.067241 Regul: 0.013479 Obj: 0.080720 (0.062869)  NNZ: 10 (11)  Ttime: 1.4245 Vtime: 0.0517
Step: 15100000  Loss: 0.053809 Regul: 0.013767 Obj: 0.067576 (0.062869)  NNZ: 12 (11)  Ttime: 1.4239 Vtime: 0.0516
Step: 15200000  Loss: 0.050747 Regul: 0.016890 Obj: 0.067636 (0.062869)  NNZ: 13 (11)  Ttime: 1.4261 Vtime: 0.0509
Step: 15300000  Loss: 0.051622 Regul: 0.022947 Obj: 0.074569 (0.062869)  NNZ: 18 (11)  Ttime: 1.4468 Vtime: 0.0511
Step: 15400000  Loss: 0.053139 Regul: 0.015928 Obj: 0.069067 (0.062869)  NNZ: 16 (11)  Ttime: 1.4380 Vtime: 0.0524
Step: 15500000  Loss: 0.047875 Regul: 0.015496 Obj: 0.063371 (0.062869)  NNZ: 20 (11)  Ttime: 1.4436 Vtime: 0.0514
Step: 15600000  Loss: 0.050895 Regul: 0.013765 Obj: 0.064659 (0.062869)  NNZ: 17 (11)  Ttime: 1.4394 Vtime: 0.0517
Step: 15700000  Loss: 0.056019 Regul: 0.014695 Obj: 0.070713 (0.062869)  NNZ: 13 (11)  Ttime: 1.4118 Vtime: 0.0520
Step: 15800000  Loss: 0.048990 Regul: 0.015046 Obj: 0.064036 (0.062869)  NNZ: 10 (11)  Ttime: 1.4154 Vtime: 0.0512
Best: 15900000  Loss: 0.049768 Regul: 0.012632 Obj: 0.062399 (0.062399)  NNZ: 12 (12)  Ttime: 1.4108 Vtime: 0.0514
Stat: nPR #76 (#96) Dim/MaxDim [608/640] AUC: 0.981549 FPR95: 7.26 [saved]
Step: 16000000  Loss: 0.055088 Regul: 0.015466 Obj: 0.070554 (0.062399)  NNZ: 18 (12)  Ttime: 1.4321 Vtime: 0.0514
Step: 16100000  Loss: 0.051685 Regul: 0.013191 Obj: 0.064876 (0.062399)  NNZ: 12 (12)  Ttime: 1.4235 Vtime: 0.0513
Step: 16200000  Loss: 0.056125 Regul: 0.010723 Obj: 0.066848 (0.062399)  NNZ: 10 (12)  Ttime: 1.4622 Vtime: 0.0521
Step: 16300000  Loss: 0.050640 Regul: 0.017822 Obj: 0.068462 (0.062399)  NNZ: 20 (12)  Ttime: 1.4224 Vtime: 0.0514
Step: 16400000  Loss: 0.052744 Regul: 0.014702 Obj: 0.067446 (0.062399)  NNZ: 13 (12)  Ttime: 1.4218 Vtime: 0.0514
Step: 16500000  Loss: 0.068097 Regul: 0.020779 Obj: 0.088876 (0.062399)  NNZ: 16 (12)  Ttime: 1.4212 Vtime: 0.0510
Step: 16600000  Loss: 0.050393 Regul: 0.013293 Obj: 0.063686 (0.062399)  NNZ: 12 (12)  Ttime: 1.4158 Vtime: 0.0511
Step: 16700000  Loss: 0.054660 Regul: 0.015784 Obj: 0.070444 (0.062399)  NNZ: 14 (12)  Ttime: 1.4172 Vtime: 0.0519
Step: 16800000  Loss: 0.063979 Regul: 0.013164 Obj: 0.077143 (0.062399)  NNZ: 14 (12)  Ttime: 1.4149 Vtime: 0.0514
Step: 16900000  Loss: 0.053850 Regul: 0.011328 Obj: 0.065178 (0.062399)  NNZ: 12 (12)  Ttime: 1.4146 Vtime: 0.0520
Step: 17000000  Loss: 0.052782 Regul: 0.017063 Obj: 0.069845 (0.062399)  NNZ: 14 (12)  Ttime: 1.4168 Vtime: 0.0514
Step: 17100000  Loss: 0.060566 Regul: 0.017341 Obj: 0.077908 (0.062399)  NNZ: 21 (12)  Ttime: 1.4153 Vtime: 0.0518
Step: 17200000  Loss: 0.059229 Regul: 0.010061 Obj: 0.069290 (0.062399)  NNZ: 9 (12)  Ttime: 1.4145 Vtime: 0.0513
Step: 17300000  Loss: 0.049098 Regul: 0.014941 Obj: 0.064040 (0.062399)  NNZ: 15 (12)  Ttime: 1.4170 Vtime: 0.0516
Step: 17400000  Loss: 0.049962 Regul: 0.013611 Obj: 0.063573 (0.062399)  NNZ: 11 (12)  Ttime: 1.4167 Vtime: 0.0511
Step: 17500000  Loss: 0.050619 Regul: 0.014927 Obj: 0.065545 (0.062399)  NNZ: 12 (12)  Ttime: 1.4133 Vtime: 0.0510
Step: 17600000  Loss: 0.051617 Regul: 0.011592 Obj: 0.063209 (0.062399)  NNZ: 13 (12)  Ttime: 1.4131 Vtime: 0.0512
Step: 17700000  Loss: 0.051124 Regul: 0.012046 Obj: 0.063170 (0.062399)  NNZ: 14 (12)  Ttime: 1.4149 Vtime: 0.0513
Step: 17800000  Loss: 0.060536 Regul: 0.011658 Obj: 0.072193 (0.062399)  NNZ: 11 (12)  Ttime: 1.4147 Vtime: 0.0518
Step: 17900000  Loss: 0.058576 Regul: 0.013816 Obj: 0.072392 (0.062399)  NNZ: 15 (12)  Ttime: 1.4174 Vtime: 0.0511
Step: 18000000  Loss: 0.050368 Regul: 0.016184 Obj: 0.066552 (0.062399)  NNZ: 13 (12)  Ttime: 1.4149 Vtime: 0.0519
Step: 18100000  Loss: 0.051813 Regul: 0.015552 Obj: 0.067365 (0.062399)  NNZ: 18 (12)  Ttime: 1.4236 Vtime: 0.0514
Step: 18200000  Loss: 0.054042 Regul: 0.015601 Obj: 0.069643 (0.062399)  NNZ: 13 (12)  Ttime: 1.4186 Vtime: 0.0515
Step: 18300000  Loss: 0.063027 Regul: 0.011294 Obj: 0.074321 (0.062399)  NNZ: 9 (12)  Ttime: 1.4224 Vtime: 0.0513
Step: 18400000  Loss: 0.054706 Regul: 0.011882 Obj: 0.066588 (0.062399)  NNZ: 14 (12)  Ttime: 1.4170 Vtime: 0.0515
Step: 18500000  Loss: 0.057299 Regul: 0.011362 Obj: 0.068661 (0.062399)  NNZ: 10 (12)  Ttime: 1.4159 Vtime: 0.0525
Step: 18600000  Loss: 0.051614 Regul: 0.017830 Obj: 0.069444 (0.062399)  NNZ: 14 (12)  Ttime: 1.4122 Vtime: 0.0515
Step: 18700000  Loss: 0.052330 Regul: 0.012163 Obj: 0.064493 (0.062399)  NNZ: 10 (12)  Ttime: 1.4159 Vtime: 0.0519
Step: 18800000  Loss: 0.051889 Regul: 0.012708 Obj: 0.064596 (0.062399)  NNZ: 13 (12)  Ttime: 1.4120 Vtime: 0.0519
Step: 18900000  Loss: 0.052785 Regul: 0.013860 Obj: 0.066645 (0.062399)  NNZ: 15 (12)  Ttime: 1.4110 Vtime: 0.0511
Step: 19000000  Loss: 0.067896 Regul: 0.017458 Obj: 0.085354 (0.062399)  NNZ: 15 (12)  Ttime: 1.4165 Vtime: 0.0514
Step: 19100000  Loss: 0.054514 Regul: 0.017664 Obj: 0.072177 (0.062399)  NNZ: 18 (12)  Ttime: 1.4136 Vtime: 0.0518
Step: 19200000  Loss: 0.048007 Regul: 0.014670 Obj: 0.062677 (0.062399)  NNZ: 15 (12)  Ttime: 1.4161 Vtime: 0.0518
Step: 19300000  Loss: 0.055116 Regul: 0.014670 Obj: 0.069786 (0.062399)  NNZ: 14 (12)  Ttime: 1.4148 Vtime: 0.0511
Step: 19400000  Loss: 0.050565 Regul: 0.015244 Obj: 0.065809 (0.062399)  NNZ: 13 (12)  Ttime: 1.4158 Vtime: 0.0517
Step: 19500000  Loss: 0.053858 Regul: 0.013601 Obj: 0.067459 (0.062399)  NNZ: 14 (12)  Ttime: 1.4168 Vtime: 0.0517
Step: 19600000  Loss: 0.052848 Regul: 0.012607 Obj: 0.065455 (0.062399)  NNZ: 14 (12)  Ttime: 1.4195 Vtime: 0.0520
Step: 19700000  Loss: 0.060375 Regul: 0.010698 Obj: 0.071073 (0.062399)  NNZ: 13 (12)  Ttime: 1.4120 Vtime: 0.0517
Step: 19800000  Loss: 0.054340 Regul: 0.016865 Obj: 0.071206 (0.062399)  NNZ: 14 (12)  Ttime: 1.4179 Vtime: 0.0508
Step: 19900000  Loss: 0.079341 Regul: 0.010713 Obj: 0.090053 (0.062399)  NNZ: 13 (12)  Ttime: 1.4136 Vtime: 0.0510
Step: 20000000  Loss: 0.052674 Regul: 0.012227 Obj: 0.064901 (0.062399)  NNZ: 12 (12)  Ttime: 1.4143 Vtime: 0.0519
Step: 20100000  Loss: 0.097073 Regul: 0.011167 Obj: 0.108240 (0.062399)  NNZ: 8 (12)  Ttime: 1.4153 Vtime: 0.0511
Step: 20200000  Loss: 0.050621 Regul: 0.013059 Obj: 0.063680 (0.062399)  NNZ: 11 (12)  Ttime: 1.4149 Vtime: 0.0518
Step: 20300000  Loss: 0.050102 Regul: 0.015823 Obj: 0.065925 (0.062399)  NNZ: 15 (12)  Ttime: 1.4158 Vtime: 0.0520
Step: 20400000  Loss: 0.048417 Regul: 0.015823 Obj: 0.064240 (0.062399)  NNZ: 19 (12)  Ttime: 1.4145 Vtime: 0.0517
Step: 20500000  Loss: 0.057760 Regul: 0.013848 Obj: 0.071607 (0.062399)  NNZ: 19 (12)  Ttime: 1.4146 Vtime: 0.0514
Step: 20600000  Loss: 0.048669 Regul: 0.017246 Obj: 0.065916 (0.062399)  NNZ: 16 (12)  Ttime: 1.4159 Vtime: 0.0518
Step: 20700000  Loss: 0.052966 Regul: 0.014851 Obj: 0.067817 (0.062399)  NNZ: 18 (12)  Ttime: 1.4181 Vtime: 0.0514
Step: 20800000  Loss: 0.055014 Regul: 0.011355 Obj: 0.066369 (0.062399)  NNZ: 13 (12)  Ttime: 1.4156 Vtime: 0.0521
Step: 20900000  Loss: 0.057741 Regul: 0.021384 Obj: 0.079125 (0.062399)  NNZ: 21 (12)  Ttime: 1.4154 Vtime: 0.0518
Step: 21000000  Loss: 0.049707 Regul: 0.013296 Obj: 0.063003 (0.062399)  NNZ: 23 (12)  Ttime: 1.4083 Vtime: 0.0505
Step: 21100000  Loss: 0.051038 Regul: 0.013328 Obj: 0.064366 (0.062399)  NNZ: 13 (12)  Ttime: 1.4145 Vtime: 0.0517
Step: 21200000  Loss: 0.053360 Regul: 0.012275 Obj: 0.065635 (0.062399)  NNZ: 11 (12)  Ttime: 1.4566 Vtime: 0.0513
Step: 21300000  Loss: 0.059884 Regul: 0.010549 Obj: 0.070434 (0.062399)  NNZ: 11 (12)  Ttime: 1.4182 Vtime: 0.0515
Best: 21400000  Loss: 0.049663 Regul: 0.011938 Obj: 0.061601 (0.061601)  NNZ: 13 (13)  Ttime: 1.4107 Vtime: 0.0508
Stat: nPR #80 (#104) Dim/MaxDim [640/640] AUC: 0.981968 FPR95: 7.05 [saved]
Step: 21500000  Loss: 0.056605 Regul: 0.012263 Obj: 0.068868 (0.061601)  NNZ: 11 (13)  Ttime: 1.4149 Vtime: 0.0507
Step: 21600000  Loss: 0.050382 Regul: 0.014736 Obj: 0.065118 (0.061601)  NNZ: 14 (13)  Ttime: 1.4123 Vtime: 0.0525
Step: 21700000  Loss: 0.078318 Regul: 0.013008 Obj: 0.091325 (0.061601)  NNZ: 14 (13)  Ttime: 1.4140 Vtime: 0.0510
Step: 21800000  Loss: 0.058331 Regul: 0.010164 Obj: 0.068494 (0.061601)  NNZ: 18 (13)  Ttime: 1.4156 Vtime: 0.0516
Step: 21900000  Loss: 0.053407 Regul: 0.010930 Obj: 0.064337 (0.061601)  NNZ: 9 (13)  Ttime: 1.4160 Vtime: 0.0513
Step: 22000000  Loss: 0.061177 Regul: 0.009934 Obj: 0.071111 (0.061601)  NNZ: 10 (13)  Ttime: 1.4185 Vtime: 0.0519
Step: 22100000  Loss: 0.067798 Regul: 0.008035 Obj: 0.075833 (0.061601)  NNZ: 11 (13)  Ttime: 1.4158 Vtime: 0.0515
Step: 22200000  Loss: 0.080004 Regul: 0.012063 Obj: 0.092067 (0.061601)  NNZ: 14 (13)  Ttime: 1.4186 Vtime: 0.0514
Step: 22300000  Loss: 0.054609 Regul: 0.010637 Obj: 0.065246 (0.061601)  NNZ: 11 (13)  Ttime: 1.4162 Vtime: 0.0510
Step: 22400000  Loss: 0.065372 Regul: 0.011011 Obj: 0.076383 (0.061601)  NNZ: 10 (13)  Ttime: 1.4141 Vtime: 0.0518
Step: 22500000  Loss: 0.050952 Regul: 0.012729 Obj: 0.063682 (0.061601)  NNZ: 16 (13)  Ttime: 1.4149 Vtime: 0.0516
Step: 22600000  Loss: 0.049424 Regul: 0.014941 Obj: 0.064366 (0.061601)  NNZ: 13 (13)  Ttime: 1.4142 Vtime: 0.0510
Step: 22700000  Loss: 0.055947 Regul: 0.012820 Obj: 0.068767 (0.061601)  NNZ: 16 (13)  Ttime: 1.4160 Vtime: 0.0517
Step: 22800000  Loss: 0.050895 Regul: 0.013564 Obj: 0.064459 (0.061601)  NNZ: 19 (13)  Ttime: 1.4127 Vtime: 0.0512
Step: 22900000  Loss: 0.049351 Regul: 0.015276 Obj: 0.064627 (0.061601)  NNZ: 14 (13)  Ttime: 1.4164 Vtime: 0.0515
Step: 23000000  Loss: 0.048893 Regul: 0.013423 Obj: 0.062316 (0.061601)  NNZ: 13 (13)  Ttime: 1.4138 Vtime: 0.0513
Step: 23100000  Loss: 0.058662 Regul: 0.014409 Obj: 0.073071 (0.061601)  NNZ: 15 (13)  Ttime: 1.4138 Vtime: 0.0514
Step: 23200000  Loss: 0.053128 Regul: 0.014285 Obj: 0.067413 (0.061601)  NNZ: 11 (13)  Ttime: 1.4130 Vtime: 0.0513
Step: 23300000  Loss: 0.062206 Regul: 0.012004 Obj: 0.074211 (0.061601)  NNZ: 17 (13)  Ttime: 1.4134 Vtime: 0.0509
Step: 23400000  Loss: 0.048957 Regul: 0.014946 Obj: 0.063903 (0.061601)  NNZ: 11 (13)  Ttime: 1.4140 Vtime: 0.0514
Step: 23500000  Loss: 0.062161 Regul: 0.010217 Obj: 0.072378 (0.061601)  NNZ: 11 (13)  Ttime: 1.4132 Vtime: 0.0519
Step: 23600000  Loss: 0.051357 Regul: 0.011992 Obj: 0.063349 (0.061601)  NNZ: 17 (13)  Ttime: 1.4139 Vtime: 0.0513
Step: 23700000  Loss: 0.049067 Regul: 0.013367 Obj: 0.062433 (0.061601)  NNZ: 12 (13)  Ttime: 1.4157 Vtime: 0.0506
Step: 23800000  Loss: 0.063281 Regul: 0.014475 Obj: 0.077757 (0.061601)  NNZ: 11 (13)  Ttime: 1.4158 Vtime: 0.0518
Step: 23900000  Loss: 0.062225 Regul: 0.010840 Obj: 0.073065 (0.061601)  NNZ: 10 (13)  Ttime: 1.4137 Vtime: 0.0513
Step: 24000000  Loss: 0.056137 Regul: 0.013472 Obj: 0.069609 (0.061601)  NNZ: 14 (13)  Ttime: 1.4102 Vtime: 0.0517
Step: 24100000  Loss: 0.053016 Regul: 0.013838 Obj: 0.066853 (0.061601)  NNZ: 18 (13)  Ttime: 1.4136 Vtime: 0.0512
Step: 24200000  Loss: 0.048715 Regul: 0.016460 Obj: 0.065174 (0.061601)  NNZ: 17 (13)  Ttime: 1.4123 Vtime: 0.0515
Step: 24300000  Loss: 0.058533 Regul: 0.011790 Obj: 0.070322 (0.061601)  NNZ: 15 (13)  Ttime: 1.4134 Vtime: 0.0518
Step: 24400000  Loss: 0.062791 Regul: 0.008589 Obj: 0.071380 (0.061601)  NNZ: 12 (13)  Ttime: 1.4163 Vtime: 0.0520
Step: 24500000  Loss: 0.067085 Regul: 0.008135 Obj: 0.075220 (0.061601)  NNZ: 9 (13)  Ttime: 1.4137 Vtime: 0.0509
Step: 24600000  Loss: 0.050551 Regul: 0.012224 Obj: 0.062775 (0.061601)  NNZ: 14 (13)  Ttime: 1.4157 Vtime: 0.0508
Step: 24700000  Loss: 0.056247 Regul: 0.012200 Obj: 0.068446 (0.061601)  NNZ: 14 (13)  Ttime: 1.4143 Vtime: 0.0515
Step: 24800000  Loss: 0.059552 Regul: 0.014409 Obj: 0.073961 (0.061601)  NNZ: 17 (13)  Ttime: 1.4166 Vtime: 0.0525
Step: 24900000  Loss: 0.060388 Regul: 0.011692 Obj: 0.072080 (0.061601)  NNZ: 13 (13)  Ttime: 1.4156 Vtime: 0.0516
Step: 25000000  Loss: 0.070752 Regul: 0.009609 Obj: 0.080361 (0.061601)  NNZ: 11 (13)  Ttime: 1.4125 Vtime: 0.0509
Step: 25100000  Loss: 0.052078 Regul: 0.011665 Obj: 0.063743 (0.061601)  NNZ: 15 (13)  Ttime: 1.4156 Vtime: 0.0515
Step: 25200000  Loss: 0.065921 Regul: 0.008130 Obj: 0.074051 (0.061601)  NNZ: 10 (13)  Ttime: 1.4131 Vtime: 0.0513
Step: 25300000  Loss: 0.062521 Regul: 0.009519 Obj: 0.072040 (0.061601)  NNZ: 9 (13)  Ttime: 1.4098 Vtime: 0.0512
Step: 25400000  Loss: 0.057939 Regul: 0.009883 Obj: 0.067822 (0.061601)  NNZ: 13 (13)  Ttime: 1.4150 Vtime: 0.0512
Step: 25500000  Loss: 0.054027 Regul: 0.010913 Obj: 0.064940 (0.061601)  NNZ: 14 (13)  Ttime: 1.4131 Vtime: 0.0515
Step: 25600000  Loss: 0.048300 Regul: 0.016035 Obj: 0.064335 (0.061601)  NNZ: 16 (13)  Ttime: 1.4151 Vtime: 0.0517
Step: 25700000  Loss: 0.057389 Regul: 0.013682 Obj: 0.071071 (0.061601)  NNZ: 17 (13)  Ttime: 1.4149 Vtime: 0.0512
Step: 25800000  Loss: 0.053384 Regul: 0.014868 Obj: 0.068252 (0.061601)  NNZ: 14 (13)  Ttime: 1.4162 Vtime: 0.0513
Step: 25900000  Loss: 0.067016 Regul: 0.015413 Obj: 0.082429 (0.061601)  NNZ: 19 (13)  Ttime: 1.4199 Vtime: 0.0509
Step: 26000000  Loss: 0.053263 Regul: 0.011301 Obj: 0.064565 (0.061601)  NNZ: 11 (13)  Ttime: 1.4182 Vtime: 0.0512
Step: 26100000  Loss: 0.057043 Regul: 0.016340 Obj: 0.073383 (0.061601)  NNZ: 15 (13)  Ttime: 1.4175 Vtime: 0.0513
Step: 26200000  Loss: 0.065308 Regul: 0.008254 Obj: 0.073562 (0.061601)  NNZ: 8 (13)  Ttime: 1.4161 Vtime: 0.0512
Step: 26300000  Loss: 0.053078 Regul: 0.012373 Obj: 0.065451 (0.061601)  NNZ: 11 (13)  Ttime: 1.4132 Vtime: 0.0516
Step: 26400000  Loss: 0.066257 Regul: 0.013643 Obj: 0.079900 (0.061601)  NNZ: 15 (13)  Ttime: 1.4140 Vtime: 0.0513
Step: 26500000  Loss: 0.049798 Regul: 0.014429 Obj: 0.064226 (0.061601)  NNZ: 14 (13)  Ttime: 1.4158 Vtime: 0.0515
Step: 26600000  Loss: 0.051170 Regul: 0.012090 Obj: 0.063259 (0.061601)  NNZ: 12 (13)  Ttime: 1.4134 Vtime: 0.0514
Step: 26700000  Loss: 0.061320 Regul: 0.011953 Obj: 0.073273 (0.061601)  NNZ: 12 (13)  Ttime: 1.4116 Vtime: 0.0514
Step: 26800000  Loss: 0.060855 Regul: 0.015259 Obj: 0.076114 (0.061601)  NNZ: 22 (13)  Ttime: 1.4144 Vtime: 0.0511
Step: 26900000  Loss: 0.051032 Regul: 0.014194 Obj: 0.065226 (0.061601)  NNZ: 15 (13)  Ttime: 1.4177 Vtime: 0.0523
Step: 27000000  Loss: 0.051963 Regul: 0.015381 Obj: 0.067344 (0.061601)  NNZ: 17 (13)  Ttime: 1.4170 Vtime: 0.0512
Step: 27100000  Loss: 0.055878 Regul: 0.009351 Obj: 0.065229 (0.061601)  NNZ: 11 (13)  Ttime: 1.4152 Vtime: 0.0518
Step: 27200000  Loss: 0.049746 Regul: 0.013755 Obj: 0.063501 (0.061601)  NNZ: 15 (13)  Ttime: 1.4101 Vtime: 0.0516
Step: 27300000  Loss: 0.054120 Regul: 0.012676 Obj: 0.066795 (0.061601)  NNZ: 11 (13)  Ttime: 1.4159 Vtime: 0.0509
Step: 27400000  Loss: 0.057669 Regul: 0.010649 Obj: 0.068318 (0.061601)  NNZ: 14 (13)  Ttime: 1.4166 Vtime: 0.0522
Step: 27500000  Loss: 0.058576 Regul: 0.010312 Obj: 0.068888 (0.061601)  NNZ: 10 (13)  Ttime: 1.4139 Vtime: 0.0512
Step: 27600000  Loss: 0.056015 Regul: 0.010498 Obj: 0.066513 (0.061601)  NNZ: 13 (13)  Ttime: 1.4145 Vtime: 0.0508
Step: 27700000  Loss: 0.051299 Regul: 0.014541 Obj: 0.065840 (0.061601)  NNZ: 14 (13)  Ttime: 1.4119 Vtime: 0.0517
Step: 27800000  Loss: 0.050049 Regul: 0.011875 Obj: 0.061924 (0.061601)  NNZ: 15 (13)  Ttime: 1.4136 Vtime: 0.0513
Step: 27900000  Loss: 0.057009 Regul: 0.008950 Obj: 0.065959 (0.061601)  NNZ: 10 (13)  Ttime: 1.4143 Vtime: 0.0514
Step: 28000000  Loss: 0.059802 Regul: 0.011392 Obj: 0.071194 (0.061601)  NNZ: 10 (13)  Ttime: 1.4126 Vtime: 0.0508
Step: 28100000  Loss: 0.056066 Regul: 0.009414 Obj: 0.065480 (0.061601)  NNZ: 13 (13)  Ttime: 1.4162 Vtime: 0.0506
Step: 28200000  Loss: 0.053221 Regul: 0.013374 Obj: 0.066596 (0.061601)  NNZ: 15 (13)  Ttime: 1.4150 Vtime: 0.0511
Step: 28300000  Loss: 0.052681 Regul: 0.015688 Obj: 0.068369 (0.061601)  NNZ: 18 (13)  Ttime: 1.4141 Vtime: 0.0516
Step: 28400000  Loss: 0.057377 Regul: 0.009951 Obj: 0.067329 (0.061601)  NNZ: 14 (13)  Ttime: 1.4152 Vtime: 0.0517
Step: 28500000  Loss: 0.059122 Regul: 0.013032 Obj: 0.072154 (0.061601)  NNZ: 15 (13)  Ttime: 1.4129 Vtime: 0.0517
Step: 28600000  Loss: 0.060822 Regul: 0.008428 Obj: 0.069250 (0.061601)  NNZ: 13 (13)  Ttime: 1.4151 Vtime: 0.0511
Step: 28700000  Loss: 0.062978 Regul: 0.009824 Obj: 0.072803 (0.061601)  NNZ: 13 (13)  Ttime: 1.4161 Vtime: 0.0511
Step: 28800000  Loss: 0.067491 Regul: 0.008867 Obj: 0.076358 (0.061601)  NNZ: 10 (13)  Ttime: 1.4158 Vtime: 0.0519
Step: 28900000  Loss: 0.052773 Regul: 0.011377 Obj: 0.064150 (0.061601)  NNZ: 12 (13)  Ttime: 1.4159 Vtime: 0.0518
Step: 29000000  Loss: 0.062460 Regul: 0.008511 Obj: 0.070970 (0.061601)  NNZ: 13 (13)  Ttime: 1.4137 Vtime: 0.0522
Step: 29100000  Loss: 0.060827 Regul: 0.013105 Obj: 0.073932 (0.061601)  NNZ: 11 (13)  Ttime: 1.4137 Vtime: 0.0520
Step: 29200000  Loss: 0.061485 Regul: 0.016025 Obj: 0.077511 (0.061601)  NNZ: 16 (13)  Ttime: 1.4171 Vtime: 0.0507
Step: 29300000  Loss: 0.057657 Regul: 0.011855 Obj: 0.069513 (0.061601)  NNZ: 15 (13)  Ttime: 1.4159 Vtime: 0.0516
Step: 29400000  Loss: 0.061532 Regul: 0.011235 Obj: 0.072767 (0.061601)  NNZ: 11 (13)  Ttime: 1.4169 Vtime: 0.0514
Step: 29500000  Loss: 0.051730 Regul: 0.012612 Obj: 0.064342 (0.061601)  NNZ: 16 (13)  Ttime: 1.4087 Vtime: 0.0516
Step: 29600000  Loss: 0.049566 Regul: 0.014238 Obj: 0.063805 (0.061601)  NNZ: 18 (13)  Ttime: 1.4132 Vtime: 0.0509
Step: 29700000  Loss: 0.053947 Regul: 0.011396 Obj: 0.065344 (0.061601)  NNZ: 11 (13)  Ttime: 1.4175 Vtime: 0.0514
Step: 29800000  Loss: 0.050740 Regul: 0.014976 Obj: 0.065716 (0.061601)  NNZ: 17 (13)  Ttime: 1.4142 Vtime: 0.0511
Step: 29900000  Loss: 0.052367 Regul: 0.011875 Obj: 0.064242 (0.061601)  NNZ: 11 (13)  Ttime: 1.4114 Vtime: 0.0513
Step: 30000000  Loss: 0.054000 Regul: 0.013247 Obj: 0.067247 (0.061601)  NNZ: 13 (13)  Ttime: 1.4159 Vtime: 0.0519
Step: 30100000  Loss: 0.058016 Regul: 0.009463 Obj: 0.067479 (0.061601)  NNZ: 15 (13)  Ttime: 1.4147 Vtime: 0.0511
Step: 30200000  Loss: 0.056906 Regul: 0.012490 Obj: 0.069396 (0.061601)  NNZ: 11 (13)  Ttime: 1.4169 Vtime: 0.0508
Step: 30300000  Loss: 0.048635 Regul: 0.013018 Obj: 0.061653 (0.061601)  NNZ: 17 (13)  Ttime: 1.4157 Vtime: 0.0522
Step: 30400000  Loss: 0.058425 Regul: 0.008643 Obj: 0.067067 (0.061601)  NNZ: 12 (13)  Ttime: 1.4185 Vtime: 0.0521
Step: 30500000  Loss: 0.053712 Regul: 0.012104 Obj: 0.065817 (0.061601)  NNZ: 13 (13)  Ttime: 1.4171 Vtime: 0.0517
Step: 30600000  Loss: 0.048496 Regul: 0.014839 Obj: 0.063334 (0.061601)  NNZ: 22 (13)  Ttime: 1.4133 Vtime: 0.0515
Step: 30700000  Loss: 0.124887 Regul: 0.009517 Obj: 0.134404 (0.061601)  NNZ: 12 (13)  Ttime: 1.4145 Vtime: 0.0515
Step: 30800000  Loss: 0.049463 Regul: 0.017827 Obj: 0.067290 (0.061601)  NNZ: 18 (13)  Ttime: 1.4149 Vtime: 0.0518
Step: 30900000  Loss: 0.063271 Regul: 0.014829 Obj: 0.078100 (0.061601)  NNZ: 17 (13)  Ttime: 1.4148 Vtime: 0.0513
Step: 31000000  Loss: 0.052131 Regul: 0.014209 Obj: 0.066340 (0.061601)  NNZ: 13 (13)  Ttime: 1.4170 Vtime: 0.0514
Step: 31100000  Loss: 0.052790 Regul: 0.011069 Obj: 0.063860 (0.061601)  NNZ: 13 (13)  Ttime: 1.4165 Vtime: 0.0515
Step: 31200000  Loss: 0.061002 Regul: 0.009458 Obj: 0.070460 (0.061601)  NNZ: 10 (13)  Ttime: 1.4126 Vtime: 0.0521
Step: 31300000  Loss: 0.057112 Regul: 0.010996 Obj: 0.068108 (0.061601)  NNZ: 14 (13)  Ttime: 1.4109 Vtime: 0.0509
Step: 31400000  Loss: 0.056450 Regul: 0.010464 Obj: 0.066914 (0.061601)  NNZ: 12 (13)  Ttime: 1.4148 Vtime: 0.0513
Step: 31500000  Loss: 0.065514 Regul: 0.009141 Obj: 0.074655 (0.061601)  NNZ: 9 (13)  Ttime: 1.4197 Vtime: 0.0512
Step: 31600000  Loss: 0.051410 Regul: 0.015015 Obj: 0.066424 (0.061601)  NNZ: 16 (13)  Ttime: 1.4146 Vtime: 0.0514
Step: 31700000  Loss: 0.052964 Regul: 0.010874 Obj: 0.063838 (0.061601)  NNZ: 11 (13)  Ttime: 1.4133 Vtime: 0.0510
Step: 31800000  Loss: 0.063648 Regul: 0.015010 Obj: 0.078658 (0.061601)  NNZ: 15 (13)  Ttime: 1.4148 Vtime: 0.0511
Step: 31900000  Loss: 0.054238 Regul: 0.010718 Obj: 0.064956 (0.061601)  NNZ: 16 (13)  Ttime: 1.4142 Vtime: 0.0515
Step: 32000000  Loss: 0.060055 Regul: 0.011465 Obj: 0.071520 (0.061601)  NNZ: 14 (13)  Ttime: 1.4184 Vtime: 0.0515
Step: 32100000  Loss: 0.055202 Regul: 0.009590 Obj: 0.064792 (0.061601)  NNZ: 16 (13)  Ttime: 1.4133 Vtime: 0.0518
Step: 32200000  Loss: 0.051111 Regul: 0.011895 Obj: 0.063005 (0.061601)  NNZ: 13 (13)  Ttime: 1.4135 Vtime: 0.0522
Step: 32300000  Loss: 0.053101 Regul: 0.012905 Obj: 0.066007 (0.061601)  NNZ: 14 (13)  Ttime: 1.4144 Vtime: 0.0520
Step: 32400000  Loss: 0.053923 Regul: 0.010723 Obj: 0.064645 (0.061601)  NNZ: 9 (13)  Ttime: 1.4154 Vtime: 0.0514
Step: 32500000  Loss: 0.050842 Regul: 0.013862 Obj: 0.064704 (0.061601)  NNZ: 15 (13)  Ttime: 1.4149 Vtime: 0.0515
Step: 32600000  Loss: 0.055852 Regul: 0.009541 Obj: 0.065393 (0.061601)  NNZ: 10 (13)  Ttime: 1.4173 Vtime: 0.0513
Step: 32700000  Loss: 0.060944 Regul: 0.008970 Obj: 0.069914 (0.061601)  NNZ: 14 (13)  Ttime: 1.4136 Vtime: 0.0516
Step: 32800000  Loss: 0.049194 Regul: 0.014292 Obj: 0.063486 (0.061601)  NNZ: 14 (13)  Ttime: 1.4154 Vtime: 0.0518
Step: 32900000  Loss: 0.049812 Regul: 0.014233 Obj: 0.064046 (0.061601)  NNZ: 16 (13)  Ttime: 1.4144 Vtime: 0.0512
Step: 33000000  Loss: 0.059313 Regul: 0.008906 Obj: 0.068220 (0.061601)  NNZ: 12 (13)  Ttime: 1.4157 Vtime: 0.0520
Step: 33100000  Loss: 0.047714 Regul: 0.015732 Obj: 0.063446 (0.061601)  NNZ: 19 (13)  Ttime: 1.4131 Vtime: 0.0516
Step: 33200000  Loss: 0.059798 Regul: 0.010010 Obj: 0.069808 (0.061601)  NNZ: 18 (13)  Ttime: 1.4153 Vtime: 0.0516
Step: 33300000  Loss: 0.057894 Regul: 0.008916 Obj: 0.066810 (0.061601)  NNZ: 17 (13)  Ttime: 1.4119 Vtime: 0.0507
Step: 33400000  Loss: 0.061292 Regul: 0.015342 Obj: 0.076634 (0.061601)  NNZ: 18 (13)  Ttime: 1.4096 Vtime: 0.0513
Step: 33500000  Loss: 0.055191 Regul: 0.010981 Obj: 0.066172 (0.061601)  NNZ: 16 (13)  Ttime: 1.4190 Vtime: 0.0518
Step: 33600000  Loss: 0.057793 Regul: 0.021323 Obj: 0.079116 (0.061601)  NNZ: 13 (13)  Ttime: 1.4046 Vtime: 0.0510
Step: 33700000  Loss: 0.067518 Regul: 0.018486 Obj: 0.086005 (0.061601)  NNZ: 14 (13)  Ttime: 1.4110 Vtime: 0.0509
Step: 33800000  Loss: 0.049792 Regul: 0.020796 Obj: 0.070588 (0.061601)  NNZ: 16 (13)  Ttime: 1.4119 Vtime: 0.0510
Step: 33900000  Loss: 0.057672 Regul: 0.017783 Obj: 0.075455 (0.061601)  NNZ: 13 (13)  Ttime: 1.4119 Vtime: 0.0514
Step: 34000000  Loss: 0.051450 Regul: 0.022305 Obj: 0.073755 (0.061601)  NNZ: 15 (13)  Ttime: 1.4112 Vtime: 0.0520
Step: 34100000  Loss: 0.054523 Regul: 0.024883 Obj: 0.079405 (0.061601)  NNZ: 19 (13)  Ttime: 1.4110 Vtime: 0.0515
Step: 34200000  Loss: 0.055923 Regul: 0.019629 Obj: 0.075552 (0.061601)  NNZ: 13 (13)  Ttime: 1.4081 Vtime: 0.0513
Step: 34300000  Loss: 0.049250 Regul: 0.017490 Obj: 0.066740 (0.061601)  NNZ: 15 (13)  Ttime: 1.4159 Vtime: 0.0515
Step: 34400000  Loss: 0.053427 Regul: 0.015112 Obj: 0.068539 (0.061601)  NNZ: 17 (13)  Ttime: 1.4124 Vtime: 0.0516
Step: 34500000  Loss: 0.052117 Regul: 0.023193 Obj: 0.075310 (0.061601)  NNZ: 17 (13)  Ttime: 1.4135 Vtime: 0.0521
Step: 34600000  Loss: 0.051285 Regul: 0.016074 Obj: 0.067360 (0.061601)  NNZ: 11 (13)  Ttime: 1.4722 Vtime: 0.0512
Step: 34700000  Loss: 0.050550 Regul: 0.021030 Obj: 0.071581 (0.061601)  NNZ: 14 (13)  Ttime: 1.4132 Vtime: 0.0524
Step: 34800000  Loss: 0.048944 Regul: 0.019883 Obj: 0.068827 (0.061601)  NNZ: 17 (13)  Ttime: 1.4114 Vtime: 0.0510
Step: 34900000  Loss: 0.051011 Regul: 0.023086 Obj: 0.074097 (0.061601)  NNZ: 18 (13)  Ttime: 1.4123 Vtime: 0.0514
Step: 35000000  Loss: 0.053769 Regul: 0.019614 Obj: 0.073383 (0.061601)  NNZ: 18 (13)  Ttime: 1.4124 Vtime: 0.0514
Step: 35100000  Loss: 0.051599 Regul: 0.021724 Obj: 0.073322 (0.061601)  NNZ: 18 (13)  Ttime: 1.4107 Vtime: 0.0520
Step: 35200000  Loss: 0.055531 Regul: 0.024014 Obj: 0.079545 (0.061601)  NNZ: 20 (13)  Ttime: 1.4148 Vtime: 0.0516
Step: 35300000  Loss: 0.048969 Regul: 0.018906 Obj: 0.067875 (0.061601)  NNZ: 15 (13)  Ttime: 1.4146 Vtime: 0.0514
Step: 35400000  Loss: 0.049668 Regul: 0.018428 Obj: 0.068095 (0.061601)  NNZ: 12 (13)  Ttime: 1.4124 Vtime: 0.0517
Step: 35500000  Loss: 0.048771 Regul: 0.016714 Obj: 0.065485 (0.061601)  NNZ: 15 (13)  Ttime: 1.4092 Vtime: 0.0509
Step: 35600000  Loss: 0.051713 Regul: 0.024067 Obj: 0.075781 (0.061601)  NNZ: 21 (13)  Ttime: 1.4127 Vtime: 0.0515
Step: 35700000  Loss: 0.049892 Regul: 0.020972 Obj: 0.070864 (0.061601)  NNZ: 16 (13)  Ttime: 1.4120 Vtime: 0.0519
Step: 35800000  Loss: 0.052757 Regul: 0.020649 Obj: 0.073406 (0.061601)  NNZ: 15 (13)  Ttime: 1.4156 Vtime: 0.0519
Step: 35900000  Loss: 0.062929 Regul: 0.028394 Obj: 0.091323 (0.061601)  NNZ: 24 (13)  Ttime: 1.4141 Vtime: 0.0509
Step: 36000000  Loss: 0.048431 Regul: 0.015498 Obj: 0.063929 (0.061601)  NNZ: 14 (13)  Ttime: 1.4132 Vtime: 0.0511
Step: 36100000  Loss: 0.054399 Regul: 0.023486 Obj: 0.077885 (0.061601)  NNZ: 17 (13)  Ttime: 1.4141 Vtime: 0.0513
Step: 36200000  Loss: 0.049637 Regul: 0.018667 Obj: 0.068304 (0.061601)  NNZ: 15 (13)  Ttime: 1.4119 Vtime: 0.0522
Step: 36300000  Loss: 0.048151 Regul: 0.018740 Obj: 0.066891 (0.061601)  NNZ: 16 (13)  Ttime: 1.4126 Vtime: 0.0511
Step: 36400000  Loss: 0.053599 Regul: 0.023716 Obj: 0.077315 (0.061601)  NNZ: 16 (13)  Ttime: 1.4051 Vtime: 0.0514
Step: 36500000  Loss: 0.051219 Regul: 0.023071 Obj: 0.074290 (0.061601)  NNZ: 15 (13)  Ttime: 1.4135 Vtime: 0.0515
Step: 36600000  Loss: 0.050959 Regul: 0.021177 Obj: 0.072136 (0.061601)  NNZ: 14 (13)  Ttime: 1.4116 Vtime: 0.0514
Step: 36700000  Loss: 0.051031 Regul: 0.024795 Obj: 0.075826 (0.061601)  NNZ: 17 (13)  Ttime: 1.4129 Vtime: 0.0513
Step: 36800000  Loss: 0.053221 Regul: 0.018872 Obj: 0.072093 (0.061601)  NNZ: 15 (13)  Ttime: 1.4166 Vtime: 0.0510
Step: 36900000  Loss: 0.050679 Regul: 0.016719 Obj: 0.067397 (0.061601)  NNZ: 15 (13)  Ttime: 1.4149 Vtime: 0.0518
Step: 37000000  Loss: 0.053297 Regul: 0.021860 Obj: 0.075157 (0.061601)  NNZ: 21 (13)  Ttime: 1.4124 Vtime: 0.0517
Step: 37100000  Loss: 0.058112 Regul: 0.030146 Obj: 0.088258 (0.061601)  NNZ: 23 (13)  Ttime: 1.4131 Vtime: 0.0517
Step: 37200000  Loss: 0.049405 Regul: 0.019023 Obj: 0.068428 (0.061601)  NNZ: 15 (13)  Ttime: 1.4128 Vtime: 0.0508
Step: 37300000  Loss: 0.057375 Regul: 0.022051 Obj: 0.079426 (0.061601)  NNZ: 18 (13)  Ttime: 1.4131 Vtime: 0.0517
Step: 37400000  Loss: 0.051510 Regul: 0.022993 Obj: 0.074503 (0.061601)  NNZ: 17 (13)  Ttime: 1.4108 Vtime: 0.0515
Step: 37500000  Loss: 0.052469 Regul: 0.020347 Obj: 0.072816 (0.061601)  NNZ: 18 (13)  Ttime: 1.4139 Vtime: 0.0511
Step: 37600000  Loss: 0.051870 Regul: 0.017290 Obj: 0.069160 (0.061601)  NNZ: 15 (13)  Ttime: 1.4138 Vtime: 0.0521
Step: 37700000  Loss: 0.056719 Regul: 0.024004 Obj: 0.080723 (0.061601)  NNZ: 18 (13)  Ttime: 1.4143 Vtime: 0.0518
Step: 37800000  Loss: 0.049373 Regul: 0.021821 Obj: 0.071194 (0.061601)  NNZ: 15 (13)  Ttime: 1.4092 Vtime: 0.0512
Step: 37900000  Loss: 0.050973 Regul: 0.020713 Obj: 0.071686 (0.061601)  NNZ: 16 (13)  Ttime: 1.4128 Vtime: 0.0517
Step: 38000000  Loss: 0.051637 Regul: 0.022427 Obj: 0.074064 (0.061601)  NNZ: 19 (13)  Ttime: 1.4129 Vtime: 0.0523
Step: 38100000  Loss: 0.049043 Regul: 0.021382 Obj: 0.070425 (0.061601)  NNZ: 18 (13)  Ttime: 1.4111 Vtime: 0.0513
Step: 38200000  Loss: 0.049296 Regul: 0.018237 Obj: 0.067533 (0.061601)  NNZ: 13 (13)  Ttime: 1.4123 Vtime: 0.0514
Step: 38300000  Loss: 0.048012 Regul: 0.015498 Obj: 0.063510 (0.061601)  NNZ: 12 (13)  Ttime: 1.4115 Vtime: 0.0518
Step: 38400000  Loss: 0.058478 Regul: 0.019409 Obj: 0.077887 (0.061601)  NNZ: 11 (13)  Ttime: 1.4201 Vtime: 0.0514
Step: 38500000  Loss: 0.050851 Regul: 0.012046 Obj: 0.062897 (0.061601)  NNZ: 14 (13)  Ttime: 1.4157 Vtime: 0.0518
Step: 38600000  Loss: 0.051897 Regul: 0.019004 Obj: 0.070901 (0.061601)  NNZ: 16 (13)  Ttime: 1.4171 Vtime: 0.0515
Step: 38700000  Loss: 0.051192 Regul: 0.014248 Obj: 0.065440 (0.061601)  NNZ: 14 (13)  Ttime: 1.4184 Vtime: 0.0512
Step: 38800000  Loss: 0.050323 Regul: 0.021450 Obj: 0.071773 (0.061601)  NNZ: 16 (13)  Ttime: 1.4137 Vtime: 0.0509
Step: 38900000  Loss: 0.052392 Regul: 0.024946 Obj: 0.077339 (0.061601)  NNZ: 15 (13)  Ttime: 1.4145 Vtime: 0.0518
Step: 39000000  Loss: 0.056421 Regul: 0.019829 Obj: 0.076250 (0.061601)  NNZ: 19 (13)  Ttime: 1.4136 Vtime: 0.0518
Step: 39100000  Loss: 0.056745 Regul: 0.027461 Obj: 0.084206 (0.061601)  NNZ: 25 (13)  Ttime: 1.4141 Vtime: 0.0511
Step: 39200000  Loss: 0.052032 Regul: 0.020732 Obj: 0.072765 (0.061601)  NNZ: 16 (13)  Ttime: 1.4127 Vtime: 0.0517
Step: 39300000  Loss: 0.057025 Regul: 0.020713 Obj: 0.077738 (0.061601)  NNZ: 16 (13)  Ttime: 1.4120 Vtime: 0.0516
Step: 39400000  Loss: 0.060064 Regul: 0.021763 Obj: 0.081826 (0.061601)  NNZ: 20 (13)  Ttime: 1.4060 Vtime: 0.0511
Step: 39500000  Loss: 0.049920 Regul: 0.018491 Obj: 0.068412 (0.061601)  NNZ: 16 (13)  Ttime: 1.4141 Vtime: 0.0518
Step: 39600000  Loss: 0.051570 Regul: 0.023262 Obj: 0.074831 (0.061601)  NNZ: 17 (13)  Ttime: 1.4128 Vtime: 0.0515
Step: 39700000  Loss: 0.065964 Regul: 0.015737 Obj: 0.081701 (0.061601)  NNZ: 16 (13)  Ttime: 1.4111 Vtime: 0.0522
Step: 39800000  Loss: 0.049883 Regul: 0.020571 Obj: 0.070455 (0.061601)  NNZ: 16 (13)  Ttime: 1.4166 Vtime: 0.0516
Step: 39900000  Loss: 0.055125 Regul: 0.011831 Obj: 0.066956 (0.061601)  NNZ: 13 (13)  Ttime: 1.4143 Vtime: 0.0523
Step: 40000000  Loss: 0.059085 Regul: 0.023525 Obj: 0.082611 (0.061601)  NNZ: 17 (13)  Ttime: 1.4110 Vtime: 0.0517
Step: 40100000  Loss: 0.053014 Regul: 0.023589 Obj: 0.076603 (0.061601)  NNZ: 21 (13)  Ttime: 1.4144 Vtime: 0.0519
Step: 40200000  Loss: 0.058327 Regul: 0.026172 Obj: 0.084499 (0.061601)  NNZ: 24 (13)  Ttime: 1.4130 Vtime: 0.0519
Step: 40300000  Loss: 0.048774 Regul: 0.018828 Obj: 0.067602 (0.061601)  NNZ: 12 (13)  Ttime: 1.4135 Vtime: 0.0522
Step: 40400000  Loss: 0.049369 Regul: 0.015776 Obj: 0.065145 (0.061601)  NNZ: 12 (13)  Ttime: 1.4064 Vtime: 0.0514
Step: 40500000  Loss: 0.059992 Regul: 0.022817 Obj: 0.082809 (0.061601)  NNZ: 21 (13)  Ttime: 1.4125 Vtime: 0.0513
Step: 40600000  Loss: 0.050611 Regul: 0.017192 Obj: 0.067803 (0.061601)  NNZ: 14 (13)  Ttime: 1.4118 Vtime: 0.0513
Step: 40700000  Loss: 0.050555 Regul: 0.022583 Obj: 0.073138 (0.061601)  NNZ: 19 (13)  Ttime: 1.4116 Vtime: 0.0516
Step: 40800000  Loss: 0.049573 Regul: 0.017329 Obj: 0.066902 (0.061601)  NNZ: 18 (13)  Ttime: 1.4123 Vtime: 0.0512
Step: 40900000  Loss: 0.051467 Regul: 0.021812 Obj: 0.073279 (0.061601)  NNZ: 16 (13)  Ttime: 1.4082 Vtime: 0.0512
Step: 41000000  Loss: 0.053689 Regul: 0.016812 Obj: 0.070500 (0.061601)  NNZ: 12 (13)  Ttime: 1.4128 Vtime: 0.0518
Step: 41100000  Loss: 0.051060 Regul: 0.022407 Obj: 0.073468 (0.061601)  NNZ: 15 (13)  Ttime: 1.4143 Vtime: 0.0512
Step: 41200000  Loss: 0.052318 Regul: 0.024497 Obj: 0.076815 (0.061601)  NNZ: 17 (13)  Ttime: 1.4156 Vtime: 0.0517
Step: 41300000  Loss: 0.052682 Regul: 0.022622 Obj: 0.075304 (0.061601)  NNZ: 18 (13)  Ttime: 1.4156 Vtime: 0.0521
Step: 41400000  Loss: 0.051519 Regul: 0.018013 Obj: 0.069532 (0.061601)  NNZ: 12 (13)  Ttime: 1.4096 Vtime: 0.0514
Step: 41500000  Loss: 0.066356 Regul: 0.018213 Obj: 0.084569 (0.061601)  NNZ: 14 (13)  Ttime: 1.4135 Vtime: 0.0511
Step: 41600000  Loss: 0.063934 Regul: 0.026860 Obj: 0.090794 (0.061601)  NNZ: 17 (13)  Ttime: 1.4136 Vtime: 0.0512
Step: 41700000  Loss: 0.049657 Regul: 0.020386 Obj: 0.070043 (0.061601)  NNZ: 12 (13)  Ttime: 1.4048 Vtime: 0.0517
Step: 41800000  Loss: 0.053999 Regul: 0.016353 Obj: 0.070352 (0.061601)  NNZ: 13 (13)  Ttime: 1.4165 Vtime: 0.0518
Step: 41900000  Loss: 0.054816 Regul: 0.026377 Obj: 0.081193 (0.061601)  NNZ: 18 (13)  Ttime: 1.4098 Vtime: 0.0516
Step: 42000000  Loss: 0.050883 Regul: 0.018979 Obj: 0.069862 (0.061601)  NNZ: 12 (13)  Ttime: 1.4126 Vtime: 0.0519
Step: 42100000  Loss: 0.049275 Regul: 0.016045 Obj: 0.065320 (0.061601)  NNZ: 16 (13)  Ttime: 1.4122 Vtime: 0.0511
Step: 42200000  Loss: 0.050900 Regul: 0.022515 Obj: 0.073415 (0.061601)  NNZ: 17 (13)  Ttime: 1.4144 Vtime: 0.0515
Step: 42300000  Loss: 0.051299 Regul: 0.018584 Obj: 0.069883 (0.061601)  NNZ: 15 (13)  Ttime: 1.4134 Vtime: 0.0513
Step: 42400000  Loss: 0.048803 Regul: 0.019063 Obj: 0.067866 (0.061601)  NNZ: 20 (13)  Ttime: 1.4143 Vtime: 0.0520
Step: 42500000  Loss: 0.048547 Regul: 0.014614 Obj: 0.063161 (0.061601)  NNZ: 14 (13)  Ttime: 1.4206 Vtime: 0.0516
Step: 42600000  Loss: 0.051092 Regul: 0.021782 Obj: 0.072874 (0.061601)  NNZ: 17 (13)  Ttime: 1.4150 Vtime: 0.0514
Step: 42700000  Loss: 0.057574 Regul: 0.015825 Obj: 0.073399 (0.061601)  NNZ: 11 (13)  Ttime: 1.4168 Vtime: 0.0509
Step: 42800000  Loss: 0.053781 Regul: 0.026069 Obj: 0.079851 (0.061601)  NNZ: 17 (13)  Ttime: 1.4114 Vtime: 0.0522
Step: 42900000  Loss: 0.052153 Regul: 0.019302 Obj: 0.071455 (0.061601)  NNZ: 14 (13)  Ttime: 1.4117 Vtime: 0.0519
Step: 43000000  Loss: 0.048800 Regul: 0.019790 Obj: 0.068590 (0.061601)  NNZ: 16 (13)  Ttime: 1.4107 Vtime: 0.0518
Step: 43100000  Loss: 0.054015 Regul: 0.019282 Obj: 0.073297 (0.061601)  NNZ: 17 (13)  Ttime: 1.4079 Vtime: 0.0511
Step: 43200000  Loss: 0.049269 Regul: 0.020371 Obj: 0.069640 (0.061601)  NNZ: 22 (13)  Ttime: 1.4125 Vtime: 0.0519
Step: 43300000  Loss: 0.048800 Regul: 0.019580 Obj: 0.068380 (0.061601)  NNZ: 18 (13)  Ttime: 1.4136 Vtime: 0.0513
Step: 43400000  Loss: 0.050059 Regul: 0.017695 Obj: 0.067755 (0.061601)  NNZ: 19 (13)  Ttime: 1.4119 Vtime: 0.0519
Step: 43500000  Loss: 0.049458 Regul: 0.020801 Obj: 0.070258 (0.061601)  NNZ: 14 (13)  Ttime: 1.4131 Vtime: 0.0505
Step: 43600000  Loss: 0.048568 Regul: 0.019746 Obj: 0.068315 (0.061601)  NNZ: 18 (13)  Ttime: 1.4132 Vtime: 0.0512
Step: 43700000  Loss: 0.055448 Regul: 0.028784 Obj: 0.084232 (0.061601)  NNZ: 19 (13)  Ttime: 1.4109 Vtime: 0.0512
Step: 43800000  Loss: 0.048800 Regul: 0.019795 Obj: 0.068595 (0.061601)  NNZ: 20 (13)  Ttime: 1.4102 Vtime: 0.0515
Step: 43900000  Loss: 0.050519 Regul: 0.015513 Obj: 0.066031 (0.061601)  NNZ: 11 (13)  Ttime: 1.4157 Vtime: 0.0506
Step: 44000000  Loss: 0.055775 Regul: 0.018721 Obj: 0.074496 (0.061601)  NNZ: 14 (13)  Ttime: 1.4136 Vtime: 0.0508
Step: 44100000  Loss: 0.053705 Regul: 0.018730 Obj: 0.072435 (0.061601)  NNZ: 14 (13)  Ttime: 1.4099 Vtime: 0.0518
Step: 44200000  Loss: 0.054667 Regul: 0.020903 Obj: 0.075571 (0.061601)  NNZ: 17 (13)  Ttime: 1.4093 Vtime: 0.0518
Step: 44300000  Loss: 0.051174 Regul: 0.016816 Obj: 0.067990 (0.061601)  NNZ: 13 (13)  Ttime: 1.4131 Vtime: 0.0513
Step: 44400000  Loss: 0.050288 Regul: 0.020034 Obj: 0.070323 (0.061601)  NNZ: 13 (13)  Ttime: 1.4119 Vtime: 0.0517
Step: 44500000  Loss: 0.051295 Regul: 0.016948 Obj: 0.068243 (0.061601)  NNZ: 13 (13)  Ttime: 1.4146 Vtime: 0.0520
Step: 44600000  Loss: 0.052749 Regul: 0.019063 Obj: 0.071812 (0.061601)  NNZ: 15 (13)  Ttime: 1.4152 Vtime: 0.0512
Step: 44700000  Loss: 0.050933 Regul: 0.019355 Obj: 0.070289 (0.061601)  NNZ: 17 (13)  Ttime: 1.4098 Vtime: 0.0515
Step: 44800000  Loss: 0.059293 Regul: 0.028960 Obj: 0.088253 (0.061601)  NNZ: 22 (13)  Ttime: 1.4132 Vtime: 0.0514
Step: 44900000  Loss: 0.048577 Regul: 0.014111 Obj: 0.062688 (0.061601)  NNZ: 15 (13)  Ttime: 1.4118 Vtime: 0.0508
Step: 45000000  Loss: 0.054883 Regul: 0.022871 Obj: 0.077754 (0.061601)  NNZ: 22 (13)  Ttime: 1.4132 Vtime: 0.0513
Step: 45100000  Loss: 0.049135 Regul: 0.016909 Obj: 0.066044 (0.061601)  NNZ: 14 (13)  Ttime: 1.4102 Vtime: 0.0516
Step: 45200000  Loss: 0.057832 Regul: 0.025640 Obj: 0.083472 (0.061601)  NNZ: 21 (13)  Ttime: 1.4127 Vtime: 0.0520
Step: 45300000  Loss: 0.058047 Regul: 0.027383 Obj: 0.085430 (0.061601)  NNZ: 24 (13)  Ttime: 1.4115 Vtime: 0.0510
Step: 45400000  Loss: 0.053814 Regul: 0.024863 Obj: 0.078678 (0.061601)  NNZ: 19 (13)  Ttime: 1.4133 Vtime: 0.0516
Step: 45500000  Loss: 0.054223 Regul: 0.023037 Obj: 0.077260 (0.061601)  NNZ: 20 (13)  Ttime: 1.4121 Vtime: 0.0513
Step: 45600000  Loss: 0.048337 Regul: 0.017095 Obj: 0.065431 (0.061601)  NNZ: 15 (13)  Ttime: 1.4133 Vtime: 0.0516
Step: 45700000  Loss: 0.054581 Regul: 0.021851 Obj: 0.076431 (0.061601)  NNZ: 15 (13)  Ttime: 1.4136 Vtime: 0.0520
Step: 45800000  Loss: 0.048281 Regul: 0.018511 Obj: 0.066791 (0.061601)  NNZ: 14 (13)  Ttime: 1.4126 Vtime: 0.0519
Step: 45900000  Loss: 0.051430 Regul: 0.015171 Obj: 0.066601 (0.061601)  NNZ: 13 (13)  Ttime: 1.4155 Vtime: 0.0509
Step: 46000000  Loss: 0.116079 Regul: 0.013921 Obj: 0.130000 (0.061601)  NNZ: 14 (13)  Ttime: 1.4114 Vtime: 0.0518
Step: 46100000  Loss: 0.055619 Regul: 0.015312 Obj: 0.070932 (0.061601)  NNZ: 11 (13)  Ttime: 1.4132 Vtime: 0.0516
Step: 46200000  Loss: 0.050423 Regul: 0.019917 Obj: 0.070340 (0.061601)  NNZ: 15 (13)  Ttime: 1.4140 Vtime: 0.0523
Step: 46300000  Loss: 0.051028 Regul: 0.016128 Obj: 0.067156 (0.061601)  NNZ: 17 (13)  Ttime: 1.4148 Vtime: 0.0512
Step: 46400000  Loss: 0.047884 Regul: 0.016050 Obj: 0.063934 (0.061601)  NNZ: 14 (13)  Ttime: 1.4118 Vtime: 0.0507
Step: 46500000  Loss: 0.050413 Regul: 0.021201 Obj: 0.071615 (0.061601)  NNZ: 20 (13)  Ttime: 1.4172 Vtime: 0.0516
Step: 46600000  Loss: 0.048680 Regul: 0.018369 Obj: 0.067050 (0.061601)  NNZ: 16 (13)  Ttime: 1.4202 Vtime: 0.0514
Step: 46700000  Loss: 0.057039 Regul: 0.023706 Obj: 0.080746 (0.061601)  NNZ: 18 (13)  Ttime: 1.4208 Vtime: 0.0516
Step: 46800000  Loss: 0.051013 Regul: 0.014858 Obj: 0.065871 (0.061601)  NNZ: 12 (13)  Ttime: 1.4202 Vtime: 0.0512
Step: 46900000  Loss: 0.054234 Regul: 0.020967 Obj: 0.075201 (0.061601)  NNZ: 17 (13)  Ttime: 1.4170 Vtime: 0.0513
Step: 47000000  Loss: 0.049565 Regul: 0.020171 Obj: 0.069736 (0.061601)  NNZ: 15 (13)  Ttime: 1.4157 Vtime: 0.0513
Step: 47100000  Loss: 0.051894 Regul: 0.025820 Obj: 0.077715 (0.061601)  NNZ: 21 (13)  Ttime: 1.4165 Vtime: 0.0516
Step: 47200000  Loss: 0.053430 Regul: 0.022676 Obj: 0.076106 (0.061601)  NNZ: 16 (13)  Ttime: 1.4130 Vtime: 0.0518
Step: 47300000  Loss: 0.049861 Regul: 0.021768 Obj: 0.071629 (0.061601)  NNZ: 20 (13)  Ttime: 1.4133 Vtime: 0.0513
Step: 47400000  Loss: 0.051116 Regul: 0.018530 Obj: 0.069646 (0.061601)  NNZ: 16 (13)  Ttime: 1.4132 Vtime: 0.0511
Step: 47500000  Loss: 0.056682 Regul: 0.010859 Obj: 0.067542 (0.061601)  NNZ: 12 (13)  Ttime: 1.4067 Vtime: 0.0509
Step: 47600000  Loss: 0.049441 Regul: 0.018120 Obj: 0.067561 (0.061601)  NNZ: 21 (13)  Ttime: 1.4124 Vtime: 0.0513
Step: 47700000  Loss: 0.048605 Regul: 0.019595 Obj: 0.068200 (0.061601)  NNZ: 15 (13)  Ttime: 1.4141 Vtime: 0.0522
Step: 47800000  Loss: 0.055189 Regul: 0.016807 Obj: 0.071996 (0.061601)  NNZ: 16 (13)  Ttime: 1.4139 Vtime: 0.0510
Step: 47900000  Loss: 0.051368 Regul: 0.023271 Obj: 0.074640 (0.061601)  NNZ: 18 (13)  Ttime: 1.4135 Vtime: 0.0513
Step: 48000000  Loss: 0.051617 Regul: 0.018062 Obj: 0.069678 (0.061601)  NNZ: 16 (13)  Ttime: 1.4149 Vtime: 0.0520
Step: 48100000  Loss: 0.050455 Regul: 0.015835 Obj: 0.066290 (0.061601)  NNZ: 13 (13)  Ttime: 1.4071 Vtime: 0.0518
Step: 48200000  Loss: 0.050226 Regul: 0.020532 Obj: 0.070758 (0.061601)  NNZ: 17 (13)  Ttime: 1.4136 Vtime: 0.0519
Step: 48300000  Loss: 0.048706 Regul: 0.014194 Obj: 0.062900 (0.061601)  NNZ: 17 (13)  Ttime: 1.4135 Vtime: 0.0516
Step: 48400000  Loss: 0.054162 Regul: 0.027446 Obj: 0.081608 (0.061601)  NNZ: 19 (13)  Ttime: 1.4122 Vtime: 0.0520
Step: 48500000  Loss: 0.061785 Regul: 0.020610 Obj: 0.082396 (0.061601)  NNZ: 19 (13)  Ttime: 1.4132 Vtime: 0.0520
Step: 48600000  Loss: 0.048374 Regul: 0.017954 Obj: 0.066328 (0.061601)  NNZ: 20 (13)  Ttime: 1.4098 Vtime: 0.0512
Step: 48700000  Loss: 0.048589 Regul: 0.017012 Obj: 0.065601 (0.061601)  NNZ: 17 (13)  Ttime: 1.4116 Vtime: 0.0519
Step: 48800000  Loss: 0.049966 Regul: 0.016743 Obj: 0.066709 (0.061601)  NNZ: 16 (13)  Ttime: 1.4144 Vtime: 0.0519
Step: 48900000  Loss: 0.051220 Regul: 0.020269 Obj: 0.071489 (0.061601)  NNZ: 14 (13)  Ttime: 1.4130 Vtime: 0.0516
Step: 49000000  Loss: 0.053108 Regul: 0.019160 Obj: 0.072268 (0.061601)  NNZ: 16 (13)  Ttime: 1.4110 Vtime: 0.0511
Step: 49100000  Loss: 0.052182 Regul: 0.015825 Obj: 0.068008 (0.061601)  NNZ: 15 (13)  Ttime: 1.4126 Vtime: 0.0512
Step: 49200000  Loss: 0.053900 Regul: 0.026836 Obj: 0.080736 (0.061601)  NNZ: 20 (13)  Ttime: 1.4055 Vtime: 0.0517
Step: 49300000  Loss: 0.051007 Regul: 0.018672 Obj: 0.069679 (0.061601)  NNZ: 13 (13)  Ttime: 1.4136 Vtime: 0.0518
Step: 49400000  Loss: 0.049009 Regul: 0.018926 Obj: 0.067935 (0.061601)  NNZ: 20 (13)  Ttime: 1.4144 Vtime: 0.0511
Step: 49500000  Loss: 0.053125 Regul: 0.026675 Obj: 0.079800 (0.061601)  NNZ: 19 (13)  Ttime: 1.4134 Vtime: 0.0511
Step: 49600000  Loss: 0.054503 Regul: 0.026533 Obj: 0.081037 (0.061601)  NNZ: 22 (13)  Ttime: 1.4134 Vtime: 0.0516
Step: 49700000  Loss: 0.050869 Regul: 0.018437 Obj: 0.069307 (0.061601)  NNZ: 15 (13)  Ttime: 1.4095 Vtime: 0.0510
Step: 49800000  Loss: 0.049533 Regul: 0.020659 Obj: 0.070192 (0.061601)  NNZ: 18 (13)  Ttime: 1.4135 Vtime: 0.0513
Step: 49900000  Loss: 0.063176 Regul: 0.013965 Obj: 0.077140 (0.061601)  NNZ: 17 (13)  Ttime: 1.4151 Vtime: 0.0513
Step: 50000000  Loss: 0.052467 Regul: 0.020410 Obj: 0.072877 (0.061601)  NNZ: 19 (13)  Ttime: 1.4139 Vtime: 0.0517
