mu: 0.01 gamma: 0.04 nIters: 50000000
Load PRParams.
Load RingParams.
Load Labels: 500000
Load Distances: 500000 x 5120
0...10...20...30...40...50...60...70...80...90...100 - done.
Positive samples #250000
Negative samples #250000
Positive train #200000
Negative train #200000
Positive valid #50000
Negative valid #50000

Found GPU: GeForce GTX 970
Compute Capability: 5.2

Best: 100000  Loss: 0.299809 Regul: 0.045805 Obj: 0.345614 (0.345614)  NNZ: 11 (11)  Ttime: 1.4185 Vtime: 0.2112
Stat: nPR #88 (#88) Dim/MaxDim [704/640] AUC: 0.976107 FPR95: 11.53
Step: 200000  Loss: 0.508792 Regul: 0.093515 Obj: 0.602307 (0.345614)  NNZ: 19 (11)  Ttime: 1.4274 Vtime: 0.0510
Best: 300000  Loss: 0.189463 Regul: 0.027919 Obj: 0.217381 (0.217381)  NNZ: 7 (7)  Ttime: 1.4243 Vtime: 0.0516
Stat: nPR #40 (#56) Dim/MaxDim [320/640] AUC: 0.976868 FPR95: 11.22 [saved]
Best: 400000  Loss: 0.154758 Regul: 0.026012 Obj: 0.180770 (0.180770)  NNZ: 9 (9)  Ttime: 1.4274 Vtime: 0.0516
Stat: nPR #60 (#72) Dim/MaxDim [480/640] AUC: 0.979014 FPR95: 9.42 [saved]
Best: 500000  Loss: 0.104505 Regul: 0.017462 Obj: 0.121967 (0.121967)  NNZ: 7 (7)  Ttime: 1.4354 Vtime: 0.0512
Stat: nPR #48 (#56) Dim/MaxDim [384/640] AUC: 0.980187 FPR95: 8.14 [saved]
Step: 600000  Loss: 0.227962 Regul: 0.035600 Obj: 0.263562 (0.121967)  NNZ: 9 (7)  Ttime: 1.4270 Vtime: 0.0509
Best: 700000  Loss: 0.098571 Regul: 0.015384 Obj: 0.113955 (0.113955)  NNZ: 6 (6)  Ttime: 1.4414 Vtime: 0.0517
Stat: nPR #44 (#48) Dim/MaxDim [352/640] AUC: 0.980032 FPR95: 8.60 [saved]
Step: 800000  Loss: 0.298008 Regul: 0.032234 Obj: 0.330242 (0.113955)  NNZ: 9 (6)  Ttime: 1.4275 Vtime: 0.0516
Step: 900000  Loss: 0.126109 Regul: 0.022129 Obj: 0.148237 (0.113955)  NNZ: 8 (6)  Ttime: 1.4257 Vtime: 0.0522
Step: 1000000  Loss: 0.170711 Regul: 0.020052 Obj: 0.190763 (0.113955)  NNZ: 8 (6)  Ttime: 1.4338 Vtime: 0.0519
Step: 1100000  Loss: 0.166808 Regul: 0.024717 Obj: 0.191525 (0.113955)  NNZ: 11 (6)  Ttime: 1.4223 Vtime: 0.0517
Step: 1200000  Loss: 0.171044 Regul: 0.017276 Obj: 0.188321 (0.113955)  NNZ: 9 (6)  Ttime: 1.4189 Vtime: 0.0513
Step: 1300000  Loss: 0.114312 Regul: 0.015317 Obj: 0.129628 (0.113955)  NNZ: 11 (6)  Ttime: 1.4320 Vtime: 0.0520
Best: 1400000  Loss: 0.060330 Regul: 0.003283 Obj: 0.063613 (0.063613)  NNZ: 2 (2)  Ttime: 1.4315 Vtime: 0.0516
Stat: nPR #16 (#16) Dim/MaxDim [128/640] AUC: 0.977350 FPR95: 10.83 [saved]
Step: 1500000  Loss: 0.138240 Regul: 0.020198 Obj: 0.158438 (0.063613)  NNZ: 9 (2)  Ttime: 1.4214 Vtime: 0.0513
Step: 1600000  Loss: 0.118181 Regul: 0.014274 Obj: 0.132454 (0.063613)  NNZ: 7 (2)  Ttime: 1.4270 Vtime: 0.0517
Step: 1700000  Loss: 0.377782 Regul: 0.026402 Obj: 0.404184 (0.063613)  NNZ: 16 (2)  Ttime: 1.4329 Vtime: 0.0515
Step: 1800000  Loss: 0.076581 Regul: 0.008337 Obj: 0.084918 (0.063613)  NNZ: 7 (2)  Ttime: 1.4256 Vtime: 0.0517
Step: 1900000  Loss: 0.118194 Regul: 0.012156 Obj: 0.130350 (0.063613)  NNZ: 5 (2)  Ttime: 1.4242 Vtime: 0.0514
Step: 2000000  Loss: 0.079586 Regul: 0.011427 Obj: 0.091013 (0.063613)  NNZ: 10 (2)  Ttime: 1.4377 Vtime: 0.0516
Step: 2100000  Loss: 0.079659 Regul: 0.010254 Obj: 0.089913 (0.063613)  NNZ: 6 (2)  Ttime: 1.4294 Vtime: 0.0514
Step: 2200000  Loss: 0.060132 Regul: 0.005673 Obj: 0.065804 (0.063613)  NNZ: 4 (2)  Ttime: 1.4270 Vtime: 0.0512
Step: 2300000  Loss: 0.135383 Regul: 0.018627 Obj: 0.154010 (0.063613)  NNZ: 8 (2)  Ttime: 1.4213 Vtime: 0.0517
Step: 2400000  Loss: 0.107949 Regul: 0.018300 Obj: 0.126249 (0.063613)  NNZ: 9 (2)  Ttime: 1.4375 Vtime: 0.0510
Step: 2500000  Loss: 0.258230 Regul: 0.025055 Obj: 0.283285 (0.063613)  NNZ: 15 (2)  Ttime: 1.4274 Vtime: 0.0518
Step: 2600000  Loss: 0.242402 Regul: 0.030286 Obj: 0.272689 (0.063613)  NNZ: 11 (2)  Ttime: 1.4274 Vtime: 0.0516
Step: 2700000  Loss: 0.115943 Regul: 0.018716 Obj: 0.134659 (0.063613)  NNZ: 14 (2)  Ttime: 1.4212 Vtime: 0.0508
Step: 2800000  Loss: 0.138250 Regul: 0.014331 Obj: 0.152581 (0.063613)  NNZ: 8 (2)  Ttime: 1.4315 Vtime: 0.0515
Step: 2900000  Loss: 0.087288 Regul: 0.009774 Obj: 0.097062 (0.063613)  NNZ: 10 (2)  Ttime: 1.4338 Vtime: 0.0511
Step: 3000000  Loss: 0.083047 Regul: 0.007209 Obj: 0.090256 (0.063613)  NNZ: 5 (2)  Ttime: 1.4283 Vtime: 0.0522
Step: 3100000  Loss: 0.223486 Regul: 0.008301 Obj: 0.231787 (0.063613)  NNZ: 4 (2)  Ttime: 1.4262 Vtime: 0.0525
Step: 3200000  Loss: 0.196323 Regul: 0.004758 Obj: 0.201081 (0.063613)  NNZ: 4 (2)  Ttime: 1.4333 Vtime: 0.0511
Step: 3300000  Loss: 0.097107 Regul: 0.007462 Obj: 0.104569 (0.063613)  NNZ: 6 (2)  Ttime: 1.4308 Vtime: 0.0508
Step: 3400000  Loss: 0.108986 Regul: 0.014187 Obj: 0.123172 (0.063613)  NNZ: 12 (2)  Ttime: 1.4309 Vtime: 0.0507
Step: 3500000  Loss: 0.125405 Regul: 0.018385 Obj: 0.143791 (0.063613)  NNZ: 12 (2)  Ttime: 1.4259 Vtime: 0.0522
Step: 3600000  Loss: 0.088327 Regul: 0.010808 Obj: 0.099135 (0.063613)  NNZ: 10 (2)  Ttime: 1.4321 Vtime: 0.0512
Step: 3700000  Loss: 0.126751 Regul: 0.010998 Obj: 0.137749 (0.063613)  NNZ: 7 (2)  Ttime: 1.4329 Vtime: 0.0518
Step: 3800000  Loss: 0.113835 Regul: 0.018683 Obj: 0.132518 (0.063613)  NNZ: 11 (2)  Ttime: 1.4317 Vtime: 0.0519
Step: 3900000  Loss: 0.100478 Regul: 0.016461 Obj: 0.116939 (0.063613)  NNZ: 13 (2)  Ttime: 1.4204 Vtime: 0.0520
Step: 4000000  Loss: 0.083894 Regul: 0.004440 Obj: 0.088334 (0.063613)  NNZ: 2 (2)  Ttime: 1.4270 Vtime: 0.0526
Step: 4100000  Loss: 0.209496 Regul: 0.017619 Obj: 0.227115 (0.063613)  NNZ: 11 (2)  Ttime: 1.4387 Vtime: 0.0518
Step: 4200000  Loss: 0.169350 Regul: 0.008851 Obj: 0.178201 (0.063613)  NNZ: 6 (2)  Ttime: 1.4344 Vtime: 0.0518
Step: 4300000  Loss: 0.066530 Regul: 0.007271 Obj: 0.073800 (0.063613)  NNZ: 7 (2)  Ttime: 1.4252 Vtime: 0.0521
Step: 4400000  Loss: 0.106700 Regul: 0.018613 Obj: 0.125313 (0.063613)  NNZ: 13 (2)  Ttime: 1.4231 Vtime: 0.0517
Step: 4500000  Loss: 0.174067 Regul: 0.012630 Obj: 0.186697 (0.063613)  NNZ: 9 (2)  Ttime: 1.4413 Vtime: 0.0518
Step: 4600000  Loss: 0.097427 Regul: 0.013419 Obj: 0.110846 (0.063613)  NNZ: 8 (2)  Ttime: 1.4317 Vtime: 0.0517
Step: 4700000  Loss: 0.151371 Regul: 0.016155 Obj: 0.167526 (0.063613)  NNZ: 13 (2)  Ttime: 1.4217 Vtime: 0.0517
Step: 4800000  Loss: 0.111713 Regul: 0.006891 Obj: 0.118605 (0.063613)  NNZ: 5 (2)  Ttime: 1.4261 Vtime: 0.0513
Step: 4900000  Loss: 0.065046 Regul: 0.008334 Obj: 0.073379 (0.063613)  NNZ: 7 (2)  Ttime: 1.4282 Vtime: 0.0513
Step: 5000000  Loss: 0.106834 Regul: 0.018582 Obj: 0.125416 (0.063613)  NNZ: 14 (2)  Ttime: 1.4285 Vtime: 0.0512
Step: 5100000  Loss: 0.102281 Regul: 0.014625 Obj: 0.116906 (0.063613)  NNZ: 11 (2)  Ttime: 1.4271 Vtime: 0.0514
Step: 5200000  Loss: 0.072061 Regul: 0.003854 Obj: 0.075915 (0.063613)  NNZ: 4 (2)  Ttime: 1.4197 Vtime: 0.0522
Step: 5300000  Loss: 0.101830 Regul: 0.018745 Obj: 0.120575 (0.063613)  NNZ: 12 (2)  Ttime: 1.4286 Vtime: 0.0514
Step: 5400000  Loss: 0.117799 Regul: 0.018154 Obj: 0.135954 (0.063613)  NNZ: 10 (2)  Ttime: 1.4444 Vtime: 0.0515
Step: 5500000  Loss: 0.084109 Regul: 0.011155 Obj: 0.095264 (0.063613)  NNZ: 7 (2)  Ttime: 1.4354 Vtime: 0.0517
Step: 5600000  Loss: 0.078064 Regul: 0.010342 Obj: 0.088406 (0.063613)  NNZ: 8 (2)  Ttime: 1.4247 Vtime: 0.0519
Step: 5700000  Loss: 0.101647 Regul: 0.007348 Obj: 0.108995 (0.063613)  NNZ: 9 (2)  Ttime: 1.4322 Vtime: 0.0514
Step: 5800000  Loss: 0.096919 Regul: 0.013081 Obj: 0.110000 (0.063613)  NNZ: 8 (2)  Ttime: 1.4363 Vtime: 0.0516
Step: 5900000  Loss: 0.112920 Regul: 0.021703 Obj: 0.134624 (0.063613)  NNZ: 11 (2)  Ttime: 1.4275 Vtime: 0.0513
Step: 6000000  Loss: 0.100662 Regul: 0.012151 Obj: 0.112813 (0.063613)  NNZ: 7 (2)  Ttime: 1.4197 Vtime: 0.0509
Step: 6100000  Loss: 0.061242 Regul: 0.006454 Obj: 0.067696 (0.063613)  NNZ: 7 (2)  Ttime: 1.4278 Vtime: 0.0511
Step: 6200000  Loss: 0.082753 Regul: 0.007749 Obj: 0.090502 (0.063613)  NNZ: 8 (2)  Ttime: 1.4279 Vtime: 0.0522
Step: 6300000  Loss: 0.087416 Regul: 0.008410 Obj: 0.095827 (0.063613)  NNZ: 12 (2)  Ttime: 1.4300 Vtime: 0.0524
Step: 6400000  Loss: 0.079336 Regul: 0.011031 Obj: 0.090367 (0.063613)  NNZ: 7 (2)  Ttime: 1.4212 Vtime: 0.0524
Step: 6500000  Loss: 0.062084 Regul: 0.004835 Obj: 0.066918 (0.063613)  NNZ: 6 (2)  Ttime: 1.4252 Vtime: 0.0514
Step: 6600000  Loss: 0.107468 Regul: 0.011226 Obj: 0.118694 (0.063613)  NNZ: 9 (2)  Ttime: 1.4393 Vtime: 0.0524
Step: 6700000  Loss: 0.059027 Regul: 0.007263 Obj: 0.066290 (0.063613)  NNZ: 9 (2)  Ttime: 1.4345 Vtime: 0.0514
Step: 6800000  Loss: 0.068518 Regul: 0.005812 Obj: 0.074329 (0.063613)  NNZ: 6 (2)  Ttime: 1.4198 Vtime: 0.0518
Step: 6900000  Loss: 0.080934 Regul: 0.013762 Obj: 0.094695 (0.063613)  NNZ: 9 (2)  Ttime: 1.4259 Vtime: 0.0517
Step: 7000000  Loss: 0.091617 Regul: 0.012065 Obj: 0.103682 (0.063613)  NNZ: 8 (2)  Ttime: 1.4366 Vtime: 0.0519
Step: 7100000  Loss: 0.082421 Regul: 0.003458 Obj: 0.085879 (0.063613)  NNZ: 3 (2)  Ttime: 1.4328 Vtime: 0.0511
Step: 7200000  Loss: 0.092721 Regul: 0.006514 Obj: 0.099235 (0.063613)  NNZ: 6 (2)  Ttime: 1.4294 Vtime: 0.0519
Step: 7300000  Loss: 0.062461 Regul: 0.005712 Obj: 0.068173 (0.063613)  NNZ: 8 (2)  Ttime: 1.4239 Vtime: 0.0517
Step: 7400000  Loss: 0.094164 Regul: 0.005979 Obj: 0.100143 (0.063613)  NNZ: 5 (2)  Ttime: 1.4296 Vtime: 0.0520
Step: 7500000  Loss: 0.104647 Regul: 0.008542 Obj: 0.113189 (0.063613)  NNZ: 6 (2)  Ttime: 1.4276 Vtime: 0.0519
Step: 7600000  Loss: 0.096866 Regul: 0.012075 Obj: 0.108941 (0.063613)  NNZ: 8 (2)  Ttime: 1.4277 Vtime: 0.0524
Step: 7700000  Loss: 0.087027 Regul: 0.013287 Obj: 0.100314 (0.063613)  NNZ: 17 (2)  Ttime: 1.4251 Vtime: 0.0519
Step: 7800000  Loss: 0.077882 Regul: 0.010577 Obj: 0.088459 (0.063613)  NNZ: 11 (2)  Ttime: 1.4295 Vtime: 0.0510
Step: 7900000  Loss: 0.084853 Regul: 0.011619 Obj: 0.096473 (0.063613)  NNZ: 13 (2)  Ttime: 1.4360 Vtime: 0.0508
Step: 8000000  Loss: 0.099335 Regul: 0.017426 Obj: 0.116761 (0.063613)  NNZ: 13 (2)  Ttime: 1.4289 Vtime: 0.0512
Step: 8100000  Loss: 0.121230 Regul: 0.021083 Obj: 0.142313 (0.063613)  NNZ: 10 (2)  Ttime: 1.4192 Vtime: 0.0510
Step: 8200000  Loss: 0.078932 Regul: 0.008482 Obj: 0.087414 (0.063613)  NNZ: 10 (2)  Ttime: 1.4265 Vtime: 0.0522
Step: 8300000  Loss: 0.090577 Regul: 0.013830 Obj: 0.104407 (0.063613)  NNZ: 10 (2)  Ttime: 1.4338 Vtime: 0.0507
Step: 8400000  Loss: 0.083738 Regul: 0.013635 Obj: 0.097373 (0.063613)  NNZ: 10 (2)  Ttime: 1.4305 Vtime: 0.0515
Step: 8500000  Loss: 0.064715 Regul: 0.006069 Obj: 0.070784 (0.063613)  NNZ: 5 (2)  Ttime: 1.4209 Vtime: 0.0513
Step: 8600000  Loss: 0.066354 Regul: 0.008610 Obj: 0.074965 (0.063613)  NNZ: 7 (2)  Ttime: 1.4278 Vtime: 0.0519
Step: 8700000  Loss: 0.072937 Regul: 0.008503 Obj: 0.081440 (0.063613)  NNZ: 8 (2)  Ttime: 1.4367 Vtime: 0.0513
Step: 8800000  Loss: 0.101271 Regul: 0.012685 Obj: 0.113956 (0.063613)  NNZ: 11 (2)  Ttime: 1.4320 Vtime: 0.0508
Step: 8900000  Loss: 0.086573 Regul: 0.016200 Obj: 0.102773 (0.063613)  NNZ: 12 (2)  Ttime: 1.4218 Vtime: 0.0514
Step: 9000000  Loss: 0.102801 Regul: 0.016489 Obj: 0.119290 (0.063613)  NNZ: 12 (2)  Ttime: 1.4287 Vtime: 0.0519
Step: 9100000  Loss: 0.067273 Regul: 0.008319 Obj: 0.075592 (0.063613)  NNZ: 9 (2)  Ttime: 1.4345 Vtime: 0.0516
Step: 9200000  Loss: 0.066216 Regul: 0.008882 Obj: 0.075098 (0.063613)  NNZ: 8 (2)  Ttime: 1.4328 Vtime: 0.0520
Step: 9300000  Loss: 0.070407 Regul: 0.010837 Obj: 0.081243 (0.063613)  NNZ: 10 (2)  Ttime: 1.4237 Vtime: 0.0517
Step: 9400000  Loss: 0.098484 Regul: 0.014828 Obj: 0.113313 (0.063613)  NNZ: 11 (2)  Ttime: 1.4237 Vtime: 0.0521
Step: 9500000  Loss: 0.057215 Regul: 0.006582 Obj: 0.063797 (0.063613)  NNZ: 13 (2)  Ttime: 1.4366 Vtime: 0.0518
Step: 9600000  Loss: 0.070117 Regul: 0.009892 Obj: 0.080009 (0.063613)  NNZ: 10 (2)  Ttime: 1.4310 Vtime: 0.0523
Step: 9700000  Loss: 0.093300 Regul: 0.008940 Obj: 0.102240 (0.063613)  NNZ: 9 (2)  Ttime: 1.4229 Vtime: 0.0518
Step: 9800000  Loss: 0.077004 Regul: 0.011307 Obj: 0.088311 (0.063613)  NNZ: 11 (2)  Ttime: 1.4318 Vtime: 0.0518
Step: 9900000  Loss: 0.110245 Regul: 0.016270 Obj: 0.126515 (0.063613)  NNZ: 17 (2)  Ttime: 1.4317 Vtime: 0.0520
Step: 10000000  Loss: 0.064433 Regul: 0.003845 Obj: 0.068278 (0.063613)  NNZ: 3 (2)  Ttime: 1.4256 Vtime: 0.0517
Step: 10100000  Loss: 0.121539 Regul: 0.017665 Obj: 0.139204 (0.063613)  NNZ: 15 (2)  Ttime: 1.4268 Vtime: 0.0515
Step: 10200000  Loss: 0.081273 Regul: 0.013077 Obj: 0.094351 (0.063613)  NNZ: 12 (2)  Ttime: 1.4289 Vtime: 0.0516
Step: 10300000  Loss: 0.157414 Regul: 0.015273 Obj: 0.172687 (0.063613)  NNZ: 12 (2)  Ttime: 1.4341 Vtime: 0.0521
Step: 10400000  Loss: 0.065036 Regul: 0.006981 Obj: 0.072017 (0.063613)  NNZ: 12 (2)  Ttime: 1.4332 Vtime: 0.0511
Step: 10500000  Loss: 0.063750 Regul: 0.006226 Obj: 0.069975 (0.063613)  NNZ: 5 (2)  Ttime: 1.4287 Vtime: 0.0513
Step: 10600000  Loss: 0.083599 Regul: 0.009752 Obj: 0.093350 (0.063613)  NNZ: 14 (2)  Ttime: 1.4236 Vtime: 0.0513
Step: 10700000  Loss: 0.086580 Regul: 0.012640 Obj: 0.099220 (0.063613)  NNZ: 11 (2)  Ttime: 1.4289 Vtime: 0.0524
Step: 10800000  Loss: 0.086254 Regul: 0.014798 Obj: 0.101052 (0.063613)  NNZ: 13 (2)  Ttime: 1.4337 Vtime: 0.0513
Step: 10900000  Loss: 0.080326 Regul: 0.009354 Obj: 0.089680 (0.063613)  NNZ: 8 (2)  Ttime: 1.4277 Vtime: 0.0513
Best: 11000000  Loss: 0.052757 Regul: 0.005811 Obj: 0.058568 (0.058568)  NNZ: 9 (9)  Ttime: 1.4275 Vtime: 0.0512
Stat: nPR #64 (#72) Dim/MaxDim [512/640] AUC: 0.981172 FPR95: 7.60 [saved]
Step: 11100000  Loss: 0.097021 Regul: 0.013987 Obj: 0.111009 (0.058568)  NNZ: 12 (9)  Ttime: 1.4371 Vtime: 0.0528
Step: 11200000  Loss: 0.064595 Regul: 0.006764 Obj: 0.071359 (0.058568)  NNZ: 9 (9)  Ttime: 1.4201 Vtime: 0.0513
Step: 11300000  Loss: 0.073928 Regul: 0.007207 Obj: 0.081135 (0.058568)  NNZ: 7 (9)  Ttime: 1.4252 Vtime: 0.0517
Step: 11400000  Loss: 0.074860 Regul: 0.006853 Obj: 0.081713 (0.058568)  NNZ: 8 (9)  Ttime: 1.4316 Vtime: 0.0514
Step: 11500000  Loss: 0.086810 Regul: 0.011076 Obj: 0.097886 (0.058568)  NNZ: 11 (9)  Ttime: 1.4293 Vtime: 0.0518
Step: 11600000  Loss: 0.075700 Regul: 0.007662 Obj: 0.083362 (0.058568)  NNZ: 7 (9)  Ttime: 1.4273 Vtime: 0.0512
Step: 11700000  Loss: 0.082326 Regul: 0.014868 Obj: 0.097194 (0.058568)  NNZ: 16 (9)  Ttime: 1.4302 Vtime: 0.0513
Step: 11800000  Loss: 0.098546 Regul: 0.015004 Obj: 0.113550 (0.058568)  NNZ: 17 (9)  Ttime: 1.4342 Vtime: 0.0509
Step: 11900000  Loss: 0.066415 Regul: 0.006471 Obj: 0.072886 (0.058568)  NNZ: 7 (9)  Ttime: 1.4334 Vtime: 0.0519
Step: 12000000  Loss: 0.061198 Regul: 0.008638 Obj: 0.069836 (0.058568)  NNZ: 12 (9)  Ttime: 1.4361 Vtime: 0.0509
Step: 12100000  Loss: 0.078689 Regul: 0.009353 Obj: 0.088042 (0.058568)  NNZ: 10 (9)  Ttime: 1.4298 Vtime: 0.0507
Step: 12200000  Loss: 0.065635 Regul: 0.009191 Obj: 0.074826 (0.058568)  NNZ: 13 (9)  Ttime: 1.4307 Vtime: 0.0519
Step: 12300000  Loss: 0.079021 Regul: 0.011902 Obj: 0.090924 (0.058568)  NNZ: 11 (9)  Ttime: 1.4314 Vtime: 0.0518
Step: 12400000  Loss: 0.060797 Regul: 0.003835 Obj: 0.064632 (0.058568)  NNZ: 8 (9)  Ttime: 1.4329 Vtime: 0.0507
Step: 12500000  Loss: 0.062294 Regul: 0.006580 Obj: 0.068874 (0.058568)  NNZ: 11 (9)  Ttime: 1.4265 Vtime: 0.0516
Step: 12600000  Loss: 0.126642 Regul: 0.017828 Obj: 0.144470 (0.058568)  NNZ: 13 (9)  Ttime: 1.4367 Vtime: 0.0517
Step: 12700000  Loss: 0.074632 Regul: 0.012353 Obj: 0.086985 (0.058568)  NNZ: 13 (9)  Ttime: 1.4405 Vtime: 0.0516
Step: 12800000  Loss: 0.059166 Regul: 0.006978 Obj: 0.066144 (0.058568)  NNZ: 7 (9)  Ttime: 1.4293 Vtime: 0.0515
Step: 12900000  Loss: 0.079192 Regul: 0.004163 Obj: 0.083354 (0.058568)  NNZ: 3 (9)  Ttime: 1.4246 Vtime: 0.0518
Step: 13000000  Loss: 0.056668 Regul: 0.006102 Obj: 0.062770 (0.058568)  NNZ: 9 (9)  Ttime: 1.4273 Vtime: 0.0511
Step: 13100000  Loss: 0.066162 Regul: 0.005737 Obj: 0.071900 (0.058568)  NNZ: 8 (9)  Ttime: 1.4326 Vtime: 0.0522
Step: 13200000  Loss: 0.056682 Regul: 0.007479 Obj: 0.064161 (0.058568)  NNZ: 12 (9)  Ttime: 1.4265 Vtime: 0.0519
Step: 13300000  Loss: 0.089400 Regul: 0.011219 Obj: 0.100620 (0.058568)  NNZ: 12 (9)  Ttime: 1.4253 Vtime: 0.0514
Step: 13400000  Loss: 0.078242 Regul: 0.011693 Obj: 0.089935 (0.058568)  NNZ: 12 (9)  Ttime: 1.4316 Vtime: 0.0521
Step: 13500000  Loss: 0.063325 Regul: 0.008381 Obj: 0.071706 (0.058568)  NNZ: 11 (9)  Ttime: 1.4327 Vtime: 0.0515
Step: 13600000  Loss: 0.074422 Regul: 0.011635 Obj: 0.086057 (0.058568)  NNZ: 12 (9)  Ttime: 1.4372 Vtime: 0.0516
Step: 13700000  Loss: 0.067870 Regul: 0.007836 Obj: 0.075705 (0.058568)  NNZ: 7 (9)  Ttime: 1.4189 Vtime: 0.0516
Step: 13800000  Loss: 0.063633 Regul: 0.005095 Obj: 0.068727 (0.058568)  NNZ: 4 (9)  Ttime: 1.4275 Vtime: 0.0512
Step: 13900000  Loss: 0.059303 Regul: 0.006060 Obj: 0.065362 (0.058568)  NNZ: 8 (9)  Ttime: 1.4347 Vtime: 0.0516
Step: 14000000  Loss: 0.059026 Regul: 0.006681 Obj: 0.065707 (0.058568)  NNZ: 9 (9)  Ttime: 1.4370 Vtime: 0.0516
Step: 14100000  Loss: 0.067722 Regul: 0.007045 Obj: 0.074767 (0.058568)  NNZ: 9 (9)  Ttime: 1.4303 Vtime: 0.0524
Step: 14200000  Loss: 0.086723 Regul: 0.011454 Obj: 0.098177 (0.058568)  NNZ: 15 (9)  Ttime: 1.4276 Vtime: 0.0516
Step: 14300000  Loss: 0.075285 Regul: 0.005282 Obj: 0.080567 (0.058568)  NNZ: 5 (9)  Ttime: 1.4340 Vtime: 0.0512
Step: 14400000  Loss: 0.068695 Regul: 0.005734 Obj: 0.074429 (0.058568)  NNZ: 5 (9)  Ttime: 1.4371 Vtime: 0.0517
Step: 14500000  Loss: 0.062258 Regul: 0.008141 Obj: 0.070399 (0.058568)  NNZ: 12 (9)  Ttime: 1.4235 Vtime: 0.0513
Step: 14600000  Loss: 0.069281 Regul: 0.005317 Obj: 0.074598 (0.058568)  NNZ: 8 (9)  Ttime: 1.4253 Vtime: 0.0511
Step: 14700000  Loss: 0.063244 Regul: 0.005423 Obj: 0.068666 (0.058568)  NNZ: 7 (9)  Ttime: 1.4331 Vtime: 0.0509
Step: 14800000  Loss: 0.099037 Regul: 0.011686 Obj: 0.110723 (0.058568)  NNZ: 15 (9)  Ttime: 1.4337 Vtime: 0.0517
Step: 14900000  Loss: 0.065594 Regul: 0.003093 Obj: 0.068687 (0.058568)  NNZ: 4 (9)  Ttime: 1.4314 Vtime: 0.0513
Step: 15000000  Loss: 0.071780 Regul: 0.006009 Obj: 0.077789 (0.058568)  NNZ: 7 (9)  Ttime: 1.4235 Vtime: 0.0515
Step: 15100000  Loss: 0.075337 Regul: 0.009020 Obj: 0.084358 (0.058568)  NNZ: 8 (9)  Ttime: 1.4348 Vtime: 0.0522
Step: 15200000  Loss: 0.065549 Regul: 0.008777 Obj: 0.074325 (0.058568)  NNZ: 11 (9)  Ttime: 1.4331 Vtime: 0.0512
Step: 15300000  Loss: 0.062279 Regul: 0.007515 Obj: 0.069794 (0.058568)  NNZ: 10 (9)  Ttime: 1.4287 Vtime: 0.0513
Step: 15400000  Loss: 0.057067 Regul: 0.006297 Obj: 0.063364 (0.058568)  NNZ: 9 (9)  Ttime: 1.4174 Vtime: 0.0518
Step: 15500000  Loss: 0.059843 Regul: 0.004261 Obj: 0.064104 (0.058568)  NNZ: 7 (9)  Ttime: 1.4259 Vtime: 0.0518
Step: 15600000  Loss: 0.092149 Regul: 0.010446 Obj: 0.102594 (0.058568)  NNZ: 15 (9)  Ttime: 1.4294 Vtime: 0.0511
Step: 15700000  Loss: 0.060736 Regul: 0.006539 Obj: 0.067275 (0.058568)  NNZ: 11 (9)  Ttime: 1.4280 Vtime: 0.0518
Step: 15800000  Loss: 0.055139 Regul: 0.005653 Obj: 0.060793 (0.058568)  NNZ: 8 (9)  Ttime: 1.4253 Vtime: 0.0521
Step: 15900000  Loss: 0.094226 Regul: 0.011571 Obj: 0.105797 (0.058568)  NNZ: 11 (9)  Ttime: 1.4236 Vtime: 0.0519
Step: 16000000  Loss: 0.084427 Regul: 0.010145 Obj: 0.094571 (0.058568)  NNZ: 14 (9)  Ttime: 1.4338 Vtime: 0.0523
Step: 16100000  Loss: 0.061606 Regul: 0.005192 Obj: 0.066797 (0.058568)  NNZ: 5 (9)  Ttime: 1.4377 Vtime: 0.0513
Step: 16200000  Loss: 0.066470 Regul: 0.007511 Obj: 0.073981 (0.058568)  NNZ: 10 (9)  Ttime: 1.4183 Vtime: 0.0515
Step: 16300000  Loss: 0.090977 Regul: 0.011606 Obj: 0.102582 (0.058568)  NNZ: 16 (9)  Ttime: 1.4236 Vtime: 0.0519
Step: 16400000  Loss: 0.076802 Regul: 0.008363 Obj: 0.085165 (0.058568)  NNZ: 10 (9)  Ttime: 1.4361 Vtime: 0.0514
Step: 16500000  Loss: 0.126377 Regul: 0.016171 Obj: 0.142549 (0.058568)  NNZ: 17 (9)  Ttime: 1.4303 Vtime: 0.0519
Step: 16600000  Loss: 0.063419 Regul: 0.009022 Obj: 0.072441 (0.058568)  NNZ: 10 (9)  Ttime: 1.4245 Vtime: 0.0508
Step: 16700000  Loss: 0.075105 Regul: 0.010916 Obj: 0.086021 (0.058568)  NNZ: 12 (9)  Ttime: 1.4227 Vtime: 0.0516
Step: 16800000  Loss: 0.076451 Regul: 0.005743 Obj: 0.082195 (0.058568)  NNZ: 10 (9)  Ttime: 1.4312 Vtime: 0.0512
Step: 16900000  Loss: 0.058393 Regul: 0.005719 Obj: 0.064112 (0.058568)  NNZ: 10 (9)  Ttime: 1.4336 Vtime: 0.0513
Step: 17000000  Loss: 0.065575 Regul: 0.007861 Obj: 0.073436 (0.058568)  NNZ: 16 (9)  Ttime: 1.4303 Vtime: 0.0512
Step: 17100000  Loss: 0.063482 Regul: 0.007227 Obj: 0.070709 (0.058568)  NNZ: 9 (9)  Ttime: 1.4241 Vtime: 0.0523
Step: 17200000  Loss: 0.084118 Regul: 0.010179 Obj: 0.094297 (0.058568)  NNZ: 14 (9)  Ttime: 1.4256 Vtime: 0.0520
Step: 17300000  Loss: 0.063341 Regul: 0.008601 Obj: 0.071942 (0.058568)  NNZ: 11 (9)  Ttime: 1.4291 Vtime: 0.0516
Step: 17400000  Loss: 0.059866 Regul: 0.006881 Obj: 0.066747 (0.058568)  NNZ: 9 (9)  Ttime: 1.4267 Vtime: 0.0520
Step: 17500000  Loss: 0.070991 Regul: 0.003358 Obj: 0.074349 (0.058568)  NNZ: 5 (9)  Ttime: 1.4280 Vtime: 0.0516
Step: 17600000  Loss: 0.068290 Regul: 0.004871 Obj: 0.073161 (0.058568)  NNZ: 10 (9)  Ttime: 1.4381 Vtime: 0.0520
Step: 17700000  Loss: 0.075943 Regul: 0.003956 Obj: 0.079899 (0.058568)  NNZ: 5 (9)  Ttime: 1.4416 Vtime: 0.0520
Step: 17800000  Loss: 0.070845 Regul: 0.006630 Obj: 0.077474 (0.058568)  NNZ: 7 (9)  Ttime: 1.4275 Vtime: 0.0513
Step: 17900000  Loss: 0.061402 Regul: 0.006776 Obj: 0.068178 (0.058568)  NNZ: 7 (9)  Ttime: 1.4201 Vtime: 0.0515
Step: 18000000  Loss: 0.059350 Regul: 0.006843 Obj: 0.066193 (0.058568)  NNZ: 9 (9)  Ttime: 1.4320 Vtime: 0.0512
Step: 18100000  Loss: 0.061436 Regul: 0.008342 Obj: 0.069778 (0.058568)  NNZ: 12 (9)  Ttime: 1.4373 Vtime: 0.0518
Step: 18200000  Loss: 0.074888 Regul: 0.007830 Obj: 0.082718 (0.058568)  NNZ: 8 (9)  Ttime: 1.4323 Vtime: 0.0514
Step: 18300000  Loss: 0.063114 Regul: 0.007375 Obj: 0.070490 (0.058568)  NNZ: 8 (9)  Ttime: 1.4223 Vtime: 0.0515
Step: 18400000  Loss: 0.096537 Regul: 0.008231 Obj: 0.104768 (0.058568)  NNZ: 11 (9)  Ttime: 1.4257 Vtime: 0.0512
Step: 18500000  Loss: 0.055825 Regul: 0.006609 Obj: 0.062434 (0.058568)  NNZ: 8 (9)  Ttime: 1.4372 Vtime: 0.0520
Step: 18600000  Loss: 0.062806 Regul: 0.007477 Obj: 0.070283 (0.058568)  NNZ: 7 (9)  Ttime: 1.4278 Vtime: 0.0515
Step: 18700000  Loss: 0.062416 Regul: 0.004739 Obj: 0.067155 (0.058568)  NNZ: 6 (9)  Ttime: 1.4225 Vtime: 0.0515
Step: 18800000  Loss: 0.057367 Regul: 0.006133 Obj: 0.063500 (0.058568)  NNZ: 7 (9)  Ttime: 1.4265 Vtime: 0.0508
Step: 18900000  Loss: 0.068094 Regul: 0.006674 Obj: 0.074767 (0.058568)  NNZ: 10 (9)  Ttime: 1.4323 Vtime: 0.0511
Step: 19000000  Loss: 0.071314 Regul: 0.007107 Obj: 0.078421 (0.058568)  NNZ: 10 (9)  Ttime: 1.4407 Vtime: 0.0521
Step: 19100000  Loss: 0.085686 Regul: 0.012111 Obj: 0.097796 (0.058568)  NNZ: 16 (9)  Ttime: 1.4285 Vtime: 0.0512
Best: 19200000  Loss: 0.050586 Regul: 0.003854 Obj: 0.054440 (0.054440)  NNZ: 5 (5)  Ttime: 1.4275 Vtime: 0.0509
Stat: nPR #36 (#40) Dim/MaxDim [288/640] AUC: 0.980966 FPR95: 7.81 [saved]
Step: 19300000  Loss: 0.075945 Regul: 0.008617 Obj: 0.084562 (0.054440)  NNZ: 13 (5)  Ttime: 1.4342 Vtime: 0.0516
Step: 19400000  Loss: 0.070226 Regul: 0.006136 Obj: 0.076362 (0.054440)  NNZ: 11 (5)  Ttime: 1.4267 Vtime: 0.0511
Step: 19500000  Loss: 0.062046 Regul: 0.006011 Obj: 0.068057 (0.054440)  NNZ: 11 (5)  Ttime: 1.4318 Vtime: 0.0518
Step: 19600000  Loss: 0.069741 Regul: 0.006067 Obj: 0.075808 (0.054440)  NNZ: 10 (5)  Ttime: 1.4403 Vtime: 0.0510
Step: 19700000  Loss: 0.070437 Regul: 0.003372 Obj: 0.073808 (0.054440)  NNZ: 7 (5)  Ttime: 1.4289 Vtime: 0.0519
Step: 19800000  Loss: 0.061744 Regul: 0.007181 Obj: 0.068925 (0.054440)  NNZ: 8 (5)  Ttime: 1.4271 Vtime: 0.0515
Step: 19900000  Loss: 0.066878 Regul: 0.006505 Obj: 0.073383 (0.054440)  NNZ: 9 (5)  Ttime: 1.4274 Vtime: 0.0511
Step: 20000000  Loss: 0.065893 Regul: 0.007146 Obj: 0.073039 (0.054440)  NNZ: 10 (5)  Ttime: 1.4377 Vtime: 0.0514
Step: 20100000  Loss: 0.130540 Regul: 0.006367 Obj: 0.136907 (0.054440)  NNZ: 10 (5)  Ttime: 1.4349 Vtime: 0.0513
Step: 20200000  Loss: 0.081629 Regul: 0.011500 Obj: 0.093130 (0.054440)  NNZ: 19 (5)  Ttime: 1.4330 Vtime: 0.0513
Step: 20300000  Loss: 0.072520 Regul: 0.008971 Obj: 0.081491 (0.054440)  NNZ: 11 (5)  Ttime: 1.4325 Vtime: 0.0514
Step: 20400000  Loss: 0.063539 Regul: 0.008896 Obj: 0.072435 (0.054440)  NNZ: 12 (5)  Ttime: 1.4309 Vtime: 0.0515
Step: 20500000  Loss: 0.093443 Regul: 0.007540 Obj: 0.100983 (0.054440)  NNZ: 9 (5)  Ttime: 1.4322 Vtime: 0.0511
Step: 20600000  Loss: 0.070151 Regul: 0.008516 Obj: 0.078667 (0.054440)  NNZ: 11 (5)  Ttime: 1.4227 Vtime: 0.0519
Step: 20700000  Loss: 0.060752 Regul: 0.007728 Obj: 0.068481 (0.054440)  NNZ: 8 (5)  Ttime: 1.4271 Vtime: 0.0510
Step: 20800000  Loss: 0.067647 Regul: 0.007817 Obj: 0.075465 (0.054440)  NNZ: 13 (5)  Ttime: 1.4333 Vtime: 0.0515
Step: 20900000  Loss: 0.063925 Regul: 0.007966 Obj: 0.071891 (0.054440)  NNZ: 7 (5)  Ttime: 1.4335 Vtime: 0.0511
Step: 21000000  Loss: 0.069267 Regul: 0.008973 Obj: 0.078240 (0.054440)  NNZ: 13 (5)  Ttime: 1.4301 Vtime: 0.0521
Step: 21100000  Loss: 0.058156 Regul: 0.005723 Obj: 0.063879 (0.054440)  NNZ: 10 (5)  Ttime: 1.4288 Vtime: 0.0511
Step: 21200000  Loss: 0.065184 Regul: 0.005356 Obj: 0.070541 (0.054440)  NNZ: 9 (5)  Ttime: 1.4435 Vtime: 0.0516
Step: 21300000  Loss: 0.058807 Regul: 0.003502 Obj: 0.062309 (0.054440)  NNZ: 5 (5)  Ttime: 1.4374 Vtime: 0.0517
Step: 21400000  Loss: 0.069444 Regul: 0.006080 Obj: 0.075524 (0.054440)  NNZ: 9 (5)  Ttime: 1.4286 Vtime: 0.0512
Step: 21500000  Loss: 0.079337 Regul: 0.006797 Obj: 0.086134 (0.054440)  NNZ: 7 (5)  Ttime: 1.4281 Vtime: 0.0513
Step: 21600000  Loss: 0.065882 Regul: 0.004948 Obj: 0.070829 (0.054440)  NNZ: 6 (5)  Ttime: 1.4385 Vtime: 0.0509
Step: 21700000  Loss: 0.070269 Regul: 0.005005 Obj: 0.075273 (0.054440)  NNZ: 9 (5)  Ttime: 1.4276 Vtime: 0.0518
Step: 21800000  Loss: 0.055146 Regul: 0.004825 Obj: 0.059972 (0.054440)  NNZ: 7 (5)  Ttime: 1.4235 Vtime: 0.0510
Step: 21900000  Loss: 0.053988 Regul: 0.003743 Obj: 0.057731 (0.054440)  NNZ: 6 (5)  Ttime: 1.4284 Vtime: 0.0520
Step: 22000000  Loss: 0.061149 Regul: 0.004021 Obj: 0.065170 (0.054440)  NNZ: 5 (5)  Ttime: 1.4290 Vtime: 0.0518
Step: 22100000  Loss: 0.058049 Regul: 0.007120 Obj: 0.065170 (0.054440)  NNZ: 11 (5)  Ttime: 1.4344 Vtime: 0.0516
Step: 22200000  Loss: 0.087789 Regul: 0.003192 Obj: 0.090981 (0.054440)  NNZ: 4 (5)  Ttime: 1.4312 Vtime: 0.0515
Step: 22300000  Loss: 0.066994 Regul: 0.008741 Obj: 0.075736 (0.054440)  NNZ: 10 (5)  Ttime: 1.4310 Vtime: 0.0520
Step: 22400000  Loss: 0.063653 Regul: 0.006306 Obj: 0.069959 (0.054440)  NNZ: 7 (5)  Ttime: 1.4266 Vtime: 0.0519
Step: 22500000  Loss: 0.063432 Regul: 0.009583 Obj: 0.073015 (0.054440)  NNZ: 12 (5)  Ttime: 1.4365 Vtime: 0.0517
Step: 22600000  Loss: 0.062742 Regul: 0.006406 Obj: 0.069148 (0.054440)  NNZ: 8 (5)  Ttime: 1.4245 Vtime: 0.0508
Step: 22700000  Loss: 0.067501 Regul: 0.007297 Obj: 0.074798 (0.054440)  NNZ: 9 (5)  Ttime: 1.4202 Vtime: 0.0511
Step: 22800000  Loss: 0.056037 Regul: 0.005509 Obj: 0.061546 (0.054440)  NNZ: 11 (5)  Ttime: 1.4338 Vtime: 0.0516
Step: 22900000  Loss: 0.071364 Regul: 0.008466 Obj: 0.079830 (0.054440)  NNZ: 18 (5)  Ttime: 1.4333 Vtime: 0.0515
Step: 23000000  Loss: 0.054714 Regul: 0.004606 Obj: 0.059319 (0.054440)  NNZ: 8 (5)  Ttime: 1.4314 Vtime: 0.0514
Step: 23100000  Loss: 0.121044 Regul: 0.011904 Obj: 0.132948 (0.054440)  NNZ: 13 (5)  Ttime: 1.4224 Vtime: 0.0516
Step: 23200000  Loss: 0.060952 Regul: 0.007560 Obj: 0.068512 (0.054440)  NNZ: 11 (5)  Ttime: 1.4265 Vtime: 0.0518
Step: 23300000  Loss: 0.067466 Regul: 0.005282 Obj: 0.072747 (0.054440)  NNZ: 9 (5)  Ttime: 1.4395 Vtime: 0.0523
Step: 23400000  Loss: 0.064472 Regul: 0.007369 Obj: 0.071841 (0.054440)  NNZ: 7 (5)  Ttime: 1.4334 Vtime: 0.0516
Step: 23500000  Loss: 0.061016 Regul: 0.003677 Obj: 0.064693 (0.054440)  NNZ: 6 (5)  Ttime: 1.4271 Vtime: 0.0514
Step: 23600000  Loss: 0.059530 Regul: 0.005382 Obj: 0.064912 (0.054440)  NNZ: 9 (5)  Ttime: 1.4269 Vtime: 0.0515
Step: 23700000  Loss: 0.081323 Regul: 0.007001 Obj: 0.088323 (0.054440)  NNZ: 9 (5)  Ttime: 1.4408 Vtime: 0.0509
Step: 23800000  Loss: 0.079186 Regul: 0.007833 Obj: 0.087019 (0.054440)  NNZ: 9 (5)  Ttime: 1.4337 Vtime: 0.0513
Step: 23900000  Loss: 0.066398 Regul: 0.008363 Obj: 0.074761 (0.054440)  NNZ: 10 (5)  Ttime: 1.4236 Vtime: 0.0514
Step: 24000000  Loss: 0.052687 Regul: 0.005397 Obj: 0.058084 (0.054440)  NNZ: 9 (5)  Ttime: 1.4299 Vtime: 0.0514
Step: 24100000  Loss: 0.065863 Regul: 0.008955 Obj: 0.074818 (0.054440)  NNZ: 17 (5)  Ttime: 1.4340 Vtime: 0.0518
Step: 24200000  Loss: 0.077286 Regul: 0.011870 Obj: 0.089156 (0.054440)  NNZ: 12 (5)  Ttime: 1.4328 Vtime: 0.0512
Step: 24300000  Loss: 0.061517 Regul: 0.007181 Obj: 0.068698 (0.054440)  NNZ: 13 (5)  Ttime: 1.4384 Vtime: 0.0514
Step: 24400000  Loss: 0.052235 Regul: 0.004309 Obj: 0.056544 (0.054440)  NNZ: 8 (5)  Ttime: 1.4345 Vtime: 0.0516
Step: 24500000  Loss: 0.065270 Regul: 0.003378 Obj: 0.068647 (0.054440)  NNZ: 5 (5)  Ttime: 1.4294 Vtime: 0.0510
Step: 24600000  Loss: 0.058725 Regul: 0.005951 Obj: 0.064676 (0.054440)  NNZ: 9 (5)  Ttime: 1.4359 Vtime: 0.0514
Step: 24700000  Loss: 0.066296 Regul: 0.007053 Obj: 0.073349 (0.054440)  NNZ: 12 (5)  Ttime: 1.4301 Vtime: 0.0520
Step: 24800000  Loss: 0.077554 Regul: 0.007732 Obj: 0.085286 (0.054440)  NNZ: 10 (5)  Ttime: 1.4235 Vtime: 0.0509
Step: 24900000  Loss: 0.067083 Regul: 0.006539 Obj: 0.073622 (0.054440)  NNZ: 10 (5)  Ttime: 1.4277 Vtime: 0.0518
Step: 25000000  Loss: 0.075037 Regul: 0.005874 Obj: 0.080911 (0.054440)  NNZ: 8 (5)  Ttime: 1.4369 Vtime: 0.0513
Step: 25100000  Loss: 0.059260 Regul: 0.007689 Obj: 0.066950 (0.054440)  NNZ: 11 (5)  Ttime: 1.4276 Vtime: 0.0516
Step: 25200000  Loss: 0.064436 Regul: 0.003657 Obj: 0.068093 (0.054440)  NNZ: 6 (5)  Ttime: 1.4219 Vtime: 0.0517
Step: 25300000  Loss: 0.069837 Regul: 0.002743 Obj: 0.072580 (0.054440)  NNZ: 5 (5)  Ttime: 1.4297 Vtime: 0.0517
Step: 25400000  Loss: 0.055194 Regul: 0.004919 Obj: 0.060113 (0.054440)  NNZ: 10 (5)  Ttime: 1.4323 Vtime: 0.0509
Step: 25500000  Loss: 0.056393 Regul: 0.003151 Obj: 0.059544 (0.054440)  NNZ: 11 (5)  Ttime: 1.4328 Vtime: 0.0523
Step: 25600000  Loss: 0.059977 Regul: 0.006573 Obj: 0.066551 (0.054440)  NNZ: 9 (5)  Ttime: 1.4301 Vtime: 0.0519
Step: 25700000  Loss: 0.076207 Regul: 0.006761 Obj: 0.082969 (0.054440)  NNZ: 9 (5)  Ttime: 1.4338 Vtime: 0.0514
Step: 25800000  Loss: 0.078721 Regul: 0.005746 Obj: 0.084467 (0.054440)  NNZ: 6 (5)  Ttime: 1.4343 Vtime: 0.0522
Step: 25900000  Loss: 0.067861 Regul: 0.006163 Obj: 0.074024 (0.054440)  NNZ: 8 (5)  Ttime: 1.4356 Vtime: 0.0518
Step: 26000000  Loss: 0.064645 Regul: 0.006405 Obj: 0.071050 (0.054440)  NNZ: 6 (5)  Ttime: 1.4200 Vtime: 0.0507
Step: 26100000  Loss: 0.056584 Regul: 0.006061 Obj: 0.062645 (0.054440)  NNZ: 10 (5)  Ttime: 1.4219 Vtime: 0.0518
Step: 26200000  Loss: 0.061819 Regul: 0.005494 Obj: 0.067313 (0.054440)  NNZ: 11 (5)  Ttime: 1.4380 Vtime: 0.0512
Step: 26300000  Loss: 0.053659 Regul: 0.005083 Obj: 0.058742 (0.054440)  NNZ: 9 (5)  Ttime: 1.4345 Vtime: 0.0518
Step: 26400000  Loss: 0.104631 Regul: 0.008422 Obj: 0.113052 (0.054440)  NNZ: 11 (5)  Ttime: 1.4250 Vtime: 0.0517
Step: 26500000  Loss: 0.071227 Regul: 0.005564 Obj: 0.076791 (0.054440)  NNZ: 10 (5)  Ttime: 1.4256 Vtime: 0.0512
Step: 26600000  Loss: 0.071260 Regul: 0.009478 Obj: 0.080737 (0.054440)  NNZ: 10 (5)  Ttime: 1.4341 Vtime: 0.0517
Step: 26700000  Loss: 0.071551 Regul: 0.002848 Obj: 0.074399 (0.054440)  NNZ: 5 (5)  Ttime: 1.4321 Vtime: 0.0523
Step: 26800000  Loss: 0.054386 Regul: 0.006117 Obj: 0.060503 (0.054440)  NNZ: 13 (5)  Ttime: 1.4321 Vtime: 0.0515
Step: 26900000  Loss: 0.057298 Regul: 0.005157 Obj: 0.062455 (0.054440)  NNZ: 11 (5)  Ttime: 1.4247 Vtime: 0.0510
Step: 27000000  Loss: 0.069635 Regul: 0.008455 Obj: 0.078090 (0.054440)  NNZ: 12 (5)  Ttime: 1.4324 Vtime: 0.0519
Step: 27100000  Loss: 0.079405 Regul: 0.010762 Obj: 0.090166 (0.054440)  NNZ: 13 (5)  Ttime: 1.4350 Vtime: 0.0519
Step: 27200000  Loss: 0.057617 Regul: 0.007452 Obj: 0.065070 (0.054440)  NNZ: 11 (5)  Ttime: 1.4357 Vtime: 0.0521
Step: 27300000  Loss: 0.056948 Regul: 0.005847 Obj: 0.062795 (0.054440)  NNZ: 8 (5)  Ttime: 1.4293 Vtime: 0.0510
Step: 27400000  Loss: 0.057841 Regul: 0.006250 Obj: 0.064091 (0.054440)  NNZ: 11 (5)  Ttime: 1.4292 Vtime: 0.0514
Step: 27500000  Loss: 0.062843 Regul: 0.006621 Obj: 0.069464 (0.054440)  NNZ: 15 (5)  Ttime: 1.4301 Vtime: 0.0520
Step: 27600000  Loss: 0.062059 Regul: 0.005326 Obj: 0.067385 (0.054440)  NNZ: 9 (5)  Ttime: 1.4275 Vtime: 0.0512
Best: 27700000  Loss: 0.049706 Regul: 0.003757 Obj: 0.053463 (0.053463)  NNZ: 9 (9)  Ttime: 1.4172 Vtime: 0.0521
Stat: nPR #64 (#72) Dim/MaxDim [512/640] AUC: 0.981159 FPR95: 7.90 [saved]
Step: 27800000  Loss: 0.052890 Regul: 0.004889 Obj: 0.057779 (0.053463)  NNZ: 8 (9)  Ttime: 1.4338 Vtime: 0.0518
Step: 27900000  Loss: 0.057840 Regul: 0.004443 Obj: 0.062284 (0.053463)  NNZ: 9 (9)  Ttime: 1.4247 Vtime: 0.0517
Step: 28000000  Loss: 0.060661 Regul: 0.004443 Obj: 0.065104 (0.053463)  NNZ: 8 (9)  Ttime: 1.4241 Vtime: 0.0515
Step: 28100000  Loss: 0.070102 Regul: 0.005427 Obj: 0.075529 (0.053463)  NNZ: 9 (9)  Ttime: 1.4315 Vtime: 0.0515
Step: 28200000  Loss: 0.054376 Regul: 0.007035 Obj: 0.061411 (0.053463)  NNZ: 11 (9)  Ttime: 1.4295 Vtime: 0.0512
Step: 28300000  Loss: 0.069012 Regul: 0.009928 Obj: 0.078940 (0.053463)  NNZ: 15 (9)  Ttime: 1.4255 Vtime: 0.0512
Step: 28400000  Loss: 0.054348 Regul: 0.004352 Obj: 0.058700 (0.053463)  NNZ: 13 (9)  Ttime: 1.4255 Vtime: 0.0516
Step: 28500000  Loss: 0.078450 Regul: 0.008057 Obj: 0.086507 (0.053463)  NNZ: 11 (9)  Ttime: 1.4311 Vtime: 0.0514
Step: 28600000  Loss: 0.090448 Regul: 0.001466 Obj: 0.091914 (0.053463)  NNZ: 3 (9)  Ttime: 1.4339 Vtime: 0.0513
Step: 28700000  Loss: 0.055779 Regul: 0.005093 Obj: 0.060872 (0.053463)  NNZ: 11 (9)  Ttime: 1.4280 Vtime: 0.0517
Step: 28800000  Loss: 0.061459 Regul: 0.004579 Obj: 0.066038 (0.053463)  NNZ: 9 (9)  Ttime: 1.4296 Vtime: 0.0517
Step: 28900000  Loss: 0.053953 Regul: 0.005751 Obj: 0.059704 (0.053463)  NNZ: 8 (9)  Ttime: 1.4351 Vtime: 0.0524
Step: 29000000  Loss: 0.060164 Regul: 0.006127 Obj: 0.066291 (0.053463)  NNZ: 20 (9)  Ttime: 1.4307 Vtime: 0.0514
Step: 29100000  Loss: 0.075782 Regul: 0.006901 Obj: 0.082683 (0.053463)  NNZ: 10 (9)  Ttime: 1.4306 Vtime: 0.0515
Step: 29200000  Loss: 0.061071 Regul: 0.007603 Obj: 0.068674 (0.053463)  NNZ: 10 (9)  Ttime: 1.4231 Vtime: 0.0517
Step: 29300000  Loss: 0.084806 Regul: 0.004330 Obj: 0.089136 (0.053463)  NNZ: 9 (9)  Ttime: 1.4280 Vtime: 0.0517
Step: 29400000  Loss: 0.095807 Regul: 0.004127 Obj: 0.099935 (0.053463)  NNZ: 8 (9)  Ttime: 1.4343 Vtime: 0.0523
Step: 29500000  Loss: 0.060507 Regul: 0.005005 Obj: 0.065512 (0.053463)  NNZ: 7 (9)  Ttime: 1.4327 Vtime: 0.0518
Step: 29600000  Loss: 0.054885 Regul: 0.006333 Obj: 0.061218 (0.053463)  NNZ: 10 (9)  Ttime: 1.4245 Vtime: 0.0514
Step: 29700000  Loss: 0.057629 Regul: 0.004397 Obj: 0.062026 (0.053463)  NNZ: 8 (9)  Ttime: 1.4351 Vtime: 0.0516
Step: 29800000  Loss: 0.069559 Regul: 0.005647 Obj: 0.075206 (0.053463)  NNZ: 10 (9)  Ttime: 1.4393 Vtime: 0.0522
Step: 29900000  Loss: 0.053346 Regul: 0.005858 Obj: 0.059204 (0.053463)  NNZ: 11 (9)  Ttime: 1.4309 Vtime: 0.0516
Step: 30000000  Loss: 0.088745 Regul: 0.008073 Obj: 0.096818 (0.053463)  NNZ: 14 (9)  Ttime: 1.4260 Vtime: 0.0514
Step: 30100000  Loss: 0.059907 Regul: 0.004399 Obj: 0.064306 (0.053463)  NNZ: 8 (9)  Ttime: 1.4286 Vtime: 0.0519
Step: 30200000  Loss: 0.061331 Regul: 0.004720 Obj: 0.066052 (0.053463)  NNZ: 7 (9)  Ttime: 1.4323 Vtime: 0.0516
Step: 30300000  Loss: 0.062281 Regul: 0.007354 Obj: 0.069634 (0.053463)  NNZ: 12 (9)  Ttime: 1.4321 Vtime: 0.0512
Step: 30400000  Loss: 0.084514 Regul: 0.004980 Obj: 0.089494 (0.053463)  NNZ: 9 (9)  Ttime: 1.4221 Vtime: 0.0515
Step: 30500000  Loss: 0.065795 Regul: 0.005422 Obj: 0.071217 (0.053463)  NNZ: 7 (9)  Ttime: 1.4307 Vtime: 0.0523
Step: 30600000  Loss: 0.060216 Regul: 0.005912 Obj: 0.066128 (0.053463)  NNZ: 13 (9)  Ttime: 1.4345 Vtime: 0.0515
Step: 30700000  Loss: 0.156576 Regul: 0.004646 Obj: 0.161222 (0.053463)  NNZ: 12 (9)  Ttime: 1.4334 Vtime: 0.0517
Step: 30800000  Loss: 0.058371 Regul: 0.007061 Obj: 0.065431 (0.053463)  NNZ: 8 (9)  Ttime: 1.4268 Vtime: 0.0524
Step: 30900000  Loss: 0.053110 Regul: 0.005093 Obj: 0.058203 (0.053463)  NNZ: 10 (9)  Ttime: 1.4260 Vtime: 0.0523
Step: 31000000  Loss: 0.061911 Regul: 0.006644 Obj: 0.068555 (0.053463)  NNZ: 10 (9)  Ttime: 1.4311 Vtime: 0.0511
Step: 31100000  Loss: 0.052601 Regul: 0.003340 Obj: 0.055941 (0.053463)  NNZ: 7 (9)  Ttime: 1.4280 Vtime: 0.0530
Step: 31200000  Loss: 0.056603 Regul: 0.006600 Obj: 0.063203 (0.053463)  NNZ: 10 (9)  Ttime: 1.4261 Vtime: 0.0514
Step: 31300000  Loss: 0.057453 Regul: 0.005723 Obj: 0.063176 (0.053463)  NNZ: 10 (9)  Ttime: 1.4286 Vtime: 0.0517
Step: 31400000  Loss: 0.072484 Regul: 0.008163 Obj: 0.080646 (0.053463)  NNZ: 13 (9)  Ttime: 1.4336 Vtime: 0.0520
Step: 31500000  Loss: 0.061503 Regul: 0.005566 Obj: 0.067069 (0.053463)  NNZ: 12 (9)  Ttime: 1.4667 Vtime: 0.0513
Step: 31600000  Loss: 0.057348 Regul: 0.006755 Obj: 0.064104 (0.053463)  NNZ: 10 (9)  Ttime: 1.4302 Vtime: 0.0517
Step: 31700000  Loss: 0.059779 Regul: 0.006256 Obj: 0.066035 (0.053463)  NNZ: 8 (9)  Ttime: 1.4280 Vtime: 0.0518
Step: 31800000  Loss: 0.070412 Regul: 0.011036 Obj: 0.081449 (0.053463)  NNZ: 14 (9)  Ttime: 1.4305 Vtime: 0.0519
Step: 31900000  Loss: 0.065691 Regul: 0.008153 Obj: 0.073844 (0.053463)  NNZ: 11 (9)  Ttime: 1.4381 Vtime: 0.0525
Step: 32000000  Loss: 0.091066 Regul: 0.008633 Obj: 0.099699 (0.053463)  NNZ: 14 (9)  Ttime: 1.4285 Vtime: 0.0519
Step: 32100000  Loss: 0.056531 Regul: 0.006772 Obj: 0.063303 (0.053463)  NNZ: 10 (9)  Ttime: 1.4293 Vtime: 0.0528
Step: 32200000  Loss: 0.055953 Regul: 0.006488 Obj: 0.062441 (0.053463)  NNZ: 11 (9)  Ttime: 1.4334 Vtime: 0.0521
Step: 32300000  Loss: 0.053907 Regul: 0.005104 Obj: 0.059011 (0.053463)  NNZ: 11 (9)  Ttime: 1.4382 Vtime: 0.0517
Step: 32400000  Loss: 0.057322 Regul: 0.004806 Obj: 0.062128 (0.053463)  NNZ: 8 (9)  Ttime: 1.4305 Vtime: 0.0517
Step: 32500000  Loss: 0.058661 Regul: 0.006602 Obj: 0.065262 (0.053463)  NNZ: 10 (9)  Ttime: 1.4407 Vtime: 0.0520
Step: 32600000  Loss: 0.061422 Regul: 0.003271 Obj: 0.064693 (0.053463)  NNZ: 5 (9)  Ttime: 1.4312 Vtime: 0.0510
Step: 32700000  Loss: 0.054539 Regul: 0.004664 Obj: 0.059203 (0.053463)  NNZ: 7 (9)  Ttime: 1.4350 Vtime: 0.0514
Step: 32800000  Loss: 0.061387 Regul: 0.003290 Obj: 0.064677 (0.053463)  NNZ: 7 (9)  Ttime: 1.4347 Vtime: 0.0517
Step: 32900000  Loss: 0.071655 Regul: 0.007202 Obj: 0.078857 (0.053463)  NNZ: 16 (9)  Ttime: 1.4314 Vtime: 0.0522
Step: 33000000  Loss: 0.050165 Regul: 0.003748 Obj: 0.053913 (0.053463)  NNZ: 9 (9)  Ttime: 1.4364 Vtime: 0.0510
Step: 33100000  Loss: 0.060597 Regul: 0.006316 Obj: 0.066913 (0.053463)  NNZ: 12 (9)  Ttime: 1.4332 Vtime: 0.0517
Step: 33200000  Loss: 0.061926 Regul: 0.007422 Obj: 0.069347 (0.053463)  NNZ: 15 (9)  Ttime: 1.4303 Vtime: 0.0515
Step: 33300000  Loss: 0.071081 Regul: 0.005592 Obj: 0.076673 (0.053463)  NNZ: 13 (9)  Ttime: 1.4214 Vtime: 0.0511
Step: 33400000  Loss: 0.080365 Regul: 0.007357 Obj: 0.087722 (0.053463)  NNZ: 15 (9)  Ttime: 1.4292 Vtime: 0.0510
Step: 33500000  Loss: 0.073510 Regul: 0.007323 Obj: 0.080833 (0.053463)  NNZ: 19 (9)  Ttime: 1.4382 Vtime: 0.0513
Step: 33600000  Loss: 0.080909 Regul: 0.009445 Obj: 0.090354 (0.053463)  NNZ: 11 (9)  Ttime: 1.4359 Vtime: 0.0509
Step: 33700000  Loss: 0.108841 Regul: 0.005920 Obj: 0.114761 (0.053463)  NNZ: 9 (9)  Ttime: 1.4233 Vtime: 0.0507
Step: 33800000  Loss: 0.061653 Regul: 0.007476 Obj: 0.069128 (0.053463)  NNZ: 9 (9)  Ttime: 1.4290 Vtime: 0.0522
Step: 33900000  Loss: 0.073290 Regul: 0.008086 Obj: 0.081376 (0.053463)  NNZ: 12 (9)  Ttime: 1.4301 Vtime: 0.0522
Step: 34000000  Loss: 0.078059 Regul: 0.010802 Obj: 0.088861 (0.053463)  NNZ: 20 (9)  Ttime: 1.4349 Vtime: 0.0518
Step: 34100000  Loss: 0.114573 Regul: 0.012175 Obj: 0.126748 (0.053463)  NNZ: 13 (9)  Ttime: 1.4234 Vtime: 0.0512
Step: 34200000  Loss: 0.071352 Regul: 0.007422 Obj: 0.078774 (0.053463)  NNZ: 10 (9)  Ttime: 1.4308 Vtime: 0.0504
Step: 34300000  Loss: 0.083929 Regul: 0.008828 Obj: 0.092757 (0.053463)  NNZ: 12 (9)  Ttime: 1.4315 Vtime: 0.0514
Step: 34400000  Loss: 0.090652 Regul: 0.011622 Obj: 0.102275 (0.053463)  NNZ: 16 (9)  Ttime: 1.4364 Vtime: 0.0511
Step: 34500000  Loss: 0.075589 Regul: 0.008872 Obj: 0.084461 (0.053463)  NNZ: 12 (9)  Ttime: 1.4301 Vtime: 0.0515
Step: 34600000  Loss: 0.055698 Regul: 0.005599 Obj: 0.061298 (0.053463)  NNZ: 10 (9)  Ttime: 1.4207 Vtime: 0.0512
Step: 34700000  Loss: 0.081144 Regul: 0.012959 Obj: 0.094102 (0.053463)  NNZ: 14 (9)  Ttime: 1.4294 Vtime: 0.0515
Step: 34800000  Loss: 0.119559 Regul: 0.006583 Obj: 0.126142 (0.053463)  NNZ: 9 (9)  Ttime: 1.4302 Vtime: 0.0517
Step: 34900000  Loss: 0.064353 Regul: 0.007881 Obj: 0.072234 (0.053463)  NNZ: 9 (9)  Ttime: 1.4313 Vtime: 0.0518
Step: 35000000  Loss: 0.060624 Regul: 0.004440 Obj: 0.065063 (0.053463)  NNZ: 8 (9)  Ttime: 1.4236 Vtime: 0.0522
Step: 35100000  Loss: 0.057485 Regul: 0.007058 Obj: 0.064543 (0.053463)  NNZ: 15 (9)  Ttime: 1.4331 Vtime: 0.0519
Step: 35200000  Loss: 0.055401 Regul: 0.004971 Obj: 0.060372 (0.053463)  NNZ: 10 (9)  Ttime: 1.4381 Vtime: 0.0511
Step: 35300000  Loss: 0.060857 Regul: 0.008326 Obj: 0.069184 (0.053463)  NNZ: 13 (9)  Ttime: 1.4334 Vtime: 0.0521
Step: 35400000  Loss: 0.061507 Regul: 0.006558 Obj: 0.068065 (0.053463)  NNZ: 9 (9)  Ttime: 1.4243 Vtime: 0.0521
Step: 35500000  Loss: 0.054873 Regul: 0.004127 Obj: 0.059000 (0.053463)  NNZ: 7 (9)  Ttime: 1.4298 Vtime: 0.0512
Step: 35600000  Loss: 0.063446 Regul: 0.007791 Obj: 0.071237 (0.053463)  NNZ: 11 (9)  Ttime: 1.4364 Vtime: 0.0515
Step: 35700000  Loss: 0.060988 Regul: 0.008707 Obj: 0.069695 (0.053463)  NNZ: 11 (9)  Ttime: 1.4304 Vtime: 0.0516
Step: 35800000  Loss: 0.059850 Regul: 0.006898 Obj: 0.066748 (0.053463)  NNZ: 9 (9)  Ttime: 1.4188 Vtime: 0.0520
Step: 35900000  Loss: 0.073201 Regul: 0.011217 Obj: 0.084418 (0.053463)  NNZ: 11 (9)  Ttime: 1.4239 Vtime: 0.0513
Step: 36000000  Loss: 0.064448 Regul: 0.007677 Obj: 0.072125 (0.053463)  NNZ: 11 (9)  Ttime: 1.4317 Vtime: 0.0515
Step: 36100000  Loss: 0.078028 Regul: 0.009098 Obj: 0.087126 (0.053463)  NNZ: 11 (9)  Ttime: 1.4318 Vtime: 0.0516
Step: 36200000  Loss: 0.077831 Regul: 0.009935 Obj: 0.087766 (0.053463)  NNZ: 12 (9)  Ttime: 1.4212 Vtime: 0.0515
Step: 36300000  Loss: 0.066312 Regul: 0.006857 Obj: 0.073169 (0.053463)  NNZ: 9 (9)  Ttime: 1.4288 Vtime: 0.0514
Step: 36400000  Loss: 0.056406 Regul: 0.006078 Obj: 0.062484 (0.053463)  NNZ: 7 (9)  Ttime: 1.4369 Vtime: 0.0518
Step: 36500000  Loss: 0.065843 Regul: 0.007568 Obj: 0.073411 (0.053463)  NNZ: 13 (9)  Ttime: 1.4343 Vtime: 0.0520
Step: 36600000  Loss: 0.057715 Regul: 0.006946 Obj: 0.064661 (0.053463)  NNZ: 13 (9)  Ttime: 1.4302 Vtime: 0.0515
Step: 36700000  Loss: 0.055803 Regul: 0.007086 Obj: 0.062889 (0.053463)  NNZ: 10 (9)  Ttime: 1.4292 Vtime: 0.0511
Step: 36800000  Loss: 0.060856 Regul: 0.006398 Obj: 0.067254 (0.053463)  NNZ: 10 (9)  Ttime: 1.4236 Vtime: 0.0521
Step: 36900000  Loss: 0.059655 Regul: 0.005438 Obj: 0.065094 (0.053463)  NNZ: 9 (9)  Ttime: 1.4376 Vtime: 0.0511
Step: 37000000  Loss: 0.075542 Regul: 0.010322 Obj: 0.085865 (0.053463)  NNZ: 13 (9)  Ttime: 1.4260 Vtime: 0.0516
Step: 37100000  Loss: 0.096491 Regul: 0.014957 Obj: 0.111448 (0.053463)  NNZ: 15 (9)  Ttime: 1.4244 Vtime: 0.0515
Step: 37200000  Loss: 0.058512 Regul: 0.007178 Obj: 0.065689 (0.053463)  NNZ: 16 (9)  Ttime: 1.4254 Vtime: 0.0516
Step: 37300000  Loss: 0.086819 Regul: 0.011145 Obj: 0.097964 (0.053463)  NNZ: 14 (9)  Ttime: 1.4337 Vtime: 0.0516
Step: 37400000  Loss: 0.080324 Regul: 0.009407 Obj: 0.089731 (0.053463)  NNZ: 13 (9)  Ttime: 1.4303 Vtime: 0.0519
Step: 37500000  Loss: 0.065554 Regul: 0.008405 Obj: 0.073959 (0.053463)  NNZ: 12 (9)  Ttime: 1.4188 Vtime: 0.0520
Step: 37600000  Loss: 0.074082 Regul: 0.005526 Obj: 0.079608 (0.053463)  NNZ: 8 (9)  Ttime: 1.4287 Vtime: 0.0515
Step: 37700000  Loss: 0.058519 Regul: 0.007687 Obj: 0.066206 (0.053463)  NNZ: 12 (9)  Ttime: 1.4339 Vtime: 0.0515
Step: 37800000  Loss: 0.125726 Regul: 0.010970 Obj: 0.136696 (0.053463)  NNZ: 12 (9)  Ttime: 1.4346 Vtime: 0.0519
Step: 37900000  Loss: 0.077820 Regul: 0.008632 Obj: 0.086451 (0.053463)  NNZ: 11 (9)  Ttime: 1.4201 Vtime: 0.0516
Step: 38000000  Loss: 0.052867 Regul: 0.006021 Obj: 0.058888 (0.053463)  NNZ: 10 (9)  Ttime: 1.4296 Vtime: 0.0519
Step: 38100000  Loss: 0.063952 Regul: 0.008042 Obj: 0.071994 (0.053463)  NNZ: 11 (9)  Ttime: 1.4383 Vtime: 0.0518
Step: 38200000  Loss: 0.069908 Regul: 0.007843 Obj: 0.077751 (0.053463)  NNZ: 9 (9)  Ttime: 1.4387 Vtime: 0.0519
Step: 38300000  Loss: 0.051224 Regul: 0.003571 Obj: 0.054794 (0.053463)  NNZ: 7 (9)  Ttime: 1.4208 Vtime: 0.0511
Step: 38400000  Loss: 0.072840 Regul: 0.009496 Obj: 0.082335 (0.053463)  NNZ: 15 (9)  Ttime: 1.4236 Vtime: 0.0516
Step: 38500000  Loss: 0.083778 Regul: 0.004120 Obj: 0.087898 (0.053463)  NNZ: 6 (9)  Ttime: 1.4313 Vtime: 0.0517
Step: 38600000  Loss: 0.060664 Regul: 0.006771 Obj: 0.067435 (0.053463)  NNZ: 11 (9)  Ttime: 1.4308 Vtime: 0.0514
Step: 38700000  Loss: 0.061320 Regul: 0.007709 Obj: 0.069028 (0.053463)  NNZ: 12 (9)  Ttime: 1.4297 Vtime: 0.0514
Step: 38800000  Loss: 0.064674 Regul: 0.007927 Obj: 0.072601 (0.053463)  NNZ: 9 (9)  Ttime: 1.4265 Vtime: 0.0516
Step: 38900000  Loss: 0.082859 Regul: 0.011846 Obj: 0.094705 (0.053463)  NNZ: 16 (9)  Ttime: 1.4289 Vtime: 0.0523
Step: 39000000  Loss: 0.140439 Regul: 0.005569 Obj: 0.146007 (0.053463)  NNZ: 10 (9)  Ttime: 1.4344 Vtime: 0.0512
Step: 39100000  Loss: 0.066572 Regul: 0.007206 Obj: 0.073778 (0.053463)  NNZ: 14 (9)  Ttime: 1.4248 Vtime: 0.0518
Step: 39200000  Loss: 0.064944 Regul: 0.007913 Obj: 0.072856 (0.053463)  NNZ: 10 (9)  Ttime: 1.4226 Vtime: 0.0512
Step: 39300000  Loss: 0.075540 Regul: 0.009308 Obj: 0.084848 (0.053463)  NNZ: 13 (9)  Ttime: 1.4290 Vtime: 0.0524
Step: 39400000  Loss: 0.083053 Regul: 0.009716 Obj: 0.092769 (0.053463)  NNZ: 17 (9)  Ttime: 1.4355 Vtime: 0.0511
Step: 39500000  Loss: 0.057305 Regul: 0.006007 Obj: 0.063312 (0.053463)  NNZ: 10 (9)  Ttime: 1.4330 Vtime: 0.0517
Step: 39600000  Loss: 0.065385 Regul: 0.008479 Obj: 0.073864 (0.053463)  NNZ: 14 (9)  Ttime: 1.4278 Vtime: 0.0516
Step: 39700000  Loss: 0.105462 Regul: 0.006858 Obj: 0.112320 (0.053463)  NNZ: 15 (9)  Ttime: 1.4341 Vtime: 0.0516
Step: 39800000  Loss: 0.057867 Regul: 0.006526 Obj: 0.064393 (0.053463)  NNZ: 14 (9)  Ttime: 1.4311 Vtime: 0.0518
Step: 39900000  Loss: 0.061207 Regul: 0.003827 Obj: 0.065034 (0.053463)  NNZ: 7 (9)  Ttime: 1.4320 Vtime: 0.0517
Step: 40000000  Loss: 0.066408 Regul: 0.008861 Obj: 0.075269 (0.053463)  NNZ: 13 (9)  Ttime: 1.4248 Vtime: 0.0511
Step: 40100000  Loss: 0.080727 Regul: 0.013197 Obj: 0.093924 (0.053463)  NNZ: 19 (9)  Ttime: 1.4309 Vtime: 0.0518
Step: 40200000  Loss: 0.108830 Regul: 0.018994 Obj: 0.127824 (0.053463)  NNZ: 21 (9)  Ttime: 1.4395 Vtime: 0.0513
Step: 40300000  Loss: 0.063576 Regul: 0.006283 Obj: 0.069859 (0.053463)  NNZ: 8 (9)  Ttime: 1.4355 Vtime: 0.0521
Step: 40400000  Loss: 0.059620 Regul: 0.008057 Obj: 0.067676 (0.053463)  NNZ: 12 (9)  Ttime: 1.4249 Vtime: 0.0512
Step: 40500000  Loss: 0.059279 Regul: 0.006315 Obj: 0.065594 (0.053463)  NNZ: 15 (9)  Ttime: 1.4288 Vtime: 0.0517
Step: 40600000  Loss: 0.063586 Regul: 0.005548 Obj: 0.069134 (0.053463)  NNZ: 8 (9)  Ttime: 1.4328 Vtime: 0.0515
Step: 40700000  Loss: 0.067890 Regul: 0.009121 Obj: 0.077011 (0.053463)  NNZ: 11 (9)  Ttime: 1.4342 Vtime: 0.0518
Step: 40800000  Loss: 0.057058 Regul: 0.005839 Obj: 0.062896 (0.053463)  NNZ: 9 (9)  Ttime: 1.4210 Vtime: 0.0508
Step: 40900000  Loss: 0.072365 Regul: 0.007230 Obj: 0.079595 (0.053463)  NNZ: 9 (9)  Ttime: 1.4268 Vtime: 0.0522
Step: 41000000  Loss: 0.065591 Regul: 0.007610 Obj: 0.073201 (0.053463)  NNZ: 11 (9)  Ttime: 1.4350 Vtime: 0.0517
Step: 41100000  Loss: 0.077705 Regul: 0.009016 Obj: 0.086721 (0.053463)  NNZ: 12 (9)  Ttime: 1.4367 Vtime: 0.0519
Step: 41200000  Loss: 0.070496 Regul: 0.007944 Obj: 0.078441 (0.053463)  NNZ: 10 (9)  Ttime: 1.4217 Vtime: 0.0510
Step: 41300000  Loss: 0.076299 Regul: 0.010844 Obj: 0.087143 (0.053463)  NNZ: 14 (9)  Ttime: 1.4311 Vtime: 0.0516
Step: 41400000  Loss: 0.055786 Regul: 0.005703 Obj: 0.061489 (0.053463)  NNZ: 6 (9)  Ttime: 1.4338 Vtime: 0.0524
Step: 41500000  Loss: 0.071339 Regul: 0.005358 Obj: 0.076697 (0.053463)  NNZ: 9 (9)  Ttime: 1.4350 Vtime: 0.0516
Step: 41600000  Loss: 0.074499 Regul: 0.008000 Obj: 0.082500 (0.053463)  NNZ: 8 (9)  Ttime: 1.4230 Vtime: 0.0518
Step: 41700000  Loss: 0.060968 Regul: 0.006854 Obj: 0.067822 (0.053463)  NNZ: 10 (9)  Ttime: 1.4267 Vtime: 0.0509
Step: 41800000  Loss: 0.059919 Regul: 0.007130 Obj: 0.067049 (0.053463)  NNZ: 11 (9)  Ttime: 1.4350 Vtime: 0.0514
Step: 41900000  Loss: 0.077254 Regul: 0.013120 Obj: 0.090374 (0.053463)  NNZ: 17 (9)  Ttime: 1.4317 Vtime: 0.0524
Step: 42000000  Loss: 0.071640 Regul: 0.007916 Obj: 0.079557 (0.053463)  NNZ: 10 (9)  Ttime: 1.4296 Vtime: 0.0517
Step: 42100000  Loss: 0.060394 Regul: 0.006263 Obj: 0.066657 (0.053463)  NNZ: 12 (9)  Ttime: 1.4273 Vtime: 0.0519
Step: 42200000  Loss: 0.072302 Regul: 0.011094 Obj: 0.083396 (0.053463)  NNZ: 18 (9)  Ttime: 1.4310 Vtime: 0.0513
Step: 42300000  Loss: 0.064161 Regul: 0.006107 Obj: 0.070268 (0.053463)  NNZ: 11 (9)  Ttime: 1.4288 Vtime: 0.0523
Step: 42400000  Loss: 0.065779 Regul: 0.008782 Obj: 0.074560 (0.053463)  NNZ: 12 (9)  Ttime: 1.4290 Vtime: 0.0519
Step: 42500000  Loss: 0.088453 Regul: 0.005695 Obj: 0.094148 (0.053463)  NNZ: 12 (9)  Ttime: 1.4256 Vtime: 0.0511
Step: 42600000  Loss: 0.079593 Regul: 0.012180 Obj: 0.091774 (0.053463)  NNZ: 19 (9)  Ttime: 1.4314 Vtime: 0.0512
Step: 42700000  Loss: 0.063070 Regul: 0.006943 Obj: 0.070013 (0.053463)  NNZ: 12 (9)  Ttime: 1.4352 Vtime: 0.0518
Step: 42800000  Loss: 0.079007 Regul: 0.013522 Obj: 0.092528 (0.053463)  NNZ: 17 (9)  Ttime: 1.4305 Vtime: 0.0517
Step: 42900000  Loss: 0.074192 Regul: 0.006938 Obj: 0.081131 (0.053463)  NNZ: 8 (9)  Ttime: 1.4200 Vtime: 0.0512
Step: 43000000  Loss: 0.051521 Regul: 0.005371 Obj: 0.056892 (0.053463)  NNZ: 7 (9)  Ttime: 1.4264 Vtime: 0.0514
Step: 43100000  Loss: 0.071923 Regul: 0.007894 Obj: 0.079818 (0.053463)  NNZ: 13 (9)  Ttime: 1.4300 Vtime: 0.0511
Step: 43200000  Loss: 0.063243 Regul: 0.006838 Obj: 0.070081 (0.053463)  NNZ: 16 (9)  Ttime: 1.4281 Vtime: 0.0510
Step: 43300000  Loss: 0.061580 Regul: 0.007583 Obj: 0.069163 (0.053463)  NNZ: 9 (9)  Ttime: 1.4245 Vtime: 0.0516
Step: 43400000  Loss: 0.058698 Regul: 0.007068 Obj: 0.065766 (0.053463)  NNZ: 10 (9)  Ttime: 1.4262 Vtime: 0.0516
Step: 43500000  Loss: 0.060031 Regul: 0.007594 Obj: 0.067625 (0.053463)  NNZ: 12 (9)  Ttime: 1.4311 Vtime: 0.0520
Step: 43600000  Loss: 0.070427 Regul: 0.008888 Obj: 0.079315 (0.053463)  NNZ: 9 (9)  Ttime: 1.4290 Vtime: 0.0509
Step: 43700000  Loss: 0.070528 Regul: 0.012181 Obj: 0.082709 (0.053463)  NNZ: 15 (9)  Ttime: 1.4296 Vtime: 0.0517
Step: 43800000  Loss: 0.055058 Regul: 0.005127 Obj: 0.060185 (0.053463)  NNZ: 9 (9)  Ttime: 1.4252 Vtime: 0.0507
Step: 43900000  Loss: 0.055583 Regul: 0.007126 Obj: 0.062710 (0.053463)  NNZ: 11 (9)  Ttime: 1.4366 Vtime: 0.0518
Step: 44000000  Loss: 0.068913 Regul: 0.008146 Obj: 0.077059 (0.053463)  NNZ: 15 (9)  Ttime: 1.4309 Vtime: 0.0511
Step: 44100000  Loss: 0.069559 Regul: 0.005945 Obj: 0.075504 (0.053463)  NNZ: 8 (9)  Ttime: 1.4266 Vtime: 0.0524
Step: 44200000  Loss: 0.062393 Regul: 0.009435 Obj: 0.071828 (0.053463)  NNZ: 15 (9)  Ttime: 1.4231 Vtime: 0.0516
Step: 44300000  Loss: 0.065007 Regul: 0.007605 Obj: 0.072612 (0.053463)  NNZ: 16 (9)  Ttime: 1.4287 Vtime: 0.0513
Step: 44400000  Loss: 0.075904 Regul: 0.012673 Obj: 0.088577 (0.053463)  NNZ: 14 (9)  Ttime: 1.4334 Vtime: 0.0515
Step: 44500000  Loss: 0.053317 Regul: 0.005693 Obj: 0.059010 (0.053463)  NNZ: 7 (9)  Ttime: 1.4362 Vtime: 0.0514
Step: 44600000  Loss: 0.099767 Regul: 0.009633 Obj: 0.109399 (0.053463)  NNZ: 19 (9)  Ttime: 1.4290 Vtime: 0.0516
Step: 44700000  Loss: 0.059459 Regul: 0.007687 Obj: 0.067146 (0.053463)  NNZ: 15 (9)  Ttime: 1.4314 Vtime: 0.0511
Step: 44800000  Loss: 0.081825 Regul: 0.014111 Obj: 0.095936 (0.053463)  NNZ: 23 (9)  Ttime: 1.4282 Vtime: 0.0514
Step: 44900000  Loss: 0.067495 Regul: 0.010944 Obj: 0.078439 (0.053463)  NNZ: 16 (9)  Ttime: 1.4236 Vtime: 0.0513
Step: 45000000  Loss: 0.075886 Regul: 0.010792 Obj: 0.086678 (0.053463)  NNZ: 18 (9)  Ttime: 1.4192 Vtime: 0.0515
Step: 45100000  Loss: 0.064533 Regul: 0.004541 Obj: 0.069074 (0.053463)  NNZ: 7 (9)  Ttime: 1.4271 Vtime: 0.0512
Step: 45200000  Loss: 0.070605 Regul: 0.010131 Obj: 0.080735 (0.053463)  NNZ: 12 (9)  Ttime: 1.4327 Vtime: 0.0518
Step: 45300000  Loss: 0.096173 Regul: 0.016693 Obj: 0.112867 (0.053463)  NNZ: 20 (9)  Ttime: 1.4269 Vtime: 0.0514
Step: 45400000  Loss: 0.074622 Regul: 0.010980 Obj: 0.085602 (0.053463)  NNZ: 16 (9)  Ttime: 1.4220 Vtime: 0.0516
Step: 45500000  Loss: 0.062859 Regul: 0.009454 Obj: 0.072313 (0.053463)  NNZ: 16 (9)  Ttime: 1.4311 Vtime: 0.0515
Step: 45600000  Loss: 0.053281 Regul: 0.006003 Obj: 0.059285 (0.053463)  NNZ: 11 (9)  Ttime: 1.4348 Vtime: 0.0518
Step: 45700000  Loss: 0.070941 Regul: 0.009091 Obj: 0.080032 (0.053463)  NNZ: 14 (9)  Ttime: 1.4359 Vtime: 0.0516
Step: 45800000  Loss: 0.098431 Regul: 0.014443 Obj: 0.112874 (0.053463)  NNZ: 18 (9)  Ttime: 1.4223 Vtime: 0.0515
Step: 45900000  Loss: 0.056840 Regul: 0.004172 Obj: 0.061012 (0.053463)  NNZ: 11 (9)  Ttime: 1.4266 Vtime: 0.0521
Step: 46000000  Loss: 0.143663 Regul: 0.005762 Obj: 0.149425 (0.053463)  NNZ: 10 (9)  Ttime: 1.4371 Vtime: 0.0522
Step: 46100000  Loss: 0.087040 Regul: 0.010764 Obj: 0.097804 (0.053463)  NNZ: 15 (9)  Ttime: 1.4377 Vtime: 0.0514
Step: 46200000  Loss: 0.059482 Regul: 0.005828 Obj: 0.065310 (0.053463)  NNZ: 13 (9)  Ttime: 1.4253 Vtime: 0.0512
Step: 46300000  Loss: 0.081714 Regul: 0.007452 Obj: 0.089166 (0.053463)  NNZ: 11 (9)  Ttime: 1.4303 Vtime: 0.0507
Step: 46400000  Loss: 0.059745 Regul: 0.003848 Obj: 0.063593 (0.053463)  NNZ: 8 (9)  Ttime: 1.4362 Vtime: 0.0517
Step: 46500000  Loss: 0.066227 Regul: 0.009703 Obj: 0.075930 (0.053463)  NNZ: 19 (9)  Ttime: 1.4297 Vtime: 0.0516
Step: 46600000  Loss: 0.061268 Regul: 0.007284 Obj: 0.068551 (0.053463)  NNZ: 12 (9)  Ttime: 1.4262 Vtime: 0.0511
Step: 46700000  Loss: 0.086264 Regul: 0.008298 Obj: 0.094562 (0.053463)  NNZ: 14 (9)  Ttime: 1.4243 Vtime: 0.0512
Step: 46800000  Loss: 0.062170 Regul: 0.004680 Obj: 0.066850 (0.053463)  NNZ: 11 (9)  Ttime: 1.4372 Vtime: 0.0521
Step: 46900000  Loss: 0.077222 Regul: 0.010792 Obj: 0.088014 (0.053463)  NNZ: 20 (9)  Ttime: 1.4343 Vtime: 0.0513
Step: 47000000  Loss: 0.061340 Regul: 0.009401 Obj: 0.070741 (0.053463)  NNZ: 12 (9)  Ttime: 1.4364 Vtime: 0.0514
Step: 47100000  Loss: 0.079344 Regul: 0.014327 Obj: 0.093672 (0.053463)  NNZ: 19 (9)  Ttime: 1.4271 Vtime: 0.0514
Step: 47200000  Loss: 0.067812 Regul: 0.010348 Obj: 0.078159 (0.053463)  NNZ: 14 (9)  Ttime: 1.4311 Vtime: 0.0513
Step: 47300000  Loss: 0.080420 Regul: 0.012864 Obj: 0.093284 (0.053463)  NNZ: 18 (9)  Ttime: 1.4337 Vtime: 0.0515
Step: 47400000  Loss: 0.058399 Regul: 0.007629 Obj: 0.066029 (0.053463)  NNZ: 16 (9)  Ttime: 1.4344 Vtime: 0.0510
Step: 47500000  Loss: 0.073785 Regul: 0.003268 Obj: 0.077053 (0.053463)  NNZ: 6 (9)  Ttime: 1.4248 Vtime: 0.0516
Step: 47600000  Loss: 0.066506 Regul: 0.008145 Obj: 0.074650 (0.053463)  NNZ: 19 (9)  Ttime: 1.4289 Vtime: 0.0513
Step: 47700000  Loss: 0.071066 Regul: 0.009841 Obj: 0.080907 (0.053463)  NNZ: 12 (9)  Ttime: 1.4360 Vtime: 0.0512
Step: 47800000  Loss: 0.087268 Regul: 0.008916 Obj: 0.096184 (0.053463)  NNZ: 12 (9)  Ttime: 1.4266 Vtime: 0.0517
Step: 47900000  Loss: 0.071011 Regul: 0.010903 Obj: 0.081914 (0.053463)  NNZ: 16 (9)  Ttime: 1.4262 Vtime: 0.0508
Step: 48000000  Loss: 0.061060 Regul: 0.005266 Obj: 0.066326 (0.053463)  NNZ: 10 (9)  Ttime: 1.4276 Vtime: 0.0514
Step: 48100000  Loss: 0.054302 Regul: 0.006522 Obj: 0.060824 (0.053463)  NNZ: 11 (9)  Ttime: 1.4343 Vtime: 0.0519
Step: 48200000  Loss: 0.057625 Regul: 0.006743 Obj: 0.064368 (0.053463)  NNZ: 11 (9)  Ttime: 1.4301 Vtime: 0.0519
Step: 48300000  Loss: 0.056169 Regul: 0.005153 Obj: 0.061322 (0.053463)  NNZ: 9 (9)  Ttime: 1.4221 Vtime: 0.0509
Step: 48400000  Loss: 0.069770 Regul: 0.009802 Obj: 0.079573 (0.053463)  NNZ: 11 (9)  Ttime: 1.4332 Vtime: 0.0514
Step: 48500000  Loss: 0.056313 Regul: 0.005284 Obj: 0.061597 (0.053463)  NNZ: 11 (9)  Ttime: 1.4408 Vtime: 0.0516
Step: 48600000  Loss: 0.059502 Regul: 0.007131 Obj: 0.066634 (0.053463)  NNZ: 11 (9)  Ttime: 1.4359 Vtime: 0.0515
Step: 48700000  Loss: 0.058048 Regul: 0.003958 Obj: 0.062005 (0.053463)  NNZ: 11 (9)  Ttime: 1.4245 Vtime: 0.0513
Step: 48800000  Loss: 0.079608 Regul: 0.010204 Obj: 0.089812 (0.053463)  NNZ: 15 (9)  Ttime: 1.4335 Vtime: 0.0512
Step: 48900000  Loss: 0.070470 Regul: 0.006997 Obj: 0.077467 (0.053463)  NNZ: 11 (9)  Ttime: 1.4367 Vtime: 0.0513
Step: 49000000  Loss: 0.054910 Regul: 0.005681 Obj: 0.060591 (0.053463)  NNZ: 8 (9)  Ttime: 1.4330 Vtime: 0.0522
Step: 49100000  Loss: 0.061059 Regul: 0.008428 Obj: 0.069487 (0.053463)  NNZ: 18 (9)  Ttime: 1.4257 Vtime: 0.0508
Step: 49200000  Loss: 0.071935 Regul: 0.011422 Obj: 0.083357 (0.053463)  NNZ: 16 (9)  Ttime: 1.4273 Vtime: 0.0511
Step: 49300000  Loss: 0.086576 Regul: 0.010344 Obj: 0.096920 (0.053463)  NNZ: 15 (9)  Ttime: 1.4288 Vtime: 0.0520
Step: 49400000  Loss: 0.076477 Regul: 0.004949 Obj: 0.081426 (0.053463)  NNZ: 11 (9)  Ttime: 1.4334 Vtime: 0.0523
Step: 49500000  Loss: 0.060626 Regul: 0.008430 Obj: 0.069057 (0.053463)  NNZ: 14 (9)  Ttime: 1.4310 Vtime: 0.0508
Step: 49600000  Loss: 0.069574 Regul: 0.011564 Obj: 0.081138 (0.053463)  NNZ: 20 (9)  Ttime: 1.4253 Vtime: 0.0511
Step: 49700000  Loss: 0.072757 Regul: 0.006232 Obj: 0.078988 (0.053463)  NNZ: 8 (9)  Ttime: 1.4331 Vtime: 0.0516
Step: 49800000  Loss: 0.065079 Regul: 0.009845 Obj: 0.074924 (0.053463)  NNZ: 15 (9)  Ttime: 1.4378 Vtime: 0.0515
Step: 49900000  Loss: 0.088556 Regul: 0.005844 Obj: 0.094400 (0.053463)  NNZ: 14 (9)  Ttime: 1.4293 Vtime: 0.0514
Step: 50000000  Loss: 0.068001 Regul: 0.009309 Obj: 0.077310 (0.053463)  NNZ: 10 (9)  Ttime: 1.4257 Vtime: 0.0511
