mu: 0.035 gamma: 0.04 nIters: 50000000
Load PRParams.
Load RingParams.
Load Labels: 500000
Load Distances: 500000 x 5120
0...10...20...30...40...50...60...70...80...90...100 - done.
Positive samples #250000
Negative samples #250000
Positive train #200000
Negative train #200000
Positive valid #50000
Negative valid #50000

Found GPU: GeForce GTX 970
Compute Capability: 5.2

Best: 100000  Loss: 0.632371 Regul: 0.195271 Obj: 0.827642 (0.827642)  NNZ: 12 (12)  Ttime: 1.3881 Vtime: 0.2093
Stat: nPR #60 (#96) Dim/MaxDim [480/640] AUC: 0.959087 FPR95: 29.78 [saved]
Best: 200000  Loss: 0.116169 Regul: 0.040971 Obj: 0.157140 (0.157140)  NNZ: 5 (5)  Ttime: 1.3825 Vtime: 0.0513
Stat: nPR #32 (#40) Dim/MaxDim [256/640] AUC: 0.967884 FPR95: 21.42 [saved]
Step: 300000  Loss: 0.233264 Regul: 0.069063 Obj: 0.302328 (0.157140)  NNZ: 9 (5)  Ttime: 1.3822 Vtime: 0.0511
Step: 400000  Loss: 1.300614 Regul: 0.195339 Obj: 1.495954 (0.157140)  NNZ: 17 (5)  Ttime: 1.3829 Vtime: 0.0511
Step: 500000  Loss: 0.147307 Regul: 0.047655 Obj: 0.194962 (0.157140)  NNZ: 7 (5)  Ttime: 1.3821 Vtime: 0.0511
Step: 600000  Loss: 0.281518 Regul: 0.064615 Obj: 0.346132 (0.157140)  NNZ: 9 (5)  Ttime: 1.3822 Vtime: 0.0516
Best: 700000  Loss: 0.112793 Regul: 0.042507 Obj: 0.155300 (0.155300)  NNZ: 6 (6)  Ttime: 1.3830 Vtime: 0.0508
Stat: nPR #48 (#48) Dim/MaxDim [384/640] AUC: 0.967825 FPR95: 21.66 [saved]
Best: 800000  Loss: 0.083032 Regul: 0.046431 Obj: 0.129463 (0.129463)  NNZ: 7 (7)  Ttime: 1.3823 Vtime: 0.0521
Stat: nPR #48 (#56) Dim/MaxDim [384/640] AUC: 0.976756 FPR95: 13.59 [saved]
Step: 900000  Loss: 0.109444 Regul: 0.030215 Obj: 0.139658 (0.129463)  NNZ: 5 (7)  Ttime: 1.3828 Vtime: 0.0517
Step: 1000000  Loss: 0.091597 Regul: 0.068733 Obj: 0.160330 (0.129463)  NNZ: 11 (7)  Ttime: 1.3834 Vtime: 0.0518
Best: 1100000  Loss: 0.070328 Regul: 0.044000 Obj: 0.114328 (0.114328)  NNZ: 14 (14)  Ttime: 1.3823 Vtime: 0.0517
Stat: nPR #84 (#112) Dim/MaxDim [672/640] AUC: 0.979275 FPR95: 11.02
Best: 1200000  Loss: 0.081338 Regul: 0.025154 Obj: 0.106492 (0.106492)  NNZ: 6 (6)  Ttime: 1.3842 Vtime: 0.0510
Stat: nPR #40 (#48) Dim/MaxDim [320/640] AUC: 0.971271 FPR95: 18.09 [saved]
Step: 1300000  Loss: 0.129586 Regul: 0.028884 Obj: 0.158470 (0.106492)  NNZ: 6 (6)  Ttime: 1.3826 Vtime: 0.0511
Step: 1400000  Loss: 0.191683 Regul: 0.037346 Obj: 0.229029 (0.106492)  NNZ: 9 (6)  Ttime: 1.3804 Vtime: 0.0514
Best: 1500000  Loss: 0.085360 Regul: 0.014911 Obj: 0.100271 (0.100271)  NNZ: 4 (4)  Ttime: 1.3829 Vtime: 0.0513
Stat: nPR #32 (#32) Dim/MaxDim [256/640] AUC: 0.966213 FPR95: 22.85 [saved]
Best: 1600000  Loss: 0.062333 Regul: 0.019670 Obj: 0.082003 (0.082003)  NNZ: 5 (5)  Ttime: 1.3851 Vtime: 0.0517
Stat: nPR #36 (#40) Dim/MaxDim [288/640] AUC: 0.975679 FPR95: 14.50 [saved]
Step: 1700000  Loss: 0.080384 Regul: 0.037209 Obj: 0.117593 (0.082003)  NNZ: 9 (5)  Ttime: 1.3864 Vtime: 0.0514
Step: 1800000  Loss: 0.081189 Regul: 0.040315 Obj: 0.121504 (0.082003)  NNZ: 7 (5)  Ttime: 1.3910 Vtime: 0.0512
Step: 1900000  Loss: 0.067643 Regul: 0.024503 Obj: 0.092145 (0.082003)  NNZ: 7 (5)  Ttime: 1.3828 Vtime: 0.0519
Best: 2000000  Loss: 0.054294 Regul: 0.024417 Obj: 0.078711 (0.078711)  NNZ: 7 (7)  Ttime: 1.3831 Vtime: 0.0518
Stat: nPR #56 (#56) Dim/MaxDim [448/640] AUC: 0.979667 FPR95: 10.79 [saved]
Step: 2100000  Loss: 0.092945 Regul: 0.049710 Obj: 0.142655 (0.078711)  NNZ: 10 (7)  Ttime: 1.3777 Vtime: 0.0515
Best: 2200000  Loss: 0.054079 Regul: 0.022452 Obj: 0.076531 (0.076531)  NNZ: 5 (5)  Ttime: 1.3725 Vtime: 0.0515
Stat: nPR #36 (#40) Dim/MaxDim [288/640] AUC: 0.979483 FPR95: 10.84 [saved]
Step: 2300000  Loss: 0.083449 Regul: 0.056354 Obj: 0.139803 (0.076531)  NNZ: 10 (5)  Ttime: 1.3768 Vtime: 0.0515
Step: 2400000  Loss: 0.084532 Regul: 0.060438 Obj: 0.144970 (0.076531)  NNZ: 11 (5)  Ttime: 1.3749 Vtime: 0.0511
Step: 2500000  Loss: 0.077500 Regul: 0.047441 Obj: 0.124941 (0.076531)  NNZ: 11 (5)  Ttime: 1.3765 Vtime: 0.0516
Step: 2600000  Loss: 0.067586 Regul: 0.026165 Obj: 0.093751 (0.076531)  NNZ: 10 (5)  Ttime: 1.3746 Vtime: 0.0513
Step: 2700000  Loss: 0.125794 Regul: 0.101385 Obj: 0.227179 (0.076531)  NNZ: 14 (5)  Ttime: 1.3761 Vtime: 0.0515
Step: 2800000  Loss: 0.074719 Regul: 0.025682 Obj: 0.100401 (0.076531)  NNZ: 8 (5)  Ttime: 1.3829 Vtime: 0.0515
Step: 2900000  Loss: 0.065190 Regul: 0.020709 Obj: 0.085898 (0.076531)  NNZ: 6 (5)  Ttime: 1.3834 Vtime: 0.0518
Step: 3000000  Loss: 0.089677 Regul: 0.034551 Obj: 0.124228 (0.076531)  NNZ: 9 (5)  Ttime: 1.3811 Vtime: 0.0518
Step: 3100000  Loss: 0.090172 Regul: 0.025272 Obj: 0.115443 (0.076531)  NNZ: 7 (5)  Ttime: 1.3832 Vtime: 0.0521
Step: 3200000  Loss: 0.070741 Regul: 0.020457 Obj: 0.091197 (0.076531)  NNZ: 4 (5)  Ttime: 1.3826 Vtime: 0.0518
Step: 3300000  Loss: 0.207647 Regul: 0.016475 Obj: 0.224121 (0.076531)  NNZ: 6 (5)  Ttime: 1.3833 Vtime: 0.0518
Step: 3400000  Loss: 0.095712 Regul: 0.022700 Obj: 0.118412 (0.076531)  NNZ: 4 (5)  Ttime: 1.3816 Vtime: 0.0515
Best: 3500000  Loss: 0.054685 Regul: 0.020222 Obj: 0.074907 (0.074907)  NNZ: 6 (6)  Ttime: 1.3832 Vtime: 0.0518
Stat: nPR #40 (#48) Dim/MaxDim [320/640] AUC: 0.978979 FPR95: 11.38 [saved]
Step: 3600000  Loss: 0.062093 Regul: 0.033616 Obj: 0.095709 (0.074907)  NNZ: 9 (6)  Ttime: 1.3838 Vtime: 0.0507
Step: 3700000  Loss: 0.137441 Regul: 0.047224 Obj: 0.184664 (0.074907)  NNZ: 11 (6)  Ttime: 1.3817 Vtime: 0.0513
Step: 3800000  Loss: 0.078372 Regul: 0.038747 Obj: 0.117119 (0.074907)  NNZ: 10 (6)  Ttime: 1.3847 Vtime: 0.0516
Step: 3900000  Loss: 0.069107 Regul: 0.038033 Obj: 0.107140 (0.074907)  NNZ: 12 (6)  Ttime: 1.3821 Vtime: 0.0516
Step: 4000000  Loss: 0.084252 Regul: 0.030527 Obj: 0.114779 (0.074907)  NNZ: 9 (6)  Ttime: 1.3820 Vtime: 0.0511
Step: 4100000  Loss: 0.061463 Regul: 0.023332 Obj: 0.084795 (0.074907)  NNZ: 6 (6)  Ttime: 1.3853 Vtime: 0.0520
Step: 4200000  Loss: 0.061795 Regul: 0.023763 Obj: 0.085559 (0.074907)  NNZ: 9 (6)  Ttime: 1.3830 Vtime: 0.0513
Step: 4300000  Loss: 0.321652 Regul: 0.090119 Obj: 0.411771 (0.074907)  NNZ: 20 (6)  Ttime: 1.3827 Vtime: 0.0518
Step: 4400000  Loss: 0.094673 Regul: 0.036841 Obj: 0.131514 (0.074907)  NNZ: 15 (6)  Ttime: 1.3860 Vtime: 0.0517
Step: 4500000  Loss: 0.069327 Regul: 0.047450 Obj: 0.116777 (0.074907)  NNZ: 13 (6)  Ttime: 1.3836 Vtime: 0.0515
Step: 4600000  Loss: 0.053799 Regul: 0.021324 Obj: 0.075123 (0.074907)  NNZ: 8 (6)  Ttime: 1.3829 Vtime: 0.0516
Step: 4700000  Loss: 0.064849 Regul: 0.021700 Obj: 0.086549 (0.074907)  NNZ: 7 (6)  Ttime: 1.3858 Vtime: 0.0516
Step: 4800000  Loss: 0.066802 Regul: 0.040849 Obj: 0.107651 (0.074907)  NNZ: 13 (6)  Ttime: 1.3839 Vtime: 0.0512
Step: 4900000  Loss: 0.081196 Regul: 0.044510 Obj: 0.125706 (0.074907)  NNZ: 12 (6)  Ttime: 1.3834 Vtime: 0.0515
Step: 5000000  Loss: 0.064143 Regul: 0.017342 Obj: 0.081485 (0.074907)  NNZ: 6 (6)  Ttime: 1.3816 Vtime: 0.0509
Step: 5100000  Loss: 0.074123 Regul: 0.029040 Obj: 0.103163 (0.074907)  NNZ: 9 (6)  Ttime: 1.3829 Vtime: 0.0514
Step: 5200000  Loss: 0.088586 Regul: 0.023345 Obj: 0.111931 (0.074907)  NNZ: 6 (6)  Ttime: 1.3827 Vtime: 0.0511
Step: 5300000  Loss: 0.061555 Regul: 0.032924 Obj: 0.094479 (0.074907)  NNZ: 10 (6)  Ttime: 1.3821 Vtime: 0.0524
Step: 5400000  Loss: 0.059186 Regul: 0.036004 Obj: 0.095191 (0.074907)  NNZ: 11 (6)  Ttime: 1.3832 Vtime: 0.0512
Step: 5500000  Loss: 0.126511 Regul: 0.040204 Obj: 0.166715 (0.074907)  NNZ: 14 (6)  Ttime: 1.3827 Vtime: 0.0513
Step: 5600000  Loss: 0.057558 Regul: 0.030061 Obj: 0.087619 (0.074907)  NNZ: 14 (6)  Ttime: 1.3832 Vtime: 0.0516
Step: 5700000  Loss: 0.064520 Regul: 0.020995 Obj: 0.085515 (0.074907)  NNZ: 7 (6)  Ttime: 1.3835 Vtime: 0.0514
Step: 5800000  Loss: 0.065901 Regul: 0.026506 Obj: 0.092407 (0.074907)  NNZ: 7 (6)  Ttime: 1.3825 Vtime: 0.0518
Step: 5900000  Loss: 0.096436 Regul: 0.020217 Obj: 0.116653 (0.074907)  NNZ: 5 (6)  Ttime: 1.3846 Vtime: 0.0507
Step: 6000000  Loss: 0.067201 Regul: 0.039546 Obj: 0.106747 (0.074907)  NNZ: 11 (6)  Ttime: 1.3855 Vtime: 0.0511
Step: 6100000  Loss: 0.058543 Regul: 0.017987 Obj: 0.076530 (0.074907)  NNZ: 5 (6)  Ttime: 1.3854 Vtime: 0.0519
Step: 6200000  Loss: 0.077435 Regul: 0.034821 Obj: 0.112256 (0.074907)  NNZ: 10 (6)  Ttime: 1.3810 Vtime: 0.0517
Step: 6300000  Loss: 0.072750 Regul: 0.042024 Obj: 0.114774 (0.074907)  NNZ: 17 (6)  Ttime: 1.3851 Vtime: 0.0520
Step: 6400000  Loss: 0.073198 Regul: 0.023336 Obj: 0.096534 (0.074907)  NNZ: 8 (6)  Ttime: 1.3839 Vtime: 0.0510
Step: 6500000  Loss: 0.059655 Regul: 0.019371 Obj: 0.079027 (0.074907)  NNZ: 9 (6)  Ttime: 1.3839 Vtime: 0.0518
Step: 6600000  Loss: 0.058853 Regul: 0.022456 Obj: 0.081309 (0.074907)  NNZ: 8 (6)  Ttime: 1.3866 Vtime: 0.0518
Step: 6700000  Loss: 0.071582 Regul: 0.027087 Obj: 0.098669 (0.074907)  NNZ: 9 (6)  Ttime: 1.3853 Vtime: 0.0512
Step: 6800000  Loss: 0.069720 Regul: 0.036683 Obj: 0.106404 (0.074907)  NNZ: 13 (6)  Ttime: 1.3809 Vtime: 0.0518
Step: 6900000  Loss: 0.066168 Regul: 0.037700 Obj: 0.103868 (0.074907)  NNZ: 12 (6)  Ttime: 1.3791 Vtime: 0.0513
Step: 7000000  Loss: 0.074690 Regul: 0.046373 Obj: 0.121064 (0.074907)  NNZ: 11 (6)  Ttime: 1.3837 Vtime: 0.0513
Step: 7100000  Loss: 0.062673 Regul: 0.037657 Obj: 0.100331 (0.074907)  NNZ: 15 (6)  Ttime: 1.3826 Vtime: 0.0518
Step: 7200000  Loss: 0.058230 Regul: 0.031283 Obj: 0.089513 (0.074907)  NNZ: 13 (6)  Ttime: 1.3834 Vtime: 0.0509
Step: 7300000  Loss: 0.092171 Regul: 0.038751 Obj: 0.130922 (0.074907)  NNZ: 8 (6)  Ttime: 1.3821 Vtime: 0.0517
Step: 7400000  Loss: 0.166201 Regul: 0.074426 Obj: 0.240627 (0.074907)  NNZ: 16 (6)  Ttime: 1.3863 Vtime: 0.0511
Step: 7500000  Loss: 0.061472 Regul: 0.019576 Obj: 0.081048 (0.074907)  NNZ: 8 (6)  Ttime: 1.3839 Vtime: 0.0516
Step: 7600000  Loss: 0.075359 Regul: 0.034402 Obj: 0.109761 (0.074907)  NNZ: 14 (6)  Ttime: 1.3864 Vtime: 0.0520
Step: 7700000  Loss: 0.058362 Regul: 0.023721 Obj: 0.082082 (0.074907)  NNZ: 8 (6)  Ttime: 1.3821 Vtime: 0.0511
Step: 7800000  Loss: 0.054808 Regul: 0.026942 Obj: 0.081750 (0.074907)  NNZ: 11 (6)  Ttime: 1.3830 Vtime: 0.0514
Step: 7900000  Loss: 0.065318 Regul: 0.016415 Obj: 0.081732 (0.074907)  NNZ: 7 (6)  Ttime: 1.3850 Vtime: 0.0515
Step: 8000000  Loss: 0.069595 Regul: 0.024823 Obj: 0.094418 (0.074907)  NNZ: 10 (6)  Ttime: 1.3829 Vtime: 0.0515
Step: 8100000  Loss: 0.064023 Regul: 0.019858 Obj: 0.083881 (0.074907)  NNZ: 10 (6)  Ttime: 1.3828 Vtime: 0.0518
Step: 8200000  Loss: 0.067687 Regul: 0.032496 Obj: 0.100183 (0.074907)  NNZ: 8 (6)  Ttime: 1.3816 Vtime: 0.0517
Step: 8300000  Loss: 0.066375 Regul: 0.029916 Obj: 0.096291 (0.074907)  NNZ: 8 (6)  Ttime: 1.3839 Vtime: 0.0524
Step: 8400000  Loss: 0.084609 Regul: 0.039922 Obj: 0.124531 (0.074907)  NNZ: 13 (6)  Ttime: 1.3831 Vtime: 0.0512
Step: 8500000  Loss: 0.092112 Regul: 0.039076 Obj: 0.131188 (0.074907)  NNZ: 13 (6)  Ttime: 1.3880 Vtime: 0.0520
Step: 8600000  Loss: 0.058146 Regul: 0.026267 Obj: 0.084413 (0.074907)  NNZ: 10 (6)  Ttime: 1.3832 Vtime: 0.0514
Step: 8700000  Loss: 0.055962 Regul: 0.021772 Obj: 0.077734 (0.074907)  NNZ: 10 (6)  Ttime: 1.3841 Vtime: 0.0521
Step: 8800000  Loss: 0.058550 Regul: 0.021123 Obj: 0.079673 (0.074907)  NNZ: 8 (6)  Ttime: 1.3799 Vtime: 0.0514
Step: 8900000  Loss: 0.064016 Regul: 0.041862 Obj: 0.105877 (0.074907)  NNZ: 12 (6)  Ttime: 1.3852 Vtime: 0.0511
Best: 9000000  Loss: 0.054963 Regul: 0.019457 Obj: 0.074419 (0.074419)  NNZ: 9 (9)  Ttime: 1.3850 Vtime: 0.0519
Stat: nPR #56 (#72) Dim/MaxDim [448/640] AUC: 0.978665 FPR95: 11.66 [saved]
Step: 9100000  Loss: 0.068353 Regul: 0.026190 Obj: 0.094543 (0.074419)  NNZ: 9 (9)  Ttime: 1.3849 Vtime: 0.0514
Step: 9200000  Loss: 0.068737 Regul: 0.036641 Obj: 0.105377 (0.074419)  NNZ: 13 (9)  Ttime: 1.3828 Vtime: 0.0522
Step: 9300000  Loss: 0.078104 Regul: 0.055824 Obj: 0.133928 (0.074419)  NNZ: 14 (9)  Ttime: 1.3837 Vtime: 0.0509
Best: 9400000  Loss: 0.057012 Regul: 0.017244 Obj: 0.074256 (0.074256)  NNZ: 7 (7)  Ttime: 1.3833 Vtime: 0.0513
Stat: nPR #48 (#56) Dim/MaxDim [384/640] AUC: 0.977804 FPR95: 12.44 [saved]
Step: 9500000  Loss: 0.062429 Regul: 0.022841 Obj: 0.085270 (0.074256)  NNZ: 8 (7)  Ttime: 1.3832 Vtime: 0.0522
Step: 9600000  Loss: 0.060373 Regul: 0.036675 Obj: 0.097048 (0.074256)  NNZ: 13 (7)  Ttime: 1.3831 Vtime: 0.0513
Step: 9700000  Loss: 0.057339 Regul: 0.018944 Obj: 0.076283 (0.074256)  NNZ: 7 (7)  Ttime: 1.3821 Vtime: 0.0514
Step: 9800000  Loss: 0.143724 Regul: 0.029420 Obj: 0.173145 (0.074256)  NNZ: 10 (7)  Ttime: 1.3844 Vtime: 0.0512
Step: 9900000  Loss: 0.091062 Regul: 0.053517 Obj: 0.144579 (0.074256)  NNZ: 14 (7)  Ttime: 1.3826 Vtime: 0.0518
Step: 10000000  Loss: 0.056500 Regul: 0.023379 Obj: 0.079878 (0.074256)  NNZ: 8 (7)  Ttime: 1.3827 Vtime: 0.0510
Step: 10100000  Loss: 0.059678 Regul: 0.030574 Obj: 0.090251 (0.074256)  NNZ: 8 (7)  Ttime: 1.3865 Vtime: 0.0519
Best: 10200000  Loss: 0.053815 Regul: 0.016355 Obj: 0.070169 (0.070169)  NNZ: 9 (9)  Ttime: 1.3828 Vtime: 0.0513
Stat: nPR #52 (#72) Dim/MaxDim [416/640] AUC: 0.979286 FPR95: 11.16 [saved]
Step: 10300000  Loss: 0.078459 Regul: 0.045168 Obj: 0.123628 (0.070169)  NNZ: 12 (9)  Ttime: 1.3853 Vtime: 0.0516
Step: 10400000  Loss: 0.053991 Regul: 0.026370 Obj: 0.080361 (0.070169)  NNZ: 9 (9)  Ttime: 1.3833 Vtime: 0.0526
Step: 10500000  Loss: 0.074460 Regul: 0.034983 Obj: 0.109443 (0.070169)  NNZ: 12 (9)  Ttime: 1.3851 Vtime: 0.0520
Step: 10600000  Loss: 0.091701 Regul: 0.008152 Obj: 0.099852 (0.070169)  NNZ: 5 (9)  Ttime: 1.3843 Vtime: 0.0508
Step: 10700000  Loss: 0.065987 Regul: 0.024293 Obj: 0.090280 (0.070169)  NNZ: 9 (9)  Ttime: 1.3869 Vtime: 0.0519
Step: 10800000  Loss: 0.096624 Regul: 0.030565 Obj: 0.127189 (0.070169)  NNZ: 11 (9)  Ttime: 1.3868 Vtime: 0.0515
Step: 10900000  Loss: 0.061363 Regul: 0.021046 Obj: 0.082409 (0.070169)  NNZ: 6 (9)  Ttime: 1.3875 Vtime: 0.0517
Step: 11000000  Loss: 0.060892 Regul: 0.015193 Obj: 0.076085 (0.070169)  NNZ: 6 (9)  Ttime: 1.3850 Vtime: 0.0518
Step: 11100000  Loss: 0.056884 Regul: 0.016714 Obj: 0.073598 (0.070169)  NNZ: 8 (9)  Ttime: 1.3829 Vtime: 0.0521
Step: 11200000  Loss: 0.061749 Regul: 0.019072 Obj: 0.080821 (0.070169)  NNZ: 8 (9)  Ttime: 1.3835 Vtime: 0.0514
Step: 11300000  Loss: 0.058996 Regul: 0.013629 Obj: 0.072625 (0.070169)  NNZ: 7 (9)  Ttime: 1.3881 Vtime: 0.0512
Step: 11400000  Loss: 0.069006 Regul: 0.026600 Obj: 0.095606 (0.070169)  NNZ: 16 (9)  Ttime: 1.3813 Vtime: 0.0514
Step: 11500000  Loss: 0.092374 Regul: 0.046638 Obj: 0.139012 (0.070169)  NNZ: 10 (9)  Ttime: 1.3821 Vtime: 0.0520
Step: 11600000  Loss: 0.062030 Regul: 0.016244 Obj: 0.078274 (0.070169)  NNZ: 10 (9)  Ttime: 1.3879 Vtime: 0.0516
Step: 11700000  Loss: 0.064947 Regul: 0.026677 Obj: 0.091624 (0.070169)  NNZ: 10 (9)  Ttime: 1.3817 Vtime: 0.0513
Step: 11800000  Loss: 0.062920 Regul: 0.018688 Obj: 0.081608 (0.070169)  NNZ: 8 (9)  Ttime: 1.3830 Vtime: 0.0511
Step: 11900000  Loss: 0.086283 Regul: 0.024105 Obj: 0.110388 (0.070169)  NNZ: 9 (9)  Ttime: 1.3841 Vtime: 0.0521
Step: 12000000  Loss: 0.071584 Regul: 0.037239 Obj: 0.108822 (0.070169)  NNZ: 13 (9)  Ttime: 1.3847 Vtime: 0.0512
Step: 12100000  Loss: 0.061824 Regul: 0.018337 Obj: 0.080161 (0.070169)  NNZ: 9 (9)  Ttime: 1.3818 Vtime: 0.0516
Step: 12200000  Loss: 0.080112 Regul: 0.014543 Obj: 0.094655 (0.070169)  NNZ: 7 (9)  Ttime: 1.3929 Vtime: 0.0511
Step: 12300000  Loss: 0.058952 Regul: 0.023721 Obj: 0.082673 (0.070169)  NNZ: 8 (9)  Ttime: 1.3831 Vtime: 0.0512
Step: 12400000  Loss: 0.053526 Regul: 0.024609 Obj: 0.078135 (0.070169)  NNZ: 10 (9)  Ttime: 1.3844 Vtime: 0.0513
Step: 12500000  Loss: 0.055253 Regul: 0.018312 Obj: 0.073565 (0.070169)  NNZ: 7 (9)  Ttime: 1.3844 Vtime: 0.0513
Step: 12600000  Loss: 0.069829 Regul: 0.035342 Obj: 0.105170 (0.070169)  NNZ: 9 (9)  Ttime: 1.3846 Vtime: 0.0514
Step: 12700000  Loss: 0.114377 Regul: 0.024951 Obj: 0.139328 (0.070169)  NNZ: 11 (9)  Ttime: 1.3882 Vtime: 0.0512
Step: 12800000  Loss: 0.068285 Regul: 0.037769 Obj: 0.106054 (0.070169)  NNZ: 14 (9)  Ttime: 1.3830 Vtime: 0.0517
Step: 12900000  Loss: 0.077459 Regul: 0.031035 Obj: 0.108494 (0.070169)  NNZ: 11 (9)  Ttime: 1.3839 Vtime: 0.0524
Step: 13000000  Loss: 0.054885 Regul: 0.021140 Obj: 0.076025 (0.070169)  NNZ: 10 (9)  Ttime: 1.3837 Vtime: 0.0516
Step: 13100000  Loss: 0.061271 Regul: 0.019354 Obj: 0.080625 (0.070169)  NNZ: 9 (9)  Ttime: 1.3843 Vtime: 0.0516
Step: 13200000  Loss: 0.055113 Regul: 0.015680 Obj: 0.070793 (0.070169)  NNZ: 8 (9)  Ttime: 1.3862 Vtime: 0.0511
Step: 13300000  Loss: 0.054620 Regul: 0.023994 Obj: 0.078614 (0.070169)  NNZ: 11 (9)  Ttime: 1.3827 Vtime: 0.0510
Step: 13400000  Loss: 0.056888 Regul: 0.029796 Obj: 0.086684 (0.070169)  NNZ: 12 (9)  Ttime: 1.3848 Vtime: 0.0516
Step: 13500000  Loss: 0.084916 Regul: 0.014988 Obj: 0.099903 (0.070169)  NNZ: 6 (9)  Ttime: 1.3856 Vtime: 0.0519
Step: 13600000  Loss: 0.060628 Regul: 0.017534 Obj: 0.078163 (0.070169)  NNZ: 6 (9)  Ttime: 1.3834 Vtime: 0.0509
Step: 13700000  Loss: 0.088298 Regul: 0.025737 Obj: 0.114035 (0.070169)  NNZ: 13 (9)  Ttime: 1.3853 Vtime: 0.0517
Step: 13800000  Loss: 0.062531 Regul: 0.010220 Obj: 0.072751 (0.070169)  NNZ: 7 (9)  Ttime: 1.3861 Vtime: 0.0515
Best: 13900000  Loss: 0.050426 Regul: 0.016663 Obj: 0.067088 (0.067088)  NNZ: 10 (10)  Ttime: 1.3839 Vtime: 0.0513
Stat: nPR #68 (#80) Dim/MaxDim [544/640] AUC: 0.980537 FPR95: 9.91 [saved]
Step: 14000000  Loss: 0.055026 Regul: 0.022584 Obj: 0.077610 (0.067088)  NNZ: 8 (10)  Ttime: 1.3829 Vtime: 0.0514
Step: 14100000  Loss: 0.133449 Regul: 0.014817 Obj: 0.148266 (0.067088)  NNZ: 8 (10)  Ttime: 1.3839 Vtime: 0.0511
Step: 14200000  Loss: 0.055656 Regul: 0.026028 Obj: 0.081683 (0.067088)  NNZ: 12 (10)  Ttime: 1.3865 Vtime: 0.0517
Step: 14300000  Loss: 0.059373 Regul: 0.013270 Obj: 0.072644 (0.067088)  NNZ: 8 (10)  Ttime: 1.3848 Vtime: 0.0515
Step: 14400000  Loss: 0.063319 Regul: 0.019141 Obj: 0.082460 (0.067088)  NNZ: 8 (10)  Ttime: 1.3851 Vtime: 0.0512
Step: 14500000  Loss: 0.061325 Regul: 0.014595 Obj: 0.075920 (0.067088)  NNZ: 6 (10)  Ttime: 1.3841 Vtime: 0.0514
Step: 14600000  Loss: 0.075050 Regul: 0.018824 Obj: 0.093874 (0.067088)  NNZ: 14 (10)  Ttime: 1.3837 Vtime: 0.0521
Step: 14700000  Loss: 0.191598 Regul: 0.045442 Obj: 0.237039 (0.067088)  NNZ: 17 (10)  Ttime: 1.3826 Vtime: 0.0512
Step: 14800000  Loss: 0.055507 Regul: 0.018260 Obj: 0.073767 (0.067088)  NNZ: 7 (10)  Ttime: 1.3847 Vtime: 0.0521
Step: 14900000  Loss: 0.063517 Regul: 0.015851 Obj: 0.079368 (0.067088)  NNZ: 10 (10)  Ttime: 1.3825 Vtime: 0.0527
Step: 15000000  Loss: 0.067918 Regul: 0.031761 Obj: 0.099679 (0.067088)  NNZ: 8 (10)  Ttime: 1.3845 Vtime: 0.0515
Step: 15100000  Loss: 0.053122 Regul: 0.020004 Obj: 0.073126 (0.067088)  NNZ: 9 (10)  Ttime: 1.3828 Vtime: 0.0512
Step: 15200000  Loss: 0.065750 Regul: 0.024917 Obj: 0.090667 (0.067088)  NNZ: 10 (10)  Ttime: 1.3835 Vtime: 0.0518
Step: 15300000  Loss: 0.052290 Regul: 0.022277 Obj: 0.074566 (0.067088)  NNZ: 10 (10)  Ttime: 1.3858 Vtime: 0.0514
Step: 15400000  Loss: 0.053590 Regul: 0.015543 Obj: 0.069134 (0.067088)  NNZ: 5 (10)  Ttime: 1.3834 Vtime: 0.0516
Step: 15500000  Loss: 0.065960 Regul: 0.018004 Obj: 0.083964 (0.067088)  NNZ: 6 (10)  Ttime: 1.3824 Vtime: 0.0515
Step: 15600000  Loss: 0.065597 Regul: 0.015295 Obj: 0.080892 (0.067088)  NNZ: 6 (10)  Ttime: 1.3831 Vtime: 0.0513
Step: 15700000  Loss: 0.088571 Regul: 0.031180 Obj: 0.119751 (0.067088)  NNZ: 20 (10)  Ttime: 1.3869 Vtime: 0.0520
Step: 15800000  Loss: 0.092501 Regul: 0.010673 Obj: 0.103173 (0.067088)  NNZ: 6 (10)  Ttime: 1.3843 Vtime: 0.0514
Step: 15900000  Loss: 0.072099 Regul: 0.025430 Obj: 0.097528 (0.067088)  NNZ: 10 (10)  Ttime: 1.3850 Vtime: 0.0513
Step: 16000000  Loss: 0.073088 Regul: 0.028181 Obj: 0.101269 (0.067088)  NNZ: 10 (10)  Ttime: 1.3841 Vtime: 0.0519
Step: 16100000  Loss: 0.072013 Regul: 0.010023 Obj: 0.082036 (0.067088)  NNZ: 7 (10)  Ttime: 1.3858 Vtime: 0.0528
Step: 16200000  Loss: 0.063045 Regul: 0.030668 Obj: 0.093713 (0.067088)  NNZ: 9 (10)  Ttime: 1.3864 Vtime: 0.0510
Step: 16300000  Loss: 0.061248 Regul: 0.023900 Obj: 0.085148 (0.067088)  NNZ: 13 (10)  Ttime: 1.3857 Vtime: 0.0515
Step: 16400000  Loss: 0.074116 Regul: 0.025208 Obj: 0.099324 (0.067088)  NNZ: 9 (10)  Ttime: 1.3851 Vtime: 0.0510
Step: 16500000  Loss: 0.056888 Regul: 0.018893 Obj: 0.075781 (0.067088)  NNZ: 10 (10)  Ttime: 1.3832 Vtime: 0.0511
Step: 16600000  Loss: 0.053287 Regul: 0.025096 Obj: 0.078383 (0.067088)  NNZ: 9 (10)  Ttime: 1.3826 Vtime: 0.0517
Step: 16700000  Loss: 0.067765 Regul: 0.027703 Obj: 0.095468 (0.067088)  NNZ: 11 (10)  Ttime: 1.3855 Vtime: 0.0507
Step: 16800000  Loss: 0.059261 Regul: 0.018021 Obj: 0.077282 (0.067088)  NNZ: 7 (10)  Ttime: 1.3856 Vtime: 0.0510
Step: 16900000  Loss: 0.055556 Regul: 0.017808 Obj: 0.073364 (0.067088)  NNZ: 8 (10)  Ttime: 1.3853 Vtime: 0.0514
Step: 17000000  Loss: 0.064818 Regul: 0.009510 Obj: 0.074328 (0.067088)  NNZ: 8 (10)  Ttime: 1.3856 Vtime: 0.0511
Step: 17100000  Loss: 0.050815 Regul: 0.022781 Obj: 0.073596 (0.067088)  NNZ: 10 (10)  Ttime: 1.3846 Vtime: 0.0513
Step: 17200000  Loss: 0.062180 Regul: 0.018047 Obj: 0.080227 (0.067088)  NNZ: 8 (10)  Ttime: 1.3837 Vtime: 0.0513
Step: 17300000  Loss: 0.057532 Regul: 0.027472 Obj: 0.085004 (0.067088)  NNZ: 14 (10)  Ttime: 1.3830 Vtime: 0.0525
Step: 17400000  Loss: 0.081458 Regul: 0.036940 Obj: 0.118397 (0.067088)  NNZ: 20 (10)  Ttime: 1.3865 Vtime: 0.0522
Step: 17500000  Loss: 0.052460 Regul: 0.023909 Obj: 0.076369 (0.067088)  NNZ: 13 (10)  Ttime: 1.3859 Vtime: 0.0514
Step: 17600000  Loss: 0.074406 Regul: 0.020234 Obj: 0.094640 (0.067088)  NNZ: 9 (10)  Ttime: 1.3828 Vtime: 0.0516
Step: 17700000  Loss: 0.053606 Regul: 0.019781 Obj: 0.073387 (0.067088)  NNZ: 9 (10)  Ttime: 1.3873 Vtime: 0.0511
Step: 17800000  Loss: 0.068294 Regul: 0.026934 Obj: 0.095227 (0.067088)  NNZ: 14 (10)  Ttime: 1.3862 Vtime: 0.0515
Step: 17900000  Loss: 0.072252 Regul: 0.019124 Obj: 0.091376 (0.067088)  NNZ: 11 (10)  Ttime: 1.3849 Vtime: 0.0512
Step: 18000000  Loss: 0.095692 Regul: 0.024362 Obj: 0.120053 (0.067088)  NNZ: 17 (10)  Ttime: 1.3849 Vtime: 0.0513
Step: 18100000  Loss: 0.054805 Regul: 0.019329 Obj: 0.074134 (0.067088)  NNZ: 12 (10)  Ttime: 1.3872 Vtime: 0.0513
Step: 18200000  Loss: 0.061827 Regul: 0.037888 Obj: 0.099715 (0.067088)  NNZ: 17 (10)  Ttime: 1.3847 Vtime: 0.0510
Step: 18300000  Loss: 0.166648 Regul: 0.041545 Obj: 0.208194 (0.067088)  NNZ: 14 (10)  Ttime: 1.3836 Vtime: 0.0518
Step: 18400000  Loss: 0.057585 Regul: 0.012561 Obj: 0.070146 (0.067088)  NNZ: 7 (10)  Ttime: 1.3867 Vtime: 0.0515
Step: 18500000  Loss: 0.053759 Regul: 0.024242 Obj: 0.078001 (0.067088)  NNZ: 11 (10)  Ttime: 1.3831 Vtime: 0.0520
Step: 18600000  Loss: 0.118723 Regul: 0.033539 Obj: 0.152262 (0.067088)  NNZ: 14 (10)  Ttime: 1.3851 Vtime: 0.0520
Step: 18700000  Loss: 0.072395 Regul: 0.020858 Obj: 0.093253 (0.067088)  NNZ: 13 (10)  Ttime: 1.3831 Vtime: 0.0518
Step: 18800000  Loss: 0.061923 Regul: 0.026002 Obj: 0.087926 (0.067088)  NNZ: 11 (10)  Ttime: 1.3863 Vtime: 0.0512
Step: 18900000  Loss: 0.057429 Regul: 0.015748 Obj: 0.073177 (0.067088)  NNZ: 9 (10)  Ttime: 1.3858 Vtime: 0.0516
Step: 19000000  Loss: 0.060738 Regul: 0.020422 Obj: 0.081160 (0.067088)  NNZ: 11 (10)  Ttime: 1.3859 Vtime: 0.0516
Step: 19100000  Loss: 0.079496 Regul: 0.038503 Obj: 0.117999 (0.067088)  NNZ: 12 (10)  Ttime: 1.3854 Vtime: 0.0504
Step: 19200000  Loss: 0.063848 Regul: 0.021764 Obj: 0.085612 (0.067088)  NNZ: 15 (10)  Ttime: 1.3829 Vtime: 0.0509
Step: 19300000  Loss: 0.065125 Regul: 0.035248 Obj: 0.100373 (0.067088)  NNZ: 14 (10)  Ttime: 1.3860 Vtime: 0.0513
Step: 19400000  Loss: 0.062787 Regul: 0.011689 Obj: 0.074476 (0.067088)  NNZ: 8 (10)  Ttime: 1.3836 Vtime: 0.0516
Step: 19500000  Loss: 0.089437 Regul: 0.017799 Obj: 0.107236 (0.067088)  NNZ: 9 (10)  Ttime: 1.3829 Vtime: 0.0521
Step: 19600000  Loss: 0.056032 Regul: 0.020610 Obj: 0.076643 (0.067088)  NNZ: 10 (10)  Ttime: 1.3840 Vtime: 0.0515
Step: 19700000  Loss: 0.057908 Regul: 0.023387 Obj: 0.081296 (0.067088)  NNZ: 11 (10)  Ttime: 1.3843 Vtime: 0.0514
Step: 19800000  Loss: 0.055945 Regul: 0.021149 Obj: 0.077093 (0.067088)  NNZ: 9 (10)  Ttime: 1.3836 Vtime: 0.0526
Step: 19900000  Loss: 0.065286 Regul: 0.022516 Obj: 0.087801 (0.067088)  NNZ: 10 (10)  Ttime: 1.3842 Vtime: 0.0524
Step: 20000000  Loss: 0.054774 Regul: 0.015800 Obj: 0.070574 (0.067088)  NNZ: 8 (10)  Ttime: 1.3862 Vtime: 0.0514
Step: 20100000  Loss: 0.054887 Regul: 0.014954 Obj: 0.069841 (0.067088)  NNZ: 8 (10)  Ttime: 1.3854 Vtime: 0.0517
Step: 20200000  Loss: 0.056763 Regul: 0.015201 Obj: 0.071964 (0.067088)  NNZ: 12 (10)  Ttime: 1.3856 Vtime: 0.0511
Step: 20300000  Loss: 0.056462 Regul: 0.018312 Obj: 0.074774 (0.067088)  NNZ: 8 (10)  Ttime: 1.3851 Vtime: 0.0518
Step: 20400000  Loss: 0.093220 Regul: 0.014825 Obj: 0.108046 (0.067088)  NNZ: 8 (10)  Ttime: 1.3837 Vtime: 0.0519
Step: 20500000  Loss: 0.065953 Regul: 0.015133 Obj: 0.081086 (0.067088)  NNZ: 9 (10)  Ttime: 1.3866 Vtime: 0.0525
Step: 20600000  Loss: 0.082806 Regul: 0.009032 Obj: 0.091838 (0.067088)  NNZ: 7 (10)  Ttime: 1.3861 Vtime: 0.0518
Step: 20700000  Loss: 0.060261 Regul: 0.015911 Obj: 0.076172 (0.067088)  NNZ: 8 (10)  Ttime: 1.3845 Vtime: 0.0517
Step: 20800000  Loss: 0.059998 Regul: 0.019320 Obj: 0.079318 (0.067088)  NNZ: 9 (10)  Ttime: 1.3861 Vtime: 0.0515
Step: 20900000  Loss: 0.072540 Regul: 0.010903 Obj: 0.083444 (0.067088)  NNZ: 9 (10)  Ttime: 1.3841 Vtime: 0.0512
Step: 21000000  Loss: 0.064077 Regul: 0.014108 Obj: 0.078185 (0.067088)  NNZ: 6 (10)  Ttime: 1.3903 Vtime: 0.0516
Step: 21100000  Loss: 0.069700 Regul: 0.024797 Obj: 0.094497 (0.067088)  NNZ: 14 (10)  Ttime: 1.3846 Vtime: 0.0514
Step: 21200000  Loss: 0.098318 Regul: 0.026464 Obj: 0.124781 (0.067088)  NNZ: 11 (10)  Ttime: 1.3839 Vtime: 0.0516
Step: 21300000  Loss: 0.055329 Regul: 0.020012 Obj: 0.075341 (0.067088)  NNZ: 13 (10)  Ttime: 1.3858 Vtime: 0.0516
Step: 21400000  Loss: 0.063949 Regul: 0.018705 Obj: 0.082654 (0.067088)  NNZ: 8 (10)  Ttime: 1.3854 Vtime: 0.0525
Step: 21500000  Loss: 0.054595 Regul: 0.019047 Obj: 0.073642 (0.067088)  NNZ: 10 (10)  Ttime: 1.3854 Vtime: 0.0514
Step: 21600000  Loss: 0.057369 Regul: 0.015774 Obj: 0.073143 (0.067088)  NNZ: 10 (10)  Ttime: 1.3855 Vtime: 0.0516
Step: 21700000  Loss: 0.067335 Regul: 0.020619 Obj: 0.087954 (0.067088)  NNZ: 12 (10)  Ttime: 1.3842 Vtime: 0.0514
Step: 21800000  Loss: 0.051177 Regul: 0.019252 Obj: 0.070428 (0.067088)  NNZ: 10 (10)  Ttime: 1.3844 Vtime: 0.0519
Step: 21900000  Loss: 0.055307 Regul: 0.019764 Obj: 0.075071 (0.067088)  NNZ: 9 (10)  Ttime: 1.3850 Vtime: 0.0513
Step: 22000000  Loss: 0.072763 Regul: 0.012065 Obj: 0.084829 (0.067088)  NNZ: 8 (10)  Ttime: 1.3893 Vtime: 0.0516
Step: 22100000  Loss: 0.224197 Regul: 0.010596 Obj: 0.234792 (0.067088)  NNZ: 4 (10)  Ttime: 1.3921 Vtime: 0.0519
Step: 22200000  Loss: 0.056794 Regul: 0.018457 Obj: 0.075251 (0.067088)  NNZ: 10 (10)  Ttime: 1.3887 Vtime: 0.0513
Step: 22300000  Loss: 0.054997 Regul: 0.021106 Obj: 0.076103 (0.067088)  NNZ: 10 (10)  Ttime: 1.3854 Vtime: 0.0515
Step: 22400000  Loss: 0.073099 Regul: 0.015022 Obj: 0.088121 (0.067088)  NNZ: 8 (10)  Ttime: 1.3851 Vtime: 0.0518
Step: 22500000  Loss: 0.061917 Regul: 0.012766 Obj: 0.074683 (0.067088)  NNZ: 10 (10)  Ttime: 1.3839 Vtime: 0.0513
Step: 22600000  Loss: 0.057648 Regul: 0.015671 Obj: 0.073319 (0.067088)  NNZ: 8 (10)  Ttime: 1.3850 Vtime: 0.0518
Step: 22700000  Loss: 0.078185 Regul: 0.014082 Obj: 0.092267 (0.067088)  NNZ: 9 (10)  Ttime: 1.3858 Vtime: 0.0515
Step: 22800000  Loss: 0.071609 Regul: 0.013279 Obj: 0.084887 (0.067088)  NNZ: 9 (10)  Ttime: 1.3837 Vtime: 0.0515
Step: 22900000  Loss: 0.081396 Regul: 0.009929 Obj: 0.091325 (0.067088)  NNZ: 8 (10)  Ttime: 1.3847 Vtime: 0.0519
Step: 23000000  Loss: 0.069023 Regul: 0.009536 Obj: 0.078560 (0.067088)  NNZ: 7 (10)  Ttime: 1.3873 Vtime: 0.0511
Step: 23100000  Loss: 0.071502 Regul: 0.011484 Obj: 0.082987 (0.067088)  NNZ: 8 (10)  Ttime: 1.3858 Vtime: 0.0515
Step: 23200000  Loss: 0.104928 Regul: 0.015466 Obj: 0.120394 (0.067088)  NNZ: 7 (10)  Ttime: 1.3846 Vtime: 0.0515
Step: 23300000  Loss: 0.079260 Regul: 0.024268 Obj: 0.103528 (0.067088)  NNZ: 10 (10)  Ttime: 1.3844 Vtime: 0.0515
Step: 23400000  Loss: 0.069585 Regul: 0.017979 Obj: 0.087563 (0.067088)  NNZ: 10 (10)  Ttime: 1.3851 Vtime: 0.0512
Step: 23500000  Loss: 0.062937 Regul: 0.023054 Obj: 0.085991 (0.067088)  NNZ: 14 (10)  Ttime: 1.3885 Vtime: 0.0515
Step: 23600000  Loss: 0.104606 Regul: 0.023362 Obj: 0.127968 (0.067088)  NNZ: 10 (10)  Ttime: 1.3843 Vtime: 0.0509
Step: 23700000  Loss: 0.055807 Regul: 0.015688 Obj: 0.071495 (0.067088)  NNZ: 9 (10)  Ttime: 1.3867 Vtime: 0.0516
Step: 23800000  Loss: 0.063704 Regul: 0.017534 Obj: 0.081238 (0.067088)  NNZ: 9 (10)  Ttime: 1.3865 Vtime: 0.0512
Step: 23900000  Loss: 0.053335 Regul: 0.019653 Obj: 0.072988 (0.067088)  NNZ: 11 (10)  Ttime: 1.3848 Vtime: 0.0512
Step: 24000000  Loss: 0.053690 Regul: 0.024626 Obj: 0.078316 (0.067088)  NNZ: 12 (10)  Ttime: 1.3847 Vtime: 0.0514
Step: 24100000  Loss: 0.064584 Regul: 0.014543 Obj: 0.079128 (0.067088)  NNZ: 8 (10)  Ttime: 1.3849 Vtime: 0.0517
Step: 24200000  Loss: 0.073598 Regul: 0.022952 Obj: 0.096550 (0.067088)  NNZ: 10 (10)  Ttime: 1.3924 Vtime: 0.0513
Step: 24300000  Loss: 0.062806 Regul: 0.014954 Obj: 0.077759 (0.067088)  NNZ: 8 (10)  Ttime: 1.3855 Vtime: 0.0514
Step: 24400000  Loss: 0.061743 Regul: 0.022542 Obj: 0.084285 (0.067088)  NNZ: 11 (10)  Ttime: 1.3849 Vtime: 0.0515
Step: 24500000  Loss: 0.056624 Regul: 0.018286 Obj: 0.074910 (0.067088)  NNZ: 10 (10)  Ttime: 1.3832 Vtime: 0.0512
Step: 24600000  Loss: 0.063960 Regul: 0.021021 Obj: 0.084981 (0.067088)  NNZ: 12 (10)  Ttime: 1.3924 Vtime: 0.0519
Step: 24700000  Loss: 0.080397 Regul: 0.026677 Obj: 0.107074 (0.067088)  NNZ: 14 (10)  Ttime: 1.3844 Vtime: 0.0516
Step: 24800000  Loss: 0.057764 Regul: 0.017739 Obj: 0.075503 (0.067088)  NNZ: 9 (10)  Ttime: 1.3871 Vtime: 0.0511
Step: 24900000  Loss: 0.063682 Regul: 0.023345 Obj: 0.087026 (0.067088)  NNZ: 15 (10)  Ttime: 1.3846 Vtime: 0.0520
Step: 25000000  Loss: 0.055494 Regul: 0.023669 Obj: 0.079163 (0.067088)  NNZ: 13 (10)  Ttime: 1.3866 Vtime: 0.0517
Step: 25100000  Loss: 0.060797 Regul: 0.023909 Obj: 0.084706 (0.067088)  NNZ: 9 (10)  Ttime: 1.3872 Vtime: 0.0517
Step: 25200000  Loss: 0.076942 Regul: 0.018611 Obj: 0.095553 (0.067088)  NNZ: 11 (10)  Ttime: 1.3862 Vtime: 0.0517
Best: 25300000  Loss: 0.052872 Regul: 0.014099 Obj: 0.066971 (0.066971)  NNZ: 10 (10)  Ttime: 1.3872 Vtime: 0.0512
Stat: nPR #68 (#80) Dim/MaxDim [544/640] AUC: 0.980165 FPR95: 10.02 [saved]
Step: 25400000  Loss: 0.067242 Regul: 0.014082 Obj: 0.081324 (0.066971)  NNZ: 11 (10)  Ttime: 1.3873 Vtime: 0.0513
Step: 25500000  Loss: 0.064661 Regul: 0.015535 Obj: 0.080196 (0.066971)  NNZ: 9 (10)  Ttime: 1.3844 Vtime: 0.0513
Step: 25600000  Loss: 0.071880 Regul: 0.016030 Obj: 0.087911 (0.066971)  NNZ: 9 (10)  Ttime: 1.3846 Vtime: 0.0518
Step: 25700000  Loss: 0.108180 Regul: 0.009827 Obj: 0.118007 (0.066971)  NNZ: 5 (10)  Ttime: 1.3871 Vtime: 0.0514
Step: 25800000  Loss: 0.057198 Regul: 0.016782 Obj: 0.073981 (0.066971)  NNZ: 9 (10)  Ttime: 1.3850 Vtime: 0.0526
Step: 25900000  Loss: 0.069246 Regul: 0.027822 Obj: 0.097069 (0.066971)  NNZ: 16 (10)  Ttime: 1.3866 Vtime: 0.0512
Step: 26000000  Loss: 0.069118 Regul: 0.012886 Obj: 0.082004 (0.066971)  NNZ: 6 (10)  Ttime: 1.3854 Vtime: 0.0523
Step: 26100000  Loss: 0.054584 Regul: 0.018850 Obj: 0.073434 (0.066971)  NNZ: 8 (10)  Ttime: 1.3930 Vtime: 0.0512
Step: 26200000  Loss: 0.053687 Regul: 0.015415 Obj: 0.069102 (0.066971)  NNZ: 9 (10)  Ttime: 1.3836 Vtime: 0.0518
Step: 26300000  Loss: 0.093495 Regul: 0.016611 Obj: 0.110106 (0.066971)  NNZ: 9 (10)  Ttime: 1.3852 Vtime: 0.0508
Step: 26400000  Loss: 0.073511 Regul: 0.008528 Obj: 0.082039 (0.066971)  NNZ: 4 (10)  Ttime: 1.3893 Vtime: 0.0514
Step: 26500000  Loss: 0.098024 Regul: 0.026643 Obj: 0.124667 (0.066971)  NNZ: 13 (10)  Ttime: 1.3845 Vtime: 0.0517
Step: 26600000  Loss: 0.053238 Regul: 0.018354 Obj: 0.071592 (0.066971)  NNZ: 9 (10)  Ttime: 1.3847 Vtime: 0.0512
Step: 26700000  Loss: 0.054841 Regul: 0.019397 Obj: 0.074238 (0.066971)  NNZ: 10 (10)  Ttime: 1.3889 Vtime: 0.0513
Step: 26800000  Loss: 0.062089 Regul: 0.029377 Obj: 0.091466 (0.066971)  NNZ: 13 (10)  Ttime: 1.3859 Vtime: 0.0510
Step: 26900000  Loss: 0.053603 Regul: 0.016987 Obj: 0.070591 (0.066971)  NNZ: 8 (10)  Ttime: 1.3865 Vtime: 0.0516
Step: 27000000  Loss: 0.067554 Regul: 0.012612 Obj: 0.080166 (0.066971)  NNZ: 9 (10)  Ttime: 1.3868 Vtime: 0.0513
Step: 27100000  Loss: 0.054384 Regul: 0.025156 Obj: 0.079540 (0.066971)  NNZ: 12 (10)  Ttime: 1.3839 Vtime: 0.0519
Step: 27200000  Loss: 0.086023 Regul: 0.009023 Obj: 0.095046 (0.066971)  NNZ: 6 (10)  Ttime: 1.3872 Vtime: 0.0518
Step: 27300000  Loss: 0.072330 Regul: 0.008955 Obj: 0.081285 (0.066971)  NNZ: 8 (10)  Ttime: 1.3878 Vtime: 0.0519
Step: 27400000  Loss: 0.083574 Regul: 0.008596 Obj: 0.092170 (0.066971)  NNZ: 8 (10)  Ttime: 1.3861 Vtime: 0.0516
Step: 27500000  Loss: 0.056321 Regul: 0.014219 Obj: 0.070540 (0.066971)  NNZ: 9 (10)  Ttime: 1.3866 Vtime: 0.0513
Step: 27600000  Loss: 0.078541 Regul: 0.012783 Obj: 0.091324 (0.066971)  NNZ: 4 (10)  Ttime: 1.3866 Vtime: 0.0511
Step: 27700000  Loss: 0.092116 Regul: 0.012681 Obj: 0.104797 (0.066971)  NNZ: 5 (10)  Ttime: 1.3846 Vtime: 0.0511
Step: 27800000  Loss: 0.070711 Regul: 0.012424 Obj: 0.083135 (0.066971)  NNZ: 7 (10)  Ttime: 1.3862 Vtime: 0.0509
Step: 27900000  Loss: 0.058790 Regul: 0.015244 Obj: 0.074034 (0.066971)  NNZ: 9 (10)  Ttime: 1.3863 Vtime: 0.0514
Step: 28000000  Loss: 0.053522 Regul: 0.015723 Obj: 0.069245 (0.066971)  NNZ: 9 (10)  Ttime: 1.3882 Vtime: 0.0515
Step: 28100000  Loss: 0.055287 Regul: 0.014766 Obj: 0.070052 (0.066971)  NNZ: 8 (10)  Ttime: 1.3856 Vtime: 0.0518
Step: 28200000  Loss: 0.057225 Regul: 0.022319 Obj: 0.079545 (0.066971)  NNZ: 11 (10)  Ttime: 1.3873 Vtime: 0.0515
Step: 28300000  Loss: 0.056042 Regul: 0.015654 Obj: 0.071696 (0.066971)  NNZ: 8 (10)  Ttime: 1.3858 Vtime: 0.0514
Step: 28400000  Loss: 0.076147 Regul: 0.010647 Obj: 0.086794 (0.066971)  NNZ: 7 (10)  Ttime: 1.3856 Vtime: 0.0518
Step: 28500000  Loss: 0.073335 Regul: 0.026096 Obj: 0.099431 (0.066971)  NNZ: 11 (10)  Ttime: 1.3862 Vtime: 0.0508
Step: 28600000  Loss: 0.069915 Regul: 0.009707 Obj: 0.079622 (0.066971)  NNZ: 8 (10)  Ttime: 1.3883 Vtime: 0.0526
Step: 28700000  Loss: 0.099748 Regul: 0.021550 Obj: 0.121298 (0.066971)  NNZ: 15 (10)  Ttime: 1.3846 Vtime: 0.0515
Step: 28800000  Loss: 0.053786 Regul: 0.022952 Obj: 0.076738 (0.066971)  NNZ: 12 (10)  Ttime: 1.4036 Vtime: 0.0514
Step: 28900000  Loss: 0.058343 Regul: 0.017039 Obj: 0.075381 (0.066971)  NNZ: 11 (10)  Ttime: 1.3842 Vtime: 0.0515
Step: 29000000  Loss: 0.061876 Regul: 0.014304 Obj: 0.076180 (0.066971)  NNZ: 9 (10)  Ttime: 1.3847 Vtime: 0.0527
Step: 29100000  Loss: 0.108609 Regul: 0.008220 Obj: 0.116829 (0.066971)  NNZ: 5 (10)  Ttime: 1.3875 Vtime: 0.0514
Step: 29200000  Loss: 0.090793 Regul: 0.019192 Obj: 0.109985 (0.066971)  NNZ: 15 (10)  Ttime: 1.3849 Vtime: 0.0513
Step: 29300000  Loss: 0.065296 Regul: 0.015432 Obj: 0.080729 (0.066971)  NNZ: 10 (10)  Ttime: 1.3886 Vtime: 0.0509
Step: 29400000  Loss: 0.077710 Regul: 0.017517 Obj: 0.095227 (0.066971)  NNZ: 8 (10)  Ttime: 1.3868 Vtime: 0.0523
Step: 29500000  Loss: 0.055173 Regul: 0.017551 Obj: 0.072725 (0.066971)  NNZ: 12 (10)  Ttime: 1.3879 Vtime: 0.0518
Step: 29600000  Loss: 0.067604 Regul: 0.018303 Obj: 0.085907 (0.066971)  NNZ: 8 (10)  Ttime: 1.3871 Vtime: 0.0512
Step: 29700000  Loss: 0.092504 Regul: 0.007400 Obj: 0.099904 (0.066971)  NNZ: 6 (10)  Ttime: 1.3872 Vtime: 0.0520
Step: 29800000  Loss: 0.059951 Regul: 0.013501 Obj: 0.073452 (0.066971)  NNZ: 7 (10)  Ttime: 1.3849 Vtime: 0.0518
Step: 29900000  Loss: 0.092143 Regul: 0.006819 Obj: 0.098962 (0.066971)  NNZ: 4 (10)  Ttime: 1.3855 Vtime: 0.0516
Step: 30000000  Loss: 0.057323 Regul: 0.011860 Obj: 0.069184 (0.066971)  NNZ: 11 (10)  Ttime: 1.3841 Vtime: 0.0514
Step: 30100000  Loss: 0.054163 Regul: 0.015603 Obj: 0.069766 (0.066971)  NNZ: 10 (10)  Ttime: 1.3851 Vtime: 0.0515
Step: 30200000  Loss: 0.075961 Regul: 0.016099 Obj: 0.092060 (0.066971)  NNZ: 9 (10)  Ttime: 1.3867 Vtime: 0.0510
Step: 30300000  Loss: 0.061649 Regul: 0.016082 Obj: 0.077731 (0.066971)  NNZ: 8 (10)  Ttime: 1.3871 Vtime: 0.0517
Step: 30400000  Loss: 0.057225 Regul: 0.017141 Obj: 0.074366 (0.066971)  NNZ: 14 (10)  Ttime: 1.3856 Vtime: 0.0526
Step: 30500000  Loss: 0.063422 Regul: 0.023362 Obj: 0.086783 (0.066971)  NNZ: 9 (10)  Ttime: 1.3855 Vtime: 0.0515
Step: 30600000  Loss: 0.060098 Regul: 0.011980 Obj: 0.072078 (0.066971)  NNZ: 7 (10)  Ttime: 1.3854 Vtime: 0.0520
Step: 30700000  Loss: 0.065589 Regul: 0.016492 Obj: 0.082080 (0.066971)  NNZ: 7 (10)  Ttime: 1.3895 Vtime: 0.0512
Step: 30800000  Loss: 0.056395 Regul: 0.014270 Obj: 0.070665 (0.066971)  NNZ: 7 (10)  Ttime: 1.4078 Vtime: 0.0512
Step: 30900000  Loss: 0.070361 Regul: 0.012014 Obj: 0.082375 (0.066971)  NNZ: 11 (10)  Ttime: 1.3870 Vtime: 0.0509
Step: 31000000  Loss: 0.051178 Regul: 0.018850 Obj: 0.070028 (0.066971)  NNZ: 13 (10)  Ttime: 1.3865 Vtime: 0.0513
Step: 31100000  Loss: 0.051727 Regul: 0.016270 Obj: 0.067997 (0.066971)  NNZ: 12 (10)  Ttime: 1.3864 Vtime: 0.0511
Step: 31200000  Loss: 0.055726 Regul: 0.013159 Obj: 0.068885 (0.066971)  NNZ: 6 (10)  Ttime: 1.3845 Vtime: 0.0514
Step: 31300000  Loss: 0.049338 Regul: 0.021208 Obj: 0.070547 (0.066971)  NNZ: 10 (10)  Ttime: 1.3859 Vtime: 0.0510
Step: 31400000  Loss: 0.060693 Regul: 0.022644 Obj: 0.083337 (0.066971)  NNZ: 11 (10)  Ttime: 1.3861 Vtime: 0.0512
Step: 31500000  Loss: 0.076216 Regul: 0.010100 Obj: 0.086317 (0.066971)  NNZ: 4 (10)  Ttime: 1.3861 Vtime: 0.0515
Step: 31600000  Loss: 0.061721 Regul: 0.013809 Obj: 0.075529 (0.066971)  NNZ: 9 (10)  Ttime: 1.3848 Vtime: 0.0519
Step: 31700000  Loss: 0.096910 Regul: 0.007417 Obj: 0.104327 (0.066971)  NNZ: 5 (10)  Ttime: 1.3858 Vtime: 0.0512
Step: 31800000  Loss: 0.089407 Regul: 0.007656 Obj: 0.097063 (0.066971)  NNZ: 6 (10)  Ttime: 1.3865 Vtime: 0.0515
Step: 31900000  Loss: 0.067399 Regul: 0.009844 Obj: 0.077243 (0.066971)  NNZ: 7 (10)  Ttime: 1.3888 Vtime: 0.0520
Step: 32000000  Loss: 0.061391 Regul: 0.014424 Obj: 0.075815 (0.066971)  NNZ: 9 (10)  Ttime: 1.3877 Vtime: 0.0513
Step: 32100000  Loss: 0.057715 Regul: 0.012971 Obj: 0.070686 (0.066971)  NNZ: 8 (10)  Ttime: 1.3882 Vtime: 0.0519
Step: 32200000  Loss: 0.064980 Regul: 0.015654 Obj: 0.080635 (0.066971)  NNZ: 9 (10)  Ttime: 1.3857 Vtime: 0.0518
Step: 32300000  Loss: 0.059660 Regul: 0.012629 Obj: 0.072289 (0.066971)  NNZ: 7 (10)  Ttime: 1.3870 Vtime: 0.0518
Step: 32400000  Loss: 0.053956 Regul: 0.018560 Obj: 0.072515 (0.066971)  NNZ: 13 (10)  Ttime: 1.3901 Vtime: 0.0511
Step: 32500000  Loss: 0.120190 Regul: 0.021670 Obj: 0.141860 (0.066971)  NNZ: 11 (10)  Ttime: 1.3886 Vtime: 0.0510
Step: 32600000  Loss: 0.088458 Regul: 0.012817 Obj: 0.101276 (0.066971)  NNZ: 11 (10)  Ttime: 1.3838 Vtime: 0.0511
Step: 32700000  Loss: 0.071727 Regul: 0.023687 Obj: 0.095414 (0.066971)  NNZ: 16 (10)  Ttime: 1.3866 Vtime: 0.0516
Step: 32800000  Loss: 0.075506 Regul: 0.011570 Obj: 0.087076 (0.066971)  NNZ: 5 (10)  Ttime: 1.3863 Vtime: 0.0512
Step: 32900000  Loss: 0.065487 Regul: 0.012493 Obj: 0.077979 (0.066971)  NNZ: 9 (10)  Ttime: 1.3865 Vtime: 0.0518
Step: 33000000  Loss: 0.069822 Regul: 0.011587 Obj: 0.081409 (0.066971)  NNZ: 8 (10)  Ttime: 1.3889 Vtime: 0.0512
Step: 33100000  Loss: 0.059444 Regul: 0.016030 Obj: 0.075474 (0.066971)  NNZ: 11 (10)  Ttime: 1.3860 Vtime: 0.0516
Step: 33200000  Loss: 0.060510 Regul: 0.029343 Obj: 0.089853 (0.066971)  NNZ: 13 (10)  Ttime: 1.3881 Vtime: 0.0515
Step: 33300000  Loss: 0.079438 Regul: 0.007844 Obj: 0.087283 (0.066971)  NNZ: 6 (10)  Ttime: 1.3893 Vtime: 0.0524
Step: 33400000  Loss: 0.094428 Regul: 0.014475 Obj: 0.108903 (0.066971)  NNZ: 8 (10)  Ttime: 1.3856 Vtime: 0.0520
Step: 33500000  Loss: 0.071166 Regul: 0.013022 Obj: 0.084188 (0.066971)  NNZ: 12 (10)  Ttime: 1.3859 Vtime: 0.0519
Step: 33600000  Loss: 0.083827 Regul: 0.050227 Obj: 0.134054 (0.066971)  NNZ: 14 (10)  Ttime: 1.3854 Vtime: 0.0521
Step: 33700000  Loss: 0.066298 Regul: 0.036897 Obj: 0.103195 (0.066971)  NNZ: 13 (10)  Ttime: 1.3809 Vtime: 0.0514
Step: 33800000  Loss: 0.058525 Regul: 0.025583 Obj: 0.084109 (0.066971)  NNZ: 15 (10)  Ttime: 1.3840 Vtime: 0.0515
Step: 33900000  Loss: 0.096222 Regul: 0.042588 Obj: 0.138810 (0.066971)  NNZ: 17 (10)  Ttime: 1.3828 Vtime: 0.0523
Step: 34000000  Loss: 0.058681 Regul: 0.034146 Obj: 0.092827 (0.066971)  NNZ: 13 (10)  Ttime: 1.3822 Vtime: 0.0513
Step: 34100000  Loss: 0.061973 Regul: 0.026199 Obj: 0.088172 (0.066971)  NNZ: 10 (10)  Ttime: 1.3838 Vtime: 0.0511
Step: 34200000  Loss: 0.056108 Regul: 0.028660 Obj: 0.084768 (0.066971)  NNZ: 12 (10)  Ttime: 1.3846 Vtime: 0.0509
Step: 34300000  Loss: 0.060072 Regul: 0.030574 Obj: 0.090646 (0.066971)  NNZ: 13 (10)  Ttime: 1.3826 Vtime: 0.0516
Step: 34400000  Loss: 0.087248 Regul: 0.030950 Obj: 0.118198 (0.066971)  NNZ: 13 (10)  Ttime: 1.3810 Vtime: 0.0512
Step: 34500000  Loss: 0.057792 Regul: 0.033291 Obj: 0.091083 (0.066971)  NNZ: 11 (10)  Ttime: 1.3833 Vtime: 0.0520
Step: 34600000  Loss: 0.066048 Regul: 0.040742 Obj: 0.106791 (0.066971)  NNZ: 13 (10)  Ttime: 1.3805 Vtime: 0.0513
Step: 34700000  Loss: 0.089908 Regul: 0.023738 Obj: 0.113646 (0.066971)  NNZ: 10 (10)  Ttime: 1.3828 Vtime: 0.0518
Step: 34800000  Loss: 0.057016 Regul: 0.031428 Obj: 0.088444 (0.066971)  NNZ: 11 (10)  Ttime: 1.3825 Vtime: 0.0515
Step: 34900000  Loss: 0.069770 Regul: 0.033958 Obj: 0.103728 (0.066971)  NNZ: 10 (10)  Ttime: 1.3832 Vtime: 0.0524
Step: 35000000  Loss: 0.057773 Regul: 0.032231 Obj: 0.090005 (0.066971)  NNZ: 13 (10)  Ttime: 1.3816 Vtime: 0.0515
Step: 35100000  Loss: 0.078719 Regul: 0.054380 Obj: 0.133099 (0.066971)  NNZ: 19 (10)  Ttime: 1.3815 Vtime: 0.0525
Step: 35200000  Loss: 0.064903 Regul: 0.042485 Obj: 0.107389 (0.066971)  NNZ: 14 (10)  Ttime: 1.3848 Vtime: 0.0513
Step: 35300000  Loss: 0.058883 Regul: 0.031462 Obj: 0.090346 (0.066971)  NNZ: 10 (10)  Ttime: 1.3818 Vtime: 0.0515
Step: 35400000  Loss: 0.064301 Regul: 0.030898 Obj: 0.095200 (0.066971)  NNZ: 13 (10)  Ttime: 1.3829 Vtime: 0.0516
Step: 35500000  Loss: 0.071936 Regul: 0.043733 Obj: 0.115669 (0.066971)  NNZ: 13 (10)  Ttime: 1.3827 Vtime: 0.0518
Step: 35600000  Loss: 0.060668 Regul: 0.032573 Obj: 0.093241 (0.066971)  NNZ: 14 (10)  Ttime: 1.3817 Vtime: 0.0514
Step: 35700000  Loss: 0.058713 Regul: 0.025430 Obj: 0.084142 (0.066971)  NNZ: 11 (10)  Ttime: 1.3842 Vtime: 0.0515
Step: 35800000  Loss: 0.061402 Regul: 0.036179 Obj: 0.097581 (0.066971)  NNZ: 14 (10)  Ttime: 1.3818 Vtime: 0.0516
Step: 35900000  Loss: 0.061675 Regul: 0.030146 Obj: 0.091822 (0.066971)  NNZ: 15 (10)  Ttime: 1.3808 Vtime: 0.0510
Step: 36000000  Loss: 0.071901 Regul: 0.035974 Obj: 0.107875 (0.066971)  NNZ: 17 (10)  Ttime: 1.3821 Vtime: 0.0523
Step: 36100000  Loss: 0.063211 Regul: 0.039700 Obj: 0.102911 (0.066971)  NNZ: 14 (10)  Ttime: 1.3829 Vtime: 0.0522
Step: 36200000  Loss: 0.066088 Regul: 0.042246 Obj: 0.108334 (0.066971)  NNZ: 17 (10)  Ttime: 1.3840 Vtime: 0.0517
Step: 36300000  Loss: 0.059814 Regul: 0.036316 Obj: 0.096130 (0.066971)  NNZ: 14 (10)  Ttime: 1.3844 Vtime: 0.0513
Step: 36400000  Loss: 0.067879 Regul: 0.033018 Obj: 0.100897 (0.066971)  NNZ: 11 (10)  Ttime: 1.3828 Vtime: 0.0513
Step: 36500000  Loss: 0.060622 Regul: 0.019687 Obj: 0.080310 (0.066971)  NNZ: 7 (10)  Ttime: 1.3855 Vtime: 0.0519
Step: 36600000  Loss: 0.095637 Regul: 0.043203 Obj: 0.138840 (0.066971)  NNZ: 17 (10)  Ttime: 1.3811 Vtime: 0.0513
Step: 36700000  Loss: 0.075598 Regul: 0.024353 Obj: 0.099951 (0.066971)  NNZ: 11 (10)  Ttime: 1.3846 Vtime: 0.0519
Step: 36800000  Loss: 0.072682 Regul: 0.029412 Obj: 0.102093 (0.066971)  NNZ: 13 (10)  Ttime: 1.3825 Vtime: 0.0518
Step: 36900000  Loss: 0.063317 Regul: 0.030950 Obj: 0.094267 (0.066971)  NNZ: 13 (10)  Ttime: 1.3822 Vtime: 0.0515
Step: 37000000  Loss: 0.071882 Regul: 0.044451 Obj: 0.116333 (0.066971)  NNZ: 17 (10)  Ttime: 1.3815 Vtime: 0.0510
Step: 37100000  Loss: 0.062224 Regul: 0.038264 Obj: 0.100488 (0.066971)  NNZ: 15 (10)  Ttime: 1.3839 Vtime: 0.0514
Step: 37200000  Loss: 0.064106 Regul: 0.022490 Obj: 0.086596 (0.066971)  NNZ: 11 (10)  Ttime: 1.3812 Vtime: 0.0512
Step: 37300000  Loss: 0.064368 Regul: 0.042007 Obj: 0.106375 (0.066971)  NNZ: 19 (10)  Ttime: 1.3822 Vtime: 0.0514
Step: 37400000  Loss: 0.072005 Regul: 0.021892 Obj: 0.093897 (0.066971)  NNZ: 11 (10)  Ttime: 1.3829 Vtime: 0.0513
Step: 37500000  Loss: 0.056966 Regul: 0.021379 Obj: 0.078346 (0.066971)  NNZ: 13 (10)  Ttime: 1.3831 Vtime: 0.0510
Step: 37600000  Loss: 0.058002 Regul: 0.025430 Obj: 0.083432 (0.066971)  NNZ: 11 (10)  Ttime: 1.3834 Vtime: 0.0525
Step: 37700000  Loss: 0.070302 Regul: 0.039922 Obj: 0.110224 (0.066971)  NNZ: 10 (10)  Ttime: 1.3839 Vtime: 0.0514
Step: 37800000  Loss: 0.060657 Regul: 0.035564 Obj: 0.096221 (0.066971)  NNZ: 15 (10)  Ttime: 1.3823 Vtime: 0.0516
Step: 37900000  Loss: 0.098558 Regul: 0.016646 Obj: 0.115204 (0.066971)  NNZ: 10 (10)  Ttime: 1.3827 Vtime: 0.0513
Step: 38000000  Loss: 0.070035 Regul: 0.042605 Obj: 0.112640 (0.066971)  NNZ: 17 (10)  Ttime: 1.3840 Vtime: 0.0518
Step: 38100000  Loss: 0.061005 Regul: 0.022610 Obj: 0.083615 (0.066971)  NNZ: 11 (10)  Ttime: 1.3811 Vtime: 0.0512
Step: 38200000  Loss: 0.081407 Regul: 0.032676 Obj: 0.114083 (0.066971)  NNZ: 13 (10)  Ttime: 1.3818 Vtime: 0.0509
Step: 38300000  Loss: 0.053361 Regul: 0.021191 Obj: 0.074553 (0.066971)  NNZ: 9 (10)  Ttime: 1.3802 Vtime: 0.0513
Step: 38400000  Loss: 0.070712 Regul: 0.031702 Obj: 0.102414 (0.066971)  NNZ: 13 (10)  Ttime: 1.3822 Vtime: 0.0512
Step: 38500000  Loss: 0.059194 Regul: 0.019072 Obj: 0.078266 (0.066971)  NNZ: 9 (10)  Ttime: 1.3821 Vtime: 0.0517
Step: 38600000  Loss: 0.079971 Regul: 0.028865 Obj: 0.108835 (0.066971)  NNZ: 13 (10)  Ttime: 1.3815 Vtime: 0.0515
Step: 38700000  Loss: 0.070578 Regul: 0.045408 Obj: 0.115986 (0.066971)  NNZ: 12 (10)  Ttime: 1.3823 Vtime: 0.0516
Step: 38800000  Loss: 0.067251 Regul: 0.042451 Obj: 0.109702 (0.066971)  NNZ: 17 (10)  Ttime: 1.3828 Vtime: 0.0511
Step: 38900000  Loss: 0.061922 Regul: 0.037991 Obj: 0.099913 (0.066971)  NNZ: 16 (10)  Ttime: 1.3750 Vtime: 0.0513
Step: 39000000  Loss: 0.075328 Regul: 0.030352 Obj: 0.105679 (0.066971)  NNZ: 15 (10)  Ttime: 1.3762 Vtime: 0.0518
Step: 39100000  Loss: 0.062685 Regul: 0.038623 Obj: 0.101308 (0.066971)  NNZ: 15 (10)  Ttime: 1.3865 Vtime: 0.0511
Step: 39200000  Loss: 0.072300 Regul: 0.047971 Obj: 0.120271 (0.066971)  NNZ: 15 (10)  Ttime: 1.3820 Vtime: 0.0513
Step: 39300000  Loss: 0.093170 Regul: 0.045374 Obj: 0.138544 (0.066971)  NNZ: 17 (10)  Ttime: 1.3821 Vtime: 0.0514
Step: 39400000  Loss: 0.061967 Regul: 0.033018 Obj: 0.094985 (0.066971)  NNZ: 13 (10)  Ttime: 1.3808 Vtime: 0.0512
Step: 39500000  Loss: 0.072543 Regul: 0.037649 Obj: 0.110192 (0.066971)  NNZ: 18 (10)  Ttime: 1.3828 Vtime: 0.0515
Step: 39600000  Loss: 0.058552 Regul: 0.035564 Obj: 0.094116 (0.066971)  NNZ: 14 (10)  Ttime: 1.3827 Vtime: 0.0511
Step: 39700000  Loss: 0.086720 Regul: 0.068513 Obj: 0.155234 (0.066971)  NNZ: 17 (10)  Ttime: 1.3833 Vtime: 0.0514
Step: 39800000  Loss: 0.085241 Regul: 0.057832 Obj: 0.143073 (0.066971)  NNZ: 23 (10)  Ttime: 1.3822 Vtime: 0.0515
Step: 39900000  Loss: 0.071046 Regul: 0.060532 Obj: 0.131578 (0.066971)  NNZ: 24 (10)  Ttime: 1.3829 Vtime: 0.0518
Step: 40000000  Loss: 0.077384 Regul: 0.047117 Obj: 0.124500 (0.066971)  NNZ: 17 (10)  Ttime: 1.3824 Vtime: 0.0516
Step: 40100000  Loss: 0.077952 Regul: 0.056191 Obj: 0.134143 (0.066971)  NNZ: 21 (10)  Ttime: 1.3813 Vtime: 0.0512
Step: 40200000  Loss: 0.061200 Regul: 0.037717 Obj: 0.098917 (0.066971)  NNZ: 14 (10)  Ttime: 1.3820 Vtime: 0.0517
Step: 40300000  Loss: 0.067974 Regul: 0.049714 Obj: 0.117688 (0.066971)  NNZ: 17 (10)  Ttime: 1.3845 Vtime: 0.0515
Step: 40400000  Loss: 0.080110 Regul: 0.072581 Obj: 0.152690 (0.066971)  NNZ: 20 (10)  Ttime: 1.3822 Vtime: 0.0515
Step: 40500000  Loss: 0.051817 Regul: 0.023362 Obj: 0.075179 (0.066971)  NNZ: 10 (10)  Ttime: 1.3804 Vtime: 0.0514
Step: 40600000  Loss: 0.070193 Regul: 0.049885 Obj: 0.120078 (0.066971)  NNZ: 19 (10)  Ttime: 1.3820 Vtime: 0.0519
Step: 40700000  Loss: 0.055358 Regul: 0.023789 Obj: 0.079147 (0.066971)  NNZ: 9 (10)  Ttime: 1.3857 Vtime: 0.0511
Step: 40800000  Loss: 0.067214 Regul: 0.044604 Obj: 0.111819 (0.066971)  NNZ: 17 (10)  Ttime: 1.3813 Vtime: 0.0522
Step: 40900000  Loss: 0.104766 Regul: 0.059763 Obj: 0.164530 (0.066971)  NNZ: 25 (10)  Ttime: 1.3805 Vtime: 0.0517
Step: 41000000  Loss: 0.065211 Regul: 0.042332 Obj: 0.107542 (0.066971)  NNZ: 19 (10)  Ttime: 1.3838 Vtime: 0.0510
Step: 41100000  Loss: 0.096112 Regul: 0.050859 Obj: 0.146971 (0.066971)  NNZ: 22 (10)  Ttime: 1.3800 Vtime: 0.0516
Step: 41200000  Loss: 0.081684 Regul: 0.045767 Obj: 0.127451 (0.066971)  NNZ: 17 (10)  Ttime: 1.3814 Vtime: 0.0518
Step: 41300000  Loss: 0.060572 Regul: 0.046108 Obj: 0.106681 (0.066971)  NNZ: 23 (10)  Ttime: 1.3820 Vtime: 0.0515
Step: 41400000  Loss: 0.117845 Regul: 0.063318 Obj: 0.181163 (0.066971)  NNZ: 23 (10)  Ttime: 1.3816 Vtime: 0.0518
Step: 41500000  Loss: 0.061307 Regul: 0.038845 Obj: 0.100152 (0.066971)  NNZ: 23 (10)  Ttime: 1.3833 Vtime: 0.0518
Step: 41600000  Loss: 0.064245 Regul: 0.047510 Obj: 0.111754 (0.066971)  NNZ: 17 (10)  Ttime: 1.3813 Vtime: 0.0516
Step: 41700000  Loss: 0.063662 Regul: 0.041528 Obj: 0.105190 (0.066971)  NNZ: 15 (10)  Ttime: 1.3805 Vtime: 0.0517
Step: 41800000  Loss: 0.059377 Regul: 0.037102 Obj: 0.096479 (0.066971)  NNZ: 22 (10)  Ttime: 1.3821 Vtime: 0.0522
Step: 41900000  Loss: 0.077125 Regul: 0.042332 Obj: 0.119457 (0.066971)  NNZ: 16 (10)  Ttime: 1.3813 Vtime: 0.0518
Step: 42000000  Loss: 0.075776 Regul: 0.054141 Obj: 0.129916 (0.066971)  NNZ: 16 (10)  Ttime: 1.3829 Vtime: 0.0513
Step: 42100000  Loss: 0.058938 Regul: 0.036316 Obj: 0.095254 (0.066971)  NNZ: 14 (10)  Ttime: 1.3822 Vtime: 0.0521
Step: 42200000  Loss: 0.069206 Regul: 0.044365 Obj: 0.113571 (0.066971)  NNZ: 18 (10)  Ttime: 1.3831 Vtime: 0.0520
Step: 42300000  Loss: 0.064750 Regul: 0.035171 Obj: 0.099921 (0.066971)  NNZ: 10 (10)  Ttime: 1.3819 Vtime: 0.0523
Step: 42400000  Loss: 0.082095 Regul: 0.055457 Obj: 0.137551 (0.066971)  NNZ: 20 (10)  Ttime: 1.3854 Vtime: 0.0515
Step: 42500000  Loss: 0.068541 Regul: 0.055798 Obj: 0.124339 (0.066971)  NNZ: 21 (10)  Ttime: 1.3824 Vtime: 0.0513
Step: 42600000  Loss: 0.071011 Regul: 0.036794 Obj: 0.107805 (0.066971)  NNZ: 18 (10)  Ttime: 1.3812 Vtime: 0.0517
Step: 42700000  Loss: 0.065419 Regul: 0.034385 Obj: 0.099804 (0.066971)  NNZ: 15 (10)  Ttime: 1.3825 Vtime: 0.0523
Step: 42800000  Loss: 0.063880 Regul: 0.046331 Obj: 0.110210 (0.066971)  NNZ: 21 (10)  Ttime: 1.3813 Vtime: 0.0516
Step: 42900000  Loss: 0.058039 Regul: 0.034521 Obj: 0.092561 (0.066971)  NNZ: 11 (10)  Ttime: 1.3843 Vtime: 0.0518
Step: 43000000  Loss: 0.080163 Regul: 0.063232 Obj: 0.143396 (0.066971)  NNZ: 17 (10)  Ttime: 1.3827 Vtime: 0.0512
Step: 43100000  Loss: 0.088168 Regul: 0.036572 Obj: 0.124740 (0.066971)  NNZ: 16 (10)  Ttime: 1.3828 Vtime: 0.0522
Step: 43200000  Loss: 0.070193 Regul: 0.060088 Obj: 0.130280 (0.066971)  NNZ: 18 (10)  Ttime: 1.3820 Vtime: 0.0517
Step: 43300000  Loss: 0.062777 Regul: 0.037051 Obj: 0.099828 (0.066971)  NNZ: 17 (10)  Ttime: 1.3842 Vtime: 0.0514
Step: 43400000  Loss: 0.066642 Regul: 0.033804 Obj: 0.100446 (0.066971)  NNZ: 12 (10)  Ttime: 1.3852 Vtime: 0.0517
Step: 43500000  Loss: 0.072676 Regul: 0.053337 Obj: 0.126013 (0.066971)  NNZ: 20 (10)  Ttime: 1.3851 Vtime: 0.0517
Step: 43600000  Loss: 0.059830 Regul: 0.041597 Obj: 0.101427 (0.066971)  NNZ: 16 (10)  Ttime: 1.3820 Vtime: 0.0511
Step: 43700000  Loss: 0.105222 Regul: 0.067180 Obj: 0.172402 (0.066971)  NNZ: 23 (10)  Ttime: 1.3829 Vtime: 0.0515
Step: 43800000  Loss: 0.069265 Regul: 0.043630 Obj: 0.112895 (0.066971)  NNZ: 17 (10)  Ttime: 1.3830 Vtime: 0.0509
Step: 43900000  Loss: 0.079172 Regul: 0.057627 Obj: 0.136799 (0.066971)  NNZ: 20 (10)  Ttime: 1.3828 Vtime: 0.0518
Step: 44000000  Loss: 0.058013 Regul: 0.037119 Obj: 0.095132 (0.066971)  NNZ: 16 (10)  Ttime: 1.3814 Vtime: 0.0515
Step: 44100000  Loss: 0.062229 Regul: 0.038333 Obj: 0.100562 (0.066971)  NNZ: 17 (10)  Ttime: 1.3952 Vtime: 0.0516
Step: 44200000  Loss: 0.063544 Regul: 0.045459 Obj: 0.109003 (0.066971)  NNZ: 14 (10)  Ttime: 1.3768 Vtime: 0.0507
Step: 44300000  Loss: 0.083538 Regul: 0.056191 Obj: 0.139730 (0.066971)  NNZ: 23 (10)  Ttime: 1.3796 Vtime: 0.0513
Step: 44400000  Loss: 0.105503 Regul: 0.041699 Obj: 0.147203 (0.066971)  NNZ: 16 (10)  Ttime: 1.3770 Vtime: 0.0519
Step: 44500000  Loss: 0.071706 Regul: 0.053474 Obj: 0.125180 (0.066971)  NNZ: 22 (10)  Ttime: 1.3830 Vtime: 0.0512
Step: 44600000  Loss: 0.077086 Regul: 0.064873 Obj: 0.141959 (0.066971)  NNZ: 22 (10)  Ttime: 1.3820 Vtime: 0.0516
Step: 44700000  Loss: 0.075546 Regul: 0.049185 Obj: 0.124731 (0.066971)  NNZ: 17 (10)  Ttime: 1.3836 Vtime: 0.0518
Step: 44800000  Loss: 0.060960 Regul: 0.034009 Obj: 0.094968 (0.066971)  NNZ: 21 (10)  Ttime: 1.3805 Vtime: 0.0516
Step: 44900000  Loss: 0.079927 Regul: 0.070769 Obj: 0.150696 (0.066971)  NNZ: 22 (10)  Ttime: 1.3828 Vtime: 0.0519
Step: 45000000  Loss: 0.051378 Regul: 0.028079 Obj: 0.079457 (0.066971)  NNZ: 16 (10)  Ttime: 1.3805 Vtime: 0.0511
Step: 45100000  Loss: 0.068549 Regul: 0.044229 Obj: 0.112778 (0.066971)  NNZ: 18 (10)  Ttime: 1.3827 Vtime: 0.0507
Step: 45200000  Loss: 0.059737 Regul: 0.028967 Obj: 0.088705 (0.066971)  NNZ: 13 (10)  Ttime: 1.3817 Vtime: 0.0516
Step: 45300000  Loss: 0.064046 Regul: 0.047732 Obj: 0.111778 (0.066971)  NNZ: 18 (10)  Ttime: 1.3805 Vtime: 0.0514
Step: 45400000  Loss: 0.063108 Regul: 0.030984 Obj: 0.094092 (0.066971)  NNZ: 15 (10)  Ttime: 1.3810 Vtime: 0.0512
Step: 45500000  Loss: 0.100003 Regul: 0.050894 Obj: 0.150896 (0.066971)  NNZ: 17 (10)  Ttime: 1.3850 Vtime: 0.0511
Step: 45600000  Loss: 0.075106 Regul: 0.048535 Obj: 0.123642 (0.066971)  NNZ: 16 (10)  Ttime: 1.3817 Vtime: 0.0522
Step: 45700000  Loss: 0.055990 Regul: 0.027070 Obj: 0.083061 (0.066971)  NNZ: 15 (10)  Ttime: 1.3830 Vtime: 0.0522
Step: 45800000  Loss: 0.067926 Regul: 0.055798 Obj: 0.123725 (0.066971)  NNZ: 22 (10)  Ttime: 1.3808 Vtime: 0.0514
Step: 45900000  Loss: 0.061080 Regul: 0.042007 Obj: 0.103087 (0.066971)  NNZ: 26 (10)  Ttime: 1.3805 Vtime: 0.0513
Step: 46000000  Loss: 0.069553 Regul: 0.053098 Obj: 0.122651 (0.066971)  NNZ: 17 (10)  Ttime: 1.3805 Vtime: 0.0518
Step: 46100000  Loss: 0.070671 Regul: 0.045732 Obj: 0.116404 (0.066971)  NNZ: 13 (10)  Ttime: 1.3803 Vtime: 0.0513
Step: 46200000  Loss: 0.060520 Regul: 0.033359 Obj: 0.093879 (0.066971)  NNZ: 14 (10)  Ttime: 1.3824 Vtime: 0.0518
Step: 46300000  Loss: 0.074428 Regul: 0.050894 Obj: 0.125321 (0.066971)  NNZ: 21 (10)  Ttime: 1.3816 Vtime: 0.0520
Step: 46400000  Loss: 0.075908 Regul: 0.047493 Obj: 0.123401 (0.066971)  NNZ: 19 (10)  Ttime: 1.3807 Vtime: 0.0515
Step: 46500000  Loss: 0.066313 Regul: 0.046963 Obj: 0.113276 (0.066971)  NNZ: 17 (10)  Ttime: 1.3837 Vtime: 0.0510
Step: 46600000  Loss: 0.139697 Regul: 0.087346 Obj: 0.227043 (0.066971)  NNZ: 28 (10)  Ttime: 1.3815 Vtime: 0.0509
Step: 46700000  Loss: 0.069708 Regul: 0.050278 Obj: 0.119986 (0.066971)  NNZ: 19 (10)  Ttime: 1.3799 Vtime: 0.0510
Step: 46800000  Loss: 0.056699 Regul: 0.038726 Obj: 0.095424 (0.066971)  NNZ: 15 (10)  Ttime: 1.3834 Vtime: 0.0515
Step: 46900000  Loss: 0.074541 Regul: 0.066599 Obj: 0.141141 (0.066971)  NNZ: 19 (10)  Ttime: 1.3820 Vtime: 0.0511
Step: 47000000  Loss: 0.066873 Regul: 0.042913 Obj: 0.109785 (0.066971)  NNZ: 18 (10)  Ttime: 1.3842 Vtime: 0.0519
Step: 47100000  Loss: 0.072049 Regul: 0.055234 Obj: 0.127283 (0.066971)  NNZ: 19 (10)  Ttime: 1.3842 Vtime: 0.0521
Step: 47200000  Loss: 0.079547 Regul: 0.053491 Obj: 0.133038 (0.066971)  NNZ: 23 (10)  Ttime: 1.3836 Vtime: 0.0518
Step: 47300000  Loss: 0.074561 Regul: 0.065061 Obj: 0.139622 (0.066971)  NNZ: 23 (10)  Ttime: 1.3836 Vtime: 0.0515
Step: 47400000  Loss: 0.064065 Regul: 0.041084 Obj: 0.105149 (0.066971)  NNZ: 14 (10)  Ttime: 1.3808 Vtime: 0.0520
Step: 47500000  Loss: 0.073376 Regul: 0.053457 Obj: 0.126833 (0.066971)  NNZ: 24 (10)  Ttime: 1.3815 Vtime: 0.0513
Step: 47600000  Loss: 0.069501 Regul: 0.039392 Obj: 0.108893 (0.066971)  NNZ: 15 (10)  Ttime: 1.3831 Vtime: 0.0512
Step: 47700000  Loss: 0.077036 Regul: 0.055901 Obj: 0.132937 (0.066971)  NNZ: 19 (10)  Ttime: 1.3823 Vtime: 0.0521
Step: 47800000  Loss: 0.062645 Regul: 0.043357 Obj: 0.106001 (0.066971)  NNZ: 14 (10)  Ttime: 1.3835 Vtime: 0.0517
Step: 47900000  Loss: 0.091858 Regul: 0.057388 Obj: 0.149246 (0.066971)  NNZ: 16 (10)  Ttime: 1.3816 Vtime: 0.0510
Step: 48000000  Loss: 0.070945 Regul: 0.053218 Obj: 0.124163 (0.066971)  NNZ: 23 (10)  Ttime: 1.3805 Vtime: 0.0520
Step: 48100000  Loss: 0.065777 Regul: 0.036572 Obj: 0.102350 (0.066971)  NNZ: 15 (10)  Ttime: 1.3822 Vtime: 0.0510
Step: 48200000  Loss: 0.058428 Regul: 0.032778 Obj: 0.091207 (0.066971)  NNZ: 15 (10)  Ttime: 1.3838 Vtime: 0.0514
Step: 48300000  Loss: 0.064984 Regul: 0.035427 Obj: 0.100411 (0.066971)  NNZ: 16 (10)  Ttime: 1.3834 Vtime: 0.0517
Step: 48400000  Loss: 0.077858 Regul: 0.054312 Obj: 0.132170 (0.066971)  NNZ: 17 (10)  Ttime: 1.3815 Vtime: 0.0519
Step: 48500000  Loss: 0.071532 Regul: 0.057388 Obj: 0.128920 (0.066971)  NNZ: 21 (10)  Ttime: 1.3814 Vtime: 0.0516
Step: 48600000  Loss: 0.087641 Regul: 0.071350 Obj: 0.158991 (0.066971)  NNZ: 25 (10)  Ttime: 1.3827 Vtime: 0.0511
Step: 48700000  Loss: 0.068571 Regul: 0.047817 Obj: 0.116388 (0.066971)  NNZ: 16 (10)  Ttime: 1.3791 Vtime: 0.0521
Step: 48800000  Loss: 0.057420 Regul: 0.037051 Obj: 0.094471 (0.066971)  NNZ: 17 (10)  Ttime: 1.3809 Vtime: 0.0512
Step: 48900000  Loss: 0.067101 Regul: 0.033069 Obj: 0.100170 (0.066971)  NNZ: 17 (10)  Ttime: 1.3811 Vtime: 0.0522
Step: 49000000  Loss: 0.065046 Regul: 0.048945 Obj: 0.113991 (0.066971)  NNZ: 26 (10)  Ttime: 1.3815 Vtime: 0.0511
Step: 49100000  Loss: 0.060694 Regul: 0.037410 Obj: 0.098104 (0.066971)  NNZ: 15 (10)  Ttime: 1.3814 Vtime: 0.0517
Step: 49200000  Loss: 0.119267 Regul: 0.079041 Obj: 0.198308 (0.066971)  NNZ: 29 (10)  Ttime: 1.3813 Vtime: 0.0514
Step: 49300000  Loss: 0.067167 Regul: 0.041716 Obj: 0.108884 (0.066971)  NNZ: 20 (10)  Ttime: 1.3837 Vtime: 0.0518
Step: 49400000  Loss: 0.084861 Regul: 0.065078 Obj: 0.149939 (0.066971)  NNZ: 24 (10)  Ttime: 1.3828 Vtime: 0.0517
Step: 49500000  Loss: 0.097975 Regul: 0.043203 Obj: 0.141178 (0.066971)  NNZ: 14 (10)  Ttime: 1.3835 Vtime: 0.0521
Step: 49600000  Loss: 0.063781 Regul: 0.041050 Obj: 0.104831 (0.066971)  NNZ: 14 (10)  Ttime: 1.3817 Vtime: 0.0511
Step: 49700000  Loss: 0.100073 Regul: 0.065745 Obj: 0.165818 (0.066971)  NNZ: 23 (10)  Ttime: 1.3810 Vtime: 0.0510
Step: 49800000  Loss: 0.076743 Regul: 0.054722 Obj: 0.131464 (0.066971)  NNZ: 23 (10)  Ttime: 1.3800 Vtime: 0.0522
Step: 49900000  Loss: 0.067000 Regul: 0.058447 Obj: 0.125448 (0.066971)  NNZ: 19 (10)  Ttime: 1.3819 Vtime: 0.0522
Step: 50000000  Loss: 0.075292 Regul: 0.048040 Obj: 0.123331 (0.066971)  NNZ: 17 (10)  Ttime: 1.3822 Vtime: 0.0511
