mu: 0.045 gamma: 0.175 nIters: 50000000
Load PRParams.
Load RingParams.
Load Labels: 500000
Load Distances: 500000 x 5120
0...10...20...30...40...50...60...70...80...90...100 - done.
Positive samples #250000
Negative samples #250000
Positive train #200000
Negative train #200000
Positive valid #50000
Negative valid #50000

Found GPU: GeForce GTX 970
Compute Capability: 5.2

Best: 100000  Loss: 0.082981 Regul: 0.046300 Obj: 0.129281 (0.129281)  NNZ: 11 (11)  Ttime: 1.4139 Vtime: 0.2174
Stat: nPR #64 (#88) Dim/MaxDim [512/640] AUC: 0.973421 FPR95: 16.54 [saved]
Best: 200000  Loss: 0.063845 Regul: 0.022598 Obj: 0.086443 (0.086443)  NNZ: 11 (11)  Ttime: 1.4126 Vtime: 0.0519
Stat: nPR #72 (#88) Dim/MaxDim [576/640] AUC: 0.975264 FPR95: 15.03 [saved]
Step: 300000  Loss: 0.064120 Regul: 0.031935 Obj: 0.096056 (0.086443)  NNZ: 11 (11)  Ttime: 1.4313 Vtime: 0.0509
Step: 400000  Loss: 0.263916 Regul: 0.067187 Obj: 0.331103 (0.086443)  NNZ: 19 (11)  Ttime: 1.4781 Vtime: 0.0514
Step: 500000  Loss: 0.069492 Regul: 0.035021 Obj: 0.104513 (0.086443)  NNZ: 11 (11)  Ttime: 1.4634 Vtime: 0.0540
Step: 600000  Loss: 0.144759 Regul: 0.039681 Obj: 0.184440 (0.086443)  NNZ: 13 (11)  Ttime: 1.4573 Vtime: 0.0549
Best: 700000  Loss: 0.057261 Regul: 0.020699 Obj: 0.077960 (0.077960)  NNZ: 8 (8)  Ttime: 1.4421 Vtime: 0.0511
Stat: nPR #52 (#64) Dim/MaxDim [416/640] AUC: 0.977941 FPR95: 12.29 [saved]
Step: 800000  Loss: 0.058006 Regul: 0.024263 Obj: 0.082270 (0.077960)  NNZ: 9 (8)  Ttime: 1.4825 Vtime: 0.0513
Step: 900000  Loss: 0.081806 Regul: 0.029592 Obj: 0.111397 (0.077960)  NNZ: 12 (8)  Ttime: 1.4405 Vtime: 0.0513
Step: 1000000  Loss: 0.065716 Regul: 0.022830 Obj: 0.088546 (0.077960)  NNZ: 10 (8)  Ttime: 1.4233 Vtime: 0.0515
Step: 1100000  Loss: 0.056004 Regul: 0.028434 Obj: 0.084438 (0.077960)  NNZ: 10 (8)  Ttime: 1.4986 Vtime: 0.0529
Step: 1200000  Loss: 0.102434 Regul: 0.024487 Obj: 0.126921 (0.077960)  NNZ: 9 (8)  Ttime: 1.4671 Vtime: 0.0517
Best: 1300000  Loss: 0.057107 Regul: 0.020533 Obj: 0.077640 (0.077640)  NNZ: 8 (8)  Ttime: 1.4711 Vtime: 0.0517
Stat: nPR #60 (#64) Dim/MaxDim [480/640] AUC: 0.977770 FPR95: 12.31 [saved]
Best: 1400000  Loss: 0.055258 Regul: 0.020702 Obj: 0.075961 (0.075961)  NNZ: 8 (8)  Ttime: 1.5026 Vtime: 0.0514
Stat: nPR #52 (#64) Dim/MaxDim [416/640] AUC: 0.978589 FPR95: 11.61 [saved]
Step: 1500000  Loss: 0.080465 Regul: 0.023005 Obj: 0.103470 (0.075961)  NNZ: 11 (8)  Ttime: 1.4893 Vtime: 0.0512
Step: 1600000  Loss: 0.056633 Regul: 0.025150 Obj: 0.081783 (0.075961)  NNZ: 14 (8)  Ttime: 1.5116 Vtime: 0.0521
Step: 1700000  Loss: 0.055714 Regul: 0.032289 Obj: 0.088003 (0.075961)  NNZ: 14 (8)  Ttime: 1.5498 Vtime: 0.0530
Step: 1800000  Loss: 0.060476 Regul: 0.033766 Obj: 0.094242 (0.075961)  NNZ: 14 (8)  Ttime: 1.4562 Vtime: 0.0514
Best: 1900000  Loss: 0.056895 Regul: 0.016937 Obj: 0.073832 (0.073832)  NNZ: 13 (13)  Ttime: 1.4670 Vtime: 0.0573
Stat: nPR #96 (#104) Dim/MaxDim [768/640] AUC: 0.978360 FPR95: 12.13
Step: 2000000  Loss: 0.055476 Regul: 0.028006 Obj: 0.083481 (0.073832)  NNZ: 16 (13)  Ttime: 1.4248 Vtime: 0.0518
Step: 2100000  Loss: 0.062480 Regul: 0.035766 Obj: 0.098246 (0.073832)  NNZ: 17 (13)  Ttime: 1.4631 Vtime: 0.0519
Step: 2200000  Loss: 0.051991 Regul: 0.024245 Obj: 0.076237 (0.073832)  NNZ: 14 (13)  Ttime: 1.4402 Vtime: 0.0522
Step: 2300000  Loss: 0.052595 Regul: 0.028758 Obj: 0.081353 (0.073832)  NNZ: 12 (13)  Ttime: 1.4589 Vtime: 0.0517
Step: 2400000  Loss: 0.056837 Regul: 0.037833 Obj: 0.094670 (0.073832)  NNZ: 13 (13)  Ttime: 1.4153 Vtime: 0.0515
Step: 2500000  Loss: 0.058880 Regul: 0.024053 Obj: 0.082933 (0.073832)  NNZ: 12 (13)  Ttime: 1.4550 Vtime: 0.0513
Step: 2600000  Loss: 0.053394 Regul: 0.031310 Obj: 0.084704 (0.073832)  NNZ: 16 (13)  Ttime: 1.4407 Vtime: 0.0513
Step: 2700000  Loss: 0.056000 Regul: 0.033885 Obj: 0.089885 (0.073832)  NNZ: 17 (13)  Ttime: 1.4237 Vtime: 0.0513
Step: 2800000  Loss: 0.061232 Regul: 0.019826 Obj: 0.081058 (0.073832)  NNZ: 9 (13)  Ttime: 1.4334 Vtime: 0.0517
Step: 2900000  Loss: 0.059693 Regul: 0.021878 Obj: 0.081571 (0.073832)  NNZ: 11 (13)  Ttime: 1.4306 Vtime: 0.0510
Step: 3000000  Loss: 0.058000 Regul: 0.023470 Obj: 0.081469 (0.073832)  NNZ: 9 (13)  Ttime: 1.4452 Vtime: 0.0518
Step: 3100000  Loss: 0.058048 Regul: 0.024913 Obj: 0.082961 (0.073832)  NNZ: 15 (13)  Ttime: 1.4541 Vtime: 0.0517
Step: 3200000  Loss: 0.088131 Regul: 0.010327 Obj: 0.098458 (0.073832)  NNZ: 6 (13)  Ttime: 1.4606 Vtime: 0.0522
Step: 3300000  Loss: 0.099665 Regul: 0.008131 Obj: 0.107796 (0.073832)  NNZ: 9 (13)  Ttime: 1.4848 Vtime: 0.0514
Step: 3400000  Loss: 0.067491 Regul: 0.021261 Obj: 0.088753 (0.073832)  NNZ: 10 (13)  Ttime: 1.4356 Vtime: 0.0511
Step: 3500000  Loss: 0.053009 Regul: 0.035182 Obj: 0.088191 (0.073832)  NNZ: 15 (13)  Ttime: 1.4889 Vtime: 0.0508
Step: 3600000  Loss: 0.052015 Regul: 0.025698 Obj: 0.077714 (0.073832)  NNZ: 12 (13)  Ttime: 1.4312 Vtime: 0.0514
Step: 3700000  Loss: 0.075503 Regul: 0.025440 Obj: 0.100943 (0.073832)  NNZ: 14 (13)  Ttime: 1.4327 Vtime: 0.0513
Best: 3800000  Loss: 0.056263 Regul: 0.016464 Obj: 0.072727 (0.072727)  NNZ: 13 (13)  Ttime: 1.4307 Vtime: 0.0517
Stat: nPR #84 (#104) Dim/MaxDim [672/640] AUC: 0.979540 FPR95: 10.82
Step: 3900000  Loss: 0.054761 Regul: 0.028365 Obj: 0.083127 (0.072727)  NNZ: 19 (13)  Ttime: 1.4438 Vtime: 0.0511
Step: 4000000  Loss: 0.055948 Regul: 0.024571 Obj: 0.080519 (0.072727)  NNZ: 10 (13)  Ttime: 1.4637 Vtime: 0.0509
Step: 4100000  Loss: 0.057925 Regul: 0.017702 Obj: 0.075626 (0.072727)  NNZ: 10 (13)  Ttime: 1.4473 Vtime: 0.0558
Step: 4200000  Loss: 0.068996 Regul: 0.013123 Obj: 0.082120 (0.072727)  NNZ: 8 (13)  Ttime: 1.4394 Vtime: 0.0522
Step: 4300000  Loss: 0.057218 Regul: 0.028839 Obj: 0.086057 (0.072727)  NNZ: 13 (13)  Ttime: 1.4675 Vtime: 0.0515
Step: 4400000  Loss: 0.060881 Regul: 0.027606 Obj: 0.088487 (0.072727)  NNZ: 15 (13)  Ttime: 1.4596 Vtime: 0.0518
Best: 4500000  Loss: 0.051206 Regul: 0.021237 Obj: 0.072443 (0.072443)  NNZ: 11 (11)  Ttime: 1.4576 Vtime: 0.0518
Stat: nPR #76 (#88) Dim/MaxDim [608/640] AUC: 0.980321 FPR95: 10.38 [saved]
Step: 4600000  Loss: 0.072944 Regul: 0.012277 Obj: 0.085221 (0.072443)  NNZ: 8 (11)  Ttime: 1.4677 Vtime: 0.0539
Step: 4700000  Loss: 0.078140 Regul: 0.032418 Obj: 0.110558 (0.072443)  NNZ: 18 (11)  Ttime: 1.4744 Vtime: 0.0536
Step: 4800000  Loss: 0.069323 Regul: 0.024428 Obj: 0.093751 (0.072443)  NNZ: 12 (11)  Ttime: 1.4789 Vtime: 0.0516
Step: 4900000  Loss: 0.050659 Regul: 0.021827 Obj: 0.072487 (0.072443)  NNZ: 15 (11)  Ttime: 1.4838 Vtime: 0.0521
Step: 5000000  Loss: 0.058181 Regul: 0.017441 Obj: 0.075622 (0.072443)  NNZ: 10 (11)  Ttime: 1.4533 Vtime: 0.0515
Step: 5100000  Loss: 0.052076 Regul: 0.030026 Obj: 0.082102 (0.072443)  NNZ: 15 (11)  Ttime: 1.4348 Vtime: 0.0516
Step: 5200000  Loss: 0.057803 Regul: 0.020761 Obj: 0.078564 (0.072443)  NNZ: 10 (11)  Ttime: 1.5016 Vtime: 0.0513
Step: 5300000  Loss: 0.053330 Regul: 0.025035 Obj: 0.078365 (0.072443)  NNZ: 15 (11)  Ttime: 1.4501 Vtime: 0.0512
Step: 5400000  Loss: 0.055870 Regul: 0.023936 Obj: 0.079807 (0.072443)  NNZ: 13 (11)  Ttime: 1.4705 Vtime: 0.0519
Best: 5500000  Loss: 0.051671 Regul: 0.018658 Obj: 0.070328 (0.070328)  NNZ: 12 (12)  Ttime: 1.4365 Vtime: 0.0520
Stat: nPR #88 (#96) Dim/MaxDim [704/640] AUC: 0.980375 FPR95: 10.26
Step: 5600000  Loss: 0.050190 Regul: 0.021278 Obj: 0.071468 (0.070328)  NNZ: 14 (12)  Ttime: 1.4213 Vtime: 0.0527
Step: 5700000  Loss: 0.049869 Regul: 0.024156 Obj: 0.074025 (0.070328)  NNZ: 13 (12)  Ttime: 1.4706 Vtime: 0.0520
Step: 5800000  Loss: 0.049793 Regul: 0.028499 Obj: 0.078291 (0.070328)  NNZ: 18 (12)  Ttime: 1.4539 Vtime: 0.0509
Step: 5900000  Loss: 0.060679 Regul: 0.015609 Obj: 0.076288 (0.070328)  NNZ: 12 (12)  Ttime: 1.4055 Vtime: 0.0521
Step: 6000000  Loss: 0.053567 Regul: 0.033371 Obj: 0.086938 (0.070328)  NNZ: 15 (12)  Ttime: 1.3988 Vtime: 0.0507
Step: 6100000  Loss: 0.057698 Regul: 0.018869 Obj: 0.076567 (0.070328)  NNZ: 11 (12)  Ttime: 1.3950 Vtime: 0.0515
Step: 6200000  Loss: 0.054402 Regul: 0.022115 Obj: 0.076517 (0.070328)  NNZ: 15 (12)  Ttime: 1.4015 Vtime: 0.0514
Step: 6300000  Loss: 0.052266 Regul: 0.019847 Obj: 0.072112 (0.070328)  NNZ: 13 (12)  Ttime: 1.4004 Vtime: 0.0519
Step: 6400000  Loss: 0.056921 Regul: 0.026537 Obj: 0.083458 (0.070328)  NNZ: 12 (12)  Ttime: 1.3979 Vtime: 0.0507
Step: 6500000  Loss: 0.061168 Regul: 0.019580 Obj: 0.080748 (0.070328)  NNZ: 15 (12)  Ttime: 1.4697 Vtime: 0.0513
Step: 6600000  Loss: 0.056180 Regul: 0.016312 Obj: 0.072492 (0.070328)  NNZ: 13 (12)  Ttime: 1.4881 Vtime: 0.0520
Step: 6700000  Loss: 0.054869 Regul: 0.017336 Obj: 0.072206 (0.070328)  NNZ: 12 (12)  Ttime: 1.4924 Vtime: 0.0531
Step: 6800000  Loss: 0.051900 Regul: 0.028578 Obj: 0.080478 (0.070328)  NNZ: 13 (12)  Ttime: 1.4788 Vtime: 0.0518
Step: 6900000  Loss: 0.053386 Regul: 0.028924 Obj: 0.082310 (0.070328)  NNZ: 13 (12)  Ttime: 1.4600 Vtime: 0.0518
Step: 7000000  Loss: 0.056295 Regul: 0.032044 Obj: 0.088340 (0.070328)  NNZ: 16 (12)  Ttime: 1.4450 Vtime: 0.0509
Step: 7100000  Loss: 0.051989 Regul: 0.034571 Obj: 0.086560 (0.070328)  NNZ: 18 (12)  Ttime: 1.3984 Vtime: 0.0514
Step: 7200000  Loss: 0.052732 Regul: 0.021920 Obj: 0.074653 (0.070328)  NNZ: 10 (12)  Ttime: 1.3967 Vtime: 0.0510
Step: 7300000  Loss: 0.052038 Regul: 0.033550 Obj: 0.085588 (0.070328)  NNZ: 17 (12)  Ttime: 1.4007 Vtime: 0.0514
Step: 7400000  Loss: 0.058468 Regul: 0.030740 Obj: 0.089208 (0.070328)  NNZ: 16 (12)  Ttime: 1.4042 Vtime: 0.0518
Step: 7500000  Loss: 0.061547 Regul: 0.015584 Obj: 0.077131 (0.070328)  NNZ: 13 (12)  Ttime: 1.4030 Vtime: 0.0518
Step: 7600000  Loss: 0.058606 Regul: 0.029045 Obj: 0.087651 (0.070328)  NNZ: 16 (12)  Ttime: 1.3966 Vtime: 0.0512
Step: 7700000  Loss: 0.051931 Regul: 0.030366 Obj: 0.082297 (0.070328)  NNZ: 21 (12)  Ttime: 1.3992 Vtime: 0.0514
Step: 7800000  Loss: 0.050921 Regul: 0.025082 Obj: 0.076003 (0.070328)  NNZ: 12 (12)  Ttime: 1.4003 Vtime: 0.0513
Step: 7900000  Loss: 0.069722 Regul: 0.021445 Obj: 0.091167 (0.070328)  NNZ: 13 (12)  Ttime: 1.3981 Vtime: 0.0518
Step: 8000000  Loss: 0.055514 Regul: 0.022371 Obj: 0.077885 (0.070328)  NNZ: 14 (12)  Ttime: 1.3961 Vtime: 0.0515
Step: 8100000  Loss: 0.051302 Regul: 0.028054 Obj: 0.079355 (0.070328)  NNZ: 14 (12)  Ttime: 1.4682 Vtime: 0.0516
Step: 8200000  Loss: 0.056533 Regul: 0.023214 Obj: 0.079747 (0.070328)  NNZ: 15 (12)  Ttime: 1.4096 Vtime: 0.0522
Step: 8300000  Loss: 0.057746 Regul: 0.022072 Obj: 0.079818 (0.070328)  NNZ: 14 (12)  Ttime: 1.3989 Vtime: 0.0511
Step: 8400000  Loss: 0.061230 Regul: 0.032940 Obj: 0.094170 (0.070328)  NNZ: 17 (12)  Ttime: 1.3997 Vtime: 0.0513
Step: 8500000  Loss: 0.057878 Regul: 0.035881 Obj: 0.093759 (0.070328)  NNZ: 19 (12)  Ttime: 1.4011 Vtime: 0.0514
Step: 8600000  Loss: 0.049731 Regul: 0.023343 Obj: 0.073075 (0.070328)  NNZ: 13 (12)  Ttime: 1.4029 Vtime: 0.0517
Step: 8700000  Loss: 0.054677 Regul: 0.031347 Obj: 0.086024 (0.070328)  NNZ: 16 (12)  Ttime: 1.3988 Vtime: 0.0515
Step: 8800000  Loss: 0.058575 Regul: 0.019630 Obj: 0.078205 (0.070328)  NNZ: 14 (12)  Ttime: 1.3989 Vtime: 0.0514
Step: 8900000  Loss: 0.054320 Regul: 0.037018 Obj: 0.091339 (0.070328)  NNZ: 23 (12)  Ttime: 1.4000 Vtime: 0.0520
Step: 9000000  Loss: 0.054096 Regul: 0.021871 Obj: 0.075967 (0.070328)  NNZ: 14 (12)  Ttime: 1.3992 Vtime: 0.0516
Step: 9100000  Loss: 0.054986 Regul: 0.024519 Obj: 0.079505 (0.070328)  NNZ: 15 (12)  Ttime: 1.3983 Vtime: 0.0521
Step: 9200000  Loss: 0.052157 Regul: 0.019580 Obj: 0.071737 (0.070328)  NNZ: 13 (12)  Ttime: 1.4012 Vtime: 0.0519
Step: 9300000  Loss: 0.075520 Regul: 0.030270 Obj: 0.105790 (0.070328)  NNZ: 16 (12)  Ttime: 1.4028 Vtime: 0.0517
Step: 9400000  Loss: 0.053075 Regul: 0.023552 Obj: 0.076626 (0.070328)  NNZ: 12 (12)  Ttime: 1.4036 Vtime: 0.0506
Step: 9500000  Loss: 0.051125 Regul: 0.020259 Obj: 0.071383 (0.070328)  NNZ: 13 (12)  Ttime: 1.3996 Vtime: 0.0508
Step: 9600000  Loss: 0.050631 Regul: 0.026815 Obj: 0.077446 (0.070328)  NNZ: 17 (12)  Ttime: 1.4079 Vtime: 0.0514
Step: 9700000  Loss: 0.056620 Regul: 0.017872 Obj: 0.074492 (0.070328)  NNZ: 14 (12)  Ttime: 1.4041 Vtime: 0.0516
Step: 9800000  Loss: 0.061491 Regul: 0.030135 Obj: 0.091626 (0.070328)  NNZ: 15 (12)  Ttime: 1.4008 Vtime: 0.0506
Step: 9900000  Loss: 0.059362 Regul: 0.031748 Obj: 0.091110 (0.070328)  NNZ: 15 (12)  Ttime: 1.4021 Vtime: 0.0508
Best: 10000000  Loss: 0.050350 Regul: 0.019841 Obj: 0.070191 (0.070191)  NNZ: 13 (13)  Ttime: 1.4010 Vtime: 0.0524
Stat: nPR #88 (#104) Dim/MaxDim [704/640] AUC: 0.980828 FPR95: 9.70
Best: 10100000  Loss: 0.051194 Regul: 0.017139 Obj: 0.068333 (0.068333)  NNZ: 14 (14)  Ttime: 1.4029 Vtime: 0.0513
Stat: nPR #96 (#112) Dim/MaxDim [768/640] AUC: 0.981251 FPR95: 9.17
Step: 10200000  Loss: 0.051920 Regul: 0.027120 Obj: 0.079039 (0.068333)  NNZ: 17 (14)  Ttime: 1.3992 Vtime: 0.0514
Step: 10300000  Loss: 0.049714 Regul: 0.026301 Obj: 0.076015 (0.068333)  NNZ: 15 (14)  Ttime: 1.4009 Vtime: 0.0514
Step: 10400000  Loss: 0.061760 Regul: 0.022657 Obj: 0.084417 (0.068333)  NNZ: 13 (14)  Ttime: 1.4046 Vtime: 0.0516
Step: 10500000  Loss: 0.053237 Regul: 0.017089 Obj: 0.070326 (0.068333)  NNZ: 11 (14)  Ttime: 1.4002 Vtime: 0.0510
Step: 10600000  Loss: 0.064888 Regul: 0.015881 Obj: 0.080769 (0.068333)  NNZ: 12 (14)  Ttime: 1.3962 Vtime: 0.0516
Step: 10700000  Loss: 0.065285 Regul: 0.017196 Obj: 0.082481 (0.068333)  NNZ: 11 (14)  Ttime: 1.3998 Vtime: 0.0510
Step: 10800000  Loss: 0.051979 Regul: 0.033058 Obj: 0.085037 (0.068333)  NNZ: 23 (14)  Ttime: 1.4001 Vtime: 0.0515
Step: 10900000  Loss: 0.059427 Regul: 0.029658 Obj: 0.089085 (0.068333)  NNZ: 19 (14)  Ttime: 1.4007 Vtime: 0.0513
Step: 11000000  Loss: 0.066669 Regul: 0.016790 Obj: 0.083459 (0.068333)  NNZ: 14 (14)  Ttime: 1.4002 Vtime: 0.0519
Step: 11100000  Loss: 0.057009 Regul: 0.014933 Obj: 0.071943 (0.068333)  NNZ: 13 (14)  Ttime: 1.4026 Vtime: 0.0512
Step: 11200000  Loss: 0.055528 Regul: 0.022459 Obj: 0.077987 (0.068333)  NNZ: 14 (14)  Ttime: 1.4008 Vtime: 0.0510
Step: 11300000  Loss: 0.069926 Regul: 0.015417 Obj: 0.085343 (0.068333)  NNZ: 12 (14)  Ttime: 1.4020 Vtime: 0.0509
Step: 11400000  Loss: 0.058775 Regul: 0.014925 Obj: 0.073700 (0.068333)  NNZ: 13 (14)  Ttime: 1.3987 Vtime: 0.0516
Step: 11500000  Loss: 0.052117 Regul: 0.025175 Obj: 0.077293 (0.068333)  NNZ: 15 (14)  Ttime: 1.3995 Vtime: 0.0518
Step: 11600000  Loss: 0.052141 Regul: 0.016740 Obj: 0.068881 (0.068333)  NNZ: 19 (14)  Ttime: 1.4057 Vtime: 0.0518
Step: 11700000  Loss: 0.055001 Regul: 0.024140 Obj: 0.079141 (0.068333)  NNZ: 21 (14)  Ttime: 1.4020 Vtime: 0.0520
Step: 11800000  Loss: 0.053844 Regul: 0.018803 Obj: 0.072647 (0.068333)  NNZ: 12 (14)  Ttime: 1.4028 Vtime: 0.0518
Step: 11900000  Loss: 0.053560 Regul: 0.025983 Obj: 0.079542 (0.068333)  NNZ: 16 (14)  Ttime: 1.4007 Vtime: 0.0514
Step: 12000000  Loss: 0.064384 Regul: 0.017696 Obj: 0.082080 (0.068333)  NNZ: 12 (14)  Ttime: 1.4029 Vtime: 0.0511
Step: 12100000  Loss: 0.060826 Regul: 0.021311 Obj: 0.082137 (0.068333)  NNZ: 12 (14)  Ttime: 1.3989 Vtime: 0.0508
Step: 12200000  Loss: 0.059572 Regul: 0.015367 Obj: 0.074940 (0.068333)  NNZ: 12 (14)  Ttime: 1.3993 Vtime: 0.0513
Step: 12300000  Loss: 0.052574 Regul: 0.021305 Obj: 0.073879 (0.068333)  NNZ: 16 (14)  Ttime: 1.4019 Vtime: 0.0511
Step: 12400000  Loss: 0.053327 Regul: 0.019495 Obj: 0.072823 (0.068333)  NNZ: 13 (14)  Ttime: 1.3984 Vtime: 0.0519
Step: 12500000  Loss: 0.051610 Regul: 0.017982 Obj: 0.069592 (0.068333)  NNZ: 15 (14)  Ttime: 1.3981 Vtime: 0.0511
Step: 12600000  Loss: 0.057616 Regul: 0.027504 Obj: 0.085120 (0.068333)  NNZ: 19 (14)  Ttime: 1.4067 Vtime: 0.0509
Step: 12700000  Loss: 0.053935 Regul: 0.027271 Obj: 0.081206 (0.068333)  NNZ: 16 (14)  Ttime: 1.4043 Vtime: 0.0515
Step: 12800000  Loss: 0.053672 Regul: 0.026565 Obj: 0.080237 (0.068333)  NNZ: 19 (14)  Ttime: 1.4040 Vtime: 0.0519
Step: 12900000  Loss: 0.057375 Regul: 0.026359 Obj: 0.083734 (0.068333)  NNZ: 17 (14)  Ttime: 1.4004 Vtime: 0.0510
Step: 13000000  Loss: 0.051988 Regul: 0.021407 Obj: 0.073394 (0.068333)  NNZ: 16 (14)  Ttime: 1.3913 Vtime: 0.0510
Step: 13100000  Loss: 0.052365 Regul: 0.018564 Obj: 0.070929 (0.068333)  NNZ: 15 (14)  Ttime: 1.4028 Vtime: 0.0519
Step: 13200000  Loss: 0.052807 Regul: 0.023486 Obj: 0.076293 (0.068333)  NNZ: 14 (14)  Ttime: 1.4077 Vtime: 0.0506
Step: 13300000  Loss: 0.052049 Regul: 0.024530 Obj: 0.076578 (0.068333)  NNZ: 18 (14)  Ttime: 1.4035 Vtime: 0.0515
Step: 13400000  Loss: 0.053580 Regul: 0.029226 Obj: 0.082807 (0.068333)  NNZ: 21 (14)  Ttime: 1.3998 Vtime: 0.0511
Step: 13500000  Loss: 0.072070 Regul: 0.019825 Obj: 0.091895 (0.068333)  NNZ: 14 (14)  Ttime: 1.3966 Vtime: 0.0518
Step: 13600000  Loss: 0.055168 Regul: 0.017413 Obj: 0.072582 (0.068333)  NNZ: 14 (14)  Ttime: 1.4021 Vtime: 0.0520
Step: 13700000  Loss: 0.051564 Regul: 0.021434 Obj: 0.072998 (0.068333)  NNZ: 17 (14)  Ttime: 1.4064 Vtime: 0.0514
Step: 13800000  Loss: 0.054004 Regul: 0.021162 Obj: 0.075166 (0.068333)  NNZ: 13 (14)  Ttime: 1.4043 Vtime: 0.0516
Step: 13900000  Loss: 0.053291 Regul: 0.023511 Obj: 0.076801 (0.068333)  NNZ: 18 (14)  Ttime: 1.3963 Vtime: 0.0507
Step: 14000000  Loss: 0.064337 Regul: 0.017902 Obj: 0.082240 (0.068333)  NNZ: 11 (14)  Ttime: 1.4010 Vtime: 0.0511
Step: 14100000  Loss: 0.054753 Regul: 0.017746 Obj: 0.072499 (0.068333)  NNZ: 11 (14)  Ttime: 1.3988 Vtime: 0.0517
Step: 14200000  Loss: 0.050969 Regul: 0.021132 Obj: 0.072101 (0.068333)  NNZ: 16 (14)  Ttime: 1.4020 Vtime: 0.0516
Step: 14300000  Loss: 0.056491 Regul: 0.017878 Obj: 0.074369 (0.068333)  NNZ: 16 (14)  Ttime: 1.3974 Vtime: 0.0510
Step: 14400000  Loss: 0.054301 Regul: 0.022706 Obj: 0.077007 (0.068333)  NNZ: 12 (14)  Ttime: 1.4002 Vtime: 0.0514
Step: 14500000  Loss: 0.049384 Regul: 0.019850 Obj: 0.069234 (0.068333)  NNZ: 17 (14)  Ttime: 1.3989 Vtime: 0.0508
Step: 14600000  Loss: 0.050370 Regul: 0.022503 Obj: 0.072873 (0.068333)  NNZ: 16 (14)  Ttime: 1.3968 Vtime: 0.0516
Step: 14700000  Loss: 0.050465 Regul: 0.020223 Obj: 0.070688 (0.068333)  NNZ: 15 (14)  Ttime: 1.4015 Vtime: 0.0507
Step: 14800000  Loss: 0.057219 Regul: 0.018062 Obj: 0.075280 (0.068333)  NNZ: 14 (14)  Ttime: 1.4009 Vtime: 0.0517
Step: 14900000  Loss: 0.060589 Regul: 0.015963 Obj: 0.076552 (0.068333)  NNZ: 9 (14)  Ttime: 1.4037 Vtime: 0.0515
Step: 15000000  Loss: 0.051838 Regul: 0.022651 Obj: 0.074489 (0.068333)  NNZ: 14 (14)  Ttime: 1.3997 Vtime: 0.0510
Step: 15100000  Loss: 0.056658 Regul: 0.018743 Obj: 0.075401 (0.068333)  NNZ: 20 (14)  Ttime: 1.4016 Vtime: 0.0521
Step: 15200000  Loss: 0.058183 Regul: 0.017971 Obj: 0.076154 (0.068333)  NNZ: 13 (14)  Ttime: 1.4015 Vtime: 0.0517
Step: 15300000  Loss: 0.050785 Regul: 0.029180 Obj: 0.079964 (0.068333)  NNZ: 27 (14)  Ttime: 1.3977 Vtime: 0.0515
Step: 15400000  Loss: 0.051315 Regul: 0.019797 Obj: 0.071112 (0.068333)  NNZ: 19 (14)  Ttime: 1.4035 Vtime: 0.0523
Step: 15500000  Loss: 0.062167 Regul: 0.022083 Obj: 0.084249 (0.068333)  NNZ: 17 (14)  Ttime: 1.3963 Vtime: 0.0514
Step: 15600000  Loss: 0.050820 Regul: 0.021267 Obj: 0.072086 (0.068333)  NNZ: 25 (14)  Ttime: 1.3954 Vtime: 0.0514
Step: 15700000  Loss: 0.061968 Regul: 0.027705 Obj: 0.089673 (0.068333)  NNZ: 23 (14)  Ttime: 1.3977 Vtime: 0.0517
Step: 15800000  Loss: 0.051872 Regul: 0.020319 Obj: 0.072191 (0.068333)  NNZ: 15 (14)  Ttime: 1.3954 Vtime: 0.0512
Step: 15900000  Loss: 0.051578 Regul: 0.021555 Obj: 0.073133 (0.068333)  NNZ: 21 (14)  Ttime: 1.3983 Vtime: 0.0518
Step: 16000000  Loss: 0.053030 Regul: 0.027554 Obj: 0.080583 (0.068333)  NNZ: 20 (14)  Ttime: 1.4008 Vtime: 0.0509
Step: 16100000  Loss: 0.077195 Regul: 0.011041 Obj: 0.088236 (0.068333)  NNZ: 9 (14)  Ttime: 1.3966 Vtime: 0.0518
Step: 16200000  Loss: 0.053751 Regul: 0.020089 Obj: 0.073840 (0.068333)  NNZ: 18 (14)  Ttime: 1.3999 Vtime: 0.0523
Step: 16300000  Loss: 0.052334 Regul: 0.025411 Obj: 0.077746 (0.068333)  NNZ: 19 (14)  Ttime: 1.3959 Vtime: 0.0524
Step: 16400000  Loss: 0.052381 Regul: 0.024126 Obj: 0.076507 (0.068333)  NNZ: 24 (14)  Ttime: 1.4026 Vtime: 0.0509
Step: 16500000  Loss: 0.052061 Regul: 0.022923 Obj: 0.074984 (0.068333)  NNZ: 17 (14)  Ttime: 1.3993 Vtime: 0.0514
Step: 16600000  Loss: 0.051965 Regul: 0.025351 Obj: 0.077316 (0.068333)  NNZ: 15 (14)  Ttime: 1.4019 Vtime: 0.0510
Step: 16700000  Loss: 0.055281 Regul: 0.020720 Obj: 0.076001 (0.068333)  NNZ: 17 (14)  Ttime: 1.3985 Vtime: 0.0508
Step: 16800000  Loss: 0.057867 Regul: 0.017985 Obj: 0.075852 (0.068333)  NNZ: 18 (14)  Ttime: 1.4050 Vtime: 0.0524
Step: 16900000  Loss: 0.054641 Regul: 0.015716 Obj: 0.070357 (0.068333)  NNZ: 13 (14)  Ttime: 1.4009 Vtime: 0.0510
Step: 17000000  Loss: 0.061621 Regul: 0.013178 Obj: 0.074799 (0.068333)  NNZ: 14 (14)  Ttime: 1.4034 Vtime: 0.0513
Step: 17100000  Loss: 0.050394 Regul: 0.024313 Obj: 0.074707 (0.068333)  NNZ: 19 (14)  Ttime: 1.4066 Vtime: 0.0513
Step: 17200000  Loss: 0.054218 Regul: 0.020050 Obj: 0.074268 (0.068333)  NNZ: 15 (14)  Ttime: 1.4029 Vtime: 0.0524
Step: 17300000  Loss: 0.057173 Regul: 0.022994 Obj: 0.080168 (0.068333)  NNZ: 16 (14)  Ttime: 1.3998 Vtime: 0.0515
Step: 17400000  Loss: 0.057602 Regul: 0.020045 Obj: 0.077647 (0.068333)  NNZ: 19 (14)  Ttime: 1.3991 Vtime: 0.0512
Step: 17500000  Loss: 0.049695 Regul: 0.021270 Obj: 0.070964 (0.068333)  NNZ: 14 (14)  Ttime: 1.4064 Vtime: 0.0518
Step: 17600000  Loss: 0.056146 Regul: 0.019177 Obj: 0.075323 (0.068333)  NNZ: 18 (14)  Ttime: 1.3989 Vtime: 0.0517
Step: 17700000  Loss: 0.050644 Regul: 0.018847 Obj: 0.069491 (0.068333)  NNZ: 16 (14)  Ttime: 1.3998 Vtime: 0.0510
Step: 17800000  Loss: 0.070448 Regul: 0.029312 Obj: 0.099760 (0.068333)  NNZ: 22 (14)  Ttime: 1.4049 Vtime: 0.0513
Step: 17900000  Loss: 0.092793 Regul: 0.024714 Obj: 0.117507 (0.068333)  NNZ: 20 (14)  Ttime: 1.3999 Vtime: 0.0517
Step: 18000000  Loss: 0.052379 Regul: 0.023302 Obj: 0.075681 (0.068333)  NNZ: 22 (14)  Ttime: 1.4038 Vtime: 0.0511
Step: 18100000  Loss: 0.062249 Regul: 0.016699 Obj: 0.078949 (0.068333)  NNZ: 14 (14)  Ttime: 1.4020 Vtime: 0.0517
Step: 18200000  Loss: 0.053911 Regul: 0.030526 Obj: 0.084436 (0.068333)  NNZ: 26 (14)  Ttime: 1.4049 Vtime: 0.0521
Step: 18300000  Loss: 0.082072 Regul: 0.029658 Obj: 0.111729 (0.068333)  NNZ: 24 (14)  Ttime: 1.3942 Vtime: 0.0517
Step: 18400000  Loss: 0.062306 Regul: 0.013727 Obj: 0.076034 (0.068333)  NNZ: 12 (14)  Ttime: 1.4046 Vtime: 0.0514
Step: 18500000  Loss: 0.058329 Regul: 0.021385 Obj: 0.079714 (0.068333)  NNZ: 16 (14)  Ttime: 1.4027 Vtime: 0.0518
Step: 18600000  Loss: 0.089912 Regul: 0.024598 Obj: 0.114510 (0.068333)  NNZ: 20 (14)  Ttime: 1.4030 Vtime: 0.0519
Step: 18700000  Loss: 0.060763 Regul: 0.019638 Obj: 0.080401 (0.068333)  NNZ: 14 (14)  Ttime: 1.4056 Vtime: 0.0509
Step: 18800000  Loss: 0.050744 Regul: 0.022313 Obj: 0.073057 (0.068333)  NNZ: 20 (14)  Ttime: 1.4026 Vtime: 0.0512
Step: 18900000  Loss: 0.058094 Regul: 0.014683 Obj: 0.072777 (0.068333)  NNZ: 13 (14)  Ttime: 1.4068 Vtime: 0.0513
Step: 19000000  Loss: 0.053379 Regul: 0.019122 Obj: 0.072500 (0.068333)  NNZ: 16 (14)  Ttime: 1.3998 Vtime: 0.0513
Step: 19100000  Loss: 0.050976 Regul: 0.022890 Obj: 0.073866 (0.068333)  NNZ: 14 (14)  Ttime: 1.4047 Vtime: 0.0510
Step: 19200000  Loss: 0.062007 Regul: 0.016655 Obj: 0.078662 (0.068333)  NNZ: 17 (14)  Ttime: 1.4088 Vtime: 0.0511
Step: 19300000  Loss: 0.056171 Regul: 0.015518 Obj: 0.071690 (0.068333)  NNZ: 14 (14)  Ttime: 1.4076 Vtime: 0.0515
Step: 19400000  Loss: 0.053708 Regul: 0.016683 Obj: 0.070391 (0.068333)  NNZ: 17 (14)  Ttime: 1.4026 Vtime: 0.0512
Step: 19500000  Loss: 0.102828 Regul: 0.021050 Obj: 0.123878 (0.068333)  NNZ: 22 (14)  Ttime: 1.4051 Vtime: 0.0506
Step: 19600000  Loss: 0.051170 Regul: 0.020017 Obj: 0.071187 (0.068333)  NNZ: 16 (14)  Ttime: 1.4031 Vtime: 0.0514
Step: 19700000  Loss: 0.051913 Regul: 0.022247 Obj: 0.074160 (0.068333)  NNZ: 17 (14)  Ttime: 1.4002 Vtime: 0.0518
Step: 19800000  Loss: 0.050103 Regul: 0.020374 Obj: 0.070477 (0.068333)  NNZ: 18 (14)  Ttime: 1.3988 Vtime: 0.0520
Step: 19900000  Loss: 0.051489 Regul: 0.020034 Obj: 0.071522 (0.068333)  NNZ: 17 (14)  Ttime: 1.4040 Vtime: 0.0519
Step: 20000000  Loss: 0.059571 Regul: 0.018215 Obj: 0.077786 (0.068333)  NNZ: 18 (14)  Ttime: 1.4007 Vtime: 0.0511
Step: 20100000  Loss: 0.052777 Regul: 0.017693 Obj: 0.070470 (0.068333)  NNZ: 18 (14)  Ttime: 1.3974 Vtime: 0.0512
Step: 20200000  Loss: 0.052375 Regul: 0.017803 Obj: 0.070178 (0.068333)  NNZ: 16 (14)  Ttime: 1.4033 Vtime: 0.0513
Step: 20300000  Loss: 0.054542 Regul: 0.016326 Obj: 0.070868 (0.068333)  NNZ: 16 (14)  Ttime: 1.4006 Vtime: 0.0508
Step: 20400000  Loss: 0.062748 Regul: 0.016040 Obj: 0.078788 (0.068333)  NNZ: 15 (14)  Ttime: 1.4036 Vtime: 0.0512
Step: 20500000  Loss: 0.054773 Regul: 0.017155 Obj: 0.071928 (0.068333)  NNZ: 19 (14)  Ttime: 1.4012 Vtime: 0.0513
Step: 20600000  Loss: 0.057352 Regul: 0.015694 Obj: 0.073046 (0.068333)  NNZ: 15 (14)  Ttime: 1.4279 Vtime: 0.0508
Step: 20700000  Loss: 0.065248 Regul: 0.014068 Obj: 0.079316 (0.068333)  NNZ: 13 (14)  Ttime: 1.4719 Vtime: 0.0521
Step: 20800000  Loss: 0.057961 Regul: 0.024851 Obj: 0.082812 (0.068333)  NNZ: 16 (14)  Ttime: 1.4928 Vtime: 0.0522
Step: 20900000  Loss: 0.057034 Regul: 0.018105 Obj: 0.075140 (0.068333)  NNZ: 14 (14)  Ttime: 1.4725 Vtime: 0.0525
Step: 21000000  Loss: 0.059750 Regul: 0.015595 Obj: 0.075345 (0.068333)  NNZ: 13 (14)  Ttime: 1.4321 Vtime: 0.0520
Step: 21100000  Loss: 0.049473 Regul: 0.020720 Obj: 0.070193 (0.068333)  NNZ: 19 (14)  Ttime: 1.4358 Vtime: 0.0516
Step: 21200000  Loss: 0.053360 Regul: 0.019594 Obj: 0.072954 (0.068333)  NNZ: 15 (14)  Ttime: 1.4030 Vtime: 0.0509
Step: 21300000  Loss: 0.059177 Regul: 0.025587 Obj: 0.084764 (0.068333)  NNZ: 24 (14)  Ttime: 1.4733 Vtime: 0.0515
Step: 21400000  Loss: 0.055469 Regul: 0.019929 Obj: 0.075398 (0.068333)  NNZ: 22 (14)  Ttime: 1.4929 Vtime: 0.0533
Step: 21500000  Loss: 0.050907 Regul: 0.019962 Obj: 0.070869 (0.068333)  NNZ: 15 (14)  Ttime: 1.5253 Vtime: 0.0526
Step: 21600000  Loss: 0.056773 Regul: 0.017243 Obj: 0.074016 (0.068333)  NNZ: 17 (14)  Ttime: 1.4859 Vtime: 0.0535
Step: 21700000  Loss: 0.055029 Regul: 0.014667 Obj: 0.069696 (0.068333)  NNZ: 12 (14)  Ttime: 1.4839 Vtime: 0.0517
Step: 21800000  Loss: 0.051054 Regul: 0.017424 Obj: 0.068479 (0.068333)  NNZ: 16 (14)  Ttime: 1.4051 Vtime: 0.0511
Step: 21900000  Loss: 0.058516 Regul: 0.014826 Obj: 0.073342 (0.068333)  NNZ: 11 (14)  Ttime: 1.4083 Vtime: 0.0517
Step: 22000000  Loss: 0.061284 Regul: 0.012596 Obj: 0.073880 (0.068333)  NNZ: 14 (14)  Ttime: 1.4256 Vtime: 0.0508
Step: 22100000  Loss: 0.117263 Regul: 0.008893 Obj: 0.126157 (0.068333)  NNZ: 10 (14)  Ttime: 1.4108 Vtime: 0.0517
Step: 22200000  Loss: 0.055752 Regul: 0.018045 Obj: 0.073797 (0.068333)  NNZ: 14 (14)  Ttime: 1.4041 Vtime: 0.0525
Step: 22300000  Loss: 0.052927 Regul: 0.020143 Obj: 0.073070 (0.068333)  NNZ: 15 (14)  Ttime: 1.4093 Vtime: 0.0519
Step: 22400000  Loss: 0.057023 Regul: 0.014974 Obj: 0.071997 (0.068333)  NNZ: 15 (14)  Ttime: 1.4161 Vtime: 0.0519
Step: 22500000  Loss: 0.060938 Regul: 0.013744 Obj: 0.074682 (0.068333)  NNZ: 13 (14)  Ttime: 1.4020 Vtime: 0.0517
Step: 22600000  Loss: 0.052474 Regul: 0.019484 Obj: 0.071958 (0.068333)  NNZ: 16 (14)  Ttime: 1.4120 Vtime: 0.0514
Step: 22700000  Loss: 0.058490 Regul: 0.015579 Obj: 0.074069 (0.068333)  NNZ: 13 (14)  Ttime: 1.4044 Vtime: 0.0521
Step: 22800000  Loss: 0.062355 Regul: 0.014271 Obj: 0.076626 (0.068333)  NNZ: 14 (14)  Ttime: 1.3990 Vtime: 0.0509
Step: 22900000  Loss: 0.104898 Regul: 0.021193 Obj: 0.126091 (0.068333)  NNZ: 23 (14)  Ttime: 1.4024 Vtime: 0.0527
Step: 23000000  Loss: 0.059443 Regul: 0.018600 Obj: 0.078043 (0.068333)  NNZ: 18 (14)  Ttime: 1.3951 Vtime: 0.0518
Step: 23100000  Loss: 0.064220 Regul: 0.013359 Obj: 0.077580 (0.068333)  NNZ: 15 (14)  Ttime: 1.4064 Vtime: 0.0513
Step: 23200000  Loss: 0.063841 Regul: 0.014788 Obj: 0.078628 (0.068333)  NNZ: 14 (14)  Ttime: 1.4058 Vtime: 0.0509
Step: 23300000  Loss: 0.053920 Regul: 0.022522 Obj: 0.076442 (0.068333)  NNZ: 18 (14)  Ttime: 1.4039 Vtime: 0.0515
Step: 23400000  Loss: 0.062458 Regul: 0.012766 Obj: 0.075224 (0.068333)  NNZ: 12 (14)  Ttime: 1.4069 Vtime: 0.0508
Step: 23500000  Loss: 0.054150 Regul: 0.016820 Obj: 0.070970 (0.068333)  NNZ: 15 (14)  Ttime: 1.4084 Vtime: 0.0511
Step: 23600000  Loss: 0.065626 Regul: 0.021594 Obj: 0.087220 (0.068333)  NNZ: 17 (14)  Ttime: 1.4148 Vtime: 0.0512
Step: 23700000  Loss: 0.054153 Regul: 0.016765 Obj: 0.070918 (0.068333)  NNZ: 13 (14)  Ttime: 1.4114 Vtime: 0.0512
Step: 23800000  Loss: 0.055444 Regul: 0.015370 Obj: 0.070813 (0.068333)  NNZ: 14 (14)  Ttime: 1.4029 Vtime: 0.0515
Step: 23900000  Loss: 0.052566 Regul: 0.016194 Obj: 0.068760 (0.068333)  NNZ: 16 (14)  Ttime: 1.4083 Vtime: 0.0511
Step: 24000000  Loss: 0.059137 Regul: 0.022604 Obj: 0.081741 (0.068333)  NNZ: 15 (14)  Ttime: 1.4090 Vtime: 0.0519
Step: 24100000  Loss: 0.054033 Regul: 0.016232 Obj: 0.070266 (0.068333)  NNZ: 15 (14)  Ttime: 1.4055 Vtime: 0.0518
Step: 24200000  Loss: 0.056706 Regul: 0.020539 Obj: 0.077244 (0.068333)  NNZ: 15 (14)  Ttime: 1.4046 Vtime: 0.0516
Step: 24300000  Loss: 0.059232 Regul: 0.016979 Obj: 0.076211 (0.068333)  NNZ: 18 (14)  Ttime: 1.4091 Vtime: 0.0506
Step: 24400000  Loss: 0.055519 Regul: 0.016523 Obj: 0.072043 (0.068333)  NNZ: 12 (14)  Ttime: 1.4024 Vtime: 0.0515
Step: 24500000  Loss: 0.053451 Regul: 0.016013 Obj: 0.069464 (0.068333)  NNZ: 18 (14)  Ttime: 1.4072 Vtime: 0.0519
Step: 24600000  Loss: 0.053273 Regul: 0.023082 Obj: 0.076356 (0.068333)  NNZ: 27 (14)  Ttime: 1.4023 Vtime: 0.0517
Step: 24700000  Loss: 0.054406 Regul: 0.018292 Obj: 0.072698 (0.068333)  NNZ: 18 (14)  Ttime: 1.4075 Vtime: 0.0512
Step: 24800000  Loss: 0.057182 Regul: 0.018353 Obj: 0.075535 (0.068333)  NNZ: 15 (14)  Ttime: 1.4088 Vtime: 0.0515
Step: 24900000  Loss: 0.050965 Regul: 0.024494 Obj: 0.075459 (0.068333)  NNZ: 19 (14)  Ttime: 1.4669 Vtime: 0.0523
Step: 25000000  Loss: 0.053332 Regul: 0.017067 Obj: 0.070399 (0.068333)  NNZ: 14 (14)  Ttime: 1.5171 Vtime: 0.0535
Step: 25100000  Loss: 0.052394 Regul: 0.018770 Obj: 0.071164 (0.068333)  NNZ: 16 (14)  Ttime: 1.4964 Vtime: 0.0514
Step: 25200000  Loss: 0.055264 Regul: 0.016501 Obj: 0.071766 (0.068333)  NNZ: 13 (14)  Ttime: 1.4745 Vtime: 0.0527
Step: 25300000  Loss: 0.052987 Regul: 0.017809 Obj: 0.070795 (0.068333)  NNZ: 17 (14)  Ttime: 1.4540 Vtime: 0.0519
Step: 25400000  Loss: 0.051789 Regul: 0.020226 Obj: 0.072015 (0.068333)  NNZ: 22 (14)  Ttime: 1.4660 Vtime: 0.0515
Step: 25500000  Loss: 0.058346 Regul: 0.018770 Obj: 0.077116 (0.068333)  NNZ: 16 (14)  Ttime: 1.4439 Vtime: 0.0510
Step: 25600000  Loss: 0.055368 Regul: 0.018853 Obj: 0.074221 (0.068333)  NNZ: 15 (14)  Ttime: 1.4470 Vtime: 0.0556
Step: 25700000  Loss: 0.066706 Regul: 0.014409 Obj: 0.081115 (0.068333)  NNZ: 13 (14)  Ttime: 1.4999 Vtime: 0.0521
Step: 25800000  Loss: 0.055170 Regul: 0.017996 Obj: 0.073165 (0.068333)  NNZ: 14 (14)  Ttime: 1.4761 Vtime: 0.0522
Step: 25900000  Loss: 0.075719 Regul: 0.013074 Obj: 0.088793 (0.068333)  NNZ: 15 (14)  Ttime: 1.4060 Vtime: 0.0507
Step: 26000000  Loss: 0.072057 Regul: 0.013612 Obj: 0.085669 (0.068333)  NNZ: 16 (14)  Ttime: 1.4055 Vtime: 0.0519
Step: 26100000  Loss: 0.052205 Regul: 0.019957 Obj: 0.072162 (0.068333)  NNZ: 19 (14)  Ttime: 1.4076 Vtime: 0.0511
Step: 26200000  Loss: 0.053983 Regul: 0.017606 Obj: 0.071589 (0.068333)  NNZ: 13 (14)  Ttime: 1.4078 Vtime: 0.0515
Step: 26300000  Loss: 0.053305 Regul: 0.018243 Obj: 0.071548 (0.068333)  NNZ: 18 (14)  Ttime: 1.4606 Vtime: 0.0508
Step: 26400000  Loss: 0.067676 Regul: 0.011349 Obj: 0.079024 (0.068333)  NNZ: 11 (14)  Ttime: 1.5115 Vtime: 0.0513
Step: 26500000  Loss: 0.052939 Regul: 0.021121 Obj: 0.074061 (0.068333)  NNZ: 16 (14)  Ttime: 1.5209 Vtime: 0.0539
Step: 26600000  Loss: 0.053082 Regul: 0.018677 Obj: 0.071759 (0.068333)  NNZ: 16 (14)  Ttime: 1.4919 Vtime: 0.0530
Step: 26700000  Loss: 0.057836 Regul: 0.014095 Obj: 0.071931 (0.068333)  NNZ: 13 (14)  Ttime: 1.4336 Vtime: 0.0510
Step: 26800000  Loss: 0.057736 Regul: 0.015266 Obj: 0.073001 (0.068333)  NNZ: 15 (14)  Ttime: 1.4209 Vtime: 0.0513
Step: 26900000  Loss: 0.056945 Regul: 0.014985 Obj: 0.071931 (0.068333)  NNZ: 15 (14)  Ttime: 1.4135 Vtime: 0.0508
Step: 27000000  Loss: 0.057435 Regul: 0.015568 Obj: 0.073003 (0.068333)  NNZ: 15 (14)  Ttime: 1.4154 Vtime: 0.0514
Step: 27100000  Loss: 0.060325 Regul: 0.019363 Obj: 0.079688 (0.068333)  NNZ: 23 (14)  Ttime: 1.4103 Vtime: 0.0512
Step: 27200000  Loss: 0.053564 Regul: 0.016820 Obj: 0.070384 (0.068333)  NNZ: 15 (14)  Ttime: 1.4129 Vtime: 0.0511
Step: 27300000  Loss: 0.061549 Regul: 0.012596 Obj: 0.074145 (0.068333)  NNZ: 16 (14)  Ttime: 1.4139 Vtime: 0.0513
Step: 27400000  Loss: 0.064997 Regul: 0.015430 Obj: 0.080427 (0.068333)  NNZ: 12 (14)  Ttime: 1.4035 Vtime: 0.0511
Step: 27500000  Loss: 0.062374 Regul: 0.013134 Obj: 0.075509 (0.068333)  NNZ: 13 (14)  Ttime: 1.4173 Vtime: 0.0510
Step: 27600000  Loss: 0.059201 Regul: 0.020429 Obj: 0.079631 (0.068333)  NNZ: 19 (14)  Ttime: 1.4093 Vtime: 0.0515
Step: 27700000  Loss: 0.076559 Regul: 0.011398 Obj: 0.087957 (0.068333)  NNZ: 8 (14)  Ttime: 1.4088 Vtime: 0.0514
Step: 27800000  Loss: 0.057539 Regul: 0.018430 Obj: 0.075969 (0.068333)  NNZ: 22 (14)  Ttime: 1.4046 Vtime: 0.0509
Step: 27900000  Loss: 0.062540 Regul: 0.014980 Obj: 0.077520 (0.068333)  NNZ: 15 (14)  Ttime: 1.4057 Vtime: 0.0518
Step: 28000000  Loss: 0.056104 Regul: 0.014667 Obj: 0.070771 (0.068333)  NNZ: 14 (14)  Ttime: 1.4105 Vtime: 0.0512
Step: 28100000  Loss: 0.055611 Regul: 0.015540 Obj: 0.071151 (0.068333)  NNZ: 16 (14)  Ttime: 1.4091 Vtime: 0.0518
Step: 28200000  Loss: 0.070436 Regul: 0.019413 Obj: 0.089849 (0.068333)  NNZ: 20 (14)  Ttime: 1.4052 Vtime: 0.0519
Step: 28300000  Loss: 0.098011 Regul: 0.017040 Obj: 0.115051 (0.068333)  NNZ: 15 (14)  Ttime: 1.4057 Vtime: 0.0519
Step: 28400000  Loss: 0.055950 Regul: 0.015727 Obj: 0.071677 (0.068333)  NNZ: 16 (14)  Ttime: 1.4066 Vtime: 0.0514
Step: 28500000  Loss: 0.050488 Regul: 0.023137 Obj: 0.073625 (0.068333)  NNZ: 21 (14)  Ttime: 1.4077 Vtime: 0.0513
Step: 28600000  Loss: 0.057755 Regul: 0.013431 Obj: 0.071186 (0.068333)  NNZ: 13 (14)  Ttime: 1.4085 Vtime: 0.0512
Step: 28700000  Loss: 0.051250 Regul: 0.018160 Obj: 0.069411 (0.068333)  NNZ: 16 (14)  Ttime: 1.4101 Vtime: 0.0519
Step: 28800000  Loss: 0.052822 Regul: 0.019297 Obj: 0.072119 (0.068333)  NNZ: 18 (14)  Ttime: 1.4110 Vtime: 0.0515
Step: 28900000  Loss: 0.052566 Regul: 0.017666 Obj: 0.070232 (0.068333)  NNZ: 20 (14)  Ttime: 1.4080 Vtime: 0.0512
Step: 29000000  Loss: 0.056549 Regul: 0.015216 Obj: 0.071765 (0.068333)  NNZ: 12 (14)  Ttime: 1.4081 Vtime: 0.0515
Step: 29100000  Loss: 0.068458 Regul: 0.011563 Obj: 0.080021 (0.068333)  NNZ: 10 (14)  Ttime: 1.4077 Vtime: 0.0515
Step: 29200000  Loss: 0.076212 Regul: 0.018556 Obj: 0.094768 (0.068333)  NNZ: 21 (14)  Ttime: 1.4561 Vtime: 0.0528
Step: 29300000  Loss: 0.053660 Regul: 0.019363 Obj: 0.073023 (0.068333)  NNZ: 19 (14)  Ttime: 1.4725 Vtime: 0.0510
Step: 29400000  Loss: 0.064212 Regul: 0.015485 Obj: 0.079697 (0.068333)  NNZ: 17 (14)  Ttime: 1.4563 Vtime: 0.0513
Step: 29500000  Loss: 0.074548 Regul: 0.016337 Obj: 0.090884 (0.068333)  NNZ: 22 (14)  Ttime: 1.4344 Vtime: 0.0509
Step: 29600000  Loss: 0.062826 Regul: 0.012535 Obj: 0.075361 (0.068333)  NNZ: 14 (14)  Ttime: 1.4350 Vtime: 0.0525
Step: 29700000  Loss: 0.057865 Regul: 0.014084 Obj: 0.071950 (0.068333)  NNZ: 17 (14)  Ttime: 1.4275 Vtime: 0.0514
Step: 29800000  Loss: 0.072290 Regul: 0.011118 Obj: 0.083408 (0.068333)  NNZ: 14 (14)  Ttime: 1.4394 Vtime: 0.0522
Step: 29900000  Loss: 0.064401 Regul: 0.012178 Obj: 0.076580 (0.068333)  NNZ: 13 (14)  Ttime: 1.4103 Vtime: 0.0522
Step: 30000000  Loss: 0.054002 Regul: 0.015650 Obj: 0.069652 (0.068333)  NNZ: 17 (14)  Ttime: 1.4057 Vtime: 0.0523
Step: 30100000  Loss: 0.058055 Regul: 0.016282 Obj: 0.074337 (0.068333)  NNZ: 14 (14)  Ttime: 1.4088 Vtime: 0.0510
Step: 30200000  Loss: 0.061964 Regul: 0.013672 Obj: 0.075637 (0.068333)  NNZ: 12 (14)  Ttime: 1.4095 Vtime: 0.0511
Step: 30300000  Loss: 0.068154 Regul: 0.014277 Obj: 0.082431 (0.068333)  NNZ: 13 (14)  Ttime: 1.4063 Vtime: 0.0516
Step: 30400000  Loss: 0.051664 Regul: 0.018342 Obj: 0.070006 (0.068333)  NNZ: 18 (14)  Ttime: 1.3984 Vtime: 0.0511
Step: 30500000  Loss: 0.053754 Regul: 0.018820 Obj: 0.072574 (0.068333)  NNZ: 18 (14)  Ttime: 1.4061 Vtime: 0.0507
Step: 30600000  Loss: 0.059750 Regul: 0.013409 Obj: 0.073159 (0.068333)  NNZ: 14 (14)  Ttime: 1.4071 Vtime: 0.0514
Step: 30700000  Loss: 0.056242 Regul: 0.015782 Obj: 0.072024 (0.068333)  NNZ: 14 (14)  Ttime: 1.4101 Vtime: 0.0515
Step: 30800000  Loss: 0.057405 Regul: 0.013656 Obj: 0.071061 (0.068333)  NNZ: 14 (14)  Ttime: 1.4788 Vtime: 0.0527
Step: 30900000  Loss: 0.053049 Regul: 0.017776 Obj: 0.070825 (0.068333)  NNZ: 14 (14)  Ttime: 1.4635 Vtime: 0.0514
Step: 31000000  Loss: 0.049568 Regul: 0.020314 Obj: 0.069882 (0.068333)  NNZ: 19 (14)  Ttime: 1.4163 Vtime: 0.0512
Step: 31100000  Loss: 0.049482 Regul: 0.022006 Obj: 0.071487 (0.068333)  NNZ: 20 (14)  Ttime: 1.4105 Vtime: 0.0511
Step: 31200000  Loss: 0.066780 Regul: 0.011321 Obj: 0.078101 (0.068333)  NNZ: 15 (14)  Ttime: 1.4037 Vtime: 0.0510
Step: 31300000  Loss: 0.053731 Regul: 0.016655 Obj: 0.070386 (0.068333)  NNZ: 14 (14)  Ttime: 1.4038 Vtime: 0.0508
Step: 31400000  Loss: 0.065295 Regul: 0.013337 Obj: 0.078632 (0.068333)  NNZ: 16 (14)  Ttime: 1.4179 Vtime: 0.0520
Step: 31500000  Loss: 0.067121 Regul: 0.014672 Obj: 0.081794 (0.068333)  NNZ: 13 (14)  Ttime: 1.4251 Vtime: 0.0522
Step: 31600000  Loss: 0.069373 Regul: 0.011799 Obj: 0.081172 (0.068333)  NNZ: 12 (14)  Ttime: 1.4172 Vtime: 0.0516
Step: 31700000  Loss: 0.089939 Regul: 0.014612 Obj: 0.104550 (0.068333)  NNZ: 17 (14)  Ttime: 1.4097 Vtime: 0.0514
Step: 31800000  Loss: 0.066200 Regul: 0.012876 Obj: 0.079076 (0.068333)  NNZ: 15 (14)  Ttime: 1.4452 Vtime: 0.0531
Step: 31900000  Loss: 0.062243 Regul: 0.013760 Obj: 0.076003 (0.068333)  NNZ: 13 (14)  Ttime: 1.4598 Vtime: 0.0520
Step: 32000000  Loss: 0.053261 Regul: 0.016287 Obj: 0.069549 (0.068333)  NNZ: 17 (14)  Ttime: 1.4157 Vtime: 0.0521
Step: 32100000  Loss: 0.055291 Regul: 0.015776 Obj: 0.071067 (0.068333)  NNZ: 14 (14)  Ttime: 1.4212 Vtime: 0.0514
Step: 32200000  Loss: 0.065666 Regul: 0.014540 Obj: 0.080206 (0.068333)  NNZ: 13 (14)  Ttime: 1.4220 Vtime: 0.0516
Step: 32300000  Loss: 0.077848 Regul: 0.010349 Obj: 0.088197 (0.068333)  NNZ: 10 (14)  Ttime: 1.4169 Vtime: 0.0514
Step: 32400000  Loss: 0.054307 Regul: 0.017957 Obj: 0.072265 (0.068333)  NNZ: 16 (14)  Ttime: 1.4164 Vtime: 0.0519
Step: 32500000  Loss: 0.062207 Regul: 0.022582 Obj: 0.084790 (0.068333)  NNZ: 22 (14)  Ttime: 1.4130 Vtime: 0.0522
Step: 32600000  Loss: 0.066042 Regul: 0.013574 Obj: 0.079616 (0.068333)  NNZ: 16 (14)  Ttime: 1.4112 Vtime: 0.0517
Step: 32700000  Loss: 0.051586 Regul: 0.018463 Obj: 0.070049 (0.068333)  NNZ: 16 (14)  Ttime: 1.4127 Vtime: 0.0511
Step: 32800000  Loss: 0.060812 Regul: 0.016260 Obj: 0.077071 (0.068333)  NNZ: 17 (14)  Ttime: 1.4123 Vtime: 0.0523
Step: 32900000  Loss: 0.051748 Regul: 0.017073 Obj: 0.068821 (0.068333)  NNZ: 18 (14)  Ttime: 1.4138 Vtime: 0.0512
Step: 33000000  Loss: 0.070790 Regul: 0.011948 Obj: 0.082738 (0.068333)  NNZ: 13 (14)  Ttime: 1.4141 Vtime: 0.0521
Step: 33100000  Loss: 0.057679 Regul: 0.017364 Obj: 0.075043 (0.068333)  NNZ: 19 (14)  Ttime: 1.4119 Vtime: 0.0519
Step: 33200000  Loss: 0.054014 Regul: 0.018869 Obj: 0.072883 (0.068333)  NNZ: 15 (14)  Ttime: 1.4050 Vtime: 0.0510
Step: 33300000  Loss: 0.059801 Regul: 0.013634 Obj: 0.073435 (0.068333)  NNZ: 13 (14)  Ttime: 1.4026 Vtime: 0.0517
Step: 33400000  Loss: 0.061187 Regul: 0.015535 Obj: 0.076722 (0.068333)  NNZ: 15 (14)  Ttime: 1.4088 Vtime: 0.0510
Step: 33500000  Loss: 0.069900 Regul: 0.010349 Obj: 0.080249 (0.068333)  NNZ: 19 (14)  Ttime: 1.4125 Vtime: 0.0520
Step: 33600000  Loss: 0.057295 Regul: 0.038568 Obj: 0.095863 (0.068333)  NNZ: 20 (14)  Ttime: 1.4146 Vtime: 0.0512
Step: 33700000  Loss: 0.052437 Regul: 0.034557 Obj: 0.086994 (0.068333)  NNZ: 27 (14)  Ttime: 1.3985 Vtime: 0.0520
Step: 33800000  Loss: 0.053230 Regul: 0.027669 Obj: 0.080899 (0.068333)  NNZ: 23 (14)  Ttime: 1.4021 Vtime: 0.0511
Step: 33900000  Loss: 0.049224 Regul: 0.026587 Obj: 0.075810 (0.068333)  NNZ: 21 (14)  Ttime: 1.4014 Vtime: 0.0524
Step: 34000000  Loss: 0.053782 Regul: 0.032130 Obj: 0.085911 (0.068333)  NNZ: 19 (14)  Ttime: 1.4075 Vtime: 0.0517
Step: 34100000  Loss: 0.052719 Regul: 0.026636 Obj: 0.079355 (0.068333)  NNZ: 16 (14)  Ttime: 1.4071 Vtime: 0.0524
Step: 34200000  Loss: 0.049428 Regul: 0.025703 Obj: 0.075131 (0.068333)  NNZ: 17 (14)  Ttime: 1.4043 Vtime: 0.0510
Step: 34300000  Loss: 0.050827 Regul: 0.024873 Obj: 0.075700 (0.068333)  NNZ: 17 (14)  Ttime: 1.4084 Vtime: 0.0513
Step: 34400000  Loss: 0.056855 Regul: 0.026016 Obj: 0.082871 (0.068333)  NNZ: 18 (14)  Ttime: 1.4068 Vtime: 0.0508
Step: 34500000  Loss: 0.050864 Regul: 0.032228 Obj: 0.083092 (0.068333)  NNZ: 21 (14)  Ttime: 1.4400 Vtime: 0.0512
Step: 34600000  Loss: 0.054319 Regul: 0.032454 Obj: 0.086773 (0.068333)  NNZ: 19 (14)  Ttime: 1.4102 Vtime: 0.0512
Step: 34700000  Loss: 0.065581 Regul: 0.029048 Obj: 0.094628 (0.068333)  NNZ: 17 (14)  Ttime: 1.4053 Vtime: 0.0521
Step: 34800000  Loss: 0.051562 Regul: 0.032580 Obj: 0.084142 (0.068333)  NNZ: 18 (14)  Ttime: 1.4101 Vtime: 0.0517
Step: 34900000  Loss: 0.054613 Regul: 0.026362 Obj: 0.080975 (0.068333)  NNZ: 14 (14)  Ttime: 1.4076 Vtime: 0.0521
Step: 35000000  Loss: 0.050434 Regul: 0.027158 Obj: 0.077593 (0.068333)  NNZ: 17 (14)  Ttime: 1.4065 Vtime: 0.0516
Step: 35100000  Loss: 0.054443 Regul: 0.034975 Obj: 0.089418 (0.068333)  NNZ: 24 (14)  Ttime: 1.4078 Vtime: 0.0513
Step: 35200000  Loss: 0.051887 Regul: 0.036222 Obj: 0.088109 (0.068333)  NNZ: 21 (14)  Ttime: 1.4125 Vtime: 0.0517
Step: 35300000  Loss: 0.053898 Regul: 0.033684 Obj: 0.087582 (0.068333)  NNZ: 16 (14)  Ttime: 1.4068 Vtime: 0.0513
Step: 35400000  Loss: 0.067351 Regul: 0.034525 Obj: 0.101875 (0.068333)  NNZ: 22 (14)  Ttime: 1.3990 Vtime: 0.0516
Step: 35500000  Loss: 0.059512 Regul: 0.039034 Obj: 0.098547 (0.068333)  NNZ: 21 (14)  Ttime: 1.4097 Vtime: 0.0521
Step: 35600000  Loss: 0.055587 Regul: 0.038947 Obj: 0.094534 (0.068333)  NNZ: 24 (14)  Ttime: 1.4063 Vtime: 0.0514
Step: 35700000  Loss: 0.061026 Regul: 0.033206 Obj: 0.094232 (0.068333)  NNZ: 19 (14)  Ttime: 1.4060 Vtime: 0.0512
Step: 35800000  Loss: 0.051772 Regul: 0.034025 Obj: 0.085796 (0.068333)  NNZ: 20 (14)  Ttime: 1.4110 Vtime: 0.0511
Step: 35900000  Loss: 0.052158 Regul: 0.028812 Obj: 0.080969 (0.068333)  NNZ: 20 (14)  Ttime: 1.4058 Vtime: 0.0521
Step: 36000000  Loss: 0.072955 Regul: 0.031487 Obj: 0.104442 (0.068333)  NNZ: 22 (14)  Ttime: 1.4029 Vtime: 0.0518
Step: 36100000  Loss: 0.051215 Regul: 0.029235 Obj: 0.080450 (0.068333)  NNZ: 16 (14)  Ttime: 1.4050 Vtime: 0.0515
Step: 36200000  Loss: 0.052623 Regul: 0.033690 Obj: 0.086313 (0.068333)  NNZ: 18 (14)  Ttime: 1.4130 Vtime: 0.0515
Step: 36300000  Loss: 0.052977 Regul: 0.031987 Obj: 0.084963 (0.068333)  NNZ: 26 (14)  Ttime: 1.4047 Vtime: 0.0519
Step: 36400000  Loss: 0.059294 Regul: 0.042660 Obj: 0.101954 (0.068333)  NNZ: 25 (14)  Ttime: 1.4041 Vtime: 0.0513
Step: 36500000  Loss: 0.052907 Regul: 0.027669 Obj: 0.080576 (0.068333)  NNZ: 14 (14)  Ttime: 1.4061 Vtime: 0.0515
Step: 36600000  Loss: 0.052247 Regul: 0.034398 Obj: 0.086645 (0.068333)  NNZ: 22 (14)  Ttime: 1.4054 Vtime: 0.0508
Step: 36700000  Loss: 0.052533 Regul: 0.026823 Obj: 0.079356 (0.068333)  NNZ: 15 (14)  Ttime: 1.4056 Vtime: 0.0509
Step: 36800000  Loss: 0.056148 Regul: 0.029125 Obj: 0.085273 (0.068333)  NNZ: 16 (14)  Ttime: 1.4086 Vtime: 0.0513
Step: 36900000  Loss: 0.054523 Regul: 0.036376 Obj: 0.090899 (0.068333)  NNZ: 23 (14)  Ttime: 1.4068 Vtime: 0.0512
Step: 37000000  Loss: 0.055950 Regul: 0.031800 Obj: 0.087750 (0.068333)  NNZ: 19 (14)  Ttime: 1.4064 Vtime: 0.0508
Step: 37100000  Loss: 0.051950 Regul: 0.033300 Obj: 0.085249 (0.068333)  NNZ: 20 (14)  Ttime: 1.3983 Vtime: 0.0509
Step: 37200000  Loss: 0.057037 Regul: 0.025049 Obj: 0.082085 (0.068333)  NNZ: 16 (14)  Ttime: 1.4072 Vtime: 0.0517
Step: 37300000  Loss: 0.052858 Regul: 0.035590 Obj: 0.088448 (0.068333)  NNZ: 24 (14)  Ttime: 1.4042 Vtime: 0.0513
Step: 37400000  Loss: 0.068229 Regul: 0.026362 Obj: 0.094591 (0.068333)  NNZ: 20 (14)  Ttime: 1.3982 Vtime: 0.0509
Step: 37500000  Loss: 0.049387 Regul: 0.027883 Obj: 0.077270 (0.068333)  NNZ: 20 (14)  Ttime: 1.4036 Vtime: 0.0519
Step: 37600000  Loss: 0.052166 Regul: 0.024439 Obj: 0.076606 (0.068333)  NNZ: 19 (14)  Ttime: 1.4018 Vtime: 0.0517
Step: 37700000  Loss: 0.051049 Regul: 0.033470 Obj: 0.084519 (0.068333)  NNZ: 19 (14)  Ttime: 1.4091 Vtime: 0.0512
Step: 37800000  Loss: 0.051352 Regul: 0.030965 Obj: 0.082317 (0.068333)  NNZ: 20 (14)  Ttime: 1.4086 Vtime: 0.0521
Step: 37900000  Loss: 0.072644 Regul: 0.023698 Obj: 0.096341 (0.068333)  NNZ: 17 (14)  Ttime: 1.4025 Vtime: 0.0508
Step: 38000000  Loss: 0.055673 Regul: 0.033904 Obj: 0.089577 (0.068333)  NNZ: 21 (14)  Ttime: 1.4112 Vtime: 0.0510
Step: 38100000  Loss: 0.051367 Regul: 0.027581 Obj: 0.078948 (0.068333)  NNZ: 19 (14)  Ttime: 1.4050 Vtime: 0.0514
Step: 38200000  Loss: 0.052304 Regul: 0.029421 Obj: 0.081726 (0.068333)  NNZ: 18 (14)  Ttime: 1.4073 Vtime: 0.0519
Step: 38300000  Loss: 0.050578 Regul: 0.022533 Obj: 0.073111 (0.068333)  NNZ: 18 (14)  Ttime: 1.4027 Vtime: 0.0514
Step: 38400000  Loss: 0.068843 Regul: 0.038079 Obj: 0.106921 (0.068333)  NNZ: 27 (14)  Ttime: 1.4077 Vtime: 0.0513
Step: 38500000  Loss: 0.053324 Regul: 0.022099 Obj: 0.075423 (0.068333)  NNZ: 19 (14)  Ttime: 1.4046 Vtime: 0.0509
Step: 38600000  Loss: 0.052604 Regul: 0.027510 Obj: 0.080113 (0.068333)  NNZ: 17 (14)  Ttime: 1.4035 Vtime: 0.0515
Step: 38700000  Loss: 0.051266 Regul: 0.027004 Obj: 0.078270 (0.068333)  NNZ: 19 (14)  Ttime: 1.4032 Vtime: 0.0522
Step: 38800000  Loss: 0.061166 Regul: 0.036277 Obj: 0.097443 (0.068333)  NNZ: 24 (14)  Ttime: 1.3991 Vtime: 0.0508
Step: 38900000  Loss: 0.053100 Regul: 0.037722 Obj: 0.090822 (0.068333)  NNZ: 23 (14)  Ttime: 1.4018 Vtime: 0.0507
Step: 39000000  Loss: 0.051386 Regul: 0.020292 Obj: 0.071678 (0.068333)  NNZ: 22 (14)  Ttime: 1.4067 Vtime: 0.0513
Step: 39100000  Loss: 0.053747 Regul: 0.039518 Obj: 0.093265 (0.068333)  NNZ: 27 (14)  Ttime: 1.4073 Vtime: 0.0514
Step: 39200000  Loss: 0.053586 Regul: 0.040770 Obj: 0.094356 (0.068333)  NNZ: 26 (14)  Ttime: 1.4017 Vtime: 0.0515
Step: 39300000  Loss: 0.057903 Regul: 0.033283 Obj: 0.091186 (0.068333)  NNZ: 19 (14)  Ttime: 1.4110 Vtime: 0.0511
Step: 39400000  Loss: 0.050519 Regul: 0.031179 Obj: 0.081698 (0.068333)  NNZ: 24 (14)  Ttime: 1.4073 Vtime: 0.0513
Step: 39500000  Loss: 0.051356 Regul: 0.033920 Obj: 0.085277 (0.068333)  NNZ: 21 (14)  Ttime: 1.4059 Vtime: 0.0518
Step: 39600000  Loss: 0.051992 Regul: 0.030141 Obj: 0.082133 (0.068333)  NNZ: 20 (14)  Ttime: 1.4059 Vtime: 0.0517
Step: 39700000  Loss: 0.055739 Regul: 0.042545 Obj: 0.098284 (0.068333)  NNZ: 26 (14)  Ttime: 1.4043 Vtime: 0.0510
Step: 39800000  Loss: 0.056882 Regul: 0.037249 Obj: 0.094131 (0.068333)  NNZ: 28 (14)  Ttime: 1.4050 Vtime: 0.0508
Step: 39900000  Loss: 0.053087 Regul: 0.035486 Obj: 0.088573 (0.068333)  NNZ: 27 (14)  Ttime: 1.4053 Vtime: 0.0513
Step: 40000000  Loss: 0.055805 Regul: 0.036694 Obj: 0.092499 (0.068333)  NNZ: 20 (14)  Ttime: 1.4115 Vtime: 0.0516
Step: 40100000  Loss: 0.053276 Regul: 0.034640 Obj: 0.087916 (0.068333)  NNZ: 20 (14)  Ttime: 1.4047 Vtime: 0.0515
Step: 40200000  Loss: 0.053269 Regul: 0.024961 Obj: 0.078230 (0.068333)  NNZ: 19 (14)  Ttime: 1.4045 Vtime: 0.0513
Step: 40300000  Loss: 0.051499 Regul: 0.032141 Obj: 0.083640 (0.068333)  NNZ: 19 (14)  Ttime: 1.4017 Vtime: 0.0510
Step: 40400000  Loss: 0.052687 Regul: 0.035475 Obj: 0.088162 (0.068333)  NNZ: 21 (14)  Ttime: 1.4023 Vtime: 0.0518
Step: 40500000  Loss: 0.052253 Regul: 0.019655 Obj: 0.071908 (0.068333)  NNZ: 14 (14)  Ttime: 1.3983 Vtime: 0.0511
Step: 40600000  Loss: 0.051421 Regul: 0.033162 Obj: 0.084583 (0.068333)  NNZ: 27 (14)  Ttime: 1.4050 Vtime: 0.0521
Step: 40700000  Loss: 0.049552 Regul: 0.026246 Obj: 0.075798 (0.068333)  NNZ: 19 (14)  Ttime: 1.4021 Vtime: 0.0506
Step: 40800000  Loss: 0.051046 Regul: 0.028894 Obj: 0.079940 (0.068333)  NNZ: 21 (14)  Ttime: 1.3945 Vtime: 0.0516
Step: 40900000  Loss: 0.050938 Regul: 0.023066 Obj: 0.074004 (0.068333)  NNZ: 15 (14)  Ttime: 1.4089 Vtime: 0.0512
Step: 41000000  Loss: 0.055054 Regul: 0.031641 Obj: 0.086695 (0.068333)  NNZ: 25 (14)  Ttime: 1.4085 Vtime: 0.0516
Step: 41100000  Loss: 0.054876 Regul: 0.027839 Obj: 0.082716 (0.068333)  NNZ: 24 (14)  Ttime: 1.4063 Vtime: 0.0517
Step: 41200000  Loss: 0.051854 Regul: 0.034920 Obj: 0.086774 (0.068333)  NNZ: 19 (14)  Ttime: 1.4078 Vtime: 0.0519
Step: 41300000  Loss: 0.052677 Regul: 0.033003 Obj: 0.085680 (0.068333)  NNZ: 25 (14)  Ttime: 1.4101 Vtime: 0.0510
Step: 41400000  Loss: 0.056372 Regul: 0.031663 Obj: 0.088035 (0.068333)  NNZ: 16 (14)  Ttime: 1.4079 Vtime: 0.0514
Step: 41500000  Loss: 0.055033 Regul: 0.032481 Obj: 0.087514 (0.068333)  NNZ: 20 (14)  Ttime: 1.4063 Vtime: 0.0510
Step: 41600000  Loss: 0.050570 Regul: 0.030273 Obj: 0.080843 (0.068333)  NNZ: 18 (14)  Ttime: 1.3990 Vtime: 0.0506
Step: 41700000  Loss: 0.052217 Regul: 0.027812 Obj: 0.080028 (0.068333)  NNZ: 15 (14)  Ttime: 1.4036 Vtime: 0.0514
Step: 41800000  Loss: 0.049817 Regul: 0.027274 Obj: 0.077090 (0.068333)  NNZ: 18 (14)  Ttime: 1.4053 Vtime: 0.0517
Step: 41900000  Loss: 0.069520 Regul: 0.032596 Obj: 0.102116 (0.068333)  NNZ: 19 (14)  Ttime: 1.4021 Vtime: 0.0524
Step: 42000000  Loss: 0.056374 Regul: 0.034728 Obj: 0.091102 (0.068333)  NNZ: 18 (14)  Ttime: 1.4071 Vtime: 0.0516
Step: 42100000  Loss: 0.049633 Regul: 0.026774 Obj: 0.076407 (0.068333)  NNZ: 18 (14)  Ttime: 1.4057 Vtime: 0.0505
Step: 42200000  Loss: 0.051308 Regul: 0.027993 Obj: 0.079301 (0.068333)  NNZ: 17 (14)  Ttime: 1.3997 Vtime: 0.0521
Step: 42300000  Loss: 0.052037 Regul: 0.027301 Obj: 0.079338 (0.068333)  NNZ: 17 (14)  Ttime: 1.4029 Vtime: 0.0513
Step: 42400000  Loss: 0.053777 Regul: 0.030443 Obj: 0.084220 (0.068333)  NNZ: 20 (14)  Ttime: 1.4004 Vtime: 0.0516
Step: 42500000  Loss: 0.057273 Regul: 0.032953 Obj: 0.090226 (0.068333)  NNZ: 19 (14)  Ttime: 1.4020 Vtime: 0.0510
Step: 42600000  Loss: 0.055888 Regul: 0.031212 Obj: 0.087100 (0.068333)  NNZ: 19 (14)  Ttime: 1.4001 Vtime: 0.0510
Step: 42700000  Loss: 0.052608 Regul: 0.030141 Obj: 0.082749 (0.068333)  NNZ: 16 (14)  Ttime: 1.4040 Vtime: 0.0518
Step: 42800000  Loss: 0.050559 Regul: 0.031201 Obj: 0.081760 (0.068333)  NNZ: 17 (14)  Ttime: 1.4059 Vtime: 0.0516
Step: 42900000  Loss: 0.051984 Regul: 0.031163 Obj: 0.083147 (0.068333)  NNZ: 19 (14)  Ttime: 1.3999 Vtime: 0.0516
Step: 43000000  Loss: 0.057253 Regul: 0.035530 Obj: 0.092782 (0.068333)  NNZ: 16 (14)  Ttime: 1.4024 Vtime: 0.0511
Step: 43100000  Loss: 0.060124 Regul: 0.032421 Obj: 0.092544 (0.068333)  NNZ: 19 (14)  Ttime: 1.4058 Vtime: 0.0516
Step: 43200000  Loss: 0.055419 Regul: 0.040704 Obj: 0.096124 (0.068333)  NNZ: 23 (14)  Ttime: 1.4095 Vtime: 0.0520
Step: 43300000  Loss: 0.051919 Regul: 0.032563 Obj: 0.084483 (0.068333)  NNZ: 18 (14)  Ttime: 1.4005 Vtime: 0.0521
Step: 43400000  Loss: 0.052408 Regul: 0.030333 Obj: 0.082742 (0.068333)  NNZ: 16 (14)  Ttime: 1.4212 Vtime: 0.0512
Step: 43500000  Loss: 0.053316 Regul: 0.030240 Obj: 0.083556 (0.068333)  NNZ: 21 (14)  Ttime: 1.4072 Vtime: 0.0513
Step: 43600000  Loss: 0.050229 Regul: 0.029630 Obj: 0.079860 (0.068333)  NNZ: 19 (14)  Ttime: 1.4040 Vtime: 0.0514
Step: 43700000  Loss: 0.050742 Regul: 0.029998 Obj: 0.080740 (0.068333)  NNZ: 21 (14)  Ttime: 1.4082 Vtime: 0.0519
Step: 43800000  Loss: 0.051604 Regul: 0.024631 Obj: 0.076236 (0.068333)  NNZ: 20 (14)  Ttime: 1.4105 Vtime: 0.0509
Step: 43900000  Loss: 0.052268 Regul: 0.035013 Obj: 0.087282 (0.068333)  NNZ: 23 (14)  Ttime: 1.4042 Vtime: 0.0509
Step: 44000000  Loss: 0.050379 Regul: 0.029641 Obj: 0.080020 (0.068333)  NNZ: 21 (14)  Ttime: 1.4065 Vtime: 0.0513
Step: 44100000  Loss: 0.052170 Regul: 0.028526 Obj: 0.080696 (0.068333)  NNZ: 15 (14)  Ttime: 1.4037 Vtime: 0.0510
Step: 44200000  Loss: 0.050473 Regul: 0.032487 Obj: 0.082959 (0.068333)  NNZ: 20 (14)  Ttime: 1.4056 Vtime: 0.0508
Step: 44300000  Loss: 0.076392 Regul: 0.038903 Obj: 0.115295 (0.068333)  NNZ: 23 (14)  Ttime: 1.4044 Vtime: 0.0514
Step: 44400000  Loss: 0.056162 Regul: 0.029548 Obj: 0.085709 (0.068333)  NNZ: 17 (14)  Ttime: 1.4065 Vtime: 0.0512
Step: 44500000  Loss: 0.049106 Regul: 0.030646 Obj: 0.079752 (0.068333)  NNZ: 19 (14)  Ttime: 1.4056 Vtime: 0.0521
Step: 44600000  Loss: 0.055620 Regul: 0.037612 Obj: 0.093231 (0.068333)  NNZ: 22 (14)  Ttime: 1.4106 Vtime: 0.0517
Step: 44700000  Loss: 0.055180 Regul: 0.026136 Obj: 0.081316 (0.068333)  NNZ: 15 (14)  Ttime: 1.4049 Vtime: 0.0514
Step: 44800000  Loss: 0.052396 Regul: 0.034140 Obj: 0.086536 (0.068333)  NNZ: 25 (14)  Ttime: 1.4083 Vtime: 0.0517
Step: 44900000  Loss: 0.051812 Regul: 0.031102 Obj: 0.082914 (0.068333)  NNZ: 19 (14)  Ttime: 1.4039 Vtime: 0.0517
Step: 45000000  Loss: 0.051417 Regul: 0.023286 Obj: 0.074703 (0.068333)  NNZ: 16 (14)  Ttime: 1.4033 Vtime: 0.0513
Step: 45100000  Loss: 0.050766 Regul: 0.028526 Obj: 0.079292 (0.068333)  NNZ: 16 (14)  Ttime: 1.4075 Vtime: 0.0525
Step: 45200000  Loss: 0.052528 Regul: 0.017336 Obj: 0.069864 (0.068333)  NNZ: 16 (14)  Ttime: 1.4043 Vtime: 0.0519
Step: 45300000  Loss: 0.054308 Regul: 0.033585 Obj: 0.087894 (0.068333)  NNZ: 22 (14)  Ttime: 1.4041 Vtime: 0.0518
Step: 45400000  Loss: 0.051410 Regul: 0.023868 Obj: 0.075278 (0.068333)  NNZ: 18 (14)  Ttime: 1.4054 Vtime: 0.0518
Step: 45500000  Loss: 0.056858 Regul: 0.029855 Obj: 0.086713 (0.068333)  NNZ: 18 (14)  Ttime: 1.4012 Vtime: 0.0515
Step: 45600000  Loss: 0.050019 Regul: 0.028971 Obj: 0.078990 (0.068333)  NNZ: 19 (14)  Ttime: 1.4055 Vtime: 0.0519
Step: 45700000  Loss: 0.048687 Regul: 0.025038 Obj: 0.073725 (0.068333)  NNZ: 20 (14)  Ttime: 1.4085 Vtime: 0.0513
Step: 45800000  Loss: 0.054785 Regul: 0.037260 Obj: 0.092045 (0.068333)  NNZ: 21 (14)  Ttime: 1.4081 Vtime: 0.0518
Step: 45900000  Loss: 0.049727 Regul: 0.026472 Obj: 0.076199 (0.068333)  NNZ: 19 (14)  Ttime: 1.4059 Vtime: 0.0524
Step: 46000000  Loss: 0.051639 Regul: 0.033316 Obj: 0.084955 (0.068333)  NNZ: 18 (14)  Ttime: 1.4051 Vtime: 0.0510
Step: 46100000  Loss: 0.052250 Regul: 0.031586 Obj: 0.083836 (0.068333)  NNZ: 19 (14)  Ttime: 1.4096 Vtime: 0.0514
Step: 46200000  Loss: 0.055746 Regul: 0.022379 Obj: 0.078125 (0.068333)  NNZ: 16 (14)  Ttime: 1.4124 Vtime: 0.0518
Step: 46300000  Loss: 0.056502 Regul: 0.033585 Obj: 0.090088 (0.068333)  NNZ: 20 (14)  Ttime: 1.4043 Vtime: 0.0515
Step: 46400000  Loss: 0.059183 Regul: 0.032602 Obj: 0.091785 (0.068333)  NNZ: 19 (14)  Ttime: 1.4084 Vtime: 0.0509
Step: 46500000  Loss: 0.050612 Regul: 0.032250 Obj: 0.082862 (0.068333)  NNZ: 20 (14)  Ttime: 1.4037 Vtime: 0.0511
Step: 46600000  Loss: 0.052287 Regul: 0.028608 Obj: 0.080896 (0.068333)  NNZ: 23 (14)  Ttime: 1.3957 Vtime: 0.0516
Step: 46700000  Loss: 0.054254 Regul: 0.027059 Obj: 0.081314 (0.068333)  NNZ: 19 (14)  Ttime: 1.4009 Vtime: 0.0512
Step: 46800000  Loss: 0.058968 Regul: 0.024500 Obj: 0.083467 (0.068333)  NNZ: 17 (14)  Ttime: 1.4069 Vtime: 0.0518
Step: 46900000  Loss: 0.050479 Regul: 0.031432 Obj: 0.081910 (0.068333)  NNZ: 19 (14)  Ttime: 1.4075 Vtime: 0.0517
Step: 47000000  Loss: 0.056156 Regul: 0.031761 Obj: 0.087918 (0.068333)  NNZ: 18 (14)  Ttime: 1.4056 Vtime: 0.0510
Step: 47100000  Loss: 0.049635 Regul: 0.026884 Obj: 0.076518 (0.068333)  NNZ: 18 (14)  Ttime: 1.4071 Vtime: 0.0515
Step: 47200000  Loss: 0.051532 Regul: 0.022264 Obj: 0.073796 (0.068333)  NNZ: 22 (14)  Ttime: 1.4048 Vtime: 0.0512
Step: 47300000  Loss: 0.052817 Regul: 0.038177 Obj: 0.090994 (0.068333)  NNZ: 21 (14)  Ttime: 1.4041 Vtime: 0.0511
Step: 47400000  Loss: 0.049408 Regul: 0.030855 Obj: 0.080263 (0.068333)  NNZ: 22 (14)  Ttime: 1.4065 Vtime: 0.0516
Step: 47500000  Loss: 0.057648 Regul: 0.039342 Obj: 0.096990 (0.068333)  NNZ: 26 (14)  Ttime: 1.4143 Vtime: 0.0509
Step: 47600000  Loss: 0.053364 Regul: 0.032261 Obj: 0.085626 (0.068333)  NNZ: 20 (14)  Ttime: 1.4010 Vtime: 0.0513
Step: 47700000  Loss: 0.050676 Regul: 0.027460 Obj: 0.078136 (0.068333)  NNZ: 19 (14)  Ttime: 1.4041 Vtime: 0.0512
Step: 47800000  Loss: 0.051380 Regul: 0.029471 Obj: 0.080851 (0.068333)  NNZ: 20 (14)  Ttime: 1.4041 Vtime: 0.0511
Step: 47900000  Loss: 0.062834 Regul: 0.028795 Obj: 0.091629 (0.068333)  NNZ: 14 (14)  Ttime: 1.4047 Vtime: 0.0511
Step: 48000000  Loss: 0.053167 Regul: 0.034437 Obj: 0.087604 (0.068333)  NNZ: 19 (14)  Ttime: 1.4050 Vtime: 0.0508
Step: 48100000  Loss: 0.049615 Regul: 0.024719 Obj: 0.074335 (0.068333)  NNZ: 19 (14)  Ttime: 1.4162 Vtime: 0.0515
Step: 48200000  Loss: 0.049040 Regul: 0.021671 Obj: 0.070710 (0.068333)  NNZ: 20 (14)  Ttime: 1.4065 Vtime: 0.0514
Step: 48300000  Loss: 0.061329 Regul: 0.026862 Obj: 0.088190 (0.068333)  NNZ: 18 (14)  Ttime: 1.4040 Vtime: 0.0516
Step: 48400000  Loss: 0.052302 Regul: 0.036628 Obj: 0.088930 (0.068333)  NNZ: 22 (14)  Ttime: 1.4081 Vtime: 0.0513
Step: 48500000  Loss: 0.049485 Regul: 0.028922 Obj: 0.078407 (0.068333)  NNZ: 20 (14)  Ttime: 1.4026 Vtime: 0.0516
Step: 48600000  Loss: 0.051146 Regul: 0.032706 Obj: 0.083852 (0.068333)  NNZ: 23 (14)  Ttime: 1.4039 Vtime: 0.0517
Step: 48700000  Loss: 0.055082 Regul: 0.029734 Obj: 0.084816 (0.068333)  NNZ: 17 (14)  Ttime: 1.4081 Vtime: 0.0518
Step: 48800000  Loss: 0.052018 Regul: 0.027114 Obj: 0.079133 (0.068333)  NNZ: 19 (14)  Ttime: 1.4113 Vtime: 0.0518
Step: 48900000  Loss: 0.049746 Regul: 0.029822 Obj: 0.079569 (0.068333)  NNZ: 20 (14)  Ttime: 1.4052 Vtime: 0.0514
Step: 49000000  Loss: 0.049417 Regul: 0.028900 Obj: 0.078316 (0.068333)  NNZ: 19 (14)  Ttime: 1.4066 Vtime: 0.0516
Step: 49100000  Loss: 0.050164 Regul: 0.025477 Obj: 0.075642 (0.068333)  NNZ: 20 (14)  Ttime: 1.4035 Vtime: 0.0519
Step: 49200000  Loss: 0.052835 Regul: 0.031663 Obj: 0.084497 (0.068333)  NNZ: 24 (14)  Ttime: 1.4091 Vtime: 0.0509
Step: 49300000  Loss: 0.050862 Regul: 0.029795 Obj: 0.080657 (0.068333)  NNZ: 20 (14)  Ttime: 1.3987 Vtime: 0.0512
Step: 49400000  Loss: 0.057992 Regul: 0.041655 Obj: 0.099646 (0.068333)  NNZ: 27 (14)  Ttime: 1.4040 Vtime: 0.0513
Step: 49500000  Loss: 0.055332 Regul: 0.034915 Obj: 0.090246 (0.068333)  NNZ: 18 (14)  Ttime: 1.4071 Vtime: 0.0513
Step: 49600000  Loss: 0.049554 Regul: 0.028213 Obj: 0.077767 (0.068333)  NNZ: 18 (14)  Ttime: 1.4040 Vtime: 0.0521
Step: 49700000  Loss: 0.054435 Regul: 0.034722 Obj: 0.089157 (0.068333)  NNZ: 27 (14)  Ttime: 1.4038 Vtime: 0.0513
Step: 49800000  Loss: 0.056993 Regul: 0.031371 Obj: 0.088365 (0.068333)  NNZ: 19 (14)  Ttime: 1.4020 Vtime: 0.0511
Step: 49900000  Loss: 0.051403 Regul: 0.034464 Obj: 0.085867 (0.068333)  NNZ: 26 (14)  Ttime: 1.4065 Vtime: 0.0510
Step: 50000000  Loss: 0.054100 Regul: 0.032146 Obj: 0.086246 (0.068333)  NNZ: 27 (14)  Ttime: 1.4010 Vtime: 0.0512
