mu: 0.03 gamma: 0.005 nIters: 50000000
Load PRParams.
Load RingParams.
Load Labels: 500000
Load Distances: 500000 x 5120
0...10...20...30...40...50...60...70...80...90...100 - done.
Positive samples #250000
Negative samples #250000
Positive train #200000
Negative train #200000
Positive valid #50000
Negative valid #50000

Found GPU: GeForce GTX 970
Compute Capability: 5.2

Best: 100000  Loss: 1.700026 Regul: 1.117496 Obj: 2.817522 (2.817522)  NNZ: 12 (12)  Ttime: 1.3971 Vtime: 0.2043
Stat: nPR #84 (#96) Dim/MaxDim [672/640] AUC: 0.975828 FPR95: 13.86
Best: 200000  Loss: 0.985624 Regul: 0.607771 Obj: 1.593395 (1.593395)  NNZ: 8 (8)  Ttime: 1.4009 Vtime: 0.0504
Stat: nPR #60 (#64) Dim/MaxDim [480/640] AUC: 0.974738 FPR95: 15.36 [saved]
Best: 300000  Loss: 0.567761 Regul: 0.237678 Obj: 0.805439 (0.805439)  NNZ: 7 (7)  Ttime: 1.4030 Vtime: 0.0510
Stat: nPR #48 (#56) Dim/MaxDim [384/640] AUC: 0.964467 FPR95: 23.94 [saved]
Step: 400000  Loss: 1.253123 Regul: 0.571282 Obj: 1.824405 (0.805439)  NNZ: 14 (7)  Ttime: 1.4072 Vtime: 0.0505
Best: 500000  Loss: 0.366083 Regul: 0.097822 Obj: 0.463906 (0.463906)  NNZ: 4 (4)  Ttime: 1.3987 Vtime: 0.0507
Stat: nPR #24 (#32) Dim/MaxDim [192/640] AUC: 0.960472 FPR95: 27.05 [saved]
Best: 600000  Loss: 0.281396 Regul: 0.157881 Obj: 0.439277 (0.439277)  NNZ: 7 (7)  Ttime: 1.3993 Vtime: 0.0498
Stat: nPR #48 (#56) Dim/MaxDim [384/640] AUC: 0.972649 FPR95: 17.25 [saved]
Step: 700000  Loss: 0.358742 Regul: 0.180366 Obj: 0.539108 (0.439277)  NNZ: 5 (7)  Ttime: 1.4028 Vtime: 0.0500
Step: 800000  Loss: 0.391750 Regul: 0.273911 Obj: 0.665661 (0.439277)  NNZ: 8 (7)  Ttime: 1.3977 Vtime: 0.0500
Step: 900000  Loss: 0.372187 Regul: 0.146265 Obj: 0.518452 (0.439277)  NNZ: 6 (7)  Ttime: 1.4036 Vtime: 0.0506
Best: 1000000  Loss: 0.247876 Regul: 0.119663 Obj: 0.367539 (0.367539)  NNZ: 6 (6)  Ttime: 1.4029 Vtime: 0.0505
Stat: nPR #32 (#48) Dim/MaxDim [256/640] AUC: 0.972719 FPR95: 17.07 [saved]
Best: 1100000  Loss: 0.125652 Regul: 0.078267 Obj: 0.203919 (0.203919)  NNZ: 3 (3)  Ttime: 1.4048 Vtime: 0.0510
Stat: nPR #24 (#24) Dim/MaxDim [192/640] AUC: 0.978114 FPR95: 12.35 [saved]
Step: 1200000  Loss: 0.415666 Regul: 0.218745 Obj: 0.634411 (0.203919)  NNZ: 5 (3)  Ttime: 1.4142 Vtime: 0.0504
Step: 1300000  Loss: 0.480494 Regul: 0.322280 Obj: 0.802774 (0.203919)  NNZ: 8 (3)  Ttime: 1.4117 Vtime: 0.0505
Step: 1400000  Loss: 0.965584 Regul: 0.357568 Obj: 1.323152 (0.203919)  NNZ: 9 (3)  Ttime: 1.4245 Vtime: 0.0502
Step: 1500000  Loss: 0.214260 Regul: 0.107681 Obj: 0.321941 (0.203919)  NNZ: 6 (3)  Ttime: 1.4170 Vtime: 0.0514
Step: 1600000  Loss: 0.279923 Regul: 0.089121 Obj: 0.369044 (0.203919)  NNZ: 4 (3)  Ttime: 1.4136 Vtime: 0.0514
Best: 1700000  Loss: 0.128746 Regul: 0.025957 Obj: 0.154703 (0.154703)  NNZ: 4 (4)  Ttime: 1.4214 Vtime: 0.0510
Stat: nPR #32 (#32) Dim/MaxDim [256/640] AUC: 0.961509 FPR95: 27.40 [saved]
Step: 1800000  Loss: 0.310268 Regul: 0.181743 Obj: 0.492011 (0.154703)  NNZ: 6 (4)  Ttime: 1.4211 Vtime: 0.0516
Step: 1900000  Loss: 0.216202 Regul: 0.090762 Obj: 0.306964 (0.154703)  NNZ: 5 (4)  Ttime: 1.4046 Vtime: 0.0514
Step: 2000000  Loss: 0.365587 Regul: 0.174844 Obj: 0.540430 (0.154703)  NNZ: 6 (4)  Ttime: 1.3879 Vtime: 0.0514
Step: 2100000  Loss: 0.144719 Regul: 0.062461 Obj: 0.207180 (0.154703)  NNZ: 4 (4)  Ttime: 1.4024 Vtime: 0.0516
Step: 2200000  Loss: 0.262964 Regul: 0.177129 Obj: 0.440093 (0.154703)  NNZ: 7 (4)  Ttime: 1.3954 Vtime: 0.0514
Step: 2300000  Loss: 0.449212 Regul: 0.322910 Obj: 0.772122 (0.154703)  NNZ: 10 (4)  Ttime: 1.3919 Vtime: 0.0515
Step: 2400000  Loss: 0.207976 Regul: 0.121025 Obj: 0.329001 (0.154703)  NNZ: 5 (4)  Ttime: 1.3996 Vtime: 0.0512
Step: 2500000  Loss: 0.207062 Regul: 0.121992 Obj: 0.329054 (0.154703)  NNZ: 5 (4)  Ttime: 1.3918 Vtime: 0.0514
Step: 2600000  Loss: 0.196278 Regul: 0.103301 Obj: 0.299579 (0.154703)  NNZ: 5 (4)  Ttime: 1.4055 Vtime: 0.0523
Step: 2700000  Loss: 0.763680 Regul: 0.558779 Obj: 1.322459 (0.154703)  NNZ: 14 (4)  Ttime: 1.3952 Vtime: 0.0509
Step: 2800000  Loss: 0.264512 Regul: 0.175576 Obj: 0.440088 (0.154703)  NNZ: 10 (4)  Ttime: 1.3964 Vtime: 0.0509
Step: 2900000  Loss: 0.565796 Regul: 0.201885 Obj: 0.767680 (0.154703)  NNZ: 13 (4)  Ttime: 1.3911 Vtime: 0.0517
Step: 3000000  Loss: 0.390972 Regul: 0.194121 Obj: 0.585093 (0.154703)  NNZ: 9 (4)  Ttime: 1.3922 Vtime: 0.0517
Best: 3100000  Loss: 0.094416 Regul: 0.017139 Obj: 0.111555 (0.111555)  NNZ: 2 (2)  Ttime: 1.3928 Vtime: 0.0516
Stat: nPR #8 (#16) Dim/MaxDim [64/640] AUC: 0.965317 FPR95: 22.98 [saved]
Step: 3200000  Loss: 0.110495 Regul: 0.023848 Obj: 0.134343 (0.111555)  NNZ: 3 (2)  Ttime: 1.3908 Vtime: 0.0514
Step: 3300000  Loss: 0.130648 Regul: 0.032461 Obj: 0.163109 (0.111555)  NNZ: 2 (2)  Ttime: 1.3933 Vtime: 0.0514
Step: 3400000  Loss: 0.262005 Regul: 0.120762 Obj: 0.382767 (0.111555)  NNZ: 4 (2)  Ttime: 1.3965 Vtime: 0.0519
Step: 3500000  Loss: 0.298000 Regul: 0.210850 Obj: 0.508850 (0.111555)  NNZ: 9 (2)  Ttime: 1.4029 Vtime: 0.0513
Step: 3600000  Loss: 0.743642 Regul: 0.470859 Obj: 1.214502 (0.111555)  NNZ: 11 (2)  Ttime: 1.3963 Vtime: 0.0513
Step: 3700000  Loss: 1.745229 Regul: 0.305186 Obj: 2.050414 (0.111555)  NNZ: 10 (2)  Ttime: 1.3977 Vtime: 0.0519
Step: 3800000  Loss: 1.276228 Regul: 0.247822 Obj: 1.524050 (0.111555)  NNZ: 11 (2)  Ttime: 1.3936 Vtime: 0.0511
Step: 3900000  Loss: 0.298235 Regul: 0.235957 Obj: 0.534192 (0.111555)  NNZ: 12 (2)  Ttime: 1.4006 Vtime: 0.0518
Step: 4000000  Loss: 0.386341 Regul: 0.241846 Obj: 0.628187 (0.111555)  NNZ: 9 (2)  Ttime: 1.4419 Vtime: 0.0520
Step: 4100000  Loss: 0.104202 Regul: 0.036738 Obj: 0.140940 (0.111555)  NNZ: 5 (2)  Ttime: 1.4040 Vtime: 0.0517
Step: 4200000  Loss: 0.208514 Regul: 0.106582 Obj: 0.315096 (0.111555)  NNZ: 12 (2)  Ttime: 1.4135 Vtime: 0.0513
Step: 4300000  Loss: 0.187072 Regul: 0.128115 Obj: 0.315188 (0.111555)  NNZ: 5 (2)  Ttime: 1.3923 Vtime: 0.0518
Step: 4400000  Loss: 0.318913 Regul: 0.183926 Obj: 0.502838 (0.111555)  NNZ: 8 (2)  Ttime: 1.4064 Vtime: 0.0515
Step: 4500000  Loss: 0.084690 Regul: 0.047197 Obj: 0.131887 (0.111555)  NNZ: 4 (2)  Ttime: 1.4174 Vtime: 0.0511
Step: 4600000  Loss: 0.167195 Regul: 0.077402 Obj: 0.244597 (0.111555)  NNZ: 6 (2)  Ttime: 1.3971 Vtime: 0.0520
Step: 4700000  Loss: 0.096951 Regul: 0.059180 Obj: 0.156131 (0.111555)  NNZ: 6 (2)  Ttime: 1.3960 Vtime: 0.0512
Step: 4800000  Loss: 0.116913 Regul: 0.062666 Obj: 0.179579 (0.111555)  NNZ: 4 (2)  Ttime: 1.3995 Vtime: 0.0517
Step: 4900000  Loss: 0.130321 Regul: 0.055811 Obj: 0.186132 (0.111555)  NNZ: 5 (2)  Ttime: 1.3899 Vtime: 0.0513
Step: 5000000  Loss: 0.125946 Regul: 0.031582 Obj: 0.157529 (0.111555)  NNZ: 3 (2)  Ttime: 1.4114 Vtime: 0.0512
Step: 5100000  Loss: 0.290190 Regul: 0.109658 Obj: 0.399848 (0.111555)  NNZ: 5 (2)  Ttime: 1.3994 Vtime: 0.0515
Step: 5200000  Loss: 0.386207 Regul: 0.146455 Obj: 0.532662 (0.111555)  NNZ: 9 (2)  Ttime: 1.4062 Vtime: 0.0512
Step: 5300000  Loss: 0.226068 Regul: 0.146104 Obj: 0.372172 (0.111555)  NNZ: 8 (2)  Ttime: 1.4138 Vtime: 0.0515
Step: 5400000  Loss: 0.199635 Regul: 0.132480 Obj: 0.332115 (0.111555)  NNZ: 10 (2)  Ttime: 1.4004 Vtime: 0.0514
Step: 5500000  Loss: 0.188127 Regul: 0.089824 Obj: 0.277951 (0.111555)  NNZ: 11 (2)  Ttime: 1.4079 Vtime: 0.0514
Step: 5600000  Loss: 0.270653 Regul: 0.107695 Obj: 0.378348 (0.111555)  NNZ: 5 (2)  Ttime: 1.4070 Vtime: 0.0512
Step: 5700000  Loss: 0.511313 Regul: 0.157266 Obj: 0.668579 (0.111555)  NNZ: 9 (2)  Ttime: 1.4076 Vtime: 0.0517
Step: 5800000  Loss: 0.246395 Regul: 0.142617 Obj: 0.389012 (0.111555)  NNZ: 8 (2)  Ttime: 1.4151 Vtime: 0.0514
Best: 5900000  Loss: 0.077859 Regul: 0.027070 Obj: 0.104929 (0.104929)  NNZ: 4 (4)  Ttime: 1.4073 Vtime: 0.0513
Stat: nPR #28 (#32) Dim/MaxDim [224/640] AUC: 0.973846 FPR95: 16.12 [saved]
Step: 6000000  Loss: 0.227907 Regul: 0.136523 Obj: 0.364430 (0.104929)  NNZ: 8 (4)  Ttime: 1.4086 Vtime: 0.0514
Step: 6100000  Loss: 0.097411 Regul: 0.036738 Obj: 0.134149 (0.104929)  NNZ: 5 (4)  Ttime: 1.4019 Vtime: 0.0507
Step: 6200000  Loss: 0.147294 Regul: 0.051914 Obj: 0.199208 (0.104929)  NNZ: 5 (4)  Ttime: 1.4103 Vtime: 0.0512
Step: 6300000  Loss: 3.157430 Regul: 0.356836 Obj: 3.514266 (0.104929)  NNZ: 12 (4)  Ttime: 1.4004 Vtime: 0.0516
Step: 6400000  Loss: 0.083344 Regul: 0.033809 Obj: 0.117153 (0.104929)  NNZ: 6 (4)  Ttime: 1.4007 Vtime: 0.0515
Step: 6500000  Loss: 0.073518 Regul: 0.036914 Obj: 0.110432 (0.104929)  NNZ: 5 (4)  Ttime: 1.4309 Vtime: 0.0509
Step: 6600000  Loss: 0.115123 Regul: 0.021416 Obj: 0.136539 (0.104929)  NNZ: 3 (4)  Ttime: 1.4234 Vtime: 0.0528
Step: 6700000  Loss: 3.060314 Regul: 0.293057 Obj: 3.353371 (0.104929)  NNZ: 10 (4)  Ttime: 1.4416 Vtime: 0.0514
Step: 6800000  Loss: 0.422293 Regul: 0.299531 Obj: 0.721825 (0.104929)  NNZ: 16 (4)  Ttime: 1.4010 Vtime: 0.0508
Step: 6900000  Loss: 0.093489 Regul: 0.032988 Obj: 0.126477 (0.104929)  NNZ: 2 (4)  Ttime: 1.4024 Vtime: 0.0520
Step: 7000000  Loss: 0.188894 Regul: 0.096592 Obj: 0.285486 (0.104929)  NNZ: 8 (4)  Ttime: 1.4032 Vtime: 0.0518
Step: 7100000  Loss: 0.155764 Regul: 0.125391 Obj: 0.281155 (0.104929)  NNZ: 9 (4)  Ttime: 1.4039 Vtime: 0.0515
Step: 7200000  Loss: 0.356292 Regul: 0.130430 Obj: 0.486722 (0.104929)  NNZ: 9 (4)  Ttime: 1.4124 Vtime: 0.0514
Step: 7300000  Loss: 0.486736 Regul: 0.138252 Obj: 0.624987 (0.104929)  NNZ: 9 (4)  Ttime: 1.3948 Vtime: 0.0517
Step: 7400000  Loss: 0.691753 Regul: 0.172939 Obj: 0.864693 (0.104929)  NNZ: 12 (4)  Ttime: 1.4052 Vtime: 0.0522
Step: 7500000  Loss: 0.121723 Regul: 0.033574 Obj: 0.155297 (0.104929)  NNZ: 4 (4)  Ttime: 1.4253 Vtime: 0.0520
Step: 7600000  Loss: 0.163089 Regul: 0.084961 Obj: 0.248050 (0.104929)  NNZ: 7 (4)  Ttime: 1.4681 Vtime: 0.0519
Step: 7700000  Loss: 0.368577 Regul: 0.043008 Obj: 0.411585 (0.104929)  NNZ: 5 (4)  Ttime: 1.4230 Vtime: 0.0514
Step: 7800000  Loss: 0.237576 Regul: 0.149121 Obj: 0.386697 (0.104929)  NNZ: 8 (4)  Ttime: 1.4532 Vtime: 0.0507
Step: 7900000  Loss: 0.263707 Regul: 0.093223 Obj: 0.356930 (0.104929)  NNZ: 5 (4)  Ttime: 1.4328 Vtime: 0.0516
Step: 8000000  Loss: 0.168552 Regul: 0.090293 Obj: 0.258845 (0.104929)  NNZ: 7 (4)  Ttime: 1.4390 Vtime: 0.0515
Step: 8100000  Loss: 0.079417 Regul: 0.036680 Obj: 0.116097 (0.104929)  NNZ: 4 (4)  Ttime: 1.4253 Vtime: 0.0528
Step: 8200000  Loss: 0.228846 Regul: 0.146777 Obj: 0.375623 (0.104929)  NNZ: 9 (4)  Ttime: 1.5111 Vtime: 0.0511
Step: 8300000  Loss: 0.113903 Regul: 0.080625 Obj: 0.194528 (0.104929)  NNZ: 9 (4)  Ttime: 1.3934 Vtime: 0.0506
Step: 8400000  Loss: 0.197457 Regul: 0.086602 Obj: 0.284059 (0.104929)  NNZ: 6 (4)  Ttime: 1.4281 Vtime: 0.0511
Step: 8500000  Loss: 0.287972 Regul: 0.168223 Obj: 0.456194 (0.104929)  NNZ: 8 (4)  Ttime: 1.3933 Vtime: 0.0514
Step: 8600000  Loss: 0.154836 Regul: 0.099199 Obj: 0.254035 (0.104929)  NNZ: 7 (4)  Ttime: 1.3988 Vtime: 0.0514
Step: 8700000  Loss: 0.087435 Regul: 0.033105 Obj: 0.120540 (0.104929)  NNZ: 4 (4)  Ttime: 1.4192 Vtime: 0.0570
Step: 8800000  Loss: 0.179140 Regul: 0.063691 Obj: 0.242832 (0.104929)  NNZ: 6 (4)  Ttime: 1.4126 Vtime: 0.0521
Step: 8900000  Loss: 0.159372 Regul: 0.083555 Obj: 0.242927 (0.104929)  NNZ: 7 (4)  Ttime: 1.4335 Vtime: 0.0528
Step: 9000000  Loss: 0.113464 Regul: 0.022500 Obj: 0.135964 (0.104929)  NNZ: 3 (4)  Ttime: 1.4106 Vtime: 0.0520
Step: 9100000  Loss: 0.185191 Regul: 0.070371 Obj: 0.255562 (0.104929)  NNZ: 6 (4)  Ttime: 1.4322 Vtime: 0.0515
Step: 9200000  Loss: 0.201218 Regul: 0.090645 Obj: 0.291862 (0.104929)  NNZ: 5 (4)  Ttime: 1.4063 Vtime: 0.0513
Step: 9300000  Loss: 0.284776 Regul: 0.067266 Obj: 0.352042 (0.104929)  NNZ: 5 (4)  Ttime: 1.3993 Vtime: 0.0513
Step: 9400000  Loss: 0.232044 Regul: 0.162773 Obj: 0.394817 (0.104929)  NNZ: 8 (4)  Ttime: 1.3877 Vtime: 0.0506
Step: 9500000  Loss: 0.298069 Regul: 0.205137 Obj: 0.503206 (0.104929)  NNZ: 11 (4)  Ttime: 1.3993 Vtime: 0.0521
Step: 9600000  Loss: 0.139162 Regul: 0.037500 Obj: 0.176662 (0.104929)  NNZ: 5 (4)  Ttime: 1.3962 Vtime: 0.0520
Step: 9700000  Loss: 0.121991 Regul: 0.041602 Obj: 0.163592 (0.104929)  NNZ: 3 (4)  Ttime: 1.4082 Vtime: 0.0518
Step: 9800000  Loss: 0.234136 Regul: 0.083965 Obj: 0.318101 (0.104929)  NNZ: 8 (4)  Ttime: 1.3961 Vtime: 0.0514
Step: 9900000  Loss: 0.265427 Regul: 0.203262 Obj: 0.468689 (0.104929)  NNZ: 15 (4)  Ttime: 1.4033 Vtime: 0.0515
Step: 10000000  Loss: 0.115757 Regul: 0.042480 Obj: 0.158238 (0.104929)  NNZ: 4 (4)  Ttime: 1.4041 Vtime: 0.0523
Step: 10100000  Loss: 0.253119 Regul: 0.198574 Obj: 0.451693 (0.104929)  NNZ: 10 (4)  Ttime: 1.3931 Vtime: 0.0516
Step: 10200000  Loss: 0.114451 Regul: 0.047578 Obj: 0.162029 (0.104929)  NNZ: 5 (4)  Ttime: 1.3974 Vtime: 0.0514
Step: 10300000  Loss: 0.168736 Regul: 0.071895 Obj: 0.240630 (0.104929)  NNZ: 6 (4)  Ttime: 1.3922 Vtime: 0.0513
Step: 10400000  Loss: 0.195818 Regul: 0.093105 Obj: 0.288923 (0.104929)  NNZ: 8 (4)  Ttime: 1.3964 Vtime: 0.0517
Step: 10500000  Loss: 0.156292 Regul: 0.095566 Obj: 0.251859 (0.104929)  NNZ: 8 (4)  Ttime: 1.4060 Vtime: 0.0523
Step: 10600000  Loss: 0.148914 Regul: 0.010312 Obj: 0.159227 (0.104929)  NNZ: 1 (4)  Ttime: 1.3999 Vtime: 0.0514
Step: 10700000  Loss: 0.104683 Regul: 0.031875 Obj: 0.136558 (0.104929)  NNZ: 4 (4)  Ttime: 1.4081 Vtime: 0.0509
Step: 10800000  Loss: 0.180235 Regul: 0.137578 Obj: 0.317813 (0.104929)  NNZ: 9 (4)  Ttime: 1.4077 Vtime: 0.0517
Step: 10900000  Loss: 0.159862 Regul: 0.058008 Obj: 0.217870 (0.104929)  NNZ: 6 (4)  Ttime: 1.3911 Vtime: 0.0517
Step: 11000000  Loss: 1.902992 Regul: 0.274219 Obj: 2.177211 (0.104929)  NNZ: 13 (4)  Ttime: 1.3990 Vtime: 0.0511
Step: 11100000  Loss: 0.121227 Regul: 0.061992 Obj: 0.183219 (0.104929)  NNZ: 9 (4)  Ttime: 1.3991 Vtime: 0.0512
Step: 11200000  Loss: 0.126846 Regul: 0.030762 Obj: 0.157607 (0.104929)  NNZ: 2 (4)  Ttime: 1.4118 Vtime: 0.0524
Step: 11300000  Loss: 0.223258 Regul: 0.077520 Obj: 0.300777 (0.104929)  NNZ: 7 (4)  Ttime: 1.4271 Vtime: 0.0517
Step: 11400000  Loss: 0.124241 Regul: 0.054727 Obj: 0.178967 (0.104929)  NNZ: 10 (4)  Ttime: 1.4276 Vtime: 0.0504
Step: 11500000  Loss: 0.154802 Regul: 0.072129 Obj: 0.226931 (0.104929)  NNZ: 7 (4)  Ttime: 1.4038 Vtime: 0.0512
Step: 11600000  Loss: 0.189056 Regul: 0.108984 Obj: 0.298041 (0.104929)  NNZ: 9 (4)  Ttime: 1.4135 Vtime: 0.0513
Step: 11700000  Loss: 0.142129 Regul: 0.049629 Obj: 0.191758 (0.104929)  NNZ: 4 (4)  Ttime: 1.4042 Vtime: 0.0518
Step: 11800000  Loss: 0.155242 Regul: 0.091055 Obj: 0.246296 (0.104929)  NNZ: 7 (4)  Ttime: 1.4057 Vtime: 0.0514
Step: 11900000  Loss: 0.219379 Regul: 0.113965 Obj: 0.333344 (0.104929)  NNZ: 10 (4)  Ttime: 1.4171 Vtime: 0.0513
Step: 12000000  Loss: 0.240105 Regul: 0.078457 Obj: 0.318562 (0.104929)  NNZ: 9 (4)  Ttime: 1.3966 Vtime: 0.0519
Step: 12100000  Loss: 0.170124 Regul: 0.077988 Obj: 0.248112 (0.104929)  NNZ: 6 (4)  Ttime: 1.4003 Vtime: 0.0514
Step: 12200000  Loss: 0.125244 Regul: 0.013828 Obj: 0.139072 (0.104929)  NNZ: 1 (4)  Ttime: 1.3941 Vtime: 0.0514
Step: 12300000  Loss: 0.095647 Regul: 0.031230 Obj: 0.126878 (0.104929)  NNZ: 4 (4)  Ttime: 1.4118 Vtime: 0.0514
Step: 12400000  Loss: 0.241028 Regul: 0.149180 Obj: 0.390208 (0.104929)  NNZ: 7 (4)  Ttime: 1.4194 Vtime: 0.0512
Step: 12500000  Loss: 0.113265 Regul: 0.040195 Obj: 0.153460 (0.104929)  NNZ: 4 (4)  Ttime: 1.4233 Vtime: 0.0521
Step: 12600000  Loss: 0.134579 Regul: 0.048926 Obj: 0.183505 (0.104929)  NNZ: 7 (4)  Ttime: 1.4123 Vtime: 0.0527
Step: 12700000  Loss: 0.202255 Regul: 0.109102 Obj: 0.311356 (0.104929)  NNZ: 11 (4)  Ttime: 1.4380 Vtime: 0.0532
Step: 12800000  Loss: 0.099083 Regul: 0.045879 Obj: 0.144962 (0.104929)  NNZ: 6 (4)  Ttime: 1.4539 Vtime: 0.0517
Step: 12900000  Loss: 0.159132 Regul: 0.065801 Obj: 0.224932 (0.104929)  NNZ: 7 (4)  Ttime: 1.4054 Vtime: 0.0512
Step: 13000000  Loss: 0.165116 Regul: 0.101953 Obj: 0.267069 (0.104929)  NNZ: 10 (4)  Ttime: 1.4197 Vtime: 0.0533
Step: 13100000  Loss: 0.145826 Regul: 0.057305 Obj: 0.203131 (0.104929)  NNZ: 7 (4)  Ttime: 1.4132 Vtime: 0.0516
Step: 13200000  Loss: 0.112090 Regul: 0.074824 Obj: 0.186914 (0.104929)  NNZ: 7 (4)  Ttime: 1.4241 Vtime: 0.0531
Step: 13300000  Loss: 0.081006 Regul: 0.030059 Obj: 0.111064 (0.104929)  NNZ: 4 (4)  Ttime: 1.4328 Vtime: 0.0517
Step: 13400000  Loss: 0.100789 Regul: 0.048105 Obj: 0.148894 (0.104929)  NNZ: 4 (4)  Ttime: 1.3941 Vtime: 0.0518
Step: 13500000  Loss: 0.686380 Regul: 0.062930 Obj: 0.749310 (0.104929)  NNZ: 6 (4)  Ttime: 1.3983 Vtime: 0.0513
Step: 13600000  Loss: 0.084069 Regul: 0.035039 Obj: 0.119108 (0.104929)  NNZ: 5 (4)  Ttime: 1.4282 Vtime: 0.0514
Step: 13700000  Loss: 0.338110 Regul: 0.135410 Obj: 0.473521 (0.104929)  NNZ: 10 (4)  Ttime: 1.3994 Vtime: 0.0515
Step: 13800000  Loss: 0.201823 Regul: 0.104180 Obj: 0.306003 (0.104929)  NNZ: 8 (4)  Ttime: 1.3977 Vtime: 0.0513
Step: 13900000  Loss: 0.089769 Regul: 0.030820 Obj: 0.120589 (0.104929)  NNZ: 4 (4)  Ttime: 1.4009 Vtime: 0.0505
Step: 14000000  Loss: 0.104830 Regul: 0.036211 Obj: 0.141041 (0.104929)  NNZ: 6 (4)  Ttime: 1.3971 Vtime: 0.0519
Step: 14100000  Loss: 0.155785 Regul: 0.028477 Obj: 0.184261 (0.104929)  NNZ: 4 (4)  Ttime: 1.4034 Vtime: 0.0512
Step: 14200000  Loss: 0.080785 Regul: 0.033281 Obj: 0.114066 (0.104929)  NNZ: 4 (4)  Ttime: 1.4065 Vtime: 0.0517
Best: 14300000  Loss: 0.073666 Regul: 0.017461 Obj: 0.091127 (0.091127)  NNZ: 4 (4)  Ttime: 1.4009 Vtime: 0.0516
Stat: nPR #20 (#32) Dim/MaxDim [160/640] AUC: 0.971739 FPR95: 17.74 [saved]
Step: 14400000  Loss: 0.180597 Regul: 0.053730 Obj: 0.234327 (0.091127)  NNZ: 6 (4)  Ttime: 1.4311 Vtime: 0.0515
Step: 14500000  Loss: 0.083777 Regul: 0.021387 Obj: 0.105163 (0.091127)  NNZ: 3 (4)  Ttime: 1.4063 Vtime: 0.0517
Step: 14600000  Loss: 0.144023 Regul: 0.093691 Obj: 0.237715 (0.091127)  NNZ: 8 (4)  Ttime: 1.4044 Vtime: 0.0514
Step: 14700000  Loss: 0.095861 Regul: 0.062695 Obj: 0.158556 (0.091127)  NNZ: 8 (4)  Ttime: 1.4241 Vtime: 0.0510
Step: 14800000  Loss: 0.159470 Regul: 0.060059 Obj: 0.219528 (0.091127)  NNZ: 7 (4)  Ttime: 1.4448 Vtime: 0.0513
Step: 14900000  Loss: 0.546699 Regul: 0.132949 Obj: 0.679648 (0.091127)  NNZ: 12 (4)  Ttime: 1.4546 Vtime: 0.0514
Step: 15000000  Loss: 0.317565 Regul: 0.193594 Obj: 0.511158 (0.091127)  NNZ: 11 (4)  Ttime: 1.5291 Vtime: 0.0558
Step: 15100000  Loss: 0.102959 Regul: 0.037090 Obj: 0.140048 (0.091127)  NNZ: 6 (4)  Ttime: 1.5057 Vtime: 0.0526
Step: 15200000  Loss: 0.201288 Regul: 0.060879 Obj: 0.262167 (0.091127)  NNZ: 3 (4)  Ttime: 1.5202 Vtime: 0.0533
Step: 15300000  Loss: 0.118739 Regul: 0.062578 Obj: 0.181317 (0.091127)  NNZ: 7 (4)  Ttime: 1.5141 Vtime: 0.0515
Step: 15400000  Loss: 0.082911 Regul: 0.042598 Obj: 0.125509 (0.091127)  NNZ: 6 (4)  Ttime: 1.4795 Vtime: 0.0533
Step: 15500000  Loss: 0.461416 Regul: 0.062637 Obj: 0.524053 (0.091127)  NNZ: 7 (4)  Ttime: 1.4587 Vtime: 0.0537
Step: 15600000  Loss: 0.111596 Regul: 0.043301 Obj: 0.154896 (0.091127)  NNZ: 6 (4)  Ttime: 1.4527 Vtime: 0.0556
Step: 15700000  Loss: 0.319459 Regul: 0.172910 Obj: 0.492369 (0.091127)  NNZ: 14 (4)  Ttime: 1.4860 Vtime: 0.0511
Step: 15800000  Loss: 0.160900 Regul: 0.099902 Obj: 0.260803 (0.091127)  NNZ: 8 (4)  Ttime: 1.4304 Vtime: 0.0509
Step: 15900000  Loss: 0.120042 Regul: 0.057422 Obj: 0.177464 (0.091127)  NNZ: 9 (4)  Ttime: 1.4470 Vtime: 0.0510
Step: 16000000  Loss: 0.240791 Regul: 0.149648 Obj: 0.390440 (0.091127)  NNZ: 14 (4)  Ttime: 1.4175 Vtime: 0.0534
Step: 16100000  Loss: 0.107106 Regul: 0.010078 Obj: 0.117184 (0.091127)  NNZ: 3 (4)  Ttime: 1.4153 Vtime: 0.0510
Step: 16200000  Loss: 0.167526 Regul: 0.111797 Obj: 0.279323 (0.091127)  NNZ: 8 (4)  Ttime: 1.4354 Vtime: 0.0514
Step: 16300000  Loss: 0.206572 Regul: 0.105469 Obj: 0.312040 (0.091127)  NNZ: 9 (4)  Ttime: 1.4281 Vtime: 0.0519
Step: 16400000  Loss: 0.108740 Regul: 0.052676 Obj: 0.161416 (0.091127)  NNZ: 7 (4)  Ttime: 1.4355 Vtime: 0.0523
Step: 16500000  Loss: 0.097121 Regul: 0.026836 Obj: 0.123957 (0.091127)  NNZ: 5 (4)  Ttime: 1.4421 Vtime: 0.0510
Step: 16600000  Loss: 0.143855 Regul: 0.098730 Obj: 0.242586 (0.091127)  NNZ: 8 (4)  Ttime: 1.4353 Vtime: 0.0517
Step: 16700000  Loss: 0.319428 Regul: 0.088242 Obj: 0.407670 (0.091127)  NNZ: 10 (4)  Ttime: 1.5023 Vtime: 0.0547
Step: 16800000  Loss: 0.071699 Regul: 0.025781 Obj: 0.097480 (0.091127)  NNZ: 5 (4)  Ttime: 1.4545 Vtime: 0.0516
Step: 16900000  Loss: 0.115522 Regul: 0.028711 Obj: 0.144233 (0.091127)  NNZ: 4 (4)  Ttime: 1.4430 Vtime: 0.0516
Step: 17000000  Loss: 0.074562 Regul: 0.027129 Obj: 0.101691 (0.091127)  NNZ: 4 (4)  Ttime: 1.4382 Vtime: 0.0523
Step: 17100000  Loss: 0.175968 Regul: 0.109102 Obj: 0.285070 (0.091127)  NNZ: 9 (4)  Ttime: 1.4482 Vtime: 0.0583
Step: 17200000  Loss: 0.257480 Regul: 0.059238 Obj: 0.316719 (0.091127)  NNZ: 4 (4)  Ttime: 1.4513 Vtime: 0.0525
Step: 17300000  Loss: 0.216963 Regul: 0.128379 Obj: 0.345342 (0.091127)  NNZ: 9 (4)  Ttime: 1.4597 Vtime: 0.0516
Step: 17400000  Loss: 0.575853 Regul: 0.247559 Obj: 0.823412 (0.091127)  NNZ: 14 (4)  Ttime: 1.4329 Vtime: 0.0522
Step: 17500000  Loss: 0.121257 Regul: 0.063105 Obj: 0.184362 (0.091127)  NNZ: 6 (4)  Ttime: 1.4468 Vtime: 0.0530
Step: 17600000  Loss: 0.159890 Regul: 0.106699 Obj: 0.266590 (0.091127)  NNZ: 10 (4)  Ttime: 1.4322 Vtime: 0.0517
Step: 17700000  Loss: 0.094456 Regul: 0.050156 Obj: 0.144612 (0.091127)  NNZ: 5 (4)  Ttime: 1.4692 Vtime: 0.0515
Step: 17800000  Loss: 0.166438 Regul: 0.104180 Obj: 0.270618 (0.091127)  NNZ: 7 (4)  Ttime: 1.4515 Vtime: 0.0526
Step: 17900000  Loss: 0.108225 Regul: 0.034043 Obj: 0.142268 (0.091127)  NNZ: 8 (4)  Ttime: 1.4549 Vtime: 0.0519
Step: 18000000  Loss: 0.148019 Regul: 0.022676 Obj: 0.170695 (0.091127)  NNZ: 2 (4)  Ttime: 1.4479 Vtime: 0.0520
Step: 18100000  Loss: 0.090452 Regul: 0.055137 Obj: 0.145588 (0.091127)  NNZ: 7 (4)  Ttime: 1.4392 Vtime: 0.0522
Step: 18200000  Loss: 0.171851 Regul: 0.103652 Obj: 0.275503 (0.091127)  NNZ: 7 (4)  Ttime: 1.4459 Vtime: 0.0515
Best: 18300000  Loss: 0.065149 Regul: 0.017930 Obj: 0.083078 (0.083078)  NNZ: 4 (4)  Ttime: 1.4385 Vtime: 0.0516
Stat: nPR #32 (#32) Dim/MaxDim [256/640] AUC: 0.975373 FPR95: 14.60 [saved]
Step: 18400000  Loss: 0.191619 Regul: 0.121934 Obj: 0.313552 (0.083078)  NNZ: 12 (4)  Ttime: 1.4132 Vtime: 0.0515
Step: 18500000  Loss: 0.131320 Regul: 0.081680 Obj: 0.213000 (0.083078)  NNZ: 10 (4)  Ttime: 1.4196 Vtime: 0.0513
Step: 18600000  Loss: 0.137839 Regul: 0.082910 Obj: 0.220749 (0.083078)  NNZ: 7 (4)  Ttime: 1.4215 Vtime: 0.0521
Step: 18700000  Loss: 0.204992 Regul: 0.094277 Obj: 0.299269 (0.083078)  NNZ: 7 (4)  Ttime: 1.4037 Vtime: 0.0510
Step: 18800000  Loss: 0.097837 Regul: 0.053027 Obj: 0.150864 (0.083078)  NNZ: 7 (4)  Ttime: 1.4159 Vtime: 0.0531
Step: 18900000  Loss: 0.086857 Regul: 0.033574 Obj: 0.120431 (0.083078)  NNZ: 6 (4)  Ttime: 1.4289 Vtime: 0.0542
Step: 19000000  Loss: 0.100183 Regul: 0.056484 Obj: 0.156668 (0.083078)  NNZ: 6 (4)  Ttime: 1.4062 Vtime: 0.0523
Step: 19100000  Loss: 0.224701 Regul: 0.174199 Obj: 0.398900 (0.083078)  NNZ: 10 (4)  Ttime: 1.4174 Vtime: 0.0516
Step: 19200000  Loss: 0.095201 Regul: 0.027715 Obj: 0.122916 (0.083078)  NNZ: 4 (4)  Ttime: 1.4073 Vtime: 0.0509
Step: 19300000  Loss: 0.217953 Regul: 0.110156 Obj: 0.328109 (0.083078)  NNZ: 8 (4)  Ttime: 1.4169 Vtime: 0.0516
Step: 19400000  Loss: 0.096654 Regul: 0.060703 Obj: 0.157357 (0.083078)  NNZ: 9 (4)  Ttime: 1.4111 Vtime: 0.0516
Step: 19500000  Loss: 0.176162 Regul: 0.116660 Obj: 0.292822 (0.083078)  NNZ: 12 (4)  Ttime: 1.4163 Vtime: 0.0519
Step: 19600000  Loss: 0.068702 Regul: 0.030762 Obj: 0.099464 (0.083078)  NNZ: 5 (4)  Ttime: 1.4318 Vtime: 0.0512
Step: 19700000  Loss: 0.255225 Regul: 0.174668 Obj: 0.429893 (0.083078)  NNZ: 11 (4)  Ttime: 1.4171 Vtime: 0.0521
Step: 19800000  Loss: 0.110819 Regul: 0.051621 Obj: 0.162440 (0.083078)  NNZ: 7 (4)  Ttime: 1.4456 Vtime: 0.0517
Step: 19900000  Loss: 0.148062 Regul: 0.106172 Obj: 0.254234 (0.083078)  NNZ: 8 (4)  Ttime: 1.4175 Vtime: 0.0586
Step: 20000000  Loss: 0.081868 Regul: 0.031055 Obj: 0.112923 (0.083078)  NNZ: 5 (4)  Ttime: 1.5120 Vtime: 0.0544
Step: 20100000  Loss: 0.120368 Regul: 0.050508 Obj: 0.170876 (0.083078)  NNZ: 4 (4)  Ttime: 1.4240 Vtime: 0.0624
Step: 20200000  Loss: 0.106776 Regul: 0.062695 Obj: 0.169471 (0.083078)  NNZ: 7 (4)  Ttime: 1.4327 Vtime: 0.0588
Step: 20300000  Loss: 0.107277 Regul: 0.056309 Obj: 0.163585 (0.083078)  NNZ: 6 (4)  Ttime: 1.4393 Vtime: 0.0516
Step: 20400000  Loss: 0.188424 Regul: 0.014883 Obj: 0.203307 (0.083078)  NNZ: 1 (4)  Ttime: 1.4585 Vtime: 0.0512
Step: 20500000  Loss: 1.442263 Regul: 0.239941 Obj: 1.682205 (0.083078)  NNZ: 15 (4)  Ttime: 1.3987 Vtime: 0.0535
Step: 20600000  Loss: 0.264469 Regul: 0.140039 Obj: 0.404508 (0.083078)  NNZ: 9 (4)  Ttime: 1.4188 Vtime: 0.0511
Step: 20700000  Loss: 0.116655 Regul: 0.035332 Obj: 0.151987 (0.083078)  NNZ: 5 (4)  Ttime: 1.4446 Vtime: 0.0522
Step: 20800000  Loss: 0.097442 Regul: 0.050859 Obj: 0.148302 (0.083078)  NNZ: 6 (4)  Ttime: 1.4426 Vtime: 0.0508
Step: 20900000  Loss: 0.091046 Regul: 0.028008 Obj: 0.119054 (0.083078)  NNZ: 4 (4)  Ttime: 1.4640 Vtime: 0.0569
Step: 21000000  Loss: 0.108799 Regul: 0.057949 Obj: 0.166748 (0.083078)  NNZ: 7 (4)  Ttime: 1.4737 Vtime: 0.0513
Step: 21100000  Loss: 0.116916 Regul: 0.043184 Obj: 0.160099 (0.083078)  NNZ: 6 (4)  Ttime: 1.4545 Vtime: 0.0531
Step: 21200000  Loss: 0.319514 Regul: 0.107930 Obj: 0.427444 (0.083078)  NNZ: 10 (4)  Ttime: 1.4489 Vtime: 0.0549
Best: 21300000  Loss: 0.058200 Regul: 0.019570 Obj: 0.077770 (0.077770)  NNZ: 5 (5)  Ttime: 1.4612 Vtime: 0.0513
Stat: nPR #36 (#40) Dim/MaxDim [288/640] AUC: 0.978289 FPR95: 12.01 [saved]
Step: 21400000  Loss: 0.111342 Regul: 0.057129 Obj: 0.168471 (0.077770)  NNZ: 6 (5)  Ttime: 1.4728 Vtime: 0.0554
Step: 21500000  Loss: 0.141267 Regul: 0.063809 Obj: 0.205076 (0.077770)  NNZ: 8 (5)  Ttime: 1.4733 Vtime: 0.0554
Step: 21600000  Loss: 0.135455 Regul: 0.045586 Obj: 0.181041 (0.077770)  NNZ: 7 (5)  Ttime: 1.4648 Vtime: 0.0544
Step: 21700000  Loss: 0.134660 Regul: 0.079863 Obj: 0.214523 (0.077770)  NNZ: 11 (5)  Ttime: 1.4607 Vtime: 0.0520
Step: 21800000  Loss: 0.113589 Regul: 0.073418 Obj: 0.187007 (0.077770)  NNZ: 8 (5)  Ttime: 1.4662 Vtime: 0.0514
Step: 21900000  Loss: 0.074802 Regul: 0.036738 Obj: 0.111540 (0.077770)  NNZ: 4 (5)  Ttime: 1.4551 Vtime: 0.0514
Step: 22000000  Loss: 0.060817 Regul: 0.020215 Obj: 0.081032 (0.077770)  NNZ: 4 (5)  Ttime: 1.4547 Vtime: 0.0519
Step: 22100000  Loss: 0.151323 Regul: 0.006270 Obj: 0.157592 (0.077770)  NNZ: 1 (5)  Ttime: 1.4547 Vtime: 0.0542
Step: 22200000  Loss: 0.089543 Regul: 0.026777 Obj: 0.116320 (0.077770)  NNZ: 4 (5)  Ttime: 1.4505 Vtime: 0.0519
Step: 22300000  Loss: 0.084707 Regul: 0.051738 Obj: 0.136446 (0.077770)  NNZ: 7 (5)  Ttime: 1.4599 Vtime: 0.0528
Step: 22400000  Loss: 0.077864 Regul: 0.017871 Obj: 0.095735 (0.077770)  NNZ: 3 (5)  Ttime: 1.4601 Vtime: 0.0520
Step: 22500000  Loss: 0.115651 Regul: 0.072305 Obj: 0.187956 (0.077770)  NNZ: 8 (5)  Ttime: 1.4729 Vtime: 0.0528
Step: 22600000  Loss: 0.088012 Regul: 0.044355 Obj: 0.132367 (0.077770)  NNZ: 8 (5)  Ttime: 1.4532 Vtime: 0.0516
Step: 22700000  Loss: 0.137927 Regul: 0.024551 Obj: 0.162478 (0.077770)  NNZ: 4 (5)  Ttime: 1.4689 Vtime: 0.0512
Step: 22800000  Loss: 0.128597 Regul: 0.073066 Obj: 0.201664 (0.077770)  NNZ: 8 (5)  Ttime: 1.4639 Vtime: 0.0532
Step: 22900000  Loss: 0.959080 Regul: 0.105176 Obj: 1.064256 (0.077770)  NNZ: 9 (5)  Ttime: 1.4683 Vtime: 0.0511
Step: 23000000  Loss: 0.075289 Regul: 0.020918 Obj: 0.096207 (0.077770)  NNZ: 4 (5)  Ttime: 1.4673 Vtime: 0.0528
Step: 23100000  Loss: 0.113801 Regul: 0.030059 Obj: 0.143860 (0.077770)  NNZ: 4 (5)  Ttime: 1.4727 Vtime: 0.0515
Step: 23200000  Loss: 0.090555 Regul: 0.024902 Obj: 0.115457 (0.077770)  NNZ: 4 (5)  Ttime: 1.4810 Vtime: 0.0538
Step: 23300000  Loss: 0.099902 Regul: 0.065273 Obj: 0.165175 (0.077770)  NNZ: 6 (5)  Ttime: 1.4616 Vtime: 0.0527
Step: 23400000  Loss: 0.063695 Regul: 0.017285 Obj: 0.080980 (0.077770)  NNZ: 3 (5)  Ttime: 1.4507 Vtime: 0.0513
Step: 23500000  Loss: 0.176454 Regul: 0.095918 Obj: 0.272372 (0.077770)  NNZ: 13 (5)  Ttime: 1.4744 Vtime: 0.0517
Step: 23600000  Loss: 0.101326 Regul: 0.041543 Obj: 0.142869 (0.077770)  NNZ: 6 (5)  Ttime: 1.4110 Vtime: 0.0519
Step: 23700000  Loss: 0.073287 Regul: 0.029297 Obj: 0.102584 (0.077770)  NNZ: 6 (5)  Ttime: 1.4083 Vtime: 0.0516
Step: 23800000  Loss: 0.071491 Regul: 0.032168 Obj: 0.103659 (0.077770)  NNZ: 7 (5)  Ttime: 1.4096 Vtime: 0.0509
Step: 23900000  Loss: 0.078669 Regul: 0.044180 Obj: 0.122849 (0.077770)  NNZ: 7 (5)  Ttime: 1.4154 Vtime: 0.0520
Step: 24000000  Loss: 0.185503 Regul: 0.129609 Obj: 0.315112 (0.077770)  NNZ: 11 (5)  Ttime: 1.4267 Vtime: 0.0534
Step: 24100000  Loss: 0.165922 Regul: 0.113496 Obj: 0.279418 (0.077770)  NNZ: 9 (5)  Ttime: 1.4697 Vtime: 0.0513
Step: 24200000  Loss: 0.145475 Regul: 0.058066 Obj: 0.203542 (0.077770)  NNZ: 6 (5)  Ttime: 1.4481 Vtime: 0.0540
Step: 24300000  Loss: 0.074293 Regul: 0.015937 Obj: 0.090231 (0.077770)  NNZ: 5 (5)  Ttime: 1.4451 Vtime: 0.0523
Step: 24400000  Loss: 0.100373 Regul: 0.060645 Obj: 0.161018 (0.077770)  NNZ: 7 (5)  Ttime: 1.4738 Vtime: 0.0538
Step: 24500000  Loss: 0.139769 Regul: 0.088711 Obj: 0.228480 (0.077770)  NNZ: 11 (5)  Ttime: 1.4621 Vtime: 0.0521
Step: 24600000  Loss: 0.135077 Regul: 0.040605 Obj: 0.175682 (0.077770)  NNZ: 6 (5)  Ttime: 1.4615 Vtime: 0.0539
Step: 24700000  Loss: 0.099292 Regul: 0.035039 Obj: 0.134332 (0.077770)  NNZ: 6 (5)  Ttime: 1.4527 Vtime: 0.0517
Step: 24800000  Loss: 0.454443 Regul: 0.061113 Obj: 0.515556 (0.077770)  NNZ: 7 (5)  Ttime: 1.4659 Vtime: 0.0530
Step: 24900000  Loss: 0.071053 Regul: 0.028242 Obj: 0.099295 (0.077770)  NNZ: 6 (5)  Ttime: 1.4688 Vtime: 0.0513
Best: 25000000  Loss: 0.054458 Regul: 0.020332 Obj: 0.074790 (0.074790)  NNZ: 6 (6)  Ttime: 1.4619 Vtime: 0.0513
Stat: nPR #40 (#48) Dim/MaxDim [320/640] AUC: 0.979466 FPR95: 10.97 [saved]
Step: 25100000  Loss: 0.081395 Regul: 0.034863 Obj: 0.116258 (0.074790)  NNZ: 6 (6)  Ttime: 1.4775 Vtime: 0.0557
Step: 25200000  Loss: 0.353002 Regul: 0.053027 Obj: 0.406029 (0.074790)  NNZ: 9 (6)  Ttime: 1.4673 Vtime: 0.0518
Step: 25300000  Loss: 0.070333 Regul: 0.027715 Obj: 0.098048 (0.074790)  NNZ: 7 (6)  Ttime: 1.4795 Vtime: 0.0527
Step: 25400000  Loss: 0.163062 Regul: 0.118770 Obj: 0.281832 (0.074790)  NNZ: 15 (6)  Ttime: 1.4602 Vtime: 0.0519
Step: 25500000  Loss: 0.086282 Regul: 0.036855 Obj: 0.123137 (0.074790)  NNZ: 7 (6)  Ttime: 1.4678 Vtime: 0.0512
Step: 25600000  Loss: 0.087334 Regul: 0.039668 Obj: 0.127002 (0.074790)  NNZ: 5 (6)  Ttime: 1.4730 Vtime: 0.0516
Step: 25700000  Loss: 0.141773 Regul: 0.033340 Obj: 0.175113 (0.074790)  NNZ: 4 (6)  Ttime: 1.4812 Vtime: 0.0535
Step: 25800000  Loss: 0.142767 Regul: 0.069492 Obj: 0.212259 (0.074790)  NNZ: 9 (6)  Ttime: 1.4633 Vtime: 0.0521
Step: 25900000  Loss: 0.139798 Regul: 0.069668 Obj: 0.209466 (0.074790)  NNZ: 10 (6)  Ttime: 1.4614 Vtime: 0.0515
Step: 26000000  Loss: 0.173982 Regul: 0.081621 Obj: 0.255603 (0.074790)  NNZ: 6 (6)  Ttime: 1.4649 Vtime: 0.0520
Step: 26100000  Loss: 0.078357 Regul: 0.037441 Obj: 0.115798 (0.074790)  NNZ: 7 (6)  Ttime: 1.4597 Vtime: 0.0515
Step: 26200000  Loss: 0.114361 Regul: 0.047285 Obj: 0.161646 (0.074790)  NNZ: 5 (6)  Ttime: 1.4673 Vtime: 0.0514
Step: 26300000  Loss: 0.069568 Regul: 0.030000 Obj: 0.099568 (0.074790)  NNZ: 6 (6)  Ttime: 1.4605 Vtime: 0.0546
Step: 26400000  Loss: 0.104575 Regul: 0.007441 Obj: 0.112016 (0.074790)  NNZ: 2 (6)  Ttime: 1.4743 Vtime: 0.0567
Step: 26500000  Loss: 0.099171 Regul: 0.045293 Obj: 0.144464 (0.074790)  NNZ: 6 (6)  Ttime: 1.4852 Vtime: 0.0523
Step: 26600000  Loss: 0.105323 Regul: 0.028652 Obj: 0.133976 (0.074790)  NNZ: 4 (6)  Ttime: 1.4611 Vtime: 0.0514
Step: 26700000  Loss: 0.170921 Regul: 0.081445 Obj: 0.252366 (0.074790)  NNZ: 7 (6)  Ttime: 1.4721 Vtime: 0.0522
Step: 26800000  Loss: 0.082645 Regul: 0.017812 Obj: 0.100457 (0.074790)  NNZ: 4 (6)  Ttime: 1.4638 Vtime: 0.0511
Step: 26900000  Loss: 0.068182 Regul: 0.015586 Obj: 0.083768 (0.074790)  NNZ: 3 (6)  Ttime: 1.4589 Vtime: 0.0509
Step: 27000000  Loss: 0.090483 Regul: 0.049570 Obj: 0.140053 (0.074790)  NNZ: 6 (6)  Ttime: 1.4578 Vtime: 0.0515
Step: 27100000  Loss: 0.142105 Regul: 0.088945 Obj: 0.231050 (0.074790)  NNZ: 9 (6)  Ttime: 1.4620 Vtime: 0.0532
Step: 27200000  Loss: 0.109822 Regul: 0.028945 Obj: 0.138767 (0.074790)  NNZ: 6 (6)  Ttime: 1.4608 Vtime: 0.0516
Step: 27300000  Loss: 0.070862 Regul: 0.013359 Obj: 0.084221 (0.074790)  NNZ: 4 (6)  Ttime: 1.4560 Vtime: 0.0513
Step: 27400000  Loss: 0.079236 Regul: 0.015234 Obj: 0.094471 (0.074790)  NNZ: 3 (6)  Ttime: 1.4534 Vtime: 0.0526
Step: 27500000  Loss: 0.141489 Regul: 0.030820 Obj: 0.172309 (0.074790)  NNZ: 5 (6)  Ttime: 1.4507 Vtime: 0.0522
Step: 27600000  Loss: 0.129288 Regul: 0.044297 Obj: 0.173585 (0.074790)  NNZ: 6 (6)  Ttime: 1.4613 Vtime: 0.0527
Step: 27700000  Loss: 0.072887 Regul: 0.027246 Obj: 0.100133 (0.074790)  NNZ: 4 (6)  Ttime: 1.4498 Vtime: 0.0543
Step: 27800000  Loss: 0.075843 Regul: 0.030879 Obj: 0.106722 (0.074790)  NNZ: 5 (6)  Ttime: 1.4665 Vtime: 0.0512
Step: 27900000  Loss: 0.103877 Regul: 0.042012 Obj: 0.145888 (0.074790)  NNZ: 5 (6)  Ttime: 1.4685 Vtime: 0.0532
Step: 28000000  Loss: 0.060936 Regul: 0.015937 Obj: 0.076874 (0.074790)  NNZ: 3 (6)  Ttime: 1.4681 Vtime: 0.0538
Step: 28100000  Loss: 0.131580 Regul: 0.070547 Obj: 0.202127 (0.074790)  NNZ: 6 (6)  Ttime: 1.4650 Vtime: 0.0518
Step: 28200000  Loss: 0.531912 Regul: 0.101543 Obj: 0.633455 (0.074790)  NNZ: 9 (6)  Ttime: 1.4672 Vtime: 0.0520
Step: 28300000  Loss: 0.555973 Regul: 0.155566 Obj: 0.711539 (0.074790)  NNZ: 13 (6)  Ttime: 1.4780 Vtime: 0.0512
Step: 28400000  Loss: 0.268830 Regul: 0.077051 Obj: 0.345881 (0.074790)  NNZ: 8 (6)  Ttime: 1.4653 Vtime: 0.0512
Step: 28500000  Loss: 0.205779 Regul: 0.099375 Obj: 0.305154 (0.074790)  NNZ: 10 (6)  Ttime: 1.4820 Vtime: 0.0532
Step: 28600000  Loss: 0.120472 Regul: 0.066621 Obj: 0.187093 (0.074790)  NNZ: 13 (6)  Ttime: 1.4639 Vtime: 0.0529
Step: 28700000  Loss: 0.090792 Regul: 0.038672 Obj: 0.129464 (0.074790)  NNZ: 6 (6)  Ttime: 1.4737 Vtime: 0.0562
Step: 28800000  Loss: 0.093594 Regul: 0.048223 Obj: 0.141817 (0.074790)  NNZ: 7 (6)  Ttime: 1.4949 Vtime: 0.0516
Step: 28900000  Loss: 0.111078 Regul: 0.063867 Obj: 0.174945 (0.074790)  NNZ: 7 (6)  Ttime: 1.4863 Vtime: 0.0522
Step: 29000000  Loss: 0.120000 Regul: 0.068086 Obj: 0.188086 (0.074790)  NNZ: 8 (6)  Ttime: 1.4939 Vtime: 0.0537
Step: 29100000  Loss: 0.110185 Regul: 0.007617 Obj: 0.117802 (0.074790)  NNZ: 2 (6)  Ttime: 1.4965 Vtime: 0.0510
Step: 29200000  Loss: 0.165244 Regul: 0.041367 Obj: 0.206612 (0.074790)  NNZ: 7 (6)  Ttime: 1.4736 Vtime: 0.0514
Step: 29300000  Loss: 0.101336 Regul: 0.028652 Obj: 0.129988 (0.074790)  NNZ: 4 (6)  Ttime: 1.4487 Vtime: 0.0519
Step: 29400000  Loss: 0.241133 Regul: 0.022207 Obj: 0.263340 (0.074790)  NNZ: 3 (6)  Ttime: 1.4494 Vtime: 0.0518
Step: 29500000  Loss: 0.749051 Regul: 0.089473 Obj: 0.838523 (0.074790)  NNZ: 13 (6)  Ttime: 1.4773 Vtime: 0.0576
Step: 29600000  Loss: 0.341917 Regul: 0.047168 Obj: 0.389085 (0.074790)  NNZ: 5 (6)  Ttime: 1.4646 Vtime: 0.0526
Step: 29700000  Loss: 0.226113 Regul: 0.070840 Obj: 0.296953 (0.074790)  NNZ: 13 (6)  Ttime: 1.4687 Vtime: 0.0518
Step: 29800000  Loss: 0.188909 Regul: 0.042656 Obj: 0.231565 (0.074790)  NNZ: 5 (6)  Ttime: 1.4122 Vtime: 0.0515
Step: 29900000  Loss: 0.102147 Regul: 0.017578 Obj: 0.119725 (0.074790)  NNZ: 3 (6)  Ttime: 1.4095 Vtime: 0.0514
Step: 30000000  Loss: 0.098130 Regul: 0.036914 Obj: 0.135044 (0.074790)  NNZ: 6 (6)  Ttime: 1.4391 Vtime: 0.0550
Step: 30100000  Loss: 0.134646 Regul: 0.052734 Obj: 0.187380 (0.074790)  NNZ: 8 (6)  Ttime: 1.4149 Vtime: 0.0513
Step: 30200000  Loss: 0.096286 Regul: 0.035391 Obj: 0.131677 (0.074790)  NNZ: 6 (6)  Ttime: 1.4239 Vtime: 0.0521
Step: 30300000  Loss: 0.069693 Regul: 0.035156 Obj: 0.104849 (0.074790)  NNZ: 6 (6)  Ttime: 1.4079 Vtime: 0.0523
Step: 30400000  Loss: 0.078165 Regul: 0.018164 Obj: 0.096329 (0.074790)  NNZ: 4 (6)  Ttime: 1.3972 Vtime: 0.0512
Step: 30500000  Loss: 0.116140 Regul: 0.059766 Obj: 0.175906 (0.074790)  NNZ: 8 (6)  Ttime: 1.4089 Vtime: 0.0511
Step: 30600000  Loss: 0.067619 Regul: 0.014883 Obj: 0.082502 (0.074790)  NNZ: 4 (6)  Ttime: 1.3994 Vtime: 0.0510
Step: 30700000  Loss: 0.111890 Regul: 0.020977 Obj: 0.132867 (0.074790)  NNZ: 2 (6)  Ttime: 1.4416 Vtime: 0.0525
Step: 30800000  Loss: 0.107788 Regul: 0.073359 Obj: 0.181147 (0.074790)  NNZ: 10 (6)  Ttime: 1.4025 Vtime: 0.0522
Step: 30900000  Loss: 0.084532 Regul: 0.044883 Obj: 0.129415 (0.074790)  NNZ: 10 (6)  Ttime: 1.4119 Vtime: 0.0519
Step: 31000000  Loss: 0.076073 Regul: 0.031641 Obj: 0.107713 (0.074790)  NNZ: 6 (6)  Ttime: 1.4267 Vtime: 0.0520
Step: 31100000  Loss: 0.091799 Regul: 0.058359 Obj: 0.150158 (0.074790)  NNZ: 12 (6)  Ttime: 1.3976 Vtime: 0.0519
Step: 31200000  Loss: 0.103972 Regul: 0.043828 Obj: 0.147800 (0.074790)  NNZ: 5 (6)  Ttime: 1.4051 Vtime: 0.0511
Step: 31300000  Loss: 0.077991 Regul: 0.022266 Obj: 0.100256 (0.074790)  NNZ: 4 (6)  Ttime: 1.4084 Vtime: 0.0520
Step: 31400000  Loss: 0.124081 Regul: 0.079570 Obj: 0.203651 (0.074790)  NNZ: 7 (6)  Ttime: 1.4092 Vtime: 0.0517
Step: 31500000  Loss: 0.103195 Regul: 0.048516 Obj: 0.151710 (0.074790)  NNZ: 9 (6)  Ttime: 1.4090 Vtime: 0.0513
Step: 31600000  Loss: 0.089810 Regul: 0.046758 Obj: 0.136568 (0.074790)  NNZ: 5 (6)  Ttime: 1.4214 Vtime: 0.0512
Step: 31700000  Loss: 0.090973 Regul: 0.033047 Obj: 0.124020 (0.074790)  NNZ: 6 (6)  Ttime: 1.4120 Vtime: 0.0517
Step: 31800000  Loss: 0.166966 Regul: 0.093281 Obj: 0.260247 (0.074790)  NNZ: 8 (6)  Ttime: 1.4135 Vtime: 0.0513
Step: 31900000  Loss: 0.082971 Regul: 0.014883 Obj: 0.097854 (0.074790)  NNZ: 3 (6)  Ttime: 1.4142 Vtime: 0.0516
Step: 32000000  Loss: 0.245117 Regul: 0.178945 Obj: 0.424062 (0.074790)  NNZ: 15 (6)  Ttime: 1.4038 Vtime: 0.0517
Step: 32100000  Loss: 0.090599 Regul: 0.023906 Obj: 0.114505 (0.074790)  NNZ: 6 (6)  Ttime: 1.4450 Vtime: 0.0524
Step: 32200000  Loss: 0.109161 Regul: 0.031406 Obj: 0.140567 (0.074790)  NNZ: 5 (6)  Ttime: 1.4837 Vtime: 0.0549
Step: 32300000  Loss: 0.066323 Regul: 0.010195 Obj: 0.076518 (0.074790)  NNZ: 3 (6)  Ttime: 1.4189 Vtime: 0.0522
Step: 32400000  Loss: 0.059805 Regul: 0.019102 Obj: 0.078906 (0.074790)  NNZ: 3 (6)  Ttime: 1.4397 Vtime: 0.0513
Step: 32500000  Loss: 0.147775 Regul: 0.105937 Obj: 0.253712 (0.074790)  NNZ: 11 (6)  Ttime: 1.4394 Vtime: 0.0515
Step: 32600000  Loss: 0.078519 Regul: 0.017930 Obj: 0.096449 (0.074790)  NNZ: 3 (6)  Ttime: 1.4236 Vtime: 0.0520
Best: 32700000  Loss: 0.053805 Regul: 0.016875 Obj: 0.070680 (0.070680)  NNZ: 5 (5)  Ttime: 1.4145 Vtime: 0.0506
Stat: nPR #36 (#40) Dim/MaxDim [288/640] AUC: 0.979217 FPR95: 10.88 [saved]
Step: 32800000  Loss: 0.086625 Regul: 0.008906 Obj: 0.095531 (0.070680)  NNZ: 4 (5)  Ttime: 1.4437 Vtime: 0.0537
Step: 32900000  Loss: 0.157372 Regul: 0.042070 Obj: 0.199442 (0.070680)  NNZ: 7 (5)  Ttime: 1.4448 Vtime: 0.0513
Step: 33000000  Loss: 0.118173 Regul: 0.041133 Obj: 0.159306 (0.070680)  NNZ: 5 (5)  Ttime: 1.4315 Vtime: 0.0512
Step: 33100000  Loss: 0.080245 Regul: 0.015820 Obj: 0.096065 (0.070680)  NNZ: 6 (5)  Ttime: 1.4347 Vtime: 0.0517
Step: 33200000  Loss: 0.246208 Regul: 0.061289 Obj: 0.307497 (0.070680)  NNZ: 5 (5)  Ttime: 1.4575 Vtime: 0.0520
Step: 33300000  Loss: 0.072837 Regul: 0.043008 Obj: 0.115845 (0.070680)  NNZ: 9 (5)  Ttime: 1.4424 Vtime: 0.0516
Step: 33400000  Loss: 0.095260 Regul: 0.049102 Obj: 0.144362 (0.070680)  NNZ: 7 (5)  Ttime: 1.4436 Vtime: 0.0514
Step: 33500000  Loss: 0.097052 Regul: 0.036797 Obj: 0.133849 (0.070680)  NNZ: 5 (5)  Ttime: 1.4226 Vtime: 0.0523
Step: 33600000  Loss: 0.120730 Regul: 0.065859 Obj: 0.186590 (0.070680)  NNZ: 9 (5)  Ttime: 1.4417 Vtime: 0.0539
Step: 33700000  Loss: 0.159908 Regul: 0.111562 Obj: 0.271470 (0.070680)  NNZ: 9 (5)  Ttime: 1.4645 Vtime: 0.0512
Step: 33800000  Loss: 0.090290 Regul: 0.050742 Obj: 0.141032 (0.070680)  NNZ: 10 (5)  Ttime: 1.4341 Vtime: 0.0518
Step: 33900000  Loss: 0.092600 Regul: 0.030469 Obj: 0.123068 (0.070680)  NNZ: 5 (5)  Ttime: 1.4261 Vtime: 0.0511
Step: 34000000  Loss: 0.080967 Regul: 0.040430 Obj: 0.121397 (0.070680)  NNZ: 6 (5)  Ttime: 1.4305 Vtime: 0.0541
Step: 34100000  Loss: 0.151890 Regul: 0.039141 Obj: 0.191030 (0.070680)  NNZ: 4 (5)  Ttime: 1.4312 Vtime: 0.0514
Step: 34200000  Loss: 0.166832 Regul: 0.093047 Obj: 0.259879 (0.070680)  NNZ: 10 (5)  Ttime: 1.4394 Vtime: 0.0510
Step: 34300000  Loss: 0.129784 Regul: 0.086836 Obj: 0.216620 (0.070680)  NNZ: 10 (5)  Ttime: 1.4556 Vtime: 0.0522
Step: 34400000  Loss: 0.157345 Regul: 0.063398 Obj: 0.220743 (0.070680)  NNZ: 7 (5)  Ttime: 1.4580 Vtime: 0.0524
Step: 34500000  Loss: 0.112200 Regul: 0.040078 Obj: 0.152278 (0.070680)  NNZ: 4 (5)  Ttime: 1.4315 Vtime: 0.0515
Step: 34600000  Loss: 0.112979 Regul: 0.080273 Obj: 0.193253 (0.070680)  NNZ: 8 (5)  Ttime: 1.4409 Vtime: 0.0517
Step: 34700000  Loss: 0.118708 Regul: 0.080625 Obj: 0.199333 (0.070680)  NNZ: 10 (5)  Ttime: 1.4168 Vtime: 0.0519
Step: 34800000  Loss: 0.130167 Regul: 0.086484 Obj: 0.216652 (0.070680)  NNZ: 8 (5)  Ttime: 1.4186 Vtime: 0.0520
Step: 34900000  Loss: 0.393550 Regul: 0.176367 Obj: 0.569917 (0.070680)  NNZ: 12 (5)  Ttime: 1.4127 Vtime: 0.0533
Step: 35000000  Loss: 0.112784 Regul: 0.081445 Obj: 0.194230 (0.070680)  NNZ: 10 (5)  Ttime: 1.4751 Vtime: 0.0563
Step: 35100000  Loss: 0.149654 Regul: 0.089531 Obj: 0.239185 (0.070680)  NNZ: 7 (5)  Ttime: 1.4795 Vtime: 0.0533
Step: 35200000  Loss: 0.220831 Regul: 0.180820 Obj: 0.401652 (0.070680)  NNZ: 16 (5)  Ttime: 1.4410 Vtime: 0.0518
Step: 35300000  Loss: 0.100074 Regul: 0.064102 Obj: 0.164175 (0.070680)  NNZ: 5 (5)  Ttime: 1.4324 Vtime: 0.0511
Step: 35400000  Loss: 0.703210 Regul: 0.162539 Obj: 0.865749 (0.070680)  NNZ: 14 (5)  Ttime: 1.4403 Vtime: 0.0561
Step: 35500000  Loss: 0.181984 Regul: 0.133125 Obj: 0.315109 (0.070680)  NNZ: 12 (5)  Ttime: 1.4075 Vtime: 0.0552
Step: 35600000  Loss: 0.143485 Regul: 0.107695 Obj: 0.251180 (0.070680)  NNZ: 13 (5)  Ttime: 1.4350 Vtime: 0.0517
Step: 35700000  Loss: 0.293515 Regul: 0.076875 Obj: 0.370390 (0.070680)  NNZ: 8 (5)  Ttime: 1.4370 Vtime: 0.0521
Step: 35800000  Loss: 0.122336 Regul: 0.058008 Obj: 0.180344 (0.070680)  NNZ: 8 (5)  Ttime: 1.4062 Vtime: 0.0516
Step: 35900000  Loss: 0.173534 Regul: 0.063633 Obj: 0.237167 (0.070680)  NNZ: 7 (5)  Ttime: 1.4133 Vtime: 0.0515
Step: 36000000  Loss: 0.269371 Regul: 0.101719 Obj: 0.371090 (0.070680)  NNZ: 14 (5)  Ttime: 1.4208 Vtime: 0.0526
Step: 36100000  Loss: 0.063723 Regul: 0.034453 Obj: 0.098176 (0.070680)  NNZ: 8 (5)  Ttime: 1.4492 Vtime: 0.0518
Step: 36200000  Loss: 0.225861 Regul: 0.146250 Obj: 0.372111 (0.070680)  NNZ: 13 (5)  Ttime: 1.4152 Vtime: 0.0509
Step: 36300000  Loss: 0.127832 Regul: 0.067500 Obj: 0.195332 (0.070680)  NNZ: 10 (5)  Ttime: 1.4141 Vtime: 0.0512
Step: 36400000  Loss: 0.247923 Regul: 0.189609 Obj: 0.437533 (0.070680)  NNZ: 15 (5)  Ttime: 1.4037 Vtime: 0.0512
Step: 36500000  Loss: 0.075934 Regul: 0.034336 Obj: 0.110270 (0.070680)  NNZ: 5 (5)  Ttime: 1.4111 Vtime: 0.0526
Step: 36600000  Loss: 0.293165 Regul: 0.109336 Obj: 0.402501 (0.070680)  NNZ: 13 (5)  Ttime: 1.4140 Vtime: 0.0517
Step: 36700000  Loss: 0.302190 Regul: 0.108047 Obj: 0.410237 (0.070680)  NNZ: 9 (5)  Ttime: 1.4221 Vtime: 0.0513
Step: 36800000  Loss: 0.229220 Regul: 0.086250 Obj: 0.315470 (0.070680)  NNZ: 6 (5)  Ttime: 1.4260 Vtime: 0.0516
Step: 36900000  Loss: 0.109582 Regul: 0.075000 Obj: 0.184582 (0.070680)  NNZ: 9 (5)  Ttime: 1.3974 Vtime: 0.0514
Step: 37000000  Loss: 0.179460 Regul: 0.137344 Obj: 0.316803 (0.070680)  NNZ: 16 (5)  Ttime: 1.4222 Vtime: 0.0573
Step: 37100000  Loss: 0.138578 Regul: 0.082266 Obj: 0.220844 (0.070680)  NNZ: 9 (5)  Ttime: 1.4360 Vtime: 0.0516
Step: 37200000  Loss: 0.215132 Regul: 0.122344 Obj: 0.337476 (0.070680)  NNZ: 11 (5)  Ttime: 1.4028 Vtime: 0.0518
Step: 37300000  Loss: 0.263385 Regul: 0.200742 Obj: 0.464127 (0.070680)  NNZ: 13 (5)  Ttime: 1.3957 Vtime: 0.0515
Step: 37400000  Loss: 0.103534 Regul: 0.039727 Obj: 0.143261 (0.070680)  NNZ: 6 (5)  Ttime: 1.4037 Vtime: 0.0522
Step: 37500000  Loss: 0.088764 Regul: 0.030703 Obj: 0.119467 (0.070680)  NNZ: 5 (5)  Ttime: 1.4038 Vtime: 0.0515
Step: 37600000  Loss: 0.071124 Regul: 0.023438 Obj: 0.094562 (0.070680)  NNZ: 5 (5)  Ttime: 1.4156 Vtime: 0.0511
Step: 37700000  Loss: 0.179425 Regul: 0.135820 Obj: 0.315245 (0.070680)  NNZ: 13 (5)  Ttime: 1.4139 Vtime: 0.0524
Step: 37800000  Loss: 0.173310 Regul: 0.106523 Obj: 0.279834 (0.070680)  NNZ: 10 (5)  Ttime: 1.4292 Vtime: 0.0516
Step: 37900000  Loss: 0.171594 Regul: 0.019805 Obj: 0.191398 (0.070680)  NNZ: 3 (5)  Ttime: 1.4244 Vtime: 0.0511
Step: 38000000  Loss: 0.151956 Regul: 0.097383 Obj: 0.249338 (0.070680)  NNZ: 8 (5)  Ttime: 1.4234 Vtime: 0.0520
Step: 38100000  Loss: 0.156030 Regul: 0.095273 Obj: 0.251304 (0.070680)  NNZ: 10 (5)  Ttime: 1.4109 Vtime: 0.0509
Step: 38200000  Loss: 0.220633 Regul: 0.135937 Obj: 0.356571 (0.070680)  NNZ: 10 (5)  Ttime: 1.4014 Vtime: 0.0510
Step: 38300000  Loss: 0.131914 Regul: 0.055547 Obj: 0.187461 (0.070680)  NNZ: 8 (5)  Ttime: 1.3937 Vtime: 0.0513
Step: 38400000  Loss: 0.108739 Regul: 0.059766 Obj: 0.168505 (0.070680)  NNZ: 8 (5)  Ttime: 1.4049 Vtime: 0.0513
Step: 38500000  Loss: 0.089608 Regul: 0.044531 Obj: 0.134140 (0.070680)  NNZ: 7 (5)  Ttime: 1.3922 Vtime: 0.0520
Step: 38600000  Loss: 0.090037 Regul: 0.045820 Obj: 0.135857 (0.070680)  NNZ: 7 (5)  Ttime: 1.3961 Vtime: 0.0518
Step: 38700000  Loss: 0.116700 Regul: 0.051445 Obj: 0.168145 (0.070680)  NNZ: 6 (5)  Ttime: 1.4272 Vtime: 0.0513
Step: 38800000  Loss: 0.185373 Regul: 0.114375 Obj: 0.299748 (0.070680)  NNZ: 12 (5)  Ttime: 1.4342 Vtime: 0.0513
Step: 38900000  Loss: 0.123731 Regul: 0.075820 Obj: 0.199551 (0.070680)  NNZ: 7 (5)  Ttime: 1.4050 Vtime: 0.0518
Step: 39000000  Loss: 0.319647 Regul: 0.063750 Obj: 0.383397 (0.070680)  NNZ: 8 (5)  Ttime: 1.4485 Vtime: 0.0510
Step: 39100000  Loss: 0.547235 Regul: 0.243281 Obj: 0.790517 (0.070680)  NNZ: 17 (5)  Ttime: 1.3891 Vtime: 0.0518
Step: 39200000  Loss: 0.164373 Regul: 0.117891 Obj: 0.282264 (0.070680)  NNZ: 14 (5)  Ttime: 1.3944 Vtime: 0.0504
Step: 39300000  Loss: 0.183727 Regul: 0.136992 Obj: 0.320719 (0.070680)  NNZ: 10 (5)  Ttime: 1.4038 Vtime: 0.0517
Step: 39400000  Loss: 0.100280 Regul: 0.059180 Obj: 0.159460 (0.070680)  NNZ: 7 (5)  Ttime: 1.4413 Vtime: 0.0515
Step: 39500000  Loss: 0.067172 Regul: 0.031758 Obj: 0.098929 (0.070680)  NNZ: 8 (5)  Ttime: 1.4467 Vtime: 0.0514
Step: 39600000  Loss: 0.606825 Regul: 0.220664 Obj: 0.827489 (0.070680)  NNZ: 19 (5)  Ttime: 1.4372 Vtime: 0.0534
Step: 39700000  Loss: 0.284334 Regul: 0.238359 Obj: 0.522694 (0.070680)  NNZ: 16 (5)  Ttime: 1.4131 Vtime: 0.0517
Step: 39800000  Loss: 0.252657 Regul: 0.159141 Obj: 0.411798 (0.070680)  NNZ: 17 (5)  Ttime: 1.4105 Vtime: 0.0531
Step: 39900000  Loss: 0.215220 Regul: 0.165234 Obj: 0.380454 (0.070680)  NNZ: 11 (5)  Ttime: 1.3975 Vtime: 0.0516
Step: 40000000  Loss: 0.175301 Regul: 0.069023 Obj: 0.244324 (0.070680)  NNZ: 6 (5)  Ttime: 1.4046 Vtime: 0.0517
Step: 40100000  Loss: 0.251397 Regul: 0.097383 Obj: 0.348779 (0.070680)  NNZ: 9 (5)  Ttime: 1.4075 Vtime: 0.0521
Step: 40200000  Loss: 0.175313 Regul: 0.116836 Obj: 0.292149 (0.070680)  NNZ: 12 (5)  Ttime: 1.3976 Vtime: 0.0511
Step: 40300000  Loss: 0.140439 Regul: 0.063750 Obj: 0.204189 (0.070680)  NNZ: 8 (5)  Ttime: 1.4063 Vtime: 0.0511
Step: 40400000  Loss: 0.191380 Regul: 0.152461 Obj: 0.343841 (0.070680)  NNZ: 15 (5)  Ttime: 1.4092 Vtime: 0.0515
Step: 40500000  Loss: 0.088046 Regul: 0.048633 Obj: 0.136679 (0.070680)  NNZ: 8 (5)  Ttime: 1.4186 Vtime: 0.0513
Step: 40600000  Loss: 0.229323 Regul: 0.162188 Obj: 0.391511 (0.070680)  NNZ: 17 (5)  Ttime: 1.4143 Vtime: 0.0528
Step: 40700000  Loss: 0.108034 Regul: 0.070078 Obj: 0.178112 (0.070680)  NNZ: 10 (5)  Ttime: 1.4383 Vtime: 0.0518
Step: 40800000  Loss: 0.216009 Regul: 0.134180 Obj: 0.350189 (0.070680)  NNZ: 12 (5)  Ttime: 1.4089 Vtime: 0.0524
Step: 40900000  Loss: 0.269327 Regul: 0.046758 Obj: 0.316085 (0.070680)  NNZ: 6 (5)  Ttime: 1.3951 Vtime: 0.0515
Step: 41000000  Loss: 0.144495 Regul: 0.086250 Obj: 0.230745 (0.070680)  NNZ: 10 (5)  Ttime: 1.4188 Vtime: 0.0511
Step: 41100000  Loss: 0.105781 Regul: 0.058711 Obj: 0.164492 (0.070680)  NNZ: 11 (5)  Ttime: 1.4465 Vtime: 0.0523
Step: 41200000  Loss: 0.142651 Regul: 0.066094 Obj: 0.208745 (0.070680)  NNZ: 6 (5)  Ttime: 1.4456 Vtime: 0.0542
Step: 41300000  Loss: 0.435434 Regul: 0.159258 Obj: 0.594691 (0.070680)  NNZ: 16 (5)  Ttime: 1.4328 Vtime: 0.0516
Step: 41400000  Loss: 0.169575 Regul: 0.125742 Obj: 0.295317 (0.070680)  NNZ: 10 (5)  Ttime: 1.4186 Vtime: 0.0514
Step: 41500000  Loss: 0.258613 Regul: 0.183633 Obj: 0.442246 (0.070680)  NNZ: 16 (5)  Ttime: 1.4038 Vtime: 0.0519
Step: 41600000  Loss: 0.088968 Regul: 0.049336 Obj: 0.138304 (0.070680)  NNZ: 6 (5)  Ttime: 1.4121 Vtime: 0.0522
Step: 41700000  Loss: 0.129366 Regul: 0.051797 Obj: 0.181163 (0.070680)  NNZ: 6 (5)  Ttime: 1.4018 Vtime: 0.0515
Step: 41800000  Loss: 0.375771 Regul: 0.101484 Obj: 0.477255 (0.070680)  NNZ: 11 (5)  Ttime: 1.3952 Vtime: 0.0512
Step: 41900000  Loss: 0.568964 Regul: 0.114258 Obj: 0.683222 (0.070680)  NNZ: 9 (5)  Ttime: 1.3899 Vtime: 0.0518
Step: 42000000  Loss: 0.202154 Regul: 0.125977 Obj: 0.328130 (0.070680)  NNZ: 11 (5)  Ttime: 1.4085 Vtime: 0.0530
Step: 42100000  Loss: 0.156982 Regul: 0.100781 Obj: 0.257763 (0.070680)  NNZ: 10 (5)  Ttime: 1.4162 Vtime: 0.0507
Step: 42200000  Loss: 0.207085 Regul: 0.120703 Obj: 0.327788 (0.070680)  NNZ: 11 (5)  Ttime: 1.4033 Vtime: 0.0525
Step: 42300000  Loss: 0.150883 Regul: 0.116953 Obj: 0.267836 (0.070680)  NNZ: 12 (5)  Ttime: 1.4147 Vtime: 0.0512
Step: 42400000  Loss: 0.117382 Regul: 0.079336 Obj: 0.196717 (0.070680)  NNZ: 10 (5)  Ttime: 1.4156 Vtime: 0.0518
Step: 42500000  Loss: 0.113380 Regul: 0.073242 Obj: 0.186622 (0.070680)  NNZ: 10 (5)  Ttime: 1.4193 Vtime: 0.0513
Step: 42600000  Loss: 0.097279 Regul: 0.060937 Obj: 0.158217 (0.070680)  NNZ: 9 (5)  Ttime: 1.4099 Vtime: 0.0511
Step: 42700000  Loss: 0.125896 Regul: 0.055781 Obj: 0.181677 (0.070680)  NNZ: 8 (5)  Ttime: 1.4182 Vtime: 0.0509
Step: 42800000  Loss: 0.113610 Regul: 0.072539 Obj: 0.186149 (0.070680)  NNZ: 8 (5)  Ttime: 1.4090 Vtime: 0.0515
Step: 42900000  Loss: 0.176311 Regul: 0.080039 Obj: 0.256350 (0.070680)  NNZ: 10 (5)  Ttime: 1.4501 Vtime: 0.0556
Step: 43000000  Loss: 0.463113 Regul: 0.235195 Obj: 0.698308 (0.070680)  NNZ: 19 (5)  Ttime: 1.4121 Vtime: 0.0507
Step: 43100000  Loss: 0.109971 Regul: 0.081680 Obj: 0.191651 (0.070680)  NNZ: 11 (5)  Ttime: 1.4015 Vtime: 0.0522
Step: 43200000  Loss: 0.102474 Regul: 0.078516 Obj: 0.180990 (0.070680)  NNZ: 11 (5)  Ttime: 1.4051 Vtime: 0.0511
Step: 43300000  Loss: 0.146466 Regul: 0.110625 Obj: 0.257091 (0.070680)  NNZ: 12 (5)  Ttime: 1.3899 Vtime: 0.0511
Step: 43400000  Loss: 0.124460 Regul: 0.065859 Obj: 0.190319 (0.070680)  NNZ: 9 (5)  Ttime: 1.3941 Vtime: 0.0514
Step: 43500000  Loss: 0.102716 Regul: 0.072891 Obj: 0.175607 (0.070680)  NNZ: 9 (5)  Ttime: 1.3965 Vtime: 0.0517
Step: 43600000  Loss: 0.187576 Regul: 0.151406 Obj: 0.338982 (0.070680)  NNZ: 12 (5)  Ttime: 1.4055 Vtime: 0.0518
Step: 43700000  Loss: 0.199605 Regul: 0.111211 Obj: 0.310816 (0.070680)  NNZ: 11 (5)  Ttime: 1.4008 Vtime: 0.0513
Step: 43800000  Loss: 0.149218 Regul: 0.110273 Obj: 0.259492 (0.070680)  NNZ: 12 (5)  Ttime: 1.4115 Vtime: 0.0514
Step: 43900000  Loss: 0.155950 Regul: 0.115781 Obj: 0.271732 (0.070680)  NNZ: 12 (5)  Ttime: 1.4080 Vtime: 0.0524
Step: 44000000  Loss: 0.127184 Regul: 0.084258 Obj: 0.211442 (0.070680)  NNZ: 8 (5)  Ttime: 1.3889 Vtime: 0.0517
Step: 44100000  Loss: 0.108938 Regul: 0.040781 Obj: 0.149719 (0.070680)  NNZ: 9 (5)  Ttime: 1.3953 Vtime: 0.0518
Step: 44200000  Loss: 0.158873 Regul: 0.115898 Obj: 0.274771 (0.070680)  NNZ: 10 (5)  Ttime: 1.4067 Vtime: 0.0520
Step: 44300000  Loss: 0.103871 Regul: 0.066094 Obj: 0.169964 (0.070680)  NNZ: 6 (5)  Ttime: 1.3908 Vtime: 0.0507
Step: 44400000  Loss: 0.683158 Regul: 0.080273 Obj: 0.763431 (0.070680)  NNZ: 7 (5)  Ttime: 1.3913 Vtime: 0.0518
Step: 44500000  Loss: 0.127062 Regul: 0.092344 Obj: 0.219406 (0.070680)  NNZ: 11 (5)  Ttime: 1.3945 Vtime: 0.0512
Step: 44600000  Loss: 0.141300 Regul: 0.100664 Obj: 0.241964 (0.070680)  NNZ: 12 (5)  Ttime: 1.4010 Vtime: 0.0526
Step: 44700000  Loss: 0.223811 Regul: 0.181992 Obj: 0.405803 (0.070680)  NNZ: 14 (5)  Ttime: 1.3907 Vtime: 0.0539
Step: 44800000  Loss: 0.135293 Regul: 0.096445 Obj: 0.231739 (0.070680)  NNZ: 13 (5)  Ttime: 1.3993 Vtime: 0.0512
Step: 44900000  Loss: 0.205885 Regul: 0.159844 Obj: 0.365728 (0.070680)  NNZ: 14 (5)  Ttime: 1.3899 Vtime: 0.0513
Step: 45000000  Loss: 0.093159 Regul: 0.047812 Obj: 0.140971 (0.070680)  NNZ: 8 (5)  Ttime: 1.3927 Vtime: 0.0518
Step: 45100000  Loss: 0.180503 Regul: 0.117188 Obj: 0.297690 (0.070680)  NNZ: 10 (5)  Ttime: 1.4018 Vtime: 0.0513
Step: 45200000  Loss: 0.078103 Regul: 0.035742 Obj: 0.113845 (0.070680)  NNZ: 5 (5)  Ttime: 1.4136 Vtime: 0.0516
Step: 45300000  Loss: 0.094932 Regul: 0.064219 Obj: 0.159151 (0.070680)  NNZ: 6 (5)  Ttime: 1.4160 Vtime: 0.0520
Step: 45400000  Loss: 0.152287 Regul: 0.077227 Obj: 0.229514 (0.070680)  NNZ: 7 (5)  Ttime: 1.3979 Vtime: 0.0508
Step: 45500000  Loss: 0.160170 Regul: 0.073242 Obj: 0.233413 (0.070680)  NNZ: 6 (5)  Ttime: 1.3964 Vtime: 0.0516
Step: 45600000  Loss: 0.111821 Regul: 0.067031 Obj: 0.178852 (0.070680)  NNZ: 10 (5)  Ttime: 1.3990 Vtime: 0.0515
Step: 45700000  Loss: 0.128854 Regul: 0.087539 Obj: 0.216393 (0.070680)  NNZ: 9 (5)  Ttime: 1.4113 Vtime: 0.0517
Step: 45800000  Loss: 0.289351 Regul: 0.150000 Obj: 0.439351 (0.070680)  NNZ: 13 (5)  Ttime: 1.4046 Vtime: 0.0515
Step: 45900000  Loss: 0.114937 Regul: 0.076641 Obj: 0.191577 (0.070680)  NNZ: 10 (5)  Ttime: 1.4075 Vtime: 0.0518
Step: 46000000  Loss: 0.171369 Regul: 0.130313 Obj: 0.301682 (0.070680)  NNZ: 12 (5)  Ttime: 1.4298 Vtime: 0.0515
Step: 46100000  Loss: 0.115852 Regul: 0.077461 Obj: 0.193313 (0.070680)  NNZ: 9 (5)  Ttime: 1.4015 Vtime: 0.0511
Step: 46200000  Loss: 0.290834 Regul: 0.084141 Obj: 0.374975 (0.070680)  NNZ: 11 (5)  Ttime: 1.3941 Vtime: 0.0514
Step: 46300000  Loss: 0.136336 Regul: 0.079219 Obj: 0.215554 (0.070680)  NNZ: 10 (5)  Ttime: 1.3958 Vtime: 0.0503
Step: 46400000  Loss: 0.527085 Regul: 0.105469 Obj: 0.632553 (0.070680)  NNZ: 16 (5)  Ttime: 1.4101 Vtime: 0.0512
Step: 46500000  Loss: 0.165855 Regul: 0.123516 Obj: 0.289371 (0.070680)  NNZ: 12 (5)  Ttime: 1.3968 Vtime: 0.0509
Step: 46600000  Loss: 0.260567 Regul: 0.140508 Obj: 0.401075 (0.070680)  NNZ: 14 (5)  Ttime: 1.4005 Vtime: 0.0516
Step: 46700000  Loss: 0.156164 Regul: 0.044297 Obj: 0.200461 (0.070680)  NNZ: 6 (5)  Ttime: 1.4005 Vtime: 0.0512
Step: 46800000  Loss: 0.171907 Regul: 0.056953 Obj: 0.228860 (0.070680)  NNZ: 6 (5)  Ttime: 1.3928 Vtime: 0.0519
Step: 46900000  Loss: 0.413542 Regul: 0.163242 Obj: 0.576784 (0.070680)  NNZ: 13 (5)  Ttime: 1.4120 Vtime: 0.0517
Step: 47000000  Loss: 0.226798 Regul: 0.135586 Obj: 0.362384 (0.070680)  NNZ: 13 (5)  Ttime: 1.4095 Vtime: 0.0519
Step: 47100000  Loss: 0.158887 Regul: 0.124922 Obj: 0.283809 (0.070680)  NNZ: 11 (5)  Ttime: 1.4186 Vtime: 0.0514
Step: 47200000  Loss: 0.123232 Regul: 0.075000 Obj: 0.198232 (0.070680)  NNZ: 10 (5)  Ttime: 1.4290 Vtime: 0.0515
Step: 47300000  Loss: 0.121298 Regul: 0.095859 Obj: 0.217158 (0.070680)  NNZ: 14 (5)  Ttime: 1.4032 Vtime: 0.0514
Step: 47400000  Loss: 0.120771 Regul: 0.093281 Obj: 0.214052 (0.070680)  NNZ: 13 (5)  Ttime: 1.4164 Vtime: 0.0512
Step: 47500000  Loss: 0.401241 Regul: 0.314648 Obj: 0.715890 (0.070680)  NNZ: 19 (5)  Ttime: 1.4049 Vtime: 0.0514
Step: 47600000  Loss: 0.284744 Regul: 0.160664 Obj: 0.445408 (0.070680)  NNZ: 11 (5)  Ttime: 1.4026 Vtime: 0.0517
Step: 47700000  Loss: 0.229145 Regul: 0.187031 Obj: 0.416177 (0.070680)  NNZ: 16 (5)  Ttime: 1.4011 Vtime: 0.0559
Step: 47800000  Loss: 0.127322 Regul: 0.076875 Obj: 0.204197 (0.070680)  NNZ: 7 (5)  Ttime: 1.4108 Vtime: 0.0515
Step: 47900000  Loss: 0.179772 Regul: 0.091406 Obj: 0.271178 (0.070680)  NNZ: 9 (5)  Ttime: 1.4178 Vtime: 0.0512
Step: 48000000  Loss: 0.156434 Regul: 0.093281 Obj: 0.249715 (0.070680)  NNZ: 12 (5)  Ttime: 1.4156 Vtime: 0.0517
Step: 48100000  Loss: 0.100372 Regul: 0.068789 Obj: 0.169161 (0.070680)  NNZ: 10 (5)  Ttime: 1.4158 Vtime: 0.0517
Step: 48200000  Loss: 0.567818 Regul: 0.186094 Obj: 0.753912 (0.070680)  NNZ: 19 (5)  Ttime: 1.4135 Vtime: 0.0512
Step: 48300000  Loss: 0.151072 Regul: 0.091758 Obj: 0.242830 (0.070680)  NNZ: 11 (5)  Ttime: 1.3952 Vtime: 0.0509
Step: 48400000  Loss: 0.106891 Regul: 0.061289 Obj: 0.168180 (0.070680)  NNZ: 7 (5)  Ttime: 1.4012 Vtime: 0.0515
Step: 48500000  Loss: 0.138299 Regul: 0.100547 Obj: 0.238846 (0.070680)  NNZ: 10 (5)  Ttime: 1.3997 Vtime: 0.0510
Step: 48600000  Loss: 0.088021 Regul: 0.033398 Obj: 0.121419 (0.070680)  NNZ: 6 (5)  Ttime: 1.3946 Vtime: 0.0513
Step: 48700000  Loss: 0.121305 Regul: 0.081797 Obj: 0.203102 (0.070680)  NNZ: 12 (5)  Ttime: 1.3993 Vtime: 0.0520
Step: 48800000  Loss: 0.117655 Regul: 0.083086 Obj: 0.200741 (0.070680)  NNZ: 11 (5)  Ttime: 1.3959 Vtime: 0.0529
Step: 48900000  Loss: 0.162396 Regul: 0.126797 Obj: 0.289193 (0.070680)  NNZ: 13 (5)  Ttime: 1.4300 Vtime: 0.0517
Step: 49000000  Loss: 0.078972 Regul: 0.037734 Obj: 0.116706 (0.070680)  NNZ: 8 (5)  Ttime: 1.4026 Vtime: 0.0517
Step: 49100000  Loss: 0.100187 Regul: 0.073594 Obj: 0.173780 (0.070680)  NNZ: 8 (5)  Ttime: 1.3977 Vtime: 0.0513
Step: 49200000  Loss: 0.157526 Regul: 0.108750 Obj: 0.266276 (0.070680)  NNZ: 15 (5)  Ttime: 1.4195 Vtime: 0.0521
Step: 49300000  Loss: 0.130533 Regul: 0.088828 Obj: 0.219361 (0.070680)  NNZ: 11 (5)  Ttime: 1.4113 Vtime: 0.0513
Step: 49400000  Loss: 0.201204 Regul: 0.138984 Obj: 0.340189 (0.070680)  NNZ: 13 (5)  Ttime: 1.3943 Vtime: 0.0507
Step: 49500000  Loss: 0.272281 Regul: 0.108047 Obj: 0.380328 (0.070680)  NNZ: 12 (5)  Ttime: 1.4053 Vtime: 0.0514
Step: 49600000  Loss: 0.138448 Regul: 0.071602 Obj: 0.210050 (0.070680)  NNZ: 9 (5)  Ttime: 1.4069 Vtime: 0.0517
Step: 49700000  Loss: 0.236755 Regul: 0.089414 Obj: 0.326169 (0.070680)  NNZ: 10 (5)  Ttime: 1.3996 Vtime: 0.0515
Step: 49800000  Loss: 0.119734 Regul: 0.065859 Obj: 0.185593 (0.070680)  NNZ: 9 (5)  Ttime: 1.4192 Vtime: 0.0521
Step: 49900000  Loss: 0.092580 Regul: 0.062461 Obj: 0.155041 (0.070680)  NNZ: 12 (5)  Ttime: 1.4000 Vtime: 0.0510
Step: 50000000  Loss: 0.183036 Regul: 0.123398 Obj: 0.306435 (0.070680)  NNZ: 12 (5)  Ttime: 1.3951 Vtime: 0.0519
