mu: 0.015 gamma: 0.1 nIters: 50000000
Load PRParams.
Load RingParams.
Load Labels: 500000
Load Distances: 500000 x 5120
0...10...20...30...40...50...60...70...80...90...100 - done.
Positive samples #250000
Negative samples #250000
Positive train #200000
Negative train #200000
Positive valid #50000
Negative valid #50000

Found GPU: GeForce GTX 970
Compute Capability: 5.2

Best: 100000  Loss: 0.264594 Regul: 0.070022 Obj: 0.334617 (0.334617)  NNZ: 18 (18)  Ttime: 1.3926 Vtime: 0.2011
Stat: nPR #104 (#144) Dim/MaxDim [832/640] AUC: 0.972989 FPR95: 16.58
Best: 200000  Loss: 0.122076 Regul: 0.036002 Obj: 0.158079 (0.158079)  NNZ: 15 (15)  Ttime: 1.3893 Vtime: 0.0509
Stat: nPR #108 (#120) Dim/MaxDim [864/640] AUC: 0.976666 FPR95: 13.66
Best: 300000  Loss: 0.116011 Regul: 0.032569 Obj: 0.148580 (0.148580)  NNZ: 16 (16)  Ttime: 1.3881 Vtime: 0.0514
Stat: nPR #100 (#128) Dim/MaxDim [800/640] AUC: 0.975918 FPR95: 15.20
Step: 400000  Loss: 0.262329 Regul: 0.042053 Obj: 0.304382 (0.148580)  NNZ: 17 (16)  Ttime: 1.3862 Vtime: 0.0513
Best: 500000  Loss: 0.060738 Regul: 0.013393 Obj: 0.074131 (0.074131)  NNZ: 7 (7)  Ttime: 1.3861 Vtime: 0.0510
Stat: nPR #44 (#56) Dim/MaxDim [352/640] AUC: 0.979080 FPR95: 11.32 [saved]
Step: 600000  Loss: 0.073122 Regul: 0.020475 Obj: 0.093597 (0.074131)  NNZ: 12 (7)  Ttime: 1.3895 Vtime: 0.0517
Step: 700000  Loss: 0.073069 Regul: 0.013296 Obj: 0.086365 (0.074131)  NNZ: 12 (7)  Ttime: 1.3936 Vtime: 0.0514
Step: 800000  Loss: 0.072510 Regul: 0.021091 Obj: 0.093601 (0.074131)  NNZ: 14 (7)  Ttime: 1.3840 Vtime: 0.0512
Best: 900000  Loss: 0.059377 Regul: 0.012368 Obj: 0.071745 (0.071745)  NNZ: 9 (9)  Ttime: 1.3834 Vtime: 0.0519
Stat: nPR #60 (#72) Dim/MaxDim [480/640] AUC: 0.978427 FPR95: 12.06 [saved]
Step: 1000000  Loss: 0.106775 Regul: 0.020121 Obj: 0.126896 (0.071745)  NNZ: 16 (9)  Ttime: 1.3868 Vtime: 0.0516
Step: 1100000  Loss: 0.061790 Regul: 0.016463 Obj: 0.078253 (0.071745)  NNZ: 12 (9)  Ttime: 1.3846 Vtime: 0.0517
Step: 1200000  Loss: 0.081638 Regul: 0.013911 Obj: 0.095548 (0.071745)  NNZ: 11 (9)  Ttime: 1.3885 Vtime: 0.0514
Step: 1300000  Loss: 0.073834 Regul: 0.022887 Obj: 0.096721 (0.071745)  NNZ: 17 (9)  Ttime: 1.3842 Vtime: 0.0516
Step: 1400000  Loss: 0.096081 Regul: 0.020102 Obj: 0.116182 (0.071745)  NNZ: 16 (9)  Ttime: 1.3854 Vtime: 0.0521
Step: 1500000  Loss: 0.112989 Regul: 0.022541 Obj: 0.135530 (0.071745)  NNZ: 19 (9)  Ttime: 1.3882 Vtime: 0.0513
Step: 1600000  Loss: 0.061899 Regul: 0.017383 Obj: 0.079282 (0.071745)  NNZ: 17 (9)  Ttime: 1.3842 Vtime: 0.0511
Step: 1700000  Loss: 0.089462 Regul: 0.025130 Obj: 0.114592 (0.071745)  NNZ: 19 (9)  Ttime: 1.3837 Vtime: 0.0517
Step: 1800000  Loss: 0.108808 Regul: 0.026155 Obj: 0.134963 (0.071745)  NNZ: 20 (9)  Ttime: 1.3845 Vtime: 0.0511
Step: 1900000  Loss: 0.067955 Regul: 0.014041 Obj: 0.081995 (0.071745)  NNZ: 14 (9)  Ttime: 1.3857 Vtime: 0.0515
Step: 2000000  Loss: 0.074582 Regul: 0.011580 Obj: 0.086162 (0.071745)  NNZ: 13 (9)  Ttime: 1.3846 Vtime: 0.0508
Step: 2100000  Loss: 0.074012 Regul: 0.019278 Obj: 0.093290 (0.071745)  NNZ: 16 (9)  Ttime: 1.3850 Vtime: 0.0516
Step: 2200000  Loss: 0.093075 Regul: 0.029566 Obj: 0.122640 (0.071745)  NNZ: 21 (9)  Ttime: 1.3853 Vtime: 0.0520
Step: 2300000  Loss: 0.092481 Regul: 0.022897 Obj: 0.115378 (0.071745)  NNZ: 19 (9)  Ttime: 1.3865 Vtime: 0.0522
Step: 2400000  Loss: 0.083285 Regul: 0.025017 Obj: 0.108302 (0.071745)  NNZ: 20 (9)  Ttime: 1.3832 Vtime: 0.0516
Step: 2500000  Loss: 0.058243 Regul: 0.014509 Obj: 0.072752 (0.071745)  NNZ: 13 (9)  Ttime: 1.3844 Vtime: 0.0514
Step: 2600000  Loss: 0.065375 Regul: 0.017107 Obj: 0.082482 (0.071745)  NNZ: 16 (9)  Ttime: 1.3852 Vtime: 0.0514
Step: 2700000  Loss: 0.061781 Regul: 0.013956 Obj: 0.075737 (0.071745)  NNZ: 12 (9)  Ttime: 1.3860 Vtime: 0.0514
Step: 2800000  Loss: 0.074441 Regul: 0.012344 Obj: 0.086785 (0.071745)  NNZ: 9 (9)  Ttime: 1.3841 Vtime: 0.0516
Step: 2900000  Loss: 0.082003 Regul: 0.016923 Obj: 0.098926 (0.071745)  NNZ: 16 (9)  Ttime: 1.3868 Vtime: 0.0512
Step: 3000000  Loss: 0.063363 Regul: 0.015863 Obj: 0.079226 (0.071745)  NNZ: 15 (9)  Ttime: 1.3848 Vtime: 0.0514
Step: 3100000  Loss: 0.088396 Regul: 0.013801 Obj: 0.102197 (0.071745)  NNZ: 16 (9)  Ttime: 1.3851 Vtime: 0.0517
Best: 3200000  Loss: 0.055843 Regul: 0.010366 Obj: 0.066208 (0.066208)  NNZ: 11 (11)  Ttime: 1.3842 Vtime: 0.0516
Stat: nPR #68 (#88) Dim/MaxDim [544/640] AUC: 0.978600 FPR95: 12.40 [saved]
Step: 3300000  Loss: 0.106664 Regul: 0.007940 Obj: 0.114603 (0.066208)  NNZ: 9 (11)  Ttime: 1.3866 Vtime: 0.0522
Step: 3400000  Loss: 0.081785 Regul: 0.018272 Obj: 0.100057 (0.066208)  NNZ: 13 (11)  Ttime: 1.3842 Vtime: 0.0514
Step: 3500000  Loss: 0.083506 Regul: 0.020380 Obj: 0.103886 (0.066208)  NNZ: 20 (11)  Ttime: 1.3845 Vtime: 0.0514
Step: 3600000  Loss: 0.084141 Regul: 0.021528 Obj: 0.105669 (0.066208)  NNZ: 19 (11)  Ttime: 1.3853 Vtime: 0.0513
Best: 3700000  Loss: 0.053195 Regul: 0.010681 Obj: 0.063876 (0.063876)  NNZ: 13 (13)  Ttime: 1.3931 Vtime: 0.0502
Stat: nPR #80 (#104) Dim/MaxDim [640/640] AUC: 0.980091 FPR95: 10.49 [saved]
Step: 3800000  Loss: 0.077246 Regul: 0.023862 Obj: 0.101108 (0.063876)  NNZ: 20 (13)  Ttime: 1.3858 Vtime: 0.0510
Step: 3900000  Loss: 0.091759 Regul: 0.023753 Obj: 0.115512 (0.063876)  NNZ: 26 (13)  Ttime: 1.3841 Vtime: 0.0515
Step: 4000000  Loss: 0.054441 Regul: 0.010259 Obj: 0.064700 (0.063876)  NNZ: 15 (13)  Ttime: 1.3852 Vtime: 0.0512
Step: 4100000  Loss: 0.056301 Regul: 0.012294 Obj: 0.068595 (0.063876)  NNZ: 12 (13)  Ttime: 1.3855 Vtime: 0.0520
Step: 4200000  Loss: 0.063113 Regul: 0.008323 Obj: 0.071436 (0.063876)  NNZ: 9 (13)  Ttime: 1.3862 Vtime: 0.0512
Step: 4300000  Loss: 0.076508 Regul: 0.023680 Obj: 0.100187 (0.063876)  NNZ: 22 (13)  Ttime: 1.3839 Vtime: 0.0510
Step: 4400000  Loss: 0.074601 Regul: 0.013301 Obj: 0.087901 (0.063876)  NNZ: 15 (13)  Ttime: 1.3858 Vtime: 0.0520
Step: 4500000  Loss: 0.056258 Regul: 0.014230 Obj: 0.070488 (0.063876)  NNZ: 15 (13)  Ttime: 1.3857 Vtime: 0.0518
Step: 4600000  Loss: 0.062292 Regul: 0.013206 Obj: 0.075498 (0.063876)  NNZ: 14 (13)  Ttime: 1.3850 Vtime: 0.0524
Step: 4700000  Loss: 0.057149 Regul: 0.011863 Obj: 0.069012 (0.063876)  NNZ: 14 (13)  Ttime: 1.3862 Vtime: 0.0510
Step: 4800000  Loss: 0.062019 Regul: 0.007988 Obj: 0.070007 (0.063876)  NNZ: 11 (13)  Ttime: 1.3860 Vtime: 0.0513
Step: 4900000  Loss: 0.055537 Regul: 0.012667 Obj: 0.068205 (0.063876)  NNZ: 15 (13)  Ttime: 1.3860 Vtime: 0.0515
Step: 5000000  Loss: 0.057687 Regul: 0.009671 Obj: 0.067358 (0.063876)  NNZ: 10 (13)  Ttime: 1.3847 Vtime: 0.0514
Step: 5100000  Loss: 0.063796 Regul: 0.015256 Obj: 0.079052 (0.063876)  NNZ: 14 (13)  Ttime: 1.3844 Vtime: 0.0512
Step: 5200000  Loss: 0.062576 Regul: 0.009059 Obj: 0.071635 (0.063876)  NNZ: 11 (13)  Ttime: 1.3835 Vtime: 0.0516
Step: 5300000  Loss: 0.062724 Regul: 0.016826 Obj: 0.079551 (0.063876)  NNZ: 20 (13)  Ttime: 1.3917 Vtime: 0.0509
Step: 5400000  Loss: 0.071616 Regul: 0.020223 Obj: 0.091839 (0.063876)  NNZ: 18 (13)  Ttime: 1.3870 Vtime: 0.0528
Best: 5500000  Loss: 0.051562 Regul: 0.008934 Obj: 0.060496 (0.060496)  NNZ: 12 (12)  Ttime: 1.3896 Vtime: 0.0510
Stat: nPR #80 (#96) Dim/MaxDim [640/640] AUC: 0.980056 FPR95: 10.21 [saved]
Step: 5600000  Loss: 0.078398 Regul: 0.011631 Obj: 0.090029 (0.060496)  NNZ: 18 (12)  Ttime: 1.3844 Vtime: 0.0518
Step: 5700000  Loss: 0.056388 Regul: 0.008950 Obj: 0.065337 (0.060496)  NNZ: 11 (12)  Ttime: 1.3845 Vtime: 0.0515
Step: 5800000  Loss: 0.057551 Regul: 0.013160 Obj: 0.070710 (0.060496)  NNZ: 14 (12)  Ttime: 1.3845 Vtime: 0.0516
Step: 5900000  Loss: 0.058496 Regul: 0.013689 Obj: 0.072186 (0.060496)  NNZ: 14 (12)  Ttime: 1.3920 Vtime: 0.0517
Step: 6000000  Loss: 0.081520 Regul: 0.026196 Obj: 0.107716 (0.060496)  NNZ: 20 (12)  Ttime: 1.3898 Vtime: 0.0507
Step: 6100000  Loss: 0.057614 Regul: 0.010828 Obj: 0.068442 (0.060496)  NNZ: 11 (12)  Ttime: 1.3876 Vtime: 0.0515
Step: 6200000  Loss: 0.055673 Regul: 0.010334 Obj: 0.066007 (0.060496)  NNZ: 12 (12)  Ttime: 1.3829 Vtime: 0.0518
Step: 6300000  Loss: 0.117772 Regul: 0.014682 Obj: 0.132454 (0.060496)  NNZ: 17 (12)  Ttime: 1.3856 Vtime: 0.0516
Step: 6400000  Loss: 0.067747 Regul: 0.013366 Obj: 0.081113 (0.060496)  NNZ: 14 (12)  Ttime: 1.3905 Vtime: 0.0512
Step: 6500000  Loss: 0.052375 Regul: 0.008954 Obj: 0.061329 (0.060496)  NNZ: 9 (12)  Ttime: 1.3918 Vtime: 0.0512
Step: 6600000  Loss: 0.054985 Regul: 0.008907 Obj: 0.063892 (0.060496)  NNZ: 11 (12)  Ttime: 1.3846 Vtime: 0.0512
Step: 6700000  Loss: 0.061324 Regul: 0.010731 Obj: 0.072054 (0.060496)  NNZ: 17 (12)  Ttime: 1.3849 Vtime: 0.0516
Step: 6800000  Loss: 0.056013 Regul: 0.013330 Obj: 0.069343 (0.060496)  NNZ: 12 (12)  Ttime: 1.3857 Vtime: 0.0508
Step: 6900000  Loss: 0.054455 Regul: 0.012724 Obj: 0.067179 (0.060496)  NNZ: 15 (12)  Ttime: 1.3843 Vtime: 0.0512
Step: 7000000  Loss: 0.073782 Regul: 0.014834 Obj: 0.088617 (0.060496)  NNZ: 16 (12)  Ttime: 1.3854 Vtime: 0.0519
Step: 7100000  Loss: 0.061669 Regul: 0.017086 Obj: 0.078755 (0.060496)  NNZ: 17 (12)  Ttime: 1.3927 Vtime: 0.0505
Step: 7200000  Loss: 0.059244 Regul: 0.010996 Obj: 0.070241 (0.060496)  NNZ: 12 (12)  Ttime: 1.3895 Vtime: 0.0512
Step: 7300000  Loss: 0.075833 Regul: 0.017338 Obj: 0.093171 (0.060496)  NNZ: 21 (12)  Ttime: 1.3902 Vtime: 0.0514
Step: 7400000  Loss: 0.054933 Regul: 0.012092 Obj: 0.067025 (0.060496)  NNZ: 17 (12)  Ttime: 1.3901 Vtime: 0.0517
Step: 7500000  Loss: 0.062695 Regul: 0.011208 Obj: 0.073903 (0.060496)  NNZ: 14 (12)  Ttime: 1.3901 Vtime: 0.0513
Step: 7600000  Loss: 0.061690 Regul: 0.015167 Obj: 0.076857 (0.060496)  NNZ: 17 (12)  Ttime: 1.3897 Vtime: 0.0514
Step: 7700000  Loss: 0.059234 Regul: 0.013331 Obj: 0.072566 (0.060496)  NNZ: 15 (12)  Ttime: 1.3914 Vtime: 0.0515
Step: 7800000  Loss: 0.055914 Regul: 0.013293 Obj: 0.069208 (0.060496)  NNZ: 14 (12)  Ttime: 1.3929 Vtime: 0.0519
Step: 7900000  Loss: 0.062170 Regul: 0.012724 Obj: 0.074893 (0.060496)  NNZ: 19 (12)  Ttime: 1.3920 Vtime: 0.0516
Step: 8000000  Loss: 0.062333 Regul: 0.016877 Obj: 0.079210 (0.060496)  NNZ: 14 (12)  Ttime: 1.3944 Vtime: 0.0509
Step: 8100000  Loss: 0.055617 Regul: 0.008047 Obj: 0.063663 (0.060496)  NNZ: 13 (12)  Ttime: 1.3919 Vtime: 0.0518
Step: 8200000  Loss: 0.065372 Regul: 0.011617 Obj: 0.076989 (0.060496)  NNZ: 12 (12)  Ttime: 1.3926 Vtime: 0.0513
Step: 8300000  Loss: 0.058436 Regul: 0.011593 Obj: 0.070029 (0.060496)  NNZ: 15 (12)  Ttime: 1.3924 Vtime: 0.0528
Step: 8400000  Loss: 0.066397 Regul: 0.011806 Obj: 0.078203 (0.060496)  NNZ: 9 (12)  Ttime: 1.3920 Vtime: 0.0517
Step: 8500000  Loss: 0.066471 Regul: 0.019000 Obj: 0.085472 (0.060496)  NNZ: 19 (12)  Ttime: 1.3922 Vtime: 0.0515
Step: 8600000  Loss: 0.067177 Regul: 0.010836 Obj: 0.078013 (0.060496)  NNZ: 11 (12)  Ttime: 1.3946 Vtime: 0.0516
Step: 8700000  Loss: 0.054286 Regul: 0.009603 Obj: 0.063889 (0.060496)  NNZ: 12 (12)  Ttime: 1.3960 Vtime: 0.0518
Step: 8800000  Loss: 0.057275 Regul: 0.009297 Obj: 0.066572 (0.060496)  NNZ: 11 (12)  Ttime: 1.3929 Vtime: 0.0514
Step: 8900000  Loss: 0.063604 Regul: 0.019521 Obj: 0.083124 (0.060496)  NNZ: 19 (12)  Ttime: 1.3894 Vtime: 0.0514
Step: 9000000  Loss: 0.053509 Regul: 0.011199 Obj: 0.064708 (0.060496)  NNZ: 16 (12)  Ttime: 1.3929 Vtime: 0.0513
Step: 9100000  Loss: 0.054795 Regul: 0.008917 Obj: 0.063712 (0.060496)  NNZ: 12 (12)  Ttime: 1.3931 Vtime: 0.0513
Step: 9200000  Loss: 0.055908 Regul: 0.012502 Obj: 0.068410 (0.060496)  NNZ: 16 (12)  Ttime: 1.3905 Vtime: 0.0512
Step: 9300000  Loss: 0.065470 Regul: 0.013693 Obj: 0.079162 (0.060496)  NNZ: 12 (12)  Ttime: 1.3923 Vtime: 0.0516
Step: 9400000  Loss: 0.055395 Regul: 0.010740 Obj: 0.066135 (0.060496)  NNZ: 13 (12)  Ttime: 1.3924 Vtime: 0.0511
Step: 9500000  Loss: 0.062084 Regul: 0.012981 Obj: 0.075065 (0.060496)  NNZ: 17 (12)  Ttime: 1.3961 Vtime: 0.0518
Step: 9600000  Loss: 0.054948 Regul: 0.013103 Obj: 0.068051 (0.060496)  NNZ: 16 (12)  Ttime: 1.3892 Vtime: 0.0517
Step: 9700000  Loss: 0.053452 Regul: 0.009261 Obj: 0.062713 (0.060496)  NNZ: 11 (12)  Ttime: 1.3891 Vtime: 0.0513
Step: 9800000  Loss: 0.078827 Regul: 0.013627 Obj: 0.092453 (0.060496)  NNZ: 15 (12)  Ttime: 1.3926 Vtime: 0.0515
Step: 9900000  Loss: 0.054160 Regul: 0.012448 Obj: 0.066608 (0.060496)  NNZ: 15 (12)  Ttime: 1.3897 Vtime: 0.0510
Best: 10000000  Loss: 0.051146 Regul: 0.008635 Obj: 0.059781 (0.059781)  NNZ: 10 (10)  Ttime: 1.3915 Vtime: 0.0518
Stat: nPR #64 (#80) Dim/MaxDim [512/640] AUC: 0.980347 FPR95: 10.02 [saved]
Step: 10100000  Loss: 0.059404 Regul: 0.012098 Obj: 0.071502 (0.059781)  NNZ: 17 (10)  Ttime: 1.3913 Vtime: 0.0511
Step: 10200000  Loss: 0.054907 Regul: 0.013485 Obj: 0.068393 (0.059781)  NNZ: 16 (10)  Ttime: 1.3929 Vtime: 0.0516
Step: 10300000  Loss: 0.052270 Regul: 0.012256 Obj: 0.064526 (0.059781)  NNZ: 15 (10)  Ttime: 1.3902 Vtime: 0.0516
Step: 10400000  Loss: 0.052772 Regul: 0.008350 Obj: 0.061122 (0.059781)  NNZ: 11 (10)  Ttime: 1.3922 Vtime: 0.0520
Step: 10500000  Loss: 0.059857 Regul: 0.009162 Obj: 0.069018 (0.059781)  NNZ: 11 (10)  Ttime: 1.3905 Vtime: 0.0515
Step: 10600000  Loss: 0.057884 Regul: 0.006146 Obj: 0.064030 (0.059781)  NNZ: 12 (10)  Ttime: 1.3895 Vtime: 0.0513
Step: 10700000  Loss: 0.072299 Regul: 0.009116 Obj: 0.081416 (0.059781)  NNZ: 14 (10)  Ttime: 1.3943 Vtime: 0.0512
Step: 10800000  Loss: 0.065198 Regul: 0.018049 Obj: 0.083247 (0.059781)  NNZ: 20 (10)  Ttime: 1.3889 Vtime: 0.0509
Step: 10900000  Loss: 0.055034 Regul: 0.012372 Obj: 0.067406 (0.059781)  NNZ: 14 (10)  Ttime: 1.3901 Vtime: 0.0526
Step: 11000000  Loss: 0.055485 Regul: 0.008101 Obj: 0.063586 (0.059781)  NNZ: 15 (10)  Ttime: 1.3930 Vtime: 0.0516
Step: 11100000  Loss: 0.051024 Regul: 0.011159 Obj: 0.062184 (0.059781)  NNZ: 15 (10)  Ttime: 1.3915 Vtime: 0.0509
Step: 11200000  Loss: 0.062275 Regul: 0.007333 Obj: 0.069608 (0.059781)  NNZ: 9 (10)  Ttime: 1.3903 Vtime: 0.0513
Step: 11300000  Loss: 0.075762 Regul: 0.011060 Obj: 0.086822 (0.059781)  NNZ: 16 (10)  Ttime: 1.3914 Vtime: 0.0512
Step: 11400000  Loss: 0.056270 Regul: 0.007912 Obj: 0.064182 (0.059781)  NNZ: 13 (10)  Ttime: 1.3912 Vtime: 0.0515
Step: 11500000  Loss: 0.059941 Regul: 0.011988 Obj: 0.071930 (0.059781)  NNZ: 17 (10)  Ttime: 1.3897 Vtime: 0.0515
Step: 11600000  Loss: 0.053594 Regul: 0.010601 Obj: 0.064195 (0.059781)  NNZ: 17 (10)  Ttime: 1.3906 Vtime: 0.0507
Step: 11700000  Loss: 0.060289 Regul: 0.012576 Obj: 0.072865 (0.059781)  NNZ: 24 (10)  Ttime: 1.3913 Vtime: 0.0514
Step: 11800000  Loss: 0.058927 Regul: 0.011641 Obj: 0.070568 (0.059781)  NNZ: 18 (10)  Ttime: 1.3901 Vtime: 0.0511
Step: 11900000  Loss: 0.057332 Regul: 0.011678 Obj: 0.069009 (0.059781)  NNZ: 16 (10)  Ttime: 1.3906 Vtime: 0.0511
Step: 12000000  Loss: 0.062041 Regul: 0.015600 Obj: 0.077641 (0.059781)  NNZ: 19 (10)  Ttime: 1.3888 Vtime: 0.0513
Step: 12100000  Loss: 0.067754 Regul: 0.015169 Obj: 0.082923 (0.059781)  NNZ: 15 (10)  Ttime: 1.3928 Vtime: 0.0520
Step: 12200000  Loss: 0.058299 Regul: 0.013672 Obj: 0.071971 (0.059781)  NNZ: 20 (10)  Ttime: 1.3904 Vtime: 0.0514
Step: 12300000  Loss: 0.055044 Regul: 0.013391 Obj: 0.068435 (0.059781)  NNZ: 21 (10)  Ttime: 1.3885 Vtime: 0.0509
Step: 12400000  Loss: 0.083511 Regul: 0.015970 Obj: 0.099481 (0.059781)  NNZ: 19 (10)  Ttime: 1.3895 Vtime: 0.0514
Step: 12500000  Loss: 0.052118 Regul: 0.010097 Obj: 0.062216 (0.059781)  NNZ: 13 (10)  Ttime: 1.3908 Vtime: 0.0524
Step: 12600000  Loss: 0.064609 Regul: 0.013424 Obj: 0.078033 (0.059781)  NNZ: 22 (10)  Ttime: 1.3931 Vtime: 0.0511
Step: 12700000  Loss: 0.058791 Regul: 0.011954 Obj: 0.070745 (0.059781)  NNZ: 17 (10)  Ttime: 1.3876 Vtime: 0.0515
Step: 12800000  Loss: 0.061044 Regul: 0.015917 Obj: 0.076961 (0.059781)  NNZ: 20 (10)  Ttime: 1.3914 Vtime: 0.0510
Step: 12900000  Loss: 0.058133 Regul: 0.013586 Obj: 0.071719 (0.059781)  NNZ: 19 (10)  Ttime: 1.3892 Vtime: 0.0516
Step: 13000000  Loss: 0.054696 Regul: 0.013322 Obj: 0.068018 (0.059781)  NNZ: 17 (10)  Ttime: 1.3885 Vtime: 0.0510
Step: 13100000  Loss: 0.056350 Regul: 0.011924 Obj: 0.068273 (0.059781)  NNZ: 19 (10)  Ttime: 1.3891 Vtime: 0.0520
Step: 13200000  Loss: 0.062091 Regul: 0.016676 Obj: 0.078767 (0.059781)  NNZ: 22 (10)  Ttime: 1.3914 Vtime: 0.0511
Step: 13300000  Loss: 0.051948 Regul: 0.008630 Obj: 0.060578 (0.059781)  NNZ: 16 (10)  Ttime: 1.3882 Vtime: 0.0517
Step: 13400000  Loss: 0.057492 Regul: 0.016392 Obj: 0.073884 (0.059781)  NNZ: 25 (10)  Ttime: 1.3898 Vtime: 0.0514
Step: 13500000  Loss: 0.080977 Regul: 0.009087 Obj: 0.090064 (0.059781)  NNZ: 12 (10)  Ttime: 1.3911 Vtime: 0.0504
Step: 13600000  Loss: 0.072661 Regul: 0.016043 Obj: 0.088704 (0.059781)  NNZ: 22 (10)  Ttime: 1.3892 Vtime: 0.0516
Step: 13700000  Loss: 0.061918 Regul: 0.011727 Obj: 0.073645 (0.059781)  NNZ: 15 (10)  Ttime: 1.3934 Vtime: 0.0516
Step: 13800000  Loss: 0.058900 Regul: 0.009302 Obj: 0.068202 (0.059781)  NNZ: 15 (10)  Ttime: 1.3918 Vtime: 0.0518
Step: 13900000  Loss: 0.051306 Regul: 0.009861 Obj: 0.061168 (0.059781)  NNZ: 16 (10)  Ttime: 1.3912 Vtime: 0.0512
Step: 14000000  Loss: 0.061150 Regul: 0.009984 Obj: 0.071134 (0.059781)  NNZ: 12 (10)  Ttime: 1.3906 Vtime: 0.0512
Step: 14100000  Loss: 0.109811 Regul: 0.009803 Obj: 0.119614 (0.059781)  NNZ: 18 (10)  Ttime: 1.3914 Vtime: 0.0517
Step: 14200000  Loss: 0.055227 Regul: 0.011559 Obj: 0.066785 (0.059781)  NNZ: 21 (10)  Ttime: 1.3913 Vtime: 0.0513
Step: 14300000  Loss: 0.056451 Regul: 0.007672 Obj: 0.064123 (0.059781)  NNZ: 16 (10)  Ttime: 1.3896 Vtime: 0.0510
Step: 14400000  Loss: 0.053935 Regul: 0.009407 Obj: 0.063342 (0.059781)  NNZ: 17 (10)  Ttime: 1.3913 Vtime: 0.0517
Step: 14500000  Loss: 0.065215 Regul: 0.014771 Obj: 0.079986 (0.059781)  NNZ: 21 (10)  Ttime: 1.3916 Vtime: 0.0511
Step: 14600000  Loss: 0.058875 Regul: 0.012665 Obj: 0.071540 (0.059781)  NNZ: 17 (10)  Ttime: 1.3903 Vtime: 0.0517
Step: 14700000  Loss: 0.057831 Regul: 0.015092 Obj: 0.072923 (0.059781)  NNZ: 20 (10)  Ttime: 1.3918 Vtime: 0.0513
Step: 14800000  Loss: 0.052677 Regul: 0.009195 Obj: 0.061871 (0.059781)  NNZ: 15 (10)  Ttime: 1.3914 Vtime: 0.0514
Step: 14900000  Loss: 0.073522 Regul: 0.012632 Obj: 0.086154 (0.059781)  NNZ: 16 (10)  Ttime: 1.3890 Vtime: 0.0506
Step: 15000000  Loss: 0.054631 Regul: 0.012277 Obj: 0.066908 (0.059781)  NNZ: 18 (10)  Ttime: 1.3908 Vtime: 0.0512
Best: 15100000  Loss: 0.049966 Regul: 0.009489 Obj: 0.059455 (0.059455)  NNZ: 16 (16)  Ttime: 1.3928 Vtime: 0.0517
Stat: nPR #108 (#128) Dim/MaxDim [864/640] AUC: 0.980825 FPR95: 9.96
Step: 15200000  Loss: 0.055380 Regul: 0.011899 Obj: 0.067279 (0.059455)  NNZ: 22 (16)  Ttime: 1.3907 Vtime: 0.0514
Step: 15300000  Loss: 0.059596 Regul: 0.018559 Obj: 0.078155 (0.059455)  NNZ: 23 (16)  Ttime: 1.3893 Vtime: 0.0514
Step: 15400000  Loss: 0.054789 Regul: 0.014657 Obj: 0.069446 (0.059455)  NNZ: 24 (16)  Ttime: 1.3908 Vtime: 0.0519
Step: 15500000  Loss: 0.076832 Regul: 0.015755 Obj: 0.092587 (0.059455)  NNZ: 25 (16)  Ttime: 1.3913 Vtime: 0.0515
Step: 15600000  Loss: 0.052576 Regul: 0.009359 Obj: 0.061935 (0.059455)  NNZ: 15 (16)  Ttime: 1.3899 Vtime: 0.0511
Step: 15700000  Loss: 0.057100 Regul: 0.012345 Obj: 0.069445 (0.059455)  NNZ: 14 (16)  Ttime: 1.3959 Vtime: 0.0515
Step: 15800000  Loss: 0.082605 Regul: 0.008503 Obj: 0.091109 (0.059455)  NNZ: 16 (16)  Ttime: 1.3897 Vtime: 0.0514
Step: 15900000  Loss: 0.063948 Regul: 0.014954 Obj: 0.078902 (0.059455)  NNZ: 23 (16)  Ttime: 1.3910 Vtime: 0.0518
Step: 16000000  Loss: 0.060729 Regul: 0.017956 Obj: 0.078686 (0.059455)  NNZ: 27 (16)  Ttime: 1.3935 Vtime: 0.0519
Step: 16100000  Loss: 0.055429 Regul: 0.009193 Obj: 0.064622 (0.059455)  NNZ: 14 (16)  Ttime: 1.3910 Vtime: 0.0509
Step: 16200000  Loss: 0.053261 Regul: 0.010765 Obj: 0.064025 (0.059455)  NNZ: 18 (16)  Ttime: 1.3909 Vtime: 0.0523
Step: 16300000  Loss: 0.087582 Regul: 0.014225 Obj: 0.101806 (0.059455)  NNZ: 23 (16)  Ttime: 1.3900 Vtime: 0.0512
Step: 16400000  Loss: 0.057707 Regul: 0.013582 Obj: 0.071289 (0.059455)  NNZ: 21 (16)  Ttime: 1.3901 Vtime: 0.0518
Step: 16500000  Loss: 0.059405 Regul: 0.011903 Obj: 0.071308 (0.059455)  NNZ: 17 (16)  Ttime: 1.3946 Vtime: 0.0513
Step: 16600000  Loss: 0.053729 Regul: 0.013369 Obj: 0.067098 (0.059455)  NNZ: 21 (16)  Ttime: 1.3921 Vtime: 0.0516
Step: 16700000  Loss: 0.061823 Regul: 0.011808 Obj: 0.073631 (0.059455)  NNZ: 17 (16)  Ttime: 1.3903 Vtime: 0.0511
Step: 16800000  Loss: 0.055543 Regul: 0.012823 Obj: 0.068366 (0.059455)  NNZ: 23 (16)  Ttime: 1.3914 Vtime: 0.0508
Step: 16900000  Loss: 0.054176 Regul: 0.014312 Obj: 0.068488 (0.059455)  NNZ: 20 (16)  Ttime: 1.3917 Vtime: 0.0519
Step: 17000000  Loss: 0.056525 Regul: 0.006859 Obj: 0.063384 (0.059455)  NNZ: 15 (16)  Ttime: 1.3896 Vtime: 0.0517
Step: 17100000  Loss: 0.054454 Regul: 0.013244 Obj: 0.067698 (0.059455)  NNZ: 17 (16)  Ttime: 1.3908 Vtime: 0.0516
Step: 17200000  Loss: 0.053604 Regul: 0.010555 Obj: 0.064159 (0.059455)  NNZ: 22 (16)  Ttime: 1.3907 Vtime: 0.0510
Step: 17300000  Loss: 0.058302 Regul: 0.014245 Obj: 0.072547 (0.059455)  NNZ: 24 (16)  Ttime: 1.3904 Vtime: 0.0511
Step: 17400000  Loss: 0.064924 Regul: 0.018517 Obj: 0.083441 (0.059455)  NNZ: 30 (16)  Ttime: 1.3919 Vtime: 0.0512
Step: 17500000  Loss: 0.051623 Regul: 0.008752 Obj: 0.060376 (0.059455)  NNZ: 12 (16)  Ttime: 1.3905 Vtime: 0.0522
Best: 17600000  Loss: 0.049806 Regul: 0.009174 Obj: 0.058981 (0.058981)  NNZ: 17 (17)  Ttime: 1.3933 Vtime: 0.0509
Stat: nPR #112 (#136) Dim/MaxDim [896/640] AUC: 0.980847 FPR95: 9.85
Step: 17700000  Loss: 0.051683 Regul: 0.012889 Obj: 0.064572 (0.058981)  NNZ: 16 (17)  Ttime: 1.3935 Vtime: 0.0509
Step: 17800000  Loss: 0.059609 Regul: 0.009797 Obj: 0.069406 (0.058981)  NNZ: 21 (17)  Ttime: 1.3895 Vtime: 0.0522
Step: 17900000  Loss: 0.063843 Regul: 0.009137 Obj: 0.072980 (0.058981)  NNZ: 17 (17)  Ttime: 1.3905 Vtime: 0.0521
Step: 18000000  Loss: 0.052994 Regul: 0.011856 Obj: 0.064850 (0.058981)  NNZ: 20 (17)  Ttime: 1.3917 Vtime: 0.0517
Step: 18100000  Loss: 0.053069 Regul: 0.008964 Obj: 0.062033 (0.058981)  NNZ: 15 (17)  Ttime: 1.3915 Vtime: 0.0521
Step: 18200000  Loss: 0.055611 Regul: 0.011115 Obj: 0.066725 (0.058981)  NNZ: 24 (17)  Ttime: 1.3910 Vtime: 0.0519
Step: 18300000  Loss: 0.061093 Regul: 0.012476 Obj: 0.073569 (0.058981)  NNZ: 18 (17)  Ttime: 1.3921 Vtime: 0.0513
Step: 18400000  Loss: 0.056713 Regul: 0.008483 Obj: 0.065196 (0.058981)  NNZ: 15 (17)  Ttime: 1.3887 Vtime: 0.0509
Step: 18500000  Loss: 0.054535 Regul: 0.011545 Obj: 0.066080 (0.058981)  NNZ: 18 (17)  Ttime: 1.3902 Vtime: 0.0508
Step: 18600000  Loss: 0.067809 Regul: 0.011242 Obj: 0.079051 (0.058981)  NNZ: 22 (17)  Ttime: 1.3902 Vtime: 0.0511
Step: 18700000  Loss: 0.060564 Regul: 0.009838 Obj: 0.070402 (0.058981)  NNZ: 12 (17)  Ttime: 1.3925 Vtime: 0.0518
Step: 18800000  Loss: 0.051744 Regul: 0.009343 Obj: 0.061087 (0.058981)  NNZ: 15 (17)  Ttime: 1.3936 Vtime: 0.0508
Step: 18900000  Loss: 0.060177 Regul: 0.011087 Obj: 0.071264 (0.058981)  NNZ: 19 (17)  Ttime: 1.3928 Vtime: 0.0519
Step: 19000000  Loss: 0.053258 Regul: 0.009692 Obj: 0.062949 (0.058981)  NNZ: 16 (17)  Ttime: 1.3882 Vtime: 0.0512
Step: 19100000  Loss: 0.052312 Regul: 0.010815 Obj: 0.063127 (0.058981)  NNZ: 16 (17)  Ttime: 1.3925 Vtime: 0.0511
Step: 19200000  Loss: 0.056296 Regul: 0.009759 Obj: 0.066054 (0.058981)  NNZ: 13 (17)  Ttime: 1.3920 Vtime: 0.0518
Step: 19300000  Loss: 0.050435 Regul: 0.010411 Obj: 0.060846 (0.058981)  NNZ: 16 (17)  Ttime: 1.3909 Vtime: 0.0513
Step: 19400000  Loss: 0.054049 Regul: 0.006357 Obj: 0.060406 (0.058981)  NNZ: 16 (17)  Ttime: 1.3905 Vtime: 0.0521
Step: 19500000  Loss: 0.054890 Regul: 0.009587 Obj: 0.064478 (0.058981)  NNZ: 17 (17)  Ttime: 1.3916 Vtime: 0.0511
Step: 19600000  Loss: 0.053213 Regul: 0.009484 Obj: 0.062697 (0.058981)  NNZ: 16 (17)  Ttime: 1.3904 Vtime: 0.0512
Best: 19700000  Loss: 0.050024 Regul: 0.008595 Obj: 0.058619 (0.058619)  NNZ: 16 (16)  Ttime: 1.3918 Vtime: 0.0523
Stat: nPR #108 (#128) Dim/MaxDim [864/640] AUC: 0.980681 FPR95: 10.13
Step: 19800000  Loss: 0.066690 Regul: 0.012943 Obj: 0.079633 (0.058619)  NNZ: 25 (16)  Ttime: 1.3964 Vtime: 0.0510
Step: 19900000  Loss: 0.051559 Regul: 0.009305 Obj: 0.060865 (0.058619)  NNZ: 15 (16)  Ttime: 1.3933 Vtime: 0.0521
Step: 20000000  Loss: 0.053641 Regul: 0.011180 Obj: 0.064822 (0.058619)  NNZ: 19 (16)  Ttime: 1.3937 Vtime: 0.0515
Step: 20100000  Loss: 0.057527 Regul: 0.010412 Obj: 0.067939 (0.058619)  NNZ: 15 (16)  Ttime: 1.3896 Vtime: 0.0521
Step: 20200000  Loss: 0.054219 Regul: 0.008134 Obj: 0.062354 (0.058619)  NNZ: 13 (16)  Ttime: 1.3919 Vtime: 0.0520
Step: 20300000  Loss: 0.050152 Regul: 0.008897 Obj: 0.059049 (0.058619)  NNZ: 19 (16)  Ttime: 1.3903 Vtime: 0.0514
Step: 20400000  Loss: 0.063806 Regul: 0.008374 Obj: 0.072180 (0.058619)  NNZ: 14 (16)  Ttime: 1.3885 Vtime: 0.0511
Step: 20500000  Loss: 0.052775 Regul: 0.008102 Obj: 0.060877 (0.058619)  NNZ: 13 (16)  Ttime: 1.3927 Vtime: 0.0515
Step: 20600000  Loss: 0.051544 Regul: 0.008019 Obj: 0.059563 (0.058619)  NNZ: 15 (16)  Ttime: 1.3946 Vtime: 0.0519
Step: 20700000  Loss: 0.050679 Regul: 0.009010 Obj: 0.059689 (0.058619)  NNZ: 15 (16)  Ttime: 1.3932 Vtime: 0.0513
Step: 20800000  Loss: 0.056178 Regul: 0.013506 Obj: 0.069683 (0.058619)  NNZ: 19 (16)  Ttime: 1.3937 Vtime: 0.0513
Step: 20900000  Loss: 0.052961 Regul: 0.008016 Obj: 0.060977 (0.058619)  NNZ: 14 (16)  Ttime: 1.3922 Vtime: 0.0516
Step: 21000000  Loss: 0.053107 Regul: 0.011279 Obj: 0.064386 (0.058619)  NNZ: 15 (16)  Ttime: 1.3897 Vtime: 0.0512
Step: 21100000  Loss: 0.050683 Regul: 0.011050 Obj: 0.061734 (0.058619)  NNZ: 17 (16)  Ttime: 1.3908 Vtime: 0.0516
Step: 21200000  Loss: 0.054783 Regul: 0.014718 Obj: 0.069501 (0.058619)  NNZ: 16 (16)  Ttime: 1.3913 Vtime: 0.0517
Step: 21300000  Loss: 0.061503 Regul: 0.012832 Obj: 0.074335 (0.058619)  NNZ: 24 (16)  Ttime: 1.3923 Vtime: 0.0518
Step: 21400000  Loss: 0.059905 Regul: 0.010831 Obj: 0.070735 (0.058619)  NNZ: 17 (16)  Ttime: 1.3919 Vtime: 0.0514
Step: 21500000  Loss: 0.051534 Regul: 0.009440 Obj: 0.060974 (0.058619)  NNZ: 16 (16)  Ttime: 1.3906 Vtime: 0.0513
Step: 21600000  Loss: 0.051280 Regul: 0.011147 Obj: 0.062428 (0.058619)  NNZ: 18 (16)  Ttime: 1.3902 Vtime: 0.0510
Step: 21700000  Loss: 0.052544 Regul: 0.008715 Obj: 0.061259 (0.058619)  NNZ: 16 (16)  Ttime: 1.3907 Vtime: 0.0510
Step: 21800000  Loss: 0.054931 Regul: 0.011426 Obj: 0.066356 (0.058619)  NNZ: 18 (16)  Ttime: 1.3919 Vtime: 0.0517
Step: 21900000  Loss: 0.058005 Regul: 0.009002 Obj: 0.067007 (0.058619)  NNZ: 12 (16)  Ttime: 1.3910 Vtime: 0.0521
Step: 22000000  Loss: 0.054303 Regul: 0.009744 Obj: 0.064047 (0.058619)  NNZ: 17 (16)  Ttime: 1.3903 Vtime: 0.0511
Step: 22100000  Loss: 0.059455 Regul: 0.007148 Obj: 0.066604 (0.058619)  NNZ: 8 (16)  Ttime: 1.3929 Vtime: 0.0518
Step: 22200000  Loss: 0.053581 Regul: 0.010375 Obj: 0.063955 (0.058619)  NNZ: 13 (16)  Ttime: 1.3913 Vtime: 0.0514
Step: 22300000  Loss: 0.053017 Regul: 0.012434 Obj: 0.065450 (0.058619)  NNZ: 20 (16)  Ttime: 1.3904 Vtime: 0.0508
Step: 22400000  Loss: 0.053451 Regul: 0.007883 Obj: 0.061333 (0.058619)  NNZ: 14 (16)  Ttime: 1.3927 Vtime: 0.0517
Step: 22500000  Loss: 0.051140 Regul: 0.008959 Obj: 0.060100 (0.058619)  NNZ: 17 (16)  Ttime: 1.3904 Vtime: 0.0517
Step: 22600000  Loss: 0.054871 Regul: 0.009800 Obj: 0.064671 (0.058619)  NNZ: 20 (16)  Ttime: 1.3931 Vtime: 0.0515
Step: 22700000  Loss: 0.054607 Regul: 0.006168 Obj: 0.060775 (0.058619)  NNZ: 10 (16)  Ttime: 1.3937 Vtime: 0.0513
Step: 22800000  Loss: 0.060347 Regul: 0.010636 Obj: 0.070982 (0.058619)  NNZ: 15 (16)  Ttime: 1.3912 Vtime: 0.0514
Step: 22900000  Loss: 0.087382 Regul: 0.007753 Obj: 0.095135 (0.058619)  NNZ: 13 (16)  Ttime: 1.3913 Vtime: 0.0511
Step: 23000000  Loss: 0.055535 Regul: 0.007580 Obj: 0.063115 (0.058619)  NNZ: 16 (16)  Ttime: 1.3944 Vtime: 0.0517
Step: 23100000  Loss: 0.052410 Regul: 0.009018 Obj: 0.061428 (0.058619)  NNZ: 14 (16)  Ttime: 1.3912 Vtime: 0.0514
Step: 23200000  Loss: 0.072664 Regul: 0.006754 Obj: 0.079418 (0.058619)  NNZ: 13 (16)  Ttime: 1.3916 Vtime: 0.0512
Step: 23300000  Loss: 0.052712 Regul: 0.009036 Obj: 0.061748 (0.058619)  NNZ: 15 (16)  Ttime: 1.3894 Vtime: 0.0514
Step: 23400000  Loss: 0.052291 Regul: 0.007464 Obj: 0.059756 (0.058619)  NNZ: 9 (16)  Ttime: 1.3938 Vtime: 0.0519
Step: 23500000  Loss: 0.050539 Regul: 0.010346 Obj: 0.060885 (0.058619)  NNZ: 15 (16)  Ttime: 1.3926 Vtime: 0.0516
Step: 23600000  Loss: 0.061021 Regul: 0.011616 Obj: 0.072637 (0.058619)  NNZ: 15 (16)  Ttime: 1.3910 Vtime: 0.0521
Step: 23700000  Loss: 0.055836 Regul: 0.010239 Obj: 0.066075 (0.058619)  NNZ: 16 (16)  Ttime: 1.3911 Vtime: 0.0508
Best: 23800000  Loss: 0.049358 Regul: 0.008117 Obj: 0.057475 (0.057475)  NNZ: 15 (15)  Ttime: 1.3909 Vtime: 0.0511
Stat: nPR #100 (#120) Dim/MaxDim [800/640] AUC: 0.980901 FPR95: 9.94
Step: 23900000  Loss: 0.051927 Regul: 0.009277 Obj: 0.061204 (0.057475)  NNZ: 21 (15)  Ttime: 1.3942 Vtime: 0.0514
Step: 24000000  Loss: 0.052658 Regul: 0.011193 Obj: 0.063851 (0.057475)  NNZ: 20 (15)  Ttime: 1.3929 Vtime: 0.0512
Step: 24100000  Loss: 0.067508 Regul: 0.008319 Obj: 0.075828 (0.057475)  NNZ: 18 (15)  Ttime: 1.3915 Vtime: 0.0514
Step: 24200000  Loss: 0.060552 Regul: 0.009628 Obj: 0.070180 (0.057475)  NNZ: 16 (15)  Ttime: 1.3906 Vtime: 0.0514
Step: 24300000  Loss: 0.056032 Regul: 0.011185 Obj: 0.067217 (0.057475)  NNZ: 19 (15)  Ttime: 1.3916 Vtime: 0.0516
Step: 24400000  Loss: 0.055617 Regul: 0.010234 Obj: 0.065851 (0.057475)  NNZ: 16 (15)  Ttime: 1.3914 Vtime: 0.0523
Step: 24500000  Loss: 0.052593 Regul: 0.010996 Obj: 0.063589 (0.057475)  NNZ: 14 (15)  Ttime: 1.3907 Vtime: 0.0516
Step: 24600000  Loss: 0.052766 Regul: 0.006698 Obj: 0.059464 (0.057475)  NNZ: 16 (15)  Ttime: 1.3902 Vtime: 0.0508
Step: 24700000  Loss: 0.085201 Regul: 0.016219 Obj: 0.101420 (0.057475)  NNZ: 22 (15)  Ttime: 1.3927 Vtime: 0.0513
Step: 24800000  Loss: 0.055230 Regul: 0.010678 Obj: 0.065908 (0.057475)  NNZ: 18 (15)  Ttime: 1.3951 Vtime: 0.0515
Step: 24900000  Loss: 0.053254 Regul: 0.012797 Obj: 0.066051 (0.057475)  NNZ: 23 (15)  Ttime: 1.3894 Vtime: 0.0515
Step: 25000000  Loss: 0.052328 Regul: 0.011519 Obj: 0.063847 (0.057475)  NNZ: 14 (15)  Ttime: 1.3914 Vtime: 0.0518
Step: 25100000  Loss: 0.049838 Regul: 0.009920 Obj: 0.059757 (0.057475)  NNZ: 16 (15)  Ttime: 1.3913 Vtime: 0.0513
Step: 25200000  Loss: 0.053620 Regul: 0.008830 Obj: 0.062451 (0.057475)  NNZ: 19 (15)  Ttime: 1.3933 Vtime: 0.0519
Step: 25300000  Loss: 0.051273 Regul: 0.008594 Obj: 0.059867 (0.057475)  NNZ: 16 (15)  Ttime: 1.3942 Vtime: 0.0512
Step: 25400000  Loss: 0.050055 Regul: 0.008519 Obj: 0.058574 (0.057475)  NNZ: 15 (15)  Ttime: 1.3900 Vtime: 0.0510
Step: 25500000  Loss: 0.059581 Regul: 0.009695 Obj: 0.069275 (0.057475)  NNZ: 17 (15)  Ttime: 1.3917 Vtime: 0.0514
Step: 25600000  Loss: 0.056418 Regul: 0.009158 Obj: 0.065576 (0.057475)  NNZ: 14 (15)  Ttime: 1.3926 Vtime: 0.0510
Step: 25700000  Loss: 0.065349 Regul: 0.009291 Obj: 0.074639 (0.057475)  NNZ: 19 (15)  Ttime: 1.3929 Vtime: 0.0515
Step: 25800000  Loss: 0.051443 Regul: 0.010221 Obj: 0.061664 (0.057475)  NNZ: 17 (15)  Ttime: 1.3946 Vtime: 0.0517
Step: 25900000  Loss: 0.058357 Regul: 0.011521 Obj: 0.069878 (0.057475)  NNZ: 19 (15)  Ttime: 1.3912 Vtime: 0.0521
Step: 26000000  Loss: 0.107703 Regul: 0.010532 Obj: 0.118235 (0.057475)  NNZ: 19 (15)  Ttime: 1.3841 Vtime: 0.0514
Step: 26100000  Loss: 0.053048 Regul: 0.010854 Obj: 0.063902 (0.057475)  NNZ: 19 (15)  Ttime: 1.3916 Vtime: 0.0514
Step: 26200000  Loss: 0.055158 Regul: 0.009248 Obj: 0.064406 (0.057475)  NNZ: 15 (15)  Ttime: 1.3923 Vtime: 0.0514
Step: 26300000  Loss: 0.055029 Regul: 0.007354 Obj: 0.062383 (0.057475)  NNZ: 13 (15)  Ttime: 1.3978 Vtime: 0.0508
Step: 26400000  Loss: 0.064861 Regul: 0.008146 Obj: 0.073007 (0.057475)  NNZ: 14 (15)  Ttime: 1.3949 Vtime: 0.0513
Step: 26500000  Loss: 0.052146 Regul: 0.010985 Obj: 0.063132 (0.057475)  NNZ: 17 (15)  Ttime: 1.3901 Vtime: 0.0512
Step: 26600000  Loss: 0.049967 Regul: 0.008631 Obj: 0.058598 (0.057475)  NNZ: 15 (15)  Ttime: 1.3978 Vtime: 0.0512
Step: 26700000  Loss: 0.054016 Regul: 0.009706 Obj: 0.063722 (0.057475)  NNZ: 13 (15)  Ttime: 1.3932 Vtime: 0.0515
Step: 26800000  Loss: 0.057703 Regul: 0.011592 Obj: 0.069296 (0.057475)  NNZ: 19 (15)  Ttime: 1.3898 Vtime: 0.0513
Step: 26900000  Loss: 0.051450 Regul: 0.007625 Obj: 0.059075 (0.057475)  NNZ: 13 (15)  Ttime: 1.3928 Vtime: 0.0510
Step: 27000000  Loss: 0.083957 Regul: 0.011024 Obj: 0.094981 (0.057475)  NNZ: 16 (15)  Ttime: 1.3942 Vtime: 0.0521
Best: 27100000  Loss: 0.049463 Regul: 0.007779 Obj: 0.057242 (0.057242)  NNZ: 19 (19)  Ttime: 1.3912 Vtime: 0.0524
Stat: nPR #120 (#152) Dim/MaxDim [960/640] AUC: 0.980844 FPR95: 10.02
Step: 27200000  Loss: 0.051763 Regul: 0.007299 Obj: 0.059062 (0.057242)  NNZ: 15 (19)  Ttime: 1.3907 Vtime: 0.0519
Best: 27300000  Loss: 0.048761 Regul: 0.008231 Obj: 0.056991 (0.056991)  NNZ: 14 (14)  Ttime: 1.3917 Vtime: 0.0507
Stat: nPR #92 (#112) Dim/MaxDim [736/640] AUC: 0.981251 FPR95: 9.30
Step: 27400000  Loss: 0.055566 Regul: 0.007570 Obj: 0.063136 (0.056991)  NNZ: 13 (14)  Ttime: 1.3923 Vtime: 0.0513
Step: 27500000  Loss: 0.052473 Regul: 0.008236 Obj: 0.060709 (0.056991)  NNZ: 12 (14)  Ttime: 1.3911 Vtime: 0.0516
Step: 27600000  Loss: 0.057538 Regul: 0.010483 Obj: 0.068021 (0.056991)  NNZ: 19 (14)  Ttime: 1.3910 Vtime: 0.0517
Step: 27700000  Loss: 0.067136 Regul: 0.006845 Obj: 0.073981 (0.056991)  NNZ: 8 (14)  Ttime: 1.3929 Vtime: 0.0512
Step: 27800000  Loss: 0.063479 Regul: 0.008042 Obj: 0.071521 (0.056991)  NNZ: 13 (14)  Ttime: 1.3881 Vtime: 0.0517
Step: 27900000  Loss: 0.050334 Regul: 0.008637 Obj: 0.058971 (0.056991)  NNZ: 15 (14)  Ttime: 1.3912 Vtime: 0.0517
Step: 28000000  Loss: 0.053496 Regul: 0.007985 Obj: 0.061481 (0.056991)  NNZ: 15 (14)  Ttime: 1.3940 Vtime: 0.0518
Step: 28100000  Loss: 0.058116 Regul: 0.008887 Obj: 0.067003 (0.056991)  NNZ: 23 (14)  Ttime: 1.3933 Vtime: 0.0511
Step: 28200000  Loss: 0.063777 Regul: 0.009055 Obj: 0.072833 (0.056991)  NNZ: 14 (14)  Ttime: 1.3935 Vtime: 0.0522
Step: 28300000  Loss: 0.050328 Regul: 0.007701 Obj: 0.058029 (0.056991)  NNZ: 18 (14)  Ttime: 1.3907 Vtime: 0.0516
Best: 28400000  Loss: 0.048838 Regul: 0.007924 Obj: 0.056762 (0.056762)  NNZ: 15 (15)  Ttime: 1.3912 Vtime: 0.0525
Stat: nPR #104 (#120) Dim/MaxDim [832/640] AUC: 0.981181 FPR95: 9.29
Step: 28500000  Loss: 0.049077 Regul: 0.009599 Obj: 0.058676 (0.056762)  NNZ: 16 (15)  Ttime: 1.3929 Vtime: 0.0514
Step: 28600000  Loss: 0.050160 Regul: 0.006664 Obj: 0.056824 (0.056762)  NNZ: 13 (15)  Ttime: 1.3915 Vtime: 0.0514
Step: 28700000  Loss: 0.050087 Regul: 0.008351 Obj: 0.058437 (0.056762)  NNZ: 15 (15)  Ttime: 1.3925 Vtime: 0.0512
Step: 28800000  Loss: 0.052955 Regul: 0.011230 Obj: 0.064185 (0.056762)  NNZ: 19 (15)  Ttime: 1.3931 Vtime: 0.0507
Step: 28900000  Loss: 0.050641 Regul: 0.010990 Obj: 0.061631 (0.056762)  NNZ: 19 (15)  Ttime: 1.3917 Vtime: 0.0523
Step: 29000000  Loss: 0.064556 Regul: 0.009118 Obj: 0.073674 (0.056762)  NNZ: 15 (15)  Ttime: 1.3903 Vtime: 0.0513
Step: 29100000  Loss: 0.063526 Regul: 0.006271 Obj: 0.069798 (0.056762)  NNZ: 16 (15)  Ttime: 1.3937 Vtime: 0.0517
Step: 29200000  Loss: 0.107370 Regul: 0.009511 Obj: 0.116881 (0.056762)  NNZ: 20 (15)  Ttime: 1.3901 Vtime: 0.0519
Step: 29300000  Loss: 0.058079 Regul: 0.007808 Obj: 0.065887 (0.056762)  NNZ: 16 (15)  Ttime: 1.3934 Vtime: 0.0523
Step: 29400000  Loss: 0.058237 Regul: 0.007376 Obj: 0.065613 (0.056762)  NNZ: 18 (15)  Ttime: 1.3910 Vtime: 0.0510
Step: 29500000  Loss: 0.078737 Regul: 0.011297 Obj: 0.090034 (0.056762)  NNZ: 21 (15)  Ttime: 1.3898 Vtime: 0.0523
Step: 29600000  Loss: 0.053232 Regul: 0.007537 Obj: 0.060769 (0.056762)  NNZ: 14 (15)  Ttime: 1.3911 Vtime: 0.0508
Step: 29700000  Loss: 0.051804 Regul: 0.005877 Obj: 0.057680 (0.056762)  NNZ: 13 (15)  Ttime: 1.3932 Vtime: 0.0514
Step: 29800000  Loss: 0.056983 Regul: 0.005505 Obj: 0.062488 (0.056762)  NNZ: 9 (15)  Ttime: 1.3968 Vtime: 0.0510
Step: 29900000  Loss: 0.062175 Regul: 0.007094 Obj: 0.069268 (0.056762)  NNZ: 14 (15)  Ttime: 1.3914 Vtime: 0.0511
Step: 30000000  Loss: 0.049855 Regul: 0.008432 Obj: 0.058287 (0.056762)  NNZ: 18 (15)  Ttime: 1.3911 Vtime: 0.0513
Step: 30100000  Loss: 0.053758 Regul: 0.007755 Obj: 0.061514 (0.056762)  NNZ: 12 (15)  Ttime: 1.3905 Vtime: 0.0517
Step: 30200000  Loss: 0.050234 Regul: 0.007703 Obj: 0.057938 (0.056762)  NNZ: 14 (15)  Ttime: 1.3938 Vtime: 0.0524
Step: 30300000  Loss: 0.055509 Regul: 0.009688 Obj: 0.065197 (0.056762)  NNZ: 22 (15)  Ttime: 1.3902 Vtime: 0.0509
Step: 30400000  Loss: 0.053519 Regul: 0.007755 Obj: 0.061274 (0.056762)  NNZ: 11 (15)  Ttime: 1.3921 Vtime: 0.0520
Step: 30500000  Loss: 0.059384 Regul: 0.009681 Obj: 0.069065 (0.056762)  NNZ: 16 (15)  Ttime: 1.3929 Vtime: 0.0520
Step: 30600000  Loss: 0.059845 Regul: 0.009176 Obj: 0.069021 (0.056762)  NNZ: 19 (15)  Ttime: 1.3923 Vtime: 0.0516
Step: 30700000  Loss: 0.057317 Regul: 0.007999 Obj: 0.065316 (0.056762)  NNZ: 14 (15)  Ttime: 1.3924 Vtime: 0.0523
Step: 30800000  Loss: 0.051446 Regul: 0.009093 Obj: 0.060539 (0.056762)  NNZ: 16 (15)  Ttime: 1.3931 Vtime: 0.0513
Step: 30900000  Loss: 0.050259 Regul: 0.010712 Obj: 0.060971 (0.056762)  NNZ: 17 (15)  Ttime: 1.3907 Vtime: 0.0511
Step: 31000000  Loss: 0.051459 Regul: 0.009890 Obj: 0.061348 (0.056762)  NNZ: 18 (15)  Ttime: 1.3910 Vtime: 0.0518
Step: 31100000  Loss: 0.050997 Regul: 0.010059 Obj: 0.061056 (0.056762)  NNZ: 15 (15)  Ttime: 1.3918 Vtime: 0.0519
Step: 31200000  Loss: 0.062889 Regul: 0.006608 Obj: 0.069498 (0.056762)  NNZ: 11 (15)  Ttime: 1.3923 Vtime: 0.0513
Step: 31300000  Loss: 0.060581 Regul: 0.009751 Obj: 0.070332 (0.056762)  NNZ: 13 (15)  Ttime: 1.3919 Vtime: 0.0518
Step: 31400000  Loss: 0.049890 Regul: 0.009902 Obj: 0.059793 (0.056762)  NNZ: 21 (15)  Ttime: 1.3888 Vtime: 0.0514
Step: 31500000  Loss: 0.066004 Regul: 0.011454 Obj: 0.077458 (0.056762)  NNZ: 14 (15)  Ttime: 1.3984 Vtime: 0.0514
Step: 31600000  Loss: 0.053860 Regul: 0.006639 Obj: 0.060499 (0.056762)  NNZ: 10 (15)  Ttime: 1.3921 Vtime: 0.0511
Step: 31700000  Loss: 0.050834 Regul: 0.007246 Obj: 0.058080 (0.056762)  NNZ: 11 (15)  Ttime: 1.3905 Vtime: 0.0513
Step: 31800000  Loss: 0.048954 Regul: 0.008022 Obj: 0.056976 (0.056762)  NNZ: 16 (15)  Ttime: 1.3923 Vtime: 0.0511
Step: 31900000  Loss: 0.053919 Regul: 0.008934 Obj: 0.062853 (0.056762)  NNZ: 20 (15)  Ttime: 1.3929 Vtime: 0.0512
Step: 32000000  Loss: 0.051107 Regul: 0.008252 Obj: 0.059359 (0.056762)  NNZ: 15 (15)  Ttime: 1.3912 Vtime: 0.0522
Step: 32100000  Loss: 0.051793 Regul: 0.006537 Obj: 0.058330 (0.056762)  NNZ: 9 (15)  Ttime: 1.3916 Vtime: 0.0512
Step: 32200000  Loss: 0.055752 Regul: 0.007513 Obj: 0.063265 (0.056762)  NNZ: 13 (15)  Ttime: 1.3923 Vtime: 0.0517
Step: 32300000  Loss: 0.059519 Regul: 0.006742 Obj: 0.066261 (0.056762)  NNZ: 12 (15)  Ttime: 1.3937 Vtime: 0.0512
Step: 32400000  Loss: 0.050682 Regul: 0.007442 Obj: 0.058125 (0.056762)  NNZ: 11 (15)  Ttime: 1.3939 Vtime: 0.0516
Step: 32500000  Loss: 0.071311 Regul: 0.010597 Obj: 0.081908 (0.056762)  NNZ: 19 (15)  Ttime: 1.3925 Vtime: 0.0519
Step: 32600000  Loss: 0.056114 Regul: 0.005359 Obj: 0.061472 (0.056762)  NNZ: 12 (15)  Ttime: 1.3910 Vtime: 0.0512
Step: 32700000  Loss: 0.050035 Regul: 0.010322 Obj: 0.060357 (0.056762)  NNZ: 16 (15)  Ttime: 1.3905 Vtime: 0.0514
Step: 32800000  Loss: 0.055407 Regul: 0.007518 Obj: 0.062925 (0.056762)  NNZ: 14 (15)  Ttime: 1.3900 Vtime: 0.0523
Step: 32900000  Loss: 0.065513 Regul: 0.007586 Obj: 0.073099 (0.056762)  NNZ: 14 (15)  Ttime: 1.3986 Vtime: 0.0513
Step: 33000000  Loss: 0.054817 Regul: 0.006134 Obj: 0.060951 (0.056762)  NNZ: 14 (15)  Ttime: 1.3922 Vtime: 0.0519
Step: 33100000  Loss: 0.049835 Regul: 0.007656 Obj: 0.057491 (0.056762)  NNZ: 19 (15)  Ttime: 1.3898 Vtime: 0.0515
Step: 33200000  Loss: 0.068703 Regul: 0.009142 Obj: 0.077844 (0.056762)  NNZ: 15 (15)  Ttime: 1.3919 Vtime: 0.0518
Step: 33300000  Loss: 0.053340 Regul: 0.006313 Obj: 0.059652 (0.056762)  NNZ: 13 (15)  Ttime: 1.3919 Vtime: 0.0518
Step: 33400000  Loss: 0.052779 Regul: 0.006265 Obj: 0.059044 (0.056762)  NNZ: 15 (15)  Ttime: 1.3913 Vtime: 0.0514
Step: 33500000  Loss: 0.054704 Regul: 0.007544 Obj: 0.062248 (0.056762)  NNZ: 18 (15)  Ttime: 1.3913 Vtime: 0.0516
Step: 33600000  Loss: 0.063424 Regul: 0.019396 Obj: 0.082820 (0.056762)  NNZ: 24 (15)  Ttime: 1.3901 Vtime: 0.0512
Step: 33700000  Loss: 0.057464 Regul: 0.014962 Obj: 0.072426 (0.056762)  NNZ: 21 (15)  Ttime: 1.3921 Vtime: 0.0525
Step: 33800000  Loss: 0.052367 Regul: 0.010102 Obj: 0.062469 (0.056762)  NNZ: 19 (15)  Ttime: 1.3893 Vtime: 0.0519
Step: 33900000  Loss: 0.074463 Regul: 0.017866 Obj: 0.092329 (0.056762)  NNZ: 25 (15)  Ttime: 1.3895 Vtime: 0.0517
Step: 34000000  Loss: 0.053632 Regul: 0.014243 Obj: 0.067874 (0.056762)  NNZ: 22 (15)  Ttime: 1.3941 Vtime: 0.0511
Step: 34100000  Loss: 0.055471 Regul: 0.012107 Obj: 0.067578 (0.056762)  NNZ: 18 (15)  Ttime: 1.3905 Vtime: 0.0512
Step: 34200000  Loss: 0.058300 Regul: 0.014829 Obj: 0.073129 (0.056762)  NNZ: 19 (15)  Ttime: 1.3884 Vtime: 0.0519
Step: 34300000  Loss: 0.053232 Regul: 0.010042 Obj: 0.063274 (0.056762)  NNZ: 16 (15)  Ttime: 1.3907 Vtime: 0.0514
Step: 34400000  Loss: 0.057282 Regul: 0.011980 Obj: 0.069261 (0.056762)  NNZ: 15 (15)  Ttime: 1.3902 Vtime: 0.0512
Step: 34500000  Loss: 0.053564 Regul: 0.012113 Obj: 0.065677 (0.056762)  NNZ: 16 (15)  Ttime: 1.3990 Vtime: 0.0513
Step: 34600000  Loss: 0.052117 Regul: 0.014064 Obj: 0.066182 (0.056762)  NNZ: 22 (15)  Ttime: 1.3888 Vtime: 0.0507
Step: 34700000  Loss: 0.067326 Regul: 0.011503 Obj: 0.078828 (0.056762)  NNZ: 16 (15)  Ttime: 1.3889 Vtime: 0.0510
Step: 34800000  Loss: 0.060306 Regul: 0.018071 Obj: 0.078377 (0.056762)  NNZ: 28 (15)  Ttime: 1.3950 Vtime: 0.0521
Step: 34900000  Loss: 0.060206 Regul: 0.015784 Obj: 0.075990 (0.056762)  NNZ: 18 (15)  Ttime: 1.4016 Vtime: 0.0513
Step: 35000000  Loss: 0.056613 Regul: 0.013410 Obj: 0.070022 (0.056762)  NNZ: 19 (15)  Ttime: 1.3910 Vtime: 0.0524
Step: 35100000  Loss: 0.054959 Regul: 0.012439 Obj: 0.067398 (0.056762)  NNZ: 16 (15)  Ttime: 1.3916 Vtime: 0.0516
Step: 35200000  Loss: 0.057475 Regul: 0.014636 Obj: 0.072111 (0.056762)  NNZ: 16 (15)  Ttime: 1.3904 Vtime: 0.0523
Step: 35300000  Loss: 0.059334 Regul: 0.016747 Obj: 0.076081 (0.056762)  NNZ: 18 (15)  Ttime: 1.3892 Vtime: 0.0516
Step: 35400000  Loss: 0.077326 Regul: 0.017754 Obj: 0.095079 (0.056762)  NNZ: 24 (15)  Ttime: 1.3904 Vtime: 0.0512
Step: 35500000  Loss: 0.060027 Regul: 0.013221 Obj: 0.073249 (0.056762)  NNZ: 16 (15)  Ttime: 1.3888 Vtime: 0.0515
Step: 35600000  Loss: 0.062937 Regul: 0.018144 Obj: 0.081081 (0.056762)  NNZ: 22 (15)  Ttime: 1.3902 Vtime: 0.0513
Step: 35700000  Loss: 0.068417 Regul: 0.019547 Obj: 0.087964 (0.056762)  NNZ: 24 (15)  Ttime: 1.3906 Vtime: 0.0521
Step: 35800000  Loss: 0.054434 Regul: 0.016346 Obj: 0.070780 (0.056762)  NNZ: 24 (15)  Ttime: 1.3891 Vtime: 0.0514
Step: 35900000  Loss: 0.050796 Regul: 0.012937 Obj: 0.063733 (0.056762)  NNZ: 20 (15)  Ttime: 1.3926 Vtime: 0.0518
Step: 36000000  Loss: 0.054661 Regul: 0.015560 Obj: 0.070222 (0.056762)  NNZ: 20 (15)  Ttime: 1.3895 Vtime: 0.0508
Step: 36100000  Loss: 0.059991 Regul: 0.014341 Obj: 0.074332 (0.056762)  NNZ: 17 (15)  Ttime: 1.3904 Vtime: 0.0511
Step: 36200000  Loss: 0.059332 Regul: 0.019623 Obj: 0.078955 (0.056762)  NNZ: 24 (15)  Ttime: 1.3896 Vtime: 0.0520
Step: 36300000  Loss: 0.055362 Regul: 0.010584 Obj: 0.065946 (0.056762)  NNZ: 16 (15)  Ttime: 1.3917 Vtime: 0.0517
Step: 36400000  Loss: 0.063961 Regul: 0.017337 Obj: 0.081298 (0.056762)  NNZ: 26 (15)  Ttime: 1.3923 Vtime: 0.0509
Step: 36500000  Loss: 0.056769 Regul: 0.009691 Obj: 0.066460 (0.056762)  NNZ: 17 (15)  Ttime: 1.3890 Vtime: 0.0511
Step: 36600000  Loss: 0.052922 Regul: 0.013666 Obj: 0.066588 (0.056762)  NNZ: 23 (15)  Ttime: 1.3901 Vtime: 0.0513
Step: 36700000  Loss: 0.054163 Regul: 0.011375 Obj: 0.065538 (0.056762)  NNZ: 17 (15)  Ttime: 1.3900 Vtime: 0.0516
Step: 36800000  Loss: 0.066137 Regul: 0.018270 Obj: 0.084407 (0.056762)  NNZ: 24 (15)  Ttime: 1.3906 Vtime: 0.0512
Step: 36900000  Loss: 0.061247 Regul: 0.018928 Obj: 0.080174 (0.056762)  NNZ: 26 (15)  Ttime: 1.3901 Vtime: 0.0507
Step: 37000000  Loss: 0.059727 Regul: 0.015272 Obj: 0.074998 (0.056762)  NNZ: 26 (15)  Ttime: 1.3897 Vtime: 0.0508
Step: 37100000  Loss: 0.060748 Regul: 0.017589 Obj: 0.078337 (0.056762)  NNZ: 25 (15)  Ttime: 1.3919 Vtime: 0.0509
Step: 37200000  Loss: 0.065584 Regul: 0.015647 Obj: 0.081232 (0.056762)  NNZ: 22 (15)  Ttime: 1.3907 Vtime: 0.0518
Step: 37300000  Loss: 0.058163 Regul: 0.016752 Obj: 0.074916 (0.056762)  NNZ: 23 (15)  Ttime: 1.3898 Vtime: 0.0515
Step: 37400000  Loss: 0.056011 Regul: 0.010693 Obj: 0.066704 (0.056762)  NNZ: 15 (15)  Ttime: 1.3893 Vtime: 0.0519
Step: 37500000  Loss: 0.051903 Regul: 0.009350 Obj: 0.061253 (0.056762)  NNZ: 18 (15)  Ttime: 1.3927 Vtime: 0.0520
Step: 37600000  Loss: 0.056948 Regul: 0.013202 Obj: 0.070149 (0.056762)  NNZ: 18 (15)  Ttime: 1.3888 Vtime: 0.0523
Step: 37700000  Loss: 0.057859 Regul: 0.016630 Obj: 0.074489 (0.056762)  NNZ: 23 (15)  Ttime: 1.3893 Vtime: 0.0514
Step: 37800000  Loss: 0.069219 Regul: 0.017314 Obj: 0.086533 (0.056762)  NNZ: 25 (15)  Ttime: 1.3899 Vtime: 0.0513
Step: 37900000  Loss: 0.089969 Regul: 0.009924 Obj: 0.099893 (0.056762)  NNZ: 16 (15)  Ttime: 1.3908 Vtime: 0.0519
Step: 38000000  Loss: 0.063222 Regul: 0.017267 Obj: 0.080488 (0.056762)  NNZ: 20 (15)  Ttime: 1.3906 Vtime: 0.0513
Step: 38100000  Loss: 0.052204 Regul: 0.011053 Obj: 0.063257 (0.056762)  NNZ: 19 (15)  Ttime: 1.3882 Vtime: 0.0513
Step: 38200000  Loss: 0.052290 Regul: 0.012106 Obj: 0.064396 (0.056762)  NNZ: 19 (15)  Ttime: 1.3892 Vtime: 0.0511
Step: 38300000  Loss: 0.057568 Regul: 0.014725 Obj: 0.072294 (0.056762)  NNZ: 25 (15)  Ttime: 1.3902 Vtime: 0.0521
Step: 38400000  Loss: 0.072369 Regul: 0.018788 Obj: 0.091157 (0.056762)  NNZ: 26 (15)  Ttime: 1.3928 Vtime: 0.0517
Step: 38500000  Loss: 0.061908 Regul: 0.011974 Obj: 0.073882 (0.056762)  NNZ: 25 (15)  Ttime: 1.3912 Vtime: 0.0510
Step: 38600000  Loss: 0.053108 Regul: 0.010859 Obj: 0.063967 (0.056762)  NNZ: 18 (15)  Ttime: 1.3920 Vtime: 0.0509
Step: 38700000  Loss: 0.058592 Regul: 0.016590 Obj: 0.075182 (0.056762)  NNZ: 22 (15)  Ttime: 1.3894 Vtime: 0.0518
Step: 38800000  Loss: 0.057827 Regul: 0.015706 Obj: 0.073533 (0.056762)  NNZ: 27 (15)  Ttime: 1.3912 Vtime: 0.0516
Step: 38900000  Loss: 0.059303 Regul: 0.018160 Obj: 0.077463 (0.056762)  NNZ: 24 (15)  Ttime: 1.3895 Vtime: 0.0511
Step: 39000000  Loss: 0.057993 Regul: 0.013812 Obj: 0.071805 (0.056762)  NNZ: 21 (15)  Ttime: 1.3923 Vtime: 0.0516
Step: 39100000  Loss: 0.053957 Regul: 0.014271 Obj: 0.068228 (0.056762)  NNZ: 20 (15)  Ttime: 1.3893 Vtime: 0.0509
Step: 39200000  Loss: 0.054989 Regul: 0.015776 Obj: 0.070765 (0.056762)  NNZ: 22 (15)  Ttime: 1.3895 Vtime: 0.0515
Step: 39300000  Loss: 0.055580 Regul: 0.012595 Obj: 0.068175 (0.056762)  NNZ: 16 (15)  Ttime: 1.3917 Vtime: 0.0527
Step: 39400000  Loss: 0.057344 Regul: 0.016298 Obj: 0.073643 (0.056762)  NNZ: 24 (15)  Ttime: 1.3898 Vtime: 0.0516
Step: 39500000  Loss: 0.066663 Regul: 0.019821 Obj: 0.086484 (0.056762)  NNZ: 32 (15)  Ttime: 1.3883 Vtime: 0.0509
Step: 39600000  Loss: 0.050325 Regul: 0.012142 Obj: 0.062467 (0.056762)  NNZ: 20 (15)  Ttime: 1.3882 Vtime: 0.0523
Step: 39700000  Loss: 0.059013 Regul: 0.019641 Obj: 0.078654 (0.056762)  NNZ: 27 (15)  Ttime: 1.3911 Vtime: 0.0514
Step: 39800000  Loss: 0.058604 Regul: 0.015586 Obj: 0.074190 (0.056762)  NNZ: 26 (15)  Ttime: 1.3886 Vtime: 0.0521
Step: 39900000  Loss: 0.057779 Regul: 0.018098 Obj: 0.075877 (0.056762)  NNZ: 33 (15)  Ttime: 1.3878 Vtime: 0.0518
Step: 40000000  Loss: 0.065229 Regul: 0.018076 Obj: 0.083306 (0.056762)  NNZ: 25 (15)  Ttime: 1.3899 Vtime: 0.0523
Step: 40100000  Loss: 0.057880 Regul: 0.013894 Obj: 0.071774 (0.056762)  NNZ: 21 (15)  Ttime: 1.3924 Vtime: 0.0519
Step: 40200000  Loss: 0.054436 Regul: 0.014182 Obj: 0.068618 (0.056762)  NNZ: 23 (15)  Ttime: 1.3914 Vtime: 0.0518
Step: 40300000  Loss: 0.053524 Regul: 0.013214 Obj: 0.066738 (0.056762)  NNZ: 20 (15)  Ttime: 1.3881 Vtime: 0.0509
Step: 40400000  Loss: 0.053037 Regul: 0.015606 Obj: 0.068644 (0.056762)  NNZ: 29 (15)  Ttime: 1.3871 Vtime: 0.0509
Step: 40500000  Loss: 0.051198 Regul: 0.009908 Obj: 0.061106 (0.056762)  NNZ: 16 (15)  Ttime: 1.3912 Vtime: 0.0520
Step: 40600000  Loss: 0.055885 Regul: 0.014169 Obj: 0.070053 (0.056762)  NNZ: 19 (15)  Ttime: 1.3911 Vtime: 0.0512
Step: 40700000  Loss: 0.068052 Regul: 0.012826 Obj: 0.080877 (0.056762)  NNZ: 15 (15)  Ttime: 1.3914 Vtime: 0.0515
Step: 40800000  Loss: 0.062307 Regul: 0.021456 Obj: 0.083764 (0.056762)  NNZ: 31 (15)  Ttime: 1.3889 Vtime: 0.0517
Step: 40900000  Loss: 0.058466 Regul: 0.015715 Obj: 0.074181 (0.056762)  NNZ: 23 (15)  Ttime: 1.3928 Vtime: 0.0516
Step: 41000000  Loss: 0.058857 Regul: 0.015612 Obj: 0.074469 (0.056762)  NNZ: 30 (15)  Ttime: 1.3920 Vtime: 0.0521
Step: 41100000  Loss: 0.059866 Regul: 0.014119 Obj: 0.073985 (0.056762)  NNZ: 28 (15)  Ttime: 1.3910 Vtime: 0.0517
Step: 41200000  Loss: 0.058102 Regul: 0.016291 Obj: 0.074393 (0.056762)  NNZ: 24 (15)  Ttime: 1.3913 Vtime: 0.0515
Step: 41300000  Loss: 0.054614 Regul: 0.014725 Obj: 0.069339 (0.056762)  NNZ: 22 (15)  Ttime: 1.3924 Vtime: 0.0511
Step: 41400000  Loss: 0.076784 Regul: 0.017437 Obj: 0.094221 (0.056762)  NNZ: 25 (15)  Ttime: 1.3880 Vtime: 0.0515
Step: 41500000  Loss: 0.056804 Regul: 0.015332 Obj: 0.072137 (0.056762)  NNZ: 23 (15)  Ttime: 1.3903 Vtime: 0.0515
Step: 41600000  Loss: 0.053440 Regul: 0.016010 Obj: 0.069450 (0.056762)  NNZ: 23 (15)  Ttime: 1.3907 Vtime: 0.0512
Step: 41700000  Loss: 0.058236 Regul: 0.017940 Obj: 0.076176 (0.056762)  NNZ: 24 (15)  Ttime: 1.3879 Vtime: 0.0516
Step: 41800000  Loss: 0.064655 Regul: 0.015173 Obj: 0.079828 (0.056762)  NNZ: 29 (15)  Ttime: 1.3908 Vtime: 0.0517
Step: 41900000  Loss: 0.063149 Regul: 0.013300 Obj: 0.076449 (0.056762)  NNZ: 19 (15)  Ttime: 1.3912 Vtime: 0.0512
Step: 42000000  Loss: 0.060414 Regul: 0.015727 Obj: 0.076141 (0.056762)  NNZ: 21 (15)  Ttime: 1.3905 Vtime: 0.0508
Step: 42100000  Loss: 0.052811 Regul: 0.011332 Obj: 0.064143 (0.056762)  NNZ: 17 (15)  Ttime: 1.3888 Vtime: 0.0514
Step: 42200000  Loss: 0.054650 Regul: 0.011646 Obj: 0.066295 (0.056762)  NNZ: 16 (15)  Ttime: 1.3893 Vtime: 0.0512
Step: 42300000  Loss: 0.051572 Regul: 0.010932 Obj: 0.062505 (0.056762)  NNZ: 15 (15)  Ttime: 1.3920 Vtime: 0.0520
Step: 42400000  Loss: 0.060105 Regul: 0.015353 Obj: 0.075458 (0.056762)  NNZ: 20 (15)  Ttime: 1.3917 Vtime: 0.0513
Step: 42500000  Loss: 0.054298 Regul: 0.015808 Obj: 0.070106 (0.056762)  NNZ: 21 (15)  Ttime: 1.3883 Vtime: 0.0518
Step: 42600000  Loss: 0.052826 Regul: 0.013666 Obj: 0.066492 (0.056762)  NNZ: 20 (15)  Ttime: 1.3894 Vtime: 0.0510
Step: 42700000  Loss: 0.058955 Regul: 0.012154 Obj: 0.071109 (0.056762)  NNZ: 17 (15)  Ttime: 1.3905 Vtime: 0.0508
Step: 42800000  Loss: 0.054144 Regul: 0.014848 Obj: 0.068992 (0.056762)  NNZ: 21 (15)  Ttime: 1.3912 Vtime: 0.0516
Step: 42900000  Loss: 0.054202 Regul: 0.014366 Obj: 0.068568 (0.056762)  NNZ: 17 (15)  Ttime: 1.3918 Vtime: 0.0518
Step: 43000000  Loss: 0.062100 Regul: 0.018217 Obj: 0.080317 (0.056762)  NNZ: 23 (15)  Ttime: 1.3914 Vtime: 0.0511
Step: 43100000  Loss: 0.067500 Regul: 0.014298 Obj: 0.081798 (0.056762)  NNZ: 20 (15)  Ttime: 1.3880 Vtime: 0.0518
Step: 43200000  Loss: 0.062061 Regul: 0.020487 Obj: 0.082548 (0.056762)  NNZ: 24 (15)  Ttime: 1.3913 Vtime: 0.0510
Step: 43300000  Loss: 0.052519 Regul: 0.012584 Obj: 0.065102 (0.056762)  NNZ: 18 (15)  Ttime: 1.3888 Vtime: 0.0506
Step: 43400000  Loss: 0.054598 Regul: 0.011285 Obj: 0.065883 (0.056762)  NNZ: 20 (15)  Ttime: 1.3893 Vtime: 0.0514
Step: 43500000  Loss: 0.059111 Regul: 0.015760 Obj: 0.074870 (0.056762)  NNZ: 26 (15)  Ttime: 1.3902 Vtime: 0.0519
Step: 43600000  Loss: 0.059516 Regul: 0.016891 Obj: 0.076407 (0.056762)  NNZ: 25 (15)  Ttime: 1.3891 Vtime: 0.0517
Step: 43700000  Loss: 0.060366 Regul: 0.017849 Obj: 0.078216 (0.056762)  NNZ: 25 (15)  Ttime: 1.3869 Vtime: 0.0515
Step: 43800000  Loss: 0.057027 Regul: 0.013198 Obj: 0.070226 (0.056762)  NNZ: 21 (15)  Ttime: 1.3913 Vtime: 0.0521
Step: 43900000  Loss: 0.059978 Regul: 0.016438 Obj: 0.076416 (0.056762)  NNZ: 24 (15)  Ttime: 1.3901 Vtime: 0.0517
Step: 44000000  Loss: 0.054846 Regul: 0.015045 Obj: 0.069890 (0.056762)  NNZ: 20 (15)  Ttime: 1.3895 Vtime: 0.0516
Step: 44100000  Loss: 0.058801 Regul: 0.012910 Obj: 0.071711 (0.056762)  NNZ: 19 (15)  Ttime: 1.3904 Vtime: 0.0519
Step: 44200000  Loss: 0.055454 Regul: 0.015779 Obj: 0.071233 (0.056762)  NNZ: 22 (15)  Ttime: 1.3889 Vtime: 0.0512
Step: 44300000  Loss: 0.077841 Regul: 0.015885 Obj: 0.093726 (0.056762)  NNZ: 25 (15)  Ttime: 1.3900 Vtime: 0.0519
Step: 44400000  Loss: 0.060090 Regul: 0.015987 Obj: 0.076077 (0.056762)  NNZ: 19 (15)  Ttime: 1.3890 Vtime: 0.0512
Step: 44500000  Loss: 0.055525 Regul: 0.015825 Obj: 0.071350 (0.056762)  NNZ: 23 (15)  Ttime: 1.3902 Vtime: 0.0515
Step: 44600000  Loss: 0.060881 Regul: 0.017676 Obj: 0.078557 (0.056762)  NNZ: 26 (15)  Ttime: 1.3915 Vtime: 0.0518
Step: 44700000  Loss: 0.063895 Regul: 0.013989 Obj: 0.077884 (0.056762)  NNZ: 23 (15)  Ttime: 1.3900 Vtime: 0.0508
Step: 44800000  Loss: 0.054491 Regul: 0.014043 Obj: 0.068534 (0.056762)  NNZ: 26 (15)  Ttime: 1.3884 Vtime: 0.0525
Step: 44900000  Loss: 0.063843 Regul: 0.025053 Obj: 0.088897 (0.056762)  NNZ: 32 (15)  Ttime: 1.3880 Vtime: 0.0508
Step: 45000000  Loss: 0.049079 Regul: 0.008728 Obj: 0.057806 (0.056762)  NNZ: 17 (15)  Ttime: 1.3885 Vtime: 0.0515
Step: 45100000  Loss: 0.056608 Regul: 0.014459 Obj: 0.071067 (0.056762)  NNZ: 22 (15)  Ttime: 1.3908 Vtime: 0.0521
Step: 45200000  Loss: 0.051819 Regul: 0.008444 Obj: 0.060263 (0.056762)  NNZ: 14 (15)  Ttime: 1.3918 Vtime: 0.0514
Step: 45300000  Loss: 0.052535 Regul: 0.011900 Obj: 0.064435 (0.056762)  NNZ: 18 (15)  Ttime: 1.3891 Vtime: 0.0520
Step: 45400000  Loss: 0.063921 Regul: 0.016933 Obj: 0.080854 (0.056762)  NNZ: 22 (15)  Ttime: 1.3899 Vtime: 0.0519
Step: 45500000  Loss: 0.068952 Regul: 0.014280 Obj: 0.083232 (0.056762)  NNZ: 24 (15)  Ttime: 1.3897 Vtime: 0.0519
Step: 45600000  Loss: 0.057020 Regul: 0.014237 Obj: 0.071257 (0.056762)  NNZ: 21 (15)  Ttime: 1.3891 Vtime: 0.0516
Step: 45700000  Loss: 0.051629 Regul: 0.013965 Obj: 0.065594 (0.056762)  NNZ: 23 (15)  Ttime: 1.3884 Vtime: 0.0516
Step: 45800000  Loss: 0.058104 Regul: 0.017734 Obj: 0.075837 (0.056762)  NNZ: 23 (15)  Ttime: 1.3875 Vtime: 0.0512
Step: 45900000  Loss: 0.055378 Regul: 0.012192 Obj: 0.067570 (0.056762)  NNZ: 24 (15)  Ttime: 1.3897 Vtime: 0.0520
Step: 46000000  Loss: 0.056368 Regul: 0.015970 Obj: 0.072337 (0.056762)  NNZ: 25 (15)  Ttime: 1.3881 Vtime: 0.0518
Step: 46100000  Loss: 0.059541 Regul: 0.019138 Obj: 0.078679 (0.056762)  NNZ: 24 (15)  Ttime: 1.3900 Vtime: 0.0514
Step: 46200000  Loss: 0.059732 Regul: 0.017088 Obj: 0.076821 (0.056762)  NNZ: 22 (15)  Ttime: 1.3918 Vtime: 0.0513
Step: 46300000  Loss: 0.061328 Regul: 0.015123 Obj: 0.076450 (0.056762)  NNZ: 25 (15)  Ttime: 1.3905 Vtime: 0.0516
Step: 46400000  Loss: 0.059640 Regul: 0.012937 Obj: 0.072577 (0.056762)  NNZ: 20 (15)  Ttime: 1.3902 Vtime: 0.0516
Step: 46500000  Loss: 0.055991 Regul: 0.017832 Obj: 0.073822 (0.056762)  NNZ: 29 (15)  Ttime: 1.3915 Vtime: 0.0515
Step: 46600000  Loss: 0.074494 Regul: 0.017477 Obj: 0.091970 (0.056762)  NNZ: 26 (15)  Ttime: 1.3902 Vtime: 0.0519
Step: 46700000  Loss: 0.054033 Regul: 0.013136 Obj: 0.067169 (0.056762)  NNZ: 21 (15)  Ttime: 1.3881 Vtime: 0.0514
Step: 46800000  Loss: 0.065553 Regul: 0.014727 Obj: 0.080280 (0.056762)  NNZ: 22 (15)  Ttime: 1.3881 Vtime: 0.0517
Step: 46900000  Loss: 0.055828 Regul: 0.016785 Obj: 0.072613 (0.056762)  NNZ: 26 (15)  Ttime: 1.3915 Vtime: 0.0509
Step: 47000000  Loss: 0.059666 Regul: 0.014844 Obj: 0.074510 (0.056762)  NNZ: 22 (15)  Ttime: 1.3894 Vtime: 0.0512
Step: 47100000  Loss: 0.055503 Regul: 0.014482 Obj: 0.069984 (0.056762)  NNZ: 25 (15)  Ttime: 1.3905 Vtime: 0.0517
Step: 47200000  Loss: 0.053604 Regul: 0.011715 Obj: 0.065319 (0.056762)  NNZ: 25 (15)  Ttime: 1.3904 Vtime: 0.0512
Step: 47300000  Loss: 0.060839 Regul: 0.020358 Obj: 0.081197 (0.056762)  NNZ: 27 (15)  Ttime: 1.3910 Vtime: 0.0511
Step: 47400000  Loss: 0.057221 Regul: 0.016809 Obj: 0.074030 (0.056762)  NNZ: 24 (15)  Ttime: 1.3890 Vtime: 0.0510
Step: 47500000  Loss: 0.059853 Regul: 0.018842 Obj: 0.078694 (0.056762)  NNZ: 33 (15)  Ttime: 1.3890 Vtime: 0.0512
Step: 47600000  Loss: 0.060274 Regul: 0.014583 Obj: 0.074857 (0.056762)  NNZ: 20 (15)  Ttime: 1.3907 Vtime: 0.0517
Step: 47700000  Loss: 0.052476 Regul: 0.011364 Obj: 0.063839 (0.056762)  NNZ: 18 (15)  Ttime: 1.3891 Vtime: 0.0514
Step: 47800000  Loss: 0.050383 Regul: 0.011711 Obj: 0.062095 (0.056762)  NNZ: 20 (15)  Ttime: 1.3892 Vtime: 0.0515
Step: 47900000  Loss: 0.064945 Regul: 0.016432 Obj: 0.081377 (0.056762)  NNZ: 21 (15)  Ttime: 1.3898 Vtime: 0.0515
Step: 48000000  Loss: 0.063864 Regul: 0.018931 Obj: 0.082796 (0.056762)  NNZ: 22 (15)  Ttime: 1.3895 Vtime: 0.0508
Step: 48100000  Loss: 0.065595 Regul: 0.014454 Obj: 0.080050 (0.056762)  NNZ: 27 (15)  Ttime: 1.3914 Vtime: 0.0508
Step: 48200000  Loss: 0.051050 Regul: 0.011349 Obj: 0.062399 (0.056762)  NNZ: 24 (15)  Ttime: 1.3897 Vtime: 0.0515
Step: 48300000  Loss: 0.059510 Regul: 0.015802 Obj: 0.075312 (0.056762)  NNZ: 23 (15)  Ttime: 1.3904 Vtime: 0.0514
Step: 48400000  Loss: 0.057370 Regul: 0.012056 Obj: 0.069426 (0.056762)  NNZ: 20 (15)  Ttime: 1.3902 Vtime: 0.0514
Step: 48500000  Loss: 0.061940 Regul: 0.017573 Obj: 0.079513 (0.056762)  NNZ: 24 (15)  Ttime: 1.3891 Vtime: 0.0516
Step: 48600000  Loss: 0.061334 Regul: 0.016188 Obj: 0.077522 (0.056762)  NNZ: 22 (15)  Ttime: 1.3887 Vtime: 0.0509
Step: 48700000  Loss: 0.061020 Regul: 0.013674 Obj: 0.074694 (0.056762)  NNZ: 18 (15)  Ttime: 1.3891 Vtime: 0.0522
Step: 48800000  Loss: 0.054495 Regul: 0.014846 Obj: 0.069341 (0.056762)  NNZ: 26 (15)  Ttime: 1.3889 Vtime: 0.0515
Step: 48900000  Loss: 0.053110 Regul: 0.012226 Obj: 0.065336 (0.056762)  NNZ: 22 (15)  Ttime: 1.3943 Vtime: 0.0511
Step: 49000000  Loss: 0.060091 Regul: 0.015701 Obj: 0.075793 (0.056762)  NNZ: 30 (15)  Ttime: 1.3940 Vtime: 0.0512
Step: 49100000  Loss: 0.052800 Regul: 0.015049 Obj: 0.067849 (0.056762)  NNZ: 22 (15)  Ttime: 1.3891 Vtime: 0.0507
Step: 49200000  Loss: 0.060803 Regul: 0.018019 Obj: 0.078823 (0.056762)  NNZ: 26 (15)  Ttime: 1.3905 Vtime: 0.0511
Step: 49300000  Loss: 0.059090 Regul: 0.014753 Obj: 0.073843 (0.056762)  NNZ: 22 (15)  Ttime: 1.3904 Vtime: 0.0511
Step: 49400000  Loss: 0.068784 Regul: 0.018605 Obj: 0.087389 (0.056762)  NNZ: 30 (15)  Ttime: 1.3892 Vtime: 0.0517
Step: 49500000  Loss: 0.070465 Regul: 0.014683 Obj: 0.085149 (0.056762)  NNZ: 19 (15)  Ttime: 1.3894 Vtime: 0.0507
Step: 49600000  Loss: 0.056458 Regul: 0.013271 Obj: 0.069729 (0.056762)  NNZ: 21 (15)  Ttime: 1.3907 Vtime: 0.0515
Step: 49700000  Loss: 0.059227 Regul: 0.016377 Obj: 0.075604 (0.056762)  NNZ: 23 (15)  Ttime: 1.3970 Vtime: 0.0510
Step: 49800000  Loss: 0.057404 Regul: 0.016472 Obj: 0.073876 (0.056762)  NNZ: 26 (15)  Ttime: 1.3906 Vtime: 0.0514
Step: 49900000  Loss: 0.059425 Regul: 0.020110 Obj: 0.079535 (0.056762)  NNZ: 31 (15)  Ttime: 1.3968 Vtime: 0.0515
Step: 50000000  Loss: 0.057051 Regul: 0.014711 Obj: 0.071762 (0.056762)  NNZ: 23 (15)  Ttime: 1.3907 Vtime: 0.0516
