mu: 0.01 gamma: 0.2 nIters: 50000000
Load PRParams.
Load RingParams.
Load Labels: 500000
Load Distances: 500000 x 5120
0...10...20...30...40...50...60...70...80...90...100 - done.
Positive samples #250000
Negative samples #250000
Positive train #200000
Negative train #200000
Positive valid #50000
Negative valid #50000

Found GPU: GeForce GTX 970
Compute Capability: 5.2

Best: 100000  Loss: 0.287080 Regul: 0.019879 Obj: 0.306959 (0.306959)  NNZ: 18 (18)  Ttime: 1.3869 Vtime: 0.2071
Stat: nPR #116 (#144) Dim/MaxDim [928/640] AUC: 0.954594 FPR95: 35.70
Best: 200000  Loss: 0.112915 Regul: 0.025708 Obj: 0.138623 (0.138623)  NNZ: 24 (24)  Ttime: 1.3849 Vtime: 0.0517
Stat: nPR #156 (#192) Dim/MaxDim [1248/640] AUC: 0.978753 FPR95: 11.74
Best: 300000  Loss: 0.111783 Regul: 0.025498 Obj: 0.137281 (0.137281)  NNZ: 26 (26)  Ttime: 1.3887 Vtime: 0.0529
Stat: nPR #164 (#208) Dim/MaxDim [1312/640] AUC: 0.978421 FPR95: 12.39
Step: 400000  Loss: 0.292227 Regul: 0.022354 Obj: 0.314581 (0.137281)  NNZ: 26 (26)  Ttime: 1.3836 Vtime: 0.0509
Best: 500000  Loss: 0.068827 Regul: 0.012254 Obj: 0.081081 (0.081081)  NNZ: 14 (14)  Ttime: 1.3856 Vtime: 0.0516
Stat: nPR #104 (#112) Dim/MaxDim [832/640] AUC: 0.979236 FPR95: 11.20
Step: 600000  Loss: 0.088962 Regul: 0.011288 Obj: 0.100250 (0.081081)  NNZ: 16 (14)  Ttime: 1.3871 Vtime: 0.0516
Step: 700000  Loss: 0.081496 Regul: 0.011350 Obj: 0.092846 (0.081081)  NNZ: 18 (14)  Ttime: 1.3805 Vtime: 0.0514
Best: 800000  Loss: 0.064138 Regul: 0.012819 Obj: 0.076956 (0.076956)  NNZ: 20 (20)  Ttime: 1.3877 Vtime: 0.0510
Stat: nPR #136 (#160) Dim/MaxDim [1088/640] AUC: 0.980526 FPR95: 9.77
Step: 900000  Loss: 0.095110 Regul: 0.003869 Obj: 0.098980 (0.076956)  NNZ: 8 (20)  Ttime: 1.3868 Vtime: 0.0517
Best: 1000000  Loss: 0.064789 Regul: 0.007960 Obj: 0.072750 (0.072750)  NNZ: 16 (16)  Ttime: 1.3821 Vtime: 0.0509
Stat: nPR #96 (#128) Dim/MaxDim [768/640] AUC: 0.976935 FPR95: 12.97
Best: 1100000  Loss: 0.059506 Regul: 0.008383 Obj: 0.067889 (0.067889)  NNZ: 14 (14)  Ttime: 1.3883 Vtime: 0.0511
Stat: nPR #88 (#112) Dim/MaxDim [704/640] AUC: 0.979048 FPR95: 11.02
Step: 1200000  Loss: 0.064630 Regul: 0.007887 Obj: 0.072517 (0.067889)  NNZ: 16 (14)  Ttime: 1.3860 Vtime: 0.0513
Step: 1300000  Loss: 0.076612 Regul: 0.017266 Obj: 0.093877 (0.067889)  NNZ: 26 (14)  Ttime: 1.3848 Vtime: 0.0520
Step: 1400000  Loss: 0.073903 Regul: 0.014093 Obj: 0.087995 (0.067889)  NNZ: 18 (14)  Ttime: 1.3832 Vtime: 0.0507
Step: 1500000  Loss: 0.075128 Regul: 0.009749 Obj: 0.084877 (0.067889)  NNZ: 19 (14)  Ttime: 1.3831 Vtime: 0.0514
Step: 1600000  Loss: 0.065456 Regul: 0.008150 Obj: 0.073606 (0.067889)  NNZ: 13 (14)  Ttime: 1.3892 Vtime: 0.0509
Step: 1700000  Loss: 0.067933 Regul: 0.014839 Obj: 0.082772 (0.067889)  NNZ: 29 (14)  Ttime: 1.3912 Vtime: 0.0510
Step: 1800000  Loss: 0.067042 Regul: 0.011767 Obj: 0.078809 (0.067889)  NNZ: 19 (14)  Ttime: 1.3885 Vtime: 0.0512
Best: 1900000  Loss: 0.054092 Regul: 0.008821 Obj: 0.062913 (0.062913)  NNZ: 21 (21)  Ttime: 1.3907 Vtime: 0.0512
Stat: nPR #128 (#168) Dim/MaxDim [1024/640] AUC: 0.980265 FPR95: 10.30
Step: 2000000  Loss: 0.054427 Regul: 0.008684 Obj: 0.063110 (0.062913)  NNZ: 18 (21)  Ttime: 1.3885 Vtime: 0.0513
Step: 2100000  Loss: 0.066664 Regul: 0.013722 Obj: 0.080386 (0.062913)  NNZ: 22 (21)  Ttime: 1.3960 Vtime: 0.0515
Step: 2200000  Loss: 0.059880 Regul: 0.009680 Obj: 0.069560 (0.062913)  NNZ: 22 (21)  Ttime: 1.3882 Vtime: 0.0518
Step: 2300000  Loss: 0.061520 Regul: 0.009442 Obj: 0.070962 (0.062913)  NNZ: 17 (21)  Ttime: 1.3884 Vtime: 0.0512
Step: 2400000  Loss: 0.087745 Regul: 0.012374 Obj: 0.100120 (0.062913)  NNZ: 24 (21)  Ttime: 1.3910 Vtime: 0.0510
Best: 2500000  Loss: 0.053675 Regul: 0.008162 Obj: 0.061837 (0.061837)  NNZ: 16 (16)  Ttime: 1.4008 Vtime: 0.0510
Stat: nPR #112 (#128) Dim/MaxDim [896/640] AUC: 0.980128 FPR95: 10.46
Step: 2600000  Loss: 0.066792 Regul: 0.010252 Obj: 0.077044 (0.061837)  NNZ: 19 (16)  Ttime: 1.3869 Vtime: 0.0519
Step: 2700000  Loss: 0.054862 Regul: 0.008378 Obj: 0.063240 (0.061837)  NNZ: 18 (16)  Ttime: 1.3869 Vtime: 0.0510
Step: 2800000  Loss: 0.065825 Regul: 0.007370 Obj: 0.073195 (0.061837)  NNZ: 14 (16)  Ttime: 1.3909 Vtime: 0.0512
Step: 2900000  Loss: 0.086358 Regul: 0.008299 Obj: 0.094657 (0.061837)  NNZ: 22 (16)  Ttime: 1.3915 Vtime: 0.0510
Step: 3000000  Loss: 0.064105 Regul: 0.012322 Obj: 0.076427 (0.061837)  NNZ: 24 (16)  Ttime: 1.3914 Vtime: 0.0515
Step: 3100000  Loss: 0.061098 Regul: 0.010559 Obj: 0.071657 (0.061837)  NNZ: 21 (16)  Ttime: 1.3915 Vtime: 0.0512
Step: 3200000  Loss: 0.063216 Regul: 0.006648 Obj: 0.069864 (0.061837)  NNZ: 13 (16)  Ttime: 1.3898 Vtime: 0.0524
Step: 3300000  Loss: 0.103457 Regul: 0.006159 Obj: 0.109616 (0.061837)  NNZ: 15 (16)  Ttime: 1.3906 Vtime: 0.0514
Step: 3400000  Loss: 0.067353 Regul: 0.008876 Obj: 0.076229 (0.061837)  NNZ: 17 (16)  Ttime: 1.3904 Vtime: 0.0515
Best: 3500000  Loss: 0.052439 Regul: 0.008108 Obj: 0.060547 (0.060547)  NNZ: 17 (17)  Ttime: 1.3896 Vtime: 0.0520
Stat: nPR #112 (#136) Dim/MaxDim [896/640] AUC: 0.980662 FPR95: 9.66
Step: 3600000  Loss: 0.053317 Regul: 0.007945 Obj: 0.061262 (0.060547)  NNZ: 16 (17)  Ttime: 1.3913 Vtime: 0.0509
Step: 3700000  Loss: 0.062871 Regul: 0.011885 Obj: 0.074756 (0.060547)  NNZ: 19 (17)  Ttime: 1.3880 Vtime: 0.0519
Step: 3800000  Loss: 0.065708 Regul: 0.012524 Obj: 0.078232 (0.060547)  NNZ: 29 (17)  Ttime: 1.3883 Vtime: 0.0511
Step: 3900000  Loss: 0.056264 Regul: 0.008585 Obj: 0.064849 (0.060547)  NNZ: 20 (17)  Ttime: 1.3909 Vtime: 0.0514
Step: 4000000  Loss: 0.061350 Regul: 0.007290 Obj: 0.068640 (0.060547)  NNZ: 18 (17)  Ttime: 1.3919 Vtime: 0.0515
Step: 4100000  Loss: 0.057745 Regul: 0.006128 Obj: 0.063873 (0.060547)  NNZ: 14 (17)  Ttime: 1.3897 Vtime: 0.0513
Step: 4200000  Loss: 0.079410 Regul: 0.005285 Obj: 0.084696 (0.060547)  NNZ: 21 (17)  Ttime: 1.3880 Vtime: 0.0515
Step: 4300000  Loss: 0.069303 Regul: 0.011027 Obj: 0.080331 (0.060547)  NNZ: 26 (17)  Ttime: 1.3916 Vtime: 0.0512
Step: 4400000  Loss: 0.072056 Regul: 0.008811 Obj: 0.080867 (0.060547)  NNZ: 17 (17)  Ttime: 1.3901 Vtime: 0.0517
Step: 4500000  Loss: 0.057174 Regul: 0.010594 Obj: 0.067768 (0.060547)  NNZ: 25 (17)  Ttime: 1.3923 Vtime: 0.0513
Step: 4600000  Loss: 0.063820 Regul: 0.011920 Obj: 0.075740 (0.060547)  NNZ: 28 (17)  Ttime: 1.3904 Vtime: 0.0518
Best: 4700000  Loss: 0.052422 Regul: 0.006184 Obj: 0.058606 (0.058606)  NNZ: 17 (17)  Ttime: 1.3904 Vtime: 0.0518
Stat: nPR #112 (#136) Dim/MaxDim [896/640] AUC: 0.979873 FPR95: 10.78
Step: 4800000  Loss: 0.065159 Regul: 0.009774 Obj: 0.074933 (0.058606)  NNZ: 22 (17)  Ttime: 1.3889 Vtime: 0.0521
Step: 4900000  Loss: 0.051136 Regul: 0.007941 Obj: 0.059077 (0.058606)  NNZ: 20 (17)  Ttime: 1.3869 Vtime: 0.0524
Step: 5000000  Loss: 0.055740 Regul: 0.009051 Obj: 0.064790 (0.058606)  NNZ: 20 (17)  Ttime: 1.3901 Vtime: 0.0522
Step: 5100000  Loss: 0.069986 Regul: 0.009381 Obj: 0.079367 (0.058606)  NNZ: 21 (17)  Ttime: 1.3915 Vtime: 0.0516
Step: 5200000  Loss: 0.054947 Regul: 0.004884 Obj: 0.059831 (0.058606)  NNZ: 11 (17)  Ttime: 1.3907 Vtime: 0.0506
Step: 5300000  Loss: 0.058521 Regul: 0.011310 Obj: 0.069832 (0.058606)  NNZ: 28 (17)  Ttime: 1.3996 Vtime: 0.0507
Step: 5400000  Loss: 0.057111 Regul: 0.008429 Obj: 0.065540 (0.058606)  NNZ: 15 (17)  Ttime: 1.3904 Vtime: 0.0524
Step: 5500000  Loss: 0.062909 Regul: 0.006886 Obj: 0.069796 (0.058606)  NNZ: 20 (17)  Ttime: 1.3896 Vtime: 0.0516
Step: 5600000  Loss: 0.057361 Regul: 0.010031 Obj: 0.067392 (0.058606)  NNZ: 27 (17)  Ttime: 1.3910 Vtime: 0.0525
Step: 5700000  Loss: 0.053507 Regul: 0.008989 Obj: 0.062496 (0.058606)  NNZ: 23 (17)  Ttime: 1.3899 Vtime: 0.0511
Step: 5800000  Loss: 0.051398 Regul: 0.008132 Obj: 0.059530 (0.058606)  NNZ: 21 (17)  Ttime: 1.3834 Vtime: 0.0507
Step: 5900000  Loss: 0.056118 Regul: 0.007726 Obj: 0.063843 (0.058606)  NNZ: 17 (17)  Ttime: 1.3913 Vtime: 0.0513
Step: 6000000  Loss: 0.062587 Regul: 0.010588 Obj: 0.073174 (0.058606)  NNZ: 21 (17)  Ttime: 1.3878 Vtime: 0.0515
Step: 6100000  Loss: 0.058491 Regul: 0.007226 Obj: 0.065717 (0.058606)  NNZ: 16 (17)  Ttime: 1.3859 Vtime: 0.0514
Step: 6200000  Loss: 0.055370 Regul: 0.006871 Obj: 0.062241 (0.058606)  NNZ: 18 (17)  Ttime: 1.3896 Vtime: 0.0512
Best: 6300000  Loss: 0.050863 Regul: 0.005787 Obj: 0.056650 (0.056650)  NNZ: 17 (17)  Ttime: 1.3911 Vtime: 0.0508
Stat: nPR #112 (#136) Dim/MaxDim [896/640] AUC: 0.980364 FPR95: 10.54
Step: 6400000  Loss: 0.057857 Regul: 0.006871 Obj: 0.064728 (0.056650)  NNZ: 18 (17)  Ttime: 1.3895 Vtime: 0.0522
Step: 6500000  Loss: 0.054117 Regul: 0.007764 Obj: 0.061881 (0.056650)  NNZ: 20 (17)  Ttime: 1.3872 Vtime: 0.0519
Step: 6600000  Loss: 0.051155 Regul: 0.006438 Obj: 0.057593 (0.056650)  NNZ: 17 (17)  Ttime: 1.3864 Vtime: 0.0517
Step: 6700000  Loss: 0.051004 Regul: 0.007683 Obj: 0.058687 (0.056650)  NNZ: 22 (17)  Ttime: 1.3920 Vtime: 0.0515
Step: 6800000  Loss: 0.059180 Regul: 0.009227 Obj: 0.068407 (0.056650)  NNZ: 23 (17)  Ttime: 1.3894 Vtime: 0.0517
Step: 6900000  Loss: 0.052377 Regul: 0.007675 Obj: 0.060052 (0.056650)  NNZ: 20 (17)  Ttime: 1.3883 Vtime: 0.0515
Step: 7000000  Loss: 0.070773 Regul: 0.012646 Obj: 0.083419 (0.056650)  NNZ: 28 (17)  Ttime: 1.3878 Vtime: 0.0520
Step: 7100000  Loss: 0.059819 Regul: 0.011108 Obj: 0.070926 (0.056650)  NNZ: 27 (17)  Ttime: 1.3894 Vtime: 0.0508
Step: 7200000  Loss: 0.060070 Regul: 0.008264 Obj: 0.068334 (0.056650)  NNZ: 20 (17)  Ttime: 1.3904 Vtime: 0.0515
Step: 7300000  Loss: 0.056766 Regul: 0.009950 Obj: 0.066716 (0.056650)  NNZ: 24 (17)  Ttime: 1.3900 Vtime: 0.0513
Step: 7400000  Loss: 0.070031 Regul: 0.009154 Obj: 0.079185 (0.056650)  NNZ: 23 (17)  Ttime: 1.3871 Vtime: 0.0522
Step: 7500000  Loss: 0.058524 Regul: 0.009425 Obj: 0.067949 (0.056650)  NNZ: 25 (17)  Ttime: 1.3900 Vtime: 0.0518
Step: 7600000  Loss: 0.053762 Regul: 0.008622 Obj: 0.062384 (0.056650)  NNZ: 24 (17)  Ttime: 1.3904 Vtime: 0.0515
Step: 7700000  Loss: 0.065366 Regul: 0.009973 Obj: 0.075339 (0.056650)  NNZ: 19 (17)  Ttime: 1.3908 Vtime: 0.0514
Step: 7800000  Loss: 0.053413 Regul: 0.008430 Obj: 0.061844 (0.056650)  NNZ: 17 (17)  Ttime: 1.3896 Vtime: 0.0519
Step: 7900000  Loss: 0.053727 Regul: 0.008562 Obj: 0.062289 (0.056650)  NNZ: 23 (17)  Ttime: 1.3907 Vtime: 0.0510
Step: 8000000  Loss: 0.076748 Regul: 0.011377 Obj: 0.088125 (0.056650)  NNZ: 26 (17)  Ttime: 1.3899 Vtime: 0.0520
Step: 8100000  Loss: 0.057489 Regul: 0.006376 Obj: 0.063865 (0.056650)  NNZ: 19 (17)  Ttime: 1.3896 Vtime: 0.0519
Step: 8200000  Loss: 0.071781 Regul: 0.009749 Obj: 0.081529 (0.056650)  NNZ: 20 (17)  Ttime: 1.3884 Vtime: 0.0516
Step: 8300000  Loss: 0.058895 Regul: 0.008080 Obj: 0.066975 (0.056650)  NNZ: 21 (17)  Ttime: 1.3900 Vtime: 0.0512
Step: 8400000  Loss: 0.059760 Regul: 0.008453 Obj: 0.068213 (0.056650)  NNZ: 17 (17)  Ttime: 1.3911 Vtime: 0.0509
Step: 8500000  Loss: 0.063923 Regul: 0.010252 Obj: 0.074175 (0.056650)  NNZ: 23 (17)  Ttime: 1.3883 Vtime: 0.0515
Step: 8600000  Loss: 0.052788 Regul: 0.007818 Obj: 0.060606 (0.056650)  NNZ: 18 (17)  Ttime: 1.3896 Vtime: 0.0516
Step: 8700000  Loss: 0.052881 Regul: 0.008681 Obj: 0.061562 (0.056650)  NNZ: 30 (17)  Ttime: 1.3899 Vtime: 0.0515
Step: 8800000  Loss: 0.063888 Regul: 0.004773 Obj: 0.068661 (0.056650)  NNZ: 17 (17)  Ttime: 1.3873 Vtime: 0.0513
Step: 8900000  Loss: 0.056001 Regul: 0.010972 Obj: 0.066974 (0.056650)  NNZ: 27 (17)  Ttime: 1.3919 Vtime: 0.0516
Step: 9000000  Loss: 0.058748 Regul: 0.007443 Obj: 0.066190 (0.056650)  NNZ: 18 (17)  Ttime: 1.3862 Vtime: 0.0510
Step: 9100000  Loss: 0.053509 Regul: 0.009136 Obj: 0.062645 (0.056650)  NNZ: 18 (17)  Ttime: 1.3919 Vtime: 0.0516
Step: 9200000  Loss: 0.050391 Regul: 0.007427 Obj: 0.057818 (0.056650)  NNZ: 21 (17)  Ttime: 1.3859 Vtime: 0.0514
Step: 9300000  Loss: 0.051765 Regul: 0.007176 Obj: 0.058942 (0.056650)  NNZ: 16 (17)  Ttime: 1.3895 Vtime: 0.0507
Step: 9400000  Loss: 0.059760 Regul: 0.011192 Obj: 0.070952 (0.056650)  NNZ: 29 (17)  Ttime: 1.3886 Vtime: 0.0518
Step: 9500000  Loss: 0.061117 Regul: 0.010543 Obj: 0.071660 (0.056650)  NNZ: 25 (17)  Ttime: 1.3904 Vtime: 0.0512
Step: 9600000  Loss: 0.057308 Regul: 0.009801 Obj: 0.067109 (0.056650)  NNZ: 22 (17)  Ttime: 1.3903 Vtime: 0.0520
Step: 9700000  Loss: 0.053498 Regul: 0.008289 Obj: 0.061788 (0.056650)  NNZ: 28 (17)  Ttime: 1.3872 Vtime: 0.0520
Step: 9800000  Loss: 0.075912 Regul: 0.010231 Obj: 0.086143 (0.056650)  NNZ: 27 (17)  Ttime: 1.3886 Vtime: 0.0505
Step: 9900000  Loss: 0.052682 Regul: 0.007744 Obj: 0.060426 (0.056650)  NNZ: 16 (17)  Ttime: 1.3884 Vtime: 0.0511
Step: 10000000  Loss: 0.053591 Regul: 0.006787 Obj: 0.060378 (0.056650)  NNZ: 18 (17)  Ttime: 1.3919 Vtime: 0.0520
Step: 10100000  Loss: 0.053244 Regul: 0.009135 Obj: 0.062379 (0.056650)  NNZ: 27 (17)  Ttime: 1.3899 Vtime: 0.0519
Step: 10200000  Loss: 0.050852 Regul: 0.008410 Obj: 0.059262 (0.056650)  NNZ: 22 (17)  Ttime: 1.3879 Vtime: 0.0512
Step: 10300000  Loss: 0.050737 Regul: 0.007366 Obj: 0.058103 (0.056650)  NNZ: 18 (17)  Ttime: 1.3891 Vtime: 0.0516
Step: 10400000  Loss: 0.052242 Regul: 0.008667 Obj: 0.060909 (0.056650)  NNZ: 21 (17)  Ttime: 1.3909 Vtime: 0.0512
Step: 10500000  Loss: 0.049787 Regul: 0.007334 Obj: 0.057121 (0.056650)  NNZ: 17 (17)  Ttime: 1.3912 Vtime: 0.0515
Step: 10600000  Loss: 0.059506 Regul: 0.005393 Obj: 0.064898 (0.056650)  NNZ: 13 (17)  Ttime: 1.3880 Vtime: 0.0516
Best: 10700000  Loss: 0.050350 Regul: 0.005449 Obj: 0.055799 (0.055799)  NNZ: 18 (18)  Ttime: 1.3878 Vtime: 0.0513
Stat: nPR #124 (#144) Dim/MaxDim [992/640] AUC: 0.980646 FPR95: 10.11
Step: 10800000  Loss: 0.053834 Regul: 0.008892 Obj: 0.062726 (0.055799)  NNZ: 19 (18)  Ttime: 1.3919 Vtime: 0.0517
Step: 10900000  Loss: 0.057075 Regul: 0.009476 Obj: 0.066551 (0.055799)  NNZ: 24 (18)  Ttime: 1.3908 Vtime: 0.0514
Step: 11000000  Loss: 0.053096 Regul: 0.005455 Obj: 0.058550 (0.055799)  NNZ: 20 (18)  Ttime: 1.3897 Vtime: 0.0521
Step: 11100000  Loss: 0.049832 Regul: 0.007030 Obj: 0.056862 (0.055799)  NNZ: 20 (18)  Ttime: 1.3935 Vtime: 0.0509
Step: 11200000  Loss: 0.057497 Regul: 0.006170 Obj: 0.063668 (0.055799)  NNZ: 19 (18)  Ttime: 1.3905 Vtime: 0.0514
Step: 11300000  Loss: 0.057340 Regul: 0.008136 Obj: 0.065476 (0.055799)  NNZ: 25 (18)  Ttime: 1.3996 Vtime: 0.0516
Step: 11400000  Loss: 0.061908 Regul: 0.007053 Obj: 0.068961 (0.055799)  NNZ: 25 (18)  Ttime: 1.3901 Vtime: 0.0511
Step: 11500000  Loss: 0.054022 Regul: 0.006931 Obj: 0.060953 (0.055799)  NNZ: 19 (18)  Ttime: 1.3885 Vtime: 0.0517
Step: 11600000  Loss: 0.051034 Regul: 0.008457 Obj: 0.059492 (0.055799)  NNZ: 23 (18)  Ttime: 1.3890 Vtime: 0.0507
Step: 11700000  Loss: 0.057472 Regul: 0.008285 Obj: 0.065757 (0.055799)  NNZ: 26 (18)  Ttime: 1.3910 Vtime: 0.0509
Step: 11800000  Loss: 0.054223 Regul: 0.009161 Obj: 0.063384 (0.055799)  NNZ: 25 (18)  Ttime: 1.4013 Vtime: 0.0513
Step: 11900000  Loss: 0.056060 Regul: 0.008117 Obj: 0.064176 (0.055799)  NNZ: 21 (18)  Ttime: 1.3916 Vtime: 0.0515
Step: 12000000  Loss: 0.056891 Regul: 0.009006 Obj: 0.065897 (0.055799)  NNZ: 26 (18)  Ttime: 1.3922 Vtime: 0.0512
Step: 12100000  Loss: 0.058138 Regul: 0.007558 Obj: 0.065696 (0.055799)  NNZ: 19 (18)  Ttime: 1.3904 Vtime: 0.0514
Step: 12200000  Loss: 0.054750 Regul: 0.006615 Obj: 0.061366 (0.055799)  NNZ: 22 (18)  Ttime: 1.3897 Vtime: 0.0524
Step: 12300000  Loss: 0.050979 Regul: 0.007249 Obj: 0.058228 (0.055799)  NNZ: 19 (18)  Ttime: 1.3906 Vtime: 0.0513
Step: 12400000  Loss: 0.056413 Regul: 0.005770 Obj: 0.062182 (0.055799)  NNZ: 20 (18)  Ttime: 1.3889 Vtime: 0.0507
Step: 12500000  Loss: 0.053399 Regul: 0.005083 Obj: 0.058482 (0.055799)  NNZ: 14 (18)  Ttime: 1.3901 Vtime: 0.0518
Step: 12600000  Loss: 0.060739 Regul: 0.008286 Obj: 0.069025 (0.055799)  NNZ: 25 (18)  Ttime: 1.3903 Vtime: 0.0511
Step: 12700000  Loss: 0.059121 Regul: 0.007873 Obj: 0.066994 (0.055799)  NNZ: 20 (18)  Ttime: 1.3931 Vtime: 0.0513
Step: 12800000  Loss: 0.052239 Regul: 0.007126 Obj: 0.059365 (0.055799)  NNZ: 22 (18)  Ttime: 1.3920 Vtime: 0.0510
Step: 12900000  Loss: 0.054501 Regul: 0.007644 Obj: 0.062144 (0.055799)  NNZ: 21 (18)  Ttime: 1.3875 Vtime: 0.0510
Step: 13000000  Loss: 0.053639 Regul: 0.007525 Obj: 0.061165 (0.055799)  NNZ: 21 (18)  Ttime: 1.3886 Vtime: 0.0516
Step: 13100000  Loss: 0.052271 Regul: 0.006692 Obj: 0.058963 (0.055799)  NNZ: 17 (18)  Ttime: 1.3926 Vtime: 0.0519
Step: 13200000  Loss: 0.057722 Regul: 0.009094 Obj: 0.066817 (0.055799)  NNZ: 23 (18)  Ttime: 1.3897 Vtime: 0.0513
Step: 13300000  Loss: 0.051273 Regul: 0.006766 Obj: 0.058038 (0.055799)  NNZ: 20 (18)  Ttime: 1.3917 Vtime: 0.0522
Step: 13400000  Loss: 0.053440 Regul: 0.007926 Obj: 0.061367 (0.055799)  NNZ: 25 (18)  Ttime: 1.3916 Vtime: 0.0520
Step: 13500000  Loss: 0.058107 Regul: 0.006346 Obj: 0.064453 (0.055799)  NNZ: 18 (18)  Ttime: 1.3903 Vtime: 0.0518
Step: 13600000  Loss: 0.054253 Regul: 0.007201 Obj: 0.061454 (0.055799)  NNZ: 16 (18)  Ttime: 1.3906 Vtime: 0.0513
Step: 13700000  Loss: 0.057212 Regul: 0.007795 Obj: 0.065008 (0.055799)  NNZ: 24 (18)  Ttime: 1.3897 Vtime: 0.0511
Step: 13800000  Loss: 0.050916 Regul: 0.007119 Obj: 0.058035 (0.055799)  NNZ: 23 (18)  Ttime: 1.3915 Vtime: 0.0509
Step: 13900000  Loss: 0.053059 Regul: 0.006208 Obj: 0.059267 (0.055799)  NNZ: 22 (18)  Ttime: 1.3899 Vtime: 0.0518
Step: 14000000  Loss: 0.066584 Regul: 0.005770 Obj: 0.072354 (0.055799)  NNZ: 18 (18)  Ttime: 1.3857 Vtime: 0.0515
Step: 14100000  Loss: 0.059421 Regul: 0.005576 Obj: 0.064997 (0.055799)  NNZ: 25 (18)  Ttime: 1.3909 Vtime: 0.0509
Step: 14200000  Loss: 0.060997 Regul: 0.008876 Obj: 0.069872 (0.055799)  NNZ: 25 (18)  Ttime: 1.3917 Vtime: 0.0517
Step: 14300000  Loss: 0.050923 Regul: 0.006710 Obj: 0.057632 (0.055799)  NNZ: 20 (18)  Ttime: 1.3901 Vtime: 0.0509
Step: 14400000  Loss: 0.053699 Regul: 0.007766 Obj: 0.061466 (0.055799)  NNZ: 26 (18)  Ttime: 1.3968 Vtime: 0.0518
Step: 14500000  Loss: 0.052787 Regul: 0.006638 Obj: 0.059426 (0.055799)  NNZ: 25 (18)  Ttime: 1.3888 Vtime: 0.0509
Step: 14600000  Loss: 0.059290 Regul: 0.006856 Obj: 0.066146 (0.055799)  NNZ: 21 (18)  Ttime: 1.3939 Vtime: 0.0511
Step: 14700000  Loss: 0.056592 Regul: 0.008437 Obj: 0.065029 (0.055799)  NNZ: 29 (18)  Ttime: 1.3878 Vtime: 0.0519
Step: 14800000  Loss: 0.050337 Regul: 0.006136 Obj: 0.056473 (0.055799)  NNZ: 19 (18)  Ttime: 1.3909 Vtime: 0.0516
Step: 14900000  Loss: 0.053778 Regul: 0.006844 Obj: 0.060622 (0.055799)  NNZ: 17 (18)  Ttime: 1.3900 Vtime: 0.0517
Step: 15000000  Loss: 0.079748 Regul: 0.008371 Obj: 0.088118 (0.055799)  NNZ: 26 (18)  Ttime: 1.3932 Vtime: 0.0516
Step: 15100000  Loss: 0.049586 Regul: 0.006259 Obj: 0.055845 (0.055799)  NNZ: 17 (18)  Ttime: 1.3982 Vtime: 0.0515
Step: 15200000  Loss: 0.051633 Regul: 0.005778 Obj: 0.057411 (0.055799)  NNZ: 18 (18)  Ttime: 1.3958 Vtime: 0.0516
Step: 15300000  Loss: 0.053212 Regul: 0.008464 Obj: 0.061675 (0.055799)  NNZ: 21 (18)  Ttime: 1.3896 Vtime: 0.0511
Best: 15400000  Loss: 0.048904 Regul: 0.005835 Obj: 0.054739 (0.054739)  NNZ: 21 (21)  Ttime: 1.3919 Vtime: 0.0520
Stat: nPR #136 (#168) Dim/MaxDim [1088/640] AUC: 0.981038 FPR95: 9.41
Step: 15500000  Loss: 0.065782 Regul: 0.007145 Obj: 0.072926 (0.054739)  NNZ: 26 (21)  Ttime: 1.3902 Vtime: 0.0512
Step: 15600000  Loss: 0.052797 Regul: 0.005575 Obj: 0.058372 (0.054739)  NNZ: 21 (21)  Ttime: 1.3876 Vtime: 0.0513
Step: 15700000  Loss: 0.060802 Regul: 0.008135 Obj: 0.068937 (0.054739)  NNZ: 23 (21)  Ttime: 1.3896 Vtime: 0.0512
Step: 15800000  Loss: 0.056899 Regul: 0.005872 Obj: 0.062770 (0.054739)  NNZ: 21 (21)  Ttime: 1.3901 Vtime: 0.0515
Step: 15900000  Loss: 0.053746 Regul: 0.006693 Obj: 0.060439 (0.054739)  NNZ: 22 (21)  Ttime: 1.3909 Vtime: 0.0518
Step: 16000000  Loss: 0.055632 Regul: 0.008517 Obj: 0.064149 (0.054739)  NNZ: 25 (21)  Ttime: 1.3886 Vtime: 0.0518
Step: 16100000  Loss: 0.052763 Regul: 0.005547 Obj: 0.058311 (0.054739)  NNZ: 18 (21)  Ttime: 1.3931 Vtime: 0.0512
Step: 16200000  Loss: 0.056047 Regul: 0.004888 Obj: 0.060935 (0.054739)  NNZ: 13 (21)  Ttime: 1.3902 Vtime: 0.0518
Step: 16300000  Loss: 0.050547 Regul: 0.006123 Obj: 0.056670 (0.054739)  NNZ: 16 (21)  Ttime: 1.3869 Vtime: 0.0517
Step: 16400000  Loss: 0.049658 Regul: 0.006205 Obj: 0.055863 (0.054739)  NNZ: 21 (21)  Ttime: 1.3933 Vtime: 0.0509
Step: 16500000  Loss: 0.053972 Regul: 0.008021 Obj: 0.061993 (0.054739)  NNZ: 21 (21)  Ttime: 1.3854 Vtime: 0.0517
Step: 16600000  Loss: 0.049277 Regul: 0.006948 Obj: 0.056226 (0.054739)  NNZ: 20 (21)  Ttime: 1.3875 Vtime: 0.0515
Step: 16700000  Loss: 0.058069 Regul: 0.008501 Obj: 0.066570 (0.054739)  NNZ: 28 (21)  Ttime: 1.3903 Vtime: 0.0507
Step: 16800000  Loss: 0.051688 Regul: 0.006380 Obj: 0.058068 (0.054739)  NNZ: 26 (21)  Ttime: 1.3947 Vtime: 0.0516
Step: 16900000  Loss: 0.050666 Regul: 0.007606 Obj: 0.058272 (0.054739)  NNZ: 23 (21)  Ttime: 1.3901 Vtime: 0.0524
Step: 17000000  Loss: 0.049666 Regul: 0.005689 Obj: 0.055354 (0.054739)  NNZ: 14 (21)  Ttime: 1.3908 Vtime: 0.0512
Step: 17100000  Loss: 0.051354 Regul: 0.006361 Obj: 0.057716 (0.054739)  NNZ: 19 (21)  Ttime: 1.3897 Vtime: 0.0510
Step: 17200000  Loss: 0.053952 Regul: 0.006299 Obj: 0.060251 (0.054739)  NNZ: 20 (21)  Ttime: 1.3943 Vtime: 0.0521
Step: 17300000  Loss: 0.053309 Regul: 0.007248 Obj: 0.060557 (0.054739)  NNZ: 21 (21)  Ttime: 1.3919 Vtime: 0.0514
Step: 17400000  Loss: 0.055496 Regul: 0.009306 Obj: 0.064801 (0.054739)  NNZ: 33 (21)  Ttime: 1.3881 Vtime: 0.0516
Step: 17500000  Loss: 0.054181 Regul: 0.004797 Obj: 0.058978 (0.054739)  NNZ: 19 (21)  Ttime: 1.3949 Vtime: 0.0521
Step: 17600000  Loss: 0.049126 Regul: 0.005788 Obj: 0.054914 (0.054739)  NNZ: 19 (21)  Ttime: 1.3903 Vtime: 0.0513
Step: 17700000  Loss: 0.049157 Regul: 0.007141 Obj: 0.056298 (0.054739)  NNZ: 22 (21)  Ttime: 1.3953 Vtime: 0.0517
Step: 17800000  Loss: 0.051148 Regul: 0.005774 Obj: 0.056922 (0.054739)  NNZ: 19 (21)  Ttime: 1.3943 Vtime: 0.0512
Step: 17900000  Loss: 0.064536 Regul: 0.004607 Obj: 0.069144 (0.054739)  NNZ: 16 (21)  Ttime: 1.3890 Vtime: 0.0511
Step: 18000000  Loss: 0.050986 Regul: 0.007018 Obj: 0.058004 (0.054739)  NNZ: 24 (21)  Ttime: 1.3882 Vtime: 0.0513
Step: 18100000  Loss: 0.052776 Regul: 0.005740 Obj: 0.058516 (0.054739)  NNZ: 18 (21)  Ttime: 1.3923 Vtime: 0.0512
Step: 18200000  Loss: 0.060870 Regul: 0.007338 Obj: 0.068208 (0.054739)  NNZ: 23 (21)  Ttime: 1.3926 Vtime: 0.0514
Step: 18300000  Loss: 0.057238 Regul: 0.007227 Obj: 0.064465 (0.054739)  NNZ: 23 (21)  Ttime: 1.3920 Vtime: 0.0514
Step: 18400000  Loss: 0.050527 Regul: 0.005747 Obj: 0.056274 (0.054739)  NNZ: 21 (21)  Ttime: 1.3900 Vtime: 0.0516
Step: 18500000  Loss: 0.051806 Regul: 0.005991 Obj: 0.057796 (0.054739)  NNZ: 20 (21)  Ttime: 1.3920 Vtime: 0.0515
Step: 18600000  Loss: 0.061109 Regul: 0.006523 Obj: 0.067632 (0.054739)  NNZ: 23 (21)  Ttime: 1.3963 Vtime: 0.0510
Step: 18700000  Loss: 0.050575 Regul: 0.007036 Obj: 0.057611 (0.054739)  NNZ: 25 (21)  Ttime: 1.3914 Vtime: 0.0518
Step: 18800000  Loss: 0.049619 Regul: 0.006468 Obj: 0.056087 (0.054739)  NNZ: 19 (21)  Ttime: 1.3893 Vtime: 0.0515
Step: 18900000  Loss: 0.056763 Regul: 0.006525 Obj: 0.063288 (0.054739)  NNZ: 23 (21)  Ttime: 1.3923 Vtime: 0.0515
Step: 19000000  Loss: 0.050829 Regul: 0.004506 Obj: 0.055335 (0.054739)  NNZ: 15 (21)  Ttime: 1.3898 Vtime: 0.0520
Step: 19100000  Loss: 0.049001 Regul: 0.007298 Obj: 0.056299 (0.054739)  NNZ: 23 (21)  Ttime: 1.3881 Vtime: 0.0522
Step: 19200000  Loss: 0.050204 Regul: 0.006182 Obj: 0.056386 (0.054739)  NNZ: 19 (21)  Ttime: 1.3871 Vtime: 0.0517
Step: 19300000  Loss: 0.052402 Regul: 0.006823 Obj: 0.059225 (0.054739)  NNZ: 22 (21)  Ttime: 1.3928 Vtime: 0.0520
Best: 19400000  Loss: 0.048916 Regul: 0.005396 Obj: 0.054312 (0.054312)  NNZ: 18 (18)  Ttime: 1.3931 Vtime: 0.0516
Stat: nPR #128 (#144) Dim/MaxDim [1024/640] AUC: 0.981062 FPR95: 9.43
Step: 19500000  Loss: 0.074211 Regul: 0.005369 Obj: 0.079580 (0.054312)  NNZ: 17 (18)  Ttime: 1.3926 Vtime: 0.0511
Best: 19600000  Loss: 0.047599 Regul: 0.005897 Obj: 0.053496 (0.053496)  NNZ: 21 (21)  Ttime: 1.3923 Vtime: 0.0508
Stat: nPR #148 (#168) Dim/MaxDim [1184/640] AUC: 0.981514 FPR95: 9.20
Step: 19700000  Loss: 0.056299 Regul: 0.006718 Obj: 0.063017 (0.053496)  NNZ: 21 (21)  Ttime: 1.3896 Vtime: 0.0513
Step: 19800000  Loss: 0.054694 Regul: 0.006165 Obj: 0.060858 (0.053496)  NNZ: 21 (21)  Ttime: 1.3910 Vtime: 0.0515
Step: 19900000  Loss: 0.052737 Regul: 0.005982 Obj: 0.058719 (0.053496)  NNZ: 21 (21)  Ttime: 1.3918 Vtime: 0.0522
Step: 20000000  Loss: 0.057944 Regul: 0.006471 Obj: 0.064415 (0.053496)  NNZ: 20 (21)  Ttime: 1.3911 Vtime: 0.0515
Step: 20100000  Loss: 0.051497 Regul: 0.006634 Obj: 0.058132 (0.053496)  NNZ: 18 (21)  Ttime: 1.3908 Vtime: 0.0518
Step: 20200000  Loss: 0.050984 Regul: 0.005847 Obj: 0.056831 (0.053496)  NNZ: 25 (21)  Ttime: 1.3920 Vtime: 0.0508
Step: 20300000  Loss: 0.051158 Regul: 0.005464 Obj: 0.056622 (0.053496)  NNZ: 18 (21)  Ttime: 1.3892 Vtime: 0.0514
Step: 20400000  Loss: 0.074441 Regul: 0.004247 Obj: 0.078689 (0.053496)  NNZ: 18 (21)  Ttime: 1.3896 Vtime: 0.0511
Step: 20500000  Loss: 0.052560 Regul: 0.005041 Obj: 0.057601 (0.053496)  NNZ: 18 (21)  Ttime: 1.3905 Vtime: 0.0514
Step: 20600000  Loss: 0.050963 Regul: 0.005712 Obj: 0.056675 (0.053496)  NNZ: 20 (21)  Ttime: 1.3910 Vtime: 0.0517
Step: 20700000  Loss: 0.050202 Regul: 0.006075 Obj: 0.056277 (0.053496)  NNZ: 17 (21)  Ttime: 1.3885 Vtime: 0.0515
Step: 20800000  Loss: 0.050871 Regul: 0.007422 Obj: 0.058293 (0.053496)  NNZ: 18 (21)  Ttime: 1.3903 Vtime: 0.0514
Step: 20900000  Loss: 0.050874 Regul: 0.005189 Obj: 0.056063 (0.053496)  NNZ: 24 (21)  Ttime: 1.3907 Vtime: 0.0515
Step: 21000000  Loss: 0.050619 Regul: 0.006169 Obj: 0.056788 (0.053496)  NNZ: 26 (21)  Ttime: 1.3922 Vtime: 0.0515
Best: 21100000  Loss: 0.048158 Regul: 0.005186 Obj: 0.053345 (0.053345)  NNZ: 19 (19)  Ttime: 1.3915 Vtime: 0.0511
Stat: nPR #124 (#152) Dim/MaxDim [992/640] AUC: 0.981419 FPR95: 9.29
Step: 21200000  Loss: 0.052136 Regul: 0.007812 Obj: 0.059948 (0.053345)  NNZ: 23 (19)  Ttime: 1.3892 Vtime: 0.0519
Step: 21300000  Loss: 0.050421 Regul: 0.005645 Obj: 0.056067 (0.053345)  NNZ: 24 (19)  Ttime: 1.3914 Vtime: 0.0517
Step: 21400000  Loss: 0.058245 Regul: 0.006672 Obj: 0.064917 (0.053345)  NNZ: 25 (19)  Ttime: 1.3904 Vtime: 0.0518
Step: 21500000  Loss: 0.048724 Regul: 0.005384 Obj: 0.054108 (0.053345)  NNZ: 20 (19)  Ttime: 1.3992 Vtime: 0.0514
Step: 21600000  Loss: 0.051061 Regul: 0.006806 Obj: 0.057867 (0.053345)  NNZ: 24 (19)  Ttime: 1.3914 Vtime: 0.0514
Step: 21700000  Loss: 0.049033 Regul: 0.005503 Obj: 0.054536 (0.053345)  NNZ: 20 (19)  Ttime: 1.3904 Vtime: 0.0510
Step: 21800000  Loss: 0.049897 Regul: 0.005708 Obj: 0.055605 (0.053345)  NNZ: 21 (19)  Ttime: 1.3916 Vtime: 0.0518
Step: 21900000  Loss: 0.052300 Regul: 0.005107 Obj: 0.057406 (0.053345)  NNZ: 19 (19)  Ttime: 1.3883 Vtime: 0.0511
Step: 22000000  Loss: 0.053435 Regul: 0.004683 Obj: 0.058118 (0.053345)  NNZ: 19 (19)  Ttime: 1.3899 Vtime: 0.0513
Step: 22100000  Loss: 0.060262 Regul: 0.003959 Obj: 0.064221 (0.053345)  NNZ: 15 (19)  Ttime: 1.3888 Vtime: 0.0511
Step: 22200000  Loss: 0.052952 Regul: 0.005913 Obj: 0.058865 (0.053345)  NNZ: 17 (19)  Ttime: 1.3929 Vtime: 0.0513
Step: 22300000  Loss: 0.053175 Regul: 0.006878 Obj: 0.060053 (0.053345)  NNZ: 19 (19)  Ttime: 1.3891 Vtime: 0.0510
Step: 22400000  Loss: 0.048698 Regul: 0.005450 Obj: 0.054148 (0.053345)  NNZ: 20 (19)  Ttime: 1.4010 Vtime: 0.0516
Step: 22500000  Loss: 0.049125 Regul: 0.005410 Obj: 0.054534 (0.053345)  NNZ: 17 (19)  Ttime: 1.3924 Vtime: 0.0513
Step: 22600000  Loss: 0.051102 Regul: 0.007152 Obj: 0.058254 (0.053345)  NNZ: 21 (19)  Ttime: 1.3911 Vtime: 0.0517
Step: 22700000  Loss: 0.055588 Regul: 0.003907 Obj: 0.059495 (0.053345)  NNZ: 15 (19)  Ttime: 1.3899 Vtime: 0.0515
Step: 22800000  Loss: 0.053265 Regul: 0.006380 Obj: 0.059645 (0.053345)  NNZ: 19 (19)  Ttime: 1.3924 Vtime: 0.0514
Step: 22900000  Loss: 0.057507 Regul: 0.005617 Obj: 0.063125 (0.053345)  NNZ: 16 (19)  Ttime: 1.3918 Vtime: 0.0519
Step: 23000000  Loss: 0.050299 Regul: 0.005057 Obj: 0.055356 (0.053345)  NNZ: 20 (19)  Ttime: 1.3907 Vtime: 0.0522
Step: 23100000  Loss: 0.054210 Regul: 0.005650 Obj: 0.059860 (0.053345)  NNZ: 17 (19)  Ttime: 1.3869 Vtime: 0.0515
Step: 23200000  Loss: 0.052808 Regul: 0.005615 Obj: 0.058424 (0.053345)  NNZ: 19 (19)  Ttime: 1.3915 Vtime: 0.0516
Step: 23300000  Loss: 0.050584 Regul: 0.005559 Obj: 0.056143 (0.053345)  NNZ: 19 (19)  Ttime: 1.3913 Vtime: 0.0517
Step: 23400000  Loss: 0.052395 Regul: 0.004474 Obj: 0.056869 (0.053345)  NNZ: 14 (19)  Ttime: 1.3923 Vtime: 0.0523
Step: 23500000  Loss: 0.052656 Regul: 0.005607 Obj: 0.058263 (0.053345)  NNZ: 22 (19)  Ttime: 1.3913 Vtime: 0.0513
Step: 23600000  Loss: 0.053767 Regul: 0.006952 Obj: 0.060719 (0.053345)  NNZ: 17 (19)  Ttime: 1.3923 Vtime: 0.0511
Step: 23700000  Loss: 0.050982 Regul: 0.006726 Obj: 0.057708 (0.053345)  NNZ: 21 (19)  Ttime: 1.3924 Vtime: 0.0512
Step: 23800000  Loss: 0.050641 Regul: 0.006416 Obj: 0.057056 (0.053345)  NNZ: 22 (19)  Ttime: 1.3937 Vtime: 0.0513
Step: 23900000  Loss: 0.049503 Regul: 0.005277 Obj: 0.054780 (0.053345)  NNZ: 19 (19)  Ttime: 1.3934 Vtime: 0.0516
Step: 24000000  Loss: 0.051848 Regul: 0.005510 Obj: 0.057358 (0.053345)  NNZ: 19 (19)  Ttime: 1.3980 Vtime: 0.0520
Step: 24100000  Loss: 0.054542 Regul: 0.004057 Obj: 0.058599 (0.053345)  NNZ: 15 (19)  Ttime: 1.3920 Vtime: 0.0511
Step: 24200000  Loss: 0.052738 Regul: 0.005367 Obj: 0.058105 (0.053345)  NNZ: 19 (19)  Ttime: 1.3897 Vtime: 0.0520
Step: 24300000  Loss: 0.052319 Regul: 0.006833 Obj: 0.059152 (0.053345)  NNZ: 23 (19)  Ttime: 1.3926 Vtime: 0.0510
Step: 24400000  Loss: 0.052196 Regul: 0.005719 Obj: 0.057915 (0.053345)  NNZ: 19 (19)  Ttime: 1.3929 Vtime: 0.0515
Step: 24500000  Loss: 0.049315 Regul: 0.005723 Obj: 0.055038 (0.053345)  NNZ: 17 (19)  Ttime: 1.3910 Vtime: 0.0510
Step: 24600000  Loss: 0.053712 Regul: 0.005706 Obj: 0.059418 (0.053345)  NNZ: 24 (19)  Ttime: 1.3913 Vtime: 0.0513
Step: 24700000  Loss: 0.052461 Regul: 0.007384 Obj: 0.059845 (0.053345)  NNZ: 28 (19)  Ttime: 1.3919 Vtime: 0.0519
Step: 24800000  Loss: 0.055307 Regul: 0.005970 Obj: 0.061277 (0.053345)  NNZ: 20 (19)  Ttime: 1.3897 Vtime: 0.0517
Step: 24900000  Loss: 0.048357 Regul: 0.007026 Obj: 0.055383 (0.053345)  NNZ: 26 (19)  Ttime: 1.3970 Vtime: 0.0510
Step: 25000000  Loss: 0.049057 Regul: 0.005617 Obj: 0.054674 (0.053345)  NNZ: 16 (19)  Ttime: 1.3910 Vtime: 0.0513
Step: 25100000  Loss: 0.050366 Regul: 0.006360 Obj: 0.056726 (0.053345)  NNZ: 20 (19)  Ttime: 1.3897 Vtime: 0.0513
Step: 25200000  Loss: 0.048977 Regul: 0.005175 Obj: 0.054153 (0.053345)  NNZ: 23 (19)  Ttime: 1.3903 Vtime: 0.0511
Step: 25300000  Loss: 0.049267 Regul: 0.005498 Obj: 0.054766 (0.053345)  NNZ: 20 (19)  Ttime: 1.3899 Vtime: 0.0507
Step: 25400000  Loss: 0.048700 Regul: 0.006395 Obj: 0.055095 (0.053345)  NNZ: 25 (19)  Ttime: 1.3940 Vtime: 0.0520
Step: 25500000  Loss: 0.051209 Regul: 0.005729 Obj: 0.056938 (0.053345)  NNZ: 24 (19)  Ttime: 1.4434 Vtime: 0.0520
Step: 25600000  Loss: 0.049777 Regul: 0.005527 Obj: 0.055304 (0.053345)  NNZ: 18 (19)  Ttime: 1.4371 Vtime: 0.0521
Step: 25700000  Loss: 0.070522 Regul: 0.005925 Obj: 0.076447 (0.053345)  NNZ: 18 (19)  Ttime: 1.4017 Vtime: 0.0512
Step: 25800000  Loss: 0.049724 Regul: 0.005267 Obj: 0.054991 (0.053345)  NNZ: 17 (19)  Ttime: 1.3902 Vtime: 0.0510
Step: 25900000  Loss: 0.053808 Regul: 0.005760 Obj: 0.059568 (0.053345)  NNZ: 23 (19)  Ttime: 1.3907 Vtime: 0.0515
Step: 26000000  Loss: 0.059955 Regul: 0.005051 Obj: 0.065006 (0.053345)  NNZ: 17 (19)  Ttime: 1.3954 Vtime: 0.0525
Step: 26100000  Loss: 0.049350 Regul: 0.006044 Obj: 0.055394 (0.053345)  NNZ: 18 (19)  Ttime: 1.3853 Vtime: 0.0515
Step: 26200000  Loss: 0.048835 Regul: 0.005717 Obj: 0.054552 (0.053345)  NNZ: 14 (19)  Ttime: 1.3893 Vtime: 0.0511
Step: 26300000  Loss: 0.049395 Regul: 0.004933 Obj: 0.054328 (0.053345)  NNZ: 16 (19)  Ttime: 1.3898 Vtime: 0.0521
Step: 26400000  Loss: 0.050649 Regul: 0.004931 Obj: 0.055580 (0.053345)  NNZ: 16 (19)  Ttime: 1.3918 Vtime: 0.0513
Step: 26500000  Loss: 0.051520 Regul: 0.004968 Obj: 0.056488 (0.053345)  NNZ: 17 (19)  Ttime: 1.3925 Vtime: 0.0512
Step: 26600000  Loss: 0.049939 Regul: 0.005115 Obj: 0.055054 (0.053345)  NNZ: 18 (19)  Ttime: 1.3931 Vtime: 0.0511
Step: 26700000  Loss: 0.050095 Regul: 0.005771 Obj: 0.055866 (0.053345)  NNZ: 17 (19)  Ttime: 1.3874 Vtime: 0.0516
Step: 26800000  Loss: 0.050786 Regul: 0.006554 Obj: 0.057340 (0.053345)  NNZ: 20 (19)  Ttime: 1.3913 Vtime: 0.0514
Step: 26900000  Loss: 0.049864 Regul: 0.004878 Obj: 0.054742 (0.053345)  NNZ: 16 (19)  Ttime: 1.3919 Vtime: 0.0520
Step: 27000000  Loss: 0.067633 Regul: 0.006937 Obj: 0.074570 (0.053345)  NNZ: 18 (19)  Ttime: 1.3916 Vtime: 0.0513
Step: 27100000  Loss: 0.049390 Regul: 0.005522 Obj: 0.054913 (0.053345)  NNZ: 20 (19)  Ttime: 1.3899 Vtime: 0.0517
Step: 27200000  Loss: 0.051652 Regul: 0.004876 Obj: 0.056527 (0.053345)  NNZ: 15 (19)  Ttime: 1.3902 Vtime: 0.0523
Step: 27300000  Loss: 0.049085 Regul: 0.005423 Obj: 0.054509 (0.053345)  NNZ: 19 (19)  Ttime: 1.3909 Vtime: 0.0510
Step: 27400000  Loss: 0.056613 Regul: 0.004508 Obj: 0.061122 (0.053345)  NNZ: 18 (19)  Ttime: 1.3866 Vtime: 0.0517
Step: 27500000  Loss: 0.050860 Regul: 0.005075 Obj: 0.055935 (0.053345)  NNZ: 16 (19)  Ttime: 1.3916 Vtime: 0.0518
Step: 27600000  Loss: 0.060366 Regul: 0.005570 Obj: 0.065936 (0.053345)  NNZ: 20 (19)  Ttime: 1.3933 Vtime: 0.0515
Step: 27700000  Loss: 0.054811 Regul: 0.004854 Obj: 0.059665 (0.053345)  NNZ: 16 (19)  Ttime: 1.3902 Vtime: 0.0510
Step: 27800000  Loss: 0.058027 Regul: 0.004471 Obj: 0.062498 (0.053345)  NNZ: 16 (19)  Ttime: 1.3924 Vtime: 0.0513
Step: 27900000  Loss: 0.051321 Regul: 0.004364 Obj: 0.055684 (0.053345)  NNZ: 15 (19)  Ttime: 1.3957 Vtime: 0.0515
Step: 28000000  Loss: 0.054218 Regul: 0.004972 Obj: 0.059190 (0.053345)  NNZ: 24 (19)  Ttime: 1.3944 Vtime: 0.0508
Step: 28100000  Loss: 0.054283 Regul: 0.005700 Obj: 0.059983 (0.053345)  NNZ: 29 (19)  Ttime: 1.3899 Vtime: 0.0520
Step: 28200000  Loss: 0.048441 Regul: 0.004955 Obj: 0.053396 (0.053345)  NNZ: 17 (19)  Ttime: 1.3939 Vtime: 0.0508
Step: 28300000  Loss: 0.071310 Regul: 0.006466 Obj: 0.077776 (0.053345)  NNZ: 20 (19)  Ttime: 1.3975 Vtime: 0.0514
Step: 28400000  Loss: 0.048988 Regul: 0.004966 Obj: 0.053954 (0.053345)  NNZ: 18 (19)  Ttime: 1.3923 Vtime: 0.0514
Step: 28500000  Loss: 0.049321 Regul: 0.005088 Obj: 0.054409 (0.053345)  NNZ: 16 (19)  Ttime: 1.3821 Vtime: 0.0518
Step: 28600000  Loss: 0.050944 Regul: 0.004330 Obj: 0.055273 (0.053345)  NNZ: 16 (19)  Ttime: 1.3933 Vtime: 0.0516
Step: 28700000  Loss: 0.053529 Regul: 0.007750 Obj: 0.061279 (0.053345)  NNZ: 31 (19)  Ttime: 1.3940 Vtime: 0.0517
Step: 28800000  Loss: 0.049773 Regul: 0.005191 Obj: 0.054964 (0.053345)  NNZ: 18 (19)  Ttime: 1.3919 Vtime: 0.0513
Step: 28900000  Loss: 0.048687 Regul: 0.005943 Obj: 0.054630 (0.053345)  NNZ: 18 (19)  Ttime: 1.3888 Vtime: 0.0524
Step: 29000000  Loss: 0.052980 Regul: 0.004406 Obj: 0.057385 (0.053345)  NNZ: 19 (19)  Ttime: 1.3914 Vtime: 0.0513
Step: 29100000  Loss: 0.056972 Regul: 0.004518 Obj: 0.061489 (0.053345)  NNZ: 15 (19)  Ttime: 1.3917 Vtime: 0.0515
Step: 29200000  Loss: 0.067482 Regul: 0.005767 Obj: 0.073248 (0.053345)  NNZ: 26 (19)  Ttime: 1.3929 Vtime: 0.0521
Step: 29300000  Loss: 0.052357 Regul: 0.004706 Obj: 0.057063 (0.053345)  NNZ: 18 (19)  Ttime: 1.3919 Vtime: 0.0513
Step: 29400000  Loss: 0.056629 Regul: 0.005432 Obj: 0.062060 (0.053345)  NNZ: 27 (19)  Ttime: 1.4038 Vtime: 0.0513
Step: 29500000  Loss: 0.059861 Regul: 0.005519 Obj: 0.065380 (0.053345)  NNZ: 20 (19)  Ttime: 1.3923 Vtime: 0.0521
Step: 29600000  Loss: 0.051226 Regul: 0.004401 Obj: 0.055627 (0.053345)  NNZ: 15 (19)  Ttime: 1.3887 Vtime: 0.0515
Step: 29700000  Loss: 0.051169 Regul: 0.004490 Obj: 0.055659 (0.053345)  NNZ: 18 (19)  Ttime: 1.3957 Vtime: 0.0516
Step: 29800000  Loss: 0.056276 Regul: 0.003599 Obj: 0.059874 (0.053345)  NNZ: 12 (19)  Ttime: 1.4039 Vtime: 0.0524
Step: 29900000  Loss: 0.054403 Regul: 0.004077 Obj: 0.058480 (0.053345)  NNZ: 16 (19)  Ttime: 1.3902 Vtime: 0.0514
Step: 30000000  Loss: 0.048658 Regul: 0.005252 Obj: 0.053909 (0.053345)  NNZ: 20 (19)  Ttime: 1.3921 Vtime: 0.0512
Step: 30100000  Loss: 0.051868 Regul: 0.004780 Obj: 0.056648 (0.053345)  NNZ: 16 (19)  Ttime: 1.3932 Vtime: 0.0512
Best: 30200000  Loss: 0.048035 Regul: 0.005265 Obj: 0.053300 (0.053300)  NNZ: 21 (21)  Ttime: 1.3898 Vtime: 0.0510
Stat: nPR #152 (#168) Dim/MaxDim [1216/640] AUC: 0.981473 FPR95: 9.03
Step: 30300000  Loss: 0.053563 Regul: 0.005733 Obj: 0.059296 (0.053300)  NNZ: 22 (21)  Ttime: 1.3925 Vtime: 0.0514
Step: 30400000  Loss: 0.050557 Regul: 0.004976 Obj: 0.055533 (0.053300)  NNZ: 17 (21)  Ttime: 1.3910 Vtime: 0.0511
Step: 30500000  Loss: 0.055338 Regul: 0.006361 Obj: 0.061699 (0.053300)  NNZ: 22 (21)  Ttime: 1.3890 Vtime: 0.0522
Step: 30600000  Loss: 0.055736 Regul: 0.005468 Obj: 0.061204 (0.053300)  NNZ: 22 (21)  Ttime: 1.3896 Vtime: 0.0510
Step: 30700000  Loss: 0.059552 Regul: 0.004181 Obj: 0.063733 (0.053300)  NNZ: 13 (21)  Ttime: 1.3909 Vtime: 0.0511
Step: 30800000  Loss: 0.049576 Regul: 0.005079 Obj: 0.054655 (0.053300)  NNZ: 15 (21)  Ttime: 1.3875 Vtime: 0.0518
Step: 30900000  Loss: 0.049197 Regul: 0.005821 Obj: 0.055017 (0.053300)  NNZ: 20 (21)  Ttime: 1.3913 Vtime: 0.0522
Best: 31000000  Loss: 0.048083 Regul: 0.005059 Obj: 0.053141 (0.053141)  NNZ: 25 (25)  Ttime: 1.4094 Vtime: 0.0519
Stat: nPR #156 (#200) Dim/MaxDim [1248/640] AUC: 0.981395 FPR95: 9.27
Step: 31100000  Loss: 0.049829 Regul: 0.006581 Obj: 0.056409 (0.053141)  NNZ: 23 (25)  Ttime: 1.3941 Vtime: 0.0516
Step: 31200000  Loss: 0.052347 Regul: 0.004321 Obj: 0.056668 (0.053141)  NNZ: 18 (25)  Ttime: 1.3924 Vtime: 0.0516
Step: 31300000  Loss: 0.057169 Regul: 0.006066 Obj: 0.063235 (0.053141)  NNZ: 19 (25)  Ttime: 1.3898 Vtime: 0.0518
Step: 31400000  Loss: 0.049142 Regul: 0.005916 Obj: 0.055058 (0.053141)  NNZ: 22 (25)  Ttime: 1.3907 Vtime: 0.0516
Step: 31500000  Loss: 0.060310 Regul: 0.006381 Obj: 0.066692 (0.053141)  NNZ: 26 (25)  Ttime: 1.3896 Vtime: 0.0519
Step: 31600000  Loss: 0.059017 Regul: 0.004196 Obj: 0.063213 (0.053141)  NNZ: 14 (25)  Ttime: 1.3924 Vtime: 0.0509
Step: 31700000  Loss: 0.052879 Regul: 0.004733 Obj: 0.057611 (0.053141)  NNZ: 15 (25)  Ttime: 1.3909 Vtime: 0.0517
Step: 31800000  Loss: 0.050534 Regul: 0.005896 Obj: 0.056430 (0.053141)  NNZ: 26 (25)  Ttime: 1.3923 Vtime: 0.0518
Step: 31900000  Loss: 0.049158 Regul: 0.005405 Obj: 0.054563 (0.053141)  NNZ: 22 (25)  Ttime: 1.3910 Vtime: 0.0518
Step: 32000000  Loss: 0.050303 Regul: 0.005287 Obj: 0.055590 (0.053141)  NNZ: 20 (25)  Ttime: 1.3895 Vtime: 0.0517
Step: 32100000  Loss: 0.050031 Regul: 0.004495 Obj: 0.054525 (0.053141)  NNZ: 15 (25)  Ttime: 1.3882 Vtime: 0.0515
Step: 32200000  Loss: 0.055177 Regul: 0.004593 Obj: 0.059770 (0.053141)  NNZ: 16 (25)  Ttime: 1.3880 Vtime: 0.0516
Step: 32300000  Loss: 0.059304 Regul: 0.003918 Obj: 0.063223 (0.053141)  NNZ: 14 (25)  Ttime: 1.3919 Vtime: 0.0515
Step: 32400000  Loss: 0.050440 Regul: 0.005386 Obj: 0.055827 (0.053141)  NNZ: 19 (25)  Ttime: 1.3932 Vtime: 0.0511
Step: 32500000  Loss: 0.056445 Regul: 0.005139 Obj: 0.061584 (0.053141)  NNZ: 15 (25)  Ttime: 1.3891 Vtime: 0.0514
Step: 32600000  Loss: 0.057554 Regul: 0.003354 Obj: 0.060908 (0.053141)  NNZ: 13 (25)  Ttime: 1.3880 Vtime: 0.0511
Step: 32700000  Loss: 0.048594 Regul: 0.005762 Obj: 0.054356 (0.053141)  NNZ: 16 (25)  Ttime: 1.3912 Vtime: 0.0520
Step: 32800000  Loss: 0.060897 Regul: 0.004513 Obj: 0.065410 (0.053141)  NNZ: 18 (25)  Ttime: 1.3904 Vtime: 0.0509
Step: 32900000  Loss: 0.049063 Regul: 0.005194 Obj: 0.054257 (0.053141)  NNZ: 20 (25)  Ttime: 1.3910 Vtime: 0.0510
Step: 33000000  Loss: 0.056684 Regul: 0.003955 Obj: 0.060639 (0.053141)  NNZ: 17 (25)  Ttime: 1.3941 Vtime: 0.0507
Step: 33100000  Loss: 0.049694 Regul: 0.004911 Obj: 0.054605 (0.053141)  NNZ: 21 (25)  Ttime: 1.3934 Vtime: 0.0519
Step: 33200000  Loss: 0.051760 Regul: 0.007118 Obj: 0.058878 (0.053141)  NNZ: 21 (25)  Ttime: 1.3939 Vtime: 0.0516
Step: 33300000  Loss: 0.054306 Regul: 0.003843 Obj: 0.058149 (0.053141)  NNZ: 17 (25)  Ttime: 1.3937 Vtime: 0.0512
Step: 33400000  Loss: 0.053286 Regul: 0.004820 Obj: 0.058106 (0.053141)  NNZ: 18 (25)  Ttime: 1.3935 Vtime: 0.0508
Step: 33500000  Loss: 0.049978 Regul: 0.004339 Obj: 0.054317 (0.053141)  NNZ: 15 (25)  Ttime: 1.3928 Vtime: 0.0513
Step: 33600000  Loss: 0.055284 Regul: 0.009523 Obj: 0.064806 (0.053141)  NNZ: 25 (25)  Ttime: 1.3922 Vtime: 0.0512
Step: 33700000  Loss: 0.052356 Regul: 0.008479 Obj: 0.060834 (0.053141)  NNZ: 24 (25)  Ttime: 1.3880 Vtime: 0.0521
Step: 33800000  Loss: 0.057218 Regul: 0.008582 Obj: 0.065799 (0.053141)  NNZ: 31 (25)  Ttime: 1.3922 Vtime: 0.0514
Step: 33900000  Loss: 0.055214 Regul: 0.009072 Obj: 0.064286 (0.053141)  NNZ: 29 (25)  Ttime: 1.3888 Vtime: 0.0515
Step: 34000000  Loss: 0.051173 Regul: 0.009289 Obj: 0.060461 (0.053141)  NNZ: 26 (25)  Ttime: 1.3908 Vtime: 0.0522
Step: 34100000  Loss: 0.052490 Regul: 0.007162 Obj: 0.059652 (0.053141)  NNZ: 18 (25)  Ttime: 1.3894 Vtime: 0.0516
Step: 34200000  Loss: 0.051384 Regul: 0.008912 Obj: 0.060296 (0.053141)  NNZ: 27 (25)  Ttime: 1.3902 Vtime: 0.0514
Step: 34300000  Loss: 0.049845 Regul: 0.006845 Obj: 0.056690 (0.053141)  NNZ: 22 (25)  Ttime: 1.3924 Vtime: 0.0516
Step: 34400000  Loss: 0.054101 Regul: 0.008199 Obj: 0.062301 (0.053141)  NNZ: 23 (25)  Ttime: 1.3930 Vtime: 0.0510
Step: 34500000  Loss: 0.049630 Regul: 0.007002 Obj: 0.056632 (0.053141)  NNZ: 20 (25)  Ttime: 1.3906 Vtime: 0.0519
Step: 34600000  Loss: 0.052779 Regul: 0.010478 Obj: 0.063257 (0.053141)  NNZ: 28 (25)  Ttime: 1.3905 Vtime: 0.0511
Step: 34700000  Loss: 0.056075 Regul: 0.007463 Obj: 0.063538 (0.053141)  NNZ: 26 (25)  Ttime: 1.3910 Vtime: 0.0523
Step: 34800000  Loss: 0.053051 Regul: 0.008605 Obj: 0.061656 (0.053141)  NNZ: 32 (25)  Ttime: 1.3900 Vtime: 0.0513
Step: 34900000  Loss: 0.051604 Regul: 0.006537 Obj: 0.058141 (0.053141)  NNZ: 23 (25)  Ttime: 1.3903 Vtime: 0.0508
Step: 35000000  Loss: 0.052361 Regul: 0.007415 Obj: 0.059776 (0.053141)  NNZ: 22 (25)  Ttime: 1.3884 Vtime: 0.0516
Step: 35100000  Loss: 0.055543 Regul: 0.008140 Obj: 0.063683 (0.053141)  NNZ: 20 (25)  Ttime: 1.3918 Vtime: 0.0512
Step: 35200000  Loss: 0.050689 Regul: 0.006920 Obj: 0.057609 (0.053141)  NNZ: 22 (25)  Ttime: 1.3866 Vtime: 0.0513
Step: 35300000  Loss: 0.052683 Regul: 0.009048 Obj: 0.061730 (0.053141)  NNZ: 26 (25)  Ttime: 1.3915 Vtime: 0.0514
Step: 35400000  Loss: 0.057485 Regul: 0.007825 Obj: 0.065309 (0.053141)  NNZ: 25 (25)  Ttime: 1.3904 Vtime: 0.0513
Step: 35500000  Loss: 0.053897 Regul: 0.008336 Obj: 0.062232 (0.053141)  NNZ: 26 (25)  Ttime: 1.3919 Vtime: 0.0516
Step: 35600000  Loss: 0.055558 Regul: 0.010239 Obj: 0.065797 (0.053141)  NNZ: 22 (25)  Ttime: 1.3858 Vtime: 0.0513
Step: 35700000  Loss: 0.059446 Regul: 0.012507 Obj: 0.071953 (0.053141)  NNZ: 31 (25)  Ttime: 1.3894 Vtime: 0.0515
Step: 35800000  Loss: 0.052401 Regul: 0.010018 Obj: 0.062419 (0.053141)  NNZ: 28 (25)  Ttime: 1.3906 Vtime: 0.0527
Step: 35900000  Loss: 0.050670 Regul: 0.007892 Obj: 0.058562 (0.053141)  NNZ: 24 (25)  Ttime: 1.3918 Vtime: 0.0510
Step: 36000000  Loss: 0.056770 Regul: 0.009996 Obj: 0.066765 (0.053141)  NNZ: 26 (25)  Ttime: 1.3881 Vtime: 0.0513
Step: 36100000  Loss: 0.058063 Regul: 0.008202 Obj: 0.066265 (0.053141)  NNZ: 23 (25)  Ttime: 1.3920 Vtime: 0.0522
Step: 36200000  Loss: 0.052896 Regul: 0.010117 Obj: 0.063013 (0.053141)  NNZ: 28 (25)  Ttime: 1.3928 Vtime: 0.0521
Step: 36300000  Loss: 0.053022 Regul: 0.008438 Obj: 0.061460 (0.053141)  NNZ: 24 (25)  Ttime: 1.3863 Vtime: 0.0515
Step: 36400000  Loss: 0.056461 Regul: 0.009410 Obj: 0.065870 (0.053141)  NNZ: 26 (25)  Ttime: 1.3885 Vtime: 0.0514
Step: 36500000  Loss: 0.052762 Regul: 0.006752 Obj: 0.059515 (0.053141)  NNZ: 23 (25)  Ttime: 1.3896 Vtime: 0.0517
Step: 36600000  Loss: 0.054439 Regul: 0.010039 Obj: 0.064478 (0.053141)  NNZ: 33 (25)  Ttime: 1.3885 Vtime: 0.0519
Step: 36700000  Loss: 0.051200 Regul: 0.007533 Obj: 0.058733 (0.053141)  NNZ: 23 (25)  Ttime: 1.3874 Vtime: 0.0517
Step: 36800000  Loss: 0.057682 Regul: 0.009114 Obj: 0.066796 (0.053141)  NNZ: 27 (25)  Ttime: 1.3897 Vtime: 0.0517
Step: 36900000  Loss: 0.056101 Regul: 0.010183 Obj: 0.066284 (0.053141)  NNZ: 33 (25)  Ttime: 1.3877 Vtime: 0.0515
Step: 37000000  Loss: 0.054958 Regul: 0.007205 Obj: 0.062163 (0.053141)  NNZ: 27 (25)  Ttime: 1.3900 Vtime: 0.0515
Step: 37100000  Loss: 0.053541 Regul: 0.009791 Obj: 0.063332 (0.053141)  NNZ: 31 (25)  Ttime: 1.3915 Vtime: 0.0522
Step: 37200000  Loss: 0.056046 Regul: 0.008402 Obj: 0.064447 (0.053141)  NNZ: 25 (25)  Ttime: 1.3890 Vtime: 0.0511
Step: 37300000  Loss: 0.053383 Regul: 0.009147 Obj: 0.062529 (0.053141)  NNZ: 29 (25)  Ttime: 1.3889 Vtime: 0.0518
Step: 37400000  Loss: 0.057547 Regul: 0.007171 Obj: 0.064718 (0.053141)  NNZ: 24 (25)  Ttime: 1.3904 Vtime: 0.0514
Step: 37500000  Loss: 0.049305 Regul: 0.006786 Obj: 0.056091 (0.053141)  NNZ: 22 (25)  Ttime: 1.3892 Vtime: 0.0513
Step: 37600000  Loss: 0.053413 Regul: 0.007540 Obj: 0.060953 (0.053141)  NNZ: 31 (25)  Ttime: 1.3911 Vtime: 0.0511
Step: 37700000  Loss: 0.051907 Regul: 0.008457 Obj: 0.060364 (0.053141)  NNZ: 24 (25)  Ttime: 1.3894 Vtime: 0.0515
Step: 37800000  Loss: 0.060027 Regul: 0.010947 Obj: 0.070974 (0.053141)  NNZ: 35 (25)  Ttime: 1.3910 Vtime: 0.0518
Step: 37900000  Loss: 0.058899 Regul: 0.005855 Obj: 0.064754 (0.053141)  NNZ: 24 (25)  Ttime: 1.3890 Vtime: 0.0514
Step: 38000000  Loss: 0.056659 Regul: 0.009664 Obj: 0.066324 (0.053141)  NNZ: 31 (25)  Ttime: 1.3890 Vtime: 0.0525
Step: 38100000  Loss: 0.050020 Regul: 0.007850 Obj: 0.057870 (0.053141)  NNZ: 22 (25)  Ttime: 1.3920 Vtime: 0.0514
Step: 38200000  Loss: 0.052245 Regul: 0.006820 Obj: 0.059065 (0.053141)  NNZ: 20 (25)  Ttime: 1.3887 Vtime: 0.0513
Step: 38300000  Loss: 0.050487 Regul: 0.008747 Obj: 0.059234 (0.053141)  NNZ: 28 (25)  Ttime: 1.3905 Vtime: 0.0510
Step: 38400000  Loss: 0.059472 Regul: 0.008899 Obj: 0.068371 (0.053141)  NNZ: 27 (25)  Ttime: 1.3914 Vtime: 0.0508
Step: 38500000  Loss: 0.052401 Regul: 0.006886 Obj: 0.059287 (0.053141)  NNZ: 29 (25)  Ttime: 1.3912 Vtime: 0.0514
Step: 38600000  Loss: 0.049797 Regul: 0.007396 Obj: 0.057193 (0.053141)  NNZ: 23 (25)  Ttime: 1.3893 Vtime: 0.0515
Step: 38700000  Loss: 0.052550 Regul: 0.008831 Obj: 0.061382 (0.053141)  NNZ: 28 (25)  Ttime: 1.3878 Vtime: 0.0513
Step: 38800000  Loss: 0.051463 Regul: 0.007790 Obj: 0.059253 (0.053141)  NNZ: 31 (25)  Ttime: 1.3895 Vtime: 0.0515
Step: 38900000  Loss: 0.052816 Regul: 0.010382 Obj: 0.063198 (0.053141)  NNZ: 30 (25)  Ttime: 1.3936 Vtime: 0.0517
Step: 39000000  Loss: 0.054820 Regul: 0.009281 Obj: 0.064100 (0.053141)  NNZ: 32 (25)  Ttime: 1.3912 Vtime: 0.0515
Step: 39100000  Loss: 0.050227 Regul: 0.008394 Obj: 0.058621 (0.053141)  NNZ: 26 (25)  Ttime: 1.3882 Vtime: 0.0516
Step: 39200000  Loss: 0.049730 Regul: 0.007687 Obj: 0.057417 (0.053141)  NNZ: 22 (25)  Ttime: 1.3910 Vtime: 0.0519
Step: 39300000  Loss: 0.054151 Regul: 0.008952 Obj: 0.063104 (0.053141)  NNZ: 31 (25)  Ttime: 1.3917 Vtime: 0.0511
Step: 39400000  Loss: 0.051908 Regul: 0.008626 Obj: 0.060534 (0.053141)  NNZ: 24 (25)  Ttime: 1.3870 Vtime: 0.0511
Step: 39500000  Loss: 0.054400 Regul: 0.009623 Obj: 0.064023 (0.053141)  NNZ: 26 (25)  Ttime: 1.3893 Vtime: 0.0511
Step: 39600000  Loss: 0.052248 Regul: 0.008179 Obj: 0.060427 (0.053141)  NNZ: 28 (25)  Ttime: 1.3884 Vtime: 0.0517
Step: 39700000  Loss: 0.052664 Regul: 0.009542 Obj: 0.062206 (0.053141)  NNZ: 31 (25)  Ttime: 1.3893 Vtime: 0.0516
Step: 39800000  Loss: 0.054713 Regul: 0.009557 Obj: 0.064270 (0.053141)  NNZ: 33 (25)  Ttime: 1.3910 Vtime: 0.0516
Step: 39900000  Loss: 0.052407 Regul: 0.009336 Obj: 0.061744 (0.053141)  NNZ: 33 (25)  Ttime: 1.3889 Vtime: 0.0511
Step: 40000000  Loss: 0.055504 Regul: 0.008944 Obj: 0.064448 (0.053141)  NNZ: 26 (25)  Ttime: 1.3883 Vtime: 0.0525
Step: 40100000  Loss: 0.056365 Regul: 0.008215 Obj: 0.064580 (0.053141)  NNZ: 22 (25)  Ttime: 1.3880 Vtime: 0.0511
Step: 40200000  Loss: 0.049272 Regul: 0.007371 Obj: 0.056643 (0.053141)  NNZ: 25 (25)  Ttime: 1.3891 Vtime: 0.0508
Step: 40300000  Loss: 0.050995 Regul: 0.009312 Obj: 0.060307 (0.053141)  NNZ: 25 (25)  Ttime: 1.3940 Vtime: 0.0521
Step: 40400000  Loss: 0.051662 Regul: 0.009235 Obj: 0.060898 (0.053141)  NNZ: 35 (25)  Ttime: 1.3895 Vtime: 0.0515
Step: 40500000  Loss: 0.050070 Regul: 0.006788 Obj: 0.056858 (0.053141)  NNZ: 24 (25)  Ttime: 1.3887 Vtime: 0.0519
Step: 40600000  Loss: 0.052465 Regul: 0.008133 Obj: 0.060599 (0.053141)  NNZ: 25 (25)  Ttime: 1.3888 Vtime: 0.0515
Step: 40700000  Loss: 0.054263 Regul: 0.008154 Obj: 0.062417 (0.053141)  NNZ: 29 (25)  Ttime: 1.3903 Vtime: 0.0507
Step: 40800000  Loss: 0.056894 Regul: 0.011213 Obj: 0.068107 (0.053141)  NNZ: 33 (25)  Ttime: 1.3921 Vtime: 0.0511
Step: 40900000  Loss: 0.050634 Regul: 0.008381 Obj: 0.059015 (0.053141)  NNZ: 25 (25)  Ttime: 1.3877 Vtime: 0.0511
Step: 41000000  Loss: 0.054263 Regul: 0.009003 Obj: 0.063265 (0.053141)  NNZ: 33 (25)  Ttime: 1.3893 Vtime: 0.0516
Step: 41100000  Loss: 0.055706 Regul: 0.007779 Obj: 0.063486 (0.053141)  NNZ: 32 (25)  Ttime: 1.3926 Vtime: 0.0506
Step: 41200000  Loss: 0.053649 Regul: 0.009680 Obj: 0.063329 (0.053141)  NNZ: 26 (25)  Ttime: 1.3918 Vtime: 0.0519
Step: 41300000  Loss: 0.050095 Regul: 0.008484 Obj: 0.058579 (0.053141)  NNZ: 32 (25)  Ttime: 1.3876 Vtime: 0.0515
Step: 41400000  Loss: 0.058903 Regul: 0.010417 Obj: 0.069320 (0.053141)  NNZ: 32 (25)  Ttime: 1.3910 Vtime: 0.0519
Step: 41500000  Loss: 0.048406 Regul: 0.007355 Obj: 0.055761 (0.053141)  NNZ: 24 (25)  Ttime: 1.3922 Vtime: 0.0521
Step: 41600000  Loss: 0.051380 Regul: 0.009143 Obj: 0.060523 (0.053141)  NNZ: 26 (25)  Ttime: 1.3897 Vtime: 0.0520
Step: 41700000  Loss: 0.057218 Regul: 0.010609 Obj: 0.067827 (0.053141)  NNZ: 31 (25)  Ttime: 1.3880 Vtime: 0.0517
Step: 41800000  Loss: 0.050063 Regul: 0.007510 Obj: 0.057573 (0.053141)  NNZ: 28 (25)  Ttime: 1.3923 Vtime: 0.0514
Step: 41900000  Loss: 0.061199 Regul: 0.007560 Obj: 0.068759 (0.053141)  NNZ: 20 (25)  Ttime: 1.3896 Vtime: 0.0516
Step: 42000000  Loss: 0.051983 Regul: 0.008270 Obj: 0.060253 (0.053141)  NNZ: 23 (25)  Ttime: 1.3928 Vtime: 0.0513
Step: 42100000  Loss: 0.053638 Regul: 0.008519 Obj: 0.062157 (0.053141)  NNZ: 21 (25)  Ttime: 1.3889 Vtime: 0.0516
Step: 42200000  Loss: 0.049686 Regul: 0.007417 Obj: 0.057103 (0.053141)  NNZ: 26 (25)  Ttime: 1.3866 Vtime: 0.0518
Step: 42300000  Loss: 0.049894 Regul: 0.006805 Obj: 0.056699 (0.053141)  NNZ: 22 (25)  Ttime: 1.3860 Vtime: 0.0519
Step: 42400000  Loss: 0.052580 Regul: 0.008893 Obj: 0.061473 (0.053141)  NNZ: 28 (25)  Ttime: 1.3897 Vtime: 0.0521
Step: 42500000  Loss: 0.056959 Regul: 0.008795 Obj: 0.065754 (0.053141)  NNZ: 26 (25)  Ttime: 1.3903 Vtime: 0.0511
Step: 42600000  Loss: 0.054272 Regul: 0.007280 Obj: 0.061552 (0.053141)  NNZ: 23 (25)  Ttime: 1.3895 Vtime: 0.0512
Step: 42700000  Loss: 0.051476 Regul: 0.008673 Obj: 0.060148 (0.053141)  NNZ: 31 (25)  Ttime: 1.3951 Vtime: 0.0512
Step: 42800000  Loss: 0.055812 Regul: 0.008238 Obj: 0.064051 (0.053141)  NNZ: 26 (25)  Ttime: 1.3910 Vtime: 0.0520
Step: 42900000  Loss: 0.050348 Regul: 0.007609 Obj: 0.057957 (0.053141)  NNZ: 23 (25)  Ttime: 1.3902 Vtime: 0.0514
Step: 43000000  Loss: 0.053838 Regul: 0.010126 Obj: 0.063964 (0.053141)  NNZ: 31 (25)  Ttime: 1.3874 Vtime: 0.0514
Step: 43100000  Loss: 0.053466 Regul: 0.007592 Obj: 0.061057 (0.053141)  NNZ: 25 (25)  Ttime: 1.3881 Vtime: 0.0517
Step: 43200000  Loss: 0.054285 Regul: 0.009774 Obj: 0.064059 (0.053141)  NNZ: 24 (25)  Ttime: 1.3878 Vtime: 0.0516
Step: 43300000  Loss: 0.048878 Regul: 0.007020 Obj: 0.055898 (0.053141)  NNZ: 22 (25)  Ttime: 1.3904 Vtime: 0.0516
Step: 43400000  Loss: 0.050958 Regul: 0.007534 Obj: 0.058492 (0.053141)  NNZ: 22 (25)  Ttime: 1.3908 Vtime: 0.0514
Step: 43500000  Loss: 0.053710 Regul: 0.009124 Obj: 0.062834 (0.053141)  NNZ: 26 (25)  Ttime: 1.3905 Vtime: 0.0513
Step: 43600000  Loss: 0.051640 Regul: 0.009663 Obj: 0.061304 (0.053141)  NNZ: 27 (25)  Ttime: 1.3926 Vtime: 0.0516
Step: 43700000  Loss: 0.053812 Regul: 0.009612 Obj: 0.063423 (0.053141)  NNZ: 29 (25)  Ttime: 1.3891 Vtime: 0.0518
Step: 43800000  Loss: 0.051953 Regul: 0.006689 Obj: 0.058641 (0.053141)  NNZ: 22 (25)  Ttime: 1.3878 Vtime: 0.0515
Step: 43900000  Loss: 0.055019 Regul: 0.009661 Obj: 0.064680 (0.053141)  NNZ: 32 (25)  Ttime: 1.3891 Vtime: 0.0518
Step: 44000000  Loss: 0.049954 Regul: 0.008411 Obj: 0.058365 (0.053141)  NNZ: 30 (25)  Ttime: 1.3881 Vtime: 0.0513
Step: 44100000  Loss: 0.052516 Regul: 0.008553 Obj: 0.061069 (0.053141)  NNZ: 25 (25)  Ttime: 1.3885 Vtime: 0.0513
Step: 44200000  Loss: 0.052474 Regul: 0.009436 Obj: 0.061910 (0.053141)  NNZ: 28 (25)  Ttime: 1.3880 Vtime: 0.0516
Step: 44300000  Loss: 0.072159 Regul: 0.010675 Obj: 0.082833 (0.053141)  NNZ: 33 (25)  Ttime: 1.3887 Vtime: 0.0511
Step: 44400000  Loss: 0.055305 Regul: 0.009247 Obj: 0.064552 (0.053141)  NNZ: 27 (25)  Ttime: 1.3901 Vtime: 0.0524
Step: 44500000  Loss: 0.051347 Regul: 0.010031 Obj: 0.061377 (0.053141)  NNZ: 32 (25)  Ttime: 1.3870 Vtime: 0.0520
Step: 44600000  Loss: 0.053629 Regul: 0.010657 Obj: 0.064286 (0.053141)  NNZ: 30 (25)  Ttime: 1.3900 Vtime: 0.0514
Step: 44700000  Loss: 0.054879 Regul: 0.008788 Obj: 0.063666 (0.053141)  NNZ: 28 (25)  Ttime: 1.3884 Vtime: 0.0512
Step: 44800000  Loss: 0.051073 Regul: 0.008032 Obj: 0.059105 (0.053141)  NNZ: 23 (25)  Ttime: 1.3906 Vtime: 0.0510
Step: 44900000  Loss: 0.055725 Regul: 0.012005 Obj: 0.067730 (0.053141)  NNZ: 39 (25)  Ttime: 1.3900 Vtime: 0.0516
Step: 45000000  Loss: 0.048772 Regul: 0.006219 Obj: 0.054991 (0.053141)  NNZ: 22 (25)  Ttime: 1.3889 Vtime: 0.0515
Step: 45100000  Loss: 0.049825 Regul: 0.008374 Obj: 0.058199 (0.053141)  NNZ: 27 (25)  Ttime: 1.3862 Vtime: 0.0521
Step: 45200000  Loss: 0.052870 Regul: 0.005583 Obj: 0.058452 (0.053141)  NNZ: 21 (25)  Ttime: 1.3903 Vtime: 0.0509
Step: 45300000  Loss: 0.051856 Regul: 0.007543 Obj: 0.059398 (0.053141)  NNZ: 21 (25)  Ttime: 1.3928 Vtime: 0.0515
Step: 45400000  Loss: 0.054474 Regul: 0.007602 Obj: 0.062076 (0.053141)  NNZ: 18 (25)  Ttime: 1.3905 Vtime: 0.0513
Step: 45500000  Loss: 0.056625 Regul: 0.008431 Obj: 0.065056 (0.053141)  NNZ: 23 (25)  Ttime: 1.3858 Vtime: 0.0518
Step: 45600000  Loss: 0.051903 Regul: 0.008477 Obj: 0.060381 (0.053141)  NNZ: 24 (25)  Ttime: 1.3888 Vtime: 0.0511
Step: 45700000  Loss: 0.048559 Regul: 0.006890 Obj: 0.055448 (0.053141)  NNZ: 26 (25)  Ttime: 1.3876 Vtime: 0.0515
Step: 45800000  Loss: 0.052004 Regul: 0.009424 Obj: 0.061428 (0.053141)  NNZ: 27 (25)  Ttime: 1.3903 Vtime: 0.0515
Step: 45900000  Loss: 0.049657 Regul: 0.008306 Obj: 0.057963 (0.053141)  NNZ: 29 (25)  Ttime: 1.3879 Vtime: 0.0513
Step: 46000000  Loss: 0.054243 Regul: 0.009530 Obj: 0.063773 (0.053141)  NNZ: 29 (25)  Ttime: 1.3909 Vtime: 0.0518
Step: 46100000  Loss: 0.052964 Regul: 0.009831 Obj: 0.062796 (0.053141)  NNZ: 26 (25)  Ttime: 1.3915 Vtime: 0.0513
Step: 46200000  Loss: 0.053718 Regul: 0.008003 Obj: 0.061721 (0.053141)  NNZ: 24 (25)  Ttime: 1.3902 Vtime: 0.0510
Step: 46300000  Loss: 0.054682 Regul: 0.009636 Obj: 0.064318 (0.053141)  NNZ: 30 (25)  Ttime: 1.3931 Vtime: 0.0511
Step: 46400000  Loss: 0.052428 Regul: 0.008571 Obj: 0.061000 (0.053141)  NNZ: 29 (25)  Ttime: 1.3902 Vtime: 0.0512
Step: 46500000  Loss: 0.058544 Regul: 0.010267 Obj: 0.068811 (0.053141)  NNZ: 33 (25)  Ttime: 1.3922 Vtime: 0.0515
Step: 46600000  Loss: 0.064533 Regul: 0.010991 Obj: 0.075525 (0.053141)  NNZ: 37 (25)  Ttime: 1.3896 Vtime: 0.0515
Step: 46700000  Loss: 0.054186 Regul: 0.008445 Obj: 0.062631 (0.053141)  NNZ: 26 (25)  Ttime: 1.3893 Vtime: 0.0521
Step: 46800000  Loss: 0.050920 Regul: 0.007331 Obj: 0.058251 (0.053141)  NNZ: 26 (25)  Ttime: 1.3944 Vtime: 0.0523
Step: 46900000  Loss: 0.052217 Regul: 0.009196 Obj: 0.061413 (0.053141)  NNZ: 30 (25)  Ttime: 1.3894 Vtime: 0.0514
Step: 47000000  Loss: 0.054354 Regul: 0.007881 Obj: 0.062236 (0.053141)  NNZ: 29 (25)  Ttime: 1.3890 Vtime: 0.0519
Step: 47100000  Loss: 0.050831 Regul: 0.008114 Obj: 0.058945 (0.053141)  NNZ: 32 (25)  Ttime: 1.3905 Vtime: 0.0515
Step: 47200000  Loss: 0.057348 Regul: 0.008499 Obj: 0.065847 (0.053141)  NNZ: 30 (25)  Ttime: 1.3897 Vtime: 0.0512
Step: 47300000  Loss: 0.052422 Regul: 0.009844 Obj: 0.062266 (0.053141)  NNZ: 29 (25)  Ttime: 1.3915 Vtime: 0.0518
Step: 47400000  Loss: 0.053245 Regul: 0.008455 Obj: 0.061699 (0.053141)  NNZ: 29 (25)  Ttime: 1.3910 Vtime: 0.0516
Step: 47500000  Loss: 0.055848 Regul: 0.010646 Obj: 0.066494 (0.053141)  NNZ: 35 (25)  Ttime: 1.3905 Vtime: 0.0512
Step: 47600000  Loss: 0.053097 Regul: 0.008919 Obj: 0.062015 (0.053141)  NNZ: 29 (25)  Ttime: 1.3890 Vtime: 0.0512
Step: 47700000  Loss: 0.050084 Regul: 0.006581 Obj: 0.056665 (0.053141)  NNZ: 26 (25)  Ttime: 1.3903 Vtime: 0.0515
Step: 47800000  Loss: 0.050020 Regul: 0.008272 Obj: 0.058293 (0.053141)  NNZ: 26 (25)  Ttime: 1.3895 Vtime: 0.0511
Step: 47900000  Loss: 0.059512 Regul: 0.009159 Obj: 0.068671 (0.053141)  NNZ: 21 (25)  Ttime: 1.3908 Vtime: 0.0513
Step: 48000000  Loss: 0.052239 Regul: 0.008507 Obj: 0.060746 (0.053141)  NNZ: 25 (25)  Ttime: 1.3903 Vtime: 0.0513
Step: 48100000  Loss: 0.052152 Regul: 0.007884 Obj: 0.060036 (0.053141)  NNZ: 35 (25)  Ttime: 1.3878 Vtime: 0.0517
Step: 48200000  Loss: 0.051660 Regul: 0.006988 Obj: 0.058648 (0.053141)  NNZ: 29 (25)  Ttime: 1.3898 Vtime: 0.0516
Step: 48300000  Loss: 0.054014 Regul: 0.008058 Obj: 0.062072 (0.053141)  NNZ: 24 (25)  Ttime: 1.3879 Vtime: 0.0509
Step: 48400000  Loss: 0.052929 Regul: 0.009873 Obj: 0.062802 (0.053141)  NNZ: 34 (25)  Ttime: 1.3917 Vtime: 0.0519
Step: 48500000  Loss: 0.057003 Regul: 0.010122 Obj: 0.067125 (0.053141)  NNZ: 32 (25)  Ttime: 1.3884 Vtime: 0.0512
Step: 48600000  Loss: 0.057697 Regul: 0.010144 Obj: 0.067842 (0.053141)  NNZ: 30 (25)  Ttime: 1.3879 Vtime: 0.0518
Step: 48700000  Loss: 0.052526 Regul: 0.009158 Obj: 0.061684 (0.053141)  NNZ: 27 (25)  Ttime: 1.3889 Vtime: 0.0519
Step: 48800000  Loss: 0.050439 Regul: 0.007797 Obj: 0.058236 (0.053141)  NNZ: 26 (25)  Ttime: 1.3883 Vtime: 0.0518
Step: 48900000  Loss: 0.050445 Regul: 0.007791 Obj: 0.058237 (0.053141)  NNZ: 25 (25)  Ttime: 1.3897 Vtime: 0.0520
Step: 49000000  Loss: 0.054963 Regul: 0.010549 Obj: 0.065512 (0.053141)  NNZ: 36 (25)  Ttime: 1.3926 Vtime: 0.0516
Step: 49100000  Loss: 0.049970 Regul: 0.007688 Obj: 0.057658 (0.053141)  NNZ: 32 (25)  Ttime: 1.3888 Vtime: 0.0516
Step: 49200000  Loss: 0.056907 Regul: 0.010403 Obj: 0.067310 (0.053141)  NNZ: 35 (25)  Ttime: 1.3903 Vtime: 0.0517
Step: 49300000  Loss: 0.054142 Regul: 0.009289 Obj: 0.063431 (0.053141)  NNZ: 35 (25)  Ttime: 1.3898 Vtime: 0.0510
Step: 49400000  Loss: 0.056197 Regul: 0.010885 Obj: 0.067082 (0.053141)  NNZ: 34 (25)  Ttime: 1.3910 Vtime: 0.0524
Step: 49500000  Loss: 0.057262 Regul: 0.007560 Obj: 0.064821 (0.053141)  NNZ: 27 (25)  Ttime: 1.3960 Vtime: 0.0510
Step: 49600000  Loss: 0.048971 Regul: 0.007859 Obj: 0.056831 (0.053141)  NNZ: 26 (25)  Ttime: 1.3918 Vtime: 0.0512
Step: 49700000  Loss: 0.050899 Regul: 0.008550 Obj: 0.059449 (0.053141)  NNZ: 30 (25)  Ttime: 1.3879 Vtime: 0.0515
Step: 49800000  Loss: 0.054414 Regul: 0.009539 Obj: 0.063954 (0.053141)  NNZ: 33 (25)  Ttime: 1.3905 Vtime: 0.0520
Step: 49900000  Loss: 0.054307 Regul: 0.010937 Obj: 0.065244 (0.053141)  NNZ: 34 (25)  Ttime: 1.3859 Vtime: 0.0515
Step: 50000000  Loss: 0.054718 Regul: 0.009447 Obj: 0.064165 (0.053141)  NNZ: 34 (25)  Ttime: 1.3897 Vtime: 0.0516
