mu: 0.005 gamma: 0.015 nIters: 50000000
Load PRParams.
Load RingParams.
Load Labels: 500000
Load Distances: 500000 x 5120
0...10...20...30...40...50...60...70...80...90...100 - done.
Positive samples #250000
Negative samples #250000
Positive train #200000
Negative train #200000
Positive valid #50000
Negative valid #50000

Found GPU: GeForce GTX 970
Compute Capability: 5.2

Best: 100000  Loss: 3.459698 Regul: 0.223881 Obj: 3.683579 (3.683579)  NNZ: 22 (22)  Ttime: 1.4097 Vtime: 0.2253
Stat: nPR #128 (#176) Dim/MaxDim [1024/640] AUC: 0.960517 FPR95: 29.76
Best: 200000  Loss: 1.865563 Regul: 0.224310 Obj: 2.089874 (2.089874)  NNZ: 27 (27)  Ttime: 1.3964 Vtime: 0.0512
Stat: nPR #176 (#216) Dim/MaxDim [1408/640] AUC: 0.976278 FPR95: 15.11
Best: 300000  Loss: 0.793740 Regul: 0.105528 Obj: 0.899268 (0.899268)  NNZ: 19 (19)  Ttime: 1.3955 Vtime: 0.0515
Stat: nPR #124 (#152) Dim/MaxDim [992/640] AUC: 0.975324 FPR95: 14.99
Step: 400000  Loss: 2.617874 Regul: 0.105534 Obj: 2.723408 (0.899268)  NNZ: 24 (19)  Ttime: 1.3990 Vtime: 0.0514
Best: 500000  Loss: 0.313951 Regul: 0.042978 Obj: 0.356930 (0.356930)  NNZ: 14 (14)  Ttime: 1.3977 Vtime: 0.0520
Stat: nPR #88 (#112) Dim/MaxDim [704/640] AUC: 0.976972 FPR95: 12.95
Step: 600000  Loss: 0.321309 Regul: 0.038734 Obj: 0.360042 (0.356930)  NNZ: 13 (14)  Ttime: 1.3954 Vtime: 0.0510
Best: 700000  Loss: 0.255991 Regul: 0.025438 Obj: 0.281429 (0.281429)  NNZ: 10 (10)  Ttime: 1.4017 Vtime: 0.0521
Stat: nPR #68 (#80) Dim/MaxDim [544/640] AUC: 0.971247 FPR95: 18.00 [saved]
Best: 800000  Loss: 0.148260 Regul: 0.012762 Obj: 0.161022 (0.161022)  NNZ: 7 (7)  Ttime: 1.4033 Vtime: 0.0513
Stat: nPR #48 (#56) Dim/MaxDim [384/640] AUC: 0.972341 FPR95: 17.29 [saved]
Step: 900000  Loss: 0.254359 Regul: 0.027120 Obj: 0.281479 (0.161022)  NNZ: 11 (7)  Ttime: 1.4012 Vtime: 0.0514
Step: 1000000  Loss: 0.210570 Regul: 0.023203 Obj: 0.233772 (0.161022)  NNZ: 12 (7)  Ttime: 1.4023 Vtime: 0.0517
Step: 1100000  Loss: 0.205069 Regul: 0.028995 Obj: 0.234064 (0.161022)  NNZ: 10 (7)  Ttime: 1.4004 Vtime: 0.0514
Step: 1200000  Loss: 0.233575 Regul: 0.014214 Obj: 0.247789 (0.161022)  NNZ: 7 (7)  Ttime: 1.4015 Vtime: 0.0524
Step: 1300000  Loss: 0.279507 Regul: 0.035575 Obj: 0.315082 (0.161022)  NNZ: 13 (7)  Ttime: 1.4093 Vtime: 0.0511
Step: 1400000  Loss: 0.536007 Regul: 0.043493 Obj: 0.579500 (0.161022)  NNZ: 12 (7)  Ttime: 1.4053 Vtime: 0.0509
Step: 1500000  Loss: 0.547854 Regul: 0.035195 Obj: 0.583049 (0.161022)  NNZ: 12 (7)  Ttime: 1.4049 Vtime: 0.0515
Step: 1600000  Loss: 0.254849 Regul: 0.022331 Obj: 0.277180 (0.161022)  NNZ: 11 (7)  Ttime: 1.4042 Vtime: 0.0506
Step: 1700000  Loss: 0.298267 Regul: 0.047320 Obj: 0.345587 (0.161022)  NNZ: 25 (7)  Ttime: 1.4019 Vtime: 0.0511
Step: 1800000  Loss: 0.164439 Regul: 0.015591 Obj: 0.180031 (0.161022)  NNZ: 10 (7)  Ttime: 1.4106 Vtime: 0.0512
Step: 1900000  Loss: 0.321812 Regul: 0.039340 Obj: 0.361152 (0.161022)  NNZ: 19 (7)  Ttime: 1.4004 Vtime: 0.0513
Step: 2000000  Loss: 0.262266 Regul: 0.029443 Obj: 0.291709 (0.161022)  NNZ: 13 (7)  Ttime: 1.4019 Vtime: 0.0515
Step: 2100000  Loss: 0.238934 Regul: 0.028768 Obj: 0.267701 (0.161022)  NNZ: 11 (7)  Ttime: 1.4036 Vtime: 0.0512
Step: 2200000  Loss: 0.253366 Regul: 0.028654 Obj: 0.282020 (0.161022)  NNZ: 10 (7)  Ttime: 1.4044 Vtime: 0.0519
Step: 2300000  Loss: 0.417621 Regul: 0.034138 Obj: 0.451758 (0.161022)  NNZ: 17 (7)  Ttime: 1.4033 Vtime: 0.0510
Step: 2400000  Loss: 0.295578 Regul: 0.033018 Obj: 0.328596 (0.161022)  NNZ: 14 (7)  Ttime: 1.4040 Vtime: 0.0516
Step: 2500000  Loss: 0.309129 Regul: 0.045466 Obj: 0.354595 (0.161022)  NNZ: 18 (7)  Ttime: 1.3945 Vtime: 0.0515
Step: 2600000  Loss: 0.148964 Regul: 0.020181 Obj: 0.169145 (0.161022)  NNZ: 12 (7)  Ttime: 1.4024 Vtime: 0.0510
Step: 2700000  Loss: 0.275209 Regul: 0.039402 Obj: 0.314610 (0.161022)  NNZ: 15 (7)  Ttime: 1.3991 Vtime: 0.0525
Best: 2800000  Loss: 0.127992 Regul: 0.007246 Obj: 0.135239 (0.135239)  NNZ: 5 (5)  Ttime: 1.4043 Vtime: 0.0523
Stat: nPR #28 (#40) Dim/MaxDim [224/640] AUC: 0.967759 FPR95: 21.04 [saved]
Step: 2900000  Loss: 0.293497 Regul: 0.015274 Obj: 0.308771 (0.135239)  NNZ: 7 (5)  Ttime: 1.4003 Vtime: 0.0514
Step: 3000000  Loss: 0.178563 Regul: 0.027237 Obj: 0.205800 (0.135239)  NNZ: 15 (5)  Ttime: 1.4008 Vtime: 0.0511
Step: 3100000  Loss: 0.189357 Regul: 0.023812 Obj: 0.213169 (0.135239)  NNZ: 12 (5)  Ttime: 1.4057 Vtime: 0.0512
Step: 3200000  Loss: 0.267899 Regul: 0.014552 Obj: 0.282452 (0.135239)  NNZ: 7 (5)  Ttime: 1.4063 Vtime: 0.0518
Step: 3300000  Loss: 0.907847 Regul: 0.006176 Obj: 0.914023 (0.135239)  NNZ: 4 (5)  Ttime: 1.4014 Vtime: 0.0511
Step: 3400000  Loss: 0.186839 Regul: 0.019258 Obj: 0.206097 (0.135239)  NNZ: 9 (5)  Ttime: 1.3999 Vtime: 0.0519
Step: 3500000  Loss: 0.188237 Regul: 0.024862 Obj: 0.213099 (0.135239)  NNZ: 13 (5)  Ttime: 1.4012 Vtime: 0.0517
Step: 3600000  Loss: 0.352866 Regul: 0.046906 Obj: 0.399771 (0.135239)  NNZ: 21 (5)  Ttime: 1.4047 Vtime: 0.0509
Step: 3700000  Loss: 0.211848 Regul: 0.029336 Obj: 0.241184 (0.135239)  NNZ: 15 (5)  Ttime: 1.4075 Vtime: 0.0511
Step: 3800000  Loss: 0.274156 Regul: 0.031085 Obj: 0.305241 (0.135239)  NNZ: 16 (5)  Ttime: 1.3999 Vtime: 0.0509
Step: 3900000  Loss: 0.206119 Regul: 0.030455 Obj: 0.236574 (0.135239)  NNZ: 16 (5)  Ttime: 1.4013 Vtime: 0.0513
Step: 4000000  Loss: 0.197131 Regul: 0.022406 Obj: 0.219537 (0.135239)  NNZ: 16 (5)  Ttime: 1.4021 Vtime: 0.0517
Step: 4100000  Loss: 0.160800 Regul: 0.010652 Obj: 0.171453 (0.135239)  NNZ: 9 (5)  Ttime: 1.4015 Vtime: 0.0521
Step: 4200000  Loss: 0.265165 Regul: 0.029424 Obj: 0.294589 (0.135239)  NNZ: 16 (5)  Ttime: 1.4013 Vtime: 0.0518
Step: 4300000  Loss: 0.241425 Regul: 0.038633 Obj: 0.280058 (0.135239)  NNZ: 23 (5)  Ttime: 1.4003 Vtime: 0.0516
Step: 4400000  Loss: 0.170854 Regul: 0.014200 Obj: 0.185054 (0.135239)  NNZ: 9 (5)  Ttime: 1.4021 Vtime: 0.0517
Step: 4500000  Loss: 0.128685 Regul: 0.014370 Obj: 0.143056 (0.135239)  NNZ: 11 (5)  Ttime: 1.4025 Vtime: 0.0516
Best: 4600000  Loss: 0.119692 Regul: 0.013022 Obj: 0.132714 (0.132714)  NNZ: 9 (9)  Ttime: 1.4004 Vtime: 0.0515
Stat: nPR #60 (#72) Dim/MaxDim [480/640] AUC: 0.977335 FPR95: 12.66 [saved]
Best: 4700000  Loss: 0.108827 Regul: 0.010520 Obj: 0.119346 (0.119346)  NNZ: 9 (9)  Ttime: 1.4031 Vtime: 0.0514
Stat: nPR #60 (#72) Dim/MaxDim [480/640] AUC: 0.974264 FPR95: 15.39 [saved]
Step: 4800000  Loss: 0.485095 Regul: 0.025411 Obj: 0.510506 (0.119346)  NNZ: 14 (9)  Ttime: 1.4034 Vtime: 0.0515
Best: 4900000  Loss: 0.068840 Regul: 0.005956 Obj: 0.074796 (0.074796)  NNZ: 5 (5)  Ttime: 1.4019 Vtime: 0.0512
Stat: nPR #32 (#40) Dim/MaxDim [256/640] AUC: 0.979451 FPR95: 11.09 [saved]
Step: 5000000  Loss: 0.134036 Regul: 0.012400 Obj: 0.146436 (0.074796)  NNZ: 13 (5)  Ttime: 1.4106 Vtime: 0.0519
Step: 5100000  Loss: 0.288790 Regul: 0.019729 Obj: 0.308519 (0.074796)  NNZ: 12 (5)  Ttime: 1.4029 Vtime: 0.0508
Step: 5200000  Loss: 0.102613 Regul: 0.010236 Obj: 0.112849 (0.074796)  NNZ: 7 (5)  Ttime: 1.4033 Vtime: 0.0514
Step: 5300000  Loss: 0.247005 Regul: 0.026943 Obj: 0.273948 (0.074796)  NNZ: 21 (5)  Ttime: 1.3995 Vtime: 0.0522
Step: 5400000  Loss: 0.149815 Regul: 0.019142 Obj: 0.168957 (0.074796)  NNZ: 12 (5)  Ttime: 1.4012 Vtime: 0.0519
Step: 5500000  Loss: 0.167302 Regul: 0.018073 Obj: 0.185375 (0.074796)  NNZ: 14 (5)  Ttime: 1.4125 Vtime: 0.0511
Step: 5600000  Loss: 0.273320 Regul: 0.015759 Obj: 0.289079 (0.074796)  NNZ: 11 (5)  Ttime: 1.4000 Vtime: 0.0513
Step: 5700000  Loss: 0.076205 Regul: 0.007564 Obj: 0.083770 (0.074796)  NNZ: 8 (5)  Ttime: 1.4030 Vtime: 0.0516
Step: 5800000  Loss: 0.126680 Regul: 0.015954 Obj: 0.142634 (0.074796)  NNZ: 12 (5)  Ttime: 1.4022 Vtime: 0.0522
Step: 5900000  Loss: 0.133568 Regul: 0.010721 Obj: 0.144289 (0.074796)  NNZ: 11 (5)  Ttime: 1.4025 Vtime: 0.0514
Step: 6000000  Loss: 0.154684 Regul: 0.022013 Obj: 0.176697 (0.074796)  NNZ: 16 (5)  Ttime: 1.4037 Vtime: 0.0509
Step: 6100000  Loss: 0.119755 Regul: 0.014029 Obj: 0.133784 (0.074796)  NNZ: 10 (5)  Ttime: 1.4002 Vtime: 0.0519
Step: 6200000  Loss: 0.137313 Regul: 0.016449 Obj: 0.153762 (0.074796)  NNZ: 10 (5)  Ttime: 1.4056 Vtime: 0.0516
Step: 6300000  Loss: 0.120757 Regul: 0.013716 Obj: 0.134473 (0.074796)  NNZ: 10 (5)  Ttime: 1.4031 Vtime: 0.0517
Step: 6400000  Loss: 0.119660 Regul: 0.012944 Obj: 0.132604 (0.074796)  NNZ: 10 (5)  Ttime: 1.4033 Vtime: 0.0514
Step: 6500000  Loss: 0.117268 Regul: 0.011329 Obj: 0.128597 (0.074796)  NNZ: 12 (5)  Ttime: 1.3998 Vtime: 0.0515
Step: 6600000  Loss: 0.069064 Regul: 0.007448 Obj: 0.076513 (0.074796)  NNZ: 9 (5)  Ttime: 1.4392 Vtime: 0.0518
Step: 6700000  Loss: 0.146520 Regul: 0.016229 Obj: 0.162749 (0.074796)  NNZ: 11 (5)  Ttime: 1.3907 Vtime: 0.0517
Step: 6800000  Loss: 0.107802 Regul: 0.012380 Obj: 0.120182 (0.074796)  NNZ: 7 (5)  Ttime: 1.3953 Vtime: 0.0516
Step: 6900000  Loss: 0.166978 Regul: 0.015788 Obj: 0.182766 (0.074796)  NNZ: 12 (5)  Ttime: 1.3938 Vtime: 0.0514
Step: 7000000  Loss: 0.173401 Regul: 0.024219 Obj: 0.197620 (0.074796)  NNZ: 15 (5)  Ttime: 1.3958 Vtime: 0.0513
Step: 7100000  Loss: 0.159196 Regul: 0.019165 Obj: 0.178361 (0.074796)  NNZ: 14 (5)  Ttime: 1.3960 Vtime: 0.0509
Step: 7200000  Loss: 0.160144 Regul: 0.017718 Obj: 0.177862 (0.074796)  NNZ: 11 (5)  Ttime: 1.3985 Vtime: 0.0515
Step: 7300000  Loss: 0.325529 Regul: 0.033431 Obj: 0.358959 (0.074796)  NNZ: 22 (5)  Ttime: 1.3986 Vtime: 0.0514
Step: 7400000  Loss: 0.112442 Regul: 0.014943 Obj: 0.127386 (0.074796)  NNZ: 14 (5)  Ttime: 1.3970 Vtime: 0.0515
Step: 7500000  Loss: 0.097311 Regul: 0.006180 Obj: 0.103491 (0.074796)  NNZ: 7 (5)  Ttime: 1.3980 Vtime: 0.0515
Step: 7600000  Loss: 0.138714 Regul: 0.013611 Obj: 0.152326 (0.074796)  NNZ: 10 (5)  Ttime: 1.3937 Vtime: 0.0513
Step: 7700000  Loss: 0.122564 Regul: 0.015060 Obj: 0.137624 (0.074796)  NNZ: 12 (5)  Ttime: 1.3996 Vtime: 0.0518
Step: 7800000  Loss: 0.110694 Regul: 0.011657 Obj: 0.122352 (0.074796)  NNZ: 11 (5)  Ttime: 1.3936 Vtime: 0.0519
Step: 7900000  Loss: 0.171164 Regul: 0.023235 Obj: 0.194399 (0.074796)  NNZ: 15 (5)  Ttime: 1.3968 Vtime: 0.0513
Step: 8000000  Loss: 0.134235 Regul: 0.013390 Obj: 0.147625 (0.074796)  NNZ: 13 (5)  Ttime: 1.3928 Vtime: 0.0514
Step: 8100000  Loss: 0.271390 Regul: 0.011296 Obj: 0.282686 (0.074796)  NNZ: 8 (5)  Ttime: 1.3950 Vtime: 0.0515
Step: 8200000  Loss: 0.153234 Regul: 0.020883 Obj: 0.174118 (0.074796)  NNZ: 12 (5)  Ttime: 1.4073 Vtime: 0.0519
Step: 8300000  Loss: 0.311305 Regul: 0.009037 Obj: 0.320342 (0.074796)  NNZ: 9 (5)  Ttime: 1.3984 Vtime: 0.0510
Step: 8400000  Loss: 0.143279 Regul: 0.012719 Obj: 0.155997 (0.074796)  NNZ: 11 (5)  Ttime: 1.4063 Vtime: 0.0509
Step: 8500000  Loss: 0.157652 Regul: 0.012209 Obj: 0.169861 (0.074796)  NNZ: 9 (5)  Ttime: 1.3982 Vtime: 0.0516
Step: 8600000  Loss: 0.134593 Regul: 0.016424 Obj: 0.151018 (0.074796)  NNZ: 13 (5)  Ttime: 1.3934 Vtime: 0.0521
Step: 8700000  Loss: 0.098384 Regul: 0.007105 Obj: 0.105489 (0.074796)  NNZ: 13 (5)  Ttime: 1.3964 Vtime: 0.0520
Step: 8800000  Loss: 0.148160 Regul: 0.014349 Obj: 0.162508 (0.074796)  NNZ: 13 (5)  Ttime: 1.3916 Vtime: 0.0512
Step: 8900000  Loss: 0.191930 Regul: 0.029867 Obj: 0.221797 (0.074796)  NNZ: 17 (5)  Ttime: 1.3967 Vtime: 0.0507
Step: 9000000  Loss: 0.145290 Regul: 0.016438 Obj: 0.161728 (0.074796)  NNZ: 15 (5)  Ttime: 1.3952 Vtime: 0.0523
Step: 9100000  Loss: 0.135143 Regul: 0.019485 Obj: 0.154628 (0.074796)  NNZ: 12 (5)  Ttime: 1.3958 Vtime: 0.0513
Step: 9200000  Loss: 0.104601 Regul: 0.010286 Obj: 0.114887 (0.074796)  NNZ: 9 (5)  Ttime: 1.3994 Vtime: 0.0517
Step: 9300000  Loss: 0.107212 Regul: 0.013130 Obj: 0.120343 (0.074796)  NNZ: 11 (5)  Ttime: 1.3960 Vtime: 0.0523
Step: 9400000  Loss: 0.234691 Regul: 0.022302 Obj: 0.256992 (0.074796)  NNZ: 16 (5)  Ttime: 1.4372 Vtime: 0.0512
Step: 9500000  Loss: 0.085122 Regul: 0.007842 Obj: 0.092965 (0.074796)  NNZ: 10 (5)  Ttime: 1.4040 Vtime: 0.0521
Step: 9600000  Loss: 0.103444 Regul: 0.011764 Obj: 0.115208 (0.074796)  NNZ: 10 (5)  Ttime: 1.4045 Vtime: 0.0512
Step: 9700000  Loss: 0.136711 Regul: 0.016093 Obj: 0.152804 (0.074796)  NNZ: 9 (5)  Ttime: 1.4047 Vtime: 0.0517
Step: 9800000  Loss: 0.169703 Regul: 0.016227 Obj: 0.185929 (0.074796)  NNZ: 12 (5)  Ttime: 1.4041 Vtime: 0.0519
Step: 9900000  Loss: 0.111895 Regul: 0.015710 Obj: 0.127606 (0.074796)  NNZ: 16 (5)  Ttime: 1.4031 Vtime: 0.0511
Step: 10000000  Loss: 0.140340 Regul: 0.012786 Obj: 0.153126 (0.074796)  NNZ: 10 (5)  Ttime: 1.4040 Vtime: 0.0515
Step: 10100000  Loss: 0.242776 Regul: 0.019493 Obj: 0.262269 (0.074796)  NNZ: 11 (5)  Ttime: 1.4015 Vtime: 0.0514
Step: 10200000  Loss: 0.107834 Regul: 0.015027 Obj: 0.122861 (0.074796)  NNZ: 13 (5)  Ttime: 1.4039 Vtime: 0.0516
Step: 10300000  Loss: 0.165180 Regul: 0.017236 Obj: 0.182416 (0.074796)  NNZ: 14 (5)  Ttime: 1.4000 Vtime: 0.0518
Step: 10400000  Loss: 0.106188 Regul: 0.012968 Obj: 0.119155 (0.074796)  NNZ: 14 (5)  Ttime: 1.4003 Vtime: 0.0510
Step: 10500000  Loss: 0.134752 Regul: 0.017399 Obj: 0.152151 (0.074796)  NNZ: 12 (5)  Ttime: 1.4030 Vtime: 0.0515
Step: 10600000  Loss: 0.090513 Regul: 0.003644 Obj: 0.094157 (0.074796)  NNZ: 6 (5)  Ttime: 1.4087 Vtime: 0.0512
Step: 10700000  Loss: 0.176025 Regul: 0.009872 Obj: 0.185897 (0.074796)  NNZ: 10 (5)  Ttime: 1.4003 Vtime: 0.0515
Step: 10800000  Loss: 0.132115 Regul: 0.014391 Obj: 0.146506 (0.074796)  NNZ: 10 (5)  Ttime: 1.4001 Vtime: 0.0512
Step: 10900000  Loss: 0.117990 Regul: 0.014061 Obj: 0.132051 (0.074796)  NNZ: 11 (5)  Ttime: 1.4039 Vtime: 0.0513
Step: 11000000  Loss: 0.211867 Regul: 0.014629 Obj: 0.226496 (0.074796)  NNZ: 14 (5)  Ttime: 1.4001 Vtime: 0.0520
Step: 11100000  Loss: 0.133335 Regul: 0.009526 Obj: 0.142861 (0.074796)  NNZ: 9 (5)  Ttime: 1.4015 Vtime: 0.0512
Step: 11200000  Loss: 0.155404 Regul: 0.014818 Obj: 0.170222 (0.074796)  NNZ: 14 (5)  Ttime: 1.3987 Vtime: 0.0517
Step: 11300000  Loss: 0.093193 Regul: 0.008881 Obj: 0.102074 (0.074796)  NNZ: 12 (5)  Ttime: 1.4028 Vtime: 0.0514
Step: 11400000  Loss: 0.118657 Regul: 0.010854 Obj: 0.129510 (0.074796)  NNZ: 11 (5)  Ttime: 1.4014 Vtime: 0.0515
Step: 11500000  Loss: 0.115163 Regul: 0.009189 Obj: 0.124352 (0.074796)  NNZ: 6 (5)  Ttime: 1.4023 Vtime: 0.0519
Step: 11600000  Loss: 0.145976 Regul: 0.018861 Obj: 0.164837 (0.074796)  NNZ: 12 (5)  Ttime: 1.4014 Vtime: 0.0513
Step: 11700000  Loss: 0.230195 Regul: 0.024219 Obj: 0.254414 (0.074796)  NNZ: 21 (5)  Ttime: 1.4011 Vtime: 0.0511
Step: 11800000  Loss: 0.164129 Regul: 0.021143 Obj: 0.185273 (0.074796)  NNZ: 16 (5)  Ttime: 1.4027 Vtime: 0.0517
Step: 11900000  Loss: 0.150249 Regul: 0.016617 Obj: 0.166866 (0.074796)  NNZ: 16 (5)  Ttime: 1.4013 Vtime: 0.0510
Step: 12000000  Loss: 0.226759 Regul: 0.027340 Obj: 0.254099 (0.074796)  NNZ: 14 (5)  Ttime: 1.4004 Vtime: 0.0513
Step: 12100000  Loss: 0.165725 Regul: 0.018517 Obj: 0.184242 (0.074796)  NNZ: 14 (5)  Ttime: 1.4588 Vtime: 0.0517
Step: 12200000  Loss: 0.136551 Regul: 0.010497 Obj: 0.147049 (0.074796)  NNZ: 9 (5)  Ttime: 1.3953 Vtime: 0.0513
Best: 12300000  Loss: 0.063884 Regul: 0.005089 Obj: 0.068973 (0.068973)  NNZ: 8 (8)  Ttime: 1.3948 Vtime: 0.0511
Stat: nPR #56 (#64) Dim/MaxDim [448/640] AUC: 0.978159 FPR95: 12.30 [saved]
Step: 12400000  Loss: 0.195538 Regul: 0.025825 Obj: 0.221362 (0.068973)  NNZ: 20 (8)  Ttime: 1.3948 Vtime: 0.0520
Step: 12500000  Loss: 0.299692 Regul: 0.011591 Obj: 0.311282 (0.068973)  NNZ: 14 (8)  Ttime: 1.3975 Vtime: 0.0517
Step: 12600000  Loss: 0.126585 Regul: 0.015344 Obj: 0.141929 (0.068973)  NNZ: 15 (8)  Ttime: 1.3964 Vtime: 0.0513
Step: 12700000  Loss: 0.109055 Regul: 0.012799 Obj: 0.121854 (0.068973)  NNZ: 17 (8)  Ttime: 1.3953 Vtime: 0.0522
Step: 12800000  Loss: 0.163928 Regul: 0.018580 Obj: 0.182508 (0.068973)  NNZ: 18 (8)  Ttime: 1.4410 Vtime: 0.0518
Step: 12900000  Loss: 0.118996 Regul: 0.011655 Obj: 0.130652 (0.068973)  NNZ: 14 (8)  Ttime: 1.4065 Vtime: 0.0511
Step: 13000000  Loss: 0.151816 Regul: 0.020156 Obj: 0.171972 (0.068973)  NNZ: 17 (8)  Ttime: 1.4069 Vtime: 0.0510
Step: 13100000  Loss: 0.113481 Regul: 0.013583 Obj: 0.127064 (0.068973)  NNZ: 16 (8)  Ttime: 1.3998 Vtime: 0.0522
Step: 13200000  Loss: 0.156820 Regul: 0.021268 Obj: 0.178088 (0.068973)  NNZ: 23 (8)  Ttime: 1.4016 Vtime: 0.0518
Step: 13300000  Loss: 0.132858 Regul: 0.014605 Obj: 0.147463 (0.068973)  NNZ: 13 (8)  Ttime: 1.3999 Vtime: 0.0510
Step: 13400000  Loss: 0.133731 Regul: 0.014545 Obj: 0.148275 (0.068973)  NNZ: 14 (8)  Ttime: 1.4018 Vtime: 0.0510
Step: 13500000  Loss: 0.196950 Regul: 0.011514 Obj: 0.208465 (0.068973)  NNZ: 13 (8)  Ttime: 1.4053 Vtime: 0.0517
Step: 13600000  Loss: 0.127600 Regul: 0.015616 Obj: 0.143217 (0.068973)  NNZ: 16 (8)  Ttime: 1.4037 Vtime: 0.0514
Step: 13700000  Loss: 0.180490 Regul: 0.015162 Obj: 0.195652 (0.068973)  NNZ: 16 (8)  Ttime: 1.4020 Vtime: 0.0520
Step: 13800000  Loss: 0.115477 Regul: 0.011746 Obj: 0.127223 (0.068973)  NNZ: 14 (8)  Ttime: 1.4050 Vtime: 0.0510
Step: 13900000  Loss: 0.085652 Regul: 0.008051 Obj: 0.093703 (0.068973)  NNZ: 10 (8)  Ttime: 1.3988 Vtime: 0.0510
Step: 14000000  Loss: 0.105764 Regul: 0.007464 Obj: 0.113228 (0.068973)  NNZ: 8 (8)  Ttime: 1.4015 Vtime: 0.0511
Step: 14100000  Loss: 0.084497 Regul: 0.007189 Obj: 0.091686 (0.068973)  NNZ: 9 (8)  Ttime: 1.4022 Vtime: 0.0511
Step: 14200000  Loss: 0.097088 Regul: 0.011782 Obj: 0.108870 (0.068973)  NNZ: 15 (8)  Ttime: 1.3991 Vtime: 0.0518
Step: 14300000  Loss: 0.082839 Regul: 0.008004 Obj: 0.090843 (0.068973)  NNZ: 13 (8)  Ttime: 1.4034 Vtime: 0.0518
Step: 14400000  Loss: 0.099878 Regul: 0.004489 Obj: 0.104367 (0.068973)  NNZ: 6 (8)  Ttime: 1.4007 Vtime: 0.0523
Step: 14500000  Loss: 0.126449 Regul: 0.016595 Obj: 0.143043 (0.068973)  NNZ: 18 (8)  Ttime: 1.4014 Vtime: 0.0516
Step: 14600000  Loss: 0.149927 Regul: 0.017045 Obj: 0.166973 (0.068973)  NNZ: 14 (8)  Ttime: 1.3991 Vtime: 0.0515
Step: 14700000  Loss: 0.144002 Regul: 0.013582 Obj: 0.157583 (0.068973)  NNZ: 12 (8)  Ttime: 1.4044 Vtime: 0.0526
Step: 14800000  Loss: 0.104639 Regul: 0.011917 Obj: 0.116556 (0.068973)  NNZ: 13 (8)  Ttime: 1.4006 Vtime: 0.0518
Step: 14900000  Loss: 0.166556 Regul: 0.018970 Obj: 0.185526 (0.068973)  NNZ: 13 (8)  Ttime: 1.4029 Vtime: 0.0510
Step: 15000000  Loss: 0.273528 Regul: 0.021662 Obj: 0.295190 (0.068973)  NNZ: 21 (8)  Ttime: 1.4010 Vtime: 0.0520
Step: 15100000  Loss: 0.104295 Regul: 0.007593 Obj: 0.111888 (0.068973)  NNZ: 10 (8)  Ttime: 1.4029 Vtime: 0.0509
Step: 15200000  Loss: 0.087631 Regul: 0.006987 Obj: 0.094617 (0.068973)  NNZ: 9 (8)  Ttime: 1.4010 Vtime: 0.0515
Step: 15300000  Loss: 0.122727 Regul: 0.015091 Obj: 0.137818 (0.068973)  NNZ: 13 (8)  Ttime: 1.4038 Vtime: 0.0522
Step: 15400000  Loss: 0.178563 Regul: 0.025048 Obj: 0.203611 (0.068973)  NNZ: 24 (8)  Ttime: 1.4027 Vtime: 0.0508
Step: 15500000  Loss: 0.084819 Regul: 0.006069 Obj: 0.090889 (0.068973)  NNZ: 8 (8)  Ttime: 1.3997 Vtime: 0.0519
Best: 15600000  Loss: 0.061723 Regul: 0.003974 Obj: 0.065697 (0.065697)  NNZ: 9 (9)  Ttime: 1.4010 Vtime: 0.0508
Stat: nPR #56 (#72) Dim/MaxDim [448/640] AUC: 0.977139 FPR95: 13.02 [saved]
Step: 15700000  Loss: 0.185631 Regul: 0.017180 Obj: 0.202811 (0.065697)  NNZ: 18 (9)  Ttime: 1.3968 Vtime: 0.0513
Step: 15800000  Loss: 0.127632 Regul: 0.014213 Obj: 0.141845 (0.065697)  NNZ: 14 (9)  Ttime: 1.4039 Vtime: 0.0516
Step: 15900000  Loss: 0.128946 Regul: 0.014931 Obj: 0.143877 (0.065697)  NNZ: 18 (9)  Ttime: 1.4024 Vtime: 0.0512
Step: 16000000  Loss: 0.158796 Regul: 0.018558 Obj: 0.177354 (0.065697)  NNZ: 16 (9)  Ttime: 1.4026 Vtime: 0.0517
Step: 16100000  Loss: 0.085243 Regul: 0.007651 Obj: 0.092893 (0.065697)  NNZ: 12 (9)  Ttime: 1.4028 Vtime: 0.0515
Step: 16200000  Loss: 0.097475 Regul: 0.010624 Obj: 0.108099 (0.065697)  NNZ: 11 (9)  Ttime: 1.4013 Vtime: 0.0520
Step: 16300000  Loss: 0.132502 Regul: 0.012197 Obj: 0.144699 (0.065697)  NNZ: 9 (9)  Ttime: 1.4014 Vtime: 0.0515
Step: 16400000  Loss: 0.090977 Regul: 0.010147 Obj: 0.101124 (0.065697)  NNZ: 18 (9)  Ttime: 1.4061 Vtime: 0.0519
Step: 16500000  Loss: 0.149738 Regul: 0.016173 Obj: 0.165911 (0.065697)  NNZ: 17 (9)  Ttime: 1.4028 Vtime: 0.0514
Step: 16600000  Loss: 0.152702 Regul: 0.016765 Obj: 0.169468 (0.065697)  NNZ: 16 (9)  Ttime: 1.3990 Vtime: 0.0516
Step: 16700000  Loss: 0.149005 Regul: 0.014295 Obj: 0.163300 (0.065697)  NNZ: 14 (9)  Ttime: 1.4044 Vtime: 0.0518
Step: 16800000  Loss: 0.088401 Regul: 0.010233 Obj: 0.098633 (0.065697)  NNZ: 12 (9)  Ttime: 1.3998 Vtime: 0.0518
Step: 16900000  Loss: 0.078407 Regul: 0.008953 Obj: 0.087361 (0.065697)  NNZ: 13 (9)  Ttime: 1.3997 Vtime: 0.0518
Step: 17000000  Loss: 0.063975 Regul: 0.003922 Obj: 0.067897 (0.065697)  NNZ: 9 (9)  Ttime: 1.4057 Vtime: 0.0520
Step: 17100000  Loss: 0.077102 Regul: 0.006339 Obj: 0.083441 (0.065697)  NNZ: 10 (9)  Ttime: 1.4058 Vtime: 0.0511
Step: 17200000  Loss: 0.097543 Regul: 0.008026 Obj: 0.105568 (0.065697)  NNZ: 10 (9)  Ttime: 1.3978 Vtime: 0.0514
Step: 17300000  Loss: 0.138969 Regul: 0.015735 Obj: 0.154704 (0.065697)  NNZ: 13 (9)  Ttime: 1.4045 Vtime: 0.0509
Step: 17400000  Loss: 0.148130 Regul: 0.017720 Obj: 0.165851 (0.065697)  NNZ: 18 (9)  Ttime: 1.4029 Vtime: 0.0521
Step: 17500000  Loss: 0.109430 Regul: 0.012386 Obj: 0.121817 (0.065697)  NNZ: 12 (9)  Ttime: 1.4040 Vtime: 0.0514
Step: 17600000  Loss: 0.070941 Regul: 0.004326 Obj: 0.075266 (0.065697)  NNZ: 6 (9)  Ttime: 1.4034 Vtime: 0.0516
Step: 17700000  Loss: 0.089357 Regul: 0.011178 Obj: 0.100535 (0.065697)  NNZ: 14 (9)  Ttime: 1.4010 Vtime: 0.0516
Step: 17800000  Loss: 0.105319 Regul: 0.011953 Obj: 0.117272 (0.065697)  NNZ: 17 (9)  Ttime: 1.4116 Vtime: 0.0512
Step: 17900000  Loss: 0.082350 Regul: 0.005641 Obj: 0.087991 (0.065697)  NNZ: 10 (9)  Ttime: 1.3996 Vtime: 0.0517
Step: 18000000  Loss: 0.120522 Regul: 0.010510 Obj: 0.131032 (0.065697)  NNZ: 13 (9)  Ttime: 1.4045 Vtime: 0.0512
Step: 18100000  Loss: 0.110391 Regul: 0.009409 Obj: 0.119800 (0.065697)  NNZ: 14 (9)  Ttime: 1.4060 Vtime: 0.0514
Step: 18200000  Loss: 0.161949 Regul: 0.017756 Obj: 0.179705 (0.065697)  NNZ: 17 (9)  Ttime: 1.4038 Vtime: 0.0521
Step: 18300000  Loss: 0.110444 Regul: 0.014219 Obj: 0.124663 (0.065697)  NNZ: 17 (9)  Ttime: 1.4047 Vtime: 0.0515
Step: 18400000  Loss: 0.118634 Regul: 0.009982 Obj: 0.128615 (0.065697)  NNZ: 16 (9)  Ttime: 1.4044 Vtime: 0.0519
Step: 18500000  Loss: 0.092101 Regul: 0.010309 Obj: 0.102410 (0.065697)  NNZ: 16 (9)  Ttime: 1.4062 Vtime: 0.0513
Step: 18600000  Loss: 0.123887 Regul: 0.014711 Obj: 0.138598 (0.065697)  NNZ: 16 (9)  Ttime: 1.4025 Vtime: 0.0515
Step: 18700000  Loss: 0.117083 Regul: 0.007523 Obj: 0.124606 (0.065697)  NNZ: 8 (9)  Ttime: 1.3990 Vtime: 0.0506
Step: 18800000  Loss: 0.092785 Regul: 0.007552 Obj: 0.100338 (0.065697)  NNZ: 7 (9)  Ttime: 1.4018 Vtime: 0.0516
Step: 18900000  Loss: 0.084915 Regul: 0.008861 Obj: 0.093776 (0.065697)  NNZ: 14 (9)  Ttime: 1.4054 Vtime: 0.0512
Step: 19000000  Loss: 0.086727 Regul: 0.008365 Obj: 0.095093 (0.065697)  NNZ: 11 (9)  Ttime: 1.4033 Vtime: 0.0510
Step: 19100000  Loss: 0.099068 Regul: 0.010938 Obj: 0.110006 (0.065697)  NNZ: 14 (9)  Ttime: 1.4045 Vtime: 0.0515
Step: 19200000  Loss: 0.074047 Regul: 0.004736 Obj: 0.078783 (0.065697)  NNZ: 7 (9)  Ttime: 1.4024 Vtime: 0.0521
Step: 19300000  Loss: 0.100553 Regul: 0.009106 Obj: 0.109659 (0.065697)  NNZ: 13 (9)  Ttime: 1.4047 Vtime: 0.0508
Step: 19400000  Loss: 0.062024 Regul: 0.005894 Obj: 0.067918 (0.065697)  NNZ: 12 (9)  Ttime: 1.4056 Vtime: 0.0522
Step: 19500000  Loss: 0.130082 Regul: 0.014412 Obj: 0.144494 (0.065697)  NNZ: 19 (9)  Ttime: 1.4008 Vtime: 0.0510
Step: 19600000  Loss: 0.139165 Regul: 0.014153 Obj: 0.153318 (0.065697)  NNZ: 15 (9)  Ttime: 1.4532 Vtime: 0.0514
Step: 19700000  Loss: 0.168908 Regul: 0.017891 Obj: 0.186799 (0.065697)  NNZ: 16 (9)  Ttime: 1.3972 Vtime: 0.0521
Step: 19800000  Loss: 0.085816 Regul: 0.006260 Obj: 0.092076 (0.065697)  NNZ: 10 (9)  Ttime: 1.3947 Vtime: 0.0505
Step: 19900000  Loss: 0.077274 Regul: 0.009453 Obj: 0.086727 (0.065697)  NNZ: 14 (9)  Ttime: 1.3949 Vtime: 0.0515
Step: 20000000  Loss: 0.084377 Regul: 0.009058 Obj: 0.093434 (0.065697)  NNZ: 13 (9)  Ttime: 1.3914 Vtime: 0.0513
Step: 20100000  Loss: 0.132550 Regul: 0.015847 Obj: 0.148397 (0.065697)  NNZ: 12 (9)  Ttime: 1.3920 Vtime: 0.0517
Step: 20200000  Loss: 0.072027 Regul: 0.006340 Obj: 0.078367 (0.065697)  NNZ: 11 (9)  Ttime: 1.4003 Vtime: 0.0513
Step: 20300000  Loss: 0.071744 Regul: 0.006874 Obj: 0.078618 (0.065697)  NNZ: 12 (9)  Ttime: 1.3983 Vtime: 0.0514
Step: 20400000  Loss: 0.193306 Regul: 0.010132 Obj: 0.203438 (0.065697)  NNZ: 12 (9)  Ttime: 1.3982 Vtime: 0.0510
Best: 20500000  Loss: 0.058604 Regul: 0.003466 Obj: 0.062070 (0.062070)  NNZ: 5 (5)  Ttime: 1.3983 Vtime: 0.0517
Stat: nPR #36 (#40) Dim/MaxDim [288/640] AUC: 0.978098 FPR95: 12.22 [saved]
Step: 20600000  Loss: 0.062292 Regul: 0.003109 Obj: 0.065401 (0.062070)  NNZ: 9 (5)  Ttime: 1.4003 Vtime: 0.0517
Step: 20700000  Loss: 0.072973 Regul: 0.003243 Obj: 0.076215 (0.062070)  NNZ: 6 (5)  Ttime: 1.4466 Vtime: 0.0514
Step: 20800000  Loss: 0.089623 Regul: 0.011672 Obj: 0.101295 (0.062070)  NNZ: 16 (5)  Ttime: 1.4019 Vtime: 0.0511
Step: 20900000  Loss: 0.063591 Regul: 0.005126 Obj: 0.068716 (0.062070)  NNZ: 9 (5)  Ttime: 1.4055 Vtime: 0.0519
Step: 21000000  Loss: 0.108861 Regul: 0.011841 Obj: 0.120702 (0.062070)  NNZ: 12 (5)  Ttime: 1.4149 Vtime: 0.0514
Step: 21100000  Loss: 0.087856 Regul: 0.005663 Obj: 0.093519 (0.062070)  NNZ: 9 (5)  Ttime: 1.4071 Vtime: 0.0522
Step: 21200000  Loss: 0.150471 Regul: 0.015170 Obj: 0.165641 (0.062070)  NNZ: 16 (5)  Ttime: 1.4005 Vtime: 0.0520
Step: 21300000  Loss: 0.073181 Regul: 0.006758 Obj: 0.079939 (0.062070)  NNZ: 12 (5)  Ttime: 1.4007 Vtime: 0.0509
Step: 21400000  Loss: 0.081254 Regul: 0.009155 Obj: 0.090409 (0.062070)  NNZ: 12 (5)  Ttime: 1.4001 Vtime: 0.0517
Step: 21500000  Loss: 0.071915 Regul: 0.005350 Obj: 0.077265 (0.062070)  NNZ: 9 (5)  Ttime: 1.4017 Vtime: 0.0513
Step: 21600000  Loss: 0.119266 Regul: 0.012873 Obj: 0.132139 (0.062070)  NNZ: 16 (5)  Ttime: 1.4020 Vtime: 0.0510
Step: 21700000  Loss: 0.070342 Regul: 0.005916 Obj: 0.076258 (0.062070)  NNZ: 12 (5)  Ttime: 1.3996 Vtime: 0.0523
Step: 21800000  Loss: 0.109491 Regul: 0.014586 Obj: 0.124076 (0.062070)  NNZ: 14 (5)  Ttime: 1.3989 Vtime: 0.0519
Step: 21900000  Loss: 0.091911 Regul: 0.007994 Obj: 0.099906 (0.062070)  NNZ: 10 (5)  Ttime: 1.4013 Vtime: 0.0520
Step: 22000000  Loss: 0.062331 Regul: 0.005355 Obj: 0.067685 (0.062070)  NNZ: 11 (5)  Ttime: 1.4042 Vtime: 0.0514
Step: 22100000  Loss: 0.084599 Regul: 0.004001 Obj: 0.088600 (0.062070)  NNZ: 8 (5)  Ttime: 1.4011 Vtime: 0.0509
Step: 22200000  Loss: 0.077431 Regul: 0.006411 Obj: 0.083842 (0.062070)  NNZ: 11 (5)  Ttime: 1.4015 Vtime: 0.0518
Step: 22300000  Loss: 0.121308 Regul: 0.012936 Obj: 0.134244 (0.062070)  NNZ: 12 (5)  Ttime: 1.4036 Vtime: 0.0520
Step: 22400000  Loss: 0.064468 Regul: 0.003307 Obj: 0.067776 (0.062070)  NNZ: 6 (5)  Ttime: 1.4055 Vtime: 0.0515
Step: 22500000  Loss: 0.123494 Regul: 0.011118 Obj: 0.134612 (0.062070)  NNZ: 14 (5)  Ttime: 1.4046 Vtime: 0.0512
Step: 22600000  Loss: 0.067961 Regul: 0.005637 Obj: 0.073599 (0.062070)  NNZ: 7 (5)  Ttime: 1.4040 Vtime: 0.0510
Step: 22700000  Loss: 0.067442 Regul: 0.002350 Obj: 0.069792 (0.062070)  NNZ: 4 (5)  Ttime: 1.3991 Vtime: 0.0516
Step: 22800000  Loss: 0.157991 Regul: 0.016952 Obj: 0.174943 (0.062070)  NNZ: 15 (5)  Ttime: 1.4015 Vtime: 0.0508
Step: 22900000  Loss: 0.126896 Regul: 0.009693 Obj: 0.136589 (0.062070)  NNZ: 13 (5)  Ttime: 1.3998 Vtime: 0.0515
Step: 23000000  Loss: 0.068937 Regul: 0.005549 Obj: 0.074485 (0.062070)  NNZ: 9 (5)  Ttime: 1.4021 Vtime: 0.0514
Step: 23100000  Loss: 0.098101 Regul: 0.006319 Obj: 0.104420 (0.062070)  NNZ: 8 (5)  Ttime: 1.3999 Vtime: 0.0513
Step: 23200000  Loss: 0.107777 Regul: 0.007770 Obj: 0.115547 (0.062070)  NNZ: 7 (5)  Ttime: 1.4049 Vtime: 0.0515
Step: 23300000  Loss: 0.068951 Regul: 0.006067 Obj: 0.075018 (0.062070)  NNZ: 9 (5)  Ttime: 1.4038 Vtime: 0.0525
Step: 23400000  Loss: 0.068011 Regul: 0.004949 Obj: 0.072961 (0.062070)  NNZ: 9 (5)  Ttime: 1.4046 Vtime: 0.0515
Step: 23500000  Loss: 0.059770 Regul: 0.004152 Obj: 0.063922 (0.062070)  NNZ: 10 (5)  Ttime: 1.4011 Vtime: 0.0514
Step: 23600000  Loss: 0.170280 Regul: 0.011557 Obj: 0.181837 (0.062070)  NNZ: 14 (5)  Ttime: 1.4010 Vtime: 0.0517
Step: 23700000  Loss: 0.072352 Regul: 0.004803 Obj: 0.077154 (0.062070)  NNZ: 7 (5)  Ttime: 1.3996 Vtime: 0.0520
Step: 23800000  Loss: 0.059820 Regul: 0.004905 Obj: 0.064725 (0.062070)  NNZ: 9 (5)  Ttime: 1.4048 Vtime: 0.0514
Step: 23900000  Loss: 0.077405 Regul: 0.008020 Obj: 0.085425 (0.062070)  NNZ: 15 (5)  Ttime: 1.3994 Vtime: 0.0522
Step: 24000000  Loss: 0.071453 Regul: 0.005564 Obj: 0.077017 (0.062070)  NNZ: 9 (5)  Ttime: 1.4046 Vtime: 0.0516
Step: 24100000  Loss: 0.067665 Regul: 0.004489 Obj: 0.072154 (0.062070)  NNZ: 7 (5)  Ttime: 1.4056 Vtime: 0.0517
Step: 24200000  Loss: 0.083798 Regul: 0.007262 Obj: 0.091060 (0.062070)  NNZ: 14 (5)  Ttime: 1.4018 Vtime: 0.0517
Step: 24300000  Loss: 0.081684 Regul: 0.008557 Obj: 0.090241 (0.062070)  NNZ: 8 (5)  Ttime: 1.3992 Vtime: 0.0516
Step: 24400000  Loss: 0.073590 Regul: 0.007374 Obj: 0.080964 (0.062070)  NNZ: 11 (5)  Ttime: 1.4037 Vtime: 0.0514
Step: 24500000  Loss: 0.087779 Regul: 0.005861 Obj: 0.093639 (0.062070)  NNZ: 9 (5)  Ttime: 1.4070 Vtime: 0.0514
Best: 24600000  Loss: 0.055944 Regul: 0.003718 Obj: 0.059663 (0.059663)  NNZ: 10 (10)  Ttime: 1.4010 Vtime: 0.0511
Stat: nPR #64 (#80) Dim/MaxDim [512/640] AUC: 0.979642 FPR95: 10.65 [saved]
Step: 24700000  Loss: 0.165389 Regul: 0.012225 Obj: 0.177615 (0.059663)  NNZ: 18 (10)  Ttime: 1.4130 Vtime: 0.0509
Step: 24800000  Loss: 0.084154 Regul: 0.005906 Obj: 0.090060 (0.059663)  NNZ: 8 (10)  Ttime: 1.4007 Vtime: 0.0513
Step: 24900000  Loss: 0.099078 Regul: 0.011036 Obj: 0.110114 (0.059663)  NNZ: 16 (10)  Ttime: 1.4028 Vtime: 0.0510
Step: 25000000  Loss: 0.069613 Regul: 0.005709 Obj: 0.075322 (0.059663)  NNZ: 9 (10)  Ttime: 1.4045 Vtime: 0.0515
Step: 25100000  Loss: 0.088362 Regul: 0.010046 Obj: 0.098408 (0.059663)  NNZ: 14 (10)  Ttime: 1.4088 Vtime: 0.0518
Step: 25200000  Loss: 0.110808 Regul: 0.009517 Obj: 0.120325 (0.059663)  NNZ: 12 (10)  Ttime: 1.4049 Vtime: 0.0513
Step: 25300000  Loss: 0.081634 Regul: 0.008021 Obj: 0.089655 (0.059663)  NNZ: 12 (10)  Ttime: 1.4051 Vtime: 0.0518
Step: 25400000  Loss: 0.110786 Regul: 0.012436 Obj: 0.123222 (0.059663)  NNZ: 15 (10)  Ttime: 1.4099 Vtime: 0.0524
Step: 25500000  Loss: 0.137175 Regul: 0.007091 Obj: 0.144266 (0.059663)  NNZ: 9 (10)  Ttime: 1.4005 Vtime: 0.0510
Step: 25600000  Loss: 0.105384 Regul: 0.010650 Obj: 0.116034 (0.059663)  NNZ: 16 (10)  Ttime: 1.4050 Vtime: 0.0511
Step: 25700000  Loss: 0.103920 Regul: 0.005024 Obj: 0.108944 (0.059663)  NNZ: 6 (10)  Ttime: 1.4054 Vtime: 0.0514
Step: 25800000  Loss: 0.089147 Regul: 0.008314 Obj: 0.097460 (0.059663)  NNZ: 11 (10)  Ttime: 1.4032 Vtime: 0.0516
Step: 25900000  Loss: 0.318645 Regul: 0.014343 Obj: 0.332988 (0.059663)  NNZ: 15 (10)  Ttime: 1.4007 Vtime: 0.0519
Step: 26000000  Loss: 0.117218 Regul: 0.005588 Obj: 0.122806 (0.059663)  NNZ: 11 (10)  Ttime: 1.4016 Vtime: 0.0518
Step: 26100000  Loss: 0.072127 Regul: 0.007172 Obj: 0.079299 (0.059663)  NNZ: 11 (10)  Ttime: 1.4042 Vtime: 0.0509
Step: 26200000  Loss: 0.083404 Regul: 0.009709 Obj: 0.093113 (0.059663)  NNZ: 12 (10)  Ttime: 1.4057 Vtime: 0.0512
Step: 26300000  Loss: 0.138993 Regul: 0.014109 Obj: 0.153102 (0.059663)  NNZ: 20 (10)  Ttime: 1.4027 Vtime: 0.0515
Step: 26400000  Loss: 0.128246 Regul: 0.006804 Obj: 0.135050 (0.059663)  NNZ: 13 (10)  Ttime: 1.4041 Vtime: 0.0518
Step: 26500000  Loss: 0.101172 Regul: 0.010464 Obj: 0.111636 (0.059663)  NNZ: 10 (10)  Ttime: 1.4043 Vtime: 0.0512
Step: 26600000  Loss: 0.101543 Regul: 0.009293 Obj: 0.110836 (0.059663)  NNZ: 13 (10)  Ttime: 1.4086 Vtime: 0.0511
Step: 26700000  Loss: 0.116422 Regul: 0.010523 Obj: 0.126945 (0.059663)  NNZ: 11 (10)  Ttime: 1.4014 Vtime: 0.0518
Step: 26800000  Loss: 0.104704 Regul: 0.011286 Obj: 0.115991 (0.059663)  NNZ: 19 (10)  Ttime: 1.4067 Vtime: 0.0510
Step: 26900000  Loss: 0.082428 Regul: 0.006423 Obj: 0.088851 (0.059663)  NNZ: 13 (10)  Ttime: 1.4037 Vtime: 0.0509
Step: 27000000  Loss: 0.186283 Regul: 0.010786 Obj: 0.197068 (0.059663)  NNZ: 13 (10)  Ttime: 1.4003 Vtime: 0.0512
Step: 27100000  Loss: 0.093748 Regul: 0.011077 Obj: 0.104825 (0.059663)  NNZ: 14 (10)  Ttime: 1.4039 Vtime: 0.0517
Step: 27200000  Loss: 0.093691 Regul: 0.007043 Obj: 0.100734 (0.059663)  NNZ: 12 (10)  Ttime: 1.4021 Vtime: 0.0516
Step: 27300000  Loss: 0.068039 Regul: 0.004227 Obj: 0.072266 (0.059663)  NNZ: 10 (10)  Ttime: 1.4035 Vtime: 0.0512
Step: 27400000  Loss: 0.093368 Regul: 0.007644 Obj: 0.101012 (0.059663)  NNZ: 15 (10)  Ttime: 1.4025 Vtime: 0.0511
Step: 27500000  Loss: 0.086072 Regul: 0.007979 Obj: 0.094051 (0.059663)  NNZ: 11 (10)  Ttime: 1.4074 Vtime: 0.0512
Step: 27600000  Loss: 0.091506 Regul: 0.006940 Obj: 0.098447 (0.059663)  NNZ: 11 (10)  Ttime: 1.4050 Vtime: 0.0515
Step: 27700000  Loss: 0.140817 Regul: 0.004907 Obj: 0.145724 (0.059663)  NNZ: 5 (10)  Ttime: 1.4075 Vtime: 0.0524
Step: 27800000  Loss: 0.101138 Regul: 0.005482 Obj: 0.106620 (0.059663)  NNZ: 9 (10)  Ttime: 1.4038 Vtime: 0.0516
Step: 27900000  Loss: 0.105213 Regul: 0.010137 Obj: 0.115349 (0.059663)  NNZ: 11 (10)  Ttime: 1.4053 Vtime: 0.0508
Step: 28000000  Loss: 0.065562 Regul: 0.003524 Obj: 0.069086 (0.059663)  NNZ: 9 (10)  Ttime: 1.3995 Vtime: 0.0516
Step: 28100000  Loss: 0.092063 Regul: 0.006835 Obj: 0.098898 (0.059663)  NNZ: 10 (10)  Ttime: 1.4090 Vtime: 0.0519
Step: 28200000  Loss: 0.075037 Regul: 0.006622 Obj: 0.081659 (0.059663)  NNZ: 10 (10)  Ttime: 1.4003 Vtime: 0.0511
Step: 28300000  Loss: 0.101975 Regul: 0.010523 Obj: 0.112498 (0.059663)  NNZ: 11 (10)  Ttime: 1.4037 Vtime: 0.0513
Step: 28400000  Loss: 0.058702 Regul: 0.004584 Obj: 0.063286 (0.059663)  NNZ: 9 (10)  Ttime: 1.4045 Vtime: 0.0512
Step: 28500000  Loss: 0.085750 Regul: 0.007071 Obj: 0.092821 (0.059663)  NNZ: 7 (10)  Ttime: 1.4009 Vtime: 0.0511
Step: 28600000  Loss: 0.106066 Regul: 0.008584 Obj: 0.114650 (0.059663)  NNZ: 12 (10)  Ttime: 1.4026 Vtime: 0.0515
Step: 28700000  Loss: 0.082433 Regul: 0.008455 Obj: 0.090888 (0.059663)  NNZ: 14 (10)  Ttime: 1.4026 Vtime: 0.0518
Step: 28800000  Loss: 0.064269 Regul: 0.004548 Obj: 0.068818 (0.059663)  NNZ: 8 (10)  Ttime: 1.4043 Vtime: 0.0514
Step: 28900000  Loss: 0.063571 Regul: 0.005488 Obj: 0.069059 (0.059663)  NNZ: 12 (10)  Ttime: 1.4006 Vtime: 0.0514
Step: 29000000  Loss: 0.105944 Regul: 0.008779 Obj: 0.114722 (0.059663)  NNZ: 16 (10)  Ttime: 1.4037 Vtime: 0.0522
Step: 29100000  Loss: 0.094654 Regul: 0.006786 Obj: 0.101440 (0.059663)  NNZ: 14 (10)  Ttime: 1.4006 Vtime: 0.0517
Step: 29200000  Loss: 0.154168 Regul: 0.007408 Obj: 0.161576 (0.059663)  NNZ: 18 (10)  Ttime: 1.4026 Vtime: 0.0517
Step: 29300000  Loss: 0.085557 Regul: 0.004373 Obj: 0.089929 (0.059663)  NNZ: 8 (10)  Ttime: 1.4037 Vtime: 0.0512
Step: 29400000  Loss: 0.108537 Regul: 0.007144 Obj: 0.115680 (0.059663)  NNZ: 18 (10)  Ttime: 1.4030 Vtime: 0.0512
Step: 29500000  Loss: 0.139423 Regul: 0.005394 Obj: 0.144818 (0.059663)  NNZ: 10 (10)  Ttime: 1.4042 Vtime: 0.0515
Step: 29600000  Loss: 0.073091 Regul: 0.006645 Obj: 0.079735 (0.059663)  NNZ: 12 (10)  Ttime: 1.4047 Vtime: 0.0516
Step: 29700000  Loss: 0.104532 Regul: 0.003030 Obj: 0.107562 (0.059663)  NNZ: 6 (10)  Ttime: 1.4074 Vtime: 0.0523
Step: 29800000  Loss: 0.076175 Regul: 0.003444 Obj: 0.079618 (0.059663)  NNZ: 7 (10)  Ttime: 1.4022 Vtime: 0.0516
Step: 29900000  Loss: 0.058823 Regul: 0.003936 Obj: 0.062758 (0.059663)  NNZ: 5 (10)  Ttime: 1.4013 Vtime: 0.0517
Best: 30000000  Loss: 0.054118 Regul: 0.003156 Obj: 0.057275 (0.057275)  NNZ: 7 (7)  Ttime: 1.3999 Vtime: 0.0516
Stat: nPR #44 (#56) Dim/MaxDim [352/640] AUC: 0.979454 FPR95: 11.04 [saved]
Step: 30100000  Loss: 0.061129 Regul: 0.004387 Obj: 0.065516 (0.057275)  NNZ: 8 (7)  Ttime: 1.4033 Vtime: 0.0512
Step: 30200000  Loss: 0.065387 Regul: 0.005774 Obj: 0.071161 (0.057275)  NNZ: 12 (7)  Ttime: 1.4047 Vtime: 0.0508
Step: 30300000  Loss: 0.129201 Regul: 0.015728 Obj: 0.144930 (0.057275)  NNZ: 25 (7)  Ttime: 1.4017 Vtime: 0.0517
Step: 30400000  Loss: 0.069963 Regul: 0.006018 Obj: 0.075981 (0.057275)  NNZ: 11 (7)  Ttime: 1.4097 Vtime: 0.0520
Step: 30500000  Loss: 0.109543 Regul: 0.014029 Obj: 0.123572 (0.057275)  NNZ: 17 (7)  Ttime: 1.4048 Vtime: 0.0518
Step: 30600000  Loss: 0.145390 Regul: 0.011949 Obj: 0.157339 (0.057275)  NNZ: 14 (7)  Ttime: 1.3983 Vtime: 0.0512
Step: 30700000  Loss: 0.075632 Regul: 0.003601 Obj: 0.079233 (0.057275)  NNZ: 5 (7)  Ttime: 1.4056 Vtime: 0.0517
Step: 30800000  Loss: 0.076967 Regul: 0.006549 Obj: 0.083516 (0.057275)  NNZ: 9 (7)  Ttime: 1.4035 Vtime: 0.0517
Step: 30900000  Loss: 0.075090 Regul: 0.007171 Obj: 0.082261 (0.057275)  NNZ: 12 (7)  Ttime: 1.4054 Vtime: 0.0525
Step: 31000000  Loss: 0.053811 Regul: 0.004109 Obj: 0.057920 (0.057275)  NNZ: 12 (7)  Ttime: 1.4121 Vtime: 0.0516
Step: 31100000  Loss: 0.064677 Regul: 0.004675 Obj: 0.069352 (0.057275)  NNZ: 10 (7)  Ttime: 1.4057 Vtime: 0.0510
Step: 31200000  Loss: 0.075785 Regul: 0.006190 Obj: 0.081975 (0.057275)  NNZ: 10 (7)  Ttime: 1.4040 Vtime: 0.0516
Step: 31300000  Loss: 0.073260 Regul: 0.006384 Obj: 0.079644 (0.057275)  NNZ: 10 (7)  Ttime: 1.4055 Vtime: 0.0517
Step: 31400000  Loss: 0.067890 Regul: 0.006425 Obj: 0.074315 (0.057275)  NNZ: 10 (7)  Ttime: 1.4020 Vtime: 0.0525
Step: 31500000  Loss: 0.084245 Regul: 0.005452 Obj: 0.089697 (0.057275)  NNZ: 11 (7)  Ttime: 1.4048 Vtime: 0.0509
Step: 31600000  Loss: 0.069938 Regul: 0.003230 Obj: 0.073168 (0.057275)  NNZ: 5 (7)  Ttime: 1.4051 Vtime: 0.0513
Step: 31700000  Loss: 0.066767 Regul: 0.003531 Obj: 0.070298 (0.057275)  NNZ: 6 (7)  Ttime: 1.4022 Vtime: 0.0514
Step: 31800000  Loss: 0.080730 Regul: 0.008611 Obj: 0.089341 (0.057275)  NNZ: 10 (7)  Ttime: 1.4056 Vtime: 0.0514
Step: 31900000  Loss: 0.117351 Regul: 0.010568 Obj: 0.127919 (0.057275)  NNZ: 13 (7)  Ttime: 1.4042 Vtime: 0.0512
Step: 32000000  Loss: 0.080085 Regul: 0.007110 Obj: 0.087195 (0.057275)  NNZ: 14 (7)  Ttime: 1.4048 Vtime: 0.0517
Step: 32100000  Loss: 0.064469 Regul: 0.003964 Obj: 0.068433 (0.057275)  NNZ: 8 (7)  Ttime: 1.4040 Vtime: 0.0509
Step: 32200000  Loss: 0.094794 Regul: 0.007281 Obj: 0.102076 (0.057275)  NNZ: 12 (7)  Ttime: 1.4002 Vtime: 0.0515
Step: 32300000  Loss: 0.076058 Regul: 0.001614 Obj: 0.077672 (0.057275)  NNZ: 7 (7)  Ttime: 1.4026 Vtime: 0.0515
Best: 32400000  Loss: 0.052405 Regul: 0.003418 Obj: 0.055823 (0.055823)  NNZ: 8 (8)  Ttime: 1.4048 Vtime: 0.0516
Stat: nPR #52 (#64) Dim/MaxDim [416/640] AUC: 0.980269 FPR95: 9.92 [saved]
Step: 32500000  Loss: 0.083608 Regul: 0.008740 Obj: 0.092348 (0.055823)  NNZ: 18 (8)  Ttime: 1.4018 Vtime: 0.0515
Step: 32600000  Loss: 0.094199 Regul: 0.004473 Obj: 0.098672 (0.055823)  NNZ: 8 (8)  Ttime: 1.4024 Vtime: 0.0517
Step: 32700000  Loss: 0.110018 Regul: 0.012169 Obj: 0.122186 (0.055823)  NNZ: 13 (8)  Ttime: 1.4030 Vtime: 0.0507
Step: 32800000  Loss: 0.070169 Regul: 0.005132 Obj: 0.075300 (0.055823)  NNZ: 11 (8)  Ttime: 1.3996 Vtime: 0.0520
Step: 32900000  Loss: 0.078331 Regul: 0.005682 Obj: 0.084013 (0.055823)  NNZ: 11 (8)  Ttime: 1.4058 Vtime: 0.0514
Step: 33000000  Loss: 0.116525 Regul: 0.009115 Obj: 0.125640 (0.055823)  NNZ: 14 (8)  Ttime: 1.4052 Vtime: 0.0517
Step: 33100000  Loss: 0.082902 Regul: 0.008546 Obj: 0.091447 (0.055823)  NNZ: 12 (8)  Ttime: 1.4032 Vtime: 0.0512
Step: 33200000  Loss: 0.093494 Regul: 0.010374 Obj: 0.103868 (0.055823)  NNZ: 14 (8)  Ttime: 1.3993 Vtime: 0.0522
Step: 33300000  Loss: 0.062893 Regul: 0.003619 Obj: 0.066512 (0.055823)  NNZ: 5 (8)  Ttime: 1.4033 Vtime: 0.0512
Step: 33400000  Loss: 0.105160 Regul: 0.005087 Obj: 0.110247 (0.055823)  NNZ: 10 (8)  Ttime: 1.4015 Vtime: 0.0515
Step: 33500000  Loss: 0.068684 Regul: 0.005629 Obj: 0.074313 (0.055823)  NNZ: 10 (8)  Ttime: 1.4018 Vtime: 0.0511
Step: 33600000  Loss: 0.130400 Regul: 0.014191 Obj: 0.144592 (0.055823)  NNZ: 14 (8)  Ttime: 1.4017 Vtime: 0.0520
Step: 33700000  Loss: 0.115453 Regul: 0.016157 Obj: 0.131609 (0.055823)  NNZ: 20 (8)  Ttime: 1.4008 Vtime: 0.0515
Step: 33800000  Loss: 0.096932 Regul: 0.011521 Obj: 0.108453 (0.055823)  NNZ: 15 (8)  Ttime: 1.3997 Vtime: 0.0518
Step: 33900000  Loss: 0.188438 Regul: 0.015612 Obj: 0.204050 (0.055823)  NNZ: 18 (8)  Ttime: 1.4042 Vtime: 0.0510
Step: 34000000  Loss: 0.084695 Regul: 0.009073 Obj: 0.093767 (0.055823)  NNZ: 14 (8)  Ttime: 1.4025 Vtime: 0.0523
Step: 34100000  Loss: 0.076129 Regul: 0.005571 Obj: 0.081700 (0.055823)  NNZ: 10 (8)  Ttime: 1.4036 Vtime: 0.0518
Step: 34200000  Loss: 0.108230 Regul: 0.010881 Obj: 0.119111 (0.055823)  NNZ: 14 (8)  Ttime: 1.4012 Vtime: 0.0508
Step: 34300000  Loss: 0.088251 Regul: 0.008490 Obj: 0.096741 (0.055823)  NNZ: 13 (8)  Ttime: 1.4008 Vtime: 0.0513
Step: 34400000  Loss: 0.214758 Regul: 0.008912 Obj: 0.223670 (0.055823)  NNZ: 10 (8)  Ttime: 1.4036 Vtime: 0.0520
Step: 34500000  Loss: 0.077633 Regul: 0.005389 Obj: 0.083023 (0.055823)  NNZ: 10 (8)  Ttime: 1.3973 Vtime: 0.0517
Step: 34600000  Loss: 0.085282 Regul: 0.010722 Obj: 0.096005 (0.055823)  NNZ: 18 (8)  Ttime: 1.3984 Vtime: 0.0522
Step: 34700000  Loss: 0.175559 Regul: 0.014621 Obj: 0.190180 (0.055823)  NNZ: 16 (8)  Ttime: 1.3999 Vtime: 0.0513
Step: 34800000  Loss: 0.099519 Regul: 0.009929 Obj: 0.109448 (0.055823)  NNZ: 12 (8)  Ttime: 1.4012 Vtime: 0.0515
Step: 34900000  Loss: 0.116087 Regul: 0.008933 Obj: 0.125020 (0.055823)  NNZ: 9 (8)  Ttime: 1.4026 Vtime: 0.0516
Step: 35000000  Loss: 0.087428 Regul: 0.010670 Obj: 0.098097 (0.055823)  NNZ: 16 (8)  Ttime: 1.4035 Vtime: 0.0519
Step: 35100000  Loss: 0.100164 Regul: 0.011131 Obj: 0.111295 (0.055823)  NNZ: 15 (8)  Ttime: 1.4060 Vtime: 0.0516
Step: 35200000  Loss: 0.179528 Regul: 0.018837 Obj: 0.198365 (0.055823)  NNZ: 22 (8)  Ttime: 1.3969 Vtime: 0.0511
Step: 35300000  Loss: 0.107040 Regul: 0.013117 Obj: 0.120157 (0.055823)  NNZ: 13 (8)  Ttime: 1.4007 Vtime: 0.0522
Step: 35400000  Loss: 0.130286 Regul: 0.014128 Obj: 0.144414 (0.055823)  NNZ: 18 (8)  Ttime: 1.4028 Vtime: 0.0521
Step: 35500000  Loss: 0.144906 Regul: 0.014843 Obj: 0.159748 (0.055823)  NNZ: 20 (8)  Ttime: 1.3992 Vtime: 0.0525
Step: 35600000  Loss: 0.082214 Regul: 0.009857 Obj: 0.092072 (0.055823)  NNZ: 18 (8)  Ttime: 1.4032 Vtime: 0.0514
Step: 35700000  Loss: 0.114662 Regul: 0.015452 Obj: 0.130114 (0.055823)  NNZ: 17 (8)  Ttime: 1.3986 Vtime: 0.0516
Step: 35800000  Loss: 0.092925 Regul: 0.011318 Obj: 0.104244 (0.055823)  NNZ: 13 (8)  Ttime: 1.4046 Vtime: 0.0522
Step: 35900000  Loss: 0.093259 Regul: 0.011906 Obj: 0.105165 (0.055823)  NNZ: 17 (8)  Ttime: 1.4013 Vtime: 0.0512
Step: 36000000  Loss: 0.224544 Regul: 0.006826 Obj: 0.231370 (0.055823)  NNZ: 11 (8)  Ttime: 1.4009 Vtime: 0.0517
Step: 36100000  Loss: 0.135599 Regul: 0.005800 Obj: 0.141399 (0.055823)  NNZ: 10 (8)  Ttime: 1.3990 Vtime: 0.0518
Step: 36200000  Loss: 0.122675 Regul: 0.016631 Obj: 0.139306 (0.055823)  NNZ: 20 (8)  Ttime: 1.4027 Vtime: 0.0512
Step: 36300000  Loss: 0.103593 Regul: 0.008758 Obj: 0.112350 (0.055823)  NNZ: 11 (8)  Ttime: 1.3993 Vtime: 0.0510
Step: 36400000  Loss: 0.154608 Regul: 0.020134 Obj: 0.174743 (0.055823)  NNZ: 25 (8)  Ttime: 1.4007 Vtime: 0.0511
Step: 36500000  Loss: 0.071231 Regul: 0.004910 Obj: 0.076141 (0.055823)  NNZ: 9 (8)  Ttime: 1.4034 Vtime: 0.0518
Step: 36600000  Loss: 0.106822 Regul: 0.009905 Obj: 0.116727 (0.055823)  NNZ: 16 (8)  Ttime: 1.4020 Vtime: 0.0513
Step: 36700000  Loss: 0.088952 Regul: 0.010311 Obj: 0.099263 (0.055823)  NNZ: 14 (8)  Ttime: 1.3992 Vtime: 0.0516
Step: 36800000  Loss: 0.129061 Regul: 0.012116 Obj: 0.141177 (0.055823)  NNZ: 17 (8)  Ttime: 1.3993 Vtime: 0.0511
Step: 36900000  Loss: 0.117265 Regul: 0.014206 Obj: 0.131471 (0.055823)  NNZ: 17 (8)  Ttime: 1.4054 Vtime: 0.0520
Step: 37000000  Loss: 0.097748 Regul: 0.009961 Obj: 0.107709 (0.055823)  NNZ: 13 (8)  Ttime: 1.3998 Vtime: 0.0516
Step: 37100000  Loss: 0.088664 Regul: 0.010777 Obj: 0.099441 (0.055823)  NNZ: 14 (8)  Ttime: 1.3987 Vtime: 0.0511
Step: 37200000  Loss: 0.113121 Regul: 0.012127 Obj: 0.125248 (0.055823)  NNZ: 12 (8)  Ttime: 1.4018 Vtime: 0.0519
Step: 37300000  Loss: 0.089437 Regul: 0.009142 Obj: 0.098579 (0.055823)  NNZ: 13 (8)  Ttime: 1.4027 Vtime: 0.0513
Step: 37400000  Loss: 0.078206 Regul: 0.008604 Obj: 0.086810 (0.055823)  NNZ: 14 (8)  Ttime: 1.4048 Vtime: 0.0511
Best: 37500000  Loss: 0.051552 Regul: 0.002906 Obj: 0.054457 (0.054457)  NNZ: 8 (8)  Ttime: 1.3983 Vtime: 0.0514
Stat: nPR #52 (#64) Dim/MaxDim [416/640] AUC: 0.980190 FPR95: 10.17 [saved]
Step: 37600000  Loss: 0.114430 Regul: 0.014338 Obj: 0.128768 (0.054457)  NNZ: 16 (8)  Ttime: 1.4025 Vtime: 0.0511
Step: 37700000  Loss: 0.117303 Regul: 0.015322 Obj: 0.132625 (0.054457)  NNZ: 14 (8)  Ttime: 1.4028 Vtime: 0.0519
Step: 37800000  Loss: 0.196021 Regul: 0.020424 Obj: 0.216444 (0.054457)  NNZ: 20 (8)  Ttime: 1.4025 Vtime: 0.0512
Step: 37900000  Loss: 0.298965 Regul: 0.006340 Obj: 0.305305 (0.054457)  NNZ: 11 (8)  Ttime: 1.4017 Vtime: 0.0517
Step: 38000000  Loss: 0.109064 Regul: 0.014642 Obj: 0.123706 (0.054457)  NNZ: 17 (8)  Ttime: 1.4029 Vtime: 0.0507
Step: 38100000  Loss: 0.071305 Regul: 0.007363 Obj: 0.078669 (0.054457)  NNZ: 11 (8)  Ttime: 1.4010 Vtime: 0.0514
Step: 38200000  Loss: 0.192922 Regul: 0.010056 Obj: 0.202978 (0.054457)  NNZ: 11 (8)  Ttime: 1.4008 Vtime: 0.0513
Step: 38300000  Loss: 0.073123 Regul: 0.006439 Obj: 0.079562 (0.054457)  NNZ: 9 (8)  Ttime: 1.4000 Vtime: 0.0517
Step: 38400000  Loss: 0.152715 Regul: 0.017086 Obj: 0.169801 (0.054457)  NNZ: 18 (8)  Ttime: 1.4022 Vtime: 0.0517
Step: 38500000  Loss: 0.126576 Regul: 0.011033 Obj: 0.137608 (0.054457)  NNZ: 16 (8)  Ttime: 1.4026 Vtime: 0.0513
Step: 38600000  Loss: 0.091132 Regul: 0.011824 Obj: 0.102956 (0.054457)  NNZ: 18 (8)  Ttime: 1.3997 Vtime: 0.0518
Step: 38700000  Loss: 0.110065 Regul: 0.012424 Obj: 0.122489 (0.054457)  NNZ: 15 (8)  Ttime: 1.4016 Vtime: 0.0511
Step: 38800000  Loss: 0.074900 Regul: 0.008107 Obj: 0.083006 (0.054457)  NNZ: 13 (8)  Ttime: 1.4012 Vtime: 0.0527
Step: 38900000  Loss: 0.102841 Regul: 0.010157 Obj: 0.112999 (0.054457)  NNZ: 12 (8)  Ttime: 1.4004 Vtime: 0.0507
Step: 39000000  Loss: 0.100126 Regul: 0.011876 Obj: 0.112003 (0.054457)  NNZ: 13 (8)  Ttime: 1.4021 Vtime: 0.0522
Step: 39100000  Loss: 0.123381 Regul: 0.016594 Obj: 0.139975 (0.054457)  NNZ: 16 (8)  Ttime: 1.3992 Vtime: 0.0516
Step: 39200000  Loss: 0.112143 Regul: 0.014553 Obj: 0.126696 (0.054457)  NNZ: 14 (8)  Ttime: 1.4036 Vtime: 0.0510
Step: 39300000  Loss: 0.157961 Regul: 0.012036 Obj: 0.169997 (0.054457)  NNZ: 12 (8)  Ttime: 1.4020 Vtime: 0.0523
Step: 39400000  Loss: 0.118365 Regul: 0.015391 Obj: 0.133756 (0.054457)  NNZ: 15 (8)  Ttime: 1.4019 Vtime: 0.0513
Step: 39500000  Loss: 0.105465 Regul: 0.013925 Obj: 0.119390 (0.054457)  NNZ: 16 (8)  Ttime: 1.4001 Vtime: 0.0522
Step: 39600000  Loss: 0.085950 Regul: 0.009890 Obj: 0.095840 (0.054457)  NNZ: 18 (8)  Ttime: 1.4037 Vtime: 0.0512
Step: 39700000  Loss: 0.120257 Regul: 0.017139 Obj: 0.137396 (0.054457)  NNZ: 22 (8)  Ttime: 1.4583 Vtime: 0.0511
Step: 39800000  Loss: 0.136053 Regul: 0.014088 Obj: 0.150141 (0.054457)  NNZ: 21 (8)  Ttime: 1.3949 Vtime: 0.0509
Step: 39900000  Loss: 0.086568 Regul: 0.010460 Obj: 0.097028 (0.054457)  NNZ: 14 (8)  Ttime: 1.3981 Vtime: 0.0507
Step: 40000000  Loss: 0.142849 Regul: 0.017781 Obj: 0.160630 (0.054457)  NNZ: 21 (8)  Ttime: 1.3939 Vtime: 0.0511
Step: 40100000  Loss: 0.133617 Regul: 0.012485 Obj: 0.146102 (0.054457)  NNZ: 13 (8)  Ttime: 1.3927 Vtime: 0.0513
Step: 40200000  Loss: 0.112661 Regul: 0.011128 Obj: 0.123789 (0.054457)  NNZ: 16 (8)  Ttime: 1.3957 Vtime: 0.0512
Step: 40300000  Loss: 0.124231 Regul: 0.013608 Obj: 0.137839 (0.054457)  NNZ: 14 (8)  Ttime: 1.3928 Vtime: 0.0514
Step: 40400000  Loss: 0.087241 Regul: 0.011680 Obj: 0.098921 (0.054457)  NNZ: 18 (8)  Ttime: 1.3934 Vtime: 0.0516
Step: 40500000  Loss: 0.088547 Regul: 0.008590 Obj: 0.097137 (0.054457)  NNZ: 17 (8)  Ttime: 1.3976 Vtime: 0.0513
Step: 40600000  Loss: 0.120905 Regul: 0.016583 Obj: 0.137488 (0.054457)  NNZ: 19 (8)  Ttime: 1.3934 Vtime: 0.0516
Step: 40700000  Loss: 0.126206 Regul: 0.013455 Obj: 0.139661 (0.054457)  NNZ: 17 (8)  Ttime: 1.3987 Vtime: 0.0506
Step: 40800000  Loss: 0.122361 Regul: 0.016389 Obj: 0.138750 (0.054457)  NNZ: 23 (8)  Ttime: 1.3929 Vtime: 0.0521
Step: 40900000  Loss: 0.140756 Regul: 0.016450 Obj: 0.157206 (0.054457)  NNZ: 20 (8)  Ttime: 1.3971 Vtime: 0.0528
Step: 41000000  Loss: 0.133347 Regul: 0.016564 Obj: 0.149910 (0.054457)  NNZ: 19 (8)  Ttime: 1.4305 Vtime: 0.0525
Step: 41100000  Loss: 0.132764 Regul: 0.014380 Obj: 0.147143 (0.054457)  NNZ: 19 (8)  Ttime: 1.4106 Vtime: 0.0514
Step: 41200000  Loss: 0.086354 Regul: 0.010306 Obj: 0.096661 (0.054457)  NNZ: 15 (8)  Ttime: 1.3997 Vtime: 0.0512
Step: 41300000  Loss: 0.089470 Regul: 0.007937 Obj: 0.097407 (0.054457)  NNZ: 15 (8)  Ttime: 1.3991 Vtime: 0.0518
Step: 41400000  Loss: 0.119367 Regul: 0.010291 Obj: 0.129658 (0.054457)  NNZ: 17 (8)  Ttime: 1.4001 Vtime: 0.0510
Step: 41500000  Loss: 0.089711 Regul: 0.011150 Obj: 0.100861 (0.054457)  NNZ: 17 (8)  Ttime: 1.4037 Vtime: 0.0515
Step: 41600000  Loss: 0.097391 Regul: 0.014030 Obj: 0.111421 (0.054457)  NNZ: 17 (8)  Ttime: 1.4033 Vtime: 0.0520
Step: 41700000  Loss: 0.111753 Regul: 0.013169 Obj: 0.124922 (0.054457)  NNZ: 13 (8)  Ttime: 1.4048 Vtime: 0.0517
Step: 41800000  Loss: 0.101289 Regul: 0.009009 Obj: 0.110298 (0.054457)  NNZ: 20 (8)  Ttime: 1.4047 Vtime: 0.0514
Step: 41900000  Loss: 0.115711 Regul: 0.011614 Obj: 0.127325 (0.054457)  NNZ: 14 (8)  Ttime: 1.4048 Vtime: 0.0510
Step: 42000000  Loss: 0.162056 Regul: 0.023141 Obj: 0.185197 (0.054457)  NNZ: 19 (8)  Ttime: 1.4067 Vtime: 0.0520
Step: 42100000  Loss: 0.087242 Regul: 0.010460 Obj: 0.097702 (0.054457)  NNZ: 17 (8)  Ttime: 1.4001 Vtime: 0.0512
Step: 42200000  Loss: 0.081366 Regul: 0.009167 Obj: 0.090533 (0.054457)  NNZ: 14 (8)  Ttime: 1.4081 Vtime: 0.0519
Step: 42300000  Loss: 0.096379 Regul: 0.011986 Obj: 0.108365 (0.054457)  NNZ: 16 (8)  Ttime: 1.4057 Vtime: 0.0515
Step: 42400000  Loss: 0.109970 Regul: 0.013015 Obj: 0.122985 (0.054457)  NNZ: 13 (8)  Ttime: 1.4072 Vtime: 0.0520
Step: 42500000  Loss: 0.112972 Regul: 0.013660 Obj: 0.126632 (0.054457)  NNZ: 15 (8)  Ttime: 1.4008 Vtime: 0.0510
Step: 42600000  Loss: 0.112253 Regul: 0.010707 Obj: 0.122960 (0.054457)  NNZ: 14 (8)  Ttime: 1.4019 Vtime: 0.0521
Step: 42700000  Loss: 0.149085 Regul: 0.011183 Obj: 0.160268 (0.054457)  NNZ: 18 (8)  Ttime: 1.4128 Vtime: 0.0520
Step: 42800000  Loss: 0.082687 Regul: 0.009609 Obj: 0.092297 (0.054457)  NNZ: 16 (8)  Ttime: 1.4004 Vtime: 0.0518
Step: 42900000  Loss: 0.106655 Regul: 0.012932 Obj: 0.119588 (0.054457)  NNZ: 22 (8)  Ttime: 1.4064 Vtime: 0.0519
Step: 43000000  Loss: 0.173084 Regul: 0.019620 Obj: 0.192704 (0.054457)  NNZ: 24 (8)  Ttime: 1.4023 Vtime: 0.0510
Step: 43100000  Loss: 0.062021 Regul: 0.006064 Obj: 0.068085 (0.054457)  NNZ: 12 (8)  Ttime: 1.4008 Vtime: 0.0515
Step: 43200000  Loss: 0.136786 Regul: 0.019657 Obj: 0.156443 (0.054457)  NNZ: 21 (8)  Ttime: 1.4048 Vtime: 0.0511
Step: 43300000  Loss: 0.115932 Regul: 0.009360 Obj: 0.125292 (0.054457)  NNZ: 15 (8)  Ttime: 1.4136 Vtime: 0.0518
Step: 43400000  Loss: 0.098859 Regul: 0.009022 Obj: 0.107881 (0.054457)  NNZ: 14 (8)  Ttime: 1.3994 Vtime: 0.0512
Step: 43500000  Loss: 0.119621 Regul: 0.012263 Obj: 0.131884 (0.054457)  NNZ: 17 (8)  Ttime: 1.4001 Vtime: 0.0515
Step: 43600000  Loss: 0.083193 Regul: 0.008813 Obj: 0.092007 (0.054457)  NNZ: 14 (8)  Ttime: 1.4047 Vtime: 0.0527
Step: 43700000  Loss: 0.266667 Regul: 0.015974 Obj: 0.282641 (0.054457)  NNZ: 18 (8)  Ttime: 1.4037 Vtime: 0.0517
Step: 43800000  Loss: 0.091905 Regul: 0.009181 Obj: 0.101086 (0.054457)  NNZ: 14 (8)  Ttime: 1.4054 Vtime: 0.0510
Step: 43900000  Loss: 0.094048 Regul: 0.011632 Obj: 0.105680 (0.054457)  NNZ: 18 (8)  Ttime: 1.4064 Vtime: 0.0515
Step: 44000000  Loss: 0.105552 Regul: 0.010868 Obj: 0.116420 (0.054457)  NNZ: 12 (8)  Ttime: 1.4030 Vtime: 0.0520
Step: 44100000  Loss: 0.099387 Regul: 0.012081 Obj: 0.111468 (0.054457)  NNZ: 15 (8)  Ttime: 1.4035 Vtime: 0.0514
Step: 44200000  Loss: 0.111658 Regul: 0.014928 Obj: 0.126586 (0.054457)  NNZ: 16 (8)  Ttime: 1.4037 Vtime: 0.0514
Step: 44300000  Loss: 0.235360 Regul: 0.016018 Obj: 0.251378 (0.054457)  NNZ: 19 (8)  Ttime: 1.4015 Vtime: 0.0516
Step: 44400000  Loss: 0.178370 Regul: 0.015906 Obj: 0.194275 (0.054457)  NNZ: 20 (8)  Ttime: 1.4032 Vtime: 0.0514
Step: 44500000  Loss: 0.080964 Regul: 0.009631 Obj: 0.090596 (0.054457)  NNZ: 16 (8)  Ttime: 1.4038 Vtime: 0.0513
Step: 44600000  Loss: 0.115307 Regul: 0.014377 Obj: 0.129685 (0.054457)  NNZ: 20 (8)  Ttime: 1.4003 Vtime: 0.0513
Step: 44700000  Loss: 0.111360 Regul: 0.012678 Obj: 0.124039 (0.054457)  NNZ: 23 (8)  Ttime: 1.4048 Vtime: 0.0516
Step: 44800000  Loss: 0.136695 Regul: 0.016436 Obj: 0.153130 (0.054457)  NNZ: 20 (8)  Ttime: 1.4051 Vtime: 0.0518
Step: 44900000  Loss: 0.115641 Regul: 0.015791 Obj: 0.131432 (0.054457)  NNZ: 15 (8)  Ttime: 1.4031 Vtime: 0.0511
Step: 45000000  Loss: 0.080692 Regul: 0.007072 Obj: 0.087764 (0.054457)  NNZ: 14 (8)  Ttime: 1.3992 Vtime: 0.0510
Step: 45100000  Loss: 0.121490 Regul: 0.011606 Obj: 0.133096 (0.054457)  NNZ: 15 (8)  Ttime: 1.4076 Vtime: 0.0514
Step: 45200000  Loss: 0.133699 Regul: 0.012334 Obj: 0.146033 (0.054457)  NNZ: 21 (8)  Ttime: 1.4016 Vtime: 0.0520
Step: 45300000  Loss: 0.067368 Regul: 0.007371 Obj: 0.074739 (0.054457)  NNZ: 10 (8)  Ttime: 1.4016 Vtime: 0.0516
Step: 45400000  Loss: 0.068558 Regul: 0.006436 Obj: 0.074994 (0.054457)  NNZ: 10 (8)  Ttime: 1.4159 Vtime: 0.0515
Step: 45500000  Loss: 0.121642 Regul: 0.011289 Obj: 0.132931 (0.054457)  NNZ: 13 (8)  Ttime: 1.4027 Vtime: 0.0518
Step: 45600000  Loss: 0.084312 Regul: 0.007279 Obj: 0.091591 (0.054457)  NNZ: 11 (8)  Ttime: 1.4015 Vtime: 0.0513
Step: 45700000  Loss: 0.065690 Regul: 0.005305 Obj: 0.070995 (0.054457)  NNZ: 13 (8)  Ttime: 1.4038 Vtime: 0.0508
Step: 45800000  Loss: 0.117647 Regul: 0.014604 Obj: 0.132251 (0.054457)  NNZ: 19 (8)  Ttime: 1.4034 Vtime: 0.0526
Step: 45900000  Loss: 0.095009 Regul: 0.009606 Obj: 0.104615 (0.054457)  NNZ: 17 (8)  Ttime: 1.3987 Vtime: 0.0516
Step: 46000000  Loss: 0.109326 Regul: 0.012277 Obj: 0.121603 (0.054457)  NNZ: 16 (8)  Ttime: 1.4043 Vtime: 0.0509
Step: 46100000  Loss: 0.084027 Regul: 0.010823 Obj: 0.094850 (0.054457)  NNZ: 17 (8)  Ttime: 1.4020 Vtime: 0.0513
Step: 46200000  Loss: 0.109220 Regul: 0.013831 Obj: 0.123050 (0.054457)  NNZ: 22 (8)  Ttime: 1.4024 Vtime: 0.0512
Step: 46300000  Loss: 0.135177 Regul: 0.015334 Obj: 0.150512 (0.054457)  NNZ: 17 (8)  Ttime: 1.4040 Vtime: 0.0516
Step: 46400000  Loss: 0.134020 Regul: 0.014180 Obj: 0.148200 (0.054457)  NNZ: 17 (8)  Ttime: 1.4017 Vtime: 0.0510
Step: 46500000  Loss: 0.106687 Regul: 0.010563 Obj: 0.117249 (0.054457)  NNZ: 21 (8)  Ttime: 1.4013 Vtime: 0.0511
Step: 46600000  Loss: 0.165444 Regul: 0.013586 Obj: 0.179031 (0.054457)  NNZ: 18 (8)  Ttime: 1.4015 Vtime: 0.0520
Step: 46700000  Loss: 0.118308 Regul: 0.012010 Obj: 0.130318 (0.054457)  NNZ: 13 (8)  Ttime: 1.4004 Vtime: 0.0513
Step: 46800000  Loss: 0.108733 Regul: 0.010326 Obj: 0.119059 (0.054457)  NNZ: 14 (8)  Ttime: 1.4022 Vtime: 0.0510
Step: 46900000  Loss: 0.152702 Regul: 0.020830 Obj: 0.173532 (0.054457)  NNZ: 21 (8)  Ttime: 1.4004 Vtime: 0.0515
Step: 47000000  Loss: 0.099395 Regul: 0.009607 Obj: 0.109002 (0.054457)  NNZ: 13 (8)  Ttime: 1.4021 Vtime: 0.0513
Step: 47100000  Loss: 0.087843 Regul: 0.008444 Obj: 0.096287 (0.054457)  NNZ: 12 (8)  Ttime: 1.4010 Vtime: 0.0513
Step: 47200000  Loss: 0.090012 Regul: 0.007439 Obj: 0.097451 (0.054457)  NNZ: 15 (8)  Ttime: 1.4035 Vtime: 0.0517
Step: 47300000  Loss: 0.123362 Regul: 0.018416 Obj: 0.141778 (0.054457)  NNZ: 24 (8)  Ttime: 1.4039 Vtime: 0.0519
Step: 47400000  Loss: 0.091055 Regul: 0.012034 Obj: 0.103088 (0.054457)  NNZ: 19 (8)  Ttime: 1.4052 Vtime: 0.0513
Step: 47500000  Loss: 0.161733 Regul: 0.015095 Obj: 0.176828 (0.054457)  NNZ: 21 (8)  Ttime: 1.3988 Vtime: 0.0516
Step: 47600000  Loss: 0.102076 Regul: 0.010104 Obj: 0.112180 (0.054457)  NNZ: 13 (8)  Ttime: 1.3983 Vtime: 0.0514
Step: 47700000  Loss: 0.094908 Regul: 0.011152 Obj: 0.106060 (0.054457)  NNZ: 17 (8)  Ttime: 1.4000 Vtime: 0.0510
Step: 47800000  Loss: 0.076925 Regul: 0.008160 Obj: 0.085085 (0.054457)  NNZ: 10 (8)  Ttime: 1.4047 Vtime: 0.0506
Step: 47900000  Loss: 0.137318 Regul: 0.014452 Obj: 0.151769 (0.054457)  NNZ: 16 (8)  Ttime: 1.4109 Vtime: 0.0512
Step: 48000000  Loss: 0.108482 Regul: 0.012255 Obj: 0.120737 (0.054457)  NNZ: 15 (8)  Ttime: 1.4022 Vtime: 0.0512
Step: 48100000  Loss: 0.073527 Regul: 0.008066 Obj: 0.081593 (0.054457)  NNZ: 15 (8)  Ttime: 1.4060 Vtime: 0.0510
Step: 48200000  Loss: 0.079055 Regul: 0.008077 Obj: 0.087132 (0.054457)  NNZ: 14 (8)  Ttime: 1.4044 Vtime: 0.0524
Step: 48300000  Loss: 0.110155 Regul: 0.010728 Obj: 0.120883 (0.054457)  NNZ: 14 (8)  Ttime: 1.4061 Vtime: 0.0515
Step: 48400000  Loss: 0.169393 Regul: 0.016838 Obj: 0.186232 (0.054457)  NNZ: 21 (8)  Ttime: 1.4049 Vtime: 0.0515
Step: 48500000  Loss: 0.133392 Regul: 0.022013 Obj: 0.155405 (0.054457)  NNZ: 24 (8)  Ttime: 1.4002 Vtime: 0.0516
Step: 48600000  Loss: 0.093548 Regul: 0.010486 Obj: 0.104034 (0.054457)  NNZ: 18 (8)  Ttime: 1.4052 Vtime: 0.0518
Step: 48700000  Loss: 0.131888 Regul: 0.013385 Obj: 0.145273 (0.054457)  NNZ: 16 (8)  Ttime: 1.3990 Vtime: 0.0520
Step: 48800000  Loss: 0.097177 Regul: 0.013378 Obj: 0.110554 (0.054457)  NNZ: 18 (8)  Ttime: 1.4029 Vtime: 0.0515
Step: 48900000  Loss: 0.091719 Regul: 0.012096 Obj: 0.103815 (0.054457)  NNZ: 19 (8)  Ttime: 1.4047 Vtime: 0.0516
Step: 49000000  Loss: 0.087422 Regul: 0.008098 Obj: 0.095520 (0.054457)  NNZ: 14 (8)  Ttime: 1.4014 Vtime: 0.0516
Step: 49100000  Loss: 0.075427 Regul: 0.006606 Obj: 0.082034 (0.054457)  NNZ: 12 (8)  Ttime: 1.4106 Vtime: 0.0511
Step: 49200000  Loss: 0.117074 Regul: 0.013759 Obj: 0.130833 (0.054457)  NNZ: 22 (8)  Ttime: 1.4033 Vtime: 0.0522
Step: 49300000  Loss: 0.083618 Regul: 0.007694 Obj: 0.091312 (0.054457)  NNZ: 12 (8)  Ttime: 1.4030 Vtime: 0.0516
Step: 49400000  Loss: 0.116943 Regul: 0.016471 Obj: 0.133414 (0.054457)  NNZ: 26 (8)  Ttime: 1.4033 Vtime: 0.0527
Step: 49500000  Loss: 0.118402 Regul: 0.011002 Obj: 0.129404 (0.054457)  NNZ: 15 (8)  Ttime: 1.4033 Vtime: 0.0517
Step: 49600000  Loss: 0.115393 Regul: 0.008805 Obj: 0.124198 (0.054457)  NNZ: 14 (8)  Ttime: 1.4066 Vtime: 0.0515
Step: 49700000  Loss: 0.118003 Regul: 0.012688 Obj: 0.130691 (0.054457)  NNZ: 18 (8)  Ttime: 1.4051 Vtime: 0.0508
Step: 49800000  Loss: 0.106197 Regul: 0.014252 Obj: 0.120449 (0.054457)  NNZ: 18 (8)  Ttime: 1.4025 Vtime: 0.0509
Step: 49900000  Loss: 0.092397 Regul: 0.011731 Obj: 0.104128 (0.054457)  NNZ: 17 (8)  Ttime: 1.4091 Vtime: 0.0516
Step: 50000000  Loss: 0.110467 Regul: 0.011156 Obj: 0.121623 (0.054457)  NNZ: 17 (8)  Ttime: 1.4014 Vtime: 0.0515
