mu: 0.015 gamma: 0.03 nIters: 50000000
Load PRParams.
Load RingParams.
Load Labels: 500000
Load Distances: 500000 x 5120
0...10...20...30...40...50...60...70...80...90...100 - done.
Positive samples #250000
Negative samples #250000
Positive train #200000
Negative train #200000
Positive valid #50000
Negative valid #50000

Found GPU: GeForce GTX 970
Compute Capability: 5.2

Best: 100000  Loss: 1.243989 Regul: 0.209656 Obj: 1.453645 (1.453645)  NNZ: 18 (18)  Ttime: 1.4272 Vtime: 0.2071
Stat: nPR #100 (#144) Dim/MaxDim [800/640] AUC: 0.960655 FPR95: 29.72
Best: 200000  Loss: 0.333970 Regul: 0.126865 Obj: 0.460835 (0.460835)  NNZ: 17 (17)  Ttime: 1.4263 Vtime: 0.0518
Stat: nPR #116 (#136) Dim/MaxDim [928/640] AUC: 0.977378 FPR95: 12.80
Best: 300000  Loss: 0.192654 Regul: 0.048803 Obj: 0.241456 (0.241456)  NNZ: 12 (12)  Ttime: 1.4136 Vtime: 0.0524
Stat: nPR #72 (#96) Dim/MaxDim [576/640] AUC: 0.972809 FPR95: 17.15 [saved]
Step: 400000  Loss: 1.453461 Regul: 0.087224 Obj: 1.540684 (0.241456)  NNZ: 11 (12)  Ttime: 1.4236 Vtime: 0.0512
Step: 500000  Loss: 0.231281 Regul: 0.053164 Obj: 0.284445 (0.241456)  NNZ: 10 (12)  Ttime: 1.4214 Vtime: 0.0513
Step: 600000  Loss: 0.188218 Regul: 0.073794 Obj: 0.262013 (0.241456)  NNZ: 15 (12)  Ttime: 1.4216 Vtime: 0.0516
Best: 700000  Loss: 0.081866 Regul: 0.019985 Obj: 0.101851 (0.101851)  NNZ: 6 (6)  Ttime: 1.4177 Vtime: 0.0517
Stat: nPR #40 (#48) Dim/MaxDim [320/640] AUC: 0.977819 FPR95: 12.60 [saved]
Step: 800000  Loss: 0.212009 Regul: 0.079031 Obj: 0.291039 (0.101851)  NNZ: 14 (6)  Ttime: 1.4220 Vtime: 0.0516
Best: 900000  Loss: 0.088868 Regul: 0.005030 Obj: 0.093899 (0.093899)  NNZ: 2 (2)  Ttime: 1.4178 Vtime: 0.0521
Stat: nPR #16 (#16) Dim/MaxDim [128/640] AUC: 0.967064 FPR95: 22.06 [saved]
Step: 1000000  Loss: 0.076212 Regul: 0.020035 Obj: 0.096247 (0.093899)  NNZ: 7 (2)  Ttime: 1.4264 Vtime: 0.0510
Best: 1100000  Loss: 0.061876 Regul: 0.009240 Obj: 0.071115 (0.071115)  NNZ: 5 (5)  Ttime: 1.4254 Vtime: 0.0512
Stat: nPR #36 (#40) Dim/MaxDim [288/640] AUC: 0.976607 FPR95: 13.42 [saved]
Step: 1200000  Loss: 0.098120 Regul: 0.021811 Obj: 0.119931 (0.071115)  NNZ: 7 (5)  Ttime: 1.4214 Vtime: 0.0518
Step: 1300000  Loss: 0.084472 Regul: 0.024954 Obj: 0.109425 (0.071115)  NNZ: 9 (5)  Ttime: 1.4179 Vtime: 0.0512
Step: 1400000  Loss: 0.122638 Regul: 0.040898 Obj: 0.163536 (0.071115)  NNZ: 11 (5)  Ttime: 1.4173 Vtime: 0.0511
Step: 1500000  Loss: 0.186649 Regul: 0.056190 Obj: 0.242839 (0.071115)  NNZ: 14 (5)  Ttime: 1.4145 Vtime: 0.0517
Step: 1600000  Loss: 0.148085 Regul: 0.053925 Obj: 0.202009 (0.071115)  NNZ: 16 (5)  Ttime: 1.4165 Vtime: 0.0518
Step: 1700000  Loss: 0.112206 Regul: 0.037453 Obj: 0.149659 (0.071115)  NNZ: 12 (5)  Ttime: 1.4214 Vtime: 0.0511
Step: 1800000  Loss: 0.160334 Regul: 0.035797 Obj: 0.196131 (0.071115)  NNZ: 12 (5)  Ttime: 1.4243 Vtime: 0.0513
Step: 1900000  Loss: 0.092982 Regul: 0.024775 Obj: 0.117757 (0.071115)  NNZ: 11 (5)  Ttime: 1.4233 Vtime: 0.0513
Step: 2000000  Loss: 0.110798 Regul: 0.034345 Obj: 0.145143 (0.071115)  NNZ: 10 (5)  Ttime: 1.4244 Vtime: 0.0517
Step: 2100000  Loss: 0.173734 Regul: 0.047370 Obj: 0.221104 (0.071115)  NNZ: 10 (5)  Ttime: 1.4241 Vtime: 0.0512
Step: 2200000  Loss: 0.082884 Regul: 0.025188 Obj: 0.108072 (0.071115)  NNZ: 8 (5)  Ttime: 1.4226 Vtime: 0.0519
Step: 2300000  Loss: 0.153287 Regul: 0.056754 Obj: 0.210042 (0.071115)  NNZ: 16 (5)  Ttime: 1.4193 Vtime: 0.0512
Step: 2400000  Loss: 0.110255 Regul: 0.026209 Obj: 0.136463 (0.071115)  NNZ: 10 (5)  Ttime: 1.4209 Vtime: 0.0510
Step: 2500000  Loss: 0.112182 Regul: 0.041652 Obj: 0.153834 (0.071115)  NNZ: 19 (5)  Ttime: 1.4214 Vtime: 0.0516
Step: 2600000  Loss: 0.188375 Regul: 0.029218 Obj: 0.217593 (0.071115)  NNZ: 11 (5)  Ttime: 1.4204 Vtime: 0.0510
Step: 2700000  Loss: 0.138086 Regul: 0.054399 Obj: 0.192485 (0.071115)  NNZ: 14 (5)  Ttime: 1.4210 Vtime: 0.0516
Step: 2800000  Loss: 0.226201 Regul: 0.045563 Obj: 0.271764 (0.071115)  NNZ: 15 (5)  Ttime: 1.4275 Vtime: 0.0515
Step: 2900000  Loss: 0.121591 Regul: 0.038879 Obj: 0.160470 (0.071115)  NNZ: 13 (5)  Ttime: 1.4217 Vtime: 0.0515
Step: 3000000  Loss: 0.079963 Regul: 0.015923 Obj: 0.095886 (0.071115)  NNZ: 6 (5)  Ttime: 1.4265 Vtime: 0.0517
Step: 3100000  Loss: 0.099741 Regul: 0.029789 Obj: 0.129531 (0.071115)  NNZ: 11 (5)  Ttime: 1.4210 Vtime: 0.0508
Step: 3200000  Loss: 0.137712 Regul: 0.030700 Obj: 0.168412 (0.071115)  NNZ: 9 (5)  Ttime: 1.4217 Vtime: 0.0510
Step: 3300000  Loss: 0.419456 Regul: 0.032487 Obj: 0.451943 (0.071115)  NNZ: 10 (5)  Ttime: 1.4194 Vtime: 0.0518
Step: 3400000  Loss: 0.106900 Regul: 0.023198 Obj: 0.130097 (0.071115)  NNZ: 7 (5)  Ttime: 1.4208 Vtime: 0.0528
Step: 3500000  Loss: 0.090664 Regul: 0.025876 Obj: 0.116540 (0.071115)  NNZ: 11 (5)  Ttime: 1.4194 Vtime: 0.0513
Step: 3600000  Loss: 0.155720 Regul: 0.047187 Obj: 0.202907 (0.071115)  NNZ: 14 (5)  Ttime: 1.4213 Vtime: 0.0513
Step: 3700000  Loss: 0.116455 Regul: 0.035462 Obj: 0.151917 (0.071115)  NNZ: 12 (5)  Ttime: 1.4226 Vtime: 0.0517
Step: 3800000  Loss: 0.089217 Regul: 0.028693 Obj: 0.117910 (0.071115)  NNZ: 13 (5)  Ttime: 1.4184 Vtime: 0.0517
Best: 3900000  Loss: 0.058598 Regul: 0.006155 Obj: 0.064754 (0.064754)  NNZ: 5 (5)  Ttime: 1.4204 Vtime: 0.0516
Stat: nPR #40 (#40) Dim/MaxDim [320/640] AUC: 0.977397 FPR95: 13.30 [saved]
Step: 4000000  Loss: 0.084479 Regul: 0.023399 Obj: 0.107878 (0.064754)  NNZ: 11 (5)  Ttime: 1.4247 Vtime: 0.0517
Step: 4100000  Loss: 0.104655 Regul: 0.016969 Obj: 0.121624 (0.064754)  NNZ: 9 (5)  Ttime: 1.4226 Vtime: 0.0518
Step: 4200000  Loss: 0.059183 Regul: 0.006931 Obj: 0.066113 (0.064754)  NNZ: 6 (5)  Ttime: 1.4237 Vtime: 0.0516
Step: 4300000  Loss: 0.108500 Regul: 0.039781 Obj: 0.148282 (0.064754)  NNZ: 13 (5)  Ttime: 1.4236 Vtime: 0.0514
Step: 4400000  Loss: 0.082911 Regul: 0.017994 Obj: 0.100905 (0.064754)  NNZ: 13 (5)  Ttime: 1.4235 Vtime: 0.0505
Step: 4500000  Loss: 0.112610 Regul: 0.027004 Obj: 0.139615 (0.064754)  NNZ: 12 (5)  Ttime: 1.4219 Vtime: 0.0518
Step: 4600000  Loss: 0.150055 Regul: 0.051334 Obj: 0.201388 (0.064754)  NNZ: 20 (5)  Ttime: 1.4176 Vtime: 0.0520
Step: 4700000  Loss: 0.202245 Regul: 0.022377 Obj: 0.224622 (0.064754)  NNZ: 10 (5)  Ttime: 1.4197 Vtime: 0.0513
Step: 4800000  Loss: 0.094939 Regul: 0.021951 Obj: 0.116889 (0.064754)  NNZ: 7 (5)  Ttime: 1.4234 Vtime: 0.0511
Step: 4900000  Loss: 0.090644 Regul: 0.013929 Obj: 0.104573 (0.064754)  NNZ: 10 (5)  Ttime: 1.4162 Vtime: 0.0508
Step: 5000000  Loss: 0.081599 Regul: 0.020989 Obj: 0.102588 (0.064754)  NNZ: 12 (5)  Ttime: 1.4230 Vtime: 0.0516
Step: 5100000  Loss: 0.129282 Regul: 0.030346 Obj: 0.159628 (0.064754)  NNZ: 13 (5)  Ttime: 1.4225 Vtime: 0.0512
Step: 5200000  Loss: 0.094717 Regul: 0.021123 Obj: 0.115840 (0.064754)  NNZ: 8 (5)  Ttime: 1.4226 Vtime: 0.0515
Step: 5300000  Loss: 0.112534 Regul: 0.036198 Obj: 0.148732 (0.064754)  NNZ: 16 (5)  Ttime: 1.4241 Vtime: 0.0509
Step: 5400000  Loss: 0.075887 Regul: 0.017567 Obj: 0.093454 (0.064754)  NNZ: 7 (5)  Ttime: 1.4225 Vtime: 0.0518
Step: 5500000  Loss: 0.073189 Regul: 0.020246 Obj: 0.093435 (0.064754)  NNZ: 10 (5)  Ttime: 1.4232 Vtime: 0.0521
Step: 5600000  Loss: 0.099464 Regul: 0.027297 Obj: 0.126761 (0.064754)  NNZ: 17 (5)  Ttime: 1.4249 Vtime: 0.0517
Step: 5700000  Loss: 0.088633 Regul: 0.031450 Obj: 0.120083 (0.064754)  NNZ: 13 (5)  Ttime: 1.4194 Vtime: 0.0511
Step: 5800000  Loss: 0.072678 Regul: 0.022897 Obj: 0.095575 (0.064754)  NNZ: 12 (5)  Ttime: 1.4227 Vtime: 0.0524
Step: 5900000  Loss: 0.145848 Regul: 0.016285 Obj: 0.162134 (0.064754)  NNZ: 8 (5)  Ttime: 1.4224 Vtime: 0.0522
Step: 6000000  Loss: 0.112590 Regul: 0.027127 Obj: 0.139717 (0.064754)  NNZ: 16 (5)  Ttime: 1.4273 Vtime: 0.0512
Step: 6100000  Loss: 0.094081 Regul: 0.025889 Obj: 0.119970 (0.064754)  NNZ: 14 (5)  Ttime: 1.4181 Vtime: 0.0508
Step: 6200000  Loss: 0.065104 Regul: 0.017485 Obj: 0.082589 (0.064754)  NNZ: 13 (5)  Ttime: 1.4208 Vtime: 0.0519
Step: 6300000  Loss: 0.637178 Regul: 0.053405 Obj: 0.690583 (0.064754)  NNZ: 18 (5)  Ttime: 1.4211 Vtime: 0.0512
Step: 6400000  Loss: 0.064492 Regul: 0.010010 Obj: 0.074502 (0.064754)  NNZ: 6 (5)  Ttime: 1.4199 Vtime: 0.0508
Step: 6500000  Loss: 0.149951 Regul: 0.027823 Obj: 0.177774 (0.064754)  NNZ: 12 (5)  Ttime: 1.4193 Vtime: 0.0516
Step: 6600000  Loss: 0.157149 Regul: 0.021081 Obj: 0.178230 (0.064754)  NNZ: 10 (5)  Ttime: 1.4228 Vtime: 0.0514
Step: 6700000  Loss: 0.059638 Regul: 0.009835 Obj: 0.069473 (0.064754)  NNZ: 9 (5)  Ttime: 1.4227 Vtime: 0.0516
Step: 6800000  Loss: 0.111287 Regul: 0.028802 Obj: 0.140089 (0.064754)  NNZ: 12 (5)  Ttime: 1.4232 Vtime: 0.0518
Step: 6900000  Loss: 0.081409 Regul: 0.025937 Obj: 0.107346 (0.064754)  NNZ: 11 (5)  Ttime: 1.4230 Vtime: 0.0526
Step: 7000000  Loss: 0.073581 Regul: 0.022132 Obj: 0.095713 (0.064754)  NNZ: 13 (5)  Ttime: 1.4166 Vtime: 0.0521
Step: 7100000  Loss: 0.102003 Regul: 0.033631 Obj: 0.135634 (0.064754)  NNZ: 13 (5)  Ttime: 1.4293 Vtime: 0.0515
Step: 7200000  Loss: 0.061539 Regul: 0.014793 Obj: 0.076332 (0.064754)  NNZ: 11 (5)  Ttime: 1.4226 Vtime: 0.0508
Step: 7300000  Loss: 0.073872 Regul: 0.021438 Obj: 0.095310 (0.064754)  NNZ: 17 (5)  Ttime: 1.4295 Vtime: 0.0513
Step: 7400000  Loss: 0.198285 Regul: 0.045059 Obj: 0.243343 (0.064754)  NNZ: 21 (5)  Ttime: 1.4221 Vtime: 0.0515
Step: 7500000  Loss: 0.071004 Regul: 0.013114 Obj: 0.084118 (0.064754)  NNZ: 11 (5)  Ttime: 1.4246 Vtime: 0.0518
Step: 7600000  Loss: 0.070729 Regul: 0.013561 Obj: 0.084290 (0.064754)  NNZ: 7 (5)  Ttime: 1.4241 Vtime: 0.0510
Step: 7700000  Loss: 0.066921 Regul: 0.014467 Obj: 0.081389 (0.064754)  NNZ: 9 (5)  Ttime: 1.4162 Vtime: 0.0522
Step: 7800000  Loss: 0.062846 Regul: 0.013478 Obj: 0.076324 (0.064754)  NNZ: 9 (5)  Ttime: 1.4230 Vtime: 0.0520
Step: 7900000  Loss: 0.217420 Regul: 0.059857 Obj: 0.277277 (0.064754)  NNZ: 23 (5)  Ttime: 1.4219 Vtime: 0.0521
Step: 8000000  Loss: 0.061035 Regul: 0.010953 Obj: 0.071988 (0.064754)  NNZ: 5 (5)  Ttime: 1.4352 Vtime: 0.0512
Step: 8100000  Loss: 0.061275 Regul: 0.011351 Obj: 0.072626 (0.064754)  NNZ: 8 (5)  Ttime: 1.4253 Vtime: 0.0518
Step: 8200000  Loss: 0.112518 Regul: 0.037978 Obj: 0.150496 (0.064754)  NNZ: 20 (5)  Ttime: 1.4214 Vtime: 0.0517
Step: 8300000  Loss: 0.062948 Regul: 0.012665 Obj: 0.075613 (0.064754)  NNZ: 6 (5)  Ttime: 1.4249 Vtime: 0.0507
Step: 8400000  Loss: 0.094699 Regul: 0.016934 Obj: 0.111633 (0.064754)  NNZ: 8 (5)  Ttime: 1.4247 Vtime: 0.0519
Step: 8500000  Loss: 0.085057 Regul: 0.027418 Obj: 0.112475 (0.064754)  NNZ: 13 (5)  Ttime: 1.4228 Vtime: 0.0514
Step: 8600000  Loss: 0.069405 Regul: 0.019072 Obj: 0.088477 (0.064754)  NNZ: 9 (5)  Ttime: 1.4162 Vtime: 0.0513
Step: 8700000  Loss: 0.070115 Regul: 0.015472 Obj: 0.085588 (0.064754)  NNZ: 9 (5)  Ttime: 1.4226 Vtime: 0.0513
Step: 8800000  Loss: 0.077025 Regul: 0.023727 Obj: 0.100752 (0.064754)  NNZ: 14 (5)  Ttime: 1.4222 Vtime: 0.0510
Step: 8900000  Loss: 0.075526 Regul: 0.023412 Obj: 0.098938 (0.064754)  NNZ: 9 (5)  Ttime: 1.4238 Vtime: 0.0513
Step: 9000000  Loss: 0.111825 Regul: 0.014295 Obj: 0.126120 (0.064754)  NNZ: 8 (5)  Ttime: 1.4235 Vtime: 0.0516
Step: 9100000  Loss: 0.082807 Regul: 0.017878 Obj: 0.100686 (0.064754)  NNZ: 9 (5)  Ttime: 1.4185 Vtime: 0.0512
Step: 9200000  Loss: 0.073894 Regul: 0.015813 Obj: 0.089707 (0.064754)  NNZ: 12 (5)  Ttime: 1.4248 Vtime: 0.0516
Step: 9300000  Loss: 0.063222 Regul: 0.015518 Obj: 0.078740 (0.064754)  NNZ: 9 (5)  Ttime: 1.4231 Vtime: 0.0519
Step: 9400000  Loss: 0.073646 Regul: 0.021592 Obj: 0.095237 (0.064754)  NNZ: 12 (5)  Ttime: 1.4238 Vtime: 0.0514
Step: 9500000  Loss: 0.058652 Regul: 0.014053 Obj: 0.072705 (0.064754)  NNZ: 8 (5)  Ttime: 1.4219 Vtime: 0.0514
Step: 9600000  Loss: 0.077553 Regul: 0.016011 Obj: 0.093564 (0.064754)  NNZ: 11 (5)  Ttime: 1.4235 Vtime: 0.0521
Step: 9700000  Loss: 0.065177 Regul: 0.012968 Obj: 0.078145 (0.064754)  NNZ: 9 (5)  Ttime: 1.4265 Vtime: 0.0521
Step: 9800000  Loss: 0.168131 Regul: 0.012966 Obj: 0.181096 (0.064754)  NNZ: 10 (5)  Ttime: 1.4253 Vtime: 0.0514
Step: 9900000  Loss: 0.083267 Regul: 0.028738 Obj: 0.112005 (0.064754)  NNZ: 16 (5)  Ttime: 1.4230 Vtime: 0.0517
Step: 10000000  Loss: 0.101347 Regul: 0.013608 Obj: 0.114956 (0.064754)  NNZ: 8 (5)  Ttime: 1.4263 Vtime: 0.0509
Step: 10100000  Loss: 0.079264 Regul: 0.015800 Obj: 0.095064 (0.064754)  NNZ: 9 (5)  Ttime: 1.4246 Vtime: 0.0510
Step: 10200000  Loss: 0.075572 Regul: 0.021458 Obj: 0.097030 (0.064754)  NNZ: 13 (5)  Ttime: 1.4197 Vtime: 0.0518
Step: 10300000  Loss: 0.072865 Regul: 0.015886 Obj: 0.088752 (0.064754)  NNZ: 8 (5)  Ttime: 1.4240 Vtime: 0.0516
Best: 10400000  Loss: 0.052864 Regul: 0.010142 Obj: 0.063006 (0.063006)  NNZ: 10 (10)  Ttime: 1.4130 Vtime: 0.0513
Stat: nPR #68 (#80) Dim/MaxDim [544/640] AUC: 0.980051 FPR95: 10.69 [saved]
Step: 10500000  Loss: 0.074455 Regul: 0.014636 Obj: 0.089091 (0.063006)  NNZ: 9 (10)  Ttime: 1.4252 Vtime: 0.0519
Step: 10600000  Loss: 0.058430 Regul: 0.007000 Obj: 0.065430 (0.063006)  NNZ: 8 (10)  Ttime: 1.4247 Vtime: 0.0515
Step: 10700000  Loss: 0.063869 Regul: 0.010933 Obj: 0.074802 (0.063006)  NNZ: 9 (10)  Ttime: 1.4221 Vtime: 0.0512
Step: 10800000  Loss: 0.069648 Regul: 0.013506 Obj: 0.083154 (0.063006)  NNZ: 6 (10)  Ttime: 1.4227 Vtime: 0.0512
Step: 10900000  Loss: 0.082214 Regul: 0.017238 Obj: 0.099452 (0.063006)  NNZ: 10 (10)  Ttime: 1.4238 Vtime: 0.0517
Step: 11000000  Loss: 0.077761 Regul: 0.017395 Obj: 0.095156 (0.063006)  NNZ: 10 (10)  Ttime: 1.4190 Vtime: 0.0518
Step: 11100000  Loss: 0.068633 Regul: 0.013328 Obj: 0.081962 (0.063006)  NNZ: 8 (10)  Ttime: 1.4238 Vtime: 0.0518
Step: 11200000  Loss: 0.089412 Regul: 0.017895 Obj: 0.107307 (0.063006)  NNZ: 9 (10)  Ttime: 1.4226 Vtime: 0.0513
Step: 11300000  Loss: 0.085935 Regul: 0.019043 Obj: 0.104978 (0.063006)  NNZ: 9 (10)  Ttime: 1.4280 Vtime: 0.0515
Step: 11400000  Loss: 0.069441 Regul: 0.010909 Obj: 0.080351 (0.063006)  NNZ: 9 (10)  Ttime: 1.4238 Vtime: 0.0514
Step: 11500000  Loss: 0.087404 Regul: 0.014009 Obj: 0.101413 (0.063006)  NNZ: 10 (10)  Ttime: 1.4231 Vtime: 0.0515
Step: 11600000  Loss: 0.076960 Regul: 0.020089 Obj: 0.097049 (0.063006)  NNZ: 11 (10)  Ttime: 1.4255 Vtime: 0.0514
Step: 11700000  Loss: 0.096109 Regul: 0.028552 Obj: 0.124660 (0.063006)  NNZ: 19 (10)  Ttime: 1.4229 Vtime: 0.0515
Step: 11800000  Loss: 0.085896 Regul: 0.019169 Obj: 0.105066 (0.063006)  NNZ: 9 (10)  Ttime: 1.4198 Vtime: 0.0523
Step: 11900000  Loss: 0.097566 Regul: 0.020682 Obj: 0.118247 (0.063006)  NNZ: 11 (10)  Ttime: 1.4231 Vtime: 0.0511
Step: 12000000  Loss: 0.101367 Regul: 0.035920 Obj: 0.137287 (0.063006)  NNZ: 17 (10)  Ttime: 1.4226 Vtime: 0.0517
Step: 12100000  Loss: 0.098572 Regul: 0.024970 Obj: 0.123542 (0.063006)  NNZ: 11 (10)  Ttime: 1.4217 Vtime: 0.0517
Step: 12200000  Loss: 0.167106 Regul: 0.031417 Obj: 0.198524 (0.063006)  NNZ: 18 (10)  Ttime: 1.4208 Vtime: 0.0508
Step: 12300000  Loss: 0.068220 Regul: 0.018279 Obj: 0.086499 (0.063006)  NNZ: 14 (10)  Ttime: 1.4280 Vtime: 0.0511
Step: 12400000  Loss: 0.076136 Regul: 0.015526 Obj: 0.091661 (0.063006)  NNZ: 12 (10)  Ttime: 1.4202 Vtime: 0.0511
Step: 12500000  Loss: 0.094749 Regul: 0.018263 Obj: 0.113012 (0.063006)  NNZ: 12 (10)  Ttime: 1.4202 Vtime: 0.0512
Step: 12600000  Loss: 0.064560 Regul: 0.007216 Obj: 0.071776 (0.063006)  NNZ: 7 (10)  Ttime: 1.4236 Vtime: 0.0506
Step: 12700000  Loss: 0.077698 Regul: 0.027112 Obj: 0.104810 (0.063006)  NNZ: 16 (10)  Ttime: 1.4190 Vtime: 0.0518
Step: 12800000  Loss: 0.089473 Regul: 0.031611 Obj: 0.121084 (0.063006)  NNZ: 16 (10)  Ttime: 1.4227 Vtime: 0.0517
Step: 12900000  Loss: 0.077710 Regul: 0.019330 Obj: 0.097040 (0.063006)  NNZ: 11 (10)  Ttime: 1.4204 Vtime: 0.0509
Step: 13000000  Loss: 0.103393 Regul: 0.023046 Obj: 0.126439 (0.063006)  NNZ: 12 (10)  Ttime: 1.4218 Vtime: 0.0519
Step: 13100000  Loss: 0.059050 Regul: 0.014795 Obj: 0.073845 (0.063006)  NNZ: 11 (10)  Ttime: 1.4237 Vtime: 0.0515
Step: 13200000  Loss: 0.057897 Regul: 0.013207 Obj: 0.071104 (0.063006)  NNZ: 11 (10)  Ttime: 1.4229 Vtime: 0.0513
Step: 13300000  Loss: 0.080012 Regul: 0.021226 Obj: 0.101238 (0.063006)  NNZ: 14 (10)  Ttime: 1.4227 Vtime: 0.0520
Step: 13400000  Loss: 0.068637 Regul: 0.015992 Obj: 0.084629 (0.063006)  NNZ: 9 (10)  Ttime: 1.4223 Vtime: 0.0509
Step: 13500000  Loss: 0.121188 Regul: 0.020334 Obj: 0.141521 (0.063006)  NNZ: 11 (10)  Ttime: 1.4214 Vtime: 0.0514
Step: 13600000  Loss: 0.068139 Regul: 0.016946 Obj: 0.085085 (0.063006)  NNZ: 10 (10)  Ttime: 1.4216 Vtime: 0.0517
Step: 13700000  Loss: 0.076961 Regul: 0.021703 Obj: 0.098665 (0.063006)  NNZ: 14 (10)  Ttime: 1.4214 Vtime: 0.0513
Step: 13800000  Loss: 0.159773 Regul: 0.021262 Obj: 0.181035 (0.063006)  NNZ: 13 (10)  Ttime: 1.4189 Vtime: 0.0510
Best: 13900000  Loss: 0.052348 Regul: 0.009734 Obj: 0.062082 (0.062082)  NNZ: 12 (12)  Ttime: 1.4238 Vtime: 0.0513
Stat: nPR #80 (#96) Dim/MaxDim [640/640] AUC: 0.980143 FPR95: 10.38 [saved]
Step: 14000000  Loss: 0.060337 Regul: 0.011288 Obj: 0.071625 (0.062082)  NNZ: 8 (12)  Ttime: 1.4217 Vtime: 0.0515
Step: 14100000  Loss: 0.055920 Regul: 0.007661 Obj: 0.063582 (0.062082)  NNZ: 5 (12)  Ttime: 1.4246 Vtime: 0.0517
Step: 14200000  Loss: 0.098748 Regul: 0.020601 Obj: 0.119350 (0.062082)  NNZ: 15 (12)  Ttime: 1.4268 Vtime: 0.0505
Step: 14300000  Loss: 0.076107 Regul: 0.008952 Obj: 0.085059 (0.062082)  NNZ: 6 (12)  Ttime: 1.4198 Vtime: 0.0523
Step: 14400000  Loss: 0.083955 Regul: 0.020142 Obj: 0.104097 (0.062082)  NNZ: 13 (12)  Ttime: 1.4290 Vtime: 0.0519
Step: 14500000  Loss: 0.076303 Regul: 0.023943 Obj: 0.100246 (0.062082)  NNZ: 18 (12)  Ttime: 1.4236 Vtime: 0.0516
Step: 14600000  Loss: 0.094623 Regul: 0.025552 Obj: 0.120175 (0.062082)  NNZ: 17 (12)  Ttime: 1.4225 Vtime: 0.0507
Step: 14700000  Loss: 0.065118 Regul: 0.019102 Obj: 0.084220 (0.062082)  NNZ: 14 (12)  Ttime: 1.4270 Vtime: 0.0516
Step: 14800000  Loss: 0.070492 Regul: 0.018776 Obj: 0.089268 (0.062082)  NNZ: 10 (12)  Ttime: 1.4216 Vtime: 0.0515
Step: 14900000  Loss: 0.091698 Regul: 0.020814 Obj: 0.112512 (0.062082)  NNZ: 14 (12)  Ttime: 1.4206 Vtime: 0.0512
Step: 15000000  Loss: 0.149013 Regul: 0.028063 Obj: 0.177076 (0.062082)  NNZ: 18 (12)  Ttime: 1.4233 Vtime: 0.0519
Step: 15100000  Loss: 0.055408 Regul: 0.012927 Obj: 0.068335 (0.062082)  NNZ: 11 (12)  Ttime: 1.4196 Vtime: 0.0510
Step: 15200000  Loss: 0.056694 Regul: 0.010307 Obj: 0.067001 (0.062082)  NNZ: 13 (12)  Ttime: 1.4228 Vtime: 0.0510
Step: 15300000  Loss: 0.081675 Regul: 0.026871 Obj: 0.108546 (0.062082)  NNZ: 15 (12)  Ttime: 1.4229 Vtime: 0.0518
Step: 15400000  Loss: 0.097714 Regul: 0.015930 Obj: 0.113644 (0.062082)  NNZ: 12 (12)  Ttime: 1.4247 Vtime: 0.0514
Step: 15500000  Loss: 0.069064 Regul: 0.016591 Obj: 0.085655 (0.062082)  NNZ: 15 (12)  Ttime: 1.4265 Vtime: 0.0511
Step: 15600000  Loss: 0.071121 Regul: 0.014698 Obj: 0.085819 (0.062082)  NNZ: 12 (12)  Ttime: 1.4250 Vtime: 0.0513
Step: 15700000  Loss: 0.066537 Regul: 0.014033 Obj: 0.080570 (0.062082)  NNZ: 9 (12)  Ttime: 1.4251 Vtime: 0.0513
Step: 15800000  Loss: 0.174856 Regul: 0.030458 Obj: 0.205314 (0.062082)  NNZ: 16 (12)  Ttime: 1.4284 Vtime: 0.0514
Step: 15900000  Loss: 0.081015 Regul: 0.023558 Obj: 0.104573 (0.062082)  NNZ: 18 (12)  Ttime: 1.4186 Vtime: 0.0511
Step: 16000000  Loss: 0.167346 Regul: 0.030205 Obj: 0.197551 (0.062082)  NNZ: 16 (12)  Ttime: 1.4212 Vtime: 0.0517
Step: 16100000  Loss: 0.074924 Regul: 0.012929 Obj: 0.087853 (0.062082)  NNZ: 9 (12)  Ttime: 1.4279 Vtime: 0.0516
Step: 16200000  Loss: 0.059855 Regul: 0.010333 Obj: 0.070187 (0.062082)  NNZ: 9 (12)  Ttime: 1.4234 Vtime: 0.0517
Step: 16300000  Loss: 0.062139 Regul: 0.015932 Obj: 0.078071 (0.062082)  NNZ: 13 (12)  Ttime: 1.4227 Vtime: 0.0524
Step: 16400000  Loss: 0.072050 Regul: 0.017626 Obj: 0.089675 (0.062082)  NNZ: 14 (12)  Ttime: 1.4240 Vtime: 0.0513
Step: 16500000  Loss: 0.055676 Regul: 0.007504 Obj: 0.063179 (0.062082)  NNZ: 15 (12)  Ttime: 1.4218 Vtime: 0.0519
Step: 16600000  Loss: 0.178033 Regul: 0.026862 Obj: 0.204894 (0.062082)  NNZ: 16 (12)  Ttime: 1.4226 Vtime: 0.0517
Step: 16700000  Loss: 0.087216 Regul: 0.017604 Obj: 0.104820 (0.062082)  NNZ: 15 (12)  Ttime: 1.4223 Vtime: 0.0508
Step: 16800000  Loss: 0.067822 Regul: 0.013414 Obj: 0.081236 (0.062082)  NNZ: 8 (12)  Ttime: 1.4207 Vtime: 0.0512
Step: 16900000  Loss: 0.059832 Regul: 0.015099 Obj: 0.074931 (0.062082)  NNZ: 11 (12)  Ttime: 1.4242 Vtime: 0.0506
Step: 17000000  Loss: 0.092352 Regul: 0.009203 Obj: 0.101555 (0.062082)  NNZ: 8 (12)  Ttime: 1.4302 Vtime: 0.0519
Step: 17100000  Loss: 0.074028 Regul: 0.017860 Obj: 0.091888 (0.062082)  NNZ: 12 (12)  Ttime: 1.4216 Vtime: 0.0515
Step: 17200000  Loss: 0.066820 Regul: 0.013063 Obj: 0.079883 (0.062082)  NNZ: 13 (12)  Ttime: 1.4209 Vtime: 0.0514
Step: 17300000  Loss: 0.081480 Regul: 0.022013 Obj: 0.103493 (0.062082)  NNZ: 10 (12)  Ttime: 1.4247 Vtime: 0.0522
Step: 17400000  Loss: 0.074273 Regul: 0.022203 Obj: 0.096477 (0.062082)  NNZ: 16 (12)  Ttime: 1.4240 Vtime: 0.0517
Step: 17500000  Loss: 0.054701 Regul: 0.010349 Obj: 0.065050 (0.062082)  NNZ: 10 (12)  Ttime: 1.4206 Vtime: 0.0511
Step: 17600000  Loss: 0.073882 Regul: 0.012693 Obj: 0.086575 (0.062082)  NNZ: 10 (12)  Ttime: 1.4232 Vtime: 0.0515
Step: 17700000  Loss: 0.061236 Regul: 0.015359 Obj: 0.076594 (0.062082)  NNZ: 14 (12)  Ttime: 1.4245 Vtime: 0.0517
Step: 17800000  Loss: 0.185943 Regul: 0.032750 Obj: 0.218693 (0.062082)  NNZ: 20 (12)  Ttime: 1.4237 Vtime: 0.0516
Step: 17900000  Loss: 0.168872 Regul: 0.023551 Obj: 0.192423 (0.062082)  NNZ: 16 (12)  Ttime: 1.4251 Vtime: 0.0509
Step: 18000000  Loss: 0.096098 Regul: 0.015696 Obj: 0.111794 (0.062082)  NNZ: 11 (12)  Ttime: 1.4232 Vtime: 0.0513
Step: 18100000  Loss: 0.067825 Regul: 0.017791 Obj: 0.085615 (0.062082)  NNZ: 15 (12)  Ttime: 1.4228 Vtime: 0.0514
Step: 18200000  Loss: 0.073393 Regul: 0.018596 Obj: 0.091989 (0.062082)  NNZ: 16 (12)  Ttime: 1.4277 Vtime: 0.0524
Step: 18300000  Loss: 0.067446 Regul: 0.019951 Obj: 0.087397 (0.062082)  NNZ: 14 (12)  Ttime: 1.4268 Vtime: 0.0519
Step: 18400000  Loss: 0.075829 Regul: 0.015000 Obj: 0.090829 (0.062082)  NNZ: 12 (12)  Ttime: 1.4268 Vtime: 0.0526
Step: 18500000  Loss: 0.066436 Regul: 0.017644 Obj: 0.084080 (0.062082)  NNZ: 17 (12)  Ttime: 1.4232 Vtime: 0.0511
Step: 18600000  Loss: 0.102208 Regul: 0.019146 Obj: 0.121354 (0.062082)  NNZ: 17 (12)  Ttime: 1.4247 Vtime: 0.0515
Step: 18700000  Loss: 0.078884 Regul: 0.014561 Obj: 0.093445 (0.062082)  NNZ: 10 (12)  Ttime: 1.4245 Vtime: 0.0512
Step: 18800000  Loss: 0.075715 Regul: 0.014147 Obj: 0.089861 (0.062082)  NNZ: 13 (12)  Ttime: 1.4244 Vtime: 0.0518
Step: 18900000  Loss: 0.078260 Regul: 0.010880 Obj: 0.089140 (0.062082)  NNZ: 9 (12)  Ttime: 1.4217 Vtime: 0.0509
Step: 19000000  Loss: 0.066087 Regul: 0.016271 Obj: 0.082358 (0.062082)  NNZ: 11 (12)  Ttime: 1.4253 Vtime: 0.0515
Step: 19100000  Loss: 0.056235 Regul: 0.013766 Obj: 0.070001 (0.062082)  NNZ: 13 (12)  Ttime: 1.4267 Vtime: 0.0519
Step: 19200000  Loss: 0.068602 Regul: 0.012883 Obj: 0.081485 (0.062082)  NNZ: 9 (12)  Ttime: 1.4224 Vtime: 0.0518
Step: 19300000  Loss: 0.055461 Regul: 0.015480 Obj: 0.070940 (0.062082)  NNZ: 13 (12)  Ttime: 1.4211 Vtime: 0.0510
Step: 19400000  Loss: 0.056634 Regul: 0.011184 Obj: 0.067818 (0.062082)  NNZ: 11 (12)  Ttime: 1.4244 Vtime: 0.0513
Step: 19500000  Loss: 0.151023 Regul: 0.020709 Obj: 0.171733 (0.062082)  NNZ: 14 (12)  Ttime: 1.4244 Vtime: 0.0524
Step: 19600000  Loss: 0.061603 Regul: 0.013506 Obj: 0.075108 (0.062082)  NNZ: 12 (12)  Ttime: 1.4245 Vtime: 0.0513
Step: 19700000  Loss: 0.079005 Regul: 0.024401 Obj: 0.103406 (0.062082)  NNZ: 16 (12)  Ttime: 1.4274 Vtime: 0.0518
Step: 19800000  Loss: 0.060948 Regul: 0.011938 Obj: 0.072886 (0.062082)  NNZ: 12 (12)  Ttime: 1.4242 Vtime: 0.0517
Step: 19900000  Loss: 0.055296 Regul: 0.010477 Obj: 0.065774 (0.062082)  NNZ: 11 (12)  Ttime: 1.4248 Vtime: 0.0512
Step: 20000000  Loss: 0.070152 Regul: 0.018014 Obj: 0.088166 (0.062082)  NNZ: 13 (12)  Ttime: 1.4221 Vtime: 0.0514
Step: 20100000  Loss: 0.081352 Regul: 0.021174 Obj: 0.102526 (0.062082)  NNZ: 18 (12)  Ttime: 1.4197 Vtime: 0.0515
Step: 20200000  Loss: 0.060474 Regul: 0.008287 Obj: 0.068761 (0.062082)  NNZ: 9 (12)  Ttime: 1.4283 Vtime: 0.0513
Step: 20300000  Loss: 0.064027 Regul: 0.016758 Obj: 0.080785 (0.062082)  NNZ: 15 (12)  Ttime: 1.4285 Vtime: 0.0516
Step: 20400000  Loss: 0.067442 Regul: 0.009082 Obj: 0.076524 (0.062082)  NNZ: 10 (12)  Ttime: 1.4239 Vtime: 0.0512
Step: 20500000  Loss: 0.065154 Regul: 0.010873 Obj: 0.076027 (0.062082)  NNZ: 11 (12)  Ttime: 1.4213 Vtime: 0.0509
Step: 20600000  Loss: 0.065098 Regul: 0.006438 Obj: 0.071536 (0.062082)  NNZ: 8 (12)  Ttime: 1.4219 Vtime: 0.0520
Step: 20700000  Loss: 0.068834 Regul: 0.010151 Obj: 0.078985 (0.062082)  NNZ: 7 (12)  Ttime: 1.4232 Vtime: 0.0514
Step: 20800000  Loss: 0.085114 Regul: 0.018094 Obj: 0.103208 (0.062082)  NNZ: 14 (12)  Ttime: 1.4207 Vtime: 0.0509
Step: 20900000  Loss: 0.074652 Regul: 0.013246 Obj: 0.087898 (0.062082)  NNZ: 10 (12)  Ttime: 1.4236 Vtime: 0.0520
Step: 21000000  Loss: 0.066782 Regul: 0.017179 Obj: 0.083960 (0.062082)  NNZ: 14 (12)  Ttime: 1.4269 Vtime: 0.0519
Step: 21100000  Loss: 0.068473 Regul: 0.011960 Obj: 0.080434 (0.062082)  NNZ: 9 (12)  Ttime: 1.4259 Vtime: 0.0508
Step: 21200000  Loss: 0.106100 Regul: 0.021489 Obj: 0.127589 (0.062082)  NNZ: 12 (12)  Ttime: 1.4246 Vtime: 0.0510
Step: 21300000  Loss: 0.060578 Regul: 0.017827 Obj: 0.078405 (0.062082)  NNZ: 13 (12)  Ttime: 1.4242 Vtime: 0.0513
Step: 21400000  Loss: 0.073956 Regul: 0.017765 Obj: 0.091720 (0.062082)  NNZ: 13 (12)  Ttime: 1.4236 Vtime: 0.0514
Step: 21500000  Loss: 0.061845 Regul: 0.015143 Obj: 0.076987 (0.062082)  NNZ: 13 (12)  Ttime: 1.4247 Vtime: 0.0516
Step: 21600000  Loss: 0.067839 Regul: 0.018146 Obj: 0.085985 (0.062082)  NNZ: 13 (12)  Ttime: 1.4189 Vtime: 0.0516
Step: 21700000  Loss: 0.055782 Regul: 0.011074 Obj: 0.066856 (0.062082)  NNZ: 10 (12)  Ttime: 1.4238 Vtime: 0.0514
Step: 21800000  Loss: 0.060617 Regul: 0.016406 Obj: 0.077024 (0.062082)  NNZ: 12 (12)  Ttime: 1.4235 Vtime: 0.0508
Step: 21900000  Loss: 0.062185 Regul: 0.014733 Obj: 0.076918 (0.062082)  NNZ: 10 (12)  Ttime: 1.4248 Vtime: 0.0512
Step: 22000000  Loss: 0.060458 Regul: 0.008910 Obj: 0.069368 (0.062082)  NNZ: 8 (12)  Ttime: 1.4246 Vtime: 0.0509
Step: 22100000  Loss: 0.085176 Regul: 0.005193 Obj: 0.090368 (0.062082)  NNZ: 5 (12)  Ttime: 1.4250 Vtime: 0.0519
Step: 22200000  Loss: 0.067784 Regul: 0.015018 Obj: 0.082802 (0.062082)  NNZ: 11 (12)  Ttime: 1.4230 Vtime: 0.0517
Step: 22300000  Loss: 0.066706 Regul: 0.017585 Obj: 0.084291 (0.062082)  NNZ: 14 (12)  Ttime: 1.4256 Vtime: 0.0518
Step: 22400000  Loss: 0.056883 Regul: 0.006987 Obj: 0.063870 (0.062082)  NNZ: 9 (12)  Ttime: 1.4202 Vtime: 0.0515
Step: 22500000  Loss: 0.066281 Regul: 0.012319 Obj: 0.078600 (0.062082)  NNZ: 9 (12)  Ttime: 1.4247 Vtime: 0.0515
Step: 22600000  Loss: 0.058770 Regul: 0.010719 Obj: 0.069489 (0.062082)  NNZ: 12 (12)  Ttime: 1.4253 Vtime: 0.0515
Step: 22700000  Loss: 0.087242 Regul: 0.010518 Obj: 0.097760 (0.062082)  NNZ: 10 (12)  Ttime: 1.4234 Vtime: 0.0521
Step: 22800000  Loss: 0.067541 Regul: 0.011440 Obj: 0.078981 (0.062082)  NNZ: 12 (12)  Ttime: 1.4225 Vtime: 0.0521
Step: 22900000  Loss: 0.075258 Regul: 0.018325 Obj: 0.093584 (0.062082)  NNZ: 18 (12)  Ttime: 1.4297 Vtime: 0.0515
Step: 23000000  Loss: 0.066827 Regul: 0.005577 Obj: 0.072404 (0.062082)  NNZ: 8 (12)  Ttime: 1.4225 Vtime: 0.0515
Step: 23100000  Loss: 0.065033 Regul: 0.010510 Obj: 0.075544 (0.062082)  NNZ: 9 (12)  Ttime: 1.4240 Vtime: 0.0514
Step: 23200000  Loss: 0.091969 Regul: 0.013773 Obj: 0.105742 (0.062082)  NNZ: 8 (12)  Ttime: 1.4203 Vtime: 0.0510
Step: 23300000  Loss: 0.069975 Regul: 0.019486 Obj: 0.089461 (0.062082)  NNZ: 11 (12)  Ttime: 1.4165 Vtime: 0.0511
Step: 23400000  Loss: 0.055349 Regul: 0.007628 Obj: 0.062977 (0.062082)  NNZ: 6 (12)  Ttime: 1.4198 Vtime: 0.0514
Step: 23500000  Loss: 0.062959 Regul: 0.015516 Obj: 0.078476 (0.062082)  NNZ: 14 (12)  Ttime: 1.4098 Vtime: 0.0517
Step: 23600000  Loss: 0.069231 Regul: 0.012949 Obj: 0.082180 (0.062082)  NNZ: 6 (12)  Ttime: 1.4292 Vtime: 0.0521
Step: 23700000  Loss: 0.056357 Regul: 0.012045 Obj: 0.068402 (0.062082)  NNZ: 10 (12)  Ttime: 1.4176 Vtime: 0.0506
Step: 23800000  Loss: 0.059351 Regul: 0.014117 Obj: 0.073468 (0.062082)  NNZ: 10 (12)  Ttime: 1.4225 Vtime: 0.0515
Step: 23900000  Loss: 0.067344 Regul: 0.012015 Obj: 0.079360 (0.062082)  NNZ: 11 (12)  Ttime: 1.4262 Vtime: 0.0516
Step: 24000000  Loss: 0.073141 Regul: 0.014191 Obj: 0.087331 (0.062082)  NNZ: 10 (12)  Ttime: 1.4196 Vtime: 0.0520
Step: 24100000  Loss: 0.066829 Regul: 0.009609 Obj: 0.076439 (0.062082)  NNZ: 10 (12)  Ttime: 1.4251 Vtime: 0.0518
Step: 24200000  Loss: 0.067544 Regul: 0.019175 Obj: 0.086719 (0.062082)  NNZ: 14 (12)  Ttime: 1.4347 Vtime: 0.0514
Step: 24300000  Loss: 0.059674 Regul: 0.012059 Obj: 0.071733 (0.062082)  NNZ: 10 (12)  Ttime: 1.4279 Vtime: 0.0515
Step: 24400000  Loss: 0.060449 Regul: 0.013286 Obj: 0.073735 (0.062082)  NNZ: 10 (12)  Ttime: 1.4245 Vtime: 0.0512
Step: 24500000  Loss: 0.064607 Regul: 0.017333 Obj: 0.081940 (0.062082)  NNZ: 16 (12)  Ttime: 1.4274 Vtime: 0.0517
Best: 24600000  Loss: 0.052827 Regul: 0.008708 Obj: 0.061535 (0.061535)  NNZ: 6 (6)  Ttime: 1.4198 Vtime: 0.0524
Stat: nPR #44 (#48) Dim/MaxDim [352/640] AUC: 0.979805 FPR95: 10.55 [saved]
Step: 24700000  Loss: 0.068362 Regul: 0.015374 Obj: 0.083735 (0.061535)  NNZ: 16 (6)  Ttime: 1.4236 Vtime: 0.0513
Step: 24800000  Loss: 0.063476 Regul: 0.016022 Obj: 0.079498 (0.061535)  NNZ: 12 (6)  Ttime: 1.4224 Vtime: 0.0508
Step: 24900000  Loss: 0.083565 Regul: 0.026407 Obj: 0.109973 (0.061535)  NNZ: 12 (6)  Ttime: 1.4229 Vtime: 0.0513
Step: 25000000  Loss: 0.054086 Regul: 0.009646 Obj: 0.063732 (0.061535)  NNZ: 9 (6)  Ttime: 1.4240 Vtime: 0.0519
Step: 25100000  Loss: 0.055530 Regul: 0.013678 Obj: 0.069208 (0.061535)  NNZ: 13 (6)  Ttime: 1.4277 Vtime: 0.0509
Step: 25200000  Loss: 0.073949 Regul: 0.006548 Obj: 0.080497 (0.061535)  NNZ: 7 (6)  Ttime: 1.4246 Vtime: 0.0516
Step: 25300000  Loss: 0.061842 Regul: 0.015084 Obj: 0.076926 (0.061535)  NNZ: 12 (6)  Ttime: 1.4227 Vtime: 0.0516
Best: 25400000  Loss: 0.051241 Regul: 0.009283 Obj: 0.060524 (0.060524)  NNZ: 11 (11)  Ttime: 1.4241 Vtime: 0.0516
Stat: nPR #72 (#88) Dim/MaxDim [576/640] AUC: 0.980229 FPR95: 10.63 [saved]
Step: 25500000  Loss: 0.055989 Regul: 0.013704 Obj: 0.069693 (0.060524)  NNZ: 10 (11)  Ttime: 1.4237 Vtime: 0.0507
Step: 25600000  Loss: 0.059858 Regul: 0.011320 Obj: 0.071177 (0.060524)  NNZ: 9 (11)  Ttime: 1.4247 Vtime: 0.0518
Step: 25700000  Loss: 0.103352 Regul: 0.010858 Obj: 0.114210 (0.060524)  NNZ: 9 (11)  Ttime: 1.4276 Vtime: 0.0512
Step: 25800000  Loss: 0.058758 Regul: 0.013466 Obj: 0.072223 (0.060524)  NNZ: 9 (11)  Ttime: 1.4254 Vtime: 0.0518
Step: 25900000  Loss: 0.065802 Regul: 0.011484 Obj: 0.077287 (0.060524)  NNZ: 11 (11)  Ttime: 1.4208 Vtime: 0.0510
Step: 26000000  Loss: 0.053858 Regul: 0.009833 Obj: 0.063691 (0.060524)  NNZ: 10 (11)  Ttime: 1.4222 Vtime: 0.0517
Step: 26100000  Loss: 0.055633 Regul: 0.013389 Obj: 0.069022 (0.060524)  NNZ: 13 (11)  Ttime: 1.4240 Vtime: 0.0513
Step: 26200000  Loss: 0.058626 Regul: 0.010104 Obj: 0.068730 (0.060524)  NNZ: 8 (11)  Ttime: 1.4234 Vtime: 0.0513
Step: 26300000  Loss: 0.056006 Regul: 0.009412 Obj: 0.065418 (0.060524)  NNZ: 10 (11)  Ttime: 1.4240 Vtime: 0.0516
Step: 26400000  Loss: 0.137958 Regul: 0.010089 Obj: 0.148048 (0.060524)  NNZ: 6 (11)  Ttime: 1.4209 Vtime: 0.0515
Step: 26500000  Loss: 0.062116 Regul: 0.016154 Obj: 0.078270 (0.060524)  NNZ: 11 (11)  Ttime: 1.4221 Vtime: 0.0520
Step: 26600000  Loss: 0.052400 Regul: 0.010408 Obj: 0.062808 (0.060524)  NNZ: 10 (11)  Ttime: 1.4261 Vtime: 0.0519
Step: 26700000  Loss: 0.104001 Regul: 0.023221 Obj: 0.127223 (0.060524)  NNZ: 16 (11)  Ttime: 1.4213 Vtime: 0.0513
Step: 26800000  Loss: 0.085972 Regul: 0.021530 Obj: 0.107501 (0.060524)  NNZ: 14 (11)  Ttime: 1.4287 Vtime: 0.0512
Best: 26900000  Loss: 0.051788 Regul: 0.008434 Obj: 0.060222 (0.060222)  NNZ: 6 (6)  Ttime: 1.4239 Vtime: 0.0510
Stat: nPR #44 (#48) Dim/MaxDim [352/640] AUC: 0.980075 FPR95: 10.52 [saved]
Step: 27000000  Loss: 0.082473 Regul: 0.011865 Obj: 0.094338 (0.060222)  NNZ: 11 (6)  Ttime: 1.4229 Vtime: 0.0513
Step: 27100000  Loss: 0.059512 Regul: 0.015125 Obj: 0.074637 (0.060222)  NNZ: 12 (6)  Ttime: 1.4234 Vtime: 0.0510
Step: 27200000  Loss: 0.059260 Regul: 0.012125 Obj: 0.071385 (0.060222)  NNZ: 11 (6)  Ttime: 1.4260 Vtime: 0.0513
Step: 27300000  Loss: 0.068794 Regul: 0.007694 Obj: 0.076489 (0.060222)  NNZ: 13 (6)  Ttime: 1.4253 Vtime: 0.0514
Step: 27400000  Loss: 0.062564 Regul: 0.007251 Obj: 0.069815 (0.060222)  NNZ: 9 (6)  Ttime: 1.4321 Vtime: 0.0510
Step: 27500000  Loss: 0.075967 Regul: 0.013561 Obj: 0.089528 (0.060222)  NNZ: 12 (6)  Ttime: 1.4250 Vtime: 0.0515
Step: 27600000  Loss: 0.069487 Regul: 0.010844 Obj: 0.080330 (0.060222)  NNZ: 10 (6)  Ttime: 1.4270 Vtime: 0.0516
Step: 27700000  Loss: 0.082662 Regul: 0.008423 Obj: 0.091085 (0.060222)  NNZ: 5 (6)  Ttime: 1.4295 Vtime: 0.0519
Step: 27800000  Loss: 0.070630 Regul: 0.007123 Obj: 0.077753 (0.060222)  NNZ: 6 (6)  Ttime: 1.4205 Vtime: 0.0522
Step: 27900000  Loss: 0.059042 Regul: 0.012371 Obj: 0.071412 (0.060222)  NNZ: 8 (6)  Ttime: 1.4172 Vtime: 0.0511
Step: 28000000  Loss: 0.053298 Regul: 0.009155 Obj: 0.062453 (0.060222)  NNZ: 13 (6)  Ttime: 1.4264 Vtime: 0.0515
Step: 28100000  Loss: 0.058585 Regul: 0.010210 Obj: 0.068795 (0.060222)  NNZ: 11 (6)  Ttime: 1.4237 Vtime: 0.0507
Step: 28200000  Loss: 0.074818 Regul: 0.014315 Obj: 0.089133 (0.060222)  NNZ: 14 (6)  Ttime: 1.4238 Vtime: 0.0522
Step: 28300000  Loss: 0.089904 Regul: 0.016410 Obj: 0.106314 (0.060222)  NNZ: 14 (6)  Ttime: 1.4234 Vtime: 0.0509
Step: 28400000  Loss: 0.053928 Regul: 0.008910 Obj: 0.062838 (0.060222)  NNZ: 8 (6)  Ttime: 1.4205 Vtime: 0.0514
Step: 28500000  Loss: 0.066338 Regul: 0.016732 Obj: 0.083070 (0.060222)  NNZ: 12 (6)  Ttime: 1.4258 Vtime: 0.0513
Step: 28600000  Loss: 0.053401 Regul: 0.007694 Obj: 0.061095 (0.060222)  NNZ: 7 (6)  Ttime: 1.4232 Vtime: 0.0519
Step: 28700000  Loss: 0.057106 Regul: 0.015201 Obj: 0.072307 (0.060222)  NNZ: 14 (6)  Ttime: 1.4257 Vtime: 0.0516
Step: 28800000  Loss: 0.060315 Regul: 0.014198 Obj: 0.074513 (0.060222)  NNZ: 11 (6)  Ttime: 1.4237 Vtime: 0.0519
Step: 28900000  Loss: 0.070032 Regul: 0.019640 Obj: 0.089672 (0.060222)  NNZ: 17 (6)  Ttime: 1.4252 Vtime: 0.0517
Step: 29000000  Loss: 0.088033 Regul: 0.007991 Obj: 0.096024 (0.060222)  NNZ: 6 (6)  Ttime: 1.4200 Vtime: 0.0520
Step: 29100000  Loss: 0.068364 Regul: 0.009880 Obj: 0.078244 (0.060222)  NNZ: 10 (6)  Ttime: 1.4232 Vtime: 0.0516
Step: 29200000  Loss: 0.121378 Regul: 0.012836 Obj: 0.134214 (0.060222)  NNZ: 17 (6)  Ttime: 1.4232 Vtime: 0.0511
Step: 29300000  Loss: 0.070772 Regul: 0.008379 Obj: 0.079151 (0.060222)  NNZ: 8 (6)  Ttime: 1.4248 Vtime: 0.0513
Step: 29400000  Loss: 0.100478 Regul: 0.009862 Obj: 0.110340 (0.060222)  NNZ: 16 (6)  Ttime: 1.4290 Vtime: 0.0515
Step: 29500000  Loss: 0.104024 Regul: 0.020764 Obj: 0.124788 (0.060222)  NNZ: 18 (6)  Ttime: 1.4200 Vtime: 0.0510
Step: 29600000  Loss: 0.113231 Regul: 0.010331 Obj: 0.123562 (0.060222)  NNZ: 11 (6)  Ttime: 1.4269 Vtime: 0.0517
Step: 29700000  Loss: 0.060442 Regul: 0.009148 Obj: 0.069590 (0.060222)  NNZ: 9 (6)  Ttime: 1.4281 Vtime: 0.0515
Step: 29800000  Loss: 0.055537 Regul: 0.008247 Obj: 0.063784 (0.060222)  NNZ: 11 (6)  Ttime: 1.4248 Vtime: 0.0515
Step: 29900000  Loss: 0.060107 Regul: 0.006724 Obj: 0.066831 (0.060222)  NNZ: 6 (6)  Ttime: 1.4284 Vtime: 0.0514
Step: 30000000  Loss: 0.052664 Regul: 0.008540 Obj: 0.061204 (0.060222)  NNZ: 9 (6)  Ttime: 1.4221 Vtime: 0.0512
Step: 30100000  Loss: 0.053554 Regul: 0.009760 Obj: 0.063314 (0.060222)  NNZ: 11 (6)  Ttime: 1.4210 Vtime: 0.0513
Step: 30200000  Loss: 0.063524 Regul: 0.006522 Obj: 0.070046 (0.060222)  NNZ: 9 (6)  Ttime: 1.4224 Vtime: 0.0512
Step: 30300000  Loss: 0.083525 Regul: 0.021277 Obj: 0.104802 (0.060222)  NNZ: 19 (6)  Ttime: 1.4216 Vtime: 0.0514
Step: 30400000  Loss: 0.057994 Regul: 0.012422 Obj: 0.070415 (0.060222)  NNZ: 11 (6)  Ttime: 1.4277 Vtime: 0.0515
Step: 30500000  Loss: 0.067980 Regul: 0.014553 Obj: 0.082533 (0.060222)  NNZ: 11 (6)  Ttime: 1.4207 Vtime: 0.0512
Step: 30600000  Loss: 0.066510 Regul: 0.012521 Obj: 0.079031 (0.060222)  NNZ: 13 (6)  Ttime: 1.4231 Vtime: 0.0512
Step: 30700000  Loss: 0.084011 Regul: 0.012023 Obj: 0.096034 (0.060222)  NNZ: 7 (6)  Ttime: 1.4262 Vtime: 0.0511
Step: 30800000  Loss: 0.062013 Regul: 0.009646 Obj: 0.071659 (0.060222)  NNZ: 12 (6)  Ttime: 1.4246 Vtime: 0.0519
Step: 30900000  Loss: 0.054678 Regul: 0.010345 Obj: 0.065023 (0.060222)  NNZ: 8 (6)  Ttime: 1.4174 Vtime: 0.0518
Step: 31000000  Loss: 0.052962 Regul: 0.009532 Obj: 0.062495 (0.060222)  NNZ: 8 (6)  Ttime: 1.4246 Vtime: 0.0509
Step: 31100000  Loss: 0.053592 Regul: 0.011598 Obj: 0.065190 (0.060222)  NNZ: 12 (6)  Ttime: 1.4234 Vtime: 0.0512
Step: 31200000  Loss: 0.056739 Regul: 0.012634 Obj: 0.069373 (0.060222)  NNZ: 13 (6)  Ttime: 1.4261 Vtime: 0.0511
Step: 31300000  Loss: 0.059013 Regul: 0.009880 Obj: 0.068894 (0.060222)  NNZ: 13 (6)  Ttime: 1.4238 Vtime: 0.0519
Step: 31400000  Loss: 0.062713 Regul: 0.013751 Obj: 0.076464 (0.060222)  NNZ: 9 (6)  Ttime: 1.4229 Vtime: 0.0512
Step: 31500000  Loss: 0.125921 Regul: 0.013484 Obj: 0.139405 (0.060222)  NNZ: 10 (6)  Ttime: 1.4253 Vtime: 0.0515
Step: 31600000  Loss: 0.054757 Regul: 0.008423 Obj: 0.063180 (0.060222)  NNZ: 7 (6)  Ttime: 1.4255 Vtime: 0.0516
Step: 31700000  Loss: 0.080032 Regul: 0.003999 Obj: 0.084031 (0.060222)  NNZ: 6 (6)  Ttime: 1.4244 Vtime: 0.0520
Step: 31800000  Loss: 0.058261 Regul: 0.015948 Obj: 0.074210 (0.060222)  NNZ: 17 (6)  Ttime: 1.4244 Vtime: 0.0515
Step: 31900000  Loss: 0.055496 Regul: 0.012030 Obj: 0.067526 (0.060222)  NNZ: 11 (6)  Ttime: 1.4238 Vtime: 0.0515
Step: 32000000  Loss: 0.053831 Regul: 0.010243 Obj: 0.064074 (0.060222)  NNZ: 11 (6)  Ttime: 1.4261 Vtime: 0.0517
Best: 32100000  Loss: 0.050868 Regul: 0.009122 Obj: 0.059990 (0.059990)  NNZ: 8 (8)  Ttime: 1.4239 Vtime: 0.0515
Stat: nPR #60 (#64) Dim/MaxDim [480/640] AUC: 0.980501 FPR95: 9.91 [saved]
Step: 32200000  Loss: 0.053936 Regul: 0.007339 Obj: 0.061275 (0.059990)  NNZ: 9 (8)  Ttime: 1.4222 Vtime: 0.0506
Step: 32300000  Loss: 0.068591 Regul: 0.008035 Obj: 0.076625 (0.059990)  NNZ: 8 (8)  Ttime: 1.4231 Vtime: 0.0514
Step: 32400000  Loss: 0.053057 Regul: 0.008027 Obj: 0.061084 (0.059990)  NNZ: 10 (8)  Ttime: 1.4274 Vtime: 0.0510
Step: 32500000  Loss: 0.096076 Regul: 0.016428 Obj: 0.112504 (0.059990)  NNZ: 12 (8)  Ttime: 1.4209 Vtime: 0.0516
Step: 32600000  Loss: 0.072649 Regul: 0.005643 Obj: 0.078292 (0.059990)  NNZ: 5 (8)  Ttime: 1.4245 Vtime: 0.0510
Step: 32700000  Loss: 0.053623 Regul: 0.013077 Obj: 0.066700 (0.059990)  NNZ: 9 (8)  Ttime: 1.4239 Vtime: 0.0515
Step: 32800000  Loss: 0.063760 Regul: 0.009580 Obj: 0.073340 (0.059990)  NNZ: 12 (8)  Ttime: 1.4217 Vtime: 0.0514
Step: 32900000  Loss: 0.065152 Regul: 0.008818 Obj: 0.073970 (0.059990)  NNZ: 12 (8)  Ttime: 1.4250 Vtime: 0.0522
Step: 33000000  Loss: 0.073264 Regul: 0.006815 Obj: 0.080079 (0.059990)  NNZ: 6 (8)  Ttime: 1.4231 Vtime: 0.0516
Step: 33100000  Loss: 0.062177 Regul: 0.009474 Obj: 0.071651 (0.059990)  NNZ: 10 (8)  Ttime: 1.4248 Vtime: 0.0516
Step: 33200000  Loss: 0.072144 Regul: 0.021420 Obj: 0.093564 (0.059990)  NNZ: 18 (8)  Ttime: 1.4277 Vtime: 0.0510
Step: 33300000  Loss: 0.053700 Regul: 0.012056 Obj: 0.065756 (0.059990)  NNZ: 11 (8)  Ttime: 1.4251 Vtime: 0.0511
Step: 33400000  Loss: 0.065459 Regul: 0.011818 Obj: 0.077277 (0.059990)  NNZ: 11 (8)  Ttime: 1.4242 Vtime: 0.0513
Step: 33500000  Loss: 0.061263 Regul: 0.011898 Obj: 0.073162 (0.059990)  NNZ: 12 (8)  Ttime: 1.4242 Vtime: 0.0518
Step: 33600000  Loss: 0.088906 Regul: 0.026433 Obj: 0.115339 (0.059990)  NNZ: 16 (8)  Ttime: 1.4235 Vtime: 0.0514
Step: 33700000  Loss: 0.074864 Regul: 0.022427 Obj: 0.097291 (0.059990)  NNZ: 15 (8)  Ttime: 1.4222 Vtime: 0.0517
Step: 33800000  Loss: 0.060497 Regul: 0.016106 Obj: 0.076603 (0.059990)  NNZ: 20 (8)  Ttime: 1.4266 Vtime: 0.0516
Step: 33900000  Loss: 0.072181 Regul: 0.013414 Obj: 0.085595 (0.059990)  NNZ: 12 (8)  Ttime: 1.4120 Vtime: 0.0514
Step: 34000000  Loss: 0.065617 Regul: 0.019958 Obj: 0.085575 (0.059990)  NNZ: 14 (8)  Ttime: 1.4279 Vtime: 0.0512
Step: 34100000  Loss: 0.064785 Regul: 0.013389 Obj: 0.078174 (0.059990)  NNZ: 8 (8)  Ttime: 1.4257 Vtime: 0.0515
Step: 34200000  Loss: 0.077850 Regul: 0.025382 Obj: 0.103232 (0.059990)  NNZ: 22 (8)  Ttime: 1.4193 Vtime: 0.0514
Step: 34300000  Loss: 0.057481 Regul: 0.013546 Obj: 0.071028 (0.059990)  NNZ: 12 (8)  Ttime: 1.4276 Vtime: 0.0515
Step: 34400000  Loss: 0.134034 Regul: 0.019541 Obj: 0.153575 (0.059990)  NNZ: 13 (8)  Ttime: 1.4193 Vtime: 0.0513
Step: 34500000  Loss: 0.059525 Regul: 0.015542 Obj: 0.075067 (0.059990)  NNZ: 16 (8)  Ttime: 1.4193 Vtime: 0.0511
Step: 34600000  Loss: 0.082225 Regul: 0.030941 Obj: 0.113166 (0.059990)  NNZ: 17 (8)  Ttime: 1.4266 Vtime: 0.0513
Step: 34700000  Loss: 0.111924 Regul: 0.016637 Obj: 0.128561 (0.059990)  NNZ: 15 (8)  Ttime: 1.4206 Vtime: 0.0511
Step: 34800000  Loss: 0.060454 Regul: 0.017340 Obj: 0.077794 (0.059990)  NNZ: 15 (8)  Ttime: 1.4229 Vtime: 0.0514
Step: 34900000  Loss: 0.090103 Regul: 0.020903 Obj: 0.111006 (0.059990)  NNZ: 11 (8)  Ttime: 1.4222 Vtime: 0.0515
Step: 35000000  Loss: 0.076987 Regul: 0.024188 Obj: 0.101175 (0.059990)  NNZ: 15 (8)  Ttime: 1.4216 Vtime: 0.0513
Step: 35100000  Loss: 0.072300 Regul: 0.020588 Obj: 0.092888 (0.059990)  NNZ: 13 (8)  Ttime: 1.4272 Vtime: 0.0526
Step: 35200000  Loss: 0.063109 Regul: 0.018567 Obj: 0.081676 (0.059990)  NNZ: 13 (8)  Ttime: 1.4189 Vtime: 0.0516
Step: 35300000  Loss: 0.083478 Regul: 0.026876 Obj: 0.110354 (0.059990)  NNZ: 13 (8)  Ttime: 1.4223 Vtime: 0.0511
Step: 35400000  Loss: 0.097258 Regul: 0.021255 Obj: 0.118513 (0.059990)  NNZ: 16 (8)  Ttime: 1.4219 Vtime: 0.0511
Step: 35500000  Loss: 0.108079 Regul: 0.028883 Obj: 0.136962 (0.059990)  NNZ: 20 (8)  Ttime: 1.4218 Vtime: 0.0513
Step: 35600000  Loss: 0.076155 Regul: 0.022156 Obj: 0.098311 (0.059990)  NNZ: 12 (8)  Ttime: 1.4229 Vtime: 0.0517
Step: 35700000  Loss: 0.093241 Regul: 0.034600 Obj: 0.127841 (0.059990)  NNZ: 23 (8)  Ttime: 1.4222 Vtime: 0.0509
Step: 35800000  Loss: 0.062328 Regul: 0.016198 Obj: 0.078526 (0.059990)  NNZ: 11 (8)  Ttime: 1.4218 Vtime: 0.0518
Step: 35900000  Loss: 0.063896 Regul: 0.020413 Obj: 0.084308 (0.059990)  NNZ: 16 (8)  Ttime: 1.4195 Vtime: 0.0510
Step: 36000000  Loss: 0.081383 Regul: 0.022555 Obj: 0.103938 (0.059990)  NNZ: 19 (8)  Ttime: 1.4203 Vtime: 0.0516
Step: 36100000  Loss: 0.075315 Regul: 0.022386 Obj: 0.097702 (0.059990)  NNZ: 14 (8)  Ttime: 1.4278 Vtime: 0.0518
Step: 36200000  Loss: 0.064227 Regul: 0.019988 Obj: 0.084215 (0.059990)  NNZ: 20 (8)  Ttime: 1.4200 Vtime: 0.0514
Step: 36300000  Loss: 0.079505 Regul: 0.021002 Obj: 0.100507 (0.059990)  NNZ: 16 (8)  Ttime: 1.4227 Vtime: 0.0515
Step: 36400000  Loss: 0.069564 Regul: 0.023584 Obj: 0.093148 (0.059990)  NNZ: 13 (8)  Ttime: 1.4274 Vtime: 0.0513
Step: 36500000  Loss: 0.077314 Regul: 0.009902 Obj: 0.087216 (0.059990)  NNZ: 8 (8)  Ttime: 1.4226 Vtime: 0.0511
Step: 36600000  Loss: 0.065320 Regul: 0.016461 Obj: 0.081782 (0.059990)  NNZ: 12 (8)  Ttime: 1.4187 Vtime: 0.0510
Step: 36700000  Loss: 0.063646 Regul: 0.017131 Obj: 0.080777 (0.059990)  NNZ: 12 (8)  Ttime: 1.4170 Vtime: 0.0511
Step: 36800000  Loss: 0.085991 Regul: 0.025675 Obj: 0.111666 (0.059990)  NNZ: 17 (8)  Ttime: 1.4230 Vtime: 0.0515
Step: 36900000  Loss: 0.105371 Regul: 0.032380 Obj: 0.137751 (0.059990)  NNZ: 20 (8)  Ttime: 1.4245 Vtime: 0.0516
Step: 37000000  Loss: 0.116298 Regul: 0.030520 Obj: 0.146818 (0.059990)  NNZ: 16 (8)  Ttime: 1.4190 Vtime: 0.0518
Step: 37100000  Loss: 0.094222 Regul: 0.033768 Obj: 0.127990 (0.059990)  NNZ: 22 (8)  Ttime: 1.4216 Vtime: 0.0517
Step: 37200000  Loss: 0.081770 Regul: 0.019673 Obj: 0.101442 (0.059990)  NNZ: 17 (8)  Ttime: 1.4238 Vtime: 0.0522
Step: 37300000  Loss: 0.072434 Regul: 0.023815 Obj: 0.096248 (0.059990)  NNZ: 16 (8)  Ttime: 1.4219 Vtime: 0.0511
Step: 37400000  Loss: 0.059648 Regul: 0.011320 Obj: 0.070967 (0.059990)  NNZ: 10 (8)  Ttime: 1.4223 Vtime: 0.0515
Step: 37500000  Loss: 0.053061 Regul: 0.008405 Obj: 0.061465 (0.059990)  NNZ: 9 (8)  Ttime: 1.4285 Vtime: 0.0516
Step: 37600000  Loss: 0.081105 Regul: 0.019208 Obj: 0.100313 (0.059990)  NNZ: 16 (8)  Ttime: 1.4193 Vtime: 0.0509
Step: 37700000  Loss: 0.075127 Regul: 0.025393 Obj: 0.100520 (0.059990)  NNZ: 14 (8)  Ttime: 1.4194 Vtime: 0.0507
Step: 37800000  Loss: 0.106567 Regul: 0.036387 Obj: 0.142954 (0.059990)  NNZ: 23 (8)  Ttime: 1.4202 Vtime: 0.0524
Step: 37900000  Loss: 0.083809 Regul: 0.011235 Obj: 0.095045 (0.059990)  NNZ: 10 (8)  Ttime: 1.4242 Vtime: 0.0520
Step: 38000000  Loss: 0.094762 Regul: 0.027902 Obj: 0.122664 (0.059990)  NNZ: 17 (8)  Ttime: 1.4176 Vtime: 0.0515
Step: 38100000  Loss: 0.066857 Regul: 0.020823 Obj: 0.087679 (0.059990)  NNZ: 13 (8)  Ttime: 1.4191 Vtime: 0.0511
Step: 38200000  Loss: 0.080842 Regul: 0.019622 Obj: 0.100463 (0.059990)  NNZ: 16 (8)  Ttime: 1.4277 Vtime: 0.0518
Step: 38300000  Loss: 0.074714 Regul: 0.024291 Obj: 0.099005 (0.059990)  NNZ: 18 (8)  Ttime: 1.4216 Vtime: 0.0511
Step: 38400000  Loss: 0.096855 Regul: 0.027089 Obj: 0.123943 (0.059990)  NNZ: 20 (8)  Ttime: 1.4204 Vtime: 0.0517
Step: 38500000  Loss: 0.079116 Regul: 0.017190 Obj: 0.096306 (0.059990)  NNZ: 15 (8)  Ttime: 1.4221 Vtime: 0.0514
Step: 38600000  Loss: 0.074658 Regul: 0.019497 Obj: 0.094155 (0.059990)  NNZ: 16 (8)  Ttime: 1.4231 Vtime: 0.0517
Step: 38700000  Loss: 0.100313 Regul: 0.027506 Obj: 0.127820 (0.059990)  NNZ: 14 (8)  Ttime: 1.4230 Vtime: 0.0511
Step: 38800000  Loss: 0.068684 Regul: 0.020632 Obj: 0.089316 (0.059990)  NNZ: 21 (8)  Ttime: 1.4277 Vtime: 0.0511
Step: 38900000  Loss: 0.080921 Regul: 0.028151 Obj: 0.109072 (0.059990)  NNZ: 18 (8)  Ttime: 1.4211 Vtime: 0.0504
Step: 39000000  Loss: 0.104652 Regul: 0.016296 Obj: 0.120949 (0.059990)  NNZ: 17 (8)  Ttime: 1.4219 Vtime: 0.0519
Step: 39100000  Loss: 0.073940 Regul: 0.024965 Obj: 0.098904 (0.059990)  NNZ: 14 (8)  Ttime: 1.4234 Vtime: 0.0504
Step: 39200000  Loss: 0.082827 Regul: 0.032095 Obj: 0.114922 (0.059990)  NNZ: 19 (8)  Ttime: 1.4222 Vtime: 0.0513
Step: 39300000  Loss: 0.080643 Regul: 0.027217 Obj: 0.107860 (0.059990)  NNZ: 15 (8)  Ttime: 1.4241 Vtime: 0.0516
Step: 39400000  Loss: 0.067202 Regul: 0.019746 Obj: 0.086948 (0.059990)  NNZ: 11 (8)  Ttime: 1.4196 Vtime: 0.0521
Step: 39500000  Loss: 0.075152 Regul: 0.026631 Obj: 0.101783 (0.059990)  NNZ: 16 (8)  Ttime: 1.4232 Vtime: 0.0513
Step: 39600000  Loss: 0.066480 Regul: 0.019197 Obj: 0.085676 (0.059990)  NNZ: 18 (8)  Ttime: 1.4200 Vtime: 0.0511
Step: 39700000  Loss: 0.079038 Regul: 0.029491 Obj: 0.108529 (0.059990)  NNZ: 21 (8)  Ttime: 1.4220 Vtime: 0.0511
Step: 39800000  Loss: 0.071936 Regul: 0.024452 Obj: 0.096388 (0.059990)  NNZ: 19 (8)  Ttime: 1.4197 Vtime: 0.0512
Step: 39900000  Loss: 0.066890 Regul: 0.022262 Obj: 0.089152 (0.059990)  NNZ: 15 (8)  Ttime: 1.4257 Vtime: 0.0510
Step: 40000000  Loss: 0.096374 Regul: 0.031644 Obj: 0.128018 (0.059990)  NNZ: 19 (8)  Ttime: 1.4239 Vtime: 0.0519
Step: 40100000  Loss: 0.099098 Regul: 0.020369 Obj: 0.119467 (0.059990)  NNZ: 13 (8)  Ttime: 1.4236 Vtime: 0.0517
Step: 40200000  Loss: 0.074590 Regul: 0.022782 Obj: 0.097372 (0.059990)  NNZ: 17 (8)  Ttime: 1.4190 Vtime: 0.0521
Step: 40300000  Loss: 0.067187 Regul: 0.020215 Obj: 0.087402 (0.059990)  NNZ: 15 (8)  Ttime: 1.4255 Vtime: 0.0519
Step: 40400000  Loss: 0.072120 Regul: 0.022046 Obj: 0.094166 (0.059990)  NNZ: 20 (8)  Ttime: 1.4252 Vtime: 0.0519
Step: 40500000  Loss: 0.055026 Regul: 0.011887 Obj: 0.066913 (0.059990)  NNZ: 13 (8)  Ttime: 1.4198 Vtime: 0.0519
Step: 40600000  Loss: 0.074075 Regul: 0.024174 Obj: 0.098249 (0.059990)  NNZ: 18 (8)  Ttime: 1.4188 Vtime: 0.0514
Step: 40700000  Loss: 0.069321 Regul: 0.016787 Obj: 0.086108 (0.059990)  NNZ: 13 (8)  Ttime: 1.4221 Vtime: 0.0513
Step: 40800000  Loss: 0.080700 Regul: 0.031516 Obj: 0.112216 (0.059990)  NNZ: 20 (8)  Ttime: 1.4199 Vtime: 0.0518
Step: 40900000  Loss: 0.149036 Regul: 0.027678 Obj: 0.176714 (0.059990)  NNZ: 23 (8)  Ttime: 1.4257 Vtime: 0.0516
Step: 41000000  Loss: 0.088152 Regul: 0.027975 Obj: 0.116127 (0.059990)  NNZ: 22 (8)  Ttime: 1.4233 Vtime: 0.0510
Step: 41100000  Loss: 0.065389 Regul: 0.018798 Obj: 0.084187 (0.059990)  NNZ: 21 (8)  Ttime: 1.4213 Vtime: 0.0519
Step: 41200000  Loss: 0.063641 Regul: 0.017465 Obj: 0.081106 (0.059990)  NNZ: 12 (8)  Ttime: 1.4218 Vtime: 0.0522
Step: 41300000  Loss: 0.061978 Regul: 0.015176 Obj: 0.077154 (0.059990)  NNZ: 14 (8)  Ttime: 1.4267 Vtime: 0.0514
Step: 41400000  Loss: 0.121132 Regul: 0.031406 Obj: 0.152538 (0.059990)  NNZ: 23 (8)  Ttime: 1.4182 Vtime: 0.0520
Step: 41500000  Loss: 0.064274 Regul: 0.021471 Obj: 0.085745 (0.059990)  NNZ: 17 (8)  Ttime: 1.4201 Vtime: 0.0521
Step: 41600000  Loss: 0.074762 Regul: 0.024141 Obj: 0.098903 (0.059990)  NNZ: 13 (8)  Ttime: 1.4270 Vtime: 0.0515
Step: 41700000  Loss: 0.086066 Regul: 0.024990 Obj: 0.111056 (0.059990)  NNZ: 18 (8)  Ttime: 1.4220 Vtime: 0.0518
Step: 41800000  Loss: 0.055788 Regul: 0.013510 Obj: 0.069298 (0.059990)  NNZ: 14 (8)  Ttime: 1.4228 Vtime: 0.0520
Step: 41900000  Loss: 0.125700 Regul: 0.019244 Obj: 0.144944 (0.059990)  NNZ: 10 (8)  Ttime: 1.4209 Vtime: 0.0523
Step: 42000000  Loss: 0.108674 Regul: 0.036976 Obj: 0.145650 (0.059990)  NNZ: 19 (8)  Ttime: 1.4222 Vtime: 0.0514
Step: 42100000  Loss: 0.080826 Regul: 0.026990 Obj: 0.107816 (0.059990)  NNZ: 17 (8)  Ttime: 1.4188 Vtime: 0.0518
Step: 42200000  Loss: 0.078455 Regul: 0.023990 Obj: 0.102446 (0.059990)  NNZ: 19 (8)  Ttime: 1.4235 Vtime: 0.0508
Step: 42300000  Loss: 0.063506 Regul: 0.017336 Obj: 0.080842 (0.059990)  NNZ: 15 (8)  Ttime: 1.4198 Vtime: 0.0514
Step: 42400000  Loss: 0.071126 Regul: 0.024174 Obj: 0.095300 (0.059990)  NNZ: 18 (8)  Ttime: 1.4105 Vtime: 0.0514
Step: 42500000  Loss: 0.095318 Regul: 0.030454 Obj: 0.125772 (0.059990)  NNZ: 23 (8)  Ttime: 1.4371 Vtime: 0.0518
Step: 42600000  Loss: 0.060503 Regul: 0.017164 Obj: 0.077668 (0.059990)  NNZ: 16 (8)  Ttime: 1.4218 Vtime: 0.0521
Step: 42700000  Loss: 0.088892 Regul: 0.015872 Obj: 0.104763 (0.059990)  NNZ: 15 (8)  Ttime: 1.4260 Vtime: 0.0511
Step: 42800000  Loss: 0.072088 Regul: 0.023503 Obj: 0.095591 (0.059990)  NNZ: 19 (8)  Ttime: 1.4214 Vtime: 0.0521
Step: 42900000  Loss: 0.058450 Regul: 0.015970 Obj: 0.074421 (0.059990)  NNZ: 16 (8)  Ttime: 1.4257 Vtime: 0.0525
Step: 43000000  Loss: 0.103886 Regul: 0.040217 Obj: 0.144104 (0.059990)  NNZ: 28 (8)  Ttime: 1.4233 Vtime: 0.0515
Step: 43100000  Loss: 0.054550 Regul: 0.012766 Obj: 0.067316 (0.059990)  NNZ: 12 (8)  Ttime: 1.4255 Vtime: 0.0516
Step: 43200000  Loss: 0.087752 Regul: 0.036526 Obj: 0.124278 (0.059990)  NNZ: 21 (8)  Ttime: 1.4224 Vtime: 0.0510
Step: 43300000  Loss: 0.065934 Regul: 0.017351 Obj: 0.083285 (0.059990)  NNZ: 14 (8)  Ttime: 1.4248 Vtime: 0.0511
Step: 43400000  Loss: 0.069576 Regul: 0.013835 Obj: 0.083412 (0.059990)  NNZ: 11 (8)  Ttime: 1.4195 Vtime: 0.0518
Step: 43500000  Loss: 0.075178 Regul: 0.025265 Obj: 0.100443 (0.059990)  NNZ: 20 (8)  Ttime: 1.4224 Vtime: 0.0516
Step: 43600000  Loss: 0.070701 Regul: 0.025056 Obj: 0.095757 (0.059990)  NNZ: 20 (8)  Ttime: 1.4192 Vtime: 0.0509
Step: 43700000  Loss: 0.129859 Regul: 0.036368 Obj: 0.166228 (0.059990)  NNZ: 24 (8)  Ttime: 1.4273 Vtime: 0.0522
Step: 43800000  Loss: 0.063703 Regul: 0.017549 Obj: 0.081251 (0.059990)  NNZ: 15 (8)  Ttime: 1.4189 Vtime: 0.0512
Step: 43900000  Loss: 0.088986 Regul: 0.028528 Obj: 0.117514 (0.059990)  NNZ: 23 (8)  Ttime: 1.4229 Vtime: 0.0514
Step: 44000000  Loss: 0.067656 Regul: 0.018523 Obj: 0.086179 (0.059990)  NNZ: 15 (8)  Ttime: 1.4240 Vtime: 0.0517
Step: 44100000  Loss: 0.063501 Regul: 0.015835 Obj: 0.079336 (0.059990)  NNZ: 13 (8)  Ttime: 1.4244 Vtime: 0.0513
Step: 44200000  Loss: 0.069399 Regul: 0.020175 Obj: 0.089574 (0.059990)  NNZ: 15 (8)  Ttime: 1.4187 Vtime: 0.0519
Step: 44300000  Loss: 0.116003 Regul: 0.030348 Obj: 0.146351 (0.059990)  NNZ: 22 (8)  Ttime: 1.4289 Vtime: 0.0513
Step: 44400000  Loss: 0.082127 Regul: 0.028019 Obj: 0.110146 (0.059990)  NNZ: 23 (8)  Ttime: 1.4249 Vtime: 0.0522
Step: 44500000  Loss: 0.069212 Regul: 0.022965 Obj: 0.092177 (0.059990)  NNZ: 22 (8)  Ttime: 1.4237 Vtime: 0.0519
Step: 44600000  Loss: 0.076695 Regul: 0.028971 Obj: 0.105666 (0.059990)  NNZ: 26 (8)  Ttime: 1.4199 Vtime: 0.0516
Step: 44700000  Loss: 0.083003 Regul: 0.025679 Obj: 0.108682 (0.059990)  NNZ: 17 (8)  Ttime: 1.4260 Vtime: 0.0515
Step: 44800000  Loss: 0.088708 Regul: 0.026733 Obj: 0.115441 (0.059990)  NNZ: 24 (8)  Ttime: 1.4261 Vtime: 0.0518
Step: 44900000  Loss: 0.091617 Regul: 0.036302 Obj: 0.127919 (0.059990)  NNZ: 21 (8)  Ttime: 1.4217 Vtime: 0.0514
Step: 45000000  Loss: 0.059026 Regul: 0.015498 Obj: 0.074524 (0.059990)  NNZ: 14 (8)  Ttime: 1.4244 Vtime: 0.0516
Step: 45100000  Loss: 0.066163 Regul: 0.017585 Obj: 0.083748 (0.059990)  NNZ: 16 (8)  Ttime: 1.4253 Vtime: 0.0518
Step: 45200000  Loss: 0.058506 Regul: 0.010964 Obj: 0.069471 (0.059990)  NNZ: 13 (8)  Ttime: 1.4275 Vtime: 0.0528
Step: 45300000  Loss: 0.079694 Regul: 0.016084 Obj: 0.095778 (0.059990)  NNZ: 13 (8)  Ttime: 1.4231 Vtime: 0.0523
Step: 45400000  Loss: 0.078415 Regul: 0.022767 Obj: 0.101182 (0.059990)  NNZ: 17 (8)  Ttime: 1.4227 Vtime: 0.0513
Step: 45500000  Loss: 0.088363 Regul: 0.016937 Obj: 0.105300 (0.059990)  NNZ: 14 (8)  Ttime: 1.4241 Vtime: 0.0515
Step: 45600000  Loss: 0.080066 Regul: 0.022152 Obj: 0.102218 (0.059990)  NNZ: 13 (8)  Ttime: 1.4237 Vtime: 0.0514
Step: 45700000  Loss: 0.063136 Regul: 0.021119 Obj: 0.084255 (0.059990)  NNZ: 20 (8)  Ttime: 1.4224 Vtime: 0.0511
Step: 45800000  Loss: 0.100615 Regul: 0.021848 Obj: 0.122463 (0.059990)  NNZ: 17 (8)  Ttime: 1.4240 Vtime: 0.0508
Step: 45900000  Loss: 0.073990 Regul: 0.026766 Obj: 0.100756 (0.059990)  NNZ: 21 (8)  Ttime: 1.4221 Vtime: 0.0515
Step: 46000000  Loss: 0.080015 Regul: 0.021449 Obj: 0.101464 (0.059990)  NNZ: 14 (8)  Ttime: 1.4226 Vtime: 0.0518
Step: 46100000  Loss: 0.070442 Regul: 0.021138 Obj: 0.091579 (0.059990)  NNZ: 18 (8)  Ttime: 1.4224 Vtime: 0.0518
Step: 46200000  Loss: 0.084737 Regul: 0.025851 Obj: 0.110587 (0.059990)  NNZ: 20 (8)  Ttime: 1.4301 Vtime: 0.0515
Step: 46300000  Loss: 0.077948 Regul: 0.023441 Obj: 0.101389 (0.059990)  NNZ: 16 (8)  Ttime: 1.4249 Vtime: 0.0515
Step: 46400000  Loss: 0.093414 Regul: 0.027678 Obj: 0.121092 (0.059990)  NNZ: 19 (8)  Ttime: 1.4273 Vtime: 0.0514
Step: 46500000  Loss: 0.071668 Regul: 0.024214 Obj: 0.095882 (0.059990)  NNZ: 24 (8)  Ttime: 1.4238 Vtime: 0.0518
Step: 46600000  Loss: 0.100582 Regul: 0.033479 Obj: 0.134061 (0.059990)  NNZ: 24 (8)  Ttime: 1.4198 Vtime: 0.0509
Step: 46700000  Loss: 0.073515 Regul: 0.018746 Obj: 0.092261 (0.059990)  NNZ: 14 (8)  Ttime: 1.4183 Vtime: 0.0509
Step: 46800000  Loss: 0.078726 Regul: 0.023796 Obj: 0.102522 (0.059990)  NNZ: 17 (8)  Ttime: 1.4224 Vtime: 0.0528
Step: 46900000  Loss: 0.072677 Regul: 0.025415 Obj: 0.098092 (0.059990)  NNZ: 19 (8)  Ttime: 1.4267 Vtime: 0.0517
Step: 47000000  Loss: 0.080059 Regul: 0.019296 Obj: 0.099355 (0.059990)  NNZ: 17 (8)  Ttime: 1.4245 Vtime: 0.0512
Step: 47100000  Loss: 0.078337 Regul: 0.024324 Obj: 0.102661 (0.059990)  NNZ: 21 (8)  Ttime: 1.4242 Vtime: 0.0509
Step: 47200000  Loss: 0.078038 Regul: 0.017750 Obj: 0.095788 (0.059990)  NNZ: 16 (8)  Ttime: 1.4225 Vtime: 0.0511
Step: 47300000  Loss: 0.081516 Regul: 0.033435 Obj: 0.114951 (0.059990)  NNZ: 22 (8)  Ttime: 1.4237 Vtime: 0.0519
Step: 47400000  Loss: 0.062603 Regul: 0.019603 Obj: 0.082206 (0.059990)  NNZ: 14 (8)  Ttime: 1.4192 Vtime: 0.0519
Step: 47500000  Loss: 0.091617 Regul: 0.033845 Obj: 0.125463 (0.059990)  NNZ: 19 (8)  Ttime: 1.4269 Vtime: 0.0526
Step: 47600000  Loss: 0.079803 Regul: 0.019200 Obj: 0.099003 (0.059990)  NNZ: 14 (8)  Ttime: 1.4293 Vtime: 0.0517
Step: 47700000  Loss: 0.070097 Regul: 0.019702 Obj: 0.089799 (0.059990)  NNZ: 19 (8)  Ttime: 1.4252 Vtime: 0.0516
Step: 47800000  Loss: 0.059501 Regul: 0.014945 Obj: 0.074446 (0.059990)  NNZ: 13 (8)  Ttime: 1.4229 Vtime: 0.0511
Step: 47900000  Loss: 0.099206 Regul: 0.028334 Obj: 0.127539 (0.059990)  NNZ: 14 (8)  Ttime: 1.4229 Vtime: 0.0511
Step: 48000000  Loss: 0.071662 Regul: 0.023090 Obj: 0.094751 (0.059990)  NNZ: 18 (8)  Ttime: 1.4237 Vtime: 0.0517
Step: 48100000  Loss: 0.072646 Regul: 0.025111 Obj: 0.097757 (0.059990)  NNZ: 21 (8)  Ttime: 1.4270 Vtime: 0.0513
Step: 48200000  Loss: 0.060209 Regul: 0.016879 Obj: 0.077087 (0.059990)  NNZ: 18 (8)  Ttime: 1.4225 Vtime: 0.0511
Step: 48300000  Loss: 0.064134 Regul: 0.016135 Obj: 0.080269 (0.059990)  NNZ: 14 (8)  Ttime: 1.4236 Vtime: 0.0516
Step: 48400000  Loss: 0.080168 Regul: 0.017505 Obj: 0.097672 (0.059990)  NNZ: 15 (8)  Ttime: 1.4158 Vtime: 0.0516
Step: 48500000  Loss: 0.114947 Regul: 0.041323 Obj: 0.156270 (0.059990)  NNZ: 26 (8)  Ttime: 1.4271 Vtime: 0.0522
Step: 48600000  Loss: 0.072362 Regul: 0.021046 Obj: 0.093408 (0.059990)  NNZ: 18 (8)  Ttime: 1.4263 Vtime: 0.0516
Step: 48700000  Loss: 0.098131 Regul: 0.022335 Obj: 0.120466 (0.059990)  NNZ: 14 (8)  Ttime: 1.4202 Vtime: 0.0514
Step: 48800000  Loss: 0.075082 Regul: 0.027114 Obj: 0.102196 (0.059990)  NNZ: 19 (8)  Ttime: 1.4234 Vtime: 0.0512
Step: 48900000  Loss: 0.078629 Regul: 0.025375 Obj: 0.104004 (0.059990)  NNZ: 19 (8)  Ttime: 1.4194 Vtime: 0.0513
Step: 49000000  Loss: 0.063496 Regul: 0.018977 Obj: 0.082473 (0.059990)  NNZ: 20 (8)  Ttime: 1.4236 Vtime: 0.0520
Step: 49100000  Loss: 0.064290 Regul: 0.019673 Obj: 0.083963 (0.059990)  NNZ: 16 (8)  Ttime: 1.4231 Vtime: 0.0517
Step: 49200000  Loss: 0.085978 Regul: 0.026118 Obj: 0.112096 (0.059990)  NNZ: 20 (8)  Ttime: 1.4222 Vtime: 0.0515
Step: 49300000  Loss: 0.071528 Regul: 0.019772 Obj: 0.091300 (0.059990)  NNZ: 18 (8)  Ttime: 1.4241 Vtime: 0.0519
Step: 49400000  Loss: 0.093793 Regul: 0.028180 Obj: 0.121973 (0.059990)  NNZ: 24 (8)  Ttime: 1.4227 Vtime: 0.0518
Step: 49500000  Loss: 0.097763 Regul: 0.018856 Obj: 0.116619 (0.059990)  NNZ: 12 (8)  Ttime: 1.4250 Vtime: 0.0514
Step: 49600000  Loss: 0.068336 Regul: 0.020043 Obj: 0.088379 (0.059990)  NNZ: 15 (8)  Ttime: 1.4226 Vtime: 0.0506
Step: 49700000  Loss: 0.081457 Regul: 0.028960 Obj: 0.110417 (0.059990)  NNZ: 22 (8)  Ttime: 1.4213 Vtime: 0.0512
Step: 49800000  Loss: 0.089000 Regul: 0.031011 Obj: 0.120011 (0.059990)  NNZ: 22 (8)  Ttime: 1.4236 Vtime: 0.0513
Step: 49900000  Loss: 0.076632 Regul: 0.028887 Obj: 0.105519 (0.059990)  NNZ: 23 (8)  Ttime: 1.4216 Vtime: 0.0514
Step: 50000000  Loss: 0.059250 Regul: 0.015527 Obj: 0.074777 (0.059990)  NNZ: 10 (8)  Ttime: 1.4201 Vtime: 0.0519
