mu: 0.04 gamma: 0.175 nIters: 50000000
Load PRParams.
Load RingParams.
Load Labels: 500000
Load Distances: 500000 x 5120
0...10...20...30...40...50...60...70...80...90...100 - done.
Positive samples #250000
Negative samples #250000
Positive train #200000
Negative train #200000
Positive valid #50000
Negative valid #50000

Found GPU: GeForce GTX 970
Compute Capability: 5.2

Best: 100000  Loss: 0.101657 Regul: 0.065379 Obj: 0.167036 (0.167036)  NNZ: 14 (14)  Ttime: 1.3885 Vtime: 0.2022
Stat: nPR #80 (#112) Dim/MaxDim [640/640] AUC: 0.975000 FPR95: 15.07 [saved]
Best: 200000  Loss: 0.066043 Regul: 0.048985 Obj: 0.115027 (0.115027)  NNZ: 12 (12)  Ttime: 1.3940 Vtime: 0.0513
Stat: nPR #76 (#96) Dim/MaxDim [608/640] AUC: 0.980164 FPR95: 10.36 [saved]
Step: 300000  Loss: 0.072897 Regul: 0.050080 Obj: 0.122977 (0.115027)  NNZ: 15 (12)  Ttime: 1.3926 Vtime: 0.0520
Step: 400000  Loss: 0.089614 Regul: 0.031781 Obj: 0.121395 (0.115027)  NNZ: 13 (12)  Ttime: 1.3883 Vtime: 0.0517
Best: 500000  Loss: 0.059643 Regul: 0.022211 Obj: 0.081854 (0.081854)  NNZ: 9 (9)  Ttime: 1.3972 Vtime: 0.0514
Stat: nPR #56 (#72) Dim/MaxDim [448/640] AUC: 0.976983 FPR95: 13.66 [saved]
Best: 600000  Loss: 0.059133 Regul: 0.020098 Obj: 0.079231 (0.079231)  NNZ: 9 (9)  Ttime: 1.3973 Vtime: 0.0513
Stat: nPR #64 (#72) Dim/MaxDim [512/640] AUC: 0.976905 FPR95: 13.18 [saved]
Step: 700000  Loss: 0.076403 Regul: 0.010892 Obj: 0.087295 (0.079231)  NNZ: 5 (9)  Ttime: 1.4030 Vtime: 0.0507
Step: 800000  Loss: 0.087863 Regul: 0.046219 Obj: 0.134082 (0.079231)  NNZ: 15 (9)  Ttime: 1.3954 Vtime: 0.0515
Best: 900000  Loss: 0.060749 Regul: 0.014109 Obj: 0.074859 (0.074859)  NNZ: 6 (6)  Ttime: 1.3975 Vtime: 0.0508
Stat: nPR #40 (#48) Dim/MaxDim [320/640] AUC: 0.977581 FPR95: 13.04 [saved]
Step: 1000000  Loss: 0.058906 Regul: 0.025309 Obj: 0.084215 (0.074859)  NNZ: 11 (6)  Ttime: 1.3934 Vtime: 0.0523
Step: 1100000  Loss: 0.058514 Regul: 0.027582 Obj: 0.086097 (0.074859)  NNZ: 11 (6)  Ttime: 1.4181 Vtime: 0.0515
Step: 1200000  Loss: 0.075958 Regul: 0.017774 Obj: 0.093732 (0.074859)  NNZ: 10 (6)  Ttime: 1.4076 Vtime: 0.0511
Step: 1300000  Loss: 0.074630 Regul: 0.019982 Obj: 0.094612 (0.074859)  NNZ: 10 (6)  Ttime: 1.3971 Vtime: 0.0514
Step: 1400000  Loss: 0.062314 Regul: 0.024646 Obj: 0.086960 (0.074859)  NNZ: 11 (6)  Ttime: 1.3952 Vtime: 0.0521
Step: 1500000  Loss: 0.076374 Regul: 0.030444 Obj: 0.106819 (0.074859)  NNZ: 12 (6)  Ttime: 1.3969 Vtime: 0.0519
Step: 1600000  Loss: 0.055441 Regul: 0.019686 Obj: 0.075127 (0.074859)  NNZ: 13 (6)  Ttime: 1.3978 Vtime: 0.0514
Step: 1700000  Loss: 0.053459 Regul: 0.022648 Obj: 0.076107 (0.074859)  NNZ: 12 (6)  Ttime: 1.3966 Vtime: 0.0515
Step: 1800000  Loss: 0.057231 Regul: 0.031271 Obj: 0.088502 (0.074859)  NNZ: 14 (6)  Ttime: 1.3983 Vtime: 0.0513
Step: 1900000  Loss: 0.065562 Regul: 0.024115 Obj: 0.089677 (0.074859)  NNZ: 15 (6)  Ttime: 1.3965 Vtime: 0.0514
Step: 2000000  Loss: 0.054773 Regul: 0.020505 Obj: 0.075278 (0.074859)  NNZ: 10 (6)  Ttime: 1.3991 Vtime: 0.0514
Step: 2100000  Loss: 0.063056 Regul: 0.021810 Obj: 0.084867 (0.074859)  NNZ: 9 (6)  Ttime: 1.3966 Vtime: 0.0516
Step: 2200000  Loss: 0.061000 Regul: 0.019244 Obj: 0.080244 (0.074859)  NNZ: 11 (6)  Ttime: 1.3976 Vtime: 0.0514
Step: 2300000  Loss: 0.051391 Regul: 0.030525 Obj: 0.081916 (0.074859)  NNZ: 14 (6)  Ttime: 1.3987 Vtime: 0.0521
Step: 2400000  Loss: 0.070334 Regul: 0.027417 Obj: 0.097751 (0.074859)  NNZ: 14 (6)  Ttime: 1.3901 Vtime: 0.0513
Step: 2500000  Loss: 0.057386 Regul: 0.020756 Obj: 0.078142 (0.074859)  NNZ: 13 (6)  Ttime: 1.4028 Vtime: 0.0520
Step: 2600000  Loss: 0.053567 Regul: 0.026158 Obj: 0.079726 (0.074859)  NNZ: 19 (6)  Ttime: 1.3955 Vtime: 0.0511
Step: 2700000  Loss: 0.066646 Regul: 0.049930 Obj: 0.116576 (0.074859)  NNZ: 17 (6)  Ttime: 1.3956 Vtime: 0.0518
Step: 2800000  Loss: 0.067218 Regul: 0.013046 Obj: 0.080263 (0.074859)  NNZ: 11 (6)  Ttime: 1.3981 Vtime: 0.0511
Step: 2900000  Loss: 0.074936 Regul: 0.016771 Obj: 0.091707 (0.074859)  NNZ: 11 (6)  Ttime: 1.3967 Vtime: 0.0519
Step: 3000000  Loss: 0.058558 Regul: 0.023542 Obj: 0.082100 (0.074859)  NNZ: 11 (6)  Ttime: 1.3968 Vtime: 0.0517
Step: 3100000  Loss: 0.066219 Regul: 0.020870 Obj: 0.087089 (0.074859)  NNZ: 17 (6)  Ttime: 1.3976 Vtime: 0.0511
Step: 3200000  Loss: 0.071974 Regul: 0.013583 Obj: 0.085557 (0.074859)  NNZ: 6 (6)  Ttime: 1.4002 Vtime: 0.0517
Step: 3300000  Loss: 0.079217 Regul: 0.013505 Obj: 0.092722 (0.074859)  NNZ: 8 (6)  Ttime: 1.3981 Vtime: 0.0520
Step: 3400000  Loss: 0.083174 Regul: 0.017251 Obj: 0.100425 (0.074859)  NNZ: 8 (6)  Ttime: 1.3975 Vtime: 0.0512
Step: 3500000  Loss: 0.054359 Regul: 0.025629 Obj: 0.079988 (0.074859)  NNZ: 11 (6)  Ttime: 1.3962 Vtime: 0.0515
Step: 3600000  Loss: 0.053613 Regul: 0.025118 Obj: 0.078732 (0.074859)  NNZ: 15 (6)  Ttime: 1.4015 Vtime: 0.0513
Step: 3700000  Loss: 0.059793 Regul: 0.021625 Obj: 0.081418 (0.074859)  NNZ: 12 (6)  Ttime: 1.3958 Vtime: 0.0510
Step: 3800000  Loss: 0.050501 Regul: 0.026011 Obj: 0.076512 (0.074859)  NNZ: 13 (6)  Ttime: 1.3978 Vtime: 0.0518
Step: 3900000  Loss: 0.061377 Regul: 0.024432 Obj: 0.085809 (0.074859)  NNZ: 18 (6)  Ttime: 1.3976 Vtime: 0.0516
Step: 4000000  Loss: 0.055283 Regul: 0.022540 Obj: 0.077823 (0.074859)  NNZ: 14 (6)  Ttime: 1.3979 Vtime: 0.0508
Best: 4100000  Loss: 0.058728 Regul: 0.015756 Obj: 0.074484 (0.074484)  NNZ: 11 (11)  Ttime: 1.3969 Vtime: 0.0513
Stat: nPR #68 (#88) Dim/MaxDim [544/640] AUC: 0.977551 FPR95: 12.64 [saved]
Step: 4200000  Loss: 0.068637 Regul: 0.011984 Obj: 0.080621 (0.074484)  NNZ: 5 (11)  Ttime: 1.3982 Vtime: 0.0515
Step: 4300000  Loss: 0.053349 Regul: 0.027902 Obj: 0.081250 (0.074484)  NNZ: 20 (11)  Ttime: 1.3979 Vtime: 0.0513
Step: 4400000  Loss: 0.058573 Regul: 0.019421 Obj: 0.077994 (0.074484)  NNZ: 15 (11)  Ttime: 1.3963 Vtime: 0.0509
Best: 4500000  Loss: 0.051921 Regul: 0.021942 Obj: 0.073863 (0.073863)  NNZ: 13 (13)  Ttime: 1.4009 Vtime: 0.0513
Stat: nPR #92 (#104) Dim/MaxDim [736/640] AUC: 0.979802 FPR95: 11.16
Step: 4600000  Loss: 0.059163 Regul: 0.017583 Obj: 0.076746 (0.073863)  NNZ: 11 (13)  Ttime: 1.4016 Vtime: 0.0507
Step: 4700000  Loss: 0.074282 Regul: 0.020305 Obj: 0.094587 (0.073863)  NNZ: 12 (13)  Ttime: 1.3967 Vtime: 0.0518
Step: 4800000  Loss: 0.070624 Regul: 0.014825 Obj: 0.085450 (0.073863)  NNZ: 7 (13)  Ttime: 1.4025 Vtime: 0.0513
Best: 4900000  Loss: 0.052555 Regul: 0.017357 Obj: 0.069912 (0.069912)  NNZ: 13 (13)  Ttime: 1.3987 Vtime: 0.0515
Stat: nPR #76 (#104) Dim/MaxDim [608/640] AUC: 0.979720 FPR95: 10.95 [saved]
Step: 5000000  Loss: 0.066021 Regul: 0.011128 Obj: 0.077149 (0.069912)  NNZ: 11 (13)  Ttime: 1.4007 Vtime: 0.0517
Step: 5100000  Loss: 0.059204 Regul: 0.025264 Obj: 0.084468 (0.069912)  NNZ: 14 (13)  Ttime: 1.3981 Vtime: 0.0521
Step: 5200000  Loss: 0.073052 Regul: 0.029729 Obj: 0.102781 (0.069912)  NNZ: 22 (13)  Ttime: 1.3973 Vtime: 0.0526
Step: 5300000  Loss: 0.053648 Regul: 0.027104 Obj: 0.080753 (0.069912)  NNZ: 20 (13)  Ttime: 1.3959 Vtime: 0.0514
Step: 5400000  Loss: 0.052536 Regul: 0.023386 Obj: 0.075922 (0.069912)  NNZ: 13 (13)  Ttime: 1.3977 Vtime: 0.0512
Step: 5500000  Loss: 0.058272 Regul: 0.022644 Obj: 0.080916 (0.069912)  NNZ: 17 (13)  Ttime: 1.3926 Vtime: 0.0514
Step: 5600000  Loss: 0.050768 Regul: 0.026018 Obj: 0.076786 (0.069912)  NNZ: 14 (13)  Ttime: 1.4010 Vtime: 0.0518
Best: 5700000  Loss: 0.053023 Regul: 0.016638 Obj: 0.069662 (0.069662)  NNZ: 11 (11)  Ttime: 1.3965 Vtime: 0.0514
Stat: nPR #64 (#88) Dim/MaxDim [512/640] AUC: 0.979664 FPR95: 11.05 [saved]
Step: 5800000  Loss: 0.052005 Regul: 0.025774 Obj: 0.077779 (0.069662)  NNZ: 17 (11)  Ttime: 1.4077 Vtime: 0.0511
Step: 5900000  Loss: 0.074311 Regul: 0.013862 Obj: 0.088173 (0.069662)  NNZ: 9 (11)  Ttime: 1.3972 Vtime: 0.0517
Step: 6000000  Loss: 0.051649 Regul: 0.026460 Obj: 0.078109 (0.069662)  NNZ: 17 (11)  Ttime: 1.3969 Vtime: 0.0525
Step: 6100000  Loss: 0.058395 Regul: 0.018208 Obj: 0.076603 (0.069662)  NNZ: 10 (11)  Ttime: 1.4125 Vtime: 0.0516
Step: 6200000  Loss: 0.055078 Regul: 0.016489 Obj: 0.071567 (0.069662)  NNZ: 14 (11)  Ttime: 1.3992 Vtime: 0.0512
Step: 6300000  Loss: 0.061636 Regul: 0.016821 Obj: 0.078457 (0.069662)  NNZ: 18 (11)  Ttime: 1.3975 Vtime: 0.0511
Step: 6400000  Loss: 0.055550 Regul: 0.024375 Obj: 0.079925 (0.069662)  NNZ: 22 (11)  Ttime: 1.3974 Vtime: 0.0510
Step: 6500000  Loss: 0.068200 Regul: 0.025391 Obj: 0.093591 (0.069662)  NNZ: 19 (11)  Ttime: 1.3975 Vtime: 0.0512
Step: 6600000  Loss: 0.055238 Regul: 0.015188 Obj: 0.070426 (0.069662)  NNZ: 13 (11)  Ttime: 1.3987 Vtime: 0.0514
Step: 6700000  Loss: 0.057358 Regul: 0.017085 Obj: 0.074443 (0.069662)  NNZ: 14 (11)  Ttime: 1.3981 Vtime: 0.0518
Step: 6800000  Loss: 0.055624 Regul: 0.025527 Obj: 0.081151 (0.069662)  NNZ: 18 (11)  Ttime: 1.3952 Vtime: 0.0516
Step: 6900000  Loss: 0.055318 Regul: 0.023945 Obj: 0.079263 (0.069662)  NNZ: 12 (11)  Ttime: 1.3976 Vtime: 0.0516
Step: 7000000  Loss: 0.054122 Regul: 0.026067 Obj: 0.080189 (0.069662)  NNZ: 16 (11)  Ttime: 1.3928 Vtime: 0.0512
Step: 7100000  Loss: 0.051638 Regul: 0.028237 Obj: 0.079875 (0.069662)  NNZ: 21 (11)  Ttime: 1.3959 Vtime: 0.0514
Step: 7200000  Loss: 0.080039 Regul: 0.022620 Obj: 0.102658 (0.069662)  NNZ: 12 (11)  Ttime: 1.3969 Vtime: 0.0509
Step: 7300000  Loss: 0.056094 Regul: 0.030771 Obj: 0.086865 (0.069662)  NNZ: 21 (11)  Ttime: 1.3952 Vtime: 0.0514
Step: 7400000  Loss: 0.058360 Regul: 0.027759 Obj: 0.086119 (0.069662)  NNZ: 22 (11)  Ttime: 1.3959 Vtime: 0.0513
Step: 7500000  Loss: 0.069838 Regul: 0.014092 Obj: 0.083930 (0.069662)  NNZ: 11 (11)  Ttime: 1.3978 Vtime: 0.0515
Step: 7600000  Loss: 0.055557 Regul: 0.022598 Obj: 0.078154 (0.069662)  NNZ: 14 (11)  Ttime: 1.3981 Vtime: 0.0523
Step: 7700000  Loss: 0.059758 Regul: 0.023486 Obj: 0.083245 (0.069662)  NNZ: 16 (11)  Ttime: 1.3965 Vtime: 0.0518
Step: 7800000  Loss: 0.051602 Regul: 0.020728 Obj: 0.072330 (0.069662)  NNZ: 12 (11)  Ttime: 1.3985 Vtime: 0.0511
Step: 7900000  Loss: 0.065996 Regul: 0.020940 Obj: 0.086936 (0.069662)  NNZ: 14 (11)  Ttime: 1.3960 Vtime: 0.0517
Step: 8000000  Loss: 0.051216 Regul: 0.021326 Obj: 0.072542 (0.069662)  NNZ: 11 (11)  Ttime: 1.3964 Vtime: 0.0515
Best: 8100000  Loss: 0.051739 Regul: 0.017905 Obj: 0.069645 (0.069645)  NNZ: 13 (13)  Ttime: 1.3960 Vtime: 0.0515
Stat: nPR #88 (#104) Dim/MaxDim [704/640] AUC: 0.980321 FPR95: 10.36
Step: 8200000  Loss: 0.056923 Regul: 0.020293 Obj: 0.077216 (0.069645)  NNZ: 13 (13)  Ttime: 1.3983 Vtime: 0.0513
Step: 8300000  Loss: 0.055786 Regul: 0.017646 Obj: 0.073432 (0.069645)  NNZ: 16 (13)  Ttime: 1.3954 Vtime: 0.0511
Step: 8400000  Loss: 0.062970 Regul: 0.032280 Obj: 0.095250 (0.069645)  NNZ: 20 (13)  Ttime: 1.3912 Vtime: 0.0517
Step: 8500000  Loss: 0.059303 Regul: 0.027900 Obj: 0.087204 (0.069645)  NNZ: 15 (13)  Ttime: 1.3970 Vtime: 0.0517
Step: 8600000  Loss: 0.064543 Regul: 0.021484 Obj: 0.086028 (0.069645)  NNZ: 13 (13)  Ttime: 1.3983 Vtime: 0.0505
Step: 8700000  Loss: 0.051567 Regul: 0.024609 Obj: 0.076176 (0.069645)  NNZ: 16 (13)  Ttime: 1.3985 Vtime: 0.0519
Step: 8800000  Loss: 0.053266 Regul: 0.017109 Obj: 0.070375 (0.069645)  NNZ: 14 (13)  Ttime: 1.3997 Vtime: 0.0516
Step: 8900000  Loss: 0.053976 Regul: 0.030715 Obj: 0.084692 (0.069645)  NNZ: 19 (13)  Ttime: 1.3969 Vtime: 0.0515
Step: 9000000  Loss: 0.052190 Regul: 0.024441 Obj: 0.076631 (0.069645)  NNZ: 16 (13)  Ttime: 1.4014 Vtime: 0.0512
Step: 9100000  Loss: 0.054862 Regul: 0.019292 Obj: 0.074154 (0.069645)  NNZ: 12 (13)  Ttime: 1.3967 Vtime: 0.0527
Step: 9200000  Loss: 0.054917 Regul: 0.024690 Obj: 0.079607 (0.069645)  NNZ: 15 (13)  Ttime: 1.3920 Vtime: 0.0512
Step: 9300000  Loss: 0.052533 Regul: 0.024207 Obj: 0.076740 (0.069645)  NNZ: 15 (13)  Ttime: 1.3927 Vtime: 0.0512
Step: 9400000  Loss: 0.053218 Regul: 0.020513 Obj: 0.073731 (0.069645)  NNZ: 11 (13)  Ttime: 1.3970 Vtime: 0.0519
Step: 9500000  Loss: 0.057878 Regul: 0.016262 Obj: 0.074140 (0.069645)  NNZ: 13 (13)  Ttime: 1.3998 Vtime: 0.0510
Step: 9600000  Loss: 0.051769 Regul: 0.023535 Obj: 0.075304 (0.069645)  NNZ: 19 (13)  Ttime: 1.3963 Vtime: 0.0515
Best: 9700000  Loss: 0.049780 Regul: 0.019536 Obj: 0.069316 (0.069316)  NNZ: 12 (12)  Ttime: 1.3993 Vtime: 0.0520
Stat: nPR #88 (#96) Dim/MaxDim [704/640] AUC: 0.980887 FPR95: 9.63
Step: 9800000  Loss: 0.061105 Regul: 0.022041 Obj: 0.083146 (0.069316)  NNZ: 14 (12)  Ttime: 1.3965 Vtime: 0.0513
Step: 9900000  Loss: 0.053945 Regul: 0.027656 Obj: 0.081602 (0.069316)  NNZ: 16 (12)  Ttime: 1.3987 Vtime: 0.0512
Step: 10000000  Loss: 0.051351 Regul: 0.019978 Obj: 0.071329 (0.069316)  NNZ: 14 (12)  Ttime: 1.3976 Vtime: 0.0519
Step: 10100000  Loss: 0.054337 Regul: 0.016892 Obj: 0.071229 (0.069316)  NNZ: 11 (12)  Ttime: 1.3951 Vtime: 0.0514
Step: 10200000  Loss: 0.052629 Regul: 0.023647 Obj: 0.076277 (0.069316)  NNZ: 16 (12)  Ttime: 1.3975 Vtime: 0.0518
Step: 10300000  Loss: 0.051527 Regul: 0.030198 Obj: 0.081725 (0.069316)  NNZ: 19 (12)  Ttime: 1.4002 Vtime: 0.0514
Step: 10400000  Loss: 0.078844 Regul: 0.017642 Obj: 0.096486 (0.069316)  NNZ: 15 (12)  Ttime: 1.3972 Vtime: 0.0516
Step: 10500000  Loss: 0.055001 Regul: 0.016877 Obj: 0.071879 (0.069316)  NNZ: 12 (12)  Ttime: 1.3989 Vtime: 0.0518
Step: 10600000  Loss: 0.058164 Regul: 0.018015 Obj: 0.076180 (0.069316)  NNZ: 19 (12)  Ttime: 1.3956 Vtime: 0.0509
Step: 10700000  Loss: 0.058008 Regul: 0.015813 Obj: 0.073821 (0.069316)  NNZ: 11 (12)  Ttime: 1.3973 Vtime: 0.0518
Step: 10800000  Loss: 0.051346 Regul: 0.025525 Obj: 0.076871 (0.069316)  NNZ: 17 (12)  Ttime: 1.3947 Vtime: 0.0515
Step: 10900000  Loss: 0.052436 Regul: 0.023586 Obj: 0.076022 (0.069316)  NNZ: 16 (12)  Ttime: 1.3920 Vtime: 0.0516
Step: 11000000  Loss: 0.053842 Regul: 0.017925 Obj: 0.071767 (0.069316)  NNZ: 16 (12)  Ttime: 1.3984 Vtime: 0.0516
Step: 11100000  Loss: 0.057260 Regul: 0.014807 Obj: 0.072067 (0.069316)  NNZ: 13 (12)  Ttime: 1.3978 Vtime: 0.0521
Step: 11200000  Loss: 0.056324 Regul: 0.019011 Obj: 0.075335 (0.069316)  NNZ: 14 (12)  Ttime: 1.3958 Vtime: 0.0515
Step: 11300000  Loss: 0.054519 Regul: 0.016562 Obj: 0.071081 (0.069316)  NNZ: 12 (12)  Ttime: 1.3978 Vtime: 0.0516
Step: 11400000  Loss: 0.057949 Regul: 0.016174 Obj: 0.074124 (0.069316)  NNZ: 13 (12)  Ttime: 1.4002 Vtime: 0.0514
Step: 11500000  Loss: 0.055013 Regul: 0.020913 Obj: 0.075926 (0.069316)  NNZ: 14 (12)  Ttime: 1.3984 Vtime: 0.0511
Step: 11600000  Loss: 0.048570 Regul: 0.022041 Obj: 0.070611 (0.069316)  NNZ: 19 (12)  Ttime: 1.3950 Vtime: 0.0520
Step: 11700000  Loss: 0.057367 Regul: 0.025010 Obj: 0.082377 (0.069316)  NNZ: 19 (12)  Ttime: 1.3965 Vtime: 0.0513
Step: 11800000  Loss: 0.060635 Regul: 0.025715 Obj: 0.086350 (0.069316)  NNZ: 20 (12)  Ttime: 1.3979 Vtime: 0.0508
Step: 11900000  Loss: 0.055464 Regul: 0.023623 Obj: 0.079087 (0.069316)  NNZ: 17 (12)  Ttime: 1.3960 Vtime: 0.0512
Step: 12000000  Loss: 0.067017 Regul: 0.019421 Obj: 0.086439 (0.069316)  NNZ: 12 (12)  Ttime: 1.3968 Vtime: 0.0512
Step: 12100000  Loss: 0.061786 Regul: 0.017498 Obj: 0.079283 (0.069316)  NNZ: 13 (12)  Ttime: 1.3959 Vtime: 0.0522
Step: 12200000  Loss: 0.054628 Regul: 0.016638 Obj: 0.071266 (0.069316)  NNZ: 17 (12)  Ttime: 1.4007 Vtime: 0.0514
Step: 12300000  Loss: 0.053504 Regul: 0.018828 Obj: 0.072332 (0.069316)  NNZ: 17 (12)  Ttime: 1.3987 Vtime: 0.0514
Step: 12400000  Loss: 0.053974 Regul: 0.017458 Obj: 0.071433 (0.069316)  NNZ: 13 (12)  Ttime: 1.3999 Vtime: 0.0519
Best: 12500000  Loss: 0.050916 Regul: 0.015442 Obj: 0.066358 (0.066358)  NNZ: 12 (12)  Ttime: 1.3976 Vtime: 0.0520
Stat: nPR #80 (#96) Dim/MaxDim [640/640] AUC: 0.981214 FPR95: 9.34 [saved]
Step: 12600000  Loss: 0.055050 Regul: 0.025840 Obj: 0.080890 (0.066358)  NNZ: 17 (12)  Ttime: 1.3988 Vtime: 0.0513
Step: 12700000  Loss: 0.065321 Regul: 0.025547 Obj: 0.090868 (0.066358)  NNZ: 19 (12)  Ttime: 1.3990 Vtime: 0.0528
Step: 12800000  Loss: 0.053295 Regul: 0.022915 Obj: 0.076210 (0.066358)  NNZ: 20 (12)  Ttime: 1.3965 Vtime: 0.0512
Step: 12900000  Loss: 0.059314 Regul: 0.022097 Obj: 0.081412 (0.066358)  NNZ: 17 (12)  Ttime: 1.3981 Vtime: 0.0511
Step: 13000000  Loss: 0.050468 Regul: 0.023398 Obj: 0.073867 (0.066358)  NNZ: 18 (12)  Ttime: 1.3966 Vtime: 0.0520
Step: 13100000  Loss: 0.049555 Regul: 0.018708 Obj: 0.068264 (0.066358)  NNZ: 19 (12)  Ttime: 1.3962 Vtime: 0.0515
Step: 13200000  Loss: 0.056329 Regul: 0.018601 Obj: 0.074930 (0.066358)  NNZ: 11 (12)  Ttime: 1.4001 Vtime: 0.0519
Step: 13300000  Loss: 0.056581 Regul: 0.021333 Obj: 0.077914 (0.066358)  NNZ: 20 (12)  Ttime: 1.3958 Vtime: 0.0518
Step: 13400000  Loss: 0.051583 Regul: 0.020833 Obj: 0.072415 (0.066358)  NNZ: 21 (12)  Ttime: 1.3984 Vtime: 0.0513
Step: 13500000  Loss: 0.071910 Regul: 0.014753 Obj: 0.086663 (0.066358)  NNZ: 13 (12)  Ttime: 1.4022 Vtime: 0.0522
Step: 13600000  Loss: 0.054590 Regul: 0.015378 Obj: 0.069969 (0.066358)  NNZ: 14 (12)  Ttime: 1.3981 Vtime: 0.0518
Step: 13700000  Loss: 0.066218 Regul: 0.016086 Obj: 0.082305 (0.066358)  NNZ: 13 (12)  Ttime: 1.3985 Vtime: 0.0509
Step: 13800000  Loss: 0.052892 Regul: 0.016135 Obj: 0.069027 (0.066358)  NNZ: 13 (12)  Ttime: 1.4026 Vtime: 0.0513
Step: 13900000  Loss: 0.059099 Regul: 0.019380 Obj: 0.078479 (0.066358)  NNZ: 14 (12)  Ttime: 1.3959 Vtime: 0.0506
Step: 14000000  Loss: 0.060109 Regul: 0.018010 Obj: 0.078119 (0.066358)  NNZ: 11 (12)  Ttime: 1.3971 Vtime: 0.0510
Step: 14100000  Loss: 0.054816 Regul: 0.015903 Obj: 0.070719 (0.066358)  NNZ: 13 (12)  Ttime: 1.3977 Vtime: 0.0512
Step: 14200000  Loss: 0.053419 Regul: 0.021868 Obj: 0.075287 (0.066358)  NNZ: 18 (12)  Ttime: 1.3961 Vtime: 0.0515
Step: 14300000  Loss: 0.058069 Regul: 0.015701 Obj: 0.073770 (0.066358)  NNZ: 13 (12)  Ttime: 1.3983 Vtime: 0.0522
Step: 14400000  Loss: 0.053481 Regul: 0.019507 Obj: 0.072988 (0.066358)  NNZ: 12 (12)  Ttime: 1.3969 Vtime: 0.0513
Step: 14500000  Loss: 0.053134 Regul: 0.017876 Obj: 0.071010 (0.066358)  NNZ: 17 (12)  Ttime: 1.3986 Vtime: 0.0512
Step: 14600000  Loss: 0.051366 Regul: 0.019763 Obj: 0.071130 (0.066358)  NNZ: 20 (12)  Ttime: 1.3967 Vtime: 0.0515
Step: 14700000  Loss: 0.049339 Regul: 0.020188 Obj: 0.069527 (0.066358)  NNZ: 15 (12)  Ttime: 1.3979 Vtime: 0.0505
Step: 14800000  Loss: 0.057978 Regul: 0.017446 Obj: 0.075424 (0.066358)  NNZ: 12 (12)  Ttime: 1.3995 Vtime: 0.0518
Step: 14900000  Loss: 0.060155 Regul: 0.017983 Obj: 0.078139 (0.066358)  NNZ: 16 (12)  Ttime: 1.4079 Vtime: 0.0515
Step: 15000000  Loss: 0.058335 Regul: 0.027136 Obj: 0.085471 (0.066358)  NNZ: 23 (12)  Ttime: 1.4046 Vtime: 0.0513
Step: 15100000  Loss: 0.053177 Regul: 0.017451 Obj: 0.070628 (0.066358)  NNZ: 17 (12)  Ttime: 1.4008 Vtime: 0.0516
Step: 15200000  Loss: 0.055059 Regul: 0.013694 Obj: 0.068752 (0.066358)  NNZ: 13 (12)  Ttime: 1.3997 Vtime: 0.0517
Step: 15300000  Loss: 0.049266 Regul: 0.021360 Obj: 0.070626 (0.066358)  NNZ: 17 (12)  Ttime: 1.3981 Vtime: 0.0517
Step: 15400000  Loss: 0.057831 Regul: 0.019695 Obj: 0.077526 (0.066358)  NNZ: 19 (12)  Ttime: 1.3914 Vtime: 0.0511
Step: 15500000  Loss: 0.066645 Regul: 0.019500 Obj: 0.086145 (0.066358)  NNZ: 16 (12)  Ttime: 1.3960 Vtime: 0.0519
Step: 15600000  Loss: 0.055015 Regul: 0.018469 Obj: 0.073485 (0.066358)  NNZ: 20 (12)  Ttime: 1.3978 Vtime: 0.0508
Step: 15700000  Loss: 0.068245 Regul: 0.020042 Obj: 0.088287 (0.066358)  NNZ: 17 (12)  Ttime: 1.3989 Vtime: 0.0510
Step: 15800000  Loss: 0.066282 Regul: 0.015352 Obj: 0.081634 (0.066358)  NNZ: 17 (12)  Ttime: 1.3978 Vtime: 0.0516
Step: 15900000  Loss: 0.054796 Regul: 0.017607 Obj: 0.072403 (0.066358)  NNZ: 15 (12)  Ttime: 1.3938 Vtime: 0.0515
Step: 16000000  Loss: 0.051274 Regul: 0.024680 Obj: 0.075955 (0.066358)  NNZ: 18 (12)  Ttime: 1.3980 Vtime: 0.0508
Step: 16100000  Loss: 0.071146 Regul: 0.010701 Obj: 0.081846 (0.066358)  NNZ: 10 (12)  Ttime: 1.4007 Vtime: 0.0514
Step: 16200000  Loss: 0.056367 Regul: 0.018994 Obj: 0.075362 (0.066358)  NNZ: 19 (12)  Ttime: 1.4066 Vtime: 0.0504
Step: 16300000  Loss: 0.057351 Regul: 0.019175 Obj: 0.076526 (0.066358)  NNZ: 18 (12)  Ttime: 1.4030 Vtime: 0.0526
Step: 16400000  Loss: 0.050565 Regul: 0.016396 Obj: 0.066962 (0.066358)  NNZ: 18 (12)  Ttime: 1.3986 Vtime: 0.0520
Step: 16500000  Loss: 0.055885 Regul: 0.018081 Obj: 0.073966 (0.066358)  NNZ: 19 (12)  Ttime: 1.3994 Vtime: 0.0515
Step: 16600000  Loss: 0.050687 Regul: 0.025332 Obj: 0.076019 (0.066358)  NNZ: 19 (12)  Ttime: 1.3987 Vtime: 0.0507
Step: 16700000  Loss: 0.058247 Regul: 0.019919 Obj: 0.078167 (0.066358)  NNZ: 19 (12)  Ttime: 1.3990 Vtime: 0.0514
Step: 16800000  Loss: 0.059143 Regul: 0.021069 Obj: 0.080212 (0.066358)  NNZ: 20 (12)  Ttime: 1.3968 Vtime: 0.0514
Step: 16900000  Loss: 0.051207 Regul: 0.015476 Obj: 0.066683 (0.066358)  NNZ: 14 (12)  Ttime: 1.4006 Vtime: 0.0510
Step: 17000000  Loss: 0.060544 Regul: 0.011235 Obj: 0.071779 (0.066358)  NNZ: 13 (12)  Ttime: 1.3962 Vtime: 0.0512
Step: 17100000  Loss: 0.050297 Regul: 0.018513 Obj: 0.068810 (0.066358)  NNZ: 12 (12)  Ttime: 1.3965 Vtime: 0.0513
Step: 17200000  Loss: 0.055537 Regul: 0.017839 Obj: 0.073376 (0.066358)  NNZ: 17 (12)  Ttime: 1.3997 Vtime: 0.0519
Step: 17300000  Loss: 0.051243 Regul: 0.020503 Obj: 0.071746 (0.066358)  NNZ: 17 (12)  Ttime: 1.3982 Vtime: 0.0513
Step: 17400000  Loss: 0.060589 Regul: 0.014814 Obj: 0.075403 (0.066358)  NNZ: 17 (12)  Ttime: 1.3964 Vtime: 0.0519
Step: 17500000  Loss: 0.056628 Regul: 0.013298 Obj: 0.069926 (0.066358)  NNZ: 11 (12)  Ttime: 1.3927 Vtime: 0.0514
Step: 17600000  Loss: 0.051484 Regul: 0.015874 Obj: 0.067358 (0.066358)  NNZ: 16 (12)  Ttime: 1.4003 Vtime: 0.0520
Step: 17700000  Loss: 0.052518 Regul: 0.017583 Obj: 0.070101 (0.066358)  NNZ: 20 (12)  Ttime: 1.3989 Vtime: 0.0515
Step: 17800000  Loss: 0.072999 Regul: 0.023518 Obj: 0.096517 (0.066358)  NNZ: 19 (12)  Ttime: 1.3962 Vtime: 0.0517
Step: 17900000  Loss: 0.076314 Regul: 0.015161 Obj: 0.091475 (0.066358)  NNZ: 19 (12)  Ttime: 1.3925 Vtime: 0.0521
Step: 18000000  Loss: 0.050995 Regul: 0.018154 Obj: 0.069149 (0.066358)  NNZ: 17 (12)  Ttime: 1.3993 Vtime: 0.0519
Step: 18100000  Loss: 0.058200 Regul: 0.013975 Obj: 0.072175 (0.066358)  NNZ: 11 (12)  Ttime: 1.4002 Vtime: 0.0516
Step: 18200000  Loss: 0.052735 Regul: 0.024602 Obj: 0.077338 (0.066358)  NNZ: 25 (12)  Ttime: 1.3975 Vtime: 0.0513
Step: 18300000  Loss: 0.064251 Regul: 0.022700 Obj: 0.086951 (0.066358)  NNZ: 21 (12)  Ttime: 1.3964 Vtime: 0.0515
Step: 18400000  Loss: 0.060599 Regul: 0.012693 Obj: 0.073292 (0.066358)  NNZ: 13 (12)  Ttime: 1.3986 Vtime: 0.0518
Step: 18500000  Loss: 0.055967 Regul: 0.014609 Obj: 0.070577 (0.066358)  NNZ: 19 (12)  Ttime: 1.4002 Vtime: 0.0516
Step: 18600000  Loss: 0.073571 Regul: 0.020359 Obj: 0.093929 (0.066358)  NNZ: 18 (12)  Ttime: 1.3993 Vtime: 0.0519
Step: 18700000  Loss: 0.060020 Regul: 0.019934 Obj: 0.079954 (0.066358)  NNZ: 15 (12)  Ttime: 1.3992 Vtime: 0.0511
Step: 18800000  Loss: 0.051772 Regul: 0.017302 Obj: 0.069074 (0.066358)  NNZ: 15 (12)  Ttime: 1.4004 Vtime: 0.0515
Step: 18900000  Loss: 0.055013 Regul: 0.014043 Obj: 0.069056 (0.066358)  NNZ: 15 (12)  Ttime: 1.3978 Vtime: 0.0510
Step: 19000000  Loss: 0.055174 Regul: 0.014121 Obj: 0.069295 (0.066358)  NNZ: 13 (12)  Ttime: 1.4016 Vtime: 0.0513
Step: 19100000  Loss: 0.050491 Regul: 0.017798 Obj: 0.068289 (0.066358)  NNZ: 18 (12)  Ttime: 1.4038 Vtime: 0.0521
Step: 19200000  Loss: 0.052245 Regul: 0.017854 Obj: 0.070099 (0.066358)  NNZ: 15 (12)  Ttime: 1.3996 Vtime: 0.0518
Step: 19300000  Loss: 0.058862 Regul: 0.013132 Obj: 0.071994 (0.066358)  NNZ: 14 (12)  Ttime: 1.3985 Vtime: 0.0513
Step: 19400000  Loss: 0.056968 Regul: 0.012500 Obj: 0.069468 (0.066358)  NNZ: 15 (12)  Ttime: 1.3989 Vtime: 0.0515
Step: 19500000  Loss: 0.090735 Regul: 0.012317 Obj: 0.103052 (0.066358)  NNZ: 17 (12)  Ttime: 1.3982 Vtime: 0.0519
Step: 19600000  Loss: 0.050597 Regul: 0.019666 Obj: 0.070262 (0.066358)  NNZ: 19 (12)  Ttime: 1.4018 Vtime: 0.0522
Step: 19700000  Loss: 0.055290 Regul: 0.018494 Obj: 0.073784 (0.066358)  NNZ: 15 (12)  Ttime: 1.3992 Vtime: 0.0516
Step: 19800000  Loss: 0.056546 Regul: 0.017961 Obj: 0.074507 (0.066358)  NNZ: 18 (12)  Ttime: 1.4044 Vtime: 0.0512
Step: 19900000  Loss: 0.055907 Regul: 0.015686 Obj: 0.071593 (0.066358)  NNZ: 17 (12)  Ttime: 1.3985 Vtime: 0.0518
Step: 20000000  Loss: 0.054035 Regul: 0.020430 Obj: 0.074465 (0.066358)  NNZ: 18 (12)  Ttime: 1.4001 Vtime: 0.0515
Step: 20100000  Loss: 0.056144 Regul: 0.013501 Obj: 0.069645 (0.066358)  NNZ: 17 (12)  Ttime: 1.4041 Vtime: 0.0513
Step: 20200000  Loss: 0.052111 Regul: 0.015806 Obj: 0.067916 (0.066358)  NNZ: 21 (12)  Ttime: 1.3985 Vtime: 0.0510
Step: 20300000  Loss: 0.050694 Regul: 0.017324 Obj: 0.068018 (0.066358)  NNZ: 16 (12)  Ttime: 1.4013 Vtime: 0.0512
Step: 20400000  Loss: 0.070568 Regul: 0.015493 Obj: 0.086061 (0.066358)  NNZ: 15 (12)  Ttime: 1.3928 Vtime: 0.0513
Step: 20500000  Loss: 0.058169 Regul: 0.013892 Obj: 0.072061 (0.066358)  NNZ: 17 (12)  Ttime: 1.3982 Vtime: 0.0517
Step: 20600000  Loss: 0.055310 Regul: 0.015225 Obj: 0.070535 (0.066358)  NNZ: 16 (12)  Ttime: 1.4001 Vtime: 0.0513
Step: 20700000  Loss: 0.058095 Regul: 0.013105 Obj: 0.071201 (0.066358)  NNZ: 15 (12)  Ttime: 1.3969 Vtime: 0.0514
Step: 20800000  Loss: 0.058349 Regul: 0.018501 Obj: 0.076850 (0.066358)  NNZ: 16 (12)  Ttime: 1.3972 Vtime: 0.0518
Step: 20900000  Loss: 0.058446 Regul: 0.014556 Obj: 0.073002 (0.066358)  NNZ: 12 (12)  Ttime: 1.3980 Vtime: 0.0513
Step: 21000000  Loss: 0.060526 Regul: 0.012363 Obj: 0.072889 (0.066358)  NNZ: 15 (12)  Ttime: 1.3985 Vtime: 0.0512
Step: 21100000  Loss: 0.051149 Regul: 0.016079 Obj: 0.067228 (0.066358)  NNZ: 18 (12)  Ttime: 1.3988 Vtime: 0.0514
Step: 21200000  Loss: 0.051060 Regul: 0.017856 Obj: 0.068917 (0.066358)  NNZ: 13 (12)  Ttime: 1.3994 Vtime: 0.0518
Step: 21300000  Loss: 0.060817 Regul: 0.022607 Obj: 0.083425 (0.066358)  NNZ: 25 (12)  Ttime: 1.4017 Vtime: 0.0517
Step: 21400000  Loss: 0.053557 Regul: 0.019473 Obj: 0.073030 (0.066358)  NNZ: 19 (12)  Ttime: 1.4022 Vtime: 0.0511
Step: 21500000  Loss: 0.050708 Regul: 0.016899 Obj: 0.067607 (0.066358)  NNZ: 18 (12)  Ttime: 1.3981 Vtime: 0.0509
Step: 21600000  Loss: 0.062054 Regul: 0.014458 Obj: 0.076512 (0.066358)  NNZ: 16 (12)  Ttime: 1.3996 Vtime: 0.0512
Step: 21700000  Loss: 0.053078 Regul: 0.014834 Obj: 0.067912 (0.066358)  NNZ: 15 (12)  Ttime: 1.3995 Vtime: 0.0510
Step: 21800000  Loss: 0.050088 Regul: 0.018120 Obj: 0.068208 (0.066358)  NNZ: 18 (12)  Ttime: 1.3977 Vtime: 0.0515
Step: 21900000  Loss: 0.057337 Regul: 0.013018 Obj: 0.070354 (0.066358)  NNZ: 11 (12)  Ttime: 1.4024 Vtime: 0.0515
Step: 22000000  Loss: 0.061029 Regul: 0.012129 Obj: 0.073158 (0.066358)  NNZ: 13 (12)  Ttime: 1.3973 Vtime: 0.0512
Step: 22100000  Loss: 0.086939 Regul: 0.009199 Obj: 0.096138 (0.066358)  NNZ: 14 (12)  Ttime: 1.3985 Vtime: 0.0521
Step: 22200000  Loss: 0.062079 Regul: 0.013911 Obj: 0.075990 (0.066358)  NNZ: 12 (12)  Ttime: 1.3943 Vtime: 0.0510
Step: 22300000  Loss: 0.051994 Regul: 0.018145 Obj: 0.070138 (0.066358)  NNZ: 16 (12)  Ttime: 1.4018 Vtime: 0.0516
Step: 22400000  Loss: 0.055887 Regul: 0.014766 Obj: 0.070653 (0.066358)  NNZ: 15 (12)  Ttime: 1.3978 Vtime: 0.0511
Step: 22500000  Loss: 0.058252 Regul: 0.014087 Obj: 0.072339 (0.066358)  NNZ: 15 (12)  Ttime: 1.3989 Vtime: 0.0515
Step: 22600000  Loss: 0.060687 Regul: 0.015640 Obj: 0.076326 (0.066358)  NNZ: 16 (12)  Ttime: 1.3986 Vtime: 0.0518
Step: 22700000  Loss: 0.059316 Regul: 0.013662 Obj: 0.072979 (0.066358)  NNZ: 12 (12)  Ttime: 1.4010 Vtime: 0.0515
Step: 22800000  Loss: 0.063361 Regul: 0.012119 Obj: 0.075480 (0.066358)  NNZ: 11 (12)  Ttime: 1.3991 Vtime: 0.0513
Step: 22900000  Loss: 0.074892 Regul: 0.013101 Obj: 0.087993 (0.066358)  NNZ: 14 (12)  Ttime: 1.3999 Vtime: 0.0510
Step: 23000000  Loss: 0.062841 Regul: 0.011523 Obj: 0.074364 (0.066358)  NNZ: 14 (12)  Ttime: 1.4140 Vtime: 0.0514
Step: 23100000  Loss: 0.068918 Regul: 0.012036 Obj: 0.080954 (0.066358)  NNZ: 13 (12)  Ttime: 1.3984 Vtime: 0.0508
Step: 23200000  Loss: 0.064192 Regul: 0.013130 Obj: 0.077322 (0.066358)  NNZ: 14 (12)  Ttime: 1.4017 Vtime: 0.0505
Step: 23300000  Loss: 0.050972 Regul: 0.017847 Obj: 0.068818 (0.066358)  NNZ: 15 (12)  Ttime: 1.3997 Vtime: 0.0516
Step: 23400000  Loss: 0.059019 Regul: 0.013022 Obj: 0.072041 (0.066358)  NNZ: 13 (12)  Ttime: 1.3996 Vtime: 0.0513
Step: 23500000  Loss: 0.052083 Regul: 0.015952 Obj: 0.068035 (0.066358)  NNZ: 16 (12)  Ttime: 1.3997 Vtime: 0.0513
Step: 23600000  Loss: 0.064567 Regul: 0.019009 Obj: 0.083575 (0.066358)  NNZ: 17 (12)  Ttime: 1.3992 Vtime: 0.0509
Step: 23700000  Loss: 0.058765 Regul: 0.012710 Obj: 0.071475 (0.066358)  NNZ: 14 (12)  Ttime: 1.4013 Vtime: 0.0518
Step: 23800000  Loss: 0.055144 Regul: 0.017505 Obj: 0.072649 (0.066358)  NNZ: 14 (12)  Ttime: 1.4004 Vtime: 0.0509
Step: 23900000  Loss: 0.049659 Regul: 0.018027 Obj: 0.067686 (0.066358)  NNZ: 17 (12)  Ttime: 1.3993 Vtime: 0.0519
Step: 24000000  Loss: 0.055420 Regul: 0.014707 Obj: 0.070127 (0.066358)  NNZ: 13 (12)  Ttime: 1.3993 Vtime: 0.0520
Step: 24100000  Loss: 0.052530 Regul: 0.014702 Obj: 0.067233 (0.066358)  NNZ: 14 (12)  Ttime: 1.3999 Vtime: 0.0520
Step: 24200000  Loss: 0.055445 Regul: 0.017065 Obj: 0.072510 (0.066358)  NNZ: 15 (12)  Ttime: 1.3950 Vtime: 0.0509
Step: 24300000  Loss: 0.061043 Regul: 0.014370 Obj: 0.075414 (0.066358)  NNZ: 15 (12)  Ttime: 1.3978 Vtime: 0.0519
Step: 24400000  Loss: 0.054803 Regul: 0.014668 Obj: 0.069471 (0.066358)  NNZ: 12 (12)  Ttime: 1.3992 Vtime: 0.0508
Step: 24500000  Loss: 0.054634 Regul: 0.015820 Obj: 0.070455 (0.066358)  NNZ: 19 (12)  Ttime: 1.3991 Vtime: 0.0517
Step: 24600000  Loss: 0.050253 Regul: 0.020640 Obj: 0.070892 (0.066358)  NNZ: 23 (12)  Ttime: 1.4053 Vtime: 0.0514
Step: 24700000  Loss: 0.055302 Regul: 0.019785 Obj: 0.075087 (0.066358)  NNZ: 17 (12)  Ttime: 1.4036 Vtime: 0.0516
Step: 24800000  Loss: 0.056577 Regul: 0.014375 Obj: 0.070952 (0.066358)  NNZ: 16 (12)  Ttime: 1.4038 Vtime: 0.0519
Step: 24900000  Loss: 0.050356 Regul: 0.020718 Obj: 0.071074 (0.066358)  NNZ: 17 (12)  Ttime: 1.3970 Vtime: 0.0529
Step: 25000000  Loss: 0.051586 Regul: 0.015059 Obj: 0.066645 (0.066358)  NNZ: 13 (12)  Ttime: 1.3984 Vtime: 0.0519
Step: 25100000  Loss: 0.050915 Regul: 0.018760 Obj: 0.069675 (0.066358)  NNZ: 18 (12)  Ttime: 1.4013 Vtime: 0.0514
Step: 25200000  Loss: 0.059941 Regul: 0.011846 Obj: 0.071787 (0.066358)  NNZ: 12 (12)  Ttime: 1.3989 Vtime: 0.0518
Step: 25300000  Loss: 0.051654 Regul: 0.015239 Obj: 0.066893 (0.066358)  NNZ: 16 (12)  Ttime: 1.3995 Vtime: 0.0515
Step: 25400000  Loss: 0.059275 Regul: 0.014585 Obj: 0.073860 (0.066358)  NNZ: 18 (12)  Ttime: 1.3998 Vtime: 0.0518
Step: 25500000  Loss: 0.053747 Regul: 0.015928 Obj: 0.069675 (0.066358)  NNZ: 19 (12)  Ttime: 1.3996 Vtime: 0.0515
Step: 25600000  Loss: 0.056798 Regul: 0.017451 Obj: 0.074249 (0.066358)  NNZ: 14 (12)  Ttime: 1.4008 Vtime: 0.0512
Step: 25700000  Loss: 0.060356 Regul: 0.014395 Obj: 0.074750 (0.066358)  NNZ: 13 (12)  Ttime: 1.3984 Vtime: 0.0514
Step: 25800000  Loss: 0.055920 Regul: 0.016245 Obj: 0.072165 (0.066358)  NNZ: 15 (12)  Ttime: 1.3991 Vtime: 0.0517
Step: 25900000  Loss: 0.054980 Regul: 0.016851 Obj: 0.071830 (0.066358)  NNZ: 20 (12)  Ttime: 1.4053 Vtime: 0.0515
Step: 26000000  Loss: 0.075755 Regul: 0.010547 Obj: 0.086302 (0.066358)  NNZ: 14 (12)  Ttime: 1.3999 Vtime: 0.0524
Step: 26100000  Loss: 0.051154 Regul: 0.017837 Obj: 0.068991 (0.066358)  NNZ: 20 (12)  Ttime: 1.4027 Vtime: 0.0514
Step: 26200000  Loss: 0.052433 Regul: 0.016636 Obj: 0.069069 (0.066358)  NNZ: 15 (12)  Ttime: 1.3987 Vtime: 0.0511
Step: 26300000  Loss: 0.056980 Regul: 0.014727 Obj: 0.071707 (0.066358)  NNZ: 14 (12)  Ttime: 1.4001 Vtime: 0.0511
Step: 26400000  Loss: 0.063320 Regul: 0.010688 Obj: 0.074009 (0.066358)  NNZ: 10 (12)  Ttime: 1.3984 Vtime: 0.0512
Step: 26500000  Loss: 0.052115 Regul: 0.016128 Obj: 0.068243 (0.066358)  NNZ: 13 (12)  Ttime: 1.3987 Vtime: 0.0508
Step: 26600000  Loss: 0.050000 Regul: 0.017988 Obj: 0.067988 (0.066358)  NNZ: 15 (12)  Ttime: 1.4006 Vtime: 0.0527
Step: 26700000  Loss: 0.050976 Regul: 0.016255 Obj: 0.067231 (0.066358)  NNZ: 14 (12)  Ttime: 1.4024 Vtime: 0.0514
Step: 26800000  Loss: 0.056541 Regul: 0.013706 Obj: 0.070248 (0.066358)  NNZ: 16 (12)  Ttime: 1.3978 Vtime: 0.0512
Step: 26900000  Loss: 0.056689 Regul: 0.014414 Obj: 0.071103 (0.066358)  NNZ: 15 (12)  Ttime: 1.4016 Vtime: 0.0513
Step: 27000000  Loss: 0.060169 Regul: 0.013711 Obj: 0.073880 (0.066358)  NNZ: 16 (12)  Ttime: 1.4007 Vtime: 0.0514
Step: 27100000  Loss: 0.056370 Regul: 0.015244 Obj: 0.071614 (0.066358)  NNZ: 15 (12)  Ttime: 1.4003 Vtime: 0.0514
Step: 27200000  Loss: 0.055447 Regul: 0.015098 Obj: 0.070545 (0.066358)  NNZ: 17 (12)  Ttime: 1.3993 Vtime: 0.0511
Step: 27300000  Loss: 0.063193 Regul: 0.010698 Obj: 0.073891 (0.066358)  NNZ: 14 (12)  Ttime: 1.3990 Vtime: 0.0519
Step: 27400000  Loss: 0.068209 Regul: 0.011948 Obj: 0.080157 (0.066358)  NNZ: 16 (12)  Ttime: 1.4013 Vtime: 0.0507
Step: 27500000  Loss: 0.060401 Regul: 0.014585 Obj: 0.074986 (0.066358)  NNZ: 19 (12)  Ttime: 1.4010 Vtime: 0.0512
Step: 27600000  Loss: 0.061843 Regul: 0.014199 Obj: 0.076042 (0.066358)  NNZ: 14 (12)  Ttime: 1.3996 Vtime: 0.0515
Step: 27700000  Loss: 0.080260 Regul: 0.009453 Obj: 0.089713 (0.066358)  NNZ: 9 (12)  Ttime: 1.4013 Vtime: 0.0513
Step: 27800000  Loss: 0.062411 Regul: 0.013657 Obj: 0.076068 (0.066358)  NNZ: 14 (12)  Ttime: 1.4151 Vtime: 0.0512
Step: 27900000  Loss: 0.061202 Regul: 0.012778 Obj: 0.073980 (0.066358)  NNZ: 14 (12)  Ttime: 1.4017 Vtime: 0.0524
Step: 28000000  Loss: 0.055975 Regul: 0.014805 Obj: 0.070780 (0.066358)  NNZ: 14 (12)  Ttime: 1.4060 Vtime: 0.0522
Step: 28100000  Loss: 0.055533 Regul: 0.014839 Obj: 0.070371 (0.066358)  NNZ: 15 (12)  Ttime: 1.4131 Vtime: 0.0512
Step: 28200000  Loss: 0.062026 Regul: 0.011016 Obj: 0.073041 (0.066358)  NNZ: 11 (12)  Ttime: 1.4075 Vtime: 0.0516
Step: 28300000  Loss: 0.080521 Regul: 0.018721 Obj: 0.099241 (0.066358)  NNZ: 19 (12)  Ttime: 1.4005 Vtime: 0.0515
Step: 28400000  Loss: 0.061970 Regul: 0.011406 Obj: 0.073376 (0.066358)  NNZ: 14 (12)  Ttime: 1.3997 Vtime: 0.0514
Step: 28500000  Loss: 0.051952 Regul: 0.016338 Obj: 0.068290 (0.066358)  NNZ: 16 (12)  Ttime: 1.4016 Vtime: 0.0510
Step: 28600000  Loss: 0.054837 Regul: 0.014365 Obj: 0.069202 (0.066358)  NNZ: 22 (12)  Ttime: 1.3985 Vtime: 0.0513
Step: 28700000  Loss: 0.056101 Regul: 0.017412 Obj: 0.073513 (0.066358)  NNZ: 20 (12)  Ttime: 1.3979 Vtime: 0.0514
Step: 28800000  Loss: 0.051349 Regul: 0.015142 Obj: 0.066490 (0.066358)  NNZ: 18 (12)  Ttime: 1.4012 Vtime: 0.0513
Step: 28900000  Loss: 0.051489 Regul: 0.015635 Obj: 0.067124 (0.066358)  NNZ: 18 (12)  Ttime: 1.4002 Vtime: 0.0514
Step: 29000000  Loss: 0.060922 Regul: 0.012339 Obj: 0.073261 (0.066358)  NNZ: 13 (12)  Ttime: 1.4011 Vtime: 0.0518
Step: 29100000  Loss: 0.066311 Regul: 0.011099 Obj: 0.077409 (0.066358)  NNZ: 11 (12)  Ttime: 1.4059 Vtime: 0.0519
Step: 29200000  Loss: 0.073529 Regul: 0.019839 Obj: 0.093368 (0.066358)  NNZ: 22 (12)  Ttime: 1.4019 Vtime: 0.0521
Step: 29300000  Loss: 0.060303 Regul: 0.012632 Obj: 0.072935 (0.066358)  NNZ: 12 (12)  Ttime: 1.3997 Vtime: 0.0515
Step: 29400000  Loss: 0.065300 Regul: 0.015322 Obj: 0.080622 (0.066358)  NNZ: 16 (12)  Ttime: 1.3980 Vtime: 0.0517
Step: 29500000  Loss: 0.069203 Regul: 0.014702 Obj: 0.083905 (0.066358)  NNZ: 18 (12)  Ttime: 1.4008 Vtime: 0.0512
Step: 29600000  Loss: 0.057990 Regul: 0.013521 Obj: 0.071510 (0.066358)  NNZ: 15 (12)  Ttime: 1.4011 Vtime: 0.0510
Step: 29700000  Loss: 0.064590 Regul: 0.012061 Obj: 0.076651 (0.066358)  NNZ: 16 (12)  Ttime: 1.3992 Vtime: 0.0513
Step: 29800000  Loss: 0.060127 Regul: 0.012046 Obj: 0.072173 (0.066358)  NNZ: 13 (12)  Ttime: 1.4005 Vtime: 0.0522
Step: 29900000  Loss: 0.072029 Regul: 0.009272 Obj: 0.081302 (0.066358)  NNZ: 13 (12)  Ttime: 1.4000 Vtime: 0.0517
Step: 30000000  Loss: 0.053408 Regul: 0.015151 Obj: 0.068560 (0.066358)  NNZ: 13 (12)  Ttime: 1.4044 Vtime: 0.0512
Step: 30100000  Loss: 0.052121 Regul: 0.017046 Obj: 0.069167 (0.066358)  NNZ: 17 (12)  Ttime: 1.4092 Vtime: 0.0509
Step: 30200000  Loss: 0.054460 Regul: 0.013813 Obj: 0.068273 (0.066358)  NNZ: 16 (12)  Ttime: 1.4142 Vtime: 0.0520
Step: 30300000  Loss: 0.069507 Regul: 0.010986 Obj: 0.080493 (0.066358)  NNZ: 10 (12)  Ttime: 1.4060 Vtime: 0.0518
Step: 30400000  Loss: 0.054746 Regul: 0.015439 Obj: 0.070185 (0.066358)  NNZ: 13 (12)  Ttime: 1.4033 Vtime: 0.0515
Step: 30500000  Loss: 0.052590 Regul: 0.015879 Obj: 0.068469 (0.066358)  NNZ: 14 (12)  Ttime: 1.4106 Vtime: 0.0518
Step: 30600000  Loss: 0.061699 Regul: 0.012070 Obj: 0.073770 (0.066358)  NNZ: 17 (12)  Ttime: 1.4095 Vtime: 0.0517
Step: 30700000  Loss: 0.055235 Regul: 0.014136 Obj: 0.069370 (0.066358)  NNZ: 14 (12)  Ttime: 1.3986 Vtime: 0.0511
Step: 30800000  Loss: 0.056228 Regul: 0.012598 Obj: 0.068825 (0.066358)  NNZ: 13 (12)  Ttime: 1.4014 Vtime: 0.0516
Step: 30900000  Loss: 0.051812 Regul: 0.015898 Obj: 0.067710 (0.066358)  NNZ: 17 (12)  Ttime: 1.3994 Vtime: 0.0519
Step: 31000000  Loss: 0.055240 Regul: 0.012681 Obj: 0.067921 (0.066358)  NNZ: 19 (12)  Ttime: 1.4003 Vtime: 0.0518
Step: 31100000  Loss: 0.050657 Regul: 0.016123 Obj: 0.066780 (0.066358)  NNZ: 17 (12)  Ttime: 1.4031 Vtime: 0.0511
Step: 31200000  Loss: 0.069057 Regul: 0.009585 Obj: 0.078642 (0.066358)  NNZ: 13 (12)  Ttime: 1.4062 Vtime: 0.0510
Step: 31300000  Loss: 0.055489 Regul: 0.014595 Obj: 0.070084 (0.066358)  NNZ: 14 (12)  Ttime: 1.4045 Vtime: 0.0513
Step: 31400000  Loss: 0.066904 Regul: 0.010854 Obj: 0.077758 (0.066358)  NNZ: 14 (12)  Ttime: 1.4008 Vtime: 0.0516
Step: 31500000  Loss: 0.067484 Regul: 0.012534 Obj: 0.080018 (0.066358)  NNZ: 11 (12)  Ttime: 1.3999 Vtime: 0.0514
Step: 31600000  Loss: 0.067025 Regul: 0.011377 Obj: 0.078402 (0.066358)  NNZ: 15 (12)  Ttime: 1.4018 Vtime: 0.0509
Step: 31700000  Loss: 0.090301 Regul: 0.007690 Obj: 0.097992 (0.066358)  NNZ: 16 (12)  Ttime: 1.4043 Vtime: 0.0522
Step: 31800000  Loss: 0.060834 Regul: 0.014077 Obj: 0.074911 (0.066358)  NNZ: 16 (12)  Ttime: 1.4002 Vtime: 0.0506
Step: 31900000  Loss: 0.057533 Regul: 0.012725 Obj: 0.070258 (0.066358)  NNZ: 22 (12)  Ttime: 1.4045 Vtime: 0.0521
Step: 32000000  Loss: 0.054298 Regul: 0.013101 Obj: 0.067398 (0.066358)  NNZ: 14 (12)  Ttime: 1.3999 Vtime: 0.0513
Step: 32100000  Loss: 0.057253 Regul: 0.012402 Obj: 0.069655 (0.066358)  NNZ: 13 (12)  Ttime: 1.3990 Vtime: 0.0519
Step: 32200000  Loss: 0.054840 Regul: 0.015854 Obj: 0.070695 (0.066358)  NNZ: 14 (12)  Ttime: 1.3998 Vtime: 0.0522
Step: 32300000  Loss: 0.068988 Regul: 0.010352 Obj: 0.079339 (0.066358)  NNZ: 13 (12)  Ttime: 1.3980 Vtime: 0.0513
Step: 32400000  Loss: 0.053099 Regul: 0.015269 Obj: 0.068368 (0.066358)  NNZ: 14 (12)  Ttime: 1.3998 Vtime: 0.0512
Step: 32500000  Loss: 0.065980 Regul: 0.018149 Obj: 0.084130 (0.066358)  NNZ: 15 (12)  Ttime: 1.4007 Vtime: 0.0519
Step: 32600000  Loss: 0.066466 Regul: 0.011597 Obj: 0.078063 (0.066358)  NNZ: 13 (12)  Ttime: 1.4025 Vtime: 0.0516
Step: 32700000  Loss: 0.050619 Regul: 0.018945 Obj: 0.069565 (0.066358)  NNZ: 16 (12)  Ttime: 1.3997 Vtime: 0.0508
Step: 32800000  Loss: 0.069452 Regul: 0.010156 Obj: 0.079608 (0.066358)  NNZ: 13 (12)  Ttime: 1.4021 Vtime: 0.0510
Step: 32900000  Loss: 0.060143 Regul: 0.012524 Obj: 0.072667 (0.066358)  NNZ: 18 (12)  Ttime: 1.4032 Vtime: 0.0516
Step: 33000000  Loss: 0.078502 Regul: 0.010654 Obj: 0.089157 (0.066358)  NNZ: 12 (12)  Ttime: 1.4019 Vtime: 0.0514
Step: 33100000  Loss: 0.059145 Regul: 0.013872 Obj: 0.073017 (0.066358)  NNZ: 18 (12)  Ttime: 1.4010 Vtime: 0.0516
Step: 33200000  Loss: 0.071938 Regul: 0.016333 Obj: 0.088271 (0.066358)  NNZ: 16 (12)  Ttime: 1.3994 Vtime: 0.0512
Step: 33300000  Loss: 0.063532 Regul: 0.013066 Obj: 0.076598 (0.066358)  NNZ: 17 (12)  Ttime: 1.3961 Vtime: 0.0515
Step: 33400000  Loss: 0.063237 Regul: 0.010884 Obj: 0.074121 (0.066358)  NNZ: 13 (12)  Ttime: 1.4009 Vtime: 0.0510
Step: 33500000  Loss: 0.059360 Regul: 0.012192 Obj: 0.071553 (0.066358)  NNZ: 18 (12)  Ttime: 1.4014 Vtime: 0.0517
Step: 33600000  Loss: 0.054314 Regul: 0.032534 Obj: 0.086848 (0.066358)  NNZ: 18 (12)  Ttime: 1.3991 Vtime: 0.0520
Step: 33700000  Loss: 0.052672 Regul: 0.032168 Obj: 0.084840 (0.066358)  NNZ: 22 (12)  Ttime: 1.3958 Vtime: 0.0506
Step: 33800000  Loss: 0.054775 Regul: 0.027734 Obj: 0.082509 (0.066358)  NNZ: 26 (12)  Ttime: 1.3971 Vtime: 0.0514
Step: 33900000  Loss: 0.061635 Regul: 0.032021 Obj: 0.093656 (0.066358)  NNZ: 26 (12)  Ttime: 1.3961 Vtime: 0.0516
Step: 34000000  Loss: 0.052696 Regul: 0.029844 Obj: 0.082540 (0.066358)  NNZ: 18 (12)  Ttime: 1.3898 Vtime: 0.0517
Step: 34100000  Loss: 0.052290 Regul: 0.024619 Obj: 0.076909 (0.066358)  NNZ: 20 (12)  Ttime: 1.3978 Vtime: 0.0511
Step: 34200000  Loss: 0.050986 Regul: 0.021548 Obj: 0.072534 (0.066358)  NNZ: 18 (12)  Ttime: 1.3990 Vtime: 0.0521
Step: 34300000  Loss: 0.050447 Regul: 0.019595 Obj: 0.070042 (0.066358)  NNZ: 17 (12)  Ttime: 1.3967 Vtime: 0.0514
Step: 34400000  Loss: 0.054465 Regul: 0.025742 Obj: 0.080208 (0.066358)  NNZ: 17 (12)  Ttime: 1.3965 Vtime: 0.0511
Step: 34500000  Loss: 0.050075 Regul: 0.028452 Obj: 0.078527 (0.066358)  NNZ: 19 (12)  Ttime: 1.3947 Vtime: 0.0527
Step: 34600000  Loss: 0.063146 Regul: 0.034214 Obj: 0.097359 (0.066358)  NNZ: 26 (12)  Ttime: 1.3952 Vtime: 0.0514
Step: 34700000  Loss: 0.061653 Regul: 0.024087 Obj: 0.085740 (0.066358)  NNZ: 17 (12)  Ttime: 1.3961 Vtime: 0.0508
Step: 34800000  Loss: 0.051692 Regul: 0.029883 Obj: 0.081575 (0.066358)  NNZ: 18 (12)  Ttime: 1.3979 Vtime: 0.0514
Step: 34900000  Loss: 0.054355 Regul: 0.026030 Obj: 0.080386 (0.066358)  NNZ: 15 (12)  Ttime: 1.3984 Vtime: 0.0511
Step: 35000000  Loss: 0.049952 Regul: 0.022939 Obj: 0.072892 (0.066358)  NNZ: 15 (12)  Ttime: 1.3947 Vtime: 0.0517
Step: 35100000  Loss: 0.052924 Regul: 0.030996 Obj: 0.083920 (0.066358)  NNZ: 22 (12)  Ttime: 1.3981 Vtime: 0.0518
Step: 35200000  Loss: 0.051374 Regul: 0.030693 Obj: 0.082068 (0.066358)  NNZ: 18 (12)  Ttime: 1.3932 Vtime: 0.0512
Step: 35300000  Loss: 0.055707 Regul: 0.032559 Obj: 0.088265 (0.066358)  NNZ: 18 (12)  Ttime: 1.3998 Vtime: 0.0511
Step: 35400000  Loss: 0.069232 Regul: 0.029570 Obj: 0.098802 (0.066358)  NNZ: 24 (12)  Ttime: 1.3989 Vtime: 0.0514
Step: 35500000  Loss: 0.054599 Regul: 0.031133 Obj: 0.085732 (0.066358)  NNZ: 20 (12)  Ttime: 1.3937 Vtime: 0.0519
Step: 35600000  Loss: 0.054014 Regul: 0.034287 Obj: 0.088302 (0.066358)  NNZ: 27 (12)  Ttime: 1.3939 Vtime: 0.0514
Step: 35700000  Loss: 0.055397 Regul: 0.027910 Obj: 0.083307 (0.066358)  NNZ: 17 (12)  Ttime: 1.3966 Vtime: 0.0511
Step: 35800000  Loss: 0.053219 Regul: 0.029468 Obj: 0.082686 (0.066358)  NNZ: 15 (12)  Ttime: 1.3969 Vtime: 0.0521
Step: 35900000  Loss: 0.053519 Regul: 0.025693 Obj: 0.079212 (0.066358)  NNZ: 19 (12)  Ttime: 1.3955 Vtime: 0.0521
Step: 36000000  Loss: 0.053737 Regul: 0.027822 Obj: 0.081560 (0.066358)  NNZ: 20 (12)  Ttime: 1.3966 Vtime: 0.0516
Step: 36100000  Loss: 0.050481 Regul: 0.025693 Obj: 0.076175 (0.066358)  NNZ: 19 (12)  Ttime: 1.3934 Vtime: 0.0526
Step: 36200000  Loss: 0.051677 Regul: 0.028179 Obj: 0.079855 (0.066358)  NNZ: 16 (12)  Ttime: 1.3967 Vtime: 0.0510
Step: 36300000  Loss: 0.051853 Regul: 0.025444 Obj: 0.077298 (0.066358)  NNZ: 18 (12)  Ttime: 1.3946 Vtime: 0.0515
Step: 36400000  Loss: 0.059780 Regul: 0.035078 Obj: 0.094858 (0.066358)  NNZ: 24 (12)  Ttime: 1.3955 Vtime: 0.0511
Step: 36500000  Loss: 0.053357 Regul: 0.023472 Obj: 0.076829 (0.066358)  NNZ: 16 (12)  Ttime: 1.3978 Vtime: 0.0519
Step: 36600000  Loss: 0.052643 Regul: 0.029907 Obj: 0.082550 (0.066358)  NNZ: 22 (12)  Ttime: 1.3932 Vtime: 0.0516
Step: 36700000  Loss: 0.053286 Regul: 0.022861 Obj: 0.076148 (0.066358)  NNZ: 14 (12)  Ttime: 1.3977 Vtime: 0.0516
Step: 36800000  Loss: 0.062879 Regul: 0.025874 Obj: 0.088753 (0.066358)  NNZ: 16 (12)  Ttime: 1.3944 Vtime: 0.0517
Step: 36900000  Loss: 0.052229 Regul: 0.027856 Obj: 0.080086 (0.066358)  NNZ: 20 (12)  Ttime: 1.3954 Vtime: 0.0513
Step: 37000000  Loss: 0.058282 Regul: 0.028677 Obj: 0.086958 (0.066358)  NNZ: 21 (12)  Ttime: 1.3977 Vtime: 0.0515
Step: 37100000  Loss: 0.050868 Regul: 0.028701 Obj: 0.079569 (0.066358)  NNZ: 20 (12)  Ttime: 1.3977 Vtime: 0.0520
Step: 37200000  Loss: 0.054142 Regul: 0.022847 Obj: 0.076988 (0.066358)  NNZ: 17 (12)  Ttime: 1.3953 Vtime: 0.0512
Step: 37300000  Loss: 0.060864 Regul: 0.034453 Obj: 0.095317 (0.066358)  NNZ: 22 (12)  Ttime: 1.3952 Vtime: 0.0517
Step: 37400000  Loss: 0.051588 Regul: 0.018809 Obj: 0.070396 (0.066358)  NNZ: 16 (12)  Ttime: 1.3941 Vtime: 0.0517
Step: 37500000  Loss: 0.049919 Regul: 0.022109 Obj: 0.072028 (0.066358)  NNZ: 17 (12)  Ttime: 1.3976 Vtime: 0.0514
Step: 37600000  Loss: 0.050487 Regul: 0.020044 Obj: 0.070531 (0.066358)  NNZ: 15 (12)  Ttime: 1.3949 Vtime: 0.0523
Step: 37700000  Loss: 0.051006 Regul: 0.026235 Obj: 0.077241 (0.066358)  NNZ: 17 (12)  Ttime: 1.3979 Vtime: 0.0511
Step: 37800000  Loss: 0.050944 Regul: 0.026460 Obj: 0.077404 (0.066358)  NNZ: 26 (12)  Ttime: 1.3966 Vtime: 0.0516
Step: 37900000  Loss: 0.062852 Regul: 0.017969 Obj: 0.080821 (0.066358)  NNZ: 18 (12)  Ttime: 1.3953 Vtime: 0.0516
Step: 38000000  Loss: 0.054527 Regul: 0.035547 Obj: 0.090074 (0.066358)  NNZ: 29 (12)  Ttime: 1.3975 Vtime: 0.0523
Step: 38100000  Loss: 0.052808 Regul: 0.024307 Obj: 0.077114 (0.066358)  NNZ: 18 (12)  Ttime: 1.3896 Vtime: 0.0515
Step: 38200000  Loss: 0.056885 Regul: 0.027539 Obj: 0.084424 (0.066358)  NNZ: 20 (12)  Ttime: 1.3975 Vtime: 0.0509
Step: 38300000  Loss: 0.050388 Regul: 0.020039 Obj: 0.070427 (0.066358)  NNZ: 17 (12)  Ttime: 1.4013 Vtime: 0.0513
Step: 38400000  Loss: 0.061030 Regul: 0.033125 Obj: 0.094155 (0.066358)  NNZ: 26 (12)  Ttime: 1.3892 Vtime: 0.0511
Step: 38500000  Loss: 0.052324 Regul: 0.018218 Obj: 0.070541 (0.066358)  NNZ: 19 (12)  Ttime: 1.3928 Vtime: 0.0514
Step: 38600000  Loss: 0.049539 Regul: 0.020967 Obj: 0.070506 (0.066358)  NNZ: 19 (12)  Ttime: 1.3970 Vtime: 0.0516
Step: 38700000  Loss: 0.050889 Regul: 0.023726 Obj: 0.074614 (0.066358)  NNZ: 17 (12)  Ttime: 1.3948 Vtime: 0.0509
Step: 38800000  Loss: 0.052065 Regul: 0.028247 Obj: 0.080312 (0.066358)  NNZ: 25 (12)  Ttime: 1.3937 Vtime: 0.0515
Step: 38900000  Loss: 0.053709 Regul: 0.033403 Obj: 0.087112 (0.066358)  NNZ: 20 (12)  Ttime: 1.3898 Vtime: 0.0511
Step: 39000000  Loss: 0.062229 Regul: 0.021426 Obj: 0.083655 (0.066358)  NNZ: 25 (12)  Ttime: 1.3946 Vtime: 0.0518
Step: 39100000  Loss: 0.052047 Regul: 0.033437 Obj: 0.085484 (0.066358)  NNZ: 22 (12)  Ttime: 1.4019 Vtime: 0.0522
Step: 39200000  Loss: 0.052192 Regul: 0.033965 Obj: 0.086156 (0.066358)  NNZ: 22 (12)  Ttime: 1.3953 Vtime: 0.0515
Step: 39300000  Loss: 0.051280 Regul: 0.027573 Obj: 0.078853 (0.066358)  NNZ: 19 (12)  Ttime: 1.3958 Vtime: 0.0519
Step: 39400000  Loss: 0.052075 Regul: 0.028003 Obj: 0.080078 (0.066358)  NNZ: 24 (12)  Ttime: 1.3966 Vtime: 0.0516
Step: 39500000  Loss: 0.057318 Regul: 0.035820 Obj: 0.093138 (0.066358)  NNZ: 26 (12)  Ttime: 1.3966 Vtime: 0.0516
Step: 39600000  Loss: 0.052170 Regul: 0.027568 Obj: 0.079739 (0.066358)  NNZ: 21 (12)  Ttime: 1.3969 Vtime: 0.0512
Step: 39700000  Loss: 0.052579 Regul: 0.031655 Obj: 0.084234 (0.066358)  NNZ: 20 (12)  Ttime: 1.3963 Vtime: 0.0516
Step: 39800000  Loss: 0.054860 Regul: 0.033267 Obj: 0.088127 (0.066358)  NNZ: 25 (12)  Ttime: 1.3964 Vtime: 0.0515
Step: 39900000  Loss: 0.054449 Regul: 0.032524 Obj: 0.086973 (0.066358)  NNZ: 24 (12)  Ttime: 1.3967 Vtime: 0.0513
Step: 40000000  Loss: 0.059032 Regul: 0.034409 Obj: 0.093441 (0.066358)  NNZ: 21 (12)  Ttime: 1.3952 Vtime: 0.0514
Step: 40100000  Loss: 0.062192 Regul: 0.033721 Obj: 0.095913 (0.066358)  NNZ: 24 (12)  Ttime: 1.3979 Vtime: 0.0518
Step: 40200000  Loss: 0.056821 Regul: 0.026499 Obj: 0.083320 (0.066358)  NNZ: 22 (12)  Ttime: 1.3980 Vtime: 0.0517
Step: 40300000  Loss: 0.051506 Regul: 0.026890 Obj: 0.078396 (0.066358)  NNZ: 19 (12)  Ttime: 1.3987 Vtime: 0.0514
Step: 40400000  Loss: 0.051409 Regul: 0.030142 Obj: 0.081551 (0.066358)  NNZ: 22 (12)  Ttime: 1.3962 Vtime: 0.0517
Step: 40500000  Loss: 0.054657 Regul: 0.018735 Obj: 0.073392 (0.066358)  NNZ: 15 (12)  Ttime: 1.3961 Vtime: 0.0514
Step: 40600000  Loss: 0.050908 Regul: 0.030688 Obj: 0.081597 (0.066358)  NNZ: 27 (12)  Ttime: 1.3946 Vtime: 0.0508
Step: 40700000  Loss: 0.048938 Regul: 0.023657 Obj: 0.072596 (0.066358)  NNZ: 19 (12)  Ttime: 1.3950 Vtime: 0.0517
Step: 40800000  Loss: 0.050161 Regul: 0.025503 Obj: 0.075664 (0.066358)  NNZ: 19 (12)  Ttime: 1.3949 Vtime: 0.0514
Step: 40900000  Loss: 0.049797 Regul: 0.024312 Obj: 0.074109 (0.066358)  NNZ: 18 (12)  Ttime: 1.3975 Vtime: 0.0512
Step: 41000000  Loss: 0.055254 Regul: 0.031045 Obj: 0.086299 (0.066358)  NNZ: 25 (12)  Ttime: 1.3964 Vtime: 0.0506
Step: 41100000  Loss: 0.050848 Regul: 0.024722 Obj: 0.075569 (0.066358)  NNZ: 24 (12)  Ttime: 1.3963 Vtime: 0.0516
Step: 41200000  Loss: 0.052848 Regul: 0.032368 Obj: 0.085216 (0.066358)  NNZ: 20 (12)  Ttime: 1.3962 Vtime: 0.0517
Step: 41300000  Loss: 0.052913 Regul: 0.029072 Obj: 0.081985 (0.066358)  NNZ: 23 (12)  Ttime: 1.3958 Vtime: 0.0510
Step: 41400000  Loss: 0.054716 Regul: 0.027026 Obj: 0.081742 (0.066358)  NNZ: 17 (12)  Ttime: 1.3953 Vtime: 0.0514
Step: 41500000  Loss: 0.050599 Regul: 0.026807 Obj: 0.077406 (0.066358)  NNZ: 17 (12)  Ttime: 1.3980 Vtime: 0.0512
Step: 41600000  Loss: 0.050434 Regul: 0.025288 Obj: 0.075722 (0.066358)  NNZ: 16 (12)  Ttime: 1.3949 Vtime: 0.0514
Step: 41700000  Loss: 0.052381 Regul: 0.024473 Obj: 0.076854 (0.066358)  NNZ: 17 (12)  Ttime: 1.3971 Vtime: 0.0513
Step: 41800000  Loss: 0.050524 Regul: 0.024360 Obj: 0.074884 (0.066358)  NNZ: 18 (12)  Ttime: 1.3966 Vtime: 0.0515
Step: 41900000  Loss: 0.058332 Regul: 0.026348 Obj: 0.084680 (0.066358)  NNZ: 20 (12)  Ttime: 1.4003 Vtime: 0.0510
Step: 42000000  Loss: 0.057821 Regul: 0.031187 Obj: 0.089008 (0.066358)  NNZ: 18 (12)  Ttime: 1.3968 Vtime: 0.0510
Step: 42100000  Loss: 0.049074 Regul: 0.023730 Obj: 0.072805 (0.066358)  NNZ: 17 (12)  Ttime: 1.3948 Vtime: 0.0517
Step: 42200000  Loss: 0.051416 Regul: 0.026187 Obj: 0.077603 (0.066358)  NNZ: 19 (12)  Ttime: 1.4044 Vtime: 0.0508
Step: 42300000  Loss: 0.050557 Regul: 0.025601 Obj: 0.076157 (0.066358)  NNZ: 19 (12)  Ttime: 1.3961 Vtime: 0.0518
Step: 42400000  Loss: 0.052487 Regul: 0.026875 Obj: 0.079362 (0.066358)  NNZ: 21 (12)  Ttime: 1.3968 Vtime: 0.0515
Step: 42500000  Loss: 0.051853 Regul: 0.028179 Obj: 0.080031 (0.066358)  NNZ: 19 (12)  Ttime: 1.3944 Vtime: 0.0517
Step: 42600000  Loss: 0.058021 Regul: 0.025962 Obj: 0.083983 (0.066358)  NNZ: 22 (12)  Ttime: 1.3978 Vtime: 0.0517
Step: 42700000  Loss: 0.052352 Regul: 0.027466 Obj: 0.079817 (0.066358)  NNZ: 18 (12)  Ttime: 1.3969 Vtime: 0.0511
Step: 42800000  Loss: 0.053950 Regul: 0.028989 Obj: 0.082939 (0.066358)  NNZ: 20 (12)  Ttime: 1.3944 Vtime: 0.0513
Step: 42900000  Loss: 0.050973 Regul: 0.027769 Obj: 0.078742 (0.066358)  NNZ: 16 (12)  Ttime: 1.3991 Vtime: 0.0513
Step: 43000000  Loss: 0.053985 Regul: 0.031558 Obj: 0.085543 (0.066358)  NNZ: 18 (12)  Ttime: 1.3955 Vtime: 0.0513
Step: 43100000  Loss: 0.051741 Regul: 0.026221 Obj: 0.077962 (0.066358)  NNZ: 20 (12)  Ttime: 1.3912 Vtime: 0.0520
Step: 43200000  Loss: 0.058118 Regul: 0.038706 Obj: 0.096824 (0.066358)  NNZ: 26 (12)  Ttime: 1.3993 Vtime: 0.0513
Step: 43300000  Loss: 0.050499 Regul: 0.026450 Obj: 0.076950 (0.066358)  NNZ: 18 (12)  Ttime: 1.3973 Vtime: 0.0517
Step: 43400000  Loss: 0.053360 Regul: 0.026748 Obj: 0.080108 (0.066358)  NNZ: 19 (12)  Ttime: 1.3951 Vtime: 0.0518
Step: 43500000  Loss: 0.053616 Regul: 0.027393 Obj: 0.081009 (0.066358)  NNZ: 21 (12)  Ttime: 1.3997 Vtime: 0.0511
Step: 43600000  Loss: 0.051409 Regul: 0.030342 Obj: 0.081751 (0.066358)  NNZ: 22 (12)  Ttime: 1.4011 Vtime: 0.0520
Step: 43700000  Loss: 0.053349 Regul: 0.029058 Obj: 0.082407 (0.066358)  NNZ: 20 (12)  Ttime: 1.3970 Vtime: 0.0511
Step: 43800000  Loss: 0.052294 Regul: 0.024941 Obj: 0.077236 (0.066358)  NNZ: 21 (12)  Ttime: 1.3976 Vtime: 0.0512
Step: 43900000  Loss: 0.052179 Regul: 0.029146 Obj: 0.081325 (0.066358)  NNZ: 20 (12)  Ttime: 1.4099 Vtime: 0.0509
Step: 44000000  Loss: 0.050213 Regul: 0.024336 Obj: 0.074549 (0.066358)  NNZ: 18 (12)  Ttime: 1.3995 Vtime: 0.0505
Step: 44100000  Loss: 0.052383 Regul: 0.026685 Obj: 0.079068 (0.066358)  NNZ: 16 (12)  Ttime: 1.4006 Vtime: 0.0516
Step: 44200000  Loss: 0.049987 Regul: 0.027920 Obj: 0.077907 (0.066358)  NNZ: 19 (12)  Ttime: 1.3987 Vtime: 0.0512
Step: 44300000  Loss: 0.063998 Regul: 0.035815 Obj: 0.099814 (0.066358)  NNZ: 25 (12)  Ttime: 1.3978 Vtime: 0.0513
Step: 44400000  Loss: 0.054402 Regul: 0.028643 Obj: 0.083045 (0.066358)  NNZ: 17 (12)  Ttime: 1.3962 Vtime: 0.0520
Step: 44500000  Loss: 0.049928 Regul: 0.028350 Obj: 0.078277 (0.066358)  NNZ: 18 (12)  Ttime: 1.4019 Vtime: 0.0517
Step: 44600000  Loss: 0.054585 Regul: 0.032944 Obj: 0.087530 (0.066358)  NNZ: 23 (12)  Ttime: 1.3932 Vtime: 0.0516
Step: 44700000  Loss: 0.056778 Regul: 0.023174 Obj: 0.079951 (0.066358)  NNZ: 13 (12)  Ttime: 1.3999 Vtime: 0.0509
Step: 44800000  Loss: 0.051362 Regul: 0.027998 Obj: 0.079360 (0.066358)  NNZ: 24 (12)  Ttime: 1.3959 Vtime: 0.0510
Step: 44900000  Loss: 0.050844 Regul: 0.029487 Obj: 0.080331 (0.066358)  NNZ: 20 (12)  Ttime: 1.4005 Vtime: 0.0514
Step: 45000000  Loss: 0.049941 Regul: 0.021562 Obj: 0.071504 (0.066358)  NNZ: 20 (12)  Ttime: 1.4000 Vtime: 0.0511
Step: 45100000  Loss: 0.055558 Regul: 0.025234 Obj: 0.080793 (0.066358)  NNZ: 18 (12)  Ttime: 1.3982 Vtime: 0.0511
Step: 45200000  Loss: 0.052241 Regul: 0.015435 Obj: 0.067675 (0.066358)  NNZ: 15 (12)  Ttime: 1.3980 Vtime: 0.0511
Step: 45300000  Loss: 0.053993 Regul: 0.031680 Obj: 0.085672 (0.066358)  NNZ: 19 (12)  Ttime: 1.4005 Vtime: 0.0512
Step: 45400000  Loss: 0.050984 Regul: 0.023906 Obj: 0.074890 (0.066358)  NNZ: 19 (12)  Ttime: 1.3978 Vtime: 0.0512
Step: 45500000  Loss: 0.053157 Regul: 0.027725 Obj: 0.080882 (0.066358)  NNZ: 20 (12)  Ttime: 1.3985 Vtime: 0.0517
Step: 45600000  Loss: 0.050318 Regul: 0.025488 Obj: 0.075806 (0.066358)  NNZ: 16 (12)  Ttime: 1.4018 Vtime: 0.0509
Step: 45700000  Loss: 0.049005 Regul: 0.023853 Obj: 0.072857 (0.066358)  NNZ: 19 (12)  Ttime: 1.4001 Vtime: 0.0524
Step: 45800000  Loss: 0.054200 Regul: 0.033887 Obj: 0.088086 (0.066358)  NNZ: 21 (12)  Ttime: 1.4019 Vtime: 0.0512
Step: 45900000  Loss: 0.049555 Regul: 0.024956 Obj: 0.074511 (0.066358)  NNZ: 20 (12)  Ttime: 1.3949 Vtime: 0.0510
Step: 46000000  Loss: 0.052465 Regul: 0.029478 Obj: 0.081943 (0.066358)  NNZ: 19 (12)  Ttime: 1.3997 Vtime: 0.0512
Step: 46100000  Loss: 0.050740 Regul: 0.025889 Obj: 0.076629 (0.066358)  NNZ: 17 (12)  Ttime: 1.3961 Vtime: 0.0511
Step: 46200000  Loss: 0.054545 Regul: 0.021851 Obj: 0.076396 (0.066358)  NNZ: 21 (12)  Ttime: 1.4017 Vtime: 0.0518
Step: 46300000  Loss: 0.055430 Regul: 0.025088 Obj: 0.080518 (0.066358)  NNZ: 18 (12)  Ttime: 1.4007 Vtime: 0.0511
Step: 46400000  Loss: 0.056443 Regul: 0.027427 Obj: 0.083869 (0.066358)  NNZ: 20 (12)  Ttime: 1.3978 Vtime: 0.0512
Step: 46500000  Loss: 0.051022 Regul: 0.027593 Obj: 0.078615 (0.066358)  NNZ: 21 (12)  Ttime: 1.3966 Vtime: 0.0517
Step: 46600000  Loss: 0.051705 Regul: 0.023442 Obj: 0.075148 (0.066358)  NNZ: 20 (12)  Ttime: 1.4127 Vtime: 0.0513
Step: 46700000  Loss: 0.054551 Regul: 0.024956 Obj: 0.079507 (0.066358)  NNZ: 19 (12)  Ttime: 1.3987 Vtime: 0.0515
Step: 46800000  Loss: 0.053766 Regul: 0.024365 Obj: 0.078131 (0.066358)  NNZ: 19 (12)  Ttime: 1.3985 Vtime: 0.0519
Step: 46900000  Loss: 0.050889 Regul: 0.028862 Obj: 0.079751 (0.066358)  NNZ: 20 (12)  Ttime: 1.3974 Vtime: 0.0525
Step: 47000000  Loss: 0.055935 Regul: 0.031401 Obj: 0.087336 (0.066358)  NNZ: 20 (12)  Ttime: 1.3992 Vtime: 0.0513
Step: 47100000  Loss: 0.049844 Regul: 0.025625 Obj: 0.075469 (0.066358)  NNZ: 19 (12)  Ttime: 1.3960 Vtime: 0.0509
Step: 47200000  Loss: 0.052131 Regul: 0.027417 Obj: 0.079548 (0.066358)  NNZ: 25 (12)  Ttime: 1.4008 Vtime: 0.0522
Step: 47300000  Loss: 0.051265 Regul: 0.031431 Obj: 0.082696 (0.066358)  NNZ: 23 (12)  Ttime: 1.3947 Vtime: 0.0513
Step: 47400000  Loss: 0.048935 Regul: 0.029219 Obj: 0.078153 (0.066358)  NNZ: 23 (12)  Ttime: 1.3994 Vtime: 0.0514
Step: 47500000  Loss: 0.058259 Regul: 0.040547 Obj: 0.098806 (0.066358)  NNZ: 31 (12)  Ttime: 1.3958 Vtime: 0.0512
Step: 47600000  Loss: 0.054300 Regul: 0.032451 Obj: 0.086751 (0.066358)  NNZ: 26 (12)  Ttime: 1.4027 Vtime: 0.0507
Step: 47700000  Loss: 0.051252 Regul: 0.026357 Obj: 0.077610 (0.066358)  NNZ: 21 (12)  Ttime: 1.3961 Vtime: 0.0511
Step: 47800000  Loss: 0.049123 Regul: 0.026382 Obj: 0.075505 (0.066358)  NNZ: 21 (12)  Ttime: 1.3954 Vtime: 0.0515
Step: 47900000  Loss: 0.061661 Regul: 0.029976 Obj: 0.091636 (0.066358)  NNZ: 20 (12)  Ttime: 1.3898 Vtime: 0.0511
Step: 48000000  Loss: 0.056718 Regul: 0.035688 Obj: 0.092407 (0.066358)  NNZ: 23 (12)  Ttime: 1.3984 Vtime: 0.0523
Step: 48100000  Loss: 0.056803 Regul: 0.029961 Obj: 0.086764 (0.066358)  NNZ: 26 (12)  Ttime: 1.4015 Vtime: 0.0515
Step: 48200000  Loss: 0.052276 Regul: 0.023828 Obj: 0.076104 (0.066358)  NNZ: 20 (12)  Ttime: 1.4051 Vtime: 0.0513
Step: 48300000  Loss: 0.058180 Regul: 0.031030 Obj: 0.089210 (0.066358)  NNZ: 20 (12)  Ttime: 1.3942 Vtime: 0.0507
Step: 48400000  Loss: 0.053370 Regul: 0.038540 Obj: 0.091910 (0.066358)  NNZ: 30 (12)  Ttime: 1.3992 Vtime: 0.0519
Step: 48500000  Loss: 0.052701 Regul: 0.032661 Obj: 0.085362 (0.066358)  NNZ: 22 (12)  Ttime: 1.4023 Vtime: 0.0521
Step: 48600000  Loss: 0.051371 Regul: 0.032969 Obj: 0.084339 (0.066358)  NNZ: 26 (12)  Ttime: 1.4005 Vtime: 0.0516
Step: 48700000  Loss: 0.054699 Regul: 0.028926 Obj: 0.083625 (0.066358)  NNZ: 21 (12)  Ttime: 1.4013 Vtime: 0.0517
Step: 48800000  Loss: 0.048976 Regul: 0.025093 Obj: 0.074068 (0.066358)  NNZ: 24 (12)  Ttime: 1.4017 Vtime: 0.0510
Step: 48900000  Loss: 0.052145 Regul: 0.028770 Obj: 0.080915 (0.066358)  NNZ: 24 (12)  Ttime: 1.3988 Vtime: 0.0511
Step: 49000000  Loss: 0.051895 Regul: 0.032051 Obj: 0.083946 (0.066358)  NNZ: 29 (12)  Ttime: 1.3971 Vtime: 0.0522
Step: 49100000  Loss: 0.049877 Regul: 0.026895 Obj: 0.076771 (0.066358)  NNZ: 20 (12)  Ttime: 1.3975 Vtime: 0.0512
Step: 49200000  Loss: 0.061159 Regul: 0.040532 Obj: 0.101692 (0.066358)  NNZ: 27 (12)  Ttime: 1.3945 Vtime: 0.0516
Step: 49300000  Loss: 0.058044 Regul: 0.033623 Obj: 0.091667 (0.066358)  NNZ: 26 (12)  Ttime: 1.4016 Vtime: 0.0506
Step: 49400000  Loss: 0.058975 Regul: 0.041279 Obj: 0.100254 (0.066358)  NNZ: 30 (12)  Ttime: 1.3994 Vtime: 0.0517
Step: 49500000  Loss: 0.060162 Regul: 0.032910 Obj: 0.093073 (0.066358)  NNZ: 30 (12)  Ttime: 1.3988 Vtime: 0.0512
Step: 49600000  Loss: 0.050526 Regul: 0.027847 Obj: 0.078373 (0.066358)  NNZ: 19 (12)  Ttime: 1.4107 Vtime: 0.0514
Step: 49700000  Loss: 0.052502 Regul: 0.033569 Obj: 0.086071 (0.066358)  NNZ: 22 (12)  Ttime: 1.4139 Vtime: 0.0515
Step: 49800000  Loss: 0.054598 Regul: 0.034175 Obj: 0.088772 (0.066358)  NNZ: 29 (12)  Ttime: 1.3912 Vtime: 0.0523
Step: 49900000  Loss: 0.050920 Regul: 0.036958 Obj: 0.087878 (0.066358)  NNZ: 27 (12)  Ttime: 1.3970 Vtime: 0.0512
Step: 50000000  Loss: 0.049580 Regul: 0.029614 Obj: 0.079194 (0.066358)  NNZ: 23 (12)  Ttime: 1.3910 Vtime: 0.0517
