mu: 0.05 gamma: 0.075 nIters: 50000000
Load PRParams.
Load RingParams.
Load Labels: 500000
Load Distances: 500000 x 5120
0...10...20...30...40...50...60...70...80...90...100 - done.
Positive samples #250000
Negative samples #250000
Positive train #200000
Negative train #200000
Positive valid #50000
Negative valid #50000

Found GPU: GeForce GTX 970
Compute Capability: 5.2

Best: 100000  Loss: 0.238710 Regul: 0.196093 Obj: 0.434803 (0.434803)  NNZ: 12 (12)  Ttime: 1.3996 Vtime: 0.2113
Stat: nPR #72 (#96) Dim/MaxDim [576/640] AUC: 0.972290 FPR95: 18.73 [saved]
Best: 200000  Loss: 0.077934 Regul: 0.046591 Obj: 0.124526 (0.124526)  NNZ: 6 (6)  Ttime: 1.4009 Vtime: 0.0512
Stat: nPR #36 (#48) Dim/MaxDim [288/640] AUC: 0.973798 FPR95: 16.23 [saved]
Step: 300000  Loss: 0.074681 Regul: 0.062468 Obj: 0.137149 (0.124526)  NNZ: 8 (6)  Ttime: 1.4014 Vtime: 0.0518
Step: 400000  Loss: 0.416753 Regul: 0.082265 Obj: 0.499017 (0.124526)  NNZ: 7 (6)  Ttime: 1.3985 Vtime: 0.0516
Best: 500000  Loss: 0.060795 Regul: 0.044426 Obj: 0.105221 (0.105221)  NNZ: 8 (8)  Ttime: 1.3947 Vtime: 0.0511
Stat: nPR #52 (#64) Dim/MaxDim [416/640] AUC: 0.978941 FPR95: 11.27 [saved]
Step: 600000  Loss: 0.091460 Regul: 0.051135 Obj: 0.142595 (0.105221)  NNZ: 9 (8)  Ttime: 1.4046 Vtime: 0.0515
Best: 700000  Loss: 0.061292 Regul: 0.027963 Obj: 0.089255 (0.089255)  NNZ: 7 (7)  Ttime: 1.3996 Vtime: 0.0512
Stat: nPR #48 (#56) Dim/MaxDim [384/640] AUC: 0.976379 FPR95: 13.87 [saved]
Step: 800000  Loss: 0.112738 Regul: 0.062592 Obj: 0.175330 (0.089255)  NNZ: 13 (7)  Ttime: 1.4006 Vtime: 0.0506
Step: 900000  Loss: 0.072526 Regul: 0.023740 Obj: 0.096265 (0.089255)  NNZ: 3 (7)  Ttime: 1.3999 Vtime: 0.0513
Step: 1000000  Loss: 0.068712 Regul: 0.029379 Obj: 0.098092 (0.089255)  NNZ: 5 (7)  Ttime: 1.4025 Vtime: 0.0515
Step: 1100000  Loss: 0.070578 Regul: 0.040118 Obj: 0.110696 (0.089255)  NNZ: 9 (7)  Ttime: 1.3978 Vtime: 0.0512
Step: 1200000  Loss: 0.076452 Regul: 0.026810 Obj: 0.103262 (0.089255)  NNZ: 6 (7)  Ttime: 1.3986 Vtime: 0.0508
Step: 1300000  Loss: 0.065060 Regul: 0.035699 Obj: 0.100759 (0.089255)  NNZ: 7 (7)  Ttime: 1.4057 Vtime: 0.0513
Step: 1400000  Loss: 0.070309 Regul: 0.054300 Obj: 0.124609 (0.089255)  NNZ: 9 (7)  Ttime: 1.4022 Vtime: 0.0517
Step: 1500000  Loss: 0.135236 Regul: 0.065015 Obj: 0.200250 (0.089255)  NNZ: 13 (7)  Ttime: 1.4017 Vtime: 0.0511
Step: 1600000  Loss: 0.066226 Regul: 0.048090 Obj: 0.114315 (0.089255)  NNZ: 12 (7)  Ttime: 1.4028 Vtime: 0.0518
Best: 1700000  Loss: 0.056208 Regul: 0.019846 Obj: 0.076053 (0.076053)  NNZ: 8 (8)  Ttime: 1.4059 Vtime: 0.0515
Stat: nPR #64 (#64) Dim/MaxDim [512/640] AUC: 0.978869 FPR95: 11.27 [saved]
Step: 1800000  Loss: 0.076309 Regul: 0.048474 Obj: 0.124783 (0.076053)  NNZ: 7 (8)  Ttime: 1.4154 Vtime: 0.0510
Step: 1900000  Loss: 0.108719 Regul: 0.032462 Obj: 0.141181 (0.076053)  NNZ: 9 (8)  Ttime: 1.4006 Vtime: 0.0522
Step: 2000000  Loss: 0.063467 Regul: 0.047723 Obj: 0.111191 (0.076053)  NNZ: 11 (8)  Ttime: 1.3992 Vtime: 0.0516
Step: 2100000  Loss: 0.083866 Regul: 0.060745 Obj: 0.144611 (0.076053)  NNZ: 11 (8)  Ttime: 1.4032 Vtime: 0.0509
Step: 2200000  Loss: 0.056463 Regul: 0.046628 Obj: 0.103090 (0.076053)  NNZ: 14 (8)  Ttime: 1.4004 Vtime: 0.0514
Step: 2300000  Loss: 0.071717 Regul: 0.049786 Obj: 0.121503 (0.076053)  NNZ: 13 (8)  Ttime: 1.3960 Vtime: 0.0507
Step: 2400000  Loss: 0.064598 Regul: 0.049921 Obj: 0.114519 (0.076053)  NNZ: 10 (8)  Ttime: 1.3986 Vtime: 0.0512
Step: 2500000  Loss: 0.064442 Regul: 0.023627 Obj: 0.088069 (0.076053)  NNZ: 8 (8)  Ttime: 1.3987 Vtime: 0.0509
Step: 2600000  Loss: 0.079518 Regul: 0.046326 Obj: 0.125844 (0.076053)  NNZ: 16 (8)  Ttime: 1.3997 Vtime: 0.0513
Step: 2700000  Loss: 0.072011 Regul: 0.051538 Obj: 0.123549 (0.076053)  NNZ: 14 (8)  Ttime: 1.4027 Vtime: 0.0510
Step: 2800000  Loss: 0.062877 Regul: 0.026343 Obj: 0.089220 (0.076053)  NNZ: 9 (8)  Ttime: 1.3982 Vtime: 0.0516
Step: 2900000  Loss: 0.091350 Regul: 0.033563 Obj: 0.124914 (0.076053)  NNZ: 10 (8)  Ttime: 1.3993 Vtime: 0.0514
Step: 3000000  Loss: 0.065518 Regul: 0.038757 Obj: 0.104275 (0.076053)  NNZ: 12 (8)  Ttime: 1.4005 Vtime: 0.0513
Step: 3100000  Loss: 0.127476 Regul: 0.063971 Obj: 0.191447 (0.076053)  NNZ: 15 (8)  Ttime: 1.4011 Vtime: 0.0509
Step: 3200000  Loss: 0.074876 Regul: 0.013434 Obj: 0.088310 (0.076053)  NNZ: 5 (8)  Ttime: 1.4003 Vtime: 0.0511
Step: 3300000  Loss: 0.157135 Regul: 0.011792 Obj: 0.168927 (0.076053)  NNZ: 6 (8)  Ttime: 1.3999 Vtime: 0.0518
Step: 3400000  Loss: 0.080459 Regul: 0.015747 Obj: 0.096206 (0.076053)  NNZ: 4 (8)  Ttime: 1.3978 Vtime: 0.0514
Step: 3500000  Loss: 0.094887 Regul: 0.033752 Obj: 0.128639 (0.076053)  NNZ: 11 (8)  Ttime: 1.4061 Vtime: 0.0504
Step: 3600000  Loss: 0.075985 Regul: 0.062756 Obj: 0.138741 (0.076053)  NNZ: 12 (8)  Ttime: 1.3982 Vtime: 0.0522
Step: 3700000  Loss: 0.097871 Regul: 0.040027 Obj: 0.137898 (0.076053)  NNZ: 9 (8)  Ttime: 1.4065 Vtime: 0.0517
Step: 3800000  Loss: 0.058049 Regul: 0.045374 Obj: 0.103422 (0.076053)  NNZ: 13 (8)  Ttime: 1.4005 Vtime: 0.0513
Step: 3900000  Loss: 0.076897 Regul: 0.060999 Obj: 0.137896 (0.076053)  NNZ: 18 (8)  Ttime: 1.3992 Vtime: 0.0519
Step: 4000000  Loss: 0.066696 Regul: 0.019324 Obj: 0.086020 (0.076053)  NNZ: 9 (8)  Ttime: 1.4035 Vtime: 0.0512
Step: 4100000  Loss: 0.059165 Regul: 0.020160 Obj: 0.079325 (0.076053)  NNZ: 6 (8)  Ttime: 1.4054 Vtime: 0.0514
Step: 4200000  Loss: 0.068469 Regul: 0.022803 Obj: 0.091272 (0.076053)  NNZ: 7 (8)  Ttime: 1.4062 Vtime: 0.0514
Step: 4300000  Loss: 0.058472 Regul: 0.045355 Obj: 0.103827 (0.076053)  NNZ: 13 (8)  Ttime: 1.4010 Vtime: 0.0515
Step: 4400000  Loss: 0.101405 Regul: 0.066846 Obj: 0.168251 (0.076053)  NNZ: 17 (8)  Ttime: 1.4017 Vtime: 0.0516
Step: 4500000  Loss: 0.055711 Regul: 0.041541 Obj: 0.097251 (0.076053)  NNZ: 12 (8)  Ttime: 1.4013 Vtime: 0.0515
Step: 4600000  Loss: 0.054960 Regul: 0.031726 Obj: 0.086686 (0.076053)  NNZ: 13 (8)  Ttime: 1.4009 Vtime: 0.0513
Step: 4700000  Loss: 0.080761 Regul: 0.040564 Obj: 0.121325 (0.076053)  NNZ: 12 (8)  Ttime: 1.3964 Vtime: 0.0514
Step: 4800000  Loss: 0.054259 Regul: 0.032495 Obj: 0.086754 (0.076053)  NNZ: 9 (8)  Ttime: 1.4014 Vtime: 0.0510
Step: 4900000  Loss: 0.057970 Regul: 0.035480 Obj: 0.093449 (0.076053)  NNZ: 9 (8)  Ttime: 1.4024 Vtime: 0.0514
Step: 5000000  Loss: 0.075694 Regul: 0.016351 Obj: 0.092045 (0.076053)  NNZ: 9 (8)  Ttime: 1.3988 Vtime: 0.0516
Step: 5100000  Loss: 0.061197 Regul: 0.040265 Obj: 0.101462 (0.076053)  NNZ: 13 (8)  Ttime: 1.4012 Vtime: 0.0514
Step: 5200000  Loss: 0.068682 Regul: 0.044751 Obj: 0.113433 (0.076053)  NNZ: 13 (8)  Ttime: 1.4017 Vtime: 0.0521
Step: 5300000  Loss: 0.059730 Regul: 0.041504 Obj: 0.101234 (0.076053)  NNZ: 18 (8)  Ttime: 1.4003 Vtime: 0.0520
Step: 5400000  Loss: 0.060114 Regul: 0.030298 Obj: 0.090412 (0.076053)  NNZ: 8 (8)  Ttime: 1.4002 Vtime: 0.0518
Step: 5500000  Loss: 0.175941 Regul: 0.047046 Obj: 0.222987 (0.076053)  NNZ: 15 (8)  Ttime: 1.3987 Vtime: 0.0516
Step: 5600000  Loss: 0.070857 Regul: 0.022217 Obj: 0.093074 (0.076053)  NNZ: 8 (8)  Ttime: 1.4101 Vtime: 0.0513
Step: 5700000  Loss: 0.053622 Regul: 0.025256 Obj: 0.078879 (0.076053)  NNZ: 11 (8)  Ttime: 1.3979 Vtime: 0.0518
Step: 5800000  Loss: 0.052511 Regul: 0.039569 Obj: 0.092080 (0.076053)  NNZ: 13 (8)  Ttime: 1.4010 Vtime: 0.0516
Step: 5900000  Loss: 0.063955 Regul: 0.032233 Obj: 0.096188 (0.076053)  NNZ: 11 (8)  Ttime: 1.4058 Vtime: 0.0518
Step: 6000000  Loss: 0.064042 Regul: 0.040546 Obj: 0.104587 (0.076053)  NNZ: 13 (8)  Ttime: 1.3990 Vtime: 0.0509
Step: 6100000  Loss: 0.062965 Regul: 0.038251 Obj: 0.101216 (0.076053)  NNZ: 10 (8)  Ttime: 1.4068 Vtime: 0.0514
Step: 6200000  Loss: 0.064185 Regul: 0.026184 Obj: 0.090369 (0.076053)  NNZ: 10 (8)  Ttime: 1.4010 Vtime: 0.0517
Step: 6300000  Loss: 0.240653 Regul: 0.064185 Obj: 0.304837 (0.076053)  NNZ: 15 (8)  Ttime: 1.4058 Vtime: 0.0520
Step: 6400000  Loss: 0.060584 Regul: 0.027869 Obj: 0.088453 (0.076053)  NNZ: 10 (8)  Ttime: 1.4038 Vtime: 0.0505
Step: 6500000  Loss: 0.075431 Regul: 0.029169 Obj: 0.104600 (0.076053)  NNZ: 9 (8)  Ttime: 1.4021 Vtime: 0.0513
Step: 6600000  Loss: 0.062687 Regul: 0.020239 Obj: 0.082927 (0.076053)  NNZ: 8 (8)  Ttime: 1.4025 Vtime: 0.0517
Step: 6700000  Loss: 0.054175 Regul: 0.025317 Obj: 0.079493 (0.076053)  NNZ: 9 (8)  Ttime: 1.4022 Vtime: 0.0521
Step: 6800000  Loss: 0.055828 Regul: 0.034210 Obj: 0.090038 (0.076053)  NNZ: 10 (8)  Ttime: 1.4016 Vtime: 0.0512
Step: 6900000  Loss: 0.054607 Regul: 0.027405 Obj: 0.082011 (0.076053)  NNZ: 8 (8)  Ttime: 1.4006 Vtime: 0.0519
Step: 7000000  Loss: 0.110349 Regul: 0.032996 Obj: 0.143344 (0.076053)  NNZ: 14 (8)  Ttime: 1.3971 Vtime: 0.0518
Step: 7100000  Loss: 0.051816 Regul: 0.034509 Obj: 0.086326 (0.076053)  NNZ: 12 (8)  Ttime: 1.4010 Vtime: 0.0515
Step: 7200000  Loss: 0.058446 Regul: 0.035901 Obj: 0.094347 (0.076053)  NNZ: 11 (8)  Ttime: 1.4015 Vtime: 0.0509
Step: 7300000  Loss: 0.080747 Regul: 0.048260 Obj: 0.129008 (0.076053)  NNZ: 16 (8)  Ttime: 1.3996 Vtime: 0.0505
Step: 7400000  Loss: 0.063415 Regul: 0.028314 Obj: 0.091729 (0.076053)  NNZ: 13 (8)  Ttime: 1.3989 Vtime: 0.0513
Step: 7500000  Loss: 0.066671 Regul: 0.014801 Obj: 0.081472 (0.076053)  NNZ: 9 (8)  Ttime: 1.4018 Vtime: 0.0523
Step: 7600000  Loss: 0.060712 Regul: 0.022968 Obj: 0.083680 (0.076053)  NNZ: 6 (8)  Ttime: 1.3978 Vtime: 0.0510
Step: 7700000  Loss: 0.054816 Regul: 0.022375 Obj: 0.077192 (0.076053)  NNZ: 10 (8)  Ttime: 1.4026 Vtime: 0.0521
Best: 7800000  Loss: 0.050537 Regul: 0.023279 Obj: 0.073816 (0.073816)  NNZ: 9 (9)  Ttime: 1.4022 Vtime: 0.0518
Stat: nPR #68 (#72) Dim/MaxDim [544/640] AUC: 0.980588 FPR95: 9.74 [saved]
Step: 7900000  Loss: 0.079899 Regul: 0.019623 Obj: 0.099522 (0.073816)  NNZ: 9 (9)  Ttime: 1.4004 Vtime: 0.0515
Step: 8000000  Loss: 0.054993 Regul: 0.026160 Obj: 0.081153 (0.073816)  NNZ: 9 (9)  Ttime: 1.4061 Vtime: 0.0511
Step: 8100000  Loss: 0.052265 Regul: 0.025323 Obj: 0.077589 (0.073816)  NNZ: 12 (9)  Ttime: 1.4019 Vtime: 0.0522
Step: 8200000  Loss: 0.054230 Regul: 0.029651 Obj: 0.083880 (0.073816)  NNZ: 11 (9)  Ttime: 1.4018 Vtime: 0.0514
Step: 8300000  Loss: 0.065086 Regul: 0.022211 Obj: 0.087297 (0.073816)  NNZ: 9 (9)  Ttime: 1.4020 Vtime: 0.0512
Step: 8400000  Loss: 0.061859 Regul: 0.035175 Obj: 0.097033 (0.073816)  NNZ: 10 (9)  Ttime: 1.4006 Vtime: 0.0519
Step: 8500000  Loss: 0.056225 Regul: 0.037701 Obj: 0.093927 (0.073816)  NNZ: 12 (9)  Ttime: 1.3984 Vtime: 0.0510
Step: 8600000  Loss: 0.056955 Regul: 0.032965 Obj: 0.089920 (0.073816)  NNZ: 10 (9)  Ttime: 1.3979 Vtime: 0.0518
Step: 8700000  Loss: 0.065120 Regul: 0.025348 Obj: 0.090468 (0.073816)  NNZ: 10 (9)  Ttime: 1.4017 Vtime: 0.0516
Step: 8800000  Loss: 0.068743 Regul: 0.022430 Obj: 0.091174 (0.073816)  NNZ: 15 (9)  Ttime: 1.4031 Vtime: 0.0515
Step: 8900000  Loss: 0.105483 Regul: 0.040100 Obj: 0.145583 (0.073816)  NNZ: 14 (9)  Ttime: 1.4040 Vtime: 0.0510
Step: 9000000  Loss: 0.058693 Regul: 0.020380 Obj: 0.079072 (0.073816)  NNZ: 11 (9)  Ttime: 1.4045 Vtime: 0.0510
Step: 9100000  Loss: 0.061320 Regul: 0.019855 Obj: 0.081175 (0.073816)  NNZ: 8 (9)  Ttime: 1.4023 Vtime: 0.0522
Step: 9200000  Loss: 0.077817 Regul: 0.047778 Obj: 0.125596 (0.073816)  NNZ: 14 (9)  Ttime: 1.4032 Vtime: 0.0521
Step: 9300000  Loss: 0.058249 Regul: 0.029034 Obj: 0.087284 (0.073816)  NNZ: 9 (9)  Ttime: 1.4062 Vtime: 0.0513
Step: 9400000  Loss: 0.056512 Regul: 0.018561 Obj: 0.075073 (0.073816)  NNZ: 8 (9)  Ttime: 1.4066 Vtime: 0.0514
Step: 9500000  Loss: 0.067235 Regul: 0.031262 Obj: 0.098498 (0.073816)  NNZ: 12 (9)  Ttime: 1.4034 Vtime: 0.0524
Step: 9600000  Loss: 0.056461 Regul: 0.023547 Obj: 0.080008 (0.073816)  NNZ: 8 (9)  Ttime: 1.4023 Vtime: 0.0513
Step: 9700000  Loss: 0.052458 Regul: 0.021765 Obj: 0.074223 (0.073816)  NNZ: 10 (9)  Ttime: 1.4025 Vtime: 0.0515
Step: 9800000  Loss: 0.087779 Regul: 0.028479 Obj: 0.116258 (0.073816)  NNZ: 10 (9)  Ttime: 1.4003 Vtime: 0.0517
Step: 9900000  Loss: 0.069988 Regul: 0.032581 Obj: 0.102568 (0.073816)  NNZ: 12 (9)  Ttime: 1.4010 Vtime: 0.0513
Step: 10000000  Loss: 0.066550 Regul: 0.017200 Obj: 0.083750 (0.073816)  NNZ: 10 (9)  Ttime: 1.3982 Vtime: 0.0519
Best: 10100000  Loss: 0.050966 Regul: 0.020349 Obj: 0.071315 (0.071315)  NNZ: 9 (9)  Ttime: 1.4025 Vtime: 0.0513
Stat: nPR #64 (#72) Dim/MaxDim [512/640] AUC: 0.980763 FPR95: 9.90 [saved]
Step: 10200000  Loss: 0.055469 Regul: 0.020483 Obj: 0.075952 (0.071315)  NNZ: 8 (9)  Ttime: 1.4057 Vtime: 0.0516
Step: 10300000  Loss: 0.053947 Regul: 0.028906 Obj: 0.082853 (0.071315)  NNZ: 8 (9)  Ttime: 1.4003 Vtime: 0.0515
Step: 10400000  Loss: 0.058485 Regul: 0.020752 Obj: 0.079237 (0.071315)  NNZ: 10 (9)  Ttime: 1.4029 Vtime: 0.0510
Step: 10500000  Loss: 0.069055 Regul: 0.020276 Obj: 0.089331 (0.071315)  NNZ: 6 (9)  Ttime: 1.4046 Vtime: 0.0514
Step: 10600000  Loss: 0.052115 Regul: 0.023193 Obj: 0.075308 (0.071315)  NNZ: 10 (9)  Ttime: 1.4061 Vtime: 0.0516
Step: 10700000  Loss: 0.079505 Regul: 0.018140 Obj: 0.097645 (0.071315)  NNZ: 8 (9)  Ttime: 1.4063 Vtime: 0.0515
Step: 10800000  Loss: 0.056894 Regul: 0.030322 Obj: 0.087216 (0.071315)  NNZ: 14 (9)  Ttime: 1.4037 Vtime: 0.0520
Step: 10900000  Loss: 0.057924 Regul: 0.035913 Obj: 0.093837 (0.071315)  NNZ: 16 (9)  Ttime: 1.4074 Vtime: 0.0514
Step: 11000000  Loss: 0.066303 Regul: 0.033801 Obj: 0.100105 (0.071315)  NNZ: 16 (9)  Ttime: 1.4050 Vtime: 0.0517
Step: 11100000  Loss: 0.051022 Regul: 0.024170 Obj: 0.075192 (0.071315)  NNZ: 13 (9)  Ttime: 1.4064 Vtime: 0.0511
Step: 11200000  Loss: 0.058690 Regul: 0.025159 Obj: 0.083849 (0.071315)  NNZ: 12 (9)  Ttime: 1.4109 Vtime: 0.0520
Step: 11300000  Loss: 0.074381 Regul: 0.020276 Obj: 0.094656 (0.071315)  NNZ: 8 (9)  Ttime: 1.4034 Vtime: 0.0518
Step: 11400000  Loss: 0.053420 Regul: 0.023230 Obj: 0.076650 (0.071315)  NNZ: 12 (9)  Ttime: 1.4014 Vtime: 0.0508
Step: 11500000  Loss: 0.072623 Regul: 0.031726 Obj: 0.104349 (0.071315)  NNZ: 10 (9)  Ttime: 1.3977 Vtime: 0.0514
Step: 11600000  Loss: 0.052168 Regul: 0.028503 Obj: 0.080672 (0.071315)  NNZ: 13 (9)  Ttime: 1.4009 Vtime: 0.0518
Step: 11700000  Loss: 0.071984 Regul: 0.039038 Obj: 0.111022 (0.071315)  NNZ: 15 (9)  Ttime: 1.4032 Vtime: 0.0512
Step: 11800000  Loss: 0.054836 Regul: 0.030078 Obj: 0.084914 (0.071315)  NNZ: 21 (9)  Ttime: 1.3991 Vtime: 0.0518
Step: 11900000  Loss: 0.055227 Regul: 0.037622 Obj: 0.092849 (0.071315)  NNZ: 13 (9)  Ttime: 1.4054 Vtime: 0.0522
Step: 12000000  Loss: 0.068206 Regul: 0.033643 Obj: 0.101848 (0.071315)  NNZ: 17 (9)  Ttime: 1.4012 Vtime: 0.0511
Step: 12100000  Loss: 0.058272 Regul: 0.023950 Obj: 0.082223 (0.071315)  NNZ: 14 (9)  Ttime: 1.4028 Vtime: 0.0513
Step: 12200000  Loss: 0.071147 Regul: 0.024023 Obj: 0.095171 (0.071315)  NNZ: 14 (9)  Ttime: 1.4025 Vtime: 0.0512
Step: 12300000  Loss: 0.060017 Regul: 0.020532 Obj: 0.080549 (0.071315)  NNZ: 8 (9)  Ttime: 1.4061 Vtime: 0.0511
Step: 12400000  Loss: 0.051004 Regul: 0.028955 Obj: 0.079959 (0.071315)  NNZ: 13 (9)  Ttime: 1.4005 Vtime: 0.0524
Step: 12500000  Loss: 0.060587 Regul: 0.017493 Obj: 0.078079 (0.071315)  NNZ: 7 (9)  Ttime: 1.4033 Vtime: 0.0514
Step: 12600000  Loss: 0.067416 Regul: 0.044141 Obj: 0.111557 (0.071315)  NNZ: 12 (9)  Ttime: 1.4080 Vtime: 0.0515
Step: 12700000  Loss: 0.061062 Regul: 0.034229 Obj: 0.095290 (0.071315)  NNZ: 14 (9)  Ttime: 1.4032 Vtime: 0.0520
Step: 12800000  Loss: 0.063412 Regul: 0.049622 Obj: 0.113034 (0.071315)  NNZ: 15 (9)  Ttime: 1.4013 Vtime: 0.0512
Step: 12900000  Loss: 0.068488 Regul: 0.033081 Obj: 0.101569 (0.071315)  NNZ: 13 (9)  Ttime: 1.4038 Vtime: 0.0514
Step: 13000000  Loss: 0.058636 Regul: 0.025146 Obj: 0.083783 (0.071315)  NNZ: 14 (9)  Ttime: 1.4028 Vtime: 0.0520
Step: 13100000  Loss: 0.052369 Regul: 0.026111 Obj: 0.078479 (0.071315)  NNZ: 10 (9)  Ttime: 1.4056 Vtime: 0.0514
Step: 13200000  Loss: 0.058146 Regul: 0.026819 Obj: 0.084965 (0.071315)  NNZ: 11 (9)  Ttime: 1.4049 Vtime: 0.0514
Step: 13300000  Loss: 0.054183 Regul: 0.026440 Obj: 0.080624 (0.071315)  NNZ: 15 (9)  Ttime: 1.4043 Vtime: 0.0512
Step: 13400000  Loss: 0.060890 Regul: 0.028796 Obj: 0.089686 (0.071315)  NNZ: 17 (9)  Ttime: 1.4086 Vtime: 0.0519
Step: 13500000  Loss: 0.065751 Regul: 0.024658 Obj: 0.090409 (0.071315)  NNZ: 10 (9)  Ttime: 1.4048 Vtime: 0.0515
Step: 13600000  Loss: 0.056918 Regul: 0.022046 Obj: 0.078963 (0.071315)  NNZ: 12 (9)  Ttime: 1.4058 Vtime: 0.0519
Step: 13700000  Loss: 0.054207 Regul: 0.025293 Obj: 0.079500 (0.071315)  NNZ: 12 (9)  Ttime: 1.4028 Vtime: 0.0517
Step: 13800000  Loss: 0.056654 Regul: 0.021570 Obj: 0.078224 (0.071315)  NNZ: 13 (9)  Ttime: 1.3982 Vtime: 0.0519
Step: 13900000  Loss: 0.057047 Regul: 0.030981 Obj: 0.088028 (0.071315)  NNZ: 15 (9)  Ttime: 1.4008 Vtime: 0.0513
Step: 14000000  Loss: 0.068532 Regul: 0.029016 Obj: 0.097548 (0.071315)  NNZ: 11 (9)  Ttime: 1.4051 Vtime: 0.0514
Step: 14100000  Loss: 0.065904 Regul: 0.024414 Obj: 0.090318 (0.071315)  NNZ: 10 (9)  Ttime: 1.4019 Vtime: 0.0516
Step: 14200000  Loss: 0.056713 Regul: 0.026917 Obj: 0.083630 (0.071315)  NNZ: 10 (9)  Ttime: 1.4034 Vtime: 0.0515
Step: 14300000  Loss: 0.057309 Regul: 0.018457 Obj: 0.075766 (0.071315)  NNZ: 11 (9)  Ttime: 1.4008 Vtime: 0.0515
Step: 14400000  Loss: 0.057718 Regul: 0.034241 Obj: 0.091958 (0.071315)  NNZ: 12 (9)  Ttime: 1.4046 Vtime: 0.0511
Step: 14500000  Loss: 0.053982 Regul: 0.029395 Obj: 0.083377 (0.071315)  NNZ: 14 (9)  Ttime: 1.4048 Vtime: 0.0512
Step: 14600000  Loss: 0.053980 Regul: 0.027783 Obj: 0.081764 (0.071315)  NNZ: 12 (9)  Ttime: 1.3983 Vtime: 0.0514
Step: 14700000  Loss: 0.056698 Regul: 0.037439 Obj: 0.094137 (0.071315)  NNZ: 14 (9)  Ttime: 1.4012 Vtime: 0.0516
Step: 14800000  Loss: 0.054857 Regul: 0.024792 Obj: 0.079649 (0.071315)  NNZ: 8 (9)  Ttime: 1.3966 Vtime: 0.0512
Step: 14900000  Loss: 0.092921 Regul: 0.034192 Obj: 0.127113 (0.071315)  NNZ: 14 (9)  Ttime: 1.3973 Vtime: 0.0524
Step: 15000000  Loss: 0.053828 Regul: 0.032910 Obj: 0.086738 (0.071315)  NNZ: 17 (9)  Ttime: 1.4088 Vtime: 0.0514
Step: 15100000  Loss: 0.053212 Regul: 0.030493 Obj: 0.083705 (0.071315)  NNZ: 12 (9)  Ttime: 1.4004 Vtime: 0.0514
Step: 15200000  Loss: 0.066427 Regul: 0.017432 Obj: 0.083858 (0.071315)  NNZ: 7 (9)  Ttime: 1.4015 Vtime: 0.0513
Step: 15300000  Loss: 0.055355 Regul: 0.039929 Obj: 0.095284 (0.071315)  NNZ: 19 (9)  Ttime: 1.4006 Vtime: 0.0512
Step: 15400000  Loss: 0.058039 Regul: 0.029443 Obj: 0.087482 (0.071315)  NNZ: 16 (9)  Ttime: 1.3999 Vtime: 0.0510
Step: 15500000  Loss: 0.080900 Regul: 0.033325 Obj: 0.114225 (0.071315)  NNZ: 18 (9)  Ttime: 1.3985 Vtime: 0.0519
Step: 15600000  Loss: 0.141318 Regul: 0.037598 Obj: 0.178916 (0.071315)  NNZ: 17 (9)  Ttime: 1.4069 Vtime: 0.0519
Step: 15700000  Loss: 0.101590 Regul: 0.041394 Obj: 0.142984 (0.071315)  NNZ: 17 (9)  Ttime: 1.4052 Vtime: 0.0515
Step: 15800000  Loss: 0.064482 Regul: 0.021362 Obj: 0.085844 (0.071315)  NNZ: 11 (9)  Ttime: 1.4023 Vtime: 0.0510
Step: 15900000  Loss: 0.064480 Regul: 0.030042 Obj: 0.094521 (0.071315)  NNZ: 15 (9)  Ttime: 1.4019 Vtime: 0.0512
Step: 16000000  Loss: 0.055874 Regul: 0.032751 Obj: 0.088625 (0.071315)  NNZ: 17 (9)  Ttime: 1.4012 Vtime: 0.0510
Step: 16100000  Loss: 0.082500 Regul: 0.013269 Obj: 0.095769 (0.071315)  NNZ: 7 (9)  Ttime: 1.3993 Vtime: 0.0514
Step: 16200000  Loss: 0.067869 Regul: 0.028113 Obj: 0.095982 (0.071315)  NNZ: 10 (9)  Ttime: 1.4005 Vtime: 0.0514
Step: 16300000  Loss: 0.055863 Regul: 0.022974 Obj: 0.078837 (0.071315)  NNZ: 11 (9)  Ttime: 1.3968 Vtime: 0.0518
Step: 16400000  Loss: 0.054306 Regul: 0.025732 Obj: 0.080038 (0.071315)  NNZ: 15 (9)  Ttime: 1.3985 Vtime: 0.0516
Step: 16500000  Loss: 0.057667 Regul: 0.019080 Obj: 0.076747 (0.071315)  NNZ: 15 (9)  Ttime: 1.3961 Vtime: 0.0516
Step: 16600000  Loss: 0.052952 Regul: 0.034705 Obj: 0.087656 (0.071315)  NNZ: 15 (9)  Ttime: 1.3984 Vtime: 0.0515
Step: 16700000  Loss: 0.067777 Regul: 0.020154 Obj: 0.087931 (0.071315)  NNZ: 10 (9)  Ttime: 1.4053 Vtime: 0.0518
Step: 16800000  Loss: 0.060433 Regul: 0.026025 Obj: 0.086459 (0.071315)  NNZ: 16 (9)  Ttime: 1.3985 Vtime: 0.0517
Step: 16900000  Loss: 0.052658 Regul: 0.020569 Obj: 0.073227 (0.071315)  NNZ: 10 (9)  Ttime: 1.4021 Vtime: 0.0517
Step: 17000000  Loss: 0.073760 Regul: 0.012085 Obj: 0.085845 (0.071315)  NNZ: 8 (9)  Ttime: 1.4022 Vtime: 0.0518
Step: 17100000  Loss: 0.057157 Regul: 0.026221 Obj: 0.083378 (0.071315)  NNZ: 12 (9)  Ttime: 1.4056 Vtime: 0.0510
Step: 17200000  Loss: 0.065369 Regul: 0.029712 Obj: 0.095081 (0.071315)  NNZ: 13 (9)  Ttime: 1.4013 Vtime: 0.0512
Step: 17300000  Loss: 0.057405 Regul: 0.024414 Obj: 0.081819 (0.071315)  NNZ: 13 (9)  Ttime: 1.4001 Vtime: 0.0515
Step: 17400000  Loss: 0.053333 Regul: 0.029932 Obj: 0.083264 (0.071315)  NNZ: 18 (9)  Ttime: 1.4039 Vtime: 0.0510
Step: 17500000  Loss: 0.050581 Regul: 0.026184 Obj: 0.076765 (0.071315)  NNZ: 12 (9)  Ttime: 1.4006 Vtime: 0.0512
Step: 17600000  Loss: 0.052892 Regul: 0.027380 Obj: 0.080272 (0.071315)  NNZ: 11 (9)  Ttime: 1.3981 Vtime: 0.0522
Step: 17700000  Loss: 0.054599 Regul: 0.028992 Obj: 0.083591 (0.071315)  NNZ: 20 (9)  Ttime: 1.4007 Vtime: 0.0517
Step: 17800000  Loss: 0.184535 Regul: 0.041431 Obj: 0.225966 (0.071315)  NNZ: 16 (9)  Ttime: 1.4069 Vtime: 0.0510
Step: 17900000  Loss: 0.071338 Regul: 0.021179 Obj: 0.092518 (0.071315)  NNZ: 17 (9)  Ttime: 1.4050 Vtime: 0.0520
Step: 18000000  Loss: 0.052863 Regul: 0.024341 Obj: 0.077203 (0.071315)  NNZ: 14 (9)  Ttime: 1.4008 Vtime: 0.0516
Step: 18100000  Loss: 0.057890 Regul: 0.022107 Obj: 0.079997 (0.071315)  NNZ: 11 (9)  Ttime: 1.4021 Vtime: 0.0516
Step: 18200000  Loss: 0.055269 Regul: 0.034253 Obj: 0.089522 (0.071315)  NNZ: 18 (9)  Ttime: 1.4084 Vtime: 0.0516
Step: 18300000  Loss: 0.066601 Regul: 0.035046 Obj: 0.101648 (0.071315)  NNZ: 18 (9)  Ttime: 1.4049 Vtime: 0.0517
Step: 18400000  Loss: 0.070073 Regul: 0.016956 Obj: 0.087029 (0.071315)  NNZ: 12 (9)  Ttime: 1.3979 Vtime: 0.0516
Step: 18500000  Loss: 0.062102 Regul: 0.020825 Obj: 0.082927 (0.071315)  NNZ: 13 (9)  Ttime: 1.4058 Vtime: 0.0514
Step: 18600000  Loss: 0.075771 Regul: 0.024548 Obj: 0.100320 (0.071315)  NNZ: 14 (9)  Ttime: 1.4055 Vtime: 0.0511
Step: 18700000  Loss: 0.080401 Regul: 0.024072 Obj: 0.104473 (0.071315)  NNZ: 10 (9)  Ttime: 1.4022 Vtime: 0.0514
Step: 18800000  Loss: 0.061210 Regul: 0.023901 Obj: 0.085111 (0.071315)  NNZ: 10 (9)  Ttime: 1.4091 Vtime: 0.0523
Step: 18900000  Loss: 0.052673 Regul: 0.021936 Obj: 0.074610 (0.071315)  NNZ: 12 (9)  Ttime: 1.4062 Vtime: 0.0520
Step: 19000000  Loss: 0.065051 Regul: 0.021948 Obj: 0.086999 (0.071315)  NNZ: 11 (9)  Ttime: 1.4065 Vtime: 0.0515
Step: 19100000  Loss: 0.057000 Regul: 0.039514 Obj: 0.096514 (0.071315)  NNZ: 17 (9)  Ttime: 1.4084 Vtime: 0.0511
Step: 19200000  Loss: 0.055809 Regul: 0.025305 Obj: 0.081115 (0.071315)  NNZ: 13 (9)  Ttime: 1.4046 Vtime: 0.0513
Step: 19300000  Loss: 0.057945 Regul: 0.023743 Obj: 0.081688 (0.071315)  NNZ: 10 (9)  Ttime: 1.4025 Vtime: 0.0517
Step: 19400000  Loss: 0.070778 Regul: 0.013586 Obj: 0.084364 (0.071315)  NNZ: 10 (9)  Ttime: 1.4022 Vtime: 0.0511
Step: 19500000  Loss: 0.079483 Regul: 0.046594 Obj: 0.126077 (0.071315)  NNZ: 19 (9)  Ttime: 1.4038 Vtime: 0.0513
Step: 19600000  Loss: 0.052858 Regul: 0.020203 Obj: 0.073060 (0.071315)  NNZ: 14 (9)  Ttime: 1.4041 Vtime: 0.0515
Step: 19700000  Loss: 0.069337 Regul: 0.028369 Obj: 0.097707 (0.071315)  NNZ: 13 (9)  Ttime: 1.4047 Vtime: 0.0513
Step: 19800000  Loss: 0.050176 Regul: 0.027209 Obj: 0.077386 (0.071315)  NNZ: 14 (9)  Ttime: 1.4059 Vtime: 0.0512
Step: 19900000  Loss: 0.050891 Regul: 0.028284 Obj: 0.079175 (0.071315)  NNZ: 12 (9)  Ttime: 1.4061 Vtime: 0.0518
Step: 20000000  Loss: 0.054810 Regul: 0.020007 Obj: 0.074817 (0.071315)  NNZ: 12 (9)  Ttime: 1.4034 Vtime: 0.0514
Step: 20100000  Loss: 0.054517 Regul: 0.025574 Obj: 0.080090 (0.071315)  NNZ: 14 (9)  Ttime: 1.4056 Vtime: 0.0513
Step: 20200000  Loss: 0.060621 Regul: 0.026868 Obj: 0.087489 (0.071315)  NNZ: 14 (9)  Ttime: 1.4054 Vtime: 0.0514
Step: 20300000  Loss: 0.052035 Regul: 0.025012 Obj: 0.077047 (0.071315)  NNZ: 15 (9)  Ttime: 1.4058 Vtime: 0.0518
Step: 20400000  Loss: 0.072160 Regul: 0.023474 Obj: 0.095634 (0.071315)  NNZ: 11 (9)  Ttime: 1.4016 Vtime: 0.0523
Step: 20500000  Loss: 0.094973 Regul: 0.029907 Obj: 0.124881 (0.071315)  NNZ: 17 (9)  Ttime: 1.4040 Vtime: 0.0517
Step: 20600000  Loss: 0.070159 Regul: 0.014209 Obj: 0.084368 (0.071315)  NNZ: 12 (9)  Ttime: 1.3997 Vtime: 0.0510
Step: 20700000  Loss: 0.063888 Regul: 0.016565 Obj: 0.080453 (0.071315)  NNZ: 8 (9)  Ttime: 1.4027 Vtime: 0.0511
Step: 20800000  Loss: 0.060216 Regul: 0.030554 Obj: 0.090770 (0.071315)  NNZ: 14 (9)  Ttime: 1.4008 Vtime: 0.0525
Step: 20900000  Loss: 0.067698 Regul: 0.018506 Obj: 0.086203 (0.071315)  NNZ: 11 (9)  Ttime: 1.4051 Vtime: 0.0516
Step: 21000000  Loss: 0.059811 Regul: 0.021558 Obj: 0.081368 (0.071315)  NNZ: 10 (9)  Ttime: 1.3990 Vtime: 0.0518
Step: 21100000  Loss: 0.055111 Regul: 0.018152 Obj: 0.073263 (0.071315)  NNZ: 13 (9)  Ttime: 1.4052 Vtime: 0.0519
Step: 21200000  Loss: 0.061328 Regul: 0.025110 Obj: 0.086438 (0.071315)  NNZ: 12 (9)  Ttime: 1.4042 Vtime: 0.0507
Step: 21300000  Loss: 0.059986 Regul: 0.021484 Obj: 0.081471 (0.071315)  NNZ: 11 (9)  Ttime: 1.4060 Vtime: 0.0512
Step: 21400000  Loss: 0.077051 Regul: 0.025317 Obj: 0.102368 (0.071315)  NNZ: 9 (9)  Ttime: 1.4006 Vtime: 0.0516
Step: 21500000  Loss: 0.053427 Regul: 0.030322 Obj: 0.083749 (0.071315)  NNZ: 17 (9)  Ttime: 1.4037 Vtime: 0.0521
Step: 21600000  Loss: 0.066710 Regul: 0.023010 Obj: 0.089720 (0.071315)  NNZ: 13 (9)  Ttime: 1.4038 Vtime: 0.0523
Step: 21700000  Loss: 0.057018 Regul: 0.022986 Obj: 0.080003 (0.071315)  NNZ: 14 (9)  Ttime: 1.4022 Vtime: 0.0513
Best: 21800000  Loss: 0.051686 Regul: 0.019312 Obj: 0.070997 (0.070997)  NNZ: 11 (11)  Ttime: 1.4032 Vtime: 0.0525
Stat: nPR #80 (#88) Dim/MaxDim [640/640] AUC: 0.980728 FPR95: 10.16 [saved]
Step: 21900000  Loss: 0.059721 Regul: 0.016223 Obj: 0.075944 (0.070997)  NNZ: 6 (11)  Ttime: 1.4035 Vtime: 0.0516
Step: 22000000  Loss: 0.090501 Regul: 0.015723 Obj: 0.106223 (0.070997)  NNZ: 12 (11)  Ttime: 1.3987 Vtime: 0.0518
Step: 22100000  Loss: 0.103424 Regul: 0.009851 Obj: 0.113275 (0.070997)  NNZ: 6 (11)  Ttime: 1.4039 Vtime: 0.0517
Step: 22200000  Loss: 0.055899 Regul: 0.022156 Obj: 0.078055 (0.070997)  NNZ: 12 (11)  Ttime: 1.4054 Vtime: 0.0511
Step: 22300000  Loss: 0.052830 Regul: 0.024048 Obj: 0.076878 (0.070997)  NNZ: 11 (11)  Ttime: 1.3999 Vtime: 0.0513
Step: 22400000  Loss: 0.056803 Regul: 0.018335 Obj: 0.075138 (0.070997)  NNZ: 11 (11)  Ttime: 1.4031 Vtime: 0.0510
Step: 22500000  Loss: 0.072477 Regul: 0.013367 Obj: 0.085844 (0.070997)  NNZ: 8 (11)  Ttime: 1.4009 Vtime: 0.0517
Step: 22600000  Loss: 0.061164 Regul: 0.016614 Obj: 0.077778 (0.070997)  NNZ: 7 (11)  Ttime: 1.4006 Vtime: 0.0522
Step: 22700000  Loss: 0.060446 Regul: 0.021375 Obj: 0.081820 (0.070997)  NNZ: 9 (11)  Ttime: 1.3958 Vtime: 0.0520
Step: 22800000  Loss: 0.070553 Regul: 0.015564 Obj: 0.086117 (0.070997)  NNZ: 12 (11)  Ttime: 1.3982 Vtime: 0.0510
Step: 22900000  Loss: 0.064980 Regul: 0.015271 Obj: 0.080251 (0.070997)  NNZ: 9 (11)  Ttime: 1.4031 Vtime: 0.0506
Step: 23000000  Loss: 0.060271 Regul: 0.024976 Obj: 0.085246 (0.070997)  NNZ: 10 (11)  Ttime: 1.4012 Vtime: 0.0519
Step: 23100000  Loss: 0.053564 Regul: 0.021863 Obj: 0.075427 (0.070997)  NNZ: 12 (11)  Ttime: 1.4095 Vtime: 0.0521
Step: 23200000  Loss: 0.077119 Regul: 0.014514 Obj: 0.091633 (0.070997)  NNZ: 9 (11)  Ttime: 1.4045 Vtime: 0.0513
Step: 23300000  Loss: 0.049270 Regul: 0.023022 Obj: 0.072292 (0.070997)  NNZ: 13 (11)  Ttime: 1.3977 Vtime: 0.0511
Step: 23400000  Loss: 0.054176 Regul: 0.020422 Obj: 0.074599 (0.070997)  NNZ: 12 (11)  Ttime: 1.4009 Vtime: 0.0515
Step: 23500000  Loss: 0.060878 Regul: 0.020996 Obj: 0.081874 (0.070997)  NNZ: 14 (11)  Ttime: 1.4024 Vtime: 0.0515
Step: 23600000  Loss: 0.056150 Regul: 0.025269 Obj: 0.081418 (0.070997)  NNZ: 14 (11)  Ttime: 1.4036 Vtime: 0.0513
Step: 23700000  Loss: 0.054407 Regul: 0.021533 Obj: 0.075940 (0.070997)  NNZ: 11 (11)  Ttime: 1.4038 Vtime: 0.0519
Step: 23800000  Loss: 0.066577 Regul: 0.033203 Obj: 0.099780 (0.070997)  NNZ: 15 (11)  Ttime: 1.4027 Vtime: 0.0515
Step: 23900000  Loss: 0.053835 Regul: 0.025745 Obj: 0.079580 (0.070997)  NNZ: 14 (11)  Ttime: 1.4048 Vtime: 0.0516
Step: 24000000  Loss: 0.053460 Regul: 0.030286 Obj: 0.083746 (0.070997)  NNZ: 13 (11)  Ttime: 1.4026 Vtime: 0.0513
Step: 24100000  Loss: 0.105071 Regul: 0.016675 Obj: 0.121746 (0.070997)  NNZ: 10 (11)  Ttime: 1.4046 Vtime: 0.0515
Step: 24200000  Loss: 0.052852 Regul: 0.026062 Obj: 0.078914 (0.070997)  NNZ: 13 (11)  Ttime: 1.4024 Vtime: 0.0513
Step: 24300000  Loss: 0.060739 Regul: 0.022083 Obj: 0.082821 (0.070997)  NNZ: 10 (11)  Ttime: 1.4060 Vtime: 0.0509
Step: 24400000  Loss: 0.071344 Regul: 0.027771 Obj: 0.099115 (0.070997)  NNZ: 13 (11)  Ttime: 1.4060 Vtime: 0.0516
Step: 24500000  Loss: 0.054431 Regul: 0.032080 Obj: 0.086511 (0.070997)  NNZ: 14 (11)  Ttime: 1.4026 Vtime: 0.0512
Step: 24600000  Loss: 0.063196 Regul: 0.018225 Obj: 0.081421 (0.070997)  NNZ: 12 (11)  Ttime: 1.4042 Vtime: 0.0517
Step: 24700000  Loss: 0.063582 Regul: 0.028418 Obj: 0.092000 (0.070997)  NNZ: 15 (11)  Ttime: 1.4056 Vtime: 0.0516
Step: 24800000  Loss: 0.054153 Regul: 0.019983 Obj: 0.074136 (0.070997)  NNZ: 12 (11)  Ttime: 1.4057 Vtime: 0.0514
Step: 24900000  Loss: 0.053316 Regul: 0.031311 Obj: 0.084627 (0.070997)  NNZ: 14 (11)  Ttime: 1.4024 Vtime: 0.0506
Step: 25000000  Loss: 0.052861 Regul: 0.019470 Obj: 0.072332 (0.070997)  NNZ: 14 (11)  Ttime: 1.4068 Vtime: 0.0516
Step: 25100000  Loss: 0.056431 Regul: 0.023071 Obj: 0.079503 (0.070997)  NNZ: 11 (11)  Ttime: 1.3988 Vtime: 0.0519
Step: 25200000  Loss: 0.059384 Regul: 0.021436 Obj: 0.080819 (0.070997)  NNZ: 9 (11)  Ttime: 1.4001 Vtime: 0.0509
Step: 25300000  Loss: 0.059291 Regul: 0.017688 Obj: 0.076979 (0.070997)  NNZ: 8 (11)  Ttime: 1.4032 Vtime: 0.0519
Step: 25400000  Loss: 0.070689 Regul: 0.025391 Obj: 0.096080 (0.070997)  NNZ: 17 (11)  Ttime: 1.4057 Vtime: 0.0515
Step: 25500000  Loss: 0.051705 Regul: 0.024585 Obj: 0.076290 (0.070997)  NNZ: 12 (11)  Ttime: 1.4010 Vtime: 0.0515
Step: 25600000  Loss: 0.067641 Regul: 0.021619 Obj: 0.089260 (0.070997)  NNZ: 10 (11)  Ttime: 1.4074 Vtime: 0.0518
Step: 25700000  Loss: 0.079632 Regul: 0.011938 Obj: 0.091570 (0.070997)  NNZ: 8 (11)  Ttime: 1.4066 Vtime: 0.0521
Step: 25800000  Loss: 0.059499 Regul: 0.021228 Obj: 0.080727 (0.070997)  NNZ: 10 (11)  Ttime: 1.4078 Vtime: 0.0518
Step: 25900000  Loss: 0.059812 Regul: 0.018591 Obj: 0.078403 (0.070997)  NNZ: 16 (11)  Ttime: 1.4031 Vtime: 0.0514
Step: 26000000  Loss: 0.059825 Regul: 0.016125 Obj: 0.075950 (0.070997)  NNZ: 12 (11)  Ttime: 1.4059 Vtime: 0.0515
Step: 26100000  Loss: 0.051655 Regul: 0.025720 Obj: 0.077375 (0.070997)  NNZ: 11 (11)  Ttime: 1.4017 Vtime: 0.0511
Step: 26200000  Loss: 0.054425 Regul: 0.022656 Obj: 0.077081 (0.070997)  NNZ: 12 (11)  Ttime: 1.4056 Vtime: 0.0517
Step: 26300000  Loss: 0.058056 Regul: 0.015881 Obj: 0.073937 (0.070997)  NNZ: 11 (11)  Ttime: 1.4037 Vtime: 0.0510
Step: 26400000  Loss: 0.053877 Regul: 0.020068 Obj: 0.073945 (0.070997)  NNZ: 12 (11)  Ttime: 1.3993 Vtime: 0.0515
Step: 26500000  Loss: 0.053053 Regul: 0.019629 Obj: 0.072681 (0.070997)  NNZ: 10 (11)  Ttime: 1.4032 Vtime: 0.0515
Step: 26600000  Loss: 0.052045 Regul: 0.023792 Obj: 0.075836 (0.070997)  NNZ: 16 (11)  Ttime: 1.4005 Vtime: 0.0513
Step: 26700000  Loss: 0.053265 Regul: 0.018225 Obj: 0.071490 (0.070997)  NNZ: 14 (11)  Ttime: 1.4085 Vtime: 0.0509
Step: 26800000  Loss: 0.069608 Regul: 0.013062 Obj: 0.082669 (0.070997)  NNZ: 11 (11)  Ttime: 1.4042 Vtime: 0.0514
Step: 26900000  Loss: 0.052652 Regul: 0.021777 Obj: 0.074429 (0.070997)  NNZ: 12 (11)  Ttime: 1.4002 Vtime: 0.0515
Step: 27000000  Loss: 0.052330 Regul: 0.020239 Obj: 0.072569 (0.070997)  NNZ: 12 (11)  Ttime: 1.3983 Vtime: 0.0506
Step: 27100000  Loss: 0.055380 Regul: 0.023718 Obj: 0.079098 (0.070997)  NNZ: 13 (11)  Ttime: 1.4001 Vtime: 0.0514
Step: 27200000  Loss: 0.058354 Regul: 0.017175 Obj: 0.075530 (0.070997)  NNZ: 13 (11)  Ttime: 1.4028 Vtime: 0.0511
Step: 27300000  Loss: 0.059607 Regul: 0.016797 Obj: 0.076404 (0.070997)  NNZ: 12 (11)  Ttime: 1.4025 Vtime: 0.0516
Step: 27400000  Loss: 0.083807 Regul: 0.011035 Obj: 0.094842 (0.070997)  NNZ: 7 (11)  Ttime: 1.4046 Vtime: 0.0516
Step: 27500000  Loss: 0.068861 Regul: 0.019592 Obj: 0.088454 (0.070997)  NNZ: 10 (11)  Ttime: 1.4053 Vtime: 0.0514
Step: 27600000  Loss: 0.068831 Regul: 0.021777 Obj: 0.090608 (0.070997)  NNZ: 11 (11)  Ttime: 1.4074 Vtime: 0.0513
Step: 27700000  Loss: 0.073748 Regul: 0.013000 Obj: 0.086749 (0.070997)  NNZ: 8 (11)  Ttime: 1.4062 Vtime: 0.0512
Step: 27800000  Loss: 0.060750 Regul: 0.018127 Obj: 0.078878 (0.070997)  NNZ: 10 (11)  Ttime: 1.4240 Vtime: 0.0519
Step: 27900000  Loss: 0.061005 Regul: 0.015405 Obj: 0.076410 (0.070997)  NNZ: 12 (11)  Ttime: 1.4055 Vtime: 0.0512
Step: 28000000  Loss: 0.055097 Regul: 0.018860 Obj: 0.073957 (0.070997)  NNZ: 11 (11)  Ttime: 1.4068 Vtime: 0.0515
Step: 28100000  Loss: 0.055472 Regul: 0.028247 Obj: 0.083719 (0.070997)  NNZ: 19 (11)  Ttime: 1.4013 Vtime: 0.0513
Step: 28200000  Loss: 0.052383 Regul: 0.021362 Obj: 0.073746 (0.070997)  NNZ: 12 (11)  Ttime: 1.4009 Vtime: 0.0526
Step: 28300000  Loss: 0.055530 Regul: 0.019678 Obj: 0.075208 (0.070997)  NNZ: 9 (11)  Ttime: 1.3937 Vtime: 0.0516
Step: 28400000  Loss: 0.075175 Regul: 0.027649 Obj: 0.102824 (0.070997)  NNZ: 21 (11)  Ttime: 1.4039 Vtime: 0.0513
Step: 28500000  Loss: 0.055506 Regul: 0.019836 Obj: 0.075343 (0.070997)  NNZ: 11 (11)  Ttime: 1.4062 Vtime: 0.0516
Step: 28600000  Loss: 0.063020 Regul: 0.013550 Obj: 0.076570 (0.070997)  NNZ: 10 (11)  Ttime: 1.3999 Vtime: 0.0518
Step: 28700000  Loss: 0.054251 Regul: 0.018518 Obj: 0.072769 (0.070997)  NNZ: 14 (11)  Ttime: 1.4018 Vtime: 0.0523
Step: 28800000  Loss: 0.053108 Regul: 0.027307 Obj: 0.080415 (0.070997)  NNZ: 17 (11)  Ttime: 1.4046 Vtime: 0.0514
Step: 28900000  Loss: 0.050883 Regul: 0.025330 Obj: 0.076212 (0.070997)  NNZ: 15 (11)  Ttime: 1.4034 Vtime: 0.0509
Step: 29000000  Loss: 0.056973 Regul: 0.017212 Obj: 0.074185 (0.070997)  NNZ: 11 (11)  Ttime: 1.4033 Vtime: 0.0510
Step: 29100000  Loss: 0.061778 Regul: 0.014270 Obj: 0.076048 (0.070997)  NNZ: 6 (11)  Ttime: 1.4052 Vtime: 0.0512
Step: 29200000  Loss: 0.081972 Regul: 0.023413 Obj: 0.105385 (0.070997)  NNZ: 17 (11)  Ttime: 1.4018 Vtime: 0.0523
Step: 29300000  Loss: 0.062785 Regul: 0.019812 Obj: 0.082597 (0.070997)  NNZ: 11 (11)  Ttime: 1.4029 Vtime: 0.0514
Step: 29400000  Loss: 0.070457 Regul: 0.015894 Obj: 0.086350 (0.070997)  NNZ: 9 (11)  Ttime: 1.4030 Vtime: 0.0514
Step: 29500000  Loss: 0.077615 Regul: 0.019678 Obj: 0.097293 (0.070997)  NNZ: 14 (11)  Ttime: 1.4002 Vtime: 0.0515
Step: 29600000  Loss: 0.057532 Regul: 0.016968 Obj: 0.074499 (0.070997)  NNZ: 9 (11)  Ttime: 1.4036 Vtime: 0.0511
Step: 29700000  Loss: 0.087484 Regul: 0.012561 Obj: 0.100045 (0.070997)  NNZ: 7 (11)  Ttime: 1.4028 Vtime: 0.0512
Step: 29800000  Loss: 0.060572 Regul: 0.016614 Obj: 0.077185 (0.070997)  NNZ: 12 (11)  Ttime: 1.4043 Vtime: 0.0521
Step: 29900000  Loss: 0.073719 Regul: 0.011682 Obj: 0.085401 (0.070997)  NNZ: 9 (11)  Ttime: 1.4084 Vtime: 0.0517
Step: 30000000  Loss: 0.058236 Regul: 0.017322 Obj: 0.075558 (0.070997)  NNZ: 13 (11)  Ttime: 1.4032 Vtime: 0.0511
Step: 30100000  Loss: 0.058063 Regul: 0.022925 Obj: 0.080987 (0.070997)  NNZ: 13 (11)  Ttime: 1.4083 Vtime: 0.0509
Step: 30200000  Loss: 0.069602 Regul: 0.014648 Obj: 0.084251 (0.070997)  NNZ: 9 (11)  Ttime: 1.3965 Vtime: 0.0510
Step: 30300000  Loss: 0.076861 Regul: 0.013831 Obj: 0.090692 (0.070997)  NNZ: 9 (11)  Ttime: 1.4019 Vtime: 0.0521
Step: 30400000  Loss: 0.059355 Regul: 0.016675 Obj: 0.076030 (0.070997)  NNZ: 12 (11)  Ttime: 1.4031 Vtime: 0.0513
Step: 30500000  Loss: 0.060924 Regul: 0.025061 Obj: 0.085985 (0.070997)  NNZ: 13 (11)  Ttime: 1.4039 Vtime: 0.0512
Step: 30600000  Loss: 0.060662 Regul: 0.021448 Obj: 0.082110 (0.070997)  NNZ: 12 (11)  Ttime: 1.4057 Vtime: 0.0510
Step: 30700000  Loss: 0.068573 Regul: 0.022852 Obj: 0.091424 (0.070997)  NNZ: 11 (11)  Ttime: 1.4021 Vtime: 0.0515
Step: 30800000  Loss: 0.055564 Regul: 0.021619 Obj: 0.077183 (0.070997)  NNZ: 12 (11)  Ttime: 1.3988 Vtime: 0.0521
Step: 30900000  Loss: 0.061961 Regul: 0.016016 Obj: 0.077977 (0.070997)  NNZ: 12 (11)  Ttime: 1.4049 Vtime: 0.0510
Step: 31000000  Loss: 0.053823 Regul: 0.020349 Obj: 0.074173 (0.070997)  NNZ: 13 (11)  Ttime: 1.4059 Vtime: 0.0519
Step: 31100000  Loss: 0.052797 Regul: 0.021960 Obj: 0.074758 (0.070997)  NNZ: 16 (11)  Ttime: 1.4014 Vtime: 0.0524
Step: 31200000  Loss: 0.085212 Regul: 0.010132 Obj: 0.095344 (0.070997)  NNZ: 10 (11)  Ttime: 1.4034 Vtime: 0.0510
Step: 31300000  Loss: 0.065515 Regul: 0.018542 Obj: 0.084057 (0.070997)  NNZ: 9 (11)  Ttime: 1.4012 Vtime: 0.0515
Step: 31400000  Loss: 0.063231 Regul: 0.015906 Obj: 0.079137 (0.070997)  NNZ: 11 (11)  Ttime: 1.4034 Vtime: 0.0512
Step: 31500000  Loss: 0.069282 Regul: 0.016431 Obj: 0.085713 (0.070997)  NNZ: 10 (11)  Ttime: 1.4048 Vtime: 0.0517
Step: 31600000  Loss: 0.076360 Regul: 0.011243 Obj: 0.087603 (0.070997)  NNZ: 7 (11)  Ttime: 1.4021 Vtime: 0.0513
Step: 31700000  Loss: 0.095884 Regul: 0.009656 Obj: 0.105539 (0.070997)  NNZ: 8 (11)  Ttime: 1.4014 Vtime: 0.0508
Step: 31800000  Loss: 0.055158 Regul: 0.020007 Obj: 0.075165 (0.070997)  NNZ: 12 (11)  Ttime: 1.4027 Vtime: 0.0516
Step: 31900000  Loss: 0.060743 Regul: 0.015894 Obj: 0.076636 (0.070997)  NNZ: 8 (11)  Ttime: 1.4054 Vtime: 0.0511
Step: 32000000  Loss: 0.053804 Regul: 0.020691 Obj: 0.074495 (0.070997)  NNZ: 12 (11)  Ttime: 1.4080 Vtime: 0.0518
Step: 32100000  Loss: 0.055413 Regul: 0.017737 Obj: 0.073150 (0.070997)  NNZ: 12 (11)  Ttime: 1.4053 Vtime: 0.0515
Step: 32200000  Loss: 0.056045 Regul: 0.024365 Obj: 0.080411 (0.070997)  NNZ: 13 (11)  Ttime: 1.4047 Vtime: 0.0510
Step: 32300000  Loss: 0.092160 Regul: 0.011206 Obj: 0.103366 (0.070997)  NNZ: 11 (11)  Ttime: 1.4044 Vtime: 0.0517
Step: 32400000  Loss: 0.057121 Regul: 0.016626 Obj: 0.073747 (0.070997)  NNZ: 10 (11)  Ttime: 1.3979 Vtime: 0.0511
Step: 32500000  Loss: 0.058764 Regul: 0.027063 Obj: 0.085827 (0.070997)  NNZ: 13 (11)  Ttime: 1.4028 Vtime: 0.0518
Step: 32600000  Loss: 0.068380 Regul: 0.014209 Obj: 0.082589 (0.070997)  NNZ: 12 (11)  Ttime: 1.4025 Vtime: 0.0506
Step: 32700000  Loss: 0.053366 Regul: 0.021582 Obj: 0.074948 (0.070997)  NNZ: 9 (11)  Ttime: 1.4016 Vtime: 0.0511
Step: 32800000  Loss: 0.065274 Regul: 0.020190 Obj: 0.085464 (0.070997)  NNZ: 11 (11)  Ttime: 1.4051 Vtime: 0.0512
Step: 32900000  Loss: 0.053711 Regul: 0.024487 Obj: 0.078199 (0.070997)  NNZ: 13 (11)  Ttime: 1.4035 Vtime: 0.0518
Step: 33000000  Loss: 0.068182 Regul: 0.017993 Obj: 0.086175 (0.070997)  NNZ: 13 (11)  Ttime: 1.4024 Vtime: 0.0506
Step: 33100000  Loss: 0.058707 Regul: 0.016479 Obj: 0.075186 (0.070997)  NNZ: 12 (11)  Ttime: 1.4043 Vtime: 0.0509
Step: 33200000  Loss: 0.053165 Regul: 0.027722 Obj: 0.080887 (0.070997)  NNZ: 13 (11)  Ttime: 1.4066 Vtime: 0.0514
Step: 33300000  Loss: 0.056088 Regul: 0.016064 Obj: 0.072153 (0.070997)  NNZ: 11 (11)  Ttime: 1.4031 Vtime: 0.0523
Step: 33400000  Loss: 0.059424 Regul: 0.015210 Obj: 0.074634 (0.070997)  NNZ: 11 (11)  Ttime: 1.4091 Vtime: 0.0513
Step: 33500000  Loss: 0.063545 Regul: 0.017480 Obj: 0.081026 (0.070997)  NNZ: 15 (11)  Ttime: 1.4112 Vtime: 0.0512
Step: 33600000  Loss: 0.065476 Regul: 0.051318 Obj: 0.116794 (0.070997)  NNZ: 16 (11)  Ttime: 1.4043 Vtime: 0.0519
Step: 33700000  Loss: 0.058707 Regul: 0.051624 Obj: 0.110331 (0.070997)  NNZ: 17 (11)  Ttime: 1.4098 Vtime: 0.0520
Step: 33800000  Loss: 0.052633 Regul: 0.023816 Obj: 0.076449 (0.070997)  NNZ: 16 (11)  Ttime: 1.4013 Vtime: 0.0512
Step: 33900000  Loss: 0.052252 Regul: 0.032898 Obj: 0.085150 (0.070997)  NNZ: 15 (11)  Ttime: 1.4017 Vtime: 0.0518
Step: 34000000  Loss: 0.053856 Regul: 0.043225 Obj: 0.097081 (0.070997)  NNZ: 17 (11)  Ttime: 1.4023 Vtime: 0.0516
Step: 34100000  Loss: 0.063391 Regul: 0.034534 Obj: 0.097924 (0.070997)  NNZ: 13 (11)  Ttime: 1.4014 Vtime: 0.0509
Step: 34200000  Loss: 0.052013 Regul: 0.037756 Obj: 0.089769 (0.070997)  NNZ: 15 (11)  Ttime: 1.4035 Vtime: 0.0511
Step: 34300000  Loss: 0.056355 Regul: 0.045068 Obj: 0.101424 (0.070997)  NNZ: 16 (11)  Ttime: 1.4058 Vtime: 0.0516
Step: 34400000  Loss: 0.085025 Regul: 0.041138 Obj: 0.126163 (0.070997)  NNZ: 16 (11)  Ttime: 1.3974 Vtime: 0.0513
Step: 34500000  Loss: 0.051361 Regul: 0.035937 Obj: 0.087298 (0.070997)  NNZ: 14 (11)  Ttime: 1.4042 Vtime: 0.0508
Step: 34600000  Loss: 0.058905 Regul: 0.050244 Obj: 0.109149 (0.070997)  NNZ: 18 (11)  Ttime: 1.3953 Vtime: 0.0511
Step: 34700000  Loss: 0.061394 Regul: 0.035437 Obj: 0.096831 (0.070997)  NNZ: 16 (11)  Ttime: 1.3936 Vtime: 0.0516
Step: 34800000  Loss: 0.054712 Regul: 0.039502 Obj: 0.094214 (0.070997)  NNZ: 16 (11)  Ttime: 1.3993 Vtime: 0.0515
Step: 34900000  Loss: 0.058096 Regul: 0.038232 Obj: 0.096328 (0.070997)  NNZ: 11 (11)  Ttime: 1.3988 Vtime: 0.0514
Step: 35000000  Loss: 0.053301 Regul: 0.028516 Obj: 0.081817 (0.070997)  NNZ: 15 (11)  Ttime: 1.3977 Vtime: 0.0525
Step: 35100000  Loss: 0.059748 Regul: 0.052893 Obj: 0.112641 (0.070997)  NNZ: 20 (11)  Ttime: 1.3989 Vtime: 0.0520
Step: 35200000  Loss: 0.056911 Regul: 0.050208 Obj: 0.107118 (0.070997)  NNZ: 19 (11)  Ttime: 1.3961 Vtime: 0.0515
Step: 35300000  Loss: 0.054559 Regul: 0.036365 Obj: 0.090924 (0.070997)  NNZ: 12 (11)  Ttime: 1.3982 Vtime: 0.0512
Step: 35400000  Loss: 0.072451 Regul: 0.039880 Obj: 0.112331 (0.070997)  NNZ: 14 (11)  Ttime: 1.4005 Vtime: 0.0508
Step: 35500000  Loss: 0.064785 Regul: 0.045618 Obj: 0.110403 (0.070997)  NNZ: 14 (11)  Ttime: 1.3986 Vtime: 0.0515
Step: 35600000  Loss: 0.061480 Regul: 0.050452 Obj: 0.111931 (0.070997)  NNZ: 17 (11)  Ttime: 1.4011 Vtime: 0.0517
Step: 35700000  Loss: 0.066422 Regul: 0.040466 Obj: 0.106888 (0.070997)  NNZ: 14 (11)  Ttime: 1.3973 Vtime: 0.0512
Step: 35800000  Loss: 0.054637 Regul: 0.043628 Obj: 0.098265 (0.070997)  NNZ: 15 (11)  Ttime: 1.4007 Vtime: 0.0514
Step: 35900000  Loss: 0.058267 Regul: 0.031799 Obj: 0.090066 (0.070997)  NNZ: 17 (11)  Ttime: 1.4013 Vtime: 0.0511
Step: 36000000  Loss: 0.070159 Regul: 0.038135 Obj: 0.108294 (0.070997)  NNZ: 16 (11)  Ttime: 1.3977 Vtime: 0.0511
Step: 36100000  Loss: 0.052112 Regul: 0.037183 Obj: 0.089294 (0.070997)  NNZ: 17 (11)  Ttime: 1.4009 Vtime: 0.0520
Step: 36200000  Loss: 0.058973 Regul: 0.049585 Obj: 0.108558 (0.070997)  NNZ: 14 (11)  Ttime: 1.4032 Vtime: 0.0507
Step: 36300000  Loss: 0.070804 Regul: 0.044629 Obj: 0.115433 (0.070997)  NNZ: 18 (11)  Ttime: 1.4021 Vtime: 0.0511
Step: 36400000  Loss: 0.069466 Regul: 0.053601 Obj: 0.123067 (0.070997)  NNZ: 21 (11)  Ttime: 1.4009 Vtime: 0.0517
Step: 36500000  Loss: 0.059686 Regul: 0.032288 Obj: 0.091974 (0.070997)  NNZ: 12 (11)  Ttime: 1.4028 Vtime: 0.0511
Step: 36600000  Loss: 0.069163 Regul: 0.048584 Obj: 0.117747 (0.070997)  NNZ: 19 (11)  Ttime: 1.3953 Vtime: 0.0518
Step: 36700000  Loss: 0.065102 Regul: 0.032214 Obj: 0.097317 (0.070997)  NNZ: 13 (11)  Ttime: 1.3996 Vtime: 0.0513
Step: 36800000  Loss: 0.056999 Regul: 0.042175 Obj: 0.099175 (0.070997)  NNZ: 14 (11)  Ttime: 1.3995 Vtime: 0.0518
Step: 36900000  Loss: 0.061023 Regul: 0.037988 Obj: 0.099011 (0.070997)  NNZ: 14 (11)  Ttime: 1.4029 Vtime: 0.0513
Step: 37000000  Loss: 0.074670 Regul: 0.052771 Obj: 0.127441 (0.070997)  NNZ: 18 (11)  Ttime: 1.3957 Vtime: 0.0516
Step: 37100000  Loss: 0.053913 Regul: 0.044202 Obj: 0.098115 (0.070997)  NNZ: 20 (11)  Ttime: 1.3983 Vtime: 0.0516
Step: 37200000  Loss: 0.058903 Regul: 0.035168 Obj: 0.094071 (0.070997)  NNZ: 12 (11)  Ttime: 1.4003 Vtime: 0.0513
Step: 37300000  Loss: 0.053503 Regul: 0.038562 Obj: 0.092065 (0.070997)  NNZ: 14 (11)  Ttime: 1.3972 Vtime: 0.0511
Step: 37400000  Loss: 0.087352 Regul: 0.036536 Obj: 0.123888 (0.070997)  NNZ: 18 (11)  Ttime: 1.3962 Vtime: 0.0519
Step: 37500000  Loss: 0.052604 Regul: 0.029236 Obj: 0.081840 (0.070997)  NNZ: 15 (11)  Ttime: 1.3983 Vtime: 0.0520
Step: 37600000  Loss: 0.052462 Regul: 0.035303 Obj: 0.087764 (0.070997)  NNZ: 14 (11)  Ttime: 1.3981 Vtime: 0.0523
Step: 37700000  Loss: 0.057835 Regul: 0.044617 Obj: 0.102451 (0.070997)  NNZ: 13 (11)  Ttime: 1.3986 Vtime: 0.0516
Step: 37800000  Loss: 0.060711 Regul: 0.051196 Obj: 0.111907 (0.070997)  NNZ: 17 (11)  Ttime: 1.3955 Vtime: 0.0506
Step: 37900000  Loss: 0.154085 Regul: 0.027124 Obj: 0.181209 (0.070997)  NNZ: 12 (11)  Ttime: 1.3996 Vtime: 0.0516
Step: 38000000  Loss: 0.060748 Regul: 0.050049 Obj: 0.110797 (0.070997)  NNZ: 25 (11)  Ttime: 1.3982 Vtime: 0.0513
Step: 38100000  Loss: 0.060379 Regul: 0.030444 Obj: 0.090823 (0.070997)  NNZ: 14 (11)  Ttime: 1.3974 Vtime: 0.0517
Step: 38200000  Loss: 0.058835 Regul: 0.041235 Obj: 0.100070 (0.070997)  NNZ: 15 (11)  Ttime: 1.4036 Vtime: 0.0505
Step: 38300000  Loss: 0.054325 Regul: 0.029321 Obj: 0.083647 (0.070997)  NNZ: 11 (11)  Ttime: 1.4016 Vtime: 0.0518
Step: 38400000  Loss: 0.075655 Regul: 0.051636 Obj: 0.127291 (0.070997)  NNZ: 23 (11)  Ttime: 1.4008 Vtime: 0.0513
Step: 38500000  Loss: 0.060462 Regul: 0.033984 Obj: 0.094446 (0.070997)  NNZ: 17 (11)  Ttime: 1.3985 Vtime: 0.0511
Step: 38600000  Loss: 0.053180 Regul: 0.033374 Obj: 0.086554 (0.070997)  NNZ: 13 (11)  Ttime: 1.4015 Vtime: 0.0514
Step: 38700000  Loss: 0.060883 Regul: 0.052002 Obj: 0.112885 (0.070997)  NNZ: 17 (11)  Ttime: 1.4038 Vtime: 0.0516
Step: 38800000  Loss: 0.071548 Regul: 0.056494 Obj: 0.128042 (0.070997)  NNZ: 21 (11)  Ttime: 1.4039 Vtime: 0.0515
Step: 38900000  Loss: 0.060530 Regul: 0.052441 Obj: 0.112972 (0.070997)  NNZ: 19 (11)  Ttime: 1.4056 Vtime: 0.0514
Step: 39000000  Loss: 0.087275 Regul: 0.031006 Obj: 0.118281 (0.070997)  NNZ: 15 (11)  Ttime: 1.3999 Vtime: 0.0517
Step: 39100000  Loss: 0.065883 Regul: 0.054614 Obj: 0.120497 (0.070997)  NNZ: 23 (11)  Ttime: 1.3952 Vtime: 0.0515
Step: 39200000  Loss: 0.057190 Regul: 0.048096 Obj: 0.105286 (0.070997)  NNZ: 18 (11)  Ttime: 1.3952 Vtime: 0.0518
Step: 39300000  Loss: 0.056083 Regul: 0.041968 Obj: 0.098051 (0.070997)  NNZ: 16 (11)  Ttime: 1.3969 Vtime: 0.0517
Step: 39400000  Loss: 0.055571 Regul: 0.043555 Obj: 0.099126 (0.070997)  NNZ: 15 (11)  Ttime: 1.3978 Vtime: 0.0516
Step: 39500000  Loss: 0.062308 Regul: 0.049121 Obj: 0.111429 (0.070997)  NNZ: 20 (11)  Ttime: 1.3976 Vtime: 0.0516
Step: 39600000  Loss: 0.062654 Regul: 0.044702 Obj: 0.107357 (0.070997)  NNZ: 21 (11)  Ttime: 1.3988 Vtime: 0.0521
Step: 39700000  Loss: 0.066684 Regul: 0.070483 Obj: 0.137167 (0.070997)  NNZ: 19 (11)  Ttime: 1.3994 Vtime: 0.0522
Step: 39800000  Loss: 0.063712 Regul: 0.045654 Obj: 0.109367 (0.070997)  NNZ: 20 (11)  Ttime: 1.4021 Vtime: 0.0515
Step: 39900000  Loss: 0.061959 Regul: 0.052686 Obj: 0.114645 (0.070997)  NNZ: 22 (11)  Ttime: 1.4051 Vtime: 0.0513
Step: 40000000  Loss: 0.064417 Regul: 0.047803 Obj: 0.112220 (0.070997)  NNZ: 18 (11)  Ttime: 1.4001 Vtime: 0.0517
Step: 40100000  Loss: 0.067117 Regul: 0.057300 Obj: 0.124417 (0.070997)  NNZ: 24 (11)  Ttime: 1.3952 Vtime: 0.0514
Step: 40200000  Loss: 0.072414 Regul: 0.046704 Obj: 0.119118 (0.070997)  NNZ: 20 (11)  Ttime: 1.3976 Vtime: 0.0516
Step: 40300000  Loss: 0.052730 Regul: 0.035962 Obj: 0.088692 (0.070997)  NNZ: 15 (11)  Ttime: 1.3972 Vtime: 0.0508
Step: 40400000  Loss: 0.056509 Regul: 0.048950 Obj: 0.105459 (0.070997)  NNZ: 19 (11)  Ttime: 1.3926 Vtime: 0.0520
Step: 40500000  Loss: 0.052926 Regul: 0.018555 Obj: 0.071480 (0.070997)  NNZ: 12 (11)  Ttime: 1.3925 Vtime: 0.0512
Step: 40600000  Loss: 0.056184 Regul: 0.045166 Obj: 0.101350 (0.070997)  NNZ: 20 (11)  Ttime: 1.3999 Vtime: 0.0514
Step: 40700000  Loss: 0.051553 Regul: 0.031177 Obj: 0.082730 (0.070997)  NNZ: 18 (11)  Ttime: 1.3913 Vtime: 0.0514
Step: 40800000  Loss: 0.056305 Regul: 0.039380 Obj: 0.095685 (0.070997)  NNZ: 14 (11)  Ttime: 1.4024 Vtime: 0.0516
Step: 40900000  Loss: 0.073269 Regul: 0.054346 Obj: 0.127615 (0.070997)  NNZ: 20 (11)  Ttime: 1.4021 Vtime: 0.0516
Step: 41000000  Loss: 0.060111 Regul: 0.044263 Obj: 0.104374 (0.070997)  NNZ: 23 (11)  Ttime: 1.4014 Vtime: 0.0512
Step: 41100000  Loss: 0.084977 Regul: 0.040771 Obj: 0.125748 (0.070997)  NNZ: 19 (11)  Ttime: 1.3979 Vtime: 0.0511
Step: 41200000  Loss: 0.059081 Regul: 0.047900 Obj: 0.106981 (0.070997)  NNZ: 16 (11)  Ttime: 1.4006 Vtime: 0.0516
Step: 41300000  Loss: 0.050105 Regul: 0.031445 Obj: 0.081550 (0.070997)  NNZ: 17 (11)  Ttime: 1.4009 Vtime: 0.0516
Step: 41400000  Loss: 0.060173 Regul: 0.039771 Obj: 0.099943 (0.070997)  NNZ: 13 (11)  Ttime: 1.4026 Vtime: 0.0514
Step: 41500000  Loss: 0.051783 Regul: 0.035645 Obj: 0.087428 (0.070997)  NNZ: 18 (11)  Ttime: 1.4013 Vtime: 0.0510
Step: 41600000  Loss: 0.051804 Regul: 0.035718 Obj: 0.087522 (0.070997)  NNZ: 15 (11)  Ttime: 1.3967 Vtime: 0.0515
Step: 41700000  Loss: 0.058792 Regul: 0.035400 Obj: 0.094193 (0.070997)  NNZ: 11 (11)  Ttime: 1.4013 Vtime: 0.0516
Step: 41800000  Loss: 0.057996 Regul: 0.040625 Obj: 0.098621 (0.070997)  NNZ: 20 (11)  Ttime: 1.3962 Vtime: 0.0519
Step: 41900000  Loss: 0.107336 Regul: 0.043921 Obj: 0.151257 (0.070997)  NNZ: 15 (11)  Ttime: 1.3978 Vtime: 0.0513
Step: 42000000  Loss: 0.061608 Regul: 0.050122 Obj: 0.111730 (0.070997)  NNZ: 14 (11)  Ttime: 1.4025 Vtime: 0.0517
Step: 42100000  Loss: 0.057902 Regul: 0.031299 Obj: 0.089200 (0.070997)  NNZ: 15 (11)  Ttime: 1.3983 Vtime: 0.0512
Step: 42200000  Loss: 0.056992 Regul: 0.039575 Obj: 0.096567 (0.070997)  NNZ: 18 (11)  Ttime: 1.3992 Vtime: 0.0522
Step: 42300000  Loss: 0.054219 Regul: 0.032495 Obj: 0.086714 (0.070997)  NNZ: 12 (11)  Ttime: 1.4018 Vtime: 0.0515
Step: 42400000  Loss: 0.060651 Regul: 0.043359 Obj: 0.104010 (0.070997)  NNZ: 13 (11)  Ttime: 1.4000 Vtime: 0.0514
Step: 42500000  Loss: 0.053119 Regul: 0.037793 Obj: 0.090912 (0.070997)  NNZ: 16 (11)  Ttime: 1.4051 Vtime: 0.0515
Step: 42600000  Loss: 0.060811 Regul: 0.040332 Obj: 0.101143 (0.070997)  NNZ: 17 (11)  Ttime: 1.3985 Vtime: 0.0518
Step: 42700000  Loss: 0.065391 Regul: 0.045972 Obj: 0.111363 (0.070997)  NNZ: 22 (11)  Ttime: 1.4036 Vtime: 0.0510
Step: 42800000  Loss: 0.052352 Regul: 0.036621 Obj: 0.088973 (0.070997)  NNZ: 12 (11)  Ttime: 1.3996 Vtime: 0.0520
Step: 42900000  Loss: 0.055817 Regul: 0.040283 Obj: 0.096100 (0.070997)  NNZ: 18 (11)  Ttime: 1.3964 Vtime: 0.0510
Step: 43000000  Loss: 0.060528 Regul: 0.054492 Obj: 0.115020 (0.070997)  NNZ: 16 (11)  Ttime: 1.3976 Vtime: 0.0514
Step: 43100000  Loss: 0.077424 Regul: 0.038940 Obj: 0.116365 (0.070997)  NNZ: 16 (11)  Ttime: 1.4006 Vtime: 0.0510
Step: 43200000  Loss: 0.061109 Regul: 0.049829 Obj: 0.110938 (0.070997)  NNZ: 19 (11)  Ttime: 1.3971 Vtime: 0.0519
Step: 43300000  Loss: 0.055820 Regul: 0.034985 Obj: 0.090805 (0.070997)  NNZ: 14 (11)  Ttime: 1.3943 Vtime: 0.0518
Step: 43400000  Loss: 0.053477 Regul: 0.036548 Obj: 0.090025 (0.070997)  NNZ: 15 (11)  Ttime: 1.3964 Vtime: 0.0512
Step: 43500000  Loss: 0.062598 Regul: 0.046094 Obj: 0.108692 (0.070997)  NNZ: 18 (11)  Ttime: 1.3970 Vtime: 0.0513
Step: 43600000  Loss: 0.053482 Regul: 0.035913 Obj: 0.089396 (0.070997)  NNZ: 14 (11)  Ttime: 1.3981 Vtime: 0.0510
Step: 43700000  Loss: 0.061521 Regul: 0.054395 Obj: 0.115916 (0.070997)  NNZ: 26 (11)  Ttime: 1.3980 Vtime: 0.0523
Step: 43800000  Loss: 0.052433 Regul: 0.034619 Obj: 0.087052 (0.070997)  NNZ: 17 (11)  Ttime: 1.3983 Vtime: 0.0512
Step: 43900000  Loss: 0.056470 Regul: 0.045117 Obj: 0.101587 (0.070997)  NNZ: 20 (11)  Ttime: 1.3984 Vtime: 0.0514
Step: 44000000  Loss: 0.052774 Regul: 0.034302 Obj: 0.087075 (0.070997)  NNZ: 14 (11)  Ttime: 1.4083 Vtime: 0.0512
Step: 44100000  Loss: 0.053636 Regul: 0.039673 Obj: 0.093309 (0.070997)  NNZ: 17 (11)  Ttime: 1.3931 Vtime: 0.0517
Step: 44200000  Loss: 0.058207 Regul: 0.040552 Obj: 0.098759 (0.070997)  NNZ: 14 (11)  Ttime: 1.4009 Vtime: 0.0511
Step: 44300000  Loss: 0.083545 Regul: 0.047534 Obj: 0.131079 (0.070997)  NNZ: 18 (11)  Ttime: 1.4061 Vtime: 0.0513
Step: 44400000  Loss: 0.070579 Regul: 0.033984 Obj: 0.104564 (0.070997)  NNZ: 12 (11)  Ttime: 1.4005 Vtime: 0.0518
Step: 44500000  Loss: 0.054631 Regul: 0.044360 Obj: 0.098991 (0.070997)  NNZ: 19 (11)  Ttime: 1.4063 Vtime: 0.0515
Step: 44600000  Loss: 0.072297 Regul: 0.051978 Obj: 0.124275 (0.070997)  NNZ: 19 (11)  Ttime: 1.4050 Vtime: 0.0511
Step: 44700000  Loss: 0.054974 Regul: 0.037305 Obj: 0.092278 (0.070997)  NNZ: 13 (11)  Ttime: 1.4003 Vtime: 0.0515
Step: 44800000  Loss: 0.056031 Regul: 0.042529 Obj: 0.098560 (0.070997)  NNZ: 17 (11)  Ttime: 1.4006 Vtime: 0.0518
Step: 44900000  Loss: 0.054161 Regul: 0.041968 Obj: 0.096129 (0.070997)  NNZ: 15 (11)  Ttime: 1.4029 Vtime: 0.0503
Step: 45000000  Loss: 0.051501 Regul: 0.029932 Obj: 0.081432 (0.070997)  NNZ: 14 (11)  Ttime: 1.3978 Vtime: 0.0515
Step: 45100000  Loss: 0.058641 Regul: 0.035889 Obj: 0.094530 (0.070997)  NNZ: 15 (11)  Ttime: 1.3965 Vtime: 0.0513
Step: 45200000  Loss: 0.051905 Regul: 0.022681 Obj: 0.074585 (0.070997)  NNZ: 11 (11)  Ttime: 1.3971 Vtime: 0.0515
Step: 45300000  Loss: 0.061868 Regul: 0.046533 Obj: 0.108401 (0.070997)  NNZ: 15 (11)  Ttime: 1.3989 Vtime: 0.0515
Step: 45400000  Loss: 0.057435 Regul: 0.026831 Obj: 0.084266 (0.070997)  NNZ: 12 (11)  Ttime: 1.4039 Vtime: 0.0507
Step: 45500000  Loss: 0.057198 Regul: 0.038599 Obj: 0.095797 (0.070997)  NNZ: 18 (11)  Ttime: 1.4016 Vtime: 0.0510
Step: 45600000  Loss: 0.055233 Regul: 0.036426 Obj: 0.091658 (0.070997)  NNZ: 14 (11)  Ttime: 1.4026 Vtime: 0.0514
Step: 45700000  Loss: 0.050633 Regul: 0.034229 Obj: 0.084862 (0.070997)  NNZ: 13 (11)  Ttime: 1.3994 Vtime: 0.0514
Step: 45800000  Loss: 0.061680 Regul: 0.048438 Obj: 0.110117 (0.070997)  NNZ: 18 (11)  Ttime: 1.4038 Vtime: 0.0514
Step: 45900000  Loss: 0.052013 Regul: 0.029663 Obj: 0.081676 (0.070997)  NNZ: 15 (11)  Ttime: 1.4015 Vtime: 0.0512
Step: 46000000  Loss: 0.056388 Regul: 0.040942 Obj: 0.097330 (0.070997)  NNZ: 15 (11)  Ttime: 1.4041 Vtime: 0.0512
Step: 46100000  Loss: 0.052379 Regul: 0.036816 Obj: 0.089196 (0.070997)  NNZ: 15 (11)  Ttime: 1.3968 Vtime: 0.0517
Step: 46200000  Loss: 0.059298 Regul: 0.036523 Obj: 0.095822 (0.070997)  NNZ: 13 (11)  Ttime: 1.3990 Vtime: 0.0518
Step: 46300000  Loss: 0.061907 Regul: 0.043115 Obj: 0.105022 (0.070997)  NNZ: 18 (11)  Ttime: 1.3956 Vtime: 0.0511
Step: 46400000  Loss: 0.059497 Regul: 0.034399 Obj: 0.093896 (0.070997)  NNZ: 16 (11)  Ttime: 1.3961 Vtime: 0.0518
Step: 46500000  Loss: 0.055841 Regul: 0.038574 Obj: 0.094415 (0.070997)  NNZ: 15 (11)  Ttime: 1.3998 Vtime: 0.0523
Step: 46600000  Loss: 0.053002 Regul: 0.032959 Obj: 0.085961 (0.070997)  NNZ: 19 (11)  Ttime: 1.3982 Vtime: 0.0510
Step: 46700000  Loss: 0.058680 Regul: 0.033325 Obj: 0.092005 (0.070997)  NNZ: 14 (11)  Ttime: 1.3992 Vtime: 0.0517
Step: 46800000  Loss: 0.062407 Regul: 0.030884 Obj: 0.093291 (0.070997)  NNZ: 16 (11)  Ttime: 1.3985 Vtime: 0.0505
Step: 46900000  Loss: 0.051997 Regul: 0.035596 Obj: 0.087593 (0.070997)  NNZ: 13 (11)  Ttime: 1.3968 Vtime: 0.0514
Step: 47000000  Loss: 0.057946 Regul: 0.039722 Obj: 0.097667 (0.070997)  NNZ: 13 (11)  Ttime: 1.4001 Vtime: 0.0507
Step: 47100000  Loss: 0.055961 Regul: 0.038696 Obj: 0.094658 (0.070997)  NNZ: 15 (11)  Ttime: 1.3946 Vtime: 0.0518
Step: 47200000  Loss: 0.053618 Regul: 0.028784 Obj: 0.082402 (0.070997)  NNZ: 13 (11)  Ttime: 1.3959 Vtime: 0.0508
Step: 47300000  Loss: 0.054659 Regul: 0.046143 Obj: 0.100802 (0.070997)  NNZ: 17 (11)  Ttime: 1.3971 Vtime: 0.0518
Step: 47400000  Loss: 0.054403 Regul: 0.045190 Obj: 0.099593 (0.070997)  NNZ: 16 (11)  Ttime: 1.3955 Vtime: 0.0512
Step: 47500000  Loss: 0.060891 Regul: 0.050391 Obj: 0.111281 (0.070997)  NNZ: 23 (11)  Ttime: 1.4005 Vtime: 0.0520
Step: 47600000  Loss: 0.061313 Regul: 0.045093 Obj: 0.106406 (0.070997)  NNZ: 20 (11)  Ttime: 1.3969 Vtime: 0.0518
Step: 47700000  Loss: 0.052963 Regul: 0.035059 Obj: 0.088022 (0.070997)  NNZ: 13 (11)  Ttime: 1.4065 Vtime: 0.0515
Step: 47800000  Loss: 0.051064 Regul: 0.032520 Obj: 0.083584 (0.070997)  NNZ: 14 (11)  Ttime: 1.3986 Vtime: 0.0519
Step: 47900000  Loss: 0.071918 Regul: 0.038184 Obj: 0.110102 (0.070997)  NNZ: 11 (11)  Ttime: 1.3986 Vtime: 0.0518
Step: 48000000  Loss: 0.057463 Regul: 0.048096 Obj: 0.105559 (0.070997)  NNZ: 15 (11)  Ttime: 1.4033 Vtime: 0.0514
Step: 48100000  Loss: 0.053481 Regul: 0.030103 Obj: 0.083584 (0.070997)  NNZ: 17 (11)  Ttime: 1.4005 Vtime: 0.0520
Step: 48200000  Loss: 0.052125 Regul: 0.033008 Obj: 0.085133 (0.070997)  NNZ: 15 (11)  Ttime: 1.3987 Vtime: 0.0514
Step: 48300000  Loss: 0.059836 Regul: 0.035815 Obj: 0.095651 (0.070997)  NNZ: 13 (11)  Ttime: 1.4033 Vtime: 0.0517
Step: 48400000  Loss: 0.054007 Regul: 0.043799 Obj: 0.097806 (0.070997)  NNZ: 16 (11)  Ttime: 1.4044 Vtime: 0.0512
Step: 48500000  Loss: 0.050165 Regul: 0.032031 Obj: 0.082196 (0.070997)  NNZ: 15 (11)  Ttime: 1.3964 Vtime: 0.0514
Step: 48600000  Loss: 0.056105 Regul: 0.038818 Obj: 0.094923 (0.070997)  NNZ: 17 (11)  Ttime: 1.3996 Vtime: 0.0506
Step: 48700000  Loss: 0.063902 Regul: 0.041992 Obj: 0.105894 (0.070997)  NNZ: 14 (11)  Ttime: 1.4048 Vtime: 0.0519
Step: 48800000  Loss: 0.056359 Regul: 0.038525 Obj: 0.094884 (0.070997)  NNZ: 17 (11)  Ttime: 1.4014 Vtime: 0.0510
Step: 48900000  Loss: 0.051821 Regul: 0.037793 Obj: 0.089614 (0.070997)  NNZ: 16 (11)  Ttime: 1.4002 Vtime: 0.0521
Step: 49000000  Loss: 0.051157 Regul: 0.031201 Obj: 0.082358 (0.070997)  NNZ: 15 (11)  Ttime: 1.3989 Vtime: 0.0512
Step: 49100000  Loss: 0.051844 Regul: 0.035522 Obj: 0.087366 (0.070997)  NNZ: 16 (11)  Ttime: 1.3974 Vtime: 0.0518
Step: 49200000  Loss: 0.055530 Regul: 0.044604 Obj: 0.100135 (0.070997)  NNZ: 22 (11)  Ttime: 1.4007 Vtime: 0.0516
Step: 49300000  Loss: 0.052070 Regul: 0.034839 Obj: 0.086909 (0.070997)  NNZ: 16 (11)  Ttime: 1.4022 Vtime: 0.0511
Step: 49400000  Loss: 0.063440 Regul: 0.056006 Obj: 0.119446 (0.070997)  NNZ: 22 (11)  Ttime: 1.3984 Vtime: 0.0521
Step: 49500000  Loss: 0.079798 Regul: 0.042114 Obj: 0.121912 (0.070997)  NNZ: 13 (11)  Ttime: 1.3996 Vtime: 0.0518
Step: 49600000  Loss: 0.051873 Regul: 0.036768 Obj: 0.088640 (0.070997)  NNZ: 14 (11)  Ttime: 1.4017 Vtime: 0.0514
Step: 49700000  Loss: 0.055315 Regul: 0.039868 Obj: 0.095183 (0.070997)  NNZ: 18 (11)  Ttime: 1.3987 Vtime: 0.0514
Step: 49800000  Loss: 0.059327 Regul: 0.027295 Obj: 0.086621 (0.070997)  NNZ: 11 (11)  Ttime: 1.4001 Vtime: 0.0513
Step: 49900000  Loss: 0.057959 Regul: 0.049194 Obj: 0.107154 (0.070997)  NNZ: 13 (11)  Ttime: 1.4031 Vtime: 0.0524
Step: 50000000  Loss: 0.059443 Regul: 0.037622 Obj: 0.097065 (0.070997)  NNZ: 19 (11)  Ttime: 1.3971 Vtime: 0.0512
