mu: 0.045 gamma: 0.05 nIters: 50000000
Load PRParams.
Load RingParams.
Load Labels: 500000
Load Distances: 500000 x 5120
0...10...20...30...40...50...60...70...80...90...100 - done.
Positive samples #250000
Negative samples #250000
Positive train #200000
Negative train #200000
Positive valid #50000
Negative valid #50000

Found GPU: GeForce GTX 970
Compute Capability: 5.2

Best: 100000  Loss: 1.009893 Regul: 0.292883 Obj: 1.302776 (1.302776)  NNZ: 16 (16)  Ttime: 1.3913 Vtime: 0.1970
Stat: nPR #96 (#128) Dim/MaxDim [768/640] AUC: 0.949985 FPR95: 39.80
Best: 200000  Loss: 0.074939 Regul: 0.041152 Obj: 0.116091 (0.116091)  NNZ: 5 (5)  Ttime: 1.3970 Vtime: 0.0514
Stat: nPR #36 (#40) Dim/MaxDim [288/640] AUC: 0.975480 FPR95: 14.86 [saved]
Step: 300000  Loss: 0.210762 Regul: 0.079523 Obj: 0.290285 (0.116091)  NNZ: 7 (5)  Ttime: 1.3975 Vtime: 0.0514
Step: 400000  Loss: 0.201146 Regul: 0.170513 Obj: 0.371659 (0.116091)  NNZ: 14 (5)  Ttime: 1.3980 Vtime: 0.0515
Step: 500000  Loss: 0.085660 Regul: 0.049139 Obj: 0.134799 (0.116091)  NNZ: 5 (5)  Ttime: 1.3936 Vtime: 0.0521
Step: 600000  Loss: 0.089408 Regul: 0.032366 Obj: 0.121774 (0.116091)  NNZ: 4 (5)  Ttime: 1.3954 Vtime: 0.0516
Step: 700000  Loss: 0.092249 Regul: 0.028424 Obj: 0.120673 (0.116091)  NNZ: 6 (5)  Ttime: 1.3945 Vtime: 0.0515
Step: 800000  Loss: 0.130900 Regul: 0.073542 Obj: 0.204443 (0.116091)  NNZ: 10 (5)  Ttime: 1.3948 Vtime: 0.0513
Best: 900000  Loss: 0.084924 Regul: 0.019429 Obj: 0.104354 (0.104354)  NNZ: 5 (5)  Ttime: 1.3978 Vtime: 0.0514
Stat: nPR #40 (#40) Dim/MaxDim [320/640] AUC: 0.966965 FPR95: 22.11 [saved]
Step: 1000000  Loss: 0.068830 Regul: 0.042113 Obj: 0.110944 (0.104354)  NNZ: 9 (5)  Ttime: 1.3974 Vtime: 0.0508
Step: 1100000  Loss: 0.100431 Regul: 0.062334 Obj: 0.162764 (0.104354)  NNZ: 7 (5)  Ttime: 1.3949 Vtime: 0.0518
Step: 1200000  Loss: 0.170970 Regul: 0.046620 Obj: 0.217591 (0.104354)  NNZ: 6 (5)  Ttime: 1.4027 Vtime: 0.0515
Step: 1300000  Loss: 0.078826 Regul: 0.052674 Obj: 0.131500 (0.104354)  NNZ: 10 (5)  Ttime: 1.4004 Vtime: 0.0510
Best: 1400000  Loss: 0.065879 Regul: 0.018743 Obj: 0.084622 (0.084622)  NNZ: 5 (5)  Ttime: 1.3946 Vtime: 0.0515
Stat: nPR #36 (#40) Dim/MaxDim [288/640] AUC: 0.973865 FPR95: 17.12 [saved]
Step: 1500000  Loss: 0.149854 Regul: 0.063166 Obj: 0.213020 (0.084622)  NNZ: 10 (5)  Ttime: 1.3944 Vtime: 0.0514
Step: 1600000  Loss: 0.063833 Regul: 0.050477 Obj: 0.114310 (0.084622)  NNZ: 11 (5)  Ttime: 1.3955 Vtime: 0.0508
Step: 1700000  Loss: 0.067883 Regul: 0.025466 Obj: 0.093350 (0.084622)  NNZ: 5 (5)  Ttime: 1.3990 Vtime: 0.0512
Step: 1800000  Loss: 0.108246 Regul: 0.073713 Obj: 0.181959 (0.084622)  NNZ: 14 (5)  Ttime: 1.3993 Vtime: 0.0516
Step: 1900000  Loss: 0.092588 Regul: 0.031646 Obj: 0.124234 (0.084622)  NNZ: 10 (5)  Ttime: 1.3990 Vtime: 0.0520
Step: 2000000  Loss: 0.063098 Regul: 0.031014 Obj: 0.094112 (0.084622)  NNZ: 9 (5)  Ttime: 1.3995 Vtime: 0.0511
Step: 2100000  Loss: 0.087680 Regul: 0.057458 Obj: 0.145139 (0.084622)  NNZ: 9 (5)  Ttime: 1.3985 Vtime: 0.0517
Step: 2200000  Loss: 0.081275 Regul: 0.051196 Obj: 0.132471 (0.084622)  NNZ: 8 (5)  Ttime: 1.4004 Vtime: 0.0512
Step: 2300000  Loss: 0.057778 Regul: 0.044478 Obj: 0.102256 (0.084622)  NNZ: 9 (5)  Ttime: 1.3992 Vtime: 0.0514
Step: 2400000  Loss: 0.070040 Regul: 0.026675 Obj: 0.096715 (0.084622)  NNZ: 6 (5)  Ttime: 1.4024 Vtime: 0.0514
Best: 2500000  Loss: 0.056325 Regul: 0.025708 Obj: 0.082033 (0.082033)  NNZ: 7 (7)  Ttime: 1.3996 Vtime: 0.0517
Stat: nPR #44 (#56) Dim/MaxDim [352/640] AUC: 0.978417 FPR95: 11.87 [saved]
Step: 2600000  Loss: 0.248722 Regul: 0.066846 Obj: 0.315568 (0.082033)  NNZ: 16 (7)  Ttime: 1.4010 Vtime: 0.0507
Step: 2700000  Loss: 0.065832 Regul: 0.044610 Obj: 0.110442 (0.082033)  NNZ: 10 (7)  Ttime: 1.3975 Vtime: 0.0510
Step: 2800000  Loss: 0.072201 Regul: 0.020259 Obj: 0.092460 (0.082033)  NNZ: 8 (7)  Ttime: 1.3995 Vtime: 0.0515
Step: 2900000  Loss: 0.073077 Regul: 0.028246 Obj: 0.101323 (0.082033)  NNZ: 7 (7)  Ttime: 1.4068 Vtime: 0.0513
Step: 3000000  Loss: 0.074540 Regul: 0.032970 Obj: 0.107510 (0.082033)  NNZ: 10 (7)  Ttime: 1.3999 Vtime: 0.0519
Step: 3100000  Loss: 0.091075 Regul: 0.018726 Obj: 0.109801 (0.082033)  NNZ: 4 (7)  Ttime: 1.4028 Vtime: 0.0515
Step: 3200000  Loss: 0.086335 Regul: 0.021967 Obj: 0.108302 (0.082033)  NNZ: 6 (7)  Ttime: 1.3991 Vtime: 0.0508
Step: 3300000  Loss: 0.088493 Regul: 0.010514 Obj: 0.099007 (0.082033)  NNZ: 5 (7)  Ttime: 1.4025 Vtime: 0.0508
Step: 3400000  Loss: 0.080155 Regul: 0.018369 Obj: 0.098524 (0.082033)  NNZ: 3 (7)  Ttime: 1.3985 Vtime: 0.0517
Step: 3500000  Loss: 0.065042 Regul: 0.021204 Obj: 0.086245 (0.082033)  NNZ: 7 (7)  Ttime: 1.3978 Vtime: 0.0515
Step: 3600000  Loss: 0.072964 Regul: 0.057014 Obj: 0.129977 (0.082033)  NNZ: 12 (7)  Ttime: 1.3987 Vtime: 0.0518
Step: 3700000  Loss: 0.081218 Regul: 0.036151 Obj: 0.117369 (0.082033)  NNZ: 12 (7)  Ttime: 1.3988 Vtime: 0.0517
Step: 3800000  Loss: 0.065142 Regul: 0.031306 Obj: 0.096447 (0.082033)  NNZ: 9 (7)  Ttime: 1.3984 Vtime: 0.0517
Step: 3900000  Loss: 0.070373 Regul: 0.039227 Obj: 0.109600 (0.082033)  NNZ: 17 (7)  Ttime: 1.3970 Vtime: 0.0523
Best: 4000000  Loss: 0.058794 Regul: 0.021226 Obj: 0.080019 (0.080019)  NNZ: 7 (7)  Ttime: 1.3996 Vtime: 0.0516
Stat: nPR #44 (#56) Dim/MaxDim [352/640] AUC: 0.977056 FPR95: 13.38 [saved]
Step: 4100000  Loss: 0.069481 Regul: 0.014573 Obj: 0.084054 (0.080019)  NNZ: 6 (7)  Ttime: 1.4002 Vtime: 0.0505
Step: 4200000  Loss: 0.071508 Regul: 0.014573 Obj: 0.086081 (0.080019)  NNZ: 5 (7)  Ttime: 1.4014 Vtime: 0.0513
Step: 4300000  Loss: 0.070741 Regul: 0.040474 Obj: 0.111215 (0.080019)  NNZ: 13 (7)  Ttime: 1.3998 Vtime: 0.0510
Step: 4400000  Loss: 0.073767 Regul: 0.052295 Obj: 0.126062 (0.080019)  NNZ: 16 (7)  Ttime: 1.3985 Vtime: 0.0511
Step: 4500000  Loss: 0.104422 Regul: 0.055223 Obj: 0.159645 (0.080019)  NNZ: 13 (7)  Ttime: 1.4011 Vtime: 0.0506
Step: 4600000  Loss: 0.072371 Regul: 0.037029 Obj: 0.109401 (0.080019)  NNZ: 7 (7)  Ttime: 1.3999 Vtime: 0.0516
Step: 4700000  Loss: 0.072751 Regul: 0.037711 Obj: 0.110462 (0.080019)  NNZ: 13 (7)  Ttime: 1.3997 Vtime: 0.0512
Step: 4800000  Loss: 0.053476 Regul: 0.026812 Obj: 0.080288 (0.080019)  NNZ: 8 (7)  Ttime: 1.3979 Vtime: 0.0510
Step: 4900000  Loss: 0.053728 Regul: 0.033003 Obj: 0.086731 (0.080019)  NNZ: 10 (7)  Ttime: 1.3982 Vtime: 0.0514
Step: 5000000  Loss: 0.070442 Regul: 0.019869 Obj: 0.090311 (0.080019)  NNZ: 7 (7)  Ttime: 1.3980 Vtime: 0.0513
Step: 5100000  Loss: 0.073577 Regul: 0.029520 Obj: 0.103097 (0.080019)  NNZ: 7 (7)  Ttime: 1.4002 Vtime: 0.0513
Step: 5200000  Loss: 0.087095 Regul: 0.029553 Obj: 0.116648 (0.080019)  NNZ: 9 (7)  Ttime: 1.3976 Vtime: 0.0513
Step: 5300000  Loss: 0.068272 Regul: 0.041616 Obj: 0.109888 (0.080019)  NNZ: 8 (7)  Ttime: 1.3998 Vtime: 0.0517
Step: 5400000  Loss: 0.059529 Regul: 0.043363 Obj: 0.102892 (0.080019)  NNZ: 11 (7)  Ttime: 1.3999 Vtime: 0.0510
Step: 5500000  Loss: 0.056416 Regul: 0.033486 Obj: 0.089902 (0.080019)  NNZ: 9 (7)  Ttime: 1.3995 Vtime: 0.0523
Step: 5600000  Loss: 0.065205 Regul: 0.033102 Obj: 0.098307 (0.080019)  NNZ: 15 (7)  Ttime: 1.4041 Vtime: 0.0511
Step: 5700000  Loss: 0.086000 Regul: 0.023719 Obj: 0.109720 (0.080019)  NNZ: 9 (7)  Ttime: 1.4223 Vtime: 0.0512
Step: 5800000  Loss: 0.058789 Regul: 0.031047 Obj: 0.089837 (0.080019)  NNZ: 7 (7)  Ttime: 1.3984 Vtime: 0.0521
Step: 5900000  Loss: 0.067247 Regul: 0.020786 Obj: 0.088033 (0.080019)  NNZ: 6 (7)  Ttime: 1.3982 Vtime: 0.0513
Step: 6000000  Loss: 0.077412 Regul: 0.064523 Obj: 0.141935 (0.080019)  NNZ: 12 (7)  Ttime: 1.3999 Vtime: 0.0513
Step: 6100000  Loss: 0.058329 Regul: 0.024741 Obj: 0.083070 (0.080019)  NNZ: 6 (7)  Ttime: 1.3988 Vtime: 0.0508
Step: 6200000  Loss: 0.062811 Regul: 0.041572 Obj: 0.104383 (0.080019)  NNZ: 15 (7)  Ttime: 1.4003 Vtime: 0.0515
Best: 6300000  Loss: 0.057674 Regul: 0.022094 Obj: 0.079767 (0.079767)  NNZ: 7 (7)  Ttime: 1.4008 Vtime: 0.0521
Stat: nPR #44 (#56) Dim/MaxDim [352/640] AUC: 0.977613 FPR95: 12.93 [saved]
Step: 6400000  Loss: 0.069853 Regul: 0.019764 Obj: 0.089618 (0.079767)  NNZ: 6 (7)  Ttime: 1.4002 Vtime: 0.0513
Step: 6500000  Loss: 0.111845 Regul: 0.026719 Obj: 0.138564 (0.079767)  NNZ: 8 (7)  Ttime: 1.3990 Vtime: 0.0514
Best: 6600000  Loss: 0.058177 Regul: 0.015853 Obj: 0.074030 (0.074030)  NNZ: 5 (5)  Ttime: 1.3990 Vtime: 0.0513
Stat: nPR #32 (#40) Dim/MaxDim [256/640] AUC: 0.978925 FPR95: 11.39 [saved]
Step: 6700000  Loss: 0.053829 Regul: 0.031915 Obj: 0.085744 (0.074030)  NNZ: 10 (5)  Ttime: 1.4007 Vtime: 0.0519
Step: 6800000  Loss: 0.085162 Regul: 0.064819 Obj: 0.149982 (0.074030)  NNZ: 12 (5)  Ttime: 1.4013 Vtime: 0.0512
Step: 6900000  Loss: 0.067525 Regul: 0.024005 Obj: 0.091531 (0.074030)  NNZ: 7 (5)  Ttime: 1.3986 Vtime: 0.0517
Step: 7000000  Loss: 0.072081 Regul: 0.048966 Obj: 0.121047 (0.074030)  NNZ: 13 (5)  Ttime: 1.3993 Vtime: 0.0509
Step: 7100000  Loss: 0.054545 Regul: 0.034442 Obj: 0.088987 (0.074030)  NNZ: 8 (5)  Ttime: 1.3969 Vtime: 0.0520
Step: 7200000  Loss: 0.058079 Regul: 0.033179 Obj: 0.091258 (0.074030)  NNZ: 9 (5)  Ttime: 1.3987 Vtime: 0.0513
Step: 7300000  Loss: 0.151378 Regul: 0.055514 Obj: 0.206892 (0.074030)  NNZ: 16 (5)  Ttime: 1.3996 Vtime: 0.0512
Step: 7400000  Loss: 0.092041 Regul: 0.049274 Obj: 0.141314 (0.074030)  NNZ: 15 (5)  Ttime: 1.3983 Vtime: 0.0513
Step: 7500000  Loss: 0.078357 Regul: 0.019753 Obj: 0.098111 (0.074030)  NNZ: 7 (5)  Ttime: 1.4012 Vtime: 0.0516
Step: 7600000  Loss: 0.067519 Regul: 0.033860 Obj: 0.101379 (0.074030)  NNZ: 11 (5)  Ttime: 1.4020 Vtime: 0.0514
Step: 7700000  Loss: 0.071067 Regul: 0.035310 Obj: 0.106378 (0.074030)  NNZ: 11 (5)  Ttime: 1.4018 Vtime: 0.0515
Step: 7800000  Loss: 0.059321 Regul: 0.030103 Obj: 0.089423 (0.074030)  NNZ: 8 (5)  Ttime: 1.4000 Vtime: 0.0516
Step: 7900000  Loss: 0.061522 Regul: 0.035288 Obj: 0.096810 (0.074030)  NNZ: 10 (5)  Ttime: 1.4037 Vtime: 0.0527
Step: 8000000  Loss: 0.060438 Regul: 0.024807 Obj: 0.085245 (0.074030)  NNZ: 7 (5)  Ttime: 1.3998 Vtime: 0.0509
Step: 8100000  Loss: 0.065177 Regul: 0.025532 Obj: 0.090709 (0.074030)  NNZ: 7 (5)  Ttime: 1.3977 Vtime: 0.0514
Step: 8200000  Loss: 0.052218 Regul: 0.022632 Obj: 0.074850 (0.074030)  NNZ: 10 (5)  Ttime: 1.3991 Vtime: 0.0517
Step: 8300000  Loss: 0.060455 Regul: 0.031531 Obj: 0.091986 (0.074030)  NNZ: 12 (5)  Ttime: 1.3997 Vtime: 0.0515
Step: 8400000  Loss: 0.069191 Regul: 0.034937 Obj: 0.104127 (0.074030)  NNZ: 9 (5)  Ttime: 1.3985 Vtime: 0.0520
Step: 8500000  Loss: 0.110609 Regul: 0.054294 Obj: 0.164903 (0.074030)  NNZ: 14 (5)  Ttime: 1.3986 Vtime: 0.0514
Step: 8600000  Loss: 0.055699 Regul: 0.032948 Obj: 0.088647 (0.074030)  NNZ: 11 (5)  Ttime: 1.3983 Vtime: 0.0510
Step: 8700000  Loss: 0.056787 Regul: 0.030454 Obj: 0.087241 (0.074030)  NNZ: 10 (5)  Ttime: 1.3985 Vtime: 0.0519
Step: 8800000  Loss: 0.063295 Regul: 0.020358 Obj: 0.083653 (0.074030)  NNZ: 7 (5)  Ttime: 1.4008 Vtime: 0.0512
Step: 8900000  Loss: 0.079905 Regul: 0.067313 Obj: 0.147218 (0.074030)  NNZ: 17 (5)  Ttime: 1.3992 Vtime: 0.0512
Step: 9000000  Loss: 0.054814 Regul: 0.020259 Obj: 0.075072 (0.074030)  NNZ: 11 (5)  Ttime: 1.4022 Vtime: 0.0513
Step: 9100000  Loss: 0.060817 Regul: 0.026224 Obj: 0.087041 (0.074030)  NNZ: 11 (5)  Ttime: 1.3988 Vtime: 0.0516
Step: 9200000  Loss: 0.074855 Regul: 0.045769 Obj: 0.120624 (0.074030)  NNZ: 13 (5)  Ttime: 1.4013 Vtime: 0.0520
Step: 9300000  Loss: 0.059958 Regul: 0.041298 Obj: 0.101256 (0.074030)  NNZ: 10 (5)  Ttime: 1.3999 Vtime: 0.0511
Step: 9400000  Loss: 0.051862 Regul: 0.025027 Obj: 0.076889 (0.074030)  NNZ: 9 (5)  Ttime: 1.3988 Vtime: 0.0515
Step: 9500000  Loss: 0.080297 Regul: 0.051339 Obj: 0.131637 (0.074030)  NNZ: 15 (5)  Ttime: 1.3982 Vtime: 0.0514
Step: 9600000  Loss: 0.057958 Regul: 0.037859 Obj: 0.095817 (0.074030)  NNZ: 13 (5)  Ttime: 1.4027 Vtime: 0.0514
Step: 9700000  Loss: 0.058615 Regul: 0.027982 Obj: 0.086598 (0.074030)  NNZ: 12 (5)  Ttime: 1.3989 Vtime: 0.0517
Step: 9800000  Loss: 0.065908 Regul: 0.032113 Obj: 0.098021 (0.074030)  NNZ: 11 (5)  Ttime: 1.3988 Vtime: 0.0515
Step: 9900000  Loss: 0.059156 Regul: 0.035684 Obj: 0.094839 (0.074030)  NNZ: 9 (5)  Ttime: 1.3994 Vtime: 0.0514
Step: 10000000  Loss: 0.064342 Regul: 0.035442 Obj: 0.099784 (0.074030)  NNZ: 10 (5)  Ttime: 1.3985 Vtime: 0.0522
Step: 10100000  Loss: 0.061813 Regul: 0.021533 Obj: 0.083346 (0.074030)  NNZ: 13 (5)  Ttime: 1.4042 Vtime: 0.0509
Step: 10200000  Loss: 0.056966 Regul: 0.033113 Obj: 0.090079 (0.074030)  NNZ: 11 (5)  Ttime: 1.3996 Vtime: 0.0523
Step: 10300000  Loss: 0.058666 Regul: 0.037573 Obj: 0.096240 (0.074030)  NNZ: 10 (5)  Ttime: 1.4004 Vtime: 0.0510
Step: 10400000  Loss: 0.064054 Regul: 0.045374 Obj: 0.109428 (0.074030)  NNZ: 15 (5)  Ttime: 1.3993 Vtime: 0.0518
Step: 10500000  Loss: 0.069346 Regul: 0.030784 Obj: 0.100130 (0.074030)  NNZ: 10 (5)  Ttime: 1.4017 Vtime: 0.0515
Step: 10600000  Loss: 0.078028 Regul: 0.017205 Obj: 0.095233 (0.074030)  NNZ: 6 (5)  Ttime: 1.4009 Vtime: 0.0514
Step: 10700000  Loss: 0.084960 Regul: 0.020709 Obj: 0.105669 (0.074030)  NNZ: 9 (5)  Ttime: 1.4025 Vtime: 0.0517
Step: 10800000  Loss: 0.076566 Regul: 0.036211 Obj: 0.112777 (0.074030)  NNZ: 13 (5)  Ttime: 1.3999 Vtime: 0.0511
Step: 10900000  Loss: 0.056443 Regul: 0.039650 Obj: 0.096092 (0.074030)  NNZ: 11 (5)  Ttime: 1.4010 Vtime: 0.0512
Step: 11000000  Loss: 0.063553 Regul: 0.027839 Obj: 0.091392 (0.074030)  NNZ: 10 (5)  Ttime: 1.3992 Vtime: 0.0510
Best: 11100000  Loss: 0.054260 Regul: 0.018116 Obj: 0.072377 (0.072377)  NNZ: 10 (10)  Ttime: 1.4005 Vtime: 0.0521
Stat: nPR #64 (#80) Dim/MaxDim [512/640] AUC: 0.979613 FPR95: 10.77 [saved]
Step: 11200000  Loss: 0.082506 Regul: 0.013744 Obj: 0.096250 (0.072377)  NNZ: 6 (10)  Ttime: 1.4019 Vtime: 0.0518
Step: 11300000  Loss: 0.057957 Regul: 0.028927 Obj: 0.086884 (0.072377)  NNZ: 11 (10)  Ttime: 1.4000 Vtime: 0.0519
Step: 11400000  Loss: 0.072830 Regul: 0.029905 Obj: 0.102734 (0.072377)  NNZ: 12 (10)  Ttime: 1.4022 Vtime: 0.0525
Step: 11500000  Loss: 0.075377 Regul: 0.031091 Obj: 0.106469 (0.072377)  NNZ: 9 (10)  Ttime: 1.3981 Vtime: 0.0513
Step: 11600000  Loss: 0.055362 Regul: 0.034299 Obj: 0.089661 (0.072377)  NNZ: 12 (10)  Ttime: 1.3997 Vtime: 0.0516
Step: 11700000  Loss: 0.070107 Regul: 0.029718 Obj: 0.099825 (0.072377)  NNZ: 11 (10)  Ttime: 1.4023 Vtime: 0.0520
Step: 11800000  Loss: 0.058919 Regul: 0.024598 Obj: 0.083517 (0.072377)  NNZ: 11 (10)  Ttime: 1.3995 Vtime: 0.0512
Step: 11900000  Loss: 0.068033 Regul: 0.033640 Obj: 0.101673 (0.072377)  NNZ: 12 (10)  Ttime: 1.4018 Vtime: 0.0513
Step: 12000000  Loss: 0.067419 Regul: 0.022346 Obj: 0.089766 (0.072377)  NNZ: 7 (10)  Ttime: 1.4005 Vtime: 0.0511
Step: 12100000  Loss: 0.057446 Regul: 0.029949 Obj: 0.087395 (0.072377)  NNZ: 10 (10)  Ttime: 1.4043 Vtime: 0.0520
Step: 12200000  Loss: 0.068051 Regul: 0.020643 Obj: 0.088694 (0.072377)  NNZ: 11 (10)  Ttime: 1.4018 Vtime: 0.0513
Step: 12300000  Loss: 0.049830 Regul: 0.024379 Obj: 0.074209 (0.072377)  NNZ: 10 (10)  Ttime: 1.3987 Vtime: 0.0518
Step: 12400000  Loss: 0.061687 Regul: 0.038145 Obj: 0.099831 (0.072377)  NNZ: 13 (10)  Ttime: 1.4007 Vtime: 0.0517
Step: 12500000  Loss: 0.144423 Regul: 0.024005 Obj: 0.168428 (0.072377)  NNZ: 10 (10)  Ttime: 1.3981 Vtime: 0.0510
Step: 12600000  Loss: 0.061811 Regul: 0.025818 Obj: 0.087629 (0.072377)  NNZ: 7 (10)  Ttime: 1.4021 Vtime: 0.0524
Step: 12700000  Loss: 0.064918 Regul: 0.037738 Obj: 0.102656 (0.072377)  NNZ: 12 (10)  Ttime: 1.4002 Vtime: 0.0521
Step: 12800000  Loss: 0.062260 Regul: 0.036442 Obj: 0.098702 (0.072377)  NNZ: 13 (10)  Ttime: 1.3983 Vtime: 0.0519
Step: 12900000  Loss: 0.078165 Regul: 0.043275 Obj: 0.121440 (0.072377)  NNZ: 15 (10)  Ttime: 1.4031 Vtime: 0.0514
Step: 13000000  Loss: 0.062351 Regul: 0.035848 Obj: 0.098199 (0.072377)  NNZ: 14 (10)  Ttime: 1.4012 Vtime: 0.0515
Step: 13100000  Loss: 0.054927 Regul: 0.037760 Obj: 0.092688 (0.072377)  NNZ: 13 (10)  Ttime: 1.4018 Vtime: 0.0516
Step: 13200000  Loss: 0.060746 Regul: 0.024928 Obj: 0.085674 (0.072377)  NNZ: 8 (10)  Ttime: 1.3998 Vtime: 0.0516
Step: 13300000  Loss: 0.057512 Regul: 0.024159 Obj: 0.081671 (0.072377)  NNZ: 10 (10)  Ttime: 1.3991 Vtime: 0.0518
Step: 13400000  Loss: 0.059782 Regul: 0.035629 Obj: 0.095411 (0.072377)  NNZ: 16 (10)  Ttime: 1.4022 Vtime: 0.0510
Step: 13500000  Loss: 0.064444 Regul: 0.030081 Obj: 0.094524 (0.072377)  NNZ: 12 (10)  Ttime: 1.4015 Vtime: 0.0513
Step: 13600000  Loss: 0.070126 Regul: 0.033519 Obj: 0.103645 (0.072377)  NNZ: 15 (10)  Ttime: 1.4030 Vtime: 0.0518
Step: 13700000  Loss: 0.055089 Regul: 0.022950 Obj: 0.078039 (0.072377)  NNZ: 9 (10)  Ttime: 1.4042 Vtime: 0.0513
Step: 13800000  Loss: 0.100257 Regul: 0.024653 Obj: 0.124910 (0.072377)  NNZ: 12 (10)  Ttime: 1.4003 Vtime: 0.0510
Step: 13900000  Loss: 0.065563 Regul: 0.037551 Obj: 0.103115 (0.072377)  NNZ: 16 (10)  Ttime: 1.4004 Vtime: 0.0513
Step: 14000000  Loss: 0.057324 Regul: 0.030564 Obj: 0.087888 (0.072377)  NNZ: 10 (10)  Ttime: 1.3998 Vtime: 0.0515
Step: 14100000  Loss: 0.088290 Regul: 0.019687 Obj: 0.107978 (0.072377)  NNZ: 9 (10)  Ttime: 1.4002 Vtime: 0.0516
Step: 14200000  Loss: 0.055292 Regul: 0.035332 Obj: 0.090624 (0.072377)  NNZ: 13 (10)  Ttime: 1.4008 Vtime: 0.0509
Step: 14300000  Loss: 0.064627 Regul: 0.017435 Obj: 0.082062 (0.072377)  NNZ: 8 (10)  Ttime: 1.3990 Vtime: 0.0514
Step: 14400000  Loss: 0.061009 Regul: 0.027576 Obj: 0.088585 (0.072377)  NNZ: 9 (10)  Ttime: 1.3990 Vtime: 0.0519
Step: 14500000  Loss: 0.066433 Regul: 0.026136 Obj: 0.092570 (0.072377)  NNZ: 9 (10)  Ttime: 1.4014 Vtime: 0.0516
Step: 14600000  Loss: 0.061775 Regul: 0.031498 Obj: 0.093273 (0.072377)  NNZ: 12 (10)  Ttime: 1.3987 Vtime: 0.0519
Step: 14700000  Loss: 0.124207 Regul: 0.051317 Obj: 0.175524 (0.072377)  NNZ: 18 (10)  Ttime: 1.4022 Vtime: 0.0516
Step: 14800000  Loss: 0.068900 Regul: 0.016512 Obj: 0.085413 (0.072377)  NNZ: 7 (10)  Ttime: 1.3995 Vtime: 0.0520
Step: 14900000  Loss: 0.066500 Regul: 0.019819 Obj: 0.086320 (0.072377)  NNZ: 8 (10)  Ttime: 1.4011 Vtime: 0.0511
Step: 15000000  Loss: 0.056855 Regul: 0.018710 Obj: 0.075565 (0.072377)  NNZ: 10 (10)  Ttime: 1.4023 Vtime: 0.0524
Step: 15100000  Loss: 0.068266 Regul: 0.028619 Obj: 0.096885 (0.072377)  NNZ: 11 (10)  Ttime: 1.3976 Vtime: 0.0515
Step: 15200000  Loss: 0.128100 Regul: 0.038837 Obj: 0.166937 (0.072377)  NNZ: 15 (10)  Ttime: 1.3999 Vtime: 0.0518
Step: 15300000  Loss: 0.061158 Regul: 0.026389 Obj: 0.087548 (0.072377)  NNZ: 10 (10)  Ttime: 1.4037 Vtime: 0.0507
Step: 15400000  Loss: 0.052323 Regul: 0.026213 Obj: 0.078536 (0.072377)  NNZ: 14 (10)  Ttime: 1.4086 Vtime: 0.0519
Step: 15500000  Loss: 0.082855 Regul: 0.028224 Obj: 0.111079 (0.072377)  NNZ: 10 (10)  Ttime: 1.4044 Vtime: 0.0513
Step: 15600000  Loss: 0.063823 Regul: 0.016732 Obj: 0.080555 (0.072377)  NNZ: 7 (10)  Ttime: 1.4110 Vtime: 0.0512
Step: 15700000  Loss: 0.097990 Regul: 0.036804 Obj: 0.134794 (0.072377)  NNZ: 13 (10)  Ttime: 1.3999 Vtime: 0.0515
Step: 15800000  Loss: 0.058021 Regul: 0.019138 Obj: 0.077160 (0.072377)  NNZ: 8 (10)  Ttime: 1.4012 Vtime: 0.0518
Step: 15900000  Loss: 0.062899 Regul: 0.019556 Obj: 0.082455 (0.072377)  NNZ: 8 (10)  Ttime: 1.4054 Vtime: 0.0521
Step: 16000000  Loss: 0.075501 Regul: 0.040957 Obj: 0.116458 (0.072377)  NNZ: 16 (10)  Ttime: 1.3994 Vtime: 0.0523
Step: 16100000  Loss: 0.072909 Regul: 0.012491 Obj: 0.085401 (0.072377)  NNZ: 6 (10)  Ttime: 1.4007 Vtime: 0.0514
Step: 16200000  Loss: 0.069879 Regul: 0.023698 Obj: 0.093576 (0.072377)  NNZ: 8 (10)  Ttime: 1.4018 Vtime: 0.0522
Step: 16300000  Loss: 0.061637 Regul: 0.024357 Obj: 0.085994 (0.072377)  NNZ: 10 (10)  Ttime: 1.4029 Vtime: 0.0517
Step: 16400000  Loss: 0.060525 Regul: 0.031663 Obj: 0.092188 (0.072377)  NNZ: 13 (10)  Ttime: 1.4015 Vtime: 0.0513
Step: 16500000  Loss: 0.061851 Regul: 0.026115 Obj: 0.087966 (0.072377)  NNZ: 12 (10)  Ttime: 1.4026 Vtime: 0.0515
Step: 16600000  Loss: 0.056797 Regul: 0.043352 Obj: 0.100149 (0.072377)  NNZ: 15 (10)  Ttime: 1.4016 Vtime: 0.0516
Step: 16700000  Loss: 0.079719 Regul: 0.031322 Obj: 0.111041 (0.072377)  NNZ: 11 (10)  Ttime: 1.4013 Vtime: 0.0520
Step: 16800000  Loss: 0.058881 Regul: 0.032596 Obj: 0.091477 (0.072377)  NNZ: 8 (10)  Ttime: 1.4080 Vtime: 0.0510
Step: 16900000  Loss: 0.052653 Regul: 0.020094 Obj: 0.072747 (0.072377)  NNZ: 10 (10)  Ttime: 1.3996 Vtime: 0.0519
Step: 17000000  Loss: 0.058964 Regul: 0.017468 Obj: 0.076432 (0.072377)  NNZ: 9 (10)  Ttime: 1.4030 Vtime: 0.0510
Step: 17100000  Loss: 0.052197 Regul: 0.021445 Obj: 0.073642 (0.072377)  NNZ: 8 (10)  Ttime: 1.4030 Vtime: 0.0516
Step: 17200000  Loss: 0.061902 Regul: 0.021808 Obj: 0.083709 (0.072377)  NNZ: 8 (10)  Ttime: 1.4005 Vtime: 0.0512
Step: 17300000  Loss: 0.061589 Regul: 0.022324 Obj: 0.083914 (0.072377)  NNZ: 9 (10)  Ttime: 1.4012 Vtime: 0.0517
Step: 17400000  Loss: 0.118753 Regul: 0.018457 Obj: 0.137210 (0.072377)  NNZ: 10 (10)  Ttime: 1.3999 Vtime: 0.0512
Step: 17500000  Loss: 0.050638 Regul: 0.027839 Obj: 0.078477 (0.072377)  NNZ: 14 (10)  Ttime: 1.3991 Vtime: 0.0513
Step: 17600000  Loss: 0.056260 Regul: 0.019490 Obj: 0.075750 (0.072377)  NNZ: 11 (10)  Ttime: 1.4017 Vtime: 0.0517
Step: 17700000  Loss: 0.085409 Regul: 0.039034 Obj: 0.124443 (0.072377)  NNZ: 16 (10)  Ttime: 1.4024 Vtime: 0.0516
Step: 17800000  Loss: 0.112647 Regul: 0.040056 Obj: 0.152704 (0.072377)  NNZ: 18 (10)  Ttime: 1.4014 Vtime: 0.0516
Step: 17900000  Loss: 0.090744 Regul: 0.031860 Obj: 0.122604 (0.072377)  NNZ: 11 (10)  Ttime: 1.4059 Vtime: 0.0521
Step: 18000000  Loss: 0.055565 Regul: 0.028839 Obj: 0.084404 (0.072377)  NNZ: 12 (10)  Ttime: 1.3998 Vtime: 0.0513
Step: 18100000  Loss: 0.062098 Regul: 0.030520 Obj: 0.092618 (0.072377)  NNZ: 11 (10)  Ttime: 1.4019 Vtime: 0.0519
Step: 18200000  Loss: 0.056338 Regul: 0.022830 Obj: 0.079167 (0.072377)  NNZ: 8 (10)  Ttime: 1.4015 Vtime: 0.0516
Best: 18300000  Loss: 0.055440 Regul: 0.016787 Obj: 0.072228 (0.072228)  NNZ: 7 (7)  Ttime: 1.4031 Vtime: 0.0522
Stat: nPR #52 (#56) Dim/MaxDim [416/640] AUC: 0.979175 FPR95: 11.02 [saved]
Step: 18400000  Loss: 0.051736 Regul: 0.026884 Obj: 0.078619 (0.072228)  NNZ: 13 (7)  Ttime: 1.3986 Vtime: 0.0517
Step: 18500000  Loss: 0.058780 Regul: 0.021951 Obj: 0.080730 (0.072228)  NNZ: 12 (7)  Ttime: 1.4023 Vtime: 0.0508
Step: 18600000  Loss: 0.141397 Regul: 0.035607 Obj: 0.177004 (0.072228)  NNZ: 17 (7)  Ttime: 1.4002 Vtime: 0.0513
Step: 18700000  Loss: 0.075993 Regul: 0.027477 Obj: 0.103470 (0.072228)  NNZ: 9 (7)  Ttime: 1.4020 Vtime: 0.0518
Step: 18800000  Loss: 0.067713 Regul: 0.021270 Obj: 0.088983 (0.072228)  NNZ: 9 (7)  Ttime: 1.4031 Vtime: 0.0521
Step: 18900000  Loss: 0.062478 Regul: 0.021412 Obj: 0.083891 (0.072228)  NNZ: 10 (7)  Ttime: 1.4013 Vtime: 0.0518
Step: 19000000  Loss: 0.067175 Regul: 0.022753 Obj: 0.089927 (0.072228)  NNZ: 7 (7)  Ttime: 1.4005 Vtime: 0.0514
Step: 19100000  Loss: 0.071667 Regul: 0.046351 Obj: 0.118018 (0.072228)  NNZ: 19 (7)  Ttime: 1.4012 Vtime: 0.0521
Step: 19200000  Loss: 0.107933 Regul: 0.028114 Obj: 0.136047 (0.072228)  NNZ: 13 (7)  Ttime: 1.4025 Vtime: 0.0517
Step: 19300000  Loss: 0.058765 Regul: 0.016348 Obj: 0.075113 (0.072228)  NNZ: 11 (7)  Ttime: 1.4011 Vtime: 0.0517
Step: 19400000  Loss: 0.068477 Regul: 0.011766 Obj: 0.080244 (0.072228)  NNZ: 7 (7)  Ttime: 1.4000 Vtime: 0.0512
Step: 19500000  Loss: 0.122343 Regul: 0.053888 Obj: 0.176231 (0.072228)  NNZ: 20 (7)  Ttime: 1.4007 Vtime: 0.0515
Step: 19600000  Loss: 0.051024 Regul: 0.023950 Obj: 0.074974 (0.072228)  NNZ: 16 (7)  Ttime: 1.4028 Vtime: 0.0513
Step: 19700000  Loss: 0.057952 Regul: 0.018666 Obj: 0.076617 (0.072228)  NNZ: 7 (7)  Ttime: 1.3998 Vtime: 0.0511
Step: 19800000  Loss: 0.064334 Regul: 0.026422 Obj: 0.090756 (0.072228)  NNZ: 13 (7)  Ttime: 1.4015 Vtime: 0.0510
Step: 19900000  Loss: 0.066241 Regul: 0.027620 Obj: 0.093860 (0.072228)  NNZ: 8 (7)  Ttime: 1.3998 Vtime: 0.0520
Step: 20000000  Loss: 0.056058 Regul: 0.022126 Obj: 0.078185 (0.072228)  NNZ: 11 (7)  Ttime: 1.3994 Vtime: 0.0515
Step: 20100000  Loss: 0.056683 Regul: 0.023126 Obj: 0.079810 (0.072228)  NNZ: 10 (7)  Ttime: 1.4002 Vtime: 0.0517
Step: 20200000  Loss: 0.064380 Regul: 0.028136 Obj: 0.092516 (0.072228)  NNZ: 9 (7)  Ttime: 1.4046 Vtime: 0.0512
Step: 20300000  Loss: 0.056379 Regul: 0.016051 Obj: 0.072430 (0.072228)  NNZ: 8 (7)  Ttime: 1.4039 Vtime: 0.0517
Step: 20400000  Loss: 0.185663 Regul: 0.028037 Obj: 0.213700 (0.072228)  NNZ: 12 (7)  Ttime: 1.4017 Vtime: 0.0520
Step: 20500000  Loss: 0.100243 Regul: 0.030531 Obj: 0.130774 (0.072228)  NNZ: 14 (7)  Ttime: 1.4008 Vtime: 0.0509
Step: 20600000  Loss: 0.061612 Regul: 0.016677 Obj: 0.078290 (0.072228)  NNZ: 9 (7)  Ttime: 1.4052 Vtime: 0.0515
Step: 20700000  Loss: 0.060954 Regul: 0.015919 Obj: 0.076873 (0.072228)  NNZ: 7 (7)  Ttime: 1.4019 Vtime: 0.0519
Step: 20800000  Loss: 0.065059 Regul: 0.021467 Obj: 0.086526 (0.072228)  NNZ: 8 (7)  Ttime: 1.4081 Vtime: 0.0514
Step: 20900000  Loss: 0.062989 Regul: 0.018853 Obj: 0.081842 (0.072228)  NNZ: 8 (7)  Ttime: 1.4205 Vtime: 0.0519
Step: 21000000  Loss: 0.070675 Regul: 0.012195 Obj: 0.082870 (0.072228)  NNZ: 6 (7)  Ttime: 1.4117 Vtime: 0.0525
Step: 21100000  Loss: 0.059063 Regul: 0.033157 Obj: 0.092220 (0.072228)  NNZ: 13 (7)  Ttime: 1.4191 Vtime: 0.0509
Step: 21200000  Loss: 0.075700 Regul: 0.033245 Obj: 0.108945 (0.072228)  NNZ: 13 (7)  Ttime: 1.4057 Vtime: 0.0506
Step: 21300000  Loss: 0.104797 Regul: 0.032915 Obj: 0.137712 (0.072228)  NNZ: 19 (7)  Ttime: 1.4058 Vtime: 0.0519
Step: 21400000  Loss: 0.061438 Regul: 0.020852 Obj: 0.082290 (0.072228)  NNZ: 12 (7)  Ttime: 1.4066 Vtime: 0.0510
Step: 21500000  Loss: 0.057435 Regul: 0.025730 Obj: 0.083165 (0.072228)  NNZ: 13 (7)  Ttime: 1.4039 Vtime: 0.0508
Step: 21600000  Loss: 0.064072 Regul: 0.023137 Obj: 0.087209 (0.072228)  NNZ: 12 (7)  Ttime: 1.4050 Vtime: 0.0516
Step: 21700000  Loss: 0.053818 Regul: 0.025444 Obj: 0.079263 (0.072228)  NNZ: 13 (7)  Ttime: 1.4010 Vtime: 0.0518
Step: 21800000  Loss: 0.055168 Regul: 0.022632 Obj: 0.077799 (0.072228)  NNZ: 12 (7)  Ttime: 1.4002 Vtime: 0.0512
Step: 21900000  Loss: 0.064969 Regul: 0.012876 Obj: 0.077845 (0.072228)  NNZ: 8 (7)  Ttime: 1.4016 Vtime: 0.0518
Step: 22000000  Loss: 0.085898 Regul: 0.012964 Obj: 0.098862 (0.072228)  NNZ: 7 (7)  Ttime: 1.4028 Vtime: 0.0514
Step: 22100000  Loss: 0.098462 Regul: 0.010151 Obj: 0.108614 (0.072228)  NNZ: 4 (7)  Ttime: 1.4004 Vtime: 0.0513
Step: 22200000  Loss: 0.069939 Regul: 0.016721 Obj: 0.086660 (0.072228)  NNZ: 8 (7)  Ttime: 1.4029 Vtime: 0.0511
Step: 22300000  Loss: 0.054195 Regul: 0.022742 Obj: 0.076936 (0.072228)  NNZ: 11 (7)  Ttime: 1.4031 Vtime: 0.0515
Step: 22400000  Loss: 0.070366 Regul: 0.012678 Obj: 0.083044 (0.072228)  NNZ: 10 (7)  Ttime: 1.4009 Vtime: 0.0516
Step: 22500000  Loss: 0.060891 Regul: 0.018018 Obj: 0.078908 (0.072228)  NNZ: 7 (7)  Ttime: 1.4008 Vtime: 0.0516
Step: 22600000  Loss: 0.054485 Regul: 0.019116 Obj: 0.073602 (0.072228)  NNZ: 13 (7)  Ttime: 1.4101 Vtime: 0.0516
Step: 22700000  Loss: 0.080226 Regul: 0.022676 Obj: 0.102901 (0.072228)  NNZ: 10 (7)  Ttime: 1.4007 Vtime: 0.0521
Step: 22800000  Loss: 0.061962 Regul: 0.020215 Obj: 0.082177 (0.072228)  NNZ: 8 (7)  Ttime: 1.4036 Vtime: 0.0515
Step: 22900000  Loss: 0.055529 Regul: 0.018962 Obj: 0.074492 (0.072228)  NNZ: 9 (7)  Ttime: 1.4009 Vtime: 0.0512
Step: 23000000  Loss: 0.059420 Regul: 0.018259 Obj: 0.077679 (0.072228)  NNZ: 9 (7)  Ttime: 1.4027 Vtime: 0.0518
Step: 23100000  Loss: 0.080302 Regul: 0.011711 Obj: 0.092014 (0.072228)  NNZ: 6 (7)  Ttime: 1.4044 Vtime: 0.0514
Step: 23200000  Loss: 0.080713 Regul: 0.016282 Obj: 0.096994 (0.072228)  NNZ: 10 (7)  Ttime: 1.4008 Vtime: 0.0515
Step: 23300000  Loss: 0.055089 Regul: 0.034937 Obj: 0.090025 (0.072228)  NNZ: 15 (7)  Ttime: 1.4006 Vtime: 0.0510
Step: 23400000  Loss: 0.071003 Regul: 0.013162 Obj: 0.084165 (0.072228)  NNZ: 8 (7)  Ttime: 1.4011 Vtime: 0.0523
Step: 23500000  Loss: 0.063787 Regul: 0.021182 Obj: 0.084968 (0.072228)  NNZ: 9 (7)  Ttime: 1.4032 Vtime: 0.0511
Step: 23600000  Loss: 0.056195 Regul: 0.025796 Obj: 0.081991 (0.072228)  NNZ: 10 (7)  Ttime: 1.4009 Vtime: 0.0517
Step: 23700000  Loss: 0.060564 Regul: 0.016040 Obj: 0.076604 (0.072228)  NNZ: 10 (7)  Ttime: 1.3996 Vtime: 0.0512
Step: 23800000  Loss: 0.063725 Regul: 0.014810 Obj: 0.078534 (0.072228)  NNZ: 8 (7)  Ttime: 1.4025 Vtime: 0.0519
Step: 23900000  Loss: 0.055292 Regul: 0.024368 Obj: 0.079660 (0.072228)  NNZ: 10 (7)  Ttime: 1.4022 Vtime: 0.0512
Step: 24000000  Loss: 0.054575 Regul: 0.019995 Obj: 0.074570 (0.072228)  NNZ: 12 (7)  Ttime: 1.4030 Vtime: 0.0516
Step: 24100000  Loss: 0.052936 Regul: 0.027993 Obj: 0.080929 (0.072228)  NNZ: 15 (7)  Ttime: 1.4007 Vtime: 0.0515
Step: 24200000  Loss: 0.050214 Regul: 0.025049 Obj: 0.075262 (0.072228)  NNZ: 9 (7)  Ttime: 1.4013 Vtime: 0.0514
Step: 24300000  Loss: 0.061671 Regul: 0.019292 Obj: 0.080963 (0.072228)  NNZ: 9 (7)  Ttime: 1.4023 Vtime: 0.0518
Step: 24400000  Loss: 0.058812 Regul: 0.021973 Obj: 0.080784 (0.072228)  NNZ: 8 (7)  Ttime: 1.4004 Vtime: 0.0515
Step: 24500000  Loss: 0.106756 Regul: 0.026675 Obj: 0.133431 (0.072228)  NNZ: 13 (7)  Ttime: 1.3998 Vtime: 0.0504
Step: 24600000  Loss: 0.054505 Regul: 0.021797 Obj: 0.076301 (0.072228)  NNZ: 13 (7)  Ttime: 1.4025 Vtime: 0.0515
Step: 24700000  Loss: 0.073196 Regul: 0.019709 Obj: 0.092906 (0.072228)  NNZ: 13 (7)  Ttime: 1.4011 Vtime: 0.0518
Step: 24800000  Loss: 0.059199 Regul: 0.018237 Obj: 0.077437 (0.072228)  NNZ: 10 (7)  Ttime: 1.4032 Vtime: 0.0525
Step: 24900000  Loss: 0.053227 Regul: 0.028323 Obj: 0.081550 (0.072228)  NNZ: 13 (7)  Ttime: 1.4014 Vtime: 0.0516
Step: 25000000  Loss: 0.050652 Regul: 0.022654 Obj: 0.073306 (0.072228)  NNZ: 12 (7)  Ttime: 1.4023 Vtime: 0.0518
Step: 25100000  Loss: 0.056108 Regul: 0.029509 Obj: 0.085617 (0.072228)  NNZ: 11 (7)  Ttime: 1.4011 Vtime: 0.0509
Step: 25200000  Loss: 0.074067 Regul: 0.014919 Obj: 0.088986 (0.072228)  NNZ: 4 (7)  Ttime: 1.4008 Vtime: 0.0518
Step: 25300000  Loss: 0.056707 Regul: 0.015601 Obj: 0.072307 (0.072228)  NNZ: 8 (7)  Ttime: 1.4006 Vtime: 0.0510
Step: 25400000  Loss: 0.060117 Regul: 0.015842 Obj: 0.075959 (0.072228)  NNZ: 12 (7)  Ttime: 1.4002 Vtime: 0.0516
Step: 25500000  Loss: 0.080461 Regul: 0.019468 Obj: 0.099928 (0.072228)  NNZ: 7 (7)  Ttime: 1.4034 Vtime: 0.0512
Step: 25600000  Loss: 0.083594 Regul: 0.013140 Obj: 0.096734 (0.072228)  NNZ: 4 (7)  Ttime: 1.4025 Vtime: 0.0519
Step: 25700000  Loss: 0.063083 Regul: 0.017051 Obj: 0.080134 (0.072228)  NNZ: 9 (7)  Ttime: 1.4039 Vtime: 0.0515
Step: 25800000  Loss: 0.062866 Regul: 0.021973 Obj: 0.084839 (0.072228)  NNZ: 9 (7)  Ttime: 1.4015 Vtime: 0.0512
Step: 25900000  Loss: 0.063976 Regul: 0.016414 Obj: 0.080390 (0.072228)  NNZ: 11 (7)  Ttime: 1.4021 Vtime: 0.0512
Best: 26000000  Loss: 0.053415 Regul: 0.018611 Obj: 0.072026 (0.072026)  NNZ: 9 (9)  Ttime: 1.4025 Vtime: 0.0506
Stat: nPR #52 (#72) Dim/MaxDim [416/640] AUC: 0.979740 FPR95: 10.97 [saved]
Step: 26100000  Loss: 0.057993 Regul: 0.016963 Obj: 0.074956 (0.072026)  NNZ: 8 (9)  Ttime: 1.4033 Vtime: 0.0511
Step: 26200000  Loss: 0.056461 Regul: 0.017314 Obj: 0.073776 (0.072026)  NNZ: 6 (9)  Ttime: 1.4022 Vtime: 0.0521
Step: 26300000  Loss: 0.054127 Regul: 0.022698 Obj: 0.076825 (0.072026)  NNZ: 16 (9)  Ttime: 1.4011 Vtime: 0.0515
Step: 26400000  Loss: 0.067201 Regul: 0.016545 Obj: 0.083746 (0.072026)  NNZ: 7 (9)  Ttime: 1.4016 Vtime: 0.0510
Step: 26500000  Loss: 0.059439 Regul: 0.024785 Obj: 0.084225 (0.072026)  NNZ: 12 (9)  Ttime: 1.4018 Vtime: 0.0517
Step: 26600000  Loss: 0.064597 Regul: 0.020808 Obj: 0.085405 (0.072026)  NNZ: 10 (9)  Ttime: 1.4028 Vtime: 0.0510
Step: 26700000  Loss: 0.062292 Regul: 0.023818 Obj: 0.086110 (0.072026)  NNZ: 8 (9)  Ttime: 1.4036 Vtime: 0.0519
Step: 26800000  Loss: 0.058630 Regul: 0.015491 Obj: 0.074121 (0.072026)  NNZ: 11 (9)  Ttime: 1.4013 Vtime: 0.0518
Step: 26900000  Loss: 0.056759 Regul: 0.019204 Obj: 0.075963 (0.072026)  NNZ: 9 (9)  Ttime: 1.4028 Vtime: 0.0523
Step: 27000000  Loss: 0.060392 Regul: 0.018940 Obj: 0.079333 (0.072026)  NNZ: 10 (9)  Ttime: 1.4013 Vtime: 0.0516
Step: 27100000  Loss: 0.054718 Regul: 0.025488 Obj: 0.080206 (0.072026)  NNZ: 10 (9)  Ttime: 1.4015 Vtime: 0.0518
Step: 27200000  Loss: 0.061789 Regul: 0.023599 Obj: 0.085388 (0.072026)  NNZ: 11 (9)  Ttime: 1.4026 Vtime: 0.0512
Step: 27300000  Loss: 0.082735 Regul: 0.018040 Obj: 0.100774 (0.072026)  NNZ: 15 (9)  Ttime: 1.4028 Vtime: 0.0516
Step: 27400000  Loss: 0.066178 Regul: 0.015930 Obj: 0.082109 (0.072026)  NNZ: 9 (9)  Ttime: 1.4025 Vtime: 0.0515
Step: 27500000  Loss: 0.057927 Regul: 0.017776 Obj: 0.075703 (0.072026)  NNZ: 9 (9)  Ttime: 1.4035 Vtime: 0.0517
Step: 27600000  Loss: 0.072446 Regul: 0.022039 Obj: 0.094485 (0.072026)  NNZ: 7 (9)  Ttime: 1.4035 Vtime: 0.0517
Step: 27700000  Loss: 0.078875 Regul: 0.016765 Obj: 0.095640 (0.072026)  NNZ: 6 (9)  Ttime: 1.4015 Vtime: 0.0511
Step: 27800000  Loss: 0.081896 Regul: 0.015403 Obj: 0.097299 (0.072026)  NNZ: 9 (9)  Ttime: 1.4022 Vtime: 0.0513
Step: 27900000  Loss: 0.052726 Regul: 0.025422 Obj: 0.078148 (0.072026)  NNZ: 12 (9)  Ttime: 1.4035 Vtime: 0.0523
Step: 28000000  Loss: 0.052277 Regul: 0.022236 Obj: 0.074514 (0.072026)  NNZ: 8 (9)  Ttime: 1.4020 Vtime: 0.0515
Step: 28100000  Loss: 0.058566 Regul: 0.023137 Obj: 0.081703 (0.072026)  NNZ: 8 (9)  Ttime: 1.4026 Vtime: 0.0522
Step: 28200000  Loss: 0.059071 Regul: 0.024807 Obj: 0.083878 (0.072026)  NNZ: 12 (9)  Ttime: 1.4009 Vtime: 0.0507
Step: 28300000  Loss: 0.074769 Regul: 0.013162 Obj: 0.087930 (0.072026)  NNZ: 8 (9)  Ttime: 1.4048 Vtime: 0.0516
Step: 28400000  Loss: 0.075049 Regul: 0.015798 Obj: 0.090847 (0.072026)  NNZ: 12 (9)  Ttime: 1.4009 Vtime: 0.0515
Step: 28500000  Loss: 0.063845 Regul: 0.019072 Obj: 0.082918 (0.072026)  NNZ: 8 (9)  Ttime: 1.4044 Vtime: 0.0518
Step: 28600000  Loss: 0.051814 Regul: 0.028147 Obj: 0.079961 (0.072026)  NNZ: 13 (9)  Ttime: 1.4023 Vtime: 0.0516
Step: 28700000  Loss: 0.051586 Regul: 0.021797 Obj: 0.073383 (0.072026)  NNZ: 10 (9)  Ttime: 1.4012 Vtime: 0.0513
Step: 28800000  Loss: 0.054203 Regul: 0.022346 Obj: 0.076550 (0.072026)  NNZ: 12 (9)  Ttime: 1.4034 Vtime: 0.0510
Step: 28900000  Loss: 0.052661 Regul: 0.023071 Obj: 0.075732 (0.072026)  NNZ: 12 (9)  Ttime: 1.4016 Vtime: 0.0511
Step: 29000000  Loss: 0.084633 Regul: 0.017908 Obj: 0.102540 (0.072026)  NNZ: 9 (9)  Ttime: 1.4050 Vtime: 0.0517
Step: 29100000  Loss: 0.128816 Regul: 0.013074 Obj: 0.141889 (0.072026)  NNZ: 6 (9)  Ttime: 1.4074 Vtime: 0.0514
Step: 29200000  Loss: 0.082414 Regul: 0.024851 Obj: 0.107265 (0.072026)  NNZ: 17 (9)  Ttime: 1.4003 Vtime: 0.0516
Step: 29300000  Loss: 0.068306 Regul: 0.019534 Obj: 0.087840 (0.072026)  NNZ: 14 (9)  Ttime: 1.4038 Vtime: 0.0515
Step: 29400000  Loss: 0.080358 Regul: 0.013601 Obj: 0.093959 (0.072026)  NNZ: 8 (9)  Ttime: 1.4037 Vtime: 0.0513
Step: 29500000  Loss: 0.112264 Regul: 0.018853 Obj: 0.131116 (0.072026)  NNZ: 8 (9)  Ttime: 1.4040 Vtime: 0.0516
Step: 29600000  Loss: 0.080623 Regul: 0.016479 Obj: 0.097102 (0.072026)  NNZ: 7 (9)  Ttime: 1.4009 Vtime: 0.0522
Step: 29700000  Loss: 0.066553 Regul: 0.011580 Obj: 0.078132 (0.072026)  NNZ: 9 (9)  Ttime: 1.4042 Vtime: 0.0517
Step: 29800000  Loss: 0.060789 Regul: 0.023577 Obj: 0.084366 (0.072026)  NNZ: 11 (9)  Ttime: 1.4041 Vtime: 0.0514
Step: 29900000  Loss: 0.060353 Regul: 0.014436 Obj: 0.074789 (0.072026)  NNZ: 7 (9)  Ttime: 1.4039 Vtime: 0.0517
Step: 30000000  Loss: 0.065011 Regul: 0.013821 Obj: 0.078832 (0.072026)  NNZ: 8 (9)  Ttime: 1.4002 Vtime: 0.0518
Step: 30100000  Loss: 0.055396 Regul: 0.020918 Obj: 0.076314 (0.072026)  NNZ: 11 (9)  Ttime: 1.4023 Vtime: 0.0515
Step: 30200000  Loss: 0.073010 Regul: 0.010854 Obj: 0.083865 (0.072026)  NNZ: 9 (9)  Ttime: 1.4025 Vtime: 0.0522
Step: 30300000  Loss: 0.059894 Regul: 0.023093 Obj: 0.082988 (0.072026)  NNZ: 12 (9)  Ttime: 1.4026 Vtime: 0.0517
Step: 30400000  Loss: 0.059653 Regul: 0.013315 Obj: 0.072969 (0.072026)  NNZ: 10 (9)  Ttime: 1.4049 Vtime: 0.0515
Step: 30500000  Loss: 0.061888 Regul: 0.025994 Obj: 0.087882 (0.072026)  NNZ: 13 (9)  Ttime: 1.4027 Vtime: 0.0511
Step: 30600000  Loss: 0.057278 Regul: 0.016743 Obj: 0.074021 (0.072026)  NNZ: 10 (9)  Ttime: 1.4073 Vtime: 0.0514
Step: 30700000  Loss: 0.091183 Regul: 0.018325 Obj: 0.109508 (0.072026)  NNZ: 7 (9)  Ttime: 1.4014 Vtime: 0.0526
Step: 30800000  Loss: 0.064220 Regul: 0.023972 Obj: 0.088192 (0.072026)  NNZ: 10 (9)  Ttime: 1.4029 Vtime: 0.0521
Best: 30900000  Loss: 0.050282 Regul: 0.020039 Obj: 0.070322 (0.070322)  NNZ: 12 (12)  Ttime: 1.4020 Vtime: 0.0515
Stat: nPR #76 (#96) Dim/MaxDim [608/640] AUC: 0.980694 FPR95: 9.73 [saved]
Step: 31000000  Loss: 0.053567 Regul: 0.021204 Obj: 0.074771 (0.070322)  NNZ: 12 (12)  Ttime: 1.4049 Vtime: 0.0519
Step: 31100000  Loss: 0.050857 Regul: 0.024807 Obj: 0.075664 (0.070322)  NNZ: 11 (12)  Ttime: 1.4089 Vtime: 0.0511
Step: 31200000  Loss: 0.058216 Regul: 0.016194 Obj: 0.074410 (0.070322)  NNZ: 10 (12)  Ttime: 1.4043 Vtime: 0.0516
Step: 31300000  Loss: 0.056069 Regul: 0.020918 Obj: 0.076987 (0.070322)  NNZ: 10 (12)  Ttime: 1.4025 Vtime: 0.0517
Step: 31400000  Loss: 0.075286 Regul: 0.012063 Obj: 0.087349 (0.070322)  NNZ: 8 (12)  Ttime: 1.4105 Vtime: 0.0517
Step: 31500000  Loss: 0.089803 Regul: 0.009800 Obj: 0.099603 (0.070322)  NNZ: 8 (12)  Ttime: 1.4023 Vtime: 0.0515
Step: 31600000  Loss: 0.060163 Regul: 0.013491 Obj: 0.073655 (0.070322)  NNZ: 7 (12)  Ttime: 1.4008 Vtime: 0.0515
Step: 31700000  Loss: 0.087983 Regul: 0.010920 Obj: 0.098904 (0.070322)  NNZ: 10 (12)  Ttime: 1.4041 Vtime: 0.0517
Step: 31800000  Loss: 0.071448 Regul: 0.017029 Obj: 0.088476 (0.070322)  NNZ: 8 (12)  Ttime: 1.4064 Vtime: 0.0514
Step: 31900000  Loss: 0.058164 Regul: 0.018743 Obj: 0.076907 (0.070322)  NNZ: 10 (12)  Ttime: 1.4160 Vtime: 0.0516
Step: 32000000  Loss: 0.054476 Regul: 0.027202 Obj: 0.081678 (0.070322)  NNZ: 14 (12)  Ttime: 1.4070 Vtime: 0.0509
Step: 32100000  Loss: 0.054447 Regul: 0.019094 Obj: 0.073541 (0.070322)  NNZ: 9 (12)  Ttime: 1.4078 Vtime: 0.0510
Step: 32200000  Loss: 0.058952 Regul: 0.018831 Obj: 0.077783 (0.070322)  NNZ: 8 (12)  Ttime: 1.4076 Vtime: 0.0516
Step: 32300000  Loss: 0.091853 Regul: 0.010415 Obj: 0.102268 (0.070322)  NNZ: 6 (12)  Ttime: 1.4041 Vtime: 0.0511
Step: 32400000  Loss: 0.053925 Regul: 0.019182 Obj: 0.073107 (0.070322)  NNZ: 10 (12)  Ttime: 1.4050 Vtime: 0.0509
Step: 32500000  Loss: 0.103258 Regul: 0.028477 Obj: 0.131734 (0.070322)  NNZ: 16 (12)  Ttime: 1.4075 Vtime: 0.0518
Step: 32600000  Loss: 0.066913 Regul: 0.014897 Obj: 0.081810 (0.070322)  NNZ: 9 (12)  Ttime: 1.4061 Vtime: 0.0517
Step: 32700000  Loss: 0.051553 Regul: 0.024104 Obj: 0.075657 (0.070322)  NNZ: 12 (12)  Ttime: 1.4041 Vtime: 0.0515
Step: 32800000  Loss: 0.063973 Regul: 0.015776 Obj: 0.079750 (0.070322)  NNZ: 6 (12)  Ttime: 1.4036 Vtime: 0.0514
Step: 32900000  Loss: 0.052499 Regul: 0.027861 Obj: 0.080360 (0.070322)  NNZ: 13 (12)  Ttime: 1.4097 Vtime: 0.0516
Step: 33000000  Loss: 0.089699 Regul: 0.010349 Obj: 0.100048 (0.070322)  NNZ: 7 (12)  Ttime: 1.4058 Vtime: 0.0517
Step: 33100000  Loss: 0.061939 Regul: 0.014458 Obj: 0.076397 (0.070322)  NNZ: 11 (12)  Ttime: 1.4078 Vtime: 0.0517
Step: 33200000  Loss: 0.054092 Regul: 0.025378 Obj: 0.079471 (0.070322)  NNZ: 10 (12)  Ttime: 1.4110 Vtime: 0.0516
Step: 33300000  Loss: 0.097360 Regul: 0.008635 Obj: 0.105995 (0.070322)  NNZ: 6 (12)  Ttime: 1.4019 Vtime: 0.0513
Step: 33400000  Loss: 0.094679 Regul: 0.015974 Obj: 0.110653 (0.070322)  NNZ: 10 (12)  Ttime: 1.4048 Vtime: 0.0512
Step: 33500000  Loss: 0.062335 Regul: 0.018501 Obj: 0.080836 (0.070322)  NNZ: 14 (12)  Ttime: 1.4050 Vtime: 0.0517
Step: 33600000  Loss: 0.066144 Regul: 0.048384 Obj: 0.114528 (0.070322)  NNZ: 13 (12)  Ttime: 1.4033 Vtime: 0.0512
Step: 33700000  Loss: 0.055591 Regul: 0.039683 Obj: 0.095274 (0.070322)  NNZ: 12 (12)  Ttime: 1.4007 Vtime: 0.0518
Step: 33800000  Loss: 0.057998 Regul: 0.034365 Obj: 0.092363 (0.070322)  NNZ: 18 (12)  Ttime: 1.4006 Vtime: 0.0514
Step: 33900000  Loss: 0.055289 Regul: 0.032827 Obj: 0.088117 (0.070322)  NNZ: 14 (12)  Ttime: 1.3991 Vtime: 0.0517
Step: 34000000  Loss: 0.059223 Regul: 0.044495 Obj: 0.103717 (0.070322)  NNZ: 19 (12)  Ttime: 1.3999 Vtime: 0.0511
Step: 34100000  Loss: 0.059438 Regul: 0.033904 Obj: 0.093342 (0.070322)  NNZ: 9 (12)  Ttime: 1.3990 Vtime: 0.0518
Step: 34200000  Loss: 0.054927 Regul: 0.035442 Obj: 0.090369 (0.070322)  NNZ: 11 (12)  Ttime: 1.3999 Vtime: 0.0508
Step: 34300000  Loss: 0.053615 Regul: 0.031003 Obj: 0.084618 (0.070322)  NNZ: 11 (12)  Ttime: 1.3998 Vtime: 0.0513
Step: 34400000  Loss: 0.084412 Regul: 0.040891 Obj: 0.125303 (0.070322)  NNZ: 12 (12)  Ttime: 1.4012 Vtime: 0.0514
Step: 34500000  Loss: 0.052054 Regul: 0.025598 Obj: 0.077652 (0.070322)  NNZ: 8 (12)  Ttime: 1.4009 Vtime: 0.0517
Step: 34600000  Loss: 0.067004 Regul: 0.041177 Obj: 0.108181 (0.070322)  NNZ: 14 (12)  Ttime: 1.4089 Vtime: 0.0503
Step: 34700000  Loss: 0.117041 Regul: 0.031926 Obj: 0.148967 (0.070322)  NNZ: 12 (12)  Ttime: 1.4001 Vtime: 0.0513
Step: 34800000  Loss: 0.061232 Regul: 0.043594 Obj: 0.104826 (0.070322)  NNZ: 16 (12)  Ttime: 1.4006 Vtime: 0.0514
Step: 34900000  Loss: 0.059101 Regul: 0.035662 Obj: 0.094762 (0.070322)  NNZ: 11 (12)  Ttime: 1.3994 Vtime: 0.0511
Step: 35000000  Loss: 0.056473 Regul: 0.036101 Obj: 0.092574 (0.070322)  NNZ: 13 (12)  Ttime: 1.4022 Vtime: 0.0518
Step: 35100000  Loss: 0.061336 Regul: 0.045396 Obj: 0.106732 (0.070322)  NNZ: 16 (12)  Ttime: 1.4003 Vtime: 0.0513
Step: 35200000  Loss: 0.067270 Regul: 0.059919 Obj: 0.127189 (0.070322)  NNZ: 17 (12)  Ttime: 1.3985 Vtime: 0.0513
Step: 35300000  Loss: 0.061655 Regul: 0.043000 Obj: 0.104656 (0.070322)  NNZ: 14 (12)  Ttime: 1.4011 Vtime: 0.0518
Step: 35400000  Loss: 0.064974 Regul: 0.034124 Obj: 0.099097 (0.070322)  NNZ: 13 (12)  Ttime: 1.3982 Vtime: 0.0510
Step: 35500000  Loss: 0.083173 Regul: 0.080178 Obj: 0.163351 (0.070322)  NNZ: 20 (12)  Ttime: 1.3992 Vtime: 0.0520
Step: 35600000  Loss: 0.067809 Regul: 0.054514 Obj: 0.122324 (0.070322)  NNZ: 20 (12)  Ttime: 1.3982 Vtime: 0.0513
Step: 35700000  Loss: 0.128524 Regul: 0.042078 Obj: 0.170602 (0.070322)  NNZ: 17 (12)  Ttime: 1.4017 Vtime: 0.0527
Step: 35800000  Loss: 0.057874 Regul: 0.041594 Obj: 0.099468 (0.070322)  NNZ: 14 (12)  Ttime: 1.4009 Vtime: 0.0526
Step: 35900000  Loss: 0.062539 Regul: 0.035991 Obj: 0.098530 (0.070322)  NNZ: 16 (12)  Ttime: 1.3961 Vtime: 0.0521
Step: 36000000  Loss: 0.072356 Regul: 0.040364 Obj: 0.112720 (0.070322)  NNZ: 13 (12)  Ttime: 1.3986 Vtime: 0.0514
Step: 36100000  Loss: 0.055425 Regul: 0.036255 Obj: 0.091680 (0.070322)  NNZ: 13 (12)  Ttime: 1.4004 Vtime: 0.0514
Step: 36200000  Loss: 0.069162 Regul: 0.058403 Obj: 0.127565 (0.070322)  NNZ: 17 (12)  Ttime: 1.3984 Vtime: 0.0512
Step: 36300000  Loss: 0.097161 Regul: 0.056272 Obj: 0.153433 (0.070322)  NNZ: 23 (12)  Ttime: 1.3968 Vtime: 0.0511
Step: 36400000  Loss: 0.068680 Regul: 0.054888 Obj: 0.123567 (0.070322)  NNZ: 18 (12)  Ttime: 1.3976 Vtime: 0.0513
Step: 36500000  Loss: 0.059997 Regul: 0.030059 Obj: 0.090056 (0.070322)  NNZ: 9 (12)  Ttime: 1.3953 Vtime: 0.0513
Step: 36600000  Loss: 0.068088 Regul: 0.046121 Obj: 0.114208 (0.070322)  NNZ: 15 (12)  Ttime: 1.3997 Vtime: 0.0510
Step: 36700000  Loss: 0.071061 Regul: 0.035200 Obj: 0.106262 (0.070322)  NNZ: 14 (12)  Ttime: 1.3977 Vtime: 0.0510
Step: 36800000  Loss: 0.074399 Regul: 0.035662 Obj: 0.110061 (0.070322)  NNZ: 11 (12)  Ttime: 1.4030 Vtime: 0.0517
Step: 36900000  Loss: 0.063253 Regul: 0.039880 Obj: 0.103133 (0.070322)  NNZ: 15 (12)  Ttime: 1.3993 Vtime: 0.0515
Step: 37000000  Loss: 0.082487 Regul: 0.063875 Obj: 0.146361 (0.070322)  NNZ: 19 (12)  Ttime: 1.3987 Vtime: 0.0509
Step: 37100000  Loss: 0.057791 Regul: 0.041748 Obj: 0.099539 (0.070322)  NNZ: 13 (12)  Ttime: 1.3999 Vtime: 0.0514
Step: 37200000  Loss: 0.083290 Regul: 0.050229 Obj: 0.133519 (0.070322)  NNZ: 14 (12)  Ttime: 1.3984 Vtime: 0.0514
Step: 37300000  Loss: 0.058103 Regul: 0.040144 Obj: 0.098247 (0.070322)  NNZ: 12 (12)  Ttime: 1.4019 Vtime: 0.0512
Step: 37400000  Loss: 0.060126 Regul: 0.025642 Obj: 0.085768 (0.070322)  NNZ: 12 (12)  Ttime: 1.4002 Vtime: 0.0514
Step: 37500000  Loss: 0.056727 Regul: 0.026609 Obj: 0.083336 (0.070322)  NNZ: 12 (12)  Ttime: 1.3992 Vtime: 0.0517
Step: 37600000  Loss: 0.052102 Regul: 0.029883 Obj: 0.081985 (0.070322)  NNZ: 10 (12)  Ttime: 1.4072 Vtime: 0.0510
Step: 37700000  Loss: 0.059802 Regul: 0.040649 Obj: 0.100452 (0.070322)  NNZ: 12 (12)  Ttime: 1.3987 Vtime: 0.0513
Step: 37800000  Loss: 0.069631 Regul: 0.057612 Obj: 0.127243 (0.070322)  NNZ: 22 (12)  Ttime: 1.3966 Vtime: 0.0514
Step: 37900000  Loss: 0.125945 Regul: 0.019534 Obj: 0.145478 (0.070322)  NNZ: 10 (12)  Ttime: 1.4231 Vtime: 0.0516
Step: 38000000  Loss: 0.063506 Regul: 0.046033 Obj: 0.109538 (0.070322)  NNZ: 20 (12)  Ttime: 1.4547 Vtime: 0.0514
Step: 38100000  Loss: 0.055178 Regul: 0.028916 Obj: 0.084094 (0.070322)  NNZ: 10 (12)  Ttime: 1.3976 Vtime: 0.0523
Step: 38200000  Loss: 0.065163 Regul: 0.031421 Obj: 0.096584 (0.070322)  NNZ: 12 (12)  Ttime: 1.4008 Vtime: 0.0520
Step: 38300000  Loss: 0.054056 Regul: 0.029158 Obj: 0.083214 (0.070322)  NNZ: 13 (12)  Ttime: 1.3977 Vtime: 0.0514
Step: 38400000  Loss: 0.068415 Regul: 0.043396 Obj: 0.111811 (0.070322)  NNZ: 19 (12)  Ttime: 1.4024 Vtime: 0.0512
Step: 38500000  Loss: 0.052555 Regul: 0.025313 Obj: 0.077867 (0.070322)  NNZ: 10 (12)  Ttime: 1.4008 Vtime: 0.0522
Step: 38600000  Loss: 0.050091 Regul: 0.025906 Obj: 0.075997 (0.070322)  NNZ: 12 (12)  Ttime: 1.3997 Vtime: 0.0515
Step: 38700000  Loss: 0.056861 Regul: 0.039639 Obj: 0.096500 (0.070322)  NNZ: 14 (12)  Ttime: 1.4020 Vtime: 0.0514
Step: 38800000  Loss: 0.059905 Regul: 0.045417 Obj: 0.105323 (0.070322)  NNZ: 18 (12)  Ttime: 1.3990 Vtime: 0.0513
Step: 38900000  Loss: 0.064883 Regul: 0.057876 Obj: 0.122759 (0.070322)  NNZ: 18 (12)  Ttime: 1.3983 Vtime: 0.0509
Step: 39000000  Loss: 0.054704 Regul: 0.023093 Obj: 0.077797 (0.070322)  NNZ: 8 (12)  Ttime: 1.4002 Vtime: 0.0511
Step: 39100000  Loss: 0.060065 Regul: 0.044495 Obj: 0.104560 (0.070322)  NNZ: 15 (12)  Ttime: 1.4042 Vtime: 0.0519
Step: 39200000  Loss: 0.062558 Regul: 0.055042 Obj: 0.117600 (0.070322)  NNZ: 22 (12)  Ttime: 1.3988 Vtime: 0.0513
Step: 39300000  Loss: 0.095152 Regul: 0.051768 Obj: 0.146920 (0.070322)  NNZ: 15 (12)  Ttime: 1.3989 Vtime: 0.0515
Step: 39400000  Loss: 0.059484 Regul: 0.038782 Obj: 0.098266 (0.070322)  NNZ: 12 (12)  Ttime: 1.4019 Vtime: 0.0513
Step: 39500000  Loss: 0.059475 Regul: 0.048582 Obj: 0.108056 (0.070322)  NNZ: 16 (12)  Ttime: 1.4025 Vtime: 0.0509
Step: 39600000  Loss: 0.075255 Regul: 0.050977 Obj: 0.126232 (0.070322)  NNZ: 18 (12)  Ttime: 1.3992 Vtime: 0.0511
Step: 39700000  Loss: 0.071518 Regul: 0.068401 Obj: 0.139919 (0.070322)  NNZ: 15 (12)  Ttime: 1.3986 Vtime: 0.0516
Step: 39800000  Loss: 0.061268 Regul: 0.045000 Obj: 0.106268 (0.070322)  NNZ: 21 (12)  Ttime: 1.3994 Vtime: 0.0516
Step: 39900000  Loss: 0.065229 Regul: 0.057920 Obj: 0.123149 (0.070322)  NNZ: 18 (12)  Ttime: 1.3982 Vtime: 0.0509
Step: 40000000  Loss: 0.067465 Regul: 0.046868 Obj: 0.114332 (0.070322)  NNZ: 16 (12)  Ttime: 1.4001 Vtime: 0.0510
Step: 40100000  Loss: 0.060237 Regul: 0.046318 Obj: 0.106556 (0.070322)  NNZ: 17 (12)  Ttime: 1.4007 Vtime: 0.0528
Step: 40200000  Loss: 0.071491 Regul: 0.034519 Obj: 0.106010 (0.070322)  NNZ: 16 (12)  Ttime: 1.3993 Vtime: 0.0506
Step: 40300000  Loss: 0.056991 Regul: 0.041682 Obj: 0.098673 (0.070322)  NNZ: 13 (12)  Ttime: 1.3985 Vtime: 0.0513
Step: 40400000  Loss: 0.063846 Regul: 0.057129 Obj: 0.120975 (0.070322)  NNZ: 18 (12)  Ttime: 1.3990 Vtime: 0.0520
Step: 40500000  Loss: 0.050881 Regul: 0.024609 Obj: 0.075490 (0.070322)  NNZ: 12 (12)  Ttime: 1.3982 Vtime: 0.0512
Step: 40600000  Loss: 0.064677 Regul: 0.045417 Obj: 0.110095 (0.070322)  NNZ: 23 (12)  Ttime: 1.3997 Vtime: 0.0515
Step: 40700000  Loss: 0.059871 Regul: 0.032432 Obj: 0.092303 (0.070322)  NNZ: 13 (12)  Ttime: 1.3973 Vtime: 0.0506
Step: 40800000  Loss: 0.057733 Regul: 0.041528 Obj: 0.099262 (0.070322)  NNZ: 17 (12)  Ttime: 1.4040 Vtime: 0.0511
Step: 40900000  Loss: 0.115569 Regul: 0.054229 Obj: 0.169798 (0.070322)  NNZ: 23 (12)  Ttime: 1.3994 Vtime: 0.0514
Step: 41000000  Loss: 0.072943 Regul: 0.048032 Obj: 0.120975 (0.070322)  NNZ: 22 (12)  Ttime: 1.4006 Vtime: 0.0517
Step: 41100000  Loss: 0.063911 Regul: 0.039441 Obj: 0.103351 (0.070322)  NNZ: 18 (12)  Ttime: 1.4034 Vtime: 0.0519
Step: 41200000  Loss: 0.062243 Regul: 0.050164 Obj: 0.112406 (0.070322)  NNZ: 15 (12)  Ttime: 1.3993 Vtime: 0.0516
Step: 41300000  Loss: 0.057910 Regul: 0.041946 Obj: 0.099856 (0.070322)  NNZ: 24 (12)  Ttime: 1.3978 Vtime: 0.0518
Step: 41400000  Loss: 0.062319 Regul: 0.049592 Obj: 0.111911 (0.070322)  NNZ: 20 (12)  Ttime: 1.3994 Vtime: 0.0517
Step: 41500000  Loss: 0.062450 Regul: 0.048867 Obj: 0.111317 (0.070322)  NNZ: 20 (12)  Ttime: 1.4000 Vtime: 0.0515
Step: 41600000  Loss: 0.061420 Regul: 0.037573 Obj: 0.098994 (0.070322)  NNZ: 17 (12)  Ttime: 1.3995 Vtime: 0.0518
Step: 41700000  Loss: 0.058806 Regul: 0.039133 Obj: 0.097940 (0.070322)  NNZ: 11 (12)  Ttime: 1.3967 Vtime: 0.0512
Step: 41800000  Loss: 0.053932 Regul: 0.033157 Obj: 0.087089 (0.070322)  NNZ: 15 (12)  Ttime: 1.3993 Vtime: 0.0511
Step: 41900000  Loss: 0.133131 Regul: 0.037178 Obj: 0.170309 (0.070322)  NNZ: 13 (12)  Ttime: 1.3981 Vtime: 0.0510
Step: 42000000  Loss: 0.073149 Regul: 0.051943 Obj: 0.125093 (0.070322)  NNZ: 13 (12)  Ttime: 1.3987 Vtime: 0.0509
Step: 42100000  Loss: 0.057598 Regul: 0.035596 Obj: 0.093194 (0.070322)  NNZ: 12 (12)  Ttime: 1.3990 Vtime: 0.0514
Step: 42200000  Loss: 0.055986 Regul: 0.031663 Obj: 0.087648 (0.070322)  NNZ: 12 (12)  Ttime: 1.3978 Vtime: 0.0520
Step: 42300000  Loss: 0.055930 Regul: 0.033816 Obj: 0.089746 (0.070322)  NNZ: 13 (12)  Ttime: 1.3992 Vtime: 0.0511
Step: 42400000  Loss: 0.062824 Regul: 0.033684 Obj: 0.096508 (0.070322)  NNZ: 11 (12)  Ttime: 1.3995 Vtime: 0.0517
Step: 42500000  Loss: 0.056376 Regul: 0.041001 Obj: 0.097377 (0.070322)  NNZ: 15 (12)  Ttime: 1.4133 Vtime: 0.0512
Step: 42600000  Loss: 0.057390 Regul: 0.037354 Obj: 0.094744 (0.070322)  NNZ: 14 (12)  Ttime: 1.3998 Vtime: 0.0518
Step: 42700000  Loss: 0.057126 Regul: 0.034980 Obj: 0.092106 (0.070322)  NNZ: 16 (12)  Ttime: 1.4015 Vtime: 0.0513
Step: 42800000  Loss: 0.056105 Regul: 0.036189 Obj: 0.092294 (0.070322)  NNZ: 15 (12)  Ttime: 1.3994 Vtime: 0.0512
Step: 42900000  Loss: 0.056470 Regul: 0.037310 Obj: 0.093780 (0.070322)  NNZ: 14 (12)  Ttime: 1.4003 Vtime: 0.0512
Step: 43000000  Loss: 0.066283 Regul: 0.054712 Obj: 0.120995 (0.070322)  NNZ: 15 (12)  Ttime: 1.3993 Vtime: 0.0526
Step: 43100000  Loss: 0.088680 Regul: 0.038101 Obj: 0.126781 (0.070322)  NNZ: 16 (12)  Ttime: 1.4014 Vtime: 0.0518
Step: 43200000  Loss: 0.060886 Regul: 0.044670 Obj: 0.105557 (0.070322)  NNZ: 16 (12)  Ttime: 1.4023 Vtime: 0.0520
Step: 43300000  Loss: 0.060779 Regul: 0.032058 Obj: 0.092838 (0.070322)  NNZ: 11 (12)  Ttime: 1.4006 Vtime: 0.0519
Step: 43400000  Loss: 0.057817 Regul: 0.037419 Obj: 0.095237 (0.070322)  NNZ: 15 (12)  Ttime: 1.4018 Vtime: 0.0515
Step: 43500000  Loss: 0.053453 Regul: 0.034058 Obj: 0.087510 (0.070322)  NNZ: 15 (12)  Ttime: 1.3996 Vtime: 0.0518
Step: 43600000  Loss: 0.051534 Regul: 0.033223 Obj: 0.084756 (0.070322)  NNZ: 12 (12)  Ttime: 1.4001 Vtime: 0.0510
Step: 43700000  Loss: 0.084163 Regul: 0.058513 Obj: 0.142676 (0.070322)  NNZ: 22 (12)  Ttime: 1.3998 Vtime: 0.0516
Step: 43800000  Loss: 0.058036 Regul: 0.035266 Obj: 0.093302 (0.070322)  NNZ: 14 (12)  Ttime: 1.3984 Vtime: 0.0515
Step: 43900000  Loss: 0.059232 Regul: 0.044363 Obj: 0.103595 (0.070322)  NNZ: 16 (12)  Ttime: 1.4055 Vtime: 0.0516
Step: 44000000  Loss: 0.052597 Regul: 0.031707 Obj: 0.084303 (0.070322)  NNZ: 10 (12)  Ttime: 1.4006 Vtime: 0.0511
Step: 44100000  Loss: 0.062461 Regul: 0.042078 Obj: 0.104538 (0.070322)  NNZ: 15 (12)  Ttime: 1.4016 Vtime: 0.0521
Step: 44200000  Loss: 0.059742 Regul: 0.049197 Obj: 0.108939 (0.070322)  NNZ: 14 (12)  Ttime: 1.4005 Vtime: 0.0514
Step: 44300000  Loss: 0.079254 Regul: 0.048889 Obj: 0.128143 (0.070322)  NNZ: 16 (12)  Ttime: 1.3991 Vtime: 0.0515
Step: 44400000  Loss: 0.060449 Regul: 0.039309 Obj: 0.099758 (0.070322)  NNZ: 13 (12)  Ttime: 1.3978 Vtime: 0.0507
Step: 44500000  Loss: 0.054369 Regul: 0.037068 Obj: 0.091437 (0.070322)  NNZ: 15 (12)  Ttime: 1.4015 Vtime: 0.0514
Step: 44600000  Loss: 0.070460 Regul: 0.042913 Obj: 0.113373 (0.070322)  NNZ: 13 (12)  Ttime: 1.4037 Vtime: 0.0524
Step: 44700000  Loss: 0.060885 Regul: 0.039661 Obj: 0.100546 (0.070322)  NNZ: 13 (12)  Ttime: 1.3996 Vtime: 0.0509
Step: 44800000  Loss: 0.059571 Regul: 0.043967 Obj: 0.103538 (0.070322)  NNZ: 18 (12)  Ttime: 1.4009 Vtime: 0.0513
Step: 44900000  Loss: 0.064165 Regul: 0.049087 Obj: 0.113252 (0.070322)  NNZ: 16 (12)  Ttime: 1.4001 Vtime: 0.0516
Step: 45000000  Loss: 0.052615 Regul: 0.024785 Obj: 0.077400 (0.070322)  NNZ: 14 (12)  Ttime: 1.4005 Vtime: 0.0513
Step: 45100000  Loss: 0.054771 Regul: 0.032761 Obj: 0.087532 (0.070322)  NNZ: 13 (12)  Ttime: 1.3989 Vtime: 0.0513
Step: 45200000  Loss: 0.052175 Regul: 0.020303 Obj: 0.072477 (0.070322)  NNZ: 9 (12)  Ttime: 1.3993 Vtime: 0.0510
Step: 45300000  Loss: 0.057018 Regul: 0.039880 Obj: 0.096898 (0.070322)  NNZ: 13 (12)  Ttime: 1.4048 Vtime: 0.0508
Step: 45400000  Loss: 0.059530 Regul: 0.029114 Obj: 0.088644 (0.070322)  NNZ: 11 (12)  Ttime: 1.4000 Vtime: 0.0512
Step: 45500000  Loss: 0.062969 Regul: 0.044539 Obj: 0.107507 (0.070322)  NNZ: 14 (12)  Ttime: 1.4006 Vtime: 0.0512
Step: 45600000  Loss: 0.056640 Regul: 0.032739 Obj: 0.089379 (0.070322)  NNZ: 12 (12)  Ttime: 1.4067 Vtime: 0.0519
Step: 45700000  Loss: 0.053058 Regul: 0.031685 Obj: 0.084743 (0.070322)  NNZ: 14 (12)  Ttime: 1.4011 Vtime: 0.0521
Step: 45800000  Loss: 0.070356 Regul: 0.055767 Obj: 0.126123 (0.070322)  NNZ: 17 (12)  Ttime: 1.4028 Vtime: 0.0513
Step: 45900000  Loss: 0.053996 Regul: 0.035442 Obj: 0.089438 (0.070322)  NNZ: 12 (12)  Ttime: 1.3994 Vtime: 0.0516
Step: 46000000  Loss: 0.055859 Regul: 0.039924 Obj: 0.095783 (0.070322)  NNZ: 14 (12)  Ttime: 1.3986 Vtime: 0.0509
Step: 46100000  Loss: 0.057680 Regul: 0.035925 Obj: 0.093606 (0.070322)  NNZ: 11 (12)  Ttime: 1.4022 Vtime: 0.0518
Step: 46200000  Loss: 0.062300 Regul: 0.034849 Obj: 0.097148 (0.070322)  NNZ: 12 (12)  Ttime: 1.4013 Vtime: 0.0512
Step: 46300000  Loss: 0.066862 Regul: 0.031025 Obj: 0.097888 (0.070322)  NNZ: 11 (12)  Ttime: 1.4014 Vtime: 0.0520
Step: 46400000  Loss: 0.132745 Regul: 0.062622 Obj: 0.195368 (0.070322)  NNZ: 21 (12)  Ttime: 1.4008 Vtime: 0.0516
Step: 46500000  Loss: 0.062135 Regul: 0.047834 Obj: 0.109969 (0.070322)  NNZ: 23 (12)  Ttime: 1.4032 Vtime: 0.0519
Step: 46600000  Loss: 0.057832 Regul: 0.036694 Obj: 0.094526 (0.070322)  NNZ: 15 (12)  Ttime: 1.4002 Vtime: 0.0511
Step: 46700000  Loss: 0.058587 Regul: 0.032432 Obj: 0.091019 (0.070322)  NNZ: 16 (12)  Ttime: 1.3970 Vtime: 0.0514
Step: 46800000  Loss: 0.057288 Regul: 0.030388 Obj: 0.087676 (0.070322)  NNZ: 11 (12)  Ttime: 1.3995 Vtime: 0.0512
Step: 46900000  Loss: 0.060745 Regul: 0.049175 Obj: 0.109919 (0.070322)  NNZ: 16 (12)  Ttime: 1.4007 Vtime: 0.0512
Step: 47000000  Loss: 0.060789 Regul: 0.039419 Obj: 0.100208 (0.070322)  NNZ: 13 (12)  Ttime: 1.4007 Vtime: 0.0514
Step: 47100000  Loss: 0.052707 Regul: 0.035859 Obj: 0.088566 (0.070322)  NNZ: 13 (12)  Ttime: 1.3993 Vtime: 0.0516
Step: 47200000  Loss: 0.064774 Regul: 0.034585 Obj: 0.099359 (0.070322)  NNZ: 16 (12)  Ttime: 1.3998 Vtime: 0.0512
Step: 47300000  Loss: 0.057326 Regul: 0.045505 Obj: 0.102832 (0.070322)  NNZ: 14 (12)  Ttime: 1.3983 Vtime: 0.0508
Step: 47400000  Loss: 0.057250 Regul: 0.038079 Obj: 0.095329 (0.070322)  NNZ: 14 (12)  Ttime: 1.4016 Vtime: 0.0520
Step: 47500000  Loss: 0.073643 Regul: 0.058777 Obj: 0.132420 (0.070322)  NNZ: 23 (12)  Ttime: 1.3999 Vtime: 0.0522
Step: 47600000  Loss: 0.058653 Regul: 0.039617 Obj: 0.098269 (0.070322)  NNZ: 16 (12)  Ttime: 1.3989 Vtime: 0.0516
Step: 47700000  Loss: 0.059336 Regul: 0.041858 Obj: 0.101194 (0.070322)  NNZ: 13 (12)  Ttime: 1.4000 Vtime: 0.0516
Step: 47800000  Loss: 0.052642 Regul: 0.029114 Obj: 0.081755 (0.070322)  NNZ: 13 (12)  Ttime: 1.4040 Vtime: 0.0520
Step: 47900000  Loss: 0.071133 Regul: 0.033948 Obj: 0.105080 (0.070322)  NNZ: 10 (12)  Ttime: 1.4035 Vtime: 0.0514
Step: 48000000  Loss: 0.060287 Regul: 0.045088 Obj: 0.105375 (0.070322)  NNZ: 12 (12)  Ttime: 1.4007 Vtime: 0.0510
Step: 48100000  Loss: 0.053544 Regul: 0.022588 Obj: 0.076132 (0.070322)  NNZ: 9 (12)  Ttime: 1.3993 Vtime: 0.0514
Step: 48200000  Loss: 0.051431 Regul: 0.032410 Obj: 0.083841 (0.070322)  NNZ: 14 (12)  Ttime: 1.3988 Vtime: 0.0513
Step: 48300000  Loss: 0.072048 Regul: 0.040232 Obj: 0.112280 (0.070322)  NNZ: 12 (12)  Ttime: 1.4062 Vtime: 0.0515
Step: 48400000  Loss: 0.052429 Regul: 0.034519 Obj: 0.086948 (0.070322)  NNZ: 12 (12)  Ttime: 1.4004 Vtime: 0.0511
Step: 48500000  Loss: 0.051561 Regul: 0.029290 Obj: 0.080851 (0.070322)  NNZ: 10 (12)  Ttime: 1.4011 Vtime: 0.0517
Step: 48600000  Loss: 0.058859 Regul: 0.029927 Obj: 0.088786 (0.070322)  NNZ: 13 (12)  Ttime: 1.4022 Vtime: 0.0513
Step: 48700000  Loss: 0.075743 Regul: 0.041748 Obj: 0.117492 (0.070322)  NNZ: 13 (12)  Ttime: 1.4016 Vtime: 0.0515
Step: 48800000  Loss: 0.052112 Regul: 0.032146 Obj: 0.084258 (0.070322)  NNZ: 14 (12)  Ttime: 1.3955 Vtime: 0.0519
Step: 48900000  Loss: 0.055061 Regul: 0.037354 Obj: 0.092414 (0.070322)  NNZ: 17 (12)  Ttime: 1.4000 Vtime: 0.0514
Step: 49000000  Loss: 0.052123 Regul: 0.034805 Obj: 0.086928 (0.070322)  NNZ: 15 (12)  Ttime: 1.4018 Vtime: 0.0522
Step: 49100000  Loss: 0.050173 Regul: 0.026169 Obj: 0.076343 (0.070322)  NNZ: 13 (12)  Ttime: 1.3996 Vtime: 0.0516
Step: 49200000  Loss: 0.072012 Regul: 0.051394 Obj: 0.123407 (0.070322)  NNZ: 21 (12)  Ttime: 1.3998 Vtime: 0.0515
Step: 49300000  Loss: 0.058683 Regul: 0.035706 Obj: 0.094389 (0.070322)  NNZ: 11 (12)  Ttime: 1.3988 Vtime: 0.0511
Step: 49400000  Loss: 0.065599 Regul: 0.058030 Obj: 0.123629 (0.070322)  NNZ: 23 (12)  Ttime: 1.3993 Vtime: 0.0513
Step: 49500000  Loss: 0.073529 Regul: 0.048713 Obj: 0.122242 (0.070322)  NNZ: 14 (12)  Ttime: 1.4013 Vtime: 0.0521
Step: 49600000  Loss: 0.062272 Regul: 0.041616 Obj: 0.103888 (0.070322)  NNZ: 14 (12)  Ttime: 1.4008 Vtime: 0.0523
Step: 49700000  Loss: 0.056347 Regul: 0.030542 Obj: 0.086889 (0.070322)  NNZ: 18 (12)  Ttime: 1.4041 Vtime: 0.0517
Step: 49800000  Loss: 0.065957 Regul: 0.026873 Obj: 0.092829 (0.070322)  NNZ: 10 (12)  Ttime: 1.4003 Vtime: 0.0518
Step: 49900000  Loss: 0.061629 Regul: 0.053657 Obj: 0.115286 (0.070322)  NNZ: 15 (12)  Ttime: 1.3988 Vtime: 0.0515
Step: 50000000  Loss: 0.060006 Regul: 0.042188 Obj: 0.102193 (0.070322)  NNZ: 15 (12)  Ttime: 1.3987 Vtime: 0.0518
