mu: 0.045 gamma: 0.225 nIters: 50000000
Load PRParams.
Load RingParams.
Load Labels: 500000
Load Distances: 500000 x 5120
0...10...20...30...40...50...60...70...80...90...100 - done.
Positive samples #250000
Negative samples #250000
Positive train #200000
Negative train #200000
Positive valid #50000
Negative valid #50000

Found GPU: GeForce GTX 970
Compute Capability: 5.2

Best: 100000  Loss: 0.100455 Regul: 0.076402 Obj: 0.176856 (0.176856)  NNZ: 14 (14)  Ttime: 1.3909 Vtime: 0.2115
Stat: nPR #92 (#112) Dim/MaxDim [736/640] AUC: 0.976559 FPR95: 14.41
Best: 200000  Loss: 0.068873 Regul: 0.039469 Obj: 0.108342 (0.108342)  NNZ: 11 (11)  Ttime: 1.3859 Vtime: 0.0517
Stat: nPR #72 (#88) Dim/MaxDim [576/640] AUC: 0.976184 FPR95: 14.02 [saved]
Best: 300000  Loss: 0.057207 Regul: 0.037206 Obj: 0.094413 (0.094413)  NNZ: 16 (16)  Ttime: 1.3857 Vtime: 0.0508
Stat: nPR #100 (#128) Dim/MaxDim [800/640] AUC: 0.979736 FPR95: 11.03
Step: 400000  Loss: 0.102544 Regul: 0.080115 Obj: 0.182658 (0.094413)  NNZ: 19 (16)  Ttime: 1.3844 Vtime: 0.0514
Step: 500000  Loss: 0.074451 Regul: 0.034180 Obj: 0.108631 (0.094413)  NNZ: 11 (16)  Ttime: 1.3849 Vtime: 0.0519
Best: 600000  Loss: 0.060445 Regul: 0.022489 Obj: 0.082934 (0.082934)  NNZ: 12 (12)  Ttime: 1.3913 Vtime: 0.0520
Stat: nPR #72 (#96) Dim/MaxDim [576/640] AUC: 0.976542 FPR95: 13.55 [saved]
Step: 700000  Loss: 0.058477 Regul: 0.024581 Obj: 0.083059 (0.082934)  NNZ: 12 (12)  Ttime: 1.3846 Vtime: 0.0513
Step: 800000  Loss: 0.056265 Regul: 0.035127 Obj: 0.091393 (0.082934)  NNZ: 14 (12)  Ttime: 1.3837 Vtime: 0.0517
Step: 900000  Loss: 0.145298 Regul: 0.021839 Obj: 0.167138 (0.082934)  NNZ: 8 (12)  Ttime: 1.3831 Vtime: 0.0519
Best: 1000000  Loss: 0.060833 Regul: 0.019644 Obj: 0.080477 (0.080477)  NNZ: 11 (11)  Ttime: 1.3841 Vtime: 0.0513
Stat: nPR #60 (#88) Dim/MaxDim [480/640] AUC: 0.976189 FPR95: 13.80 [saved]
Step: 1100000  Loss: 0.065825 Regul: 0.030471 Obj: 0.096295 (0.080477)  NNZ: 16 (11)  Ttime: 1.3877 Vtime: 0.0507
Step: 1200000  Loss: 0.083119 Regul: 0.028443 Obj: 0.111562 (0.080477)  NNZ: 12 (11)  Ttime: 1.3831 Vtime: 0.0519
Step: 1300000  Loss: 0.055545 Regul: 0.026984 Obj: 0.082529 (0.080477)  NNZ: 10 (11)  Ttime: 1.3849 Vtime: 0.0514
Step: 1400000  Loss: 0.055611 Regul: 0.026993 Obj: 0.082603 (0.080477)  NNZ: 15 (11)  Ttime: 1.3848 Vtime: 0.0517
Step: 1500000  Loss: 0.078722 Regul: 0.025128 Obj: 0.103850 (0.080477)  NNZ: 13 (11)  Ttime: 1.3855 Vtime: 0.0514
Step: 1600000  Loss: 0.062196 Regul: 0.019168 Obj: 0.081363 (0.080477)  NNZ: 16 (11)  Ttime: 1.3842 Vtime: 0.0517
Best: 1700000  Loss: 0.052847 Regul: 0.019193 Obj: 0.072040 (0.072040)  NNZ: 12 (12)  Ttime: 1.3864 Vtime: 0.0510
Stat: nPR #84 (#96) Dim/MaxDim [672/640] AUC: 0.980013 FPR95: 10.42
Step: 1800000  Loss: 0.061003 Regul: 0.034548 Obj: 0.095551 (0.072040)  NNZ: 13 (12)  Ttime: 1.3839 Vtime: 0.0508
Step: 1900000  Loss: 0.064812 Regul: 0.016852 Obj: 0.081664 (0.072040)  NNZ: 10 (12)  Ttime: 1.3855 Vtime: 0.0513
Step: 2000000  Loss: 0.052639 Regul: 0.025446 Obj: 0.078085 (0.072040)  NNZ: 15 (12)  Ttime: 1.3838 Vtime: 0.0517
Step: 2100000  Loss: 0.054009 Regul: 0.028038 Obj: 0.082047 (0.072040)  NNZ: 11 (12)  Ttime: 1.3855 Vtime: 0.0513
Step: 2200000  Loss: 0.051758 Regul: 0.023791 Obj: 0.075549 (0.072040)  NNZ: 14 (12)  Ttime: 1.3855 Vtime: 0.0511
Step: 2300000  Loss: 0.053041 Regul: 0.032362 Obj: 0.085402 (0.072040)  NNZ: 16 (12)  Ttime: 1.3901 Vtime: 0.0512
Step: 2400000  Loss: 0.064494 Regul: 0.025858 Obj: 0.090352 (0.072040)  NNZ: 13 (12)  Ttime: 1.3901 Vtime: 0.0513
Step: 2500000  Loss: 0.052627 Regul: 0.024520 Obj: 0.077147 (0.072040)  NNZ: 16 (12)  Ttime: 1.3909 Vtime: 0.0514
Step: 2600000  Loss: 0.088361 Regul: 0.033617 Obj: 0.121978 (0.072040)  NNZ: 19 (12)  Ttime: 1.3907 Vtime: 0.0510
Step: 2700000  Loss: 0.054451 Regul: 0.028286 Obj: 0.082736 (0.072040)  NNZ: 12 (12)  Ttime: 1.3907 Vtime: 0.0510
Step: 2800000  Loss: 0.063597 Regul: 0.019045 Obj: 0.082642 (0.072040)  NNZ: 13 (12)  Ttime: 1.3889 Vtime: 0.0520
Step: 2900000  Loss: 0.068117 Regul: 0.022400 Obj: 0.090516 (0.072040)  NNZ: 12 (12)  Ttime: 1.3914 Vtime: 0.0514
Step: 3000000  Loss: 0.062342 Regul: 0.026698 Obj: 0.089040 (0.072040)  NNZ: 13 (12)  Ttime: 1.3889 Vtime: 0.0511
Step: 3100000  Loss: 0.075619 Regul: 0.028784 Obj: 0.104403 (0.072040)  NNZ: 16 (12)  Ttime: 1.3913 Vtime: 0.0514
Step: 3200000  Loss: 0.072843 Regul: 0.011797 Obj: 0.084639 (0.072040)  NNZ: 7 (12)  Ttime: 1.3944 Vtime: 0.0520
Step: 3300000  Loss: 0.081277 Regul: 0.014492 Obj: 0.095769 (0.072040)  NNZ: 12 (12)  Ttime: 1.3910 Vtime: 0.0512
Step: 3400000  Loss: 0.060665 Regul: 0.015988 Obj: 0.076653 (0.072040)  NNZ: 8 (12)  Ttime: 1.3910 Vtime: 0.0525
Step: 3500000  Loss: 0.050200 Regul: 0.023622 Obj: 0.073822 (0.072040)  NNZ: 12 (12)  Ttime: 1.3880 Vtime: 0.0515
Step: 3600000  Loss: 0.051980 Regul: 0.024109 Obj: 0.076089 (0.072040)  NNZ: 15 (12)  Ttime: 1.3909 Vtime: 0.0513
Step: 3700000  Loss: 0.058789 Regul: 0.015547 Obj: 0.074336 (0.072040)  NNZ: 10 (12)  Ttime: 1.3958 Vtime: 0.0514
Best: 3800000  Loss: 0.049268 Regul: 0.019822 Obj: 0.069090 (0.069090)  NNZ: 18 (18)  Ttime: 1.3907 Vtime: 0.0515
Stat: nPR #128 (#144) Dim/MaxDim [1024/640] AUC: 0.981215 FPR95: 9.25
Step: 3900000  Loss: 0.052184 Regul: 0.027421 Obj: 0.079605 (0.069090)  NNZ: 18 (18)  Ttime: 1.3898 Vtime: 0.0517
Step: 4000000  Loss: 0.053291 Regul: 0.021617 Obj: 0.074908 (0.069090)  NNZ: 15 (18)  Ttime: 1.3901 Vtime: 0.0523
Step: 4100000  Loss: 0.053977 Regul: 0.018162 Obj: 0.072139 (0.069090)  NNZ: 15 (18)  Ttime: 1.3913 Vtime: 0.0515
Step: 4200000  Loss: 0.074381 Regul: 0.013195 Obj: 0.087576 (0.069090)  NNZ: 8 (18)  Ttime: 1.3896 Vtime: 0.0514
Step: 4300000  Loss: 0.054703 Regul: 0.030348 Obj: 0.085051 (0.069090)  NNZ: 19 (18)  Ttime: 1.3931 Vtime: 0.0514
Step: 4400000  Loss: 0.055754 Regul: 0.026050 Obj: 0.081804 (0.069090)  NNZ: 18 (18)  Ttime: 1.3907 Vtime: 0.0510
Step: 4500000  Loss: 0.050232 Regul: 0.023472 Obj: 0.073704 (0.069090)  NNZ: 17 (18)  Ttime: 1.3910 Vtime: 0.0505
Step: 4600000  Loss: 0.063068 Regul: 0.017695 Obj: 0.080763 (0.069090)  NNZ: 13 (18)  Ttime: 1.3911 Vtime: 0.0509
Step: 4700000  Loss: 0.054807 Regul: 0.026694 Obj: 0.081501 (0.069090)  NNZ: 18 (18)  Ttime: 1.3898 Vtime: 0.0510
Step: 4800000  Loss: 0.067749 Regul: 0.025178 Obj: 0.092927 (0.069090)  NNZ: 15 (18)  Ttime: 1.3893 Vtime: 0.0518
Step: 4900000  Loss: 0.050188 Regul: 0.023519 Obj: 0.073707 (0.069090)  NNZ: 13 (18)  Ttime: 1.3929 Vtime: 0.0518
Step: 5000000  Loss: 0.054813 Regul: 0.016309 Obj: 0.071122 (0.069090)  NNZ: 12 (18)  Ttime: 1.3873 Vtime: 0.0515
Step: 5100000  Loss: 0.054578 Regul: 0.029101 Obj: 0.083679 (0.069090)  NNZ: 17 (18)  Ttime: 1.3886 Vtime: 0.0517
Step: 5200000  Loss: 0.053332 Regul: 0.022683 Obj: 0.076014 (0.069090)  NNZ: 14 (18)  Ttime: 1.3901 Vtime: 0.0514
Step: 5300000  Loss: 0.056550 Regul: 0.022644 Obj: 0.079194 (0.069090)  NNZ: 17 (18)  Ttime: 1.3874 Vtime: 0.0518
Step: 5400000  Loss: 0.053459 Regul: 0.025863 Obj: 0.079322 (0.069090)  NNZ: 13 (18)  Ttime: 1.3880 Vtime: 0.0515
Step: 5500000  Loss: 0.053128 Regul: 0.018875 Obj: 0.072002 (0.069090)  NNZ: 24 (18)  Ttime: 1.3881 Vtime: 0.0510
Step: 5600000  Loss: 0.051575 Regul: 0.018614 Obj: 0.070188 (0.069090)  NNZ: 12 (18)  Ttime: 1.3899 Vtime: 0.0513
Step: 5700000  Loss: 0.059199 Regul: 0.019488 Obj: 0.078688 (0.069090)  NNZ: 15 (18)  Ttime: 1.3898 Vtime: 0.0512
Step: 5800000  Loss: 0.049766 Regul: 0.023023 Obj: 0.072789 (0.069090)  NNZ: 13 (18)  Ttime: 1.3906 Vtime: 0.0518
Step: 5900000  Loss: 0.054158 Regul: 0.020049 Obj: 0.074206 (0.069090)  NNZ: 13 (18)  Ttime: 1.3912 Vtime: 0.0521
Step: 6000000  Loss: 0.051178 Regul: 0.028497 Obj: 0.079675 (0.069090)  NNZ: 17 (18)  Ttime: 1.3916 Vtime: 0.0513
Step: 6100000  Loss: 0.055857 Regul: 0.021791 Obj: 0.077649 (0.069090)  NNZ: 18 (18)  Ttime: 1.3893 Vtime: 0.0518
Step: 6200000  Loss: 0.056426 Regul: 0.030031 Obj: 0.086457 (0.069090)  NNZ: 17 (18)  Ttime: 1.3918 Vtime: 0.0512
Step: 6300000  Loss: 0.110700 Regul: 0.026665 Obj: 0.137366 (0.069090)  NNZ: 21 (18)  Ttime: 1.3898 Vtime: 0.0506
Step: 6400000  Loss: 0.056429 Regul: 0.025745 Obj: 0.082174 (0.069090)  NNZ: 14 (18)  Ttime: 1.3903 Vtime: 0.0513
Step: 6500000  Loss: 0.081864 Regul: 0.018972 Obj: 0.100836 (0.069090)  NNZ: 16 (18)  Ttime: 1.3895 Vtime: 0.0513
Step: 6600000  Loss: 0.053048 Regul: 0.020163 Obj: 0.073211 (0.069090)  NNZ: 14 (18)  Ttime: 1.3897 Vtime: 0.0516
Step: 6700000  Loss: 0.055184 Regul: 0.017504 Obj: 0.072688 (0.069090)  NNZ: 16 (18)  Ttime: 1.3894 Vtime: 0.0526
Step: 6800000  Loss: 0.051834 Regul: 0.026139 Obj: 0.077974 (0.069090)  NNZ: 13 (18)  Ttime: 1.3937 Vtime: 0.0518
Step: 6900000  Loss: 0.051438 Regul: 0.021874 Obj: 0.073311 (0.069090)  NNZ: 11 (18)  Ttime: 1.3913 Vtime: 0.0525
Step: 7000000  Loss: 0.059067 Regul: 0.029658 Obj: 0.088725 (0.069090)  NNZ: 18 (18)  Ttime: 1.3885 Vtime: 0.0514
Step: 7100000  Loss: 0.052389 Regul: 0.032396 Obj: 0.084785 (0.069090)  NNZ: 19 (18)  Ttime: 1.3888 Vtime: 0.0517
Step: 7200000  Loss: 0.051091 Regul: 0.021000 Obj: 0.072091 (0.069090)  NNZ: 15 (18)  Ttime: 1.3883 Vtime: 0.0512
Step: 7300000  Loss: 0.052141 Regul: 0.028872 Obj: 0.081013 (0.069090)  NNZ: 16 (18)  Ttime: 1.3912 Vtime: 0.0517
Step: 7400000  Loss: 0.063981 Regul: 0.030561 Obj: 0.094543 (0.069090)  NNZ: 23 (18)  Ttime: 1.3908 Vtime: 0.0506
Step: 7500000  Loss: 0.059518 Regul: 0.018463 Obj: 0.077981 (0.069090)  NNZ: 15 (18)  Ttime: 1.3896 Vtime: 0.0512
Step: 7600000  Loss: 0.052266 Regul: 0.028699 Obj: 0.080965 (0.069090)  NNZ: 17 (18)  Ttime: 1.3893 Vtime: 0.0515
Step: 7700000  Loss: 0.051228 Regul: 0.030122 Obj: 0.081350 (0.069090)  NNZ: 17 (18)  Ttime: 1.3891 Vtime: 0.0515
Step: 7800000  Loss: 0.050954 Regul: 0.023173 Obj: 0.074127 (0.069090)  NNZ: 12 (18)  Ttime: 1.3900 Vtime: 0.0513
Step: 7900000  Loss: 0.058192 Regul: 0.025139 Obj: 0.083331 (0.069090)  NNZ: 14 (18)  Ttime: 1.3914 Vtime: 0.0512
Step: 8000000  Loss: 0.052993 Regul: 0.024002 Obj: 0.076995 (0.069090)  NNZ: 13 (18)  Ttime: 1.3912 Vtime: 0.0518
Step: 8100000  Loss: 0.051004 Regul: 0.020399 Obj: 0.071402 (0.069090)  NNZ: 18 (18)  Ttime: 1.3905 Vtime: 0.0518
Step: 8200000  Loss: 0.053487 Regul: 0.023340 Obj: 0.076827 (0.069090)  NNZ: 17 (18)  Ttime: 1.3893 Vtime: 0.0510
Step: 8300000  Loss: 0.053671 Regul: 0.021931 Obj: 0.075602 (0.069090)  NNZ: 14 (18)  Ttime: 1.3911 Vtime: 0.0516
Step: 8400000  Loss: 0.062612 Regul: 0.026356 Obj: 0.088968 (0.069090)  NNZ: 17 (18)  Ttime: 1.3919 Vtime: 0.0516
Step: 8500000  Loss: 0.055248 Regul: 0.035593 Obj: 0.090841 (0.069090)  NNZ: 21 (18)  Ttime: 1.3895 Vtime: 0.0520
Step: 8600000  Loss: 0.048935 Regul: 0.025049 Obj: 0.073984 (0.069090)  NNZ: 17 (18)  Ttime: 1.3913 Vtime: 0.0515
Step: 8700000  Loss: 0.049818 Regul: 0.023420 Obj: 0.073238 (0.069090)  NNZ: 16 (18)  Ttime: 1.3923 Vtime: 0.0513
Step: 8800000  Loss: 0.059417 Regul: 0.018493 Obj: 0.077909 (0.069090)  NNZ: 15 (18)  Ttime: 1.3900 Vtime: 0.0512
Step: 8900000  Loss: 0.053665 Regul: 0.035848 Obj: 0.089513 (0.069090)  NNZ: 19 (18)  Ttime: 1.3959 Vtime: 0.0514
Step: 9000000  Loss: 0.055360 Regul: 0.020174 Obj: 0.075533 (0.069090)  NNZ: 14 (18)  Ttime: 1.3904 Vtime: 0.0511
Step: 9100000  Loss: 0.053497 Regul: 0.024944 Obj: 0.078441 (0.069090)  NNZ: 14 (18)  Ttime: 1.3878 Vtime: 0.0518
Step: 9200000  Loss: 0.051005 Regul: 0.023118 Obj: 0.074123 (0.069090)  NNZ: 17 (18)  Ttime: 1.3903 Vtime: 0.0511
Step: 9300000  Loss: 0.050109 Regul: 0.020220 Obj: 0.070330 (0.069090)  NNZ: 18 (18)  Ttime: 1.3910 Vtime: 0.0518
Step: 9400000  Loss: 0.051409 Regul: 0.021547 Obj: 0.072956 (0.069090)  NNZ: 14 (18)  Ttime: 1.3928 Vtime: 0.0514
Step: 9500000  Loss: 0.051529 Regul: 0.021654 Obj: 0.073183 (0.069090)  NNZ: 18 (18)  Ttime: 1.3904 Vtime: 0.0520
Step: 9600000  Loss: 0.052656 Regul: 0.026914 Obj: 0.079569 (0.069090)  NNZ: 17 (18)  Ttime: 1.3906 Vtime: 0.0511
Step: 9700000  Loss: 0.055177 Regul: 0.017207 Obj: 0.072385 (0.069090)  NNZ: 18 (18)  Ttime: 1.3922 Vtime: 0.0519
Step: 9800000  Loss: 0.058300 Regul: 0.019297 Obj: 0.077598 (0.069090)  NNZ: 14 (18)  Ttime: 1.3919 Vtime: 0.0514
Step: 9900000  Loss: 0.051489 Regul: 0.029001 Obj: 0.080491 (0.069090)  NNZ: 15 (18)  Ttime: 1.3892 Vtime: 0.0512
Step: 10000000  Loss: 0.049613 Regul: 0.022662 Obj: 0.072275 (0.069090)  NNZ: 14 (18)  Ttime: 1.3894 Vtime: 0.0521
Step: 10100000  Loss: 0.049227 Regul: 0.024436 Obj: 0.073663 (0.069090)  NNZ: 14 (18)  Ttime: 1.3891 Vtime: 0.0513
Step: 10200000  Loss: 0.051664 Regul: 0.020652 Obj: 0.072316 (0.069090)  NNZ: 17 (18)  Ttime: 1.3903 Vtime: 0.0516
Step: 10300000  Loss: 0.050298 Regul: 0.028586 Obj: 0.078884 (0.069090)  NNZ: 17 (18)  Ttime: 1.3873 Vtime: 0.0516
Step: 10400000  Loss: 0.062311 Regul: 0.021767 Obj: 0.084078 (0.069090)  NNZ: 13 (18)  Ttime: 1.3910 Vtime: 0.0511
Step: 10500000  Loss: 0.051694 Regul: 0.018674 Obj: 0.070368 (0.069090)  NNZ: 13 (18)  Ttime: 1.3902 Vtime: 0.0517
Step: 10600000  Loss: 0.057328 Regul: 0.017666 Obj: 0.074994 (0.069090)  NNZ: 18 (18)  Ttime: 1.3932 Vtime: 0.0520
Step: 10700000  Loss: 0.060833 Regul: 0.017696 Obj: 0.078529 (0.069090)  NNZ: 16 (18)  Ttime: 1.3905 Vtime: 0.0512
Step: 10800000  Loss: 0.051104 Regul: 0.022747 Obj: 0.073851 (0.069090)  NNZ: 17 (18)  Ttime: 1.3909 Vtime: 0.0515
Step: 10900000  Loss: 0.052788 Regul: 0.023535 Obj: 0.076324 (0.069090)  NNZ: 14 (18)  Ttime: 1.3925 Vtime: 0.0511
Step: 11000000  Loss: 0.061343 Regul: 0.018166 Obj: 0.079509 (0.069090)  NNZ: 15 (18)  Ttime: 1.3892 Vtime: 0.0521
Step: 11100000  Loss: 0.051576 Regul: 0.017910 Obj: 0.069486 (0.069090)  NNZ: 17 (18)  Ttime: 1.3883 Vtime: 0.0515
Step: 11200000  Loss: 0.056803 Regul: 0.019454 Obj: 0.076257 (0.069090)  NNZ: 13 (18)  Ttime: 1.3895 Vtime: 0.0508
Step: 11300000  Loss: 0.051067 Regul: 0.021506 Obj: 0.072573 (0.069090)  NNZ: 14 (18)  Ttime: 1.3892 Vtime: 0.0516
Step: 11400000  Loss: 0.059434 Regul: 0.018333 Obj: 0.077767 (0.069090)  NNZ: 15 (18)  Ttime: 1.3902 Vtime: 0.0514
Step: 11500000  Loss: 0.054912 Regul: 0.024431 Obj: 0.079343 (0.069090)  NNZ: 17 (18)  Ttime: 1.3908 Vtime: 0.0511
Step: 11600000  Loss: 0.053844 Regul: 0.016872 Obj: 0.070716 (0.069090)  NNZ: 17 (18)  Ttime: 1.3907 Vtime: 0.0514
Step: 11700000  Loss: 0.052541 Regul: 0.024667 Obj: 0.077208 (0.069090)  NNZ: 22 (18)  Ttime: 1.3907 Vtime: 0.0520
Step: 11800000  Loss: 0.052392 Regul: 0.019932 Obj: 0.072324 (0.069090)  NNZ: 16 (18)  Ttime: 1.3945 Vtime: 0.0509
Step: 11900000  Loss: 0.051114 Regul: 0.021835 Obj: 0.072950 (0.069090)  NNZ: 16 (18)  Ttime: 1.3907 Vtime: 0.0514
Step: 12000000  Loss: 0.062596 Regul: 0.018943 Obj: 0.081539 (0.069090)  NNZ: 13 (18)  Ttime: 1.3901 Vtime: 0.0514
Step: 12100000  Loss: 0.064327 Regul: 0.020583 Obj: 0.084909 (0.069090)  NNZ: 15 (18)  Ttime: 1.3913 Vtime: 0.0515
Step: 12200000  Loss: 0.054529 Regul: 0.017759 Obj: 0.072288 (0.069090)  NNZ: 14 (18)  Ttime: 1.3904 Vtime: 0.0520
Step: 12300000  Loss: 0.050961 Regul: 0.021764 Obj: 0.072725 (0.069090)  NNZ: 17 (18)  Ttime: 1.3904 Vtime: 0.0515
Step: 12400000  Loss: 0.054110 Regul: 0.017205 Obj: 0.071314 (0.069090)  NNZ: 13 (18)  Ttime: 1.3915 Vtime: 0.0521
Step: 12500000  Loss: 0.055957 Regul: 0.017394 Obj: 0.073351 (0.069090)  NNZ: 14 (18)  Ttime: 1.3901 Vtime: 0.0510
Step: 12600000  Loss: 0.055926 Regul: 0.025936 Obj: 0.081862 (0.069090)  NNZ: 22 (18)  Ttime: 1.3888 Vtime: 0.0518
Step: 12700000  Loss: 0.052044 Regul: 0.026191 Obj: 0.078236 (0.069090)  NNZ: 23 (18)  Ttime: 1.3909 Vtime: 0.0511
Step: 12800000  Loss: 0.054281 Regul: 0.031317 Obj: 0.085598 (0.069090)  NNZ: 26 (18)  Ttime: 1.3930 Vtime: 0.0512
Step: 12900000  Loss: 0.058933 Regul: 0.025150 Obj: 0.084083 (0.069090)  NNZ: 17 (18)  Ttime: 1.3902 Vtime: 0.0519
Step: 13000000  Loss: 0.050406 Regul: 0.022330 Obj: 0.072735 (0.069090)  NNZ: 18 (18)  Ttime: 1.3859 Vtime: 0.0518
Step: 13100000  Loss: 0.049648 Regul: 0.020860 Obj: 0.070508 (0.069090)  NNZ: 18 (18)  Ttime: 1.3847 Vtime: 0.0516
Step: 13200000  Loss: 0.058274 Regul: 0.025497 Obj: 0.083771 (0.069090)  NNZ: 19 (18)  Ttime: 1.3842 Vtime: 0.0519
Step: 13300000  Loss: 0.050199 Regul: 0.024184 Obj: 0.074382 (0.069090)  NNZ: 19 (18)  Ttime: 1.3856 Vtime: 0.0523
Step: 13400000  Loss: 0.054369 Regul: 0.027570 Obj: 0.081939 (0.069090)  NNZ: 22 (18)  Ttime: 1.3888 Vtime: 0.0514
Step: 13500000  Loss: 0.075521 Regul: 0.015958 Obj: 0.091478 (0.069090)  NNZ: 13 (18)  Ttime: 1.3881 Vtime: 0.0509
Step: 13600000  Loss: 0.057433 Regul: 0.016122 Obj: 0.073556 (0.069090)  NNZ: 16 (18)  Ttime: 1.3856 Vtime: 0.0514
Step: 13700000  Loss: 0.059694 Regul: 0.017054 Obj: 0.076747 (0.069090)  NNZ: 14 (18)  Ttime: 1.3881 Vtime: 0.0517
Step: 13800000  Loss: 0.057048 Regul: 0.017974 Obj: 0.075022 (0.069090)  NNZ: 15 (18)  Ttime: 1.3861 Vtime: 0.0513
Step: 13900000  Loss: 0.052761 Regul: 0.022786 Obj: 0.075547 (0.069090)  NNZ: 18 (18)  Ttime: 1.3870 Vtime: 0.0516
Step: 14000000  Loss: 0.061361 Regul: 0.019536 Obj: 0.080897 (0.069090)  NNZ: 18 (18)  Ttime: 1.3906 Vtime: 0.0510
Step: 14100000  Loss: 0.095833 Regul: 0.026463 Obj: 0.122296 (0.069090)  NNZ: 20 (18)  Ttime: 1.3871 Vtime: 0.0519
Step: 14200000  Loss: 0.051451 Regul: 0.023016 Obj: 0.074468 (0.069090)  NNZ: 16 (18)  Ttime: 1.3860 Vtime: 0.0522
Step: 14300000  Loss: 0.052549 Regul: 0.018487 Obj: 0.071037 (0.069090)  NNZ: 15 (18)  Ttime: 1.3864 Vtime: 0.0515
Step: 14400000  Loss: 0.052350 Regul: 0.021481 Obj: 0.073831 (0.069090)  NNZ: 16 (18)  Ttime: 1.3863 Vtime: 0.0517
Step: 14500000  Loss: 0.055850 Regul: 0.019957 Obj: 0.075807 (0.069090)  NNZ: 20 (18)  Ttime: 1.3865 Vtime: 0.0514
Step: 14600000  Loss: 0.049004 Regul: 0.021239 Obj: 0.070243 (0.069090)  NNZ: 17 (18)  Ttime: 1.3849 Vtime: 0.0521
Step: 14700000  Loss: 0.048582 Regul: 0.023530 Obj: 0.072112 (0.069090)  NNZ: 19 (18)  Ttime: 1.3857 Vtime: 0.0518
Step: 14800000  Loss: 0.054266 Regul: 0.019050 Obj: 0.073316 (0.069090)  NNZ: 16 (18)  Ttime: 1.3876 Vtime: 0.0517
Step: 14900000  Loss: 0.068271 Regul: 0.019248 Obj: 0.087519 (0.069090)  NNZ: 16 (18)  Ttime: 1.3885 Vtime: 0.0515
Step: 15000000  Loss: 0.058297 Regul: 0.024637 Obj: 0.082934 (0.069090)  NNZ: 25 (18)  Ttime: 1.3852 Vtime: 0.0514
Step: 15100000  Loss: 0.054848 Regul: 0.017479 Obj: 0.072327 (0.069090)  NNZ: 17 (18)  Ttime: 1.3861 Vtime: 0.0523
Step: 15200000  Loss: 0.061502 Regul: 0.017921 Obj: 0.079424 (0.069090)  NNZ: 17 (18)  Ttime: 1.3855 Vtime: 0.0519
Step: 15300000  Loss: 0.049702 Regul: 0.024384 Obj: 0.074086 (0.069090)  NNZ: 21 (18)  Ttime: 1.3866 Vtime: 0.0516
Step: 15400000  Loss: 0.053935 Regul: 0.017726 Obj: 0.071661 (0.069090)  NNZ: 20 (18)  Ttime: 1.3880 Vtime: 0.0515
Step: 15500000  Loss: 0.068083 Regul: 0.019374 Obj: 0.087458 (0.069090)  NNZ: 15 (18)  Ttime: 1.3886 Vtime: 0.0519
Step: 15600000  Loss: 0.053948 Regul: 0.019720 Obj: 0.073668 (0.069090)  NNZ: 21 (18)  Ttime: 1.3895 Vtime: 0.0513
Step: 15700000  Loss: 0.054323 Regul: 0.022495 Obj: 0.076818 (0.069090)  NNZ: 20 (18)  Ttime: 1.3901 Vtime: 0.0518
Step: 15800000  Loss: 0.054122 Regul: 0.018627 Obj: 0.072749 (0.069090)  NNZ: 21 (18)  Ttime: 1.3901 Vtime: 0.0513
Step: 15900000  Loss: 0.053843 Regul: 0.018358 Obj: 0.072201 (0.069090)  NNZ: 18 (18)  Ttime: 1.3931 Vtime: 0.0512
Step: 16000000  Loss: 0.050871 Regul: 0.021693 Obj: 0.072563 (0.069090)  NNZ: 21 (18)  Ttime: 1.3931 Vtime: 0.0506
Step: 16100000  Loss: 0.067588 Regul: 0.012033 Obj: 0.079621 (0.069090)  NNZ: 10 (18)  Ttime: 1.3895 Vtime: 0.0513
Step: 16200000  Loss: 0.058280 Regul: 0.021621 Obj: 0.079901 (0.069090)  NNZ: 21 (18)  Ttime: 1.3899 Vtime: 0.0522
Step: 16300000  Loss: 0.052565 Regul: 0.025724 Obj: 0.078290 (0.069090)  NNZ: 22 (18)  Ttime: 1.3881 Vtime: 0.0510
Step: 16400000  Loss: 0.051706 Regul: 0.020783 Obj: 0.072490 (0.069090)  NNZ: 17 (18)  Ttime: 1.3925 Vtime: 0.0518
Step: 16500000  Loss: 0.052658 Regul: 0.018946 Obj: 0.071604 (0.069090)  NNZ: 21 (18)  Ttime: 1.3947 Vtime: 0.0516
Step: 16600000  Loss: 0.049206 Regul: 0.021772 Obj: 0.070978 (0.069090)  NNZ: 17 (18)  Ttime: 1.3913 Vtime: 0.0511
Step: 16700000  Loss: 0.058837 Regul: 0.022876 Obj: 0.081713 (0.069090)  NNZ: 21 (18)  Ttime: 1.3914 Vtime: 0.0516
Step: 16800000  Loss: 0.055019 Regul: 0.020608 Obj: 0.075627 (0.069090)  NNZ: 19 (18)  Ttime: 1.3909 Vtime: 0.0509
Best: 16900000  Loss: 0.051804 Regul: 0.017284 Obj: 0.069088 (0.069088)  NNZ: 16 (16)  Ttime: 1.3920 Vtime: 0.0514
Stat: nPR #116 (#128) Dim/MaxDim [928/640] AUC: 0.980934 FPR95: 9.71
Step: 17000000  Loss: 0.056171 Regul: 0.014834 Obj: 0.071005 (0.069088)  NNZ: 16 (16)  Ttime: 1.3931 Vtime: 0.0511
Step: 17100000  Loss: 0.051845 Regul: 0.018369 Obj: 0.070214 (0.069088)  NNZ: 15 (16)  Ttime: 1.3946 Vtime: 0.0510
Step: 17200000  Loss: 0.051998 Regul: 0.019413 Obj: 0.071411 (0.069088)  NNZ: 19 (16)  Ttime: 1.3902 Vtime: 0.0518
Step: 17300000  Loss: 0.050317 Regul: 0.019512 Obj: 0.069829 (0.069088)  NNZ: 18 (16)  Ttime: 1.3903 Vtime: 0.0516
Step: 17400000  Loss: 0.056695 Regul: 0.019970 Obj: 0.076666 (0.069088)  NNZ: 24 (16)  Ttime: 1.3988 Vtime: 0.0509
Step: 17500000  Loss: 0.052626 Regul: 0.019097 Obj: 0.071723 (0.069088)  NNZ: 19 (16)  Ttime: 1.3928 Vtime: 0.0503
Step: 17600000  Loss: 0.054217 Regul: 0.017051 Obj: 0.071268 (0.069088)  NNZ: 16 (16)  Ttime: 1.3898 Vtime: 0.0509
Step: 17700000  Loss: 0.049388 Regul: 0.021215 Obj: 0.070603 (0.069088)  NNZ: 18 (16)  Ttime: 1.3911 Vtime: 0.0517
Step: 17800000  Loss: 0.066533 Regul: 0.026373 Obj: 0.092906 (0.069088)  NNZ: 21 (16)  Ttime: 1.3911 Vtime: 0.0517
Step: 17900000  Loss: 0.073517 Regul: 0.015658 Obj: 0.089175 (0.069088)  NNZ: 14 (16)  Ttime: 1.3904 Vtime: 0.0519
Step: 18000000  Loss: 0.052719 Regul: 0.018463 Obj: 0.071181 (0.069088)  NNZ: 16 (16)  Ttime: 1.3898 Vtime: 0.0511
Step: 18100000  Loss: 0.053918 Regul: 0.017095 Obj: 0.071013 (0.069088)  NNZ: 16 (16)  Ttime: 1.3935 Vtime: 0.0514
Step: 18200000  Loss: 0.055784 Regul: 0.021885 Obj: 0.077668 (0.069088)  NNZ: 21 (16)  Ttime: 1.3915 Vtime: 0.0528
Step: 18300000  Loss: 0.074468 Regul: 0.020566 Obj: 0.095034 (0.069088)  NNZ: 19 (16)  Ttime: 1.3920 Vtime: 0.0516
Step: 18400000  Loss: 0.060984 Regul: 0.016153 Obj: 0.077137 (0.069088)  NNZ: 18 (16)  Ttime: 1.3905 Vtime: 0.0524
Step: 18500000  Loss: 0.052821 Regul: 0.021099 Obj: 0.073921 (0.069088)  NNZ: 26 (16)  Ttime: 1.4048 Vtime: 0.0513
Step: 18600000  Loss: 0.081316 Regul: 0.020825 Obj: 0.102140 (0.069088)  NNZ: 22 (16)  Ttime: 1.3940 Vtime: 0.0511
Step: 18700000  Loss: 0.059188 Regul: 0.020127 Obj: 0.079315 (0.069088)  NNZ: 17 (16)  Ttime: 1.3908 Vtime: 0.0516
Step: 18800000  Loss: 0.051136 Regul: 0.021651 Obj: 0.072788 (0.069088)  NNZ: 18 (16)  Ttime: 1.3943 Vtime: 0.0520
Step: 18900000  Loss: 0.060811 Regul: 0.013898 Obj: 0.074709 (0.069088)  NNZ: 17 (16)  Ttime: 1.3930 Vtime: 0.0525
Step: 19000000  Loss: 0.059444 Regul: 0.015647 Obj: 0.075091 (0.069088)  NNZ: 17 (16)  Ttime: 1.3937 Vtime: 0.0517
Step: 19100000  Loss: 0.052250 Regul: 0.021863 Obj: 0.074113 (0.069088)  NNZ: 20 (16)  Ttime: 1.3919 Vtime: 0.0514
Step: 19200000  Loss: 0.056585 Regul: 0.018910 Obj: 0.075495 (0.069088)  NNZ: 22 (16)  Ttime: 1.4149 Vtime: 0.0519
Step: 19300000  Loss: 0.054216 Regul: 0.017309 Obj: 0.071525 (0.069088)  NNZ: 17 (16)  Ttime: 1.3919 Vtime: 0.0517
Step: 19400000  Loss: 0.060990 Regul: 0.013063 Obj: 0.074052 (0.069088)  NNZ: 20 (16)  Ttime: 1.3912 Vtime: 0.0513
Step: 19500000  Loss: 0.074659 Regul: 0.016301 Obj: 0.090960 (0.069088)  NNZ: 16 (16)  Ttime: 1.3925 Vtime: 0.0515
Step: 19600000  Loss: 0.049909 Regul: 0.021868 Obj: 0.071777 (0.069088)  NNZ: 26 (16)  Ttime: 1.3924 Vtime: 0.0512
Step: 19700000  Loss: 0.053198 Regul: 0.017581 Obj: 0.070779 (0.069088)  NNZ: 17 (16)  Ttime: 1.3926 Vtime: 0.0519
Step: 19800000  Loss: 0.051947 Regul: 0.019031 Obj: 0.070978 (0.069088)  NNZ: 21 (16)  Ttime: 1.3926 Vtime: 0.0517
Step: 19900000  Loss: 0.053345 Regul: 0.018476 Obj: 0.071821 (0.069088)  NNZ: 20 (16)  Ttime: 1.3907 Vtime: 0.0510
Step: 20000000  Loss: 0.052374 Regul: 0.019163 Obj: 0.071537 (0.069088)  NNZ: 19 (16)  Ttime: 1.3912 Vtime: 0.0513
Step: 20100000  Loss: 0.051367 Regul: 0.018616 Obj: 0.069983 (0.069088)  NNZ: 19 (16)  Ttime: 1.3911 Vtime: 0.0512
Step: 20200000  Loss: 0.054392 Regul: 0.019243 Obj: 0.073635 (0.069088)  NNZ: 18 (16)  Ttime: 1.3898 Vtime: 0.0516
Step: 20300000  Loss: 0.051696 Regul: 0.018710 Obj: 0.070405 (0.069088)  NNZ: 17 (16)  Ttime: 1.3918 Vtime: 0.0512
Step: 20400000  Loss: 0.077178 Regul: 0.013038 Obj: 0.090216 (0.069088)  NNZ: 14 (16)  Ttime: 1.3909 Vtime: 0.0514
Step: 20500000  Loss: 0.053592 Regul: 0.017007 Obj: 0.070598 (0.069088)  NNZ: 23 (16)  Ttime: 1.3943 Vtime: 0.0512
Step: 20600000  Loss: 0.056578 Regul: 0.015134 Obj: 0.071712 (0.069088)  NNZ: 16 (16)  Ttime: 1.3925 Vtime: 0.0515
Step: 20700000  Loss: 0.061998 Regul: 0.014738 Obj: 0.076736 (0.069088)  NNZ: 14 (16)  Ttime: 1.3932 Vtime: 0.0516
Step: 20800000  Loss: 0.051935 Regul: 0.019589 Obj: 0.071524 (0.069088)  NNZ: 18 (16)  Ttime: 1.3910 Vtime: 0.0517
Step: 20900000  Loss: 0.055949 Regul: 0.018259 Obj: 0.074209 (0.069088)  NNZ: 18 (16)  Ttime: 1.3922 Vtime: 0.0518
Step: 21000000  Loss: 0.060174 Regul: 0.013618 Obj: 0.073791 (0.069088)  NNZ: 15 (16)  Ttime: 1.3902 Vtime: 0.0513
Best: 21100000  Loss: 0.049851 Regul: 0.019141 Obj: 0.068992 (0.068992)  NNZ: 18 (18)  Ttime: 1.3902 Vtime: 0.0516
Stat: nPR #124 (#144) Dim/MaxDim [992/640] AUC: 0.981173 FPR95: 9.35
Step: 21200000  Loss: 0.052974 Regul: 0.018344 Obj: 0.071318 (0.068992)  NNZ: 13 (18)  Ttime: 1.4559 Vtime: 0.0521
Step: 21300000  Loss: 0.058232 Regul: 0.023417 Obj: 0.081649 (0.068992)  NNZ: 28 (18)  Ttime: 1.3915 Vtime: 0.0516
Step: 21400000  Loss: 0.059834 Regul: 0.020105 Obj: 0.079939 (0.068992)  NNZ: 17 (18)  Ttime: 1.3914 Vtime: 0.0514
Step: 21500000  Loss: 0.055666 Regul: 0.017257 Obj: 0.072923 (0.068992)  NNZ: 16 (18)  Ttime: 1.3895 Vtime: 0.0518
Step: 21600000  Loss: 0.061858 Regul: 0.016469 Obj: 0.078326 (0.068992)  NNZ: 16 (18)  Ttime: 1.3905 Vtime: 0.0512
Step: 21700000  Loss: 0.055049 Regul: 0.014985 Obj: 0.070034 (0.068992)  NNZ: 14 (18)  Ttime: 1.3898 Vtime: 0.0511
Step: 21800000  Loss: 0.053520 Regul: 0.015768 Obj: 0.069288 (0.068992)  NNZ: 16 (18)  Ttime: 1.3899 Vtime: 0.0517
Step: 21900000  Loss: 0.056720 Regul: 0.014634 Obj: 0.071353 (0.068992)  NNZ: 13 (18)  Ttime: 1.3932 Vtime: 0.0515
Step: 22000000  Loss: 0.059648 Regul: 0.013477 Obj: 0.073125 (0.068992)  NNZ: 17 (18)  Ttime: 1.3919 Vtime: 0.0511
Step: 22100000  Loss: 0.117338 Regul: 0.007982 Obj: 0.125320 (0.068992)  NNZ: 10 (18)  Ttime: 1.3909 Vtime: 0.0514
Step: 22200000  Loss: 0.057229 Regul: 0.017490 Obj: 0.074719 (0.068992)  NNZ: 14 (18)  Ttime: 1.3934 Vtime: 0.0515
Step: 22300000  Loss: 0.050907 Regul: 0.020105 Obj: 0.071012 (0.068992)  NNZ: 20 (18)  Ttime: 1.3925 Vtime: 0.0514
Step: 22400000  Loss: 0.052355 Regul: 0.017545 Obj: 0.069900 (0.068992)  NNZ: 20 (18)  Ttime: 1.3915 Vtime: 0.0519
Step: 22500000  Loss: 0.056999 Regul: 0.015296 Obj: 0.072295 (0.068992)  NNZ: 18 (18)  Ttime: 1.3915 Vtime: 0.0517
Step: 22600000  Loss: 0.055433 Regul: 0.017954 Obj: 0.073388 (0.068992)  NNZ: 18 (18)  Ttime: 1.3898 Vtime: 0.0514
Step: 22700000  Loss: 0.063634 Regul: 0.013590 Obj: 0.077224 (0.068992)  NNZ: 12 (18)  Ttime: 1.3936 Vtime: 0.0511
Step: 22800000  Loss: 0.057335 Regul: 0.014236 Obj: 0.071571 (0.068992)  NNZ: 18 (18)  Ttime: 1.3916 Vtime: 0.0515
Step: 22900000  Loss: 0.071816 Regul: 0.012560 Obj: 0.084376 (0.068992)  NNZ: 14 (18)  Ttime: 1.3900 Vtime: 0.0508
Step: 23000000  Loss: 0.060777 Regul: 0.014293 Obj: 0.075070 (0.068992)  NNZ: 17 (18)  Ttime: 1.3968 Vtime: 0.0521
Step: 23100000  Loss: 0.061189 Regul: 0.013337 Obj: 0.074526 (0.068992)  NNZ: 13 (18)  Ttime: 1.3899 Vtime: 0.0519
Step: 23200000  Loss: 0.070517 Regul: 0.014266 Obj: 0.084782 (0.068992)  NNZ: 13 (18)  Ttime: 1.3954 Vtime: 0.0520
Step: 23300000  Loss: 0.049804 Regul: 0.022434 Obj: 0.072238 (0.068992)  NNZ: 20 (18)  Ttime: 1.3999 Vtime: 0.0511
Step: 23400000  Loss: 0.065305 Regul: 0.011915 Obj: 0.077219 (0.068992)  NNZ: 14 (18)  Ttime: 1.3907 Vtime: 0.0518
Step: 23500000  Loss: 0.053482 Regul: 0.016114 Obj: 0.069596 (0.068992)  NNZ: 19 (18)  Ttime: 1.3936 Vtime: 0.0514
Step: 23600000  Loss: 0.056461 Regul: 0.021714 Obj: 0.078176 (0.068992)  NNZ: 18 (18)  Ttime: 1.3929 Vtime: 0.0524
Step: 23700000  Loss: 0.054877 Regul: 0.016040 Obj: 0.070917 (0.068992)  NNZ: 16 (18)  Ttime: 1.3899 Vtime: 0.0518
Step: 23800000  Loss: 0.056024 Regul: 0.015315 Obj: 0.071339 (0.068992)  NNZ: 17 (18)  Ttime: 1.3889 Vtime: 0.0522
Step: 23900000  Loss: 0.051479 Regul: 0.017746 Obj: 0.069225 (0.068992)  NNZ: 15 (18)  Ttime: 1.3915 Vtime: 0.0517
Step: 24000000  Loss: 0.059137 Regul: 0.017748 Obj: 0.076885 (0.068992)  NNZ: 19 (18)  Ttime: 1.3927 Vtime: 0.0524
Step: 24100000  Loss: 0.058099 Regul: 0.014730 Obj: 0.072829 (0.068992)  NNZ: 16 (18)  Ttime: 1.3948 Vtime: 0.0517
Step: 24200000  Loss: 0.051582 Regul: 0.018864 Obj: 0.070446 (0.068992)  NNZ: 16 (18)  Ttime: 1.3942 Vtime: 0.0510
Step: 24300000  Loss: 0.057639 Regul: 0.016661 Obj: 0.074300 (0.068992)  NNZ: 18 (18)  Ttime: 1.3938 Vtime: 0.0509
Step: 24400000  Loss: 0.056538 Regul: 0.018512 Obj: 0.075050 (0.068992)  NNZ: 18 (18)  Ttime: 1.3939 Vtime: 0.0512
Step: 24500000  Loss: 0.060540 Regul: 0.015543 Obj: 0.076083 (0.068992)  NNZ: 22 (18)  Ttime: 1.3932 Vtime: 0.0514
Step: 24600000  Loss: 0.059775 Regul: 0.018012 Obj: 0.077787 (0.068992)  NNZ: 19 (18)  Ttime: 1.3942 Vtime: 0.0523
Step: 24700000  Loss: 0.059247 Regul: 0.022286 Obj: 0.081533 (0.068992)  NNZ: 22 (18)  Ttime: 1.3932 Vtime: 0.0514
Step: 24800000  Loss: 0.054927 Regul: 0.018916 Obj: 0.073842 (0.068992)  NNZ: 17 (18)  Ttime: 1.3935 Vtime: 0.0513
Step: 24900000  Loss: 0.050064 Regul: 0.020943 Obj: 0.071007 (0.068992)  NNZ: 16 (18)  Ttime: 1.3901 Vtime: 0.0519
Best: 25000000  Loss: 0.052029 Regul: 0.016562 Obj: 0.068591 (0.068591)  NNZ: 19 (19)  Ttime: 1.3930 Vtime: 0.0526
Stat: nPR #136 (#152) Dim/MaxDim [1088/640] AUC: 0.981084 FPR95: 9.61
Step: 25100000  Loss: 0.051568 Regul: 0.018169 Obj: 0.069737 (0.068591)  NNZ: 21 (19)  Ttime: 1.3905 Vtime: 0.0512
Step: 25200000  Loss: 0.052111 Regul: 0.019339 Obj: 0.071450 (0.068591)  NNZ: 15 (19)  Ttime: 1.3946 Vtime: 0.0516
Step: 25300000  Loss: 0.052144 Regul: 0.017721 Obj: 0.069865 (0.068591)  NNZ: 18 (19)  Ttime: 1.3948 Vtime: 0.0514
Step: 25400000  Loss: 0.062850 Regul: 0.015617 Obj: 0.078467 (0.068591)  NNZ: 21 (19)  Ttime: 1.3955 Vtime: 0.0513
Step: 25500000  Loss: 0.061835 Regul: 0.013239 Obj: 0.075073 (0.068591)  NNZ: 14 (19)  Ttime: 1.3898 Vtime: 0.0522
Step: 25600000  Loss: 0.056815 Regul: 0.016988 Obj: 0.073802 (0.068591)  NNZ: 14 (19)  Ttime: 1.3925 Vtime: 0.0516
Step: 25700000  Loss: 0.064512 Regul: 0.014854 Obj: 0.079365 (0.068591)  NNZ: 14 (19)  Ttime: 1.3920 Vtime: 0.0514
Step: 25800000  Loss: 0.051728 Regul: 0.019413 Obj: 0.071141 (0.068591)  NNZ: 15 (19)  Ttime: 1.3934 Vtime: 0.0514
Step: 25900000  Loss: 0.063000 Regul: 0.013151 Obj: 0.076150 (0.068591)  NNZ: 19 (19)  Ttime: 1.3918 Vtime: 0.0518
Step: 26000000  Loss: 0.073876 Regul: 0.011014 Obj: 0.084889 (0.068591)  NNZ: 13 (19)  Ttime: 1.3903 Vtime: 0.0514
Step: 26100000  Loss: 0.052726 Regul: 0.017938 Obj: 0.070664 (0.068591)  NNZ: 17 (19)  Ttime: 1.3948 Vtime: 0.0515
Step: 26200000  Loss: 0.052394 Regul: 0.018331 Obj: 0.070725 (0.068591)  NNZ: 15 (19)  Ttime: 1.3911 Vtime: 0.0511
Step: 26300000  Loss: 0.056405 Regul: 0.015276 Obj: 0.071681 (0.068591)  NNZ: 16 (19)  Ttime: 1.3931 Vtime: 0.0513
Step: 26400000  Loss: 0.062391 Regul: 0.012552 Obj: 0.074942 (0.068591)  NNZ: 10 (19)  Ttime: 1.3928 Vtime: 0.0518
Step: 26500000  Loss: 0.051509 Regul: 0.018468 Obj: 0.069977 (0.068591)  NNZ: 18 (19)  Ttime: 1.4032 Vtime: 0.0513
Step: 26600000  Loss: 0.051391 Regul: 0.018012 Obj: 0.069403 (0.068591)  NNZ: 17 (19)  Ttime: 1.3927 Vtime: 0.0512
Step: 26700000  Loss: 0.055065 Regul: 0.014925 Obj: 0.069990 (0.068591)  NNZ: 16 (19)  Ttime: 1.3925 Vtime: 0.0524
Step: 26800000  Loss: 0.053819 Regul: 0.016683 Obj: 0.070502 (0.068591)  NNZ: 16 (19)  Ttime: 1.3927 Vtime: 0.0510
Step: 26900000  Loss: 0.054542 Regul: 0.016122 Obj: 0.070665 (0.068591)  NNZ: 15 (19)  Ttime: 1.3917 Vtime: 0.0516
Step: 27000000  Loss: 0.059228 Regul: 0.015672 Obj: 0.074900 (0.068591)  NNZ: 15 (19)  Ttime: 1.3930 Vtime: 0.0510
Step: 27100000  Loss: 0.054187 Regul: 0.019869 Obj: 0.074056 (0.068591)  NNZ: 21 (19)  Ttime: 1.3919 Vtime: 0.0526
Step: 27200000  Loss: 0.068613 Regul: 0.012255 Obj: 0.080868 (0.068591)  NNZ: 13 (19)  Ttime: 1.3919 Vtime: 0.0517
Step: 27300000  Loss: 0.052313 Regul: 0.016891 Obj: 0.069205 (0.068591)  NNZ: 18 (19)  Ttime: 1.3946 Vtime: 0.0519
Step: 27400000  Loss: 0.065553 Regul: 0.013837 Obj: 0.079390 (0.068591)  NNZ: 17 (19)  Ttime: 1.3924 Vtime: 0.0513
Step: 27500000  Loss: 0.070044 Regul: 0.013596 Obj: 0.083640 (0.068591)  NNZ: 19 (19)  Ttime: 1.3927 Vtime: 0.0513
Step: 27600000  Loss: 0.062936 Regul: 0.015710 Obj: 0.078646 (0.068591)  NNZ: 17 (19)  Ttime: 1.3917 Vtime: 0.0512
Step: 27700000  Loss: 0.078851 Regul: 0.010811 Obj: 0.089662 (0.068591)  NNZ: 10 (19)  Ttime: 1.3937 Vtime: 0.0514
Step: 27800000  Loss: 0.064870 Regul: 0.014749 Obj: 0.079619 (0.068591)  NNZ: 17 (19)  Ttime: 1.3884 Vtime: 0.0517
Step: 27900000  Loss: 0.052061 Regul: 0.017100 Obj: 0.069161 (0.068591)  NNZ: 20 (19)  Ttime: 1.3918 Vtime: 0.0520
Step: 28000000  Loss: 0.054043 Regul: 0.017617 Obj: 0.071660 (0.068591)  NNZ: 20 (19)  Ttime: 1.3932 Vtime: 0.0519
Step: 28100000  Loss: 0.060178 Regul: 0.013832 Obj: 0.074010 (0.068591)  NNZ: 14 (19)  Ttime: 1.3920 Vtime: 0.0515
Step: 28200000  Loss: 0.061859 Regul: 0.016155 Obj: 0.078015 (0.068591)  NNZ: 19 (19)  Ttime: 1.3917 Vtime: 0.0511
Step: 28300000  Loss: 0.064861 Regul: 0.018397 Obj: 0.083258 (0.068591)  NNZ: 20 (19)  Ttime: 1.3951 Vtime: 0.0511
Step: 28400000  Loss: 0.060711 Regul: 0.015040 Obj: 0.075752 (0.068591)  NNZ: 18 (19)  Ttime: 1.3947 Vtime: 0.0514
Step: 28500000  Loss: 0.056865 Regul: 0.019748 Obj: 0.076613 (0.068591)  NNZ: 19 (19)  Ttime: 1.3935 Vtime: 0.0515
Step: 28600000  Loss: 0.059484 Regul: 0.013326 Obj: 0.072810 (0.068591)  NNZ: 18 (19)  Ttime: 1.3931 Vtime: 0.0516
Step: 28700000  Loss: 0.052691 Regul: 0.016309 Obj: 0.069000 (0.068591)  NNZ: 16 (19)  Ttime: 1.3914 Vtime: 0.0516
Step: 28800000  Loss: 0.056329 Regul: 0.014425 Obj: 0.070754 (0.068591)  NNZ: 19 (19)  Ttime: 1.3921 Vtime: 0.0517
Step: 28900000  Loss: 0.053267 Regul: 0.015776 Obj: 0.069044 (0.068591)  NNZ: 16 (19)  Ttime: 1.3950 Vtime: 0.0521
Step: 29000000  Loss: 0.056493 Regul: 0.014716 Obj: 0.071210 (0.068591)  NNZ: 16 (19)  Ttime: 1.3905 Vtime: 0.0518
Step: 29100000  Loss: 0.070049 Regul: 0.010585 Obj: 0.080635 (0.068591)  NNZ: 14 (19)  Ttime: 1.3931 Vtime: 0.0516
Step: 29200000  Loss: 0.057357 Regul: 0.017485 Obj: 0.074842 (0.068591)  NNZ: 22 (19)  Ttime: 1.3931 Vtime: 0.0514
Step: 29300000  Loss: 0.056867 Regul: 0.014908 Obj: 0.071775 (0.068591)  NNZ: 18 (19)  Ttime: 1.3954 Vtime: 0.0522
Step: 29400000  Loss: 0.054097 Regul: 0.015156 Obj: 0.069252 (0.068591)  NNZ: 16 (19)  Ttime: 1.3913 Vtime: 0.0520
Step: 29500000  Loss: 0.066415 Regul: 0.017759 Obj: 0.084174 (0.068591)  NNZ: 19 (19)  Ttime: 1.3917 Vtime: 0.0517
Step: 29600000  Loss: 0.062446 Regul: 0.012140 Obj: 0.074585 (0.068591)  NNZ: 12 (19)  Ttime: 1.3916 Vtime: 0.0522
Step: 29700000  Loss: 0.062420 Regul: 0.012640 Obj: 0.075060 (0.068591)  NNZ: 17 (19)  Ttime: 1.3901 Vtime: 0.0516
Step: 29800000  Loss: 0.058363 Regul: 0.013694 Obj: 0.072057 (0.068591)  NNZ: 16 (19)  Ttime: 1.3940 Vtime: 0.0515
Step: 29900000  Loss: 0.061065 Regul: 0.014293 Obj: 0.075359 (0.068591)  NNZ: 18 (19)  Ttime: 1.3964 Vtime: 0.0518
Step: 30000000  Loss: 0.055893 Regul: 0.015408 Obj: 0.071301 (0.068591)  NNZ: 17 (19)  Ttime: 1.3939 Vtime: 0.0520
Step: 30100000  Loss: 0.058332 Regul: 0.015342 Obj: 0.073675 (0.068591)  NNZ: 18 (19)  Ttime: 1.3960 Vtime: 0.0522
Step: 30200000  Loss: 0.055151 Regul: 0.016293 Obj: 0.071444 (0.068591)  NNZ: 17 (19)  Ttime: 1.3922 Vtime: 0.0516
Step: 30300000  Loss: 0.067577 Regul: 0.013244 Obj: 0.080821 (0.068591)  NNZ: 10 (19)  Ttime: 1.3943 Vtime: 0.0512
Step: 30400000  Loss: 0.054406 Regul: 0.015738 Obj: 0.070144 (0.068591)  NNZ: 17 (19)  Ttime: 1.3963 Vtime: 0.0516
Step: 30500000  Loss: 0.051326 Regul: 0.020187 Obj: 0.071513 (0.068591)  NNZ: 21 (19)  Ttime: 1.3945 Vtime: 0.0515
Step: 30600000  Loss: 0.058944 Regul: 0.013651 Obj: 0.072594 (0.068591)  NNZ: 17 (19)  Ttime: 1.3934 Vtime: 0.0512
Step: 30700000  Loss: 0.060641 Regul: 0.014271 Obj: 0.074912 (0.068591)  NNZ: 16 (19)  Ttime: 1.3954 Vtime: 0.0511
Step: 30800000  Loss: 0.057544 Regul: 0.014925 Obj: 0.072469 (0.068591)  NNZ: 14 (19)  Ttime: 1.3898 Vtime: 0.0517
Step: 30900000  Loss: 0.053505 Regul: 0.016815 Obj: 0.070320 (0.068591)  NNZ: 19 (19)  Ttime: 1.3929 Vtime: 0.0516
Best: 31000000  Loss: 0.052748 Regul: 0.015639 Obj: 0.068387 (0.068387)  NNZ: 18 (18)  Ttime: 1.3925 Vtime: 0.0519
Stat: nPR #124 (#144) Dim/MaxDim [992/640] AUC: 0.980967 FPR95: 9.72
Step: 31100000  Loss: 0.050658 Regul: 0.019226 Obj: 0.069884 (0.068387)  NNZ: 18 (18)  Ttime: 1.3920 Vtime: 0.0515
Step: 31200000  Loss: 0.069414 Regul: 0.010272 Obj: 0.079686 (0.068387)  NNZ: 15 (18)  Ttime: 1.3938 Vtime: 0.0515
Step: 31300000  Loss: 0.056470 Regul: 0.015189 Obj: 0.071658 (0.068387)  NNZ: 15 (18)  Ttime: 1.3932 Vtime: 0.0516
Step: 31400000  Loss: 0.058972 Regul: 0.015282 Obj: 0.074254 (0.068387)  NNZ: 21 (18)  Ttime: 1.3951 Vtime: 0.0508
Step: 31500000  Loss: 0.074280 Regul: 0.011915 Obj: 0.086195 (0.068387)  NNZ: 14 (18)  Ttime: 1.3922 Vtime: 0.0515
Step: 31600000  Loss: 0.061357 Regul: 0.012497 Obj: 0.073854 (0.068387)  NNZ: 14 (18)  Ttime: 1.3991 Vtime: 0.0513
Step: 31700000  Loss: 0.072653 Regul: 0.010475 Obj: 0.083129 (0.068387)  NNZ: 18 (18)  Ttime: 1.3907 Vtime: 0.0522
Step: 31800000  Loss: 0.064519 Regul: 0.013738 Obj: 0.078257 (0.068387)  NNZ: 17 (18)  Ttime: 1.3951 Vtime: 0.0522
Step: 31900000  Loss: 0.058156 Regul: 0.013799 Obj: 0.071955 (0.068387)  NNZ: 15 (18)  Ttime: 1.3955 Vtime: 0.0513
Step: 32000000  Loss: 0.056208 Regul: 0.015974 Obj: 0.072182 (0.068387)  NNZ: 17 (18)  Ttime: 1.3918 Vtime: 0.0519
Step: 32100000  Loss: 0.055879 Regul: 0.014568 Obj: 0.070447 (0.068387)  NNZ: 15 (18)  Ttime: 1.3948 Vtime: 0.0518
Step: 32200000  Loss: 0.057351 Regul: 0.015606 Obj: 0.072957 (0.068387)  NNZ: 17 (18)  Ttime: 1.3937 Vtime: 0.0519
Step: 32300000  Loss: 0.077047 Regul: 0.010640 Obj: 0.087687 (0.068387)  NNZ: 14 (18)  Ttime: 1.3958 Vtime: 0.0512
Step: 32400000  Loss: 0.052112 Regul: 0.017034 Obj: 0.069147 (0.068387)  NNZ: 17 (18)  Ttime: 1.3941 Vtime: 0.0516
Step: 32500000  Loss: 0.055364 Regul: 0.018495 Obj: 0.073860 (0.068387)  NNZ: 19 (18)  Ttime: 1.3933 Vtime: 0.0519
Step: 32600000  Loss: 0.066595 Regul: 0.013277 Obj: 0.079872 (0.068387)  NNZ: 16 (18)  Ttime: 1.3922 Vtime: 0.0516
Step: 32700000  Loss: 0.050251 Regul: 0.019100 Obj: 0.069351 (0.068387)  NNZ: 18 (18)  Ttime: 1.3952 Vtime: 0.0524
Step: 32800000  Loss: 0.059033 Regul: 0.013508 Obj: 0.072541 (0.068387)  NNZ: 15 (18)  Ttime: 1.3901 Vtime: 0.0518
Step: 32900000  Loss: 0.052598 Regul: 0.017199 Obj: 0.069797 (0.068387)  NNZ: 22 (18)  Ttime: 1.3929 Vtime: 0.0514
Step: 33000000  Loss: 0.067380 Regul: 0.014491 Obj: 0.081871 (0.068387)  NNZ: 16 (18)  Ttime: 1.3932 Vtime: 0.0513
Step: 33100000  Loss: 0.056615 Regul: 0.014837 Obj: 0.071452 (0.068387)  NNZ: 18 (18)  Ttime: 1.3929 Vtime: 0.0509
Step: 33200000  Loss: 0.052638 Regul: 0.017463 Obj: 0.070101 (0.068387)  NNZ: 17 (18)  Ttime: 1.3940 Vtime: 0.0507
Step: 33300000  Loss: 0.064096 Regul: 0.011975 Obj: 0.076071 (0.068387)  NNZ: 19 (18)  Ttime: 1.3905 Vtime: 0.0514
Step: 33400000  Loss: 0.065160 Regul: 0.011689 Obj: 0.076849 (0.068387)  NNZ: 13 (18)  Ttime: 1.3928 Vtime: 0.0512
Step: 33500000  Loss: 0.065104 Regul: 0.012618 Obj: 0.077722 (0.068387)  NNZ: 19 (18)  Ttime: 1.3930 Vtime: 0.0514
Step: 33600000  Loss: 0.055561 Regul: 0.035755 Obj: 0.091316 (0.068387)  NNZ: 19 (18)  Ttime: 1.4275 Vtime: 0.0520
Step: 33700000  Loss: 0.052538 Regul: 0.034596 Obj: 0.087134 (0.068387)  NNZ: 27 (18)  Ttime: 1.3890 Vtime: 0.0518
Step: 33800000  Loss: 0.055886 Regul: 0.031020 Obj: 0.086906 (0.068387)  NNZ: 25 (18)  Ttime: 1.3884 Vtime: 0.0517
Step: 33900000  Loss: 0.059446 Regul: 0.027576 Obj: 0.087021 (0.068387)  NNZ: 23 (18)  Ttime: 1.3873 Vtime: 0.0515
Step: 34000000  Loss: 0.051118 Regul: 0.032487 Obj: 0.083605 (0.068387)  NNZ: 23 (18)  Ttime: 1.3890 Vtime: 0.0516
Step: 34100000  Loss: 0.053947 Regul: 0.029861 Obj: 0.083808 (0.068387)  NNZ: 20 (18)  Ttime: 1.3880 Vtime: 0.0516
Step: 34200000  Loss: 0.050988 Regul: 0.026197 Obj: 0.077185 (0.068387)  NNZ: 18 (18)  Ttime: 1.3899 Vtime: 0.0517
Step: 34300000  Loss: 0.048725 Regul: 0.022736 Obj: 0.071461 (0.068387)  NNZ: 16 (18)  Ttime: 1.3887 Vtime: 0.0513
Step: 34400000  Loss: 0.055937 Regul: 0.027043 Obj: 0.082980 (0.068387)  NNZ: 18 (18)  Ttime: 1.3884 Vtime: 0.0512
Step: 34500000  Loss: 0.050653 Regul: 0.032465 Obj: 0.083118 (0.068387)  NNZ: 20 (18)  Ttime: 1.3867 Vtime: 0.0523
Step: 34600000  Loss: 0.052805 Regul: 0.032866 Obj: 0.085670 (0.068387)  NNZ: 20 (18)  Ttime: 1.3879 Vtime: 0.0509
Step: 34700000  Loss: 0.054178 Regul: 0.025735 Obj: 0.079914 (0.068387)  NNZ: 17 (18)  Ttime: 1.3895 Vtime: 0.0518
Step: 34800000  Loss: 0.051190 Regul: 0.032492 Obj: 0.083682 (0.068387)  NNZ: 20 (18)  Ttime: 1.3888 Vtime: 0.0518
Step: 34900000  Loss: 0.053373 Regul: 0.025807 Obj: 0.079180 (0.068387)  NNZ: 21 (18)  Ttime: 1.3888 Vtime: 0.0515
Step: 35000000  Loss: 0.049489 Regul: 0.025768 Obj: 0.075257 (0.068387)  NNZ: 18 (18)  Ttime: 1.3883 Vtime: 0.0514
Step: 35100000  Loss: 0.052666 Regul: 0.032607 Obj: 0.085274 (0.068387)  NNZ: 23 (18)  Ttime: 1.3897 Vtime: 0.0517
Step: 35200000  Loss: 0.052278 Regul: 0.035887 Obj: 0.088165 (0.068387)  NNZ: 26 (18)  Ttime: 1.3897 Vtime: 0.0518
Step: 35300000  Loss: 0.054024 Regul: 0.034321 Obj: 0.088345 (0.068387)  NNZ: 18 (18)  Ttime: 1.3886 Vtime: 0.0517
Step: 35400000  Loss: 0.056744 Regul: 0.030108 Obj: 0.086852 (0.068387)  NNZ: 23 (18)  Ttime: 1.3924 Vtime: 0.0515
Step: 35500000  Loss: 0.052994 Regul: 0.030591 Obj: 0.083586 (0.068387)  NNZ: 19 (18)  Ttime: 1.3896 Vtime: 0.0514
Step: 35600000  Loss: 0.052822 Regul: 0.037744 Obj: 0.090565 (0.068387)  NNZ: 25 (18)  Ttime: 1.3892 Vtime: 0.0521
Step: 35700000  Loss: 0.060844 Regul: 0.031207 Obj: 0.092051 (0.068387)  NNZ: 22 (18)  Ttime: 1.3885 Vtime: 0.0512
Step: 35800000  Loss: 0.051757 Regul: 0.031514 Obj: 0.083272 (0.068387)  NNZ: 17 (18)  Ttime: 1.3901 Vtime: 0.0511
Step: 35900000  Loss: 0.050135 Regul: 0.028867 Obj: 0.079001 (0.068387)  NNZ: 20 (18)  Ttime: 1.3905 Vtime: 0.0516
Step: 36000000  Loss: 0.053820 Regul: 0.028954 Obj: 0.082775 (0.068387)  NNZ: 22 (18)  Ttime: 1.3881 Vtime: 0.0508
Step: 36100000  Loss: 0.050049 Regul: 0.028130 Obj: 0.078179 (0.068387)  NNZ: 20 (18)  Ttime: 1.3904 Vtime: 0.0512
Step: 36200000  Loss: 0.053294 Regul: 0.034244 Obj: 0.087539 (0.068387)  NNZ: 19 (18)  Ttime: 1.3881 Vtime: 0.0511
Step: 36300000  Loss: 0.054803 Regul: 0.033624 Obj: 0.088427 (0.068387)  NNZ: 29 (18)  Ttime: 1.3875 Vtime: 0.0519
Step: 36400000  Loss: 0.059162 Regul: 0.038364 Obj: 0.097526 (0.068387)  NNZ: 24 (18)  Ttime: 1.3879 Vtime: 0.0512
Step: 36500000  Loss: 0.051647 Regul: 0.025516 Obj: 0.077162 (0.068387)  NNZ: 18 (18)  Ttime: 1.3898 Vtime: 0.0512
Step: 36600000  Loss: 0.052366 Regul: 0.033821 Obj: 0.086188 (0.068387)  NNZ: 23 (18)  Ttime: 1.3888 Vtime: 0.0514
Step: 36700000  Loss: 0.054692 Regul: 0.026488 Obj: 0.081181 (0.068387)  NNZ: 16 (18)  Ttime: 1.3881 Vtime: 0.0512
Step: 36800000  Loss: 0.053918 Regul: 0.027455 Obj: 0.081373 (0.068387)  NNZ: 17 (18)  Ttime: 1.3919 Vtime: 0.0512
Step: 36900000  Loss: 0.052110 Regul: 0.033739 Obj: 0.085849 (0.068387)  NNZ: 22 (18)  Ttime: 1.3874 Vtime: 0.0512
Step: 37000000  Loss: 0.054411 Regul: 0.030075 Obj: 0.084486 (0.068387)  NNZ: 19 (18)  Ttime: 1.3894 Vtime: 0.0517
Step: 37100000  Loss: 0.050449 Regul: 0.031553 Obj: 0.082002 (0.068387)  NNZ: 21 (18)  Ttime: 1.3887 Vtime: 0.0516
Step: 37200000  Loss: 0.054758 Regul: 0.028174 Obj: 0.082933 (0.068387)  NNZ: 25 (18)  Ttime: 1.3883 Vtime: 0.0514
Step: 37300000  Loss: 0.057346 Regul: 0.036348 Obj: 0.093694 (0.068387)  NNZ: 22 (18)  Ttime: 1.3877 Vtime: 0.0513
Step: 37400000  Loss: 0.057402 Regul: 0.025598 Obj: 0.083000 (0.068387)  NNZ: 21 (18)  Ttime: 1.3877 Vtime: 0.0516
Step: 37500000  Loss: 0.049939 Regul: 0.026219 Obj: 0.076158 (0.068387)  NNZ: 19 (18)  Ttime: 1.3889 Vtime: 0.0510
Step: 37600000  Loss: 0.049720 Regul: 0.024335 Obj: 0.074055 (0.068387)  NNZ: 22 (18)  Ttime: 1.3869 Vtime: 0.0511
Step: 37700000  Loss: 0.049655 Regul: 0.028460 Obj: 0.078115 (0.068387)  NNZ: 17 (18)  Ttime: 1.3920 Vtime: 0.0513
Step: 37800000  Loss: 0.050541 Regul: 0.029597 Obj: 0.080138 (0.068387)  NNZ: 21 (18)  Ttime: 1.3873 Vtime: 0.0518
Step: 37900000  Loss: 0.060928 Regul: 0.023648 Obj: 0.084576 (0.068387)  NNZ: 21 (18)  Ttime: 1.3877 Vtime: 0.0512
Step: 38000000  Loss: 0.053969 Regul: 0.031256 Obj: 0.085225 (0.068387)  NNZ: 23 (18)  Ttime: 1.3884 Vtime: 0.0513
Step: 38100000  Loss: 0.050059 Regul: 0.028422 Obj: 0.078481 (0.068387)  NNZ: 21 (18)  Ttime: 1.3900 Vtime: 0.0518
Step: 38200000  Loss: 0.056152 Regul: 0.030624 Obj: 0.086776 (0.068387)  NNZ: 20 (18)  Ttime: 1.3857 Vtime: 0.0520
Step: 38300000  Loss: 0.050099 Regul: 0.023615 Obj: 0.073714 (0.068387)  NNZ: 20 (18)  Ttime: 1.3878 Vtime: 0.0508
Step: 38400000  Loss: 0.053152 Regul: 0.031910 Obj: 0.085061 (0.068387)  NNZ: 24 (18)  Ttime: 1.3909 Vtime: 0.0514
Step: 38500000  Loss: 0.053922 Regul: 0.020424 Obj: 0.074345 (0.068387)  NNZ: 20 (18)  Ttime: 1.3887 Vtime: 0.0519
Step: 38600000  Loss: 0.049216 Regul: 0.024000 Obj: 0.073216 (0.068387)  NNZ: 19 (18)  Ttime: 1.3882 Vtime: 0.0518
Step: 38700000  Loss: 0.051036 Regul: 0.028301 Obj: 0.079337 (0.068387)  NNZ: 20 (18)  Ttime: 1.3905 Vtime: 0.0522
Step: 38800000  Loss: 0.056744 Regul: 0.031690 Obj: 0.088434 (0.068387)  NNZ: 22 (18)  Ttime: 1.3895 Vtime: 0.0517
Step: 38900000  Loss: 0.051487 Regul: 0.035409 Obj: 0.086896 (0.068387)  NNZ: 25 (18)  Ttime: 1.3919 Vtime: 0.0515
Step: 39000000  Loss: 0.055705 Regul: 0.022824 Obj: 0.078529 (0.068387)  NNZ: 22 (18)  Ttime: 1.3872 Vtime: 0.0509
Step: 39100000  Loss: 0.052896 Regul: 0.036085 Obj: 0.088981 (0.068387)  NNZ: 26 (18)  Ttime: 1.3881 Vtime: 0.0515
Step: 39200000  Loss: 0.053382 Regul: 0.037211 Obj: 0.090592 (0.068387)  NNZ: 22 (18)  Ttime: 1.3882 Vtime: 0.0503
Step: 39300000  Loss: 0.050832 Regul: 0.031520 Obj: 0.082352 (0.068387)  NNZ: 20 (18)  Ttime: 1.3882 Vtime: 0.0514
Step: 39400000  Loss: 0.050452 Regul: 0.032668 Obj: 0.083120 (0.068387)  NNZ: 26 (18)  Ttime: 1.3875 Vtime: 0.0510
Step: 39500000  Loss: 0.060802 Regul: 0.039946 Obj: 0.100748 (0.068387)  NNZ: 26 (18)  Ttime: 1.3857 Vtime: 0.0515
Step: 39600000  Loss: 0.049798 Regul: 0.026845 Obj: 0.076643 (0.068387)  NNZ: 23 (18)  Ttime: 1.3882 Vtime: 0.0515
Step: 39700000  Loss: 0.051162 Regul: 0.033734 Obj: 0.084896 (0.068387)  NNZ: 21 (18)  Ttime: 1.3895 Vtime: 0.0513
Step: 39800000  Loss: 0.055858 Regul: 0.034387 Obj: 0.090245 (0.068387)  NNZ: 28 (18)  Ttime: 1.3870 Vtime: 0.0514
Step: 39900000  Loss: 0.054143 Regul: 0.037683 Obj: 0.091826 (0.068387)  NNZ: 31 (18)  Ttime: 1.3901 Vtime: 0.0518
Step: 40000000  Loss: 0.055045 Regul: 0.033333 Obj: 0.088377 (0.068387)  NNZ: 21 (18)  Ttime: 1.3893 Vtime: 0.0513
Step: 40100000  Loss: 0.052478 Regul: 0.033124 Obj: 0.085602 (0.068387)  NNZ: 26 (18)  Ttime: 1.4119 Vtime: 0.0518
Step: 40200000  Loss: 0.051323 Regul: 0.026290 Obj: 0.077614 (0.068387)  NNZ: 23 (18)  Ttime: 1.3875 Vtime: 0.0514
Step: 40300000  Loss: 0.050014 Regul: 0.029196 Obj: 0.079210 (0.068387)  NNZ: 22 (18)  Ttime: 1.3885 Vtime: 0.0508
Step: 40400000  Loss: 0.051189 Regul: 0.034618 Obj: 0.085807 (0.068387)  NNZ: 28 (18)  Ttime: 1.3866 Vtime: 0.0516
Step: 40500000  Loss: 0.049242 Regul: 0.022154 Obj: 0.071396 (0.068387)  NNZ: 17 (18)  Ttime: 1.3880 Vtime: 0.0520
Step: 40600000  Loss: 0.049867 Regul: 0.028581 Obj: 0.078448 (0.068387)  NNZ: 23 (18)  Ttime: 1.3851 Vtime: 0.0519
Step: 40700000  Loss: 0.050351 Regul: 0.026395 Obj: 0.076745 (0.068387)  NNZ: 19 (18)  Ttime: 1.3890 Vtime: 0.0516
Step: 40800000  Loss: 0.050274 Regul: 0.028257 Obj: 0.078531 (0.068387)  NNZ: 21 (18)  Ttime: 1.3892 Vtime: 0.0518
Step: 40900000  Loss: 0.058575 Regul: 0.031102 Obj: 0.089678 (0.068387)  NNZ: 26 (18)  Ttime: 1.3870 Vtime: 0.0509
Step: 41000000  Loss: 0.054772 Regul: 0.032201 Obj: 0.086972 (0.068387)  NNZ: 26 (18)  Ttime: 1.3889 Vtime: 0.0514
Step: 41100000  Loss: 0.052562 Regul: 0.026730 Obj: 0.079291 (0.068387)  NNZ: 26 (18)  Ttime: 1.3890 Vtime: 0.0513
Step: 41200000  Loss: 0.053032 Regul: 0.035299 Obj: 0.088331 (0.068387)  NNZ: 22 (18)  Ttime: 1.3867 Vtime: 0.0517
Step: 41300000  Loss: 0.051946 Regul: 0.031399 Obj: 0.083345 (0.068387)  NNZ: 25 (18)  Ttime: 1.3884 Vtime: 0.0513
Step: 41400000  Loss: 0.055120 Regul: 0.033942 Obj: 0.089062 (0.068387)  NNZ: 25 (18)  Ttime: 1.3899 Vtime: 0.0524
Step: 41500000  Loss: 0.051178 Regul: 0.029993 Obj: 0.081171 (0.068387)  NNZ: 23 (18)  Ttime: 1.3873 Vtime: 0.0523
Step: 41600000  Loss: 0.048876 Regul: 0.027784 Obj: 0.076661 (0.068387)  NNZ: 20 (18)  Ttime: 1.3891 Vtime: 0.0513
Step: 41700000  Loss: 0.053984 Regul: 0.027081 Obj: 0.081065 (0.068387)  NNZ: 16 (18)  Ttime: 1.3860 Vtime: 0.0512
Step: 41800000  Loss: 0.049445 Regul: 0.027773 Obj: 0.077219 (0.068387)  NNZ: 21 (18)  Ttime: 1.3879 Vtime: 0.0514
Step: 41900000  Loss: 0.059469 Regul: 0.030613 Obj: 0.090082 (0.068387)  NNZ: 21 (18)  Ttime: 1.3934 Vtime: 0.0521
Step: 42000000  Loss: 0.053303 Regul: 0.032124 Obj: 0.085427 (0.068387)  NNZ: 20 (18)  Ttime: 1.3852 Vtime: 0.0514
Step: 42100000  Loss: 0.049066 Regul: 0.025593 Obj: 0.074658 (0.068387)  NNZ: 19 (18)  Ttime: 1.3870 Vtime: 0.0516
Step: 42200000  Loss: 0.050621 Regul: 0.024472 Obj: 0.075093 (0.068387)  NNZ: 17 (18)  Ttime: 1.3918 Vtime: 0.0520
Step: 42300000  Loss: 0.049278 Regul: 0.026763 Obj: 0.076041 (0.068387)  NNZ: 19 (18)  Ttime: 1.3872 Vtime: 0.0513
Step: 42400000  Loss: 0.051752 Regul: 0.029888 Obj: 0.081640 (0.068387)  NNZ: 23 (18)  Ttime: 1.3853 Vtime: 0.0517
Step: 42500000  Loss: 0.055582 Regul: 0.031069 Obj: 0.086651 (0.068387)  NNZ: 21 (18)  Ttime: 1.3881 Vtime: 0.0514
Step: 42600000  Loss: 0.056354 Regul: 0.031174 Obj: 0.087527 (0.068387)  NNZ: 20 (18)  Ttime: 1.3884 Vtime: 0.0511
Step: 42700000  Loss: 0.050896 Regul: 0.029476 Obj: 0.080372 (0.068387)  NNZ: 17 (18)  Ttime: 1.3896 Vtime: 0.0512
Step: 42800000  Loss: 0.051454 Regul: 0.030998 Obj: 0.082452 (0.068387)  NNZ: 18 (18)  Ttime: 1.3873 Vtime: 0.0513
Step: 42900000  Loss: 0.049516 Regul: 0.027999 Obj: 0.077515 (0.068387)  NNZ: 16 (18)  Ttime: 1.3880 Vtime: 0.0517
Step: 43000000  Loss: 0.053305 Regul: 0.033376 Obj: 0.086682 (0.068387)  NNZ: 18 (18)  Ttime: 1.3890 Vtime: 0.0512
Step: 43100000  Loss: 0.052176 Regul: 0.031514 Obj: 0.083690 (0.068387)  NNZ: 21 (18)  Ttime: 1.3877 Vtime: 0.0510
Step: 43200000  Loss: 0.054834 Regul: 0.040303 Obj: 0.095137 (0.068387)  NNZ: 25 (18)  Ttime: 1.3895 Vtime: 0.0515
Step: 43300000  Loss: 0.049721 Regul: 0.026938 Obj: 0.076659 (0.068387)  NNZ: 18 (18)  Ttime: 1.3916 Vtime: 0.0505
Step: 43400000  Loss: 0.050445 Regul: 0.026433 Obj: 0.076878 (0.068387)  NNZ: 17 (18)  Ttime: 1.3889 Vtime: 0.0516
Step: 43500000  Loss: 0.050287 Regul: 0.028790 Obj: 0.079077 (0.068387)  NNZ: 22 (18)  Ttime: 1.3882 Vtime: 0.0508
Step: 43600000  Loss: 0.050118 Regul: 0.029454 Obj: 0.079573 (0.068387)  NNZ: 21 (18)  Ttime: 1.3899 Vtime: 0.0513
Step: 43700000  Loss: 0.050750 Regul: 0.031058 Obj: 0.081808 (0.068387)  NNZ: 21 (18)  Ttime: 1.3892 Vtime: 0.0511
Step: 43800000  Loss: 0.050326 Regul: 0.025845 Obj: 0.076171 (0.068387)  NNZ: 19 (18)  Ttime: 1.3896 Vtime: 0.0523
Step: 43900000  Loss: 0.051415 Regul: 0.032964 Obj: 0.084380 (0.068387)  NNZ: 25 (18)  Ttime: 1.3890 Vtime: 0.0522
Step: 44000000  Loss: 0.048707 Regul: 0.027861 Obj: 0.076569 (0.068387)  NNZ: 22 (18)  Ttime: 1.3894 Vtime: 0.0508
Step: 44100000  Loss: 0.052278 Regul: 0.028378 Obj: 0.080656 (0.068387)  NNZ: 20 (18)  Ttime: 1.3886 Vtime: 0.0515
Step: 44200000  Loss: 0.049534 Regul: 0.030729 Obj: 0.080263 (0.068387)  NNZ: 23 (18)  Ttime: 1.3881 Vtime: 0.0514
Step: 44300000  Loss: 0.066224 Regul: 0.034288 Obj: 0.100513 (0.068387)  NNZ: 25 (18)  Ttime: 1.3879 Vtime: 0.0514
Step: 44400000  Loss: 0.049780 Regul: 0.028257 Obj: 0.078037 (0.068387)  NNZ: 20 (18)  Ttime: 1.3870 Vtime: 0.0512
Step: 44500000  Loss: 0.048854 Regul: 0.029218 Obj: 0.078072 (0.068387)  NNZ: 21 (18)  Ttime: 1.3890 Vtime: 0.0511
Step: 44600000  Loss: 0.053916 Regul: 0.034634 Obj: 0.088551 (0.068387)  NNZ: 22 (18)  Ttime: 1.3872 Vtime: 0.0515
Step: 44700000  Loss: 0.052820 Regul: 0.026246 Obj: 0.079066 (0.068387)  NNZ: 17 (18)  Ttime: 1.3878 Vtime: 0.0512
Step: 44800000  Loss: 0.050482 Regul: 0.030679 Obj: 0.081161 (0.068387)  NNZ: 29 (18)  Ttime: 1.3878 Vtime: 0.0518
Step: 44900000  Loss: 0.049931 Regul: 0.031421 Obj: 0.081352 (0.068387)  NNZ: 21 (18)  Ttime: 1.3880 Vtime: 0.0516
Step: 45000000  Loss: 0.048834 Regul: 0.023082 Obj: 0.071917 (0.068387)  NNZ: 20 (18)  Ttime: 1.3878 Vtime: 0.0517
Step: 45100000  Loss: 0.052363 Regul: 0.027861 Obj: 0.080224 (0.068387)  NNZ: 23 (18)  Ttime: 1.3893 Vtime: 0.0534
Step: 45200000  Loss: 0.050173 Regul: 0.019144 Obj: 0.069316 (0.068387)  NNZ: 19 (18)  Ttime: 1.3857 Vtime: 0.0515
Step: 45300000  Loss: 0.051210 Regul: 0.032135 Obj: 0.083345 (0.068387)  NNZ: 26 (18)  Ttime: 1.3897 Vtime: 0.0507
Step: 45400000  Loss: 0.052828 Regul: 0.026082 Obj: 0.078910 (0.068387)  NNZ: 19 (18)  Ttime: 1.3884 Vtime: 0.0523
Step: 45500000  Loss: 0.050901 Regul: 0.030251 Obj: 0.081152 (0.068387)  NNZ: 20 (18)  Ttime: 1.3896 Vtime: 0.0513
Step: 45600000  Loss: 0.050064 Regul: 0.029059 Obj: 0.079123 (0.068387)  NNZ: 20 (18)  Ttime: 1.3865 Vtime: 0.0515
Step: 45700000  Loss: 0.049048 Regul: 0.026993 Obj: 0.076041 (0.068387)  NNZ: 22 (18)  Ttime: 1.3884 Vtime: 0.0512
Step: 45800000  Loss: 0.052544 Regul: 0.036414 Obj: 0.088958 (0.068387)  NNZ: 23 (18)  Ttime: 1.3874 Vtime: 0.0517
Step: 45900000  Loss: 0.049925 Regul: 0.027070 Obj: 0.076995 (0.068387)  NNZ: 20 (18)  Ttime: 1.3866 Vtime: 0.0516
Step: 46000000  Loss: 0.049661 Regul: 0.029350 Obj: 0.079011 (0.068387)  NNZ: 21 (18)  Ttime: 1.3866 Vtime: 0.0518
Step: 46100000  Loss: 0.052161 Regul: 0.030718 Obj: 0.082879 (0.068387)  NNZ: 19 (18)  Ttime: 1.3873 Vtime: 0.0512
Step: 46200000  Loss: 0.053448 Regul: 0.024395 Obj: 0.077843 (0.068387)  NNZ: 17 (18)  Ttime: 1.3899 Vtime: 0.0517
Step: 46300000  Loss: 0.055791 Regul: 0.027372 Obj: 0.083163 (0.068387)  NNZ: 19 (18)  Ttime: 1.3885 Vtime: 0.0520
Step: 46400000  Loss: 0.057852 Regul: 0.030344 Obj: 0.088196 (0.068387)  NNZ: 21 (18)  Ttime: 1.3880 Vtime: 0.0515
Step: 46500000  Loss: 0.049979 Regul: 0.029213 Obj: 0.079192 (0.068387)  NNZ: 20 (18)  Ttime: 1.3901 Vtime: 0.0517
Step: 46600000  Loss: 0.051833 Regul: 0.028691 Obj: 0.080524 (0.068387)  NNZ: 25 (18)  Ttime: 1.3864 Vtime: 0.0516
Step: 46700000  Loss: 0.053128 Regul: 0.027977 Obj: 0.081104 (0.068387)  NNZ: 21 (18)  Ttime: 1.3878 Vtime: 0.0515
Step: 46800000  Loss: 0.057473 Regul: 0.028515 Obj: 0.085988 (0.068387)  NNZ: 20 (18)  Ttime: 1.3905 Vtime: 0.0515
Step: 46900000  Loss: 0.049445 Regul: 0.029388 Obj: 0.078833 (0.068387)  NNZ: 16 (18)  Ttime: 1.3900 Vtime: 0.0510
Step: 47000000  Loss: 0.052829 Regul: 0.027631 Obj: 0.080460 (0.068387)  NNZ: 18 (18)  Ttime: 1.3875 Vtime: 0.0518
Step: 47100000  Loss: 0.049623 Regul: 0.025120 Obj: 0.074743 (0.068387)  NNZ: 17 (18)  Ttime: 1.3893 Vtime: 0.0517
Step: 47200000  Loss: 0.052311 Regul: 0.026966 Obj: 0.079277 (0.068387)  NNZ: 25 (18)  Ttime: 1.3893 Vtime: 0.0511
Step: 47300000  Loss: 0.050975 Regul: 0.034953 Obj: 0.085928 (0.068387)  NNZ: 22 (18)  Ttime: 1.3879 Vtime: 0.0516
Step: 47400000  Loss: 0.048958 Regul: 0.028350 Obj: 0.077308 (0.068387)  NNZ: 21 (18)  Ttime: 1.3957 Vtime: 0.0517
Step: 47500000  Loss: 0.050533 Regul: 0.030410 Obj: 0.080943 (0.068387)  NNZ: 26 (18)  Ttime: 1.3882 Vtime: 0.0518
Step: 47600000  Loss: 0.051587 Regul: 0.030344 Obj: 0.081932 (0.068387)  NNZ: 23 (18)  Ttime: 1.3913 Vtime: 0.0517
Step: 47700000  Loss: 0.050032 Regul: 0.027065 Obj: 0.077096 (0.068387)  NNZ: 27 (18)  Ttime: 1.3878 Vtime: 0.0516
Step: 47800000  Loss: 0.049813 Regul: 0.030234 Obj: 0.080048 (0.068387)  NNZ: 21 (18)  Ttime: 1.3886 Vtime: 0.0518
Step: 47900000  Loss: 0.059845 Regul: 0.027312 Obj: 0.087157 (0.068387)  NNZ: 15 (18)  Ttime: 1.3875 Vtime: 0.0517
Step: 48000000  Loss: 0.051743 Regul: 0.031827 Obj: 0.083571 (0.068387)  NNZ: 22 (18)  Ttime: 1.3874 Vtime: 0.0520
Step: 48100000  Loss: 0.049712 Regul: 0.025137 Obj: 0.074848 (0.068387)  NNZ: 19 (18)  Ttime: 1.3886 Vtime: 0.0514
Step: 48200000  Loss: 0.049111 Regul: 0.021011 Obj: 0.070122 (0.068387)  NNZ: 21 (18)  Ttime: 1.3904 Vtime: 0.0519
Step: 48300000  Loss: 0.061743 Regul: 0.027048 Obj: 0.088791 (0.068387)  NNZ: 18 (18)  Ttime: 1.3869 Vtime: 0.0512
Step: 48400000  Loss: 0.050468 Regul: 0.032981 Obj: 0.083449 (0.068387)  NNZ: 24 (18)  Ttime: 1.3869 Vtime: 0.0517
Step: 48500000  Loss: 0.050339 Regul: 0.027394 Obj: 0.077733 (0.068387)  NNZ: 17 (18)  Ttime: 1.3884 Vtime: 0.0514
Step: 48600000  Loss: 0.051968 Regul: 0.032706 Obj: 0.084674 (0.068387)  NNZ: 26 (18)  Ttime: 1.3866 Vtime: 0.0509
Step: 48700000  Loss: 0.051568 Regul: 0.029998 Obj: 0.081566 (0.068387)  NNZ: 22 (18)  Ttime: 1.3904 Vtime: 0.0517
Step: 48800000  Loss: 0.050133 Regul: 0.025719 Obj: 0.075852 (0.068387)  NNZ: 23 (18)  Ttime: 1.3884 Vtime: 0.0517
Step: 48900000  Loss: 0.050235 Regul: 0.029702 Obj: 0.079937 (0.068387)  NNZ: 21 (18)  Ttime: 1.3893 Vtime: 0.0517
Step: 49000000  Loss: 0.049294 Regul: 0.027708 Obj: 0.077002 (0.068387)  NNZ: 23 (18)  Ttime: 1.3866 Vtime: 0.0515
Step: 49100000  Loss: 0.048446 Regul: 0.025768 Obj: 0.074214 (0.068387)  NNZ: 24 (18)  Ttime: 1.3908 Vtime: 0.0512
Step: 49200000  Loss: 0.053210 Regul: 0.032415 Obj: 0.085625 (0.068387)  NNZ: 27 (18)  Ttime: 1.3882 Vtime: 0.0515
Step: 49300000  Loss: 0.050272 Regul: 0.026988 Obj: 0.077260 (0.068387)  NNZ: 18 (18)  Ttime: 1.3881 Vtime: 0.0514
Step: 49400000  Loss: 0.056179 Regul: 0.035013 Obj: 0.091192 (0.068387)  NNZ: 28 (18)  Ttime: 1.3870 Vtime: 0.0522
Step: 49500000  Loss: 0.056404 Regul: 0.031701 Obj: 0.088105 (0.068387)  NNZ: 19 (18)  Ttime: 1.3906 Vtime: 0.0521
Step: 49600000  Loss: 0.050534 Regul: 0.028641 Obj: 0.079175 (0.068387)  NNZ: 19 (18)  Ttime: 1.3887 Vtime: 0.0512
Step: 49700000  Loss: 0.049475 Regul: 0.028916 Obj: 0.078391 (0.068387)  NNZ: 22 (18)  Ttime: 1.3886 Vtime: 0.0517
Step: 49800000  Loss: 0.054637 Regul: 0.026389 Obj: 0.081027 (0.068387)  NNZ: 23 (18)  Ttime: 1.3918 Vtime: 0.0516
Step: 49900000  Loss: 0.052265 Regul: 0.035228 Obj: 0.087493 (0.068387)  NNZ: 28 (18)  Ttime: 1.3900 Vtime: 0.0517
Step: 50000000  Loss: 0.050923 Regul: 0.030432 Obj: 0.081355 (0.068387)  NNZ: 26 (18)  Ttime: 1.3868 Vtime: 0.0505
