mu: 0.001 gamma: 0.1 maxdim: 80 nIters: 50000
Load Labels: 500000
Load Distances: 500000 x 480
0...10...20...30...40...50...60...70...80...90...100 - done.
Positive samples #250000
Negative samples #250000
Positive train #200000
Negative train #200000
Positive valid #50000
Negative valid #50000

Found GPU: GeForce GTX 970
Compute Capability: 5.2

Best: 100  Loss: 0.529853 Regul: 0.074051 Obj: 0.603904 (0.603904) Rank: 116 (116) Ttime: 6.2270 Vtime: 0.1144
Stat: Dim [116] AUC: 0.977147 (0.977147) FPR95: 12.73 (12.73) [saved]
Best: 200  Loss: 0.208334 Regul: 0.041674 Obj: 0.250008 (0.250008) Rank: 90 (90) Ttime: 5.9666 Vtime: 0.0318
Stat: Dim [90] AUC: 0.979283 (0.979283) FPR95: 11.42 (11.42) [saved]
Best: 300  Loss: 0.121190 Regul: 0.028071 Obj: 0.149261 (0.149261) Rank: 77 (77) Ttime: 5.8774 Vtime: 0.0269
Stat: Dim [77] AUC: 0.980465 (0.980465) FPR95: 10.59 (10.59) [saved]
Best: 400  Loss: 0.086163 Regul: 0.020707 Obj: 0.106870 (0.106870) Rank: 68 (68) Ttime: 5.8309 Vtime: 0.0268
Stat: Dim [68] AUC: 0.981417 (0.981417) FPR95: 9.95 (9.95) [saved]
Best: 500  Loss: 0.070792 Regul: 0.016289 Obj: 0.087081 (0.087081) Rank: 64 (64) Ttime: 5.7538 Vtime: 0.0222
Stat: Dim [64] AUC: 0.981896 (0.981896) FPR95: 9.71 (9.71) [saved]
Best: 600  Loss: 0.062194 Regul: 0.013619 Obj: 0.075813 (0.075813) Rank: 59 (59) Ttime: 5.7765 Vtime: 0.0213
Stat: Dim [59] AUC: 0.981891 (0.981896) FPR95: 9.72 (9.71)
Best: 700  Loss: 0.058768 Regul: 0.012154 Obj: 0.070922 (0.070922) Rank: 58 (58) Ttime: 5.7741 Vtime: 0.0211
Stat: Dim [58] AUC: 0.982611 (0.982611) FPR95: 9.06 (9.06) [saved]
Best: 800  Loss: 0.055845 Regul: 0.011316 Obj: 0.067160 (0.067160) Rank: 57 (57) Ttime: 5.6585 Vtime: 0.0214
Stat: Dim [57] AUC: 0.983058 (0.983058) FPR95: 8.84 (8.84) [saved]
Best: 900  Loss: 0.054356 Regul: 0.010615 Obj: 0.064970 (0.064970) Rank: 56 (56) Ttime: 5.7258 Vtime: 0.0218
Stat: Dim [56] AUC: 0.983179 (0.983179) FPR95: 8.84 (8.84) [saved]
Best: 1000  Loss: 0.053737 Regul: 0.010176 Obj: 0.063913 (0.063913) Rank: 54 (54) Ttime: 5.7069 Vtime: 0.0213
Stat: Dim [54] AUC: 0.983177 (0.983179) FPR95: 8.76 (8.84)
Best: 1100  Loss: 0.053351 Regul: 0.009979 Obj: 0.063329 (0.063329) Rank: 55 (55) Ttime: 5.7321 Vtime: 0.0219
Stat: Dim [55] AUC: 0.983465 (0.983465) FPR95: 8.65 (8.65) [saved]
Best: 1200  Loss: 0.052689 Regul: 0.009820 Obj: 0.062509 (0.062509) Rank: 55 (55) Ttime: 5.7579 Vtime: 0.0208
Stat: Dim [55] AUC: 0.983587 (0.983587) FPR95: 8.51 (8.51) [saved]
Best: 1300  Loss: 0.051393 Regul: 0.009636 Obj: 0.061029 (0.061029) Rank: 54 (54) Ttime: 5.6828 Vtime: 0.0216
Stat: Dim [54] AUC: 0.983806 (0.983806) FPR95: 8.21 (8.21) [saved]
Step: 1400  Loss: 0.051572 Regul: 0.009589 Obj: 0.061161 (0.061029) Rank: 55 (54) Ttime: 5.6833 Vtime: 0.0215
Step: 1500  Loss: 0.052462 Regul: 0.009517 Obj: 0.061980 (0.061029) Rank: 55 (54) Ttime: 5.7957 Vtime: 0.0211
Best: 1600  Loss: 0.051005 Regul: 0.009405 Obj: 0.060409 (0.060409) Rank: 55 (55) Ttime: 5.7596 Vtime: 0.0207
Stat: Dim [55] AUC: 0.983887 (0.983887) FPR95: 8.13 (8.13) [saved]
Best: 1700  Loss: 0.049819 Regul: 0.009304 Obj: 0.059123 (0.059123) Rank: 56 (56) Ttime: 5.7314 Vtime: 0.0217
Stat: Dim [56] AUC: 0.984154 (0.983887) FPR95: 8.14 (8.13)
Step: 1800  Loss: 0.050445 Regul: 0.009342 Obj: 0.059787 (0.059123) Rank: 56 (56) Ttime: 5.6597 Vtime: 0.0207
Step: 1900  Loss: 0.049971 Regul: 0.009296 Obj: 0.059267 (0.059123) Rank: 56 (56) Ttime: 5.5769 Vtime: 0.0207
Best: 2000  Loss: 0.049115 Regul: 0.009159 Obj: 0.058275 (0.058275) Rank: 56 (56) Ttime: 5.6362 Vtime: 0.0212
Stat: Dim [56] AUC: 0.984422 (0.984422) FPR95: 7.87 (7.87) [saved]
Best: 2100  Loss: 0.048597 Regul: 0.009133 Obj: 0.057730 (0.057730) Rank: 56 (56) Ttime: 5.7148 Vtime: 0.0214
Stat: Dim [56] AUC: 0.984510 (0.984510) FPR95: 7.75 (7.75) [saved]
Best: 2200  Loss: 0.047868 Regul: 0.009072 Obj: 0.056940 (0.056940) Rank: 55 (55) Ttime: 5.5838 Vtime: 0.0214
Stat: Dim [55] AUC: 0.984633 (0.984510) FPR95: 7.81 (7.75)
Step: 2300  Loss: 0.048791 Regul: 0.008905 Obj: 0.057695 (0.056940) Rank: 55 (55) Ttime: 5.7052 Vtime: 0.0210
Step: 2400  Loss: 0.048745 Regul: 0.008927 Obj: 0.057673 (0.056940) Rank: 55 (55) Ttime: 5.5903 Vtime: 0.0219
Step: 2500  Loss: 0.048961 Regul: 0.008837 Obj: 0.057798 (0.056940) Rank: 55 (55) Ttime: 5.5830 Vtime: 0.0206
Step: 2600  Loss: 0.048509 Regul: 0.008855 Obj: 0.057364 (0.056940) Rank: 56 (55) Ttime: 5.5989 Vtime: 0.0214
Step: 2700  Loss: 0.048238 Regul: 0.008873 Obj: 0.057111 (0.056940) Rank: 55 (55) Ttime: 5.6395 Vtime: 0.0213
Best: 2800  Loss: 0.047997 Regul: 0.008788 Obj: 0.056786 (0.056786) Rank: 56 (56) Ttime: 5.6893 Vtime: 0.0210
Stat: Dim [56] AUC: 0.984782 (0.984782) FPR95: 7.74 (7.74) [saved]
Step: 2900  Loss: 0.048131 Regul: 0.008751 Obj: 0.056882 (0.056786) Rank: 56 (56) Ttime: 5.7286 Vtime: 0.0210
Best: 3000  Loss: 0.047654 Regul: 0.008761 Obj: 0.056416 (0.056416) Rank: 56 (56) Ttime: 5.6725 Vtime: 0.0212
Stat: Dim [56] AUC: 0.984883 (0.984883) FPR95: 7.69 (7.69) [saved]
Best: 3100  Loss: 0.046991 Regul: 0.008749 Obj: 0.055740 (0.055740) Rank: 55 (55) Ttime: 5.5865 Vtime: 0.0217
Stat: Dim [55] AUC: 0.985107 (0.985107) FPR95: 7.52 (7.52) [saved]
Best: 3200  Loss: 0.046929 Regul: 0.008680 Obj: 0.055609 (0.055609) Rank: 56 (56) Ttime: 5.6049 Vtime: 0.0219
Stat: Dim [56] AUC: 0.985134 (0.985107) FPR95: 7.55 (7.52)
Step: 3300  Loss: 0.047148 Regul: 0.008630 Obj: 0.055778 (0.055609) Rank: 55 (56) Ttime: 5.6890 Vtime: 0.0222
Step: 3400  Loss: 0.047365 Regul: 0.008668 Obj: 0.056033 (0.055609) Rank: 56 (56) Ttime: 5.6854 Vtime: 0.0211
Step: 3500  Loss: 0.047102 Regul: 0.008658 Obj: 0.055760 (0.055609) Rank: 56 (56) Ttime: 5.7209 Vtime: 0.0210
Step: 3600  Loss: 0.047019 Regul: 0.008668 Obj: 0.055687 (0.055609) Rank: 56 (56) Ttime: 5.5978 Vtime: 0.0210
Step: 3700  Loss: 0.047401 Regul: 0.008693 Obj: 0.056095 (0.055609) Rank: 57 (56) Ttime: 5.6678 Vtime: 0.0215
Best: 3800  Loss: 0.046739 Regul: 0.008677 Obj: 0.055416 (0.055416) Rank: 57 (57) Ttime: 5.6506 Vtime: 0.0212
Stat: Dim [57] AUC: 0.985242 (0.985242) FPR95: 7.39 (7.39) [saved]
Best: 3900  Loss: 0.046156 Regul: 0.008676 Obj: 0.054833 (0.054833) Rank: 56 (56) Ttime: 5.6396 Vtime: 0.0216
Stat: Dim [56] AUC: 0.985372 (0.985372) FPR95: 7.30 (7.30) [saved]
Step: 4000  Loss: 0.046657 Regul: 0.008689 Obj: 0.055346 (0.054833) Rank: 57 (56) Ttime: 5.6291 Vtime: 0.0215
Step: 4100  Loss: 0.046207 Regul: 0.008766 Obj: 0.054973 (0.054833) Rank: 57 (56) Ttime: 5.6963 Vtime: 0.0213
Step: 4200  Loss: 0.046328 Regul: 0.008695 Obj: 0.055023 (0.054833) Rank: 56 (56) Ttime: 5.6040 Vtime: 0.0216
Best: 4300  Loss: 0.045261 Regul: 0.008677 Obj: 0.053938 (0.053938) Rank: 56 (56) Ttime: 5.6241 Vtime: 0.0208
Stat: Dim [56] AUC: 0.985544 (0.985372) FPR95: 7.31 (7.30)
Best: 4400  Loss: 0.045013 Regul: 0.008652 Obj: 0.053665 (0.053665) Rank: 57 (57) Ttime: 5.5938 Vtime: 0.0221
Stat: Dim [57] AUC: 0.985662 (0.985662) FPR95: 7.15 (7.15) [saved]
Step: 4500  Loss: 0.045272 Regul: 0.008578 Obj: 0.053850 (0.053665) Rank: 56 (57) Ttime: 5.6587 Vtime: 0.0216
Step: 4600  Loss: 0.045315 Regul: 0.008569 Obj: 0.053884 (0.053665) Rank: 56 (57) Ttime: 5.5855 Vtime: 0.0214
Step: 4700  Loss: 0.046038 Regul: 0.008617 Obj: 0.054655 (0.053665) Rank: 57 (57) Ttime: 5.5078 Vtime: 0.0223
Step: 4800  Loss: 0.045797 Regul: 0.008569 Obj: 0.054366 (0.053665) Rank: 57 (57) Ttime: 5.5514 Vtime: 0.0211
Step: 4900  Loss: 0.045072 Regul: 0.008619 Obj: 0.053691 (0.053665) Rank: 57 (57) Ttime: 5.6266 Vtime: 0.0209
Step: 5000  Loss: 0.045201 Regul: 0.008620 Obj: 0.053820 (0.053665) Rank: 57 (57) Ttime: 5.6222 Vtime: 0.0208
Step: 5100  Loss: 0.045727 Regul: 0.008622 Obj: 0.054350 (0.053665) Rank: 57 (57) Ttime: 5.5484 Vtime: 0.0213
Step: 5200  Loss: 0.045922 Regul: 0.008557 Obj: 0.054479 (0.053665) Rank: 57 (57) Ttime: 5.5474 Vtime: 0.0210
Step: 5300  Loss: 0.046070 Regul: 0.008540 Obj: 0.054609 (0.053665) Rank: 57 (57) Ttime: 5.6178 Vtime: 0.0211
Step: 5400  Loss: 0.046272 Regul: 0.008523 Obj: 0.054794 (0.053665) Rank: 57 (57) Ttime: 5.5793 Vtime: 0.0210
Step: 5500  Loss: 0.045685 Regul: 0.008529 Obj: 0.054214 (0.053665) Rank: 57 (57) Ttime: 5.6265 Vtime: 0.0211
Step: 5600  Loss: 0.046300 Regul: 0.008549 Obj: 0.054849 (0.053665) Rank: 56 (57) Ttime: 5.5976 Vtime: 0.0217
Step: 5700  Loss: 0.045688 Regul: 0.008540 Obj: 0.054228 (0.053665) Rank: 56 (57) Ttime: 5.6621 Vtime: 0.0212
Step: 5800  Loss: 0.046073 Regul: 0.008482 Obj: 0.054555 (0.053665) Rank: 56 (57) Ttime: 5.6130 Vtime: 0.0217
Step: 5900  Loss: 0.045454 Regul: 0.008507 Obj: 0.053961 (0.053665) Rank: 56 (57) Ttime: 5.6682 Vtime: 0.0215
Best: 6000  Loss: 0.044976 Regul: 0.008541 Obj: 0.053517 (0.053517) Rank: 57 (57) Ttime: 5.6637 Vtime: 0.0214
Stat: Dim [57] AUC: 0.985770 (0.985662) FPR95: 7.16 (7.15)
Step: 6100  Loss: 0.045336 Regul: 0.008539 Obj: 0.053875 (0.053517) Rank: 57 (57) Ttime: 5.6401 Vtime: 0.0208
Step: 6200  Loss: 0.045161 Regul: 0.008533 Obj: 0.053694 (0.053517) Rank: 57 (57) Ttime: 5.5105 Vtime: 0.0210
Step: 6300  Loss: 0.045095 Regul: 0.008593 Obj: 0.053688 (0.053517) Rank: 57 (57) Ttime: 5.5855 Vtime: 0.0214
Step: 6400  Loss: 0.044991 Regul: 0.008540 Obj: 0.053531 (0.053517) Rank: 57 (57) Ttime: 5.5224 Vtime: 0.0207
Best: 6500  Loss: 0.044899 Regul: 0.008520 Obj: 0.053419 (0.053419) Rank: 57 (57) Ttime: 5.5547 Vtime: 0.0217
Stat: Dim [57] AUC: 0.985924 (0.985924) FPR95: 6.98 (6.98) [saved]
Best: 6600  Loss: 0.044632 Regul: 0.008487 Obj: 0.053119 (0.053119) Rank: 57 (57) Ttime: 5.6869 Vtime: 0.0211
Stat: Dim [57] AUC: 0.985962 (0.985962) FPR95: 6.95 (6.95) [saved]
Step: 6700  Loss: 0.044776 Regul: 0.008489 Obj: 0.053266 (0.053119) Rank: 57 (57) Ttime: 5.5921 Vtime: 0.0210
Step: 6800  Loss: 0.044961 Regul: 0.008474 Obj: 0.053434 (0.053119) Rank: 57 (57) Ttime: 5.5228 Vtime: 0.0211
Step: 6900  Loss: 0.044759 Regul: 0.008442 Obj: 0.053202 (0.053119) Rank: 57 (57) Ttime: 5.6092 Vtime: 0.0210
Best: 7000  Loss: 0.044694 Regul: 0.008417 Obj: 0.053111 (0.053111) Rank: 57 (57) Ttime: 5.6370 Vtime: 0.0215
Stat: Dim [57] AUC: 0.985942 (0.985962) FPR95: 6.92 (6.95)
Step: 7100  Loss: 0.044798 Regul: 0.008454 Obj: 0.053251 (0.053111) Rank: 57 (57) Ttime: 5.5915 Vtime: 0.0212
Step: 7200  Loss: 0.045059 Regul: 0.008437 Obj: 0.053497 (0.053111) Rank: 58 (57) Ttime: 5.5343 Vtime: 0.0212
Best: 7300  Loss: 0.044282 Regul: 0.008442 Obj: 0.052724 (0.052724) Rank: 57 (57) Ttime: 5.5875 Vtime: 0.0216
Stat: Dim [57] AUC: 0.986065 (0.986065) FPR95: 6.90 (6.90) [saved]
Step: 7400  Loss: 0.044789 Regul: 0.008429 Obj: 0.053218 (0.052724) Rank: 58 (57) Ttime: 5.6537 Vtime: 0.0217
Best: 7500  Loss: 0.044228 Regul: 0.008491 Obj: 0.052720 (0.052720) Rank: 58 (58) Ttime: 5.5869 Vtime: 0.0216
Stat: Dim [58] AUC: 0.986068 (0.986065) FPR95: 6.96 (6.90)
Best: 7600  Loss: 0.044106 Regul: 0.008494 Obj: 0.052601 (0.052601) Rank: 57 (57) Ttime: 5.6190 Vtime: 0.0216
Stat: Dim [57] AUC: 0.986107 (0.986107) FPR95: 6.86 (6.86) [saved]
Step: 7700  Loss: 0.044910 Regul: 0.008457 Obj: 0.053367 (0.052601) Rank: 57 (57) Ttime: 5.5665 Vtime: 0.0207
Step: 7800  Loss: 0.045057 Regul: 0.008440 Obj: 0.053497 (0.052601) Rank: 57 (57) Ttime: 5.5151 Vtime: 0.0208
Step: 7900  Loss: 0.044839 Regul: 0.008438 Obj: 0.053277 (0.052601) Rank: 57 (57) Ttime: 5.4734 Vtime: 0.0216
Step: 8000  Loss: 0.044693 Regul: 0.008464 Obj: 0.053156 (0.052601) Rank: 58 (57) Ttime: 5.5008 Vtime: 0.0216
Step: 8100  Loss: 0.045026 Regul: 0.008379 Obj: 0.053405 (0.052601) Rank: 58 (57) Ttime: 5.6374 Vtime: 0.0207
Step: 8200  Loss: 0.044347 Regul: 0.008409 Obj: 0.052756 (0.052601) Rank: 58 (57) Ttime: 5.5423 Vtime: 0.0214
Step: 8300  Loss: 0.044448 Regul: 0.008420 Obj: 0.052868 (0.052601) Rank: 58 (57) Ttime: 5.5934 Vtime: 0.0215
Step: 8400  Loss: 0.044838 Regul: 0.008446 Obj: 0.053284 (0.052601) Rank: 58 (57) Ttime: 5.5795 Vtime: 0.0207
Step: 8500  Loss: 0.044842 Regul: 0.008476 Obj: 0.053318 (0.052601) Rank: 59 (57) Ttime: 5.4771 Vtime: 0.0219
Step: 8600  Loss: 0.044643 Regul: 0.008436 Obj: 0.053079 (0.052601) Rank: 58 (57) Ttime: 5.5407 Vtime: 0.0213
Step: 8700  Loss: 0.044925 Regul: 0.008401 Obj: 0.053326 (0.052601) Rank: 58 (57) Ttime: 5.5157 Vtime: 0.0211
Step: 8800  Loss: 0.044297 Regul: 0.008417 Obj: 0.052714 (0.052601) Rank: 58 (57) Ttime: 5.4776 Vtime: 0.0208
Step: 8900  Loss: 0.045051 Regul: 0.008352 Obj: 0.053403 (0.052601) Rank: 58 (57) Ttime: 5.5493 Vtime: 0.0206
Step: 9000  Loss: 0.044542 Regul: 0.008371 Obj: 0.052912 (0.052601) Rank: 58 (57) Ttime: 5.4706 Vtime: 0.0215
Step: 9100  Loss: 0.044393 Regul: 0.008428 Obj: 0.052822 (0.052601) Rank: 58 (57) Ttime: 5.4868 Vtime: 0.0211
Step: 9200  Loss: 0.044793 Regul: 0.008383 Obj: 0.053176 (0.052601) Rank: 58 (57) Ttime: 5.4975 Vtime: 0.0215
Step: 9300  Loss: 0.044484 Regul: 0.008356 Obj: 0.052840 (0.052601) Rank: 58 (57) Ttime: 5.6438 Vtime: 0.0211
Step: 9400  Loss: 0.044299 Regul: 0.008415 Obj: 0.052714 (0.052601) Rank: 58 (57) Ttime: 5.6060 Vtime: 0.0214
Step: 9500  Loss: 0.044205 Regul: 0.008420 Obj: 0.052625 (0.052601) Rank: 58 (57) Ttime: 5.6462 Vtime: 0.0214
Step: 9600  Loss: 0.044261 Regul: 0.008368 Obj: 0.052629 (0.052601) Rank: 58 (57) Ttime: 5.5529 Vtime: 0.0210
Step: 9700  Loss: 0.044300 Regul: 0.008381 Obj: 0.052681 (0.052601) Rank: 58 (57) Ttime: 5.5406 Vtime: 0.0212
Step: 9800  Loss: 0.044348 Regul: 0.008377 Obj: 0.052725 (0.052601) Rank: 58 (57) Ttime: 5.5186 Vtime: 0.0212
Step: 9900  Loss: 0.044480 Regul: 0.008355 Obj: 0.052835 (0.052601) Rank: 58 (57) Ttime: 5.5865 Vtime: 0.0208
Step: 10000  Loss: 0.044677 Regul: 0.008349 Obj: 0.053027 (0.052601) Rank: 58 (57) Ttime: 5.6101 Vtime: 0.0213
Step: 10100  Loss: 0.044739 Regul: 0.008404 Obj: 0.053142 (0.052601) Rank: 59 (57) Ttime: 5.5199 Vtime: 0.0217
Best: 10200  Loss: 0.044063 Regul: 0.008416 Obj: 0.052479 (0.052479) Rank: 59 (59) Ttime: 5.5081 Vtime: 0.0206
Stat: Dim [59] AUC: 0.986231 (0.986231) FPR95: 6.75 (6.75) [saved]
Best: 10300  Loss: 0.043747 Regul: 0.008415 Obj: 0.052162 (0.052162) Rank: 58 (58) Ttime: 5.5985 Vtime: 0.0214
Stat: Dim [58] AUC: 0.986257 (0.986257) FPR95: 6.72 (6.72) [saved]
Step: 10400  Loss: 0.043924 Regul: 0.008394 Obj: 0.052318 (0.052162) Rank: 58 (58) Ttime: 5.6152 Vtime: 0.0212
Step: 10500  Loss: 0.043850 Regul: 0.008381 Obj: 0.052230 (0.052162) Rank: 59 (58) Ttime: 5.5226 Vtime: 0.0214
Step: 10600  Loss: 0.043844 Regul: 0.008386 Obj: 0.052230 (0.052162) Rank: 58 (58) Ttime: 5.5793 Vtime: 0.0215
Step: 10700  Loss: 0.044331 Regul: 0.008377 Obj: 0.052707 (0.052162) Rank: 59 (58) Ttime: 5.5541 Vtime: 0.0217
Best: 10800  Loss: 0.043443 Regul: 0.008383 Obj: 0.051826 (0.051826) Rank: 59 (59) Ttime: 5.4960 Vtime: 0.0209
Stat: Dim [59] AUC: 0.986356 (0.986356) FPR95: 6.64 (6.64) [saved]
Step: 10900  Loss: 0.044630 Regul: 0.008316 Obj: 0.052946 (0.051826) Rank: 59 (59) Ttime: 5.6662 Vtime: 0.0212
Step: 11000  Loss: 0.044207 Regul: 0.008371 Obj: 0.052578 (0.051826) Rank: 59 (59) Ttime: 5.6061 Vtime: 0.0211
Step: 11100  Loss: 0.044299 Regul: 0.008409 Obj: 0.052708 (0.051826) Rank: 59 (59) Ttime: 5.5965 Vtime: 0.0211
Step: 11200  Loss: 0.043966 Regul: 0.008418 Obj: 0.052384 (0.051826) Rank: 59 (59) Ttime: 5.5787 Vtime: 0.0218
Step: 11300  Loss: 0.043992 Regul: 0.008384 Obj: 0.052376 (0.051826) Rank: 58 (59) Ttime: 5.5490 Vtime: 0.0219
Best: 11400  Loss: 0.043385 Regul: 0.008396 Obj: 0.051781 (0.051781) Rank: 58 (58) Ttime: 5.5965 Vtime: 0.0210
Stat: Dim [58] AUC: 0.986357 (0.986357) FPR95: 6.62 (6.62) [saved]
Step: 11500  Loss: 0.044265 Regul: 0.008377 Obj: 0.052642 (0.051781) Rank: 58 (58) Ttime: 5.5034 Vtime: 0.0214
Step: 11600  Loss: 0.044451 Regul: 0.008359 Obj: 0.052810 (0.051781) Rank: 59 (58) Ttime: 5.5046 Vtime: 0.0218
Step: 11700  Loss: 0.043944 Regul: 0.008319 Obj: 0.052263 (0.051781) Rank: 58 (58) Ttime: 5.4895 Vtime: 0.0215
Step: 11800  Loss: 0.044174 Regul: 0.008343 Obj: 0.052517 (0.051781) Rank: 58 (58) Ttime: 5.4772 Vtime: 0.0219
Step: 11900  Loss: 0.044043 Regul: 0.008345 Obj: 0.052387 (0.051781) Rank: 58 (58) Ttime: 5.5953 Vtime: 0.0212
Step: 12000  Loss: 0.043896 Regul: 0.008372 Obj: 0.052268 (0.051781) Rank: 58 (58) Ttime: 5.5442 Vtime: 0.0208
Step: 12100  Loss: 0.043658 Regul: 0.008388 Obj: 0.052045 (0.051781) Rank: 59 (58) Ttime: 5.4936 Vtime: 0.0213
Step: 12200  Loss: 0.044098 Regul: 0.008391 Obj: 0.052489 (0.051781) Rank: 59 (58) Ttime: 5.5570 Vtime: 0.0207
Step: 12300  Loss: 0.044232 Regul: 0.008405 Obj: 0.052636 (0.051781) Rank: 60 (58) Ttime: 5.5076 Vtime: 0.0215
Step: 12400  Loss: 0.043951 Regul: 0.008422 Obj: 0.052373 (0.051781) Rank: 60 (58) Ttime: 5.5487 Vtime: 0.0211
Step: 12500  Loss: 0.043722 Regul: 0.008413 Obj: 0.052135 (0.051781) Rank: 60 (58) Ttime: 5.4508 Vtime: 0.0213
Step: 12600  Loss: 0.043679 Regul: 0.008425 Obj: 0.052104 (0.051781) Rank: 60 (58) Ttime: 5.5817 Vtime: 0.0209
Step: 12700  Loss: 0.044026 Regul: 0.008390 Obj: 0.052416 (0.051781) Rank: 60 (58) Ttime: 5.5783 Vtime: 0.0209
Step: 12800  Loss: 0.044401 Regul: 0.008375 Obj: 0.052775 (0.051781) Rank: 59 (58) Ttime: 5.5805 Vtime: 0.0215
Step: 12900  Loss: 0.044225 Regul: 0.008399 Obj: 0.052624 (0.051781) Rank: 60 (58) Ttime: 5.6001 Vtime: 0.0217
Step: 13000  Loss: 0.044091 Regul: 0.008357 Obj: 0.052448 (0.051781) Rank: 59 (58) Ttime: 5.5601 Vtime: 0.0219
Step: 13100  Loss: 0.044012 Regul: 0.008378 Obj: 0.052390 (0.051781) Rank: 59 (58) Ttime: 5.6457 Vtime: 0.0213
Step: 13200  Loss: 0.043772 Regul: 0.008346 Obj: 0.052118 (0.051781) Rank: 59 (58) Ttime: 5.5315 Vtime: 0.0215
Step: 13300  Loss: 0.044332 Regul: 0.008310 Obj: 0.052643 (0.051781) Rank: 59 (58) Ttime: 5.5586 Vtime: 0.0213
Step: 13400  Loss: 0.044036 Regul: 0.008295 Obj: 0.052330 (0.051781) Rank: 60 (58) Ttime: 5.6666 Vtime: 0.0221
Step: 13500  Loss: 0.043788 Regul: 0.008356 Obj: 0.052144 (0.051781) Rank: 60 (58) Ttime: 5.6083 Vtime: 0.0212
Step: 13600  Loss: 0.043760 Regul: 0.008338 Obj: 0.052098 (0.051781) Rank: 59 (58) Ttime: 5.6099 Vtime: 0.0219
Step: 13700  Loss: 0.044162 Regul: 0.008359 Obj: 0.052521 (0.051781) Rank: 60 (58) Ttime: 5.4905 Vtime: 0.0212
Step: 13800  Loss: 0.044596 Regul: 0.008350 Obj: 0.052946 (0.051781) Rank: 59 (58) Ttime: 5.6493 Vtime: 0.0218
Step: 13900  Loss: 0.044087 Regul: 0.008341 Obj: 0.052428 (0.051781) Rank: 59 (58) Ttime: 5.4728 Vtime: 0.0213
Step: 14000  Loss: 0.043852 Regul: 0.008313 Obj: 0.052165 (0.051781) Rank: 59 (58) Ttime: 5.5458 Vtime: 0.0211
Step: 14100  Loss: 0.043628 Regul: 0.008336 Obj: 0.051964 (0.051781) Rank: 59 (58) Ttime: 5.5571 Vtime: 0.0211
Step: 14200  Loss: 0.043932 Regul: 0.008336 Obj: 0.052268 (0.051781) Rank: 59 (58) Ttime: 5.4797 Vtime: 0.0213
Step: 14300  Loss: 0.043664 Regul: 0.008371 Obj: 0.052035 (0.051781) Rank: 59 (58) Ttime: 5.4746 Vtime: 0.0217
Step: 14400  Loss: 0.043629 Regul: 0.008398 Obj: 0.052026 (0.051781) Rank: 59 (58) Ttime: 5.5604 Vtime: 0.0212
Step: 14500  Loss: 0.044400 Regul: 0.008381 Obj: 0.052781 (0.051781) Rank: 60 (58) Ttime: 5.4679 Vtime: 0.0216
Best: 14600  Loss: 0.043385 Regul: 0.008382 Obj: 0.051767 (0.051767) Rank: 60 (60) Ttime: 5.5284 Vtime: 0.0210
Stat: Dim [60] AUC: 0.986529 (0.986357) FPR95: 6.64 (6.62)
Step: 14700  Loss: 0.043816 Regul: 0.008383 Obj: 0.052199 (0.051767) Rank: 60 (60) Ttime: 5.6606 Vtime: 0.0218
Step: 14800  Loss: 0.044218 Regul: 0.008396 Obj: 0.052614 (0.051767) Rank: 60 (60) Ttime: 5.5747 Vtime: 0.0216
Step: 14900  Loss: 0.044057 Regul: 0.008419 Obj: 0.052476 (0.051767) Rank: 60 (60) Ttime: 5.5833 Vtime: 0.0215
Step: 15000  Loss: 0.043793 Regul: 0.008439 Obj: 0.052232 (0.051767) Rank: 60 (60) Ttime: 5.5566 Vtime: 0.0211
Step: 15100  Loss: 0.044175 Regul: 0.008432 Obj: 0.052607 (0.051767) Rank: 60 (60) Ttime: 5.5835 Vtime: 0.0209
Step: 15200  Loss: 0.043828 Regul: 0.008432 Obj: 0.052260 (0.051767) Rank: 60 (60) Ttime: 5.6690 Vtime: 0.0211
Step: 15300  Loss: 0.043839 Regul: 0.008442 Obj: 0.052281 (0.051767) Rank: 61 (60) Ttime: 5.5837 Vtime: 0.0219
Step: 15400  Loss: 0.043918 Regul: 0.008462 Obj: 0.052379 (0.051767) Rank: 61 (60) Ttime: 5.6004 Vtime: 0.0216
Step: 15500  Loss: 0.043674 Regul: 0.008412 Obj: 0.052086 (0.051767) Rank: 60 (60) Ttime: 5.6072 Vtime: 0.0213
Step: 15600  Loss: 0.043538 Regul: 0.008455 Obj: 0.051993 (0.051767) Rank: 61 (60) Ttime: 5.6074 Vtime: 0.0213
Step: 15700  Loss: 0.043633 Regul: 0.008411 Obj: 0.052044 (0.051767) Rank: 60 (60) Ttime: 5.5102 Vtime: 0.0212
Step: 15800  Loss: 0.043739 Regul: 0.008423 Obj: 0.052162 (0.051767) Rank: 60 (60) Ttime: 5.5761 Vtime: 0.0211
Step: 15900  Loss: 0.043792 Regul: 0.008400 Obj: 0.052192 (0.051767) Rank: 60 (60) Ttime: 5.5883 Vtime: 0.0207
Step: 16000  Loss: 0.043889 Regul: 0.008407 Obj: 0.052296 (0.051767) Rank: 60 (60) Ttime: 5.4727 Vtime: 0.0211
Step: 16100  Loss: 0.043906 Regul: 0.008388 Obj: 0.052293 (0.051767) Rank: 60 (60) Ttime: 5.6213 Vtime: 0.0208
Step: 16200  Loss: 0.043687 Regul: 0.008405 Obj: 0.052092 (0.051767) Rank: 60 (60) Ttime: 5.5154 Vtime: 0.0209
Step: 16300  Loss: 0.043670 Regul: 0.008402 Obj: 0.052071 (0.051767) Rank: 61 (60) Ttime: 5.5766 Vtime: 0.0222
Step: 16400  Loss: 0.043445 Regul: 0.008363 Obj: 0.051809 (0.051767) Rank: 60 (60) Ttime: 5.5430 Vtime: 0.0221
Best: 16500  Loss: 0.043217 Regul: 0.008392 Obj: 0.051609 (0.051609) Rank: 60 (60) Ttime: 5.7082 Vtime: 0.0218
Stat: Dim [60] AUC: 0.986607 (0.986607) FPR95: 6.55 (6.55) [saved]
Step: 16600  Loss: 0.043344 Regul: 0.008394 Obj: 0.051738 (0.051609) Rank: 59 (60) Ttime: 5.5069 Vtime: 0.0217
Step: 16700  Loss: 0.043460 Regul: 0.008384 Obj: 0.051844 (0.051609) Rank: 59 (60) Ttime: 5.5282 Vtime: 0.0211
Step: 16800  Loss: 0.043454 Regul: 0.008418 Obj: 0.051872 (0.051609) Rank: 60 (60) Ttime: 5.5246 Vtime: 0.0221
Best: 16900  Loss: 0.043157 Regul: 0.008393 Obj: 0.051549 (0.051549) Rank: 60 (60) Ttime: 5.6533 Vtime: 0.0215
Stat: Dim [60] AUC: 0.986621 (0.986607) FPR95: 6.57 (6.55)
Step: 17000  Loss: 0.043591 Regul: 0.008396 Obj: 0.051987 (0.051549) Rank: 60 (60) Ttime: 7.5748 Vtime: 0.0212
Step: 17100  Loss: 0.043286 Regul: 0.008403 Obj: 0.051689 (0.051549) Rank: 60 (60) Ttime: 5.6179 Vtime: 0.0217
Best: 17200  Loss: 0.042949 Regul: 0.008376 Obj: 0.051324 (0.051324) Rank: 60 (60) Ttime: 5.6117 Vtime: 0.0218
Stat: Dim [60] AUC: 0.986663 (0.986663) FPR95: 6.51 (6.51) [saved]
Step: 17300  Loss: 0.043104 Regul: 0.008360 Obj: 0.051463 (0.051324) Rank: 60 (60) Ttime: 5.6212 Vtime: 0.0212
Step: 17400  Loss: 0.043274 Regul: 0.008401 Obj: 0.051674 (0.051324) Rank: 60 (60) Ttime: 5.5693 Vtime: 0.0214
Step: 17500  Loss: 0.043352 Regul: 0.008378 Obj: 0.051730 (0.051324) Rank: 60 (60) Ttime: 5.5946 Vtime: 0.0209
Step: 17600  Loss: 0.043106 Regul: 0.008391 Obj: 0.051497 (0.051324) Rank: 60 (60) Ttime: 5.6058 Vtime: 0.0211
Step: 17700  Loss: 0.043476 Regul: 0.008363 Obj: 0.051839 (0.051324) Rank: 60 (60) Ttime: 5.6866 Vtime: 0.0211
Step: 17800  Loss: 0.043423 Regul: 0.008391 Obj: 0.051813 (0.051324) Rank: 60 (60) Ttime: 5.6310 Vtime: 0.0210
Step: 17900  Loss: 0.043323 Regul: 0.008394 Obj: 0.051717 (0.051324) Rank: 60 (60) Ttime: 5.5853 Vtime: 0.0214
Step: 18000  Loss: 0.043112 Regul: 0.008331 Obj: 0.051444 (0.051324) Rank: 61 (60) Ttime: 5.6146 Vtime: 0.0213
Step: 18100  Loss: 0.043053 Regul: 0.008331 Obj: 0.051384 (0.051324) Rank: 60 (60) Ttime: 5.5860 Vtime: 0.0215
Best: 18200  Loss: 0.042630 Regul: 0.008352 Obj: 0.050982 (0.050982) Rank: 60 (60) Ttime: 5.5044 Vtime: 0.0212
Stat: Dim [60] AUC: 0.986725 (0.986663) FPR95: 6.56 (6.51)
Step: 18300  Loss: 0.042855 Regul: 0.008374 Obj: 0.051229 (0.050982) Rank: 60 (60) Ttime: 5.5114 Vtime: 0.0207
Step: 18400  Loss: 0.042722 Regul: 0.008328 Obj: 0.051051 (0.050982) Rank: 60 (60) Ttime: 5.4409 Vtime: 0.0211
Step: 18500  Loss: 0.042852 Regul: 0.008356 Obj: 0.051208 (0.050982) Rank: 60 (60) Ttime: 5.4448 Vtime: 0.0215
Step: 18600  Loss: 0.042906 Regul: 0.008358 Obj: 0.051264 (0.050982) Rank: 60 (60) Ttime: 5.5017 Vtime: 0.0213
Step: 18700  Loss: 0.042917 Regul: 0.008386 Obj: 0.051303 (0.050982) Rank: 60 (60) Ttime: 5.4880 Vtime: 0.0216
Step: 18800  Loss: 0.043264 Regul: 0.008373 Obj: 0.051637 (0.050982) Rank: 60 (60) Ttime: 5.4900 Vtime: 0.0215
Step: 18900  Loss: 0.042932 Regul: 0.008368 Obj: 0.051300 (0.050982) Rank: 60 (60) Ttime: 5.4084 Vtime: 0.0209
Step: 19000  Loss: 0.043028 Regul: 0.008366 Obj: 0.051394 (0.050982) Rank: 60 (60) Ttime: 5.4447 Vtime: 0.0219
Step: 19100  Loss: 0.042894 Regul: 0.008368 Obj: 0.051262 (0.050982) Rank: 60 (60) Ttime: 5.5024 Vtime: 0.0213
Step: 19200  Loss: 0.043241 Regul: 0.008361 Obj: 0.051602 (0.050982) Rank: 60 (60) Ttime: 5.4753 Vtime: 0.0215
Step: 19300  Loss: 0.043049 Regul: 0.008347 Obj: 0.051396 (0.050982) Rank: 60 (60) Ttime: 5.5009 Vtime: 0.0211
Step: 19400  Loss: 0.042919 Regul: 0.008336 Obj: 0.051255 (0.050982) Rank: 60 (60) Ttime: 5.4646 Vtime: 0.0213
Step: 19500  Loss: 0.042949 Regul: 0.008325 Obj: 0.051274 (0.050982) Rank: 60 (60) Ttime: 5.4975 Vtime: 0.0207
Step: 19600  Loss: 0.043062 Regul: 0.008344 Obj: 0.051406 (0.050982) Rank: 60 (60) Ttime: 5.5093 Vtime: 0.0212
Step: 19700  Loss: 0.043232 Regul: 0.008357 Obj: 0.051589 (0.050982) Rank: 60 (60) Ttime: 5.5515 Vtime: 0.0211
Step: 19800  Loss: 0.043118 Regul: 0.008335 Obj: 0.051453 (0.050982) Rank: 60 (60) Ttime: 5.4857 Vtime: 0.0211
Step: 19900  Loss: 0.042929 Regul: 0.008327 Obj: 0.051257 (0.050982) Rank: 60 (60) Ttime: 5.4631 Vtime: 0.0211
Step: 20000  Loss: 0.043072 Regul: 0.008309 Obj: 0.051381 (0.050982) Rank: 60 (60) Ttime: 5.5099 Vtime: 0.0206
Step: 20100  Loss: 0.043267 Regul: 0.008303 Obj: 0.051571 (0.050982) Rank: 60 (60) Ttime: 5.6306 Vtime: 0.0215
Step: 20200  Loss: 0.043151 Regul: 0.008312 Obj: 0.051463 (0.050982) Rank: 60 (60) Ttime: 5.5501 Vtime: 0.0209
Step: 20300  Loss: 0.043433 Regul: 0.008312 Obj: 0.051744 (0.050982) Rank: 60 (60) Ttime: 5.5813 Vtime: 0.0209
Step: 20400  Loss: 0.043223 Regul: 0.008322 Obj: 0.051545 (0.050982) Rank: 60 (60) Ttime: 5.9722 Vtime: 0.0211
Step: 20500  Loss: 0.043068 Regul: 0.008310 Obj: 0.051378 (0.050982) Rank: 60 (60) Ttime: 5.5775 Vtime: 0.0213
Step: 20600  Loss: 0.042815 Regul: 0.008302 Obj: 0.051117 (0.050982) Rank: 60 (60) Ttime: 5.4454 Vtime: 0.0214
Step: 20700  Loss: 0.043202 Regul: 0.008311 Obj: 0.051513 (0.050982) Rank: 60 (60) Ttime: 5.4821 Vtime: 0.0211
Best: 20800  Loss: 0.042603 Regul: 0.008348 Obj: 0.050951 (0.050951) Rank: 60 (60) Ttime: 5.5274 Vtime: 0.0211
Stat: Dim [60] AUC: 0.986766 (0.986766) FPR95: 6.49 (6.49) [saved]
Step: 20900  Loss: 0.042929 Regul: 0.008337 Obj: 0.051266 (0.050951) Rank: 60 (60) Ttime: 5.4955 Vtime: 0.0205
Step: 21000  Loss: 0.042732 Regul: 0.008303 Obj: 0.051034 (0.050951) Rank: 60 (60) Ttime: 5.5579 Vtime: 0.0213
Step: 21100  Loss: 0.043034 Regul: 0.008305 Obj: 0.051339 (0.050951) Rank: 60 (60) Ttime: 5.4823 Vtime: 0.0217
Step: 21200  Loss: 0.043174 Regul: 0.008295 Obj: 0.051469 (0.050951) Rank: 60 (60) Ttime: 5.5349 Vtime: 0.0215
Step: 21300  Loss: 0.043047 Regul: 0.008307 Obj: 0.051353 (0.050951) Rank: 60 (60) Ttime: 5.6664 Vtime: 0.0208
Step: 21400  Loss: 0.043311 Regul: 0.008324 Obj: 0.051636 (0.050951) Rank: 60 (60) Ttime: 5.5983 Vtime: 0.0210
Step: 21500  Loss: 0.043162 Regul: 0.008345 Obj: 0.051508 (0.050951) Rank: 60 (60) Ttime: 5.5562 Vtime: 0.0209
Step: 21600  Loss: 0.043213 Regul: 0.008346 Obj: 0.051559 (0.050951) Rank: 60 (60) Ttime: 5.6332 Vtime: 0.0211
Step: 21700  Loss: 0.042723 Regul: 0.008363 Obj: 0.051086 (0.050951) Rank: 60 (60) Ttime: 5.5428 Vtime: 0.0212
Step: 21800  Loss: 0.043104 Regul: 0.008330 Obj: 0.051433 (0.050951) Rank: 60 (60) Ttime: 5.5471 Vtime: 0.0210
Step: 21900  Loss: 0.043237 Regul: 0.008362 Obj: 0.051599 (0.050951) Rank: 59 (60) Ttime: 5.5161 Vtime: 0.0214
Step: 22000  Loss: 0.043055 Regul: 0.008358 Obj: 0.051413 (0.050951) Rank: 60 (60) Ttime: 5.5186 Vtime: 0.0214
Step: 22100  Loss: 0.043336 Regul: 0.008344 Obj: 0.051680 (0.050951) Rank: 60 (60) Ttime: 5.4789 Vtime: 0.0212
Step: 22200  Loss: 0.042916 Regul: 0.008345 Obj: 0.051260 (0.050951) Rank: 60 (60) Ttime: 5.5021 Vtime: 0.0212
Step: 22300  Loss: 0.043187 Regul: 0.008354 Obj: 0.051540 (0.050951) Rank: 60 (60) Ttime: 5.4617 Vtime: 0.0216
Step: 22400  Loss: 0.043184 Regul: 0.008341 Obj: 0.051525 (0.050951) Rank: 61 (60) Ttime: 5.4769 Vtime: 0.0215
Step: 22500  Loss: 0.043122 Regul: 0.008317 Obj: 0.051439 (0.050951) Rank: 60 (60) Ttime: 5.4203 Vtime: 0.0218
Step: 22600  Loss: 0.043199 Regul: 0.008327 Obj: 0.051527 (0.050951) Rank: 60 (60) Ttime: 5.4567 Vtime: 0.0215
Step: 22700  Loss: 0.043347 Regul: 0.008321 Obj: 0.051668 (0.050951) Rank: 60 (60) Ttime: 5.4554 Vtime: 0.0218
Step: 22800  Loss: 0.043293 Regul: 0.008329 Obj: 0.051621 (0.050951) Rank: 60 (60) Ttime: 5.5266 Vtime: 0.0212
Step: 22900  Loss: 0.043275 Regul: 0.008338 Obj: 0.051613 (0.050951) Rank: 61 (60) Ttime: 5.4418 Vtime: 0.0220
Step: 23000  Loss: 0.042965 Regul: 0.008330 Obj: 0.051295 (0.050951) Rank: 60 (60) Ttime: 5.5374 Vtime: 0.0218
Step: 23100  Loss: 0.043145 Regul: 0.008340 Obj: 0.051485 (0.050951) Rank: 60 (60) Ttime: 5.4158 Vtime: 0.0218
Step: 23200  Loss: 0.043136 Regul: 0.008323 Obj: 0.051459 (0.050951) Rank: 60 (60) Ttime: 5.4814 Vtime: 0.0209
Step: 23300  Loss: 0.043737 Regul: 0.008314 Obj: 0.052051 (0.050951) Rank: 61 (60) Ttime: 5.4894 Vtime: 0.0220
Step: 23400  Loss: 0.043570 Regul: 0.008303 Obj: 0.051873 (0.050951) Rank: 61 (60) Ttime: 5.6562 Vtime: 0.0211
Step: 23500  Loss: 0.043381 Regul: 0.008299 Obj: 0.051680 (0.050951) Rank: 61 (60) Ttime: 5.5819 Vtime: 0.0222
Step: 23600  Loss: 0.043148 Regul: 0.008286 Obj: 0.051433 (0.050951) Rank: 60 (60) Ttime: 5.5504 Vtime: 0.0217
Step: 23700  Loss: 0.042836 Regul: 0.008297 Obj: 0.051132 (0.050951) Rank: 60 (60) Ttime: 5.5835 Vtime: 0.0209
Step: 23800  Loss: 0.042750 Regul: 0.008298 Obj: 0.051048 (0.050951) Rank: 61 (60) Ttime: 5.5493 Vtime: 0.0223
Step: 23900  Loss: 0.042897 Regul: 0.008289 Obj: 0.051187 (0.050951) Rank: 59 (60) Ttime: 5.4862 Vtime: 0.0214
Step: 24000  Loss: 0.043008 Regul: 0.008299 Obj: 0.051307 (0.050951) Rank: 60 (60) Ttime: 5.6172 Vtime: 0.0219
Step: 24100  Loss: 0.042755 Regul: 0.008287 Obj: 0.051042 (0.050951) Rank: 61 (60) Ttime: 5.5441 Vtime: 0.0221
Step: 24200  Loss: 0.042931 Regul: 0.008295 Obj: 0.051226 (0.050951) Rank: 61 (60) Ttime: 5.5523 Vtime: 0.0212
Step: 24300  Loss: 0.042920 Regul: 0.008312 Obj: 0.051232 (0.050951) Rank: 61 (60) Ttime: 5.6306 Vtime: 0.0214
Step: 24400  Loss: 0.042749 Regul: 0.008317 Obj: 0.051066 (0.050951) Rank: 61 (60) Ttime: 5.5602 Vtime: 0.0210
Step: 24500  Loss: 0.043018 Regul: 0.008289 Obj: 0.051307 (0.050951) Rank: 61 (60) Ttime: 5.5834 Vtime: 0.0214
Step: 24600  Loss: 0.042700 Regul: 0.008306 Obj: 0.051007 (0.050951) Rank: 61 (60) Ttime: 5.6259 Vtime: 0.0214
Step: 24700  Loss: 0.042720 Regul: 0.008299 Obj: 0.051019 (0.050951) Rank: 61 (60) Ttime: 5.5262 Vtime: 0.0213
Step: 24800  Loss: 0.043112 Regul: 0.008304 Obj: 0.051416 (0.050951) Rank: 61 (60) Ttime: 5.5536 Vtime: 0.0207
Step: 24900  Loss: 0.043282 Regul: 0.008333 Obj: 0.051615 (0.050951) Rank: 61 (60) Ttime: 5.6030 Vtime: 0.0209
Step: 25000  Loss: 0.043431 Regul: 0.008363 Obj: 0.051794 (0.050951) Rank: 61 (60) Ttime: 5.5665 Vtime: 0.0217
Step: 25100  Loss: 0.043141 Regul: 0.008390 Obj: 0.051531 (0.050951) Rank: 62 (60) Ttime: 5.6371 Vtime: 0.0217
Step: 25200  Loss: 0.043030 Regul: 0.008381 Obj: 0.051412 (0.050951) Rank: 60 (60) Ttime: 5.4949 Vtime: 0.0219
Step: 25300  Loss: 0.043150 Regul: 0.008383 Obj: 0.051533 (0.050951) Rank: 60 (60) Ttime: 5.6423 Vtime: 0.0208
Step: 25400  Loss: 0.042830 Regul: 0.008383 Obj: 0.051213 (0.050951) Rank: 60 (60) Ttime: 5.5653 Vtime: 0.0213
Step: 25500  Loss: 0.042764 Regul: 0.008372 Obj: 0.051136 (0.050951) Rank: 60 (60) Ttime: 5.5644 Vtime: 0.0211
Step: 25600  Loss: 0.043313 Regul: 0.008347 Obj: 0.051660 (0.050951) Rank: 60 (60) Ttime: 5.4970 Vtime: 0.0215
Step: 25700  Loss: 0.042955 Regul: 0.008341 Obj: 0.051296 (0.050951) Rank: 60 (60) Ttime: 5.4497 Vtime: 0.0220
Step: 25800  Loss: 0.043172 Regul: 0.008340 Obj: 0.051513 (0.050951) Rank: 60 (60) Ttime: 5.5731 Vtime: 0.0209
Step: 25900  Loss: 0.043357 Regul: 0.008303 Obj: 0.051660 (0.050951) Rank: 60 (60) Ttime: 5.5611 Vtime: 0.0208
Step: 26000  Loss: 0.043397 Regul: 0.008289 Obj: 0.051687 (0.050951) Rank: 60 (60) Ttime: 5.6340 Vtime: 0.0213
Step: 26100  Loss: 0.043350 Regul: 0.008305 Obj: 0.051655 (0.050951) Rank: 60 (60) Ttime: 5.5298 Vtime: 0.0216
Step: 26200  Loss: 0.042844 Regul: 0.008330 Obj: 0.051173 (0.050951) Rank: 60 (60) Ttime: 5.6000 Vtime: 0.0208
Best: 26300  Loss: 0.042532 Regul: 0.008333 Obj: 0.050865 (0.050865) Rank: 60 (60) Ttime: 5.5006 Vtime: 0.0207
Stat: Dim [60] AUC: 0.986845 (0.986845) FPR95: 6.46 (6.46) [saved]
Step: 26400  Loss: 0.042790 Regul: 0.008309 Obj: 0.051099 (0.050865) Rank: 60 (60) Ttime: 5.5423 Vtime: 0.0211
Step: 26500  Loss: 0.042821 Regul: 0.008315 Obj: 0.051136 (0.050865) Rank: 60 (60) Ttime: 5.4163 Vtime: 0.0212
Step: 26600  Loss: 0.042804 Regul: 0.008318 Obj: 0.051122 (0.050865) Rank: 60 (60) Ttime: 5.4587 Vtime: 0.0211
Step: 26700  Loss: 0.042621 Regul: 0.008327 Obj: 0.050948 (0.050865) Rank: 60 (60) Ttime: 5.5053 Vtime: 0.0208
Best: 26800  Loss: 0.042450 Regul: 0.008285 Obj: 0.050735 (0.050735) Rank: 60 (60) Ttime: 5.4834 Vtime: 0.0212
Stat: Dim [60] AUC: 0.986837 (0.986845) FPR95: 6.51 (6.46)
Step: 26900  Loss: 0.042644 Regul: 0.008259 Obj: 0.050903 (0.050735) Rank: 60 (60) Ttime: 5.4705 Vtime: 0.0211
Best: 27000  Loss: 0.042354 Regul: 0.008291 Obj: 0.050645 (0.050645) Rank: 60 (60) Ttime: 5.5100 Vtime: 0.0213
Stat: Dim [60] AUC: 0.986889 (0.986889) FPR95: 6.42 (6.42) [saved]
Step: 27100  Loss: 0.042499 Regul: 0.008300 Obj: 0.050799 (0.050645) Rank: 60 (60) Ttime: 5.5736 Vtime: 0.0214
Step: 27200  Loss: 0.042594 Regul: 0.008288 Obj: 0.050882 (0.050645) Rank: 61 (60) Ttime: 5.5092 Vtime: 0.0216
Step: 27300  Loss: 0.042922 Regul: 0.008321 Obj: 0.051242 (0.050645) Rank: 61 (60) Ttime: 5.5373 Vtime: 0.0219
Step: 27400  Loss: 0.042837 Regul: 0.008308 Obj: 0.051145 (0.050645) Rank: 61 (60) Ttime: 5.4903 Vtime: 0.0210
Step: 27500  Loss: 0.042887 Regul: 0.008268 Obj: 0.051155 (0.050645) Rank: 61 (60) Ttime: 5.5860 Vtime: 0.0209
Step: 27600  Loss: 0.043034 Regul: 0.008303 Obj: 0.051337 (0.050645) Rank: 61 (60) Ttime: 5.5879 Vtime: 0.0212
Step: 27700  Loss: 0.042823 Regul: 0.008300 Obj: 0.051123 (0.050645) Rank: 60 (60) Ttime: 5.5478 Vtime: 0.0217
Step: 27800  Loss: 0.042653 Regul: 0.008278 Obj: 0.050931 (0.050645) Rank: 60 (60) Ttime: 5.4954 Vtime: 0.0213
Step: 27900  Loss: 0.043115 Regul: 0.008286 Obj: 0.051401 (0.050645) Rank: 60 (60) Ttime: 5.4684 Vtime: 0.0211
Step: 28000  Loss: 0.043039 Regul: 0.008296 Obj: 0.051335 (0.050645) Rank: 61 (60) Ttime: 5.4544 Vtime: 0.0216
Step: 28100  Loss: 0.043010 Regul: 0.008276 Obj: 0.051286 (0.050645) Rank: 60 (60) Ttime: 5.5859 Vtime: 0.0216
Step: 28200  Loss: 0.042771 Regul: 0.008308 Obj: 0.051078 (0.050645) Rank: 60 (60) Ttime: 5.5333 Vtime: 0.0212
Step: 28300  Loss: 0.042961 Regul: 0.008308 Obj: 0.051268 (0.050645) Rank: 61 (60) Ttime: 5.5392 Vtime: 0.0214
Step: 28400  Loss: 0.043027 Regul: 0.008296 Obj: 0.051323 (0.050645) Rank: 61 (60) Ttime: 5.5216 Vtime: 0.0214
Step: 28500  Loss: 0.043003 Regul: 0.008292 Obj: 0.051295 (0.050645) Rank: 61 (60) Ttime: 5.5606 Vtime: 0.0209
Step: 28600  Loss: 0.043007 Regul: 0.008307 Obj: 0.051314 (0.050645) Rank: 61 (60) Ttime: 5.5388 Vtime: 0.0209
Step: 28700  Loss: 0.042941 Regul: 0.008327 Obj: 0.051268 (0.050645) Rank: 61 (60) Ttime: 5.5908 Vtime: 0.0208
Step: 28800  Loss: 0.043088 Regul: 0.008334 Obj: 0.051422 (0.050645) Rank: 61 (60) Ttime: 5.5711 Vtime: 0.0209
Step: 28900  Loss: 0.042891 Regul: 0.008316 Obj: 0.051207 (0.050645) Rank: 61 (60) Ttime: 5.5963 Vtime: 0.0213
Step: 29000  Loss: 0.042694 Regul: 0.008334 Obj: 0.051029 (0.050645) Rank: 61 (60) Ttime: 5.5924 Vtime: 0.0215
Step: 29100  Loss: 0.042888 Regul: 0.008301 Obj: 0.051189 (0.050645) Rank: 61 (60) Ttime: 5.5092 Vtime: 0.0212
Step: 29200  Loss: 0.043082 Regul: 0.008279 Obj: 0.051361 (0.050645) Rank: 61 (60) Ttime: 5.5846 Vtime: 0.0212
Step: 29300  Loss: 0.042846 Regul: 0.008284 Obj: 0.051130 (0.050645) Rank: 61 (60) Ttime: 5.5579 Vtime: 0.0212
Step: 29400  Loss: 0.042780 Regul: 0.008309 Obj: 0.051089 (0.050645) Rank: 60 (60) Ttime: 5.5818 Vtime: 0.0216
Step: 29500  Loss: 0.042789 Regul: 0.008322 Obj: 0.051111 (0.050645) Rank: 60 (60) Ttime: 5.4701 Vtime: 0.0209
Step: 29600  Loss: 0.042710 Regul: 0.008340 Obj: 0.051051 (0.050645) Rank: 60 (60) Ttime: 5.4962 Vtime: 0.0211
Step: 29700  Loss: 0.042651 Regul: 0.008295 Obj: 0.050946 (0.050645) Rank: 60 (60) Ttime: 5.5560 Vtime: 0.0208
Step: 29800  Loss: 0.042810 Regul: 0.008311 Obj: 0.051122 (0.050645) Rank: 60 (60) Ttime: 5.6004 Vtime: 0.0217
Step: 29900  Loss: 0.042721 Regul: 0.008311 Obj: 0.051032 (0.050645) Rank: 61 (60) Ttime: 5.5181 Vtime: 0.0219
Step: 30000  Loss: 0.043068 Regul: 0.008266 Obj: 0.051334 (0.050645) Rank: 60 (60) Ttime: 5.4804 Vtime: 0.0215
Step: 30100  Loss: 0.042564 Regul: 0.008279 Obj: 0.050843 (0.050645) Rank: 60 (60) Ttime: 5.4896 Vtime: 0.0209
Step: 30200  Loss: 0.042795 Regul: 0.008264 Obj: 0.051059 (0.050645) Rank: 60 (60) Ttime: 5.5700 Vtime: 0.0212
Step: 30300  Loss: 0.042940 Regul: 0.008247 Obj: 0.051186 (0.050645) Rank: 61 (60) Ttime: 5.5319 Vtime: 0.0214
Step: 30400  Loss: 0.042687 Regul: 0.008263 Obj: 0.050950 (0.050645) Rank: 61 (60) Ttime: 5.5980 Vtime: 0.0213
Step: 30500  Loss: 0.042898 Regul: 0.008255 Obj: 0.051153 (0.050645) Rank: 60 (60) Ttime: 5.5492 Vtime: 0.0220
Step: 30600  Loss: 0.042757 Regul: 0.008239 Obj: 0.050996 (0.050645) Rank: 60 (60) Ttime: 5.5205 Vtime: 0.0208
Step: 30700  Loss: 0.042781 Regul: 0.008279 Obj: 0.051059 (0.050645) Rank: 60 (60) Ttime: 5.6100 Vtime: 0.0208
Step: 30800  Loss: 0.042832 Regul: 0.008270 Obj: 0.051102 (0.050645) Rank: 60 (60) Ttime: 5.5963 Vtime: 0.0212
Step: 30900  Loss: 0.042853 Regul: 0.008281 Obj: 0.051134 (0.050645) Rank: 60 (60) Ttime: 5.5831 Vtime: 0.0211
Step: 31000  Loss: 0.042902 Regul: 0.008271 Obj: 0.051173 (0.050645) Rank: 60 (60) Ttime: 5.5035 Vtime: 0.0212
Step: 31100  Loss: 0.042898 Regul: 0.008293 Obj: 0.051191 (0.050645) Rank: 60 (60) Ttime: 5.5968 Vtime: 0.0212
Step: 31200  Loss: 0.042852 Regul: 0.008284 Obj: 0.051135 (0.050645) Rank: 60 (60) Ttime: 5.4858 Vtime: 0.0209
Step: 31300  Loss: 0.042680 Regul: 0.008279 Obj: 0.050959 (0.050645) Rank: 59 (60) Ttime: 5.5433 Vtime: 0.0217
Step: 31400  Loss: 0.042597 Regul: 0.008288 Obj: 0.050886 (0.050645) Rank: 60 (60) Ttime: 5.4925 Vtime: 0.0217
Step: 31500  Loss: 0.042738 Regul: 0.008276 Obj: 0.051014 (0.050645) Rank: 60 (60) Ttime: 5.5373 Vtime: 0.0213
Step: 31600  Loss: 0.042640 Regul: 0.008297 Obj: 0.050937 (0.050645) Rank: 60 (60) Ttime: 5.5068 Vtime: 0.0214
Step: 31700  Loss: 0.042571 Regul: 0.008297 Obj: 0.050867 (0.050645) Rank: 60 (60) Ttime: 5.5457 Vtime: 0.0208
Step: 31800  Loss: 0.042612 Regul: 0.008308 Obj: 0.050920 (0.050645) Rank: 60 (60) Ttime: 5.5472 Vtime: 0.0209
Step: 31900  Loss: 0.042523 Regul: 0.008286 Obj: 0.050809 (0.050645) Rank: 60 (60) Ttime: 5.5611 Vtime: 0.0210
Step: 32000  Loss: 0.042382 Regul: 0.008307 Obj: 0.050689 (0.050645) Rank: 61 (60) Ttime: 5.5575 Vtime: 0.0213
Step: 32100  Loss: 0.042584 Regul: 0.008284 Obj: 0.050869 (0.050645) Rank: 62 (60) Ttime: 5.5990 Vtime: 0.0217
Step: 32200  Loss: 0.042514 Regul: 0.008286 Obj: 0.050800 (0.050645) Rank: 62 (60) Ttime: 5.6554 Vtime: 0.0211
Step: 32300  Loss: 0.042543 Regul: 0.008298 Obj: 0.050840 (0.050645) Rank: 61 (60) Ttime: 5.6829 Vtime: 0.0218
Step: 32400  Loss: 0.042689 Regul: 0.008293 Obj: 0.050982 (0.050645) Rank: 61 (60) Ttime: 5.5588 Vtime: 0.0218
Step: 32500  Loss: 0.042743 Regul: 0.008285 Obj: 0.051029 (0.050645) Rank: 61 (60) Ttime: 5.5077 Vtime: 0.0217
Step: 32600  Loss: 0.042483 Regul: 0.008275 Obj: 0.050758 (0.050645) Rank: 61 (60) Ttime: 5.5975 Vtime: 0.0207
Step: 32700  Loss: 0.042524 Regul: 0.008306 Obj: 0.050830 (0.050645) Rank: 62 (60) Ttime: 5.5912 Vtime: 0.0211
Step: 32800  Loss: 0.042586 Regul: 0.008292 Obj: 0.050878 (0.050645) Rank: 61 (60) Ttime: 5.5573 Vtime: 0.0218
Step: 32900  Loss: 0.042402 Regul: 0.008303 Obj: 0.050706 (0.050645) Rank: 62 (60) Ttime: 5.5547 Vtime: 0.0212
Step: 33000  Loss: 0.042519 Regul: 0.008289 Obj: 0.050808 (0.050645) Rank: 62 (60) Ttime: 5.5188 Vtime: 0.0210
Step: 33100  Loss: 0.042540 Regul: 0.008304 Obj: 0.050844 (0.050645) Rank: 61 (60) Ttime: 5.5310 Vtime: 0.0211
Step: 33200  Loss: 0.042545 Regul: 0.008299 Obj: 0.050844 (0.050645) Rank: 61 (60) Ttime: 5.4336 Vtime: 0.0212
Step: 33300  Loss: 0.042547 Regul: 0.008294 Obj: 0.050841 (0.050645) Rank: 61 (60) Ttime: 5.5516 Vtime: 0.0217
Step: 33400  Loss: 0.042645 Regul: 0.008283 Obj: 0.050928 (0.050645) Rank: 61 (60) Ttime: 5.4626 Vtime: 0.0212
Step: 33500  Loss: 0.042648 Regul: 0.008270 Obj: 0.050918 (0.050645) Rank: 61 (60) Ttime: 5.5128 Vtime: 0.0216
Step: 33600  Loss: 0.042709 Regul: 0.008299 Obj: 0.051008 (0.050645) Rank: 61 (60) Ttime: 5.5088 Vtime: 0.0210
Step: 33700  Loss: 0.043093 Regul: 0.008293 Obj: 0.051386 (0.050645) Rank: 61 (60) Ttime: 5.6557 Vtime: 0.0208
Step: 33800  Loss: 0.042608 Regul: 0.008346 Obj: 0.050955 (0.050645) Rank: 61 (60) Ttime: 5.6034 Vtime: 0.0211
Step: 33900  Loss: 0.042827 Regul: 0.008344 Obj: 0.051171 (0.050645) Rank: 61 (60) Ttime: 5.6325 Vtime: 0.0206
Step: 34000  Loss: 0.042616 Regul: 0.008337 Obj: 0.050953 (0.050645) Rank: 61 (60) Ttime: 5.6351 Vtime: 0.0209
Step: 34100  Loss: 0.042778 Regul: 0.008330 Obj: 0.051108 (0.050645) Rank: 61 (60) Ttime: 5.6840 Vtime: 0.0215
Step: 34200  Loss: 0.042554 Regul: 0.008330 Obj: 0.050883 (0.050645) Rank: 61 (60) Ttime: 5.5676 Vtime: 0.0210
Step: 34300  Loss: 0.043051 Regul: 0.008314 Obj: 0.051365 (0.050645) Rank: 61 (60) Ttime: 5.6151 Vtime: 0.0210
Step: 34400  Loss: 0.043111 Regul: 0.008274 Obj: 0.051386 (0.050645) Rank: 61 (60) Ttime: 5.5963 Vtime: 0.0213
Step: 34500  Loss: 0.043071 Regul: 0.008244 Obj: 0.051315 (0.050645) Rank: 61 (60) Ttime: 5.6122 Vtime: 0.0213
Step: 34600  Loss: 0.042913 Regul: 0.008277 Obj: 0.051190 (0.050645) Rank: 61 (60) Ttime: 5.5924 Vtime: 0.0209
Step: 34700  Loss: 0.042770 Regul: 0.008313 Obj: 0.051083 (0.050645) Rank: 60 (60) Ttime: 5.5755 Vtime: 0.0216
Step: 34800  Loss: 0.042766 Regul: 0.008315 Obj: 0.051081 (0.050645) Rank: 60 (60) Ttime: 5.6295 Vtime: 0.0208
Step: 34900  Loss: 0.042722 Regul: 0.008293 Obj: 0.051015 (0.050645) Rank: 60 (60) Ttime: 5.6089 Vtime: 0.0212
Step: 35000  Loss: 0.042624 Regul: 0.008295 Obj: 0.050919 (0.050645) Rank: 61 (60) Ttime: 5.6428 Vtime: 0.0218
Best: 35100  Loss: 0.042303 Regul: 0.008310 Obj: 0.050613 (0.050613) Rank: 61 (61) Ttime: 5.5718 Vtime: 0.0213
Stat: Dim [61] AUC: 0.986948 (0.986948) FPR95: 6.29 (6.29) [saved]
Step: 35200  Loss: 0.042533 Regul: 0.008300 Obj: 0.050833 (0.050613) Rank: 61 (61) Ttime: 5.5119 Vtime: 0.0220
Step: 35300  Loss: 0.042968 Regul: 0.008280 Obj: 0.051248 (0.050613) Rank: 60 (61) Ttime: 5.5871 Vtime: 0.0216
Step: 35400  Loss: 0.042747 Regul: 0.008275 Obj: 0.051022 (0.050613) Rank: 60 (61) Ttime: 5.5680 Vtime: 0.0226
Step: 35500  Loss: 0.042585 Regul: 0.008289 Obj: 0.050874 (0.050613) Rank: 61 (61) Ttime: 5.6593 Vtime: 0.0219
Step: 35600  Loss: 0.042854 Regul: 0.008286 Obj: 0.051140 (0.050613) Rank: 61 (61) Ttime: 5.6220 Vtime: 0.0216
Step: 35700  Loss: 0.042691 Regul: 0.008300 Obj: 0.050991 (0.050613) Rank: 61 (61) Ttime: 5.6319 Vtime: 0.0214
Step: 35800  Loss: 0.042590 Regul: 0.008321 Obj: 0.050911 (0.050613) Rank: 61 (61) Ttime: 5.5636 Vtime: 0.0211
Step: 35900  Loss: 0.042689 Regul: 0.008304 Obj: 0.050993 (0.050613) Rank: 61 (61) Ttime: 5.6544 Vtime: 0.0217
Step: 36000  Loss: 0.042839 Regul: 0.008313 Obj: 0.051152 (0.050613) Rank: 61 (61) Ttime: 5.6343 Vtime: 0.0210
Step: 36100  Loss: 0.042707 Regul: 0.008315 Obj: 0.051021 (0.050613) Rank: 61 (61) Ttime: 5.5437 Vtime: 0.0206
Step: 36200  Loss: 0.042754 Regul: 0.008303 Obj: 0.051057 (0.050613) Rank: 61 (61) Ttime: 5.5450 Vtime: 0.0214
Step: 36300  Loss: 0.042840 Regul: 0.008285 Obj: 0.051125 (0.050613) Rank: 61 (61) Ttime: 5.6269 Vtime: 0.0209
Step: 36400  Loss: 0.042736 Regul: 0.008328 Obj: 0.051064 (0.050613) Rank: 61 (61) Ttime: 5.6031 Vtime: 0.0213
Step: 36500  Loss: 0.042678 Regul: 0.008322 Obj: 0.051000 (0.050613) Rank: 62 (61) Ttime: 5.5164 Vtime: 0.0213
Step: 36600  Loss: 0.042668 Regul: 0.008324 Obj: 0.050991 (0.050613) Rank: 61 (61) Ttime: 5.6532 Vtime: 0.0215
Step: 36700  Loss: 0.042633 Regul: 0.008288 Obj: 0.050920 (0.050613) Rank: 62 (61) Ttime: 5.6287 Vtime: 0.0215
Step: 36800  Loss: 0.042603 Regul: 0.008314 Obj: 0.050917 (0.050613) Rank: 61 (61) Ttime: 5.5774 Vtime: 0.0216
Step: 36900  Loss: 0.042518 Regul: 0.008327 Obj: 0.050844 (0.050613) Rank: 61 (61) Ttime: 5.5202 Vtime: 0.0209
Step: 37000  Loss: 0.042744 Regul: 0.008297 Obj: 0.051040 (0.050613) Rank: 61 (61) Ttime: 5.4848 Vtime: 0.0213
Step: 37100  Loss: 0.042761 Regul: 0.008324 Obj: 0.051085 (0.050613) Rank: 61 (61) Ttime: 5.5675 Vtime: 0.0209
Step: 37200  Loss: 0.042649 Regul: 0.008327 Obj: 0.050976 (0.050613) Rank: 61 (61) Ttime: 5.5590 Vtime: 0.0208
Step: 37300  Loss: 0.042759 Regul: 0.008288 Obj: 0.051047 (0.050613) Rank: 61 (61) Ttime: 5.4699 Vtime: 0.0214
Step: 37400  Loss: 0.042698 Regul: 0.008276 Obj: 0.050974 (0.050613) Rank: 61 (61) Ttime: 5.5747 Vtime: 0.0208
Step: 37500  Loss: 0.042870 Regul: 0.008273 Obj: 0.051143 (0.050613) Rank: 61 (61) Ttime: 5.6626 Vtime: 0.0215
Step: 37600  Loss: 0.042806 Regul: 0.008256 Obj: 0.051063 (0.050613) Rank: 61 (61) Ttime: 5.5263 Vtime: 0.0214
Step: 37700  Loss: 0.042916 Regul: 0.008228 Obj: 0.051143 (0.050613) Rank: 61 (61) Ttime: 5.6321 Vtime: 0.0210
Step: 37800  Loss: 0.042976 Regul: 0.008236 Obj: 0.051212 (0.050613) Rank: 61 (61) Ttime: 5.6151 Vtime: 0.0219
Step: 37900  Loss: 0.042595 Regul: 0.008238 Obj: 0.050832 (0.050613) Rank: 60 (61) Ttime: 5.6407 Vtime: 0.0218
Step: 38000  Loss: 0.042726 Regul: 0.008242 Obj: 0.050968 (0.050613) Rank: 60 (61) Ttime: 5.6035 Vtime: 0.0215
Step: 38100  Loss: 0.042929 Regul: 0.008221 Obj: 0.051150 (0.050613) Rank: 61 (61) Ttime: 5.5607 Vtime: 0.0218
Step: 38200  Loss: 0.042447 Regul: 0.008251 Obj: 0.050699 (0.050613) Rank: 61 (61) Ttime: 5.5396 Vtime: 0.0213
Step: 38300  Loss: 0.042842 Regul: 0.008236 Obj: 0.051078 (0.050613) Rank: 60 (61) Ttime: 5.5639 Vtime: 0.0216
Step: 38400  Loss: 0.042658 Regul: 0.008227 Obj: 0.050885 (0.050613) Rank: 60 (61) Ttime: 5.5098 Vtime: 0.0208
Step: 38500  Loss: 0.042526 Regul: 0.008239 Obj: 0.050764 (0.050613) Rank: 60 (61) Ttime: 5.5989 Vtime: 0.0216
Step: 38600  Loss: 0.042719 Regul: 0.008241 Obj: 0.050960 (0.050613) Rank: 61 (61) Ttime: 5.5428 Vtime: 0.0214
Step: 38700  Loss: 0.042633 Regul: 0.008266 Obj: 0.050899 (0.050613) Rank: 61 (61) Ttime: 5.6175 Vtime: 0.0216
Step: 38800  Loss: 0.042746 Regul: 0.008257 Obj: 0.051003 (0.050613) Rank: 61 (61) Ttime: 5.5739 Vtime: 0.0216
Step: 38900  Loss: 0.042574 Regul: 0.008262 Obj: 0.050836 (0.050613) Rank: 61 (61) Ttime: 5.6132 Vtime: 0.0208
Step: 39000  Loss: 0.042870 Regul: 0.008271 Obj: 0.051141 (0.050613) Rank: 61 (61) Ttime: 5.5672 Vtime: 0.0215
Step: 39100  Loss: 0.042844 Regul: 0.008282 Obj: 0.051126 (0.050613) Rank: 61 (61) Ttime: 5.5483 Vtime: 0.0213
Step: 39200  Loss: 0.042891 Regul: 0.008264 Obj: 0.051154 (0.050613) Rank: 61 (61) Ttime: 5.5347 Vtime: 0.0211
Step: 39300  Loss: 0.042727 Regul: 0.008239 Obj: 0.050966 (0.050613) Rank: 60 (61) Ttime: 5.5392 Vtime: 0.0214
Step: 39400  Loss: 0.042649 Regul: 0.008251 Obj: 0.050899 (0.050613) Rank: 61 (61) Ttime: 5.5324 Vtime: 0.0217
Step: 39500  Loss: 0.042794 Regul: 0.008234 Obj: 0.051028 (0.050613) Rank: 61 (61) Ttime: 5.4950 Vtime: 0.0211
Step: 39600  Loss: 0.042675 Regul: 0.008235 Obj: 0.050910 (0.050613) Rank: 61 (61) Ttime: 5.5434 Vtime: 0.0212
Step: 39700  Loss: 0.042740 Regul: 0.008209 Obj: 0.050949 (0.050613) Rank: 61 (61) Ttime: 5.5732 Vtime: 0.0218
Step: 39800  Loss: 0.042628 Regul: 0.008245 Obj: 0.050873 (0.050613) Rank: 61 (61) Ttime: 5.5689 Vtime: 0.0210
Step: 39900  Loss: 0.042541 Regul: 0.008242 Obj: 0.050784 (0.050613) Rank: 61 (61) Ttime: 5.5987 Vtime: 0.0218
Step: 40000  Loss: 0.042622 Regul: 0.008265 Obj: 0.050886 (0.050613) Rank: 62 (61) Ttime: 5.5929 Vtime: 0.0213
Step: 40100  Loss: 0.042408 Regul: 0.008308 Obj: 0.050716 (0.050613) Rank: 61 (61) Ttime: 5.4997 Vtime: 0.0216
Step: 40200  Loss: 0.042432 Regul: 0.008286 Obj: 0.050719 (0.050613) Rank: 61 (61) Ttime: 5.4873 Vtime: 0.0211
Step: 40300  Loss: 0.042762 Regul: 0.008276 Obj: 0.051038 (0.050613) Rank: 61 (61) Ttime: 5.5220 Vtime: 0.0208
Step: 40400  Loss: 0.042894 Regul: 0.008280 Obj: 0.051174 (0.050613) Rank: 61 (61) Ttime: 5.5147 Vtime: 0.0209
Step: 40500  Loss: 0.042702 Regul: 0.008280 Obj: 0.050982 (0.050613) Rank: 60 (61) Ttime: 5.4966 Vtime: 0.0219
Step: 40600  Loss: 0.042647 Regul: 0.008281 Obj: 0.050927 (0.050613) Rank: 61 (61) Ttime: 5.5198 Vtime: 0.0217
Step: 40700  Loss: 0.042342 Regul: 0.008298 Obj: 0.050640 (0.050613) Rank: 61 (61) Ttime: 5.4954 Vtime: 0.0211
Step: 40800  Loss: 0.042684 Regul: 0.008289 Obj: 0.050973 (0.050613) Rank: 61 (61) Ttime: 5.4867 Vtime: 0.0215
Step: 40900  Loss: 0.042383 Regul: 0.008279 Obj: 0.050662 (0.050613) Rank: 61 (61) Ttime: 5.5151 Vtime: 0.0211
Step: 41000  Loss: 0.042351 Regul: 0.008273 Obj: 0.050624 (0.050613) Rank: 62 (61) Ttime: 5.4892 Vtime: 0.0211
Step: 41100  Loss: 0.042407 Regul: 0.008265 Obj: 0.050672 (0.050613) Rank: 62 (61) Ttime: 5.5969 Vtime: 0.0215
Step: 41200  Loss: 0.042814 Regul: 0.008280 Obj: 0.051094 (0.050613) Rank: 61 (61) Ttime: 5.5681 Vtime: 0.0215
Step: 41300  Loss: 0.042523 Regul: 0.008278 Obj: 0.050801 (0.050613) Rank: 61 (61) Ttime: 5.5333 Vtime: 0.0207
Step: 41400  Loss: 0.042446 Regul: 0.008293 Obj: 0.050739 (0.050613) Rank: 61 (61) Ttime: 5.5401 Vtime: 0.0212
Step: 41500  Loss: 0.042732 Regul: 0.008269 Obj: 0.051002 (0.050613) Rank: 61 (61) Ttime: 5.5363 Vtime: 0.0215
Step: 41600  Loss: 0.042761 Regul: 0.008280 Obj: 0.051042 (0.050613) Rank: 61 (61) Ttime: 5.5224 Vtime: 0.0217
Step: 41700  Loss: 0.042761 Regul: 0.008271 Obj: 0.051031 (0.050613) Rank: 61 (61) Ttime: 5.5532 Vtime: 0.0210
Step: 41800  Loss: 0.042674 Regul: 0.008292 Obj: 0.050965 (0.050613) Rank: 61 (61) Ttime: 5.6974 Vtime: 0.0213
Step: 41900  Loss: 0.042758 Regul: 0.008294 Obj: 0.051052 (0.050613) Rank: 61 (61) Ttime: 5.4907 Vtime: 0.0207
Step: 42000  Loss: 0.042959 Regul: 0.008300 Obj: 0.051259 (0.050613) Rank: 61 (61) Ttime: 5.5198 Vtime: 0.0207
Step: 42100  Loss: 0.042744 Regul: 0.008314 Obj: 0.051058 (0.050613) Rank: 61 (61) Ttime: 5.5002 Vtime: 0.0215
Step: 42200  Loss: 0.042528 Regul: 0.008308 Obj: 0.050835 (0.050613) Rank: 62 (61) Ttime: 5.5051 Vtime: 0.0219
Step: 42300  Loss: 0.042888 Regul: 0.008305 Obj: 0.051193 (0.050613) Rank: 62 (61) Ttime: 5.5050 Vtime: 0.0208
Step: 42400  Loss: 0.042713 Regul: 0.008293 Obj: 0.051005 (0.050613) Rank: 61 (61) Ttime: 5.6240 Vtime: 0.0210
Step: 42500  Loss: 0.042505 Regul: 0.008326 Obj: 0.050830 (0.050613) Rank: 61 (61) Ttime: 5.6320 Vtime: 0.0210
Step: 42600  Loss: 0.042370 Regul: 0.008305 Obj: 0.050675 (0.050613) Rank: 62 (61) Ttime: 5.6640 Vtime: 0.0221
Step: 42700  Loss: 0.042500 Regul: 0.008319 Obj: 0.050819 (0.050613) Rank: 62 (61) Ttime: 5.5747 Vtime: 0.0212
Step: 42800  Loss: 0.042739 Regul: 0.008301 Obj: 0.051040 (0.050613) Rank: 61 (61) Ttime: 5.4975 Vtime: 0.0211
Step: 42900  Loss: 0.042558 Regul: 0.008329 Obj: 0.050887 (0.050613) Rank: 61 (61) Ttime: 5.5443 Vtime: 0.0211
Step: 43000  Loss: 0.042732 Regul: 0.008307 Obj: 0.051039 (0.050613) Rank: 62 (61) Ttime: 5.5420 Vtime: 0.0222
Step: 43100  Loss: 0.042609 Regul: 0.008292 Obj: 0.050901 (0.050613) Rank: 62 (61) Ttime: 5.5052 Vtime: 0.0218
Step: 43200  Loss: 0.042716 Regul: 0.008302 Obj: 0.051018 (0.050613) Rank: 61 (61) Ttime: 5.6051 Vtime: 0.0220
Step: 43300  Loss: 0.042694 Regul: 0.008322 Obj: 0.051016 (0.050613) Rank: 61 (61) Ttime: 5.4827 Vtime: 0.0214
Step: 43400  Loss: 0.042695 Regul: 0.008326 Obj: 0.051021 (0.050613) Rank: 61 (61) Ttime: 5.4816 Vtime: 0.0214
Step: 43500  Loss: 0.042630 Regul: 0.008309 Obj: 0.050939 (0.050613) Rank: 61 (61) Ttime: 5.5257 Vtime: 0.0210
Step: 43600  Loss: 0.042661 Regul: 0.008297 Obj: 0.050958 (0.050613) Rank: 61 (61) Ttime: 5.5096 Vtime: 0.0219
Step: 43700  Loss: 0.042589 Regul: 0.008287 Obj: 0.050876 (0.050613) Rank: 61 (61) Ttime: 5.4762 Vtime: 0.0207
Step: 43800  Loss: 0.042818 Regul: 0.008283 Obj: 0.051101 (0.050613) Rank: 61 (61) Ttime: 5.5235 Vtime: 0.0216
Step: 43900  Loss: 0.042926 Regul: 0.008277 Obj: 0.051203 (0.050613) Rank: 61 (61) Ttime: 5.6589 Vtime: 0.0210
Step: 44000  Loss: 0.043090 Regul: 0.008264 Obj: 0.051354 (0.050613) Rank: 62 (61) Ttime: 5.6151 Vtime: 0.0220
Step: 44100  Loss: 0.043120 Regul: 0.008257 Obj: 0.051376 (0.050613) Rank: 62 (61) Ttime: 5.4819 Vtime: 0.0213
Step: 44200  Loss: 0.042906 Regul: 0.008260 Obj: 0.051167 (0.050613) Rank: 62 (61) Ttime: 5.5548 Vtime: 0.0210
Step: 44300  Loss: 0.042830 Regul: 0.008272 Obj: 0.051101 (0.050613) Rank: 62 (61) Ttime: 5.5938 Vtime: 0.0213
Step: 44400  Loss: 0.042778 Regul: 0.008294 Obj: 0.051072 (0.050613) Rank: 62 (61) Ttime: 5.5360 Vtime: 0.0209
Step: 44500  Loss: 0.042777 Regul: 0.008324 Obj: 0.051101 (0.050613) Rank: 62 (61) Ttime: 5.6671 Vtime: 0.0212
Step: 44600  Loss: 0.042511 Regul: 0.008312 Obj: 0.050823 (0.050613) Rank: 62 (61) Ttime: 5.5521 Vtime: 0.0219
Step: 44700  Loss: 0.042497 Regul: 0.008316 Obj: 0.050813 (0.050613) Rank: 62 (61) Ttime: 5.4954 Vtime: 0.0213
Step: 44800  Loss: 0.042389 Regul: 0.008305 Obj: 0.050694 (0.050613) Rank: 62 (61) Ttime: 5.5091 Vtime: 0.0216
Step: 44900  Loss: 0.042518 Regul: 0.008307 Obj: 0.050825 (0.050613) Rank: 62 (61) Ttime: 5.4879 Vtime: 0.0211
Step: 45000  Loss: 0.042866 Regul: 0.008315 Obj: 0.051181 (0.050613) Rank: 62 (61) Ttime: 5.4343 Vtime: 0.0206
Step: 45100  Loss: 0.042561 Regul: 0.008298 Obj: 0.050859 (0.050613) Rank: 61 (61) Ttime: 5.3940 Vtime: 0.0216
Step: 45200  Loss: 0.042618 Regul: 0.008281 Obj: 0.050899 (0.050613) Rank: 62 (61) Ttime: 5.5818 Vtime: 0.0220
Step: 45300  Loss: 0.042722 Regul: 0.008299 Obj: 0.051021 (0.050613) Rank: 62 (61) Ttime: 5.6003 Vtime: 0.0214
Step: 45400  Loss: 0.042928 Regul: 0.008305 Obj: 0.051233 (0.050613) Rank: 62 (61) Ttime: 5.5696 Vtime: 0.0208
Step: 45500  Loss: 0.042629 Regul: 0.008311 Obj: 0.050940 (0.050613) Rank: 62 (61) Ttime: 5.5246 Vtime: 0.0208
Step: 45600  Loss: 0.042527 Regul: 0.008309 Obj: 0.050836 (0.050613) Rank: 62 (61) Ttime: 5.4757 Vtime: 0.0214
Step: 45700  Loss: 0.042535 Regul: 0.008300 Obj: 0.050835 (0.050613) Rank: 62 (61) Ttime: 5.4671 Vtime: 0.0208
Step: 45800  Loss: 0.042578 Regul: 0.008297 Obj: 0.050875 (0.050613) Rank: 62 (61) Ttime: 5.5123 Vtime: 0.0211
Step: 45900  Loss: 0.042496 Regul: 0.008286 Obj: 0.050782 (0.050613) Rank: 62 (61) Ttime: 5.5067 Vtime: 0.0215
Step: 46000  Loss: 0.042544 Regul: 0.008297 Obj: 0.050841 (0.050613) Rank: 61 (61) Ttime: 5.4540 Vtime: 0.0212
Step: 46100  Loss: 0.042558 Regul: 0.008297 Obj: 0.050855 (0.050613) Rank: 62 (61) Ttime: 5.4468 Vtime: 0.0217
Step: 46200  Loss: 0.042528 Regul: 0.008286 Obj: 0.050814 (0.050613) Rank: 61 (61) Ttime: 5.4374 Vtime: 0.0216
Step: 46300  Loss: 0.042400 Regul: 0.008310 Obj: 0.050710 (0.050613) Rank: 61 (61) Ttime: 5.4952 Vtime: 0.0213
Step: 46400  Loss: 0.042580 Regul: 0.008296 Obj: 0.050876 (0.050613) Rank: 62 (61) Ttime: 5.5475 Vtime: 0.0215
Step: 46500  Loss: 0.042498 Regul: 0.008277 Obj: 0.050775 (0.050613) Rank: 61 (61) Ttime: 5.5058 Vtime: 0.0221
Step: 46600  Loss: 0.042628 Regul: 0.008261 Obj: 0.050889 (0.050613) Rank: 61 (61) Ttime: 5.4504 Vtime: 0.0212
Best: 46700  Loss: 0.042260 Regul: 0.008266 Obj: 0.050526 (0.050526) Rank: 62 (62) Ttime: 5.5363 Vtime: 0.0217
Stat: Dim [62] AUC: 0.987061 (0.987061) FPR95: 6.23 (6.23) [saved]
Step: 46800  Loss: 0.042462 Regul: 0.008278 Obj: 0.050739 (0.050526) Rank: 62 (62) Ttime: 5.5877 Vtime: 0.0211
Step: 46900  Loss: 0.042400 Regul: 0.008293 Obj: 0.050693 (0.050526) Rank: 62 (62) Ttime: 5.6703 Vtime: 0.0211
Step: 47000  Loss: 0.042498 Regul: 0.008312 Obj: 0.050809 (0.050526) Rank: 62 (62) Ttime: 5.6079 Vtime: 0.0211
Step: 47100  Loss: 0.042759 Regul: 0.008335 Obj: 0.051094 (0.050526) Rank: 62 (62) Ttime: 5.5437 Vtime: 0.0212
Step: 47200  Loss: 0.042556 Regul: 0.008327 Obj: 0.050883 (0.050526) Rank: 62 (62) Ttime: 5.6269 Vtime: 0.0214
Step: 47300  Loss: 0.042556 Regul: 0.008327 Obj: 0.050883 (0.050526) Rank: 62 (62) Ttime: 5.5755 Vtime: 0.0216
Step: 47400  Loss: 0.042766 Regul: 0.008323 Obj: 0.051089 (0.050526) Rank: 62 (62) Ttime: 5.6070 Vtime: 0.0219
Step: 47500  Loss: 0.042558 Regul: 0.008312 Obj: 0.050870 (0.050526) Rank: 62 (62) Ttime: 5.5966 Vtime: 0.0213
Step: 47600  Loss: 0.042542 Regul: 0.008302 Obj: 0.050844 (0.050526) Rank: 62 (62) Ttime: 5.6153 Vtime: 0.0215
Step: 47700  Loss: 0.042534 Regul: 0.008311 Obj: 0.050845 (0.050526) Rank: 62 (62) Ttime: 5.5769 Vtime: 0.0205
Step: 47800  Loss: 0.042322 Regul: 0.008321 Obj: 0.050643 (0.050526) Rank: 62 (62) Ttime: 5.6133 Vtime: 0.0207
Step: 47900  Loss: 0.042532 Regul: 0.008315 Obj: 0.050847 (0.050526) Rank: 62 (62) Ttime: 5.6161 Vtime: 0.0211
Step: 48000  Loss: 0.042380 Regul: 0.008326 Obj: 0.050706 (0.050526) Rank: 62 (62) Ttime: 5.6052 Vtime: 0.0206
Step: 48100  Loss: 0.042458 Regul: 0.008306 Obj: 0.050764 (0.050526) Rank: 62 (62) Ttime: 5.6799 Vtime: 0.0212
Step: 48200  Loss: 0.042612 Regul: 0.008291 Obj: 0.050903 (0.050526) Rank: 62 (62) Ttime: 5.5759 Vtime: 0.0211
Step: 48300  Loss: 0.042435 Regul: 0.008309 Obj: 0.050744 (0.050526) Rank: 63 (62) Ttime: 5.6028 Vtime: 0.0219
Step: 48400  Loss: 0.042354 Regul: 0.008311 Obj: 0.050664 (0.050526) Rank: 63 (62) Ttime: 5.5937 Vtime: 0.0210
Step: 48500  Loss: 0.042435 Regul: 0.008300 Obj: 0.050735 (0.050526) Rank: 63 (62) Ttime: 5.6279 Vtime: 0.0215
Step: 48600  Loss: 0.042405 Regul: 0.008297 Obj: 0.050702 (0.050526) Rank: 63 (62) Ttime: 5.6344 Vtime: 0.0214
Step: 48700  Loss: 0.042415 Regul: 0.008300 Obj: 0.050716 (0.050526) Rank: 62 (62) Ttime: 5.7753 Vtime: 0.0214
Step: 48800  Loss: 0.042555 Regul: 0.008306 Obj: 0.050861 (0.050526) Rank: 62 (62) Ttime: 5.5297 Vtime: 0.0215
Step: 48900  Loss: 0.042377 Regul: 0.008309 Obj: 0.050686 (0.050526) Rank: 62 (62) Ttime: 5.6763 Vtime: 0.0211
Step: 49000  Loss: 0.042418 Regul: 0.008341 Obj: 0.050758 (0.050526) Rank: 62 (62) Ttime: 5.6268 Vtime: 0.0207
Step: 49100  Loss: 0.042712 Regul: 0.008351 Obj: 0.051063 (0.050526) Rank: 62 (62) Ttime: 5.5794 Vtime: 0.0208
Step: 49200  Loss: 0.042545 Regul: 0.008365 Obj: 0.050910 (0.050526) Rank: 62 (62) Ttime: 5.6517 Vtime: 0.0216
Step: 49300  Loss: 0.042502 Regul: 0.008371 Obj: 0.050873 (0.050526) Rank: 62 (62) Ttime: 5.6474 Vtime: 0.0213
Step: 49400  Loss: 0.042421 Regul: 0.008373 Obj: 0.050794 (0.050526) Rank: 62 (62) Ttime: 5.6322 Vtime: 0.0209
Step: 49500  Loss: 0.042462 Regul: 0.008376 Obj: 0.050837 (0.050526) Rank: 62 (62) Ttime: 5.5806 Vtime: 0.0211
Step: 49600  Loss: 0.042444 Regul: 0.008369 Obj: 0.050812 (0.050526) Rank: 62 (62) Ttime: 5.5528 Vtime: 0.0212
Step: 49700  Loss: 0.042290 Regul: 0.008357 Obj: 0.050646 (0.050526) Rank: 62 (62) Ttime: 5.6238 Vtime: 0.0219
Step: 49800  Loss: 0.042454 Regul: 0.008362 Obj: 0.050816 (0.050526) Rank: 62 (62) Ttime: 5.6158 Vtime: 0.0219
Step: 49900  Loss: 0.042262 Regul: 0.008373 Obj: 0.050634 (0.050526) Rank: 62 (62) Ttime: 5.5044 Vtime: 0.0213
Step: 50000  Loss: 0.042311 Regul: 0.008349 Obj: 0.050660 (0.050526) Rank: 62 (62) Ttime: 5.6300 Vtime: 0.0212
