mu: 0.002 gamma: 0.25 maxdim: 80 nIters: 50000
Load Labels: 500000
Load Distances: 500000 x 480
0...10...20...30...40...50...60...70...80...90...100 - done.
Positive samples #250000
Negative samples #250000
Positive train #200000
Negative train #200000
Positive valid #50000
Negative valid #50000

Found GPU: GeForce GTX 970
Compute Capability: 5.2

Best: 100  Loss: 0.222876 Regul: 0.050649 Obj: 0.273525 (0.273525) Rank: 81 (81) Ttime: 6.0661 Vtime: 0.1036
Stat: Dim [81] AUC: 0.976995 (0.976995) FPR95: 12.74 (12.74) [saved]
Best: 200  Loss: 0.094103 Regul: 0.025931 Obj: 0.120034 (0.120034) Rank: 60 (60) Ttime: 5.8967 Vtime: 0.0217
Stat: Dim [60] AUC: 0.979148 (0.979148) FPR95: 11.48 (11.48) [saved]
Best: 300  Loss: 0.065688 Regul: 0.017076 Obj: 0.082764 (0.082764) Rank: 53 (53) Ttime: 5.9041 Vtime: 0.0216
Stat: Dim [53] AUC: 0.980154 (0.980154) FPR95: 10.63 (10.63) [saved]
Best: 400  Loss: 0.057068 Regul: 0.013424 Obj: 0.070492 (0.070492) Rank: 49 (49) Ttime: 5.9973 Vtime: 0.0209
Stat: Dim [49] AUC: 0.981012 (0.981012) FPR95: 10.16 (10.16) [saved]
Best: 500  Loss: 0.054816 Regul: 0.012208 Obj: 0.067024 (0.067024) Rank: 48 (48) Ttime: 6.1128 Vtime: 0.0202
Stat: Dim [48] AUC: 0.981447 (0.981447) FPR95: 9.75 (9.75) [saved]
Best: 600  Loss: 0.053603 Regul: 0.011521 Obj: 0.065124 (0.065124) Rank: 46 (46) Ttime: 6.1625 Vtime: 0.0212
Stat: Dim [46] AUC: 0.981453 (0.981453) FPR95: 9.66 (9.66) [saved]
Best: 700  Loss: 0.052897 Regul: 0.011303 Obj: 0.064200 (0.064200) Rank: 47 (47) Ttime: 6.1800 Vtime: 0.0215
Stat: Dim [47] AUC: 0.982167 (0.982167) FPR95: 9.17 (9.17) [saved]
Best: 800  Loss: 0.051738 Regul: 0.011064 Obj: 0.062801 (0.062801) Rank: 45 (45) Ttime: 6.0815 Vtime: 0.0221
Stat: Dim [45] AUC: 0.982436 (0.982436) FPR95: 9.14 (9.14) [saved]
Best: 900  Loss: 0.050239 Regul: 0.010841 Obj: 0.061080 (0.061080) Rank: 46 (46) Ttime: 6.1131 Vtime: 0.0215
Stat: Dim [46] AUC: 0.982841 (0.982841) FPR95: 8.74 (8.74) [saved]
Step: 1000  Loss: 0.050986 Regul: 0.010617 Obj: 0.061603 (0.061080) Rank: 44 (46) Ttime: 6.1705 Vtime: 0.0208
Best: 1100  Loss: 0.050343 Regul: 0.010641 Obj: 0.060984 (0.060984) Rank: 45 (45) Ttime: 6.2053 Vtime: 0.0216
Stat: Dim [45] AUC: 0.982986 (0.982986) FPR95: 8.69 (8.69) [saved]
Best: 1200  Loss: 0.049991 Regul: 0.010645 Obj: 0.060636 (0.060636) Rank: 46 (46) Ttime: 6.2075 Vtime: 0.0213
Stat: Dim [46] AUC: 0.983085 (0.983085) FPR95: 8.65 (8.65) [saved]
Best: 1300  Loss: 0.049343 Regul: 0.010584 Obj: 0.059926 (0.059926) Rank: 46 (46) Ttime: 6.1327 Vtime: 0.0207
Stat: Dim [46] AUC: 0.983275 (0.983275) FPR95: 8.47 (8.47) [saved]
Step: 1400  Loss: 0.049543 Regul: 0.010542 Obj: 0.060084 (0.059926) Rank: 46 (46) Ttime: 6.1337 Vtime: 0.0207
Step: 1500  Loss: 0.050866 Regul: 0.010486 Obj: 0.061353 (0.059926) Rank: 45 (46) Ttime: 6.2718 Vtime: 0.0208
Step: 1600  Loss: 0.049743 Regul: 0.010406 Obj: 0.060149 (0.059926) Rank: 45 (46) Ttime: 6.2045 Vtime: 0.0206
Best: 1700  Loss: 0.049165 Regul: 0.010306 Obj: 0.059471 (0.059471) Rank: 45 (45) Ttime: 6.2433 Vtime: 0.0208
Stat: Dim [45] AUC: 0.983446 (0.983446) FPR95: 8.41 (8.41) [saved]
Step: 1800  Loss: 0.049783 Regul: 0.010332 Obj: 0.060115 (0.059471) Rank: 46 (45) Ttime: 6.1697 Vtime: 0.0210
Step: 1900  Loss: 0.049255 Regul: 0.010381 Obj: 0.059635 (0.059471) Rank: 46 (45) Ttime: 6.0997 Vtime: 0.0207
Best: 2000  Loss: 0.048607 Regul: 0.010292 Obj: 0.058900 (0.058900) Rank: 46 (46) Ttime: 6.1874 Vtime: 0.0206
Stat: Dim [46] AUC: 0.983649 (0.983649) FPR95: 8.22 (8.22) [saved]
Best: 2100  Loss: 0.047895 Regul: 0.010289 Obj: 0.058184 (0.058184) Rank: 46 (46) Ttime: 6.1658 Vtime: 0.0216
Stat: Dim [46] AUC: 0.983796 (0.983796) FPR95: 8.07 (8.07) [saved]
Best: 2200  Loss: 0.047698 Regul: 0.010238 Obj: 0.057936 (0.057936) Rank: 46 (46) Ttime: 6.0867 Vtime: 0.0210
Stat: Dim [46] AUC: 0.983787 (0.983796) FPR95: 8.03 (8.07)
Step: 2300  Loss: 0.048364 Regul: 0.010069 Obj: 0.058433 (0.057936) Rank: 46 (46) Ttime: 6.2082 Vtime: 0.0207
Step: 2400  Loss: 0.048543 Regul: 0.010156 Obj: 0.058699 (0.057936) Rank: 46 (46) Ttime: 6.0986 Vtime: 0.0206
Step: 2500  Loss: 0.048139 Regul: 0.010077 Obj: 0.058216 (0.057936) Rank: 46 (46) Ttime: 6.0530 Vtime: 0.0209
Step: 2600  Loss: 0.048083 Regul: 0.010083 Obj: 0.058167 (0.057936) Rank: 46 (46) Ttime: 6.1328 Vtime: 0.0209
Best: 2700  Loss: 0.047829 Regul: 0.010099 Obj: 0.057928 (0.057928) Rank: 45 (45) Ttime: 6.1288 Vtime: 0.0213
Stat: Dim [45] AUC: 0.983951 (0.983951) FPR95: 7.90 (7.90) [saved]
Step: 2800  Loss: 0.047904 Regul: 0.010037 Obj: 0.057941 (0.057928) Rank: 46 (45) Ttime: 6.1931 Vtime: 0.0211
Best: 2900  Loss: 0.047877 Regul: 0.010049 Obj: 0.057926 (0.057926) Rank: 45 (45) Ttime: 6.2009 Vtime: 0.0212
Stat: Dim [45] AUC: 0.984021 (0.983951) FPR95: 7.95 (7.90)
Best: 3000  Loss: 0.047408 Regul: 0.010084 Obj: 0.057492 (0.057492) Rank: 46 (46) Ttime: 6.1208 Vtime: 0.0210
Stat: Dim [46] AUC: 0.984085 (0.984085) FPR95: 7.88 (7.88) [saved]
Step: 3100  Loss: 0.047468 Regul: 0.010039 Obj: 0.057508 (0.057492) Rank: 45 (46) Ttime: 6.0747 Vtime: 0.0212
Best: 3200  Loss: 0.047259 Regul: 0.009969 Obj: 0.057228 (0.057228) Rank: 45 (45) Ttime: 6.1105 Vtime: 0.0212
Stat: Dim [45] AUC: 0.984142 (0.984085) FPR95: 7.96 (7.88)
Step: 3300  Loss: 0.047478 Regul: 0.009983 Obj: 0.057460 (0.057228) Rank: 45 (45) Ttime: 6.2026 Vtime: 0.0206
Step: 3400  Loss: 0.047429 Regul: 0.010005 Obj: 0.057435 (0.057228) Rank: 46 (45) Ttime: 6.1858 Vtime: 0.0209
Best: 3500  Loss: 0.047226 Regul: 0.009985 Obj: 0.057212 (0.057212) Rank: 47 (47) Ttime: 6.2255 Vtime: 0.0214
Stat: Dim [47] AUC: 0.984135 (0.984085) FPR95: 8.01 (7.88)
Best: 3600  Loss: 0.046789 Regul: 0.009985 Obj: 0.056773 (0.056773) Rank: 47 (47) Ttime: 6.0728 Vtime: 0.0209
Stat: Dim [47] AUC: 0.984283 (0.984283) FPR95: 7.79 (7.79) [saved]
Step: 3700  Loss: 0.047478 Regul: 0.010027 Obj: 0.057505 (0.056773) Rank: 46 (47) Ttime: 6.1321 Vtime: 0.0210
Best: 3800  Loss: 0.046491 Regul: 0.010086 Obj: 0.056576 (0.056576) Rank: 46 (46) Ttime: 6.1232 Vtime: 0.0213
Stat: Dim [46] AUC: 0.984410 (0.984410) FPR95: 7.71 (7.71) [saved]
Step: 3900  Loss: 0.046709 Regul: 0.010047 Obj: 0.056756 (0.056576) Rank: 46 (46) Ttime: 6.1729 Vtime: 0.0204
Step: 4000  Loss: 0.046946 Regul: 0.010028 Obj: 0.056974 (0.056576) Rank: 46 (46) Ttime: 6.1549 Vtime: 0.0209
Best: 4100  Loss: 0.046364 Regul: 0.010133 Obj: 0.056497 (0.056497) Rank: 47 (47) Ttime: 6.1762 Vtime: 0.0214
Stat: Dim [47] AUC: 0.984450 (0.984410) FPR95: 7.79 (7.71)
Step: 4200  Loss: 0.046811 Regul: 0.010079 Obj: 0.056890 (0.056497) Rank: 46 (47) Ttime: 6.0834 Vtime: 0.0213
Best: 4300  Loss: 0.045914 Regul: 0.010095 Obj: 0.056009 (0.056009) Rank: 47 (47) Ttime: 6.1263 Vtime: 0.0211
Stat: Dim [47] AUC: 0.984556 (0.984556) FPR95: 7.66 (7.66) [saved]
Best: 4400  Loss: 0.045806 Regul: 0.010066 Obj: 0.055872 (0.055872) Rank: 47 (47) Ttime: 6.1143 Vtime: 0.0208
Stat: Dim [47] AUC: 0.984595 (0.984595) FPR95: 7.64 (7.64) [saved]
Best: 4500  Loss: 0.045673 Regul: 0.010048 Obj: 0.055721 (0.055721) Rank: 47 (47) Ttime: 6.0877 Vtime: 0.0209
Stat: Dim [47] AUC: 0.984610 (0.984610) FPR95: 7.58 (7.58) [saved]
Step: 4600  Loss: 0.045879 Regul: 0.010003 Obj: 0.055882 (0.055721) Rank: 47 (47) Ttime: 6.1485 Vtime: 0.0208
Step: 4700  Loss: 0.046444 Regul: 0.009990 Obj: 0.056435 (0.055721) Rank: 47 (47) Ttime: 6.0939 Vtime: 0.0205
Step: 4800  Loss: 0.046261 Regul: 0.009944 Obj: 0.056204 (0.055721) Rank: 47 (47) Ttime: 6.0588 Vtime: 0.0207
Step: 4900  Loss: 0.045768 Regul: 0.010041 Obj: 0.055810 (0.055721) Rank: 47 (47) Ttime: 6.2143 Vtime: 0.0209
Step: 5000  Loss: 0.046026 Regul: 0.010011 Obj: 0.056037 (0.055721) Rank: 47 (47) Ttime: 6.1029 Vtime: 0.0205
Step: 5100  Loss: 0.046281 Regul: 0.010041 Obj: 0.056322 (0.055721) Rank: 47 (47) Ttime: 6.1112 Vtime: 0.0202
Step: 5200  Loss: 0.046545 Regul: 0.010014 Obj: 0.056559 (0.055721) Rank: 48 (47) Ttime: 6.1076 Vtime: 0.0221
Step: 5300  Loss: 0.046654 Regul: 0.009940 Obj: 0.056594 (0.055721) Rank: 48 (47) Ttime: 6.0987 Vtime: 0.0205
Step: 5400  Loss: 0.046626 Regul: 0.009931 Obj: 0.056557 (0.055721) Rank: 47 (47) Ttime: 6.1047 Vtime: 0.0210
Step: 5500  Loss: 0.046081 Regul: 0.009927 Obj: 0.056008 (0.055721) Rank: 47 (47) Ttime: 6.1290 Vtime: 0.0207
Step: 5600  Loss: 0.046467 Regul: 0.009949 Obj: 0.056416 (0.055721) Rank: 48 (47) Ttime: 6.1525 Vtime: 0.0214
Step: 5700  Loss: 0.046171 Regul: 0.009952 Obj: 0.056123 (0.055721) Rank: 47 (47) Ttime: 6.1593 Vtime: 0.0217
Step: 5800  Loss: 0.046304 Regul: 0.009893 Obj: 0.056197 (0.055721) Rank: 47 (47) Ttime: 6.0924 Vtime: 0.0205
Step: 5900  Loss: 0.045952 Regul: 0.009961 Obj: 0.055913 (0.055721) Rank: 47 (47) Ttime: 6.0922 Vtime: 0.0209
Best: 6000  Loss: 0.045650 Regul: 0.009940 Obj: 0.055590 (0.055590) Rank: 46 (46) Ttime: 6.1064 Vtime: 0.0212
Stat: Dim [46] AUC: 0.984692 (0.984692) FPR95: 7.57 (7.57) [saved]
Step: 6100  Loss: 0.045998 Regul: 0.009926 Obj: 0.055924 (0.055590) Rank: 47 (46) Ttime: 6.0979 Vtime: 0.0209
Step: 6200  Loss: 0.045793 Regul: 0.009921 Obj: 0.055714 (0.055590) Rank: 47 (46) Ttime: 6.0786 Vtime: 0.0211
Step: 6300  Loss: 0.045891 Regul: 0.009987 Obj: 0.055878 (0.055590) Rank: 47 (46) Ttime: 6.1497 Vtime: 0.0213
Step: 6400  Loss: 0.045638 Regul: 0.009987 Obj: 0.055625 (0.055590) Rank: 47 (46) Ttime: 6.0076 Vtime: 0.0206
Step: 6500  Loss: 0.045728 Regul: 0.009988 Obj: 0.055716 (0.055590) Rank: 47 (46) Ttime: 5.9942 Vtime: 0.0205
Best: 6600  Loss: 0.045363 Regul: 0.009962 Obj: 0.055326 (0.055326) Rank: 47 (47) Ttime: 6.0342 Vtime: 0.0207
Stat: Dim [47] AUC: 0.984872 (0.984872) FPR95: 7.40 (7.40) [saved]
Step: 6700  Loss: 0.045592 Regul: 0.009919 Obj: 0.055512 (0.055326) Rank: 47 (47) Ttime: 6.1110 Vtime: 0.0213
Step: 6800  Loss: 0.045514 Regul: 0.009927 Obj: 0.055441 (0.055326) Rank: 47 (47) Ttime: 6.0269 Vtime: 0.0208
Step: 6900  Loss: 0.045720 Regul: 0.009889 Obj: 0.055609 (0.055326) Rank: 47 (47) Ttime: 6.1859 Vtime: 0.0209
Step: 7000  Loss: 0.045880 Regul: 0.009877 Obj: 0.055757 (0.055326) Rank: 47 (47) Ttime: 6.1207 Vtime: 0.0208
Step: 7100  Loss: 0.046185 Regul: 0.009885 Obj: 0.056070 (0.055326) Rank: 47 (47) Ttime: 6.0985 Vtime: 0.0208
Step: 7200  Loss: 0.045974 Regul: 0.009876 Obj: 0.055850 (0.055326) Rank: 47 (47) Ttime: 6.0426 Vtime: 0.0206
Best: 7300  Loss: 0.045338 Regul: 0.009866 Obj: 0.055205 (0.055205) Rank: 47 (47) Ttime: 6.1775 Vtime: 0.0205
Stat: Dim [47] AUC: 0.984925 (0.984925) FPR95: 7.36 (7.36) [saved]
Step: 7400  Loss: 0.045826 Regul: 0.009856 Obj: 0.055681 (0.055205) Rank: 47 (47) Ttime: 6.1959 Vtime: 0.0207
Step: 7500  Loss: 0.045529 Regul: 0.009942 Obj: 0.055472 (0.055205) Rank: 47 (47) Ttime: 6.1392 Vtime: 0.0209
Step: 7600  Loss: 0.045433 Regul: 0.009925 Obj: 0.055358 (0.055205) Rank: 47 (47) Ttime: 6.1781 Vtime: 0.0213
Step: 7700  Loss: 0.045698 Regul: 0.009920 Obj: 0.055618 (0.055205) Rank: 47 (47) Ttime: 6.1468 Vtime: 0.0210
Step: 7800  Loss: 0.046119 Regul: 0.009902 Obj: 0.056020 (0.055205) Rank: 47 (47) Ttime: 6.0342 Vtime: 0.0208
Step: 7900  Loss: 0.045779 Regul: 0.009895 Obj: 0.055674 (0.055205) Rank: 48 (47) Ttime: 6.0482 Vtime: 0.0212
Step: 8000  Loss: 0.045514 Regul: 0.009935 Obj: 0.055449 (0.055205) Rank: 47 (47) Ttime: 6.0965 Vtime: 0.0220
Step: 8100  Loss: 0.045944 Regul: 0.009870 Obj: 0.055814 (0.055205) Rank: 48 (47) Ttime: 6.1855 Vtime: 0.0214
Step: 8200  Loss: 0.045596 Regul: 0.009887 Obj: 0.055483 (0.055205) Rank: 48 (47) Ttime: 6.1131 Vtime: 0.0207
Step: 8300  Loss: 0.045409 Regul: 0.009891 Obj: 0.055300 (0.055205) Rank: 48 (47) Ttime: 6.1804 Vtime: 0.0205
Step: 8400  Loss: 0.045788 Regul: 0.009909 Obj: 0.055697 (0.055205) Rank: 48 (47) Ttime: 6.1631 Vtime: 0.0203
Step: 8500  Loss: 0.045724 Regul: 0.009975 Obj: 0.055700 (0.055205) Rank: 48 (47) Ttime: 6.0048 Vtime: 0.0212
Step: 8600  Loss: 0.045676 Regul: 0.009923 Obj: 0.055599 (0.055205) Rank: 47 (47) Ttime: 6.1375 Vtime: 0.0210
Step: 8700  Loss: 0.046061 Regul: 0.009887 Obj: 0.055949 (0.055205) Rank: 47 (47) Ttime: 6.1064 Vtime: 0.0209
Step: 8800  Loss: 0.045410 Regul: 0.009934 Obj: 0.055343 (0.055205) Rank: 48 (47) Ttime: 6.0861 Vtime: 0.0209
Step: 8900  Loss: 0.045807 Regul: 0.009849 Obj: 0.055656 (0.055205) Rank: 48 (47) Ttime: 6.1181 Vtime: 0.0208
Step: 9000  Loss: 0.045575 Regul: 0.009840 Obj: 0.055414 (0.055205) Rank: 48 (47) Ttime: 6.1135 Vtime: 0.0212
Step: 9100  Loss: 0.045455 Regul: 0.009924 Obj: 0.055379 (0.055205) Rank: 48 (47) Ttime: 6.1753 Vtime: 0.0210
Step: 9200  Loss: 0.045966 Regul: 0.009846 Obj: 0.055813 (0.055205) Rank: 48 (47) Ttime: 6.1069 Vtime: 0.0201
Step: 9300  Loss: 0.045742 Regul: 0.009837 Obj: 0.055579 (0.055205) Rank: 48 (47) Ttime: 6.2299 Vtime: 0.0208
Step: 9400  Loss: 0.045360 Regul: 0.009944 Obj: 0.055304 (0.055205) Rank: 48 (47) Ttime: 6.1857 Vtime: 0.0208
Step: 9500  Loss: 0.045502 Regul: 0.009955 Obj: 0.055457 (0.055205) Rank: 48 (47) Ttime: 6.0805 Vtime: 0.0205
Step: 9600  Loss: 0.045406 Regul: 0.009907 Obj: 0.055313 (0.055205) Rank: 48 (47) Ttime: 6.1296 Vtime: 0.0210
Step: 9700  Loss: 0.045370 Regul: 0.009907 Obj: 0.055277 (0.055205) Rank: 48 (47) Ttime: 6.0968 Vtime: 0.0206
Step: 9800  Loss: 0.045555 Regul: 0.009872 Obj: 0.055427 (0.055205) Rank: 48 (47) Ttime: 6.0144 Vtime: 0.0206
Step: 9900  Loss: 0.045476 Regul: 0.009821 Obj: 0.055297 (0.055205) Rank: 48 (47) Ttime: 6.0803 Vtime: 0.0208
Step: 10000  Loss: 0.045653 Regul: 0.009881 Obj: 0.055533 (0.055205) Rank: 47 (47) Ttime: 6.1066 Vtime: 0.0217
Step: 10100  Loss: 0.045716 Regul: 0.009872 Obj: 0.055588 (0.055205) Rank: 47 (47) Ttime: 5.9473 Vtime: 0.0205
Step: 10200  Loss: 0.045362 Regul: 0.009908 Obj: 0.055270 (0.055205) Rank: 47 (47) Ttime: 5.9567 Vtime: 0.0205
Best: 10300  Loss: 0.045217 Regul: 0.009906 Obj: 0.055123 (0.055123) Rank: 47 (47) Ttime: 6.0654 Vtime: 0.0209
Stat: Dim [47] AUC: 0.985066 (0.985066) FPR95: 7.24 (7.24) [saved]
Best: 10400  Loss: 0.045082 Regul: 0.009859 Obj: 0.054941 (0.054941) Rank: 48 (48) Ttime: 6.1103 Vtime: 0.0214
Stat: Dim [48] AUC: 0.985000 (0.985066) FPR95: 7.29 (7.24)
Best: 10500  Loss: 0.044966 Regul: 0.009879 Obj: 0.054845 (0.054845) Rank: 48 (48) Ttime: 5.9544 Vtime: 0.0212
Stat: Dim [48] AUC: 0.985085 (0.985066) FPR95: 7.27 (7.24)
Step: 10600  Loss: 0.045073 Regul: 0.009874 Obj: 0.054948 (0.054845) Rank: 48 (48) Ttime: 6.1302 Vtime: 0.0207
Step: 10700  Loss: 0.045261 Regul: 0.009901 Obj: 0.055162 (0.054845) Rank: 48 (48) Ttime: 6.0457 Vtime: 0.0203
Best: 10800  Loss: 0.044618 Regul: 0.009910 Obj: 0.054527 (0.054527) Rank: 48 (48) Ttime: 5.9801 Vtime: 0.0210
Stat: Dim [48] AUC: 0.985167 (0.985167) FPR95: 7.17 (7.17) [saved]
Step: 10900  Loss: 0.045655 Regul: 0.009835 Obj: 0.055490 (0.054527) Rank: 48 (48) Ttime: 6.0582 Vtime: 0.0206
Step: 11000  Loss: 0.045192 Regul: 0.009866 Obj: 0.055058 (0.054527) Rank: 48 (48) Ttime: 6.0121 Vtime: 0.0213
Step: 11100  Loss: 0.045121 Regul: 0.009895 Obj: 0.055016 (0.054527) Rank: 48 (48) Ttime: 6.0865 Vtime: 0.0212
Step: 11200  Loss: 0.044881 Regul: 0.009942 Obj: 0.054822 (0.054527) Rank: 48 (48) Ttime: 6.0906 Vtime: 0.0206
Step: 11300  Loss: 0.045002 Regul: 0.009908 Obj: 0.054910 (0.054527) Rank: 48 (48) Ttime: 6.0935 Vtime: 0.0206
Step: 11400  Loss: 0.044732 Regul: 0.009899 Obj: 0.054631 (0.054527) Rank: 48 (48) Ttime: 6.1863 Vtime: 0.0208
Step: 11500  Loss: 0.045402 Regul: 0.009889 Obj: 0.055291 (0.054527) Rank: 48 (48) Ttime: 6.1243 Vtime: 0.0208
Step: 11600  Loss: 0.045508 Regul: 0.009835 Obj: 0.055343 (0.054527) Rank: 48 (48) Ttime: 6.0570 Vtime: 0.0210
Step: 11700  Loss: 0.045143 Regul: 0.009801 Obj: 0.054944 (0.054527) Rank: 48 (48) Ttime: 6.1248 Vtime: 0.0214
Step: 11800  Loss: 0.045412 Regul: 0.009850 Obj: 0.055262 (0.054527) Rank: 48 (48) Ttime: 6.0963 Vtime: 0.0209
Step: 11900  Loss: 0.045236 Regul: 0.009851 Obj: 0.055087 (0.054527) Rank: 48 (48) Ttime: 6.1560 Vtime: 0.0210
Step: 12000  Loss: 0.045077 Regul: 0.009899 Obj: 0.054977 (0.054527) Rank: 48 (48) Ttime: 6.0378 Vtime: 0.0211
Step: 12100  Loss: 0.044786 Regul: 0.009925 Obj: 0.054712 (0.054527) Rank: 48 (48) Ttime: 6.0963 Vtime: 0.0209
Step: 12200  Loss: 0.045191 Regul: 0.009902 Obj: 0.055093 (0.054527) Rank: 48 (48) Ttime: 6.1734 Vtime: 0.0206
Step: 12300  Loss: 0.045466 Regul: 0.009896 Obj: 0.055362 (0.054527) Rank: 48 (48) Ttime: 6.0714 Vtime: 0.0209
Step: 12400  Loss: 0.045208 Regul: 0.009906 Obj: 0.055114 (0.054527) Rank: 48 (48) Ttime: 6.1648 Vtime: 0.0206
Step: 12500  Loss: 0.044966 Regul: 0.009929 Obj: 0.054896 (0.054527) Rank: 48 (48) Ttime: 6.0808 Vtime: 0.0213
Step: 12600  Loss: 0.044910 Regul: 0.009926 Obj: 0.054836 (0.054527) Rank: 48 (48) Ttime: 6.1207 Vtime: 0.0214
Step: 12700  Loss: 0.044984 Regul: 0.009907 Obj: 0.054891 (0.054527) Rank: 48 (48) Ttime: 6.1501 Vtime: 0.0207
Step: 12800  Loss: 0.045465 Regul: 0.009884 Obj: 0.055349 (0.054527) Rank: 48 (48) Ttime: 6.1209 Vtime: 0.0210
Step: 12900  Loss: 0.045338 Regul: 0.009893 Obj: 0.055231 (0.054527) Rank: 49 (48) Ttime: 6.1887 Vtime: 0.0210
Step: 13000  Loss: 0.045150 Regul: 0.009830 Obj: 0.054980 (0.054527) Rank: 48 (48) Ttime: 6.1479 Vtime: 0.0218
Step: 13100  Loss: 0.045293 Regul: 0.009870 Obj: 0.055163 (0.054527) Rank: 48 (48) Ttime: 6.1633 Vtime: 0.0211
Step: 13200  Loss: 0.044975 Regul: 0.009853 Obj: 0.054828 (0.054527) Rank: 48 (48) Ttime: 6.1038 Vtime: 0.0214
Step: 13300  Loss: 0.045371 Regul: 0.009862 Obj: 0.055233 (0.054527) Rank: 48 (48) Ttime: 6.1204 Vtime: 0.0207
Step: 13400  Loss: 0.045297 Regul: 0.009835 Obj: 0.055132 (0.054527) Rank: 48 (48) Ttime: 6.2065 Vtime: 0.0203
Step: 13500  Loss: 0.045097 Regul: 0.009894 Obj: 0.054991 (0.054527) Rank: 48 (48) Ttime: 6.1499 Vtime: 0.0208
Step: 13600  Loss: 0.045082 Regul: 0.009890 Obj: 0.054972 (0.054527) Rank: 49 (48) Ttime: 6.1513 Vtime: 0.0213
Step: 13700  Loss: 0.045097 Regul: 0.009930 Obj: 0.055026 (0.054527) Rank: 48 (48) Ttime: 6.0291 Vtime: 0.0211
Step: 13800  Loss: 0.045512 Regul: 0.009914 Obj: 0.055425 (0.054527) Rank: 48 (48) Ttime: 6.1335 Vtime: 0.0210
Step: 13900  Loss: 0.045223 Regul: 0.009888 Obj: 0.055111 (0.054527) Rank: 48 (48) Ttime: 6.0473 Vtime: 0.0208
Step: 14000  Loss: 0.045293 Regul: 0.009843 Obj: 0.055135 (0.054527) Rank: 48 (48) Ttime: 6.0920 Vtime: 0.0208
Step: 14100  Loss: 0.045010 Regul: 0.009856 Obj: 0.054866 (0.054527) Rank: 48 (48) Ttime: 6.1731 Vtime: 0.0211
Step: 14200  Loss: 0.045222 Regul: 0.009862 Obj: 0.055084 (0.054527) Rank: 48 (48) Ttime: 6.1273 Vtime: 0.0212
Step: 14300  Loss: 0.044981 Regul: 0.009934 Obj: 0.054915 (0.054527) Rank: 48 (48) Ttime: 6.0710 Vtime: 0.0212
Step: 14400  Loss: 0.045069 Regul: 0.009954 Obj: 0.055023 (0.054527) Rank: 48 (48) Ttime: 6.1954 Vtime: 0.0207
Step: 14500  Loss: 0.045818 Regul: 0.009931 Obj: 0.055750 (0.054527) Rank: 48 (48) Ttime: 6.1346 Vtime: 0.0207
Step: 14600  Loss: 0.044894 Regul: 0.009932 Obj: 0.054826 (0.054527) Rank: 48 (48) Ttime: 6.1783 Vtime: 0.0203
Step: 14700  Loss: 0.044970 Regul: 0.009908 Obj: 0.054878 (0.054527) Rank: 48 (48) Ttime: 6.2244 Vtime: 0.0210
Step: 14800  Loss: 0.045444 Regul: 0.009909 Obj: 0.055354 (0.054527) Rank: 48 (48) Ttime: 6.0467 Vtime: 0.0210
Step: 14900  Loss: 0.045353 Regul: 0.009938 Obj: 0.055291 (0.054527) Rank: 49 (48) Ttime: 6.1471 Vtime: 0.0215
Step: 15000  Loss: 0.045120 Regul: 0.009946 Obj: 0.055065 (0.054527) Rank: 48 (48) Ttime: 6.0671 Vtime: 0.0212
Step: 15100  Loss: 0.045502 Regul: 0.009903 Obj: 0.055405 (0.054527) Rank: 48 (48) Ttime: 6.1257 Vtime: 0.0209
Step: 15200  Loss: 0.045132 Regul: 0.009947 Obj: 0.055079 (0.054527) Rank: 48 (48) Ttime: 6.1824 Vtime: 0.0202
Step: 15300  Loss: 0.045210 Regul: 0.009971 Obj: 0.055181 (0.054527) Rank: 48 (48) Ttime: 6.1368 Vtime: 0.0208
Step: 15400  Loss: 0.045380 Regul: 0.009990 Obj: 0.055370 (0.054527) Rank: 49 (48) Ttime: 6.1342 Vtime: 0.0217
Step: 15500  Loss: 0.045190 Regul: 0.009922 Obj: 0.055112 (0.054527) Rank: 48 (48) Ttime: 6.0347 Vtime: 0.0212
Step: 15600  Loss: 0.045081 Regul: 0.009981 Obj: 0.055062 (0.054527) Rank: 48 (48) Ttime: 6.0955 Vtime: 0.0210
Step: 15700  Loss: 0.045075 Regul: 0.009931 Obj: 0.055006 (0.054527) Rank: 48 (48) Ttime: 6.0697 Vtime: 0.0210
Step: 15800  Loss: 0.045041 Regul: 0.009970 Obj: 0.055011 (0.054527) Rank: 48 (48) Ttime: 6.1209 Vtime: 0.0214
Step: 15900  Loss: 0.045069 Regul: 0.009937 Obj: 0.055006 (0.054527) Rank: 49 (48) Ttime: 6.2165 Vtime: 0.0213
Step: 16000  Loss: 0.045379 Regul: 0.009932 Obj: 0.055312 (0.054527) Rank: 48 (48) Ttime: 6.0669 Vtime: 0.0218
Step: 16100  Loss: 0.045178 Regul: 0.009922 Obj: 0.055100 (0.054527) Rank: 49 (48) Ttime: 6.2139 Vtime: 0.0222
Step: 16200  Loss: 0.045272 Regul: 0.009942 Obj: 0.055214 (0.054527) Rank: 49 (48) Ttime: 6.1595 Vtime: 0.0204
Step: 16300  Loss: 0.045253 Regul: 0.009924 Obj: 0.055177 (0.054527) Rank: 49 (48) Ttime: 6.1081 Vtime: 0.0209
Step: 16400  Loss: 0.045103 Regul: 0.009883 Obj: 0.054987 (0.054527) Rank: 49 (48) Ttime: 6.0671 Vtime: 0.0207
Step: 16500  Loss: 0.044798 Regul: 0.009906 Obj: 0.054705 (0.054527) Rank: 49 (48) Ttime: 6.0321 Vtime: 0.0213
Step: 16600  Loss: 0.045054 Regul: 0.009918 Obj: 0.054972 (0.054527) Rank: 48 (48) Ttime: 6.0119 Vtime: 0.0215
Step: 16700  Loss: 0.044945 Regul: 0.009883 Obj: 0.054828 (0.054527) Rank: 48 (48) Ttime: 6.0105 Vtime: 0.0208
Step: 16800  Loss: 0.045099 Regul: 0.009928 Obj: 0.055027 (0.054527) Rank: 49 (48) Ttime: 6.0235 Vtime: 0.0211
Step: 16900  Loss: 0.044837 Regul: 0.009912 Obj: 0.054750 (0.054527) Rank: 49 (48) Ttime: 6.1090 Vtime: 0.0214
Step: 17000  Loss: 0.045007 Regul: 0.009908 Obj: 0.054915 (0.054527) Rank: 49 (48) Ttime: 6.0819 Vtime: 0.0206
Step: 17100  Loss: 0.044759 Regul: 0.009943 Obj: 0.054702 (0.054527) Rank: 49 (48) Ttime: 6.1728 Vtime: 0.0210
Best: 17200  Loss: 0.044556 Regul: 0.009931 Obj: 0.054487 (0.054487) Rank: 49 (49) Ttime: 6.0457 Vtime: 0.0204
Stat: Dim [49] AUC: 0.985343 (0.985343) FPR95: 7.10 (7.10) [saved]
Step: 17300  Loss: 0.044780 Regul: 0.009892 Obj: 0.054673 (0.054487) Rank: 49 (49) Ttime: 5.9231 Vtime: 0.0211
Step: 17400  Loss: 0.044661 Regul: 0.009924 Obj: 0.054585 (0.054487) Rank: 49 (49) Ttime: 6.1138 Vtime: 0.0212
Step: 17500  Loss: 0.044777 Regul: 0.009908 Obj: 0.054685 (0.054487) Rank: 49 (49) Ttime: 6.1695 Vtime: 0.0213
Step: 17600  Loss: 0.044576 Regul: 0.009930 Obj: 0.054506 (0.054487) Rank: 49 (49) Ttime: 6.0969 Vtime: 0.0203
Step: 17700  Loss: 0.044793 Regul: 0.009928 Obj: 0.054721 (0.054487) Rank: 49 (49) Ttime: 6.1280 Vtime: 0.0209
Step: 17800  Loss: 0.044750 Regul: 0.009931 Obj: 0.054681 (0.054487) Rank: 49 (49) Ttime: 6.0817 Vtime: 0.0205
Step: 17900  Loss: 0.044899 Regul: 0.009942 Obj: 0.054841 (0.054487) Rank: 49 (49) Ttime: 5.9932 Vtime: 0.0201
Step: 18000  Loss: 0.044796 Regul: 0.009884 Obj: 0.054681 (0.054487) Rank: 48 (49) Ttime: 6.1402 Vtime: 0.0212
Step: 18100  Loss: 0.044712 Regul: 0.009882 Obj: 0.054594 (0.054487) Rank: 48 (49) Ttime: 6.0408 Vtime: 0.0206
Best: 18200  Loss: 0.044353 Regul: 0.009900 Obj: 0.054253 (0.054253) Rank: 49 (49) Ttime: 5.9412 Vtime: 0.0215
Stat: Dim [49] AUC: 0.985382 (0.985343) FPR95: 7.15 (7.10)
Step: 18300  Loss: 0.044506 Regul: 0.009901 Obj: 0.054407 (0.054253) Rank: 48 (49) Ttime: 5.9590 Vtime: 0.0215
Best: 18400  Loss: 0.044323 Regul: 0.009847 Obj: 0.054170 (0.054170) Rank: 48 (48) Ttime: 5.9924 Vtime: 0.0206
Stat: Dim [48] AUC: 0.985411 (0.985411) FPR95: 7.06 (7.06) [saved]
Step: 18500  Loss: 0.044488 Regul: 0.009879 Obj: 0.054367 (0.054170) Rank: 48 (48) Ttime: 6.0591 Vtime: 0.0210
Step: 18600  Loss: 0.044599 Regul: 0.009891 Obj: 0.054490 (0.054170) Rank: 48 (48) Ttime: 6.0899 Vtime: 0.0215
Step: 18700  Loss: 0.044596 Regul: 0.009907 Obj: 0.054504 (0.054170) Rank: 48 (48) Ttime: 6.0439 Vtime: 0.0205
Step: 18800  Loss: 0.045099 Regul: 0.009889 Obj: 0.054987 (0.054170) Rank: 48 (48) Ttime: 6.0137 Vtime: 0.0211
Step: 18900  Loss: 0.044668 Regul: 0.009893 Obj: 0.054562 (0.054170) Rank: 48 (48) Ttime: 6.0063 Vtime: 0.0218
Step: 19000  Loss: 0.044516 Regul: 0.009897 Obj: 0.054413 (0.054170) Rank: 48 (48) Ttime: 6.0379 Vtime: 0.0207
Step: 19100  Loss: 0.044494 Regul: 0.009887 Obj: 0.054381 (0.054170) Rank: 48 (48) Ttime: 6.0800 Vtime: 0.0206
Step: 19200  Loss: 0.044820 Regul: 0.009870 Obj: 0.054690 (0.054170) Rank: 48 (48) Ttime: 6.0595 Vtime: 0.0213
Step: 19300  Loss: 0.044616 Regul: 0.009860 Obj: 0.054475 (0.054170) Rank: 48 (48) Ttime: 6.0443 Vtime: 0.0213
Step: 19400  Loss: 0.044613 Regul: 0.009850 Obj: 0.054463 (0.054170) Rank: 49 (48) Ttime: 6.0000 Vtime: 0.0215
Step: 19500  Loss: 0.044756 Regul: 0.009822 Obj: 0.054578 (0.054170) Rank: 48 (48) Ttime: 5.9701 Vtime: 0.0215
Step: 19600  Loss: 0.044750 Regul: 0.009849 Obj: 0.054599 (0.054170) Rank: 49 (48) Ttime: 5.9731 Vtime: 0.0212
Step: 19700  Loss: 0.044680 Regul: 0.009900 Obj: 0.054580 (0.054170) Rank: 49 (48) Ttime: 6.0504 Vtime: 0.0210
Step: 19800  Loss: 0.044708 Regul: 0.009857 Obj: 0.054565 (0.054170) Rank: 49 (48) Ttime: 6.0385 Vtime: 0.0213
Step: 19900  Loss: 0.044476 Regul: 0.009895 Obj: 0.054372 (0.054170) Rank: 49 (48) Ttime: 5.9771 Vtime: 0.0210
Step: 20000  Loss: 0.044598 Regul: 0.009889 Obj: 0.054488 (0.054170) Rank: 49 (48) Ttime: 5.9948 Vtime: 0.0212
Step: 20100  Loss: 0.044639 Regul: 0.009876 Obj: 0.054515 (0.054170) Rank: 49 (48) Ttime: 6.0463 Vtime: 0.0208
Step: 20200  Loss: 0.044717 Regul: 0.009890 Obj: 0.054607 (0.054170) Rank: 49 (48) Ttime: 6.0441 Vtime: 0.0217
Step: 20300  Loss: 0.044825 Regul: 0.009904 Obj: 0.054729 (0.054170) Rank: 49 (48) Ttime: 6.1233 Vtime: 0.0208
Step: 20400  Loss: 0.044658 Regul: 0.009912 Obj: 0.054571 (0.054170) Rank: 49 (48) Ttime: 6.0362 Vtime: 0.0205
Step: 20500  Loss: 0.044646 Regul: 0.009894 Obj: 0.054540 (0.054170) Rank: 49 (48) Ttime: 6.1233 Vtime: 0.0206
Step: 20600  Loss: 0.044411 Regul: 0.009887 Obj: 0.054298 (0.054170) Rank: 49 (48) Ttime: 5.9822 Vtime: 0.0212
Step: 20700  Loss: 0.044592 Regul: 0.009900 Obj: 0.054492 (0.054170) Rank: 49 (48) Ttime: 6.0095 Vtime: 0.0204
Best: 20800  Loss: 0.044173 Regul: 0.009985 Obj: 0.054157 (0.054157) Rank: 49 (49) Ttime: 6.0753 Vtime: 0.0207
Stat: Dim [49] AUC: 0.985453 (0.985411) FPR95: 7.08 (7.06)
Step: 20900  Loss: 0.044389 Regul: 0.009953 Obj: 0.054342 (0.054157) Rank: 49 (49) Ttime: 5.9298 Vtime: 0.0205
Step: 21000  Loss: 0.044260 Regul: 0.009938 Obj: 0.054198 (0.054157) Rank: 49 (49) Ttime: 5.9894 Vtime: 0.0209
Step: 21100  Loss: 0.044550 Regul: 0.009940 Obj: 0.054489 (0.054157) Rank: 49 (49) Ttime: 5.9660 Vtime: 0.0207
Step: 21200  Loss: 0.044667 Regul: 0.009905 Obj: 0.054572 (0.054157) Rank: 49 (49) Ttime: 5.9609 Vtime: 0.0205
Step: 21300  Loss: 0.044454 Regul: 0.009914 Obj: 0.054369 (0.054157) Rank: 49 (49) Ttime: 6.1285 Vtime: 0.0211
Step: 21400  Loss: 0.044669 Regul: 0.009926 Obj: 0.054595 (0.054157) Rank: 49 (49) Ttime: 6.0079 Vtime: 0.0210
Step: 21500  Loss: 0.044715 Regul: 0.009961 Obj: 0.054676 (0.054157) Rank: 49 (49) Ttime: 5.9450 Vtime: 0.0212
Step: 21600  Loss: 0.044623 Regul: 0.009967 Obj: 0.054590 (0.054157) Rank: 49 (49) Ttime: 6.0881 Vtime: 0.0206
Step: 21700  Loss: 0.044309 Regul: 0.009988 Obj: 0.054297 (0.054157) Rank: 49 (49) Ttime: 6.0016 Vtime: 0.0210
Step: 21800  Loss: 0.044480 Regul: 0.009960 Obj: 0.054440 (0.054157) Rank: 49 (49) Ttime: 6.0947 Vtime: 0.0205
Step: 21900  Loss: 0.044562 Regul: 0.009979 Obj: 0.054541 (0.054157) Rank: 49 (49) Ttime: 6.0110 Vtime: 0.0209
Step: 22000  Loss: 0.044655 Regul: 0.009964 Obj: 0.054619 (0.054157) Rank: 49 (49) Ttime: 6.0874 Vtime: 0.0206
Step: 22100  Loss: 0.044722 Regul: 0.009958 Obj: 0.054679 (0.054157) Rank: 49 (49) Ttime: 5.9816 Vtime: 0.0208
Step: 22200  Loss: 0.044271 Regul: 0.009943 Obj: 0.054214 (0.054157) Rank: 49 (49) Ttime: 6.0441 Vtime: 0.0210
Step: 22300  Loss: 0.044591 Regul: 0.009945 Obj: 0.054536 (0.054157) Rank: 49 (49) Ttime: 5.9944 Vtime: 0.0207
Step: 22400  Loss: 0.044538 Regul: 0.009922 Obj: 0.054460 (0.054157) Rank: 49 (49) Ttime: 6.0302 Vtime: 0.0213
Step: 22500  Loss: 0.044676 Regul: 0.009900 Obj: 0.054576 (0.054157) Rank: 49 (49) Ttime: 5.9568 Vtime: 0.0206
Step: 22600  Loss: 0.044667 Regul: 0.009917 Obj: 0.054584 (0.054157) Rank: 49 (49) Ttime: 6.0433 Vtime: 0.0213
Step: 22700  Loss: 0.044712 Regul: 0.009911 Obj: 0.054623 (0.054157) Rank: 49 (49) Ttime: 6.0025 Vtime: 0.0209
Step: 22800  Loss: 0.044625 Regul: 0.009918 Obj: 0.054544 (0.054157) Rank: 49 (49) Ttime: 6.0775 Vtime: 0.0211
Step: 22900  Loss: 0.044582 Regul: 0.009928 Obj: 0.054510 (0.054157) Rank: 49 (49) Ttime: 6.0570 Vtime: 0.0210
Step: 23000  Loss: 0.044481 Regul: 0.009929 Obj: 0.054411 (0.054157) Rank: 49 (49) Ttime: 6.0816 Vtime: 0.0212
Step: 23100  Loss: 0.044646 Regul: 0.009917 Obj: 0.054563 (0.054157) Rank: 49 (49) Ttime: 5.9427 Vtime: 0.0208
Step: 23200  Loss: 0.044629 Regul: 0.009899 Obj: 0.054528 (0.054157) Rank: 49 (49) Ttime: 5.9973 Vtime: 0.0210
Step: 23300  Loss: 0.044939 Regul: 0.009888 Obj: 0.054828 (0.054157) Rank: 49 (49) Ttime: 5.9555 Vtime: 0.0212
Step: 23400  Loss: 0.044987 Regul: 0.009861 Obj: 0.054848 (0.054157) Rank: 49 (49) Ttime: 6.0558 Vtime: 0.0211
Step: 23500  Loss: 0.044844 Regul: 0.009871 Obj: 0.054714 (0.054157) Rank: 49 (49) Ttime: 5.9745 Vtime: 0.0210
Step: 23600  Loss: 0.044786 Regul: 0.009878 Obj: 0.054664 (0.054157) Rank: 49 (49) Ttime: 6.0081 Vtime: 0.0211
Step: 23700  Loss: 0.044579 Regul: 0.009863 Obj: 0.054442 (0.054157) Rank: 49 (49) Ttime: 5.9979 Vtime: 0.0210
Step: 23800  Loss: 0.044359 Regul: 0.009884 Obj: 0.054243 (0.054157) Rank: 49 (49) Ttime: 6.0065 Vtime: 0.0213
Step: 23900  Loss: 0.044476 Regul: 0.009879 Obj: 0.054355 (0.054157) Rank: 49 (49) Ttime: 5.9564 Vtime: 0.0210
Step: 24000  Loss: 0.044403 Regul: 0.009884 Obj: 0.054287 (0.054157) Rank: 49 (49) Ttime: 5.9862 Vtime: 0.0207
Best: 24100  Loss: 0.044290 Regul: 0.009852 Obj: 0.054142 (0.054142) Rank: 49 (49) Ttime: 5.9822 Vtime: 0.0208
Stat: Dim [49] AUC: 0.985431 (0.985431) FPR95: 7.06 (7.06) [saved]
Step: 24200  Loss: 0.044338 Regul: 0.009883 Obj: 0.054221 (0.054142) Rank: 49 (49) Ttime: 6.0199 Vtime: 0.0209
Step: 24300  Loss: 0.044479 Regul: 0.009912 Obj: 0.054392 (0.054142) Rank: 49 (49) Ttime: 6.0842 Vtime: 0.0208
Step: 24400  Loss: 0.044376 Regul: 0.009912 Obj: 0.054288 (0.054142) Rank: 49 (49) Ttime: 5.9453 Vtime: 0.0211
Step: 24500  Loss: 0.044504 Regul: 0.009868 Obj: 0.054372 (0.054142) Rank: 49 (49) Ttime: 6.0699 Vtime: 0.0205
Best: 24600  Loss: 0.044208 Regul: 0.009885 Obj: 0.054092 (0.054092) Rank: 49 (49) Ttime: 6.0892 Vtime: 0.0214
Stat: Dim [49] AUC: 0.985448 (0.985448) FPR95: 7.05 (7.05) [saved]
Step: 24700  Loss: 0.044312 Regul: 0.009864 Obj: 0.054177 (0.054092) Rank: 49 (49) Ttime: 6.0047 Vtime: 0.0207
Step: 24800  Loss: 0.044632 Regul: 0.009881 Obj: 0.054513 (0.054092) Rank: 49 (49) Ttime: 6.0189 Vtime: 0.0210
Step: 24900  Loss: 0.044931 Regul: 0.009924 Obj: 0.054855 (0.054092) Rank: 49 (49) Ttime: 6.0155 Vtime: 0.0212
Step: 25000  Loss: 0.045055 Regul: 0.009927 Obj: 0.054982 (0.054092) Rank: 49 (49) Ttime: 6.0027 Vtime: 0.0217
Step: 25100  Loss: 0.044776 Regul: 0.009939 Obj: 0.054715 (0.054092) Rank: 49 (49) Ttime: 6.0415 Vtime: 0.0206
Step: 25200  Loss: 0.044520 Regul: 0.009941 Obj: 0.054460 (0.054092) Rank: 49 (49) Ttime: 5.9912 Vtime: 0.0217
Step: 25300  Loss: 0.044457 Regul: 0.009934 Obj: 0.054391 (0.054092) Rank: 49 (49) Ttime: 6.0551 Vtime: 0.0211
Step: 25400  Loss: 0.044354 Regul: 0.009900 Obj: 0.054254 (0.054092) Rank: 49 (49) Ttime: 6.0294 Vtime: 0.0209
Step: 25500  Loss: 0.044474 Regul: 0.009888 Obj: 0.054362 (0.054092) Rank: 49 (49) Ttime: 5.9764 Vtime: 0.0203
Step: 25600  Loss: 0.044977 Regul: 0.009860 Obj: 0.054836 (0.054092) Rank: 49 (49) Ttime: 5.9869 Vtime: 0.0210
Step: 25700  Loss: 0.044633 Regul: 0.009854 Obj: 0.054488 (0.054092) Rank: 49 (49) Ttime: 5.9366 Vtime: 0.0210
Step: 25800  Loss: 0.044734 Regul: 0.009897 Obj: 0.054630 (0.054092) Rank: 49 (49) Ttime: 6.0013 Vtime: 0.0209
Step: 25900  Loss: 0.044937 Regul: 0.009866 Obj: 0.054803 (0.054092) Rank: 49 (49) Ttime: 6.0445 Vtime: 0.0209
Step: 26000  Loss: 0.044805 Regul: 0.009873 Obj: 0.054679 (0.054092) Rank: 49 (49) Ttime: 6.0957 Vtime: 0.0207
Step: 26100  Loss: 0.044866 Regul: 0.009888 Obj: 0.054754 (0.054092) Rank: 49 (49) Ttime: 5.9741 Vtime: 0.0209
Step: 26200  Loss: 0.044392 Regul: 0.009923 Obj: 0.054315 (0.054092) Rank: 49 (49) Ttime: 6.0528 Vtime: 0.0212
Best: 26300  Loss: 0.044126 Regul: 0.009932 Obj: 0.054058 (0.054058) Rank: 49 (49) Ttime: 6.0571 Vtime: 0.0205
Stat: Dim [49] AUC: 0.985525 (0.985525) FPR95: 6.99 (6.99) [saved]
Step: 26400  Loss: 0.044201 Regul: 0.009907 Obj: 0.054108 (0.054058) Rank: 49 (49) Ttime: 6.1158 Vtime: 0.0208
Step: 26500  Loss: 0.044180 Regul: 0.009917 Obj: 0.054097 (0.054058) Rank: 49 (49) Ttime: 5.9681 Vtime: 0.0212
Step: 26600  Loss: 0.044244 Regul: 0.009921 Obj: 0.054165 (0.054058) Rank: 49 (49) Ttime: 6.0073 Vtime: 0.0210
Step: 26700  Loss: 0.044254 Regul: 0.009925 Obj: 0.054179 (0.054058) Rank: 49 (49) Ttime: 6.0132 Vtime: 0.0210
Best: 26800  Loss: 0.044088 Regul: 0.009880 Obj: 0.053968 (0.053968) Rank: 49 (49) Ttime: 5.9547 Vtime: 0.0208
Stat: Dim [49] AUC: 0.985514 (0.985525) FPR95: 7.09 (6.99)
Step: 26900  Loss: 0.044300 Regul: 0.009868 Obj: 0.054168 (0.053968) Rank: 49 (49) Ttime: 6.0592 Vtime: 0.0213
Best: 27000  Loss: 0.044053 Regul: 0.009898 Obj: 0.053951 (0.053951) Rank: 49 (49) Ttime: 6.0032 Vtime: 0.0207
Stat: Dim [49] AUC: 0.985557 (0.985525) FPR95: 7.00 (6.99)
Step: 27100  Loss: 0.044300 Regul: 0.009910 Obj: 0.054209 (0.053951) Rank: 49 (49) Ttime: 5.9881 Vtime: 0.0207
Step: 27200  Loss: 0.044192 Regul: 0.009900 Obj: 0.054092 (0.053951) Rank: 48 (49) Ttime: 5.9686 Vtime: 0.0213
Step: 27300  Loss: 0.044617 Regul: 0.009918 Obj: 0.054535 (0.053951) Rank: 49 (49) Ttime: 5.9753 Vtime: 0.0223
Step: 27400  Loss: 0.044554 Regul: 0.009898 Obj: 0.054452 (0.053951) Rank: 49 (49) Ttime: 5.9595 Vtime: 0.0205
Step: 27500  Loss: 0.044587 Regul: 0.009852 Obj: 0.054439 (0.053951) Rank: 49 (49) Ttime: 6.0050 Vtime: 0.0211
Step: 27600  Loss: 0.044542 Regul: 0.009886 Obj: 0.054428 (0.053951) Rank: 49 (49) Ttime: 6.1010 Vtime: 0.0209
Step: 27700  Loss: 0.044528 Regul: 0.009902 Obj: 0.054430 (0.053951) Rank: 49 (49) Ttime: 6.1126 Vtime: 0.0211
Step: 27800  Loss: 0.044393 Regul: 0.009907 Obj: 0.054300 (0.053951) Rank: 48 (49) Ttime: 6.0011 Vtime: 0.0213
Step: 27900  Loss: 0.044740 Regul: 0.009913 Obj: 0.054653 (0.053951) Rank: 48 (49) Ttime: 6.0220 Vtime: 0.0210
Step: 28000  Loss: 0.044473 Regul: 0.009946 Obj: 0.054418 (0.053951) Rank: 48 (49) Ttime: 5.9359 Vtime: 0.0203
Step: 28100  Loss: 0.044604 Regul: 0.009902 Obj: 0.054506 (0.053951) Rank: 48 (49) Ttime: 6.0785 Vtime: 0.0208
Step: 28200  Loss: 0.044335 Regul: 0.009920 Obj: 0.054255 (0.053951) Rank: 49 (49) Ttime: 5.9938 Vtime: 0.0216
Step: 28300  Loss: 0.044549 Regul: 0.009903 Obj: 0.054452 (0.053951) Rank: 49 (49) Ttime: 5.9465 Vtime: 0.0211
Step: 28400  Loss: 0.044704 Regul: 0.009911 Obj: 0.054615 (0.053951) Rank: 49 (49) Ttime: 6.0862 Vtime: 0.0214
Step: 28500  Loss: 0.044590 Regul: 0.009875 Obj: 0.054465 (0.053951) Rank: 49 (49) Ttime: 6.0151 Vtime: 0.0209
Step: 28600  Loss: 0.044647 Regul: 0.009893 Obj: 0.054540 (0.053951) Rank: 49 (49) Ttime: 5.9662 Vtime: 0.0208
Step: 28700  Loss: 0.044645 Regul: 0.009905 Obj: 0.054551 (0.053951) Rank: 49 (49) Ttime: 6.1103 Vtime: 0.0209
Step: 28800  Loss: 0.044697 Regul: 0.009900 Obj: 0.054596 (0.053951) Rank: 49 (49) Ttime: 6.0541 Vtime: 0.0205
Step: 28900  Loss: 0.044490 Regul: 0.009906 Obj: 0.054395 (0.053951) Rank: 49 (49) Ttime: 6.0363 Vtime: 0.0207
Step: 29000  Loss: 0.044409 Regul: 0.009910 Obj: 0.054319 (0.053951) Rank: 49 (49) Ttime: 6.1234 Vtime: 0.0205
Step: 29100  Loss: 0.044507 Regul: 0.009883 Obj: 0.054391 (0.053951) Rank: 49 (49) Ttime: 5.9911 Vtime: 0.0207
Step: 29200  Loss: 0.044632 Regul: 0.009868 Obj: 0.054500 (0.053951) Rank: 49 (49) Ttime: 6.0434 Vtime: 0.0209
Step: 29300  Loss: 0.044521 Regul: 0.009858 Obj: 0.054379 (0.053951) Rank: 49 (49) Ttime: 6.0331 Vtime: 0.0209
Step: 29400  Loss: 0.044495 Regul: 0.009883 Obj: 0.054377 (0.053951) Rank: 49 (49) Ttime: 6.1632 Vtime: 0.0205
Step: 29500  Loss: 0.044510 Regul: 0.009915 Obj: 0.054425 (0.053951) Rank: 48 (49) Ttime: 6.0432 Vtime: 0.0213
Step: 29600  Loss: 0.044485 Regul: 0.009917 Obj: 0.054402 (0.053951) Rank: 48 (49) Ttime: 6.0832 Vtime: 0.0208
Step: 29700  Loss: 0.044365 Regul: 0.009906 Obj: 0.054271 (0.053951) Rank: 48 (49) Ttime: 6.0471 Vtime: 0.0206
Step: 29800  Loss: 0.044426 Regul: 0.009918 Obj: 0.054343 (0.053951) Rank: 48 (49) Ttime: 6.0989 Vtime: 0.0202
Step: 29900  Loss: 0.044385 Regul: 0.009915 Obj: 0.054300 (0.053951) Rank: 48 (49) Ttime: 6.0032 Vtime: 0.0210
Step: 30000  Loss: 0.044753 Regul: 0.009853 Obj: 0.054606 (0.053951) Rank: 48 (49) Ttime: 5.9892 Vtime: 0.0209
Step: 30100  Loss: 0.044354 Regul: 0.009868 Obj: 0.054222 (0.053951) Rank: 48 (49) Ttime: 6.0249 Vtime: 0.0207
Step: 30200  Loss: 0.044471 Regul: 0.009867 Obj: 0.054338 (0.053951) Rank: 48 (49) Ttime: 6.0478 Vtime: 0.0208
Step: 30300  Loss: 0.044505 Regul: 0.009840 Obj: 0.054345 (0.053951) Rank: 48 (49) Ttime: 6.0133 Vtime: 0.0204
Step: 30400  Loss: 0.044363 Regul: 0.009847 Obj: 0.054210 (0.053951) Rank: 48 (49) Ttime: 6.0269 Vtime: 0.0212
Step: 30500  Loss: 0.044525 Regul: 0.009849 Obj: 0.054375 (0.053951) Rank: 48 (49) Ttime: 5.9804 Vtime: 0.0207
Step: 30600  Loss: 0.044413 Regul: 0.009851 Obj: 0.054264 (0.053951) Rank: 48 (49) Ttime: 5.9625 Vtime: 0.0206
Step: 30700  Loss: 0.044447 Regul: 0.009890 Obj: 0.054337 (0.053951) Rank: 48 (49) Ttime: 5.9952 Vtime: 0.0210
Step: 30800  Loss: 0.044443 Regul: 0.009911 Obj: 0.054354 (0.053951) Rank: 48 (49) Ttime: 5.9800 Vtime: 0.0209
Step: 30900  Loss: 0.044488 Regul: 0.009898 Obj: 0.054386 (0.053951) Rank: 48 (49) Ttime: 5.9799 Vtime: 0.0213
Step: 31000  Loss: 0.044598 Regul: 0.009888 Obj: 0.054487 (0.053951) Rank: 48 (49) Ttime: 5.9228 Vtime: 0.0208
Step: 31100  Loss: 0.044593 Regul: 0.009880 Obj: 0.054473 (0.053951) Rank: 49 (49) Ttime: 6.0591 Vtime: 0.0212
Step: 31200  Loss: 0.044562 Regul: 0.009874 Obj: 0.054435 (0.053951) Rank: 49 (49) Ttime: 5.9623 Vtime: 0.0208
Step: 31300  Loss: 0.044531 Regul: 0.009849 Obj: 0.054380 (0.053951) Rank: 49 (49) Ttime: 6.0010 Vtime: 0.0210
Step: 31400  Loss: 0.044384 Regul: 0.009869 Obj: 0.054253 (0.053951) Rank: 49 (49) Ttime: 5.9823 Vtime: 0.0209
Step: 31500  Loss: 0.044473 Regul: 0.009853 Obj: 0.054326 (0.053951) Rank: 49 (49) Ttime: 6.0388 Vtime: 0.0208
Step: 31600  Loss: 0.044353 Regul: 0.009875 Obj: 0.054228 (0.053951) Rank: 49 (49) Ttime: 6.0428 Vtime: 0.0207
Step: 31700  Loss: 0.044233 Regul: 0.009869 Obj: 0.054102 (0.053951) Rank: 49 (49) Ttime: 6.0541 Vtime: 0.0210
Step: 31800  Loss: 0.044241 Regul: 0.009902 Obj: 0.054143 (0.053951) Rank: 49 (49) Ttime: 6.0167 Vtime: 0.0205
Step: 31900  Loss: 0.044303 Regul: 0.009887 Obj: 0.054190 (0.053951) Rank: 49 (49) Ttime: 6.0118 Vtime: 0.0207
Step: 32000  Loss: 0.044315 Regul: 0.009883 Obj: 0.054198 (0.053951) Rank: 49 (49) Ttime: 6.0520 Vtime: 0.0207
Step: 32100  Loss: 0.044330 Regul: 0.009874 Obj: 0.054203 (0.053951) Rank: 49 (49) Ttime: 6.0584 Vtime: 0.0204
Step: 32200  Loss: 0.044469 Regul: 0.009860 Obj: 0.054329 (0.053951) Rank: 49 (49) Ttime: 6.0495 Vtime: 0.0217
Step: 32300  Loss: 0.044300 Regul: 0.009859 Obj: 0.054159 (0.053951) Rank: 49 (49) Ttime: 6.1698 Vtime: 0.0207
Step: 32400  Loss: 0.044511 Regul: 0.009853 Obj: 0.054364 (0.053951) Rank: 49 (49) Ttime: 6.0119 Vtime: 0.0205
Step: 32500  Loss: 0.044517 Regul: 0.009831 Obj: 0.054348 (0.053951) Rank: 49 (49) Ttime: 6.0222 Vtime: 0.0209
Step: 32600  Loss: 0.044392 Regul: 0.009818 Obj: 0.054211 (0.053951) Rank: 49 (49) Ttime: 6.0342 Vtime: 0.0208
Step: 32700  Loss: 0.044444 Regul: 0.009856 Obj: 0.054300 (0.053951) Rank: 49 (49) Ttime: 6.0249 Vtime: 0.0207
Step: 32800  Loss: 0.044584 Regul: 0.009883 Obj: 0.054467 (0.053951) Rank: 49 (49) Ttime: 6.0371 Vtime: 0.0212
Step: 32900  Loss: 0.044352 Regul: 0.009906 Obj: 0.054258 (0.053951) Rank: 49 (49) Ttime: 6.0047 Vtime: 0.0210
Step: 33000  Loss: 0.044342 Regul: 0.009899 Obj: 0.054241 (0.053951) Rank: 49 (49) Ttime: 5.9827 Vtime: 0.0204
Step: 33100  Loss: 0.044269 Regul: 0.009923 Obj: 0.054192 (0.053951) Rank: 49 (49) Ttime: 5.9780 Vtime: 0.0203
Step: 33200  Loss: 0.044239 Regul: 0.009924 Obj: 0.054163 (0.053951) Rank: 49 (49) Ttime: 5.8918 Vtime: 0.0205
Step: 33300  Loss: 0.044263 Regul: 0.009912 Obj: 0.054175 (0.053951) Rank: 49 (49) Ttime: 5.9871 Vtime: 0.0212
Step: 33400  Loss: 0.044296 Regul: 0.009889 Obj: 0.054186 (0.053951) Rank: 49 (49) Ttime: 5.9091 Vtime: 0.0211
Step: 33500  Loss: 0.044351 Regul: 0.009859 Obj: 0.054210 (0.053951) Rank: 49 (49) Ttime: 5.9629 Vtime: 0.0205
Step: 33600  Loss: 0.044425 Regul: 0.009892 Obj: 0.054317 (0.053951) Rank: 49 (49) Ttime: 5.9496 Vtime: 0.0207
Step: 33700  Loss: 0.044752 Regul: 0.009866 Obj: 0.054618 (0.053951) Rank: 49 (49) Ttime: 6.0964 Vtime: 0.0211
Step: 33800  Loss: 0.044324 Regul: 0.009931 Obj: 0.054256 (0.053951) Rank: 49 (49) Ttime: 6.0225 Vtime: 0.0208
Step: 33900  Loss: 0.044556 Regul: 0.009921 Obj: 0.054476 (0.053951) Rank: 49 (49) Ttime: 5.9759 Vtime: 0.0206
Step: 34000  Loss: 0.044395 Regul: 0.009912 Obj: 0.054307 (0.053951) Rank: 49 (49) Ttime: 5.9732 Vtime: 0.0204
Step: 34100  Loss: 0.044514 Regul: 0.009923 Obj: 0.054437 (0.053951) Rank: 49 (49) Ttime: 6.0043 Vtime: 0.0209
Step: 34200  Loss: 0.044248 Regul: 0.009934 Obj: 0.054183 (0.053951) Rank: 49 (49) Ttime: 5.9750 Vtime: 0.0207
Step: 34300  Loss: 0.044609 Regul: 0.009930 Obj: 0.054539 (0.053951) Rank: 50 (49) Ttime: 5.9796 Vtime: 0.0215
Step: 34400  Loss: 0.044720 Regul: 0.009879 Obj: 0.054598 (0.053951) Rank: 50 (49) Ttime: 5.9713 Vtime: 0.0207
Step: 34500  Loss: 0.044743 Regul: 0.009853 Obj: 0.054596 (0.053951) Rank: 49 (49) Ttime: 6.0140 Vtime: 0.0215
Step: 34600  Loss: 0.044641 Regul: 0.009888 Obj: 0.054528 (0.053951) Rank: 50 (49) Ttime: 5.9661 Vtime: 0.0210
Step: 34700  Loss: 0.044488 Regul: 0.009932 Obj: 0.054420 (0.053951) Rank: 50 (49) Ttime: 5.8937 Vtime: 0.0207
Step: 34800  Loss: 0.044405 Regul: 0.009944 Obj: 0.054349 (0.053951) Rank: 50 (49) Ttime: 5.9313 Vtime: 0.0205
Step: 34900  Loss: 0.044345 Regul: 0.009912 Obj: 0.054257 (0.053951) Rank: 50 (49) Ttime: 5.8815 Vtime: 0.0212
Step: 35000  Loss: 0.044154 Regul: 0.009907 Obj: 0.054061 (0.053951) Rank: 50 (49) Ttime: 5.9256 Vtime: 0.0208
Best: 35100  Loss: 0.043912 Regul: 0.009935 Obj: 0.053847 (0.053847) Rank: 50 (50) Ttime: 5.8858 Vtime: 0.0207
Stat: Dim [50] AUC: 0.985601 (0.985601) FPR95: 6.90 (6.90) [saved]
Step: 35200  Loss: 0.044270 Regul: 0.009922 Obj: 0.054192 (0.053847) Rank: 50 (50) Ttime: 5.9307 Vtime: 0.0206
Step: 35300  Loss: 0.044557 Regul: 0.009884 Obj: 0.054441 (0.053847) Rank: 50 (50) Ttime: 6.0141 Vtime: 0.0208
Step: 35400  Loss: 0.044418 Regul: 0.009872 Obj: 0.054290 (0.053847) Rank: 50 (50) Ttime: 5.9712 Vtime: 0.0211
Step: 35500  Loss: 0.044336 Regul: 0.009873 Obj: 0.054209 (0.053847) Rank: 50 (50) Ttime: 6.0464 Vtime: 0.0205
Step: 35600  Loss: 0.044581 Regul: 0.009856 Obj: 0.054437 (0.053847) Rank: 50 (50) Ttime: 5.9449 Vtime: 0.0208
Step: 35700  Loss: 0.044437 Regul: 0.009877 Obj: 0.054313 (0.053847) Rank: 50 (50) Ttime: 6.0192 Vtime: 0.0207
Step: 35800  Loss: 0.044358 Regul: 0.009913 Obj: 0.054271 (0.053847) Rank: 50 (50) Ttime: 5.9658 Vtime: 0.0205
Step: 35900  Loss: 0.044376 Regul: 0.009885 Obj: 0.054261 (0.053847) Rank: 50 (50) Ttime: 6.1342 Vtime: 0.0203
Step: 36000  Loss: 0.044505 Regul: 0.009872 Obj: 0.054377 (0.053847) Rank: 50 (50) Ttime: 6.1176 Vtime: 0.0202
Step: 36100  Loss: 0.044423 Regul: 0.009902 Obj: 0.054325 (0.053847) Rank: 50 (50) Ttime: 6.0365 Vtime: 0.0209
Step: 36200  Loss: 0.044506 Regul: 0.009900 Obj: 0.054407 (0.053847) Rank: 50 (50) Ttime: 6.0079 Vtime: 0.0207
Step: 36300  Loss: 0.044659 Regul: 0.009865 Obj: 0.054523 (0.053847) Rank: 49 (50) Ttime: 6.0638 Vtime: 0.0216
Step: 36400  Loss: 0.044474 Regul: 0.009919 Obj: 0.054393 (0.053847) Rank: 49 (50) Ttime: 6.0712 Vtime: 0.0206
Step: 36500  Loss: 0.044447 Regul: 0.009919 Obj: 0.054366 (0.053847) Rank: 49 (50) Ttime: 5.9575 Vtime: 0.0207
Step: 36600  Loss: 0.044288 Regul: 0.009918 Obj: 0.054206 (0.053847) Rank: 49 (50) Ttime: 6.0660 Vtime: 0.0207
Step: 36700  Loss: 0.044362 Regul: 0.009892 Obj: 0.054255 (0.053847) Rank: 49 (50) Ttime: 6.0190 Vtime: 0.0210
Step: 36800  Loss: 0.044283 Regul: 0.009895 Obj: 0.054178 (0.053847) Rank: 49 (50) Ttime: 6.0324 Vtime: 0.0208
Step: 36900  Loss: 0.044152 Regul: 0.009927 Obj: 0.054079 (0.053847) Rank: 49 (50) Ttime: 5.9765 Vtime: 0.0208
Step: 37000  Loss: 0.044326 Regul: 0.009897 Obj: 0.054223 (0.053847) Rank: 49 (50) Ttime: 5.9714 Vtime: 0.0211
Step: 37100  Loss: 0.044287 Regul: 0.009925 Obj: 0.054211 (0.053847) Rank: 49 (50) Ttime: 6.0180 Vtime: 0.0205
Step: 37200  Loss: 0.044202 Regul: 0.009946 Obj: 0.054148 (0.053847) Rank: 49 (50) Ttime: 5.9769 Vtime: 0.0206
Step: 37300  Loss: 0.044449 Regul: 0.009902 Obj: 0.054351 (0.053847) Rank: 49 (50) Ttime: 5.9350 Vtime: 0.0218
Step: 37400  Loss: 0.044289 Regul: 0.009898 Obj: 0.054187 (0.053847) Rank: 49 (50) Ttime: 5.9849 Vtime: 0.0205
Step: 37500  Loss: 0.044515 Regul: 0.009894 Obj: 0.054409 (0.053847) Rank: 49 (50) Ttime: 6.0405 Vtime: 0.0207
Step: 37600  Loss: 0.044481 Regul: 0.009871 Obj: 0.054352 (0.053847) Rank: 49 (50) Ttime: 5.8774 Vtime: 0.0208
Step: 37700  Loss: 0.044570 Regul: 0.009831 Obj: 0.054401 (0.053847) Rank: 48 (50) Ttime: 5.9923 Vtime: 0.0211
Step: 37800  Loss: 0.044563 Regul: 0.009851 Obj: 0.054414 (0.053847) Rank: 49 (50) Ttime: 5.9713 Vtime: 0.0217
Step: 37900  Loss: 0.044350 Regul: 0.009861 Obj: 0.054211 (0.053847) Rank: 49 (50) Ttime: 6.0244 Vtime: 0.0207
Step: 38000  Loss: 0.044300 Regul: 0.009890 Obj: 0.054190 (0.053847) Rank: 49 (50) Ttime: 5.9696 Vtime: 0.0212
Step: 38100  Loss: 0.044431 Regul: 0.009847 Obj: 0.054278 (0.053847) Rank: 49 (50) Ttime: 5.9441 Vtime: 0.0210
Step: 38200  Loss: 0.044162 Regul: 0.009878 Obj: 0.054040 (0.053847) Rank: 49 (50) Ttime: 5.9608 Vtime: 0.0208
Step: 38300  Loss: 0.044521 Regul: 0.009873 Obj: 0.054394 (0.053847) Rank: 49 (50) Ttime: 5.9777 Vtime: 0.0214
Step: 38400  Loss: 0.044445 Regul: 0.009843 Obj: 0.054288 (0.053847) Rank: 49 (50) Ttime: 5.9797 Vtime: 0.0204
Step: 38500  Loss: 0.044283 Regul: 0.009857 Obj: 0.054140 (0.053847) Rank: 48 (50) Ttime: 6.0360 Vtime: 0.0215
Step: 38600  Loss: 0.044525 Regul: 0.009874 Obj: 0.054399 (0.053847) Rank: 48 (50) Ttime: 5.9711 Vtime: 0.0208
Step: 38700  Loss: 0.044408 Regul: 0.009909 Obj: 0.054317 (0.053847) Rank: 49 (50) Ttime: 6.0177 Vtime: 0.0216
Step: 38800  Loss: 0.044420 Regul: 0.009901 Obj: 0.054321 (0.053847) Rank: 49 (50) Ttime: 5.9280 Vtime: 0.0209
Step: 38900  Loss: 0.044266 Regul: 0.009927 Obj: 0.054194 (0.053847) Rank: 49 (50) Ttime: 6.0177 Vtime: 0.0205
Step: 39000  Loss: 0.044441 Regul: 0.009930 Obj: 0.054372 (0.053847) Rank: 49 (50) Ttime: 6.0202 Vtime: 0.0207
Step: 39100  Loss: 0.044479 Regul: 0.009937 Obj: 0.054416 (0.053847) Rank: 49 (50) Ttime: 5.9923 Vtime: 0.0208
Step: 39200  Loss: 0.044535 Regul: 0.009918 Obj: 0.054452 (0.053847) Rank: 49 (50) Ttime: 5.9376 Vtime: 0.0206
Step: 39300  Loss: 0.044471 Regul: 0.009896 Obj: 0.054366 (0.053847) Rank: 49 (50) Ttime: 6.0407 Vtime: 0.0206
Step: 39400  Loss: 0.044256 Regul: 0.009900 Obj: 0.054156 (0.053847) Rank: 49 (50) Ttime: 5.9935 Vtime: 0.0212
Step: 39500  Loss: 0.044448 Regul: 0.009879 Obj: 0.054326 (0.053847) Rank: 49 (50) Ttime: 6.0247 Vtime: 0.0208
Step: 39600  Loss: 0.044402 Regul: 0.009864 Obj: 0.054266 (0.053847) Rank: 49 (50) Ttime: 6.0545 Vtime: 0.0212
Step: 39700  Loss: 0.044467 Regul: 0.009812 Obj: 0.054280 (0.053847) Rank: 49 (50) Ttime: 6.0717 Vtime: 0.0206
Step: 39800  Loss: 0.044418 Regul: 0.009854 Obj: 0.054272 (0.053847) Rank: 49 (50) Ttime: 5.9870 Vtime: 0.0214
Step: 39900  Loss: 0.044427 Regul: 0.009832 Obj: 0.054259 (0.053847) Rank: 49 (50) Ttime: 5.9979 Vtime: 0.0206
Step: 40000  Loss: 0.044360 Regul: 0.009858 Obj: 0.054218 (0.053847) Rank: 49 (50) Ttime: 6.0484 Vtime: 0.0205
Step: 40100  Loss: 0.044237 Regul: 0.009899 Obj: 0.054136 (0.053847) Rank: 48 (50) Ttime: 5.9353 Vtime: 0.0218
Step: 40200  Loss: 0.044321 Regul: 0.009902 Obj: 0.054223 (0.053847) Rank: 48 (50) Ttime: 5.9536 Vtime: 0.0212
Step: 40300  Loss: 0.044430 Regul: 0.009885 Obj: 0.054315 (0.053847) Rank: 49 (50) Ttime: 5.9228 Vtime: 0.0214
Step: 40400  Loss: 0.044530 Regul: 0.009908 Obj: 0.054438 (0.053847) Rank: 49 (50) Ttime: 5.8906 Vtime: 0.0203
Step: 40500  Loss: 0.044438 Regul: 0.009885 Obj: 0.054322 (0.053847) Rank: 49 (50) Ttime: 5.9624 Vtime: 0.0205
Step: 40600  Loss: 0.044367 Regul: 0.009888 Obj: 0.054255 (0.053847) Rank: 49 (50) Ttime: 5.9342 Vtime: 0.0208
Step: 40700  Loss: 0.044163 Regul: 0.009921 Obj: 0.054084 (0.053847) Rank: 49 (50) Ttime: 5.8760 Vtime: 0.0209
Step: 40800  Loss: 0.044362 Regul: 0.009916 Obj: 0.054278 (0.053847) Rank: 49 (50) Ttime: 5.8906 Vtime: 0.0204
Step: 40900  Loss: 0.044130 Regul: 0.009912 Obj: 0.054042 (0.053847) Rank: 49 (50) Ttime: 5.9145 Vtime: 0.0209
Step: 41000  Loss: 0.044069 Regul: 0.009911 Obj: 0.053980 (0.053847) Rank: 49 (50) Ttime: 5.9670 Vtime: 0.0209
Step: 41100  Loss: 0.044075 Regul: 0.009918 Obj: 0.053992 (0.053847) Rank: 49 (50) Ttime: 6.0494 Vtime: 0.0214
Step: 41200  Loss: 0.044297 Regul: 0.009925 Obj: 0.054222 (0.053847) Rank: 49 (50) Ttime: 5.9842 Vtime: 0.0208
Step: 41300  Loss: 0.044119 Regul: 0.009932 Obj: 0.054051 (0.053847) Rank: 49 (50) Ttime: 5.9366 Vtime: 0.0212
Step: 41400  Loss: 0.044051 Regul: 0.009947 Obj: 0.053998 (0.053847) Rank: 49 (50) Ttime: 5.8787 Vtime: 0.0207
Step: 41500  Loss: 0.044405 Regul: 0.009897 Obj: 0.054303 (0.053847) Rank: 49 (50) Ttime: 5.9170 Vtime: 0.0211
Step: 41600  Loss: 0.044434 Regul: 0.009923 Obj: 0.054357 (0.053847) Rank: 49 (50) Ttime: 5.9015 Vtime: 0.0208
Step: 41700  Loss: 0.044405 Regul: 0.009926 Obj: 0.054331 (0.053847) Rank: 49 (50) Ttime: 5.9482 Vtime: 0.0208
Step: 41800  Loss: 0.044443 Regul: 0.009928 Obj: 0.054370 (0.053847) Rank: 49 (50) Ttime: 5.9001 Vtime: 0.0208
Step: 41900  Loss: 0.044371 Regul: 0.009923 Obj: 0.054294 (0.053847) Rank: 49 (50) Ttime: 5.9271 Vtime: 0.0213
Step: 42000  Loss: 0.044561 Regul: 0.009922 Obj: 0.054484 (0.053847) Rank: 49 (50) Ttime: 5.8686 Vtime: 0.0213
Step: 42100  Loss: 0.044403 Regul: 0.009939 Obj: 0.054342 (0.053847) Rank: 50 (50) Ttime: 5.9356 Vtime: 0.0215
Step: 42200  Loss: 0.044259 Regul: 0.009915 Obj: 0.054174 (0.053847) Rank: 49 (50) Ttime: 6.0421 Vtime: 0.0218
Step: 42300  Loss: 0.044496 Regul: 0.009927 Obj: 0.054423 (0.053847) Rank: 49 (50) Ttime: 6.0102 Vtime: 0.0206
Step: 42400  Loss: 0.044433 Regul: 0.009904 Obj: 0.054337 (0.053847) Rank: 49 (50) Ttime: 6.1145 Vtime: 0.0202
Step: 42500  Loss: 0.044290 Regul: 0.009914 Obj: 0.054204 (0.053847) Rank: 49 (50) Ttime: 6.1858 Vtime: 0.0211
Step: 42600  Loss: 0.044113 Regul: 0.009903 Obj: 0.054016 (0.053847) Rank: 49 (50) Ttime: 6.1892 Vtime: 0.0209
Step: 42700  Loss: 0.044208 Regul: 0.009919 Obj: 0.054127 (0.053847) Rank: 49 (50) Ttime: 6.1254 Vtime: 0.0208
Step: 42800  Loss: 0.044441 Regul: 0.009906 Obj: 0.054347 (0.053847) Rank: 49 (50) Ttime: 6.0930 Vtime: 0.0208
Step: 42900  Loss: 0.044266 Regul: 0.009935 Obj: 0.054201 (0.053847) Rank: 49 (50) Ttime: 6.1066 Vtime: 0.0208
Step: 43000  Loss: 0.044444 Regul: 0.009932 Obj: 0.054376 (0.053847) Rank: 49 (50) Ttime: 6.1440 Vtime: 0.0207
Step: 43100  Loss: 0.044281 Regul: 0.009926 Obj: 0.054208 (0.053847) Rank: 49 (50) Ttime: 6.1568 Vtime: 0.0205
Step: 43200  Loss: 0.044409 Regul: 0.009928 Obj: 0.054338 (0.053847) Rank: 49 (50) Ttime: 6.1643 Vtime: 0.0203
Step: 43300  Loss: 0.044375 Regul: 0.009952 Obj: 0.054327 (0.053847) Rank: 49 (50) Ttime: 6.1118 Vtime: 0.0209
Step: 43400  Loss: 0.044377 Regul: 0.009945 Obj: 0.054322 (0.053847) Rank: 49 (50) Ttime: 6.0339 Vtime: 0.0209
Step: 43500  Loss: 0.044340 Regul: 0.009918 Obj: 0.054258 (0.053847) Rank: 49 (50) Ttime: 6.0712 Vtime: 0.0209
Step: 43600  Loss: 0.044324 Regul: 0.009893 Obj: 0.054218 (0.053847) Rank: 49 (50) Ttime: 6.0934 Vtime: 0.0212
Step: 43700  Loss: 0.044251 Regul: 0.009912 Obj: 0.054163 (0.053847) Rank: 49 (50) Ttime: 6.0367 Vtime: 0.0205
Step: 43800  Loss: 0.044440 Regul: 0.009919 Obj: 0.054358 (0.053847) Rank: 49 (50) Ttime: 6.0877 Vtime: 0.0209
Step: 43900  Loss: 0.044559 Regul: 0.009893 Obj: 0.054451 (0.053847) Rank: 49 (50) Ttime: 6.2386 Vtime: 0.0209
Step: 44000  Loss: 0.044613 Regul: 0.009866 Obj: 0.054479 (0.053847) Rank: 49 (50) Ttime: 6.1621 Vtime: 0.0210
Step: 44100  Loss: 0.044721 Regul: 0.009844 Obj: 0.054565 (0.053847) Rank: 50 (50) Ttime: 6.0792 Vtime: 0.0214
Step: 44200  Loss: 0.044461 Regul: 0.009853 Obj: 0.054314 (0.053847) Rank: 50 (50) Ttime: 6.0502 Vtime: 0.0205
Step: 44300  Loss: 0.044514 Regul: 0.009829 Obj: 0.054343 (0.053847) Rank: 50 (50) Ttime: 6.1051 Vtime: 0.0203
Step: 44400  Loss: 0.044422 Regul: 0.009878 Obj: 0.054299 (0.053847) Rank: 50 (50) Ttime: 6.0963 Vtime: 0.0210
Step: 44500  Loss: 0.044470 Regul: 0.009904 Obj: 0.054375 (0.053847) Rank: 50 (50) Ttime: 6.1787 Vtime: 0.0205
Step: 44600  Loss: 0.044317 Regul: 0.009906 Obj: 0.054223 (0.053847) Rank: 49 (50) Ttime: 6.0414 Vtime: 0.0223
Step: 44700  Loss: 0.044229 Regul: 0.009902 Obj: 0.054131 (0.053847) Rank: 49 (50) Ttime: 5.9925 Vtime: 0.0206
Step: 44800  Loss: 0.044181 Regul: 0.009894 Obj: 0.054075 (0.053847) Rank: 49 (50) Ttime: 5.9966 Vtime: 0.0212
Step: 44900  Loss: 0.044178 Regul: 0.009916 Obj: 0.054095 (0.053847) Rank: 49 (50) Ttime: 6.0715 Vtime: 0.0206
Step: 45000  Loss: 0.044533 Regul: 0.009919 Obj: 0.054452 (0.053847) Rank: 49 (50) Ttime: 6.0009 Vtime: 0.0207
Step: 45100  Loss: 0.044267 Regul: 0.009890 Obj: 0.054157 (0.053847) Rank: 49 (50) Ttime: 5.9685 Vtime: 0.0203
Step: 45200  Loss: 0.044431 Regul: 0.009875 Obj: 0.054306 (0.053847) Rank: 49 (50) Ttime: 6.0907 Vtime: 0.0206
Step: 45300  Loss: 0.044473 Regul: 0.009900 Obj: 0.054373 (0.053847) Rank: 49 (50) Ttime: 6.0847 Vtime: 0.0208
Step: 45400  Loss: 0.044707 Regul: 0.009893 Obj: 0.054599 (0.053847) Rank: 49 (50) Ttime: 6.0295 Vtime: 0.0209
Step: 45500  Loss: 0.044530 Regul: 0.009897 Obj: 0.054427 (0.053847) Rank: 49 (50) Ttime: 6.0541 Vtime: 0.0209
Step: 45600  Loss: 0.044440 Regul: 0.009919 Obj: 0.054359 (0.053847) Rank: 49 (50) Ttime: 6.0427 Vtime: 0.0207
Step: 45700  Loss: 0.044421 Regul: 0.009920 Obj: 0.054341 (0.053847) Rank: 49 (50) Ttime: 6.0049 Vtime: 0.0209
Step: 45800  Loss: 0.044434 Regul: 0.009915 Obj: 0.054350 (0.053847) Rank: 49 (50) Ttime: 6.0730 Vtime: 0.0203
Step: 45900  Loss: 0.044396 Regul: 0.009917 Obj: 0.054312 (0.053847) Rank: 49 (50) Ttime: 6.0954 Vtime: 0.0209
Step: 46000  Loss: 0.044348 Regul: 0.009939 Obj: 0.054287 (0.053847) Rank: 50 (50) Ttime: 6.0836 Vtime: 0.0210
Step: 46100  Loss: 0.044389 Regul: 0.009936 Obj: 0.054325 (0.053847) Rank: 50 (50) Ttime: 6.0561 Vtime: 0.0212
Step: 46200  Loss: 0.044343 Regul: 0.009915 Obj: 0.054257 (0.053847) Rank: 49 (50) Ttime: 6.0061 Vtime: 0.0214
Step: 46300  Loss: 0.044166 Regul: 0.009946 Obj: 0.054112 (0.053847) Rank: 49 (50) Ttime: 6.1129 Vtime: 0.0208
Step: 46400  Loss: 0.044386 Regul: 0.009933 Obj: 0.054319 (0.053847) Rank: 49 (50) Ttime: 6.0359 Vtime: 0.0208
Step: 46500  Loss: 0.044309 Regul: 0.009908 Obj: 0.054217 (0.053847) Rank: 50 (50) Ttime: 6.0285 Vtime: 0.0217
Step: 46600  Loss: 0.044358 Regul: 0.009901 Obj: 0.054259 (0.053847) Rank: 49 (50) Ttime: 5.9940 Vtime: 0.0210
Step: 46700  Loss: 0.044133 Regul: 0.009917 Obj: 0.054049 (0.053847) Rank: 50 (50) Ttime: 6.0644 Vtime: 0.0216
Step: 46800  Loss: 0.044234 Regul: 0.009934 Obj: 0.054168 (0.053847) Rank: 50 (50) Ttime: 6.0490 Vtime: 0.0211
Step: 46900  Loss: 0.044205 Regul: 0.009919 Obj: 0.054124 (0.053847) Rank: 50 (50) Ttime: 6.1149 Vtime: 0.0207
Step: 47000  Loss: 0.044195 Regul: 0.009940 Obj: 0.054135 (0.053847) Rank: 50 (50) Ttime: 5.9868 Vtime: 0.0212
Step: 47100  Loss: 0.044493 Regul: 0.009953 Obj: 0.054446 (0.053847) Rank: 50 (50) Ttime: 5.8940 Vtime: 0.0208
Step: 47200  Loss: 0.044270 Regul: 0.009958 Obj: 0.054228 (0.053847) Rank: 50 (50) Ttime: 5.9619 Vtime: 0.0208
Step: 47300  Loss: 0.044321 Regul: 0.009941 Obj: 0.054262 (0.053847) Rank: 50 (50) Ttime: 5.8801 Vtime: 0.0213
Step: 47400  Loss: 0.044514 Regul: 0.009956 Obj: 0.054470 (0.053847) Rank: 50 (50) Ttime: 5.9355 Vtime: 0.0207
Step: 47500  Loss: 0.044293 Regul: 0.009964 Obj: 0.054257 (0.053847) Rank: 50 (50) Ttime: 5.9830 Vtime: 0.0207
Step: 47600  Loss: 0.044190 Regul: 0.009937 Obj: 0.054127 (0.053847) Rank: 50 (50) Ttime: 6.0044 Vtime: 0.0209
Step: 47700  Loss: 0.044205 Regul: 0.009938 Obj: 0.054143 (0.053847) Rank: 49 (50) Ttime: 5.9517 Vtime: 0.0219
Step: 47800  Loss: 0.044238 Regul: 0.009945 Obj: 0.054183 (0.053847) Rank: 50 (50) Ttime: 6.0137 Vtime: 0.0219
Step: 47900  Loss: 0.044428 Regul: 0.009935 Obj: 0.054363 (0.053847) Rank: 49 (50) Ttime: 6.1031 Vtime: 0.0210
Step: 48000  Loss: 0.044326 Regul: 0.009954 Obj: 0.054280 (0.053847) Rank: 49 (50) Ttime: 6.0316 Vtime: 0.0208
Step: 48100  Loss: 0.044331 Regul: 0.009939 Obj: 0.054270 (0.053847) Rank: 50 (50) Ttime: 6.0964 Vtime: 0.0215
Step: 48200  Loss: 0.044424 Regul: 0.009918 Obj: 0.054342 (0.053847) Rank: 49 (50) Ttime: 6.0088 Vtime: 0.0211
Step: 48300  Loss: 0.044267 Regul: 0.009941 Obj: 0.054208 (0.053847) Rank: 49 (50) Ttime: 6.0094 Vtime: 0.0210
Step: 48400  Loss: 0.044254 Regul: 0.009941 Obj: 0.054195 (0.053847) Rank: 49 (50) Ttime: 6.0319 Vtime: 0.0218
Step: 48500  Loss: 0.044277 Regul: 0.009910 Obj: 0.054187 (0.053847) Rank: 49 (50) Ttime: 6.0215 Vtime: 0.0210
Step: 48600  Loss: 0.044278 Regul: 0.009905 Obj: 0.054184 (0.053847) Rank: 49 (50) Ttime: 6.1185 Vtime: 0.0202
Step: 48700  Loss: 0.044251 Regul: 0.009912 Obj: 0.054164 (0.053847) Rank: 49 (50) Ttime: 6.0653 Vtime: 0.0212
Step: 48800  Loss: 0.044417 Regul: 0.009918 Obj: 0.054335 (0.053847) Rank: 49 (50) Ttime: 6.0181 Vtime: 0.0208
Step: 48900  Loss: 0.044272 Regul: 0.009906 Obj: 0.054178 (0.053847) Rank: 49 (50) Ttime: 6.1203 Vtime: 0.0210
Step: 49000  Loss: 0.044198 Regul: 0.009948 Obj: 0.054147 (0.053847) Rank: 49 (50) Ttime: 6.0820 Vtime: 0.0206
Step: 49100  Loss: 0.044396 Regul: 0.009968 Obj: 0.054364 (0.053847) Rank: 49 (50) Ttime: 6.0354 Vtime: 0.0208
Step: 49200  Loss: 0.044344 Regul: 0.009969 Obj: 0.054313 (0.053847) Rank: 49 (50) Ttime: 6.0624 Vtime: 0.0215
Step: 49300  Loss: 0.044182 Regul: 0.009992 Obj: 0.054175 (0.053847) Rank: 50 (50) Ttime: 6.0657 Vtime: 0.0215
Step: 49400  Loss: 0.044201 Regul: 0.009992 Obj: 0.054193 (0.053847) Rank: 50 (50) Ttime: 6.0778 Vtime: 0.0206
Step: 49500  Loss: 0.044143 Regul: 0.009996 Obj: 0.054139 (0.053847) Rank: 50 (50) Ttime: 6.0599 Vtime: 0.0211
Step: 49600  Loss: 0.044265 Regul: 0.009982 Obj: 0.054247 (0.053847) Rank: 50 (50) Ttime: 6.0189 Vtime: 0.0206
Step: 49700  Loss: 0.044037 Regul: 0.009967 Obj: 0.054004 (0.053847) Rank: 50 (50) Ttime: 6.1509 Vtime: 0.0209
Step: 49800  Loss: 0.044213 Regul: 0.009971 Obj: 0.054184 (0.053847) Rank: 50 (50) Ttime: 6.0584 Vtime: 0.0205
Step: 49900  Loss: 0.044011 Regul: 0.009972 Obj: 0.053983 (0.053847) Rank: 50 (50) Ttime: 5.9877 Vtime: 0.0212
Step: 50000  Loss: 0.044190 Regul: 0.009955 Obj: 0.054145 (0.053847) Rank: 50 (50) Ttime: 6.0545 Vtime: 0.0208
