mu: 0.0001 gamma: 0.25 maxdim: 80 nIters: 50000
Load Labels: 500000
Load Distances: 500000 x 544
0...10...20...30...40...50...60...70...80...90...100 - done.
Positive samples #250000
Negative samples #250000
Positive train #200000
Negative train #200000
Positive valid #50000
Negative valid #50000

Found GPU: GeForce GTX 970
Compute Capability: 5.2

Best: 100  Loss: 0.273460 Regul: 0.004223 Obj: 0.277683 (0.277683) Rank: 245 (245) Ttime: 8.2388 Vtime: 0.1375
Stat: Dim [245] AUC: 0.978297 (0.978297) FPR95: 11.76 (11.76) [saved]
Best: 200  Loss: 0.124104 Regul: 0.002848 Obj: 0.126952 (0.126952) Rank: 226 (226) Ttime: 8.0343 Vtime: 0.0593
Stat: Dim [226] AUC: 0.980617 (0.980617) FPR95: 10.49 (10.49) [saved]
Best: 300  Loss: 0.084587 Regul: 0.002279 Obj: 0.086866 (0.086866) Rank: 213 (213) Ttime: 7.9497 Vtime: 0.0547
Stat: Dim [213] AUC: 0.981845 (0.981845) FPR95: 9.65 (9.65) [saved]
Best: 400  Loss: 0.066807 Regul: 0.001974 Obj: 0.068781 (0.068781) Rank: 203 (203) Ttime: 7.8018 Vtime: 0.0496
Stat: Dim [203] AUC: 0.983065 (0.983065) FPR95: 8.80 (8.80) [saved]
Best: 500  Loss: 0.059235 Regul: 0.001794 Obj: 0.061030 (0.061030) Rank: 195 (195) Ttime: 7.8401 Vtime: 0.0509
Stat: Dim [195] AUC: 0.983728 (0.983728) FPR95: 8.33 (8.33) [saved]
Best: 600  Loss: 0.053740 Regul: 0.001682 Obj: 0.055422 (0.055422) Rank: 189 (189) Ttime: 7.8120 Vtime: 0.0449
Stat: Dim [189] AUC: 0.984205 (0.984205) FPR95: 8.16 (8.16) [saved]
Best: 700  Loss: 0.051487 Regul: 0.001618 Obj: 0.053105 (0.053105) Rank: 185 (185) Ttime: 7.8089 Vtime: 0.0451
Stat: Dim [185] AUC: 0.984846 (0.984846) FPR95: 7.64 (7.64) [saved]
Best: 800  Loss: 0.049317 Regul: 0.001578 Obj: 0.050895 (0.050895) Rank: 183 (183) Ttime: 7.7815 Vtime: 0.0443
Stat: Dim [183] AUC: 0.985288 (0.985288) FPR95: 7.47 (7.47) [saved]
Best: 900  Loss: 0.047806 Regul: 0.001547 Obj: 0.049353 (0.049353) Rank: 179 (179) Ttime: 7.8069 Vtime: 0.0450
Stat: Dim [179] AUC: 0.985687 (0.985687) FPR95: 7.16 (7.16) [saved]
Best: 1000  Loss: 0.047290 Regul: 0.001522 Obj: 0.048811 (0.048811) Rank: 177 (177) Ttime: 7.9144 Vtime: 0.0454
Stat: Dim [177] AUC: 0.985855 (0.985855) FPR95: 7.03 (7.03) [saved]
Best: 1100  Loss: 0.046177 Regul: 0.001514 Obj: 0.047691 (0.047691) Rank: 175 (175) Ttime: 7.7914 Vtime: 0.0399
Stat: Dim [175] AUC: 0.986253 (0.986253) FPR95: 6.83 (6.83) [saved]
Step: 1200  Loss: 0.046340 Regul: 0.001510 Obj: 0.047850 (0.047691) Rank: 173 (175) Ttime: 7.8164 Vtime: 0.0401
Best: 1300  Loss: 0.045297 Regul: 0.001511 Obj: 0.046808 (0.046808) Rank: 171 (171) Ttime: 7.6463 Vtime: 0.0399
Stat: Dim [171] AUC: 0.986588 (0.986588) FPR95: 6.52 (6.52) [saved]
Step: 1400  Loss: 0.045380 Regul: 0.001516 Obj: 0.046896 (0.046808) Rank: 171 (171) Ttime: 7.7096 Vtime: 0.0397
Step: 1500  Loss: 0.045782 Regul: 0.001523 Obj: 0.047305 (0.046808) Rank: 169 (171) Ttime: 7.8129 Vtime: 0.0403
Best: 1600  Loss: 0.044668 Regul: 0.001524 Obj: 0.046192 (0.046192) Rank: 168 (168) Ttime: 7.7660 Vtime: 0.0410
Stat: Dim [168] AUC: 0.986935 (0.986935) FPR95: 6.29 (6.29) [saved]
Best: 1700  Loss: 0.044019 Regul: 0.001528 Obj: 0.045546 (0.045546) Rank: 167 (167) Ttime: 7.7653 Vtime: 0.0396
Stat: Dim [167] AUC: 0.987192 (0.987192) FPR95: 6.17 (6.17) [saved]
Step: 1800  Loss: 0.044392 Regul: 0.001533 Obj: 0.045925 (0.045546) Rank: 165 (167) Ttime: 7.6623 Vtime: 0.0400
Best: 1900  Loss: 0.043748 Regul: 0.001542 Obj: 0.045290 (0.045290) Rank: 165 (165) Ttime: 7.6024 Vtime: 0.0388
Stat: Dim [165] AUC: 0.987272 (0.987272) FPR95: 6.10 (6.10) [saved]
Best: 2000  Loss: 0.043610 Regul: 0.001546 Obj: 0.045155 (0.045155) Rank: 165 (165) Ttime: 7.6815 Vtime: 0.0395
Stat: Dim [165] AUC: 0.987442 (0.987442) FPR95: 5.99 (5.99) [saved]
Best: 2100  Loss: 0.042904 Regul: 0.001553 Obj: 0.044457 (0.044457) Rank: 164 (164) Ttime: 7.7073 Vtime: 0.0398
Stat: Dim [164] AUC: 0.987567 (0.987567) FPR95: 5.91 (5.91) [saved]
Best: 2200  Loss: 0.042763 Regul: 0.001559 Obj: 0.044322 (0.044322) Rank: 164 (164) Ttime: 7.6279 Vtime: 0.0401
Stat: Dim [164] AUC: 0.987670 (0.987670) FPR95: 5.87 (5.87) [saved]
Step: 2300  Loss: 0.042839 Regul: 0.001557 Obj: 0.044396 (0.044322) Rank: 163 (164) Ttime: 7.7416 Vtime: 0.0399
Step: 2400  Loss: 0.042882 Regul: 0.001564 Obj: 0.044446 (0.044322) Rank: 162 (164) Ttime: 7.5346 Vtime: 0.0394
Step: 2500  Loss: 0.042922 Regul: 0.001568 Obj: 0.044491 (0.044322) Rank: 162 (164) Ttime: 7.6066 Vtime: 0.0385
Best: 2600  Loss: 0.042627 Regul: 0.001575 Obj: 0.044203 (0.044203) Rank: 162 (162) Ttime: 7.6268 Vtime: 0.0393
Stat: Dim [162] AUC: 0.987929 (0.987929) FPR95: 5.71 (5.71) [saved]
Step: 2700  Loss: 0.042632 Regul: 0.001583 Obj: 0.044215 (0.044203) Rank: 162 (162) Ttime: 7.5659 Vtime: 0.0390
Best: 2800  Loss: 0.041930 Regul: 0.001590 Obj: 0.043520 (0.043520) Rank: 161 (161) Ttime: 7.7233 Vtime: 0.0403
Stat: Dim [161] AUC: 0.988140 (0.988140) FPR95: 5.67 (5.67) [saved]
Step: 2900  Loss: 0.041947 Regul: 0.001595 Obj: 0.043542 (0.043520) Rank: 160 (161) Ttime: 7.6521 Vtime: 0.0352
Best: 3000  Loss: 0.041742 Regul: 0.001601 Obj: 0.043343 (0.043343) Rank: 160 (160) Ttime: 7.6159 Vtime: 0.0344
Stat: Dim [160] AUC: 0.988250 (0.988250) FPR95: 5.59 (5.59) [saved]
Best: 3100  Loss: 0.041453 Regul: 0.001606 Obj: 0.043059 (0.043059) Rank: 160 (160) Ttime: 7.5160 Vtime: 0.0346
Stat: Dim [160] AUC: 0.988364 (0.988364) FPR95: 5.53 (5.53) [saved]
Best: 3200  Loss: 0.041382 Regul: 0.001612 Obj: 0.042994 (0.042994) Rank: 160 (160) Ttime: 7.4958 Vtime: 0.0342
Stat: Dim [160] AUC: 0.988406 (0.988406) FPR95: 5.52 (5.52) [saved]
Step: 3300  Loss: 0.041728 Regul: 0.001618 Obj: 0.043346 (0.042994) Rank: 159 (160) Ttime: 7.6067 Vtime: 0.0355
Step: 3400  Loss: 0.041590 Regul: 0.001624 Obj: 0.043214 (0.042994) Rank: 160 (160) Ttime: 7.6317 Vtime: 0.0358
Best: 3500  Loss: 0.041265 Regul: 0.001630 Obj: 0.042895 (0.042895) Rank: 160 (160) Ttime: 7.7069 Vtime: 0.0352
Stat: Dim [160] AUC: 0.988463 (0.988406) FPR95: 5.55 (5.52)
Step: 3600  Loss: 0.041389 Regul: 0.001638 Obj: 0.043027 (0.042895) Rank: 159 (160) Ttime: 7.5077 Vtime: 0.0353
Step: 3700  Loss: 0.041525 Regul: 0.001646 Obj: 0.043171 (0.042895) Rank: 159 (160) Ttime: 7.5492 Vtime: 0.0346
Best: 3800  Loss: 0.041055 Regul: 0.001653 Obj: 0.042708 (0.042708) Rank: 160 (160) Ttime: 7.5697 Vtime: 0.0353
Stat: Dim [160] AUC: 0.988688 (0.988688) FPR95: 5.38 (5.38) [saved]
Best: 3900  Loss: 0.040939 Regul: 0.001657 Obj: 0.042596 (0.042596) Rank: 159 (159) Ttime: 7.4989 Vtime: 0.0353
Stat: Dim [159] AUC: 0.988757 (0.988757) FPR95: 5.28 (5.28) [saved]
Step: 4000  Loss: 0.041112 Regul: 0.001665 Obj: 0.042777 (0.042596) Rank: 159 (159) Ttime: 7.5264 Vtime: 0.0349
Step: 4100  Loss: 0.040982 Regul: 0.001675 Obj: 0.042657 (0.042596) Rank: 158 (159) Ttime: 7.5185 Vtime: 0.0362
Step: 4200  Loss: 0.041112 Regul: 0.001681 Obj: 0.042793 (0.042596) Rank: 158 (159) Ttime: 7.5497 Vtime: 0.0349
Best: 4300  Loss: 0.040634 Regul: 0.001688 Obj: 0.042322 (0.042322) Rank: 158 (158) Ttime: 7.5170 Vtime: 0.0352
Stat: Dim [158] AUC: 0.988893 (0.988893) FPR95: 5.28 (5.28) [saved]
Best: 4400  Loss: 0.040343 Regul: 0.001692 Obj: 0.042035 (0.042035) Rank: 158 (158) Ttime: 7.4777 Vtime: 0.0343
Stat: Dim [158] AUC: 0.988954 (0.988954) FPR95: 5.22 (5.22) [saved]
Step: 4500  Loss: 0.040426 Regul: 0.001695 Obj: 0.042121 (0.042035) Rank: 157 (158) Ttime: 7.4480 Vtime: 0.0349
Step: 4600  Loss: 0.040346 Regul: 0.001699 Obj: 0.042045 (0.042035) Rank: 158 (158) Ttime: 7.5233 Vtime: 0.0360
Step: 4700  Loss: 0.040584 Regul: 0.001706 Obj: 0.042290 (0.042035) Rank: 158 (158) Ttime: 7.4133 Vtime: 0.0353
Step: 4800  Loss: 0.040373 Regul: 0.001708 Obj: 0.042081 (0.042035) Rank: 158 (158) Ttime: 7.4709 Vtime: 0.0348
Best: 4900  Loss: 0.040287 Regul: 0.001714 Obj: 0.042001 (0.042001) Rank: 157 (157) Ttime: 7.5177 Vtime: 0.0362
Stat: Dim [157] AUC: 0.989072 (0.989072) FPR95: 5.14 (5.14) [saved]
Best: 5000  Loss: 0.040235 Regul: 0.001719 Obj: 0.041954 (0.041954) Rank: 157 (157) Ttime: 7.5453 Vtime: 0.0344
Stat: Dim [157] AUC: 0.989134 (0.989134) FPR95: 5.08 (5.08) [saved]
Step: 5100  Loss: 0.040363 Regul: 0.001724 Obj: 0.042087 (0.041954) Rank: 157 (157) Ttime: 7.4075 Vtime: 0.0343
Step: 5200  Loss: 0.040393 Regul: 0.001727 Obj: 0.042121 (0.041954) Rank: 157 (157) Ttime: 7.3370 Vtime: 0.0348
Step: 5300  Loss: 0.040320 Regul: 0.001731 Obj: 0.042051 (0.041954) Rank: 157 (157) Ttime: 7.4025 Vtime: 0.0345
Step: 5400  Loss: 0.040713 Regul: 0.001734 Obj: 0.042446 (0.041954) Rank: 157 (157) Ttime: 7.3403 Vtime: 0.0350
Step: 5500  Loss: 0.040435 Regul: 0.001741 Obj: 0.042175 (0.041954) Rank: 157 (157) Ttime: 7.3615 Vtime: 0.0349
Step: 5600  Loss: 0.040539 Regul: 0.001747 Obj: 0.042285 (0.041954) Rank: 157 (157) Ttime: 7.4026 Vtime: 0.0347
Step: 5700  Loss: 0.040425 Regul: 0.001753 Obj: 0.042178 (0.041954) Rank: 157 (157) Ttime: 7.3578 Vtime: 0.0346
Step: 5800  Loss: 0.040669 Regul: 0.001758 Obj: 0.042427 (0.041954) Rank: 157 (157) Ttime: 7.3426 Vtime: 0.0348
Step: 5900  Loss: 0.040527 Regul: 0.001764 Obj: 0.042291 (0.041954) Rank: 157 (157) Ttime: 7.4286 Vtime: 0.0354
Best: 6000  Loss: 0.040167 Regul: 0.001770 Obj: 0.041937 (0.041937) Rank: 156 (156) Ttime: 7.3444 Vtime: 0.0360
Stat: Dim [156] AUC: 0.989343 (0.989343) FPR95: 5.07 (5.07) [saved]
Step: 6100  Loss: 0.040352 Regul: 0.001776 Obj: 0.042127 (0.041937) Rank: 156 (156) Ttime: 7.3932 Vtime: 0.0346
Step: 6200  Loss: 0.040211 Regul: 0.001779 Obj: 0.041990 (0.041937) Rank: 155 (156) Ttime: 7.3830 Vtime: 0.0359
Step: 6300  Loss: 0.040234 Regul: 0.001786 Obj: 0.042020 (0.041937) Rank: 155 (156) Ttime: 7.4531 Vtime: 0.0351
Best: 6400  Loss: 0.039947 Regul: 0.001791 Obj: 0.041738 (0.041738) Rank: 155 (155) Ttime: 7.3701 Vtime: 0.0352
Stat: Dim [155] AUC: 0.989411 (0.989411) FPR95: 4.90 (4.90) [saved]
Step: 6500  Loss: 0.040019 Regul: 0.001796 Obj: 0.041814 (0.041738) Rank: 156 (155) Ttime: 7.2874 Vtime: 0.0352
Step: 6600  Loss: 0.040011 Regul: 0.001799 Obj: 0.041811 (0.041738) Rank: 156 (155) Ttime: 7.4658 Vtime: 0.0346
Step: 6700  Loss: 0.040076 Regul: 0.001804 Obj: 0.041880 (0.041738) Rank: 155 (155) Ttime: 7.5982 Vtime: 0.0358
Step: 6800  Loss: 0.040116 Regul: 0.001807 Obj: 0.041923 (0.041738) Rank: 155 (155) Ttime: 7.4654 Vtime: 0.0355
Step: 6900  Loss: 0.040108 Regul: 0.001811 Obj: 0.041919 (0.041738) Rank: 155 (155) Ttime: 7.4371 Vtime: 0.0344
Step: 7000  Loss: 0.039997 Regul: 0.001814 Obj: 0.041811 (0.041738) Rank: 155 (155) Ttime: 7.4537 Vtime: 0.0344
Step: 7100  Loss: 0.040179 Regul: 0.001819 Obj: 0.041997 (0.041738) Rank: 155 (155) Ttime: 7.4186 Vtime: 0.0343
Step: 7200  Loss: 0.040132 Regul: 0.001823 Obj: 0.041955 (0.041738) Rank: 155 (155) Ttime: 7.3398 Vtime: 0.0348
Best: 7300  Loss: 0.039858 Regul: 0.001828 Obj: 0.041687 (0.041687) Rank: 155 (155) Ttime: 7.4862 Vtime: 0.0352
Stat: Dim [155] AUC: 0.989605 (0.989605) FPR95: 4.85 (4.85) [saved]
Step: 7400  Loss: 0.040109 Regul: 0.001832 Obj: 0.041941 (0.041687) Rank: 155 (155) Ttime: 7.4478 Vtime: 0.0353
Step: 7500  Loss: 0.040002 Regul: 0.001838 Obj: 0.041840 (0.041687) Rank: 155 (155) Ttime: 7.3753 Vtime: 0.0353
Step: 7600  Loss: 0.039924 Regul: 0.001842 Obj: 0.041766 (0.041687) Rank: 155 (155) Ttime: 7.4393 Vtime: 0.0353
Step: 7700  Loss: 0.039931 Regul: 0.001846 Obj: 0.041777 (0.041687) Rank: 154 (155) Ttime: 7.1607 Vtime: 0.0361
Step: 7800  Loss: 0.040053 Regul: 0.001849 Obj: 0.041902 (0.041687) Rank: 154 (155) Ttime: 7.2631 Vtime: 0.0349
Step: 7900  Loss: 0.040004 Regul: 0.001854 Obj: 0.041857 (0.041687) Rank: 154 (155) Ttime: 7.3070 Vtime: 0.0348
Step: 8000  Loss: 0.040266 Regul: 0.001858 Obj: 0.042123 (0.041687) Rank: 154 (155) Ttime: 7.3227 Vtime: 0.0352
Step: 8100  Loss: 0.040113 Regul: 0.001861 Obj: 0.041974 (0.041687) Rank: 154 (155) Ttime: 7.3942 Vtime: 0.0350
Step: 8200  Loss: 0.040031 Regul: 0.001865 Obj: 0.041896 (0.041687) Rank: 154 (155) Ttime: 7.3765 Vtime: 0.0356
Step: 8300  Loss: 0.039839 Regul: 0.001868 Obj: 0.041707 (0.041687) Rank: 154 (155) Ttime: 7.4534 Vtime: 0.0353
Step: 8400  Loss: 0.039944 Regul: 0.001873 Obj: 0.041817 (0.041687) Rank: 154 (155) Ttime: 7.3850 Vtime: 0.0350
Step: 8500  Loss: 0.040037 Regul: 0.001879 Obj: 0.041917 (0.041687) Rank: 154 (155) Ttime: 7.2363 Vtime: 0.0356
Step: 8600  Loss: 0.039933 Regul: 0.001882 Obj: 0.041814 (0.041687) Rank: 154 (155) Ttime: 7.4030 Vtime: 0.0350
Step: 8700  Loss: 0.040015 Regul: 0.001885 Obj: 0.041900 (0.041687) Rank: 154 (155) Ttime: 7.3111 Vtime: 0.0350
Step: 8800  Loss: 0.039847 Regul: 0.001890 Obj: 0.041737 (0.041687) Rank: 153 (155) Ttime: 7.3124 Vtime: 0.0357
Step: 8900  Loss: 0.039953 Regul: 0.001893 Obj: 0.041846 (0.041687) Rank: 153 (155) Ttime: 7.3884 Vtime: 0.0348
Step: 9000  Loss: 0.039811 Regul: 0.001896 Obj: 0.041707 (0.041687) Rank: 153 (155) Ttime: 7.2796 Vtime: 0.0352
Step: 9100  Loss: 0.039903 Regul: 0.001901 Obj: 0.041804 (0.041687) Rank: 153 (155) Ttime: 7.3788 Vtime: 0.0349
Step: 9200  Loss: 0.039953 Regul: 0.001903 Obj: 0.041857 (0.041687) Rank: 153 (155) Ttime: 7.3397 Vtime: 0.0349
Step: 9300  Loss: 0.039842 Regul: 0.001905 Obj: 0.041748 (0.041687) Rank: 153 (155) Ttime: 7.5906 Vtime: 0.0353
Best: 9400  Loss: 0.039774 Regul: 0.001909 Obj: 0.041683 (0.041683) Rank: 153 (153) Ttime: 7.5154 Vtime: 0.0353
Stat: Dim [153] AUC: 0.989856 (0.989856) FPR95: 4.74 (4.74) [saved]
Best: 9500  Loss: 0.039655 Regul: 0.001913 Obj: 0.041567 (0.041567) Rank: 153 (153) Ttime: 7.4329 Vtime: 0.0346
Stat: Dim [153] AUC: 0.989894 (0.989894) FPR95: 4.72 (4.72) [saved]
Step: 9600  Loss: 0.039692 Regul: 0.001915 Obj: 0.041607 (0.041567) Rank: 153 (153) Ttime: 7.4682 Vtime: 0.0352
Step: 9700  Loss: 0.039692 Regul: 0.001919 Obj: 0.041611 (0.041567) Rank: 153 (153) Ttime: 7.2870 Vtime: 0.0353
Best: 9800  Loss: 0.039514 Regul: 0.001922 Obj: 0.041437 (0.041437) Rank: 153 (153) Ttime: 7.2902 Vtime: 0.0351
Stat: Dim [153] AUC: 0.989931 (0.989931) FPR95: 4.72 (4.72) [saved]
Step: 9900  Loss: 0.039557 Regul: 0.001925 Obj: 0.041482 (0.041437) Rank: 152 (153) Ttime: 7.3355 Vtime: 0.0349
Step: 10000  Loss: 0.039770 Regul: 0.001928 Obj: 0.041698 (0.041437) Rank: 152 (153) Ttime: 7.4529 Vtime: 0.0350
Step: 10100  Loss: 0.039895 Regul: 0.001932 Obj: 0.041827 (0.041437) Rank: 152 (153) Ttime: 7.3739 Vtime: 0.0341
Step: 10200  Loss: 0.039761 Regul: 0.001936 Obj: 0.041697 (0.041437) Rank: 152 (153) Ttime: 7.2634 Vtime: 0.0349
Step: 10300  Loss: 0.039629 Regul: 0.001940 Obj: 0.041569 (0.041437) Rank: 153 (153) Ttime: 7.3525 Vtime: 0.0354
Step: 10400  Loss: 0.039706 Regul: 0.001943 Obj: 0.041650 (0.041437) Rank: 152 (153) Ttime: 7.3764 Vtime: 0.0357
Step: 10500  Loss: 0.039602 Regul: 0.001947 Obj: 0.041549 (0.041437) Rank: 153 (153) Ttime: 7.2795 Vtime: 0.0354
Step: 10600  Loss: 0.039567 Regul: 0.001950 Obj: 0.041517 (0.041437) Rank: 152 (153) Ttime: 7.4546 Vtime: 0.0354
Step: 10700  Loss: 0.039675 Regul: 0.001954 Obj: 0.041628 (0.041437) Rank: 152 (153) Ttime: 7.2623 Vtime: 0.0347
Best: 10800  Loss: 0.039437 Regul: 0.001956 Obj: 0.041393 (0.041393) Rank: 153 (153) Ttime: 7.2492 Vtime: 0.0355
Stat: Dim [153] AUC: 0.990030 (0.990030) FPR95: 4.64 (4.64) [saved]
Step: 10900  Loss: 0.039730 Regul: 0.001958 Obj: 0.041688 (0.041393) Rank: 152 (153) Ttime: 7.4010 Vtime: 0.0357
Step: 11000  Loss: 0.039736 Regul: 0.001962 Obj: 0.041698 (0.041393) Rank: 152 (153) Ttime: 7.3120 Vtime: 0.0352
Step: 11100  Loss: 0.039667 Regul: 0.001965 Obj: 0.041632 (0.041393) Rank: 152 (153) Ttime: 7.4099 Vtime: 0.0348
Step: 11200  Loss: 0.039483 Regul: 0.001968 Obj: 0.041451 (0.041393) Rank: 152 (153) Ttime: 7.2973 Vtime: 0.0350
Step: 11300  Loss: 0.039508 Regul: 0.001972 Obj: 0.041480 (0.041393) Rank: 152 (153) Ttime: 7.2772 Vtime: 0.0354
Step: 11400  Loss: 0.039473 Regul: 0.001975 Obj: 0.041448 (0.041393) Rank: 152 (153) Ttime: 7.3588 Vtime: 0.0343
Step: 11500  Loss: 0.039696 Regul: 0.001977 Obj: 0.041673 (0.041393) Rank: 152 (153) Ttime: 7.2063 Vtime: 0.0352
Step: 11600  Loss: 0.039736 Regul: 0.001980 Obj: 0.041715 (0.041393) Rank: 152 (153) Ttime: 7.2688 Vtime: 0.0353
Step: 11700  Loss: 0.039482 Regul: 0.001982 Obj: 0.041463 (0.041393) Rank: 152 (153) Ttime: 7.3220 Vtime: 0.0346
Best: 11800  Loss: 0.039373 Regul: 0.001984 Obj: 0.041357 (0.041357) Rank: 152 (152) Ttime: 7.3766 Vtime: 0.0348
Stat: Dim [152] AUC: 0.990061 (0.990061) FPR95: 4.60 (4.60) [saved]
Step: 11900  Loss: 0.039531 Regul: 0.001987 Obj: 0.041517 (0.041357) Rank: 151 (152) Ttime: 7.3504 Vtime: 0.0357
Step: 12000  Loss: 0.039545 Regul: 0.001990 Obj: 0.041535 (0.041357) Rank: 151 (152) Ttime: 7.1916 Vtime: 0.0348
Best: 12100  Loss: 0.039333 Regul: 0.001992 Obj: 0.041325 (0.041325) Rank: 151 (151) Ttime: 7.3366 Vtime: 0.0346
Stat: Dim [151] AUC: 0.990115 (0.990115) FPR95: 4.58 (4.58) [saved]
Step: 12200  Loss: 0.039453 Regul: 0.001995 Obj: 0.041449 (0.041325) Rank: 151 (151) Ttime: 7.4204 Vtime: 0.0342
Step: 12300  Loss: 0.039643 Regul: 0.001998 Obj: 0.041641 (0.041325) Rank: 151 (151) Ttime: 7.3357 Vtime: 0.0345
Step: 12400  Loss: 0.039753 Regul: 0.002001 Obj: 0.041754 (0.041325) Rank: 151 (151) Ttime: 7.5098 Vtime: 0.0345
Step: 12500  Loss: 0.039556 Regul: 0.002004 Obj: 0.041560 (0.041325) Rank: 151 (151) Ttime: 7.3500 Vtime: 0.0345
Step: 12600  Loss: 0.039535 Regul: 0.002007 Obj: 0.041542 (0.041325) Rank: 151 (151) Ttime: 7.2644 Vtime: 0.0349
Step: 12700  Loss: 0.039520 Regul: 0.002009 Obj: 0.041529 (0.041325) Rank: 151 (151) Ttime: 7.1980 Vtime: 0.0348
Step: 12800  Loss: 0.039673 Regul: 0.002012 Obj: 0.041685 (0.041325) Rank: 151 (151) Ttime: 7.2293 Vtime: 0.0353
Step: 12900  Loss: 0.039678 Regul: 0.002015 Obj: 0.041693 (0.041325) Rank: 151 (151) Ttime: 7.3028 Vtime: 0.0348
Step: 13000  Loss: 0.039577 Regul: 0.002017 Obj: 0.041594 (0.041325) Rank: 151 (151) Ttime: 7.1438 Vtime: 0.0349
Step: 13100  Loss: 0.039628 Regul: 0.002020 Obj: 0.041647 (0.041325) Rank: 151 (151) Ttime: 7.1927 Vtime: 0.0348
Step: 13200  Loss: 0.039533 Regul: 0.002021 Obj: 0.041554 (0.041325) Rank: 151 (151) Ttime: 7.0972 Vtime: 0.0355
Step: 13300  Loss: 0.039540 Regul: 0.002023 Obj: 0.041563 (0.041325) Rank: 151 (151) Ttime: 7.2292 Vtime: 0.0351
Step: 13400  Loss: 0.039496 Regul: 0.002025 Obj: 0.041521 (0.041325) Rank: 151 (151) Ttime: 7.2197 Vtime: 0.0349
Step: 13500  Loss: 0.039411 Regul: 0.002028 Obj: 0.041439 (0.041325) Rank: 150 (151) Ttime: 7.1630 Vtime: 0.0359
Step: 13600  Loss: 0.039377 Regul: 0.002030 Obj: 0.041407 (0.041325) Rank: 150 (151) Ttime: 7.3636 Vtime: 0.0351
Step: 13700  Loss: 0.039530 Regul: 0.002033 Obj: 0.041563 (0.041325) Rank: 150 (151) Ttime: 7.1592 Vtime: 0.0352
Step: 13800  Loss: 0.039588 Regul: 0.002035 Obj: 0.041624 (0.041325) Rank: 150 (151) Ttime: 7.3071 Vtime: 0.0345
Step: 13900  Loss: 0.039535 Regul: 0.002039 Obj: 0.041574 (0.041325) Rank: 150 (151) Ttime: 7.1997 Vtime: 0.0350
Step: 14000  Loss: 0.039480 Regul: 0.002041 Obj: 0.041522 (0.041325) Rank: 150 (151) Ttime: 7.1776 Vtime: 0.0346
Step: 14100  Loss: 0.039532 Regul: 0.002044 Obj: 0.041576 (0.041325) Rank: 150 (151) Ttime: 7.2110 Vtime: 0.0350
Step: 14200  Loss: 0.039572 Regul: 0.002047 Obj: 0.041619 (0.041325) Rank: 150 (151) Ttime: 7.1267 Vtime: 0.0353
Step: 14300  Loss: 0.039410 Regul: 0.002050 Obj: 0.041460 (0.041325) Rank: 150 (151) Ttime: 6.9827 Vtime: 0.0345
Step: 14400  Loss: 0.039349 Regul: 0.002053 Obj: 0.041402 (0.041325) Rank: 150 (151) Ttime: 7.2551 Vtime: 0.0347
Step: 14500  Loss: 0.039681 Regul: 0.002057 Obj: 0.041737 (0.041325) Rank: 150 (151) Ttime: 7.2221 Vtime: 0.0348
Step: 14600  Loss: 0.039588 Regul: 0.002059 Obj: 0.041647 (0.041325) Rank: 150 (151) Ttime: 7.3847 Vtime: 0.0352
Step: 14700  Loss: 0.039568 Regul: 0.002062 Obj: 0.041631 (0.041325) Rank: 150 (151) Ttime: 7.4073 Vtime: 0.0345
Step: 14800  Loss: 0.039628 Regul: 0.002065 Obj: 0.041693 (0.041325) Rank: 150 (151) Ttime: 7.2227 Vtime: 0.0349
Step: 14900  Loss: 0.039543 Regul: 0.002068 Obj: 0.041611 (0.041325) Rank: 150 (151) Ttime: 7.3518 Vtime: 0.0347
Step: 15000  Loss: 0.039515 Regul: 0.002071 Obj: 0.041586 (0.041325) Rank: 150 (151) Ttime: 7.1542 Vtime: 0.0351
Step: 15100  Loss: 0.039496 Regul: 0.002074 Obj: 0.041570 (0.041325) Rank: 151 (151) Ttime: 7.2070 Vtime: 0.0363
Step: 15200  Loss: 0.039410 Regul: 0.002077 Obj: 0.041487 (0.041325) Rank: 150 (151) Ttime: 7.2494 Vtime: 0.0355
Step: 15300  Loss: 0.039382 Regul: 0.002079 Obj: 0.041461 (0.041325) Rank: 150 (151) Ttime: 7.1141 Vtime: 0.0345
Step: 15400  Loss: 0.039580 Regul: 0.002083 Obj: 0.041663 (0.041325) Rank: 150 (151) Ttime: 7.1848 Vtime: 0.0351
Step: 15500  Loss: 0.039513 Regul: 0.002085 Obj: 0.041598 (0.041325) Rank: 150 (151) Ttime: 7.1314 Vtime: 0.0352
Step: 15600  Loss: 0.039544 Regul: 0.002088 Obj: 0.041632 (0.041325) Rank: 150 (151) Ttime: 7.2962 Vtime: 0.0351
Step: 15700  Loss: 0.039469 Regul: 0.002090 Obj: 0.041560 (0.041325) Rank: 151 (151) Ttime: 7.2310 Vtime: 0.0353
Step: 15800  Loss: 0.039518 Regul: 0.002093 Obj: 0.041611 (0.041325) Rank: 151 (151) Ttime: 7.1721 Vtime: 0.0354
Step: 15900  Loss: 0.039516 Regul: 0.002095 Obj: 0.041611 (0.041325) Rank: 151 (151) Ttime: 7.2381 Vtime: 0.0348
Step: 16000  Loss: 0.039583 Regul: 0.002097 Obj: 0.041680 (0.041325) Rank: 151 (151) Ttime: 6.9794 Vtime: 0.0351
Step: 16100  Loss: 0.039434 Regul: 0.002100 Obj: 0.041534 (0.041325) Rank: 150 (151) Ttime: 7.2336 Vtime: 0.0354
Step: 16200  Loss: 0.039571 Regul: 0.002101 Obj: 0.041673 (0.041325) Rank: 151 (151) Ttime: 7.2678 Vtime: 0.0355
Step: 16300  Loss: 0.039556 Regul: 0.002103 Obj: 0.041659 (0.041325) Rank: 150 (151) Ttime: 7.3061 Vtime: 0.0354
Step: 16400  Loss: 0.039541 Regul: 0.002105 Obj: 0.041646 (0.041325) Rank: 150 (151) Ttime: 7.1216 Vtime: 0.0359
Step: 16500  Loss: 0.039483 Regul: 0.002108 Obj: 0.041592 (0.041325) Rank: 151 (151) Ttime: 7.1079 Vtime: 0.0363
Step: 16600  Loss: 0.039528 Regul: 0.002110 Obj: 0.041638 (0.041325) Rank: 150 (151) Ttime: 7.0801 Vtime: 0.0356
Step: 16700  Loss: 0.039547 Regul: 0.002112 Obj: 0.041659 (0.041325) Rank: 150 (151) Ttime: 7.1125 Vtime: 0.0352
Step: 16800  Loss: 0.039639 Regul: 0.002115 Obj: 0.041754 (0.041325) Rank: 150 (151) Ttime: 7.1411 Vtime: 0.0350
Step: 16900  Loss: 0.039550 Regul: 0.002118 Obj: 0.041667 (0.041325) Rank: 150 (151) Ttime: 7.3060 Vtime: 0.0350
Step: 17000  Loss: 0.039555 Regul: 0.002120 Obj: 0.041675 (0.041325) Rank: 150 (151) Ttime: 7.2147 Vtime: 0.0352
Step: 17100  Loss: 0.039379 Regul: 0.002121 Obj: 0.041501 (0.041325) Rank: 150 (151) Ttime: 7.3937 Vtime: 0.0349
Step: 17200  Loss: 0.039363 Regul: 0.002122 Obj: 0.041485 (0.041325) Rank: 150 (151) Ttime: 7.3338 Vtime: 0.0352
Step: 17300  Loss: 0.039318 Regul: 0.002124 Obj: 0.041442 (0.041325) Rank: 150 (151) Ttime: 7.1666 Vtime: 0.0346
Step: 17400  Loss: 0.039316 Regul: 0.002127 Obj: 0.041443 (0.041325) Rank: 150 (151) Ttime: 7.2704 Vtime: 0.0356
Step: 17500  Loss: 0.039409 Regul: 0.002129 Obj: 0.041538 (0.041325) Rank: 150 (151) Ttime: 7.2650 Vtime: 0.0358
Step: 17600  Loss: 0.039474 Regul: 0.002132 Obj: 0.041606 (0.041325) Rank: 150 (151) Ttime: 7.2282 Vtime: 0.0347
Step: 17700  Loss: 0.039514 Regul: 0.002134 Obj: 0.041648 (0.041325) Rank: 151 (151) Ttime: 7.2698 Vtime: 0.0357
Step: 17800  Loss: 0.039556 Regul: 0.002137 Obj: 0.041693 (0.041325) Rank: 151 (151) Ttime: 7.2313 Vtime: 0.0350
Step: 17900  Loss: 0.039550 Regul: 0.002139 Obj: 0.041689 (0.041325) Rank: 151 (151) Ttime: 7.1953 Vtime: 0.0347
Step: 18000  Loss: 0.039403 Regul: 0.002140 Obj: 0.041543 (0.041325) Rank: 151 (151) Ttime: 7.1879 Vtime: 0.0353
Step: 18100  Loss: 0.039363 Regul: 0.002142 Obj: 0.041504 (0.041325) Rank: 151 (151) Ttime: 7.1553 Vtime: 0.0350
Step: 18200  Loss: 0.039288 Regul: 0.002144 Obj: 0.041432 (0.041325) Rank: 151 (151) Ttime: 7.0953 Vtime: 0.0349
Step: 18300  Loss: 0.039262 Regul: 0.002146 Obj: 0.041408 (0.041325) Rank: 151 (151) Ttime: 7.1003 Vtime: 0.0346
Step: 18400  Loss: 0.039192 Regul: 0.002147 Obj: 0.041339 (0.041325) Rank: 150 (151) Ttime: 7.1113 Vtime: 0.0359
Step: 18500  Loss: 0.039217 Regul: 0.002150 Obj: 0.041366 (0.041325) Rank: 150 (151) Ttime: 7.1298 Vtime: 0.0350
Step: 18600  Loss: 0.039244 Regul: 0.002152 Obj: 0.041396 (0.041325) Rank: 150 (151) Ttime: 7.1590 Vtime: 0.0350
Step: 18700  Loss: 0.039281 Regul: 0.002155 Obj: 0.041436 (0.041325) Rank: 151 (151) Ttime: 7.1028 Vtime: 0.0361
Step: 18800  Loss: 0.039427 Regul: 0.002157 Obj: 0.041584 (0.041325) Rank: 151 (151) Ttime: 7.0428 Vtime: 0.0350
Step: 18900  Loss: 0.039344 Regul: 0.002159 Obj: 0.041503 (0.041325) Rank: 150 (151) Ttime: 7.0280 Vtime: 0.0357
Step: 19000  Loss: 0.039360 Regul: 0.002161 Obj: 0.041521 (0.041325) Rank: 150 (151) Ttime: 6.9066 Vtime: 0.0357
Step: 19100  Loss: 0.039209 Regul: 0.002163 Obj: 0.041371 (0.041325) Rank: 150 (151) Ttime: 7.0740 Vtime: 0.0355
Step: 19200  Loss: 0.039390 Regul: 0.002165 Obj: 0.041555 (0.041325) Rank: 150 (151) Ttime: 7.0741 Vtime: 0.0353
Step: 19300  Loss: 0.039302 Regul: 0.002167 Obj: 0.041469 (0.041325) Rank: 150 (151) Ttime: 7.1992 Vtime: 0.0349
Step: 19400  Loss: 0.039221 Regul: 0.002168 Obj: 0.041389 (0.041325) Rank: 150 (151) Ttime: 7.2082 Vtime: 0.0351
Step: 19500  Loss: 0.039212 Regul: 0.002171 Obj: 0.041382 (0.041325) Rank: 150 (151) Ttime: 7.0750 Vtime: 0.0348
Step: 19600  Loss: 0.039256 Regul: 0.002172 Obj: 0.041428 (0.041325) Rank: 150 (151) Ttime: 7.1387 Vtime: 0.0347
Step: 19700  Loss: 0.039251 Regul: 0.002174 Obj: 0.041425 (0.041325) Rank: 150 (151) Ttime: 7.2012 Vtime: 0.0350
Step: 19800  Loss: 0.039243 Regul: 0.002176 Obj: 0.041419 (0.041325) Rank: 150 (151) Ttime: 7.2344 Vtime: 0.0348
Step: 19900  Loss: 0.039149 Regul: 0.002177 Obj: 0.041326 (0.041325) Rank: 150 (151) Ttime: 7.1274 Vtime: 0.0344
Step: 20000  Loss: 0.039237 Regul: 0.002178 Obj: 0.041415 (0.041325) Rank: 150 (151) Ttime: 7.0235 Vtime: 0.0347
Step: 20100  Loss: 0.039222 Regul: 0.002180 Obj: 0.041402 (0.041325) Rank: 150 (151) Ttime: 7.0583 Vtime: 0.0350
Step: 20200  Loss: 0.039328 Regul: 0.002183 Obj: 0.041511 (0.041325) Rank: 150 (151) Ttime: 7.0271 Vtime: 0.0350
Step: 20300  Loss: 0.039427 Regul: 0.002184 Obj: 0.041611 (0.041325) Rank: 150 (151) Ttime: 7.1149 Vtime: 0.0348
Step: 20400  Loss: 0.039286 Regul: 0.002186 Obj: 0.041471 (0.041325) Rank: 150 (151) Ttime: 7.0058 Vtime: 0.0355
Step: 20500  Loss: 0.039315 Regul: 0.002187 Obj: 0.041503 (0.041325) Rank: 150 (151) Ttime: 7.1914 Vtime: 0.0342
Step: 20600  Loss: 0.039143 Regul: 0.002189 Obj: 0.041332 (0.041325) Rank: 150 (151) Ttime: 7.0151 Vtime: 0.0349
Step: 20700  Loss: 0.039153 Regul: 0.002191 Obj: 0.041344 (0.041325) Rank: 150 (151) Ttime: 7.1133 Vtime: 0.0352
Best: 20800  Loss: 0.039002 Regul: 0.002193 Obj: 0.041195 (0.041195) Rank: 150 (150) Ttime: 7.1748 Vtime: 0.0349
Stat: Dim [150] AUC: 0.990593 (0.990593) FPR95: 4.35 (4.35) [saved]
Step: 20900  Loss: 0.039136 Regul: 0.002195 Obj: 0.041331 (0.041195) Rank: 150 (150) Ttime: 7.1397 Vtime: 0.0347
Step: 21000  Loss: 0.039083 Regul: 0.002196 Obj: 0.041279 (0.041195) Rank: 150 (150) Ttime: 7.1860 Vtime: 0.0352
Step: 21100  Loss: 0.039165 Regul: 0.002198 Obj: 0.041363 (0.041195) Rank: 150 (150) Ttime: 7.0164 Vtime: 0.0351
Step: 21200  Loss: 0.039260 Regul: 0.002200 Obj: 0.041459 (0.041195) Rank: 150 (150) Ttime: 7.1469 Vtime: 0.0345
Step: 21300  Loss: 0.039242 Regul: 0.002201 Obj: 0.041443 (0.041195) Rank: 150 (150) Ttime: 7.2893 Vtime: 0.0342
Step: 21400  Loss: 0.039269 Regul: 0.002203 Obj: 0.041472 (0.041195) Rank: 150 (150) Ttime: 7.1781 Vtime: 0.0349
Step: 21500  Loss: 0.039413 Regul: 0.002205 Obj: 0.041618 (0.041195) Rank: 150 (150) Ttime: 7.0848 Vtime: 0.0348
Step: 21600  Loss: 0.039388 Regul: 0.002206 Obj: 0.041594 (0.041195) Rank: 150 (150) Ttime: 7.2000 Vtime: 0.0349
Step: 21700  Loss: 0.039314 Regul: 0.002208 Obj: 0.041521 (0.041195) Rank: 150 (150) Ttime: 7.1313 Vtime: 0.0352
Step: 21800  Loss: 0.039394 Regul: 0.002209 Obj: 0.041603 (0.041195) Rank: 150 (150) Ttime: 7.1924 Vtime: 0.0346
Step: 21900  Loss: 0.039434 Regul: 0.002211 Obj: 0.041646 (0.041195) Rank: 150 (150) Ttime: 7.1051 Vtime: 0.0348
Step: 22000  Loss: 0.039467 Regul: 0.002213 Obj: 0.041680 (0.041195) Rank: 150 (150) Ttime: 7.1510 Vtime: 0.0351
Step: 22100  Loss: 0.039478 Regul: 0.002215 Obj: 0.041693 (0.041195) Rank: 150 (150) Ttime: 7.1296 Vtime: 0.0357
Step: 22200  Loss: 0.039307 Regul: 0.002217 Obj: 0.041524 (0.041195) Rank: 150 (150) Ttime: 7.1932 Vtime: 0.0349
Step: 22300  Loss: 0.039433 Regul: 0.002219 Obj: 0.041652 (0.041195) Rank: 150 (150) Ttime: 7.1623 Vtime: 0.0349
Step: 22400  Loss: 0.039368 Regul: 0.002221 Obj: 0.041589 (0.041195) Rank: 150 (150) Ttime: 7.1305 Vtime: 0.0346
Step: 22500  Loss: 0.039322 Regul: 0.002223 Obj: 0.041546 (0.041195) Rank: 150 (150) Ttime: 7.2075 Vtime: 0.0350
Step: 22600  Loss: 0.039331 Regul: 0.002225 Obj: 0.041556 (0.041195) Rank: 150 (150) Ttime: 7.2054 Vtime: 0.0351
Step: 22700  Loss: 0.039379 Regul: 0.002227 Obj: 0.041605 (0.041195) Rank: 150 (150) Ttime: 7.2370 Vtime: 0.0350
Step: 22800  Loss: 0.039496 Regul: 0.002229 Obj: 0.041725 (0.041195) Rank: 150 (150) Ttime: 7.2545 Vtime: 0.0346
Step: 22900  Loss: 0.039474 Regul: 0.002231 Obj: 0.041705 (0.041195) Rank: 150 (150) Ttime: 7.2191 Vtime: 0.0347
Step: 23000  Loss: 0.039308 Regul: 0.002233 Obj: 0.041541 (0.041195) Rank: 150 (150) Ttime: 7.2491 Vtime: 0.0352
Step: 23100  Loss: 0.039377 Regul: 0.002234 Obj: 0.041612 (0.041195) Rank: 149 (150) Ttime: 7.0060 Vtime: 0.0357
Step: 23200  Loss: 0.039314 Regul: 0.002236 Obj: 0.041550 (0.041195) Rank: 149 (150) Ttime: 7.3075 Vtime: 0.0348
Step: 23300  Loss: 0.039412 Regul: 0.002237 Obj: 0.041649 (0.041195) Rank: 149 (150) Ttime: 7.0896 Vtime: 0.0346
Step: 23400  Loss: 0.039460 Regul: 0.002238 Obj: 0.041698 (0.041195) Rank: 149 (150) Ttime: 7.2034 Vtime: 0.0345
Step: 23500  Loss: 0.039503 Regul: 0.002241 Obj: 0.041744 (0.041195) Rank: 149 (150) Ttime: 7.0597 Vtime: 0.0347
Step: 23600  Loss: 0.039368 Regul: 0.002242 Obj: 0.041611 (0.041195) Rank: 149 (150) Ttime: 7.0433 Vtime: 0.0350
Step: 23700  Loss: 0.039351 Regul: 0.002244 Obj: 0.041596 (0.041195) Rank: 149 (150) Ttime: 6.9316 Vtime: 0.0351
Step: 23800  Loss: 0.039219 Regul: 0.002246 Obj: 0.041465 (0.041195) Rank: 149 (150) Ttime: 6.9734 Vtime: 0.0346
Step: 23900  Loss: 0.039189 Regul: 0.002248 Obj: 0.041436 (0.041195) Rank: 149 (150) Ttime: 6.9029 Vtime: 0.0346
Step: 24000  Loss: 0.039239 Regul: 0.002249 Obj: 0.041488 (0.041195) Rank: 149 (150) Ttime: 6.9900 Vtime: 0.0349
Step: 24100  Loss: 0.039107 Regul: 0.002251 Obj: 0.041358 (0.041195) Rank: 149 (150) Ttime: 7.1070 Vtime: 0.0351
Step: 24200  Loss: 0.039225 Regul: 0.002253 Obj: 0.041477 (0.041195) Rank: 149 (150) Ttime: 7.0500 Vtime: 0.0348
Step: 24300  Loss: 0.039337 Regul: 0.002254 Obj: 0.041592 (0.041195) Rank: 150 (150) Ttime: 7.0355 Vtime: 0.0358
Step: 24400  Loss: 0.039201 Regul: 0.002257 Obj: 0.041458 (0.041195) Rank: 150 (150) Ttime: 6.9634 Vtime: 0.0350
Step: 24500  Loss: 0.039231 Regul: 0.002257 Obj: 0.041488 (0.041195) Rank: 150 (150) Ttime: 7.0636 Vtime: 0.0347
Step: 24600  Loss: 0.039125 Regul: 0.002259 Obj: 0.041385 (0.041195) Rank: 150 (150) Ttime: 7.1051 Vtime: 0.0350
Step: 24700  Loss: 0.039081 Regul: 0.002262 Obj: 0.041343 (0.041195) Rank: 150 (150) Ttime: 6.8767 Vtime: 0.0353
Step: 24800  Loss: 0.039201 Regul: 0.002263 Obj: 0.041464 (0.041195) Rank: 149 (150) Ttime: 7.0510 Vtime: 0.0357
Step: 24900  Loss: 0.039298 Regul: 0.002266 Obj: 0.041563 (0.041195) Rank: 149 (150) Ttime: 7.1204 Vtime: 0.0349
Step: 25000  Loss: 0.039461 Regul: 0.002267 Obj: 0.041729 (0.041195) Rank: 150 (150) Ttime: 7.1377 Vtime: 0.0357
Step: 25100  Loss: 0.039487 Regul: 0.002270 Obj: 0.041757 (0.041195) Rank: 150 (150) Ttime: 7.0903 Vtime: 0.0349
Step: 25200  Loss: 0.039441 Regul: 0.002272 Obj: 0.041713 (0.041195) Rank: 149 (150) Ttime: 6.9640 Vtime: 0.0355
Step: 25300  Loss: 0.039413 Regul: 0.002273 Obj: 0.041686 (0.041195) Rank: 149 (150) Ttime: 7.1600 Vtime: 0.0351
Step: 25400  Loss: 0.039336 Regul: 0.002275 Obj: 0.041611 (0.041195) Rank: 149 (150) Ttime: 7.0540 Vtime: 0.0345
Step: 25500  Loss: 0.039401 Regul: 0.002276 Obj: 0.041677 (0.041195) Rank: 149 (150) Ttime: 7.0098 Vtime: 0.0354
Step: 25600  Loss: 0.039467 Regul: 0.002277 Obj: 0.041745 (0.041195) Rank: 149 (150) Ttime: 7.0743 Vtime: 0.0354
Step: 25700  Loss: 0.039227 Regul: 0.002279 Obj: 0.041506 (0.041195) Rank: 149 (150) Ttime: 6.9718 Vtime: 0.0349
Step: 25800  Loss: 0.039209 Regul: 0.002280 Obj: 0.041489 (0.041195) Rank: 149 (150) Ttime: 7.0807 Vtime: 0.0347
Step: 25900  Loss: 0.039406 Regul: 0.002281 Obj: 0.041687 (0.041195) Rank: 149 (150) Ttime: 7.0047 Vtime: 0.0349
Step: 26000  Loss: 0.039481 Regul: 0.002282 Obj: 0.041764 (0.041195) Rank: 149 (150) Ttime: 7.1174 Vtime: 0.0356
Step: 26100  Loss: 0.039532 Regul: 0.002284 Obj: 0.041816 (0.041195) Rank: 149 (150) Ttime: 6.9541 Vtime: 0.0352
Step: 26200  Loss: 0.039410 Regul: 0.002286 Obj: 0.041696 (0.041195) Rank: 149 (150) Ttime: 7.1103 Vtime: 0.0350
Step: 26300  Loss: 0.039204 Regul: 0.002287 Obj: 0.041492 (0.041195) Rank: 149 (150) Ttime: 7.0431 Vtime: 0.0347
Step: 26400  Loss: 0.039247 Regul: 0.002288 Obj: 0.041535 (0.041195) Rank: 149 (150) Ttime: 7.1714 Vtime: 0.0347
Step: 26500  Loss: 0.039254 Regul: 0.002290 Obj: 0.041544 (0.041195) Rank: 149 (150) Ttime: 6.9513 Vtime: 0.0347
Step: 26600  Loss: 0.039359 Regul: 0.002291 Obj: 0.041650 (0.041195) Rank: 149 (150) Ttime: 6.9819 Vtime: 0.0346
Step: 26700  Loss: 0.039356 Regul: 0.002293 Obj: 0.041649 (0.041195) Rank: 149 (150) Ttime: 6.9483 Vtime: 0.0351
Step: 26800  Loss: 0.039268 Regul: 0.002294 Obj: 0.041562 (0.041195) Rank: 149 (150) Ttime: 6.9706 Vtime: 0.0347
Step: 26900  Loss: 0.039267 Regul: 0.002295 Obj: 0.041562 (0.041195) Rank: 149 (150) Ttime: 6.9468 Vtime: 0.0354
Step: 27000  Loss: 0.039186 Regul: 0.002297 Obj: 0.041483 (0.041195) Rank: 149 (150) Ttime: 6.9444 Vtime: 0.0348
Step: 27100  Loss: 0.039179 Regul: 0.002298 Obj: 0.041477 (0.041195) Rank: 148 (150) Ttime: 7.0846 Vtime: 0.0356
Step: 27200  Loss: 0.039198 Regul: 0.002300 Obj: 0.041498 (0.041195) Rank: 149 (150) Ttime: 6.9149 Vtime: 0.0356
Step: 27300  Loss: 0.039375 Regul: 0.002302 Obj: 0.041676 (0.041195) Rank: 149 (150) Ttime: 7.0532 Vtime: 0.0351
Step: 27400  Loss: 0.039284 Regul: 0.002303 Obj: 0.041586 (0.041195) Rank: 149 (150) Ttime: 6.9227 Vtime: 0.0351
Step: 27500  Loss: 0.039305 Regul: 0.002304 Obj: 0.041609 (0.041195) Rank: 149 (150) Ttime: 7.0566 Vtime: 0.0352
Step: 27600  Loss: 0.039288 Regul: 0.002306 Obj: 0.041594 (0.041195) Rank: 149 (150) Ttime: 7.0899 Vtime: 0.0351
Step: 27700  Loss: 0.039293 Regul: 0.002307 Obj: 0.041600 (0.041195) Rank: 149 (150) Ttime: 7.1030 Vtime: 0.0350
Step: 27800  Loss: 0.039198 Regul: 0.002308 Obj: 0.041506 (0.041195) Rank: 149 (150) Ttime: 7.0735 Vtime: 0.0353
Step: 27900  Loss: 0.039314 Regul: 0.002310 Obj: 0.041624 (0.041195) Rank: 149 (150) Ttime: 7.0370 Vtime: 0.0346
Step: 28000  Loss: 0.039293 Regul: 0.002311 Obj: 0.041604 (0.041195) Rank: 149 (150) Ttime: 6.9947 Vtime: 0.0349
Step: 28100  Loss: 0.039356 Regul: 0.002312 Obj: 0.041668 (0.041195) Rank: 149 (150) Ttime: 7.0867 Vtime: 0.0350
Step: 28200  Loss: 0.039272 Regul: 0.002314 Obj: 0.041586 (0.041195) Rank: 148 (150) Ttime: 7.0460 Vtime: 0.0351
Step: 28300  Loss: 0.039333 Regul: 0.002315 Obj: 0.041648 (0.041195) Rank: 148 (150) Ttime: 7.0671 Vtime: 0.0347
Step: 28400  Loss: 0.039325 Regul: 0.002316 Obj: 0.041641 (0.041195) Rank: 148 (150) Ttime: 7.0998 Vtime: 0.0351
Step: 28500  Loss: 0.039400 Regul: 0.002317 Obj: 0.041718 (0.041195) Rank: 148 (150) Ttime: 7.0559 Vtime: 0.0350
Step: 28600  Loss: 0.039455 Regul: 0.002320 Obj: 0.041775 (0.041195) Rank: 148 (150) Ttime: 6.9198 Vtime: 0.0348
Step: 28700  Loss: 0.039459 Regul: 0.002321 Obj: 0.041780 (0.041195) Rank: 148 (150) Ttime: 7.0136 Vtime: 0.0350
Step: 28800  Loss: 0.039534 Regul: 0.002322 Obj: 0.041856 (0.041195) Rank: 148 (150) Ttime: 7.0785 Vtime: 0.0348
Step: 28900  Loss: 0.039457 Regul: 0.002323 Obj: 0.041780 (0.041195) Rank: 149 (150) Ttime: 7.1043 Vtime: 0.0359
Step: 29000  Loss: 0.039375 Regul: 0.002325 Obj: 0.041700 (0.041195) Rank: 149 (150) Ttime: 7.1199 Vtime: 0.0349
Step: 29100  Loss: 0.039346 Regul: 0.002326 Obj: 0.041672 (0.041195) Rank: 148 (150) Ttime: 7.0650 Vtime: 0.0354
Step: 29200  Loss: 0.039316 Regul: 0.002327 Obj: 0.041642 (0.041195) Rank: 148 (150) Ttime: 7.1040 Vtime: 0.0352
Step: 29300  Loss: 0.039243 Regul: 0.002328 Obj: 0.041572 (0.041195) Rank: 148 (150) Ttime: 7.0960 Vtime: 0.0349
Step: 29400  Loss: 0.039232 Regul: 0.002330 Obj: 0.041562 (0.041195) Rank: 148 (150) Ttime: 7.0866 Vtime: 0.0348
Step: 29500  Loss: 0.039286 Regul: 0.002331 Obj: 0.041617 (0.041195) Rank: 148 (150) Ttime: 6.9949 Vtime: 0.0345
Step: 29600  Loss: 0.039286 Regul: 0.002334 Obj: 0.041620 (0.041195) Rank: 148 (150) Ttime: 6.9930 Vtime: 0.0349
Step: 29700  Loss: 0.039249 Regul: 0.002335 Obj: 0.041583 (0.041195) Rank: 147 (150) Ttime: 7.0400 Vtime: 0.0356
Step: 29800  Loss: 0.039258 Regul: 0.002336 Obj: 0.041593 (0.041195) Rank: 147 (150) Ttime: 7.0916 Vtime: 0.0356
Step: 29900  Loss: 0.039227 Regul: 0.002337 Obj: 0.041565 (0.041195) Rank: 148 (150) Ttime: 7.0190 Vtime: 0.0354
Step: 30000  Loss: 0.039223 Regul: 0.002339 Obj: 0.041562 (0.041195) Rank: 147 (150) Ttime: 6.9524 Vtime: 0.0353
Step: 30100  Loss: 0.039209 Regul: 0.002340 Obj: 0.041549 (0.041195) Rank: 147 (150) Ttime: 6.9405 Vtime: 0.0345
Step: 30200  Loss: 0.039292 Regul: 0.002342 Obj: 0.041633 (0.041195) Rank: 147 (150) Ttime: 7.0062 Vtime: 0.0343
Step: 30300  Loss: 0.039360 Regul: 0.002342 Obj: 0.041702 (0.041195) Rank: 147 (150) Ttime: 6.9997 Vtime: 0.0343
Step: 30400  Loss: 0.039269 Regul: 0.002344 Obj: 0.041613 (0.041195) Rank: 147 (150) Ttime: 7.0209 Vtime: 0.0346
Step: 30500  Loss: 0.039215 Regul: 0.002345 Obj: 0.041560 (0.041195) Rank: 147 (150) Ttime: 6.9403 Vtime: 0.0350
Step: 30600  Loss: 0.039205 Regul: 0.002346 Obj: 0.041550 (0.041195) Rank: 147 (150) Ttime: 6.9528 Vtime: 0.0353
Step: 30700  Loss: 0.039294 Regul: 0.002348 Obj: 0.041641 (0.041195) Rank: 147 (150) Ttime: 6.9479 Vtime: 0.0347
Step: 30800  Loss: 0.039256 Regul: 0.002349 Obj: 0.041605 (0.041195) Rank: 147 (150) Ttime: 6.9697 Vtime: 0.0346
Step: 30900  Loss: 0.039324 Regul: 0.002351 Obj: 0.041675 (0.041195) Rank: 148 (150) Ttime: 7.0434 Vtime: 0.0360
Step: 31000  Loss: 0.039322 Regul: 0.002352 Obj: 0.041674 (0.041195) Rank: 148 (150) Ttime: 7.0155 Vtime: 0.0347
Step: 31100  Loss: 0.039345 Regul: 0.002354 Obj: 0.041699 (0.041195) Rank: 148 (150) Ttime: 7.1491 Vtime: 0.0351
Step: 31200  Loss: 0.039298 Regul: 0.002356 Obj: 0.041653 (0.041195) Rank: 148 (150) Ttime: 6.9819 Vtime: 0.0355
Step: 31300  Loss: 0.039201 Regul: 0.002356 Obj: 0.041557 (0.041195) Rank: 148 (150) Ttime: 7.1174 Vtime: 0.0354
Step: 31400  Loss: 0.039218 Regul: 0.002357 Obj: 0.041575 (0.041195) Rank: 147 (150) Ttime: 7.0411 Vtime: 0.0361
Step: 31500  Loss: 0.039215 Regul: 0.002358 Obj: 0.041573 (0.041195) Rank: 147 (150) Ttime: 7.0955 Vtime: 0.0348
Step: 31600  Loss: 0.039236 Regul: 0.002360 Obj: 0.041596 (0.041195) Rank: 147 (150) Ttime: 7.0906 Vtime: 0.0354
Step: 31700  Loss: 0.039226 Regul: 0.002361 Obj: 0.041587 (0.041195) Rank: 147 (150) Ttime: 7.0754 Vtime: 0.0356
Step: 31800  Loss: 0.039154 Regul: 0.002363 Obj: 0.041517 (0.041195) Rank: 147 (150) Ttime: 7.1106 Vtime: 0.0347
Step: 31900  Loss: 0.039076 Regul: 0.002364 Obj: 0.041441 (0.041195) Rank: 147 (150) Ttime: 7.0603 Vtime: 0.0353
Step: 32000  Loss: 0.039095 Regul: 0.002366 Obj: 0.041461 (0.041195) Rank: 147 (150) Ttime: 7.0842 Vtime: 0.0349
Step: 32100  Loss: 0.039113 Regul: 0.002367 Obj: 0.041480 (0.041195) Rank: 147 (150) Ttime: 7.0915 Vtime: 0.0349
Step: 32200  Loss: 0.039180 Regul: 0.002368 Obj: 0.041548 (0.041195) Rank: 147 (150) Ttime: 7.0546 Vtime: 0.0351
Step: 32300  Loss: 0.039186 Regul: 0.002370 Obj: 0.041556 (0.041195) Rank: 147 (150) Ttime: 7.1846 Vtime: 0.0344
Step: 32400  Loss: 0.039140 Regul: 0.002371 Obj: 0.041511 (0.041195) Rank: 148 (150) Ttime: 7.0144 Vtime: 0.0356
Step: 32500  Loss: 0.039223 Regul: 0.002372 Obj: 0.041595 (0.041195) Rank: 148 (150) Ttime: 6.9567 Vtime: 0.0349
Step: 32600  Loss: 0.039189 Regul: 0.002373 Obj: 0.041562 (0.041195) Rank: 148 (150) Ttime: 7.1322 Vtime: 0.0350
Step: 32700  Loss: 0.039139 Regul: 0.002374 Obj: 0.041513 (0.041195) Rank: 148 (150) Ttime: 7.0829 Vtime: 0.0351
Step: 32800  Loss: 0.039112 Regul: 0.002376 Obj: 0.041488 (0.041195) Rank: 148 (150) Ttime: 6.9851 Vtime: 0.0350
Step: 32900  Loss: 0.039150 Regul: 0.002378 Obj: 0.041527 (0.041195) Rank: 148 (150) Ttime: 7.0823 Vtime: 0.0352
Step: 33000  Loss: 0.039246 Regul: 0.002379 Obj: 0.041624 (0.041195) Rank: 148 (150) Ttime: 6.9822 Vtime: 0.0351
Step: 33100  Loss: 0.039228 Regul: 0.002380 Obj: 0.041609 (0.041195) Rank: 148 (150) Ttime: 7.0039 Vtime: 0.0348
Step: 33200  Loss: 0.039178 Regul: 0.002382 Obj: 0.041560 (0.041195) Rank: 148 (150) Ttime: 6.9546 Vtime: 0.0350
Step: 33300  Loss: 0.039199 Regul: 0.002383 Obj: 0.041581 (0.041195) Rank: 148 (150) Ttime: 7.0274 Vtime: 0.0344
Step: 33400  Loss: 0.039261 Regul: 0.002384 Obj: 0.041645 (0.041195) Rank: 148 (150) Ttime: 6.9932 Vtime: 0.0353
Step: 33500  Loss: 0.039289 Regul: 0.002385 Obj: 0.041674 (0.041195) Rank: 148 (150) Ttime: 7.0545 Vtime: 0.0351
Step: 33600  Loss: 0.039391 Regul: 0.002386 Obj: 0.041777 (0.041195) Rank: 148 (150) Ttime: 7.0314 Vtime: 0.0349
Step: 33700  Loss: 0.039540 Regul: 0.002388 Obj: 0.041928 (0.041195) Rank: 148 (150) Ttime: 7.1711 Vtime: 0.0345
Step: 33800  Loss: 0.039387 Regul: 0.002390 Obj: 0.041776 (0.041195) Rank: 148 (150) Ttime: 7.0454 Vtime: 0.0349
Step: 33900  Loss: 0.039377 Regul: 0.002391 Obj: 0.041768 (0.041195) Rank: 148 (150) Ttime: 7.0885 Vtime: 0.0349
Step: 34000  Loss: 0.039268 Regul: 0.002392 Obj: 0.041660 (0.041195) Rank: 148 (150) Ttime: 7.0333 Vtime: 0.0350
Step: 34100  Loss: 0.039295 Regul: 0.002394 Obj: 0.041689 (0.041195) Rank: 148 (150) Ttime: 7.1390 Vtime: 0.0349
Step: 34200  Loss: 0.039256 Regul: 0.002395 Obj: 0.041651 (0.041195) Rank: 148 (150) Ttime: 6.9845 Vtime: 0.0350
Step: 34300  Loss: 0.039348 Regul: 0.002395 Obj: 0.041744 (0.041195) Rank: 148 (150) Ttime: 7.1131 Vtime: 0.0353
Step: 34400  Loss: 0.039425 Regul: 0.002396 Obj: 0.041821 (0.041195) Rank: 148 (150) Ttime: 7.1160 Vtime: 0.0346
Step: 34500  Loss: 0.039372 Regul: 0.002397 Obj: 0.041769 (0.041195) Rank: 148 (150) Ttime: 7.1747 Vtime: 0.0353
Step: 34600  Loss: 0.039330 Regul: 0.002399 Obj: 0.041729 (0.041195) Rank: 148 (150) Ttime: 7.1228 Vtime: 0.0347
Step: 34700  Loss: 0.039324 Regul: 0.002400 Obj: 0.041724 (0.041195) Rank: 147 (150) Ttime: 7.0406 Vtime: 0.0354
Step: 34800  Loss: 0.039313 Regul: 0.002401 Obj: 0.041715 (0.041195) Rank: 147 (150) Ttime: 7.0053 Vtime: 0.0348
Step: 34900  Loss: 0.039318 Regul: 0.002402 Obj: 0.041721 (0.041195) Rank: 147 (150) Ttime: 6.9746 Vtime: 0.0349
Step: 35000  Loss: 0.039305 Regul: 0.002403 Obj: 0.041709 (0.041195) Rank: 147 (150) Ttime: 7.0509 Vtime: 0.0346
Step: 35100  Loss: 0.039216 Regul: 0.002405 Obj: 0.041621 (0.041195) Rank: 147 (150) Ttime: 6.8773 Vtime: 0.0354
Step: 35200  Loss: 0.039325 Regul: 0.002406 Obj: 0.041730 (0.041195) Rank: 147 (150) Ttime: 7.0085 Vtime: 0.0351
Step: 35300  Loss: 0.039354 Regul: 0.002407 Obj: 0.041761 (0.041195) Rank: 147 (150) Ttime: 7.1010 Vtime: 0.0360
Step: 35400  Loss: 0.039227 Regul: 0.002408 Obj: 0.041635 (0.041195) Rank: 147 (150) Ttime: 7.0973 Vtime: 0.0351
Step: 35500  Loss: 0.039215 Regul: 0.002409 Obj: 0.041624 (0.041195) Rank: 147 (150) Ttime: 7.0926 Vtime: 0.0350
Step: 35600  Loss: 0.039332 Regul: 0.002410 Obj: 0.041741 (0.041195) Rank: 147 (150) Ttime: 7.0256 Vtime: 0.0349
Step: 35700  Loss: 0.039292 Regul: 0.002411 Obj: 0.041703 (0.041195) Rank: 147 (150) Ttime: 6.9772 Vtime: 0.0347
Step: 35800  Loss: 0.039308 Regul: 0.002412 Obj: 0.041720 (0.041195) Rank: 147 (150) Ttime: 7.0301 Vtime: 0.0348
Step: 35900  Loss: 0.039354 Regul: 0.002414 Obj: 0.041768 (0.041195) Rank: 147 (150) Ttime: 7.1872 Vtime: 0.0348
Step: 36000  Loss: 0.039332 Regul: 0.002415 Obj: 0.041747 (0.041195) Rank: 147 (150) Ttime: 7.1007 Vtime: 0.0356
Step: 36100  Loss: 0.039265 Regul: 0.002417 Obj: 0.041682 (0.041195) Rank: 147 (150) Ttime: 7.0526 Vtime: 0.0351
Step: 36200  Loss: 0.039249 Regul: 0.002418 Obj: 0.041667 (0.041195) Rank: 147 (150) Ttime: 6.9659 Vtime: 0.0342
Step: 36300  Loss: 0.039295 Regul: 0.002419 Obj: 0.041714 (0.041195) Rank: 147 (150) Ttime: 6.9911 Vtime: 0.0347
Step: 36400  Loss: 0.039240 Regul: 0.002421 Obj: 0.041660 (0.041195) Rank: 147 (150) Ttime: 6.9866 Vtime: 0.0350
Step: 36500  Loss: 0.039251 Regul: 0.002421 Obj: 0.041672 (0.041195) Rank: 147 (150) Ttime: 6.9561 Vtime: 0.0348
Step: 36600  Loss: 0.039266 Regul: 0.002423 Obj: 0.041689 (0.041195) Rank: 147 (150) Ttime: 7.1458 Vtime: 0.0353
Step: 36700  Loss: 0.039209 Regul: 0.002423 Obj: 0.041633 (0.041195) Rank: 147 (150) Ttime: 7.1289 Vtime: 0.0351
Step: 36800  Loss: 0.039173 Regul: 0.002425 Obj: 0.041598 (0.041195) Rank: 147 (150) Ttime: 7.0612 Vtime: 0.0345
Step: 36900  Loss: 0.039184 Regul: 0.002426 Obj: 0.041611 (0.041195) Rank: 147 (150) Ttime: 7.0740 Vtime: 0.0348
Step: 37000  Loss: 0.039152 Regul: 0.002427 Obj: 0.041579 (0.041195) Rank: 147 (150) Ttime: 6.9545 Vtime: 0.0348
Step: 37100  Loss: 0.039221 Regul: 0.002429 Obj: 0.041650 (0.041195) Rank: 147 (150) Ttime: 7.0460 Vtime: 0.0349
Step: 37200  Loss: 0.039179 Regul: 0.002430 Obj: 0.041608 (0.041195) Rank: 147 (150) Ttime: 7.0140 Vtime: 0.0351
Step: 37300  Loss: 0.039232 Regul: 0.002430 Obj: 0.041662 (0.041195) Rank: 147 (150) Ttime: 6.9783 Vtime: 0.0347
Step: 37400  Loss: 0.039221 Regul: 0.002431 Obj: 0.041652 (0.041195) Rank: 147 (150) Ttime: 7.1320 Vtime: 0.0347
Step: 37500  Loss: 0.039282 Regul: 0.002432 Obj: 0.041715 (0.041195) Rank: 147 (150) Ttime: 7.1151 Vtime: 0.0351
Step: 37600  Loss: 0.039204 Regul: 0.002433 Obj: 0.041638 (0.041195) Rank: 147 (150) Ttime: 6.9412 Vtime: 0.0344
Step: 37700  Loss: 0.039265 Regul: 0.002434 Obj: 0.041699 (0.041195) Rank: 147 (150) Ttime: 7.0709 Vtime: 0.0348
Step: 37800  Loss: 0.039336 Regul: 0.002435 Obj: 0.041771 (0.041195) Rank: 147 (150) Ttime: 6.9665 Vtime: 0.0349
Step: 37900  Loss: 0.039309 Regul: 0.002437 Obj: 0.041746 (0.041195) Rank: 147 (150) Ttime: 7.0114 Vtime: 0.0351
Step: 38000  Loss: 0.039311 Regul: 0.002437 Obj: 0.041748 (0.041195) Rank: 147 (150) Ttime: 6.9633 Vtime: 0.0349
Step: 38100  Loss: 0.039377 Regul: 0.002438 Obj: 0.041815 (0.041195) Rank: 147 (150) Ttime: 6.8608 Vtime: 0.0345
Step: 38200  Loss: 0.039300 Regul: 0.002440 Obj: 0.041740 (0.041195) Rank: 147 (150) Ttime: 6.9159 Vtime: 0.0349
Step: 38300  Loss: 0.039405 Regul: 0.002441 Obj: 0.041846 (0.041195) Rank: 147 (150) Ttime: 6.8169 Vtime: 0.0352
Step: 38400  Loss: 0.039323 Regul: 0.002442 Obj: 0.041765 (0.041195) Rank: 147 (150) Ttime: 6.9426 Vtime: 0.0345
Step: 38500  Loss: 0.039229 Regul: 0.002443 Obj: 0.041672 (0.041195) Rank: 147 (150) Ttime: 7.0096 Vtime: 0.0349
Step: 38600  Loss: 0.039262 Regul: 0.002444 Obj: 0.041706 (0.041195) Rank: 148 (150) Ttime: 6.9467 Vtime: 0.0354
Step: 38700  Loss: 0.039262 Regul: 0.002445 Obj: 0.041707 (0.041195) Rank: 147 (150) Ttime: 7.0276 Vtime: 0.0356
Step: 38800  Loss: 0.039217 Regul: 0.002446 Obj: 0.041664 (0.041195) Rank: 147 (150) Ttime: 6.9186 Vtime: 0.0345
Step: 38900  Loss: 0.039181 Regul: 0.002448 Obj: 0.041629 (0.041195) Rank: 147 (150) Ttime: 6.9948 Vtime: 0.0351
Step: 39000  Loss: 0.039283 Regul: 0.002449 Obj: 0.041733 (0.041195) Rank: 147 (150) Ttime: 6.9221 Vtime: 0.0355
Step: 39100  Loss: 0.039366 Regul: 0.002450 Obj: 0.041816 (0.041195) Rank: 147 (150) Ttime: 6.9582 Vtime: 0.0347
Step: 39200  Loss: 0.039411 Regul: 0.002451 Obj: 0.041861 (0.041195) Rank: 147 (150) Ttime: 6.9152 Vtime: 0.0351
Step: 39300  Loss: 0.039365 Regul: 0.002452 Obj: 0.041816 (0.041195) Rank: 147 (150) Ttime: 6.8411 Vtime: 0.0349
Step: 39400  Loss: 0.039298 Regul: 0.002452 Obj: 0.041750 (0.041195) Rank: 147 (150) Ttime: 6.9426 Vtime: 0.0355
Step: 39500  Loss: 0.039344 Regul: 0.002453 Obj: 0.041798 (0.041195) Rank: 147 (150) Ttime: 6.9917 Vtime: 0.0353
Step: 39600  Loss: 0.039328 Regul: 0.002454 Obj: 0.041782 (0.041195) Rank: 147 (150) Ttime: 7.0185 Vtime: 0.0352
Step: 39700  Loss: 0.039329 Regul: 0.002455 Obj: 0.041784 (0.041195) Rank: 147 (150) Ttime: 7.0246 Vtime: 0.0346
Step: 39800  Loss: 0.039285 Regul: 0.002456 Obj: 0.041741 (0.041195) Rank: 146 (150) Ttime: 6.9690 Vtime: 0.0362
Step: 39900  Loss: 0.039322 Regul: 0.002458 Obj: 0.041780 (0.041195) Rank: 146 (150) Ttime: 7.0413 Vtime: 0.0349
Step: 40000  Loss: 0.039357 Regul: 0.002459 Obj: 0.041816 (0.041195) Rank: 146 (150) Ttime: 7.0603 Vtime: 0.0351
Step: 40100  Loss: 0.039342 Regul: 0.002460 Obj: 0.041803 (0.041195) Rank: 146 (150) Ttime: 7.0236 Vtime: 0.0347
Step: 40200  Loss: 0.039251 Regul: 0.002461 Obj: 0.041712 (0.041195) Rank: 146 (150) Ttime: 7.0563 Vtime: 0.0347
Step: 40300  Loss: 0.039385 Regul: 0.002463 Obj: 0.041847 (0.041195) Rank: 146 (150) Ttime: 7.0616 Vtime: 0.0350
Step: 40400  Loss: 0.039466 Regul: 0.002463 Obj: 0.041929 (0.041195) Rank: 146 (150) Ttime: 6.9389 Vtime: 0.0348
Step: 40500  Loss: 0.039419 Regul: 0.002464 Obj: 0.041883 (0.041195) Rank: 146 (150) Ttime: 6.9836 Vtime: 0.0348
Step: 40600  Loss: 0.039432 Regul: 0.002465 Obj: 0.041898 (0.041195) Rank: 146 (150) Ttime: 6.9811 Vtime: 0.0344
Step: 40700  Loss: 0.039374 Regul: 0.002467 Obj: 0.041841 (0.041195) Rank: 146 (150) Ttime: 6.9407 Vtime: 0.0351
Step: 40800  Loss: 0.039414 Regul: 0.002467 Obj: 0.041881 (0.041195) Rank: 146 (150) Ttime: 6.9477 Vtime: 0.0348
Step: 40900  Loss: 0.039439 Regul: 0.002469 Obj: 0.041907 (0.041195) Rank: 146 (150) Ttime: 6.9688 Vtime: 0.0344
Step: 41000  Loss: 0.039352 Regul: 0.002470 Obj: 0.041822 (0.041195) Rank: 146 (150) Ttime: 6.9790 Vtime: 0.0344
Step: 41100  Loss: 0.039252 Regul: 0.002471 Obj: 0.041723 (0.041195) Rank: 146 (150) Ttime: 7.2208 Vtime: 0.0344
Step: 41200  Loss: 0.039274 Regul: 0.002473 Obj: 0.041747 (0.041195) Rank: 146 (150) Ttime: 7.1509 Vtime: 0.0343
Step: 41300  Loss: 0.039165 Regul: 0.002474 Obj: 0.041638 (0.041195) Rank: 146 (150) Ttime: 7.0697 Vtime: 0.0344
Step: 41400  Loss: 0.039194 Regul: 0.002474 Obj: 0.041668 (0.041195) Rank: 146 (150) Ttime: 7.0147 Vtime: 0.0350
Step: 41500  Loss: 0.039285 Regul: 0.002475 Obj: 0.041761 (0.041195) Rank: 146 (150) Ttime: 7.1393 Vtime: 0.0351
Step: 41600  Loss: 0.039276 Regul: 0.002477 Obj: 0.041752 (0.041195) Rank: 146 (150) Ttime: 7.0741 Vtime: 0.0349
Step: 41700  Loss: 0.039322 Regul: 0.002478 Obj: 0.041800 (0.041195) Rank: 146 (150) Ttime: 7.0779 Vtime: 0.0350
Step: 41800  Loss: 0.039357 Regul: 0.002479 Obj: 0.041835 (0.041195) Rank: 146 (150) Ttime: 7.0702 Vtime: 0.0353
Step: 41900  Loss: 0.039321 Regul: 0.002480 Obj: 0.041801 (0.041195) Rank: 146 (150) Ttime: 7.0684 Vtime: 0.0351
Step: 42000  Loss: 0.039408 Regul: 0.002481 Obj: 0.041889 (0.041195) Rank: 146 (150) Ttime: 7.0217 Vtime: 0.0349
Step: 42100  Loss: 0.039419 Regul: 0.002483 Obj: 0.041902 (0.041195) Rank: 146 (150) Ttime: 6.9607 Vtime: 0.0349
Step: 42200  Loss: 0.039323 Regul: 0.002484 Obj: 0.041807 (0.041195) Rank: 146 (150) Ttime: 7.0428 Vtime: 0.0352
Step: 42300  Loss: 0.039453 Regul: 0.002485 Obj: 0.041938 (0.041195) Rank: 146 (150) Ttime: 6.9772 Vtime: 0.0351
Step: 42400  Loss: 0.039451 Regul: 0.002485 Obj: 0.041936 (0.041195) Rank: 146 (150) Ttime: 7.0828 Vtime: 0.0348
Step: 42500  Loss: 0.039424 Regul: 0.002486 Obj: 0.041910 (0.041195) Rank: 146 (150) Ttime: 7.0938 Vtime: 0.0348
Step: 42600  Loss: 0.039355 Regul: 0.002487 Obj: 0.041842 (0.041195) Rank: 146 (150) Ttime: 7.1653 Vtime: 0.0350
Step: 42700  Loss: 0.039393 Regul: 0.002488 Obj: 0.041881 (0.041195) Rank: 146 (150) Ttime: 7.0691 Vtime: 0.0348
Step: 42800  Loss: 0.039363 Regul: 0.002489 Obj: 0.041852 (0.041195) Rank: 146 (150) Ttime: 6.9520 Vtime: 0.0350
Step: 42900  Loss: 0.039310 Regul: 0.002490 Obj: 0.041800 (0.041195) Rank: 146 (150) Ttime: 6.9521 Vtime: 0.0351
Step: 43000  Loss: 0.039382 Regul: 0.002491 Obj: 0.041873 (0.041195) Rank: 146 (150) Ttime: 6.9204 Vtime: 0.0352
Step: 43100  Loss: 0.039304 Regul: 0.002492 Obj: 0.041795 (0.041195) Rank: 146 (150) Ttime: 6.9341 Vtime: 0.0348
Step: 43200  Loss: 0.039378 Regul: 0.002493 Obj: 0.041871 (0.041195) Rank: 146 (150) Ttime: 7.0193 Vtime: 0.0352
Step: 43300  Loss: 0.039393 Regul: 0.002494 Obj: 0.041886 (0.041195) Rank: 146 (150) Ttime: 6.9740 Vtime: 0.0353
Step: 43400  Loss: 0.039381 Regul: 0.002495 Obj: 0.041876 (0.041195) Rank: 146 (150) Ttime: 7.0284 Vtime: 0.0349
Step: 43500  Loss: 0.039363 Regul: 0.002496 Obj: 0.041859 (0.041195) Rank: 146 (150) Ttime: 7.0461 Vtime: 0.0345
Step: 43600  Loss: 0.039398 Regul: 0.002497 Obj: 0.041894 (0.041195) Rank: 146 (150) Ttime: 7.0852 Vtime: 0.0348
Step: 43700  Loss: 0.039359 Regul: 0.002498 Obj: 0.041857 (0.041195) Rank: 146 (150) Ttime: 6.9942 Vtime: 0.0347
Step: 43800  Loss: 0.039353 Regul: 0.002499 Obj: 0.041852 (0.041195) Rank: 146 (150) Ttime: 6.9983 Vtime: 0.0347
Step: 43900  Loss: 0.039407 Regul: 0.002500 Obj: 0.041906 (0.041195) Rank: 146 (150) Ttime: 7.2238 Vtime: 0.0354
Step: 44000  Loss: 0.039493 Regul: 0.002500 Obj: 0.041994 (0.041195) Rank: 146 (150) Ttime: 7.1559 Vtime: 0.0348
Step: 44100  Loss: 0.039510 Regul: 0.002501 Obj: 0.042011 (0.041195) Rank: 146 (150) Ttime: 6.9719 Vtime: 0.0348
Step: 44200  Loss: 0.039468 Regul: 0.002502 Obj: 0.041970 (0.041195) Rank: 146 (150) Ttime: 7.0026 Vtime: 0.0345
Step: 44300  Loss: 0.039484 Regul: 0.002504 Obj: 0.041987 (0.041195) Rank: 146 (150) Ttime: 6.9571 Vtime: 0.0349
Step: 44400  Loss: 0.039482 Regul: 0.002505 Obj: 0.041987 (0.041195) Rank: 146 (150) Ttime: 7.0015 Vtime: 0.0348
Step: 44500  Loss: 0.039559 Regul: 0.002506 Obj: 0.042065 (0.041195) Rank: 146 (150) Ttime: 7.0269 Vtime: 0.0354
Step: 44600  Loss: 0.039479 Regul: 0.002507 Obj: 0.041986 (0.041195) Rank: 146 (150) Ttime: 7.0226 Vtime: 0.0354
Step: 44700  Loss: 0.039427 Regul: 0.002508 Obj: 0.041935 (0.041195) Rank: 146 (150) Ttime: 6.9718 Vtime: 0.0348
Step: 44800  Loss: 0.039412 Regul: 0.002509 Obj: 0.041920 (0.041195) Rank: 146 (150) Ttime: 7.0601 Vtime: 0.0347
Step: 44900  Loss: 0.039347 Regul: 0.002510 Obj: 0.041857 (0.041195) Rank: 146 (150) Ttime: 6.9995 Vtime: 0.0354
Step: 45000  Loss: 0.039479 Regul: 0.002511 Obj: 0.041990 (0.041195) Rank: 146 (150) Ttime: 6.9710 Vtime: 0.0349
Step: 45100  Loss: 0.039394 Regul: 0.002511 Obj: 0.041905 (0.041195) Rank: 146 (150) Ttime: 6.9570 Vtime: 0.0354
Step: 45200  Loss: 0.039403 Regul: 0.002511 Obj: 0.041914 (0.041195) Rank: 146 (150) Ttime: 7.1434 Vtime: 0.0347
Step: 45300  Loss: 0.039466 Regul: 0.002512 Obj: 0.041978 (0.041195) Rank: 146 (150) Ttime: 7.0887 Vtime: 0.0347
Step: 45400  Loss: 0.039570 Regul: 0.002513 Obj: 0.042084 (0.041195) Rank: 146 (150) Ttime: 7.0454 Vtime: 0.0348
Step: 45500  Loss: 0.039417 Regul: 0.002515 Obj: 0.041932 (0.041195) Rank: 146 (150) Ttime: 7.0376 Vtime: 0.0344
Step: 45600  Loss: 0.039499 Regul: 0.002515 Obj: 0.042014 (0.041195) Rank: 146 (150) Ttime: 6.8620 Vtime: 0.0343
Step: 45700  Loss: 0.039426 Regul: 0.002516 Obj: 0.041942 (0.041195) Rank: 146 (150) Ttime: 6.8965 Vtime: 0.0348
Step: 45800  Loss: 0.039456 Regul: 0.002517 Obj: 0.041973 (0.041195) Rank: 146 (150) Ttime: 6.9826 Vtime: 0.0351
Step: 45900  Loss: 0.039437 Regul: 0.002518 Obj: 0.041955 (0.041195) Rank: 146 (150) Ttime: 7.0276 Vtime: 0.0349
Step: 46000  Loss: 0.039415 Regul: 0.002519 Obj: 0.041934 (0.041195) Rank: 146 (150) Ttime: 6.9686 Vtime: 0.0349
Step: 46100  Loss: 0.039393 Regul: 0.002520 Obj: 0.041913 (0.041195) Rank: 146 (150) Ttime: 6.9970 Vtime: 0.0352
Step: 46200  Loss: 0.039406 Regul: 0.002520 Obj: 0.041926 (0.041195) Rank: 146 (150) Ttime: 7.0287 Vtime: 0.0353
Step: 46300  Loss: 0.039336 Regul: 0.002522 Obj: 0.041858 (0.041195) Rank: 146 (150) Ttime: 7.1188 Vtime: 0.0344
Step: 46400  Loss: 0.039366 Regul: 0.002523 Obj: 0.041888 (0.041195) Rank: 146 (150) Ttime: 7.1214 Vtime: 0.0350
Step: 46500  Loss: 0.039357 Regul: 0.002524 Obj: 0.041881 (0.041195) Rank: 146 (150) Ttime: 7.0967 Vtime: 0.0348
Step: 46600  Loss: 0.039385 Regul: 0.002525 Obj: 0.041910 (0.041195) Rank: 146 (150) Ttime: 7.0305 Vtime: 0.0345
Step: 46700  Loss: 0.039358 Regul: 0.002526 Obj: 0.041884 (0.041195) Rank: 146 (150) Ttime: 7.0728 Vtime: 0.0346
Step: 46800  Loss: 0.039362 Regul: 0.002527 Obj: 0.041889 (0.041195) Rank: 146 (150) Ttime: 7.0012 Vtime: 0.0349
Step: 46900  Loss: 0.039365 Regul: 0.002528 Obj: 0.041893 (0.041195) Rank: 146 (150) Ttime: 7.0465 Vtime: 0.0351
Step: 47000  Loss: 0.039432 Regul: 0.002528 Obj: 0.041960 (0.041195) Rank: 146 (150) Ttime: 7.0271 Vtime: 0.0347
Step: 47100  Loss: 0.039541 Regul: 0.002530 Obj: 0.042071 (0.041195) Rank: 146 (150) Ttime: 6.9560 Vtime: 0.0346
Step: 47200  Loss: 0.039512 Regul: 0.002531 Obj: 0.042043 (0.041195) Rank: 146 (150) Ttime: 7.0178 Vtime: 0.0346
Step: 47300  Loss: 0.039502 Regul: 0.002532 Obj: 0.042034 (0.041195) Rank: 146 (150) Ttime: 6.9448 Vtime: 0.0345
Step: 47400  Loss: 0.039526 Regul: 0.002533 Obj: 0.042059 (0.041195) Rank: 146 (150) Ttime: 6.9755 Vtime: 0.0352
Step: 47500  Loss: 0.039460 Regul: 0.002534 Obj: 0.041994 (0.041195) Rank: 146 (150) Ttime: 7.0337 Vtime: 0.0350
Step: 47600  Loss: 0.039446 Regul: 0.002535 Obj: 0.041981 (0.041195) Rank: 146 (150) Ttime: 7.0913 Vtime: 0.0351
Step: 47700  Loss: 0.039435 Regul: 0.002536 Obj: 0.041970 (0.041195) Rank: 146 (150) Ttime: 6.9129 Vtime: 0.0348
Step: 47800  Loss: 0.039417 Regul: 0.002537 Obj: 0.041954 (0.041195) Rank: 146 (150) Ttime: 6.9542 Vtime: 0.0347
Step: 47900  Loss: 0.039453 Regul: 0.002538 Obj: 0.041991 (0.041195) Rank: 146 (150) Ttime: 7.0396 Vtime: 0.0350
Step: 48000  Loss: 0.039439 Regul: 0.002539 Obj: 0.041978 (0.041195) Rank: 146 (150) Ttime: 7.0343 Vtime: 0.0347
Step: 48100  Loss: 0.039409 Regul: 0.002540 Obj: 0.041950 (0.041195) Rank: 146 (150) Ttime: 7.0848 Vtime: 0.0343
Step: 48200  Loss: 0.039418 Regul: 0.002541 Obj: 0.041959 (0.041195) Rank: 146 (150) Ttime: 7.0286 Vtime: 0.0354
Step: 48300  Loss: 0.039393 Regul: 0.002542 Obj: 0.041935 (0.041195) Rank: 146 (150) Ttime: 7.0446 Vtime: 0.0351
Step: 48400  Loss: 0.039377 Regul: 0.002543 Obj: 0.041920 (0.041195) Rank: 146 (150) Ttime: 7.0756 Vtime: 0.0351
Step: 48500  Loss: 0.039443 Regul: 0.002544 Obj: 0.041987 (0.041195) Rank: 146 (150) Ttime: 7.1876 Vtime: 0.0344
Step: 48600  Loss: 0.039435 Regul: 0.002544 Obj: 0.041979 (0.041195) Rank: 146 (150) Ttime: 7.1327 Vtime: 0.0345
Step: 48700  Loss: 0.039440 Regul: 0.002545 Obj: 0.041985 (0.041195) Rank: 146 (150) Ttime: 7.0617 Vtime: 0.0350
Step: 48800  Loss: 0.039455 Regul: 0.002546 Obj: 0.042001 (0.041195) Rank: 146 (150) Ttime: 6.9639 Vtime: 0.0359
Step: 48900  Loss: 0.039431 Regul: 0.002547 Obj: 0.041978 (0.041195) Rank: 146 (150) Ttime: 7.1079 Vtime: 0.0352
Step: 49000  Loss: 0.039402 Regul: 0.002548 Obj: 0.041950 (0.041195) Rank: 146 (150) Ttime: 7.1160 Vtime: 0.0346
Step: 49100  Loss: 0.039486 Regul: 0.002549 Obj: 0.042035 (0.041195) Rank: 146 (150) Ttime: 7.0646 Vtime: 0.0346
Step: 49200  Loss: 0.039465 Regul: 0.002550 Obj: 0.042015 (0.041195) Rank: 146 (150) Ttime: 7.0822 Vtime: 0.0347
Step: 49300  Loss: 0.039512 Regul: 0.002551 Obj: 0.042063 (0.041195) Rank: 146 (150) Ttime: 7.1985 Vtime: 0.0350
Step: 49400  Loss: 0.039442 Regul: 0.002552 Obj: 0.041995 (0.041195) Rank: 146 (150) Ttime: 7.1521 Vtime: 0.0348
Step: 49500  Loss: 0.039509 Regul: 0.002553 Obj: 0.042062 (0.041195) Rank: 146 (150) Ttime: 7.0339 Vtime: 0.0348
Step: 49600  Loss: 0.039562 Regul: 0.002554 Obj: 0.042116 (0.041195) Rank: 146 (150) Ttime: 7.0588 Vtime: 0.0347
Step: 49700  Loss: 0.039548 Regul: 0.002555 Obj: 0.042103 (0.041195) Rank: 146 (150) Ttime: 7.1306 Vtime: 0.0352
Step: 49800  Loss: 0.039566 Regul: 0.002556 Obj: 0.042122 (0.041195) Rank: 146 (150) Ttime: 7.0655 Vtime: 0.0344
Step: 49900  Loss: 0.039495 Regul: 0.002557 Obj: 0.042051 (0.041195) Rank: 146 (150) Ttime: 6.9172 Vtime: 0.0346
Step: 50000  Loss: 0.039395 Regul: 0.002558 Obj: 0.041953 (0.041195) Rank: 145 (150) Ttime: 7.0410 Vtime: 0.0361
