mu: 0.002 gamma: 0.5 maxdim: 80 nIters: 50000
Load Labels: 500000
Load Distances: 500000 x 480
0...10...20...30...40...50...60...70...80...90...100 - done.
Positive samples #250000
Negative samples #250000
Positive train #200000
Negative train #200000
Positive valid #50000
Negative valid #50000

Found GPU: GeForce GTX 970
Compute Capability: 5.2

Best: 100  Loss: 0.095994 Regul: 0.029871 Obj: 0.125865 (0.125865) Rank: 87 (87) Ttime: 5.9221 Vtime: 0.1040
Stat: Dim [87] AUC: 0.984407 (0.984407) FPR95: 7.35 (7.35) [saved]
Best: 200  Loss: 0.050598 Regul: 0.017151 Obj: 0.067749 (0.067749) Rank: 68 (68) Ttime: 5.7404 Vtime: 0.0267
Stat: Dim [68] AUC: 0.986199 (0.986199) FPR95: 6.10 (6.10) [saved]
Best: 300  Loss: 0.039881 Regul: 0.012280 Obj: 0.052161 (0.052161) Rank: 58 (58) Ttime: 5.8813 Vtime: 0.0208
Stat: Dim [58] AUC: 0.987392 (0.987392) FPR95: 5.45 (5.45) [saved]
Best: 400  Loss: 0.036100 Regul: 0.010218 Obj: 0.046318 (0.046318) Rank: 55 (55) Ttime: 6.0354 Vtime: 0.0209
Stat: Dim [55] AUC: 0.988082 (0.988082) FPR95: 4.70 (4.70) [saved]
Best: 500  Loss: 0.034166 Regul: 0.009360 Obj: 0.043526 (0.043526) Rank: 54 (54) Ttime: 6.1594 Vtime: 0.0212
Stat: Dim [54] AUC: 0.988685 (0.988685) FPR95: 4.55 (4.55) [saved]
Best: 600  Loss: 0.034186 Regul: 0.009065 Obj: 0.043251 (0.043251) Rank: 53 (53) Ttime: 6.0525 Vtime: 0.0208
Stat: Dim [53] AUC: 0.988792 (0.988792) FPR95: 4.40 (4.40) [saved]
Best: 700  Loss: 0.033373 Regul: 0.008939 Obj: 0.042312 (0.042312) Rank: 52 (52) Ttime: 6.1967 Vtime: 0.0215
Stat: Dim [52] AUC: 0.989035 (0.989035) FPR95: 4.24 (4.24) [saved]
Best: 800  Loss: 0.032939 Regul: 0.008722 Obj: 0.041661 (0.041661) Rank: 53 (53) Ttime: 6.1712 Vtime: 0.0209
Stat: Dim [53] AUC: 0.989216 (0.989216) FPR95: 4.11 (4.11) [saved]
Best: 900  Loss: 0.032930 Regul: 0.008608 Obj: 0.041538 (0.041538) Rank: 51 (51) Ttime: 6.1060 Vtime: 0.0215
Stat: Dim [51] AUC: 0.989330 (0.989330) FPR95: 4.10 (4.10) [saved]
Best: 1000  Loss: 0.032209 Regul: 0.008660 Obj: 0.040869 (0.040869) Rank: 51 (51) Ttime: 6.1544 Vtime: 0.0207
Stat: Dim [51] AUC: 0.989650 (0.989650) FPR95: 3.90 (3.90) [saved]
Step: 1100  Loss: 0.032436 Regul: 0.008540 Obj: 0.040976 (0.040869) Rank: 52 (51) Ttime: 6.1355 Vtime: 0.0212
Best: 1200  Loss: 0.032039 Regul: 0.008501 Obj: 0.040539 (0.040539) Rank: 51 (51) Ttime: 6.0791 Vtime: 0.0212
Stat: Dim [51] AUC: 0.989725 (0.989650) FPR95: 3.90 (3.90)
Best: 1300  Loss: 0.031950 Regul: 0.008488 Obj: 0.040438 (0.040438) Rank: 52 (52) Ttime: 6.1424 Vtime: 0.0213
Stat: Dim [52] AUC: 0.989794 (0.989650) FPR95: 3.91 (3.90)
Best: 1400  Loss: 0.031851 Regul: 0.008492 Obj: 0.040343 (0.040343) Rank: 51 (51) Ttime: 6.1461 Vtime: 0.0214
Stat: Dim [51] AUC: 0.989860 (0.989860) FPR95: 3.87 (3.87) [saved]
Best: 1500  Loss: 0.031733 Regul: 0.008467 Obj: 0.040201 (0.040201) Rank: 51 (51) Ttime: 6.1346 Vtime: 0.0206
Stat: Dim [51] AUC: 0.989860 (0.989860) FPR95: 3.79 (3.87)
Best: 1600  Loss: 0.031287 Regul: 0.008446 Obj: 0.039734 (0.039734) Rank: 51 (51) Ttime: 6.0788 Vtime: 0.0211
Stat: Dim [51] AUC: 0.989952 (0.989952) FPR95: 3.84 (3.84) [saved]
Best: 1700  Loss: 0.031201 Regul: 0.008509 Obj: 0.039710 (0.039710) Rank: 51 (51) Ttime: 6.1430 Vtime: 0.0208
Stat: Dim [51] AUC: 0.990112 (0.990112) FPR95: 3.68 (3.68) [saved]
Best: 1800  Loss: 0.031049 Regul: 0.008529 Obj: 0.039578 (0.039578) Rank: 52 (52) Ttime: 6.1191 Vtime: 0.0213
Stat: Dim [52] AUC: 0.990140 (0.990112) FPR95: 3.75 (3.68)
Best: 1900  Loss: 0.030880 Regul: 0.008517 Obj: 0.039397 (0.039397) Rank: 51 (51) Ttime: 5.9716 Vtime: 0.0210
Stat: Dim [51] AUC: 0.990159 (0.990112) FPR95: 3.80 (3.68)
Best: 2000  Loss: 0.030794 Regul: 0.008493 Obj: 0.039287 (0.039287) Rank: 52 (52) Ttime: 6.0636 Vtime: 0.0214
Stat: Dim [52] AUC: 0.990232 (0.990112) FPR95: 3.69 (3.68)
Step: 2100  Loss: 0.030819 Regul: 0.008585 Obj: 0.039404 (0.039287) Rank: 52 (52) Ttime: 6.1825 Vtime: 0.0206
Step: 2200  Loss: 0.030859 Regul: 0.008522 Obj: 0.039381 (0.039287) Rank: 52 (52) Ttime: 6.1725 Vtime: 0.0205
Step: 2300  Loss: 0.031244 Regul: 0.008519 Obj: 0.039763 (0.039287) Rank: 52 (52) Ttime: 6.0798 Vtime: 0.0208
Step: 2400  Loss: 0.031049 Regul: 0.008486 Obj: 0.039535 (0.039287) Rank: 52 (52) Ttime: 6.1498 Vtime: 0.0208
Best: 2500  Loss: 0.030806 Regul: 0.008476 Obj: 0.039282 (0.039282) Rank: 52 (52) Ttime: 6.1808 Vtime: 0.0208
Stat: Dim [52] AUC: 0.990400 (0.990400) FPR95: 3.45 (3.45) [saved]
Best: 2600  Loss: 0.030499 Regul: 0.008494 Obj: 0.038993 (0.038993) Rank: 52 (52) Ttime: 6.0708 Vtime: 0.0210
Stat: Dim [52] AUC: 0.990505 (0.990505) FPR95: 3.40 (3.40) [saved]
Step: 2700  Loss: 0.030532 Regul: 0.008466 Obj: 0.038998 (0.038993) Rank: 51 (52) Ttime: 6.0154 Vtime: 0.0216
Best: 2800  Loss: 0.030389 Regul: 0.008479 Obj: 0.038868 (0.038868) Rank: 52 (52) Ttime: 6.0314 Vtime: 0.0216
Stat: Dim [52] AUC: 0.990526 (0.990505) FPR95: 3.46 (3.40)
Best: 2900  Loss: 0.030238 Regul: 0.008481 Obj: 0.038719 (0.038719) Rank: 52 (52) Ttime: 6.0988 Vtime: 0.0216
Stat: Dim [52] AUC: 0.990562 (0.990505) FPR95: 3.47 (3.40)
Step: 3000  Loss: 0.030455 Regul: 0.008441 Obj: 0.038896 (0.038719) Rank: 52 (52) Ttime: 6.0252 Vtime: 0.0218
Step: 3100  Loss: 0.030673 Regul: 0.008465 Obj: 0.039139 (0.038719) Rank: 52 (52) Ttime: 5.9924 Vtime: 0.0209
Step: 3200  Loss: 0.030598 Regul: 0.008453 Obj: 0.039052 (0.038719) Rank: 52 (52) Ttime: 6.0072 Vtime: 0.0206
Step: 3300  Loss: 0.030392 Regul: 0.008478 Obj: 0.038871 (0.038719) Rank: 52 (52) Ttime: 6.0245 Vtime: 0.0212
Best: 3400  Loss: 0.030200 Regul: 0.008485 Obj: 0.038685 (0.038685) Rank: 52 (52) Ttime: 6.0396 Vtime: 0.0208
Stat: Dim [52] AUC: 0.990603 (0.990603) FPR95: 3.38 (3.38) [saved]
Step: 3500  Loss: 0.030417 Regul: 0.008502 Obj: 0.038919 (0.038685) Rank: 52 (52) Ttime: 6.0313 Vtime: 0.0207
Step: 3600  Loss: 0.030331 Regul: 0.008495 Obj: 0.038826 (0.038685) Rank: 52 (52) Ttime: 6.0360 Vtime: 0.0205
Step: 3700  Loss: 0.030190 Regul: 0.008508 Obj: 0.038698 (0.038685) Rank: 51 (52) Ttime: 6.0827 Vtime: 0.0211
Step: 3800  Loss: 0.030141 Regul: 0.008546 Obj: 0.038686 (0.038685) Rank: 53 (52) Ttime: 6.0794 Vtime: 0.0211
Step: 3900  Loss: 0.030361 Regul: 0.008528 Obj: 0.038889 (0.038685) Rank: 52 (52) Ttime: 6.1266 Vtime: 0.0210
Step: 4000  Loss: 0.030179 Regul: 0.008531 Obj: 0.038710 (0.038685) Rank: 52 (52) Ttime: 6.0201 Vtime: 0.0213
Step: 4100  Loss: 0.030345 Regul: 0.008495 Obj: 0.038841 (0.038685) Rank: 52 (52) Ttime: 6.0227 Vtime: 0.0214
Best: 4200  Loss: 0.030040 Regul: 0.008482 Obj: 0.038523 (0.038523) Rank: 53 (53) Ttime: 6.0233 Vtime: 0.0219
Stat: Dim [53] AUC: 0.990785 (0.990603) FPR95: 3.40 (3.38)
Step: 4300  Loss: 0.030053 Regul: 0.008508 Obj: 0.038561 (0.038523) Rank: 52 (53) Ttime: 6.0163 Vtime: 0.0216
Step: 4400  Loss: 0.030047 Regul: 0.008485 Obj: 0.038532 (0.038523) Rank: 52 (53) Ttime: 5.9873 Vtime: 0.0210
Best: 4500  Loss: 0.029967 Regul: 0.008493 Obj: 0.038460 (0.038460) Rank: 53 (53) Ttime: 6.0083 Vtime: 0.0210
Stat: Dim [53] AUC: 0.990796 (0.990796) FPR95: 3.35 (3.35) [saved]
Best: 4600  Loss: 0.029859 Regul: 0.008476 Obj: 0.038335 (0.038335) Rank: 52 (52) Ttime: 6.0696 Vtime: 0.0215
Stat: Dim [52] AUC: 0.990836 (0.990836) FPR95: 3.30 (3.30) [saved]
Step: 4700  Loss: 0.030122 Regul: 0.008484 Obj: 0.038605 (0.038335) Rank: 52 (52) Ttime: 6.0595 Vtime: 0.0207
Step: 4800  Loss: 0.030030 Regul: 0.008544 Obj: 0.038574 (0.038335) Rank: 52 (52) Ttime: 5.9773 Vtime: 0.0213
Best: 4900  Loss: 0.029717 Regul: 0.008540 Obj: 0.038257 (0.038257) Rank: 52 (52) Ttime: 5.9291 Vtime: 0.0217
Stat: Dim [52] AUC: 0.990896 (0.990836) FPR95: 3.35 (3.30)
Step: 5000  Loss: 0.029947 Regul: 0.008520 Obj: 0.038467 (0.038257) Rank: 52 (52) Ttime: 5.9018 Vtime: 0.0206
Best: 5100  Loss: 0.029670 Regul: 0.008556 Obj: 0.038226 (0.038226) Rank: 52 (52) Ttime: 6.0254 Vtime: 0.0211
Stat: Dim [52] AUC: 0.990900 (0.990836) FPR95: 3.30 (3.30)
Step: 5200  Loss: 0.029817 Regul: 0.008554 Obj: 0.038371 (0.038226) Rank: 52 (52) Ttime: 6.1257 Vtime: 0.0209
Best: 5300  Loss: 0.029620 Regul: 0.008566 Obj: 0.038185 (0.038185) Rank: 52 (52) Ttime: 6.0720 Vtime: 0.0207
Stat: Dim [52] AUC: 0.990876 (0.990836) FPR95: 3.32 (3.30)
Step: 5400  Loss: 0.029790 Regul: 0.008547 Obj: 0.038337 (0.038185) Rank: 52 (52) Ttime: 5.9417 Vtime: 0.0213
Step: 5500  Loss: 0.029697 Regul: 0.008527 Obj: 0.038225 (0.038185) Rank: 52 (52) Ttime: 6.0691 Vtime: 0.0214
Step: 5600  Loss: 0.029838 Regul: 0.008506 Obj: 0.038344 (0.038185) Rank: 52 (52) Ttime: 5.8523 Vtime: 0.0201
Step: 5700  Loss: 0.029803 Regul: 0.008533 Obj: 0.038336 (0.038185) Rank: 52 (52) Ttime: 5.9094 Vtime: 0.0215
Best: 5800  Loss: 0.029611 Regul: 0.008534 Obj: 0.038145 (0.038145) Rank: 52 (52) Ttime: 6.0096 Vtime: 0.0208
Stat: Dim [52] AUC: 0.990937 (0.990937) FPR95: 3.29 (3.29) [saved]
Step: 5900  Loss: 0.029703 Regul: 0.008535 Obj: 0.038238 (0.038145) Rank: 52 (52) Ttime: 5.9984 Vtime: 0.0211
Best: 6000  Loss: 0.029506 Regul: 0.008575 Obj: 0.038081 (0.038081) Rank: 52 (52) Ttime: 6.0402 Vtime: 0.0210
Stat: Dim [52] AUC: 0.990992 (0.990992) FPR95: 3.24 (3.24) [saved]
Step: 6100  Loss: 0.029497 Regul: 0.008609 Obj: 0.038107 (0.038081) Rank: 52 (52) Ttime: 5.9691 Vtime: 0.0211
Best: 6200  Loss: 0.029495 Regul: 0.008559 Obj: 0.038054 (0.038054) Rank: 52 (52) Ttime: 5.9795 Vtime: 0.0204
Stat: Dim [52] AUC: 0.991001 (0.990992) FPR95: 3.25 (3.24)
Step: 6300  Loss: 0.029684 Regul: 0.008514 Obj: 0.038199 (0.038054) Rank: 52 (52) Ttime: 5.9663 Vtime: 0.0211
Step: 6400  Loss: 0.029521 Regul: 0.008544 Obj: 0.038065 (0.038054) Rank: 52 (52) Ttime: 5.9313 Vtime: 0.0215
Best: 6500  Loss: 0.029482 Regul: 0.008547 Obj: 0.038029 (0.038029) Rank: 53 (53) Ttime: 5.9417 Vtime: 0.0211
Stat: Dim [53] AUC: 0.991021 (0.990992) FPR95: 3.26 (3.24)
Step: 6600  Loss: 0.029572 Regul: 0.008568 Obj: 0.038140 (0.038029) Rank: 52 (53) Ttime: 5.9463 Vtime: 0.0209
Best: 6700  Loss: 0.029436 Regul: 0.008523 Obj: 0.037959 (0.037959) Rank: 52 (52) Ttime: 5.9761 Vtime: 0.0205
Stat: Dim [52] AUC: 0.991017 (0.990992) FPR95: 3.25 (3.24)
Step: 6800  Loss: 0.029689 Regul: 0.008498 Obj: 0.038187 (0.037959) Rank: 52 (52) Ttime: 5.9361 Vtime: 0.0208
Step: 6900  Loss: 0.029706 Regul: 0.008500 Obj: 0.038206 (0.037959) Rank: 52 (52) Ttime: 6.0698 Vtime: 0.0211
Step: 7000  Loss: 0.029664 Regul: 0.008508 Obj: 0.038172 (0.037959) Rank: 52 (52) Ttime: 5.9361 Vtime: 0.0214
Step: 7100  Loss: 0.029736 Regul: 0.008502 Obj: 0.038238 (0.037959) Rank: 52 (52) Ttime: 5.9558 Vtime: 0.0208
Step: 7200  Loss: 0.029676 Regul: 0.008496 Obj: 0.038172 (0.037959) Rank: 52 (52) Ttime: 5.8698 Vtime: 0.0212
Step: 7300  Loss: 0.029535 Regul: 0.008509 Obj: 0.038043 (0.037959) Rank: 52 (52) Ttime: 5.9218 Vtime: 0.0213
Best: 7400  Loss: 0.029377 Regul: 0.008508 Obj: 0.037886 (0.037886) Rank: 52 (52) Ttime: 5.8743 Vtime: 0.0205
Stat: Dim [52] AUC: 0.991048 (0.991048) FPR95: 3.19 (3.19) [saved]
Step: 7500  Loss: 0.029379 Regul: 0.008550 Obj: 0.037929 (0.037886) Rank: 52 (52) Ttime: 5.9338 Vtime: 0.0216
Step: 7600  Loss: 0.029748 Regul: 0.008543 Obj: 0.038291 (0.037886) Rank: 53 (52) Ttime: 5.9936 Vtime: 0.0215
Step: 7700  Loss: 0.029584 Regul: 0.008568 Obj: 0.038152 (0.037886) Rank: 53 (52) Ttime: 5.9545 Vtime: 0.0205
Step: 7800  Loss: 0.029602 Regul: 0.008559 Obj: 0.038162 (0.037886) Rank: 53 (52) Ttime: 5.9254 Vtime: 0.0209
Step: 7900  Loss: 0.029769 Regul: 0.008536 Obj: 0.038305 (0.037886) Rank: 53 (52) Ttime: 5.9308 Vtime: 0.0207
Step: 8000  Loss: 0.029713 Regul: 0.008521 Obj: 0.038234 (0.037886) Rank: 53 (52) Ttime: 5.9024 Vtime: 0.0207
Step: 8100  Loss: 0.029728 Regul: 0.008556 Obj: 0.038285 (0.037886) Rank: 53 (52) Ttime: 5.9227 Vtime: 0.0208
Step: 8200  Loss: 0.029586 Regul: 0.008543 Obj: 0.038129 (0.037886) Rank: 53 (52) Ttime: 5.9050 Vtime: 0.0220
Step: 8300  Loss: 0.029381 Regul: 0.008578 Obj: 0.037960 (0.037886) Rank: 53 (52) Ttime: 6.0014 Vtime: 0.0211
Step: 8400  Loss: 0.029322 Regul: 0.008587 Obj: 0.037908 (0.037886) Rank: 53 (52) Ttime: 5.9211 Vtime: 0.0215
Best: 8500  Loss: 0.029284 Regul: 0.008589 Obj: 0.037873 (0.037873) Rank: 53 (53) Ttime: 5.8533 Vtime: 0.0209
Stat: Dim [53] AUC: 0.991070 (0.991070) FPR95: 3.12 (3.12) [saved]
Step: 8600  Loss: 0.029398 Regul: 0.008580 Obj: 0.037978 (0.037873) Rank: 53 (53) Ttime: 5.9094 Vtime: 0.0205
Step: 8700  Loss: 0.029455 Regul: 0.008583 Obj: 0.038039 (0.037873) Rank: 53 (53) Ttime: 5.9611 Vtime: 0.0214
Best: 8800  Loss: 0.029271 Regul: 0.008556 Obj: 0.037827 (0.037827) Rank: 53 (53) Ttime: 5.9073 Vtime: 0.0211
Stat: Dim [53] AUC: 0.991152 (0.991152) FPR95: 3.08 (3.08) [saved]
Step: 8900  Loss: 0.029355 Regul: 0.008555 Obj: 0.037910 (0.037827) Rank: 53 (53) Ttime: 5.9300 Vtime: 0.0210
Step: 9000  Loss: 0.029429 Regul: 0.008529 Obj: 0.037957 (0.037827) Rank: 53 (53) Ttime: 5.9206 Vtime: 0.0207
Step: 9100  Loss: 0.029448 Regul: 0.008551 Obj: 0.038000 (0.037827) Rank: 53 (53) Ttime: 5.8856 Vtime: 0.0208
Step: 9200  Loss: 0.029561 Regul: 0.008545 Obj: 0.038107 (0.037827) Rank: 52 (53) Ttime: 5.7806 Vtime: 0.0212
Step: 9300  Loss: 0.029522 Regul: 0.008542 Obj: 0.038064 (0.037827) Rank: 52 (53) Ttime: 5.8364 Vtime: 0.0208
Step: 9400  Loss: 0.029587 Regul: 0.008530 Obj: 0.038117 (0.037827) Rank: 53 (53) Ttime: 5.9198 Vtime: 0.0208
Step: 9500  Loss: 0.029496 Regul: 0.008551 Obj: 0.038047 (0.037827) Rank: 52 (53) Ttime: 5.9553 Vtime: 0.0216
Step: 9600  Loss: 0.029452 Regul: 0.008554 Obj: 0.038007 (0.037827) Rank: 52 (53) Ttime: 5.9586 Vtime: 0.0211
Step: 9700  Loss: 0.029377 Regul: 0.008563 Obj: 0.037940 (0.037827) Rank: 52 (53) Ttime: 5.9756 Vtime: 0.0214
Step: 9800  Loss: 0.029283 Regul: 0.008575 Obj: 0.037858 (0.037827) Rank: 53 (53) Ttime: 5.9586 Vtime: 0.0213
Step: 9900  Loss: 0.029420 Regul: 0.008550 Obj: 0.037969 (0.037827) Rank: 53 (53) Ttime: 5.9752 Vtime: 0.0209
Step: 10000  Loss: 0.029543 Regul: 0.008556 Obj: 0.038099 (0.037827) Rank: 53 (53) Ttime: 6.0434 Vtime: 0.0212
Step: 10100  Loss: 0.029578 Regul: 0.008540 Obj: 0.038118 (0.037827) Rank: 53 (53) Ttime: 5.8631 Vtime: 0.0211
Step: 10200  Loss: 0.029436 Regul: 0.008545 Obj: 0.037981 (0.037827) Rank: 53 (53) Ttime: 5.9762 Vtime: 0.0207
Step: 10300  Loss: 0.029508 Regul: 0.008581 Obj: 0.038089 (0.037827) Rank: 53 (53) Ttime: 5.9406 Vtime: 0.0209
Step: 10400  Loss: 0.029579 Regul: 0.008582 Obj: 0.038160 (0.037827) Rank: 53 (53) Ttime: 5.9062 Vtime: 0.0212
Step: 10500  Loss: 0.029567 Regul: 0.008544 Obj: 0.038111 (0.037827) Rank: 53 (53) Ttime: 5.8879 Vtime: 0.0213
Step: 10600  Loss: 0.029513 Regul: 0.008532 Obj: 0.038045 (0.037827) Rank: 53 (53) Ttime: 5.9045 Vtime: 0.0215
Step: 10700  Loss: 0.029438 Regul: 0.008532 Obj: 0.037970 (0.037827) Rank: 53 (53) Ttime: 5.9316 Vtime: 0.0211
Step: 10800  Loss: 0.029545 Regul: 0.008559 Obj: 0.038104 (0.037827) Rank: 53 (53) Ttime: 5.9465 Vtime: 0.0214
Step: 10900  Loss: 0.029495 Regul: 0.008581 Obj: 0.038076 (0.037827) Rank: 53 (53) Ttime: 5.9176 Vtime: 0.0208
Step: 11000  Loss: 0.029509 Regul: 0.008590 Obj: 0.038099 (0.037827) Rank: 53 (53) Ttime: 5.8693 Vtime: 0.0210
Step: 11100  Loss: 0.029343 Regul: 0.008589 Obj: 0.037932 (0.037827) Rank: 53 (53) Ttime: 5.9766 Vtime: 0.0205
Step: 11200  Loss: 0.029368 Regul: 0.008582 Obj: 0.037951 (0.037827) Rank: 53 (53) Ttime: 5.9783 Vtime: 0.0210
Step: 11300  Loss: 0.029508 Regul: 0.008533 Obj: 0.038042 (0.037827) Rank: 53 (53) Ttime: 5.8873 Vtime: 0.0208
Step: 11400  Loss: 0.029339 Regul: 0.008554 Obj: 0.037892 (0.037827) Rank: 53 (53) Ttime: 5.9885 Vtime: 0.0209
Step: 11500  Loss: 0.029338 Regul: 0.008557 Obj: 0.037895 (0.037827) Rank: 53 (53) Ttime: 5.9112 Vtime: 0.0215
Step: 11600  Loss: 0.029356 Regul: 0.008578 Obj: 0.037934 (0.037827) Rank: 53 (53) Ttime: 5.9905 Vtime: 0.0206
Step: 11700  Loss: 0.029462 Regul: 0.008563 Obj: 0.038025 (0.037827) Rank: 53 (53) Ttime: 6.0300 Vtime: 0.0207
Step: 11800  Loss: 0.029382 Regul: 0.008584 Obj: 0.037965 (0.037827) Rank: 53 (53) Ttime: 6.0199 Vtime: 0.0208
Best: 11900  Loss: 0.029218 Regul: 0.008577 Obj: 0.037795 (0.037795) Rank: 53 (53) Ttime: 5.9710 Vtime: 0.0206
Stat: Dim [53] AUC: 0.991237 (0.991237) FPR95: 3.08 (3.08) [saved]
Step: 12000  Loss: 0.029299 Regul: 0.008610 Obj: 0.037909 (0.037795) Rank: 53 (53) Ttime: 6.0245 Vtime: 0.0206
Step: 12100  Loss: 0.029287 Regul: 0.008588 Obj: 0.037875 (0.037795) Rank: 53 (53) Ttime: 5.9296 Vtime: 0.0214
Step: 12200  Loss: 0.029209 Regul: 0.008623 Obj: 0.037833 (0.037795) Rank: 53 (53) Ttime: 5.8750 Vtime: 0.0214
Step: 12300  Loss: 0.029285 Regul: 0.008634 Obj: 0.037919 (0.037795) Rank: 53 (53) Ttime: 5.9772 Vtime: 0.0211
Step: 12400  Loss: 0.029382 Regul: 0.008617 Obj: 0.037999 (0.037795) Rank: 53 (53) Ttime: 5.8676 Vtime: 0.0206
Step: 12500  Loss: 0.029355 Regul: 0.008594 Obj: 0.037949 (0.037795) Rank: 53 (53) Ttime: 5.8918 Vtime: 0.0207
Step: 12600  Loss: 0.029241 Regul: 0.008586 Obj: 0.037827 (0.037795) Rank: 53 (53) Ttime: 5.9469 Vtime: 0.0213
Step: 12700  Loss: 0.029296 Regul: 0.008587 Obj: 0.037883 (0.037795) Rank: 53 (53) Ttime: 5.8466 Vtime: 0.0209
Step: 12800  Loss: 0.029447 Regul: 0.008584 Obj: 0.038031 (0.037795) Rank: 53 (53) Ttime: 5.8879 Vtime: 0.0208
Step: 12900  Loss: 0.029299 Regul: 0.008591 Obj: 0.037890 (0.037795) Rank: 53 (53) Ttime: 5.8902 Vtime: 0.0218
Step: 13000  Loss: 0.029329 Regul: 0.008570 Obj: 0.037899 (0.037795) Rank: 53 (53) Ttime: 5.8478 Vtime: 0.0212
Step: 13100  Loss: 0.029390 Regul: 0.008579 Obj: 0.037969 (0.037795) Rank: 53 (53) Ttime: 5.9370 Vtime: 0.0209
Step: 13200  Loss: 0.029306 Regul: 0.008588 Obj: 0.037893 (0.037795) Rank: 53 (53) Ttime: 5.9174 Vtime: 0.0207
Step: 13300  Loss: 0.029376 Regul: 0.008594 Obj: 0.037969 (0.037795) Rank: 53 (53) Ttime: 6.0171 Vtime: 0.0207
Step: 13400  Loss: 0.029298 Regul: 0.008601 Obj: 0.037899 (0.037795) Rank: 53 (53) Ttime: 5.9703 Vtime: 0.0206
Step: 13500  Loss: 0.029244 Regul: 0.008593 Obj: 0.037837 (0.037795) Rank: 53 (53) Ttime: 5.9052 Vtime: 0.0208
Step: 13600  Loss: 0.029282 Regul: 0.008606 Obj: 0.037888 (0.037795) Rank: 54 (53) Ttime: 5.9398 Vtime: 0.0212
Step: 13700  Loss: 0.029309 Regul: 0.008605 Obj: 0.037914 (0.037795) Rank: 53 (53) Ttime: 5.8919 Vtime: 0.0217
Step: 13800  Loss: 0.029236 Regul: 0.008596 Obj: 0.037831 (0.037795) Rank: 53 (53) Ttime: 6.0602 Vtime: 0.0210
Step: 13900  Loss: 0.029274 Regul: 0.008630 Obj: 0.037904 (0.037795) Rank: 53 (53) Ttime: 5.9891 Vtime: 0.0207
Step: 14000  Loss: 0.029290 Regul: 0.008608 Obj: 0.037898 (0.037795) Rank: 53 (53) Ttime: 5.9946 Vtime: 0.0208
Step: 14100  Loss: 0.029373 Regul: 0.008591 Obj: 0.037965 (0.037795) Rank: 53 (53) Ttime: 6.0115 Vtime: 0.0209
Best: 14200  Loss: 0.029174 Regul: 0.008598 Obj: 0.037771 (0.037771) Rank: 53 (53) Ttime: 5.9947 Vtime: 0.0210
Stat: Dim [53] AUC: 0.991310 (0.991237) FPR95: 3.10 (3.08)
Best: 14300  Loss: 0.029169 Regul: 0.008601 Obj: 0.037770 (0.037770) Rank: 53 (53) Ttime: 5.8993 Vtime: 0.0210
Stat: Dim [53] AUC: 0.991297 (0.991297) FPR95: 3.08 (3.08) [saved]
Step: 14400  Loss: 0.029265 Regul: 0.008596 Obj: 0.037861 (0.037770) Rank: 53 (53) Ttime: 5.9437 Vtime: 0.0211
Step: 14500  Loss: 0.029298 Regul: 0.008647 Obj: 0.037944 (0.037770) Rank: 53 (53) Ttime: 5.9887 Vtime: 0.0206
Step: 14600  Loss: 0.029174 Regul: 0.008666 Obj: 0.037840 (0.037770) Rank: 53 (53) Ttime: 5.9261 Vtime: 0.0206
Step: 14700  Loss: 0.029221 Regul: 0.008634 Obj: 0.037855 (0.037770) Rank: 53 (53) Ttime: 5.9058 Vtime: 0.0212
Best: 14800  Loss: 0.029110 Regul: 0.008659 Obj: 0.037769 (0.037769) Rank: 54 (54) Ttime: 5.8764 Vtime: 0.0211
Stat: Dim [54] AUC: 0.991277 (0.991297) FPR95: 3.07 (3.08)
Best: 14900  Loss: 0.029112 Regul: 0.008656 Obj: 0.037768 (0.037768) Rank: 54 (54) Ttime: 5.9329 Vtime: 0.0207
Stat: Dim [54] AUC: 0.991271 (0.991297) FPR95: 3.07 (3.08)
Step: 15000  Loss: 0.029256 Regul: 0.008630 Obj: 0.037886 (0.037768) Rank: 53 (54) Ttime: 5.8968 Vtime: 0.0219
Step: 15100  Loss: 0.029289 Regul: 0.008623 Obj: 0.037913 (0.037768) Rank: 53 (54) Ttime: 5.9674 Vtime: 0.0206
Step: 15200  Loss: 0.029258 Regul: 0.008619 Obj: 0.037877 (0.037768) Rank: 53 (54) Ttime: 5.8096 Vtime: 0.0208
Step: 15300  Loss: 0.029232 Regul: 0.008629 Obj: 0.037861 (0.037768) Rank: 53 (54) Ttime: 5.8319 Vtime: 0.0212
Step: 15400  Loss: 0.029252 Regul: 0.008618 Obj: 0.037870 (0.037768) Rank: 53 (54) Ttime: 5.9055 Vtime: 0.0206
Step: 15500  Loss: 0.029185 Regul: 0.008629 Obj: 0.037814 (0.037768) Rank: 53 (54) Ttime: 5.7917 Vtime: 0.0205
Step: 15600  Loss: 0.029215 Regul: 0.008637 Obj: 0.037852 (0.037768) Rank: 53 (54) Ttime: 5.8476 Vtime: 0.0209
Step: 15700  Loss: 0.029300 Regul: 0.008621 Obj: 0.037921 (0.037768) Rank: 53 (54) Ttime: 5.8078 Vtime: 0.0212
Step: 15800  Loss: 0.029220 Regul: 0.008624 Obj: 0.037844 (0.037768) Rank: 53 (54) Ttime: 5.8302 Vtime: 0.0209
Step: 15900  Loss: 0.029280 Regul: 0.008662 Obj: 0.037942 (0.037768) Rank: 53 (54) Ttime: 5.8242 Vtime: 0.0207
Step: 16000  Loss: 0.029142 Regul: 0.008639 Obj: 0.037781 (0.037768) Rank: 53 (54) Ttime: 5.8879 Vtime: 0.0212
Step: 16100  Loss: 0.029286 Regul: 0.008609 Obj: 0.037895 (0.037768) Rank: 53 (54) Ttime: 5.9789 Vtime: 0.0209
Step: 16200  Loss: 0.029221 Regul: 0.008598 Obj: 0.037819 (0.037768) Rank: 53 (54) Ttime: 5.9804 Vtime: 0.0209
Step: 16300  Loss: 0.029278 Regul: 0.008591 Obj: 0.037870 (0.037768) Rank: 53 (54) Ttime: 5.8897 Vtime: 0.0209
Best: 16400  Loss: 0.029121 Regul: 0.008617 Obj: 0.037738 (0.037738) Rank: 53 (53) Ttime: 5.9017 Vtime: 0.0208
Stat: Dim [53] AUC: 0.991322 (0.991297) FPR95: 3.08 (3.08)
Step: 16500  Loss: 0.029155 Regul: 0.008625 Obj: 0.037780 (0.037738) Rank: 53 (53) Ttime: 5.8864 Vtime: 0.0211
Step: 16600  Loss: 0.029228 Regul: 0.008624 Obj: 0.037852 (0.037738) Rank: 53 (53) Ttime: 5.9060 Vtime: 0.0213
Step: 16700  Loss: 0.029226 Regul: 0.008613 Obj: 0.037838 (0.037738) Rank: 54 (53) Ttime: 5.7710 Vtime: 0.0218
Step: 16800  Loss: 0.029337 Regul: 0.008625 Obj: 0.037962 (0.037738) Rank: 54 (53) Ttime: 5.9035 Vtime: 0.0214
Step: 16900  Loss: 0.029147 Regul: 0.008638 Obj: 0.037785 (0.037738) Rank: 54 (53) Ttime: 5.8636 Vtime: 0.0213
Step: 17000  Loss: 0.029111 Regul: 0.008662 Obj: 0.037774 (0.037738) Rank: 54 (53) Ttime: 5.9365 Vtime: 0.0204
Step: 17100  Loss: 0.029050 Regul: 0.008701 Obj: 0.037751 (0.037738) Rank: 54 (53) Ttime: 5.9128 Vtime: 0.0210
Step: 17200  Loss: 0.029229 Regul: 0.008664 Obj: 0.037893 (0.037738) Rank: 54 (53) Ttime: 5.8600 Vtime: 0.0211
Step: 17300  Loss: 0.029191 Regul: 0.008659 Obj: 0.037849 (0.037738) Rank: 54 (53) Ttime: 5.8474 Vtime: 0.0207
Step: 17400  Loss: 0.029121 Regul: 0.008664 Obj: 0.037785 (0.037738) Rank: 54 (53) Ttime: 5.8075 Vtime: 0.0211
Step: 17500  Loss: 0.029153 Regul: 0.008637 Obj: 0.037790 (0.037738) Rank: 54 (53) Ttime: 5.8003 Vtime: 0.0209
Step: 17600  Loss: 0.029174 Regul: 0.008632 Obj: 0.037806 (0.037738) Rank: 54 (53) Ttime: 5.7649 Vtime: 0.0211
Step: 17700  Loss: 0.029126 Regul: 0.008629 Obj: 0.037755 (0.037738) Rank: 53 (53) Ttime: 5.8255 Vtime: 0.0216
Step: 17800  Loss: 0.029146 Regul: 0.008618 Obj: 0.037764 (0.037738) Rank: 54 (53) Ttime: 5.8410 Vtime: 0.0217
Best: 17900  Loss: 0.029031 Regul: 0.008626 Obj: 0.037657 (0.037657) Rank: 53 (53) Ttime: 5.8487 Vtime: 0.0211
Stat: Dim [53] AUC: 0.991298 (0.991298) FPR95: 3.03 (3.03) [saved]
Best: 18000  Loss: 0.029012 Regul: 0.008621 Obj: 0.037633 (0.037633) Rank: 54 (54) Ttime: 5.9324 Vtime: 0.0212
Stat: Dim [54] AUC: 0.991291 (0.991298) FPR95: 3.07 (3.03)
Best: 18100  Loss: 0.028994 Regul: 0.008607 Obj: 0.037601 (0.037601) Rank: 54 (54) Ttime: 5.9001 Vtime: 0.0214
Stat: Dim [54] AUC: 0.991344 (0.991298) FPR95: 3.04 (3.03)
Step: 18200  Loss: 0.029091 Regul: 0.008592 Obj: 0.037683 (0.037601) Rank: 53 (54) Ttime: 5.7935 Vtime: 0.0220
Step: 18300  Loss: 0.029027 Regul: 0.008598 Obj: 0.037624 (0.037601) Rank: 53 (54) Ttime: 5.8660 Vtime: 0.0210
Step: 18400  Loss: 0.029133 Regul: 0.008611 Obj: 0.037744 (0.037601) Rank: 53 (54) Ttime: 5.9014 Vtime: 0.0210
Step: 18500  Loss: 0.029216 Regul: 0.008618 Obj: 0.037834 (0.037601) Rank: 53 (54) Ttime: 5.8881 Vtime: 0.0211
Step: 18600  Loss: 0.029165 Regul: 0.008631 Obj: 0.037796 (0.037601) Rank: 53 (54) Ttime: 5.8951 Vtime: 0.0201
Step: 18700  Loss: 0.029267 Regul: 0.008631 Obj: 0.037898 (0.037601) Rank: 54 (54) Ttime: 5.8873 Vtime: 0.0214
Step: 18800  Loss: 0.029075 Regul: 0.008626 Obj: 0.037702 (0.037601) Rank: 54 (54) Ttime: 5.9807 Vtime: 0.0207
Step: 18900  Loss: 0.029051 Regul: 0.008641 Obj: 0.037692 (0.037601) Rank: 54 (54) Ttime: 5.8214 Vtime: 0.0214
Step: 19000  Loss: 0.029042 Regul: 0.008641 Obj: 0.037683 (0.037601) Rank: 54 (54) Ttime: 5.8347 Vtime: 0.0208
Step: 19100  Loss: 0.029067 Regul: 0.008645 Obj: 0.037712 (0.037601) Rank: 54 (54) Ttime: 5.8281 Vtime: 0.0210
Step: 19200  Loss: 0.029028 Regul: 0.008662 Obj: 0.037690 (0.037601) Rank: 53 (54) Ttime: 5.8165 Vtime: 0.0217
Step: 19300  Loss: 0.029007 Regul: 0.008645 Obj: 0.037652 (0.037601) Rank: 53 (54) Ttime: 5.8241 Vtime: 0.0206
Step: 19400  Loss: 0.029000 Regul: 0.008645 Obj: 0.037645 (0.037601) Rank: 53 (54) Ttime: 5.9063 Vtime: 0.0208
Step: 19500  Loss: 0.028985 Regul: 0.008623 Obj: 0.037608 (0.037601) Rank: 53 (54) Ttime: 5.7787 Vtime: 0.0209
Step: 19600  Loss: 0.029075 Regul: 0.008603 Obj: 0.037679 (0.037601) Rank: 53 (54) Ttime: 5.7912 Vtime: 0.0212
Step: 19700  Loss: 0.029155 Regul: 0.008592 Obj: 0.037746 (0.037601) Rank: 53 (54) Ttime: 5.7816 Vtime: 0.0207
Step: 19800  Loss: 0.028981 Regul: 0.008628 Obj: 0.037609 (0.037601) Rank: 53 (54) Ttime: 5.8173 Vtime: 0.0208
Step: 19900  Loss: 0.029021 Regul: 0.008627 Obj: 0.037648 (0.037601) Rank: 53 (54) Ttime: 5.8923 Vtime: 0.0209
Step: 20000  Loss: 0.029082 Regul: 0.008630 Obj: 0.037712 (0.037601) Rank: 53 (54) Ttime: 5.8966 Vtime: 0.0219
Step: 20100  Loss: 0.028982 Regul: 0.008653 Obj: 0.037635 (0.037601) Rank: 53 (54) Ttime: 5.8337 Vtime: 0.0211
Best: 20200  Loss: 0.028890 Regul: 0.008622 Obj: 0.037512 (0.037512) Rank: 53 (53) Ttime: 5.8219 Vtime: 0.0208
Stat: Dim [53] AUC: 0.991361 (0.991298) FPR95: 3.05 (3.03)
Step: 20300  Loss: 0.028880 Regul: 0.008638 Obj: 0.037518 (0.037512) Rank: 53 (53) Ttime: 5.9129 Vtime: 0.0215
Step: 20400  Loss: 0.028980 Regul: 0.008634 Obj: 0.037614 (0.037512) Rank: 53 (53) Ttime: 5.9398 Vtime: 0.0212
Step: 20500  Loss: 0.028891 Regul: 0.008657 Obj: 0.037548 (0.037512) Rank: 53 (53) Ttime: 5.9744 Vtime: 0.0210
Step: 20600  Loss: 0.028887 Regul: 0.008669 Obj: 0.037556 (0.037512) Rank: 53 (53) Ttime: 5.9552 Vtime: 0.0211
Step: 20700  Loss: 0.028920 Regul: 0.008648 Obj: 0.037568 (0.037512) Rank: 53 (53) Ttime: 5.8524 Vtime: 0.0209
Step: 20800  Loss: 0.029057 Regul: 0.008630 Obj: 0.037687 (0.037512) Rank: 53 (53) Ttime: 5.8005 Vtime: 0.0210
Step: 20900  Loss: 0.029013 Regul: 0.008654 Obj: 0.037667 (0.037512) Rank: 53 (53) Ttime: 5.9087 Vtime: 0.0209
Step: 21000  Loss: 0.029048 Regul: 0.008655 Obj: 0.037703 (0.037512) Rank: 53 (53) Ttime: 5.8661 Vtime: 0.0210
Step: 21100  Loss: 0.028993 Regul: 0.008643 Obj: 0.037636 (0.037512) Rank: 53 (53) Ttime: 5.8076 Vtime: 0.0213
Best: 21200  Loss: 0.028845 Regul: 0.008640 Obj: 0.037486 (0.037486) Rank: 53 (53) Ttime: 5.7486 Vtime: 0.0208
Stat: Dim [53] AUC: 0.991366 (0.991298) FPR95: 3.06 (3.03)
Step: 21300  Loss: 0.028909 Regul: 0.008627 Obj: 0.037536 (0.037486) Rank: 53 (53) Ttime: 5.7850 Vtime: 0.0206
Step: 21400  Loss: 0.028854 Regul: 0.008634 Obj: 0.037487 (0.037486) Rank: 53 (53) Ttime: 5.7620 Vtime: 0.0210
Step: 21500  Loss: 0.028925 Regul: 0.008645 Obj: 0.037570 (0.037486) Rank: 53 (53) Ttime: 5.6971 Vtime: 0.0209
Step: 21600  Loss: 0.028926 Regul: 0.008641 Obj: 0.037567 (0.037486) Rank: 53 (53) Ttime: 5.7199 Vtime: 0.0208
Step: 21700  Loss: 0.028970 Regul: 0.008629 Obj: 0.037599 (0.037486) Rank: 53 (53) Ttime: 5.7671 Vtime: 0.0212
Step: 21800  Loss: 0.028894 Regul: 0.008643 Obj: 0.037537 (0.037486) Rank: 53 (53) Ttime: 5.7091 Vtime: 0.0210
Step: 21900  Loss: 0.028949 Regul: 0.008636 Obj: 0.037585 (0.037486) Rank: 53 (53) Ttime: 5.8185 Vtime: 0.0211
Step: 22000  Loss: 0.028905 Regul: 0.008656 Obj: 0.037561 (0.037486) Rank: 53 (53) Ttime: 5.7625 Vtime: 0.0217
Step: 22100  Loss: 0.028912 Regul: 0.008654 Obj: 0.037566 (0.037486) Rank: 53 (53) Ttime: 5.6895 Vtime: 0.0212
Step: 22200  Loss: 0.029008 Regul: 0.008642 Obj: 0.037650 (0.037486) Rank: 53 (53) Ttime: 5.8150 Vtime: 0.0212
Step: 22300  Loss: 0.028985 Regul: 0.008657 Obj: 0.037642 (0.037486) Rank: 53 (53) Ttime: 5.8023 Vtime: 0.0215
Step: 22400  Loss: 0.028925 Regul: 0.008670 Obj: 0.037595 (0.037486) Rank: 53 (53) Ttime: 5.8337 Vtime: 0.0210
Step: 22500  Loss: 0.028906 Regul: 0.008673 Obj: 0.037580 (0.037486) Rank: 53 (53) Ttime: 5.8427 Vtime: 0.0202
Step: 22600  Loss: 0.028949 Regul: 0.008683 Obj: 0.037632 (0.037486) Rank: 53 (53) Ttime: 5.8857 Vtime: 0.0216
Step: 22700  Loss: 0.029063 Regul: 0.008684 Obj: 0.037747 (0.037486) Rank: 53 (53) Ttime: 5.7358 Vtime: 0.0212
Step: 22800  Loss: 0.029082 Regul: 0.008655 Obj: 0.037737 (0.037486) Rank: 53 (53) Ttime: 5.8012 Vtime: 0.0211
Step: 22900  Loss: 0.029006 Regul: 0.008670 Obj: 0.037676 (0.037486) Rank: 53 (53) Ttime: 5.8973 Vtime: 0.0216
Step: 23000  Loss: 0.028887 Regul: 0.008675 Obj: 0.037561 (0.037486) Rank: 53 (53) Ttime: 5.9672 Vtime: 0.0212
Step: 23100  Loss: 0.028980 Regul: 0.008667 Obj: 0.037647 (0.037486) Rank: 53 (53) Ttime: 5.8734 Vtime: 0.0210
Step: 23200  Loss: 0.028987 Regul: 0.008665 Obj: 0.037653 (0.037486) Rank: 53 (53) Ttime: 5.8587 Vtime: 0.0212
Step: 23300  Loss: 0.028991 Regul: 0.008659 Obj: 0.037651 (0.037486) Rank: 53 (53) Ttime: 5.8514 Vtime: 0.0211
Step: 23400  Loss: 0.028925 Regul: 0.008682 Obj: 0.037607 (0.037486) Rank: 53 (53) Ttime: 5.8816 Vtime: 0.0208
Step: 23500  Loss: 0.029031 Regul: 0.008685 Obj: 0.037716 (0.037486) Rank: 53 (53) Ttime: 5.8473 Vtime: 0.0208
Step: 23600  Loss: 0.029022 Regul: 0.008669 Obj: 0.037691 (0.037486) Rank: 53 (53) Ttime: 5.7618 Vtime: 0.0208
Step: 23700  Loss: 0.028950 Regul: 0.008663 Obj: 0.037613 (0.037486) Rank: 53 (53) Ttime: 5.8286 Vtime: 0.0211
Step: 23800  Loss: 0.028995 Regul: 0.008657 Obj: 0.037652 (0.037486) Rank: 53 (53) Ttime: 5.7362 Vtime: 0.0210
Step: 23900  Loss: 0.028921 Regul: 0.008663 Obj: 0.037583 (0.037486) Rank: 53 (53) Ttime: 5.7938 Vtime: 0.0218
Step: 24000  Loss: 0.028943 Regul: 0.008668 Obj: 0.037611 (0.037486) Rank: 53 (53) Ttime: 5.7593 Vtime: 0.0212
Step: 24100  Loss: 0.029060 Regul: 0.008676 Obj: 0.037736 (0.037486) Rank: 53 (53) Ttime: 5.7923 Vtime: 0.0213
Step: 24200  Loss: 0.028966 Regul: 0.008670 Obj: 0.037636 (0.037486) Rank: 53 (53) Ttime: 5.7663 Vtime: 0.0203
Step: 24300  Loss: 0.028895 Regul: 0.008678 Obj: 0.037573 (0.037486) Rank: 53 (53) Ttime: 5.8508 Vtime: 0.0204
Step: 24400  Loss: 0.028923 Regul: 0.008695 Obj: 0.037618 (0.037486) Rank: 53 (53) Ttime: 5.7433 Vtime: 0.0206
Step: 24500  Loss: 0.028894 Regul: 0.008687 Obj: 0.037580 (0.037486) Rank: 53 (53) Ttime: 5.8160 Vtime: 0.0213
Step: 24600  Loss: 0.028967 Regul: 0.008674 Obj: 0.037642 (0.037486) Rank: 53 (53) Ttime: 5.7790 Vtime: 0.0212
Step: 24700  Loss: 0.029004 Regul: 0.008690 Obj: 0.037694 (0.037486) Rank: 53 (53) Ttime: 5.7972 Vtime: 0.0209
Step: 24800  Loss: 0.029087 Regul: 0.008682 Obj: 0.037769 (0.037486) Rank: 53 (53) Ttime: 5.8125 Vtime: 0.0213
Step: 24900  Loss: 0.028907 Regul: 0.008685 Obj: 0.037592 (0.037486) Rank: 53 (53) Ttime: 5.7104 Vtime: 0.0216
Step: 25000  Loss: 0.028963 Regul: 0.008700 Obj: 0.037663 (0.037486) Rank: 53 (53) Ttime: 5.8973 Vtime: 0.0212
Step: 25100  Loss: 0.029010 Regul: 0.008694 Obj: 0.037704 (0.037486) Rank: 53 (53) Ttime: 5.7105 Vtime: 0.0214
Step: 25200  Loss: 0.029106 Regul: 0.008693 Obj: 0.037799 (0.037486) Rank: 53 (53) Ttime: 5.7136 Vtime: 0.0214
Step: 25300  Loss: 0.029100 Regul: 0.008674 Obj: 0.037774 (0.037486) Rank: 53 (53) Ttime: 5.7793 Vtime: 0.0214
Step: 25400  Loss: 0.029107 Regul: 0.008668 Obj: 0.037775 (0.037486) Rank: 53 (53) Ttime: 5.7528 Vtime: 0.0208
Step: 25500  Loss: 0.029132 Regul: 0.008656 Obj: 0.037788 (0.037486) Rank: 53 (53) Ttime: 5.7552 Vtime: 0.0214
Step: 25600  Loss: 0.029025 Regul: 0.008659 Obj: 0.037684 (0.037486) Rank: 53 (53) Ttime: 5.6981 Vtime: 0.0204
Step: 25700  Loss: 0.028948 Regul: 0.008662 Obj: 0.037610 (0.037486) Rank: 53 (53) Ttime: 5.8352 Vtime: 0.0212
Step: 25800  Loss: 0.028982 Regul: 0.008652 Obj: 0.037634 (0.037486) Rank: 53 (53) Ttime: 5.8126 Vtime: 0.0205
Step: 25900  Loss: 0.029095 Regul: 0.008644 Obj: 0.037739 (0.037486) Rank: 53 (53) Ttime: 5.8226 Vtime: 0.0210
Step: 26000  Loss: 0.029076 Regul: 0.008662 Obj: 0.037738 (0.037486) Rank: 53 (53) Ttime: 5.7749 Vtime: 0.0208
Step: 26100  Loss: 0.029131 Regul: 0.008667 Obj: 0.037799 (0.037486) Rank: 53 (53) Ttime: 5.8122 Vtime: 0.0210
Step: 26200  Loss: 0.029021 Regul: 0.008682 Obj: 0.037704 (0.037486) Rank: 53 (53) Ttime: 5.7473 Vtime: 0.0204
Step: 26300  Loss: 0.029155 Regul: 0.008648 Obj: 0.037804 (0.037486) Rank: 53 (53) Ttime: 5.6435 Vtime: 0.0210
Step: 26400  Loss: 0.028996 Regul: 0.008680 Obj: 0.037676 (0.037486) Rank: 53 (53) Ttime: 5.7151 Vtime: 0.0211
Step: 26500  Loss: 0.028883 Regul: 0.008683 Obj: 0.037566 (0.037486) Rank: 53 (53) Ttime: 5.7056 Vtime: 0.0214
Step: 26600  Loss: 0.028822 Regul: 0.008671 Obj: 0.037493 (0.037486) Rank: 53 (53) Ttime: 5.6959 Vtime: 0.0212
Step: 26700  Loss: 0.028935 Regul: 0.008672 Obj: 0.037607 (0.037486) Rank: 53 (53) Ttime: 5.7129 Vtime: 0.0214
Step: 26800  Loss: 0.029053 Regul: 0.008681 Obj: 0.037735 (0.037486) Rank: 53 (53) Ttime: 5.7618 Vtime: 0.0207
Step: 26900  Loss: 0.028891 Regul: 0.008681 Obj: 0.037571 (0.037486) Rank: 53 (53) Ttime: 5.7125 Vtime: 0.0210
Step: 27000  Loss: 0.028846 Regul: 0.008688 Obj: 0.037534 (0.037486) Rank: 53 (53) Ttime: 5.6467 Vtime: 0.0210
Step: 27100  Loss: 0.028868 Regul: 0.008680 Obj: 0.037548 (0.037486) Rank: 53 (53) Ttime: 5.7876 Vtime: 0.0211
Step: 27200  Loss: 0.029024 Regul: 0.008656 Obj: 0.037680 (0.037486) Rank: 53 (53) Ttime: 5.6770 Vtime: 0.0213
Step: 27300  Loss: 0.028941 Regul: 0.008671 Obj: 0.037613 (0.037486) Rank: 53 (53) Ttime: 5.7369 Vtime: 0.0207
Step: 27400  Loss: 0.029002 Regul: 0.008669 Obj: 0.037671 (0.037486) Rank: 53 (53) Ttime: 5.6572 Vtime: 0.0210
Step: 27500  Loss: 0.029004 Regul: 0.008656 Obj: 0.037660 (0.037486) Rank: 53 (53) Ttime: 5.6138 Vtime: 0.0210
Step: 27600  Loss: 0.029126 Regul: 0.008658 Obj: 0.037784 (0.037486) Rank: 53 (53) Ttime: 5.6714 Vtime: 0.0207
Step: 27700  Loss: 0.029052 Regul: 0.008664 Obj: 0.037715 (0.037486) Rank: 53 (53) Ttime: 5.7020 Vtime: 0.0211
Step: 27800  Loss: 0.029082 Regul: 0.008672 Obj: 0.037754 (0.037486) Rank: 53 (53) Ttime: 5.6601 Vtime: 0.0207
Step: 27900  Loss: 0.029003 Regul: 0.008667 Obj: 0.037670 (0.037486) Rank: 53 (53) Ttime: 5.6756 Vtime: 0.0206
Step: 28000  Loss: 0.029056 Regul: 0.008674 Obj: 0.037730 (0.037486) Rank: 53 (53) Ttime: 5.6053 Vtime: 0.0215
Step: 28100  Loss: 0.029102 Regul: 0.008682 Obj: 0.037783 (0.037486) Rank: 53 (53) Ttime: 5.6805 Vtime: 0.0212
Step: 28200  Loss: 0.029005 Regul: 0.008681 Obj: 0.037687 (0.037486) Rank: 53 (53) Ttime: 5.6240 Vtime: 0.0208
Step: 28300  Loss: 0.029018 Regul: 0.008665 Obj: 0.037683 (0.037486) Rank: 53 (53) Ttime: 5.6565 Vtime: 0.0214
Step: 28400  Loss: 0.028985 Regul: 0.008671 Obj: 0.037656 (0.037486) Rank: 53 (53) Ttime: 5.6811 Vtime: 0.0212
Step: 28500  Loss: 0.028939 Regul: 0.008661 Obj: 0.037600 (0.037486) Rank: 53 (53) Ttime: 5.7713 Vtime: 0.0209
Step: 28600  Loss: 0.028988 Regul: 0.008654 Obj: 0.037642 (0.037486) Rank: 53 (53) Ttime: 5.6019 Vtime: 0.0205
Step: 28700  Loss: 0.028924 Regul: 0.008684 Obj: 0.037608 (0.037486) Rank: 53 (53) Ttime: 5.6983 Vtime: 0.0207
Step: 28800  Loss: 0.028975 Regul: 0.008676 Obj: 0.037651 (0.037486) Rank: 53 (53) Ttime: 5.7638 Vtime: 0.0207
Step: 28900  Loss: 0.028929 Regul: 0.008679 Obj: 0.037608 (0.037486) Rank: 53 (53) Ttime: 5.7191 Vtime: 0.0217
Step: 29000  Loss: 0.028952 Regul: 0.008664 Obj: 0.037616 (0.037486) Rank: 53 (53) Ttime: 5.6754 Vtime: 0.0209
Step: 29100  Loss: 0.028968 Regul: 0.008675 Obj: 0.037643 (0.037486) Rank: 53 (53) Ttime: 5.6102 Vtime: 0.0210
Step: 29200  Loss: 0.028950 Regul: 0.008671 Obj: 0.037621 (0.037486) Rank: 53 (53) Ttime: 5.6767 Vtime: 0.0212
Step: 29300  Loss: 0.029022 Regul: 0.008640 Obj: 0.037662 (0.037486) Rank: 53 (53) Ttime: 5.7804 Vtime: 0.0210
Step: 29400  Loss: 0.028928 Regul: 0.008638 Obj: 0.037565 (0.037486) Rank: 53 (53) Ttime: 5.7391 Vtime: 0.0209
Step: 29500  Loss: 0.029012 Regul: 0.008631 Obj: 0.037643 (0.037486) Rank: 53 (53) Ttime: 5.7043 Vtime: 0.0213
Step: 29600  Loss: 0.029055 Regul: 0.008620 Obj: 0.037675 (0.037486) Rank: 53 (53) Ttime: 5.6740 Vtime: 0.0204
Step: 29700  Loss: 0.029032 Regul: 0.008629 Obj: 0.037661 (0.037486) Rank: 53 (53) Ttime: 5.6937 Vtime: 0.0209
Step: 29800  Loss: 0.029007 Regul: 0.008645 Obj: 0.037652 (0.037486) Rank: 53 (53) Ttime: 5.7648 Vtime: 0.0209
Step: 29900  Loss: 0.029014 Regul: 0.008631 Obj: 0.037646 (0.037486) Rank: 53 (53) Ttime: 5.6243 Vtime: 0.0212
Step: 30000  Loss: 0.028909 Regul: 0.008635 Obj: 0.037545 (0.037486) Rank: 53 (53) Ttime: 5.7173 Vtime: 0.0216
Step: 30100  Loss: 0.028843 Regul: 0.008650 Obj: 0.037492 (0.037486) Rank: 53 (53) Ttime: 5.5746 Vtime: 0.0210
Step: 30200  Loss: 0.028953 Regul: 0.008649 Obj: 0.037602 (0.037486) Rank: 53 (53) Ttime: 5.7331 Vtime: 0.0213
Step: 30300  Loss: 0.029002 Regul: 0.008652 Obj: 0.037654 (0.037486) Rank: 53 (53) Ttime: 5.5672 Vtime: 0.0208
Step: 30400  Loss: 0.028905 Regul: 0.008647 Obj: 0.037552 (0.037486) Rank: 53 (53) Ttime: 5.6800 Vtime: 0.0211
Step: 30500  Loss: 0.028889 Regul: 0.008640 Obj: 0.037529 (0.037486) Rank: 53 (53) Ttime: 5.6928 Vtime: 0.0207
Step: 30600  Loss: 0.028906 Regul: 0.008647 Obj: 0.037552 (0.037486) Rank: 53 (53) Ttime: 5.7491 Vtime: 0.0204
Step: 30700  Loss: 0.028929 Regul: 0.008637 Obj: 0.037567 (0.037486) Rank: 53 (53) Ttime: 5.6773 Vtime: 0.0207
Best: 30800  Loss: 0.028818 Regul: 0.008648 Obj: 0.037466 (0.037466) Rank: 53 (53) Ttime: 5.6773 Vtime: 0.0212
Stat: Dim [53] AUC: 0.991435 (0.991435) FPR95: 3.00 (3.00) [saved]
Step: 30900  Loss: 0.028879 Regul: 0.008628 Obj: 0.037507 (0.037466) Rank: 53 (53) Ttime: 5.7610 Vtime: 0.0213
Step: 31000  Loss: 0.028957 Regul: 0.008630 Obj: 0.037587 (0.037466) Rank: 53 (53) Ttime: 5.7951 Vtime: 0.0209
Step: 31100  Loss: 0.028954 Regul: 0.008647 Obj: 0.037601 (0.037466) Rank: 53 (53) Ttime: 5.6893 Vtime: 0.0208
Step: 31200  Loss: 0.028879 Regul: 0.008651 Obj: 0.037529 (0.037466) Rank: 53 (53) Ttime: 5.7153 Vtime: 0.0210
Step: 31300  Loss: 0.028861 Regul: 0.008632 Obj: 0.037493 (0.037466) Rank: 53 (53) Ttime: 5.7783 Vtime: 0.0209
Step: 31400  Loss: 0.028844 Regul: 0.008642 Obj: 0.037486 (0.037466) Rank: 53 (53) Ttime: 5.7845 Vtime: 0.0209
Step: 31500  Loss: 0.028844 Regul: 0.008631 Obj: 0.037476 (0.037466) Rank: 53 (53) Ttime: 5.9012 Vtime: 0.0203
Step: 31600  Loss: 0.028928 Regul: 0.008643 Obj: 0.037570 (0.037466) Rank: 53 (53) Ttime: 5.8631 Vtime: 0.0203
Step: 31700  Loss: 0.028934 Regul: 0.008656 Obj: 0.037590 (0.037466) Rank: 53 (53) Ttime: 5.8960 Vtime: 0.0206
Step: 31800  Loss: 0.028925 Regul: 0.008674 Obj: 0.037599 (0.037466) Rank: 53 (53) Ttime: 5.9439 Vtime: 0.0214
Step: 31900  Loss: 0.029030 Regul: 0.008680 Obj: 0.037711 (0.037466) Rank: 53 (53) Ttime: 5.7761 Vtime: 0.0223
Step: 32000  Loss: 0.029014 Regul: 0.008682 Obj: 0.037697 (0.037466) Rank: 53 (53) Ttime: 5.8323 Vtime: 0.0208
Step: 32100  Loss: 0.028997 Regul: 0.008686 Obj: 0.037683 (0.037466) Rank: 53 (53) Ttime: 5.9152 Vtime: 0.0211
Step: 32200  Loss: 0.028898 Regul: 0.008673 Obj: 0.037571 (0.037466) Rank: 53 (53) Ttime: 5.9541 Vtime: 0.0209
Step: 32300  Loss: 0.028892 Regul: 0.008678 Obj: 0.037569 (0.037466) Rank: 53 (53) Ttime: 5.8676 Vtime: 0.0210
Step: 32400  Loss: 0.028887 Regul: 0.008682 Obj: 0.037569 (0.037466) Rank: 53 (53) Ttime: 5.8523 Vtime: 0.0208
Step: 32500  Loss: 0.028904 Regul: 0.008678 Obj: 0.037582 (0.037466) Rank: 53 (53) Ttime: 5.7301 Vtime: 0.0216
Step: 32600  Loss: 0.028874 Regul: 0.008681 Obj: 0.037554 (0.037466) Rank: 53 (53) Ttime: 5.7511 Vtime: 0.0207
Step: 32700  Loss: 0.028902 Regul: 0.008681 Obj: 0.037583 (0.037466) Rank: 53 (53) Ttime: 5.7369 Vtime: 0.0214
Step: 32800  Loss: 0.028845 Regul: 0.008676 Obj: 0.037521 (0.037466) Rank: 53 (53) Ttime: 5.6850 Vtime: 0.0208
Step: 32900  Loss: 0.028907 Regul: 0.008670 Obj: 0.037578 (0.037466) Rank: 53 (53) Ttime: 5.7167 Vtime: 0.0209
Step: 33000  Loss: 0.028928 Regul: 0.008662 Obj: 0.037590 (0.037466) Rank: 53 (53) Ttime: 5.5816 Vtime: 0.0213
Step: 33100  Loss: 0.028918 Regul: 0.008669 Obj: 0.037587 (0.037466) Rank: 53 (53) Ttime: 5.6757 Vtime: 0.0214
Step: 33200  Loss: 0.028933 Regul: 0.008685 Obj: 0.037618 (0.037466) Rank: 53 (53) Ttime: 5.7514 Vtime: 0.0220
Step: 33300  Loss: 0.028941 Regul: 0.008700 Obj: 0.037641 (0.037466) Rank: 53 (53) Ttime: 5.7980 Vtime: 0.0208
Step: 33400  Loss: 0.028905 Regul: 0.008695 Obj: 0.037600 (0.037466) Rank: 53 (53) Ttime: 5.7023 Vtime: 0.0207
Step: 33500  Loss: 0.028938 Regul: 0.008693 Obj: 0.037631 (0.037466) Rank: 53 (53) Ttime: 5.7863 Vtime: 0.0206
Step: 33600  Loss: 0.028966 Regul: 0.008685 Obj: 0.037650 (0.037466) Rank: 53 (53) Ttime: 5.7620 Vtime: 0.0211
Step: 33700  Loss: 0.028868 Regul: 0.008689 Obj: 0.037557 (0.037466) Rank: 53 (53) Ttime: 5.9208 Vtime: 0.0210
Step: 33800  Loss: 0.028878 Regul: 0.008677 Obj: 0.037555 (0.037466) Rank: 53 (53) Ttime: 5.6214 Vtime: 0.0206
Step: 33900  Loss: 0.028823 Regul: 0.008699 Obj: 0.037522 (0.037466) Rank: 53 (53) Ttime: 5.6431 Vtime: 0.0219
Step: 34000  Loss: 0.028956 Regul: 0.008690 Obj: 0.037646 (0.037466) Rank: 53 (53) Ttime: 5.6487 Vtime: 0.0209
Step: 34100  Loss: 0.028908 Regul: 0.008690 Obj: 0.037598 (0.037466) Rank: 53 (53) Ttime: 5.7862 Vtime: 0.0208
Step: 34200  Loss: 0.028833 Regul: 0.008677 Obj: 0.037510 (0.037466) Rank: 53 (53) Ttime: 5.7065 Vtime: 0.0214
Best: 34300  Loss: 0.028717 Regul: 0.008691 Obj: 0.037408 (0.037408) Rank: 53 (53) Ttime: 5.7797 Vtime: 0.0213
Stat: Dim [53] AUC: 0.991479 (0.991479) FPR95: 2.99 (2.99) [saved]
Step: 34400  Loss: 0.028789 Regul: 0.008705 Obj: 0.037494 (0.037408) Rank: 53 (53) Ttime: 5.7837 Vtime: 0.0215
Step: 34500  Loss: 0.028870 Regul: 0.008702 Obj: 0.037571 (0.037408) Rank: 53 (53) Ttime: 5.8005 Vtime: 0.0208
Step: 34600  Loss: 0.028742 Regul: 0.008695 Obj: 0.037438 (0.037408) Rank: 53 (53) Ttime: 5.7431 Vtime: 0.0212
Step: 34700  Loss: 0.028983 Regul: 0.008697 Obj: 0.037680 (0.037408) Rank: 53 (53) Ttime: 5.7471 Vtime: 0.0212
Step: 34800  Loss: 0.028878 Regul: 0.008683 Obj: 0.037561 (0.037408) Rank: 53 (53) Ttime: 5.7118 Vtime: 0.0210
Step: 34900  Loss: 0.028805 Regul: 0.008679 Obj: 0.037484 (0.037408) Rank: 53 (53) Ttime: 5.7892 Vtime: 0.0209
Step: 35000  Loss: 0.028771 Regul: 0.008692 Obj: 0.037462 (0.037408) Rank: 53 (53) Ttime: 5.6821 Vtime: 0.0209
Best: 35100  Loss: 0.028726 Regul: 0.008682 Obj: 0.037407 (0.037407) Rank: 53 (53) Ttime: 5.7904 Vtime: 0.0209
Stat: Dim [53] AUC: 0.991470 (0.991479) FPR95: 3.01 (2.99)
Step: 35200  Loss: 0.028736 Regul: 0.008683 Obj: 0.037419 (0.037407) Rank: 53 (53) Ttime: 5.6309 Vtime: 0.0203
Best: 35300  Loss: 0.028695 Regul: 0.008673 Obj: 0.037368 (0.037368) Rank: 53 (53) Ttime: 5.6459 Vtime: 0.0222
Stat: Dim [53] AUC: 0.991474 (0.991479) FPR95: 3.00 (2.99)
Step: 35400  Loss: 0.028710 Regul: 0.008671 Obj: 0.037380 (0.037368) Rank: 53 (53) Ttime: 5.8363 Vtime: 0.0207
Step: 35500  Loss: 0.028793 Regul: 0.008682 Obj: 0.037475 (0.037368) Rank: 53 (53) Ttime: 5.7643 Vtime: 0.0206
Step: 35600  Loss: 0.028868 Regul: 0.008696 Obj: 0.037564 (0.037368) Rank: 53 (53) Ttime: 5.8643 Vtime: 0.0209
Step: 35700  Loss: 0.028737 Regul: 0.008698 Obj: 0.037435 (0.037368) Rank: 53 (53) Ttime: 5.8084 Vtime: 0.0212
Step: 35800  Loss: 0.028866 Regul: 0.008684 Obj: 0.037551 (0.037368) Rank: 53 (53) Ttime: 5.8556 Vtime: 0.0208
Step: 35900  Loss: 0.028932 Regul: 0.008672 Obj: 0.037604 (0.037368) Rank: 53 (53) Ttime: 5.7835 Vtime: 0.0207
Step: 36000  Loss: 0.028846 Regul: 0.008680 Obj: 0.037526 (0.037368) Rank: 53 (53) Ttime: 5.8162 Vtime: 0.0212
Step: 36100  Loss: 0.028926 Regul: 0.008673 Obj: 0.037599 (0.037368) Rank: 53 (53) Ttime: 5.8885 Vtime: 0.0207
Step: 36200  Loss: 0.028924 Regul: 0.008674 Obj: 0.037598 (0.037368) Rank: 53 (53) Ttime: 5.8169 Vtime: 0.0208
Step: 36300  Loss: 0.028823 Regul: 0.008681 Obj: 0.037504 (0.037368) Rank: 53 (53) Ttime: 5.7968 Vtime: 0.0216
Step: 36400  Loss: 0.028966 Regul: 0.008666 Obj: 0.037632 (0.037368) Rank: 53 (53) Ttime: 5.7947 Vtime: 0.0209
Step: 36500  Loss: 0.028850 Regul: 0.008691 Obj: 0.037541 (0.037368) Rank: 53 (53) Ttime: 5.7843 Vtime: 0.0214
Step: 36600  Loss: 0.028943 Regul: 0.008670 Obj: 0.037613 (0.037368) Rank: 53 (53) Ttime: 5.7515 Vtime: 0.0216
Step: 36700  Loss: 0.028965 Regul: 0.008681 Obj: 0.037647 (0.037368) Rank: 53 (53) Ttime: 5.7950 Vtime: 0.0211
Step: 36800  Loss: 0.028848 Regul: 0.008693 Obj: 0.037542 (0.037368) Rank: 53 (53) Ttime: 5.7740 Vtime: 0.0212
Step: 36900  Loss: 0.028818 Regul: 0.008695 Obj: 0.037514 (0.037368) Rank: 53 (53) Ttime: 5.7688 Vtime: 0.0213
Step: 37000  Loss: 0.028782 Regul: 0.008697 Obj: 0.037480 (0.037368) Rank: 53 (53) Ttime: 5.8799 Vtime: 0.0206
Step: 37100  Loss: 0.028843 Regul: 0.008690 Obj: 0.037533 (0.037368) Rank: 53 (53) Ttime: 5.8085 Vtime: 0.0210
Step: 37200  Loss: 0.028916 Regul: 0.008675 Obj: 0.037591 (0.037368) Rank: 53 (53) Ttime: 5.8807 Vtime: 0.0211
Step: 37300  Loss: 0.028878 Regul: 0.008680 Obj: 0.037558 (0.037368) Rank: 53 (53) Ttime: 5.8908 Vtime: 0.0209
Step: 37400  Loss: 0.028984 Regul: 0.008682 Obj: 0.037666 (0.037368) Rank: 53 (53) Ttime: 5.8832 Vtime: 0.0205
Step: 37500  Loss: 0.029101 Regul: 0.008669 Obj: 0.037769 (0.037368) Rank: 53 (53) Ttime: 5.8471 Vtime: 0.0210
Step: 37600  Loss: 0.028968 Regul: 0.008678 Obj: 0.037647 (0.037368) Rank: 53 (53) Ttime: 5.8791 Vtime: 0.0211
Step: 37700  Loss: 0.028962 Regul: 0.008679 Obj: 0.037641 (0.037368) Rank: 53 (53) Ttime: 5.8716 Vtime: 0.0212
Step: 37800  Loss: 0.028929 Regul: 0.008681 Obj: 0.037610 (0.037368) Rank: 53 (53) Ttime: 5.7591 Vtime: 0.0213
Step: 37900  Loss: 0.028914 Regul: 0.008688 Obj: 0.037601 (0.037368) Rank: 53 (53) Ttime: 5.8567 Vtime: 0.0213
Step: 38000  Loss: 0.028902 Regul: 0.008702 Obj: 0.037605 (0.037368) Rank: 53 (53) Ttime: 5.8256 Vtime: 0.0208
Step: 38100  Loss: 0.028875 Regul: 0.008699 Obj: 0.037574 (0.037368) Rank: 53 (53) Ttime: 5.7844 Vtime: 0.0211
Step: 38200  Loss: 0.028883 Regul: 0.008707 Obj: 0.037590 (0.037368) Rank: 53 (53) Ttime: 5.8427 Vtime: 0.0206
Step: 38300  Loss: 0.028814 Regul: 0.008702 Obj: 0.037515 (0.037368) Rank: 53 (53) Ttime: 5.8893 Vtime: 0.0211
Step: 38400  Loss: 0.028785 Regul: 0.008697 Obj: 0.037482 (0.037368) Rank: 53 (53) Ttime: 5.8047 Vtime: 0.0212
Step: 38500  Loss: 0.028851 Regul: 0.008689 Obj: 0.037540 (0.037368) Rank: 53 (53) Ttime: 5.7534 Vtime: 0.0215
Step: 38600  Loss: 0.028880 Regul: 0.008689 Obj: 0.037569 (0.037368) Rank: 53 (53) Ttime: 5.7123 Vtime: 0.0212
Step: 38700  Loss: 0.028805 Regul: 0.008679 Obj: 0.037484 (0.037368) Rank: 53 (53) Ttime: 5.7207 Vtime: 0.0215
Step: 38800  Loss: 0.028805 Regul: 0.008685 Obj: 0.037490 (0.037368) Rank: 53 (53) Ttime: 5.6850 Vtime: 0.0216
Step: 38900  Loss: 0.028853 Regul: 0.008676 Obj: 0.037529 (0.037368) Rank: 53 (53) Ttime: 5.6638 Vtime: 0.0213
Step: 39000  Loss: 0.028912 Regul: 0.008661 Obj: 0.037573 (0.037368) Rank: 53 (53) Ttime: 5.6366 Vtime: 0.0211
Step: 39100  Loss: 0.028912 Regul: 0.008675 Obj: 0.037587 (0.037368) Rank: 53 (53) Ttime: 5.8935 Vtime: 0.0213
Step: 39200  Loss: 0.028938 Regul: 0.008668 Obj: 0.037605 (0.037368) Rank: 53 (53) Ttime: 5.7513 Vtime: 0.0210
Step: 39300  Loss: 0.028891 Regul: 0.008700 Obj: 0.037591 (0.037368) Rank: 53 (53) Ttime: 5.8211 Vtime: 0.0208
Step: 39400  Loss: 0.028842 Regul: 0.008697 Obj: 0.037539 (0.037368) Rank: 53 (53) Ttime: 5.8839 Vtime: 0.0213
Step: 39500  Loss: 0.028775 Regul: 0.008708 Obj: 0.037483 (0.037368) Rank: 53 (53) Ttime: 5.8170 Vtime: 0.0210
Step: 39600  Loss: 0.028805 Regul: 0.008699 Obj: 0.037504 (0.037368) Rank: 53 (53) Ttime: 5.8820 Vtime: 0.0206
Step: 39700  Loss: 0.028728 Regul: 0.008700 Obj: 0.037428 (0.037368) Rank: 53 (53) Ttime: 5.7824 Vtime: 0.0209
Step: 39800  Loss: 0.028725 Regul: 0.008707 Obj: 0.037432 (0.037368) Rank: 53 (53) Ttime: 5.7793 Vtime: 0.0213
Step: 39900  Loss: 0.028823 Regul: 0.008716 Obj: 0.037539 (0.037368) Rank: 53 (53) Ttime: 5.8181 Vtime: 0.0209
Step: 40000  Loss: 0.028814 Regul: 0.008714 Obj: 0.037528 (0.037368) Rank: 53 (53) Ttime: 5.7049 Vtime: 0.0205
Step: 40100  Loss: 0.028788 Regul: 0.008704 Obj: 0.037492 (0.037368) Rank: 53 (53) Ttime: 5.7266 Vtime: 0.0208
Step: 40200  Loss: 0.028745 Regul: 0.008715 Obj: 0.037460 (0.037368) Rank: 53 (53) Ttime: 5.6754 Vtime: 0.0207
Step: 40300  Loss: 0.028767 Regul: 0.008722 Obj: 0.037489 (0.037368) Rank: 53 (53) Ttime: 5.7456 Vtime: 0.0207
Step: 40400  Loss: 0.028778 Regul: 0.008703 Obj: 0.037480 (0.037368) Rank: 53 (53) Ttime: 5.7776 Vtime: 0.0212
Step: 40500  Loss: 0.028832 Regul: 0.008699 Obj: 0.037531 (0.037368) Rank: 53 (53) Ttime: 5.7523 Vtime: 0.0206
Step: 40600  Loss: 0.028799 Regul: 0.008698 Obj: 0.037497 (0.037368) Rank: 53 (53) Ttime: 5.7921 Vtime: 0.0207
Step: 40700  Loss: 0.028876 Regul: 0.008689 Obj: 0.037565 (0.037368) Rank: 53 (53) Ttime: 5.6524 Vtime: 0.0214
Step: 40800  Loss: 0.028834 Regul: 0.008708 Obj: 0.037542 (0.037368) Rank: 53 (53) Ttime: 5.6547 Vtime: 0.0205
Step: 40900  Loss: 0.028872 Regul: 0.008700 Obj: 0.037573 (0.037368) Rank: 53 (53) Ttime: 5.5279 Vtime: 0.0208
Step: 41000  Loss: 0.028865 Regul: 0.008707 Obj: 0.037573 (0.037368) Rank: 53 (53) Ttime: 5.6138 Vtime: 0.0209
Step: 41100  Loss: 0.028789 Regul: 0.008716 Obj: 0.037505 (0.037368) Rank: 53 (53) Ttime: 5.6308 Vtime: 0.0211
Step: 41200  Loss: 0.028854 Regul: 0.008716 Obj: 0.037570 (0.037368) Rank: 53 (53) Ttime: 5.6973 Vtime: 0.0213
Step: 41300  Loss: 0.028807 Regul: 0.008735 Obj: 0.037542 (0.037368) Rank: 53 (53) Ttime: 5.6334 Vtime: 0.0214
Step: 41400  Loss: 0.028791 Regul: 0.008731 Obj: 0.037522 (0.037368) Rank: 53 (53) Ttime: 5.6724 Vtime: 0.0211
Step: 41500  Loss: 0.028754 Regul: 0.008722 Obj: 0.037476 (0.037368) Rank: 53 (53) Ttime: 5.6852 Vtime: 0.0212
Step: 41600  Loss: 0.028816 Regul: 0.008717 Obj: 0.037533 (0.037368) Rank: 53 (53) Ttime: 5.6749 Vtime: 0.0213
Step: 41700  Loss: 0.028837 Regul: 0.008717 Obj: 0.037554 (0.037368) Rank: 53 (53) Ttime: 5.6950 Vtime: 0.0216
Step: 41800  Loss: 0.028802 Regul: 0.008727 Obj: 0.037529 (0.037368) Rank: 53 (53) Ttime: 5.7098 Vtime: 0.0209
Step: 41900  Loss: 0.028807 Regul: 0.008734 Obj: 0.037541 (0.037368) Rank: 53 (53) Ttime: 5.7360 Vtime: 0.0213
Step: 42000  Loss: 0.028719 Regul: 0.008732 Obj: 0.037451 (0.037368) Rank: 53 (53) Ttime: 5.6719 Vtime: 0.0205
Step: 42100  Loss: 0.028722 Regul: 0.008736 Obj: 0.037459 (0.037368) Rank: 53 (53) Ttime: 5.6224 Vtime: 0.0212
Step: 42200  Loss: 0.028686 Regul: 0.008729 Obj: 0.037415 (0.037368) Rank: 53 (53) Ttime: 5.7293 Vtime: 0.0211
Step: 42300  Loss: 0.028705 Regul: 0.008740 Obj: 0.037444 (0.037368) Rank: 53 (53) Ttime: 5.6398 Vtime: 0.0208
Step: 42400  Loss: 0.028714 Regul: 0.008739 Obj: 0.037453 (0.037368) Rank: 53 (53) Ttime: 5.6864 Vtime: 0.0211
Step: 42500  Loss: 0.028697 Regul: 0.008741 Obj: 0.037438 (0.037368) Rank: 53 (53) Ttime: 5.7530 Vtime: 0.0212
Step: 42600  Loss: 0.028737 Regul: 0.008732 Obj: 0.037469 (0.037368) Rank: 53 (53) Ttime: 5.7661 Vtime: 0.0209
Step: 42700  Loss: 0.028667 Regul: 0.008736 Obj: 0.037403 (0.037368) Rank: 53 (53) Ttime: 5.7838 Vtime: 0.0215
Step: 42800  Loss: 0.028663 Regul: 0.008718 Obj: 0.037381 (0.037368) Rank: 53 (53) Ttime: 5.6545 Vtime: 0.0208
Step: 42900  Loss: 0.028729 Regul: 0.008725 Obj: 0.037454 (0.037368) Rank: 53 (53) Ttime: 5.6231 Vtime: 0.0209
Step: 43000  Loss: 0.028827 Regul: 0.008714 Obj: 0.037541 (0.037368) Rank: 53 (53) Ttime: 5.7440 Vtime: 0.0208
Step: 43100  Loss: 0.028849 Regul: 0.008699 Obj: 0.037548 (0.037368) Rank: 53 (53) Ttime: 5.7066 Vtime: 0.0212
Step: 43200  Loss: 0.028751 Regul: 0.008725 Obj: 0.037476 (0.037368) Rank: 53 (53) Ttime: 5.7026 Vtime: 0.0206
Step: 43300  Loss: 0.028687 Regul: 0.008740 Obj: 0.037428 (0.037368) Rank: 53 (53) Ttime: 5.7178 Vtime: 0.0212
Step: 43400  Loss: 0.028791 Regul: 0.008720 Obj: 0.037511 (0.037368) Rank: 53 (53) Ttime: 5.7063 Vtime: 0.0216
Step: 43500  Loss: 0.028744 Regul: 0.008723 Obj: 0.037467 (0.037368) Rank: 53 (53) Ttime: 5.6843 Vtime: 0.0207
Step: 43600  Loss: 0.028799 Regul: 0.008710 Obj: 0.037509 (0.037368) Rank: 53 (53) Ttime: 5.6856 Vtime: 0.0207
Step: 43700  Loss: 0.028732 Regul: 0.008719 Obj: 0.037451 (0.037368) Rank: 53 (53) Ttime: 5.7004 Vtime: 0.0207
Step: 43800  Loss: 0.028872 Regul: 0.008698 Obj: 0.037570 (0.037368) Rank: 53 (53) Ttime: 5.7123 Vtime: 0.0207
Step: 43900  Loss: 0.028845 Regul: 0.008696 Obj: 0.037541 (0.037368) Rank: 53 (53) Ttime: 5.7245 Vtime: 0.0211
Step: 44000  Loss: 0.028826 Regul: 0.008711 Obj: 0.037537 (0.037368) Rank: 53 (53) Ttime: 5.7685 Vtime: 0.0213
Step: 44100  Loss: 0.028781 Regul: 0.008730 Obj: 0.037510 (0.037368) Rank: 53 (53) Ttime: 5.6921 Vtime: 0.0208
Step: 44200  Loss: 0.028805 Regul: 0.008729 Obj: 0.037534 (0.037368) Rank: 53 (53) Ttime: 5.7679 Vtime: 0.0214
Step: 44300  Loss: 0.028732 Regul: 0.008743 Obj: 0.037475 (0.037368) Rank: 53 (53) Ttime: 5.7879 Vtime: 0.0208
Step: 44400  Loss: 0.028684 Regul: 0.008744 Obj: 0.037429 (0.037368) Rank: 53 (53) Ttime: 5.7661 Vtime: 0.0206
Step: 44500  Loss: 0.028689 Regul: 0.008743 Obj: 0.037432 (0.037368) Rank: 53 (53) Ttime: 5.8430 Vtime: 0.0208
Step: 44600  Loss: 0.028777 Regul: 0.008736 Obj: 0.037513 (0.037368) Rank: 53 (53) Ttime: 5.8406 Vtime: 0.0211
Step: 44700  Loss: 0.028748 Regul: 0.008720 Obj: 0.037468 (0.037368) Rank: 53 (53) Ttime: 5.7493 Vtime: 0.0209
Step: 44800  Loss: 0.028823 Regul: 0.008733 Obj: 0.037555 (0.037368) Rank: 53 (53) Ttime: 5.7446 Vtime: 0.0210
Step: 44900  Loss: 0.028730 Regul: 0.008758 Obj: 0.037488 (0.037368) Rank: 53 (53) Ttime: 5.8460 Vtime: 0.0209
Step: 45000  Loss: 0.028752 Regul: 0.008738 Obj: 0.037490 (0.037368) Rank: 53 (53) Ttime: 5.7688 Vtime: 0.0209
Step: 45100  Loss: 0.028779 Regul: 0.008734 Obj: 0.037513 (0.037368) Rank: 53 (53) Ttime: 5.6818 Vtime: 0.0208
Step: 45200  Loss: 0.028805 Regul: 0.008735 Obj: 0.037541 (0.037368) Rank: 53 (53) Ttime: 5.7792 Vtime: 0.0210
Step: 45300  Loss: 0.028807 Regul: 0.008734 Obj: 0.037541 (0.037368) Rank: 53 (53) Ttime: 5.7851 Vtime: 0.0209
Step: 45400  Loss: 0.028745 Regul: 0.008737 Obj: 0.037482 (0.037368) Rank: 53 (53) Ttime: 5.7382 Vtime: 0.0205
Step: 45500  Loss: 0.028760 Regul: 0.008732 Obj: 0.037492 (0.037368) Rank: 53 (53) Ttime: 5.7551 Vtime: 0.0211
Step: 45600  Loss: 0.028789 Regul: 0.008734 Obj: 0.037523 (0.037368) Rank: 53 (53) Ttime: 5.6588 Vtime: 0.0208
Step: 45700  Loss: 0.028686 Regul: 0.008736 Obj: 0.037421 (0.037368) Rank: 53 (53) Ttime: 5.7449 Vtime: 0.0208
Step: 45800  Loss: 0.028734 Regul: 0.008744 Obj: 0.037478 (0.037368) Rank: 53 (53) Ttime: 5.8273 Vtime: 0.0209
Step: 45900  Loss: 0.028719 Regul: 0.008742 Obj: 0.037460 (0.037368) Rank: 53 (53) Ttime: 5.8691 Vtime: 0.0208
Step: 46000  Loss: 0.028726 Regul: 0.008729 Obj: 0.037455 (0.037368) Rank: 53 (53) Ttime: 5.7827 Vtime: 0.0210
Step: 46100  Loss: 0.028752 Regul: 0.008741 Obj: 0.037493 (0.037368) Rank: 53 (53) Ttime: 5.7964 Vtime: 0.0208
Step: 46200  Loss: 0.028731 Regul: 0.008738 Obj: 0.037469 (0.037368) Rank: 53 (53) Ttime: 5.7946 Vtime: 0.0211
Step: 46300  Loss: 0.028735 Regul: 0.008759 Obj: 0.037494 (0.037368) Rank: 53 (53) Ttime: 5.9057 Vtime: 0.0208
Step: 46400  Loss: 0.028671 Regul: 0.008765 Obj: 0.037436 (0.037368) Rank: 53 (53) Ttime: 5.8079 Vtime: 0.0208
Best: 46500  Loss: 0.028606 Regul: 0.008762 Obj: 0.037367 (0.037367) Rank: 53 (53) Ttime: 5.7686 Vtime: 0.0214
Stat: Dim [53] AUC: 0.991515 (0.991515) FPR95: 2.92 (2.92) [saved]
Step: 46600  Loss: 0.028641 Regul: 0.008754 Obj: 0.037395 (0.037367) Rank: 53 (53) Ttime: 5.8640 Vtime: 0.0206
Step: 46700  Loss: 0.028692 Regul: 0.008742 Obj: 0.037433 (0.037367) Rank: 53 (53) Ttime: 5.7721 Vtime: 0.0214
Step: 46800  Loss: 0.028746 Regul: 0.008725 Obj: 0.037471 (0.037367) Rank: 53 (53) Ttime: 5.7905 Vtime: 0.0213
Step: 46900  Loss: 0.028771 Regul: 0.008722 Obj: 0.037493 (0.037367) Rank: 53 (53) Ttime: 5.8160 Vtime: 0.0212
Step: 47000  Loss: 0.028774 Regul: 0.008716 Obj: 0.037490 (0.037367) Rank: 53 (53) Ttime: 5.7748 Vtime: 0.0213
Step: 47100  Loss: 0.028789 Regul: 0.008726 Obj: 0.037516 (0.037367) Rank: 53 (53) Ttime: 5.8200 Vtime: 0.0209
Step: 47200  Loss: 0.028834 Regul: 0.008722 Obj: 0.037556 (0.037367) Rank: 53 (53) Ttime: 5.7886 Vtime: 0.0211
Step: 47300  Loss: 0.028853 Regul: 0.008709 Obj: 0.037561 (0.037367) Rank: 53 (53) Ttime: 5.7599 Vtime: 0.0214
Step: 47400  Loss: 0.028861 Regul: 0.008707 Obj: 0.037568 (0.037367) Rank: 53 (53) Ttime: 5.7653 Vtime: 0.0204
Step: 47500  Loss: 0.028792 Regul: 0.008714 Obj: 0.037505 (0.037367) Rank: 53 (53) Ttime: 5.7266 Vtime: 0.0212
Step: 47600  Loss: 0.028789 Regul: 0.008707 Obj: 0.037496 (0.037367) Rank: 53 (53) Ttime: 5.8011 Vtime: 0.0210
Step: 47700  Loss: 0.028841 Regul: 0.008710 Obj: 0.037550 (0.037367) Rank: 53 (53) Ttime: 5.8617 Vtime: 0.0206
Step: 47800  Loss: 0.028868 Regul: 0.008720 Obj: 0.037588 (0.037367) Rank: 53 (53) Ttime: 5.7646 Vtime: 0.0209
Step: 47900  Loss: 0.028891 Regul: 0.008732 Obj: 0.037623 (0.037367) Rank: 53 (53) Ttime: 5.7406 Vtime: 0.0211
Step: 48000  Loss: 0.028948 Regul: 0.008708 Obj: 0.037656 (0.037367) Rank: 53 (53) Ttime: 5.7291 Vtime: 0.0209
Step: 48100  Loss: 0.028967 Regul: 0.008697 Obj: 0.037664 (0.037367) Rank: 53 (53) Ttime: 5.8664 Vtime: 0.0211
Step: 48200  Loss: 0.028981 Regul: 0.008690 Obj: 0.037671 (0.037367) Rank: 53 (53) Ttime: 5.7498 Vtime: 0.0211
Step: 48300  Loss: 0.029013 Regul: 0.008681 Obj: 0.037694 (0.037367) Rank: 53 (53) Ttime: 5.9075 Vtime: 0.0208
Step: 48400  Loss: 0.029061 Regul: 0.008680 Obj: 0.037741 (0.037367) Rank: 53 (53) Ttime: 5.9439 Vtime: 0.0205
Step: 48500  Loss: 0.029012 Regul: 0.008676 Obj: 0.037689 (0.037367) Rank: 53 (53) Ttime: 5.7966 Vtime: 0.0213
Step: 48600  Loss: 0.029012 Regul: 0.008670 Obj: 0.037683 (0.037367) Rank: 53 (53) Ttime: 5.8062 Vtime: 0.0208
Step: 48700  Loss: 0.028896 Regul: 0.008691 Obj: 0.037587 (0.037367) Rank: 53 (53) Ttime: 5.7255 Vtime: 0.0205
Step: 48800  Loss: 0.028986 Regul: 0.008695 Obj: 0.037681 (0.037367) Rank: 53 (53) Ttime: 5.7325 Vtime: 0.0208
Step: 48900  Loss: 0.029013 Regul: 0.008690 Obj: 0.037703 (0.037367) Rank: 53 (53) Ttime: 5.7902 Vtime: 0.0210
Step: 49000  Loss: 0.028904 Regul: 0.008687 Obj: 0.037590 (0.037367) Rank: 53 (53) Ttime: 5.7324 Vtime: 0.0208
Step: 49100  Loss: 0.028962 Regul: 0.008681 Obj: 0.037643 (0.037367) Rank: 53 (53) Ttime: 5.6873 Vtime: 0.0206
Step: 49200  Loss: 0.028998 Regul: 0.008684 Obj: 0.037682 (0.037367) Rank: 53 (53) Ttime: 5.7526 Vtime: 0.0212
Step: 49300  Loss: 0.028964 Regul: 0.008693 Obj: 0.037657 (0.037367) Rank: 53 (53) Ttime: 5.7798 Vtime: 0.0213
Step: 49400  Loss: 0.028925 Regul: 0.008698 Obj: 0.037623 (0.037367) Rank: 53 (53) Ttime: 5.7128 Vtime: 0.0209
Step: 49500  Loss: 0.028947 Regul: 0.008678 Obj: 0.037626 (0.037367) Rank: 53 (53) Ttime: 5.5724 Vtime: 0.0204
Step: 49600  Loss: 0.028948 Regul: 0.008680 Obj: 0.037628 (0.037367) Rank: 53 (53) Ttime: 5.7085 Vtime: 0.0209
Step: 49700  Loss: 0.028905 Regul: 0.008684 Obj: 0.037589 (0.037367) Rank: 53 (53) Ttime: 5.7366 Vtime: 0.0214
Step: 49800  Loss: 0.028852 Regul: 0.008695 Obj: 0.037547 (0.037367) Rank: 53 (53) Ttime: 5.6592 Vtime: 0.0211
Step: 49900  Loss: 0.028899 Regul: 0.008695 Obj: 0.037593 (0.037367) Rank: 53 (53) Ttime: 5.9054 Vtime: 0.0218
Step: 50000  Loss: 0.028827 Regul: 0.008705 Obj: 0.037532 (0.037367) Rank: 53 (53) Ttime: 5.7687 Vtime: 0.0211
