mu: 0.0005 gamma: 0.05 maxdim: 80 nIters: 50000
Load Labels: 500000
Load Distances: 500000 x 480
0...10...20...30...40...50...60...70...80...90...100 - done.
Positive samples #250000
Negative samples #250000
Positive train #200000
Negative train #200000
Positive valid #50000
Negative valid #50000

Found GPU: GeForce GTX 970
Compute Capability: 5.2

Best: 100  Loss: 0.796847 Regul: 0.086561 Obj: 0.883408 (0.883408) Rank: 152 (152) Ttime: 5.6602 Vtime: 0.1043
Stat: Dim/MaxDim [152/80] AUC: 0.984635 (0.984635) FPR95: 7.19 (7.19) [saved]
Best: 200  Loss: 0.347776 Regul: 0.054498 Obj: 0.402273 (0.402273) Rank: 124 (124) Ttime: 5.4775 Vtime: 0.0400
Stat: Dim/MaxDim [124/80] AUC: 0.986379 (0.986379) FPR95: 5.95 (5.95) [saved]
Best: 300  Loss: 0.217701 Regul: 0.039794 Obj: 0.257495 (0.257495) Rank: 108 (108) Ttime: 5.3943 Vtime: 0.0357
Stat: Dim/MaxDim [108/80] AUC: 0.987332 (0.987332) FPR95: 5.45 (5.45) [saved]
Best: 400  Loss: 0.149175 Regul: 0.031079 Obj: 0.180254 (0.180254) Rank: 97 (97) Ttime: 5.3242 Vtime: 0.0353
Stat: Dim/MaxDim [97/80] AUC: 0.988077 (0.988077) FPR95: 4.93 (4.93) [saved]
Best: 500  Loss: 0.105531 Regul: 0.024958 Obj: 0.130489 (0.130489) Rank: 89 (89) Ttime: 5.2893 Vtime: 0.0315
Stat: Dim/MaxDim [89/80] AUC: 0.988862 (0.988862) FPR95: 4.69 (4.69) [saved]
Best: 600  Loss: 0.085495 Regul: 0.020789 Obj: 0.106285 (0.106285) Rank: 84 (84) Ttime: 5.2289 Vtime: 0.0307
Stat: Dim/MaxDim [84/80] AUC: 0.988943 (0.988862) FPR95: 4.72 (4.69)
Best: 700  Loss: 0.069866 Regul: 0.017667 Obj: 0.087533 (0.087533) Rank: 80 (80) Ttime: 5.2507 Vtime: 0.0269
Stat: Dim/MaxDim [80/80] AUC: 0.989082 (0.989082) FPR95: 4.69 (4.69) [saved]
Best: 800  Loss: 0.059087 Regul: 0.015243 Obj: 0.074331 (0.074331) Rank: 75 (75) Ttime: 5.1809 Vtime: 0.0272
Stat: Dim/MaxDim [75/80] AUC: 0.989536 (0.989536) FPR95: 4.40 (4.40) [saved]
Best: 900  Loss: 0.052045 Regul: 0.013354 Obj: 0.065400 (0.065400) Rank: 72 (72) Ttime: 5.1453 Vtime: 0.0272
Stat: Dim/MaxDim [72/80] AUC: 0.989724 (0.989724) FPR95: 4.35 (4.35) [saved]
Best: 1000  Loss: 0.046512 Regul: 0.011914 Obj: 0.058426 (0.058426) Rank: 70 (70) Ttime: 5.1710 Vtime: 0.0264
Stat: Dim/MaxDim [70/80] AUC: 0.990285 (0.990285) FPR95: 3.98 (3.98) [saved]
Best: 1100  Loss: 0.042806 Regul: 0.010745 Obj: 0.053551 (0.053551) Rank: 67 (67) Ttime: 5.0956 Vtime: 0.0267
Stat: Dim/MaxDim [67/80] AUC: 0.990290 (0.990290) FPR95: 3.96 (3.96) [saved]
Best: 1200  Loss: 0.040765 Regul: 0.009763 Obj: 0.050529 (0.050529) Rank: 66 (66) Ttime: 5.1225 Vtime: 0.0262
Stat: Dim/MaxDim [66/80] AUC: 0.990413 (0.990290) FPR95: 3.99 (3.96)
Best: 1300  Loss: 0.038455 Regul: 0.009067 Obj: 0.047522 (0.047522) Rank: 64 (64) Ttime: 5.1108 Vtime: 0.0227
Stat: Dim/MaxDim [64/80] AUC: 0.990229 (0.990290) FPR95: 4.11 (3.96)
Best: 1400  Loss: 0.037310 Regul: 0.008566 Obj: 0.045876 (0.045876) Rank: 64 (64) Ttime: 5.1573 Vtime: 0.0223
Stat: Dim/MaxDim [64/80] AUC: 0.990584 (0.990584) FPR95: 3.82 (3.82) [saved]
Best: 1500  Loss: 0.035837 Regul: 0.008138 Obj: 0.043975 (0.043975) Rank: 63 (63) Ttime: 5.1373 Vtime: 0.0217
Stat: Dim/MaxDim [63/80] AUC: 0.990619 (0.990619) FPR95: 3.77 (3.77) [saved]
Best: 1600  Loss: 0.035228 Regul: 0.007892 Obj: 0.043120 (0.043120) Rank: 64 (64) Ttime: 5.0647 Vtime: 0.0223
Stat: Dim/MaxDim [64/80] AUC: 0.990625 (0.990619) FPR95: 3.86 (3.77)
Best: 1700  Loss: 0.033586 Regul: 0.007691 Obj: 0.041277 (0.041277) Rank: 64 (64) Ttime: 5.1205 Vtime: 0.0222
Stat: Dim/MaxDim [64/80] AUC: 0.990947 (0.990947) FPR95: 3.55 (3.55) [saved]
Best: 1800  Loss: 0.033348 Regul: 0.007520 Obj: 0.040868 (0.040868) Rank: 64 (64) Ttime: 5.0841 Vtime: 0.0224
Stat: Dim/MaxDim [64/80] AUC: 0.990886 (0.990947) FPR95: 3.69 (3.55)
Best: 1900  Loss: 0.032761 Regul: 0.007270 Obj: 0.040031 (0.040031) Rank: 63 (63) Ttime: 5.0556 Vtime: 0.0216
Stat: Dim/MaxDim [63/80] AUC: 0.991001 (0.990947) FPR95: 3.61 (3.55)
Step: 2000  Loss: 0.032913 Regul: 0.007136 Obj: 0.040049 (0.040031) Rank: 63 (63) Ttime: 5.0810 Vtime: 0.0214
Best: 2100  Loss: 0.032384 Regul: 0.007122 Obj: 0.039505 (0.039505) Rank: 63 (63) Ttime: 5.0381 Vtime: 0.0211
Stat: Dim/MaxDim [63/80] AUC: 0.991138 (0.991138) FPR95: 3.47 (3.47) [saved]
Step: 2200  Loss: 0.032900 Regul: 0.007000 Obj: 0.039901 (0.039505) Rank: 63 (63) Ttime: 5.0876 Vtime: 0.0213
Step: 2300  Loss: 0.032712 Regul: 0.006904 Obj: 0.039616 (0.039505) Rank: 63 (63) Ttime: 5.0182 Vtime: 0.0204
Best: 2400  Loss: 0.032696 Regul: 0.006807 Obj: 0.039503 (0.039503) Rank: 63 (63) Ttime: 5.0640 Vtime: 0.0212
Stat: Dim/MaxDim [63/80] AUC: 0.991209 (0.991209) FPR95: 3.46 (3.46) [saved]
Best: 2500  Loss: 0.031585 Regul: 0.006725 Obj: 0.038309 (0.038309) Rank: 64 (64) Ttime: 5.0323 Vtime: 0.0229
Stat: Dim/MaxDim [64/80] AUC: 0.991398 (0.991398) FPR95: 3.28 (3.28) [saved]
Step: 2600  Loss: 0.031744 Regul: 0.006704 Obj: 0.038448 (0.038309) Rank: 63 (64) Ttime: 5.0063 Vtime: 0.0212
Step: 2700  Loss: 0.031696 Regul: 0.006673 Obj: 0.038369 (0.038309) Rank: 63 (64) Ttime: 4.9971 Vtime: 0.0213
Best: 2800  Loss: 0.031238 Regul: 0.006608 Obj: 0.037846 (0.037846) Rank: 62 (62) Ttime: 4.9989 Vtime: 0.0222
Stat: Dim/MaxDim [62/80] AUC: 0.991474 (0.991398) FPR95: 3.30 (3.28)
Best: 2900  Loss: 0.031015 Regul: 0.006575 Obj: 0.037590 (0.037590) Rank: 63 (63) Ttime: 5.0911 Vtime: 0.0220
Stat: Dim/MaxDim [63/80] AUC: 0.991511 (0.991398) FPR95: 3.34 (3.28)
Step: 3000  Loss: 0.031190 Regul: 0.006536 Obj: 0.037726 (0.037590) Rank: 63 (63) Ttime: 4.9816 Vtime: 0.0213
Step: 3100  Loss: 0.031605 Regul: 0.006510 Obj: 0.038116 (0.037590) Rank: 63 (63) Ttime: 5.0177 Vtime: 0.0210
Step: 3200  Loss: 0.031240 Regul: 0.006516 Obj: 0.037755 (0.037590) Rank: 63 (63) Ttime: 5.0184 Vtime: 0.0214
Step: 3300  Loss: 0.031180 Regul: 0.006515 Obj: 0.037695 (0.037590) Rank: 63 (63) Ttime: 4.9954 Vtime: 0.0209
Best: 3400  Loss: 0.030639 Regul: 0.006489 Obj: 0.037128 (0.037128) Rank: 62 (62) Ttime: 5.0414 Vtime: 0.0214
Stat: Dim/MaxDim [62/80] AUC: 0.991624 (0.991624) FPR95: 3.18 (3.18) [saved]
Best: 3500  Loss: 0.030535 Regul: 0.006472 Obj: 0.037006 (0.037006) Rank: 64 (64) Ttime: 4.9652 Vtime: 0.0230
Stat: Dim/MaxDim [64/80] AUC: 0.991669 (0.991624) FPR95: 3.21 (3.18)
Step: 3600  Loss: 0.030903 Regul: 0.006455 Obj: 0.037358 (0.037006) Rank: 63 (64) Ttime: 4.9221 Vtime: 0.0217
Step: 3700  Loss: 0.030753 Regul: 0.006445 Obj: 0.037198 (0.037006) Rank: 64 (64) Ttime: 4.9749 Vtime: 0.0230
Best: 3800  Loss: 0.030369 Regul: 0.006443 Obj: 0.036811 (0.036811) Rank: 63 (63) Ttime: 4.9910 Vtime: 0.0212
Stat: Dim/MaxDim [63/80] AUC: 0.991763 (0.991763) FPR95: 3.13 (3.13) [saved]
Step: 3900  Loss: 0.030990 Regul: 0.006417 Obj: 0.037407 (0.036811) Rank: 63 (63) Ttime: 5.0226 Vtime: 0.0212
Step: 4000  Loss: 0.030647 Regul: 0.006392 Obj: 0.037039 (0.036811) Rank: 64 (63) Ttime: 4.9884 Vtime: 0.0228
Step: 4100  Loss: 0.030735 Regul: 0.006369 Obj: 0.037104 (0.036811) Rank: 63 (63) Ttime: 4.9691 Vtime: 0.0214
Best: 4200  Loss: 0.030087 Regul: 0.006354 Obj: 0.036440 (0.036440) Rank: 63 (63) Ttime: 5.0088 Vtime: 0.0213
Stat: Dim/MaxDim [63/80] AUC: 0.991834 (0.991763) FPR95: 3.15 (3.13)
Step: 4300  Loss: 0.030194 Regul: 0.006362 Obj: 0.036556 (0.036440) Rank: 64 (63) Ttime: 4.9831 Vtime: 0.0231
Best: 4400  Loss: 0.029797 Regul: 0.006334 Obj: 0.036131 (0.036131) Rank: 65 (65) Ttime: 4.9728 Vtime: 0.0270
Stat: Dim/MaxDim [65/80] AUC: 0.991937 (0.991937) FPR95: 3.05 (3.05) [saved]
Step: 4500  Loss: 0.029958 Regul: 0.006335 Obj: 0.036293 (0.036131) Rank: 64 (65) Ttime: 4.9051 Vtime: 0.0230
Best: 4600  Loss: 0.029590 Regul: 0.006333 Obj: 0.035922 (0.035922) Rank: 65 (65) Ttime: 5.0117 Vtime: 0.0273
Stat: Dim/MaxDim [65/80] AUC: 0.991976 (0.991976) FPR95: 3.02 (3.02) [saved]
Step: 4700  Loss: 0.030549 Regul: 0.006332 Obj: 0.036881 (0.035922) Rank: 65 (65) Ttime: 5.0012 Vtime: 0.0261
Step: 4800  Loss: 0.029603 Regul: 0.006345 Obj: 0.035948 (0.035922) Rank: 65 (65) Ttime: 4.9416 Vtime: 0.0264
Best: 4900  Loss: 0.029236 Regul: 0.006306 Obj: 0.035542 (0.035542) Rank: 65 (65) Ttime: 5.0209 Vtime: 0.0261
Stat: Dim/MaxDim [65/80] AUC: 0.991999 (0.991976) FPR95: 3.08 (3.02)
Step: 5000  Loss: 0.029666 Regul: 0.006295 Obj: 0.035961 (0.035542) Rank: 65 (65) Ttime: 4.9404 Vtime: 0.0267
Best: 5100  Loss: 0.029017 Regul: 0.006303 Obj: 0.035321 (0.035321) Rank: 65 (65) Ttime: 4.9726 Vtime: 0.0262
Stat: Dim/MaxDim [65/80] AUC: 0.992132 (0.992132) FPR95: 2.97 (2.97) [saved]
Step: 5200  Loss: 0.029490 Regul: 0.006263 Obj: 0.035752 (0.035321) Rank: 65 (65) Ttime: 4.9696 Vtime: 0.0261
Step: 5300  Loss: 0.029156 Regul: 0.006268 Obj: 0.035424 (0.035321) Rank: 65 (65) Ttime: 4.9523 Vtime: 0.0262
Step: 5400  Loss: 0.029563 Regul: 0.006282 Obj: 0.035845 (0.035321) Rank: 64 (65) Ttime: 4.8432 Vtime: 0.0234
Step: 5500  Loss: 0.029472 Regul: 0.006266 Obj: 0.035737 (0.035321) Rank: 65 (65) Ttime: 4.9475 Vtime: 0.0274
Step: 5600  Loss: 0.029250 Regul: 0.006277 Obj: 0.035527 (0.035321) Rank: 65 (65) Ttime: 4.9162 Vtime: 0.0266
Step: 5700  Loss: 0.029117 Regul: 0.006255 Obj: 0.035372 (0.035321) Rank: 65 (65) Ttime: 4.8994 Vtime: 0.0268
Best: 5800  Loss: 0.029068 Regul: 0.006249 Obj: 0.035318 (0.035318) Rank: 65 (65) Ttime: 4.9316 Vtime: 0.0265
Stat: Dim/MaxDim [65/80] AUC: 0.992148 (0.992132) FPR95: 3.02 (2.97)
Step: 5900  Loss: 0.029155 Regul: 0.006251 Obj: 0.035406 (0.035318) Rank: 64 (65) Ttime: 4.9102 Vtime: 0.0232
Best: 6000  Loss: 0.028928 Regul: 0.006259 Obj: 0.035187 (0.035187) Rank: 65 (65) Ttime: 4.9141 Vtime: 0.0274
Stat: Dim/MaxDim [65/80] AUC: 0.992303 (0.992303) FPR95: 2.81 (2.81) [saved]
Step: 6100  Loss: 0.028939 Regul: 0.006281 Obj: 0.035220 (0.035187) Rank: 66 (65) Ttime: 4.8301 Vtime: 0.0274
Best: 6200  Loss: 0.028749 Regul: 0.006248 Obj: 0.034998 (0.034998) Rank: 65 (65) Ttime: 4.9468 Vtime: 0.0274
Stat: Dim/MaxDim [65/80] AUC: 0.992343 (0.992303) FPR95: 2.82 (2.81)
Step: 6300  Loss: 0.029164 Regul: 0.006226 Obj: 0.035390 (0.034998) Rank: 66 (65) Ttime: 4.9375 Vtime: 0.0270
Step: 6400  Loss: 0.029179 Regul: 0.006231 Obj: 0.035410 (0.034998) Rank: 66 (65) Ttime: 4.9447 Vtime: 0.0268
Best: 6500  Loss: 0.028687 Regul: 0.006234 Obj: 0.034922 (0.034922) Rank: 65 (65) Ttime: 4.9596 Vtime: 0.0272
Stat: Dim/MaxDim [65/80] AUC: 0.992292 (0.992303) FPR95: 2.88 (2.81)
Step: 6600  Loss: 0.028708 Regul: 0.006253 Obj: 0.034961 (0.034922) Rank: 65 (65) Ttime: 4.9142 Vtime: 0.0263
Best: 6700  Loss: 0.028623 Regul: 0.006209 Obj: 0.034832 (0.034832) Rank: 66 (66) Ttime: 4.9358 Vtime: 0.0269
Stat: Dim/MaxDim [66/80] AUC: 0.992276 (0.992303) FPR95: 2.89 (2.81)
Step: 6800  Loss: 0.028832 Regul: 0.006177 Obj: 0.035009 (0.034832) Rank: 66 (66) Ttime: 4.9299 Vtime: 0.0262
Step: 6900  Loss: 0.029019 Regul: 0.006145 Obj: 0.035164 (0.034832) Rank: 65 (66) Ttime: 4.9742 Vtime: 0.0269
Step: 7000  Loss: 0.028703 Regul: 0.006156 Obj: 0.034859 (0.034832) Rank: 65 (66) Ttime: 4.9050 Vtime: 0.0262
Step: 7100  Loss: 0.029052 Regul: 0.006143 Obj: 0.035195 (0.034832) Rank: 67 (66) Ttime: 4.9374 Vtime: 0.0267
Step: 7200  Loss: 0.028724 Regul: 0.006133 Obj: 0.034857 (0.034832) Rank: 66 (66) Ttime: 4.8893 Vtime: 0.0278
Step: 7300  Loss: 0.029120 Regul: 0.006130 Obj: 0.035250 (0.034832) Rank: 67 (66) Ttime: 4.8972 Vtime: 0.0272
Best: 7400  Loss: 0.028459 Regul: 0.006130 Obj: 0.034590 (0.034590) Rank: 66 (66) Ttime: 4.9094 Vtime: 0.0275
Stat: Dim/MaxDim [66/80] AUC: 0.992340 (0.992340) FPR95: 2.80 (2.80) [saved]
Step: 7500  Loss: 0.028583 Regul: 0.006137 Obj: 0.034720 (0.034590) Rank: 66 (66) Ttime: 4.9455 Vtime: 0.0268
Step: 7600  Loss: 0.029114 Regul: 0.006134 Obj: 0.035247 (0.034590) Rank: 65 (66) Ttime: 4.9288 Vtime: 0.0272
Step: 7700  Loss: 0.028485 Regul: 0.006119 Obj: 0.034604 (0.034590) Rank: 66 (66) Ttime: 4.8392 Vtime: 0.0267
Step: 7800  Loss: 0.028759 Regul: 0.006103 Obj: 0.034862 (0.034590) Rank: 65 (66) Ttime: 4.8478 Vtime: 0.0270
Step: 7900  Loss: 0.028941 Regul: 0.006087 Obj: 0.035027 (0.034590) Rank: 65 (66) Ttime: 4.8587 Vtime: 0.0263
Step: 8000  Loss: 0.028971 Regul: 0.006079 Obj: 0.035049 (0.034590) Rank: 65 (66) Ttime: 4.8924 Vtime: 0.0260
Step: 8100  Loss: 0.028632 Regul: 0.006088 Obj: 0.034720 (0.034590) Rank: 66 (66) Ttime: 4.8619 Vtime: 0.0269
Best: 8200  Loss: 0.028351 Regul: 0.006075 Obj: 0.034426 (0.034426) Rank: 65 (65) Ttime: 4.8570 Vtime: 0.0269
Stat: Dim/MaxDim [65/80] AUC: 0.992448 (0.992448) FPR95: 2.73 (2.73) [saved]
Best: 8300  Loss: 0.027987 Regul: 0.006082 Obj: 0.034070 (0.034070) Rank: 66 (66) Ttime: 4.9483 Vtime: 0.0279
Stat: Dim/MaxDim [66/80] AUC: 0.992513 (0.992513) FPR95: 2.73 (2.73) [saved]
Step: 8400  Loss: 0.028085 Regul: 0.006100 Obj: 0.034184 (0.034070) Rank: 65 (66) Ttime: 4.8751 Vtime: 0.0267
Step: 8500  Loss: 0.028255 Regul: 0.006093 Obj: 0.034348 (0.034070) Rank: 66 (66) Ttime: 4.8234 Vtime: 0.0276
Step: 8600  Loss: 0.028478 Regul: 0.006103 Obj: 0.034581 (0.034070) Rank: 66 (66) Ttime: 4.8882 Vtime: 0.0264
Step: 8700  Loss: 0.028466 Regul: 0.006093 Obj: 0.034558 (0.034070) Rank: 66 (66) Ttime: 4.9003 Vtime: 0.0263
Step: 8800  Loss: 0.028298 Regul: 0.006097 Obj: 0.034395 (0.034070) Rank: 66 (66) Ttime: 4.7786 Vtime: 0.0264
Best: 8900  Loss: 0.027899 Regul: 0.006080 Obj: 0.033979 (0.033979) Rank: 66 (66) Ttime: 4.8588 Vtime: 0.0267
Stat: Dim/MaxDim [66/80] AUC: 0.992497 (0.992513) FPR95: 2.68 (2.73)
Step: 9000  Loss: 0.028332 Regul: 0.006053 Obj: 0.034385 (0.033979) Rank: 66 (66) Ttime: 4.8621 Vtime: 0.0266
Step: 9100  Loss: 0.028570 Regul: 0.006066 Obj: 0.034636 (0.033979) Rank: 66 (66) Ttime: 4.8472 Vtime: 0.0267
Step: 9200  Loss: 0.028495 Regul: 0.006058 Obj: 0.034553 (0.033979) Rank: 65 (66) Ttime: 4.8972 Vtime: 0.0276
Step: 9300  Loss: 0.028404 Regul: 0.006059 Obj: 0.034462 (0.033979) Rank: 66 (66) Ttime: 4.8402 Vtime: 0.0271
Step: 9400  Loss: 0.028575 Regul: 0.006031 Obj: 0.034606 (0.033979) Rank: 66 (66) Ttime: 4.8548 Vtime: 0.0268
Step: 9500  Loss: 0.028288 Regul: 0.006038 Obj: 0.034326 (0.033979) Rank: 65 (66) Ttime: 4.9019 Vtime: 0.0274
Step: 9600  Loss: 0.028129 Regul: 0.006027 Obj: 0.034157 (0.033979) Rank: 66 (66) Ttime: 4.9189 Vtime: 0.0274
Step: 9700  Loss: 0.028084 Regul: 0.006022 Obj: 0.034105 (0.033979) Rank: 66 (66) Ttime: 4.9489 Vtime: 0.0273
Step: 9800  Loss: 0.028235 Regul: 0.006039 Obj: 0.034274 (0.033979) Rank: 66 (66) Ttime: 4.9187 Vtime: 0.0270
Step: 9900  Loss: 0.028334 Regul: 0.006016 Obj: 0.034349 (0.033979) Rank: 66 (66) Ttime: 4.9524 Vtime: 0.0264
Step: 10000  Loss: 0.028395 Regul: 0.006019 Obj: 0.034414 (0.033979) Rank: 66 (66) Ttime: 4.9352 Vtime: 0.0265
Step: 10100  Loss: 0.028394 Regul: 0.006003 Obj: 0.034396 (0.033979) Rank: 66 (66) Ttime: 4.8607 Vtime: 0.0268
Step: 10200  Loss: 0.028458 Regul: 0.006017 Obj: 0.034475 (0.033979) Rank: 66 (66) Ttime: 4.9225 Vtime: 0.0267
Step: 10300  Loss: 0.028177 Regul: 0.006050 Obj: 0.034227 (0.033979) Rank: 66 (66) Ttime: 4.8837 Vtime: 0.0264
Step: 10400  Loss: 0.028393 Regul: 0.006057 Obj: 0.034450 (0.033979) Rank: 66 (66) Ttime: 4.9263 Vtime: 0.0265
Step: 10500  Loss: 0.028206 Regul: 0.006027 Obj: 0.034233 (0.033979) Rank: 66 (66) Ttime: 4.8987 Vtime: 0.0272
Step: 10600  Loss: 0.028059 Regul: 0.006028 Obj: 0.034087 (0.033979) Rank: 66 (66) Ttime: 4.9370 Vtime: 0.0264
Step: 10700  Loss: 0.027950 Regul: 0.006038 Obj: 0.033988 (0.033979) Rank: 66 (66) Ttime: 4.9307 Vtime: 0.0273
Step: 10800  Loss: 0.028188 Regul: 0.006073 Obj: 0.034261 (0.033979) Rank: 67 (66) Ttime: 4.9217 Vtime: 0.0269
Step: 10900  Loss: 0.028293 Regul: 0.006096 Obj: 0.034389 (0.033979) Rank: 67 (66) Ttime: 4.9111 Vtime: 0.0269
Step: 11000  Loss: 0.027963 Regul: 0.006082 Obj: 0.034045 (0.033979) Rank: 67 (66) Ttime: 4.8454 Vtime: 0.0270
Best: 11100  Loss: 0.027749 Regul: 0.006065 Obj: 0.033814 (0.033814) Rank: 66 (66) Ttime: 4.9511 Vtime: 0.0274
Stat: Dim/MaxDim [66/80] AUC: 0.992642 (0.992642) FPR95: 2.68 (2.68) [saved]
Step: 11200  Loss: 0.028053 Regul: 0.006043 Obj: 0.034096 (0.033814) Rank: 67 (66) Ttime: 4.9017 Vtime: 0.0265
Step: 11300  Loss: 0.028301 Regul: 0.006011 Obj: 0.034311 (0.033814) Rank: 66 (66) Ttime: 4.8410 Vtime: 0.0271
Step: 11400  Loss: 0.028115 Regul: 0.006012 Obj: 0.034127 (0.033814) Rank: 66 (66) Ttime: 4.9377 Vtime: 0.0269
Step: 11500  Loss: 0.027905 Regul: 0.006028 Obj: 0.033933 (0.033814) Rank: 67 (66) Ttime: 4.8918 Vtime: 0.0269
Step: 11600  Loss: 0.027822 Regul: 0.006021 Obj: 0.033843 (0.033814) Rank: 67 (66) Ttime: 4.8576 Vtime: 0.0264
Step: 11700  Loss: 0.027792 Regul: 0.006032 Obj: 0.033824 (0.033814) Rank: 67 (66) Ttime: 4.8451 Vtime: 0.0269
Best: 11800  Loss: 0.027752 Regul: 0.006037 Obj: 0.033790 (0.033790) Rank: 67 (67) Ttime: 4.9117 Vtime: 0.0267
Stat: Dim/MaxDim [67/80] AUC: 0.992672 (0.992672) FPR95: 2.65 (2.65) [saved]
Best: 11900  Loss: 0.027722 Regul: 0.006016 Obj: 0.033739 (0.033739) Rank: 67 (67) Ttime: 4.8535 Vtime: 0.0274
Stat: Dim/MaxDim [67/80] AUC: 0.992672 (0.992672) FPR95: 2.63 (2.63) [saved]
Step: 12000  Loss: 0.027954 Regul: 0.006047 Obj: 0.034001 (0.033739) Rank: 67 (67) Ttime: 4.9442 Vtime: 0.0269
Best: 12100  Loss: 0.027692 Regul: 0.006016 Obj: 0.033708 (0.033708) Rank: 66 (66) Ttime: 4.8758 Vtime: 0.0278
Stat: Dim/MaxDim [66/80] AUC: 0.992656 (0.992672) FPR95: 2.67 (2.63)
Step: 12200  Loss: 0.027712 Regul: 0.006026 Obj: 0.033738 (0.033708) Rank: 66 (66) Ttime: 4.8880 Vtime: 0.0265
Step: 12300  Loss: 0.027904 Regul: 0.006029 Obj: 0.033933 (0.033708) Rank: 66 (66) Ttime: 4.8925 Vtime: 0.0267
Step: 12400  Loss: 0.027999 Regul: 0.006040 Obj: 0.034039 (0.033708) Rank: 67 (66) Ttime: 4.7858 Vtime: 0.0270
Step: 12500  Loss: 0.027701 Regul: 0.006033 Obj: 0.033734 (0.033708) Rank: 67 (66) Ttime: 4.7976 Vtime: 0.0268
Best: 12600  Loss: 0.027543 Regul: 0.006005 Obj: 0.033548 (0.033548) Rank: 67 (67) Ttime: 4.8614 Vtime: 0.0269
Stat: Dim/MaxDim [67/80] AUC: 0.992709 (0.992672) FPR95: 2.65 (2.63)
Best: 12700  Loss: 0.027458 Regul: 0.005995 Obj: 0.033452 (0.033452) Rank: 67 (67) Ttime: 4.7791 Vtime: 0.0265
Stat: Dim/MaxDim [67/80] AUC: 0.992728 (0.992672) FPR95: 2.67 (2.63)
Step: 12800  Loss: 0.028072 Regul: 0.006000 Obj: 0.034072 (0.033452) Rank: 67 (67) Ttime: 4.8326 Vtime: 0.0264
Step: 12900  Loss: 0.027761 Regul: 0.005999 Obj: 0.033759 (0.033452) Rank: 66 (67) Ttime: 4.9317 Vtime: 0.0271
Step: 13000  Loss: 0.027803 Regul: 0.005997 Obj: 0.033800 (0.033452) Rank: 67 (67) Ttime: 4.8745 Vtime: 0.0272
Step: 13100  Loss: 0.027629 Regul: 0.005999 Obj: 0.033628 (0.033452) Rank: 66 (67) Ttime: 4.8426 Vtime: 0.0271
Step: 13200  Loss: 0.027532 Regul: 0.005997 Obj: 0.033529 (0.033452) Rank: 67 (67) Ttime: 4.8621 Vtime: 0.0276
Step: 13300  Loss: 0.027634 Regul: 0.005987 Obj: 0.033621 (0.033452) Rank: 67 (67) Ttime: 4.9060 Vtime: 0.0265
Best: 13400  Loss: 0.027355 Regul: 0.005999 Obj: 0.033353 (0.033353) Rank: 67 (67) Ttime: 4.8811 Vtime: 0.0271
Stat: Dim/MaxDim [67/80] AUC: 0.992737 (0.992672) FPR95: 2.66 (2.63)
Step: 13500  Loss: 0.027584 Regul: 0.005972 Obj: 0.033556 (0.033353) Rank: 66 (67) Ttime: 4.8596 Vtime: 0.0270
Step: 13600  Loss: 0.027474 Regul: 0.005983 Obj: 0.033456 (0.033353) Rank: 65 (67) Ttime: 4.8223 Vtime: 0.0271
Step: 13700  Loss: 0.027736 Regul: 0.005970 Obj: 0.033706 (0.033353) Rank: 65 (67) Ttime: 4.8190 Vtime: 0.0263
Step: 13800  Loss: 0.027887 Regul: 0.005963 Obj: 0.033850 (0.033353) Rank: 66 (67) Ttime: 4.9059 Vtime: 0.0268
Step: 13900  Loss: 0.027633 Regul: 0.005992 Obj: 0.033626 (0.033353) Rank: 67 (67) Ttime: 4.8307 Vtime: 0.0268
Step: 14000  Loss: 0.027777 Regul: 0.005973 Obj: 0.033750 (0.033353) Rank: 67 (67) Ttime: 4.8079 Vtime: 0.0266
Step: 14100  Loss: 0.027968 Regul: 0.005960 Obj: 0.033927 (0.033353) Rank: 66 (67) Ttime: 4.8176 Vtime: 0.0275
Step: 14200  Loss: 0.027653 Regul: 0.005986 Obj: 0.033640 (0.033353) Rank: 67 (67) Ttime: 4.7819 Vtime: 0.0273
Step: 14300  Loss: 0.027820 Regul: 0.005980 Obj: 0.033799 (0.033353) Rank: 67 (67) Ttime: 4.7177 Vtime: 0.0267
Step: 14400  Loss: 0.027780 Regul: 0.005987 Obj: 0.033767 (0.033353) Rank: 67 (67) Ttime: 4.7822 Vtime: 0.0268
Step: 14500  Loss: 0.027779 Regul: 0.006007 Obj: 0.033786 (0.033353) Rank: 67 (67) Ttime: 4.8277 Vtime: 0.0268
Step: 14600  Loss: 0.027721 Regul: 0.006026 Obj: 0.033746 (0.033353) Rank: 67 (67) Ttime: 4.8296 Vtime: 0.0266
Step: 14700  Loss: 0.027523 Regul: 0.005996 Obj: 0.033519 (0.033353) Rank: 67 (67) Ttime: 4.8856 Vtime: 0.0268
Step: 14800  Loss: 0.027753 Regul: 0.006007 Obj: 0.033760 (0.033353) Rank: 68 (67) Ttime: 4.7970 Vtime: 0.0273
Step: 14900  Loss: 0.027872 Regul: 0.005992 Obj: 0.033864 (0.033353) Rank: 66 (67) Ttime: 4.9004 Vtime: 0.0271
Step: 15000  Loss: 0.027681 Regul: 0.005983 Obj: 0.033664 (0.033353) Rank: 67 (67) Ttime: 4.8366 Vtime: 0.0271
Step: 15100  Loss: 0.027695 Regul: 0.005975 Obj: 0.033670 (0.033353) Rank: 67 (67) Ttime: 4.9008 Vtime: 0.0271
Step: 15200  Loss: 0.027725 Regul: 0.005965 Obj: 0.033690 (0.033353) Rank: 67 (67) Ttime: 4.8041 Vtime: 0.0266
Step: 15300  Loss: 0.027624 Regul: 0.005970 Obj: 0.033595 (0.033353) Rank: 67 (67) Ttime: 4.7903 Vtime: 0.0267
Step: 15400  Loss: 0.027739 Regul: 0.005944 Obj: 0.033682 (0.033353) Rank: 67 (67) Ttime: 4.8933 Vtime: 0.0265
Step: 15500  Loss: 0.027802 Regul: 0.005965 Obj: 0.033767 (0.033353) Rank: 67 (67) Ttime: 4.8304 Vtime: 0.0269
Step: 15600  Loss: 0.027578 Regul: 0.005989 Obj: 0.033567 (0.033353) Rank: 67 (67) Ttime: 4.9263 Vtime: 0.0264
Step: 15700  Loss: 0.027911 Regul: 0.005982 Obj: 0.033893 (0.033353) Rank: 67 (67) Ttime: 4.8480 Vtime: 0.0265
Step: 15800  Loss: 0.027707 Regul: 0.005982 Obj: 0.033689 (0.033353) Rank: 66 (67) Ttime: 4.8621 Vtime: 0.0274
Step: 15900  Loss: 0.027733 Regul: 0.006010 Obj: 0.033743 (0.033353) Rank: 68 (67) Ttime: 4.8654 Vtime: 0.0269
Step: 16000  Loss: 0.027512 Regul: 0.005997 Obj: 0.033509 (0.033353) Rank: 67 (67) Ttime: 4.8940 Vtime: 0.0274
Step: 16100  Loss: 0.027750 Regul: 0.005965 Obj: 0.033716 (0.033353) Rank: 67 (67) Ttime: 4.8837 Vtime: 0.0265
Step: 16200  Loss: 0.027581 Regul: 0.005980 Obj: 0.033561 (0.033353) Rank: 67 (67) Ttime: 4.9187 Vtime: 0.0269
Step: 16300  Loss: 0.027708 Regul: 0.005980 Obj: 0.033688 (0.033353) Rank: 67 (67) Ttime: 4.8268 Vtime: 0.0268
Best: 16400  Loss: 0.027343 Regul: 0.005988 Obj: 0.033331 (0.033331) Rank: 67 (67) Ttime: 4.8342 Vtime: 0.0266
Stat: Dim/MaxDim [67/80] AUC: 0.992866 (0.992866) FPR95: 2.59 (2.59) [saved]
Best: 16500  Loss: 0.027319 Regul: 0.005983 Obj: 0.033302 (0.033302) Rank: 67 (67) Ttime: 4.7947 Vtime: 0.0269
Stat: Dim/MaxDim [67/80] AUC: 0.992856 (0.992866) FPR95: 2.58 (2.59)
Step: 16600  Loss: 0.027501 Regul: 0.005969 Obj: 0.033470 (0.033302) Rank: 67 (67) Ttime: 4.7701 Vtime: 0.0269
Step: 16700  Loss: 0.027605 Regul: 0.005945 Obj: 0.033550 (0.033302) Rank: 66 (67) Ttime: 4.7445 Vtime: 0.0275
Step: 16800  Loss: 0.027657 Regul: 0.005967 Obj: 0.033624 (0.033302) Rank: 66 (67) Ttime: 4.8605 Vtime: 0.0266
Step: 16900  Loss: 0.027436 Regul: 0.005983 Obj: 0.033419 (0.033302) Rank: 67 (67) Ttime: 4.8516 Vtime: 0.0272
Step: 17000  Loss: 0.027351 Regul: 0.005991 Obj: 0.033342 (0.033302) Rank: 67 (67) Ttime: 4.8635 Vtime: 0.0265
Step: 17100  Loss: 0.027333 Regul: 0.006005 Obj: 0.033337 (0.033302) Rank: 67 (67) Ttime: 4.8389 Vtime: 0.0266
Step: 17200  Loss: 0.027673 Regul: 0.005994 Obj: 0.033667 (0.033302) Rank: 67 (67) Ttime: 4.8339 Vtime: 0.0268
Step: 17300  Loss: 0.027417 Regul: 0.005984 Obj: 0.033402 (0.033302) Rank: 67 (67) Ttime: 4.7875 Vtime: 0.0267
Step: 17400  Loss: 0.027384 Regul: 0.005993 Obj: 0.033377 (0.033302) Rank: 67 (67) Ttime: 4.8269 Vtime: 0.0264
Step: 17500  Loss: 0.027454 Regul: 0.005967 Obj: 0.033421 (0.033302) Rank: 67 (67) Ttime: 4.8423 Vtime: 0.0270
Step: 17600  Loss: 0.027578 Regul: 0.005952 Obj: 0.033529 (0.033302) Rank: 67 (67) Ttime: 4.8275 Vtime: 0.0267
Best: 17700  Loss: 0.027274 Regul: 0.005947 Obj: 0.033221 (0.033221) Rank: 67 (67) Ttime: 4.8447 Vtime: 0.0266
Stat: Dim/MaxDim [67/80] AUC: 0.992875 (0.992875) FPR95: 2.52 (2.52) [saved]
Step: 17800  Loss: 0.027465 Regul: 0.005937 Obj: 0.033401 (0.033221) Rank: 67 (67) Ttime: 4.8513 Vtime: 0.0268
Step: 17900  Loss: 0.027351 Regul: 0.005929 Obj: 0.033281 (0.033221) Rank: 67 (67) Ttime: 4.8097 Vtime: 0.0272
Step: 18000  Loss: 0.027342 Regul: 0.005933 Obj: 0.033275 (0.033221) Rank: 67 (67) Ttime: 4.8581 Vtime: 0.0267
Best: 18100  Loss: 0.027212 Regul: 0.005930 Obj: 0.033142 (0.033142) Rank: 67 (67) Ttime: 4.8995 Vtime: 0.0267
Stat: Dim/MaxDim [67/80] AUC: 0.992880 (0.992875) FPR95: 2.55 (2.52)
Step: 18200  Loss: 0.027262 Regul: 0.005946 Obj: 0.033208 (0.033142) Rank: 67 (67) Ttime: 4.8378 Vtime: 0.0269
Step: 18300  Loss: 0.027312 Regul: 0.005952 Obj: 0.033264 (0.033142) Rank: 67 (67) Ttime: 4.8291 Vtime: 0.0274
Step: 18400  Loss: 0.027313 Regul: 0.005964 Obj: 0.033277 (0.033142) Rank: 67 (67) Ttime: 4.8600 Vtime: 0.0266
Step: 18500  Loss: 0.027534 Regul: 0.005969 Obj: 0.033503 (0.033142) Rank: 67 (67) Ttime: 4.8435 Vtime: 0.0265
Step: 18600  Loss: 0.027339 Regul: 0.005979 Obj: 0.033318 (0.033142) Rank: 67 (67) Ttime: 4.8975 Vtime: 0.0262
Step: 18700  Loss: 0.027525 Regul: 0.005969 Obj: 0.033494 (0.033142) Rank: 67 (67) Ttime: 4.7948 Vtime: 0.0265
Step: 18800  Loss: 0.027242 Regul: 0.005949 Obj: 0.033191 (0.033142) Rank: 67 (67) Ttime: 4.8853 Vtime: 0.0269
Step: 18900  Loss: 0.027333 Regul: 0.005954 Obj: 0.033287 (0.033142) Rank: 67 (67) Ttime: 4.8259 Vtime: 0.0268
Step: 19000  Loss: 0.027424 Regul: 0.005942 Obj: 0.033366 (0.033142) Rank: 67 (67) Ttime: 4.8485 Vtime: 0.0267
Step: 19100  Loss: 0.027446 Regul: 0.005939 Obj: 0.033385 (0.033142) Rank: 67 (67) Ttime: 4.8537 Vtime: 0.0268
Step: 19200  Loss: 0.027366 Regul: 0.005943 Obj: 0.033309 (0.033142) Rank: 67 (67) Ttime: 4.8595 Vtime: 0.0273
Best: 19300  Loss: 0.027182 Regul: 0.005941 Obj: 0.033123 (0.033123) Rank: 67 (67) Ttime: 4.7903 Vtime: 0.0268
Stat: Dim/MaxDim [67/80] AUC: 0.992931 (0.992875) FPR95: 2.52 (2.52)
Step: 19400  Loss: 0.027400 Regul: 0.005927 Obj: 0.033326 (0.033123) Rank: 67 (67) Ttime: 4.8672 Vtime: 0.0265
Best: 19500  Loss: 0.027056 Regul: 0.005925 Obj: 0.032981 (0.032981) Rank: 67 (67) Ttime: 4.8166 Vtime: 0.0265
Stat: Dim/MaxDim [67/80] AUC: 0.992903 (0.992875) FPR95: 2.57 (2.52)
Step: 19600  Loss: 0.027178 Regul: 0.005921 Obj: 0.033100 (0.032981) Rank: 67 (67) Ttime: 4.8101 Vtime: 0.0265
Step: 19700  Loss: 0.027277 Regul: 0.005930 Obj: 0.033207 (0.032981) Rank: 67 (67) Ttime: 4.7704 Vtime: 0.0264
Step: 19800  Loss: 0.027098 Regul: 0.005935 Obj: 0.033033 (0.032981) Rank: 68 (67) Ttime: 4.7986 Vtime: 0.0271
Step: 19900  Loss: 0.027296 Regul: 0.005932 Obj: 0.033228 (0.032981) Rank: 67 (67) Ttime: 4.8716 Vtime: 0.0269
Step: 20000  Loss: 0.027450 Regul: 0.005948 Obj: 0.033398 (0.032981) Rank: 68 (67) Ttime: 4.8415 Vtime: 0.0266
Step: 20100  Loss: 0.027195 Regul: 0.005959 Obj: 0.033154 (0.032981) Rank: 68 (67) Ttime: 4.8182 Vtime: 0.0265
Step: 20200  Loss: 0.027223 Regul: 0.005937 Obj: 0.033159 (0.032981) Rank: 67 (67) Ttime: 4.8094 Vtime: 0.0264
Step: 20300  Loss: 0.027109 Regul: 0.005954 Obj: 0.033063 (0.032981) Rank: 68 (67) Ttime: 4.8370 Vtime: 0.0273
Step: 20400  Loss: 0.027215 Regul: 0.005950 Obj: 0.033165 (0.032981) Rank: 67 (67) Ttime: 4.9272 Vtime: 0.0276
Step: 20500  Loss: 0.027062 Regul: 0.005975 Obj: 0.033038 (0.032981) Rank: 68 (67) Ttime: 4.8963 Vtime: 0.0277
Step: 20600  Loss: 0.027129 Regul: 0.005974 Obj: 0.033103 (0.032981) Rank: 68 (67) Ttime: 4.8926 Vtime: 0.0266
Step: 20700  Loss: 0.027066 Regul: 0.005953 Obj: 0.033019 (0.032981) Rank: 68 (67) Ttime: 4.8544 Vtime: 0.0270
Step: 20800  Loss: 0.027268 Regul: 0.005949 Obj: 0.033217 (0.032981) Rank: 68 (67) Ttime: 4.7780 Vtime: 0.0271
Step: 20900  Loss: 0.027125 Regul: 0.005951 Obj: 0.033075 (0.032981) Rank: 68 (67) Ttime: 4.9630 Vtime: 0.0273
Step: 21000  Loss: 0.027201 Regul: 0.005944 Obj: 0.033145 (0.032981) Rank: 68 (67) Ttime: 4.9008 Vtime: 0.0277
Best: 21100  Loss: 0.026965 Regul: 0.005944 Obj: 0.032909 (0.032909) Rank: 67 (67) Ttime: 4.8938 Vtime: 0.0270
Stat: Dim/MaxDim [67/80] AUC: 0.992930 (0.992930) FPR95: 2.50 (2.50) [saved]
Step: 21200  Loss: 0.026982 Regul: 0.005951 Obj: 0.032933 (0.032909) Rank: 67 (67) Ttime: 4.8282 Vtime: 0.0263
Step: 21300  Loss: 0.027244 Regul: 0.005932 Obj: 0.033175 (0.032909) Rank: 68 (67) Ttime: 4.8875 Vtime: 0.0275
Step: 21400  Loss: 0.027022 Regul: 0.005953 Obj: 0.032975 (0.032909) Rank: 67 (67) Ttime: 4.8695 Vtime: 0.0268
Step: 21500  Loss: 0.027099 Regul: 0.005953 Obj: 0.033052 (0.032909) Rank: 68 (67) Ttime: 4.8190 Vtime: 0.0270
Step: 21600  Loss: 0.027092 Regul: 0.005946 Obj: 0.033038 (0.032909) Rank: 68 (67) Ttime: 4.8416 Vtime: 0.0266
Step: 21700  Loss: 0.027203 Regul: 0.005939 Obj: 0.033142 (0.032909) Rank: 68 (67) Ttime: 4.8384 Vtime: 0.0267
Step: 21800  Loss: 0.027136 Regul: 0.005946 Obj: 0.033082 (0.032909) Rank: 68 (67) Ttime: 4.7558 Vtime: 0.0273
Step: 21900  Loss: 0.027212 Regul: 0.005928 Obj: 0.033141 (0.032909) Rank: 68 (67) Ttime: 4.8428 Vtime: 0.0265
Step: 22000  Loss: 0.027306 Regul: 0.005949 Obj: 0.033255 (0.032909) Rank: 68 (67) Ttime: 4.8709 Vtime: 0.0265
Step: 22100  Loss: 0.027161 Regul: 0.005940 Obj: 0.033101 (0.032909) Rank: 68 (67) Ttime: 4.8411 Vtime: 0.0263
Step: 22200  Loss: 0.027251 Regul: 0.005937 Obj: 0.033189 (0.032909) Rank: 68 (67) Ttime: 4.8790 Vtime: 0.0271
Step: 22300  Loss: 0.027109 Regul: 0.005964 Obj: 0.033073 (0.032909) Rank: 68 (67) Ttime: 4.8216 Vtime: 0.0264
Step: 22400  Loss: 0.026992 Regul: 0.005967 Obj: 0.032958 (0.032909) Rank: 68 (67) Ttime: 4.8118 Vtime: 0.0272
Step: 22500  Loss: 0.027031 Regul: 0.005957 Obj: 0.032988 (0.032909) Rank: 68 (67) Ttime: 4.8103 Vtime: 0.0272
Step: 22600  Loss: 0.026971 Regul: 0.005943 Obj: 0.032913 (0.032909) Rank: 68 (67) Ttime: 4.8483 Vtime: 0.0268
Step: 22700  Loss: 0.027315 Regul: 0.005942 Obj: 0.033257 (0.032909) Rank: 68 (67) Ttime: 4.7943 Vtime: 0.0270
Step: 22800  Loss: 0.027265 Regul: 0.005926 Obj: 0.033192 (0.032909) Rank: 68 (67) Ttime: 4.8609 Vtime: 0.0262
Step: 22900  Loss: 0.027170 Regul: 0.005936 Obj: 0.033107 (0.032909) Rank: 68 (67) Ttime: 4.9061 Vtime: 0.0263
Step: 23000  Loss: 0.027000 Regul: 0.005932 Obj: 0.032931 (0.032909) Rank: 67 (67) Ttime: 4.8857 Vtime: 0.0273
Step: 23100  Loss: 0.027169 Regul: 0.005927 Obj: 0.033096 (0.032909) Rank: 68 (67) Ttime: 4.8001 Vtime: 0.0270
Step: 23200  Loss: 0.027075 Regul: 0.005937 Obj: 0.033012 (0.032909) Rank: 68 (67) Ttime: 4.8119 Vtime: 0.0268
Step: 23300  Loss: 0.026975 Regul: 0.005939 Obj: 0.032914 (0.032909) Rank: 68 (67) Ttime: 4.7897 Vtime: 0.0260
Step: 23400  Loss: 0.027045 Regul: 0.005952 Obj: 0.032997 (0.032909) Rank: 68 (67) Ttime: 4.8620 Vtime: 0.0267
Step: 23500  Loss: 0.027339 Regul: 0.005965 Obj: 0.033304 (0.032909) Rank: 68 (67) Ttime: 4.8140 Vtime: 0.0267
Step: 23600  Loss: 0.027231 Regul: 0.005953 Obj: 0.033183 (0.032909) Rank: 68 (67) Ttime: 4.8624 Vtime: 0.0266
Step: 23700  Loss: 0.027220 Regul: 0.005953 Obj: 0.033173 (0.032909) Rank: 68 (67) Ttime: 4.8654 Vtime: 0.0271
Step: 23800  Loss: 0.027170 Regul: 0.005961 Obj: 0.033130 (0.032909) Rank: 67 (67) Ttime: 4.7994 Vtime: 0.0269
Step: 23900  Loss: 0.027137 Regul: 0.005967 Obj: 0.033104 (0.032909) Rank: 68 (67) Ttime: 4.8255 Vtime: 0.0281
Step: 24000  Loss: 0.027191 Regul: 0.005967 Obj: 0.033159 (0.032909) Rank: 68 (67) Ttime: 4.7722 Vtime: 0.0268
Step: 24100  Loss: 0.027282 Regul: 0.005974 Obj: 0.033255 (0.032909) Rank: 68 (67) Ttime: 4.7991 Vtime: 0.0265
Step: 24200  Loss: 0.027241 Regul: 0.005961 Obj: 0.033202 (0.032909) Rank: 68 (67) Ttime: 4.7755 Vtime: 0.0262
Step: 24300  Loss: 0.027060 Regul: 0.005959 Obj: 0.033019 (0.032909) Rank: 68 (67) Ttime: 4.8781 Vtime: 0.0265
Step: 24400  Loss: 0.027220 Regul: 0.005979 Obj: 0.033199 (0.032909) Rank: 69 (67) Ttime: 4.7324 Vtime: 0.0279
Step: 24500  Loss: 0.027118 Regul: 0.005965 Obj: 0.033082 (0.032909) Rank: 68 (67) Ttime: 4.8455 Vtime: 0.0276
Step: 24600  Loss: 0.027163 Regul: 0.005956 Obj: 0.033119 (0.032909) Rank: 68 (67) Ttime: 4.8403 Vtime: 0.0267
Step: 24700  Loss: 0.027092 Regul: 0.005972 Obj: 0.033064 (0.032909) Rank: 68 (67) Ttime: 4.7865 Vtime: 0.0266
Step: 24800  Loss: 0.026998 Regul: 0.005974 Obj: 0.032972 (0.032909) Rank: 69 (67) Ttime: 4.8513 Vtime: 0.0273
Best: 24900  Loss: 0.026902 Regul: 0.005977 Obj: 0.032879 (0.032879) Rank: 69 (69) Ttime: 4.7247 Vtime: 0.0265
Stat: Dim/MaxDim [69/80] AUC: 0.993023 (0.993023) FPR95: 2.46 (2.46) [saved]
Best: 25000  Loss: 0.026897 Regul: 0.005976 Obj: 0.032873 (0.032873) Rank: 69 (69) Ttime: 4.8336 Vtime: 0.0267
Stat: Dim/MaxDim [69/80] AUC: 0.993013 (0.993023) FPR95: 2.44 (2.46)
Best: 25100  Loss: 0.026820 Regul: 0.005964 Obj: 0.032784 (0.032784) Rank: 68 (68) Ttime: 4.7650 Vtime: 0.0273
Stat: Dim/MaxDim [68/80] AUC: 0.993048 (0.993048) FPR95: 2.45 (2.45) [saved]
Step: 25200  Loss: 0.027146 Regul: 0.005964 Obj: 0.033110 (0.032784) Rank: 69 (68) Ttime: 4.7438 Vtime: 0.0269
Step: 25300  Loss: 0.027151 Regul: 0.005948 Obj: 0.033099 (0.032784) Rank: 68 (68) Ttime: 4.7442 Vtime: 0.0272
Step: 25400  Loss: 0.027253 Regul: 0.005943 Obj: 0.033197 (0.032784) Rank: 68 (68) Ttime: 4.7190 Vtime: 0.0269
Step: 25500  Loss: 0.027330 Regul: 0.005941 Obj: 0.033270 (0.032784) Rank: 68 (68) Ttime: 4.7868 Vtime: 0.0271
Step: 25600  Loss: 0.026834 Regul: 0.005958 Obj: 0.032792 (0.032784) Rank: 68 (68) Ttime: 4.8084 Vtime: 0.0270
Step: 25700  Loss: 0.026866 Regul: 0.005950 Obj: 0.032815 (0.032784) Rank: 68 (68) Ttime: 4.8381 Vtime: 0.0268
Step: 25800  Loss: 0.026890 Regul: 0.005938 Obj: 0.032828 (0.032784) Rank: 68 (68) Ttime: 4.8034 Vtime: 0.0264
Step: 25900  Loss: 0.027291 Regul: 0.005939 Obj: 0.033229 (0.032784) Rank: 68 (68) Ttime: 4.7871 Vtime: 0.0272
Step: 26000  Loss: 0.027196 Regul: 0.005939 Obj: 0.033135 (0.032784) Rank: 68 (68) Ttime: 4.8298 Vtime: 0.0271
Step: 26100  Loss: 0.027290 Regul: 0.005947 Obj: 0.033238 (0.032784) Rank: 69 (68) Ttime: 4.8524 Vtime: 0.0282
Step: 26200  Loss: 0.026867 Regul: 0.005954 Obj: 0.032821 (0.032784) Rank: 69 (68) Ttime: 4.8099 Vtime: 0.0268
Step: 26300  Loss: 0.027232 Regul: 0.005933 Obj: 0.033165 (0.032784) Rank: 69 (68) Ttime: 4.7925 Vtime: 0.0267
Step: 26400  Loss: 0.026972 Regul: 0.005956 Obj: 0.032928 (0.032784) Rank: 69 (68) Ttime: 4.8213 Vtime: 0.0266
Best: 26500  Loss: 0.026802 Regul: 0.005947 Obj: 0.032749 (0.032749) Rank: 69 (69) Ttime: 4.8631 Vtime: 0.0265
Stat: Dim/MaxDim [69/80] AUC: 0.993055 (0.993055) FPR95: 2.43 (2.43) [saved]
Best: 26600  Loss: 0.026769 Regul: 0.005938 Obj: 0.032707 (0.032707) Rank: 68 (68) Ttime: 4.8236 Vtime: 0.0271
Stat: Dim/MaxDim [68/80] AUC: 0.993034 (0.993055) FPR95: 2.43 (2.43)
Step: 26700  Loss: 0.026890 Regul: 0.005951 Obj: 0.032841 (0.032707) Rank: 69 (68) Ttime: 4.8674 Vtime: 0.0273
Step: 26800  Loss: 0.027081 Regul: 0.005960 Obj: 0.033042 (0.032707) Rank: 68 (68) Ttime: 4.8919 Vtime: 0.0272
Step: 26900  Loss: 0.026934 Regul: 0.005966 Obj: 0.032900 (0.032707) Rank: 69 (68) Ttime: 4.8917 Vtime: 0.0269
Step: 27000  Loss: 0.026945 Regul: 0.005974 Obj: 0.032919 (0.032707) Rank: 69 (68) Ttime: 4.8207 Vtime: 0.0270
Step: 27100  Loss: 0.026922 Regul: 0.005948 Obj: 0.032871 (0.032707) Rank: 68 (68) Ttime: 4.8459 Vtime: 0.0271
Step: 27200  Loss: 0.027130 Regul: 0.005937 Obj: 0.033067 (0.032707) Rank: 69 (68) Ttime: 4.7558 Vtime: 0.0274
Step: 27300  Loss: 0.026966 Regul: 0.005946 Obj: 0.032912 (0.032707) Rank: 69 (68) Ttime: 4.8753 Vtime: 0.0272
Step: 27400  Loss: 0.027051 Regul: 0.005940 Obj: 0.032991 (0.032707) Rank: 69 (68) Ttime: 4.8418 Vtime: 0.0269
Step: 27500  Loss: 0.027062 Regul: 0.005920 Obj: 0.032982 (0.032707) Rank: 69 (68) Ttime: 4.8022 Vtime: 0.0266
Step: 27600  Loss: 0.027189 Regul: 0.005934 Obj: 0.033122 (0.032707) Rank: 69 (68) Ttime: 4.8042 Vtime: 0.0267
Step: 27700  Loss: 0.026999 Regul: 0.005944 Obj: 0.032943 (0.032707) Rank: 69 (68) Ttime: 4.8152 Vtime: 0.0272
Step: 27800  Loss: 0.027098 Regul: 0.005957 Obj: 0.033055 (0.032707) Rank: 69 (68) Ttime: 4.7686 Vtime: 0.0269
Step: 27900  Loss: 0.026926 Regul: 0.005943 Obj: 0.032869 (0.032707) Rank: 69 (68) Ttime: 4.7693 Vtime: 0.0267
Step: 28000  Loss: 0.027056 Regul: 0.005943 Obj: 0.032998 (0.032707) Rank: 69 (68) Ttime: 4.7332 Vtime: 0.0263
Step: 28100  Loss: 0.027287 Regul: 0.005945 Obj: 0.033231 (0.032707) Rank: 69 (68) Ttime: 4.7710 Vtime: 0.0268
Step: 28200  Loss: 0.027164 Regul: 0.005924 Obj: 0.033089 (0.032707) Rank: 69 (68) Ttime: 4.7731 Vtime: 0.0273
Step: 28300  Loss: 0.027023 Regul: 0.005920 Obj: 0.032943 (0.032707) Rank: 69 (68) Ttime: 4.8111 Vtime: 0.0265
Step: 28400  Loss: 0.026977 Regul: 0.005915 Obj: 0.032892 (0.032707) Rank: 69 (68) Ttime: 4.7956 Vtime: 0.0270
Step: 28500  Loss: 0.026957 Regul: 0.005915 Obj: 0.032872 (0.032707) Rank: 69 (68) Ttime: 4.8670 Vtime: 0.0267
Step: 28600  Loss: 0.027185 Regul: 0.005917 Obj: 0.033102 (0.032707) Rank: 69 (68) Ttime: 4.7560 Vtime: 0.0263
Step: 28700  Loss: 0.026825 Regul: 0.005931 Obj: 0.032756 (0.032707) Rank: 69 (68) Ttime: 4.8469 Vtime: 0.0269
Step: 28800  Loss: 0.026979 Regul: 0.005928 Obj: 0.032907 (0.032707) Rank: 69 (68) Ttime: 4.8377 Vtime: 0.0270
Step: 28900  Loss: 0.026775 Regul: 0.005941 Obj: 0.032717 (0.032707) Rank: 69 (68) Ttime: 4.8037 Vtime: 0.0267
Step: 29000  Loss: 0.026799 Regul: 0.005925 Obj: 0.032723 (0.032707) Rank: 69 (68) Ttime: 4.7918 Vtime: 0.0272
Step: 29100  Loss: 0.026824 Regul: 0.005924 Obj: 0.032748 (0.032707) Rank: 69 (68) Ttime: 4.7593 Vtime: 0.0272
Step: 29200  Loss: 0.026903 Regul: 0.005900 Obj: 0.032804 (0.032707) Rank: 69 (68) Ttime: 4.7926 Vtime: 0.0267
Step: 29300  Loss: 0.027059 Regul: 0.005889 Obj: 0.032948 (0.032707) Rank: 69 (68) Ttime: 4.8409 Vtime: 0.0270
Step: 29400  Loss: 0.026867 Regul: 0.005898 Obj: 0.032766 (0.032707) Rank: 69 (68) Ttime: 4.8253 Vtime: 0.0269
Step: 29500  Loss: 0.027141 Regul: 0.005899 Obj: 0.033041 (0.032707) Rank: 69 (68) Ttime: 4.7912 Vtime: 0.0262
Step: 29600  Loss: 0.027368 Regul: 0.005909 Obj: 0.033278 (0.032707) Rank: 69 (68) Ttime: 4.7460 Vtime: 0.0267
Step: 29700  Loss: 0.027295 Regul: 0.005906 Obj: 0.033201 (0.032707) Rank: 69 (68) Ttime: 4.7664 Vtime: 0.0268
Step: 29800  Loss: 0.027068 Regul: 0.005909 Obj: 0.032977 (0.032707) Rank: 69 (68) Ttime: 4.8230 Vtime: 0.0266
Step: 29900  Loss: 0.026973 Regul: 0.005911 Obj: 0.032884 (0.032707) Rank: 69 (68) Ttime: 4.7509 Vtime: 0.0269
Best: 30000  Loss: 0.026800 Regul: 0.005907 Obj: 0.032707 (0.032707) Rank: 69 (69) Ttime: 4.8005 Vtime: 0.0260
Stat: Dim/MaxDim [69/80] AUC: 0.993089 (0.993055) FPR95: 2.45 (2.43)
Step: 30100  Loss: 0.026939 Regul: 0.005914 Obj: 0.032853 (0.032707) Rank: 69 (69) Ttime: 4.7318 Vtime: 0.0273
Step: 30200  Loss: 0.027249 Regul: 0.005928 Obj: 0.033176 (0.032707) Rank: 69 (69) Ttime: 4.8837 Vtime: 0.0272
Step: 30300  Loss: 0.027075 Regul: 0.005926 Obj: 0.033001 (0.032707) Rank: 69 (69) Ttime: 4.7848 Vtime: 0.0268
Step: 30400  Loss: 0.027030 Regul: 0.005916 Obj: 0.032946 (0.032707) Rank: 69 (69) Ttime: 4.8512 Vtime: 0.0271
Step: 30500  Loss: 0.026896 Regul: 0.005912 Obj: 0.032809 (0.032707) Rank: 69 (69) Ttime: 4.8674 Vtime: 0.0267
Step: 30600  Loss: 0.026920 Regul: 0.005930 Obj: 0.032849 (0.032707) Rank: 69 (69) Ttime: 4.8363 Vtime: 0.0267
Best: 30700  Loss: 0.026751 Regul: 0.005923 Obj: 0.032674 (0.032674) Rank: 69 (69) Ttime: 4.7404 Vtime: 0.0271
Stat: Dim/MaxDim [69/80] AUC: 0.993103 (0.993103) FPR95: 2.40 (2.40) [saved]
Step: 30800  Loss: 0.026835 Regul: 0.005923 Obj: 0.032758 (0.032674) Rank: 69 (69) Ttime: 4.8208 Vtime: 0.0272
Step: 30900  Loss: 0.026896 Regul: 0.005906 Obj: 0.032802 (0.032674) Rank: 69 (69) Ttime: 4.7975 Vtime: 0.0267
Step: 31000  Loss: 0.026908 Regul: 0.005908 Obj: 0.032816 (0.032674) Rank: 69 (69) Ttime: 4.8606 Vtime: 0.0268
Step: 31100  Loss: 0.026882 Regul: 0.005919 Obj: 0.032801 (0.032674) Rank: 69 (69) Ttime: 4.8349 Vtime: 0.0266
Step: 31200  Loss: 0.027005 Regul: 0.005914 Obj: 0.032919 (0.032674) Rank: 69 (69) Ttime: 4.7402 Vtime: 0.0272
Step: 31300  Loss: 0.026861 Regul: 0.005907 Obj: 0.032767 (0.032674) Rank: 68 (69) Ttime: 4.7726 Vtime: 0.0271
Step: 31400  Loss: 0.026941 Regul: 0.005915 Obj: 0.032856 (0.032674) Rank: 68 (69) Ttime: 4.7900 Vtime: 0.0267
Step: 31500  Loss: 0.027074 Regul: 0.005904 Obj: 0.032979 (0.032674) Rank: 68 (69) Ttime: 4.8836 Vtime: 0.0263
Step: 31600  Loss: 0.027119 Regul: 0.005906 Obj: 0.033025 (0.032674) Rank: 68 (69) Ttime: 4.8504 Vtime: 0.0273
Step: 31700  Loss: 0.026985 Regul: 0.005914 Obj: 0.032899 (0.032674) Rank: 69 (69) Ttime: 4.9147 Vtime: 0.0273
Step: 31800  Loss: 0.026863 Regul: 0.005925 Obj: 0.032788 (0.032674) Rank: 69 (69) Ttime: 4.9033 Vtime: 0.0270
Step: 31900  Loss: 0.026934 Regul: 0.005919 Obj: 0.032853 (0.032674) Rank: 69 (69) Ttime: 4.8170 Vtime: 0.0270
Step: 32000  Loss: 0.026967 Regul: 0.005927 Obj: 0.032894 (0.032674) Rank: 69 (69) Ttime: 4.7663 Vtime: 0.0267
Step: 32100  Loss: 0.026925 Regul: 0.005936 Obj: 0.032861 (0.032674) Rank: 69 (69) Ttime: 4.8025 Vtime: 0.0271
Step: 32200  Loss: 0.026802 Regul: 0.005934 Obj: 0.032735 (0.032674) Rank: 69 (69) Ttime: 4.7828 Vtime: 0.0268
Step: 32300  Loss: 0.026832 Regul: 0.005921 Obj: 0.032752 (0.032674) Rank: 68 (69) Ttime: 4.8085 Vtime: 0.0272
Step: 32400  Loss: 0.026871 Regul: 0.005911 Obj: 0.032782 (0.032674) Rank: 68 (69) Ttime: 4.8133 Vtime: 0.0267
Step: 32500  Loss: 0.026892 Regul: 0.005903 Obj: 0.032796 (0.032674) Rank: 68 (69) Ttime: 4.7669 Vtime: 0.0266
Step: 32600  Loss: 0.026810 Regul: 0.005909 Obj: 0.032718 (0.032674) Rank: 68 (69) Ttime: 4.7964 Vtime: 0.0269
Step: 32700  Loss: 0.026775 Regul: 0.005904 Obj: 0.032679 (0.032674) Rank: 68 (69) Ttime: 4.7186 Vtime: 0.0265
Best: 32800  Loss: 0.026642 Regul: 0.005900 Obj: 0.032542 (0.032542) Rank: 68 (68) Ttime: 4.7490 Vtime: 0.0263
Stat: Dim/MaxDim [68/80] AUC: 0.993144 (0.993103) FPR95: 2.43 (2.40)
Step: 32900  Loss: 0.026724 Regul: 0.005897 Obj: 0.032621 (0.032542) Rank: 68 (68) Ttime: 4.7839 Vtime: 0.0264
Step: 33000  Loss: 0.026875 Regul: 0.005910 Obj: 0.032786 (0.032542) Rank: 68 (68) Ttime: 4.7106 Vtime: 0.0273
Step: 33100  Loss: 0.026957 Regul: 0.005911 Obj: 0.032868 (0.032542) Rank: 68 (68) Ttime: 4.7451 Vtime: 0.0268
Step: 33200  Loss: 0.026995 Regul: 0.005922 Obj: 0.032917 (0.032542) Rank: 68 (68) Ttime: 4.7364 Vtime: 0.0268
Step: 33300  Loss: 0.027107 Regul: 0.005920 Obj: 0.033027 (0.032542) Rank: 68 (68) Ttime: 4.8084 Vtime: 0.0262
Step: 33400  Loss: 0.026981 Regul: 0.005922 Obj: 0.032902 (0.032542) Rank: 68 (68) Ttime: 4.7658 Vtime: 0.0266
Step: 33500  Loss: 0.026962 Regul: 0.005916 Obj: 0.032878 (0.032542) Rank: 68 (68) Ttime: 4.7838 Vtime: 0.0268
Step: 33600  Loss: 0.027005 Regul: 0.005905 Obj: 0.032911 (0.032542) Rank: 68 (68) Ttime: 4.8136 Vtime: 0.0266
Step: 33700  Loss: 0.026783 Regul: 0.005899 Obj: 0.032682 (0.032542) Rank: 68 (68) Ttime: 4.9797 Vtime: 0.0265
Step: 33800  Loss: 0.026779 Regul: 0.005881 Obj: 0.032660 (0.032542) Rank: 68 (68) Ttime: 4.7999 Vtime: 0.0273
Step: 33900  Loss: 0.026686 Regul: 0.005894 Obj: 0.032580 (0.032542) Rank: 68 (68) Ttime: 4.8095 Vtime: 0.0264
Step: 34000  Loss: 0.026906 Regul: 0.005891 Obj: 0.032797 (0.032542) Rank: 69 (68) Ttime: 4.7585 Vtime: 0.0278
Step: 34100  Loss: 0.026837 Regul: 0.005889 Obj: 0.032725 (0.032542) Rank: 69 (68) Ttime: 4.8414 Vtime: 0.0269
Step: 34200  Loss: 0.026773 Regul: 0.005891 Obj: 0.032665 (0.032542) Rank: 68 (68) Ttime: 4.7607 Vtime: 0.0274
Best: 34300  Loss: 0.026561 Regul: 0.005899 Obj: 0.032460 (0.032460) Rank: 68 (68) Ttime: 4.7788 Vtime: 0.0267
Stat: Dim/MaxDim [68/80] AUC: 0.993162 (0.993103) FPR95: 2.45 (2.40)
Step: 34400  Loss: 0.026757 Regul: 0.005914 Obj: 0.032671 (0.032460) Rank: 68 (68) Ttime: 4.7583 Vtime: 0.0272
Step: 34500  Loss: 0.026975 Regul: 0.005911 Obj: 0.032886 (0.032460) Rank: 69 (68) Ttime: 4.7134 Vtime: 0.0272
Step: 34600  Loss: 0.026759 Regul: 0.005909 Obj: 0.032668 (0.032460) Rank: 69 (68) Ttime: 4.7494 Vtime: 0.0265
Step: 34700  Loss: 0.027281 Regul: 0.005902 Obj: 0.033184 (0.032460) Rank: 68 (68) Ttime: 4.7176 Vtime: 0.0270
Step: 34800  Loss: 0.027068 Regul: 0.005912 Obj: 0.032980 (0.032460) Rank: 68 (68) Ttime: 4.7453 Vtime: 0.0275
Step: 34900  Loss: 0.026991 Regul: 0.005905 Obj: 0.032897 (0.032460) Rank: 68 (68) Ttime: 4.8410 Vtime: 0.0270
Step: 35000  Loss: 0.026937 Regul: 0.005903 Obj: 0.032840 (0.032460) Rank: 68 (68) Ttime: 4.8027 Vtime: 0.0269
Step: 35100  Loss: 0.026744 Regul: 0.005900 Obj: 0.032644 (0.032460) Rank: 69 (68) Ttime: 4.7746 Vtime: 0.0272
Step: 35200  Loss: 0.026755 Regul: 0.005913 Obj: 0.032669 (0.032460) Rank: 69 (68) Ttime: 4.7625 Vtime: 0.0271
Step: 35300  Loss: 0.026790 Regul: 0.005909 Obj: 0.032699 (0.032460) Rank: 69 (68) Ttime: 4.8232 Vtime: 0.0267
Step: 35400  Loss: 0.026729 Regul: 0.005903 Obj: 0.032632 (0.032460) Rank: 70 (68) Ttime: 4.8630 Vtime: 0.0273
Step: 35500  Loss: 0.026924 Regul: 0.005908 Obj: 0.032832 (0.032460) Rank: 69 (68) Ttime: 4.8765 Vtime: 0.0274
Step: 35600  Loss: 0.026957 Regul: 0.005922 Obj: 0.032880 (0.032460) Rank: 69 (68) Ttime: 4.8427 Vtime: 0.0265
Step: 35700  Loss: 0.026719 Regul: 0.005916 Obj: 0.032635 (0.032460) Rank: 69 (68) Ttime: 4.7779 Vtime: 0.0268
Step: 35800  Loss: 0.027166 Regul: 0.005903 Obj: 0.033069 (0.032460) Rank: 69 (68) Ttime: 4.8741 Vtime: 0.0272
Step: 35900  Loss: 0.027295 Regul: 0.005907 Obj: 0.033202 (0.032460) Rank: 69 (68) Ttime: 4.8420 Vtime: 0.0272
Step: 36000  Loss: 0.026916 Regul: 0.005914 Obj: 0.032829 (0.032460) Rank: 69 (68) Ttime: 4.8551 Vtime: 0.0269
Step: 36100  Loss: 0.026910 Regul: 0.005917 Obj: 0.032826 (0.032460) Rank: 69 (68) Ttime: 4.8706 Vtime: 0.0267
Step: 36200  Loss: 0.026824 Regul: 0.005920 Obj: 0.032744 (0.032460) Rank: 69 (68) Ttime: 4.8302 Vtime: 0.0271
Step: 36300  Loss: 0.026726 Regul: 0.005926 Obj: 0.032652 (0.032460) Rank: 68 (68) Ttime: 4.9021 Vtime: 0.0271
Step: 36400  Loss: 0.027002 Regul: 0.005930 Obj: 0.032932 (0.032460) Rank: 68 (68) Ttime: 4.8576 Vtime: 0.0265
Step: 36500  Loss: 0.026884 Regul: 0.005939 Obj: 0.032823 (0.032460) Rank: 69 (68) Ttime: 4.8467 Vtime: 0.0269
Step: 36600  Loss: 0.027012 Regul: 0.005926 Obj: 0.032937 (0.032460) Rank: 69 (68) Ttime: 4.8822 Vtime: 0.0268
Step: 36700  Loss: 0.027173 Regul: 0.005928 Obj: 0.033102 (0.032460) Rank: 69 (68) Ttime: 4.8300 Vtime: 0.0274
Step: 36800  Loss: 0.026756 Regul: 0.005919 Obj: 0.032675 (0.032460) Rank: 69 (68) Ttime: 4.8491 Vtime: 0.0270
Step: 36900  Loss: 0.026810 Regul: 0.005927 Obj: 0.032737 (0.032460) Rank: 69 (68) Ttime: 4.8487 Vtime: 0.0265
Step: 37000  Loss: 0.026543 Regul: 0.005921 Obj: 0.032464 (0.032460) Rank: 69 (68) Ttime: 4.8377 Vtime: 0.0267
Step: 37100  Loss: 0.026655 Regul: 0.005911 Obj: 0.032566 (0.032460) Rank: 69 (68) Ttime: 4.8008 Vtime: 0.0269
Step: 37200  Loss: 0.026715 Regul: 0.005912 Obj: 0.032628 (0.032460) Rank: 69 (68) Ttime: 4.8354 Vtime: 0.0270
Step: 37300  Loss: 0.026786 Regul: 0.005924 Obj: 0.032710 (0.032460) Rank: 69 (68) Ttime: 4.8106 Vtime: 0.0266
Step: 37400  Loss: 0.026796 Regul: 0.005931 Obj: 0.032727 (0.032460) Rank: 69 (68) Ttime: 4.8071 Vtime: 0.0270
Step: 37500  Loss: 0.027074 Regul: 0.005920 Obj: 0.032994 (0.032460) Rank: 69 (68) Ttime: 4.8184 Vtime: 0.0269
Step: 37600  Loss: 0.026810 Regul: 0.005928 Obj: 0.032738 (0.032460) Rank: 69 (68) Ttime: 4.8306 Vtime: 0.0271
Step: 37700  Loss: 0.026834 Regul: 0.005921 Obj: 0.032756 (0.032460) Rank: 69 (68) Ttime: 4.8892 Vtime: 0.0266
Step: 37800  Loss: 0.026819 Regul: 0.005928 Obj: 0.032747 (0.032460) Rank: 69 (68) Ttime: 4.7473 Vtime: 0.0271
Step: 37900  Loss: 0.026879 Regul: 0.005928 Obj: 0.032808 (0.032460) Rank: 69 (68) Ttime: 4.8190 Vtime: 0.0267
Step: 38000  Loss: 0.026869 Regul: 0.005932 Obj: 0.032800 (0.032460) Rank: 69 (68) Ttime: 4.8669 Vtime: 0.0268
Step: 38100  Loss: 0.026908 Regul: 0.005922 Obj: 0.032830 (0.032460) Rank: 69 (68) Ttime: 4.8004 Vtime: 0.0268
Step: 38200  Loss: 0.026878 Regul: 0.005934 Obj: 0.032812 (0.032460) Rank: 69 (68) Ttime: 4.8290 Vtime: 0.0265
Step: 38300  Loss: 0.026823 Regul: 0.005919 Obj: 0.032742 (0.032460) Rank: 69 (68) Ttime: 4.8771 Vtime: 0.0268
Step: 38400  Loss: 0.026750 Regul: 0.005914 Obj: 0.032665 (0.032460) Rank: 69 (68) Ttime: 4.7794 Vtime: 0.0268
Step: 38500  Loss: 0.026857 Regul: 0.005919 Obj: 0.032776 (0.032460) Rank: 70 (68) Ttime: 4.7925 Vtime: 0.0275
Step: 38600  Loss: 0.026981 Regul: 0.005925 Obj: 0.032905 (0.032460) Rank: 69 (68) Ttime: 4.7874 Vtime: 0.0274
Step: 38700  Loss: 0.026863 Regul: 0.005918 Obj: 0.032781 (0.032460) Rank: 69 (68) Ttime: 4.8348 Vtime: 0.0271
Step: 38800  Loss: 0.026776 Regul: 0.005923 Obj: 0.032698 (0.032460) Rank: 69 (68) Ttime: 4.7959 Vtime: 0.0268
Step: 38900  Loss: 0.026732 Regul: 0.005917 Obj: 0.032649 (0.032460) Rank: 69 (68) Ttime: 4.7864 Vtime: 0.0263
Step: 39000  Loss: 0.027044 Regul: 0.005904 Obj: 0.032947 (0.032460) Rank: 69 (68) Ttime: 4.7997 Vtime: 0.0265
Step: 39100  Loss: 0.026878 Regul: 0.005913 Obj: 0.032791 (0.032460) Rank: 69 (68) Ttime: 4.9212 Vtime: 0.0269
Step: 39200  Loss: 0.026968 Regul: 0.005903 Obj: 0.032871 (0.032460) Rank: 69 (68) Ttime: 4.8685 Vtime: 0.0269
Step: 39300  Loss: 0.026968 Regul: 0.005922 Obj: 0.032890 (0.032460) Rank: 69 (68) Ttime: 4.8825 Vtime: 0.0270
Step: 39400  Loss: 0.026613 Regul: 0.005924 Obj: 0.032537 (0.032460) Rank: 69 (68) Ttime: 4.9231 Vtime: 0.0268
Step: 39500  Loss: 0.026554 Regul: 0.005929 Obj: 0.032482 (0.032460) Rank: 69 (68) Ttime: 4.9036 Vtime: 0.0268
Step: 39600  Loss: 0.026664 Regul: 0.005919 Obj: 0.032582 (0.032460) Rank: 69 (68) Ttime: 4.9095 Vtime: 0.0267
Step: 39700  Loss: 0.026632 Regul: 0.005910 Obj: 0.032542 (0.032460) Rank: 69 (68) Ttime: 4.8546 Vtime: 0.0266
Best: 39800  Loss: 0.026523 Regul: 0.005925 Obj: 0.032448 (0.032448) Rank: 69 (69) Ttime: 4.9036 Vtime: 0.0270
Stat: Dim/MaxDim [69/80] AUC: 0.993204 (0.993103) FPR95: 2.40 (2.40)
Step: 39900  Loss: 0.026720 Regul: 0.005931 Obj: 0.032651 (0.032448) Rank: 69 (69) Ttime: 4.9432 Vtime: 0.0263
Step: 40000  Loss: 0.026831 Regul: 0.005930 Obj: 0.032762 (0.032448) Rank: 69 (69) Ttime: 4.8756 Vtime: 0.0265
Step: 40100  Loss: 0.026773 Regul: 0.005935 Obj: 0.032708 (0.032448) Rank: 69 (69) Ttime: 4.7989 Vtime: 0.0271
Step: 40200  Loss: 0.026622 Regul: 0.005939 Obj: 0.032561 (0.032448) Rank: 69 (69) Ttime: 4.8543 Vtime: 0.0268
Step: 40300  Loss: 0.026725 Regul: 0.005932 Obj: 0.032657 (0.032448) Rank: 69 (69) Ttime: 4.9204 Vtime: 0.0270
Step: 40400  Loss: 0.026771 Regul: 0.005913 Obj: 0.032684 (0.032448) Rank: 69 (69) Ttime: 4.9517 Vtime: 0.0270
Step: 40500  Loss: 0.026881 Regul: 0.005910 Obj: 0.032791 (0.032448) Rank: 69 (69) Ttime: 4.8757 Vtime: 0.0266
Step: 40600  Loss: 0.026893 Regul: 0.005922 Obj: 0.032815 (0.032448) Rank: 69 (69) Ttime: 4.9240 Vtime: 0.0270
Step: 40700  Loss: 0.027105 Regul: 0.005902 Obj: 0.033007 (0.032448) Rank: 69 (69) Ttime: 4.8816 Vtime: 0.0274
Step: 40800  Loss: 0.027023 Regul: 0.005913 Obj: 0.032935 (0.032448) Rank: 68 (69) Ttime: 4.8503 Vtime: 0.0275
Step: 40900  Loss: 0.027010 Regul: 0.005895 Obj: 0.032905 (0.032448) Rank: 68 (69) Ttime: 4.8192 Vtime: 0.0269
Step: 41000  Loss: 0.026814 Regul: 0.005902 Obj: 0.032716 (0.032448) Rank: 69 (69) Ttime: 4.8926 Vtime: 0.0270
Step: 41100  Loss: 0.026676 Regul: 0.005912 Obj: 0.032588 (0.032448) Rank: 69 (69) Ttime: 4.8700 Vtime: 0.0268
Step: 41200  Loss: 0.026828 Regul: 0.005907 Obj: 0.032736 (0.032448) Rank: 69 (69) Ttime: 4.9214 Vtime: 0.0269
Step: 41300  Loss: 0.026745 Regul: 0.005913 Obj: 0.032657 (0.032448) Rank: 69 (69) Ttime: 4.8234 Vtime: 0.0266
Step: 41400  Loss: 0.026795 Regul: 0.005909 Obj: 0.032704 (0.032448) Rank: 69 (69) Ttime: 4.8757 Vtime: 0.0269
Step: 41500  Loss: 0.026788 Regul: 0.005892 Obj: 0.032679 (0.032448) Rank: 69 (69) Ttime: 4.8621 Vtime: 0.0271
Step: 41600  Loss: 0.026909 Regul: 0.005895 Obj: 0.032804 (0.032448) Rank: 69 (69) Ttime: 4.8271 Vtime: 0.0265
Step: 41700  Loss: 0.026829 Regul: 0.005897 Obj: 0.032726 (0.032448) Rank: 69 (69) Ttime: 4.8566 Vtime: 0.0274
Step: 41800  Loss: 0.026906 Regul: 0.005897 Obj: 0.032803 (0.032448) Rank: 69 (69) Ttime: 4.8590 Vtime: 0.0268
Step: 41900  Loss: 0.026680 Regul: 0.005908 Obj: 0.032588 (0.032448) Rank: 69 (69) Ttime: 4.8856 Vtime: 0.0267
Best: 42000  Loss: 0.026478 Regul: 0.005925 Obj: 0.032403 (0.032403) Rank: 69 (69) Ttime: 4.8666 Vtime: 0.0267
Stat: Dim/MaxDim [69/80] AUC: 0.993229 (0.993229) FPR95: 2.38 (2.38) [saved]
Step: 42100  Loss: 0.026529 Regul: 0.005914 Obj: 0.032443 (0.032403) Rank: 69 (69) Ttime: 4.8803 Vtime: 0.0271
Step: 42200  Loss: 0.026562 Regul: 0.005908 Obj: 0.032471 (0.032403) Rank: 69 (69) Ttime: 4.8866 Vtime: 0.0270
Step: 42300  Loss: 0.026524 Regul: 0.005912 Obj: 0.032436 (0.032403) Rank: 69 (69) Ttime: 4.8347 Vtime: 0.0266
Step: 42400  Loss: 0.026615 Regul: 0.005895 Obj: 0.032510 (0.032403) Rank: 69 (69) Ttime: 4.8738 Vtime: 0.0269
Step: 42500  Loss: 0.026711 Regul: 0.005894 Obj: 0.032605 (0.032403) Rank: 69 (69) Ttime: 4.8894 Vtime: 0.0265
Step: 42600  Loss: 0.026841 Regul: 0.005882 Obj: 0.032723 (0.032403) Rank: 69 (69) Ttime: 4.8559 Vtime: 0.0265
Step: 42700  Loss: 0.026526 Regul: 0.005902 Obj: 0.032428 (0.032403) Rank: 69 (69) Ttime: 4.8462 Vtime: 0.0274
Step: 42800  Loss: 0.026531 Regul: 0.005881 Obj: 0.032411 (0.032403) Rank: 69 (69) Ttime: 4.7585 Vtime: 0.0269
Step: 42900  Loss: 0.026646 Regul: 0.005895 Obj: 0.032541 (0.032403) Rank: 69 (69) Ttime: 4.7686 Vtime: 0.0272
Step: 43000  Loss: 0.026744 Regul: 0.005895 Obj: 0.032639 (0.032403) Rank: 69 (69) Ttime: 4.8746 Vtime: 0.0268
Step: 43100  Loss: 0.026605 Regul: 0.005884 Obj: 0.032489 (0.032403) Rank: 69 (69) Ttime: 4.7573 Vtime: 0.0264
Step: 43200  Loss: 0.026530 Regul: 0.005893 Obj: 0.032423 (0.032403) Rank: 69 (69) Ttime: 4.7797 Vtime: 0.0268
Best: 43300  Loss: 0.026407 Regul: 0.005902 Obj: 0.032309 (0.032309) Rank: 69 (69) Ttime: 4.7818 Vtime: 0.0267
Stat: Dim/MaxDim [69/80] AUC: 0.993219 (0.993229) FPR95: 2.36 (2.38)
Step: 43400  Loss: 0.026668 Regul: 0.005882 Obj: 0.032550 (0.032309) Rank: 69 (69) Ttime: 4.7819 Vtime: 0.0267
Step: 43500  Loss: 0.026666 Regul: 0.005888 Obj: 0.032554 (0.032309) Rank: 69 (69) Ttime: 4.8198 Vtime: 0.0275
Step: 43600  Loss: 0.026764 Regul: 0.005882 Obj: 0.032646 (0.032309) Rank: 69 (69) Ttime: 4.7960 Vtime: 0.0267
Step: 43700  Loss: 0.026579 Regul: 0.005881 Obj: 0.032460 (0.032309) Rank: 69 (69) Ttime: 4.7929 Vtime: 0.0270
Step: 43800  Loss: 0.026988 Regul: 0.005880 Obj: 0.032868 (0.032309) Rank: 70 (69) Ttime: 4.7854 Vtime: 0.0268
Step: 43900  Loss: 0.026819 Regul: 0.005877 Obj: 0.032697 (0.032309) Rank: 70 (69) Ttime: 4.7913 Vtime: 0.0275
Step: 44000  Loss: 0.026874 Regul: 0.005882 Obj: 0.032757 (0.032309) Rank: 70 (69) Ttime: 4.8154 Vtime: 0.0265
Step: 44100  Loss: 0.026747 Regul: 0.005898 Obj: 0.032645 (0.032309) Rank: 70 (69) Ttime: 4.7845 Vtime: 0.0266
Step: 44200  Loss: 0.026762 Regul: 0.005905 Obj: 0.032667 (0.032309) Rank: 70 (69) Ttime: 4.7963 Vtime: 0.0264
Step: 44300  Loss: 0.026603 Regul: 0.005903 Obj: 0.032506 (0.032309) Rank: 70 (69) Ttime: 4.8554 Vtime: 0.0262
Step: 44400  Loss: 0.026671 Regul: 0.005901 Obj: 0.032573 (0.032309) Rank: 70 (69) Ttime: 4.8113 Vtime: 0.0269
Step: 44500  Loss: 0.026621 Regul: 0.005901 Obj: 0.032521 (0.032309) Rank: 70 (69) Ttime: 4.8371 Vtime: 0.0274
Step: 44600  Loss: 0.026770 Regul: 0.005896 Obj: 0.032666 (0.032309) Rank: 70 (69) Ttime: 4.8182 Vtime: 0.0274
Step: 44700  Loss: 0.026749 Regul: 0.005889 Obj: 0.032637 (0.032309) Rank: 70 (69) Ttime: 4.7945 Vtime: 0.0267
Step: 44800  Loss: 0.026873 Regul: 0.005908 Obj: 0.032781 (0.032309) Rank: 69 (69) Ttime: 4.7677 Vtime: 0.0277
Step: 44900  Loss: 0.026777 Regul: 0.005927 Obj: 0.032704 (0.032309) Rank: 70 (69) Ttime: 4.7731 Vtime: 0.0276
Step: 45000  Loss: 0.026807 Regul: 0.005906 Obj: 0.032712 (0.032309) Rank: 70 (69) Ttime: 4.7446 Vtime: 0.0272
Step: 45100  Loss: 0.026822 Regul: 0.005897 Obj: 0.032720 (0.032309) Rank: 70 (69) Ttime: 4.7114 Vtime: 0.0267
Step: 45200  Loss: 0.026867 Regul: 0.005904 Obj: 0.032771 (0.032309) Rank: 69 (69) Ttime: 4.8131 Vtime: 0.0270
Step: 45300  Loss: 0.026736 Regul: 0.005908 Obj: 0.032644 (0.032309) Rank: 70 (69) Ttime: 4.8102 Vtime: 0.0272
Step: 45400  Loss: 0.026735 Regul: 0.005919 Obj: 0.032654 (0.032309) Rank: 70 (69) Ttime: 4.8256 Vtime: 0.0272
Step: 45500  Loss: 0.026718 Regul: 0.005914 Obj: 0.032632 (0.032309) Rank: 70 (69) Ttime: 4.7989 Vtime: 0.0264
Step: 45600  Loss: 0.026778 Regul: 0.005911 Obj: 0.032689 (0.032309) Rank: 69 (69) Ttime: 4.7804 Vtime: 0.0271
Step: 45700  Loss: 0.026634 Regul: 0.005906 Obj: 0.032539 (0.032309) Rank: 70 (69) Ttime: 4.8424 Vtime: 0.0276
Step: 45800  Loss: 0.026651 Regul: 0.005915 Obj: 0.032566 (0.032309) Rank: 69 (69) Ttime: 4.8645 Vtime: 0.0273
Step: 45900  Loss: 0.026692 Regul: 0.005910 Obj: 0.032602 (0.032309) Rank: 69 (69) Ttime: 4.8779 Vtime: 0.0272
Step: 46000  Loss: 0.026632 Regul: 0.005910 Obj: 0.032542 (0.032309) Rank: 69 (69) Ttime: 4.8117 Vtime: 0.0270
Step: 46100  Loss: 0.026719 Regul: 0.005919 Obj: 0.032638 (0.032309) Rank: 69 (69) Ttime: 4.8341 Vtime: 0.0267
Step: 46200  Loss: 0.026703 Regul: 0.005921 Obj: 0.032624 (0.032309) Rank: 69 (69) Ttime: 4.8067 Vtime: 0.0262
Step: 46300  Loss: 0.026662 Regul: 0.005927 Obj: 0.032589 (0.032309) Rank: 69 (69) Ttime: 4.8757 Vtime: 0.0267
Step: 46400  Loss: 0.026522 Regul: 0.005923 Obj: 0.032445 (0.032309) Rank: 69 (69) Ttime: 4.8871 Vtime: 0.0270
Step: 46500  Loss: 0.026445 Regul: 0.005912 Obj: 0.032357 (0.032309) Rank: 69 (69) Ttime: 4.7899 Vtime: 0.0266
Step: 46600  Loss: 0.026561 Regul: 0.005913 Obj: 0.032474 (0.032309) Rank: 69 (69) Ttime: 4.8705 Vtime: 0.0270
Step: 46700  Loss: 0.026677 Regul: 0.005902 Obj: 0.032579 (0.032309) Rank: 69 (69) Ttime: 4.8229 Vtime: 0.0273
Step: 46800  Loss: 0.026779 Regul: 0.005874 Obj: 0.032653 (0.032309) Rank: 69 (69) Ttime: 4.8492 Vtime: 0.0270
Step: 46900  Loss: 0.026845 Regul: 0.005875 Obj: 0.032720 (0.032309) Rank: 69 (69) Ttime: 4.8554 Vtime: 0.0269
Step: 47000  Loss: 0.026810 Regul: 0.005873 Obj: 0.032684 (0.032309) Rank: 69 (69) Ttime: 4.8188 Vtime: 0.0262
Step: 47100  Loss: 0.026825 Regul: 0.005880 Obj: 0.032705 (0.032309) Rank: 69 (69) Ttime: 4.8368 Vtime: 0.0266
Step: 47200  Loss: 0.026892 Regul: 0.005872 Obj: 0.032764 (0.032309) Rank: 69 (69) Ttime: 4.8576 Vtime: 0.0265
Step: 47300  Loss: 0.026708 Regul: 0.005865 Obj: 0.032573 (0.032309) Rank: 69 (69) Ttime: 4.8827 Vtime: 0.0267
Step: 47400  Loss: 0.026828 Regul: 0.005864 Obj: 0.032692 (0.032309) Rank: 69 (69) Ttime: 4.8458 Vtime: 0.0273
Step: 47500  Loss: 0.026675 Regul: 0.005858 Obj: 0.032533 (0.032309) Rank: 69 (69) Ttime: 4.8042 Vtime: 0.0267
Step: 47600  Loss: 0.026593 Regul: 0.005862 Obj: 0.032455 (0.032309) Rank: 68 (69) Ttime: 4.8475 Vtime: 0.0275
Step: 47700  Loss: 0.026882 Regul: 0.005867 Obj: 0.032749 (0.032309) Rank: 68 (69) Ttime: 4.8089 Vtime: 0.0268
Step: 47800  Loss: 0.026955 Regul: 0.005880 Obj: 0.032835 (0.032309) Rank: 69 (69) Ttime: 4.7766 Vtime: 0.0278
Step: 47900  Loss: 0.026855 Regul: 0.005892 Obj: 0.032746 (0.032309) Rank: 69 (69) Ttime: 4.7479 Vtime: 0.0269
Step: 48000  Loss: 0.026913 Regul: 0.005875 Obj: 0.032787 (0.032309) Rank: 69 (69) Ttime: 4.7681 Vtime: 0.0267
Step: 48100  Loss: 0.027034 Regul: 0.005877 Obj: 0.032911 (0.032309) Rank: 69 (69) Ttime: 4.8493 Vtime: 0.0268
Step: 48200  Loss: 0.026867 Regul: 0.005893 Obj: 0.032760 (0.032309) Rank: 69 (69) Ttime: 4.7390 Vtime: 0.0268
Step: 48300  Loss: 0.026843 Regul: 0.005882 Obj: 0.032725 (0.032309) Rank: 69 (69) Ttime: 4.8335 Vtime: 0.0273
Step: 48400  Loss: 0.026889 Regul: 0.005884 Obj: 0.032772 (0.032309) Rank: 69 (69) Ttime: 4.8076 Vtime: 0.0266
Step: 48500  Loss: 0.026619 Regul: 0.005886 Obj: 0.032505 (0.032309) Rank: 69 (69) Ttime: 4.7405 Vtime: 0.0268
Step: 48600  Loss: 0.026740 Regul: 0.005890 Obj: 0.032629 (0.032309) Rank: 69 (69) Ttime: 4.7718 Vtime: 0.0267
Step: 48700  Loss: 0.026659 Regul: 0.005893 Obj: 0.032551 (0.032309) Rank: 69 (69) Ttime: 4.7188 Vtime: 0.0271
Step: 48800  Loss: 0.026828 Regul: 0.005887 Obj: 0.032715 (0.032309) Rank: 69 (69) Ttime: 4.6992 Vtime: 0.0269
Step: 48900  Loss: 0.026999 Regul: 0.005884 Obj: 0.032882 (0.032309) Rank: 69 (69) Ttime: 4.8089 Vtime: 0.0269
Step: 49000  Loss: 0.026562 Regul: 0.005884 Obj: 0.032447 (0.032309) Rank: 69 (69) Ttime: 4.7810 Vtime: 0.0264
Step: 49100  Loss: 0.026803 Regul: 0.005877 Obj: 0.032680 (0.032309) Rank: 68 (69) Ttime: 4.7387 Vtime: 0.0275
Step: 49200  Loss: 0.026808 Regul: 0.005886 Obj: 0.032694 (0.032309) Rank: 69 (69) Ttime: 4.8141 Vtime: 0.0275
Step: 49300  Loss: 0.026709 Regul: 0.005894 Obj: 0.032604 (0.032309) Rank: 68 (69) Ttime: 4.8949 Vtime: 0.0273
Step: 49400  Loss: 0.026716 Regul: 0.005893 Obj: 0.032610 (0.032309) Rank: 69 (69) Ttime: 4.8615 Vtime: 0.0276
Step: 49500  Loss: 0.026775 Regul: 0.005876 Obj: 0.032651 (0.032309) Rank: 69 (69) Ttime: 4.8012 Vtime: 0.0266
Step: 49600  Loss: 0.026680 Regul: 0.005874 Obj: 0.032554 (0.032309) Rank: 69 (69) Ttime: 4.8538 Vtime: 0.0269
Step: 49700  Loss: 0.026637 Regul: 0.005877 Obj: 0.032513 (0.032309) Rank: 69 (69) Ttime: 4.8645 Vtime: 0.0276
Step: 49800  Loss: 0.026490 Regul: 0.005890 Obj: 0.032380 (0.032309) Rank: 69 (69) Ttime: 4.7864 Vtime: 0.0271
Step: 49900  Loss: 0.026701 Regul: 0.005887 Obj: 0.032588 (0.032309) Rank: 69 (69) Ttime: 4.9701 Vtime: 0.0272
Step: 50000  Loss: 0.026654 Regul: 0.005887 Obj: 0.032541 (0.032309) Rank: 69 (69) Ttime: 4.8483 Vtime: 0.0271
