mu: 0.002 gamma: 0.025 maxdim: 80 nIters: 50000
Load Labels: 500000
Load Distances: 500000 x 544
0...10...20...30...40...50...60...70...80...90...100 - done.
Positive samples #250000
Negative samples #250000
Positive train #200000
Negative train #200000
Positive valid #50000
Negative valid #50000

Found GPU: GeForce GTX 970
Compute Capability: 5.2

Best: 100  Loss: 1.833770 Regul: 0.702821 Obj: 2.536591 (2.536591) Rank: 102 (102) Ttime: 7.7060 Vtime: 0.1131
Stat: Dim [102] AUC: 0.984745 (0.984745) FPR95: 6.88 (6.88) [saved]
Best: 200  Loss: 0.756392 Regul: 0.386946 Obj: 1.143338 (1.143338) Rank: 74 (74) Ttime: 7.3846 Vtime: 0.0294
Stat: Dim [74] AUC: 0.986250 (0.986250) FPR95: 6.08 (6.08) [saved]
Best: 300  Loss: 0.443691 Regul: 0.242915 Obj: 0.686606 (0.686606) Rank: 60 (60) Ttime: 7.3795 Vtime: 0.0218
Stat: Dim [60] AUC: 0.986855 (0.986855) FPR95: 5.89 (5.89) [saved]
Best: 400  Loss: 0.264661 Regul: 0.158360 Obj: 0.423022 (0.423022) Rank: 51 (51) Ttime: 7.2613 Vtime: 0.0217
Stat: Dim [51] AUC: 0.987415 (0.987415) FPR95: 5.52 (5.52) [saved]
Best: 500  Loss: 0.166761 Regul: 0.103726 Obj: 0.270487 (0.270487) Rank: 44 (44) Ttime: 7.1702 Vtime: 0.0214
Stat: Dim [44] AUC: 0.987772 (0.987415) FPR95: 5.56 (5.52)
Best: 600  Loss: 0.115248 Regul: 0.067786 Obj: 0.183033 (0.183033) Rank: 40 (40) Ttime: 7.1564 Vtime: 0.0210
Stat: Dim [40] AUC: 0.987503 (0.987415) FPR95: 5.79 (5.52)
Best: 700  Loss: 0.079183 Regul: 0.044055 Obj: 0.123238 (0.123238) Rank: 37 (37) Ttime: 7.1423 Vtime: 0.0219
Stat: Dim [37] AUC: 0.987489 (0.987415) FPR95: 5.85 (5.52)
Best: 800  Loss: 0.061851 Regul: 0.029419 Obj: 0.091270 (0.091270) Rank: 34 (34) Ttime: 7.1538 Vtime: 0.0220
Stat: Dim [34] AUC: 0.987011 (0.987415) FPR95: 6.00 (5.52)
Best: 900  Loss: 0.057982 Regul: 0.022899 Obj: 0.080881 (0.080881) Rank: 33 (33) Ttime: 7.1608 Vtime: 0.0218
Stat: Dim [33] AUC: 0.985961 (0.987415) FPR95: 6.86 (5.52)
Best: 1000  Loss: 0.052660 Regul: 0.020311 Obj: 0.072971 (0.072971) Rank: 34 (34) Ttime: 7.3519 Vtime: 0.0215
Stat: Dim [34] AUC: 0.987214 (0.987415) FPR95: 5.88 (5.52)
Best: 1100  Loss: 0.053204 Regul: 0.019225 Obj: 0.072429 (0.072429) Rank: 33 (33) Ttime: 7.3375 Vtime: 0.0221
Stat: Dim [33] AUC: 0.986206 (0.987415) FPR95: 6.52 (5.52)
Best: 1200  Loss: 0.049207 Regul: 0.018383 Obj: 0.067589 (0.067589) Rank: 33 (33) Ttime: 7.3348 Vtime: 0.0213
Stat: Dim [33] AUC: 0.986981 (0.987415) FPR95: 6.02 (5.52)
Step: 1300  Loss: 0.051401 Regul: 0.018542 Obj: 0.069943 (0.067589) Rank: 33 (33) Ttime: 7.5286 Vtime: 0.0212
Best: 1400  Loss: 0.048787 Regul: 0.018133 Obj: 0.066920 (0.066920) Rank: 34 (34) Ttime: 7.2513 Vtime: 0.0219
Stat: Dim [34] AUC: 0.987165 (0.987415) FPR95: 6.00 (5.52)
Best: 1500  Loss: 0.048549 Regul: 0.017529 Obj: 0.066077 (0.066077) Rank: 33 (33) Ttime: 7.2573 Vtime: 0.0222
Stat: Dim [33] AUC: 0.987083 (0.987415) FPR95: 5.99 (5.52)
Step: 1600  Loss: 0.049017 Regul: 0.017633 Obj: 0.066650 (0.066077) Rank: 32 (33) Ttime: 7.2132 Vtime: 0.0217
Best: 1700  Loss: 0.047125 Regul: 0.017171 Obj: 0.064296 (0.064296) Rank: 33 (33) Ttime: 7.2796 Vtime: 0.0221
Stat: Dim [33] AUC: 0.987220 (0.987415) FPR95: 5.78 (5.52)
Step: 1800  Loss: 0.049436 Regul: 0.017189 Obj: 0.066625 (0.064296) Rank: 32 (33) Ttime: 7.3259 Vtime: 0.0220
Best: 1900  Loss: 0.044748 Regul: 0.016281 Obj: 0.061029 (0.061029) Rank: 32 (32) Ttime: 7.2355 Vtime: 0.0210
Stat: Dim [32] AUC: 0.987406 (0.987415) FPR95: 5.87 (5.52)
Step: 2000  Loss: 0.045234 Regul: 0.016320 Obj: 0.061554 (0.061029) Rank: 32 (32) Ttime: 7.3612 Vtime: 0.0219
Step: 2100  Loss: 0.044633 Regul: 0.017010 Obj: 0.061643 (0.061029) Rank: 34 (32) Ttime: 7.2131 Vtime: 0.0216
Best: 2200  Loss: 0.043832 Regul: 0.016032 Obj: 0.059864 (0.059864) Rank: 33 (33) Ttime: 7.2740 Vtime: 0.0216
Stat: Dim [33] AUC: 0.987940 (0.987940) FPR95: 5.42 (5.42) [saved]
Step: 2300  Loss: 0.045968 Regul: 0.015422 Obj: 0.061390 (0.059864) Rank: 33 (33) Ttime: 7.2281 Vtime: 0.0218
Best: 2400  Loss: 0.042865 Regul: 0.015628 Obj: 0.058494 (0.058494) Rank: 34 (34) Ttime: 7.4511 Vtime: 0.0214
Stat: Dim [34] AUC: 0.987967 (0.987967) FPR95: 5.40 (5.40) [saved]
Best: 2500  Loss: 0.042944 Regul: 0.015070 Obj: 0.058014 (0.058014) Rank: 35 (35) Ttime: 7.4183 Vtime: 0.0225
Stat: Dim [35] AUC: 0.987907 (0.987967) FPR95: 5.31 (5.40)
Step: 2600  Loss: 0.045151 Regul: 0.015232 Obj: 0.060383 (0.058014) Rank: 34 (35) Ttime: 7.3327 Vtime: 0.0220
Step: 2700  Loss: 0.044142 Regul: 0.015476 Obj: 0.059617 (0.058014) Rank: 34 (35) Ttime: 7.3309 Vtime: 0.0215
Best: 2800  Loss: 0.042565 Regul: 0.014620 Obj: 0.057185 (0.057185) Rank: 34 (34) Ttime: 7.2683 Vtime: 0.0210
Stat: Dim [34] AUC: 0.987947 (0.987967) FPR95: 5.44 (5.40)
Step: 2900  Loss: 0.042686 Regul: 0.014953 Obj: 0.057639 (0.057185) Rank: 34 (34) Ttime: 7.4682 Vtime: 0.0215
Step: 3000  Loss: 0.043595 Regul: 0.014865 Obj: 0.058460 (0.057185) Rank: 34 (34) Ttime: 7.3486 Vtime: 0.0211
Step: 3100  Loss: 0.044020 Regul: 0.014641 Obj: 0.058661 (0.057185) Rank: 33 (34) Ttime: 7.4260 Vtime: 0.0216
Best: 3200  Loss: 0.041639 Regul: 0.014508 Obj: 0.056147 (0.056147) Rank: 33 (33) Ttime: 7.4122 Vtime: 0.0209
Stat: Dim [33] AUC: 0.987995 (0.987995) FPR95: 5.29 (5.29) [saved]
Step: 3300  Loss: 0.042162 Regul: 0.014880 Obj: 0.057042 (0.056147) Rank: 33 (33) Ttime: 7.4999 Vtime: 0.0209
Step: 3400  Loss: 0.041845 Regul: 0.014476 Obj: 0.056322 (0.056147) Rank: 34 (33) Ttime: 7.3706 Vtime: 0.0217
Best: 3500  Loss: 0.040857 Regul: 0.014805 Obj: 0.055662 (0.055662) Rank: 34 (34) Ttime: 7.3835 Vtime: 0.0213
Stat: Dim [34] AUC: 0.988263 (0.988263) FPR95: 5.11 (5.11) [saved]
Step: 3600  Loss: 0.042882 Regul: 0.014430 Obj: 0.057312 (0.055662) Rank: 33 (34) Ttime: 7.4560 Vtime: 0.0221
Step: 3700  Loss: 0.043491 Regul: 0.014544 Obj: 0.058036 (0.055662) Rank: 34 (34) Ttime: 7.4731 Vtime: 0.0216
Best: 3800  Loss: 0.040666 Regul: 0.014466 Obj: 0.055133 (0.055133) Rank: 34 (34) Ttime: 7.5091 Vtime: 0.0214
Stat: Dim [34] AUC: 0.988230 (0.988263) FPR95: 5.14 (5.11)
Step: 3900  Loss: 0.042925 Regul: 0.014420 Obj: 0.057345 (0.055133) Rank: 34 (34) Ttime: 7.4955 Vtime: 0.0216
Step: 4000  Loss: 0.042701 Regul: 0.014071 Obj: 0.056772 (0.055133) Rank: 34 (34) Ttime: 7.4779 Vtime: 0.0210
Step: 4100  Loss: 0.042297 Regul: 0.013678 Obj: 0.055974 (0.055133) Rank: 34 (34) Ttime: 7.3896 Vtime: 0.0211
Best: 4200  Loss: 0.040765 Regul: 0.013918 Obj: 0.054683 (0.054683) Rank: 34 (34) Ttime: 7.4604 Vtime: 0.0208
Stat: Dim [34] AUC: 0.987728 (0.988263) FPR95: 5.66 (5.11)
Best: 4300  Loss: 0.040815 Regul: 0.013824 Obj: 0.054639 (0.054639) Rank: 35 (35) Ttime: 7.5849 Vtime: 0.0218
Stat: Dim [35] AUC: 0.988196 (0.988263) FPR95: 5.09 (5.11)
Best: 4400  Loss: 0.040333 Regul: 0.013773 Obj: 0.054106 (0.054106) Rank: 35 (35) Ttime: 7.5931 Vtime: 0.0216
Stat: Dim [35] AUC: 0.988269 (0.988263) FPR95: 5.15 (5.11)
Step: 4500  Loss: 0.040691 Regul: 0.013710 Obj: 0.054402 (0.054106) Rank: 34 (35) Ttime: 7.4737 Vtime: 0.0217
Best: 4600  Loss: 0.040336 Regul: 0.013674 Obj: 0.054011 (0.054011) Rank: 36 (36) Ttime: 7.4591 Vtime: 0.0221
Stat: Dim [36] AUC: 0.988302 (0.988302) FPR95: 5.05 (5.05) [saved]
Step: 4700  Loss: 0.043111 Regul: 0.014002 Obj: 0.057113 (0.054011) Rank: 36 (36) Ttime: 7.4187 Vtime: 0.0213
Best: 4800  Loss: 0.038810 Regul: 0.013889 Obj: 0.052699 (0.052699) Rank: 36 (36) Ttime: 7.3911 Vtime: 0.0216
Stat: Dim [36] AUC: 0.988542 (0.988542) FPR95: 5.01 (5.01) [saved]
Best: 4900  Loss: 0.038808 Regul: 0.013661 Obj: 0.052469 (0.052469) Rank: 35 (35) Ttime: 7.4080 Vtime: 0.0224
Stat: Dim [35] AUC: 0.988384 (0.988542) FPR95: 5.18 (5.01)
Step: 5000  Loss: 0.040854 Regul: 0.013388 Obj: 0.054242 (0.052469) Rank: 34 (35) Ttime: 7.3862 Vtime: 0.0219
Best: 5100  Loss: 0.038823 Regul: 0.013383 Obj: 0.052207 (0.052207) Rank: 36 (36) Ttime: 7.4828 Vtime: 0.0219
Stat: Dim [36] AUC: 0.988673 (0.988673) FPR95: 4.83 (4.83) [saved]
Step: 5200  Loss: 0.041211 Regul: 0.013248 Obj: 0.054459 (0.052207) Rank: 34 (36) Ttime: 7.4906 Vtime: 0.0217
Step: 5300  Loss: 0.039170 Regul: 0.013453 Obj: 0.052624 (0.052207) Rank: 35 (36) Ttime: 7.6191 Vtime: 0.0213
Step: 5400  Loss: 0.040378 Regul: 0.013407 Obj: 0.053785 (0.052207) Rank: 35 (36) Ttime: 7.2985 Vtime: 0.0215
Step: 5500  Loss: 0.038981 Regul: 0.013352 Obj: 0.052333 (0.052207) Rank: 36 (36) Ttime: 7.5244 Vtime: 0.0217
Step: 5600  Loss: 0.039489 Regul: 0.013410 Obj: 0.052899 (0.052207) Rank: 35 (36) Ttime: 7.3702 Vtime: 0.0222
Best: 5700  Loss: 0.038637 Regul: 0.013215 Obj: 0.051851 (0.051851) Rank: 35 (35) Ttime: 7.2502 Vtime: 0.0217
Stat: Dim [35] AUC: 0.988725 (0.988673) FPR95: 4.95 (4.83)
Step: 5800  Loss: 0.039558 Regul: 0.013046 Obj: 0.052605 (0.051851) Rank: 35 (35) Ttime: 7.3770 Vtime: 0.0215
Step: 5900  Loss: 0.039023 Regul: 0.013246 Obj: 0.052269 (0.051851) Rank: 35 (35) Ttime: 7.3476 Vtime: 0.0212
Best: 6000  Loss: 0.037287 Regul: 0.013089 Obj: 0.050376 (0.050376) Rank: 36 (36) Ttime: 7.6484 Vtime: 0.0223
Stat: Dim [36] AUC: 0.989110 (0.989110) FPR95: 4.56 (4.56) [saved]
Step: 6100  Loss: 0.038376 Regul: 0.013101 Obj: 0.051477 (0.050376) Rank: 37 (36) Ttime: 7.2290 Vtime: 0.0218
Step: 6200  Loss: 0.038984 Regul: 0.013109 Obj: 0.052092 (0.050376) Rank: 37 (36) Ttime: 7.4117 Vtime: 0.0213
Step: 6300  Loss: 0.040256 Regul: 0.013108 Obj: 0.053364 (0.050376) Rank: 36 (36) Ttime: 7.3754 Vtime: 0.0215
Step: 6400  Loss: 0.038384 Regul: 0.013236 Obj: 0.051620 (0.050376) Rank: 36 (36) Ttime: 7.3292 Vtime: 0.0218
Step: 6500  Loss: 0.039443 Regul: 0.013048 Obj: 0.052491 (0.050376) Rank: 35 (36) Ttime: 7.4510 Vtime: 0.0217
Step: 6600  Loss: 0.038283 Regul: 0.013224 Obj: 0.051506 (0.050376) Rank: 36 (36) Ttime: 7.3426 Vtime: 0.0224
Step: 6700  Loss: 0.039068 Regul: 0.012930 Obj: 0.051999 (0.050376) Rank: 35 (36) Ttime: 7.3784 Vtime: 0.0222
Step: 6800  Loss: 0.040311 Regul: 0.012989 Obj: 0.053300 (0.050376) Rank: 36 (36) Ttime: 7.2626 Vtime: 0.0224
Step: 6900  Loss: 0.037968 Regul: 0.012773 Obj: 0.050741 (0.050376) Rank: 36 (36) Ttime: 7.5336 Vtime: 0.0211
Step: 7000  Loss: 0.037644 Regul: 0.012759 Obj: 0.050402 (0.050376) Rank: 36 (36) Ttime: 7.4099 Vtime: 0.0209
Step: 7100  Loss: 0.039597 Regul: 0.012538 Obj: 0.052135 (0.050376) Rank: 36 (36) Ttime: 7.4150 Vtime: 0.0210
Best: 7200  Loss: 0.037409 Regul: 0.012592 Obj: 0.050001 (0.050001) Rank: 37 (37) Ttime: 7.2602 Vtime: 0.0222
Stat: Dim [37] AUC: 0.988713 (0.989110) FPR95: 4.88 (4.56)
Step: 7300  Loss: 0.039404 Regul: 0.012883 Obj: 0.052286 (0.050001) Rank: 36 (37) Ttime: 7.3849 Vtime: 0.0217
Step: 7400  Loss: 0.037529 Regul: 0.012710 Obj: 0.050239 (0.050001) Rank: 36 (37) Ttime: 7.4221 Vtime: 0.0209
Best: 7500  Loss: 0.037230 Regul: 0.012758 Obj: 0.049988 (0.049988) Rank: 37 (37) Ttime: 7.3959 Vtime: 0.0219
Stat: Dim [37] AUC: 0.988975 (0.989110) FPR95: 4.67 (4.56)
Step: 7600  Loss: 0.038710 Regul: 0.012921 Obj: 0.051631 (0.049988) Rank: 37 (37) Ttime: 7.4730 Vtime: 0.0214
Best: 7700  Loss: 0.037338 Regul: 0.012639 Obj: 0.049977 (0.049977) Rank: 38 (38) Ttime: 7.3382 Vtime: 0.0222
Stat: Dim [38] AUC: 0.988928 (0.989110) FPR95: 4.69 (4.56)
Best: 7800  Loss: 0.037166 Regul: 0.012376 Obj: 0.049542 (0.049542) Rank: 37 (37) Ttime: 7.3045 Vtime: 0.0214
Stat: Dim [37] AUC: 0.988889 (0.989110) FPR95: 4.68 (4.56)
Step: 7900  Loss: 0.039209 Regul: 0.012684 Obj: 0.051893 (0.049542) Rank: 36 (37) Ttime: 7.4390 Vtime: 0.0223
Step: 8000  Loss: 0.038391 Regul: 0.012720 Obj: 0.051111 (0.049542) Rank: 36 (37) Ttime: 7.2895 Vtime: 0.0210
Best: 8100  Loss: 0.036723 Regul: 0.012697 Obj: 0.049420 (0.049420) Rank: 36 (36) Ttime: 7.2806 Vtime: 0.0213
Stat: Dim [36] AUC: 0.989131 (0.989131) FPR95: 4.53 (4.53) [saved]
Best: 8200  Loss: 0.036562 Regul: 0.012378 Obj: 0.048940 (0.048940) Rank: 37 (37) Ttime: 7.3517 Vtime: 0.0220
Stat: Dim [37] AUC: 0.989112 (0.989131) FPR95: 4.54 (4.53)
Best: 8300  Loss: 0.035546 Regul: 0.012506 Obj: 0.048052 (0.048052) Rank: 38 (38) Ttime: 7.5348 Vtime: 0.0218
Stat: Dim [38] AUC: 0.989433 (0.989433) FPR95: 4.41 (4.41) [saved]
Step: 8400  Loss: 0.037096 Regul: 0.012561 Obj: 0.049656 (0.048052) Rank: 36 (38) Ttime: 7.3901 Vtime: 0.0222
Step: 8500  Loss: 0.036735 Regul: 0.012405 Obj: 0.049140 (0.048052) Rank: 36 (38) Ttime: 7.3244 Vtime: 0.0216
Step: 8600  Loss: 0.037498 Regul: 0.012624 Obj: 0.050122 (0.048052) Rank: 36 (38) Ttime: 7.6212 Vtime: 0.0212
Step: 8700  Loss: 0.036787 Regul: 0.012367 Obj: 0.049154 (0.048052) Rank: 37 (38) Ttime: 7.5687 Vtime: 0.0221
Step: 8800  Loss: 0.036852 Regul: 0.012497 Obj: 0.049349 (0.048052) Rank: 36 (38) Ttime: 7.3745 Vtime: 0.0215
Step: 8900  Loss: 0.037199 Regul: 0.012089 Obj: 0.049288 (0.048052) Rank: 35 (38) Ttime: 7.4369 Vtime: 0.0219
Step: 9000  Loss: 0.037849 Regul: 0.012258 Obj: 0.050107 (0.048052) Rank: 36 (38) Ttime: 7.4419 Vtime: 0.0219
Step: 9100  Loss: 0.036800 Regul: 0.012364 Obj: 0.049164 (0.048052) Rank: 36 (38) Ttime: 7.4294 Vtime: 0.0214
Step: 9200  Loss: 0.037370 Regul: 0.012188 Obj: 0.049558 (0.048052) Rank: 37 (38) Ttime: 7.2808 Vtime: 0.0219
Step: 9300  Loss: 0.038315 Regul: 0.012076 Obj: 0.050391 (0.048052) Rank: 35 (38) Ttime: 7.3456 Vtime: 0.0221
Step: 9400  Loss: 0.039281 Regul: 0.012117 Obj: 0.051398 (0.048052) Rank: 36 (38) Ttime: 7.3449 Vtime: 0.0218
Step: 9500  Loss: 0.036620 Regul: 0.012154 Obj: 0.048773 (0.048052) Rank: 37 (38) Ttime: 7.3774 Vtime: 0.0219
Step: 9600  Loss: 0.036326 Regul: 0.012134 Obj: 0.048460 (0.048052) Rank: 36 (38) Ttime: 7.6712 Vtime: 0.0226
Step: 9700  Loss: 0.037447 Regul: 0.012176 Obj: 0.049623 (0.048052) Rank: 36 (38) Ttime: 7.6011 Vtime: 0.0214
Step: 9800  Loss: 0.038026 Regul: 0.012409 Obj: 0.050435 (0.048052) Rank: 37 (38) Ttime: 7.4791 Vtime: 0.0219
Step: 9900  Loss: 0.037647 Regul: 0.012391 Obj: 0.050038 (0.048052) Rank: 37 (38) Ttime: 7.7947 Vtime: 0.0210
Step: 10000  Loss: 0.038069 Regul: 0.012146 Obj: 0.050215 (0.048052) Rank: 36 (38) Ttime: 7.5975 Vtime: 0.0219
Step: 10100  Loss: 0.036306 Regul: 0.012279 Obj: 0.048585 (0.048052) Rank: 37 (38) Ttime: 7.4894 Vtime: 0.0216
Step: 10200  Loss: 0.036509 Regul: 0.012185 Obj: 0.048694 (0.048052) Rank: 37 (38) Ttime: 7.5961 Vtime: 0.0213
Step: 10300  Loss: 0.036508 Regul: 0.012428 Obj: 0.048936 (0.048052) Rank: 38 (38) Ttime: 7.3558 Vtime: 0.0222
Step: 10400  Loss: 0.037240 Regul: 0.012279 Obj: 0.049519 (0.048052) Rank: 37 (38) Ttime: 7.3228 Vtime: 0.0223
Step: 10500  Loss: 0.037534 Regul: 0.012085 Obj: 0.049619 (0.048052) Rank: 36 (38) Ttime: 7.3861 Vtime: 0.0217
Step: 10600  Loss: 0.036471 Regul: 0.011964 Obj: 0.048435 (0.048052) Rank: 37 (38) Ttime: 7.3631 Vtime: 0.0215
Step: 10700  Loss: 0.036456 Regul: 0.012174 Obj: 0.048630 (0.048052) Rank: 36 (38) Ttime: 7.3772 Vtime: 0.0222
Step: 10800  Loss: 0.036437 Regul: 0.012383 Obj: 0.048820 (0.048052) Rank: 37 (38) Ttime: 7.3991 Vtime: 0.0220
Step: 10900  Loss: 0.036323 Regul: 0.012317 Obj: 0.048639 (0.048052) Rank: 38 (38) Ttime: 7.4098 Vtime: 0.0216
Step: 11000  Loss: 0.036929 Regul: 0.012161 Obj: 0.049090 (0.048052) Rank: 38 (38) Ttime: 7.4222 Vtime: 0.0211
Step: 11100  Loss: 0.037371 Regul: 0.011918 Obj: 0.049289 (0.048052) Rank: 37 (38) Ttime: 7.4695 Vtime: 0.0222
Best: 11200  Loss: 0.036182 Regul: 0.011838 Obj: 0.048019 (0.048019) Rank: 37 (37) Ttime: 7.4322 Vtime: 0.0211
Stat: Dim [37] AUC: 0.988935 (0.989433) FPR95: 4.63 (4.41)
Step: 11300  Loss: 0.037198 Regul: 0.011664 Obj: 0.048862 (0.048019) Rank: 36 (37) Ttime: 7.3136 Vtime: 0.0225
Step: 11400  Loss: 0.036348 Regul: 0.012050 Obj: 0.048398 (0.048019) Rank: 36 (37) Ttime: 7.4773 Vtime: 0.0214
Step: 11500  Loss: 0.036655 Regul: 0.011937 Obj: 0.048593 (0.048019) Rank: 38 (37) Ttime: 7.5541 Vtime: 0.0215
Best: 11600  Loss: 0.036080 Regul: 0.011809 Obj: 0.047888 (0.047888) Rank: 38 (38) Ttime: 7.4513 Vtime: 0.0213
Stat: Dim [38] AUC: 0.989269 (0.989433) FPR95: 4.35 (4.41)
Best: 11700  Loss: 0.035802 Regul: 0.011896 Obj: 0.047697 (0.047697) Rank: 38 (38) Ttime: 7.3823 Vtime: 0.0214
Stat: Dim [38] AUC: 0.989229 (0.989433) FPR95: 4.51 (4.41)
Step: 11800  Loss: 0.037250 Regul: 0.012055 Obj: 0.049305 (0.047697) Rank: 37 (38) Ttime: 7.4225 Vtime: 0.0220
Step: 11900  Loss: 0.036238 Regul: 0.011975 Obj: 0.048213 (0.047697) Rank: 37 (38) Ttime: 7.4943 Vtime: 0.0216
Best: 12000  Loss: 0.035494 Regul: 0.011987 Obj: 0.047481 (0.047481) Rank: 38 (38) Ttime: 7.4591 Vtime: 0.0216
Stat: Dim [38] AUC: 0.989252 (0.989433) FPR95: 4.56 (4.41)
Best: 12100  Loss: 0.035358 Regul: 0.011949 Obj: 0.047307 (0.047307) Rank: 37 (37) Ttime: 7.4108 Vtime: 0.0216
Stat: Dim [37] AUC: 0.989290 (0.989433) FPR95: 4.48 (4.41)
Step: 12200  Loss: 0.035644 Regul: 0.011907 Obj: 0.047552 (0.047307) Rank: 37 (37) Ttime: 7.3769 Vtime: 0.0214
Step: 12300  Loss: 0.036165 Regul: 0.012077 Obj: 0.048243 (0.047307) Rank: 37 (37) Ttime: 7.4134 Vtime: 0.0213
Step: 12400  Loss: 0.035872 Regul: 0.012093 Obj: 0.047964 (0.047307) Rank: 38 (37) Ttime: 7.4748 Vtime: 0.0221
Step: 12500  Loss: 0.036955 Regul: 0.011872 Obj: 0.048827 (0.047307) Rank: 37 (37) Ttime: 7.3749 Vtime: 0.0217
Best: 12600  Loss: 0.035188 Regul: 0.011656 Obj: 0.046845 (0.046845) Rank: 37 (37) Ttime: 7.5198 Vtime: 0.0214
Stat: Dim [37] AUC: 0.989358 (0.989433) FPR95: 4.42 (4.41)
Step: 12700  Loss: 0.036058 Regul: 0.011514 Obj: 0.047572 (0.046845) Rank: 36 (37) Ttime: 7.3834 Vtime: 0.0215
Step: 12800  Loss: 0.037132 Regul: 0.011849 Obj: 0.048980 (0.046845) Rank: 38 (37) Ttime: 7.2407 Vtime: 0.0217
Step: 12900  Loss: 0.036300 Regul: 0.011848 Obj: 0.048148 (0.046845) Rank: 37 (37) Ttime: 7.3829 Vtime: 0.0219
Step: 13000  Loss: 0.035948 Regul: 0.011661 Obj: 0.047609 (0.046845) Rank: 37 (37) Ttime: 7.3203 Vtime: 0.0214
Best: 13100  Loss: 0.035037 Regul: 0.011720 Obj: 0.046757 (0.046757) Rank: 38 (38) Ttime: 7.4644 Vtime: 0.0213
Stat: Dim [38] AUC: 0.989282 (0.989433) FPR95: 4.48 (4.41)
Step: 13200  Loss: 0.035668 Regul: 0.011680 Obj: 0.047348 (0.046757) Rank: 38 (38) Ttime: 7.4086 Vtime: 0.0210
Step: 13300  Loss: 0.036186 Regul: 0.011903 Obj: 0.048089 (0.046757) Rank: 37 (38) Ttime: 7.4860 Vtime: 0.0220
Best: 13400  Loss: 0.034907 Regul: 0.011831 Obj: 0.046738 (0.046738) Rank: 39 (39) Ttime: 7.3676 Vtime: 0.0225
Stat: Dim [39] AUC: 0.989368 (0.989433) FPR95: 4.49 (4.41)
Step: 13500  Loss: 0.035675 Regul: 0.011681 Obj: 0.047357 (0.046738) Rank: 38 (39) Ttime: 7.3330 Vtime: 0.0216
Best: 13600  Loss: 0.034532 Regul: 0.011674 Obj: 0.046206 (0.046206) Rank: 38 (38) Ttime: 7.3877 Vtime: 0.0208
Stat: Dim [38] AUC: 0.989522 (0.989522) FPR95: 4.30 (4.30) [saved]
Step: 13700  Loss: 0.035126 Regul: 0.011880 Obj: 0.047006 (0.046206) Rank: 39 (38) Ttime: 7.4008 Vtime: 0.0220
Step: 13800  Loss: 0.035880 Regul: 0.011661 Obj: 0.047541 (0.046206) Rank: 37 (38) Ttime: 7.6224 Vtime: 0.0225
Step: 13900  Loss: 0.035233 Regul: 0.011836 Obj: 0.047068 (0.046206) Rank: 39 (38) Ttime: 7.4886 Vtime: 0.0219
Step: 14000  Loss: 0.035932 Regul: 0.011860 Obj: 0.047792 (0.046206) Rank: 38 (38) Ttime: 7.5382 Vtime: 0.0218
Step: 14100  Loss: 0.036948 Regul: 0.011609 Obj: 0.048557 (0.046206) Rank: 37 (38) Ttime: 7.3758 Vtime: 0.0217
Step: 14200  Loss: 0.036480 Regul: 0.011803 Obj: 0.048283 (0.046206) Rank: 38 (38) Ttime: 7.3349 Vtime: 0.0221
Step: 14300  Loss: 0.035403 Regul: 0.011638 Obj: 0.047041 (0.046206) Rank: 38 (38) Ttime: 7.1775 Vtime: 0.0215
Step: 14400  Loss: 0.035492 Regul: 0.011735 Obj: 0.047228 (0.046206) Rank: 38 (38) Ttime: 7.2509 Vtime: 0.0210
Step: 14500  Loss: 0.034991 Regul: 0.011891 Obj: 0.046882 (0.046206) Rank: 39 (38) Ttime: 7.4365 Vtime: 0.0215
Step: 14600  Loss: 0.034812 Regul: 0.011960 Obj: 0.046772 (0.046206) Rank: 39 (38) Ttime: 7.4552 Vtime: 0.0213
Step: 14700  Loss: 0.035009 Regul: 0.011716 Obj: 0.046725 (0.046206) Rank: 39 (38) Ttime: 7.5162 Vtime: 0.0212
Step: 14800  Loss: 0.036419 Regul: 0.011562 Obj: 0.047981 (0.046206) Rank: 38 (38) Ttime: 7.3499 Vtime: 0.0222
Step: 14900  Loss: 0.035150 Regul: 0.011458 Obj: 0.046608 (0.046206) Rank: 38 (38) Ttime: 7.4872 Vtime: 0.0218
Step: 15000  Loss: 0.035197 Regul: 0.011416 Obj: 0.046613 (0.046206) Rank: 38 (38) Ttime: 7.4000 Vtime: 0.0212
Step: 15100  Loss: 0.035636 Regul: 0.011391 Obj: 0.047027 (0.046206) Rank: 39 (38) Ttime: 7.4071 Vtime: 0.0223
Best: 15200  Loss: 0.034580 Regul: 0.011462 Obj: 0.046042 (0.046042) Rank: 38 (38) Ttime: 7.2770 Vtime: 0.0220
Stat: Dim [38] AUC: 0.989601 (0.989601) FPR95: 4.20 (4.20) [saved]
Step: 15300  Loss: 0.035009 Regul: 0.011425 Obj: 0.046435 (0.046042) Rank: 39 (38) Ttime: 7.3319 Vtime: 0.0218
Step: 15400  Loss: 0.035159 Regul: 0.011606 Obj: 0.046765 (0.046042) Rank: 37 (38) Ttime: 7.5538 Vtime: 0.0221
Step: 15500  Loss: 0.035401 Regul: 0.011577 Obj: 0.046978 (0.046042) Rank: 38 (38) Ttime: 7.3327 Vtime: 0.0219
Step: 15600  Loss: 0.035288 Regul: 0.011692 Obj: 0.046980 (0.046042) Rank: 39 (38) Ttime: 7.4717 Vtime: 0.0219
Step: 15700  Loss: 0.036818 Regul: 0.011409 Obj: 0.048227 (0.046042) Rank: 37 (38) Ttime: 7.5225 Vtime: 0.0227
Step: 15800  Loss: 0.035114 Regul: 0.011548 Obj: 0.046662 (0.046042) Rank: 38 (38) Ttime: 7.5525 Vtime: 0.0218
Step: 15900  Loss: 0.035049 Regul: 0.011636 Obj: 0.046685 (0.046042) Rank: 38 (38) Ttime: 7.4323 Vtime: 0.0211
Step: 16000  Loss: 0.035096 Regul: 0.011560 Obj: 0.046657 (0.046042) Rank: 38 (38) Ttime: 7.4490 Vtime: 0.0215
Step: 16100  Loss: 0.035367 Regul: 0.011433 Obj: 0.046800 (0.046042) Rank: 37 (38) Ttime: 7.5098 Vtime: 0.0228
Best: 16200  Loss: 0.034144 Regul: 0.011549 Obj: 0.045694 (0.045694) Rank: 37 (37) Ttime: 7.5102 Vtime: 0.0211
Stat: Dim [37] AUC: 0.989455 (0.989601) FPR95: 4.53 (4.20)
Step: 16300  Loss: 0.035202 Regul: 0.011561 Obj: 0.046764 (0.045694) Rank: 38 (37) Ttime: 7.4695 Vtime: 0.0217
Step: 16400  Loss: 0.034303 Regul: 0.011473 Obj: 0.045776 (0.045694) Rank: 39 (37) Ttime: 7.4048 Vtime: 0.0222
Best: 16500  Loss: 0.034224 Regul: 0.011326 Obj: 0.045551 (0.045551) Rank: 37 (37) Ttime: 7.3442 Vtime: 0.0222
Stat: Dim [37] AUC: 0.989607 (0.989601) FPR95: 4.36 (4.20)
Step: 16600  Loss: 0.035760 Regul: 0.011400 Obj: 0.047160 (0.045551) Rank: 39 (37) Ttime: 7.4396 Vtime: 0.0215
Step: 16700  Loss: 0.035119 Regul: 0.011353 Obj: 0.046473 (0.045551) Rank: 38 (37) Ttime: 7.4138 Vtime: 0.0218
Step: 16800  Loss: 0.034866 Regul: 0.011634 Obj: 0.046500 (0.045551) Rank: 40 (37) Ttime: 7.5503 Vtime: 0.0220
Step: 16900  Loss: 0.034240 Regul: 0.011558 Obj: 0.045798 (0.045551) Rank: 38 (37) Ttime: 7.4545 Vtime: 0.0215
Step: 17000  Loss: 0.034947 Regul: 0.011411 Obj: 0.046358 (0.045551) Rank: 39 (37) Ttime: 7.3500 Vtime: 0.0218
Step: 17100  Loss: 0.034860 Regul: 0.011499 Obj: 0.046359 (0.045551) Rank: 39 (37) Ttime: 7.4738 Vtime: 0.0211
Step: 17200  Loss: 0.035841 Regul: 0.011440 Obj: 0.047281 (0.045551) Rank: 38 (37) Ttime: 7.4090 Vtime: 0.0216
Step: 17300  Loss: 0.034979 Regul: 0.011366 Obj: 0.046345 (0.045551) Rank: 38 (37) Ttime: 7.4423 Vtime: 0.0213
Step: 17400  Loss: 0.034796 Regul: 0.011372 Obj: 0.046168 (0.045551) Rank: 40 (37) Ttime: 7.4718 Vtime: 0.0216
Step: 17500  Loss: 0.035304 Regul: 0.011403 Obj: 0.046707 (0.045551) Rank: 39 (37) Ttime: 7.3148 Vtime: 0.0219
Best: 17600  Loss: 0.033862 Regul: 0.011348 Obj: 0.045209 (0.045209) Rank: 39 (39) Ttime: 7.2567 Vtime: 0.0215
Stat: Dim [39] AUC: 0.989615 (0.989601) FPR95: 4.34 (4.20)
Best: 17700  Loss: 0.033858 Regul: 0.011268 Obj: 0.045126 (0.045126) Rank: 40 (40) Ttime: 7.4409 Vtime: 0.0216
Stat: Dim [40] AUC: 0.989729 (0.989729) FPR95: 4.09 (4.09) [saved]
Step: 17800  Loss: 0.034803 Regul: 0.011180 Obj: 0.045984 (0.045126) Rank: 38 (40) Ttime: 7.3675 Vtime: 0.0219
Step: 17900  Loss: 0.034092 Regul: 0.011108 Obj: 0.045200 (0.045126) Rank: 38 (40) Ttime: 7.4397 Vtime: 0.0217
Step: 18000  Loss: 0.034132 Regul: 0.011265 Obj: 0.045397 (0.045126) Rank: 39 (40) Ttime: 7.7399 Vtime: 0.0214
Best: 18100  Loss: 0.033123 Regul: 0.011537 Obj: 0.044659 (0.044659) Rank: 39 (39) Ttime: 7.5917 Vtime: 0.0215
Stat: Dim [39] AUC: 0.989844 (0.989729) FPR95: 4.13 (4.09)
Step: 18200  Loss: 0.035175 Regul: 0.011615 Obj: 0.046790 (0.044659) Rank: 38 (39) Ttime: 7.4324 Vtime: 0.0218
Step: 18300  Loss: 0.033551 Regul: 0.011631 Obj: 0.045182 (0.044659) Rank: 39 (39) Ttime: 7.4874 Vtime: 0.0216
Step: 18400  Loss: 0.036130 Regul: 0.011531 Obj: 0.047661 (0.044659) Rank: 39 (39) Ttime: 7.6046 Vtime: 0.0213
Step: 18500  Loss: 0.034136 Regul: 0.011515 Obj: 0.045651 (0.044659) Rank: 39 (39) Ttime: 7.6029 Vtime: 0.0215
Step: 18600  Loss: 0.034437 Regul: 0.011638 Obj: 0.046075 (0.044659) Rank: 40 (39) Ttime: 7.4681 Vtime: 0.0223
Step: 18700  Loss: 0.034924 Regul: 0.011458 Obj: 0.046382 (0.044659) Rank: 40 (39) Ttime: 7.4446 Vtime: 0.0213
Step: 18800  Loss: 0.033703 Regul: 0.011348 Obj: 0.045051 (0.044659) Rank: 40 (39) Ttime: 7.4536 Vtime: 0.0216
Step: 18900  Loss: 0.034116 Regul: 0.011282 Obj: 0.045398 (0.044659) Rank: 38 (39) Ttime: 7.3799 Vtime: 0.0212
Step: 19000  Loss: 0.034302 Regul: 0.011107 Obj: 0.045409 (0.044659) Rank: 39 (39) Ttime: 7.2961 Vtime: 0.0214
Step: 19100  Loss: 0.033757 Regul: 0.011342 Obj: 0.045099 (0.044659) Rank: 39 (39) Ttime: 7.3305 Vtime: 0.0215
Step: 19200  Loss: 0.035074 Regul: 0.011240 Obj: 0.046314 (0.044659) Rank: 39 (39) Ttime: 7.2615 Vtime: 0.0212
Step: 19300  Loss: 0.035017 Regul: 0.011199 Obj: 0.046216 (0.044659) Rank: 38 (39) Ttime: 7.3104 Vtime: 0.0221
Step: 19400  Loss: 0.036954 Regul: 0.011168 Obj: 0.048122 (0.044659) Rank: 38 (39) Ttime: 7.5056 Vtime: 0.0210
Step: 19500  Loss: 0.034853 Regul: 0.011110 Obj: 0.045962 (0.044659) Rank: 38 (39) Ttime: 7.3403 Vtime: 0.0214
Step: 19600  Loss: 0.034184 Regul: 0.011263 Obj: 0.045447 (0.044659) Rank: 39 (39) Ttime: 7.3987 Vtime: 0.0223
Step: 19700  Loss: 0.034050 Regul: 0.011269 Obj: 0.045319 (0.044659) Rank: 38 (39) Ttime: 7.3142 Vtime: 0.0217
Step: 19800  Loss: 0.033746 Regul: 0.011291 Obj: 0.045037 (0.044659) Rank: 38 (39) Ttime: 7.3148 Vtime: 0.0215
Step: 19900  Loss: 0.034452 Regul: 0.011274 Obj: 0.045726 (0.044659) Rank: 38 (39) Ttime: 7.4124 Vtime: 0.0212
Step: 20000  Loss: 0.034016 Regul: 0.011364 Obj: 0.045380 (0.044659) Rank: 40 (39) Ttime: 7.2269 Vtime: 0.0222
Step: 20100  Loss: 0.033369 Regul: 0.011414 Obj: 0.044783 (0.044659) Rank: 40 (39) Ttime: 7.2722 Vtime: 0.0216
Step: 20200  Loss: 0.034634 Regul: 0.011145 Obj: 0.045779 (0.044659) Rank: 40 (39) Ttime: 7.2886 Vtime: 0.0216
Step: 20300  Loss: 0.034194 Regul: 0.011271 Obj: 0.045464 (0.044659) Rank: 39 (39) Ttime: 7.4347 Vtime: 0.0215
Step: 20400  Loss: 0.034762 Regul: 0.011188 Obj: 0.045950 (0.044659) Rank: 39 (39) Ttime: 7.6111 Vtime: 0.0210
Step: 20500  Loss: 0.033898 Regul: 0.011358 Obj: 0.045256 (0.044659) Rank: 39 (39) Ttime: 7.6531 Vtime: 0.0211
Step: 20600  Loss: 0.033944 Regul: 0.011349 Obj: 0.045293 (0.044659) Rank: 40 (39) Ttime: 7.5793 Vtime: 0.0223
Step: 20700  Loss: 0.034441 Regul: 0.011023 Obj: 0.045464 (0.044659) Rank: 39 (39) Ttime: 7.3899 Vtime: 0.0215
Step: 20800  Loss: 0.034238 Regul: 0.011314 Obj: 0.045553 (0.044659) Rank: 39 (39) Ttime: 7.3737 Vtime: 0.0209
Step: 20900  Loss: 0.034163 Regul: 0.011347 Obj: 0.045511 (0.044659) Rank: 39 (39) Ttime: 7.3452 Vtime: 0.0210
Step: 21000  Loss: 0.035238 Regul: 0.011205 Obj: 0.046443 (0.044659) Rank: 39 (39) Ttime: 7.3703 Vtime: 0.0218
Best: 21100  Loss: 0.033340 Regul: 0.011240 Obj: 0.044581 (0.044581) Rank: 41 (41) Ttime: 7.4992 Vtime: 0.0222
Stat: Dim [41] AUC: 0.989683 (0.989729) FPR95: 4.25 (4.09)
Step: 21200  Loss: 0.033891 Regul: 0.011168 Obj: 0.045059 (0.044581) Rank: 39 (41) Ttime: 7.3839 Vtime: 0.0221
Step: 21300  Loss: 0.034760 Regul: 0.011258 Obj: 0.046018 (0.044581) Rank: 40 (41) Ttime: 7.4454 Vtime: 0.0222
Step: 21400  Loss: 0.034643 Regul: 0.011147 Obj: 0.045790 (0.044581) Rank: 39 (41) Ttime: 7.3850 Vtime: 0.0222
Best: 21500  Loss: 0.033216 Regul: 0.011111 Obj: 0.044327 (0.044327) Rank: 40 (40) Ttime: 7.3625 Vtime: 0.0218
Stat: Dim [40] AUC: 0.989972 (0.989972) FPR95: 4.02 (4.02) [saved]
Step: 21600  Loss: 0.033635 Regul: 0.011000 Obj: 0.044634 (0.044327) Rank: 37 (40) Ttime: 7.4740 Vtime: 0.0220
Step: 21700  Loss: 0.034084 Regul: 0.010933 Obj: 0.045016 (0.044327) Rank: 39 (40) Ttime: 7.5797 Vtime: 0.0218
Step: 21800  Loss: 0.034104 Regul: 0.011115 Obj: 0.045219 (0.044327) Rank: 39 (40) Ttime: 7.3725 Vtime: 0.0214
Step: 21900  Loss: 0.033689 Regul: 0.011058 Obj: 0.044747 (0.044327) Rank: 40 (40) Ttime: 7.5601 Vtime: 0.0215
Step: 22000  Loss: 0.034888 Regul: 0.011324 Obj: 0.046212 (0.044327) Rank: 40 (40) Ttime: 7.5251 Vtime: 0.0213
Step: 22100  Loss: 0.033677 Regul: 0.011158 Obj: 0.044834 (0.044327) Rank: 39 (40) Ttime: 7.5810 Vtime: 0.0216
Step: 22200  Loss: 0.035070 Regul: 0.011052 Obj: 0.046122 (0.044327) Rank: 40 (40) Ttime: 7.4780 Vtime: 0.0221
Step: 22300  Loss: 0.033677 Regul: 0.011299 Obj: 0.044976 (0.044327) Rank: 40 (40) Ttime: 7.5435 Vtime: 0.0216
Best: 22400  Loss: 0.032919 Regul: 0.011247 Obj: 0.044166 (0.044166) Rank: 40 (40) Ttime: 7.5698 Vtime: 0.0211
Stat: Dim [40] AUC: 0.989804 (0.989972) FPR95: 4.16 (4.02)
Step: 22500  Loss: 0.033565 Regul: 0.011101 Obj: 0.044666 (0.044166) Rank: 40 (40) Ttime: 7.5346 Vtime: 0.0216
Step: 22600  Loss: 0.033122 Regul: 0.011129 Obj: 0.044251 (0.044166) Rank: 40 (40) Ttime: 7.6691 Vtime: 0.0212
Step: 22700  Loss: 0.034550 Regul: 0.011070 Obj: 0.045620 (0.044166) Rank: 39 (40) Ttime: 7.5837 Vtime: 0.0220
Step: 22800  Loss: 0.035113 Regul: 0.010947 Obj: 0.046060 (0.044166) Rank: 39 (40) Ttime: 7.6704 Vtime: 0.0213
Step: 22900  Loss: 0.032906 Regul: 0.011309 Obj: 0.044215 (0.044166) Rank: 40 (40) Ttime: 7.7031 Vtime: 0.0222
Step: 23000  Loss: 0.033626 Regul: 0.011234 Obj: 0.044860 (0.044166) Rank: 40 (40) Ttime: 7.7012 Vtime: 0.0214
Step: 23100  Loss: 0.033401 Regul: 0.011107 Obj: 0.044509 (0.044166) Rank: 39 (40) Ttime: 7.5527 Vtime: 0.0217
Step: 23200  Loss: 0.033339 Regul: 0.011261 Obj: 0.044600 (0.044166) Rank: 40 (40) Ttime: 7.6481 Vtime: 0.0219
Step: 23300  Loss: 0.033285 Regul: 0.011155 Obj: 0.044440 (0.044166) Rank: 40 (40) Ttime: 7.5616 Vtime: 0.0211
Step: 23400  Loss: 0.033224 Regul: 0.011097 Obj: 0.044321 (0.044166) Rank: 39 (40) Ttime: 7.7882 Vtime: 0.0220
Step: 23500  Loss: 0.033743 Regul: 0.011130 Obj: 0.044873 (0.044166) Rank: 39 (40) Ttime: 7.5916 Vtime: 0.0216
Step: 23600  Loss: 0.033791 Regul: 0.011076 Obj: 0.044868 (0.044166) Rank: 40 (40) Ttime: 7.5333 Vtime: 0.0216
Step: 23700  Loss: 0.034276 Regul: 0.011178 Obj: 0.045454 (0.044166) Rank: 40 (40) Ttime: 7.5256 Vtime: 0.0211
Step: 23800  Loss: 0.033747 Regul: 0.011047 Obj: 0.044794 (0.044166) Rank: 40 (40) Ttime: 7.4151 Vtime: 0.0215
Step: 23900  Loss: 0.033836 Regul: 0.011058 Obj: 0.044894 (0.044166) Rank: 38 (40) Ttime: 7.5500 Vtime: 0.0216
Step: 24000  Loss: 0.034417 Regul: 0.011107 Obj: 0.045524 (0.044166) Rank: 40 (40) Ttime: 7.4745 Vtime: 0.0214
Step: 24100  Loss: 0.034142 Regul: 0.011143 Obj: 0.045285 (0.044166) Rank: 41 (40) Ttime: 7.5562 Vtime: 0.0222
Step: 24200  Loss: 0.034457 Regul: 0.011143 Obj: 0.045600 (0.044166) Rank: 39 (40) Ttime: 7.5226 Vtime: 0.0219
Best: 24300  Loss: 0.032769 Regul: 0.011011 Obj: 0.043780 (0.043780) Rank: 39 (39) Ttime: 7.5725 Vtime: 0.0217
Stat: Dim [39] AUC: 0.989929 (0.989972) FPR95: 4.08 (4.02)
Step: 24400  Loss: 0.033918 Regul: 0.011093 Obj: 0.045011 (0.043780) Rank: 40 (39) Ttime: 7.3553 Vtime: 0.0218
Step: 24500  Loss: 0.033832 Regul: 0.011077 Obj: 0.044909 (0.043780) Rank: 39 (39) Ttime: 7.6364 Vtime: 0.0224
Step: 24600  Loss: 0.034547 Regul: 0.011002 Obj: 0.045549 (0.043780) Rank: 40 (39) Ttime: 7.7517 Vtime: 0.0216
Step: 24700  Loss: 0.033929 Regul: 0.011077 Obj: 0.045006 (0.043780) Rank: 40 (39) Ttime: 7.7241 Vtime: 0.0209
Step: 24800  Loss: 0.034516 Regul: 0.011000 Obj: 0.045515 (0.043780) Rank: 39 (39) Ttime: 7.7775 Vtime: 0.0221
Step: 24900  Loss: 0.033337 Regul: 0.011048 Obj: 0.044386 (0.043780) Rank: 40 (39) Ttime: 7.6001 Vtime: 0.0223
Step: 25000  Loss: 0.033397 Regul: 0.010933 Obj: 0.044330 (0.043780) Rank: 40 (39) Ttime: 7.9169 Vtime: 0.0216
Step: 25100  Loss: 0.033358 Regul: 0.010932 Obj: 0.044290 (0.043780) Rank: 40 (39) Ttime: 7.7373 Vtime: 0.0215
Step: 25200  Loss: 0.034442 Regul: 0.010982 Obj: 0.045424 (0.043780) Rank: 41 (39) Ttime: 7.7225 Vtime: 0.0219
Step: 25300  Loss: 0.033601 Regul: 0.011027 Obj: 0.044629 (0.043780) Rank: 40 (39) Ttime: 7.5242 Vtime: 0.0216
Step: 25400  Loss: 0.034380 Regul: 0.010829 Obj: 0.045209 (0.043780) Rank: 39 (39) Ttime: 7.4403 Vtime: 0.0220
Step: 25500  Loss: 0.033564 Regul: 0.011083 Obj: 0.044647 (0.043780) Rank: 40 (39) Ttime: 7.5424 Vtime: 0.0214
Step: 25600  Loss: 0.032981 Regul: 0.011026 Obj: 0.044007 (0.043780) Rank: 39 (39) Ttime: 7.5768 Vtime: 0.0220
Step: 25700  Loss: 0.032843 Regul: 0.010951 Obj: 0.043794 (0.043780) Rank: 41 (39) Ttime: 7.6304 Vtime: 0.0218
Step: 25800  Loss: 0.032977 Regul: 0.010833 Obj: 0.043809 (0.043780) Rank: 40 (39) Ttime: 7.5185 Vtime: 0.0217
Step: 25900  Loss: 0.034987 Regul: 0.010888 Obj: 0.045876 (0.043780) Rank: 40 (39) Ttime: 7.6255 Vtime: 0.0212
Step: 26000  Loss: 0.033925 Regul: 0.011115 Obj: 0.045041 (0.043780) Rank: 40 (39) Ttime: 7.4775 Vtime: 0.0218
Step: 26100  Loss: 0.034582 Regul: 0.011070 Obj: 0.045652 (0.043780) Rank: 40 (39) Ttime: 7.4397 Vtime: 0.0209
Step: 26200  Loss: 0.033600 Regul: 0.010984 Obj: 0.044584 (0.043780) Rank: 41 (39) Ttime: 7.4347 Vtime: 0.0226
Step: 26300  Loss: 0.034350 Regul: 0.010956 Obj: 0.045307 (0.043780) Rank: 39 (39) Ttime: 7.3623 Vtime: 0.0214
Step: 26400  Loss: 0.033373 Regul: 0.011053 Obj: 0.044426 (0.043780) Rank: 41 (39) Ttime: 7.4123 Vtime: 0.0228
Step: 26500  Loss: 0.033499 Regul: 0.010833 Obj: 0.044332 (0.043780) Rank: 41 (39) Ttime: 7.4666 Vtime: 0.0215
Step: 26600  Loss: 0.033717 Regul: 0.010775 Obj: 0.044491 (0.043780) Rank: 40 (39) Ttime: 7.3184 Vtime: 0.0219
Step: 26700  Loss: 0.033546 Regul: 0.011076 Obj: 0.044623 (0.043780) Rank: 40 (39) Ttime: 7.4596 Vtime: 0.0211
Step: 26800  Loss: 0.033633 Regul: 0.011184 Obj: 0.044816 (0.043780) Rank: 41 (39) Ttime: 7.5463 Vtime: 0.0218
Step: 26900  Loss: 0.032733 Regul: 0.011220 Obj: 0.043953 (0.043780) Rank: 41 (39) Ttime: 7.4238 Vtime: 0.0214
Step: 27000  Loss: 0.034360 Regul: 0.011029 Obj: 0.045389 (0.043780) Rank: 40 (39) Ttime: 7.3661 Vtime: 0.0222
Step: 27100  Loss: 0.033727 Regul: 0.010952 Obj: 0.044679 (0.043780) Rank: 41 (39) Ttime: 7.4461 Vtime: 0.0222
Step: 27200  Loss: 0.034314 Regul: 0.010929 Obj: 0.045243 (0.043780) Rank: 40 (39) Ttime: 7.3570 Vtime: 0.0215
Step: 27300  Loss: 0.033713 Regul: 0.010969 Obj: 0.044682 (0.043780) Rank: 39 (39) Ttime: 7.5095 Vtime: 0.0219
Step: 27400  Loss: 0.033934 Regul: 0.010871 Obj: 0.044805 (0.043780) Rank: 41 (39) Ttime: 7.4171 Vtime: 0.0223
Best: 27500  Loss: 0.032863 Regul: 0.010822 Obj: 0.043685 (0.043685) Rank: 40 (40) Ttime: 7.4382 Vtime: 0.0219
Stat: Dim [40] AUC: 0.989859 (0.989972) FPR95: 4.23 (4.02)
Step: 27600  Loss: 0.033581 Regul: 0.010820 Obj: 0.044401 (0.043685) Rank: 40 (40) Ttime: 7.4264 Vtime: 0.0210
Step: 27700  Loss: 0.033034 Regul: 0.010958 Obj: 0.043992 (0.043685) Rank: 41 (40) Ttime: 7.4331 Vtime: 0.0225
Step: 27800  Loss: 0.033791 Regul: 0.010947 Obj: 0.044738 (0.043685) Rank: 39 (40) Ttime: 7.4244 Vtime: 0.0221
Step: 27900  Loss: 0.033431 Regul: 0.010903 Obj: 0.044333 (0.043685) Rank: 40 (40) Ttime: 7.4877 Vtime: 0.0217
Step: 28000  Loss: 0.034077 Regul: 0.010875 Obj: 0.044952 (0.043685) Rank: 40 (40) Ttime: 7.3852 Vtime: 0.0213
Step: 28100  Loss: 0.034037 Regul: 0.010842 Obj: 0.044879 (0.043685) Rank: 39 (40) Ttime: 7.4526 Vtime: 0.0221
Step: 28200  Loss: 0.033541 Regul: 0.010846 Obj: 0.044388 (0.043685) Rank: 40 (40) Ttime: 7.4265 Vtime: 0.0218
Step: 28300  Loss: 0.034524 Regul: 0.010803 Obj: 0.045327 (0.043685) Rank: 39 (40) Ttime: 7.5523 Vtime: 0.0217
Step: 28400  Loss: 0.033696 Regul: 0.010780 Obj: 0.044477 (0.043685) Rank: 39 (40) Ttime: 7.5704 Vtime: 0.0217
Step: 28500  Loss: 0.033922 Regul: 0.010699 Obj: 0.044621 (0.043685) Rank: 40 (40) Ttime: 7.5465 Vtime: 0.0219
Step: 28600  Loss: 0.034292 Regul: 0.010768 Obj: 0.045061 (0.043685) Rank: 39 (40) Ttime: 7.4400 Vtime: 0.0225
Step: 28700  Loss: 0.033057 Regul: 0.010781 Obj: 0.043837 (0.043685) Rank: 40 (40) Ttime: 7.5343 Vtime: 0.0222
Step: 28800  Loss: 0.033654 Regul: 0.010752 Obj: 0.044406 (0.043685) Rank: 40 (40) Ttime: 7.4979 Vtime: 0.0211
Best: 28900  Loss: 0.032707 Regul: 0.010784 Obj: 0.043491 (0.043491) Rank: 41 (41) Ttime: 7.5297 Vtime: 0.0222
Stat: Dim [41] AUC: 0.989954 (0.989972) FPR95: 4.06 (4.02)
Step: 29000  Loss: 0.033105 Regul: 0.010773 Obj: 0.043878 (0.043491) Rank: 40 (41) Ttime: 7.5541 Vtime: 0.0217
Step: 29100  Loss: 0.033453 Regul: 0.010604 Obj: 0.044057 (0.043491) Rank: 41 (41) Ttime: 7.4898 Vtime: 0.0215
Step: 29200  Loss: 0.033344 Regul: 0.010645 Obj: 0.043988 (0.043491) Rank: 41 (41) Ttime: 7.5395 Vtime: 0.0216
Step: 29300  Loss: 0.033175 Regul: 0.010749 Obj: 0.043924 (0.043491) Rank: 40 (41) Ttime: 7.6860 Vtime: 0.0217
Step: 29400  Loss: 0.033050 Regul: 0.010831 Obj: 0.043881 (0.043491) Rank: 40 (41) Ttime: 7.5269 Vtime: 0.0211
Step: 29500  Loss: 0.033695 Regul: 0.010876 Obj: 0.044571 (0.043491) Rank: 40 (41) Ttime: 7.5415 Vtime: 0.0213
Step: 29600  Loss: 0.033119 Regul: 0.010791 Obj: 0.043910 (0.043491) Rank: 40 (41) Ttime: 7.3733 Vtime: 0.0212
Step: 29700  Loss: 0.033272 Regul: 0.010939 Obj: 0.044212 (0.043491) Rank: 40 (41) Ttime: 7.4222 Vtime: 0.0220
Step: 29800  Loss: 0.033335 Regul: 0.010859 Obj: 0.044194 (0.043491) Rank: 41 (41) Ttime: 7.6264 Vtime: 0.0222
Step: 29900  Loss: 0.032669 Regul: 0.010912 Obj: 0.043581 (0.043491) Rank: 41 (41) Ttime: 7.5200 Vtime: 0.0217
Best: 30000  Loss: 0.032508 Regul: 0.010800 Obj: 0.043308 (0.043308) Rank: 42 (42) Ttime: 7.7478 Vtime: 0.0215
Stat: Dim [42] AUC: 0.990011 (0.990011) FPR95: 3.87 (3.87) [saved]
Step: 30100  Loss: 0.032827 Regul: 0.010827 Obj: 0.043654 (0.043308) Rank: 40 (42) Ttime: 7.3215 Vtime: 0.0217
Step: 30200  Loss: 0.033425 Regul: 0.010892 Obj: 0.044317 (0.043308) Rank: 40 (42) Ttime: 7.5841 Vtime: 0.0216
Step: 30300  Loss: 0.032734 Regul: 0.010789 Obj: 0.043523 (0.043308) Rank: 41 (42) Ttime: 7.5615 Vtime: 0.0217
Step: 30400  Loss: 0.033301 Regul: 0.010744 Obj: 0.044045 (0.043308) Rank: 41 (42) Ttime: 7.5628 Vtime: 0.0212
Best: 30500  Loss: 0.032196 Regul: 0.010842 Obj: 0.043038 (0.043038) Rank: 42 (42) Ttime: 7.6876 Vtime: 0.0219
Stat: Dim [42] AUC: 0.990176 (0.990011) FPR95: 3.88 (3.87)
Step: 30600  Loss: 0.032581 Regul: 0.010847 Obj: 0.043428 (0.043038) Rank: 42 (42) Ttime: 7.6902 Vtime: 0.0213
Step: 30700  Loss: 0.033278 Regul: 0.010749 Obj: 0.044027 (0.043038) Rank: 40 (42) Ttime: 7.8480 Vtime: 0.0219
Step: 30800  Loss: 0.032896 Regul: 0.010847 Obj: 0.043743 (0.043038) Rank: 41 (42) Ttime: 7.5479 Vtime: 0.0220
Step: 30900  Loss: 0.033016 Regul: 0.010620 Obj: 0.043636 (0.043038) Rank: 40 (42) Ttime: 7.5633 Vtime: 0.0220
Step: 31000  Loss: 0.032681 Regul: 0.010662 Obj: 0.043343 (0.043038) Rank: 41 (42) Ttime: 7.5247 Vtime: 0.0222
Step: 31100  Loss: 0.032317 Regul: 0.010816 Obj: 0.043132 (0.043038) Rank: 42 (42) Ttime: 7.4764 Vtime: 0.0219
Step: 31200  Loss: 0.033047 Regul: 0.010662 Obj: 0.043710 (0.043038) Rank: 42 (42) Ttime: 7.4470 Vtime: 0.0212
Step: 31300  Loss: 0.033058 Regul: 0.010577 Obj: 0.043635 (0.043038) Rank: 40 (42) Ttime: 9.5004 Vtime: 0.0218
Best: 31400  Loss: 0.032022 Regul: 0.010945 Obj: 0.042968 (0.042968) Rank: 41 (41) Ttime: 7.5089 Vtime: 0.0224
Stat: Dim [41] AUC: 0.990145 (0.990011) FPR95: 3.91 (3.87)
Step: 31500  Loss: 0.032861 Regul: 0.010698 Obj: 0.043560 (0.042968) Rank: 39 (41) Ttime: 7.6453 Vtime: 0.0217
Step: 31600  Loss: 0.033125 Regul: 0.010768 Obj: 0.043893 (0.042968) Rank: 40 (41) Ttime: 7.4630 Vtime: 0.0221
Step: 31700  Loss: 0.032555 Regul: 0.010871 Obj: 0.043426 (0.042968) Rank: 41 (41) Ttime: 7.5408 Vtime: 0.0222
Step: 31800  Loss: 0.032260 Regul: 0.010860 Obj: 0.043121 (0.042968) Rank: 41 (41) Ttime: 7.7847 Vtime: 0.0212
Step: 31900  Loss: 0.033259 Regul: 0.010798 Obj: 0.044056 (0.042968) Rank: 41 (41) Ttime: 7.6991 Vtime: 0.0213
Step: 32000  Loss: 0.033455 Regul: 0.010907 Obj: 0.044362 (0.042968) Rank: 41 (41) Ttime: 7.6528 Vtime: 0.0217
Step: 32100  Loss: 0.033441 Regul: 0.010778 Obj: 0.044219 (0.042968) Rank: 41 (41) Ttime: 7.8300 Vtime: 0.0215
Step: 32200  Loss: 0.032672 Regul: 0.010631 Obj: 0.043303 (0.042968) Rank: 41 (41) Ttime: 7.7780 Vtime: 0.0220
Step: 32300  Loss: 0.032994 Regul: 0.010569 Obj: 0.043564 (0.042968) Rank: 39 (41) Ttime: 7.6542 Vtime: 0.0221
Best: 32400  Loss: 0.032311 Regul: 0.010637 Obj: 0.042948 (0.042948) Rank: 40 (40) Ttime: 7.7714 Vtime: 0.0223
Stat: Dim [40] AUC: 0.990019 (0.990019) FPR95: 3.82 (3.82) [saved]
Step: 32500  Loss: 0.034035 Regul: 0.010603 Obj: 0.044637 (0.042948) Rank: 41 (40) Ttime: 7.5922 Vtime: 0.0221
Best: 32600  Loss: 0.031905 Regul: 0.010521 Obj: 0.042427 (0.042427) Rank: 41 (41) Ttime: 7.6667 Vtime: 0.0213
Stat: Dim [41] AUC: 0.990198 (0.990019) FPR95: 3.83 (3.82)
Step: 32700  Loss: 0.032569 Regul: 0.010655 Obj: 0.043223 (0.042427) Rank: 41 (41) Ttime: 7.5916 Vtime: 0.0213
Step: 32800  Loss: 0.032721 Regul: 0.010629 Obj: 0.043351 (0.042427) Rank: 41 (41) Ttime: 7.5376 Vtime: 0.0213
Step: 32900  Loss: 0.032575 Regul: 0.010668 Obj: 0.043243 (0.042427) Rank: 41 (41) Ttime: 7.7564 Vtime: 0.0215
Step: 33000  Loss: 0.033238 Regul: 0.010544 Obj: 0.043782 (0.042427) Rank: 40 (41) Ttime: 7.5254 Vtime: 0.0222
Step: 33100  Loss: 0.033718 Regul: 0.010701 Obj: 0.044419 (0.042427) Rank: 40 (41) Ttime: 7.6189 Vtime: 0.0215
Step: 33200  Loss: 0.032833 Regul: 0.010851 Obj: 0.043685 (0.042427) Rank: 41 (41) Ttime: 7.5890 Vtime: 0.0220
Step: 33300  Loss: 0.033227 Regul: 0.010790 Obj: 0.044018 (0.042427) Rank: 41 (41) Ttime: 7.6986 Vtime: 0.0214
Step: 33400  Loss: 0.034081 Regul: 0.010774 Obj: 0.044855 (0.042427) Rank: 41 (41) Ttime: 7.6070 Vtime: 0.0216
Step: 33500  Loss: 0.033948 Regul: 0.010832 Obj: 0.044780 (0.042427) Rank: 41 (41) Ttime: 7.5804 Vtime: 0.0214
Step: 33600  Loss: 0.033020 Regul: 0.010709 Obj: 0.043729 (0.042427) Rank: 41 (41) Ttime: 7.9918 Vtime: 0.0209
Step: 33700  Loss: 0.032084 Regul: 0.010580 Obj: 0.042664 (0.042427) Rank: 41 (41) Ttime: 7.6668 Vtime: 0.0215
Step: 33800  Loss: 0.032406 Regul: 0.010681 Obj: 0.043087 (0.042427) Rank: 41 (41) Ttime: 7.4598 Vtime: 0.0224
Step: 33900  Loss: 0.032548 Regul: 0.010731 Obj: 0.043279 (0.042427) Rank: 41 (41) Ttime: 7.4235 Vtime: 0.0213
Step: 34000  Loss: 0.033620 Regul: 0.010642 Obj: 0.044262 (0.042427) Rank: 40 (41) Ttime: 7.5161 Vtime: 0.0220
Step: 34100  Loss: 0.033504 Regul: 0.010740 Obj: 0.044244 (0.042427) Rank: 42 (41) Ttime: 7.7411 Vtime: 0.0223
Step: 34200  Loss: 0.033283 Regul: 0.010804 Obj: 0.044086 (0.042427) Rank: 41 (41) Ttime: 7.4580 Vtime: 0.0221
Step: 34300  Loss: 0.032267 Regul: 0.010786 Obj: 0.043053 (0.042427) Rank: 42 (41) Ttime: 7.5488 Vtime: 0.0220
Step: 34400  Loss: 0.032397 Regul: 0.010829 Obj: 0.043226 (0.042427) Rank: 40 (41) Ttime: 7.5945 Vtime: 0.0218
Step: 34500  Loss: 0.032580 Regul: 0.010894 Obj: 0.043474 (0.042427) Rank: 41 (41) Ttime: 7.6242 Vtime: 0.0212
Step: 34600  Loss: 0.032620 Regul: 0.010581 Obj: 0.043201 (0.042427) Rank: 41 (41) Ttime: 7.5897 Vtime: 0.0214
Step: 34700  Loss: 0.033783 Regul: 0.010636 Obj: 0.044419 (0.042427) Rank: 40 (41) Ttime: 7.6494 Vtime: 0.0222
Step: 34800  Loss: 0.033176 Regul: 0.010674 Obj: 0.043850 (0.042427) Rank: 41 (41) Ttime: 7.5983 Vtime: 0.0222
Step: 34900  Loss: 0.032191 Regul: 0.010703 Obj: 0.042895 (0.042427) Rank: 41 (41) Ttime: 7.6864 Vtime: 0.0212
Step: 35000  Loss: 0.033145 Regul: 0.010660 Obj: 0.043805 (0.042427) Rank: 42 (41) Ttime: 7.4187 Vtime: 0.0215
Step: 35100  Loss: 0.032229 Regul: 0.010562 Obj: 0.042790 (0.042427) Rank: 41 (41) Ttime: 7.4436 Vtime: 0.0219
Step: 35200  Loss: 0.033513 Regul: 0.010554 Obj: 0.044068 (0.042427) Rank: 41 (41) Ttime: 7.5410 Vtime: 0.0212
Step: 35300  Loss: 0.033799 Regul: 0.010539 Obj: 0.044338 (0.042427) Rank: 41 (41) Ttime: 7.6880 Vtime: 0.0214
Step: 35400  Loss: 0.033701 Regul: 0.010670 Obj: 0.044371 (0.042427) Rank: 41 (41) Ttime: 7.8082 Vtime: 0.0207
Step: 35500  Loss: 0.033634 Regul: 0.010750 Obj: 0.044384 (0.042427) Rank: 41 (41) Ttime: 7.6295 Vtime: 0.0218
Step: 35600  Loss: 0.032733 Regul: 0.010857 Obj: 0.043590 (0.042427) Rank: 42 (41) Ttime: 7.6313 Vtime: 0.0221
Step: 35700  Loss: 0.032372 Regul: 0.010610 Obj: 0.042983 (0.042427) Rank: 42 (41) Ttime: 7.5203 Vtime: 0.0209
Step: 35800  Loss: 0.034094 Regul: 0.010711 Obj: 0.044805 (0.042427) Rank: 40 (41) Ttime: 7.7454 Vtime: 0.0221
Step: 35900  Loss: 0.032938 Regul: 0.010706 Obj: 0.043643 (0.042427) Rank: 41 (41) Ttime: 7.6709 Vtime: 0.0221
Step: 36000  Loss: 0.032265 Regul: 0.010775 Obj: 0.043040 (0.042427) Rank: 42 (41) Ttime: 7.6580 Vtime: 0.0223
Step: 36100  Loss: 0.032955 Regul: 0.010790 Obj: 0.043745 (0.042427) Rank: 41 (41) Ttime: 7.7295 Vtime: 0.0217
Step: 36200  Loss: 0.032770 Regul: 0.010882 Obj: 0.043653 (0.042427) Rank: 42 (41) Ttime: 7.5911 Vtime: 0.0219
Step: 36300  Loss: 0.032983 Regul: 0.010918 Obj: 0.043901 (0.042427) Rank: 42 (41) Ttime: 7.5931 Vtime: 0.0215
Step: 36400  Loss: 0.033563 Regul: 0.010801 Obj: 0.044364 (0.042427) Rank: 41 (41) Ttime: 7.4510 Vtime: 0.0227
Step: 36500  Loss: 0.032756 Regul: 0.010735 Obj: 0.043491 (0.042427) Rank: 42 (41) Ttime: 7.4770 Vtime: 0.0218
Step: 36600  Loss: 0.033246 Regul: 0.010601 Obj: 0.043847 (0.042427) Rank: 41 (41) Ttime: 7.5651 Vtime: 0.0217
Step: 36700  Loss: 0.033491 Regul: 0.010633 Obj: 0.044125 (0.042427) Rank: 41 (41) Ttime: 7.5694 Vtime: 0.0215
Step: 36800  Loss: 0.032463 Regul: 0.010621 Obj: 0.043084 (0.042427) Rank: 42 (41) Ttime: 7.5877 Vtime: 0.0219
Step: 36900  Loss: 0.032468 Regul: 0.010668 Obj: 0.043136 (0.042427) Rank: 41 (41) Ttime: 7.5607 Vtime: 0.0221
Step: 37000  Loss: 0.032973 Regul: 0.010488 Obj: 0.043461 (0.042427) Rank: 41 (41) Ttime: 7.7665 Vtime: 0.0214
Step: 37100  Loss: 0.033105 Regul: 0.010529 Obj: 0.043634 (0.042427) Rank: 42 (41) Ttime: 7.7786 Vtime: 0.0216
Step: 37200  Loss: 0.033738 Regul: 0.010598 Obj: 0.044336 (0.042427) Rank: 41 (41) Ttime: 7.7951 Vtime: 0.0216
Step: 37300  Loss: 0.032429 Regul: 0.010803 Obj: 0.043232 (0.042427) Rank: 41 (41) Ttime: 7.7987 Vtime: 0.0214
Step: 37400  Loss: 0.032888 Regul: 0.010780 Obj: 0.043668 (0.042427) Rank: 41 (41) Ttime: 7.7682 Vtime: 0.0213
Step: 37500  Loss: 0.033055 Regul: 0.010737 Obj: 0.043792 (0.042427) Rank: 42 (41) Ttime: 7.7628 Vtime: 0.0220
Step: 37600  Loss: 0.033045 Regul: 0.010599 Obj: 0.043644 (0.042427) Rank: 41 (41) Ttime: 7.7501 Vtime: 0.0227
Step: 37700  Loss: 0.032488 Regul: 0.010602 Obj: 0.043090 (0.042427) Rank: 42 (41) Ttime: 7.7351 Vtime: 0.0216
Step: 37800  Loss: 0.032143 Regul: 0.010618 Obj: 0.042761 (0.042427) Rank: 41 (41) Ttime: 7.8692 Vtime: 0.0219
Step: 37900  Loss: 0.032371 Regul: 0.010717 Obj: 0.043088 (0.042427) Rank: 42 (41) Ttime: 7.6473 Vtime: 0.0223
Step: 38000  Loss: 0.032317 Regul: 0.010612 Obj: 0.042930 (0.042427) Rank: 41 (41) Ttime: 7.7038 Vtime: 0.0211
Step: 38100  Loss: 0.032790 Regul: 0.010408 Obj: 0.043199 (0.042427) Rank: 41 (41) Ttime: 7.5721 Vtime: 0.0210
Step: 38200  Loss: 0.032156 Regul: 0.010599 Obj: 0.042755 (0.042427) Rank: 41 (41) Ttime: 7.5538 Vtime: 0.0215
Step: 38300  Loss: 0.032149 Regul: 0.010446 Obj: 0.042594 (0.042427) Rank: 41 (41) Ttime: 7.8269 Vtime: 0.0212
Step: 38400  Loss: 0.032187 Regul: 0.010568 Obj: 0.042755 (0.042427) Rank: 41 (41) Ttime: 7.5135 Vtime: 0.0215
Step: 38500  Loss: 0.032921 Regul: 0.010511 Obj: 0.043432 (0.042427) Rank: 42 (41) Ttime: 7.5466 Vtime: 0.0220
Step: 38600  Loss: 0.033037 Regul: 0.010539 Obj: 0.043577 (0.042427) Rank: 42 (41) Ttime: 7.5389 Vtime: 0.0217
Step: 38700  Loss: 0.032668 Regul: 0.010491 Obj: 0.043159 (0.042427) Rank: 41 (41) Ttime: 7.6380 Vtime: 0.0222
Best: 38800  Loss: 0.031872 Regul: 0.010486 Obj: 0.042358 (0.042358) Rank: 42 (42) Ttime: 7.5417 Vtime: 0.0218
Stat: Dim [42] AUC: 0.990194 (0.990019) FPR95: 3.92 (3.82)
Step: 38900  Loss: 0.032598 Regul: 0.010526 Obj: 0.043124 (0.042358) Rank: 41 (42) Ttime: 7.5822 Vtime: 0.0216
Step: 39000  Loss: 0.033168 Regul: 0.010442 Obj: 0.043610 (0.042358) Rank: 41 (42) Ttime: 7.5558 Vtime: 0.0216
Step: 39100  Loss: 0.032861 Regul: 0.010550 Obj: 0.043411 (0.042358) Rank: 42 (42) Ttime: 7.6165 Vtime: 0.0222
Step: 39200  Loss: 0.032180 Regul: 0.010526 Obj: 0.042706 (0.042358) Rank: 41 (42) Ttime: 7.5160 Vtime: 0.0219
Step: 39300  Loss: 0.032354 Regul: 0.010702 Obj: 0.043056 (0.042358) Rank: 43 (42) Ttime: 7.5245 Vtime: 0.0221
Step: 39400  Loss: 0.032551 Regul: 0.010658 Obj: 0.043209 (0.042358) Rank: 41 (42) Ttime: 7.5117 Vtime: 0.0226
Best: 39500  Loss: 0.031440 Regul: 0.010686 Obj: 0.042125 (0.042125) Rank: 41 (41) Ttime: 7.4966 Vtime: 0.0215
Stat: Dim [41] AUC: 0.990334 (0.990334) FPR95: 3.82 (3.82) [saved]
Step: 39600  Loss: 0.032832 Regul: 0.010582 Obj: 0.043414 (0.042125) Rank: 41 (41) Ttime: 7.5360 Vtime: 0.0211
Step: 39700  Loss: 0.032048 Regul: 0.010586 Obj: 0.042634 (0.042125) Rank: 42 (41) Ttime: 7.4970 Vtime: 0.0219
Step: 39800  Loss: 0.032271 Regul: 0.010683 Obj: 0.042954 (0.042125) Rank: 41 (41) Ttime: 7.4274 Vtime: 0.0215
Step: 39900  Loss: 0.032159 Regul: 0.010759 Obj: 0.042918 (0.042125) Rank: 41 (41) Ttime: 7.5373 Vtime: 0.0216
Step: 40000  Loss: 0.032816 Regul: 0.010603 Obj: 0.043419 (0.042125) Rank: 41 (41) Ttime: 7.4779 Vtime: 0.0210
Step: 40100  Loss: 0.032657 Regul: 0.010602 Obj: 0.043259 (0.042125) Rank: 41 (41) Ttime: 7.4923 Vtime: 0.0208
Step: 40200  Loss: 0.032000 Regul: 0.010618 Obj: 0.042619 (0.042125) Rank: 42 (41) Ttime: 7.4599 Vtime: 0.0218
Step: 40300  Loss: 0.032221 Regul: 0.010449 Obj: 0.042670 (0.042125) Rank: 42 (41) Ttime: 7.5437 Vtime: 0.0218
Step: 40400  Loss: 0.033030 Regul: 0.010346 Obj: 0.043376 (0.042125) Rank: 40 (41) Ttime: 7.5708 Vtime: 0.0215
Step: 40500  Loss: 0.032555 Regul: 0.010499 Obj: 0.043054 (0.042125) Rank: 42 (41) Ttime: 7.5312 Vtime: 0.0222
Step: 40600  Loss: 0.033069 Regul: 0.010605 Obj: 0.043674 (0.042125) Rank: 41 (41) Ttime: 7.6200 Vtime: 0.0218
Step: 40700  Loss: 0.032510 Regul: 0.010540 Obj: 0.043050 (0.042125) Rank: 41 (41) Ttime: 7.5295 Vtime: 0.0213
Step: 40800  Loss: 0.033787 Regul: 0.010518 Obj: 0.044305 (0.042125) Rank: 41 (41) Ttime: 7.6346 Vtime: 0.0213
Step: 40900  Loss: 0.032361 Regul: 0.010619 Obj: 0.042979 (0.042125) Rank: 41 (41) Ttime: 7.4055 Vtime: 0.0211
Step: 41000  Loss: 0.033425 Regul: 0.010661 Obj: 0.044086 (0.042125) Rank: 42 (41) Ttime: 7.5638 Vtime: 0.0220
Step: 41100  Loss: 0.031712 Regul: 0.010645 Obj: 0.042356 (0.042125) Rank: 42 (41) Ttime: 7.4844 Vtime: 0.0211
Step: 41200  Loss: 0.031977 Regul: 0.010672 Obj: 0.042649 (0.042125) Rank: 41 (41) Ttime: 7.6432 Vtime: 0.0216
Best: 41300  Loss: 0.031445 Regul: 0.010578 Obj: 0.042024 (0.042024) Rank: 42 (42) Ttime: 7.4678 Vtime: 0.0216
Stat: Dim [42] AUC: 0.990423 (0.990423) FPR95: 3.70 (3.70) [saved]
Step: 41400  Loss: 0.033001 Regul: 0.010587 Obj: 0.043588 (0.042024) Rank: 40 (42) Ttime: 7.5635 Vtime: 0.0220
Step: 41500  Loss: 0.032166 Regul: 0.010613 Obj: 0.042779 (0.042024) Rank: 42 (42) Ttime: 7.5723 Vtime: 0.0216
Step: 41600  Loss: 0.031934 Regul: 0.010645 Obj: 0.042579 (0.042024) Rank: 42 (42) Ttime: 7.4965 Vtime: 0.0215
Step: 41700  Loss: 0.031957 Regul: 0.010676 Obj: 0.042633 (0.042024) Rank: 41 (42) Ttime: 7.5019 Vtime: 0.0221
Step: 41800  Loss: 0.032499 Regul: 0.010487 Obj: 0.042986 (0.042024) Rank: 42 (42) Ttime: 7.4360 Vtime: 0.0220
Step: 41900  Loss: 0.032149 Regul: 0.010527 Obj: 0.042675 (0.042024) Rank: 43 (42) Ttime: 7.5278 Vtime: 0.0223
Step: 42000  Loss: 0.031523 Regul: 0.010654 Obj: 0.042177 (0.042024) Rank: 42 (42) Ttime: 7.4588 Vtime: 0.0219
Step: 42100  Loss: 0.031589 Regul: 0.010646 Obj: 0.042235 (0.042024) Rank: 42 (42) Ttime: 7.4665 Vtime: 0.0215
Step: 42200  Loss: 0.032435 Regul: 0.010428 Obj: 0.042863 (0.042024) Rank: 40 (42) Ttime: 7.5523 Vtime: 0.0216
Step: 42300  Loss: 0.032013 Regul: 0.010493 Obj: 0.042506 (0.042024) Rank: 42 (42) Ttime: 7.4544 Vtime: 0.0218
Step: 42400  Loss: 0.032080 Regul: 0.010487 Obj: 0.042567 (0.042024) Rank: 43 (42) Ttime: 7.5735 Vtime: 0.0221
Step: 42500  Loss: 0.032326 Regul: 0.010668 Obj: 0.042994 (0.042024) Rank: 42 (42) Ttime: 7.5577 Vtime: 0.0217
Step: 42600  Loss: 0.033045 Regul: 0.010475 Obj: 0.043520 (0.042024) Rank: 39 (42) Ttime: 7.5398 Vtime: 0.0221
Step: 42700  Loss: 0.032536 Regul: 0.010459 Obj: 0.042995 (0.042024) Rank: 41 (42) Ttime: 7.4693 Vtime: 0.0218
Step: 42800  Loss: 0.032605 Regul: 0.010351 Obj: 0.042956 (0.042024) Rank: 41 (42) Ttime: 7.4178 Vtime: 0.0214
Step: 42900  Loss: 0.032392 Regul: 0.010544 Obj: 0.042936 (0.042024) Rank: 42 (42) Ttime: 7.3459 Vtime: 0.0219
Step: 43000  Loss: 0.033123 Regul: 0.010405 Obj: 0.043528 (0.042024) Rank: 42 (42) Ttime: 7.4616 Vtime: 0.0214
Step: 43100  Loss: 0.031880 Regul: 0.010562 Obj: 0.042442 (0.042024) Rank: 43 (42) Ttime: 7.4841 Vtime: 0.0221
Step: 43200  Loss: 0.031953 Regul: 0.010549 Obj: 0.042502 (0.042024) Rank: 43 (42) Ttime: 7.4458 Vtime: 0.0215
Step: 43300  Loss: 0.032035 Regul: 0.010570 Obj: 0.042605 (0.042024) Rank: 42 (42) Ttime: 7.4089 Vtime: 0.0220
Step: 43400  Loss: 0.032348 Regul: 0.010462 Obj: 0.042811 (0.042024) Rank: 42 (42) Ttime: 7.5232 Vtime: 0.0214
Step: 43500  Loss: 0.032455 Regul: 0.010607 Obj: 0.043063 (0.042024) Rank: 42 (42) Ttime: 7.4490 Vtime: 0.0218
Step: 43600  Loss: 0.031936 Regul: 0.010704 Obj: 0.042640 (0.042024) Rank: 43 (42) Ttime: 7.3915 Vtime: 0.0223
Step: 43700  Loss: 0.032114 Regul: 0.010470 Obj: 0.042585 (0.042024) Rank: 42 (42) Ttime: 7.4411 Vtime: 0.0216
Step: 43800  Loss: 0.033146 Regul: 0.010640 Obj: 0.043786 (0.042024) Rank: 41 (42) Ttime: 7.4553 Vtime: 0.0224
Step: 43900  Loss: 0.032269 Regul: 0.010716 Obj: 0.042985 (0.042024) Rank: 42 (42) Ttime: 7.6131 Vtime: 0.0221
Step: 44000  Loss: 0.032409 Regul: 0.010584 Obj: 0.042992 (0.042024) Rank: 41 (42) Ttime: 7.6046 Vtime: 0.0217
Step: 44100  Loss: 0.032074 Regul: 0.010638 Obj: 0.042711 (0.042024) Rank: 43 (42) Ttime: 7.5946 Vtime: 0.0220
Step: 44200  Loss: 0.032387 Regul: 0.010600 Obj: 0.042986 (0.042024) Rank: 42 (42) Ttime: 7.6101 Vtime: 0.0217
Best: 44300  Loss: 0.031495 Regul: 0.010430 Obj: 0.041925 (0.041925) Rank: 43 (43) Ttime: 7.5114 Vtime: 0.0222
Stat: Dim [43] AUC: 0.990274 (0.990423) FPR95: 3.83 (3.70)
Step: 44400  Loss: 0.032118 Regul: 0.010521 Obj: 0.042639 (0.041925) Rank: 42 (43) Ttime: 7.6033 Vtime: 0.0218
Step: 44500  Loss: 0.031471 Regul: 0.010562 Obj: 0.042033 (0.041925) Rank: 42 (43) Ttime: 7.7017 Vtime: 0.0215
Step: 44600  Loss: 0.032666 Regul: 0.010636 Obj: 0.043301 (0.041925) Rank: 42 (43) Ttime: 7.7017 Vtime: 0.0211
Step: 44700  Loss: 0.032031 Regul: 0.010402 Obj: 0.042433 (0.041925) Rank: 41 (43) Ttime: 7.4752 Vtime: 0.0220
Step: 44800  Loss: 0.032715 Regul: 0.010646 Obj: 0.043361 (0.041925) Rank: 41 (43) Ttime: 7.3489 Vtime: 0.0212
Step: 44900  Loss: 0.031838 Regul: 0.010532 Obj: 0.042370 (0.041925) Rank: 42 (43) Ttime: 7.4440 Vtime: 0.0220
Step: 45000  Loss: 0.032269 Regul: 0.010519 Obj: 0.042788 (0.041925) Rank: 42 (43) Ttime: 7.5892 Vtime: 0.0217
Step: 45100  Loss: 0.032432 Regul: 0.010470 Obj: 0.042902 (0.041925) Rank: 42 (43) Ttime: 7.3906 Vtime: 0.0217
Step: 45200  Loss: 0.032048 Regul: 0.010563 Obj: 0.042612 (0.041925) Rank: 43 (43) Ttime: 7.5215 Vtime: 0.0219
Step: 45300  Loss: 0.031975 Regul: 0.010443 Obj: 0.042417 (0.041925) Rank: 42 (43) Ttime: 7.4806 Vtime: 0.0221
Step: 45400  Loss: 0.031702 Regul: 0.010599 Obj: 0.042301 (0.041925) Rank: 42 (43) Ttime: 7.5057 Vtime: 0.0216
Step: 45500  Loss: 0.032005 Regul: 0.010623 Obj: 0.042628 (0.041925) Rank: 42 (43) Ttime: 7.7162 Vtime: 0.0216
Step: 45600  Loss: 0.032348 Regul: 0.010553 Obj: 0.042900 (0.041925) Rank: 41 (43) Ttime: 7.5217 Vtime: 0.0219
Step: 45700  Loss: 0.032471 Regul: 0.010429 Obj: 0.042900 (0.041925) Rank: 42 (43) Ttime: 7.5749 Vtime: 0.0219
Step: 45800  Loss: 0.032361 Regul: 0.010535 Obj: 0.042896 (0.041925) Rank: 42 (43) Ttime: 7.9115 Vtime: 0.0216
Step: 45900  Loss: 0.031902 Regul: 0.010527 Obj: 0.042429 (0.041925) Rank: 42 (43) Ttime: 7.6712 Vtime: 0.0211
Step: 46000  Loss: 0.031521 Regul: 0.010601 Obj: 0.042122 (0.041925) Rank: 42 (43) Ttime: 7.6463 Vtime: 0.0216
Step: 46100  Loss: 0.032373 Regul: 0.010562 Obj: 0.042935 (0.041925) Rank: 42 (43) Ttime: 7.4903 Vtime: 0.0215
Best: 46200  Loss: 0.031376 Regul: 0.010534 Obj: 0.041910 (0.041910) Rank: 43 (43) Ttime: 7.5914 Vtime: 0.0220
Stat: Dim [43] AUC: 0.990529 (0.990529) FPR95: 3.54 (3.54) [saved]
Step: 46300  Loss: 0.031557 Regul: 0.010504 Obj: 0.042061 (0.041910) Rank: 43 (43) Ttime: 7.6958 Vtime: 0.0210
Step: 46400  Loss: 0.031747 Regul: 0.010407 Obj: 0.042154 (0.041910) Rank: 43 (43) Ttime: 7.7028 Vtime: 0.0212
Best: 46500  Loss: 0.031103 Regul: 0.010239 Obj: 0.041341 (0.041341) Rank: 41 (41) Ttime: 7.6623 Vtime: 0.0220
Stat: Dim [41] AUC: 0.990502 (0.990529) FPR95: 3.68 (3.54)
Step: 46600  Loss: 0.032839 Regul: 0.010289 Obj: 0.043128 (0.041341) Rank: 41 (41) Ttime: 7.8374 Vtime: 0.0213
Step: 46700  Loss: 0.031645 Regul: 0.010347 Obj: 0.041992 (0.041341) Rank: 42 (41) Ttime: 7.6746 Vtime: 0.0220
Step: 46800  Loss: 0.032389 Regul: 0.010356 Obj: 0.042744 (0.041341) Rank: 42 (41) Ttime: 7.6898 Vtime: 0.0213
Step: 46900  Loss: 0.031867 Regul: 0.010420 Obj: 0.042287 (0.041341) Rank: 41 (41) Ttime: 7.6802 Vtime: 0.0218
Step: 47000  Loss: 0.032090 Regul: 0.010493 Obj: 0.042583 (0.041341) Rank: 41 (41) Ttime: 7.5053 Vtime: 0.0211
Step: 47100  Loss: 0.032884 Regul: 0.010459 Obj: 0.043343 (0.041341) Rank: 41 (41) Ttime: 7.5906 Vtime: 0.0211
Step: 47200  Loss: 0.032838 Regul: 0.010477 Obj: 0.043315 (0.041341) Rank: 42 (41) Ttime: 7.6455 Vtime: 0.0223
Step: 47300  Loss: 0.031807 Regul: 0.010464 Obj: 0.042271 (0.041341) Rank: 42 (41) Ttime: 7.5603 Vtime: 0.0215
Step: 47400  Loss: 0.031820 Regul: 0.010574 Obj: 0.042393 (0.041341) Rank: 42 (41) Ttime: 7.6640 Vtime: 0.0214
Step: 47500  Loss: 0.032132 Regul: 0.010475 Obj: 0.042608 (0.041341) Rank: 42 (41) Ttime: 7.5283 Vtime: 0.0212
Step: 47600  Loss: 0.032481 Regul: 0.010400 Obj: 0.042881 (0.041341) Rank: 42 (41) Ttime: 7.6314 Vtime: 0.0218
Step: 47700  Loss: 0.032684 Regul: 0.010446 Obj: 0.043130 (0.041341) Rank: 42 (41) Ttime: 7.7411 Vtime: 0.0209
Step: 47800  Loss: 0.032872 Regul: 0.010379 Obj: 0.043251 (0.041341) Rank: 42 (41) Ttime: 7.6800 Vtime: 0.0212
Step: 47900  Loss: 0.031869 Regul: 0.010394 Obj: 0.042263 (0.041341) Rank: 42 (41) Ttime: 7.5605 Vtime: 0.0217
Step: 48000  Loss: 0.032661 Regul: 0.010305 Obj: 0.042966 (0.041341) Rank: 42 (41) Ttime: 7.5184 Vtime: 0.0215
Step: 48100  Loss: 0.032393 Regul: 0.010249 Obj: 0.042643 (0.041341) Rank: 42 (41) Ttime: 7.7693 Vtime: 0.0215
Step: 48200  Loss: 0.032890 Regul: 0.010222 Obj: 0.043112 (0.041341) Rank: 42 (41) Ttime: 7.5185 Vtime: 0.0211
Step: 48300  Loss: 0.032316 Regul: 0.010264 Obj: 0.042580 (0.041341) Rank: 41 (41) Ttime: 7.8075 Vtime: 0.0221
Step: 48400  Loss: 0.032491 Regul: 0.010374 Obj: 0.042866 (0.041341) Rank: 42 (41) Ttime: 7.8687 Vtime: 0.0218
Step: 48500  Loss: 0.032447 Regul: 0.010330 Obj: 0.042777 (0.041341) Rank: 41 (41) Ttime: 7.5749 Vtime: 0.0220
Step: 48600  Loss: 0.032340 Regul: 0.010450 Obj: 0.042790 (0.041341) Rank: 41 (41) Ttime: 7.7883 Vtime: 0.0217
Step: 48700  Loss: 0.031524 Regul: 0.010358 Obj: 0.041882 (0.041341) Rank: 42 (41) Ttime: 7.6299 Vtime: 0.0219
Step: 48800  Loss: 0.032337 Regul: 0.010371 Obj: 0.042708 (0.041341) Rank: 43 (41) Ttime: 7.4862 Vtime: 0.0222
Step: 48900  Loss: 0.033665 Regul: 0.010547 Obj: 0.044212 (0.041341) Rank: 42 (41) Ttime: 7.6111 Vtime: 0.0216
Step: 49000  Loss: 0.031958 Regul: 0.010407 Obj: 0.042366 (0.041341) Rank: 42 (41) Ttime: 7.5371 Vtime: 0.0213
Step: 49100  Loss: 0.031637 Regul: 0.010394 Obj: 0.042030 (0.041341) Rank: 42 (41) Ttime: 7.4959 Vtime: 0.0211
Step: 49200  Loss: 0.031976 Regul: 0.010493 Obj: 0.042468 (0.041341) Rank: 43 (41) Ttime: 7.4721 Vtime: 0.0219
Step: 49300  Loss: 0.031578 Regul: 0.010554 Obj: 0.042132 (0.041341) Rank: 43 (41) Ttime: 7.7096 Vtime: 0.0212
Step: 49400  Loss: 0.031520 Regul: 0.010439 Obj: 0.041960 (0.041341) Rank: 43 (41) Ttime: 7.6608 Vtime: 0.0217
Step: 49500  Loss: 0.032300 Regul: 0.010293 Obj: 0.042593 (0.041341) Rank: 42 (41) Ttime: 7.5491 Vtime: 0.0220
Step: 49600  Loss: 0.032177 Regul: 0.010337 Obj: 0.042514 (0.041341) Rank: 42 (41) Ttime: 7.7043 Vtime: 0.0214
Step: 49700  Loss: 0.031252 Regul: 0.010430 Obj: 0.041682 (0.041341) Rank: 43 (41) Ttime: 7.7647 Vtime: 0.0218
Step: 49800  Loss: 0.031324 Regul: 0.010475 Obj: 0.041799 (0.041341) Rank: 42 (41) Ttime: 7.5570 Vtime: 0.0216
Step: 49900  Loss: 0.032744 Regul: 0.010434 Obj: 0.043178 (0.041341) Rank: 42 (41) Ttime: 7.7611 Vtime: 0.0210
Step: 50000  Loss: 0.031523 Regul: 0.010499 Obj: 0.042022 (0.041341) Rank: 43 (41) Ttime: 7.6804 Vtime: 0.0214
