mu: 0.001 gamma: 0.1 maxdim: 80 nIters: 50000
Load Labels: 500000
Load Distances: 500000 x 480
0...10...20...30...40...50...60...70...80...90...100 - done.
Positive samples #250000
Negative samples #250000
Positive train #200000
Negative train #200000
Positive valid #50000
Negative valid #50000

Found GPU: GeForce GTX 970
Compute Capability: 5.2

Best: 100  Loss: 0.421481 Regul: 0.082667 Obj: 0.504148 (0.504148) Rank: 119 (119) Ttime: 5.8806 Vtime: 0.1130
Stat: Dim [119] AUC: 0.984349 (0.984349) FPR95: 7.41 (7.41) [saved]
Best: 200  Loss: 0.184684 Regul: 0.049572 Obj: 0.234256 (0.234256) Rank: 93 (93) Ttime: 5.6083 Vtime: 0.0310
Stat: Dim [93] AUC: 0.985966 (0.985966) FPR95: 6.33 (6.33) [saved]
Best: 300  Loss: 0.114595 Regul: 0.034587 Obj: 0.149182 (0.149182) Rank: 79 (79) Ttime: 5.5130 Vtime: 0.0270
Stat: Dim [79] AUC: 0.987151 (0.987151) FPR95: 5.67 (5.67) [saved]
Best: 400  Loss: 0.079142 Regul: 0.025718 Obj: 0.104859 (0.104859) Rank: 72 (72) Ttime: 5.5191 Vtime: 0.0271
Stat: Dim [72] AUC: 0.987884 (0.987884) FPR95: 5.13 (5.13) [saved]
Best: 500  Loss: 0.058128 Regul: 0.019952 Obj: 0.078080 (0.078080) Rank: 66 (66) Ttime: 5.5374 Vtime: 0.0269
Stat: Dim [66] AUC: 0.988568 (0.988568) FPR95: 4.89 (4.89) [saved]
Best: 600  Loss: 0.049516 Regul: 0.016238 Obj: 0.065754 (0.065754) Rank: 62 (62) Ttime: 5.4876 Vtime: 0.0211
Stat: Dim [62] AUC: 0.988704 (0.988704) FPR95: 4.80 (4.80) [saved]
Best: 700  Loss: 0.043486 Regul: 0.013702 Obj: 0.057189 (0.057189) Rank: 58 (58) Ttime: 5.5815 Vtime: 0.0216
Stat: Dim [58] AUC: 0.988848 (0.988848) FPR95: 4.72 (4.72) [saved]
Best: 800  Loss: 0.039529 Regul: 0.011847 Obj: 0.051376 (0.051376) Rank: 56 (56) Ttime: 5.4703 Vtime: 0.0217
Stat: Dim [56] AUC: 0.989166 (0.989166) FPR95: 4.57 (4.57) [saved]
Best: 900  Loss: 0.037994 Regul: 0.010612 Obj: 0.048606 (0.048606) Rank: 54 (54) Ttime: 5.4264 Vtime: 0.0209
Stat: Dim [54] AUC: 0.989187 (0.989187) FPR95: 4.48 (4.48) [saved]
Best: 1000  Loss: 0.035848 Regul: 0.009913 Obj: 0.045761 (0.045761) Rank: 54 (54) Ttime: 5.4920 Vtime: 0.0212
Stat: Dim [54] AUC: 0.989757 (0.989757) FPR95: 4.15 (4.15) [saved]
Best: 1100  Loss: 0.035476 Regul: 0.009309 Obj: 0.044786 (0.044786) Rank: 54 (54) Ttime: 5.4247 Vtime: 0.0213
Stat: Dim [54] AUC: 0.989568 (0.989757) FPR95: 4.20 (4.15)
Best: 1200  Loss: 0.034571 Regul: 0.008900 Obj: 0.043470 (0.043470) Rank: 52 (52) Ttime: 5.4272 Vtime: 0.0212
Stat: Dim [52] AUC: 0.989800 (0.989800) FPR95: 4.14 (4.14) [saved]
Best: 1300  Loss: 0.034160 Regul: 0.008692 Obj: 0.042853 (0.042853) Rank: 51 (51) Ttime: 5.5332 Vtime: 0.0211
Stat: Dim [51] AUC: 0.989668 (0.989800) FPR95: 4.22 (4.14)
Best: 1400  Loss: 0.033940 Regul: 0.008591 Obj: 0.042531 (0.042531) Rank: 52 (52) Ttime: 5.4750 Vtime: 0.0213
Stat: Dim [52] AUC: 0.989846 (0.989846) FPR95: 4.13 (4.13) [saved]
Best: 1500  Loss: 0.033732 Regul: 0.008425 Obj: 0.042158 (0.042158) Rank: 53 (53) Ttime: 5.4324 Vtime: 0.0218
Stat: Dim [53] AUC: 0.989836 (0.989846) FPR95: 4.13 (4.13)
Best: 1600  Loss: 0.033322 Regul: 0.008364 Obj: 0.041687 (0.041687) Rank: 53 (53) Ttime: 5.4149 Vtime: 0.0214
Stat: Dim [53] AUC: 0.989938 (0.989938) FPR95: 4.11 (4.11) [saved]
Best: 1700  Loss: 0.032901 Regul: 0.008346 Obj: 0.041247 (0.041247) Rank: 53 (53) Ttime: 5.4718 Vtime: 0.0212
Stat: Dim [53] AUC: 0.990162 (0.990162) FPR95: 3.86 (3.86) [saved]
Best: 1800  Loss: 0.032785 Regul: 0.008313 Obj: 0.041098 (0.041098) Rank: 55 (55) Ttime: 5.4538 Vtime: 0.0216
Stat: Dim [55] AUC: 0.990082 (0.990162) FPR95: 4.05 (3.86)
Best: 1900  Loss: 0.032234 Regul: 0.008198 Obj: 0.040431 (0.040431) Rank: 53 (53) Ttime: 5.4150 Vtime: 0.0220
Stat: Dim [53] AUC: 0.990247 (0.990162) FPR95: 4.06 (3.86)
Best: 2000  Loss: 0.032213 Regul: 0.008167 Obj: 0.040381 (0.040381) Rank: 52 (52) Ttime: 5.4759 Vtime: 0.0215
Stat: Dim [52] AUC: 0.990268 (0.990162) FPR95: 3.87 (3.86)
Best: 2100  Loss: 0.032089 Regul: 0.008269 Obj: 0.040358 (0.040358) Rank: 53 (53) Ttime: 5.4205 Vtime: 0.0216
Stat: Dim [53] AUC: 0.990396 (0.990396) FPR95: 3.76 (3.76) [saved]
Best: 2200  Loss: 0.032247 Regul: 0.008094 Obj: 0.040341 (0.040341) Rank: 53 (53) Ttime: 5.4227 Vtime: 0.0211
Stat: Dim [53] AUC: 0.990529 (0.990529) FPR95: 3.70 (3.70) [saved]
Step: 2300  Loss: 0.032832 Regul: 0.008011 Obj: 0.040843 (0.040341) Rank: 54 (53) Ttime: 5.3554 Vtime: 0.0218
Best: 2400  Loss: 0.032193 Regul: 0.007954 Obj: 0.040147 (0.040147) Rank: 53 (53) Ttime: 5.4635 Vtime: 0.0209
Stat: Dim [53] AUC: 0.990593 (0.990593) FPR95: 3.62 (3.62) [saved]
Best: 2500  Loss: 0.031535 Regul: 0.007877 Obj: 0.039412 (0.039412) Rank: 54 (54) Ttime: 5.4826 Vtime: 0.0213
Stat: Dim [54] AUC: 0.990625 (0.990625) FPR95: 3.54 (3.54) [saved]
Best: 2600  Loss: 0.031281 Regul: 0.007913 Obj: 0.039195 (0.039195) Rank: 55 (55) Ttime: 5.4259 Vtime: 0.0216
Stat: Dim [55] AUC: 0.990693 (0.990693) FPR95: 3.47 (3.47) [saved]
Step: 2700  Loss: 0.031359 Regul: 0.007891 Obj: 0.039251 (0.039195) Rank: 53 (55) Ttime: 5.3721 Vtime: 0.0210
Best: 2800  Loss: 0.030986 Regul: 0.007840 Obj: 0.038825 (0.038825) Rank: 54 (54) Ttime: 5.3775 Vtime: 0.0214
Stat: Dim [54] AUC: 0.990762 (0.990693) FPR95: 3.54 (3.47)
Best: 2900  Loss: 0.030854 Regul: 0.007816 Obj: 0.038670 (0.038670) Rank: 55 (55) Ttime: 5.4279 Vtime: 0.0220
Stat: Dim [55] AUC: 0.990799 (0.990693) FPR95: 3.58 (3.47)
Step: 3000  Loss: 0.031092 Regul: 0.007754 Obj: 0.038846 (0.038670) Rank: 54 (55) Ttime: 5.3643 Vtime: 0.0220
Step: 3100  Loss: 0.031608 Regul: 0.007726 Obj: 0.039334 (0.038670) Rank: 54 (55) Ttime: 5.3390 Vtime: 0.0207
Step: 3200  Loss: 0.031330 Regul: 0.007710 Obj: 0.039040 (0.038670) Rank: 54 (55) Ttime: 5.3934 Vtime: 0.0203
Step: 3300  Loss: 0.031103 Regul: 0.007749 Obj: 0.038851 (0.038670) Rank: 53 (55) Ttime: 5.4663 Vtime: 0.0219
Best: 3400  Loss: 0.030607 Regul: 0.007735 Obj: 0.038342 (0.038342) Rank: 54 (54) Ttime: 5.4845 Vtime: 0.0211
Stat: Dim [54] AUC: 0.990888 (0.990888) FPR95: 3.45 (3.45) [saved]
Step: 3500  Loss: 0.031006 Regul: 0.007744 Obj: 0.038749 (0.038342) Rank: 54 (54) Ttime: 5.2953 Vtime: 0.0208
Step: 3600  Loss: 0.030977 Regul: 0.007702 Obj: 0.038679 (0.038342) Rank: 54 (54) Ttime: 5.3263 Vtime: 0.0207
Step: 3700  Loss: 0.030688 Regul: 0.007713 Obj: 0.038401 (0.038342) Rank: 54 (54) Ttime: 5.3944 Vtime: 0.0210
Step: 3800  Loss: 0.030621 Regul: 0.007735 Obj: 0.038356 (0.038342) Rank: 55 (54) Ttime: 5.3111 Vtime: 0.0210
Step: 3900  Loss: 0.031037 Regul: 0.007681 Obj: 0.038718 (0.038342) Rank: 54 (54) Ttime: 5.4171 Vtime: 0.0212
Step: 4000  Loss: 0.030698 Regul: 0.007676 Obj: 0.038374 (0.038342) Rank: 55 (54) Ttime: 5.2488 Vtime: 0.0211
Step: 4100  Loss: 0.030964 Regul: 0.007591 Obj: 0.038555 (0.038342) Rank: 55 (54) Ttime: 5.3645 Vtime: 0.0210
Best: 4200  Loss: 0.030204 Regul: 0.007581 Obj: 0.037786 (0.037786) Rank: 55 (55) Ttime: 5.3932 Vtime: 0.0216
Stat: Dim [55] AUC: 0.991090 (0.991090) FPR95: 3.43 (3.43) [saved]
Step: 4300  Loss: 0.030322 Regul: 0.007597 Obj: 0.037919 (0.037786) Rank: 55 (55) Ttime: 5.3006 Vtime: 0.0219
Best: 4400  Loss: 0.030045 Regul: 0.007574 Obj: 0.037619 (0.037619) Rank: 55 (55) Ttime: 5.3060 Vtime: 0.0207
Stat: Dim [55] AUC: 0.991192 (0.991192) FPR95: 3.37 (3.37) [saved]
Step: 4500  Loss: 0.030078 Regul: 0.007582 Obj: 0.037660 (0.037619) Rank: 55 (55) Ttime: 5.3104 Vtime: 0.0212
Step: 4600  Loss: 0.030153 Regul: 0.007559 Obj: 0.037711 (0.037619) Rank: 55 (55) Ttime: 5.3636 Vtime: 0.0210
Step: 4700  Loss: 0.030826 Regul: 0.007574 Obj: 0.038401 (0.037619) Rank: 55 (55) Ttime: 5.4075 Vtime: 0.0205
Step: 4800  Loss: 0.030105 Regul: 0.007616 Obj: 0.037721 (0.037619) Rank: 55 (55) Ttime: 5.3541 Vtime: 0.0213
Best: 4900  Loss: 0.029561 Regul: 0.007578 Obj: 0.037138 (0.037138) Rank: 55 (55) Ttime: 5.3703 Vtime: 0.0212
Stat: Dim [55] AUC: 0.991284 (0.991284) FPR95: 3.32 (3.32) [saved]
Step: 5000  Loss: 0.030234 Regul: 0.007536 Obj: 0.037771 (0.037138) Rank: 55 (55) Ttime: 5.2774 Vtime: 0.0205
Step: 5100  Loss: 0.029661 Regul: 0.007567 Obj: 0.037227 (0.037138) Rank: 55 (55) Ttime: 5.3363 Vtime: 0.0210
Step: 5200  Loss: 0.030076 Regul: 0.007508 Obj: 0.037584 (0.037138) Rank: 55 (55) Ttime: 5.4158 Vtime: 0.0210
Step: 5300  Loss: 0.029618 Regul: 0.007529 Obj: 0.037147 (0.037138) Rank: 55 (55) Ttime: 5.3334 Vtime: 0.0211
Step: 5400  Loss: 0.029831 Regul: 0.007543 Obj: 0.037373 (0.037138) Rank: 55 (55) Ttime: 5.2041 Vtime: 0.0211
Step: 5500  Loss: 0.029818 Regul: 0.007501 Obj: 0.037319 (0.037138) Rank: 55 (55) Ttime: 5.3496 Vtime: 0.0213
Step: 5600  Loss: 0.029905 Regul: 0.007503 Obj: 0.037408 (0.037138) Rank: 56 (55) Ttime: 5.2522 Vtime: 0.0214
Step: 5700  Loss: 0.029695 Regul: 0.007501 Obj: 0.037195 (0.037138) Rank: 56 (55) Ttime: 5.2365 Vtime: 0.0210
Best: 5800  Loss: 0.029475 Regul: 0.007490 Obj: 0.036965 (0.036965) Rank: 56 (56) Ttime: 5.3487 Vtime: 0.0208
Stat: Dim [56] AUC: 0.991336 (0.991284) FPR95: 3.33 (3.32)
Step: 5900  Loss: 0.029544 Regul: 0.007505 Obj: 0.037050 (0.036965) Rank: 56 (56) Ttime: 5.2775 Vtime: 0.0212
Best: 6000  Loss: 0.029221 Regul: 0.007532 Obj: 0.036753 (0.036753) Rank: 56 (56) Ttime: 5.3134 Vtime: 0.0214
Stat: Dim [56] AUC: 0.991514 (0.991514) FPR95: 3.14 (3.14) [saved]
Step: 6100  Loss: 0.029263 Regul: 0.007543 Obj: 0.036807 (0.036753) Rank: 57 (56) Ttime: 5.2021 Vtime: 0.0217
Best: 6200  Loss: 0.029226 Regul: 0.007470 Obj: 0.036695 (0.036695) Rank: 56 (56) Ttime: 5.3378 Vtime: 0.0206
Stat: Dim [56] AUC: 0.991492 (0.991514) FPR95: 3.18 (3.14)
Step: 6300  Loss: 0.029510 Regul: 0.007453 Obj: 0.036964 (0.036695) Rank: 56 (56) Ttime: 5.1657 Vtime: 0.0212
Step: 6400  Loss: 0.029236 Regul: 0.007481 Obj: 0.036717 (0.036695) Rank: 56 (56) Ttime: 5.1274 Vtime: 0.0213
Best: 6500  Loss: 0.029191 Regul: 0.007479 Obj: 0.036670 (0.036670) Rank: 57 (57) Ttime: 5.1643 Vtime: 0.0213
Stat: Dim [57] AUC: 0.991493 (0.991514) FPR95: 3.15 (3.14)
Step: 6600  Loss: 0.029261 Regul: 0.007499 Obj: 0.036761 (0.036670) Rank: 57 (57) Ttime: 5.1268 Vtime: 0.0214
Best: 6700  Loss: 0.029096 Regul: 0.007441 Obj: 0.036537 (0.036537) Rank: 56 (56) Ttime: 5.2329 Vtime: 0.0215
Stat: Dim [56] AUC: 0.991481 (0.991514) FPR95: 3.23 (3.14)
Step: 6800  Loss: 0.029643 Regul: 0.007411 Obj: 0.037054 (0.036537) Rank: 57 (56) Ttime: 5.2775 Vtime: 0.0219
Step: 6900  Loss: 0.029436 Regul: 0.007373 Obj: 0.036809 (0.036537) Rank: 57 (56) Ttime: 5.2843 Vtime: 0.0206
Step: 7000  Loss: 0.029339 Regul: 0.007381 Obj: 0.036720 (0.036537) Rank: 57 (56) Ttime: 5.1738 Vtime: 0.0205
Step: 7100  Loss: 0.029554 Regul: 0.007367 Obj: 0.036921 (0.036537) Rank: 56 (56) Ttime: 5.2839 Vtime: 0.0215
Step: 7200  Loss: 0.029306 Regul: 0.007367 Obj: 0.036674 (0.036537) Rank: 57 (56) Ttime: 5.1519 Vtime: 0.0219
Step: 7300  Loss: 0.029290 Regul: 0.007372 Obj: 0.036662 (0.036537) Rank: 56 (56) Ttime: 5.1530 Vtime: 0.0209
Best: 7400  Loss: 0.028984 Regul: 0.007382 Obj: 0.036366 (0.036366) Rank: 57 (57) Ttime: 5.1705 Vtime: 0.0210
Stat: Dim [57] AUC: 0.991527 (0.991527) FPR95: 3.13 (3.13) [saved]
Best: 7500  Loss: 0.028921 Regul: 0.007420 Obj: 0.036340 (0.036340) Rank: 56 (56) Ttime: 5.1413 Vtime: 0.0216
Stat: Dim [56] AUC: 0.991583 (0.991583) FPR95: 3.04 (3.04) [saved]
Step: 7600  Loss: 0.029551 Regul: 0.007408 Obj: 0.036959 (0.036340) Rank: 56 (56) Ttime: 5.2545 Vtime: 0.0213
Step: 7700  Loss: 0.029059 Regul: 0.007406 Obj: 0.036465 (0.036340) Rank: 56 (56) Ttime: 5.1800 Vtime: 0.0209
Step: 7800  Loss: 0.029295 Regul: 0.007373 Obj: 0.036668 (0.036340) Rank: 56 (56) Ttime: 5.1988 Vtime: 0.0210
Step: 7900  Loss: 0.029695 Regul: 0.007356 Obj: 0.037051 (0.036340) Rank: 56 (56) Ttime: 5.2356 Vtime: 0.0209
Step: 8000  Loss: 0.029603 Regul: 0.007334 Obj: 0.036937 (0.036340) Rank: 56 (56) Ttime: 5.1159 Vtime: 0.0210
Step: 8100  Loss: 0.029464 Regul: 0.007364 Obj: 0.036829 (0.036340) Rank: 56 (56) Ttime: 5.2289 Vtime: 0.0209
Step: 8200  Loss: 0.029094 Regul: 0.007335 Obj: 0.036429 (0.036340) Rank: 56 (56) Ttime: 5.2833 Vtime: 0.0209
Best: 8300  Loss: 0.028874 Regul: 0.007363 Obj: 0.036238 (0.036238) Rank: 56 (56) Ttime: 5.3943 Vtime: 0.0212
Stat: Dim [56] AUC: 0.991649 (0.991649) FPR95: 3.02 (3.02) [saved]
Best: 8400  Loss: 0.028771 Regul: 0.007375 Obj: 0.036146 (0.036146) Rank: 56 (56) Ttime: 5.2723 Vtime: 0.0209
Stat: Dim [56] AUC: 0.991608 (0.991649) FPR95: 3.06 (3.02)
Step: 8500  Loss: 0.028810 Regul: 0.007361 Obj: 0.036171 (0.036146) Rank: 56 (56) Ttime: 5.2837 Vtime: 0.0213
Step: 8600  Loss: 0.028991 Regul: 0.007368 Obj: 0.036359 (0.036146) Rank: 56 (56) Ttime: 5.4394 Vtime: 0.0211
Step: 8700  Loss: 0.029065 Regul: 0.007351 Obj: 0.036416 (0.036146) Rank: 56 (56) Ttime: 5.4467 Vtime: 0.0216
Best: 8800  Loss: 0.028807 Regul: 0.007330 Obj: 0.036137 (0.036137) Rank: 56 (56) Ttime: 5.3189 Vtime: 0.0206
Stat: Dim [56] AUC: 0.991698 (0.991649) FPR95: 3.03 (3.02)
Best: 8900  Loss: 0.028766 Regul: 0.007309 Obj: 0.036075 (0.036075) Rank: 56 (56) Ttime: 5.3610 Vtime: 0.0215
Stat: Dim [56] AUC: 0.991623 (0.991649) FPR95: 3.08 (3.02)
Step: 9000  Loss: 0.029124 Regul: 0.007281 Obj: 0.036404 (0.036075) Rank: 56 (56) Ttime: 5.2366 Vtime: 0.0207
Step: 9100  Loss: 0.029210 Regul: 0.007322 Obj: 0.036532 (0.036075) Rank: 56 (56) Ttime: 5.2557 Vtime: 0.0214
Step: 9200  Loss: 0.029352 Regul: 0.007307 Obj: 0.036660 (0.036075) Rank: 56 (56) Ttime: 5.2177 Vtime: 0.0214
Step: 9300  Loss: 0.029132 Regul: 0.007303 Obj: 0.036435 (0.036075) Rank: 56 (56) Ttime: 5.2205 Vtime: 0.0207
Step: 9400  Loss: 0.029247 Regul: 0.007277 Obj: 0.036524 (0.036075) Rank: 56 (56) Ttime: 5.2789 Vtime: 0.0210
Step: 9500  Loss: 0.029004 Regul: 0.007285 Obj: 0.036289 (0.036075) Rank: 56 (56) Ttime: 5.2650 Vtime: 0.0210
Step: 9600  Loss: 0.028843 Regul: 0.007283 Obj: 0.036125 (0.036075) Rank: 56 (56) Ttime: 5.3064 Vtime: 0.0208
Step: 9700  Loss: 0.028838 Regul: 0.007308 Obj: 0.036146 (0.036075) Rank: 56 (56) Ttime: 5.3133 Vtime: 0.0206
Step: 9800  Loss: 0.028781 Regul: 0.007331 Obj: 0.036112 (0.036075) Rank: 56 (56) Ttime: 5.3779 Vtime: 0.0213
Step: 9900  Loss: 0.029106 Regul: 0.007279 Obj: 0.036385 (0.036075) Rank: 56 (56) Ttime: 5.4150 Vtime: 0.0210
Step: 10000  Loss: 0.029123 Regul: 0.007268 Obj: 0.036391 (0.036075) Rank: 56 (56) Ttime: 5.2947 Vtime: 0.0208
Step: 10100  Loss: 0.029023 Regul: 0.007254 Obj: 0.036277 (0.036075) Rank: 56 (56) Ttime: 5.2833 Vtime: 0.0210
Step: 10200  Loss: 0.028853 Regul: 0.007267 Obj: 0.036120 (0.036075) Rank: 56 (56) Ttime: 5.3790 Vtime: 0.0210
Step: 10300  Loss: 0.028934 Regul: 0.007314 Obj: 0.036247 (0.036075) Rank: 56 (56) Ttime: 5.2911 Vtime: 0.0208
Step: 10400  Loss: 0.029130 Regul: 0.007320 Obj: 0.036450 (0.036075) Rank: 56 (56) Ttime: 5.3679 Vtime: 0.0215
Step: 10500  Loss: 0.029003 Regul: 0.007276 Obj: 0.036278 (0.036075) Rank: 56 (56) Ttime: 5.2979 Vtime: 0.0212
Step: 10600  Loss: 0.028928 Regul: 0.007262 Obj: 0.036190 (0.036075) Rank: 56 (56) Ttime: 5.2744 Vtime: 0.0209
Best: 10700  Loss: 0.028785 Regul: 0.007270 Obj: 0.036055 (0.036055) Rank: 56 (56) Ttime: 5.3211 Vtime: 0.0209
Stat: Dim [56] AUC: 0.991733 (0.991649) FPR95: 3.02 (3.02)
Step: 10800  Loss: 0.029190 Regul: 0.007328 Obj: 0.036518 (0.036055) Rank: 57 (56) Ttime: 5.3578 Vtime: 0.0218
Step: 10900  Loss: 0.029046 Regul: 0.007355 Obj: 0.036401 (0.036055) Rank: 57 (56) Ttime: 5.2377 Vtime: 0.0210
Step: 11000  Loss: 0.029058 Regul: 0.007356 Obj: 0.036414 (0.036055) Rank: 57 (56) Ttime: 5.1845 Vtime: 0.0214
Best: 11100  Loss: 0.028652 Regul: 0.007325 Obj: 0.035976 (0.035976) Rank: 57 (57) Ttime: 5.2176 Vtime: 0.0210
Stat: Dim [57] AUC: 0.991791 (0.991791) FPR95: 3.02 (3.02) [saved]
Step: 11200  Loss: 0.028905 Regul: 0.007308 Obj: 0.036212 (0.035976) Rank: 57 (57) Ttime: 5.1462 Vtime: 0.0209
Step: 11300  Loss: 0.029127 Regul: 0.007262 Obj: 0.036389 (0.035976) Rank: 57 (57) Ttime: 5.1238 Vtime: 0.0207
Step: 11400  Loss: 0.029042 Regul: 0.007279 Obj: 0.036321 (0.035976) Rank: 57 (57) Ttime: 5.2735 Vtime: 0.0213
Step: 11500  Loss: 0.028891 Regul: 0.007294 Obj: 0.036185 (0.035976) Rank: 57 (57) Ttime: 5.1289 Vtime: 0.0209
Step: 11600  Loss: 0.028938 Regul: 0.007300 Obj: 0.036237 (0.035976) Rank: 57 (57) Ttime: 5.1157 Vtime: 0.0213
Step: 11700  Loss: 0.028971 Regul: 0.007275 Obj: 0.036246 (0.035976) Rank: 57 (57) Ttime: 5.2172 Vtime: 0.0208
Step: 11800  Loss: 0.028840 Regul: 0.007292 Obj: 0.036132 (0.035976) Rank: 57 (57) Ttime: 5.2573 Vtime: 0.0217
Best: 11900  Loss: 0.028680 Regul: 0.007291 Obj: 0.035971 (0.035971) Rank: 57 (57) Ttime: 5.1921 Vtime: 0.0210
Stat: Dim [57] AUC: 0.991813 (0.991813) FPR95: 3.00 (3.00) [saved]
Step: 12000  Loss: 0.028834 Regul: 0.007335 Obj: 0.036169 (0.035971) Rank: 57 (57) Ttime: 5.4028 Vtime: 0.0210
Step: 12100  Loss: 0.028821 Regul: 0.007298 Obj: 0.036119 (0.035971) Rank: 57 (57) Ttime: 5.1791 Vtime: 0.0209
Step: 12200  Loss: 0.028677 Regul: 0.007324 Obj: 0.036000 (0.035971) Rank: 57 (57) Ttime: 5.1591 Vtime: 0.0213
Step: 12300  Loss: 0.028958 Regul: 0.007335 Obj: 0.036293 (0.035971) Rank: 57 (57) Ttime: 5.2079 Vtime: 0.0205
Step: 12400  Loss: 0.028941 Regul: 0.007317 Obj: 0.036258 (0.035971) Rank: 58 (57) Ttime: 5.1737 Vtime: 0.0212
Step: 12500  Loss: 0.028882 Regul: 0.007274 Obj: 0.036156 (0.035971) Rank: 57 (57) Ttime: 5.1677 Vtime: 0.0214
Best: 12600  Loss: 0.028696 Regul: 0.007236 Obj: 0.035932 (0.035932) Rank: 57 (57) Ttime: 5.2435 Vtime: 0.0207
Stat: Dim [57] AUC: 0.991823 (0.991813) FPR95: 3.05 (3.00)
Step: 12700  Loss: 0.028761 Regul: 0.007243 Obj: 0.036004 (0.035932) Rank: 57 (57) Ttime: 5.2098 Vtime: 0.0211
Step: 12800  Loss: 0.029205 Regul: 0.007255 Obj: 0.036461 (0.035932) Rank: 58 (57) Ttime: 5.1851 Vtime: 0.0213
Step: 12900  Loss: 0.028737 Regul: 0.007262 Obj: 0.035999 (0.035932) Rank: 57 (57) Ttime: 5.2225 Vtime: 0.0220
Step: 13000  Loss: 0.028855 Regul: 0.007239 Obj: 0.036094 (0.035932) Rank: 57 (57) Ttime: 5.2332 Vtime: 0.0209
Step: 13100  Loss: 0.028768 Regul: 0.007252 Obj: 0.036019 (0.035932) Rank: 57 (57) Ttime: 5.2526 Vtime: 0.0208
Best: 13200  Loss: 0.028641 Regul: 0.007259 Obj: 0.035900 (0.035900) Rank: 58 (58) Ttime: 5.2572 Vtime: 0.0213
Stat: Dim [58] AUC: 0.991797 (0.991813) FPR95: 2.96 (3.00)
Step: 13300  Loss: 0.028772 Regul: 0.007260 Obj: 0.036032 (0.035900) Rank: 58 (58) Ttime: 5.3194 Vtime: 0.0209
Best: 13400  Loss: 0.028594 Regul: 0.007253 Obj: 0.035847 (0.035847) Rank: 58 (58) Ttime: 5.3048 Vtime: 0.0205
Stat: Dim [58] AUC: 0.991800 (0.991813) FPR95: 3.01 (3.00)
Best: 13500  Loss: 0.028587 Regul: 0.007243 Obj: 0.035830 (0.035830) Rank: 57 (57) Ttime: 5.2448 Vtime: 0.0218
Stat: Dim [57] AUC: 0.991835 (0.991835) FPR95: 2.97 (2.97) [saved]
Step: 13600  Loss: 0.028591 Regul: 0.007251 Obj: 0.035843 (0.035830) Rank: 57 (57) Ttime: 5.2584 Vtime: 0.0210
Step: 13700  Loss: 0.028705 Regul: 0.007249 Obj: 0.035954 (0.035830) Rank: 58 (57) Ttime: 5.0721 Vtime: 0.0217
Step: 13800  Loss: 0.028614 Regul: 0.007238 Obj: 0.035852 (0.035830) Rank: 57 (57) Ttime: 5.2232 Vtime: 0.0211
Step: 13900  Loss: 0.028615 Regul: 0.007272 Obj: 0.035888 (0.035830) Rank: 58 (57) Ttime: 5.2118 Vtime: 0.0208
Step: 14000  Loss: 0.028823 Regul: 0.007238 Obj: 0.036062 (0.035830) Rank: 58 (57) Ttime: 5.2974 Vtime: 0.0210
Step: 14100  Loss: 0.028989 Regul: 0.007214 Obj: 0.036203 (0.035830) Rank: 57 (57) Ttime: 5.2654 Vtime: 0.0212
Best: 14200  Loss: 0.028490 Regul: 0.007241 Obj: 0.035731 (0.035731) Rank: 57 (57) Ttime: 5.2422 Vtime: 0.0207
Stat: Dim [57] AUC: 0.991923 (0.991835) FPR95: 3.00 (2.97)
Step: 14300  Loss: 0.028619 Regul: 0.007238 Obj: 0.035857 (0.035731) Rank: 58 (57) Ttime: 5.1645 Vtime: 0.0218
Step: 14400  Loss: 0.028776 Regul: 0.007240 Obj: 0.036016 (0.035731) Rank: 57 (57) Ttime: 5.2283 Vtime: 0.0219
Step: 14500  Loss: 0.028705 Regul: 0.007307 Obj: 0.036012 (0.035731) Rank: 57 (57) Ttime: 5.2910 Vtime: 0.0210
Step: 14600  Loss: 0.028584 Regul: 0.007318 Obj: 0.035902 (0.035731) Rank: 58 (57) Ttime: 5.2658 Vtime: 0.0213
Best: 14700  Loss: 0.028442 Regul: 0.007274 Obj: 0.035717 (0.035717) Rank: 58 (58) Ttime: 5.3051 Vtime: 0.0213
Stat: Dim [58] AUC: 0.991895 (0.991895) FPR95: 2.92 (2.92) [saved]
Step: 14800  Loss: 0.028501 Regul: 0.007288 Obj: 0.035789 (0.035717) Rank: 58 (58) Ttime: 5.1411 Vtime: 0.0205
Step: 14900  Loss: 0.028586 Regul: 0.007263 Obj: 0.035849 (0.035717) Rank: 58 (58) Ttime: 5.1879 Vtime: 0.0218
Step: 15000  Loss: 0.028655 Regul: 0.007230 Obj: 0.035885 (0.035717) Rank: 58 (58) Ttime: 5.1617 Vtime: 0.0207
Step: 15100  Loss: 0.028628 Regul: 0.007217 Obj: 0.035845 (0.035717) Rank: 58 (58) Ttime: 5.2720 Vtime: 0.0209
Step: 15200  Loss: 0.028634 Regul: 0.007217 Obj: 0.035851 (0.035717) Rank: 58 (58) Ttime: 5.1840 Vtime: 0.0209
Step: 15300  Loss: 0.028575 Regul: 0.007215 Obj: 0.035790 (0.035717) Rank: 58 (58) Ttime: 5.2187 Vtime: 0.0205
Step: 15400  Loss: 0.028515 Regul: 0.007211 Obj: 0.035726 (0.035717) Rank: 58 (58) Ttime: 5.3534 Vtime: 0.0212
Best: 15500  Loss: 0.028394 Regul: 0.007234 Obj: 0.035628 (0.035628) Rank: 58 (58) Ttime: 5.2750 Vtime: 0.0211
Stat: Dim [58] AUC: 0.991936 (0.991895) FPR95: 2.96 (2.92)
Step: 15600  Loss: 0.028368 Regul: 0.007261 Obj: 0.035629 (0.035628) Rank: 58 (58) Ttime: 5.2570 Vtime: 0.0213
Step: 15700  Loss: 0.028698 Regul: 0.007242 Obj: 0.035940 (0.035628) Rank: 57 (58) Ttime: 5.2014 Vtime: 0.0212
Step: 15800  Loss: 0.028546 Regul: 0.007250 Obj: 0.035796 (0.035628) Rank: 57 (58) Ttime: 5.1915 Vtime: 0.0208
Step: 15900  Loss: 0.028685 Regul: 0.007303 Obj: 0.035988 (0.035628) Rank: 58 (58) Ttime: 5.2295 Vtime: 0.0216
Step: 16000  Loss: 0.028354 Regul: 0.007281 Obj: 0.035635 (0.035628) Rank: 58 (58) Ttime: 5.2589 Vtime: 0.0205
Step: 16100  Loss: 0.028503 Regul: 0.007242 Obj: 0.035745 (0.035628) Rank: 59 (58) Ttime: 5.3949 Vtime: 0.0214
Step: 16200  Loss: 0.028444 Regul: 0.007243 Obj: 0.035687 (0.035628) Rank: 58 (58) Ttime: 5.4136 Vtime: 0.0216
Step: 16300  Loss: 0.028458 Regul: 0.007257 Obj: 0.035715 (0.035628) Rank: 58 (58) Ttime: 5.3532 Vtime: 0.0203
Best: 16400  Loss: 0.028092 Regul: 0.007279 Obj: 0.035371 (0.035371) Rank: 58 (58) Ttime: 5.2049 Vtime: 0.0206
Stat: Dim [58] AUC: 0.992021 (0.991895) FPR95: 2.94 (2.92)
Step: 16500  Loss: 0.028139 Regul: 0.007276 Obj: 0.035415 (0.035371) Rank: 58 (58) Ttime: 5.1648 Vtime: 0.0209
Step: 16600  Loss: 0.028337 Regul: 0.007254 Obj: 0.035591 (0.035371) Rank: 58 (58) Ttime: 5.1333 Vtime: 0.0210
Step: 16700  Loss: 0.028369 Regul: 0.007222 Obj: 0.035591 (0.035371) Rank: 58 (58) Ttime: 5.1369 Vtime: 0.0215
Step: 16800  Loss: 0.028578 Regul: 0.007246 Obj: 0.035824 (0.035371) Rank: 58 (58) Ttime: 5.1948 Vtime: 0.0205
Step: 16900  Loss: 0.028149 Regul: 0.007273 Obj: 0.035422 (0.035371) Rank: 58 (58) Ttime: 5.2341 Vtime: 0.0213
Step: 17000  Loss: 0.028155 Regul: 0.007286 Obj: 0.035441 (0.035371) Rank: 58 (58) Ttime: 5.2576 Vtime: 0.0207
Step: 17100  Loss: 0.028224 Regul: 0.007312 Obj: 0.035536 (0.035371) Rank: 58 (58) Ttime: 5.2666 Vtime: 0.0210
Step: 17200  Loss: 0.028563 Regul: 0.007268 Obj: 0.035832 (0.035371) Rank: 58 (58) Ttime: 5.2392 Vtime: 0.0207
Step: 17300  Loss: 0.028368 Regul: 0.007254 Obj: 0.035622 (0.035371) Rank: 58 (58) Ttime: 5.2241 Vtime: 0.0211
Step: 17400  Loss: 0.028335 Regul: 0.007257 Obj: 0.035592 (0.035371) Rank: 58 (58) Ttime: 5.1784 Vtime: 0.0212
Step: 17500  Loss: 0.028401 Regul: 0.007216 Obj: 0.035616 (0.035371) Rank: 58 (58) Ttime: 5.1930 Vtime: 0.0206
Step: 17600  Loss: 0.028503 Regul: 0.007195 Obj: 0.035698 (0.035371) Rank: 58 (58) Ttime: 5.1049 Vtime: 0.0205
Step: 17700  Loss: 0.028300 Regul: 0.007201 Obj: 0.035501 (0.035371) Rank: 58 (58) Ttime: 5.1945 Vtime: 0.0220
Step: 17800  Loss: 0.028423 Regul: 0.007175 Obj: 0.035598 (0.035371) Rank: 58 (58) Ttime: 5.1509 Vtime: 0.0207
Step: 17900  Loss: 0.028207 Regul: 0.007178 Obj: 0.035385 (0.035371) Rank: 59 (58) Ttime: 5.1439 Vtime: 0.0216
Best: 18000  Loss: 0.028164 Regul: 0.007171 Obj: 0.035335 (0.035335) Rank: 58 (58) Ttime: 5.2361 Vtime: 0.0214
Stat: Dim [58] AUC: 0.991972 (0.991972) FPR95: 2.86 (2.86) [saved]
Best: 18100  Loss: 0.028047 Regul: 0.007187 Obj: 0.035234 (0.035234) Rank: 59 (59) Ttime: 5.2804 Vtime: 0.0219
Stat: Dim [59] AUC: 0.992029 (0.991972) FPR95: 2.86 (2.86)
Step: 18200  Loss: 0.028351 Regul: 0.007178 Obj: 0.035529 (0.035234) Rank: 58 (59) Ttime: 5.1335 Vtime: 0.0221
Step: 18300  Loss: 0.028272 Regul: 0.007187 Obj: 0.035458 (0.035234) Rank: 59 (59) Ttime: 5.1837 Vtime: 0.0216
Step: 18400  Loss: 0.028435 Regul: 0.007207 Obj: 0.035642 (0.035234) Rank: 58 (59) Ttime: 5.2086 Vtime: 0.0212
Step: 18500  Loss: 0.028505 Regul: 0.007231 Obj: 0.035735 (0.035234) Rank: 59 (59) Ttime: 5.1960 Vtime: 0.0217
Step: 18600  Loss: 0.028428 Regul: 0.007246 Obj: 0.035674 (0.035234) Rank: 59 (59) Ttime: 5.2160 Vtime: 0.0212
Step: 18700  Loss: 0.028534 Regul: 0.007242 Obj: 0.035777 (0.035234) Rank: 59 (59) Ttime: 5.1472 Vtime: 0.0208
Step: 18800  Loss: 0.028239 Regul: 0.007225 Obj: 0.035464 (0.035234) Rank: 59 (59) Ttime: 5.3410 Vtime: 0.0208
Step: 18900  Loss: 0.028326 Regul: 0.007235 Obj: 0.035560 (0.035234) Rank: 59 (59) Ttime: 5.2463 Vtime: 0.0212
Step: 19000  Loss: 0.028315 Regul: 0.007218 Obj: 0.035533 (0.035234) Rank: 59 (59) Ttime: 5.1861 Vtime: 0.0208
Step: 19100  Loss: 0.028326 Regul: 0.007229 Obj: 0.035555 (0.035234) Rank: 59 (59) Ttime: 5.2214 Vtime: 0.0208
Step: 19200  Loss: 0.028268 Regul: 0.007231 Obj: 0.035500 (0.035234) Rank: 59 (59) Ttime: 5.2036 Vtime: 0.0215
Step: 19300  Loss: 0.028168 Regul: 0.007212 Obj: 0.035381 (0.035234) Rank: 59 (59) Ttime: 5.1292 Vtime: 0.0215
Step: 19400  Loss: 0.028206 Regul: 0.007207 Obj: 0.035413 (0.035234) Rank: 59 (59) Ttime: 5.1888 Vtime: 0.0212
Step: 19500  Loss: 0.028114 Regul: 0.007178 Obj: 0.035292 (0.035234) Rank: 59 (59) Ttime: 5.1852 Vtime: 0.0212
Step: 19600  Loss: 0.028364 Regul: 0.007153 Obj: 0.035517 (0.035234) Rank: 58 (59) Ttime: 5.1340 Vtime: 0.0213
Step: 19700  Loss: 0.028408 Regul: 0.007161 Obj: 0.035569 (0.035234) Rank: 59 (59) Ttime: 5.0715 Vtime: 0.0213
Step: 19800  Loss: 0.028078 Regul: 0.007214 Obj: 0.035292 (0.035234) Rank: 59 (59) Ttime: 5.1663 Vtime: 0.0215
Step: 19900  Loss: 0.028265 Regul: 0.007204 Obj: 0.035468 (0.035234) Rank: 59 (59) Ttime: 5.2094 Vtime: 0.0213
Step: 20000  Loss: 0.028349 Regul: 0.007213 Obj: 0.035562 (0.035234) Rank: 59 (59) Ttime: 5.2326 Vtime: 0.0214
Step: 20100  Loss: 0.028124 Regul: 0.007243 Obj: 0.035367 (0.035234) Rank: 59 (59) Ttime: 5.1884 Vtime: 0.0209
Best: 20200  Loss: 0.028038 Regul: 0.007189 Obj: 0.035226 (0.035226) Rank: 58 (58) Ttime: 5.1673 Vtime: 0.0219
Stat: Dim [58] AUC: 0.992026 (0.991972) FPR95: 2.90 (2.86)
Best: 20300  Loss: 0.028003 Regul: 0.007218 Obj: 0.035221 (0.035221) Rank: 59 (59) Ttime: 5.2109 Vtime: 0.0216
Stat: Dim [59] AUC: 0.992088 (0.992088) FPR95: 2.84 (2.84) [saved]
Step: 20400  Loss: 0.028316 Regul: 0.007208 Obj: 0.035524 (0.035221) Rank: 59 (59) Ttime: 5.2211 Vtime: 0.0213
Best: 20500  Loss: 0.027959 Regul: 0.007247 Obj: 0.035206 (0.035206) Rank: 59 (59) Ttime: 5.2536 Vtime: 0.0210
Stat: Dim [59] AUC: 0.992087 (0.992088) FPR95: 2.83 (2.84)
Step: 20600  Loss: 0.028072 Regul: 0.007243 Obj: 0.035315 (0.035206) Rank: 59 (59) Ttime: 5.2383 Vtime: 0.0209
Step: 20700  Loss: 0.028036 Regul: 0.007205 Obj: 0.035241 (0.035206) Rank: 59 (59) Ttime: 5.2683 Vtime: 0.0214
Step: 20800  Loss: 0.028247 Regul: 0.007189 Obj: 0.035436 (0.035206) Rank: 59 (59) Ttime: 5.2333 Vtime: 0.0207
Step: 20900  Loss: 0.028175 Regul: 0.007222 Obj: 0.035397 (0.035206) Rank: 59 (59) Ttime: 5.2801 Vtime: 0.0209
Step: 21000  Loss: 0.028194 Regul: 0.007207 Obj: 0.035401 (0.035206) Rank: 58 (59) Ttime: 5.2640 Vtime: 0.0212
Best: 21100  Loss: 0.027993 Regul: 0.007179 Obj: 0.035172 (0.035172) Rank: 58 (58) Ttime: 5.2202 Vtime: 0.0207
Stat: Dim [58] AUC: 0.992039 (0.992088) FPR95: 2.87 (2.84)
Best: 21200  Loss: 0.027878 Regul: 0.007181 Obj: 0.035059 (0.035059) Rank: 59 (59) Ttime: 5.2575 Vtime: 0.0217
Stat: Dim [59] AUC: 0.992088 (0.992088) FPR95: 2.86 (2.84)
Step: 21300  Loss: 0.028092 Regul: 0.007185 Obj: 0.035277 (0.035059) Rank: 59 (59) Ttime: 5.2708 Vtime: 0.0209
Step: 21400  Loss: 0.027987 Regul: 0.007197 Obj: 0.035184 (0.035059) Rank: 59 (59) Ttime: 5.2666 Vtime: 0.0214
Step: 21500  Loss: 0.028127 Regul: 0.007195 Obj: 0.035321 (0.035059) Rank: 59 (59) Ttime: 5.2700 Vtime: 0.0210
Step: 21600  Loss: 0.028155 Regul: 0.007191 Obj: 0.035346 (0.035059) Rank: 59 (59) Ttime: 5.2380 Vtime: 0.0211
Step: 21700  Loss: 0.028206 Regul: 0.007179 Obj: 0.035385 (0.035059) Rank: 59 (59) Ttime: 5.2936 Vtime: 0.0210
Step: 21800  Loss: 0.028066 Regul: 0.007192 Obj: 0.035258 (0.035059) Rank: 59 (59) Ttime: 5.1328 Vtime: 0.0210
Step: 21900  Loss: 0.028119 Regul: 0.007178 Obj: 0.035297 (0.035059) Rank: 59 (59) Ttime: 5.2493 Vtime: 0.0207
Step: 22000  Loss: 0.028105 Regul: 0.007197 Obj: 0.035303 (0.035059) Rank: 59 (59) Ttime: 5.1931 Vtime: 0.0214
Step: 22100  Loss: 0.028139 Regul: 0.007188 Obj: 0.035327 (0.035059) Rank: 59 (59) Ttime: 5.1887 Vtime: 0.0210
Step: 22200  Loss: 0.028192 Regul: 0.007183 Obj: 0.035375 (0.035059) Rank: 59 (59) Ttime: 5.2052 Vtime: 0.0211
Step: 22300  Loss: 0.028074 Regul: 0.007227 Obj: 0.035301 (0.035059) Rank: 59 (59) Ttime: 5.1350 Vtime: 0.0209
Step: 22400  Loss: 0.028006 Regul: 0.007223 Obj: 0.035229 (0.035059) Rank: 59 (59) Ttime: 5.1273 Vtime: 0.0210
Step: 22500  Loss: 0.028076 Regul: 0.007214 Obj: 0.035290 (0.035059) Rank: 59 (59) Ttime: 5.1033 Vtime: 0.0205
Step: 22600  Loss: 0.028099 Regul: 0.007212 Obj: 0.035311 (0.035059) Rank: 59 (59) Ttime: 5.1752 Vtime: 0.0209
Step: 22700  Loss: 0.028383 Regul: 0.007193 Obj: 0.035576 (0.035059) Rank: 59 (59) Ttime: 5.0484 Vtime: 0.0208
Step: 22800  Loss: 0.028297 Regul: 0.007163 Obj: 0.035460 (0.035059) Rank: 59 (59) Ttime: 5.1699 Vtime: 0.0212
Step: 22900  Loss: 0.028199 Regul: 0.007183 Obj: 0.035381 (0.035059) Rank: 59 (59) Ttime: 5.2707 Vtime: 0.0214
Best: 23000  Loss: 0.027858 Regul: 0.007196 Obj: 0.035054 (0.035054) Rank: 58 (58) Ttime: 5.2655 Vtime: 0.0213
Stat: Dim [58] AUC: 0.992116 (0.992088) FPR95: 2.85 (2.84)
Step: 23100  Loss: 0.028137 Regul: 0.007182 Obj: 0.035319 (0.035054) Rank: 58 (58) Ttime: 5.1067 Vtime: 0.0207
Step: 23200  Loss: 0.028148 Regul: 0.007194 Obj: 0.035342 (0.035054) Rank: 58 (58) Ttime: 5.0998 Vtime: 0.0210
Step: 23300  Loss: 0.028064 Regul: 0.007193 Obj: 0.035257 (0.035054) Rank: 59 (58) Ttime: 5.1079 Vtime: 0.0215
Step: 23400  Loss: 0.027905 Regul: 0.007218 Obj: 0.035123 (0.035054) Rank: 59 (58) Ttime: 5.2984 Vtime: 0.0208
Step: 23500  Loss: 0.028169 Regul: 0.007209 Obj: 0.035379 (0.035054) Rank: 59 (58) Ttime: 5.2511 Vtime: 0.0214
Step: 23600  Loss: 0.028103 Regul: 0.007193 Obj: 0.035295 (0.035054) Rank: 59 (58) Ttime: 5.2450 Vtime: 0.0207
Step: 23700  Loss: 0.028099 Regul: 0.007183 Obj: 0.035282 (0.035054) Rank: 59 (58) Ttime: 5.2567 Vtime: 0.0207
Step: 23800  Loss: 0.028055 Regul: 0.007184 Obj: 0.035239 (0.035054) Rank: 59 (58) Ttime: 5.2185 Vtime: 0.0215
Step: 23900  Loss: 0.027988 Regul: 0.007195 Obj: 0.035183 (0.035054) Rank: 59 (58) Ttime: 5.3124 Vtime: 0.0210
Step: 24000  Loss: 0.028155 Regul: 0.007191 Obj: 0.035345 (0.035054) Rank: 59 (58) Ttime: 5.2597 Vtime: 0.0208
Step: 24100  Loss: 0.028219 Regul: 0.007214 Obj: 0.035432 (0.035054) Rank: 59 (58) Ttime: 5.2554 Vtime: 0.0212
Step: 24200  Loss: 0.028131 Regul: 0.007200 Obj: 0.035331 (0.035054) Rank: 59 (58) Ttime: 5.1600 Vtime: 0.0211
Step: 24300  Loss: 0.027979 Regul: 0.007208 Obj: 0.035187 (0.035054) Rank: 59 (58) Ttime: 5.2882 Vtime: 0.0212
Step: 24400  Loss: 0.028141 Regul: 0.007216 Obj: 0.035357 (0.035054) Rank: 58 (58) Ttime: 5.1181 Vtime: 0.0214
Step: 24500  Loss: 0.028074 Regul: 0.007207 Obj: 0.035280 (0.035054) Rank: 58 (58) Ttime: 5.3515 Vtime: 0.0208
Step: 24600  Loss: 0.028186 Regul: 0.007182 Obj: 0.035368 (0.035054) Rank: 58 (58) Ttime: 5.2913 Vtime: 0.0211
Step: 24700  Loss: 0.028210 Regul: 0.007208 Obj: 0.035418 (0.035054) Rank: 59 (58) Ttime: 5.2491 Vtime: 0.0217
Step: 24800  Loss: 0.028325 Regul: 0.007201 Obj: 0.035526 (0.035054) Rank: 59 (58) Ttime: 5.2649 Vtime: 0.0205
Step: 24900  Loss: 0.027978 Regul: 0.007213 Obj: 0.035191 (0.035054) Rank: 59 (58) Ttime: 5.1097 Vtime: 0.0212
Step: 25000  Loss: 0.028132 Regul: 0.007223 Obj: 0.035355 (0.035054) Rank: 59 (58) Ttime: 5.2297 Vtime: 0.0210
Step: 25100  Loss: 0.028094 Regul: 0.007201 Obj: 0.035295 (0.035054) Rank: 59 (58) Ttime: 5.1823 Vtime: 0.0210
Step: 25200  Loss: 0.028308 Regul: 0.007198 Obj: 0.035506 (0.035054) Rank: 59 (58) Ttime: 5.2110 Vtime: 0.0209
Step: 25300  Loss: 0.028267 Regul: 0.007168 Obj: 0.035435 (0.035054) Rank: 59 (58) Ttime: 5.1634 Vtime: 0.0209
Step: 25400  Loss: 0.028272 Regul: 0.007156 Obj: 0.035428 (0.035054) Rank: 59 (58) Ttime: 5.0932 Vtime: 0.0208
Step: 25500  Loss: 0.028373 Regul: 0.007155 Obj: 0.035528 (0.035054) Rank: 59 (58) Ttime: 5.2648 Vtime: 0.0206
Step: 25600  Loss: 0.027963 Regul: 0.007160 Obj: 0.035123 (0.035054) Rank: 59 (58) Ttime: 5.2673 Vtime: 0.0217
Best: 25700  Loss: 0.027884 Regul: 0.007163 Obj: 0.035047 (0.035047) Rank: 59 (59) Ttime: 5.1908 Vtime: 0.0216
Stat: Dim [59] AUC: 0.992139 (0.992139) FPR95: 2.83 (2.83) [saved]
Step: 25800  Loss: 0.027923 Regul: 0.007148 Obj: 0.035072 (0.035047) Rank: 59 (59) Ttime: 5.2054 Vtime: 0.0208
Step: 25900  Loss: 0.028164 Regul: 0.007139 Obj: 0.035303 (0.035047) Rank: 60 (59) Ttime: 5.1382 Vtime: 0.0217
Step: 26000  Loss: 0.028210 Regul: 0.007175 Obj: 0.035385 (0.035047) Rank: 59 (59) Ttime: 5.1551 Vtime: 0.0218
Step: 26100  Loss: 0.028358 Regul: 0.007186 Obj: 0.035544 (0.035047) Rank: 59 (59) Ttime: 5.1835 Vtime: 0.0209
Step: 26200  Loss: 0.028045 Regul: 0.007200 Obj: 0.035245 (0.035047) Rank: 60 (59) Ttime: 5.3540 Vtime: 0.0216
Step: 26300  Loss: 0.028366 Regul: 0.007157 Obj: 0.035523 (0.035047) Rank: 60 (59) Ttime: 5.0711 Vtime: 0.0205
Step: 26400  Loss: 0.028100 Regul: 0.007203 Obj: 0.035302 (0.035047) Rank: 60 (59) Ttime: 5.1332 Vtime: 0.0207
Best: 26500  Loss: 0.027833 Regul: 0.007192 Obj: 0.035025 (0.035025) Rank: 60 (60) Ttime: 5.1675 Vtime: 0.0210
Stat: Dim [60] AUC: 0.992167 (0.992167) FPR95: 2.76 (2.76) [saved]
Best: 26600  Loss: 0.027774 Regul: 0.007173 Obj: 0.034947 (0.034947) Rank: 60 (60) Ttime: 5.2172 Vtime: 0.0208
Stat: Dim [60] AUC: 0.992164 (0.992167) FPR95: 2.79 (2.76)
Step: 26700  Loss: 0.028045 Regul: 0.007175 Obj: 0.035220 (0.034947) Rank: 60 (60) Ttime: 5.2605 Vtime: 0.0212
Step: 26800  Loss: 0.028145 Regul: 0.007190 Obj: 0.035335 (0.034947) Rank: 60 (60) Ttime: 5.2949 Vtime: 0.0212
Step: 26900  Loss: 0.027929 Regul: 0.007183 Obj: 0.035112 (0.034947) Rank: 59 (60) Ttime: 5.2760 Vtime: 0.0215
Step: 27000  Loss: 0.027876 Regul: 0.007198 Obj: 0.035074 (0.034947) Rank: 60 (60) Ttime: 5.2009 Vtime: 0.0213
Step: 27100  Loss: 0.027914 Regul: 0.007177 Obj: 0.035091 (0.034947) Rank: 60 (60) Ttime: 5.3150 Vtime: 0.0207
Step: 27200  Loss: 0.028228 Regul: 0.007162 Obj: 0.035390 (0.034947) Rank: 60 (60) Ttime: 5.1577 Vtime: 0.0211
Step: 27300  Loss: 0.027996 Regul: 0.007180 Obj: 0.035176 (0.034947) Rank: 60 (60) Ttime: 5.2976 Vtime: 0.0207
Step: 27400  Loss: 0.028081 Regul: 0.007177 Obj: 0.035258 (0.034947) Rank: 60 (60) Ttime: 5.2048 Vtime: 0.0211
Step: 27500  Loss: 0.028102 Regul: 0.007141 Obj: 0.035243 (0.034947) Rank: 60 (60) Ttime: 5.2070 Vtime: 0.0208
Step: 27600  Loss: 0.028312 Regul: 0.007148 Obj: 0.035460 (0.034947) Rank: 59 (60) Ttime: 5.2509 Vtime: 0.0219
Step: 27700  Loss: 0.028107 Regul: 0.007167 Obj: 0.035275 (0.034947) Rank: 60 (60) Ttime: 5.2784 Vtime: 0.0216
Step: 27800  Loss: 0.028167 Regul: 0.007186 Obj: 0.035354 (0.034947) Rank: 60 (60) Ttime: 5.2736 Vtime: 0.0216
Step: 27900  Loss: 0.028071 Regul: 0.007173 Obj: 0.035244 (0.034947) Rank: 60 (60) Ttime: 5.3006 Vtime: 0.0210
Step: 28000  Loss: 0.028210 Regul: 0.007180 Obj: 0.035390 (0.034947) Rank: 60 (60) Ttime: 5.2037 Vtime: 0.0206
Step: 28100  Loss: 0.028309 Regul: 0.007188 Obj: 0.035497 (0.034947) Rank: 60 (60) Ttime: 5.1948 Vtime: 0.0209
Step: 28200  Loss: 0.028154 Regul: 0.007181 Obj: 0.035335 (0.034947) Rank: 60 (60) Ttime: 5.1817 Vtime: 0.0208
Step: 28300  Loss: 0.028175 Regul: 0.007163 Obj: 0.035338 (0.034947) Rank: 59 (60) Ttime: 5.2161 Vtime: 0.0214
Step: 28400  Loss: 0.028055 Regul: 0.007181 Obj: 0.035236 (0.034947) Rank: 59 (60) Ttime: 5.1701 Vtime: 0.0208
Step: 28500  Loss: 0.027979 Regul: 0.007153 Obj: 0.035132 (0.034947) Rank: 59 (60) Ttime: 5.2338 Vtime: 0.0211
Step: 28600  Loss: 0.028085 Regul: 0.007157 Obj: 0.035242 (0.034947) Rank: 59 (60) Ttime: 5.1089 Vtime: 0.0207
Step: 28700  Loss: 0.027878 Regul: 0.007174 Obj: 0.035052 (0.034947) Rank: 60 (60) Ttime: 5.2722 Vtime: 0.0211
Step: 28800  Loss: 0.028072 Regul: 0.007167 Obj: 0.035238 (0.034947) Rank: 59 (60) Ttime: 5.3082 Vtime: 0.0216
Step: 28900  Loss: 0.027921 Regul: 0.007170 Obj: 0.035091 (0.034947) Rank: 59 (60) Ttime: 5.2822 Vtime: 0.0213
Step: 29000  Loss: 0.027951 Regul: 0.007143 Obj: 0.035094 (0.034947) Rank: 59 (60) Ttime: 5.3250 Vtime: 0.0207
Step: 29100  Loss: 0.028002 Regul: 0.007147 Obj: 0.035149 (0.034947) Rank: 58 (60) Ttime: 5.2576 Vtime: 0.0216
Step: 29200  Loss: 0.027963 Regul: 0.007129 Obj: 0.035092 (0.034947) Rank: 59 (60) Ttime: 5.2732 Vtime: 0.0214
Step: 29300  Loss: 0.028184 Regul: 0.007101 Obj: 0.035284 (0.034947) Rank: 58 (60) Ttime: 5.2144 Vtime: 0.0215
Step: 29400  Loss: 0.027952 Regul: 0.007110 Obj: 0.035062 (0.034947) Rank: 58 (60) Ttime: 5.1643 Vtime: 0.0213
Step: 29500  Loss: 0.028091 Regul: 0.007099 Obj: 0.035191 (0.034947) Rank: 58 (60) Ttime: 5.1244 Vtime: 0.0212
Step: 29600  Loss: 0.028186 Regul: 0.007103 Obj: 0.035289 (0.034947) Rank: 58 (60) Ttime: 5.0739 Vtime: 0.0213
Step: 29700  Loss: 0.028183 Regul: 0.007126 Obj: 0.035310 (0.034947) Rank: 59 (60) Ttime: 5.0754 Vtime: 0.0222
Step: 29800  Loss: 0.028117 Regul: 0.007141 Obj: 0.035258 (0.034947) Rank: 59 (60) Ttime: 5.1692 Vtime: 0.0209
Step: 29900  Loss: 0.028086 Regul: 0.007118 Obj: 0.035204 (0.034947) Rank: 59 (60) Ttime: 5.1325 Vtime: 0.0209
Step: 30000  Loss: 0.027844 Regul: 0.007126 Obj: 0.034970 (0.034947) Rank: 58 (60) Ttime: 5.2080 Vtime: 0.0212
Best: 30100  Loss: 0.027761 Regul: 0.007147 Obj: 0.034907 (0.034907) Rank: 59 (59) Ttime: 5.1035 Vtime: 0.0213
Stat: Dim [59] AUC: 0.992165 (0.992167) FPR95: 2.81 (2.76)
Step: 30200  Loss: 0.028042 Regul: 0.007151 Obj: 0.035194 (0.034907) Rank: 59 (59) Ttime: 5.2426 Vtime: 0.0210
Step: 30300  Loss: 0.028044 Regul: 0.007157 Obj: 0.035201 (0.034907) Rank: 59 (59) Ttime: 5.1532 Vtime: 0.0207
Step: 30400  Loss: 0.027928 Regul: 0.007144 Obj: 0.035072 (0.034907) Rank: 59 (59) Ttime: 5.2055 Vtime: 0.0209
Step: 30500  Loss: 0.027778 Regul: 0.007142 Obj: 0.034920 (0.034907) Rank: 59 (59) Ttime: 5.1921 Vtime: 0.0218
Step: 30600  Loss: 0.027893 Regul: 0.007156 Obj: 0.035048 (0.034907) Rank: 59 (59) Ttime: 5.1626 Vtime: 0.0212
Step: 30700  Loss: 0.027924 Regul: 0.007135 Obj: 0.035059 (0.034907) Rank: 59 (59) Ttime: 5.1123 Vtime: 0.0210
Best: 30800  Loss: 0.027757 Regul: 0.007146 Obj: 0.034903 (0.034903) Rank: 59 (59) Ttime: 5.2196 Vtime: 0.0215
Stat: Dim [59] AUC: 0.992174 (0.992167) FPR95: 2.76 (2.76)
Step: 30900  Loss: 0.027866 Regul: 0.007108 Obj: 0.034974 (0.034903) Rank: 59 (59) Ttime: 5.1743 Vtime: 0.0207
Step: 31000  Loss: 0.028008 Regul: 0.007117 Obj: 0.035125 (0.034903) Rank: 59 (59) Ttime: 5.1985 Vtime: 0.0207
Step: 31100  Loss: 0.027955 Regul: 0.007145 Obj: 0.035100 (0.034903) Rank: 60 (59) Ttime: 5.0615 Vtime: 0.0216
Step: 31200  Loss: 0.027802 Regul: 0.007131 Obj: 0.034933 (0.034903) Rank: 59 (59) Ttime: 5.0754 Vtime: 0.0213
Step: 31300  Loss: 0.027799 Regul: 0.007104 Obj: 0.034904 (0.034903) Rank: 59 (59) Ttime: 5.0971 Vtime: 0.0211
Step: 31400  Loss: 0.027797 Regul: 0.007129 Obj: 0.034926 (0.034903) Rank: 59 (59) Ttime: 5.1425 Vtime: 0.0219
Step: 31500  Loss: 0.027932 Regul: 0.007111 Obj: 0.035043 (0.034903) Rank: 59 (59) Ttime: 5.2559 Vtime: 0.0209
Step: 31600  Loss: 0.027948 Regul: 0.007131 Obj: 0.035079 (0.034903) Rank: 59 (59) Ttime: 5.2679 Vtime: 0.0211
Step: 31700  Loss: 0.027947 Regul: 0.007148 Obj: 0.035096 (0.034903) Rank: 59 (59) Ttime: 5.3098 Vtime: 0.0209
Step: 31800  Loss: 0.027886 Regul: 0.007163 Obj: 0.035049 (0.034903) Rank: 59 (59) Ttime: 5.2714 Vtime: 0.0210
Step: 31900  Loss: 0.028067 Regul: 0.007158 Obj: 0.035225 (0.034903) Rank: 59 (59) Ttime: 5.2052 Vtime: 0.0214
Step: 32000  Loss: 0.028017 Regul: 0.007150 Obj: 0.035166 (0.034903) Rank: 59 (59) Ttime: 5.1858 Vtime: 0.0211
Step: 32100  Loss: 0.027976 Regul: 0.007150 Obj: 0.035126 (0.034903) Rank: 59 (59) Ttime: 5.1978 Vtime: 0.0212
Step: 32200  Loss: 0.027785 Regul: 0.007148 Obj: 0.034932 (0.034903) Rank: 59 (59) Ttime: 5.2114 Vtime: 0.0210
Step: 32300  Loss: 0.027780 Regul: 0.007157 Obj: 0.034937 (0.034903) Rank: 59 (59) Ttime: 5.2050 Vtime: 0.0205
Best: 32400  Loss: 0.027729 Regul: 0.007159 Obj: 0.034888 (0.034888) Rank: 59 (59) Ttime: 5.2689 Vtime: 0.0212
Stat: Dim [59] AUC: 0.992182 (0.992182) FPR95: 2.73 (2.73) [saved]
Step: 32500  Loss: 0.027831 Regul: 0.007150 Obj: 0.034981 (0.034888) Rank: 59 (59) Ttime: 5.0816 Vtime: 0.0208
Step: 32600  Loss: 0.027748 Regul: 0.007150 Obj: 0.034898 (0.034888) Rank: 59 (59) Ttime: 5.1499 Vtime: 0.0209
Step: 32700  Loss: 0.027872 Regul: 0.007150 Obj: 0.035022 (0.034888) Rank: 59 (59) Ttime: 5.1873 Vtime: 0.0206
Best: 32800  Loss: 0.027725 Regul: 0.007139 Obj: 0.034864 (0.034864) Rank: 59 (59) Ttime: 5.1591 Vtime: 0.0206
Stat: Dim [59] AUC: 0.992230 (0.992230) FPR95: 2.73 (2.73) [saved]
Step: 32900  Loss: 0.027832 Regul: 0.007129 Obj: 0.034961 (0.034864) Rank: 58 (59) Ttime: 5.3067 Vtime: 0.0217
Step: 33000  Loss: 0.027898 Regul: 0.007119 Obj: 0.035017 (0.034864) Rank: 58 (59) Ttime: 5.1895 Vtime: 0.0206
Step: 33100  Loss: 0.027956 Regul: 0.007132 Obj: 0.035088 (0.034864) Rank: 58 (59) Ttime: 5.1980 Vtime: 0.0212
Step: 33200  Loss: 0.027949 Regul: 0.007152 Obj: 0.035101 (0.034864) Rank: 58 (59) Ttime: 5.2117 Vtime: 0.0211
Step: 33300  Loss: 0.027995 Regul: 0.007152 Obj: 0.035147 (0.034864) Rank: 59 (59) Ttime: 5.2748 Vtime: 0.0214
Step: 33400  Loss: 0.028007 Regul: 0.007148 Obj: 0.035155 (0.034864) Rank: 59 (59) Ttime: 5.2381 Vtime: 0.0208
Step: 33500  Loss: 0.028064 Regul: 0.007151 Obj: 0.035215 (0.034864) Rank: 59 (59) Ttime: 5.1799 Vtime: 0.0212
Step: 33600  Loss: 0.028074 Regul: 0.007134 Obj: 0.035209 (0.034864) Rank: 59 (59) Ttime: 5.1958 Vtime: 0.0215
Step: 33700  Loss: 0.027812 Regul: 0.007134 Obj: 0.034946 (0.034864) Rank: 59 (59) Ttime: 5.2879 Vtime: 0.0209
Step: 33800  Loss: 0.027768 Regul: 0.007120 Obj: 0.034888 (0.034864) Rank: 59 (59) Ttime: 5.1399 Vtime: 0.0209
Best: 33900  Loss: 0.027662 Regul: 0.007154 Obj: 0.034816 (0.034816) Rank: 59 (59) Ttime: 5.1934 Vtime: 0.0209
Stat: Dim [59] AUC: 0.992238 (0.992238) FPR95: 2.66 (2.66) [saved]
Step: 34000  Loss: 0.027999 Regul: 0.007143 Obj: 0.035142 (0.034816) Rank: 59 (59) Ttime: 5.1698 Vtime: 0.0208
Step: 34100  Loss: 0.027847 Regul: 0.007140 Obj: 0.034987 (0.034816) Rank: 59 (59) Ttime: 5.2166 Vtime: 0.0210
Step: 34200  Loss: 0.027700 Regul: 0.007117 Obj: 0.034817 (0.034816) Rank: 59 (59) Ttime: 5.0648 Vtime: 0.0207
Best: 34300  Loss: 0.027565 Regul: 0.007140 Obj: 0.034706 (0.034706) Rank: 59 (59) Ttime: 5.1873 Vtime: 0.0208
Stat: Dim [59] AUC: 0.992255 (0.992238) FPR95: 2.78 (2.66)
Step: 34400  Loss: 0.027767 Regul: 0.007147 Obj: 0.034914 (0.034706) Rank: 59 (59) Ttime: 5.1592 Vtime: 0.0209
Step: 34500  Loss: 0.027978 Regul: 0.007157 Obj: 0.035135 (0.034706) Rank: 59 (59) Ttime: 5.1921 Vtime: 0.0215
Step: 34600  Loss: 0.027677 Regul: 0.007152 Obj: 0.034828 (0.034706) Rank: 59 (59) Ttime: 5.2004 Vtime: 0.0209
Step: 34700  Loss: 0.028191 Regul: 0.007137 Obj: 0.035328 (0.034706) Rank: 59 (59) Ttime: 5.1469 Vtime: 0.0211
Step: 34800  Loss: 0.027894 Regul: 0.007128 Obj: 0.035022 (0.034706) Rank: 59 (59) Ttime: 5.1199 Vtime: 0.0213
Step: 34900  Loss: 0.027771 Regul: 0.007132 Obj: 0.034903 (0.034706) Rank: 59 (59) Ttime: 5.1806 Vtime: 0.0211
Step: 35000  Loss: 0.027727 Regul: 0.007149 Obj: 0.034876 (0.034706) Rank: 59 (59) Ttime: 5.0944 Vtime: 0.0210
Step: 35100  Loss: 0.027638 Regul: 0.007141 Obj: 0.034778 (0.034706) Rank: 59 (59) Ttime: 5.0802 Vtime: 0.0213
Step: 35200  Loss: 0.027694 Regul: 0.007150 Obj: 0.034844 (0.034706) Rank: 59 (59) Ttime: 5.0602 Vtime: 0.0212
Step: 35300  Loss: 0.027654 Regul: 0.007132 Obj: 0.034786 (0.034706) Rank: 60 (59) Ttime: 5.0760 Vtime: 0.0218
Step: 35400  Loss: 0.027663 Regul: 0.007128 Obj: 0.034791 (0.034706) Rank: 59 (59) Ttime: 5.1554 Vtime: 0.0213
Step: 35500  Loss: 0.027900 Regul: 0.007130 Obj: 0.035030 (0.034706) Rank: 59 (59) Ttime: 5.1147 Vtime: 0.0212
Step: 35600  Loss: 0.028006 Regul: 0.007148 Obj: 0.035154 (0.034706) Rank: 59 (59) Ttime: 5.2148 Vtime: 0.0213
Step: 35700  Loss: 0.027690 Regul: 0.007139 Obj: 0.034829 (0.034706) Rank: 59 (59) Ttime: 5.1721 Vtime: 0.0210
Step: 35800  Loss: 0.028000 Regul: 0.007121 Obj: 0.035121 (0.034706) Rank: 59 (59) Ttime: 5.2337 Vtime: 0.0206
Step: 35900  Loss: 0.028060 Regul: 0.007118 Obj: 0.035179 (0.034706) Rank: 59 (59) Ttime: 5.1834 Vtime: 0.0205
Step: 36000  Loss: 0.027804 Regul: 0.007136 Obj: 0.034941 (0.034706) Rank: 59 (59) Ttime: 5.1944 Vtime: 0.0211
Step: 36100  Loss: 0.027984 Regul: 0.007137 Obj: 0.035121 (0.034706) Rank: 59 (59) Ttime: 5.2545 Vtime: 0.0212
Step: 36200  Loss: 0.027920 Regul: 0.007134 Obj: 0.035054 (0.034706) Rank: 59 (59) Ttime: 5.2136 Vtime: 0.0211
Step: 36300  Loss: 0.027724 Regul: 0.007153 Obj: 0.034878 (0.034706) Rank: 59 (59) Ttime: 5.2691 Vtime: 0.0209
Step: 36400  Loss: 0.028011 Regul: 0.007142 Obj: 0.035153 (0.034706) Rank: 59 (59) Ttime: 5.1759 Vtime: 0.0212
Step: 36500  Loss: 0.027750 Regul: 0.007177 Obj: 0.034927 (0.034706) Rank: 59 (59) Ttime: 5.1775 Vtime: 0.0212
Step: 36600  Loss: 0.027961 Regul: 0.007132 Obj: 0.035093 (0.034706) Rank: 59 (59) Ttime: 5.1725 Vtime: 0.0212
Step: 36700  Loss: 0.028010 Regul: 0.007139 Obj: 0.035149 (0.034706) Rank: 59 (59) Ttime: 5.1722 Vtime: 0.0230
Step: 36800  Loss: 0.027727 Regul: 0.007140 Obj: 0.034867 (0.034706) Rank: 59 (59) Ttime: 5.2437 Vtime: 0.0210
Step: 36900  Loss: 0.027764 Regul: 0.007141 Obj: 0.034905 (0.034706) Rank: 59 (59) Ttime: 5.1797 Vtime: 0.0212
Step: 37000  Loss: 0.027625 Regul: 0.007135 Obj: 0.034760 (0.034706) Rank: 59 (59) Ttime: 5.2181 Vtime: 0.0214
Step: 37100  Loss: 0.027785 Regul: 0.007125 Obj: 0.034910 (0.034706) Rank: 60 (59) Ttime: 5.1512 Vtime: 0.0214
Step: 37200  Loss: 0.027889 Regul: 0.007112 Obj: 0.035001 (0.034706) Rank: 60 (59) Ttime: 5.2131 Vtime: 0.0215
Step: 37300  Loss: 0.027767 Regul: 0.007135 Obj: 0.034902 (0.034706) Rank: 59 (59) Ttime: 5.2071 Vtime: 0.0221
Step: 37400  Loss: 0.027919 Regul: 0.007147 Obj: 0.035066 (0.034706) Rank: 60 (59) Ttime: 5.1639 Vtime: 0.0212
Step: 37500  Loss: 0.028113 Regul: 0.007143 Obj: 0.035257 (0.034706) Rank: 60 (59) Ttime: 5.1823 Vtime: 0.0211
Step: 37600  Loss: 0.027896 Regul: 0.007152 Obj: 0.035049 (0.034706) Rank: 60 (59) Ttime: 5.2682 Vtime: 0.0211
Step: 37700  Loss: 0.027925 Regul: 0.007143 Obj: 0.035068 (0.034706) Rank: 60 (59) Ttime: 5.2105 Vtime: 0.0208
Step: 37800  Loss: 0.027834 Regul: 0.007151 Obj: 0.034985 (0.034706) Rank: 60 (59) Ttime: 5.1416 Vtime: 0.0210
Step: 37900  Loss: 0.027881 Regul: 0.007156 Obj: 0.035036 (0.034706) Rank: 60 (59) Ttime: 5.2100 Vtime: 0.0207
Step: 38000  Loss: 0.027879 Regul: 0.007173 Obj: 0.035052 (0.034706) Rank: 60 (59) Ttime: 5.2060 Vtime: 0.0212
Step: 38100  Loss: 0.027807 Regul: 0.007155 Obj: 0.034962 (0.034706) Rank: 60 (59) Ttime: 5.1440 Vtime: 0.0210
Step: 38200  Loss: 0.027869 Regul: 0.007159 Obj: 0.035028 (0.034706) Rank: 60 (59) Ttime: 5.1720 Vtime: 0.0206
Step: 38300  Loss: 0.027739 Regul: 0.007136 Obj: 0.034875 (0.034706) Rank: 60 (59) Ttime: 5.2343 Vtime: 0.0210
Step: 38400  Loss: 0.027728 Regul: 0.007135 Obj: 0.034863 (0.034706) Rank: 60 (59) Ttime: 5.1539 Vtime: 0.0207
Step: 38500  Loss: 0.027862 Regul: 0.007133 Obj: 0.034995 (0.034706) Rank: 60 (59) Ttime: 5.1037 Vtime: 0.0209
Step: 38600  Loss: 0.027881 Regul: 0.007134 Obj: 0.035015 (0.034706) Rank: 60 (59) Ttime: 5.0733 Vtime: 0.0205
Step: 38700  Loss: 0.027794 Regul: 0.007124 Obj: 0.034918 (0.034706) Rank: 60 (59) Ttime: 5.0841 Vtime: 0.0209
Step: 38800  Loss: 0.027814 Regul: 0.007132 Obj: 0.034946 (0.034706) Rank: 60 (59) Ttime: 5.0846 Vtime: 0.0206
Step: 38900  Loss: 0.027832 Regul: 0.007128 Obj: 0.034960 (0.034706) Rank: 60 (59) Ttime: 5.1094 Vtime: 0.0210
Step: 39000  Loss: 0.028028 Regul: 0.007112 Obj: 0.035140 (0.034706) Rank: 60 (59) Ttime: 5.1359 Vtime: 0.0209
Step: 39100  Loss: 0.027974 Regul: 0.007118 Obj: 0.035092 (0.034706) Rank: 60 (59) Ttime: 5.2557 Vtime: 0.0218
Step: 39200  Loss: 0.027962 Regul: 0.007116 Obj: 0.035078 (0.034706) Rank: 60 (59) Ttime: 5.1734 Vtime: 0.0216
Step: 39300  Loss: 0.027981 Regul: 0.007151 Obj: 0.035132 (0.034706) Rank: 60 (59) Ttime: 5.1659 Vtime: 0.0211
Step: 39400  Loss: 0.027761 Regul: 0.007151 Obj: 0.034912 (0.034706) Rank: 60 (59) Ttime: 5.2003 Vtime: 0.0205
Step: 39500  Loss: 0.027642 Regul: 0.007154 Obj: 0.034796 (0.034706) Rank: 60 (59) Ttime: 5.1884 Vtime: 0.0213
Step: 39600  Loss: 0.027713 Regul: 0.007142 Obj: 0.034855 (0.034706) Rank: 60 (59) Ttime: 5.2371 Vtime: 0.0208
Step: 39700  Loss: 0.027595 Regul: 0.007138 Obj: 0.034734 (0.034706) Rank: 60 (59) Ttime: 5.0902 Vtime: 0.0208
Step: 39800  Loss: 0.027570 Regul: 0.007157 Obj: 0.034727 (0.034706) Rank: 60 (59) Ttime: 5.1097 Vtime: 0.0213
Step: 39900  Loss: 0.027766 Regul: 0.007177 Obj: 0.034942 (0.034706) Rank: 60 (59) Ttime: 5.2134 Vtime: 0.0210
Step: 40000  Loss: 0.027815 Regul: 0.007167 Obj: 0.034982 (0.034706) Rank: 60 (59) Ttime: 5.0870 Vtime: 0.0217
Step: 40100  Loss: 0.027683 Regul: 0.007165 Obj: 0.034847 (0.034706) Rank: 61 (59) Ttime: 5.0869 Vtime: 0.0213
Step: 40200  Loss: 0.027546 Regul: 0.007173 Obj: 0.034719 (0.034706) Rank: 60 (59) Ttime: 5.0501 Vtime: 0.0212
Step: 40300  Loss: 0.027656 Regul: 0.007171 Obj: 0.034827 (0.034706) Rank: 60 (59) Ttime: 5.1081 Vtime: 0.0213
Step: 40400  Loss: 0.027705 Regul: 0.007135 Obj: 0.034840 (0.034706) Rank: 60 (59) Ttime: 5.1872 Vtime: 0.0216
Step: 40500  Loss: 0.027764 Regul: 0.007135 Obj: 0.034899 (0.034706) Rank: 60 (59) Ttime: 5.1529 Vtime: 0.0208
Step: 40600  Loss: 0.027720 Regul: 0.007149 Obj: 0.034868 (0.034706) Rank: 60 (59) Ttime: 5.2663 Vtime: 0.0209
Step: 40700  Loss: 0.027903 Regul: 0.007130 Obj: 0.035033 (0.034706) Rank: 59 (59) Ttime: 5.1904 Vtime: 0.0216
Step: 40800  Loss: 0.027779 Regul: 0.007154 Obj: 0.034933 (0.034706) Rank: 60 (59) Ttime: 5.1614 Vtime: 0.0214
Step: 40900  Loss: 0.027806 Regul: 0.007143 Obj: 0.034949 (0.034706) Rank: 60 (59) Ttime: 5.1216 Vtime: 0.0208
Step: 41000  Loss: 0.027745 Regul: 0.007154 Obj: 0.034899 (0.034706) Rank: 60 (59) Ttime: 5.1679 Vtime: 0.0206
Step: 41100  Loss: 0.027556 Regul: 0.007166 Obj: 0.034722 (0.034706) Rank: 60 (59) Ttime: 5.1828 Vtime: 0.0205
Step: 41200  Loss: 0.027781 Regul: 0.007169 Obj: 0.034950 (0.034706) Rank: 60 (59) Ttime: 5.2239 Vtime: 0.0214
Step: 41300  Loss: 0.027711 Regul: 0.007178 Obj: 0.034889 (0.034706) Rank: 59 (59) Ttime: 5.1365 Vtime: 0.0215
Step: 41400  Loss: 0.027740 Regul: 0.007171 Obj: 0.034911 (0.034706) Rank: 59 (59) Ttime: 5.2008 Vtime: 0.0215
Step: 41500  Loss: 0.027652 Regul: 0.007146 Obj: 0.034797 (0.034706) Rank: 59 (59) Ttime: 5.1607 Vtime: 0.0210
Step: 41600  Loss: 0.027748 Regul: 0.007144 Obj: 0.034892 (0.034706) Rank: 59 (59) Ttime: 5.1801 Vtime: 0.0210
Step: 41700  Loss: 0.027830 Regul: 0.007139 Obj: 0.034969 (0.034706) Rank: 59 (59) Ttime: 5.1676 Vtime: 0.0208
Step: 41800  Loss: 0.027829 Regul: 0.007145 Obj: 0.034975 (0.034706) Rank: 60 (59) Ttime: 5.1741 Vtime: 0.0216
Step: 41900  Loss: 0.027781 Regul: 0.007150 Obj: 0.034932 (0.034706) Rank: 59 (59) Ttime: 5.1313 Vtime: 0.0217
Best: 42000  Loss: 0.027500 Regul: 0.007162 Obj: 0.034662 (0.034662) Rank: 59 (59) Ttime: 5.0940 Vtime: 0.0209
Stat: Dim [59] AUC: 0.992345 (0.992238) FPR95: 2.69 (2.66)
Step: 42100  Loss: 0.027559 Regul: 0.007161 Obj: 0.034720 (0.034662) Rank: 59 (59) Ttime: 5.1097 Vtime: 0.0218
Step: 42200  Loss: 0.027561 Regul: 0.007146 Obj: 0.034707 (0.034662) Rank: 59 (59) Ttime: 5.1077 Vtime: 0.0217
Step: 42300  Loss: 0.027586 Regul: 0.007164 Obj: 0.034750 (0.034662) Rank: 59 (59) Ttime: 5.0688 Vtime: 0.0211
Step: 42400  Loss: 0.027596 Regul: 0.007156 Obj: 0.034752 (0.034662) Rank: 60 (59) Ttime: 5.1192 Vtime: 0.0211
Step: 42500  Loss: 0.027632 Regul: 0.007155 Obj: 0.034787 (0.034662) Rank: 59 (59) Ttime: 5.0788 Vtime: 0.0216
Step: 42600  Loss: 0.027767 Regul: 0.007137 Obj: 0.034904 (0.034662) Rank: 59 (59) Ttime: 5.0747 Vtime: 0.0206
Step: 42700  Loss: 0.027605 Regul: 0.007146 Obj: 0.034751 (0.034662) Rank: 60 (59) Ttime: 5.0904 Vtime: 0.0216
Step: 42800  Loss: 0.027623 Regul: 0.007111 Obj: 0.034733 (0.034662) Rank: 60 (59) Ttime: 5.0667 Vtime: 0.0213
Step: 42900  Loss: 0.027765 Regul: 0.007121 Obj: 0.034886 (0.034662) Rank: 59 (59) Ttime: 5.0818 Vtime: 0.0211
Step: 43000  Loss: 0.027918 Regul: 0.007106 Obj: 0.035024 (0.034662) Rank: 59 (59) Ttime: 5.1984 Vtime: 0.0207
Step: 43100  Loss: 0.027859 Regul: 0.007096 Obj: 0.034955 (0.034662) Rank: 59 (59) Ttime: 5.1348 Vtime: 0.0211
Step: 43200  Loss: 0.027706 Regul: 0.007132 Obj: 0.034838 (0.034662) Rank: 59 (59) Ttime: 5.1132 Vtime: 0.0214
Step: 43300  Loss: 0.027553 Regul: 0.007151 Obj: 0.034704 (0.034662) Rank: 60 (59) Ttime: 5.1153 Vtime: 0.0212
Step: 43400  Loss: 0.027784 Regul: 0.007120 Obj: 0.034903 (0.034662) Rank: 60 (59) Ttime: 5.1050 Vtime: 0.0207
Step: 43500  Loss: 0.027727 Regul: 0.007131 Obj: 0.034858 (0.034662) Rank: 60 (59) Ttime: 5.1242 Vtime: 0.0213
Step: 43600  Loss: 0.027783 Regul: 0.007114 Obj: 0.034898 (0.034662) Rank: 60 (59) Ttime: 5.0999 Vtime: 0.0209
Step: 43700  Loss: 0.027650 Regul: 0.007125 Obj: 0.034775 (0.034662) Rank: 60 (59) Ttime: 5.1015 Vtime: 0.0213
Step: 43800  Loss: 0.027922 Regul: 0.007104 Obj: 0.035026 (0.034662) Rank: 60 (59) Ttime: 5.0706 Vtime: 0.0210
Step: 43900  Loss: 0.027836 Regul: 0.007114 Obj: 0.034951 (0.034662) Rank: 59 (59) Ttime: 5.1504 Vtime: 0.0217
Step: 44000  Loss: 0.027800 Regul: 0.007131 Obj: 0.034930 (0.034662) Rank: 60 (59) Ttime: 5.1462 Vtime: 0.0218
Step: 44100  Loss: 0.027728 Regul: 0.007157 Obj: 0.034885 (0.034662) Rank: 60 (59) Ttime: 5.1062 Vtime: 0.0212
Step: 44200  Loss: 0.027813 Regul: 0.007155 Obj: 0.034968 (0.034662) Rank: 60 (59) Ttime: 5.1457 Vtime: 0.0208
Step: 44300  Loss: 0.027636 Regul: 0.007172 Obj: 0.034808 (0.034662) Rank: 60 (59) Ttime: 5.2175 Vtime: 0.0208
Step: 44400  Loss: 0.027617 Regul: 0.007166 Obj: 0.034783 (0.034662) Rank: 60 (59) Ttime: 5.0542 Vtime: 0.0215
Step: 44500  Loss: 0.027652 Regul: 0.007163 Obj: 0.034815 (0.034662) Rank: 60 (59) Ttime: 5.1342 Vtime: 0.0209
Step: 44600  Loss: 0.027776 Regul: 0.007157 Obj: 0.034933 (0.034662) Rank: 60 (59) Ttime: 5.1409 Vtime: 0.0210
Step: 44700  Loss: 0.027741 Regul: 0.007136 Obj: 0.034877 (0.034662) Rank: 60 (59) Ttime: 5.0751 Vtime: 0.0208
Step: 44800  Loss: 0.027843 Regul: 0.007157 Obj: 0.035000 (0.034662) Rank: 59 (59) Ttime: 5.1064 Vtime: 0.0215
Step: 44900  Loss: 0.027662 Regul: 0.007188 Obj: 0.034851 (0.034662) Rank: 59 (59) Ttime: 5.2155 Vtime: 0.0210
Step: 45000  Loss: 0.027789 Regul: 0.007163 Obj: 0.034952 (0.034662) Rank: 60 (59) Ttime: 5.1896 Vtime: 0.0214
Step: 45100  Loss: 0.027788 Regul: 0.007152 Obj: 0.034940 (0.034662) Rank: 60 (59) Ttime: 5.0469 Vtime: 0.0216
Step: 45200  Loss: 0.027823 Regul: 0.007162 Obj: 0.034986 (0.034662) Rank: 61 (59) Ttime: 5.1524 Vtime: 0.0214
Step: 45300  Loss: 0.027737 Regul: 0.007164 Obj: 0.034901 (0.034662) Rank: 60 (59) Ttime: 5.1091 Vtime: 0.0212
Step: 45400  Loss: 0.027675 Regul: 0.007165 Obj: 0.034841 (0.034662) Rank: 60 (59) Ttime: 5.0641 Vtime: 0.0206
Step: 45500  Loss: 0.027704 Regul: 0.007161 Obj: 0.034865 (0.034662) Rank: 59 (59) Ttime: 5.0799 Vtime: 0.0218
Step: 45600  Loss: 0.027792 Regul: 0.007155 Obj: 0.034947 (0.034662) Rank: 59 (59) Ttime: 5.0163 Vtime: 0.0210
Step: 45700  Loss: 0.027603 Regul: 0.007146 Obj: 0.034749 (0.034662) Rank: 59 (59) Ttime: 5.0922 Vtime: 0.0208
Step: 45800  Loss: 0.027721 Regul: 0.007152 Obj: 0.034873 (0.034662) Rank: 60 (59) Ttime: 5.1509 Vtime: 0.0216
Step: 45900  Loss: 0.027699 Regul: 0.007146 Obj: 0.034845 (0.034662) Rank: 60 (59) Ttime: 5.1689 Vtime: 0.0209
Step: 46000  Loss: 0.027624 Regul: 0.007137 Obj: 0.034761 (0.034662) Rank: 60 (59) Ttime: 5.1194 Vtime: 0.0207
Step: 46100  Loss: 0.027737 Regul: 0.007155 Obj: 0.034892 (0.034662) Rank: 60 (59) Ttime: 5.1294 Vtime: 0.0209
Step: 46200  Loss: 0.027691 Regul: 0.007154 Obj: 0.034845 (0.034662) Rank: 60 (59) Ttime: 5.1154 Vtime: 0.0209
Step: 46300  Loss: 0.027677 Regul: 0.007175 Obj: 0.034852 (0.034662) Rank: 59 (59) Ttime: 5.1811 Vtime: 0.0214
Step: 46400  Loss: 0.027610 Regul: 0.007175 Obj: 0.034785 (0.034662) Rank: 60 (59) Ttime: 5.1577 Vtime: 0.0217
Step: 46500  Loss: 0.027545 Regul: 0.007153 Obj: 0.034698 (0.034662) Rank: 60 (59) Ttime: 5.1120 Vtime: 0.0211
Step: 46600  Loss: 0.027619 Regul: 0.007146 Obj: 0.034765 (0.034662) Rank: 60 (59) Ttime: 5.1798 Vtime: 0.0211
Step: 46700  Loss: 0.027688 Regul: 0.007120 Obj: 0.034808 (0.034662) Rank: 59 (59) Ttime: 5.0574 Vtime: 0.0214
Step: 46800  Loss: 0.027797 Regul: 0.007100 Obj: 0.034897 (0.034662) Rank: 60 (59) Ttime: 5.0522 Vtime: 0.0212
Step: 46900  Loss: 0.027857 Regul: 0.007104 Obj: 0.034961 (0.034662) Rank: 59 (59) Ttime: 5.1261 Vtime: 0.0217
Step: 47000  Loss: 0.027862 Regul: 0.007104 Obj: 0.034966 (0.034662) Rank: 60 (59) Ttime: 5.1247 Vtime: 0.0213
Step: 47100  Loss: 0.027939 Regul: 0.007113 Obj: 0.035052 (0.034662) Rank: 60 (59) Ttime: 5.1401 Vtime: 0.0209
Step: 47200  Loss: 0.028040 Regul: 0.007109 Obj: 0.035149 (0.034662) Rank: 60 (59) Ttime: 5.1227 Vtime: 0.0208
Step: 47300  Loss: 0.027877 Regul: 0.007099 Obj: 0.034976 (0.034662) Rank: 60 (59) Ttime: 5.1308 Vtime: 0.0212
Step: 47400  Loss: 0.027925 Regul: 0.007112 Obj: 0.035037 (0.034662) Rank: 60 (59) Ttime: 5.1612 Vtime: 0.0210
Step: 47500  Loss: 0.027821 Regul: 0.007107 Obj: 0.034928 (0.034662) Rank: 60 (59) Ttime: 5.1437 Vtime: 0.0209
Step: 47600  Loss: 0.027760 Regul: 0.007110 Obj: 0.034869 (0.034662) Rank: 60 (59) Ttime: 5.1881 Vtime: 0.0206
Step: 47700  Loss: 0.027927 Regul: 0.007112 Obj: 0.035039 (0.034662) Rank: 60 (59) Ttime: 5.1897 Vtime: 0.0209
Step: 47800  Loss: 0.028013 Regul: 0.007125 Obj: 0.035138 (0.034662) Rank: 60 (59) Ttime: 5.1426 Vtime: 0.0214
Step: 47900  Loss: 0.027950 Regul: 0.007134 Obj: 0.035084 (0.034662) Rank: 60 (59) Ttime: 5.1010 Vtime: 0.0214
Step: 48000  Loss: 0.028007 Regul: 0.007103 Obj: 0.035109 (0.034662) Rank: 60 (59) Ttime: 5.1383 Vtime: 0.0211
Step: 48100  Loss: 0.028097 Regul: 0.007096 Obj: 0.035194 (0.034662) Rank: 60 (59) Ttime: 5.2695 Vtime: 0.0207
Step: 48200  Loss: 0.028028 Regul: 0.007104 Obj: 0.035132 (0.034662) Rank: 60 (59) Ttime: 5.1242 Vtime: 0.0217
Step: 48300  Loss: 0.028100 Regul: 0.007089 Obj: 0.035190 (0.034662) Rank: 61 (59) Ttime: 5.2772 Vtime: 0.0215
Step: 48400  Loss: 0.028117 Regul: 0.007095 Obj: 0.035211 (0.034662) Rank: 60 (59) Ttime: 5.2718 Vtime: 0.0215
Step: 48500  Loss: 0.027924 Regul: 0.007086 Obj: 0.035011 (0.034662) Rank: 61 (59) Ttime: 5.1839 Vtime: 0.0212
Step: 48600  Loss: 0.027902 Regul: 0.007088 Obj: 0.034990 (0.034662) Rank: 61 (59) Ttime: 5.1847 Vtime: 0.0209
Step: 48700  Loss: 0.027721 Regul: 0.007113 Obj: 0.034834 (0.034662) Rank: 60 (59) Ttime: 5.1662 Vtime: 0.0216
Step: 48800  Loss: 0.027995 Regul: 0.007110 Obj: 0.035105 (0.034662) Rank: 60 (59) Ttime: 5.0922 Vtime: 0.0208
Step: 48900  Loss: 0.028161 Regul: 0.007101 Obj: 0.035263 (0.034662) Rank: 61 (59) Ttime: 5.1917 Vtime: 0.0216
Step: 49000  Loss: 0.027839 Regul: 0.007098 Obj: 0.034937 (0.034662) Rank: 61 (59) Ttime: 5.1870 Vtime: 0.0215
Step: 49100  Loss: 0.027939 Regul: 0.007090 Obj: 0.035029 (0.034662) Rank: 61 (59) Ttime: 5.1456 Vtime: 0.0207
Step: 49200  Loss: 0.027999 Regul: 0.007101 Obj: 0.035100 (0.034662) Rank: 61 (59) Ttime: 5.2217 Vtime: 0.0207
Step: 49300  Loss: 0.027941 Regul: 0.007105 Obj: 0.035046 (0.034662) Rank: 60 (59) Ttime: 5.1482 Vtime: 0.0219
Step: 49400  Loss: 0.027806 Regul: 0.007117 Obj: 0.034923 (0.034662) Rank: 60 (59) Ttime: 5.1132 Vtime: 0.0216
Step: 49500  Loss: 0.027806 Regul: 0.007090 Obj: 0.034896 (0.034662) Rank: 60 (59) Ttime: 5.0189 Vtime: 0.0213
Step: 49600  Loss: 0.027804 Regul: 0.007089 Obj: 0.034894 (0.034662) Rank: 60 (59) Ttime: 5.0425 Vtime: 0.0209
Step: 49700  Loss: 0.027725 Regul: 0.007099 Obj: 0.034824 (0.034662) Rank: 61 (59) Ttime: 5.1259 Vtime: 0.0216
Step: 49800  Loss: 0.027613 Regul: 0.007108 Obj: 0.034720 (0.034662) Rank: 60 (59) Ttime: 5.0374 Vtime: 0.0216
Step: 49900  Loss: 0.027685 Regul: 0.007113 Obj: 0.034798 (0.034662) Rank: 60 (59) Ttime: 5.2233 Vtime: 0.0209
Step: 50000  Loss: 0.027599 Regul: 0.007120 Obj: 0.034719 (0.034662) Rank: 61 (59) Ttime: 5.0732 Vtime: 0.0216
