mu: 0.0005 gamma: 0.2 maxdim: 80 nIters: 50000
Load Labels: 500000
Load Distances: 500000 x 480
0...10...20...30...40...50...60...70...80...90...100 - done.
Positive samples #250000
Negative samples #250000
Positive train #200000
Negative train #200000
Positive valid #50000
Negative valid #50000

Found GPU: GeForce GTX 970
Compute Capability: 5.2

Best: 100  Loss: 0.221944 Regul: 0.022414 Obj: 0.244358 (0.244358) Rank: 156 (156) Ttime: 5.8699 Vtime: 0.1046
Stat: Dim [156] AUC: 0.984508 (0.984508) FPR95: 7.27 (7.27) [saved]
Best: 200  Loss: 0.104618 Regul: 0.014379 Obj: 0.118997 (0.118997) Rank: 127 (127) Ttime: 5.6530 Vtime: 0.0401
Stat: Dim [127] AUC: 0.986241 (0.986241) FPR95: 6.09 (6.09) [saved]
Best: 300  Loss: 0.070611 Regul: 0.010785 Obj: 0.081396 (0.081396) Rank: 111 (111) Ttime: 5.6359 Vtime: 0.0352
Stat: Dim [111] AUC: 0.987474 (0.987474) FPR95: 5.39 (5.39) [saved]
Best: 400  Loss: 0.053460 Regul: 0.008725 Obj: 0.062185 (0.062185) Rank: 102 (102) Ttime: 5.6054 Vtime: 0.0356
Stat: Dim [102] AUC: 0.988307 (0.988307) FPR95: 4.77 (4.77) [saved]
Best: 500  Loss: 0.043025 Regul: 0.007395 Obj: 0.050420 (0.050420) Rank: 95 (95) Ttime: 5.6631 Vtime: 0.0313
Stat: Dim [95] AUC: 0.989098 (0.989098) FPR95: 4.45 (4.45) [saved]
Best: 600  Loss: 0.039369 Regul: 0.006579 Obj: 0.045948 (0.045948) Rank: 91 (91) Ttime: 5.6534 Vtime: 0.0311
Stat: Dim [91] AUC: 0.989342 (0.989342) FPR95: 4.27 (4.27) [saved]
Best: 700  Loss: 0.036448 Regul: 0.006030 Obj: 0.042478 (0.042478) Rank: 89 (89) Ttime: 5.7085 Vtime: 0.0318
Stat: Dim [89] AUC: 0.989595 (0.989595) FPR95: 4.10 (4.10) [saved]
Best: 800  Loss: 0.034355 Regul: 0.005604 Obj: 0.039959 (0.039959) Rank: 86 (86) Ttime: 5.6463 Vtime: 0.0311
Stat: Dim [86] AUC: 0.989979 (0.989979) FPR95: 3.93 (3.93) [saved]
Best: 900  Loss: 0.033567 Regul: 0.005295 Obj: 0.038862 (0.038862) Rank: 84 (84) Ttime: 5.6012 Vtime: 0.0312
Stat: Dim [84] AUC: 0.990116 (0.990116) FPR95: 3.85 (3.85) [saved]
Best: 1000  Loss: 0.032376 Regul: 0.005126 Obj: 0.037501 (0.037501) Rank: 82 (82) Ttime: 5.6960 Vtime: 0.0320
Stat: Dim [82] AUC: 0.990531 (0.990531) FPR95: 3.66 (3.66) [saved]
Best: 1100  Loss: 0.031999 Regul: 0.004976 Obj: 0.036975 (0.036975) Rank: 80 (80) Ttime: 5.5866 Vtime: 0.0269
Stat: Dim [80] AUC: 0.990553 (0.990553) FPR95: 3.59 (3.59) [saved]
Best: 1200  Loss: 0.031455 Regul: 0.004849 Obj: 0.036304 (0.036304) Rank: 79 (79) Ttime: 5.5800 Vtime: 0.0273
Stat: Dim [79] AUC: 0.990726 (0.990726) FPR95: 3.55 (3.55) [saved]
Best: 1300  Loss: 0.030915 Regul: 0.004787 Obj: 0.035702 (0.035702) Rank: 79 (79) Ttime: 5.6157 Vtime: 0.0267
Stat: Dim [79] AUC: 0.990781 (0.990781) FPR95: 3.55 (3.55) [saved]
Best: 1400  Loss: 0.030845 Regul: 0.004749 Obj: 0.035594 (0.035594) Rank: 79 (79) Ttime: 5.6687 Vtime: 0.0263
Stat: Dim [79] AUC: 0.990872 (0.990872) FPR95: 3.55 (3.55) [saved]
Best: 1500  Loss: 0.030550 Regul: 0.004713 Obj: 0.035263 (0.035263) Rank: 78 (78) Ttime: 5.5816 Vtime: 0.0273
Stat: Dim [78] AUC: 0.990941 (0.990941) FPR95: 3.44 (3.44) [saved]
Best: 1600  Loss: 0.030162 Regul: 0.004702 Obj: 0.034864 (0.034864) Rank: 78 (78) Ttime: 5.5656 Vtime: 0.0266
Stat: Dim [78] AUC: 0.991063 (0.991063) FPR95: 3.44 (3.44) [saved]
Best: 1700  Loss: 0.029958 Regul: 0.004701 Obj: 0.034659 (0.034659) Rank: 79 (79) Ttime: 5.5863 Vtime: 0.0270
Stat: Dim [79] AUC: 0.991227 (0.991227) FPR95: 3.26 (3.26) [saved]
Best: 1800  Loss: 0.029814 Regul: 0.004691 Obj: 0.034505 (0.034505) Rank: 79 (79) Ttime: 5.5748 Vtime: 0.0259
Stat: Dim [79] AUC: 0.991241 (0.991227) FPR95: 3.30 (3.26)
Best: 1900  Loss: 0.029533 Regul: 0.004672 Obj: 0.034205 (0.034205) Rank: 78 (78) Ttime: 5.4901 Vtime: 0.0270
Stat: Dim [78] AUC: 0.991309 (0.991227) FPR95: 3.36 (3.26)
Step: 2000  Loss: 0.029552 Regul: 0.004655 Obj: 0.034207 (0.034205) Rank: 78 (78) Ttime: 5.4847 Vtime: 0.0264
Best: 2100  Loss: 0.029396 Regul: 0.004694 Obj: 0.034090 (0.034090) Rank: 78 (78) Ttime: 5.4668 Vtime: 0.0265
Stat: Dim [78] AUC: 0.991446 (0.991446) FPR95: 3.18 (3.18) [saved]
Step: 2200  Loss: 0.029528 Regul: 0.004675 Obj: 0.034202 (0.034090) Rank: 78 (78) Ttime: 5.4803 Vtime: 0.0266
Step: 2300  Loss: 0.029906 Regul: 0.004659 Obj: 0.034565 (0.034090) Rank: 77 (78) Ttime: 5.4401 Vtime: 0.0274
Step: 2400  Loss: 0.029677 Regul: 0.004641 Obj: 0.034318 (0.034090) Rank: 77 (78) Ttime: 5.5421 Vtime: 0.0270
Best: 2500  Loss: 0.029138 Regul: 0.004624 Obj: 0.033763 (0.033763) Rank: 77 (77) Ttime: 5.5206 Vtime: 0.0273
Stat: Dim [77] AUC: 0.991673 (0.991673) FPR95: 2.96 (2.96) [saved]
Best: 2600  Loss: 0.028818 Regul: 0.004641 Obj: 0.033459 (0.033459) Rank: 77 (77) Ttime: 5.4376 Vtime: 0.0261
Stat: Dim [77] AUC: 0.991756 (0.991756) FPR95: 2.93 (2.93) [saved]
Step: 2700  Loss: 0.028901 Regul: 0.004638 Obj: 0.033539 (0.033459) Rank: 76 (77) Ttime: 5.4674 Vtime: 0.0270
Best: 2800  Loss: 0.028625 Regul: 0.004630 Obj: 0.033256 (0.033256) Rank: 76 (76) Ttime: 5.4647 Vtime: 0.0265
Stat: Dim [76] AUC: 0.991825 (0.991756) FPR95: 2.95 (2.93)
Best: 2900  Loss: 0.028432 Regul: 0.004637 Obj: 0.033068 (0.033068) Rank: 76 (76) Ttime: 5.5866 Vtime: 0.0265
Stat: Dim [76] AUC: 0.991883 (0.991756) FPR95: 2.97 (2.93)
Step: 3000  Loss: 0.028668 Regul: 0.004628 Obj: 0.033296 (0.033068) Rank: 76 (76) Ttime: 5.4870 Vtime: 0.0268
Step: 3100  Loss: 0.028867 Regul: 0.004630 Obj: 0.033497 (0.033068) Rank: 76 (76) Ttime: 5.4784 Vtime: 0.0267
Step: 3200  Loss: 0.028846 Regul: 0.004634 Obj: 0.033480 (0.033068) Rank: 76 (76) Ttime: 5.4635 Vtime: 0.0269
Step: 3300  Loss: 0.028708 Regul: 0.004642 Obj: 0.033351 (0.033068) Rank: 76 (76) Ttime: 5.4650 Vtime: 0.0270
Best: 3400  Loss: 0.028339 Regul: 0.004647 Obj: 0.032986 (0.032986) Rank: 77 (77) Ttime: 5.5074 Vtime: 0.0275
Stat: Dim [77] AUC: 0.991984 (0.991984) FPR95: 2.87 (2.87) [saved]
Step: 3500  Loss: 0.028693 Regul: 0.004658 Obj: 0.033351 (0.032986) Rank: 77 (77) Ttime: 5.2996 Vtime: 0.0266
Step: 3600  Loss: 0.028532 Regul: 0.004664 Obj: 0.033196 (0.032986) Rank: 77 (77) Ttime: 5.2685 Vtime: 0.0262
Step: 3700  Loss: 0.028398 Regul: 0.004676 Obj: 0.033075 (0.032986) Rank: 77 (77) Ttime: 5.4028 Vtime: 0.0261
Step: 3800  Loss: 0.028406 Regul: 0.004687 Obj: 0.033093 (0.032986) Rank: 77 (77) Ttime: 5.4007 Vtime: 0.0269
Step: 3900  Loss: 0.028500 Regul: 0.004677 Obj: 0.033177 (0.032986) Rank: 77 (77) Ttime: 5.3693 Vtime: 0.0261
Step: 4000  Loss: 0.028430 Regul: 0.004684 Obj: 0.033114 (0.032986) Rank: 77 (77) Ttime: 5.3578 Vtime: 0.0270
Step: 4100  Loss: 0.028525 Regul: 0.004672 Obj: 0.033197 (0.032986) Rank: 77 (77) Ttime: 5.2825 Vtime: 0.0269
Best: 4200  Loss: 0.028085 Regul: 0.004670 Obj: 0.032755 (0.032755) Rank: 76 (76) Ttime: 5.3770 Vtime: 0.0273
Stat: Dim [76] AUC: 0.992205 (0.991984) FPR95: 2.87 (2.87)
Step: 4300  Loss: 0.028203 Regul: 0.004677 Obj: 0.032879 (0.032755) Rank: 76 (76) Ttime: 5.3747 Vtime: 0.0260
Best: 4400  Loss: 0.028071 Regul: 0.004672 Obj: 0.032743 (0.032743) Rank: 76 (76) Ttime: 5.3915 Vtime: 0.0262
Stat: Dim [76] AUC: 0.992228 (0.992228) FPR95: 2.84 (2.84) [saved]
Best: 4500  Loss: 0.027997 Regul: 0.004677 Obj: 0.032674 (0.032674) Rank: 76 (76) Ttime: 5.3272 Vtime: 0.0268
Stat: Dim [76] AUC: 0.992233 (0.992233) FPR95: 2.82 (2.82) [saved]
Best: 4600  Loss: 0.027885 Regul: 0.004680 Obj: 0.032565 (0.032565) Rank: 76 (76) Ttime: 5.3537 Vtime: 0.0265
Stat: Dim [76] AUC: 0.992299 (0.992299) FPR95: 2.77 (2.77) [saved]
Step: 4700  Loss: 0.028218 Regul: 0.004690 Obj: 0.032908 (0.032565) Rank: 77 (76) Ttime: 5.2537 Vtime: 0.0266
Step: 4800  Loss: 0.028065 Regul: 0.004707 Obj: 0.032772 (0.032565) Rank: 77 (76) Ttime: 5.2379 Vtime: 0.0263
Best: 4900  Loss: 0.027724 Regul: 0.004711 Obj: 0.032435 (0.032435) Rank: 77 (77) Ttime: 5.2941 Vtime: 0.0271
Stat: Dim [77] AUC: 0.992338 (0.992299) FPR95: 2.78 (2.77)
Step: 5000  Loss: 0.027835 Regul: 0.004706 Obj: 0.032541 (0.032435) Rank: 77 (77) Ttime: 5.3112 Vtime: 0.0269
Best: 5100  Loss: 0.027617 Regul: 0.004717 Obj: 0.032335 (0.032335) Rank: 76 (76) Ttime: 5.3707 Vtime: 0.0270
Stat: Dim [76] AUC: 0.992370 (0.992370) FPR95: 2.76 (2.76) [saved]
Step: 5200  Loss: 0.027820 Regul: 0.004712 Obj: 0.032533 (0.032335) Rank: 76 (76) Ttime: 5.4635 Vtime: 0.0261
Step: 5300  Loss: 0.027650 Regul: 0.004715 Obj: 0.032365 (0.032335) Rank: 76 (76) Ttime: 5.3950 Vtime: 0.0267
Step: 5400  Loss: 0.027729 Regul: 0.004727 Obj: 0.032456 (0.032335) Rank: 76 (76) Ttime: 5.2063 Vtime: 0.0268
Step: 5500  Loss: 0.027653 Regul: 0.004734 Obj: 0.032387 (0.032335) Rank: 76 (76) Ttime: 5.3396 Vtime: 0.0270
Step: 5600  Loss: 0.027795 Regul: 0.004737 Obj: 0.032532 (0.032335) Rank: 76 (76) Ttime: 5.2472 Vtime: 0.0265
Step: 5700  Loss: 0.027706 Regul: 0.004741 Obj: 0.032446 (0.032335) Rank: 76 (76) Ttime: 5.2499 Vtime: 0.0269
Best: 5800  Loss: 0.027533 Regul: 0.004744 Obj: 0.032277 (0.032277) Rank: 76 (76) Ttime: 5.2871 Vtime: 0.0269
Stat: Dim [76] AUC: 0.992459 (0.992459) FPR95: 2.74 (2.74) [saved]
Step: 5900  Loss: 0.027580 Regul: 0.004753 Obj: 0.032333 (0.032277) Rank: 76 (76) Ttime: 5.3736 Vtime: 0.0268
Best: 6000  Loss: 0.027477 Regul: 0.004766 Obj: 0.032243 (0.032243) Rank: 76 (76) Ttime: 5.3083 Vtime: 0.0273
Stat: Dim [76] AUC: 0.992523 (0.992523) FPR95: 2.63 (2.63) [saved]
Step: 6100  Loss: 0.027489 Regul: 0.004781 Obj: 0.032270 (0.032243) Rank: 76 (76) Ttime: 5.1740 Vtime: 0.0262
Best: 6200  Loss: 0.027444 Regul: 0.004774 Obj: 0.032218 (0.032218) Rank: 76 (76) Ttime: 5.2295 Vtime: 0.0266
Stat: Dim [76] AUC: 0.992542 (0.992523) FPR95: 2.66 (2.63)
Step: 6300  Loss: 0.027486 Regul: 0.004768 Obj: 0.032255 (0.032218) Rank: 76 (76) Ttime: 5.0946 Vtime: 0.0264
Best: 6400  Loss: 0.027418 Regul: 0.004779 Obj: 0.032197 (0.032197) Rank: 76 (76) Ttime: 5.2096 Vtime: 0.0264
Stat: Dim [76] AUC: 0.992563 (0.992523) FPR95: 2.67 (2.63)
Best: 6500  Loss: 0.027344 Regul: 0.004788 Obj: 0.032131 (0.032131) Rank: 77 (77) Ttime: 5.2311 Vtime: 0.0262
Stat: Dim [77] AUC: 0.992589 (0.992523) FPR95: 2.67 (2.63)
Step: 6600  Loss: 0.027378 Regul: 0.004795 Obj: 0.032172 (0.032131) Rank: 77 (77) Ttime: 5.1806 Vtime: 0.0265
Best: 6700  Loss: 0.027183 Regul: 0.004791 Obj: 0.031975 (0.031975) Rank: 77 (77) Ttime: 5.2501 Vtime: 0.0260
Stat: Dim [77] AUC: 0.992599 (0.992523) FPR95: 2.66 (2.63)
Step: 6800  Loss: 0.027449 Regul: 0.004783 Obj: 0.032232 (0.031975) Rank: 76 (77) Ttime: 5.2832 Vtime: 0.0274
Step: 6900  Loss: 0.027436 Regul: 0.004781 Obj: 0.032217 (0.031975) Rank: 77 (77) Ttime: 5.2980 Vtime: 0.0275
Step: 7000  Loss: 0.027430 Regul: 0.004787 Obj: 0.032217 (0.031975) Rank: 77 (77) Ttime: 5.2153 Vtime: 0.0271
Step: 7100  Loss: 0.027468 Regul: 0.004790 Obj: 0.032258 (0.031975) Rank: 77 (77) Ttime: 5.2131 Vtime: 0.0272
Step: 7200  Loss: 0.027403 Regul: 0.004792 Obj: 0.032195 (0.031975) Rank: 76 (77) Ttime: 5.2154 Vtime: 0.0272
Step: 7300  Loss: 0.027369 Regul: 0.004791 Obj: 0.032160 (0.031975) Rank: 76 (77) Ttime: 5.2010 Vtime: 0.0271
Step: 7400  Loss: 0.027211 Regul: 0.004800 Obj: 0.032010 (0.031975) Rank: 76 (77) Ttime: 5.1481 Vtime: 0.0270
Step: 7500  Loss: 0.027251 Regul: 0.004812 Obj: 0.032064 (0.031975) Rank: 76 (77) Ttime: 5.2438 Vtime: 0.0268
Step: 7600  Loss: 0.027522 Regul: 0.004814 Obj: 0.032336 (0.031975) Rank: 76 (77) Ttime: 5.2815 Vtime: 0.0264
Step: 7700  Loss: 0.027403 Regul: 0.004814 Obj: 0.032217 (0.031975) Rank: 76 (77) Ttime: 5.2191 Vtime: 0.0265
Step: 7800  Loss: 0.027486 Regul: 0.004815 Obj: 0.032301 (0.031975) Rank: 77 (77) Ttime: 5.1457 Vtime: 0.0275
Step: 7900  Loss: 0.027673 Regul: 0.004813 Obj: 0.032486 (0.031975) Rank: 77 (77) Ttime: 5.1805 Vtime: 0.0265
Step: 8000  Loss: 0.027658 Regul: 0.004811 Obj: 0.032469 (0.031975) Rank: 77 (77) Ttime: 5.1719 Vtime: 0.0268
Step: 8100  Loss: 0.027650 Regul: 0.004820 Obj: 0.032470 (0.031975) Rank: 77 (77) Ttime: 5.1247 Vtime: 0.0272
Step: 8200  Loss: 0.027479 Regul: 0.004813 Obj: 0.032292 (0.031975) Rank: 76 (77) Ttime: 5.2003 Vtime: 0.0275
Step: 8300  Loss: 0.027285 Regul: 0.004824 Obj: 0.032110 (0.031975) Rank: 76 (77) Ttime: 5.3196 Vtime: 0.0266
Step: 8400  Loss: 0.027198 Regul: 0.004830 Obj: 0.032028 (0.031975) Rank: 76 (77) Ttime: 5.1466 Vtime: 0.0266
Best: 8500  Loss: 0.027086 Regul: 0.004832 Obj: 0.031918 (0.031918) Rank: 76 (76) Ttime: 5.1134 Vtime: 0.0270
Stat: Dim [76] AUC: 0.992702 (0.992702) FPR95: 2.52 (2.52) [saved]
Step: 8600  Loss: 0.027190 Regul: 0.004838 Obj: 0.032028 (0.031918) Rank: 76 (76) Ttime: 5.3567 Vtime: 0.0264
Step: 8700  Loss: 0.027225 Regul: 0.004840 Obj: 0.032065 (0.031918) Rank: 76 (76) Ttime: 5.2238 Vtime: 0.0268
Step: 8800  Loss: 0.027113 Regul: 0.004844 Obj: 0.031957 (0.031918) Rank: 76 (76) Ttime: 5.2107 Vtime: 0.0268
Best: 8900  Loss: 0.027060 Regul: 0.004845 Obj: 0.031904 (0.031904) Rank: 76 (76) Ttime: 5.2502 Vtime: 0.0271
Stat: Dim [76] AUC: 0.992722 (0.992702) FPR95: 2.58 (2.52)
Step: 9000  Loss: 0.027187 Regul: 0.004837 Obj: 0.032024 (0.031904) Rank: 76 (76) Ttime: 5.1543 Vtime: 0.0269
Step: 9100  Loss: 0.027276 Regul: 0.004842 Obj: 0.032118 (0.031904) Rank: 76 (76) Ttime: 5.2115 Vtime: 0.0266
Step: 9200  Loss: 0.027347 Regul: 0.004842 Obj: 0.032189 (0.031904) Rank: 76 (76) Ttime: 5.1438 Vtime: 0.0264
Step: 9300  Loss: 0.027289 Regul: 0.004842 Obj: 0.032131 (0.031904) Rank: 76 (76) Ttime: 5.1224 Vtime: 0.0273
Step: 9400  Loss: 0.027286 Regul: 0.004840 Obj: 0.032126 (0.031904) Rank: 76 (76) Ttime: 5.1286 Vtime: 0.0262
Step: 9500  Loss: 0.027269 Regul: 0.004845 Obj: 0.032115 (0.031904) Rank: 76 (76) Ttime: 5.1589 Vtime: 0.0268
Step: 9600  Loss: 0.027218 Regul: 0.004845 Obj: 0.032063 (0.031904) Rank: 76 (76) Ttime: 5.2444 Vtime: 0.0268
Step: 9700  Loss: 0.027164 Regul: 0.004850 Obj: 0.032014 (0.031904) Rank: 76 (76) Ttime: 5.1577 Vtime: 0.0268
Step: 9800  Loss: 0.027128 Regul: 0.004856 Obj: 0.031984 (0.031904) Rank: 76 (76) Ttime: 5.2406 Vtime: 0.0266
Step: 9900  Loss: 0.027211 Regul: 0.004854 Obj: 0.032065 (0.031904) Rank: 77 (76) Ttime: 5.2840 Vtime: 0.0270
Step: 10000  Loss: 0.027281 Regul: 0.004858 Obj: 0.032139 (0.031904) Rank: 76 (76) Ttime: 5.1466 Vtime: 0.0277
Step: 10100  Loss: 0.027288 Regul: 0.004857 Obj: 0.032145 (0.031904) Rank: 76 (76) Ttime: 5.0947 Vtime: 0.0267
Step: 10200  Loss: 0.027227 Regul: 0.004856 Obj: 0.032083 (0.031904) Rank: 76 (76) Ttime: 5.1625 Vtime: 0.0272
Step: 10300  Loss: 0.027273 Regul: 0.004868 Obj: 0.032141 (0.031904) Rank: 76 (76) Ttime: 5.0983 Vtime: 0.0267
Step: 10400  Loss: 0.027321 Regul: 0.004880 Obj: 0.032201 (0.031904) Rank: 76 (76) Ttime: 5.1914 Vtime: 0.0268
Step: 10500  Loss: 0.027244 Regul: 0.004874 Obj: 0.032118 (0.031904) Rank: 77 (76) Ttime: 5.1859 Vtime: 0.0277
Step: 10600  Loss: 0.027214 Regul: 0.004869 Obj: 0.032084 (0.031904) Rank: 77 (76) Ttime: 5.2085 Vtime: 0.0273
Step: 10700  Loss: 0.027176 Regul: 0.004877 Obj: 0.032052 (0.031904) Rank: 76 (76) Ttime: 5.2103 Vtime: 0.0272
Step: 10800  Loss: 0.027361 Regul: 0.004890 Obj: 0.032251 (0.031904) Rank: 76 (76) Ttime: 5.2842 Vtime: 0.0265
Step: 10900  Loss: 0.027304 Regul: 0.004906 Obj: 0.032210 (0.031904) Rank: 76 (76) Ttime: 5.2868 Vtime: 0.0268
Step: 11000  Loss: 0.027248 Regul: 0.004914 Obj: 0.032162 (0.031904) Rank: 77 (76) Ttime: 5.1538 Vtime: 0.0273
Step: 11100  Loss: 0.027122 Regul: 0.004911 Obj: 0.032033 (0.031904) Rank: 77 (76) Ttime: 5.2616 Vtime: 0.0273
Step: 11200  Loss: 0.027133 Regul: 0.004910 Obj: 0.032044 (0.031904) Rank: 76 (76) Ttime: 5.1240 Vtime: 0.0272
Step: 11300  Loss: 0.027266 Regul: 0.004900 Obj: 0.032166 (0.031904) Rank: 76 (76) Ttime: 5.1041 Vtime: 0.0265
Step: 11400  Loss: 0.027165 Regul: 0.004907 Obj: 0.032072 (0.031904) Rank: 76 (76) Ttime: 5.1388 Vtime: 0.0269
Step: 11500  Loss: 0.027128 Regul: 0.004912 Obj: 0.032040 (0.031904) Rank: 76 (76) Ttime: 5.1381 Vtime: 0.0270
Step: 11600  Loss: 0.027173 Regul: 0.004918 Obj: 0.032091 (0.031904) Rank: 76 (76) Ttime: 5.1803 Vtime: 0.0268
Step: 11700  Loss: 0.027177 Regul: 0.004912 Obj: 0.032089 (0.031904) Rank: 76 (76) Ttime: 5.1480 Vtime: 0.0264
Step: 11800  Loss: 0.027144 Regul: 0.004919 Obj: 0.032062 (0.031904) Rank: 76 (76) Ttime: 5.1411 Vtime: 0.0266
Step: 11900  Loss: 0.027027 Regul: 0.004919 Obj: 0.031946 (0.031904) Rank: 77 (76) Ttime: 5.1468 Vtime: 0.0270
Step: 12000  Loss: 0.027053 Regul: 0.004933 Obj: 0.031987 (0.031904) Rank: 77 (76) Ttime: 5.2551 Vtime: 0.0268
Step: 12100  Loss: 0.027026 Regul: 0.004929 Obj: 0.031955 (0.031904) Rank: 77 (76) Ttime: 5.2211 Vtime: 0.0266
Step: 12200  Loss: 0.027014 Regul: 0.004939 Obj: 0.031953 (0.031904) Rank: 77 (76) Ttime: 5.1299 Vtime: 0.0273
Step: 12300  Loss: 0.027148 Regul: 0.004946 Obj: 0.032094 (0.031904) Rank: 77 (76) Ttime: 5.2055 Vtime: 0.0269
Step: 12400  Loss: 0.027176 Regul: 0.004946 Obj: 0.032123 (0.031904) Rank: 77 (76) Ttime: 5.1021 Vtime: 0.0271
Step: 12500  Loss: 0.027071 Regul: 0.004942 Obj: 0.032013 (0.031904) Rank: 77 (76) Ttime: 5.1477 Vtime: 0.0267
Best: 12600  Loss: 0.026962 Regul: 0.004940 Obj: 0.031902 (0.031902) Rank: 77 (77) Ttime: 5.1337 Vtime: 0.0268
Stat: Dim [77] AUC: 0.992938 (0.992938) FPR95: 2.47 (2.47) [saved]
Step: 12700  Loss: 0.027004 Regul: 0.004943 Obj: 0.031947 (0.031902) Rank: 77 (77) Ttime: 5.0476 Vtime: 0.0268
Step: 12800  Loss: 0.027174 Regul: 0.004944 Obj: 0.032117 (0.031902) Rank: 77 (77) Ttime: 5.0844 Vtime: 0.0265
Step: 12900  Loss: 0.027096 Regul: 0.004947 Obj: 0.032042 (0.031902) Rank: 77 (77) Ttime: 5.1120 Vtime: 0.0273
Step: 13000  Loss: 0.027035 Regul: 0.004944 Obj: 0.031979 (0.031902) Rank: 77 (77) Ttime: 5.0691 Vtime: 0.0270
Step: 13100  Loss: 0.027103 Regul: 0.004945 Obj: 0.032048 (0.031902) Rank: 77 (77) Ttime: 5.1166 Vtime: 0.0268
Step: 13200  Loss: 0.027013 Regul: 0.004954 Obj: 0.031967 (0.031902) Rank: 77 (77) Ttime: 5.1047 Vtime: 0.0273
Step: 13300  Loss: 0.027073 Regul: 0.004956 Obj: 0.032029 (0.031902) Rank: 77 (77) Ttime: 5.1489 Vtime: 0.0275
Step: 13400  Loss: 0.026994 Regul: 0.004959 Obj: 0.031953 (0.031902) Rank: 77 (77) Ttime: 5.1232 Vtime: 0.0265
Step: 13500  Loss: 0.026981 Regul: 0.004957 Obj: 0.031938 (0.031902) Rank: 76 (77) Ttime: 5.1812 Vtime: 0.0269
Step: 13600  Loss: 0.027020 Regul: 0.004964 Obj: 0.031984 (0.031902) Rank: 77 (77) Ttime: 5.1546 Vtime: 0.0279
Step: 13700  Loss: 0.027019 Regul: 0.004966 Obj: 0.031985 (0.031902) Rank: 77 (77) Ttime: 5.0387 Vtime: 0.0271
Step: 13800  Loss: 0.027004 Regul: 0.004965 Obj: 0.031969 (0.031902) Rank: 77 (77) Ttime: 5.2093 Vtime: 0.0265
Step: 13900  Loss: 0.026945 Regul: 0.004975 Obj: 0.031920 (0.031902) Rank: 77 (77) Ttime: 5.1911 Vtime: 0.0269
Step: 14000  Loss: 0.027020 Regul: 0.004973 Obj: 0.031993 (0.031902) Rank: 77 (77) Ttime: 5.1748 Vtime: 0.0264
Step: 14100  Loss: 0.027103 Regul: 0.004967 Obj: 0.032071 (0.031902) Rank: 77 (77) Ttime: 5.1224 Vtime: 0.0266
Best: 14200  Loss: 0.026924 Regul: 0.004969 Obj: 0.031893 (0.031893) Rank: 77 (77) Ttime: 5.0968 Vtime: 0.0271
Stat: Dim [77] AUC: 0.993015 (0.993015) FPR95: 2.45 (2.45) [saved]
Step: 14300  Loss: 0.026965 Regul: 0.004970 Obj: 0.031935 (0.031893) Rank: 76 (77) Ttime: 5.0652 Vtime: 0.0273
Step: 14400  Loss: 0.027036 Regul: 0.004972 Obj: 0.032007 (0.031893) Rank: 76 (77) Ttime: 5.1165 Vtime: 0.0265
Step: 14500  Loss: 0.027042 Regul: 0.004982 Obj: 0.032024 (0.031893) Rank: 76 (77) Ttime: 5.2180 Vtime: 0.0263
Step: 14600  Loss: 0.026938 Regul: 0.004987 Obj: 0.031925 (0.031893) Rank: 76 (77) Ttime: 5.1426 Vtime: 0.0266
Best: 14700  Loss: 0.026893 Regul: 0.004981 Obj: 0.031875 (0.031875) Rank: 76 (76) Ttime: 5.1624 Vtime: 0.0267
Stat: Dim [76] AUC: 0.992988 (0.993015) FPR95: 2.47 (2.45)
Best: 14800  Loss: 0.026809 Regul: 0.004985 Obj: 0.031794 (0.031794) Rank: 76 (76) Ttime: 5.0992 Vtime: 0.0280
Stat: Dim [76] AUC: 0.992998 (0.993015) FPR95: 2.44 (2.45)
Step: 14900  Loss: 0.026873 Regul: 0.004985 Obj: 0.031857 (0.031794) Rank: 76 (76) Ttime: 5.0624 Vtime: 0.0270
Step: 15000  Loss: 0.026909 Regul: 0.004984 Obj: 0.031894 (0.031794) Rank: 76 (76) Ttime: 5.0529 Vtime: 0.0268
Step: 15100  Loss: 0.026933 Regul: 0.004980 Obj: 0.031912 (0.031794) Rank: 76 (76) Ttime: 5.1020 Vtime: 0.0271
Step: 15200  Loss: 0.026945 Regul: 0.004978 Obj: 0.031923 (0.031794) Rank: 76 (76) Ttime: 5.0103 Vtime: 0.0268
Step: 15300  Loss: 0.026940 Regul: 0.004980 Obj: 0.031919 (0.031794) Rank: 77 (76) Ttime: 5.0376 Vtime: 0.0276
Step: 15400  Loss: 0.026938 Regul: 0.004977 Obj: 0.031915 (0.031794) Rank: 76 (76) Ttime: 5.1986 Vtime: 0.0275
Step: 15500  Loss: 0.026851 Regul: 0.004981 Obj: 0.031832 (0.031794) Rank: 76 (76) Ttime: 5.0662 Vtime: 0.0265
Step: 15600  Loss: 0.026884 Regul: 0.004988 Obj: 0.031872 (0.031794) Rank: 76 (76) Ttime: 5.1452 Vtime: 0.0263
Step: 15700  Loss: 0.026962 Regul: 0.004987 Obj: 0.031949 (0.031794) Rank: 76 (76) Ttime: 5.1664 Vtime: 0.0270
Step: 15800  Loss: 0.026951 Regul: 0.004989 Obj: 0.031940 (0.031794) Rank: 76 (76) Ttime: 5.1717 Vtime: 0.0277
Step: 15900  Loss: 0.026997 Regul: 0.005002 Obj: 0.031999 (0.031794) Rank: 76 (76) Ttime: 5.1264 Vtime: 0.0262
Step: 16000  Loss: 0.026821 Regul: 0.005002 Obj: 0.031823 (0.031794) Rank: 76 (76) Ttime: 5.1323 Vtime: 0.0267
Step: 16100  Loss: 0.026904 Regul: 0.004998 Obj: 0.031902 (0.031794) Rank: 76 (76) Ttime: 5.1331 Vtime: 0.0268
Step: 16200  Loss: 0.026844 Regul: 0.004998 Obj: 0.031842 (0.031794) Rank: 76 (76) Ttime: 5.1581 Vtime: 0.0263
Step: 16300  Loss: 0.026877 Regul: 0.004999 Obj: 0.031876 (0.031794) Rank: 76 (76) Ttime: 5.1376 Vtime: 0.0268
Best: 16400  Loss: 0.026738 Regul: 0.005004 Obj: 0.031742 (0.031742) Rank: 76 (76) Ttime: 5.0673 Vtime: 0.0273
Stat: Dim [76] AUC: 0.993056 (0.993015) FPR95: 2.47 (2.45)
Step: 16500  Loss: 0.026756 Regul: 0.005006 Obj: 0.031762 (0.031742) Rank: 76 (76) Ttime: 5.1538 Vtime: 0.0269
Step: 16600  Loss: 0.026795 Regul: 0.005007 Obj: 0.031802 (0.031742) Rank: 76 (76) Ttime: 5.1073 Vtime: 0.0268
Step: 16700  Loss: 0.026793 Regul: 0.005002 Obj: 0.031794 (0.031742) Rank: 76 (76) Ttime: 5.0278 Vtime: 0.0269
Step: 16800  Loss: 0.026877 Regul: 0.005006 Obj: 0.031883 (0.031742) Rank: 76 (76) Ttime: 5.1141 Vtime: 0.0272
Step: 16900  Loss: 0.026773 Regul: 0.005010 Obj: 0.031782 (0.031742) Rank: 76 (76) Ttime: 5.1129 Vtime: 0.0269
Step: 17000  Loss: 0.026761 Regul: 0.005016 Obj: 0.031777 (0.031742) Rank: 76 (76) Ttime: 5.1745 Vtime: 0.0266
Best: 17100  Loss: 0.026706 Regul: 0.005027 Obj: 0.031733 (0.031733) Rank: 77 (77) Ttime: 5.1528 Vtime: 0.0272
Stat: Dim [77] AUC: 0.993071 (0.993071) FPR95: 2.42 (2.42) [saved]
Step: 17200  Loss: 0.026845 Regul: 0.005025 Obj: 0.031869 (0.031733) Rank: 76 (77) Ttime: 5.0752 Vtime: 0.0270
Step: 17300  Loss: 0.026777 Regul: 0.005026 Obj: 0.031803 (0.031733) Rank: 77 (77) Ttime: 5.1162 Vtime: 0.0267
Step: 17400  Loss: 0.026763 Regul: 0.005033 Obj: 0.031796 (0.031733) Rank: 77 (77) Ttime: 5.0971 Vtime: 0.0272
Step: 17500  Loss: 0.026776 Regul: 0.005028 Obj: 0.031804 (0.031733) Rank: 76 (77) Ttime: 5.1094 Vtime: 0.0275
Step: 17600  Loss: 0.026823 Regul: 0.005024 Obj: 0.031847 (0.031733) Rank: 76 (77) Ttime: 5.0789 Vtime: 0.0272
Step: 17700  Loss: 0.026774 Regul: 0.005025 Obj: 0.031799 (0.031733) Rank: 76 (77) Ttime: 5.0886 Vtime: 0.0266
Step: 17800  Loss: 0.026823 Regul: 0.005020 Obj: 0.031842 (0.031733) Rank: 77 (77) Ttime: 5.0488 Vtime: 0.0276
Best: 17900  Loss: 0.026681 Regul: 0.005021 Obj: 0.031702 (0.031702) Rank: 77 (77) Ttime: 5.0409 Vtime: 0.0267
Stat: Dim [77] AUC: 0.993064 (0.993071) FPR95: 2.41 (2.42)
Step: 18000  Loss: 0.026690 Regul: 0.005019 Obj: 0.031709 (0.031702) Rank: 77 (77) Ttime: 5.1649 Vtime: 0.0265
Best: 18100  Loss: 0.026670 Regul: 0.005018 Obj: 0.031688 (0.031688) Rank: 77 (77) Ttime: 5.1893 Vtime: 0.0272
Stat: Dim [77] AUC: 0.993089 (0.993089) FPR95: 2.39 (2.39) [saved]
Step: 18200  Loss: 0.026736 Regul: 0.005019 Obj: 0.031755 (0.031688) Rank: 77 (77) Ttime: 5.0459 Vtime: 0.0260
Step: 18300  Loss: 0.026675 Regul: 0.005021 Obj: 0.031696 (0.031688) Rank: 77 (77) Ttime: 5.0161 Vtime: 0.0267
Step: 18400  Loss: 0.026782 Regul: 0.005026 Obj: 0.031809 (0.031688) Rank: 77 (77) Ttime: 5.0561 Vtime: 0.0262
Step: 18500  Loss: 0.026866 Regul: 0.005033 Obj: 0.031899 (0.031688) Rank: 77 (77) Ttime: 5.0100 Vtime: 0.0265
Step: 18600  Loss: 0.026793 Regul: 0.005035 Obj: 0.031827 (0.031688) Rank: 77 (77) Ttime: 5.0506 Vtime: 0.0258
Step: 18700  Loss: 0.026827 Regul: 0.005039 Obj: 0.031866 (0.031688) Rank: 77 (77) Ttime: 5.0728 Vtime: 0.0265
Step: 18800  Loss: 0.026716 Regul: 0.005040 Obj: 0.031756 (0.031688) Rank: 77 (77) Ttime: 5.1283 Vtime: 0.0263
Step: 18900  Loss: 0.026704 Regul: 0.005045 Obj: 0.031749 (0.031688) Rank: 77 (77) Ttime: 5.0334 Vtime: 0.0274
Step: 19000  Loss: 0.026746 Regul: 0.005045 Obj: 0.031790 (0.031688) Rank: 77 (77) Ttime: 5.0047 Vtime: 0.0267
Step: 19100  Loss: 0.026780 Regul: 0.005047 Obj: 0.031827 (0.031688) Rank: 76 (77) Ttime: 4.9714 Vtime: 0.0276
Step: 19200  Loss: 0.026686 Regul: 0.005050 Obj: 0.031736 (0.031688) Rank: 76 (77) Ttime: 4.9778 Vtime: 0.0266
Step: 19300  Loss: 0.026647 Regul: 0.005052 Obj: 0.031700 (0.031688) Rank: 76 (77) Ttime: 4.9783 Vtime: 0.0269
Best: 19400  Loss: 0.026626 Regul: 0.005053 Obj: 0.031679 (0.031679) Rank: 76 (76) Ttime: 5.0220 Vtime: 0.0268
Stat: Dim [76] AUC: 0.993110 (0.993110) FPR95: 2.38 (2.38) [saved]
Best: 19500  Loss: 0.026591 Regul: 0.005046 Obj: 0.031637 (0.031637) Rank: 76 (76) Ttime: 5.0128 Vtime: 0.0268
Stat: Dim [76] AUC: 0.993119 (0.993110) FPR95: 2.40 (2.38)
Step: 19600  Loss: 0.026672 Regul: 0.005040 Obj: 0.031712 (0.031637) Rank: 76 (76) Ttime: 5.0198 Vtime: 0.0264
Step: 19700  Loss: 0.026738 Regul: 0.005040 Obj: 0.031778 (0.031637) Rank: 76 (76) Ttime: 5.0332 Vtime: 0.0265
Step: 19800  Loss: 0.026642 Regul: 0.005048 Obj: 0.031689 (0.031637) Rank: 76 (76) Ttime: 5.0834 Vtime: 0.0264
Step: 19900  Loss: 0.026643 Regul: 0.005050 Obj: 0.031693 (0.031637) Rank: 76 (76) Ttime: 5.1184 Vtime: 0.0275
Step: 20000  Loss: 0.026705 Regul: 0.005055 Obj: 0.031759 (0.031637) Rank: 77 (76) Ttime: 5.0907 Vtime: 0.0274
Step: 20100  Loss: 0.026669 Regul: 0.005064 Obj: 0.031733 (0.031637) Rank: 76 (76) Ttime: 5.0704 Vtime: 0.0273
Best: 20200  Loss: 0.026576 Regul: 0.005058 Obj: 0.031633 (0.031633) Rank: 77 (77) Ttime: 5.0026 Vtime: 0.0278
Stat: Dim [77] AUC: 0.993129 (0.993110) FPR95: 2.41 (2.38)
Best: 20300  Loss: 0.026558 Regul: 0.005062 Obj: 0.031621 (0.031621) Rank: 76 (76) Ttime: 5.1273 Vtime: 0.0273
Stat: Dim [76] AUC: 0.993148 (0.993148) FPR95: 2.37 (2.37) [saved]
Step: 20400  Loss: 0.026636 Regul: 0.005064 Obj: 0.031700 (0.031621) Rank: 77 (76) Ttime: 5.2040 Vtime: 0.0270
Best: 20500  Loss: 0.026545 Regul: 0.005072 Obj: 0.031617 (0.031617) Rank: 77 (77) Ttime: 5.1789 Vtime: 0.0262
Stat: Dim [77] AUC: 0.993151 (0.993151) FPR95: 2.37 (2.37) [saved]
Step: 20600  Loss: 0.026563 Regul: 0.005077 Obj: 0.031640 (0.031617) Rank: 76 (77) Ttime: 5.1589 Vtime: 0.0268
Step: 20700  Loss: 0.026550 Regul: 0.005069 Obj: 0.031619 (0.031617) Rank: 76 (77) Ttime: 5.1759 Vtime: 0.0264
Step: 20800  Loss: 0.026671 Regul: 0.005068 Obj: 0.031740 (0.031617) Rank: 76 (77) Ttime: 5.1244 Vtime: 0.0268
Step: 20900  Loss: 0.026656 Regul: 0.005076 Obj: 0.031732 (0.031617) Rank: 76 (77) Ttime: 5.3031 Vtime: 0.0268
Step: 21000  Loss: 0.026661 Regul: 0.005078 Obj: 0.031739 (0.031617) Rank: 76 (77) Ttime: 5.2097 Vtime: 0.0271
Step: 21100  Loss: 0.026570 Regul: 0.005075 Obj: 0.031645 (0.031617) Rank: 76 (77) Ttime: 5.2145 Vtime: 0.0262
Best: 21200  Loss: 0.026508 Regul: 0.005074 Obj: 0.031582 (0.031582) Rank: 76 (76) Ttime: 5.0887 Vtime: 0.0270
Stat: Dim [76] AUC: 0.993152 (0.993151) FPR95: 2.37 (2.37)
Step: 21300  Loss: 0.026555 Regul: 0.005076 Obj: 0.031631 (0.031582) Rank: 76 (76) Ttime: 5.1116 Vtime: 0.0268
Step: 21400  Loss: 0.026535 Regul: 0.005080 Obj: 0.031615 (0.031582) Rank: 76 (76) Ttime: 5.0587 Vtime: 0.0275
Step: 21500  Loss: 0.026607 Regul: 0.005080 Obj: 0.031687 (0.031582) Rank: 76 (76) Ttime: 5.0098 Vtime: 0.0265
Step: 21600  Loss: 0.026590 Regul: 0.005080 Obj: 0.031670 (0.031582) Rank: 76 (76) Ttime: 5.0120 Vtime: 0.0269
Step: 21700  Loss: 0.026648 Regul: 0.005076 Obj: 0.031724 (0.031582) Rank: 76 (76) Ttime: 5.0957 Vtime: 0.0269
Step: 21800  Loss: 0.026603 Regul: 0.005078 Obj: 0.031681 (0.031582) Rank: 76 (76) Ttime: 5.0228 Vtime: 0.0269
Step: 21900  Loss: 0.026669 Regul: 0.005076 Obj: 0.031746 (0.031582) Rank: 76 (76) Ttime: 5.0860 Vtime: 0.0267
Step: 22000  Loss: 0.026606 Regul: 0.005081 Obj: 0.031687 (0.031582) Rank: 76 (76) Ttime: 5.0666 Vtime: 0.0266
Step: 22100  Loss: 0.026616 Regul: 0.005082 Obj: 0.031698 (0.031582) Rank: 76 (76) Ttime: 5.0738 Vtime: 0.0269
Step: 22200  Loss: 0.026651 Regul: 0.005080 Obj: 0.031731 (0.031582) Rank: 76 (76) Ttime: 5.0978 Vtime: 0.0266
Step: 22300  Loss: 0.026681 Regul: 0.005086 Obj: 0.031767 (0.031582) Rank: 77 (76) Ttime: 5.0070 Vtime: 0.0276
Step: 22400  Loss: 0.026644 Regul: 0.005092 Obj: 0.031736 (0.031582) Rank: 76 (76) Ttime: 4.9945 Vtime: 0.0273
Step: 22500  Loss: 0.026596 Regul: 0.005095 Obj: 0.031691 (0.031582) Rank: 77 (76) Ttime: 4.9628 Vtime: 0.0275
Step: 22600  Loss: 0.026639 Regul: 0.005095 Obj: 0.031735 (0.031582) Rank: 77 (76) Ttime: 5.0291 Vtime: 0.0271
Step: 22700  Loss: 0.026733 Regul: 0.005094 Obj: 0.031827 (0.031582) Rank: 77 (76) Ttime: 5.0595 Vtime: 0.0269
Step: 22800  Loss: 0.026746 Regul: 0.005091 Obj: 0.031838 (0.031582) Rank: 77 (76) Ttime: 5.1388 Vtime: 0.0266
Step: 22900  Loss: 0.026679 Regul: 0.005096 Obj: 0.031775 (0.031582) Rank: 77 (76) Ttime: 5.1239 Vtime: 0.0266
Step: 23000  Loss: 0.026590 Regul: 0.005097 Obj: 0.031688 (0.031582) Rank: 77 (76) Ttime: 5.1622 Vtime: 0.0270
Step: 23100  Loss: 0.026647 Regul: 0.005097 Obj: 0.031744 (0.031582) Rank: 77 (76) Ttime: 5.0097 Vtime: 0.0265
Step: 23200  Loss: 0.026634 Regul: 0.005098 Obj: 0.031732 (0.031582) Rank: 77 (76) Ttime: 5.0049 Vtime: 0.0268
Step: 23300  Loss: 0.026632 Regul: 0.005095 Obj: 0.031727 (0.031582) Rank: 77 (76) Ttime: 5.0360 Vtime: 0.0267
Step: 23400  Loss: 0.026592 Regul: 0.005103 Obj: 0.031695 (0.031582) Rank: 77 (76) Ttime: 5.1141 Vtime: 0.0269
Step: 23500  Loss: 0.026662 Regul: 0.005104 Obj: 0.031766 (0.031582) Rank: 77 (76) Ttime: 5.0591 Vtime: 0.0270
Step: 23600  Loss: 0.026677 Regul: 0.005100 Obj: 0.031777 (0.031582) Rank: 77 (76) Ttime: 5.0009 Vtime: 0.0263
Step: 23700  Loss: 0.026628 Regul: 0.005100 Obj: 0.031728 (0.031582) Rank: 77 (76) Ttime: 5.0695 Vtime: 0.0270
Step: 23800  Loss: 0.026635 Regul: 0.005099 Obj: 0.031734 (0.031582) Rank: 77 (76) Ttime: 5.0601 Vtime: 0.0270
Step: 23900  Loss: 0.026592 Regul: 0.005107 Obj: 0.031698 (0.031582) Rank: 77 (76) Ttime: 5.1064 Vtime: 0.0269
Step: 24000  Loss: 0.026606 Regul: 0.005107 Obj: 0.031712 (0.031582) Rank: 77 (76) Ttime: 5.0316 Vtime: 0.0265
Step: 24100  Loss: 0.026720 Regul: 0.005111 Obj: 0.031831 (0.031582) Rank: 77 (76) Ttime: 5.0644 Vtime: 0.0268
Step: 24200  Loss: 0.026651 Regul: 0.005113 Obj: 0.031764 (0.031582) Rank: 77 (76) Ttime: 4.9966 Vtime: 0.0269
Step: 24300  Loss: 0.026601 Regul: 0.005117 Obj: 0.031718 (0.031582) Rank: 77 (76) Ttime: 5.0643 Vtime: 0.0267
Step: 24400  Loss: 0.026629 Regul: 0.005122 Obj: 0.031750 (0.031582) Rank: 77 (76) Ttime: 4.9302 Vtime: 0.0268
Step: 24500  Loss: 0.026566 Regul: 0.005121 Obj: 0.031687 (0.031582) Rank: 77 (76) Ttime: 5.0596 Vtime: 0.0267
Step: 24600  Loss: 0.026621 Regul: 0.005118 Obj: 0.031740 (0.031582) Rank: 76 (76) Ttime: 5.0868 Vtime: 0.0276
Step: 24700  Loss: 0.026655 Regul: 0.005121 Obj: 0.031776 (0.031582) Rank: 76 (76) Ttime: 5.0585 Vtime: 0.0266
Step: 24800  Loss: 0.026688 Regul: 0.005122 Obj: 0.031810 (0.031582) Rank: 76 (76) Ttime: 5.1035 Vtime: 0.0271
Step: 24900  Loss: 0.026558 Regul: 0.005125 Obj: 0.031682 (0.031582) Rank: 76 (76) Ttime: 5.0504 Vtime: 0.0266
Step: 25000  Loss: 0.026582 Regul: 0.005129 Obj: 0.031711 (0.031582) Rank: 76 (76) Ttime: 5.2001 Vtime: 0.0273
Step: 25100  Loss: 0.026599 Regul: 0.005128 Obj: 0.031727 (0.031582) Rank: 76 (76) Ttime: 5.1056 Vtime: 0.0268
Step: 25200  Loss: 0.026638 Regul: 0.005130 Obj: 0.031768 (0.031582) Rank: 76 (76) Ttime: 5.0549 Vtime: 0.0273
Step: 25300  Loss: 0.026678 Regul: 0.005128 Obj: 0.031806 (0.031582) Rank: 76 (76) Ttime: 5.0478 Vtime: 0.0272
Step: 25400  Loss: 0.026675 Regul: 0.005127 Obj: 0.031801 (0.031582) Rank: 76 (76) Ttime: 4.9917 Vtime: 0.0269
Step: 25500  Loss: 0.026757 Regul: 0.005123 Obj: 0.031880 (0.031582) Rank: 76 (76) Ttime: 5.0353 Vtime: 0.0273
Step: 25600  Loss: 0.026599 Regul: 0.005125 Obj: 0.031725 (0.031582) Rank: 76 (76) Ttime: 5.0590 Vtime: 0.0267
Step: 25700  Loss: 0.026566 Regul: 0.005127 Obj: 0.031693 (0.031582) Rank: 76 (76) Ttime: 5.1159 Vtime: 0.0273
Step: 25800  Loss: 0.026584 Regul: 0.005125 Obj: 0.031710 (0.031582) Rank: 76 (76) Ttime: 5.1197 Vtime: 0.0270
Step: 25900  Loss: 0.026677 Regul: 0.005124 Obj: 0.031801 (0.031582) Rank: 76 (76) Ttime: 5.0179 Vtime: 0.0260
Step: 26000  Loss: 0.026690 Regul: 0.005134 Obj: 0.031824 (0.031582) Rank: 76 (76) Ttime: 5.0393 Vtime: 0.0263
Step: 26100  Loss: 0.026773 Regul: 0.005137 Obj: 0.031910 (0.031582) Rank: 76 (76) Ttime: 5.0143 Vtime: 0.0271
Step: 26200  Loss: 0.026678 Regul: 0.005139 Obj: 0.031817 (0.031582) Rank: 76 (76) Ttime: 5.0760 Vtime: 0.0274
Step: 26300  Loss: 0.026773 Regul: 0.005133 Obj: 0.031907 (0.031582) Rank: 76 (76) Ttime: 5.0381 Vtime: 0.0269
Step: 26400  Loss: 0.026690 Regul: 0.005141 Obj: 0.031831 (0.031582) Rank: 76 (76) Ttime: 4.9930 Vtime: 0.0270
Step: 26500  Loss: 0.026599 Regul: 0.005139 Obj: 0.031738 (0.031582) Rank: 76 (76) Ttime: 5.0207 Vtime: 0.0272
Step: 26600  Loss: 0.026505 Regul: 0.005140 Obj: 0.031645 (0.031582) Rank: 76 (76) Ttime: 5.0032 Vtime: 0.0269
Step: 26700  Loss: 0.026608 Regul: 0.005142 Obj: 0.031749 (0.031582) Rank: 76 (76) Ttime: 5.0818 Vtime: 0.0265
Step: 26800  Loss: 0.026684 Regul: 0.005144 Obj: 0.031828 (0.031582) Rank: 76 (76) Ttime: 5.1951 Vtime: 0.0271
Step: 26900  Loss: 0.026554 Regul: 0.005145 Obj: 0.031699 (0.031582) Rank: 76 (76) Ttime: 5.0846 Vtime: 0.0270
Step: 27000  Loss: 0.026485 Regul: 0.005150 Obj: 0.031635 (0.031582) Rank: 76 (76) Ttime: 5.0747 Vtime: 0.0265
Step: 27100  Loss: 0.026478 Regul: 0.005149 Obj: 0.031627 (0.031582) Rank: 76 (76) Ttime: 5.1431 Vtime: 0.0267
Step: 27200  Loss: 0.026603 Regul: 0.005146 Obj: 0.031749 (0.031582) Rank: 77 (76) Ttime: 5.0463 Vtime: 0.0272
Step: 27300  Loss: 0.026572 Regul: 0.005149 Obj: 0.031721 (0.031582) Rank: 76 (76) Ttime: 5.1039 Vtime: 0.0270
Step: 27400  Loss: 0.026587 Regul: 0.005154 Obj: 0.031741 (0.031582) Rank: 77 (76) Ttime: 5.0549 Vtime: 0.0274
Step: 27500  Loss: 0.026640 Regul: 0.005146 Obj: 0.031786 (0.031582) Rank: 77 (76) Ttime: 5.0609 Vtime: 0.0267
Step: 27600  Loss: 0.026731 Regul: 0.005148 Obj: 0.031879 (0.031582) Rank: 77 (76) Ttime: 5.0899 Vtime: 0.0271
Step: 27700  Loss: 0.026665 Regul: 0.005154 Obj: 0.031820 (0.031582) Rank: 77 (76) Ttime: 5.0828 Vtime: 0.0274
Step: 27800  Loss: 0.026701 Regul: 0.005158 Obj: 0.031859 (0.031582) Rank: 77 (76) Ttime: 5.1064 Vtime: 0.0272
Step: 27900  Loss: 0.026641 Regul: 0.005155 Obj: 0.031795 (0.031582) Rank: 77 (76) Ttime: 5.0905 Vtime: 0.0267
Step: 28000  Loss: 0.026680 Regul: 0.005157 Obj: 0.031837 (0.031582) Rank: 77 (76) Ttime: 5.0081 Vtime: 0.0268
Step: 28100  Loss: 0.026695 Regul: 0.005159 Obj: 0.031853 (0.031582) Rank: 77 (76) Ttime: 5.0967 Vtime: 0.0264
Step: 28200  Loss: 0.026667 Regul: 0.005158 Obj: 0.031824 (0.031582) Rank: 77 (76) Ttime: 5.0099 Vtime: 0.0266
Step: 28300  Loss: 0.026638 Regul: 0.005156 Obj: 0.031794 (0.031582) Rank: 77 (76) Ttime: 4.9735 Vtime: 0.0272
Step: 28400  Loss: 0.026615 Regul: 0.005160 Obj: 0.031774 (0.031582) Rank: 77 (76) Ttime: 4.9722 Vtime: 0.0265
Step: 28500  Loss: 0.026566 Regul: 0.005159 Obj: 0.031725 (0.031582) Rank: 77 (76) Ttime: 5.0580 Vtime: 0.0271
Step: 28600  Loss: 0.026620 Regul: 0.005160 Obj: 0.031781 (0.031582) Rank: 77 (76) Ttime: 4.8733 Vtime: 0.0269
Step: 28700  Loss: 0.026564 Regul: 0.005166 Obj: 0.031730 (0.031582) Rank: 77 (76) Ttime: 4.9441 Vtime: 0.0269
Step: 28800  Loss: 0.026630 Regul: 0.005167 Obj: 0.031797 (0.031582) Rank: 77 (76) Ttime: 5.0175 Vtime: 0.0269
Step: 28900  Loss: 0.026563 Regul: 0.005169 Obj: 0.031732 (0.031582) Rank: 77 (76) Ttime: 5.0158 Vtime: 0.0270
Step: 29000  Loss: 0.026556 Regul: 0.005167 Obj: 0.031723 (0.031582) Rank: 77 (76) Ttime: 4.9748 Vtime: 0.0269
Step: 29100  Loss: 0.026587 Regul: 0.005167 Obj: 0.031754 (0.031582) Rank: 77 (76) Ttime: 4.9438 Vtime: 0.0272
Step: 29200  Loss: 0.026593 Regul: 0.005164 Obj: 0.031757 (0.031582) Rank: 77 (76) Ttime: 4.9652 Vtime: 0.0265
Step: 29300  Loss: 0.026656 Regul: 0.005160 Obj: 0.031816 (0.031582) Rank: 77 (76) Ttime: 5.1029 Vtime: 0.0271
Step: 29400  Loss: 0.026563 Regul: 0.005160 Obj: 0.031723 (0.031582) Rank: 77 (76) Ttime: 5.1213 Vtime: 0.0273
Step: 29500  Loss: 0.026642 Regul: 0.005161 Obj: 0.031802 (0.031582) Rank: 77 (76) Ttime: 5.0851 Vtime: 0.0266
Step: 29600  Loss: 0.026711 Regul: 0.005159 Obj: 0.031871 (0.031582) Rank: 77 (76) Ttime: 5.0305 Vtime: 0.0267
Step: 29700  Loss: 0.026747 Regul: 0.005165 Obj: 0.031911 (0.031582) Rank: 77 (76) Ttime: 5.0516 Vtime: 0.0274
Step: 29800  Loss: 0.026645 Regul: 0.005168 Obj: 0.031812 (0.031582) Rank: 76 (76) Ttime: 5.1011 Vtime: 0.0273
Step: 29900  Loss: 0.026681 Regul: 0.005166 Obj: 0.031847 (0.031582) Rank: 77 (76) Ttime: 5.0947 Vtime: 0.0275
Step: 30000  Loss: 0.026602 Regul: 0.005164 Obj: 0.031766 (0.031582) Rank: 77 (76) Ttime: 5.1448 Vtime: 0.0269
Step: 30100  Loss: 0.026552 Regul: 0.005169 Obj: 0.031721 (0.031582) Rank: 77 (76) Ttime: 5.0489 Vtime: 0.0270
Step: 30200  Loss: 0.026680 Regul: 0.005173 Obj: 0.031853 (0.031582) Rank: 77 (76) Ttime: 5.1582 Vtime: 0.0270
Step: 30300  Loss: 0.026660 Regul: 0.005174 Obj: 0.031834 (0.031582) Rank: 77 (76) Ttime: 5.0928 Vtime: 0.0269
Step: 30400  Loss: 0.026612 Regul: 0.005172 Obj: 0.031785 (0.031582) Rank: 77 (76) Ttime: 5.1315 Vtime: 0.0264
Step: 30500  Loss: 0.026545 Regul: 0.005173 Obj: 0.031717 (0.031582) Rank: 77 (76) Ttime: 5.1107 Vtime: 0.0269
Step: 30600  Loss: 0.026562 Regul: 0.005174 Obj: 0.031736 (0.031582) Rank: 77 (76) Ttime: 5.0700 Vtime: 0.0270
Step: 30700  Loss: 0.026547 Regul: 0.005171 Obj: 0.031718 (0.031582) Rank: 77 (76) Ttime: 5.0101 Vtime: 0.0266
Step: 30800  Loss: 0.026456 Regul: 0.005176 Obj: 0.031632 (0.031582) Rank: 77 (76) Ttime: 5.0468 Vtime: 0.0267
Step: 30900  Loss: 0.026513 Regul: 0.005169 Obj: 0.031682 (0.031582) Rank: 77 (76) Ttime: 5.0450 Vtime: 0.0267
Step: 31000  Loss: 0.026572 Regul: 0.005172 Obj: 0.031745 (0.031582) Rank: 77 (76) Ttime: 5.0666 Vtime: 0.0269
Step: 31100  Loss: 0.026573 Regul: 0.005176 Obj: 0.031748 (0.031582) Rank: 77 (76) Ttime: 4.9898 Vtime: 0.0265
Step: 31200  Loss: 0.026530 Regul: 0.005176 Obj: 0.031707 (0.031582) Rank: 77 (76) Ttime: 5.0638 Vtime: 0.0273
Step: 31300  Loss: 0.026493 Regul: 0.005172 Obj: 0.031666 (0.031582) Rank: 77 (76) Ttime: 5.0598 Vtime: 0.0264
Step: 31400  Loss: 0.026526 Regul: 0.005175 Obj: 0.031701 (0.031582) Rank: 77 (76) Ttime: 5.0275 Vtime: 0.0272
Step: 31500  Loss: 0.026531 Regul: 0.005175 Obj: 0.031706 (0.031582) Rank: 77 (76) Ttime: 5.1548 Vtime: 0.0268
Step: 31600  Loss: 0.026578 Regul: 0.005175 Obj: 0.031753 (0.031582) Rank: 77 (76) Ttime: 5.0588 Vtime: 0.0266
Step: 31700  Loss: 0.026569 Regul: 0.005178 Obj: 0.031747 (0.031582) Rank: 77 (76) Ttime: 5.1215 Vtime: 0.0264
Step: 31800  Loss: 0.026566 Regul: 0.005179 Obj: 0.031745 (0.031582) Rank: 77 (76) Ttime: 5.1497 Vtime: 0.0270
Step: 31900  Loss: 0.026625 Regul: 0.005180 Obj: 0.031805 (0.031582) Rank: 77 (76) Ttime: 5.0981 Vtime: 0.0270
Step: 32000  Loss: 0.026613 Regul: 0.005179 Obj: 0.031792 (0.031582) Rank: 77 (76) Ttime: 5.0685 Vtime: 0.0266
Step: 32100  Loss: 0.026568 Regul: 0.005180 Obj: 0.031748 (0.031582) Rank: 77 (76) Ttime: 5.0954 Vtime: 0.0272
Step: 32200  Loss: 0.026521 Regul: 0.005180 Obj: 0.031701 (0.031582) Rank: 77 (76) Ttime: 5.0839 Vtime: 0.0265
Step: 32300  Loss: 0.026526 Regul: 0.005181 Obj: 0.031706 (0.031582) Rank: 77 (76) Ttime: 5.0898 Vtime: 0.0271
Step: 32400  Loss: 0.026506 Regul: 0.005181 Obj: 0.031687 (0.031582) Rank: 77 (76) Ttime: 5.1107 Vtime: 0.0272
Step: 32500  Loss: 0.026527 Regul: 0.005183 Obj: 0.031711 (0.031582) Rank: 77 (76) Ttime: 5.0335 Vtime: 0.0274
Step: 32600  Loss: 0.026468 Regul: 0.005184 Obj: 0.031652 (0.031582) Rank: 77 (76) Ttime: 5.0602 Vtime: 0.0267
Step: 32700  Loss: 0.026502 Regul: 0.005182 Obj: 0.031684 (0.031582) Rank: 77 (76) Ttime: 5.0646 Vtime: 0.0272
Step: 32800  Loss: 0.026453 Regul: 0.005182 Obj: 0.031635 (0.031582) Rank: 77 (76) Ttime: 4.9457 Vtime: 0.0264
Step: 32900  Loss: 0.026482 Regul: 0.005183 Obj: 0.031665 (0.031582) Rank: 77 (76) Ttime: 5.0385 Vtime: 0.0277
Step: 33000  Loss: 0.026487 Regul: 0.005182 Obj: 0.031669 (0.031582) Rank: 77 (76) Ttime: 4.9842 Vtime: 0.0268
Step: 33100  Loss: 0.026525 Regul: 0.005188 Obj: 0.031713 (0.031582) Rank: 77 (76) Ttime: 4.9526 Vtime: 0.0272
Step: 33200  Loss: 0.026523 Regul: 0.005192 Obj: 0.031716 (0.031582) Rank: 77 (76) Ttime: 4.9926 Vtime: 0.0265
Step: 33300  Loss: 0.026554 Regul: 0.005193 Obj: 0.031747 (0.031582) Rank: 77 (76) Ttime: 5.0134 Vtime: 0.0268
Step: 33400  Loss: 0.026533 Regul: 0.005195 Obj: 0.031727 (0.031582) Rank: 77 (76) Ttime: 4.9676 Vtime: 0.0267
Step: 33500  Loss: 0.026557 Regul: 0.005194 Obj: 0.031751 (0.031582) Rank: 77 (76) Ttime: 4.9820 Vtime: 0.0271
Step: 33600  Loss: 0.026580 Regul: 0.005192 Obj: 0.031772 (0.031582) Rank: 77 (76) Ttime: 4.9836 Vtime: 0.0268
Step: 33700  Loss: 0.026494 Regul: 0.005189 Obj: 0.031684 (0.031582) Rank: 77 (76) Ttime: 5.0204 Vtime: 0.0265
Step: 33800  Loss: 0.026493 Regul: 0.005186 Obj: 0.031679 (0.031582) Rank: 77 (76) Ttime: 4.9005 Vtime: 0.0278
Step: 33900  Loss: 0.026475 Regul: 0.005190 Obj: 0.031665 (0.031582) Rank: 77 (76) Ttime: 4.9403 Vtime: 0.0267
Step: 34000  Loss: 0.026599 Regul: 0.005189 Obj: 0.031788 (0.031582) Rank: 77 (76) Ttime: 4.9760 Vtime: 0.0269
Step: 34100  Loss: 0.026594 Regul: 0.005190 Obj: 0.031783 (0.031582) Rank: 77 (76) Ttime: 5.0650 Vtime: 0.0261
Step: 34200  Loss: 0.026505 Regul: 0.005187 Obj: 0.031693 (0.031582) Rank: 77 (76) Ttime: 4.9747 Vtime: 0.0266
Step: 34300  Loss: 0.026403 Regul: 0.005189 Obj: 0.031592 (0.031582) Rank: 77 (76) Ttime: 5.0174 Vtime: 0.0268
Step: 34400  Loss: 0.026464 Regul: 0.005194 Obj: 0.031657 (0.031582) Rank: 77 (76) Ttime: 4.9570 Vtime: 0.0266
Step: 34500  Loss: 0.026518 Regul: 0.005197 Obj: 0.031715 (0.031582) Rank: 77 (76) Ttime: 4.9957 Vtime: 0.0265
Step: 34600  Loss: 0.026434 Regul: 0.005196 Obj: 0.031630 (0.031582) Rank: 77 (76) Ttime: 4.9958 Vtime: 0.0267
Step: 34700  Loss: 0.026602 Regul: 0.005196 Obj: 0.031798 (0.031582) Rank: 77 (76) Ttime: 5.0048 Vtime: 0.0264
Step: 34800  Loss: 0.026561 Regul: 0.005195 Obj: 0.031756 (0.031582) Rank: 77 (76) Ttime: 4.9326 Vtime: 0.0267
Step: 34900  Loss: 0.026503 Regul: 0.005194 Obj: 0.031697 (0.031582) Rank: 77 (76) Ttime: 4.9951 Vtime: 0.0269
Step: 35000  Loss: 0.026434 Regul: 0.005196 Obj: 0.031631 (0.031582) Rank: 77 (76) Ttime: 5.0056 Vtime: 0.0264
Step: 35100  Loss: 0.026391 Regul: 0.005198 Obj: 0.031589 (0.031582) Rank: 77 (76) Ttime: 5.0063 Vtime: 0.0264
Best: 35200  Loss: 0.026371 Regul: 0.005203 Obj: 0.031574 (0.031574) Rank: 77 (77) Ttime: 4.9591 Vtime: 0.0267
Stat: Dim [77] AUC: 0.993310 (0.993310) FPR95: 2.33 (2.33) [saved]
Best: 35300  Loss: 0.026364 Regul: 0.005201 Obj: 0.031565 (0.031565) Rank: 76 (76) Ttime: 5.0131 Vtime: 0.0271
Stat: Dim [76] AUC: 0.993315 (0.993315) FPR95: 2.33 (2.33) [saved]
Best: 35400  Loss: 0.026337 Regul: 0.005203 Obj: 0.031540 (0.031540) Rank: 76 (76) Ttime: 5.0804 Vtime: 0.0264
Stat: Dim [76] AUC: 0.993308 (0.993315) FPR95: 2.33 (2.33)
Step: 35500  Loss: 0.026411 Regul: 0.005204 Obj: 0.031614 (0.031540) Rank: 76 (76) Ttime: 5.0197 Vtime: 0.0269
Step: 35600  Loss: 0.026489 Regul: 0.005207 Obj: 0.031696 (0.031540) Rank: 76 (76) Ttime: 5.0338 Vtime: 0.0267
Step: 35700  Loss: 0.026359 Regul: 0.005207 Obj: 0.031566 (0.031540) Rank: 76 (76) Ttime: 4.9909 Vtime: 0.0272
Step: 35800  Loss: 0.026478 Regul: 0.005207 Obj: 0.031685 (0.031540) Rank: 76 (76) Ttime: 5.0193 Vtime: 0.0267
Step: 35900  Loss: 0.026558 Regul: 0.005204 Obj: 0.031762 (0.031540) Rank: 76 (76) Ttime: 4.9412 Vtime: 0.0268
Step: 36000  Loss: 0.026481 Regul: 0.005206 Obj: 0.031687 (0.031540) Rank: 76 (76) Ttime: 4.9236 Vtime: 0.0272
Step: 36100  Loss: 0.026541 Regul: 0.005208 Obj: 0.031749 (0.031540) Rank: 76 (76) Ttime: 4.9947 Vtime: 0.0269
Step: 36200  Loss: 0.026531 Regul: 0.005208 Obj: 0.031739 (0.031540) Rank: 76 (76) Ttime: 5.0230 Vtime: 0.0270
Step: 36300  Loss: 0.026477 Regul: 0.005210 Obj: 0.031687 (0.031540) Rank: 76 (76) Ttime: 5.0613 Vtime: 0.0268
Step: 36400  Loss: 0.026550 Regul: 0.005209 Obj: 0.031758 (0.031540) Rank: 77 (76) Ttime: 5.0131 Vtime: 0.0280
Step: 36500  Loss: 0.026480 Regul: 0.005214 Obj: 0.031694 (0.031540) Rank: 76 (76) Ttime: 5.0674 Vtime: 0.0277
Step: 36600  Loss: 0.026546 Regul: 0.005207 Obj: 0.031753 (0.031540) Rank: 77 (76) Ttime: 5.0843 Vtime: 0.0278
Step: 36700  Loss: 0.026569 Regul: 0.005207 Obj: 0.031776 (0.031540) Rank: 77 (76) Ttime: 5.0755 Vtime: 0.0267
Step: 36800  Loss: 0.026474 Regul: 0.005206 Obj: 0.031680 (0.031540) Rank: 76 (76) Ttime: 5.1026 Vtime: 0.0267
Step: 36900  Loss: 0.026450 Regul: 0.005209 Obj: 0.031659 (0.031540) Rank: 76 (76) Ttime: 5.0321 Vtime: 0.0268
Step: 37000  Loss: 0.026372 Regul: 0.005209 Obj: 0.031581 (0.031540) Rank: 77 (76) Ttime: 5.0258 Vtime: 0.0269
Step: 37100  Loss: 0.026439 Regul: 0.005207 Obj: 0.031646 (0.031540) Rank: 77 (76) Ttime: 4.9990 Vtime: 0.0271
Step: 37200  Loss: 0.026495 Regul: 0.005205 Obj: 0.031700 (0.031540) Rank: 77 (76) Ttime: 5.0200 Vtime: 0.0266
Step: 37300  Loss: 0.026476 Regul: 0.005208 Obj: 0.031684 (0.031540) Rank: 76 (76) Ttime: 5.0136 Vtime: 0.0271
Step: 37400  Loss: 0.026580 Regul: 0.005212 Obj: 0.031792 (0.031540) Rank: 76 (76) Ttime: 5.0324 Vtime: 0.0266
Step: 37500  Loss: 0.026700 Regul: 0.005209 Obj: 0.031908 (0.031540) Rank: 76 (76) Ttime: 5.7057 Vtime: 0.0267
Step: 37600  Loss: 0.026591 Regul: 0.005210 Obj: 0.031801 (0.031540) Rank: 76 (76) Ttime: 5.0042 Vtime: 0.0267
Step: 37700  Loss: 0.026570 Regul: 0.005211 Obj: 0.031781 (0.031540) Rank: 76 (76) Ttime: 4.9969 Vtime: 0.0271
Step: 37800  Loss: 0.026550 Regul: 0.005214 Obj: 0.031764 (0.031540) Rank: 76 (76) Ttime: 4.8655 Vtime: 0.0270
Step: 37900  Loss: 0.026502 Regul: 0.005216 Obj: 0.031718 (0.031540) Rank: 76 (76) Ttime: 5.0135 Vtime: 0.0271
Step: 38000  Loss: 0.026513 Regul: 0.005221 Obj: 0.031734 (0.031540) Rank: 76 (76) Ttime: 5.0155 Vtime: 0.0276
Step: 38100  Loss: 0.026520 Regul: 0.005218 Obj: 0.031738 (0.031540) Rank: 76 (76) Ttime: 5.0087 Vtime: 0.0264
Step: 38200  Loss: 0.026547 Regul: 0.005220 Obj: 0.031767 (0.031540) Rank: 76 (76) Ttime: 4.9294 Vtime: 0.0269
Step: 38300  Loss: 0.026508 Regul: 0.005218 Obj: 0.031726 (0.031540) Rank: 76 (76) Ttime: 4.9970 Vtime: 0.0265
Step: 38400  Loss: 0.026494 Regul: 0.005218 Obj: 0.031712 (0.031540) Rank: 76 (76) Ttime: 4.8983 Vtime: 0.0272
Step: 38500  Loss: 0.026507 Regul: 0.005219 Obj: 0.031726 (0.031540) Rank: 76 (76) Ttime: 4.9249 Vtime: 0.0270
Step: 38600  Loss: 0.026508 Regul: 0.005222 Obj: 0.031730 (0.031540) Rank: 76 (76) Ttime: 4.9114 Vtime: 0.0263
Step: 38700  Loss: 0.026462 Regul: 0.005222 Obj: 0.031685 (0.031540) Rank: 76 (76) Ttime: 4.9102 Vtime: 0.0268
Step: 38800  Loss: 0.026469 Regul: 0.005224 Obj: 0.031692 (0.031540) Rank: 76 (76) Ttime: 4.9045 Vtime: 0.0273
Step: 38900  Loss: 0.026480 Regul: 0.005223 Obj: 0.031704 (0.031540) Rank: 76 (76) Ttime: 4.8550 Vtime: 0.0273
Step: 39000  Loss: 0.026570 Regul: 0.005222 Obj: 0.031792 (0.031540) Rank: 76 (76) Ttime: 4.8533 Vtime: 0.0265
Step: 39100  Loss: 0.026559 Regul: 0.005222 Obj: 0.031782 (0.031540) Rank: 76 (76) Ttime: 5.0194 Vtime: 0.0263
Step: 39200  Loss: 0.026598 Regul: 0.005222 Obj: 0.031819 (0.031540) Rank: 76 (76) Ttime: 4.9596 Vtime: 0.0266
Step: 39300  Loss: 0.026621 Regul: 0.005228 Obj: 0.031850 (0.031540) Rank: 76 (76) Ttime: 4.9189 Vtime: 0.0265
Step: 39400  Loss: 0.026554 Regul: 0.005229 Obj: 0.031783 (0.031540) Rank: 76 (76) Ttime: 5.0242 Vtime: 0.0266
Step: 39500  Loss: 0.026479 Regul: 0.005230 Obj: 0.031709 (0.031540) Rank: 76 (76) Ttime: 5.0081 Vtime: 0.0269
Step: 39600  Loss: 0.026459 Regul: 0.005231 Obj: 0.031690 (0.031540) Rank: 76 (76) Ttime: 4.9876 Vtime: 0.0269
Step: 39700  Loss: 0.026407 Regul: 0.005231 Obj: 0.031638 (0.031540) Rank: 76 (76) Ttime: 4.8885 Vtime: 0.0267
Step: 39800  Loss: 0.026397 Regul: 0.005235 Obj: 0.031632 (0.031540) Rank: 76 (76) Ttime: 4.9816 Vtime: 0.0264
Step: 39900  Loss: 0.026488 Regul: 0.005242 Obj: 0.031729 (0.031540) Rank: 76 (76) Ttime: 5.0595 Vtime: 0.0267
Step: 40000  Loss: 0.026511 Regul: 0.005241 Obj: 0.031752 (0.031540) Rank: 76 (76) Ttime: 4.9100 Vtime: 0.0271
Step: 40100  Loss: 0.026454 Regul: 0.005242 Obj: 0.031696 (0.031540) Rank: 76 (76) Ttime: 4.8872 Vtime: 0.0275
Step: 40200  Loss: 0.026387 Regul: 0.005243 Obj: 0.031630 (0.031540) Rank: 76 (76) Ttime: 4.8681 Vtime: 0.0270
Step: 40300  Loss: 0.026410 Regul: 0.005245 Obj: 0.031655 (0.031540) Rank: 76 (76) Ttime: 4.9561 Vtime: 0.0267
Step: 40400  Loss: 0.026419 Regul: 0.005238 Obj: 0.031658 (0.031540) Rank: 76 (76) Ttime: 4.9721 Vtime: 0.0271
Step: 40500  Loss: 0.026450 Regul: 0.005239 Obj: 0.031689 (0.031540) Rank: 76 (76) Ttime: 4.9695 Vtime: 0.0267
Step: 40600  Loss: 0.026431 Regul: 0.005242 Obj: 0.031673 (0.031540) Rank: 76 (76) Ttime: 5.0280 Vtime: 0.0270
Step: 40700  Loss: 0.026491 Regul: 0.005239 Obj: 0.031731 (0.031540) Rank: 76 (76) Ttime: 5.0051 Vtime: 0.0262
Step: 40800  Loss: 0.026438 Regul: 0.005245 Obj: 0.031683 (0.031540) Rank: 76 (76) Ttime: 5.0134 Vtime: 0.0266
Step: 40900  Loss: 0.026473 Regul: 0.005243 Obj: 0.031716 (0.031540) Rank: 76 (76) Ttime: 4.9271 Vtime: 0.0269
Step: 41000  Loss: 0.026456 Regul: 0.005247 Obj: 0.031702 (0.031540) Rank: 76 (76) Ttime: 4.9736 Vtime: 0.0263
Step: 41100  Loss: 0.026415 Regul: 0.005248 Obj: 0.031662 (0.031540) Rank: 76 (76) Ttime: 4.9135 Vtime: 0.0269
Step: 41200  Loss: 0.026477 Regul: 0.005250 Obj: 0.031726 (0.031540) Rank: 76 (76) Ttime: 4.9836 Vtime: 0.0272
Step: 41300  Loss: 0.026468 Regul: 0.005254 Obj: 0.031722 (0.031540) Rank: 76 (76) Ttime: 4.9079 Vtime: 0.0266
Step: 41400  Loss: 0.026455 Regul: 0.005255 Obj: 0.031710 (0.031540) Rank: 76 (76) Ttime: 4.9550 Vtime: 0.0269
Step: 41500  Loss: 0.026427 Regul: 0.005251 Obj: 0.031679 (0.031540) Rank: 76 (76) Ttime: 4.9347 Vtime: 0.0270
Step: 41600  Loss: 0.026490 Regul: 0.005249 Obj: 0.031738 (0.031540) Rank: 76 (76) Ttime: 4.9444 Vtime: 0.0267
Step: 41700  Loss: 0.026514 Regul: 0.005248 Obj: 0.031762 (0.031540) Rank: 76 (76) Ttime: 4.9999 Vtime: 0.0263
Step: 41800  Loss: 0.026531 Regul: 0.005246 Obj: 0.031777 (0.031540) Rank: 76 (76) Ttime: 4.9823 Vtime: 0.0261
Step: 41900  Loss: 0.026519 Regul: 0.005250 Obj: 0.031769 (0.031540) Rank: 76 (76) Ttime: 5.0301 Vtime: 0.0266
Step: 42000  Loss: 0.026425 Regul: 0.005254 Obj: 0.031679 (0.031540) Rank: 76 (76) Ttime: 4.9636 Vtime: 0.0270
Step: 42100  Loss: 0.026392 Regul: 0.005255 Obj: 0.031647 (0.031540) Rank: 76 (76) Ttime: 4.9629 Vtime: 0.0269
Step: 42200  Loss: 0.026335 Regul: 0.005253 Obj: 0.031588 (0.031540) Rank: 76 (76) Ttime: 5.0163 Vtime: 0.0269
Step: 42300  Loss: 0.026341 Regul: 0.005257 Obj: 0.031597 (0.031540) Rank: 76 (76) Ttime: 4.9588 Vtime: 0.0267
Step: 42400  Loss: 0.026380 Regul: 0.005257 Obj: 0.031637 (0.031540) Rank: 76 (76) Ttime: 5.0144 Vtime: 0.0271
Step: 42500  Loss: 0.026390 Regul: 0.005254 Obj: 0.031645 (0.031540) Rank: 76 (76) Ttime: 4.9869 Vtime: 0.0264
Step: 42600  Loss: 0.026418 Regul: 0.005252 Obj: 0.031670 (0.031540) Rank: 76 (76) Ttime: 4.9971 Vtime: 0.0266
Step: 42700  Loss: 0.026339 Regul: 0.005256 Obj: 0.031595 (0.031540) Rank: 76 (76) Ttime: 5.0030 Vtime: 0.0266
Step: 42800  Loss: 0.026331 Regul: 0.005252 Obj: 0.031582 (0.031540) Rank: 76 (76) Ttime: 4.9605 Vtime: 0.0266
Step: 42900  Loss: 0.026385 Regul: 0.005253 Obj: 0.031639 (0.031540) Rank: 76 (76) Ttime: 4.9235 Vtime: 0.0265
Step: 43000  Loss: 0.026437 Regul: 0.005252 Obj: 0.031689 (0.031540) Rank: 76 (76) Ttime: 5.0086 Vtime: 0.0272
Step: 43100  Loss: 0.026430 Regul: 0.005248 Obj: 0.031678 (0.031540) Rank: 76 (76) Ttime: 4.9811 Vtime: 0.0267
Step: 43200  Loss: 0.026389 Regul: 0.005253 Obj: 0.031642 (0.031540) Rank: 76 (76) Ttime: 4.9054 Vtime: 0.0267
Step: 43300  Loss: 0.026361 Regul: 0.005257 Obj: 0.031618 (0.031540) Rank: 76 (76) Ttime: 4.9157 Vtime: 0.0267
Step: 43400  Loss: 0.026393 Regul: 0.005253 Obj: 0.031646 (0.031540) Rank: 76 (76) Ttime: 4.8946 Vtime: 0.0268
Step: 43500  Loss: 0.026404 Regul: 0.005254 Obj: 0.031659 (0.031540) Rank: 76 (76) Ttime: 4.9058 Vtime: 0.0270
Step: 43600  Loss: 0.026454 Regul: 0.005251 Obj: 0.031704 (0.031540) Rank: 76 (76) Ttime: 4.9153 Vtime: 0.0268
Step: 43700  Loss: 0.026415 Regul: 0.005253 Obj: 0.031667 (0.031540) Rank: 76 (76) Ttime: 4.9410 Vtime: 0.0276
Step: 43800  Loss: 0.026552 Regul: 0.005249 Obj: 0.031801 (0.031540) Rank: 76 (76) Ttime: 4.9038 Vtime: 0.0270
Step: 43900  Loss: 0.026529 Regul: 0.005249 Obj: 0.031778 (0.031540) Rank: 76 (76) Ttime: 4.9667 Vtime: 0.0274
Step: 44000  Loss: 0.026511 Regul: 0.005251 Obj: 0.031763 (0.031540) Rank: 76 (76) Ttime: 4.9491 Vtime: 0.0265
Step: 44100  Loss: 0.026489 Regul: 0.005259 Obj: 0.031748 (0.031540) Rank: 76 (76) Ttime: 4.9064 Vtime: 0.0271
Step: 44200  Loss: 0.026481 Regul: 0.005260 Obj: 0.031741 (0.031540) Rank: 76 (76) Ttime: 4.9600 Vtime: 0.0271
Step: 44300  Loss: 0.026423 Regul: 0.005263 Obj: 0.031686 (0.031540) Rank: 76 (76) Ttime: 4.9914 Vtime: 0.0265
Step: 44400  Loss: 0.026431 Regul: 0.005263 Obj: 0.031694 (0.031540) Rank: 76 (76) Ttime: 4.9822 Vtime: 0.0265
Step: 44500  Loss: 0.026401 Regul: 0.005263 Obj: 0.031664 (0.031540) Rank: 76 (76) Ttime: 4.9916 Vtime: 0.0265
Step: 44600  Loss: 0.026479 Regul: 0.005264 Obj: 0.031743 (0.031540) Rank: 76 (76) Ttime: 4.9992 Vtime: 0.0268
Step: 44700  Loss: 0.026434 Regul: 0.005261 Obj: 0.031696 (0.031540) Rank: 76 (76) Ttime: 4.9385 Vtime: 0.0274
Step: 44800  Loss: 0.026477 Regul: 0.005267 Obj: 0.031744 (0.031540) Rank: 76 (76) Ttime: 4.9787 Vtime: 0.0268
Step: 44900  Loss: 0.026421 Regul: 0.005272 Obj: 0.031693 (0.031540) Rank: 76 (76) Ttime: 4.9982 Vtime: 0.0276
Step: 45000  Loss: 0.026431 Regul: 0.005270 Obj: 0.031701 (0.031540) Rank: 76 (76) Ttime: 5.0032 Vtime: 0.0272
Step: 45100  Loss: 0.026466 Regul: 0.005267 Obj: 0.031733 (0.031540) Rank: 76 (76) Ttime: 4.8955 Vtime: 0.0271
Step: 45200  Loss: 0.026503 Regul: 0.005270 Obj: 0.031773 (0.031540) Rank: 76 (76) Ttime: 4.9357 Vtime: 0.0266
Step: 45300  Loss: 0.026461 Regul: 0.005271 Obj: 0.031731 (0.031540) Rank: 76 (76) Ttime: 4.9076 Vtime: 0.0265
Step: 45400  Loss: 0.026410 Regul: 0.005272 Obj: 0.031682 (0.031540) Rank: 76 (76) Ttime: 4.9059 Vtime: 0.0265
Step: 45500  Loss: 0.026407 Regul: 0.005271 Obj: 0.031678 (0.031540) Rank: 76 (76) Ttime: 4.9490 Vtime: 0.0269
Step: 45600  Loss: 0.026412 Regul: 0.005272 Obj: 0.031684 (0.031540) Rank: 76 (76) Ttime: 4.8681 Vtime: 0.0267
Step: 45700  Loss: 0.026338 Regul: 0.005271 Obj: 0.031609 (0.031540) Rank: 76 (76) Ttime: 4.9420 Vtime: 0.0268
Step: 45800  Loss: 0.026401 Regul: 0.005275 Obj: 0.031676 (0.031540) Rank: 76 (76) Ttime: 4.9996 Vtime: 0.0267
Step: 45900  Loss: 0.026398 Regul: 0.005276 Obj: 0.031673 (0.031540) Rank: 76 (76) Ttime: 5.0296 Vtime: 0.0266
Step: 46000  Loss: 0.026396 Regul: 0.005273 Obj: 0.031669 (0.031540) Rank: 76 (76) Ttime: 4.9551 Vtime: 0.0270
Step: 46100  Loss: 0.026440 Regul: 0.005275 Obj: 0.031714 (0.031540) Rank: 76 (76) Ttime: 4.9338 Vtime: 0.0268
Step: 46200  Loss: 0.026411 Regul: 0.005275 Obj: 0.031686 (0.031540) Rank: 76 (76) Ttime: 5.0007 Vtime: 0.0271
Step: 46300  Loss: 0.026438 Regul: 0.005279 Obj: 0.031717 (0.031540) Rank: 76 (76) Ttime: 5.1034 Vtime: 0.0268
Step: 46400  Loss: 0.026374 Regul: 0.005281 Obj: 0.031656 (0.031540) Rank: 76 (76) Ttime: 5.0613 Vtime: 0.0264
Step: 46500  Loss: 0.026337 Regul: 0.005279 Obj: 0.031616 (0.031540) Rank: 76 (76) Ttime: 5.0012 Vtime: 0.0267
Step: 46600  Loss: 0.026358 Regul: 0.005279 Obj: 0.031637 (0.031540) Rank: 76 (76) Ttime: 5.0675 Vtime: 0.0267
Step: 46700  Loss: 0.026389 Regul: 0.005276 Obj: 0.031666 (0.031540) Rank: 76 (76) Ttime: 4.9432 Vtime: 0.0266
Step: 46800  Loss: 0.026409 Regul: 0.005274 Obj: 0.031683 (0.031540) Rank: 76 (76) Ttime: 4.9764 Vtime: 0.0270
Step: 46900  Loss: 0.026435 Regul: 0.005273 Obj: 0.031707 (0.031540) Rank: 76 (76) Ttime: 4.9844 Vtime: 0.0272
Step: 47000  Loss: 0.026434 Regul: 0.005272 Obj: 0.031706 (0.031540) Rank: 76 (76) Ttime: 4.9985 Vtime: 0.0267
Step: 47100  Loss: 0.026489 Regul: 0.005273 Obj: 0.031761 (0.031540) Rank: 76 (76) Ttime: 5.0587 Vtime: 0.0267
Step: 47200  Loss: 0.026549 Regul: 0.005270 Obj: 0.031819 (0.031540) Rank: 76 (76) Ttime: 5.0639 Vtime: 0.0268
Step: 47300  Loss: 0.026503 Regul: 0.005269 Obj: 0.031772 (0.031540) Rank: 76 (76) Ttime: 5.0959 Vtime: 0.0267
Step: 47400  Loss: 0.026516 Regul: 0.005268 Obj: 0.031784 (0.031540) Rank: 76 (76) Ttime: 5.0544 Vtime: 0.0264
Step: 47500  Loss: 0.026460 Regul: 0.005269 Obj: 0.031728 (0.031540) Rank: 76 (76) Ttime: 5.0321 Vtime: 0.0275
Step: 47600  Loss: 0.026451 Regul: 0.005269 Obj: 0.031720 (0.031540) Rank: 76 (76) Ttime: 5.0860 Vtime: 0.0269
Step: 47700  Loss: 0.026531 Regul: 0.005271 Obj: 0.031802 (0.031540) Rank: 76 (76) Ttime: 5.1348 Vtime: 0.0265
Step: 47800  Loss: 0.026559 Regul: 0.005274 Obj: 0.031833 (0.031540) Rank: 76 (76) Ttime: 5.0484 Vtime: 0.0266
Step: 47900  Loss: 0.026582 Regul: 0.005276 Obj: 0.031858 (0.031540) Rank: 76 (76) Ttime: 5.0300 Vtime: 0.0265
Step: 48000  Loss: 0.026607 Regul: 0.005274 Obj: 0.031880 (0.031540) Rank: 76 (76) Ttime: 5.0366 Vtime: 0.0264
Step: 48100  Loss: 0.026639 Regul: 0.005274 Obj: 0.031913 (0.031540) Rank: 76 (76) Ttime: 5.1382 Vtime: 0.0270
Step: 48200  Loss: 0.026636 Regul: 0.005275 Obj: 0.031911 (0.031540) Rank: 76 (76) Ttime: 5.0475 Vtime: 0.0267
Step: 48300  Loss: 0.026631 Regul: 0.005273 Obj: 0.031904 (0.031540) Rank: 76 (76) Ttime: 5.2178 Vtime: 0.0273
Step: 48400  Loss: 0.026648 Regul: 0.005272 Obj: 0.031920 (0.031540) Rank: 76 (76) Ttime: 5.2300 Vtime: 0.0265
Step: 48500  Loss: 0.026582 Regul: 0.005271 Obj: 0.031853 (0.031540) Rank: 76 (76) Ttime: 5.1165 Vtime: 0.0273
Step: 48600  Loss: 0.026585 Regul: 0.005272 Obj: 0.031857 (0.031540) Rank: 76 (76) Ttime: 5.1642 Vtime: 0.0265
Step: 48700  Loss: 0.026537 Regul: 0.005276 Obj: 0.031813 (0.031540) Rank: 76 (76) Ttime: 5.1886 Vtime: 0.0274
Step: 48800  Loss: 0.026622 Regul: 0.005276 Obj: 0.031899 (0.031540) Rank: 76 (76) Ttime: 5.1617 Vtime: 0.0272
Step: 48900  Loss: 0.026626 Regul: 0.005276 Obj: 0.031901 (0.031540) Rank: 76 (76) Ttime: 5.2125 Vtime: 0.0270
Step: 49000  Loss: 0.026524 Regul: 0.005276 Obj: 0.031799 (0.031540) Rank: 76 (76) Ttime: 5.1550 Vtime: 0.0267
Step: 49100  Loss: 0.026579 Regul: 0.005275 Obj: 0.031854 (0.031540) Rank: 76 (76) Ttime: 5.0824 Vtime: 0.0270
Step: 49200  Loss: 0.026612 Regul: 0.005276 Obj: 0.031888 (0.031540) Rank: 76 (76) Ttime: 5.0751 Vtime: 0.0269
Step: 49300  Loss: 0.026596 Regul: 0.005280 Obj: 0.031875 (0.031540) Rank: 76 (76) Ttime: 5.1122 Vtime: 0.0265
Step: 49400  Loss: 0.026583 Regul: 0.005283 Obj: 0.031866 (0.031540) Rank: 76 (76) Ttime: 5.0247 Vtime: 0.0267
Step: 49500  Loss: 0.026611 Regul: 0.005279 Obj: 0.031890 (0.031540) Rank: 76 (76) Ttime: 4.9629 Vtime: 0.0270
Step: 49600  Loss: 0.026594 Regul: 0.005281 Obj: 0.031875 (0.031540) Rank: 76 (76) Ttime: 5.0000 Vtime: 0.0273
Step: 49700  Loss: 0.026553 Regul: 0.005280 Obj: 0.031833 (0.031540) Rank: 76 (76) Ttime: 5.0657 Vtime: 0.0268
Step: 49800  Loss: 0.026517 Regul: 0.005281 Obj: 0.031798 (0.031540) Rank: 76 (76) Ttime: 4.9952 Vtime: 0.0264
Step: 49900  Loss: 0.026520 Regul: 0.005282 Obj: 0.031802 (0.031540) Rank: 76 (76) Ttime: 5.1325 Vtime: 0.0268
Step: 50000  Loss: 0.026465 Regul: 0.005285 Obj: 0.031750 (0.031540) Rank: 76 (76) Ttime: 4.9932 Vtime: 0.0270
