mu: 0.002 gamma: 0.025 maxdim: 80 nIters: 50000
Load Labels: 500000
Load Distances: 500000 x 480
0...10...20...30...40...50...60...70...80...90...100 - done.
Positive samples #250000
Negative samples #250000
Positive train #200000
Negative train #200000
Positive valid #50000
Negative valid #50000

Found GPU: GeForce GTX 970
Compute Capability: 5.2

Best: 100  Loss: 1.501729 Regul: 0.563441 Obj: 2.065170 (2.065170) Rank: 85 (85) Ttime: 5.6316 Vtime: 0.1058
Stat: Dim [85] AUC: 0.984337 (0.984337) FPR95: 7.46 (7.46) [saved]
Best: 200  Loss: 0.591242 Regul: 0.298922 Obj: 0.890164 (0.890164) Rank: 62 (62) Ttime: 5.4792 Vtime: 0.0209
Stat: Dim [62] AUC: 0.985883 (0.985883) FPR95: 6.41 (6.41) [saved]
Best: 300  Loss: 0.326614 Regul: 0.180664 Obj: 0.507278 (0.507278) Rank: 50 (50) Ttime: 5.3516 Vtime: 0.0207
Stat: Dim [50] AUC: 0.986577 (0.986577) FPR95: 6.06 (6.06) [saved]
Best: 400  Loss: 0.189763 Regul: 0.112888 Obj: 0.302650 (0.302650) Rank: 44 (44) Ttime: 5.2967 Vtime: 0.0209
Stat: Dim [44] AUC: 0.987085 (0.987085) FPR95: 5.73 (5.73) [saved]
Best: 500  Loss: 0.111906 Regul: 0.069052 Obj: 0.180958 (0.180958) Rank: 38 (38) Ttime: 5.2909 Vtime: 0.0208
Stat: Dim [38] AUC: 0.987336 (0.987085) FPR95: 5.87 (5.73)
Best: 600  Loss: 0.079417 Regul: 0.042501 Obj: 0.121918 (0.121918) Rank: 35 (35) Ttime: 5.2814 Vtime: 0.0206
Stat: Dim [35] AUC: 0.986614 (0.987085) FPR95: 6.44 (5.73)
Best: 700  Loss: 0.060347 Regul: 0.028217 Obj: 0.088563 (0.088563) Rank: 33 (33) Ttime: 5.3722 Vtime: 0.0212
Stat: Dim [33] AUC: 0.986327 (0.987085) FPR95: 6.51 (5.73)
Best: 800  Loss: 0.054625 Regul: 0.021335 Obj: 0.075960 (0.075960) Rank: 32 (32) Ttime: 5.3909 Vtime: 0.0209
Stat: Dim [32] AUC: 0.986078 (0.987085) FPR95: 6.60 (5.73)
Best: 900  Loss: 0.054240 Regul: 0.019735 Obj: 0.073976 (0.073976) Rank: 31 (31) Ttime: 5.4305 Vtime: 0.0209
Stat: Dim [31] AUC: 0.985541 (0.987085) FPR95: 7.04 (5.73)
Best: 1000  Loss: 0.051202 Regul: 0.018522 Obj: 0.069724 (0.069724) Rank: 32 (32) Ttime: 5.4211 Vtime: 0.0208
Stat: Dim [32] AUC: 0.986511 (0.987085) FPR95: 6.24 (5.73)
Best: 1100  Loss: 0.052101 Regul: 0.017519 Obj: 0.069620 (0.069620) Rank: 30 (30) Ttime: 5.3665 Vtime: 0.0217
Stat: Dim [30] AUC: 0.985625 (0.987085) FPR95: 6.94 (5.73)
Best: 1200  Loss: 0.050288 Regul: 0.017367 Obj: 0.067655 (0.067655) Rank: 31 (31) Ttime: 5.4471 Vtime: 0.0207
Stat: Dim [31] AUC: 0.986301 (0.987085) FPR95: 6.48 (5.73)
Step: 1300  Loss: 0.051320 Regul: 0.017388 Obj: 0.068708 (0.067655) Rank: 30 (31) Ttime: 5.5417 Vtime: 0.0202
Best: 1400  Loss: 0.046991 Regul: 0.016846 Obj: 0.063838 (0.063838) Rank: 31 (31) Ttime: 5.5122 Vtime: 0.0211
Stat: Dim [31] AUC: 0.986902 (0.987085) FPR95: 6.05 (5.73)
Step: 1500  Loss: 0.047927 Regul: 0.016614 Obj: 0.064541 (0.063838) Rank: 31 (31) Ttime: 5.4344 Vtime: 0.0203
Step: 1600  Loss: 0.048438 Regul: 0.016637 Obj: 0.065075 (0.063838) Rank: 30 (31) Ttime: 5.4176 Vtime: 0.0208
Best: 1700  Loss: 0.045258 Regul: 0.016553 Obj: 0.061810 (0.061810) Rank: 31 (31) Ttime: 5.5098 Vtime: 0.0204
Stat: Dim [31] AUC: 0.986985 (0.987085) FPR95: 5.82 (5.73)
Step: 1800  Loss: 0.047642 Regul: 0.016444 Obj: 0.064087 (0.061810) Rank: 32 (31) Ttime: 5.4956 Vtime: 0.0215
Best: 1900  Loss: 0.044061 Regul: 0.015355 Obj: 0.059415 (0.059415) Rank: 31 (31) Ttime: 5.5084 Vtime: 0.0205
Stat: Dim [31] AUC: 0.987066 (0.987085) FPR95: 6.07 (5.73)
Best: 2000  Loss: 0.043627 Regul: 0.015771 Obj: 0.059398 (0.059398) Rank: 32 (32) Ttime: 5.5447 Vtime: 0.0211
Stat: Dim [32] AUC: 0.987466 (0.987466) FPR95: 5.55 (5.55) [saved]
Step: 2100  Loss: 0.043691 Regul: 0.016118 Obj: 0.059810 (0.059398) Rank: 33 (32) Ttime: 5.4289 Vtime: 0.0216
Step: 2200  Loss: 0.044529 Regul: 0.015371 Obj: 0.059900 (0.059398) Rank: 32 (32) Ttime: 5.5378 Vtime: 0.0212
Best: 2300  Loss: 0.043473 Regul: 0.015074 Obj: 0.058547 (0.058547) Rank: 32 (32) Ttime: 5.4313 Vtime: 0.0201
Stat: Dim [32] AUC: 0.987560 (0.987560) FPR95: 5.41 (5.41) [saved]
Best: 2400  Loss: 0.043029 Regul: 0.015053 Obj: 0.058082 (0.058082) Rank: 34 (34) Ttime: 5.5414 Vtime: 0.0210
Stat: Dim [34] AUC: 0.987556 (0.987560) FPR95: 5.57 (5.41)
Best: 2500  Loss: 0.042409 Regul: 0.014576 Obj: 0.056985 (0.056985) Rank: 34 (34) Ttime: 5.5493 Vtime: 0.0202
Stat: Dim [34] AUC: 0.987519 (0.987560) FPR95: 5.56 (5.41)
Step: 2600  Loss: 0.045097 Regul: 0.014829 Obj: 0.059926 (0.056985) Rank: 32 (34) Ttime: 5.4235 Vtime: 0.0216
Step: 2700  Loss: 0.044268 Regul: 0.015032 Obj: 0.059300 (0.056985) Rank: 32 (34) Ttime: 5.4510 Vtime: 0.0205
Best: 2800  Loss: 0.041607 Regul: 0.014459 Obj: 0.056066 (0.056066) Rank: 33 (33) Ttime: 5.4201 Vtime: 0.0209
Stat: Dim [33] AUC: 0.987698 (0.987698) FPR95: 5.40 (5.40) [saved]
Step: 2900  Loss: 0.042714 Regul: 0.014692 Obj: 0.057406 (0.056066) Rank: 33 (33) Ttime: 5.5255 Vtime: 0.0204
Step: 3000  Loss: 0.043078 Regul: 0.014275 Obj: 0.057353 (0.056066) Rank: 32 (33) Ttime: 5.5457 Vtime: 0.0207
Step: 3100  Loss: 0.044567 Regul: 0.014157 Obj: 0.058724 (0.056066) Rank: 33 (33) Ttime: 5.5238 Vtime: 0.0209
Step: 3200  Loss: 0.043033 Regul: 0.014087 Obj: 0.057120 (0.056066) Rank: 32 (33) Ttime: 5.4217 Vtime: 0.0209
Best: 3300  Loss: 0.041445 Regul: 0.014245 Obj: 0.055691 (0.055691) Rank: 34 (34) Ttime: 5.4518 Vtime: 0.0212
Stat: Dim [34] AUC: 0.987823 (0.987823) FPR95: 5.34 (5.34) [saved]
Best: 3400  Loss: 0.041468 Regul: 0.013856 Obj: 0.055325 (0.055325) Rank: 32 (32) Ttime: 5.4879 Vtime: 0.0208
Stat: Dim [32] AUC: 0.987695 (0.987823) FPR95: 5.36 (5.34)
Best: 3500  Loss: 0.040490 Regul: 0.014235 Obj: 0.054725 (0.054725) Rank: 32 (32) Ttime: 5.4792 Vtime: 0.0206
Stat: Dim [32] AUC: 0.987875 (0.987823) FPR95: 5.35 (5.34)
Step: 3600  Loss: 0.042308 Regul: 0.014029 Obj: 0.056337 (0.054725) Rank: 33 (32) Ttime: 5.4212 Vtime: 0.0214
Step: 3700  Loss: 0.043721 Regul: 0.013991 Obj: 0.057712 (0.054725) Rank: 32 (32) Ttime: 5.4396 Vtime: 0.0211
Best: 3800  Loss: 0.040167 Regul: 0.014155 Obj: 0.054322 (0.054322) Rank: 32 (32) Ttime: 5.4767 Vtime: 0.0201
Stat: Dim [32] AUC: 0.988024 (0.988024) FPR95: 5.26 (5.26) [saved]
Step: 3900  Loss: 0.042482 Regul: 0.013988 Obj: 0.056471 (0.054322) Rank: 33 (32) Ttime: 5.4861 Vtime: 0.0210
Step: 4000  Loss: 0.042283 Regul: 0.013631 Obj: 0.055915 (0.054322) Rank: 32 (32) Ttime: 5.5403 Vtime: 0.0209
Step: 4100  Loss: 0.041591 Regul: 0.013295 Obj: 0.054886 (0.054322) Rank: 32 (32) Ttime: 5.5209 Vtime: 0.0208
Best: 4200  Loss: 0.040406 Regul: 0.013442 Obj: 0.053848 (0.053848) Rank: 32 (32) Ttime: 5.5846 Vtime: 0.0202
Stat: Dim [32] AUC: 0.987594 (0.988024) FPR95: 5.60 (5.26)
Step: 4300  Loss: 0.041071 Regul: 0.013391 Obj: 0.054462 (0.053848) Rank: 33 (32) Ttime: 5.5169 Vtime: 0.0212
Best: 4400  Loss: 0.039327 Regul: 0.013483 Obj: 0.052810 (0.052810) Rank: 33 (33) Ttime: 5.5770 Vtime: 0.0211
Stat: Dim [33] AUC: 0.988146 (0.988146) FPR95: 5.07 (5.07) [saved]
Step: 4500  Loss: 0.040662 Regul: 0.013526 Obj: 0.054188 (0.052810) Rank: 34 (33) Ttime: 5.4425 Vtime: 0.0208
Step: 4600  Loss: 0.040689 Regul: 0.013424 Obj: 0.054113 (0.052810) Rank: 33 (33) Ttime: 5.5553 Vtime: 0.0210
Step: 4700  Loss: 0.043822 Regul: 0.013640 Obj: 0.057462 (0.052810) Rank: 34 (33) Ttime: 5.5271 Vtime: 0.0215
Best: 4800  Loss: 0.038973 Regul: 0.013430 Obj: 0.052403 (0.052403) Rank: 34 (34) Ttime: 5.5283 Vtime: 0.0206
Stat: Dim [34] AUC: 0.988136 (0.988146) FPR95: 5.12 (5.07)
Best: 4900  Loss: 0.038447 Regul: 0.013249 Obj: 0.051696 (0.051696) Rank: 34 (34) Ttime: 5.5091 Vtime: 0.0208
Stat: Dim [34] AUC: 0.987984 (0.988146) FPR95: 5.29 (5.07)
Step: 5000  Loss: 0.040925 Regul: 0.013116 Obj: 0.054041 (0.051696) Rank: 33 (34) Ttime: 5.4824 Vtime: 0.0213
Step: 5100  Loss: 0.038828 Regul: 0.013282 Obj: 0.052110 (0.051696) Rank: 34 (34) Ttime: 5.5202 Vtime: 0.0210
Step: 5200  Loss: 0.040489 Regul: 0.013225 Obj: 0.053714 (0.051696) Rank: 34 (34) Ttime: 5.5940 Vtime: 0.0203
Step: 5300  Loss: 0.039063 Regul: 0.013231 Obj: 0.052294 (0.051696) Rank: 34 (34) Ttime: 5.5696 Vtime: 0.0205
Step: 5400  Loss: 0.040048 Regul: 0.013200 Obj: 0.053247 (0.051696) Rank: 33 (34) Ttime: 5.4623 Vtime: 0.0216
Step: 5500  Loss: 0.039713 Regul: 0.013012 Obj: 0.052725 (0.051696) Rank: 34 (34) Ttime: 5.5616 Vtime: 0.0209
Step: 5600  Loss: 0.040031 Regul: 0.013078 Obj: 0.053109 (0.051696) Rank: 33 (34) Ttime: 5.4376 Vtime: 0.0209
Best: 5700  Loss: 0.038547 Regul: 0.013009 Obj: 0.051556 (0.051556) Rank: 33 (33) Ttime: 5.4289 Vtime: 0.0210
Stat: Dim [33] AUC: 0.988399 (0.988399) FPR95: 5.04 (5.04) [saved]
Step: 5800  Loss: 0.040082 Regul: 0.012852 Obj: 0.052934 (0.051556) Rank: 33 (33) Ttime: 5.5083 Vtime: 0.0207
Step: 5900  Loss: 0.039031 Regul: 0.013017 Obj: 0.052048 (0.051556) Rank: 34 (33) Ttime: 5.4969 Vtime: 0.0212
Best: 6000  Loss: 0.037258 Regul: 0.013016 Obj: 0.050275 (0.050275) Rank: 35 (35) Ttime: 5.4914 Vtime: 0.0210
Stat: Dim [35] AUC: 0.988769 (0.988769) FPR95: 4.67 (4.67) [saved]
Step: 6100  Loss: 0.038376 Regul: 0.012740 Obj: 0.051116 (0.050275) Rank: 36 (35) Ttime: 5.4587 Vtime: 0.0210
Step: 6200  Loss: 0.038356 Regul: 0.012851 Obj: 0.051207 (0.050275) Rank: 35 (35) Ttime: 5.5015 Vtime: 0.0215
Step: 6300  Loss: 0.040078 Regul: 0.012839 Obj: 0.052917 (0.050275) Rank: 35 (35) Ttime: 5.5100 Vtime: 0.0206
Step: 6400  Loss: 0.038805 Regul: 0.012867 Obj: 0.051672 (0.050275) Rank: 35 (35) Ttime: 5.4399 Vtime: 0.0207
Step: 6500  Loss: 0.038578 Regul: 0.012888 Obj: 0.051466 (0.050275) Rank: 34 (35) Ttime: 5.5776 Vtime: 0.0211
Step: 6600  Loss: 0.037903 Regul: 0.012876 Obj: 0.050779 (0.050275) Rank: 36 (35) Ttime: 5.5059 Vtime: 0.0210
Step: 6700  Loss: 0.039590 Regul: 0.012476 Obj: 0.052066 (0.050275) Rank: 34 (35) Ttime: 5.5582 Vtime: 0.0212
Step: 6800  Loss: 0.040163 Regul: 0.012881 Obj: 0.053043 (0.050275) Rank: 35 (35) Ttime: 5.5302 Vtime: 0.0213
Step: 6900  Loss: 0.038144 Regul: 0.012525 Obj: 0.050669 (0.050275) Rank: 34 (35) Ttime: 5.5778 Vtime: 0.0209
Best: 7000  Loss: 0.037617 Regul: 0.012503 Obj: 0.050120 (0.050120) Rank: 34 (34) Ttime: 5.4898 Vtime: 0.0214
Stat: Dim [34] AUC: 0.988381 (0.988769) FPR95: 4.97 (4.67)
Step: 7100  Loss: 0.038707 Regul: 0.012252 Obj: 0.050959 (0.050120) Rank: 33 (34) Ttime: 5.5370 Vtime: 0.0216
Best: 7200  Loss: 0.037502 Regul: 0.012328 Obj: 0.049830 (0.049830) Rank: 35 (35) Ttime: 5.5353 Vtime: 0.0213
Stat: Dim [35] AUC: 0.988323 (0.988769) FPR95: 5.06 (4.67)
Step: 7300  Loss: 0.039470 Regul: 0.012575 Obj: 0.052045 (0.049830) Rank: 34 (35) Ttime: 5.5693 Vtime: 0.0216
Step: 7400  Loss: 0.037769 Regul: 0.012429 Obj: 0.050198 (0.049830) Rank: 35 (35) Ttime: 5.5376 Vtime: 0.0214
Best: 7500  Loss: 0.037137 Regul: 0.012493 Obj: 0.049630 (0.049630) Rank: 35 (35) Ttime: 5.5953 Vtime: 0.0205
Stat: Dim [35] AUC: 0.988612 (0.988769) FPR95: 4.81 (4.67)
Step: 7600  Loss: 0.038893 Regul: 0.012594 Obj: 0.051487 (0.049630) Rank: 34 (35) Ttime: 5.6045 Vtime: 0.0211
Best: 7700  Loss: 0.037206 Regul: 0.012205 Obj: 0.049412 (0.049412) Rank: 35 (35) Ttime: 5.5266 Vtime: 0.0206
Stat: Dim [35] AUC: 0.988490 (0.988769) FPR95: 4.89 (4.67)
Best: 7800  Loss: 0.037065 Regul: 0.012163 Obj: 0.049227 (0.049227) Rank: 36 (36) Ttime: 5.4879 Vtime: 0.0210
Stat: Dim [36] AUC: 0.988610 (0.988769) FPR95: 4.79 (4.67)
Step: 7900  Loss: 0.039543 Regul: 0.012360 Obj: 0.051903 (0.049227) Rank: 34 (36) Ttime: 5.5008 Vtime: 0.0210
Step: 8000  Loss: 0.038110 Regul: 0.012488 Obj: 0.050598 (0.049227) Rank: 34 (36) Ttime: 5.5293 Vtime: 0.0200
Best: 8100  Loss: 0.036723 Regul: 0.012426 Obj: 0.049149 (0.049149) Rank: 34 (34) Ttime: 5.5321 Vtime: 0.0206
Stat: Dim [34] AUC: 0.988719 (0.988769) FPR95: 4.63 (4.67)
Best: 8200  Loss: 0.036800 Regul: 0.012293 Obj: 0.049093 (0.049093) Rank: 35 (35) Ttime: 5.5216 Vtime: 0.0211
Stat: Dim [35] AUC: 0.988712 (0.988769) FPR95: 4.68 (4.67)
Best: 8300  Loss: 0.035172 Regul: 0.012393 Obj: 0.047565 (0.047565) Rank: 36 (36) Ttime: 5.6549 Vtime: 0.0216
Stat: Dim [36] AUC: 0.989163 (0.989163) FPR95: 4.42 (4.42) [saved]
Step: 8400  Loss: 0.037631 Regul: 0.012368 Obj: 0.049999 (0.047565) Rank: 35 (36) Ttime: 5.5792 Vtime: 0.0218
Step: 8500  Loss: 0.036987 Regul: 0.012214 Obj: 0.049201 (0.047565) Rank: 36 (36) Ttime: 5.5625 Vtime: 0.0217
Step: 8600  Loss: 0.036774 Regul: 0.012500 Obj: 0.049274 (0.047565) Rank: 35 (36) Ttime: 5.6246 Vtime: 0.0210
Step: 8700  Loss: 0.037477 Regul: 0.012238 Obj: 0.049715 (0.047565) Rank: 35 (36) Ttime: 5.6377 Vtime: 0.0206
Step: 8800  Loss: 0.036828 Regul: 0.012317 Obj: 0.049145 (0.047565) Rank: 35 (36) Ttime: 5.5317 Vtime: 0.0207
Step: 8900  Loss: 0.036996 Regul: 0.011898 Obj: 0.048894 (0.047565) Rank: 35 (36) Ttime: 5.6170 Vtime: 0.0210
Step: 9000  Loss: 0.037977 Regul: 0.012144 Obj: 0.050121 (0.047565) Rank: 35 (36) Ttime: 5.5884 Vtime: 0.0203
Step: 9100  Loss: 0.036784 Regul: 0.012318 Obj: 0.049102 (0.047565) Rank: 37 (36) Ttime: 5.5689 Vtime: 0.0213
Step: 9200  Loss: 0.037147 Regul: 0.012235 Obj: 0.049382 (0.047565) Rank: 35 (36) Ttime: 5.5555 Vtime: 0.0214
Step: 9300  Loss: 0.038537 Regul: 0.011999 Obj: 0.050536 (0.047565) Rank: 34 (36) Ttime: 5.5542 Vtime: 0.0215
Step: 9400  Loss: 0.039351 Regul: 0.011973 Obj: 0.051324 (0.047565) Rank: 35 (36) Ttime: 5.5246 Vtime: 0.0211
Step: 9500  Loss: 0.036850 Regul: 0.011995 Obj: 0.048844 (0.047565) Rank: 36 (36) Ttime: 5.4819 Vtime: 0.0216
Step: 9600  Loss: 0.035565 Regul: 0.012089 Obj: 0.047654 (0.047565) Rank: 35 (36) Ttime: 5.4796 Vtime: 0.0208
Step: 9700  Loss: 0.036687 Regul: 0.012038 Obj: 0.048725 (0.047565) Rank: 35 (36) Ttime: 5.5379 Vtime: 0.0211
Step: 9800  Loss: 0.037111 Regul: 0.012251 Obj: 0.049362 (0.047565) Rank: 36 (36) Ttime: 5.4736 Vtime: 0.0218
Step: 9900  Loss: 0.038113 Regul: 0.012014 Obj: 0.050127 (0.047565) Rank: 35 (36) Ttime: 5.5367 Vtime: 0.0205
Step: 10000  Loss: 0.037362 Regul: 0.011773 Obj: 0.049135 (0.047565) Rank: 35 (36) Ttime: 5.5263 Vtime: 0.0198
Step: 10100  Loss: 0.036622 Regul: 0.011981 Obj: 0.048603 (0.047565) Rank: 36 (36) Ttime: 5.4756 Vtime: 0.0213
Step: 10200  Loss: 0.036784 Regul: 0.012012 Obj: 0.048795 (0.047565) Rank: 36 (36) Ttime: 5.6023 Vtime: 0.0210
Step: 10300  Loss: 0.036334 Regul: 0.012102 Obj: 0.048435 (0.047565) Rank: 37 (36) Ttime: 5.5574 Vtime: 0.0211
Step: 10400  Loss: 0.036806 Regul: 0.012001 Obj: 0.048807 (0.047565) Rank: 35 (36) Ttime: 5.5315 Vtime: 0.0208
Step: 10500  Loss: 0.037024 Regul: 0.011798 Obj: 0.048822 (0.047565) Rank: 34 (36) Ttime: 5.5359 Vtime: 0.0213
Step: 10600  Loss: 0.036460 Regul: 0.011811 Obj: 0.048271 (0.047565) Rank: 36 (36) Ttime: 5.5280 Vtime: 0.0209
Step: 10700  Loss: 0.036334 Regul: 0.011964 Obj: 0.048298 (0.047565) Rank: 36 (36) Ttime: 5.4845 Vtime: 0.0207
Step: 10800  Loss: 0.036001 Regul: 0.012222 Obj: 0.048223 (0.047565) Rank: 35 (36) Ttime: 5.4902 Vtime: 0.0209
Step: 10900  Loss: 0.037055 Regul: 0.012174 Obj: 0.049229 (0.047565) Rank: 36 (36) Ttime: 5.4395 Vtime: 0.0211
Step: 11000  Loss: 0.036586 Regul: 0.012009 Obj: 0.048595 (0.047565) Rank: 36 (36) Ttime: 5.5524 Vtime: 0.0203
Step: 11100  Loss: 0.037465 Regul: 0.011912 Obj: 0.049378 (0.047565) Rank: 35 (36) Ttime: 5.5548 Vtime: 0.0207
Best: 11200  Loss: 0.035682 Regul: 0.011674 Obj: 0.047356 (0.047356) Rank: 35 (35) Ttime: 5.5030 Vtime: 0.0203
Stat: Dim [35] AUC: 0.988795 (0.989163) FPR95: 4.59 (4.42)
Step: 11300  Loss: 0.036768 Regul: 0.011563 Obj: 0.048331 (0.047356) Rank: 35 (35) Ttime: 5.5020 Vtime: 0.0210
Step: 11400  Loss: 0.036536 Regul: 0.011875 Obj: 0.048411 (0.047356) Rank: 35 (35) Ttime: 5.5694 Vtime: 0.0210
Step: 11500  Loss: 0.036983 Regul: 0.011742 Obj: 0.048725 (0.047356) Rank: 35 (35) Ttime: 5.5252 Vtime: 0.0208
Step: 11600  Loss: 0.036070 Regul: 0.011516 Obj: 0.047586 (0.047356) Rank: 35 (35) Ttime: 5.6284 Vtime: 0.0205
Step: 11700  Loss: 0.035854 Regul: 0.011703 Obj: 0.047557 (0.047356) Rank: 36 (35) Ttime: 5.6208 Vtime: 0.0213
Step: 11800  Loss: 0.037153 Regul: 0.011625 Obj: 0.048778 (0.047356) Rank: 36 (35) Ttime: 5.5804 Vtime: 0.0204
Step: 11900  Loss: 0.036350 Regul: 0.011708 Obj: 0.048059 (0.047356) Rank: 36 (35) Ttime: 5.5862 Vtime: 0.0208
Step: 12000  Loss: 0.036204 Regul: 0.011726 Obj: 0.047929 (0.047356) Rank: 37 (35) Ttime: 5.6153 Vtime: 0.0213
Step: 12100  Loss: 0.035987 Regul: 0.011711 Obj: 0.047698 (0.047356) Rank: 36 (35) Ttime: 5.4869 Vtime: 0.0210
Step: 12200  Loss: 0.035985 Regul: 0.011790 Obj: 0.047776 (0.047356) Rank: 36 (35) Ttime: 5.5378 Vtime: 0.0210
Step: 12300  Loss: 0.036301 Regul: 0.011832 Obj: 0.048133 (0.047356) Rank: 37 (35) Ttime: 5.5560 Vtime: 0.0213
Step: 12400  Loss: 0.036681 Regul: 0.011858 Obj: 0.048539 (0.047356) Rank: 36 (35) Ttime: 5.5677 Vtime: 0.0215
Step: 12500  Loss: 0.036497 Regul: 0.011723 Obj: 0.048220 (0.047356) Rank: 37 (35) Ttime: 5.5534 Vtime: 0.0207
Best: 12600  Loss: 0.035098 Regul: 0.011526 Obj: 0.046624 (0.046624) Rank: 35 (35) Ttime: 5.5876 Vtime: 0.0214
Stat: Dim [35] AUC: 0.989002 (0.989163) FPR95: 4.62 (4.42)
Step: 12700  Loss: 0.035772 Regul: 0.011493 Obj: 0.047265 (0.046624) Rank: 35 (35) Ttime: 5.4861 Vtime: 0.0209
Step: 12800  Loss: 0.037721 Regul: 0.011746 Obj: 0.049467 (0.046624) Rank: 37 (35) Ttime: 5.4585 Vtime: 0.0212
Step: 12900  Loss: 0.036935 Regul: 0.011665 Obj: 0.048600 (0.046624) Rank: 36 (35) Ttime: 5.5511 Vtime: 0.0210
Step: 13000  Loss: 0.035830 Regul: 0.011465 Obj: 0.047294 (0.046624) Rank: 36 (35) Ttime: 5.5013 Vtime: 0.0207
Best: 13100  Loss: 0.034912 Regul: 0.011582 Obj: 0.046494 (0.046494) Rank: 37 (37) Ttime: 5.4901 Vtime: 0.0216
Stat: Dim [37] AUC: 0.988984 (0.989163) FPR95: 4.48 (4.42)
Step: 13200  Loss: 0.035391 Regul: 0.011550 Obj: 0.046941 (0.046494) Rank: 36 (37) Ttime: 5.4786 Vtime: 0.0209
Step: 13300  Loss: 0.036107 Regul: 0.011652 Obj: 0.047760 (0.046494) Rank: 36 (37) Ttime: 5.5284 Vtime: 0.0204
Step: 13400  Loss: 0.035530 Regul: 0.011634 Obj: 0.047164 (0.046494) Rank: 37 (37) Ttime: 5.4891 Vtime: 0.0208
Step: 13500  Loss: 0.035404 Regul: 0.011451 Obj: 0.046855 (0.046494) Rank: 37 (37) Ttime: 5.4994 Vtime: 0.0203
Best: 13600  Loss: 0.034643 Regul: 0.011478 Obj: 0.046121 (0.046121) Rank: 36 (36) Ttime: 5.5519 Vtime: 0.0207
Stat: Dim [36] AUC: 0.989098 (0.989163) FPR95: 4.51 (4.42)
Step: 13700  Loss: 0.035381 Regul: 0.011620 Obj: 0.047001 (0.046121) Rank: 38 (36) Ttime: 5.4149 Vtime: 0.0211
Step: 13800  Loss: 0.035666 Regul: 0.011414 Obj: 0.047081 (0.046121) Rank: 35 (36) Ttime: 5.5249 Vtime: 0.0210
Step: 13900  Loss: 0.035560 Regul: 0.011565 Obj: 0.047125 (0.046121) Rank: 37 (36) Ttime: 5.5206 Vtime: 0.0211
Step: 14000  Loss: 0.036344 Regul: 0.011613 Obj: 0.047956 (0.046121) Rank: 36 (36) Ttime: 5.6648 Vtime: 0.0212
Step: 14100  Loss: 0.036233 Regul: 0.011469 Obj: 0.047702 (0.046121) Rank: 37 (36) Ttime: 7.0227 Vtime: 0.0223
Step: 14200  Loss: 0.036174 Regul: 0.011563 Obj: 0.047737 (0.046121) Rank: 37 (36) Ttime: 7.7208 Vtime: 0.0206
Step: 14300  Loss: 0.036072 Regul: 0.011454 Obj: 0.047526 (0.046121) Rank: 36 (36) Ttime: 7.0596 Vtime: 0.0212
Step: 14400  Loss: 0.035595 Regul: 0.011563 Obj: 0.047158 (0.046121) Rank: 36 (36) Ttime: 5.5913 Vtime: 0.0210
Step: 14500  Loss: 0.035160 Regul: 0.011749 Obj: 0.046909 (0.046121) Rank: 37 (36) Ttime: 5.6368 Vtime: 0.0212
Step: 14600  Loss: 0.035310 Regul: 0.011747 Obj: 0.047057 (0.046121) Rank: 36 (36) Ttime: 5.6205 Vtime: 0.0213
Step: 14700  Loss: 0.035529 Regul: 0.011593 Obj: 0.047122 (0.046121) Rank: 36 (36) Ttime: 5.6040 Vtime: 0.0209
Step: 14800  Loss: 0.037207 Regul: 0.011508 Obj: 0.048715 (0.046121) Rank: 37 (36) Ttime: 5.5176 Vtime: 0.0218
Step: 14900  Loss: 0.035948 Regul: 0.011388 Obj: 0.047336 (0.046121) Rank: 37 (36) Ttime: 5.5711 Vtime: 0.0210
Step: 15000  Loss: 0.035575 Regul: 0.011399 Obj: 0.046974 (0.046121) Rank: 37 (36) Ttime: 5.5537 Vtime: 0.0212
Step: 15100  Loss: 0.036132 Regul: 0.011293 Obj: 0.047425 (0.046121) Rank: 37 (36) Ttime: 5.5805 Vtime: 0.0210
Step: 15200  Loss: 0.035166 Regul: 0.011296 Obj: 0.046462 (0.046121) Rank: 38 (36) Ttime: 5.4857 Vtime: 0.0209
Step: 15300  Loss: 0.035534 Regul: 0.011132 Obj: 0.046666 (0.046121) Rank: 37 (36) Ttime: 5.6012 Vtime: 0.0212
Step: 15400  Loss: 0.034834 Regul: 0.011390 Obj: 0.046224 (0.046121) Rank: 37 (36) Ttime: 14.9012 Vtime: 0.0227
Step: 15500  Loss: 0.035739 Regul: 0.011390 Obj: 0.047129 (0.046121) Rank: 36 (36) Ttime: 5.7844 Vtime: 0.0203
Step: 15600  Loss: 0.035362 Regul: 0.011535 Obj: 0.046897 (0.046121) Rank: 37 (36) Ttime: 5.5887 Vtime: 0.0212
Step: 15700  Loss: 0.037170 Regul: 0.011273 Obj: 0.048443 (0.046121) Rank: 36 (36) Ttime: 5.9912 Vtime: 0.0225
Step: 15800  Loss: 0.034822 Regul: 0.011357 Obj: 0.046179 (0.046121) Rank: 36 (36) Ttime: 7.3491 Vtime: 0.0203
Step: 15900  Loss: 0.035280 Regul: 0.011529 Obj: 0.046809 (0.046121) Rank: 37 (36) Ttime: 5.5842 Vtime: 0.0218
Step: 16000  Loss: 0.035705 Regul: 0.011388 Obj: 0.047093 (0.046121) Rank: 36 (36) Ttime: 6.9641 Vtime: 0.0214
Step: 16100  Loss: 0.035806 Regul: 0.011272 Obj: 0.047078 (0.046121) Rank: 35 (36) Ttime: 9.0530 Vtime: 0.0218
Best: 16200  Loss: 0.034282 Regul: 0.011380 Obj: 0.045661 (0.045661) Rank: 37 (37) Ttime: 5.6033 Vtime: 0.0209
Stat: Dim [37] AUC: 0.989093 (0.989163) FPR95: 4.61 (4.42)
Step: 16300  Loss: 0.035091 Regul: 0.011350 Obj: 0.046442 (0.045661) Rank: 36 (37) Ttime: 5.4789 Vtime: 0.0208
Best: 16400  Loss: 0.034112 Regul: 0.011224 Obj: 0.045337 (0.045337) Rank: 37 (37) Ttime: 5.5504 Vtime: 0.0215
Stat: Dim [37] AUC: 0.989133 (0.989163) FPR95: 4.58 (4.42)
Step: 16500  Loss: 0.034763 Regul: 0.011119 Obj: 0.045882 (0.045337) Rank: 36 (37) Ttime: 5.5617 Vtime: 0.0219
Step: 16600  Loss: 0.036001 Regul: 0.011290 Obj: 0.047291 (0.045337) Rank: 36 (37) Ttime: 5.5436 Vtime: 0.0206
Step: 16700  Loss: 0.035537 Regul: 0.011136 Obj: 0.046673 (0.045337) Rank: 37 (37) Ttime: 5.5711 Vtime: 0.0215
Step: 16800  Loss: 0.035332 Regul: 0.011485 Obj: 0.046818 (0.045337) Rank: 38 (37) Ttime: 5.6367 Vtime: 0.0213
Step: 16900  Loss: 0.034381 Regul: 0.011396 Obj: 0.045777 (0.045337) Rank: 37 (37) Ttime: 5.6389 Vtime: 0.0215
Step: 17000  Loss: 0.034979 Regul: 0.011332 Obj: 0.046312 (0.045337) Rank: 36 (37) Ttime: 5.5750 Vtime: 0.0215
Step: 17100  Loss: 0.035155 Regul: 0.011316 Obj: 0.046471 (0.045337) Rank: 37 (37) Ttime: 5.5916 Vtime: 0.0209
Step: 17200  Loss: 0.036057 Regul: 0.011261 Obj: 0.047318 (0.045337) Rank: 37 (37) Ttime: 5.5865 Vtime: 0.0214
Step: 17300  Loss: 0.035729 Regul: 0.011158 Obj: 0.046887 (0.045337) Rank: 37 (37) Ttime: 5.6489 Vtime: 0.0209
Step: 17400  Loss: 0.035101 Regul: 0.011233 Obj: 0.046335 (0.045337) Rank: 37 (37) Ttime: 11.5924 Vtime: 0.0202
Step: 17500  Loss: 0.036207 Regul: 0.011185 Obj: 0.047392 (0.045337) Rank: 37 (37) Ttime: 12.8246 Vtime: 0.0205
Step: 17600  Loss: 0.034905 Regul: 0.011155 Obj: 0.046060 (0.045337) Rank: 38 (37) Ttime: 5.7863 Vtime: 0.0216
Step: 17700  Loss: 0.034891 Regul: 0.011001 Obj: 0.045892 (0.045337) Rank: 36 (37) Ttime: 6.8789 Vtime: 0.0212
Step: 17800  Loss: 0.034937 Regul: 0.011106 Obj: 0.046043 (0.045337) Rank: 37 (37) Ttime: 6.6401 Vtime: 0.0206
Step: 17900  Loss: 0.034360 Regul: 0.011041 Obj: 0.045401 (0.045337) Rank: 36 (37) Ttime: 5.8564 Vtime: 0.0215
Step: 18000  Loss: 0.034550 Regul: 0.011118 Obj: 0.045668 (0.045337) Rank: 36 (37) Ttime: 6.8144 Vtime: 0.0205
Best: 18100  Loss: 0.033445 Regul: 0.011330 Obj: 0.044775 (0.044775) Rank: 38 (38) Ttime: 7.0555 Vtime: 0.0212
Stat: Dim [38] AUC: 0.989432 (0.989432) FPR95: 4.30 (4.30) [saved]
Step: 18200  Loss: 0.035065 Regul: 0.011333 Obj: 0.046398 (0.044775) Rank: 37 (38) Ttime: 12.0824 Vtime: 0.0217
Step: 18300  Loss: 0.034045 Regul: 0.011372 Obj: 0.045417 (0.044775) Rank: 37 (38) Ttime: 5.8600 Vtime: 0.0204
Step: 18400  Loss: 0.035997 Regul: 0.011327 Obj: 0.047323 (0.044775) Rank: 38 (38) Ttime: 5.7957 Vtime: 0.0215
Step: 18500  Loss: 0.034950 Regul: 0.011262 Obj: 0.046212 (0.044775) Rank: 38 (38) Ttime: 5.7116 Vtime: 0.0204
Step: 18600  Loss: 0.034637 Regul: 0.011494 Obj: 0.046131 (0.044775) Rank: 38 (38) Ttime: 7.3174 Vtime: 0.0208
Step: 18700  Loss: 0.035774 Regul: 0.011119 Obj: 0.046893 (0.044775) Rank: 37 (38) Ttime: 7.7163 Vtime: 0.0216
Step: 18800  Loss: 0.034576 Regul: 0.011099 Obj: 0.045675 (0.044775) Rank: 38 (38) Ttime: 8.5617 Vtime: 0.0213
Step: 18900  Loss: 0.034589 Regul: 0.011164 Obj: 0.045752 (0.044775) Rank: 39 (38) Ttime: 6.3667 Vtime: 0.0236
Step: 19000  Loss: 0.034517 Regul: 0.011037 Obj: 0.045554 (0.044775) Rank: 37 (38) Ttime: 5.8009 Vtime: 0.0233
Step: 19100  Loss: 0.034541 Regul: 0.011307 Obj: 0.045848 (0.044775) Rank: 37 (38) Ttime: 6.0713 Vtime: 0.0203
Step: 19200  Loss: 0.035604 Regul: 0.011153 Obj: 0.046758 (0.044775) Rank: 37 (38) Ttime: 5.5745 Vtime: 0.0204
Step: 19300  Loss: 0.035189 Regul: 0.011007 Obj: 0.046197 (0.044775) Rank: 37 (38) Ttime: 5.5477 Vtime: 0.0206
Step: 19400  Loss: 0.037227 Regul: 0.010983 Obj: 0.048210 (0.044775) Rank: 36 (38) Ttime: 5.5690 Vtime: 0.0208
Step: 19500  Loss: 0.034676 Regul: 0.010908 Obj: 0.045585 (0.044775) Rank: 37 (38) Ttime: 5.5721 Vtime: 0.0211
Step: 19600  Loss: 0.034318 Regul: 0.011143 Obj: 0.045461 (0.044775) Rank: 37 (38) Ttime: 5.6131 Vtime: 0.0209
Step: 19700  Loss: 0.034532 Regul: 0.011085 Obj: 0.045617 (0.044775) Rank: 38 (38) Ttime: 5.5463 Vtime: 0.0218
Step: 19800  Loss: 0.033551 Regul: 0.011245 Obj: 0.044796 (0.044775) Rank: 37 (38) Ttime: 5.5255 Vtime: 0.0214
Step: 19900  Loss: 0.034849 Regul: 0.011146 Obj: 0.045995 (0.044775) Rank: 37 (38) Ttime: 5.6124 Vtime: 0.0212
Step: 20000  Loss: 0.034911 Regul: 0.011138 Obj: 0.046049 (0.044775) Rank: 38 (38) Ttime: 5.6079 Vtime: 0.0211
Step: 20100  Loss: 0.033578 Regul: 0.011292 Obj: 0.044870 (0.044775) Rank: 37 (38) Ttime: 5.5926 Vtime: 0.0210
Step: 20200  Loss: 0.034790 Regul: 0.011152 Obj: 0.045942 (0.044775) Rank: 38 (38) Ttime: 5.5932 Vtime: 0.0210
Step: 20300  Loss: 0.034734 Regul: 0.011312 Obj: 0.046046 (0.044775) Rank: 38 (38) Ttime: 5.7016 Vtime: 0.0205
Step: 20400  Loss: 0.035015 Regul: 0.011146 Obj: 0.046162 (0.044775) Rank: 37 (38) Ttime: 5.6951 Vtime: 0.0215
Step: 20500  Loss: 0.034132 Regul: 0.011192 Obj: 0.045324 (0.044775) Rank: 38 (38) Ttime: 5.6773 Vtime: 0.0214
Step: 20600  Loss: 0.033899 Regul: 0.011228 Obj: 0.045127 (0.044775) Rank: 39 (38) Ttime: 5.7023 Vtime: 0.0212
Step: 20700  Loss: 0.034400 Regul: 0.011063 Obj: 0.045462 (0.044775) Rank: 38 (38) Ttime: 5.6815 Vtime: 0.0216
Step: 20800  Loss: 0.034915 Regul: 0.011141 Obj: 0.046055 (0.044775) Rank: 38 (38) Ttime: 5.6713 Vtime: 0.0206
Step: 20900  Loss: 0.034037 Regul: 0.011292 Obj: 0.045329 (0.044775) Rank: 37 (38) Ttime: 5.6916 Vtime: 0.0212
Step: 21000  Loss: 0.035918 Regul: 0.011105 Obj: 0.047023 (0.044775) Rank: 38 (38) Ttime: 5.6339 Vtime: 0.0211
Best: 21100  Loss: 0.033393 Regul: 0.011061 Obj: 0.044454 (0.044454) Rank: 37 (37) Ttime: 5.7407 Vtime: 0.0213
Stat: Dim [37] AUC: 0.989352 (0.989432) FPR95: 4.43 (4.30)
Step: 21200  Loss: 0.034667 Regul: 0.011019 Obj: 0.045686 (0.044454) Rank: 38 (37) Ttime: 8.8517 Vtime: 0.0210
Step: 21300  Loss: 0.035428 Regul: 0.011097 Obj: 0.046525 (0.044454) Rank: 37 (37) Ttime: 5.6587 Vtime: 0.0245
Step: 21400  Loss: 0.034359 Regul: 0.010941 Obj: 0.045301 (0.044454) Rank: 37 (37) Ttime: 5.6302 Vtime: 0.0214
Step: 21500  Loss: 0.033725 Regul: 0.011001 Obj: 0.044726 (0.044454) Rank: 38 (37) Ttime: 5.6349 Vtime: 0.0211
Step: 21600  Loss: 0.033704 Regul: 0.011044 Obj: 0.044748 (0.044454) Rank: 37 (37) Ttime: 5.5933 Vtime: 0.0210
Step: 21700  Loss: 0.034670 Regul: 0.010884 Obj: 0.045555 (0.044454) Rank: 37 (37) Ttime: 5.6095 Vtime: 0.0204
Step: 21800  Loss: 0.033652 Regul: 0.010964 Obj: 0.044617 (0.044454) Rank: 37 (37) Ttime: 5.5758 Vtime: 0.0208
Step: 21900  Loss: 0.033893 Regul: 0.010969 Obj: 0.044862 (0.044454) Rank: 38 (37) Ttime: 5.6559 Vtime: 0.0212
Step: 22000  Loss: 0.035751 Regul: 0.011148 Obj: 0.046899 (0.044454) Rank: 38 (37) Ttime: 5.6857 Vtime: 0.0206
Step: 22100  Loss: 0.034053 Regul: 0.010963 Obj: 0.045016 (0.044454) Rank: 38 (37) Ttime: 5.6376 Vtime: 0.0208
Step: 22200  Loss: 0.035392 Regul: 0.011096 Obj: 0.046489 (0.044454) Rank: 38 (37) Ttime: 5.7529 Vtime: 0.0209
Step: 22300  Loss: 0.034383 Regul: 0.011222 Obj: 0.045605 (0.044454) Rank: 38 (37) Ttime: 5.7169 Vtime: 0.0249
Best: 22400  Loss: 0.033044 Regul: 0.011139 Obj: 0.044184 (0.044184) Rank: 38 (38) Ttime: 5.7092 Vtime: 0.0210
Stat: Dim [38] AUC: 0.989495 (0.989495) FPR95: 4.25 (4.25) [saved]
Step: 22500  Loss: 0.033849 Regul: 0.010907 Obj: 0.044756 (0.044184) Rank: 38 (38) Ttime: 5.6901 Vtime: 0.0208
Step: 22600  Loss: 0.033282 Regul: 0.010924 Obj: 0.044206 (0.044184) Rank: 38 (38) Ttime: 5.6659 Vtime: 0.0206
Step: 22700  Loss: 0.034626 Regul: 0.010988 Obj: 0.045614 (0.044184) Rank: 38 (38) Ttime: 5.5680 Vtime: 0.0214
Step: 22800  Loss: 0.034623 Regul: 0.010887 Obj: 0.045510 (0.044184) Rank: 37 (38) Ttime: 5.5908 Vtime: 0.0208
Step: 22900  Loss: 0.033982 Regul: 0.011105 Obj: 0.045087 (0.044184) Rank: 39 (38) Ttime: 5.6595 Vtime: 0.0214
Step: 23000  Loss: 0.033851 Regul: 0.011090 Obj: 0.044941 (0.044184) Rank: 38 (38) Ttime: 5.6387 Vtime: 0.0212
Step: 23100  Loss: 0.034177 Regul: 0.010981 Obj: 0.045157 (0.044184) Rank: 38 (38) Ttime: 5.5422 Vtime: 0.0211
Step: 23200  Loss: 0.033827 Regul: 0.011157 Obj: 0.044985 (0.044184) Rank: 39 (38) Ttime: 5.6294 Vtime: 0.0211
Best: 23300  Loss: 0.033034 Regul: 0.011092 Obj: 0.044125 (0.044125) Rank: 39 (39) Ttime: 5.5624 Vtime: 0.0209
Stat: Dim [39] AUC: 0.989691 (0.989691) FPR95: 4.00 (4.00) [saved]
Step: 23400  Loss: 0.033839 Regul: 0.010987 Obj: 0.044826 (0.044125) Rank: 38 (39) Ttime: 5.6695 Vtime: 0.0215
Step: 23500  Loss: 0.034440 Regul: 0.011138 Obj: 0.045579 (0.044125) Rank: 39 (39) Ttime: 5.5426 Vtime: 0.0214
Step: 23600  Loss: 0.034254 Regul: 0.011011 Obj: 0.045265 (0.044125) Rank: 38 (39) Ttime: 5.4997 Vtime: 0.0209
Step: 23700  Loss: 0.034320 Regul: 0.011236 Obj: 0.045557 (0.044125) Rank: 38 (39) Ttime: 5.5724 Vtime: 0.0207
Step: 23800  Loss: 0.034035 Regul: 0.010994 Obj: 0.045030 (0.044125) Rank: 38 (39) Ttime: 5.5219 Vtime: 0.0208
Step: 23900  Loss: 0.034231 Regul: 0.010949 Obj: 0.045180 (0.044125) Rank: 37 (39) Ttime: 5.5490 Vtime: 0.0210
Step: 24000  Loss: 0.035381 Regul: 0.011068 Obj: 0.046449 (0.044125) Rank: 39 (39) Ttime: 5.5424 Vtime: 0.0210
Step: 24100  Loss: 0.034325 Regul: 0.011143 Obj: 0.045468 (0.044125) Rank: 39 (39) Ttime: 5.5726 Vtime: 0.0207
Step: 24200  Loss: 0.034260 Regul: 0.010989 Obj: 0.045249 (0.044125) Rank: 38 (39) Ttime: 5.5733 Vtime: 0.0212
Step: 24300  Loss: 0.033219 Regul: 0.011160 Obj: 0.044379 (0.044125) Rank: 38 (39) Ttime: 5.6302 Vtime: 0.0204
Step: 24400  Loss: 0.034412 Regul: 0.011100 Obj: 0.045512 (0.044125) Rank: 39 (39) Ttime: 5.4920 Vtime: 0.0213
Step: 24500  Loss: 0.033601 Regul: 0.011222 Obj: 0.044823 (0.044125) Rank: 39 (39) Ttime: 5.6691 Vtime: 0.0208
Step: 24600  Loss: 0.035141 Regul: 0.011015 Obj: 0.046157 (0.044125) Rank: 38 (39) Ttime: 5.6871 Vtime: 0.0218
Step: 24700  Loss: 0.033696 Regul: 0.011142 Obj: 0.044838 (0.044125) Rank: 39 (39) Ttime: 5.5934 Vtime: 0.0216
Step: 24800  Loss: 0.034471 Regul: 0.010961 Obj: 0.045432 (0.044125) Rank: 39 (39) Ttime: 5.6105 Vtime: 0.0202
Step: 24900  Loss: 0.034145 Regul: 0.010869 Obj: 0.045015 (0.044125) Rank: 38 (39) Ttime: 5.5077 Vtime: 0.0212
Step: 25000  Loss: 0.033501 Regul: 0.010909 Obj: 0.044410 (0.044125) Rank: 38 (39) Ttime: 5.6381 Vtime: 0.0207
Step: 25100  Loss: 0.033596 Regul: 0.010918 Obj: 0.044514 (0.044125) Rank: 39 (39) Ttime: 5.5841 Vtime: 0.0213
Step: 25200  Loss: 0.034938 Regul: 0.010837 Obj: 0.045775 (0.044125) Rank: 38 (39) Ttime: 5.5960 Vtime: 0.0211
Step: 25300  Loss: 0.033570 Regul: 0.010972 Obj: 0.044542 (0.044125) Rank: 39 (39) Ttime: 5.5888 Vtime: 0.0210
Step: 25400  Loss: 0.034923 Regul: 0.010753 Obj: 0.045676 (0.044125) Rank: 37 (39) Ttime: 5.5677 Vtime: 0.0213
Step: 25500  Loss: 0.034427 Regul: 0.010925 Obj: 0.045352 (0.044125) Rank: 38 (39) Ttime: 5.6041 Vtime: 0.0219
Step: 25600  Loss: 0.033774 Regul: 0.010842 Obj: 0.044617 (0.044125) Rank: 38 (39) Ttime: 5.5511 Vtime: 0.0207
Best: 25700  Loss: 0.032835 Regul: 0.010905 Obj: 0.043741 (0.043741) Rank: 39 (39) Ttime: 5.6475 Vtime: 0.0209
Stat: Dim [39] AUC: 0.989696 (0.989691) FPR95: 4.03 (4.00)
Step: 25800  Loss: 0.033155 Regul: 0.010777 Obj: 0.043932 (0.043741) Rank: 38 (39) Ttime: 5.5446 Vtime: 0.0213
Step: 25900  Loss: 0.035821 Regul: 0.010744 Obj: 0.046564 (0.043741) Rank: 39 (39) Ttime: 5.6381 Vtime: 0.0213
Step: 26000  Loss: 0.034063 Regul: 0.011027 Obj: 0.045090 (0.043741) Rank: 39 (39) Ttime: 5.5766 Vtime: 0.0207
Step: 26100  Loss: 0.034664 Regul: 0.011053 Obj: 0.045717 (0.043741) Rank: 39 (39) Ttime: 5.5785 Vtime: 0.0208
Step: 26200  Loss: 0.033786 Regul: 0.010905 Obj: 0.044691 (0.043741) Rank: 38 (39) Ttime: 5.5379 Vtime: 0.0212
Step: 26300  Loss: 0.034786 Regul: 0.010782 Obj: 0.045568 (0.043741) Rank: 37 (39) Ttime: 5.4947 Vtime: 0.0208
Step: 26400  Loss: 0.033731 Regul: 0.010957 Obj: 0.044688 (0.043741) Rank: 40 (39) Ttime: 5.5896 Vtime: 0.0210
Step: 26500  Loss: 0.033233 Regul: 0.010665 Obj: 0.043898 (0.043741) Rank: 39 (39) Ttime: 5.5850 Vtime: 0.0211
Step: 26600  Loss: 0.033944 Regul: 0.010685 Obj: 0.044630 (0.043741) Rank: 38 (39) Ttime: 5.5154 Vtime: 0.0214
Step: 26700  Loss: 0.033602 Regul: 0.010899 Obj: 0.044501 (0.043741) Rank: 39 (39) Ttime: 5.6186 Vtime: 0.0212
Step: 26800  Loss: 0.034013 Regul: 0.011036 Obj: 0.045049 (0.043741) Rank: 40 (39) Ttime: 5.5890 Vtime: 0.0216
Step: 26900  Loss: 0.033630 Regul: 0.011080 Obj: 0.044709 (0.043741) Rank: 40 (39) Ttime: 5.5846 Vtime: 0.0209
Step: 27000  Loss: 0.035474 Regul: 0.010794 Obj: 0.046268 (0.043741) Rank: 38 (39) Ttime: 5.5190 Vtime: 0.0215
Step: 27100  Loss: 0.034264 Regul: 0.010637 Obj: 0.044901 (0.043741) Rank: 38 (39) Ttime: 5.6642 Vtime: 0.0212
Step: 27200  Loss: 0.034431 Regul: 0.010848 Obj: 0.045279 (0.043741) Rank: 38 (39) Ttime: 5.5424 Vtime: 0.0205
Step: 27300  Loss: 0.033903 Regul: 0.010826 Obj: 0.044729 (0.043741) Rank: 38 (39) Ttime: 5.5975 Vtime: 0.0206
Step: 27400  Loss: 0.034094 Regul: 0.010727 Obj: 0.044821 (0.043741) Rank: 38 (39) Ttime: 5.6190 Vtime: 0.0206
Step: 27500  Loss: 0.033429 Regul: 0.010704 Obj: 0.044133 (0.043741) Rank: 39 (39) Ttime: 5.5953 Vtime: 0.0215
Step: 27600  Loss: 0.033735 Regul: 0.010736 Obj: 0.044471 (0.043741) Rank: 38 (39) Ttime: 5.6378 Vtime: 0.0212
Step: 27700  Loss: 0.033290 Regul: 0.010782 Obj: 0.044072 (0.043741) Rank: 38 (39) Ttime: 5.6347 Vtime: 0.0206
Step: 27800  Loss: 0.033845 Regul: 0.010826 Obj: 0.044671 (0.043741) Rank: 39 (39) Ttime: 5.5612 Vtime: 0.0210
Step: 27900  Loss: 0.033945 Regul: 0.010866 Obj: 0.044812 (0.043741) Rank: 39 (39) Ttime: 5.5551 Vtime: 0.0203
Step: 28000  Loss: 0.033546 Regul: 0.010890 Obj: 0.044436 (0.043741) Rank: 39 (39) Ttime: 5.4325 Vtime: 0.0209
Step: 28100  Loss: 0.034433 Regul: 0.010761 Obj: 0.045194 (0.043741) Rank: 39 (39) Ttime: 5.5316 Vtime: 0.0207
Step: 28200  Loss: 0.033707 Regul: 0.010770 Obj: 0.044477 (0.043741) Rank: 39 (39) Ttime: 5.4801 Vtime: 0.0207
Step: 28300  Loss: 0.034527 Regul: 0.010669 Obj: 0.045196 (0.043741) Rank: 38 (39) Ttime: 5.5037 Vtime: 0.0213
Step: 28400  Loss: 0.034180 Regul: 0.010703 Obj: 0.044883 (0.043741) Rank: 38 (39) Ttime: 5.4879 Vtime: 0.0206
Step: 28500  Loss: 0.034217 Regul: 0.010639 Obj: 0.044856 (0.043741) Rank: 38 (39) Ttime: 5.5309 Vtime: 0.0207
Step: 28600  Loss: 0.034132 Regul: 0.010710 Obj: 0.044842 (0.043741) Rank: 38 (39) Ttime: 5.9916 Vtime: 0.0210
Step: 28700  Loss: 0.033209 Regul: 0.010739 Obj: 0.043949 (0.043741) Rank: 38 (39) Ttime: 5.5412 Vtime: 0.0205
Step: 28800  Loss: 0.033810 Regul: 0.010717 Obj: 0.044527 (0.043741) Rank: 39 (39) Ttime: 5.5270 Vtime: 0.0213
Step: 28900  Loss: 0.033297 Regul: 0.010648 Obj: 0.043945 (0.043741) Rank: 38 (39) Ttime: 5.4801 Vtime: 0.0207
Step: 29000  Loss: 0.033222 Regul: 0.010683 Obj: 0.043905 (0.043741) Rank: 39 (39) Ttime: 5.5191 Vtime: 0.0215
Step: 29100  Loss: 0.033817 Regul: 0.010526 Obj: 0.044344 (0.043741) Rank: 38 (39) Ttime: 5.5355 Vtime: 0.0220
Step: 29200  Loss: 0.034177 Regul: 0.010590 Obj: 0.044767 (0.043741) Rank: 38 (39) Ttime: 5.5359 Vtime: 0.0208
Step: 29300  Loss: 0.033938 Regul: 0.010613 Obj: 0.044551 (0.043741) Rank: 38 (39) Ttime: 5.6458 Vtime: 0.0209
Step: 29400  Loss: 0.033690 Regul: 0.010785 Obj: 0.044475 (0.043741) Rank: 39 (39) Ttime: 5.6139 Vtime: 0.0220
Step: 29500  Loss: 0.034091 Regul: 0.010763 Obj: 0.044854 (0.043741) Rank: 39 (39) Ttime: 5.6103 Vtime: 0.0209
Step: 29600  Loss: 0.033554 Regul: 0.010685 Obj: 0.044239 (0.043741) Rank: 38 (39) Ttime: 5.5738 Vtime: 0.0215
Step: 29700  Loss: 0.033546 Regul: 0.010757 Obj: 0.044303 (0.043741) Rank: 38 (39) Ttime: 5.5854 Vtime: 0.0207
Step: 29800  Loss: 0.033906 Regul: 0.010695 Obj: 0.044601 (0.043741) Rank: 39 (39) Ttime: 5.6625 Vtime: 0.0211
Best: 29900  Loss: 0.032754 Regul: 0.010668 Obj: 0.043421 (0.043421) Rank: 38 (38) Ttime: 5.6317 Vtime: 0.0210
Stat: Dim [38] AUC: 0.989724 (0.989691) FPR95: 4.10 (4.00)
Best: 30000  Loss: 0.032751 Regul: 0.010656 Obj: 0.043408 (0.043408) Rank: 39 (39) Ttime: 5.6734 Vtime: 0.0213
Stat: Dim [39] AUC: 0.989614 (0.989691) FPR95: 3.99 (4.00)
Step: 30100  Loss: 0.033466 Regul: 0.010687 Obj: 0.044153 (0.043408) Rank: 40 (39) Ttime: 5.5016 Vtime: 0.0208
Step: 30200  Loss: 0.033776 Regul: 0.010705 Obj: 0.044481 (0.043408) Rank: 39 (39) Ttime: 5.5901 Vtime: 0.0210
Step: 30300  Loss: 0.032870 Regul: 0.010733 Obj: 0.043603 (0.043408) Rank: 40 (39) Ttime: 5.5255 Vtime: 0.0218
Step: 30400  Loss: 0.034010 Regul: 0.010596 Obj: 0.044606 (0.043408) Rank: 39 (39) Ttime: 5.5823 Vtime: 0.0213
Step: 30500  Loss: 0.032914 Regul: 0.010681 Obj: 0.043595 (0.043408) Rank: 39 (39) Ttime: 5.6297 Vtime: 0.0203
Step: 30600  Loss: 0.032807 Regul: 0.010759 Obj: 0.043566 (0.043408) Rank: 40 (39) Ttime: 5.6199 Vtime: 0.0211
Step: 30700  Loss: 0.033369 Regul: 0.010636 Obj: 0.044005 (0.043408) Rank: 38 (39) Ttime: 5.5150 Vtime: 0.0210
Step: 30800  Loss: 0.033208 Regul: 0.010737 Obj: 0.043945 (0.043408) Rank: 39 (39) Ttime: 5.6121 Vtime: 0.0209
Step: 30900  Loss: 0.033335 Regul: 0.010491 Obj: 0.043826 (0.043408) Rank: 38 (39) Ttime: 5.5661 Vtime: 0.0217
Step: 31000  Loss: 0.033002 Regul: 0.010519 Obj: 0.043521 (0.043408) Rank: 38 (39) Ttime: 5.5645 Vtime: 0.0206
Step: 31100  Loss: 0.032892 Regul: 0.010736 Obj: 0.043628 (0.043408) Rank: 39 (39) Ttime: 5.5514 Vtime: 0.0211
Step: 31200  Loss: 0.033822 Regul: 0.010467 Obj: 0.044289 (0.043408) Rank: 38 (39) Ttime: 5.4711 Vtime: 0.0210
Step: 31300  Loss: 0.033527 Regul: 0.010420 Obj: 0.043947 (0.043408) Rank: 38 (39) Ttime: 5.6016 Vtime: 0.0205
Step: 31400  Loss: 0.032941 Regul: 0.010800 Obj: 0.043741 (0.043408) Rank: 38 (39) Ttime: 5.5844 Vtime: 0.0207
Step: 31500  Loss: 0.033818 Regul: 0.010572 Obj: 0.044390 (0.043408) Rank: 37 (39) Ttime: 5.6660 Vtime: 0.0209
Step: 31600  Loss: 0.033400 Regul: 0.010652 Obj: 0.044053 (0.043408) Rank: 39 (39) Ttime: 5.6004 Vtime: 0.0213
Step: 31700  Loss: 0.033349 Regul: 0.010769 Obj: 0.044117 (0.043408) Rank: 39 (39) Ttime: 5.6472 Vtime: 0.0207
Step: 31800  Loss: 0.032693 Regul: 0.010898 Obj: 0.043591 (0.043408) Rank: 40 (39) Ttime: 5.6701 Vtime: 0.0221
Step: 31900  Loss: 0.033269 Regul: 0.010651 Obj: 0.043920 (0.043408) Rank: 39 (39) Ttime: 5.6416 Vtime: 0.0216
Step: 32000  Loss: 0.033668 Regul: 0.010731 Obj: 0.044399 (0.043408) Rank: 39 (39) Ttime: 5.5749 Vtime: 0.0206
Step: 32100  Loss: 0.034177 Regul: 0.010758 Obj: 0.044935 (0.043408) Rank: 39 (39) Ttime: 5.6070 Vtime: 0.0206
Step: 32200  Loss: 0.032935 Regul: 0.010633 Obj: 0.043567 (0.043408) Rank: 39 (39) Ttime: 5.6047 Vtime: 0.0205
Step: 32300  Loss: 0.033564 Regul: 0.010448 Obj: 0.044012 (0.043408) Rank: 38 (39) Ttime: 5.5706 Vtime: 0.0207
Step: 32400  Loss: 0.032954 Regul: 0.010527 Obj: 0.043481 (0.043408) Rank: 39 (39) Ttime: 5.6143 Vtime: 0.0213
Step: 32500  Loss: 0.035009 Regul: 0.010561 Obj: 0.045571 (0.043408) Rank: 39 (39) Ttime: 5.5562 Vtime: 0.0210
Best: 32600  Loss: 0.032681 Regul: 0.010529 Obj: 0.043210 (0.043210) Rank: 40 (40) Ttime: 5.5677 Vtime: 0.0211
Stat: Dim [40] AUC: 0.989727 (0.989691) FPR95: 4.04 (4.00)
Step: 32700  Loss: 0.033096 Regul: 0.010565 Obj: 0.043661 (0.043210) Rank: 41 (40) Ttime: 5.5207 Vtime: 0.0210
Step: 32800  Loss: 0.032807 Regul: 0.010531 Obj: 0.043338 (0.043210) Rank: 40 (40) Ttime: 5.5218 Vtime: 0.0216
Step: 32900  Loss: 0.032944 Regul: 0.010628 Obj: 0.043572 (0.043210) Rank: 39 (40) Ttime: 5.6477 Vtime: 0.0211
Step: 33000  Loss: 0.033417 Regul: 0.010531 Obj: 0.043948 (0.043210) Rank: 39 (40) Ttime: 5.5164 Vtime: 0.0206
Step: 33100  Loss: 0.033810 Regul: 0.010637 Obj: 0.044447 (0.043210) Rank: 39 (40) Ttime: 5.6467 Vtime: 0.0206
Step: 33200  Loss: 0.033210 Regul: 0.010682 Obj: 0.043892 (0.043210) Rank: 39 (40) Ttime: 5.5694 Vtime: 0.0209
Step: 33300  Loss: 0.033906 Regul: 0.010708 Obj: 0.044614 (0.043210) Rank: 40 (40) Ttime: 5.6046 Vtime: 0.0212
Step: 33400  Loss: 0.034226 Regul: 0.010766 Obj: 0.044991 (0.043210) Rank: 39 (40) Ttime: 5.5327 Vtime: 0.0208
Step: 33500  Loss: 0.034229 Regul: 0.010805 Obj: 0.045034 (0.043210) Rank: 39 (40) Ttime: 5.5329 Vtime: 0.0205
Step: 33600  Loss: 0.033296 Regul: 0.010731 Obj: 0.044026 (0.043210) Rank: 39 (40) Ttime: 5.5455 Vtime: 0.0205
Best: 33700  Loss: 0.032398 Regul: 0.010615 Obj: 0.043013 (0.043013) Rank: 40 (40) Ttime: 5.7551 Vtime: 0.0211
Stat: Dim [40] AUC: 0.989845 (0.989691) FPR95: 4.04 (4.00)
Step: 33800  Loss: 0.032576 Regul: 0.010517 Obj: 0.043093 (0.043013) Rank: 39 (40) Ttime: 5.6072 Vtime: 0.0210
Step: 33900  Loss: 0.032695 Regul: 0.010608 Obj: 0.043303 (0.043013) Rank: 40 (40) Ttime: 5.5228 Vtime: 0.0212
Step: 34000  Loss: 0.033651 Regul: 0.010589 Obj: 0.044240 (0.043013) Rank: 38 (40) Ttime: 5.5600 Vtime: 0.0215
Step: 34100  Loss: 0.033520 Regul: 0.010664 Obj: 0.044184 (0.043013) Rank: 39 (40) Ttime: 5.6937 Vtime: 0.0216
Step: 34200  Loss: 0.033601 Regul: 0.010661 Obj: 0.044263 (0.043013) Rank: 39 (40) Ttime: 5.5627 Vtime: 0.0213
Best: 34300  Loss: 0.031983 Regul: 0.010746 Obj: 0.042729 (0.042729) Rank: 40 (40) Ttime: 5.6460 Vtime: 0.0214
Stat: Dim [40] AUC: 0.989864 (0.989691) FPR95: 4.08 (4.00)
Step: 34400  Loss: 0.032959 Regul: 0.010824 Obj: 0.043783 (0.042729) Rank: 38 (40) Ttime: 5.5293 Vtime: 0.0215
Step: 34500  Loss: 0.033204 Regul: 0.010712 Obj: 0.043917 (0.042729) Rank: 39 (40) Ttime: 5.5498 Vtime: 0.0210
Step: 34600  Loss: 0.033078 Regul: 0.010466 Obj: 0.043544 (0.042729) Rank: 38 (40) Ttime: 5.5420 Vtime: 0.0213
Step: 34700  Loss: 0.034436 Regul: 0.010529 Obj: 0.044965 (0.042729) Rank: 38 (40) Ttime: 5.5832 Vtime: 0.0207
Step: 34800  Loss: 0.033700 Regul: 0.010521 Obj: 0.044221 (0.042729) Rank: 39 (40) Ttime: 5.5799 Vtime: 0.0209
Step: 34900  Loss: 0.032650 Regul: 0.010628 Obj: 0.043278 (0.042729) Rank: 39 (40) Ttime: 5.6668 Vtime: 0.0206
Step: 35000  Loss: 0.033631 Regul: 0.010578 Obj: 0.044210 (0.042729) Rank: 40 (40) Ttime: 5.5843 Vtime: 0.0217
Step: 35100  Loss: 0.032523 Regul: 0.010439 Obj: 0.042962 (0.042729) Rank: 39 (40) Ttime: 5.5611 Vtime: 0.0210
Step: 35200  Loss: 0.034040 Regul: 0.010443 Obj: 0.044483 (0.042729) Rank: 38 (40) Ttime: 5.5728 Vtime: 0.0218
Step: 35300  Loss: 0.033297 Regul: 0.010450 Obj: 0.043747 (0.042729) Rank: 39 (40) Ttime: 5.5668 Vtime: 0.0214
Step: 35400  Loss: 0.033465 Regul: 0.010571 Obj: 0.044036 (0.042729) Rank: 40 (40) Ttime: 5.6689 Vtime: 0.0214
Step: 35500  Loss: 0.034619 Regul: 0.010687 Obj: 0.045307 (0.042729) Rank: 40 (40) Ttime: 5.6115 Vtime: 0.0211
Step: 35600  Loss: 0.033308 Regul: 0.010785 Obj: 0.044093 (0.042729) Rank: 40 (40) Ttime: 5.6128 Vtime: 0.0207
Step: 35700  Loss: 0.032715 Regul: 0.010537 Obj: 0.043252 (0.042729) Rank: 39 (40) Ttime: 5.5653 Vtime: 0.0213
Step: 35800  Loss: 0.034988 Regul: 0.010588 Obj: 0.045576 (0.042729) Rank: 39 (40) Ttime: 5.6879 Vtime: 0.0209
Step: 35900  Loss: 0.033399 Regul: 0.010643 Obj: 0.044042 (0.042729) Rank: 38 (40) Ttime: 5.5500 Vtime: 0.0209
Step: 36000  Loss: 0.033246 Regul: 0.010645 Obj: 0.043892 (0.042729) Rank: 40 (40) Ttime: 5.5775 Vtime: 0.0214
Step: 36100  Loss: 0.033360 Regul: 0.010733 Obj: 0.044093 (0.042729) Rank: 40 (40) Ttime: 5.5953 Vtime: 0.0205
Step: 36200  Loss: 0.033154 Regul: 0.010783 Obj: 0.043937 (0.042729) Rank: 39 (40) Ttime: 5.5859 Vtime: 0.0211
Step: 36300  Loss: 0.033281 Regul: 0.010769 Obj: 0.044051 (0.042729) Rank: 38 (40) Ttime: 5.5811 Vtime: 0.0214
Step: 36400  Loss: 0.033809 Regul: 0.010655 Obj: 0.044463 (0.042729) Rank: 39 (40) Ttime: 5.5834 Vtime: 0.0212
Step: 36500  Loss: 0.033386 Regul: 0.010649 Obj: 0.044035 (0.042729) Rank: 39 (40) Ttime: 5.6132 Vtime: 0.0203
Step: 36600  Loss: 0.033665 Regul: 0.010510 Obj: 0.044175 (0.042729) Rank: 38 (40) Ttime: 5.6465 Vtime: 0.0211
Step: 36700  Loss: 0.034037 Regul: 0.010586 Obj: 0.044623 (0.042729) Rank: 39 (40) Ttime: 5.5465 Vtime: 0.0207
Step: 36800  Loss: 0.032762 Regul: 0.010447 Obj: 0.043208 (0.042729) Rank: 39 (40) Ttime: 5.6228 Vtime: 0.0208
Step: 36900  Loss: 0.033151 Regul: 0.010537 Obj: 0.043689 (0.042729) Rank: 40 (40) Ttime: 5.6116 Vtime: 0.0209
Step: 37000  Loss: 0.033171 Regul: 0.010319 Obj: 0.043491 (0.042729) Rank: 40 (40) Ttime: 5.6075 Vtime: 0.0211
Step: 37100  Loss: 0.033438 Regul: 0.010432 Obj: 0.043870 (0.042729) Rank: 40 (40) Ttime: 5.5797 Vtime: 0.0203
Step: 37200  Loss: 0.033959 Regul: 0.010388 Obj: 0.044347 (0.042729) Rank: 40 (40) Ttime: 5.6261 Vtime: 0.0210
Step: 37300  Loss: 0.033131 Regul: 0.010560 Obj: 0.043691 (0.042729) Rank: 40 (40) Ttime: 5.5548 Vtime: 0.0206
Step: 37400  Loss: 0.032437 Regul: 0.010653 Obj: 0.043090 (0.042729) Rank: 39 (40) Ttime: 5.5650 Vtime: 0.0214
Step: 37500  Loss: 0.033344 Regul: 0.010545 Obj: 0.043889 (0.042729) Rank: 39 (40) Ttime: 5.5492 Vtime: 0.0208
Step: 37600  Loss: 0.033339 Regul: 0.010506 Obj: 0.043845 (0.042729) Rank: 40 (40) Ttime: 5.6015 Vtime: 0.0212
Step: 37700  Loss: 0.032983 Regul: 0.010438 Obj: 0.043421 (0.042729) Rank: 39 (40) Ttime: 5.6310 Vtime: 0.0208
Step: 37800  Loss: 0.033062 Regul: 0.010434 Obj: 0.043496 (0.042729) Rank: 39 (40) Ttime: 5.5326 Vtime: 0.0210
Step: 37900  Loss: 0.032678 Regul: 0.010595 Obj: 0.043273 (0.042729) Rank: 40 (40) Ttime: 5.5956 Vtime: 0.0213
Step: 38000  Loss: 0.032824 Regul: 0.010495 Obj: 0.043319 (0.042729) Rank: 39 (40) Ttime: 5.5795 Vtime: 0.0210
Step: 38100  Loss: 0.033443 Regul: 0.010379 Obj: 0.043821 (0.042729) Rank: 39 (40) Ttime: 5.5424 Vtime: 0.0208
Step: 38200  Loss: 0.032719 Regul: 0.010452 Obj: 0.043171 (0.042729) Rank: 39 (40) Ttime: 5.5641 Vtime: 0.0204
Step: 38300  Loss: 0.032816 Regul: 0.010307 Obj: 0.043123 (0.042729) Rank: 39 (40) Ttime: 5.6076 Vtime: 0.0206
Step: 38400  Loss: 0.032479 Regul: 0.010422 Obj: 0.042901 (0.042729) Rank: 40 (40) Ttime: 5.4658 Vtime: 0.0211
Step: 38500  Loss: 0.033281 Regul: 0.010423 Obj: 0.043703 (0.042729) Rank: 39 (40) Ttime: 5.5142 Vtime: 0.0211
Step: 38600  Loss: 0.033935 Regul: 0.010472 Obj: 0.044407 (0.042729) Rank: 40 (40) Ttime: 5.5076 Vtime: 0.0210
Step: 38700  Loss: 0.033200 Regul: 0.010487 Obj: 0.043687 (0.042729) Rank: 40 (40) Ttime: 5.5615 Vtime: 0.0206
Step: 38800  Loss: 0.032690 Regul: 0.010446 Obj: 0.043136 (0.042729) Rank: 40 (40) Ttime: 5.5332 Vtime: 0.0208
Step: 38900  Loss: 0.033278 Regul: 0.010406 Obj: 0.043685 (0.042729) Rank: 39 (40) Ttime: 5.4809 Vtime: 0.0215
Step: 39000  Loss: 0.033806 Regul: 0.010337 Obj: 0.044142 (0.042729) Rank: 40 (40) Ttime: 5.5273 Vtime: 0.0212
Step: 39100  Loss: 0.033429 Regul: 0.010475 Obj: 0.043905 (0.042729) Rank: 39 (40) Ttime: 5.6747 Vtime: 0.0214
Step: 39200  Loss: 0.032956 Regul: 0.010478 Obj: 0.043434 (0.042729) Rank: 39 (40) Ttime: 5.5671 Vtime: 0.0210
Step: 39300  Loss: 0.032966 Regul: 0.010623 Obj: 0.043589 (0.042729) Rank: 40 (40) Ttime: 5.5100 Vtime: 0.0213
Step: 39400  Loss: 0.033440 Regul: 0.010540 Obj: 0.043980 (0.042729) Rank: 39 (40) Ttime: 5.6107 Vtime: 0.0215
Step: 39500  Loss: 0.032170 Regul: 0.010647 Obj: 0.042818 (0.042729) Rank: 39 (40) Ttime: 5.5951 Vtime: 0.0205
Step: 39600  Loss: 0.033514 Regul: 0.010443 Obj: 0.043957 (0.042729) Rank: 38 (40) Ttime: 5.5692 Vtime: 0.0213
Step: 39700  Loss: 0.032718 Regul: 0.010380 Obj: 0.043098 (0.042729) Rank: 38 (40) Ttime: 5.4781 Vtime: 0.0210
Step: 39800  Loss: 0.032952 Regul: 0.010487 Obj: 0.043440 (0.042729) Rank: 39 (40) Ttime: 5.5204 Vtime: 0.0210
Step: 39900  Loss: 0.033016 Regul: 0.010681 Obj: 0.043697 (0.042729) Rank: 40 (40) Ttime: 5.6259 Vtime: 0.0213
Step: 40000  Loss: 0.033209 Regul: 0.010570 Obj: 0.043780 (0.042729) Rank: 40 (40) Ttime: 5.5322 Vtime: 0.0203
Step: 40100  Loss: 0.032839 Regul: 0.010499 Obj: 0.043337 (0.042729) Rank: 40 (40) Ttime: 5.4948 Vtime: 0.0208
Step: 40200  Loss: 0.032592 Regul: 0.010555 Obj: 0.043148 (0.042729) Rank: 40 (40) Ttime: 5.4731 Vtime: 0.0208
Step: 40300  Loss: 0.033018 Regul: 0.010454 Obj: 0.043472 (0.042729) Rank: 41 (40) Ttime: 5.5010 Vtime: 0.0210
Step: 40400  Loss: 0.032872 Regul: 0.010303 Obj: 0.043174 (0.042729) Rank: 39 (40) Ttime: 5.5915 Vtime: 0.0220
Step: 40500  Loss: 0.033073 Regul: 0.010418 Obj: 0.043491 (0.042729) Rank: 39 (40) Ttime: 5.4744 Vtime: 0.0209
Step: 40600  Loss: 0.033700 Regul: 0.010494 Obj: 0.044194 (0.042729) Rank: 39 (40) Ttime: 5.5881 Vtime: 0.0208
Step: 40700  Loss: 0.033423 Regul: 0.010418 Obj: 0.043840 (0.042729) Rank: 39 (40) Ttime: 5.5179 Vtime: 0.0209
Step: 40800  Loss: 0.034495 Regul: 0.010379 Obj: 0.044874 (0.042729) Rank: 40 (40) Ttime: 5.5649 Vtime: 0.0217
Step: 40900  Loss: 0.032824 Regul: 0.010507 Obj: 0.043331 (0.042729) Rank: 39 (40) Ttime: 5.5146 Vtime: 0.0214
Step: 41000  Loss: 0.034176 Regul: 0.010530 Obj: 0.044706 (0.042729) Rank: 39 (40) Ttime: 5.5867 Vtime: 0.0208
Step: 41100  Loss: 0.032472 Regul: 0.010511 Obj: 0.042983 (0.042729) Rank: 40 (40) Ttime: 5.4684 Vtime: 0.0209
Step: 41200  Loss: 0.032528 Regul: 0.010560 Obj: 0.043088 (0.042729) Rank: 39 (40) Ttime: 5.5667 Vtime: 0.0214
Step: 41300  Loss: 0.032293 Regul: 0.010452 Obj: 0.042746 (0.042729) Rank: 39 (40) Ttime: 5.4491 Vtime: 0.0205
Step: 41400  Loss: 0.033501 Regul: 0.010430 Obj: 0.043931 (0.042729) Rank: 38 (40) Ttime: 5.5529 Vtime: 0.0211
Step: 41500  Loss: 0.032970 Regul: 0.010435 Obj: 0.043405 (0.042729) Rank: 39 (40) Ttime: 5.5722 Vtime: 0.0210
Step: 41600  Loss: 0.032739 Regul: 0.010426 Obj: 0.043165 (0.042729) Rank: 40 (40) Ttime: 5.5007 Vtime: 0.0210
Step: 41700  Loss: 0.032347 Regul: 0.010522 Obj: 0.042868 (0.042729) Rank: 40 (40) Ttime: 5.5273 Vtime: 0.0214
Step: 41800  Loss: 0.032923 Regul: 0.010438 Obj: 0.043361 (0.042729) Rank: 39 (40) Ttime: 5.4847 Vtime: 0.0211
Step: 41900  Loss: 0.032727 Regul: 0.010456 Obj: 0.043183 (0.042729) Rank: 40 (40) Ttime: 5.5182 Vtime: 0.0217
Step: 42000  Loss: 0.032367 Regul: 0.010527 Obj: 0.042895 (0.042729) Rank: 40 (40) Ttime: 5.5033 Vtime: 0.0207
Step: 42100  Loss: 0.032373 Regul: 0.010536 Obj: 0.042909 (0.042729) Rank: 39 (40) Ttime: 5.5165 Vtime: 0.0210
Step: 42200  Loss: 0.032820 Regul: 0.010418 Obj: 0.043238 (0.042729) Rank: 40 (40) Ttime: 5.5567 Vtime: 0.0211
Step: 42300  Loss: 0.032318 Regul: 0.010475 Obj: 0.042793 (0.042729) Rank: 40 (40) Ttime: 5.4600 Vtime: 0.0216
Step: 42400  Loss: 0.032658 Regul: 0.010490 Obj: 0.043148 (0.042729) Rank: 40 (40) Ttime: 5.5479 Vtime: 0.0204
Step: 42500  Loss: 0.032822 Regul: 0.010602 Obj: 0.043423 (0.042729) Rank: 39 (40) Ttime: 5.5803 Vtime: 0.0216
Step: 42600  Loss: 0.033598 Regul: 0.010476 Obj: 0.044073 (0.042729) Rank: 39 (40) Ttime: 5.5994 Vtime: 0.0206
Step: 42700  Loss: 0.032480 Regul: 0.010448 Obj: 0.042929 (0.042729) Rank: 40 (40) Ttime: 5.5870 Vtime: 0.0216
Step: 42800  Loss: 0.033226 Regul: 0.010278 Obj: 0.043503 (0.042729) Rank: 38 (40) Ttime: 5.5413 Vtime: 0.0212
Step: 42900  Loss: 0.032981 Regul: 0.010403 Obj: 0.043384 (0.042729) Rank: 39 (40) Ttime: 5.5617 Vtime: 0.0215
Step: 43000  Loss: 0.033307 Regul: 0.010339 Obj: 0.043646 (0.042729) Rank: 39 (40) Ttime: 5.6083 Vtime: 0.0203
Step: 43100  Loss: 0.032768 Regul: 0.010399 Obj: 0.043167 (0.042729) Rank: 40 (40) Ttime: 5.5613 Vtime: 0.0210
Best: 43200  Loss: 0.031934 Regul: 0.010470 Obj: 0.042404 (0.042404) Rank: 40 (40) Ttime: 5.5959 Vtime: 0.0212
Stat: Dim [40] AUC: 0.990013 (0.990013) FPR95: 3.66 (3.66) [saved]
Step: 43300  Loss: 0.032244 Regul: 0.010445 Obj: 0.042689 (0.042404) Rank: 41 (40) Ttime: 5.5882 Vtime: 0.0211
Step: 43400  Loss: 0.032740 Regul: 0.010386 Obj: 0.043126 (0.042404) Rank: 39 (40) Ttime: 5.5934 Vtime: 0.0216
Step: 43500  Loss: 0.033090 Regul: 0.010427 Obj: 0.043517 (0.042404) Rank: 40 (40) Ttime: 5.6031 Vtime: 0.0210
Step: 43600  Loss: 0.032837 Regul: 0.010513 Obj: 0.043351 (0.042404) Rank: 39 (40) Ttime: 5.5877 Vtime: 0.0210
Step: 43700  Loss: 0.032752 Regul: 0.010398 Obj: 0.043149 (0.042404) Rank: 40 (40) Ttime: 5.6099 Vtime: 0.0216
Step: 43800  Loss: 0.033566 Regul: 0.010526 Obj: 0.044092 (0.042404) Rank: 39 (40) Ttime: 5.6071 Vtime: 0.0215
Step: 43900  Loss: 0.032698 Regul: 0.010590 Obj: 0.043288 (0.042404) Rank: 41 (40) Ttime: 5.6096 Vtime: 0.0212
Step: 44000  Loss: 0.032531 Regul: 0.010624 Obj: 0.043154 (0.042404) Rank: 41 (40) Ttime: 5.6029 Vtime: 0.0207
Step: 44100  Loss: 0.032994 Regul: 0.010576 Obj: 0.043570 (0.042404) Rank: 40 (40) Ttime: 5.5861 Vtime: 0.0213
Step: 44200  Loss: 0.032732 Regul: 0.010480 Obj: 0.043212 (0.042404) Rank: 40 (40) Ttime: 5.5762 Vtime: 0.0206
Step: 44300  Loss: 0.032000 Regul: 0.010409 Obj: 0.042409 (0.042404) Rank: 40 (40) Ttime: 5.5465 Vtime: 0.0207
Step: 44400  Loss: 0.032380 Regul: 0.010457 Obj: 0.042838 (0.042404) Rank: 40 (40) Ttime: 5.5570 Vtime: 0.0205
Step: 44500  Loss: 0.032364 Regul: 0.010431 Obj: 0.042795 (0.042404) Rank: 40 (40) Ttime: 5.5622 Vtime: 0.0205
Step: 44600  Loss: 0.033227 Regul: 0.010445 Obj: 0.043671 (0.042404) Rank: 40 (40) Ttime: 5.5680 Vtime: 0.0205
Step: 44700  Loss: 0.032843 Regul: 0.010373 Obj: 0.043216 (0.042404) Rank: 39 (40) Ttime: 5.4798 Vtime: 0.0210
Step: 44800  Loss: 0.032628 Regul: 0.010522 Obj: 0.043151 (0.042404) Rank: 40 (40) Ttime: 5.5316 Vtime: 0.0215
Step: 44900  Loss: 0.033156 Regul: 0.010422 Obj: 0.043578 (0.042404) Rank: 40 (40) Ttime: 5.5330 Vtime: 0.0208
Step: 45000  Loss: 0.033022 Regul: 0.010392 Obj: 0.043414 (0.042404) Rank: 39 (40) Ttime: 5.5763 Vtime: 0.0213
Step: 45100  Loss: 0.033021 Regul: 0.010427 Obj: 0.043447 (0.042404) Rank: 40 (40) Ttime: 5.5219 Vtime: 0.0211
Step: 45200  Loss: 0.032392 Regul: 0.010576 Obj: 0.042968 (0.042404) Rank: 41 (40) Ttime: 5.5641 Vtime: 0.0216
Step: 45300  Loss: 0.032609 Regul: 0.010429 Obj: 0.043038 (0.042404) Rank: 40 (40) Ttime: 5.5526 Vtime: 0.0216
Step: 45400  Loss: 0.032576 Regul: 0.010555 Obj: 0.043131 (0.042404) Rank: 40 (40) Ttime: 5.5495 Vtime: 0.0200
Step: 45500  Loss: 0.032578 Regul: 0.010579 Obj: 0.043158 (0.042404) Rank: 41 (40) Ttime: 5.6240 Vtime: 0.0212
Step: 45600  Loss: 0.032385 Regul: 0.010588 Obj: 0.042973 (0.042404) Rank: 41 (40) Ttime: 5.5462 Vtime: 0.0210
Step: 45700  Loss: 0.032857 Regul: 0.010408 Obj: 0.043265 (0.042404) Rank: 40 (40) Ttime: 5.5962 Vtime: 0.0207
Step: 45800  Loss: 0.032634 Regul: 0.010465 Obj: 0.043099 (0.042404) Rank: 41 (40) Ttime: 5.5784 Vtime: 0.0209
Step: 45900  Loss: 0.032299 Regul: 0.010464 Obj: 0.042763 (0.042404) Rank: 40 (40) Ttime: 5.6052 Vtime: 0.0253
Step: 46000  Loss: 0.031931 Regul: 0.010617 Obj: 0.042549 (0.042404) Rank: 40 (40) Ttime: 5.5546 Vtime: 0.0211
Step: 46100  Loss: 0.032370 Regul: 0.010502 Obj: 0.042872 (0.042404) Rank: 39 (40) Ttime: 5.5798 Vtime: 0.0214
Step: 46200  Loss: 0.032178 Regul: 0.010530 Obj: 0.042707 (0.042404) Rank: 41 (40) Ttime: 5.5296 Vtime: 0.0216
Best: 46300  Loss: 0.031788 Regul: 0.010460 Obj: 0.042248 (0.042248) Rank: 41 (41) Ttime: 5.6003 Vtime: 0.0207
Stat: Dim [41] AUC: 0.990038 (0.990013) FPR95: 3.86 (3.66)
Step: 46400  Loss: 0.032020 Regul: 0.010416 Obj: 0.042436 (0.042248) Rank: 40 (41) Ttime: 5.5988 Vtime: 0.0212
Best: 46500  Loss: 0.031426 Regul: 0.010262 Obj: 0.041687 (0.041687) Rank: 40 (40) Ttime: 5.4933 Vtime: 0.0208
Stat: Dim [40] AUC: 0.990095 (0.990013) FPR95: 3.84 (3.66)
Step: 46600  Loss: 0.033282 Regul: 0.010271 Obj: 0.043553 (0.041687) Rank: 41 (40) Ttime: 5.6419 Vtime: 0.0212
Step: 46700  Loss: 0.032399 Regul: 0.010261 Obj: 0.042660 (0.041687) Rank: 40 (40) Ttime: 5.5511 Vtime: 0.0215
Step: 46800  Loss: 0.033643 Regul: 0.010231 Obj: 0.043874 (0.041687) Rank: 39 (40) Ttime: 5.6124 Vtime: 0.0213
Step: 46900  Loss: 0.033073 Regul: 0.010321 Obj: 0.043394 (0.041687) Rank: 39 (40) Ttime: 5.6369 Vtime: 0.0205
Step: 47000  Loss: 0.032712 Regul: 0.010341 Obj: 0.043053 (0.041687) Rank: 40 (40) Ttime: 5.5204 Vtime: 0.0215
Step: 47100  Loss: 0.033503 Regul: 0.010390 Obj: 0.043893 (0.041687) Rank: 41 (40) Ttime: 5.5326 Vtime: 0.0212
Step: 47200  Loss: 0.033177 Regul: 0.010381 Obj: 0.043558 (0.041687) Rank: 40 (40) Ttime: 5.5746 Vtime: 0.0211
Step: 47300  Loss: 0.032485 Regul: 0.010365 Obj: 0.042850 (0.041687) Rank: 41 (40) Ttime: 5.6222 Vtime: 0.0216
Step: 47400  Loss: 0.033209 Regul: 0.010369 Obj: 0.043579 (0.041687) Rank: 39 (40) Ttime: 5.6138 Vtime: 0.0210
Step: 47500  Loss: 0.032787 Regul: 0.010362 Obj: 0.043149 (0.041687) Rank: 40 (40) Ttime: 5.5392 Vtime: 0.0210
Step: 47600  Loss: 0.033051 Regul: 0.010343 Obj: 0.043394 (0.041687) Rank: 40 (40) Ttime: 5.6542 Vtime: 0.0208
Step: 47700  Loss: 0.033051 Regul: 0.010357 Obj: 0.043408 (0.041687) Rank: 41 (40) Ttime: 5.6265 Vtime: 0.0209
Step: 47800  Loss: 0.033567 Regul: 0.010215 Obj: 0.043783 (0.041687) Rank: 39 (40) Ttime: 5.5671 Vtime: 0.0211
Step: 47900  Loss: 0.032627 Regul: 0.010317 Obj: 0.042944 (0.041687) Rank: 41 (40) Ttime: 5.5744 Vtime: 0.0212
Step: 48000  Loss: 0.033112 Regul: 0.010187 Obj: 0.043299 (0.041687) Rank: 40 (40) Ttime: 5.5684 Vtime: 0.0214
Step: 48100  Loss: 0.032964 Regul: 0.010160 Obj: 0.043124 (0.041687) Rank: 40 (40) Ttime: 5.6924 Vtime: 0.0208
Step: 48200  Loss: 0.033087 Regul: 0.010205 Obj: 0.043292 (0.041687) Rank: 40 (40) Ttime: 5.5505 Vtime: 0.0202
Step: 48300  Loss: 0.033353 Regul: 0.010102 Obj: 0.043455 (0.041687) Rank: 39 (40) Ttime: 5.6958 Vtime: 0.0212
Step: 48400  Loss: 0.033135 Regul: 0.010219 Obj: 0.043354 (0.041687) Rank: 39 (40) Ttime: 5.6539 Vtime: 0.0210
Step: 48500  Loss: 0.032572 Regul: 0.010156 Obj: 0.042728 (0.041687) Rank: 39 (40) Ttime: 5.5521 Vtime: 0.0205
Step: 48600  Loss: 0.032536 Regul: 0.010387 Obj: 0.042923 (0.041687) Rank: 40 (40) Ttime: 5.6468 Vtime: 0.0212
Step: 48700  Loss: 0.032546 Regul: 0.010266 Obj: 0.042812 (0.041687) Rank: 40 (40) Ttime: 5.5276 Vtime: 0.0203
Step: 48800  Loss: 0.032882 Regul: 0.010390 Obj: 0.043272 (0.041687) Rank: 40 (40) Ttime: 5.5252 Vtime: 0.0208
Step: 48900  Loss: 0.034721 Regul: 0.010413 Obj: 0.045134 (0.041687) Rank: 40 (40) Ttime: 5.5964 Vtime: 0.0207
Step: 49000  Loss: 0.032535 Regul: 0.010284 Obj: 0.042819 (0.041687) Rank: 39 (40) Ttime: 5.5035 Vtime: 0.0214
Step: 49100  Loss: 0.032245 Regul: 0.010324 Obj: 0.042570 (0.041687) Rank: 40 (40) Ttime: 5.5014 Vtime: 0.0210
Step: 49200  Loss: 0.032333 Regul: 0.010360 Obj: 0.042693 (0.041687) Rank: 41 (40) Ttime: 5.5325 Vtime: 0.0215
Step: 49300  Loss: 0.031930 Regul: 0.010399 Obj: 0.042329 (0.041687) Rank: 40 (40) Ttime: 5.5845 Vtime: 0.0212
Step: 49400  Loss: 0.031984 Regul: 0.010390 Obj: 0.042374 (0.041687) Rank: 41 (40) Ttime: 5.5478 Vtime: 0.0213
Step: 49500  Loss: 0.032988 Regul: 0.010218 Obj: 0.043206 (0.041687) Rank: 40 (40) Ttime: 5.4746 Vtime: 0.0209
Step: 49600  Loss: 0.032655 Regul: 0.010312 Obj: 0.042967 (0.041687) Rank: 39 (40) Ttime: 5.5596 Vtime: 0.0211
Step: 49700  Loss: 0.032066 Regul: 0.010349 Obj: 0.042414 (0.041687) Rank: 41 (40) Ttime: 5.5765 Vtime: 0.0217
Step: 49800  Loss: 0.031838 Regul: 0.010383 Obj: 0.042221 (0.041687) Rank: 41 (40) Ttime: 5.5099 Vtime: 0.0203
Step: 49900  Loss: 0.033482 Regul: 0.010356 Obj: 0.043838 (0.041687) Rank: 41 (40) Ttime: 5.6816 Vtime: 0.0210
Step: 50000  Loss: 0.032168 Regul: 0.010460 Obj: 0.042629 (0.041687) Rank: 41 (40) Ttime: 5.5682 Vtime: 0.0208
