mu: 0.001 gamma: 0.2 maxdim: 80 nIters: 50000
Load Labels: 500000
Load Distances: 500000 x 480
0...10...20...30...40...50...60...70...80...90...100 - done.
Positive samples #250000
Negative samples #250000
Positive train #200000
Negative train #200000
Positive valid #50000
Negative valid #50000

Found GPU: GeForce GTX 970
Compute Capability: 5.2

Best: 100  Loss: 0.207830 Regul: 0.040334 Obj: 0.248164 (0.248164) Rank: 118 (118) Ttime: 5.8261 Vtime: 0.1129
Stat: Dim [118] AUC: 0.984631 (0.984631) FPR95: 7.20 (7.20) [saved]
Best: 200  Loss: 0.095540 Regul: 0.024217 Obj: 0.119757 (0.119757) Rank: 92 (92) Ttime: 5.5555 Vtime: 0.0312
Stat: Dim [92] AUC: 0.986399 (0.986399) FPR95: 5.94 (5.94) [saved]
Best: 300  Loss: 0.064373 Regul: 0.017108 Obj: 0.081481 (0.081481) Rank: 78 (78) Ttime: 5.4987 Vtime: 0.0276
Stat: Dim [78] AUC: 0.987358 (0.987358) FPR95: 5.41 (5.41) [saved]
Best: 400  Loss: 0.048869 Regul: 0.013153 Obj: 0.062022 (0.062022) Rank: 71 (71) Ttime: 5.5568 Vtime: 0.0271
Stat: Dim [71] AUC: 0.988143 (0.988143) FPR95: 4.84 (4.84) [saved]
Best: 500  Loss: 0.039819 Regul: 0.010663 Obj: 0.050482 (0.050482) Rank: 65 (65) Ttime: 5.5742 Vtime: 0.0266
Stat: Dim [65] AUC: 0.988874 (0.988874) FPR95: 4.62 (4.62) [saved]
Best: 600  Loss: 0.037008 Regul: 0.009261 Obj: 0.046270 (0.046270) Rank: 62 (62) Ttime: 5.6371 Vtime: 0.0214
Stat: Dim [62] AUC: 0.988997 (0.988874) FPR95: 4.64 (4.62)
Best: 700  Loss: 0.034910 Regul: 0.008477 Obj: 0.043387 (0.043387) Rank: 61 (61) Ttime: 5.6865 Vtime: 0.0211
Stat: Dim [61] AUC: 0.989207 (0.989207) FPR95: 4.41 (4.41) [saved]
Best: 800  Loss: 0.033653 Regul: 0.007863 Obj: 0.041516 (0.041516) Rank: 60 (60) Ttime: 5.6075 Vtime: 0.0214
Stat: Dim [60] AUC: 0.989546 (0.989546) FPR95: 4.14 (4.14) [saved]
Best: 900  Loss: 0.033084 Regul: 0.007509 Obj: 0.040593 (0.040593) Rank: 59 (59) Ttime: 5.6148 Vtime: 0.0216
Stat: Dim [59] AUC: 0.989653 (0.989546) FPR95: 4.16 (4.14)
Best: 1000  Loss: 0.032000 Regul: 0.007339 Obj: 0.039339 (0.039339) Rank: 59 (59) Ttime: 5.6611 Vtime: 0.0207
Stat: Dim [59] AUC: 0.990133 (0.990133) FPR95: 3.83 (3.83) [saved]
Best: 1100  Loss: 0.031977 Regul: 0.007164 Obj: 0.039141 (0.039141) Rank: 57 (57) Ttime: 5.6166 Vtime: 0.0218
Stat: Dim [57] AUC: 0.990037 (0.990133) FPR95: 3.83 (3.83)
Best: 1200  Loss: 0.031817 Regul: 0.007011 Obj: 0.038828 (0.038828) Rank: 56 (56) Ttime: 5.6380 Vtime: 0.0214
Stat: Dim [56] AUC: 0.990178 (0.990178) FPR95: 3.79 (3.79) [saved]
Best: 1300  Loss: 0.031458 Regul: 0.006941 Obj: 0.038399 (0.038399) Rank: 57 (57) Ttime: 5.6758 Vtime: 0.0216
Stat: Dim [57] AUC: 0.990176 (0.990178) FPR95: 3.82 (3.79)
Best: 1400  Loss: 0.031405 Regul: 0.006929 Obj: 0.038335 (0.038335) Rank: 58 (58) Ttime: 5.6937 Vtime: 0.0220
Stat: Dim [58] AUC: 0.990331 (0.990331) FPR95: 3.72 (3.72) [saved]
Best: 1500  Loss: 0.030996 Regul: 0.006900 Obj: 0.037896 (0.037896) Rank: 58 (58) Ttime: 5.6234 Vtime: 0.0214
Stat: Dim [58] AUC: 0.990385 (0.990385) FPR95: 3.58 (3.58) [saved]
Best: 1600  Loss: 0.030739 Regul: 0.006885 Obj: 0.037624 (0.037624) Rank: 58 (58) Ttime: 5.5838 Vtime: 0.0206
Stat: Dim [58] AUC: 0.990415 (0.990385) FPR95: 3.73 (3.58)
Best: 1700  Loss: 0.029954 Regul: 0.006905 Obj: 0.036859 (0.036859) Rank: 58 (58) Ttime: 5.6797 Vtime: 0.0206
Stat: Dim [58] AUC: 0.990706 (0.990706) FPR95: 3.42 (3.42) [saved]
Step: 1800  Loss: 0.029968 Regul: 0.006910 Obj: 0.036879 (0.036859) Rank: 58 (58) Ttime: 5.6700 Vtime: 0.0208
Best: 1900  Loss: 0.029724 Regul: 0.006833 Obj: 0.036557 (0.036557) Rank: 57 (57) Ttime: 5.6175 Vtime: 0.0222
Stat: Dim [57] AUC: 0.990758 (0.990706) FPR95: 3.58 (3.42)
Step: 2000  Loss: 0.029855 Regul: 0.006802 Obj: 0.036657 (0.036557) Rank: 57 (57) Ttime: 5.6484 Vtime: 0.0210
Step: 2100  Loss: 0.029801 Regul: 0.006858 Obj: 0.036659 (0.036557) Rank: 57 (57) Ttime: 5.5941 Vtime: 0.0213
Step: 2200  Loss: 0.029990 Regul: 0.006812 Obj: 0.036802 (0.036557) Rank: 58 (57) Ttime: 5.6395 Vtime: 0.0214
Step: 2300  Loss: 0.030094 Regul: 0.006797 Obj: 0.036890 (0.036557) Rank: 57 (57) Ttime: 5.5543 Vtime: 0.0210
Step: 2400  Loss: 0.030152 Regul: 0.006761 Obj: 0.036912 (0.036557) Rank: 57 (57) Ttime: 5.6293 Vtime: 0.0212
Best: 2500  Loss: 0.029558 Regul: 0.006754 Obj: 0.036312 (0.036312) Rank: 57 (57) Ttime: 5.6617 Vtime: 0.0209
Stat: Dim [57] AUC: 0.991084 (0.991084) FPR95: 3.21 (3.21) [saved]
Best: 2600  Loss: 0.029512 Regul: 0.006781 Obj: 0.036293 (0.036293) Rank: 58 (58) Ttime: 5.5554 Vtime: 0.0214
Stat: Dim [58] AUC: 0.991076 (0.991084) FPR95: 3.23 (3.21)
Step: 2700  Loss: 0.029573 Regul: 0.006743 Obj: 0.036316 (0.036293) Rank: 57 (58) Ttime: 5.5799 Vtime: 0.0217
Best: 2800  Loss: 0.029360 Regul: 0.006746 Obj: 0.036106 (0.036106) Rank: 57 (57) Ttime: 5.5193 Vtime: 0.0213
Stat: Dim [57] AUC: 0.991162 (0.991162) FPR95: 3.21 (3.21) [saved]
Best: 2900  Loss: 0.029093 Regul: 0.006738 Obj: 0.035831 (0.035831) Rank: 57 (57) Ttime: 5.6390 Vtime: 0.0211
Stat: Dim [57] AUC: 0.991242 (0.991162) FPR95: 3.23 (3.21)
Step: 3000  Loss: 0.029267 Regul: 0.006713 Obj: 0.035979 (0.035831) Rank: 58 (57) Ttime: 5.5986 Vtime: 0.0215
Step: 3100  Loss: 0.029521 Regul: 0.006717 Obj: 0.036238 (0.035831) Rank: 57 (57) Ttime: 5.5899 Vtime: 0.0214
Step: 3200  Loss: 0.029302 Regul: 0.006734 Obj: 0.036036 (0.035831) Rank: 58 (57) Ttime: 5.5903 Vtime: 0.0210
Step: 3300  Loss: 0.029307 Regul: 0.006752 Obj: 0.036059 (0.035831) Rank: 58 (57) Ttime: 5.5677 Vtime: 0.0209
Best: 3400  Loss: 0.029002 Regul: 0.006755 Obj: 0.035757 (0.035757) Rank: 58 (58) Ttime: 5.6168 Vtime: 0.0212
Stat: Dim [58] AUC: 0.991301 (0.991301) FPR95: 3.12 (3.12) [saved]
Step: 3500  Loss: 0.029109 Regul: 0.006736 Obj: 0.035846 (0.035757) Rank: 58 (58) Ttime: 5.5061 Vtime: 0.0211
Step: 3600  Loss: 0.029167 Regul: 0.006729 Obj: 0.035896 (0.035757) Rank: 58 (58) Ttime: 5.5510 Vtime: 0.0207
Step: 3700  Loss: 0.029069 Regul: 0.006738 Obj: 0.035807 (0.035757) Rank: 59 (58) Ttime: 5.6279 Vtime: 0.0212
Best: 3800  Loss: 0.028934 Regul: 0.006761 Obj: 0.035695 (0.035695) Rank: 58 (58) Ttime: 5.6136 Vtime: 0.0213
Stat: Dim [58] AUC: 0.991415 (0.991301) FPR95: 3.12 (3.12)
Step: 3900  Loss: 0.029277 Regul: 0.006753 Obj: 0.036030 (0.035695) Rank: 58 (58) Ttime: 5.6175 Vtime: 0.0213
Step: 4000  Loss: 0.029069 Regul: 0.006746 Obj: 0.035815 (0.035695) Rank: 58 (58) Ttime: 5.5767 Vtime: 0.0208
Step: 4100  Loss: 0.029188 Regul: 0.006732 Obj: 0.035920 (0.035695) Rank: 59 (58) Ttime: 5.5287 Vtime: 0.0215
Best: 4200  Loss: 0.028676 Regul: 0.006733 Obj: 0.035409 (0.035409) Rank: 59 (59) Ttime: 5.5948 Vtime: 0.0206
Stat: Dim [59] AUC: 0.991519 (0.991519) FPR95: 3.08 (3.08) [saved]
Step: 4300  Loss: 0.028785 Regul: 0.006751 Obj: 0.035536 (0.035409) Rank: 59 (59) Ttime: 5.5834 Vtime: 0.0215
Best: 4400  Loss: 0.028652 Regul: 0.006742 Obj: 0.035394 (0.035394) Rank: 59 (59) Ttime: 5.5653 Vtime: 0.0211
Stat: Dim [59] AUC: 0.991535 (0.991535) FPR95: 3.06 (3.06) [saved]
Step: 4500  Loss: 0.028727 Regul: 0.006755 Obj: 0.035482 (0.035394) Rank: 58 (59) Ttime: 5.5391 Vtime: 0.0218
Best: 4600  Loss: 0.028416 Regul: 0.006748 Obj: 0.035164 (0.035164) Rank: 58 (58) Ttime: 5.6680 Vtime: 0.0213
Stat: Dim [58] AUC: 0.991598 (0.991598) FPR95: 3.01 (3.01) [saved]
Step: 4700  Loss: 0.029040 Regul: 0.006748 Obj: 0.035788 (0.035164) Rank: 59 (58) Ttime: 5.6064 Vtime: 0.0216
Step: 4800  Loss: 0.028603 Regul: 0.006788 Obj: 0.035390 (0.035164) Rank: 59 (58) Ttime: 5.5947 Vtime: 0.0211
Best: 4900  Loss: 0.028326 Regul: 0.006779 Obj: 0.035106 (0.035106) Rank: 58 (58) Ttime: 5.5259 Vtime: 0.0212
Stat: Dim [58] AUC: 0.991602 (0.991598) FPR95: 3.05 (3.01)
Step: 5000  Loss: 0.028513 Regul: 0.006764 Obj: 0.035277 (0.035106) Rank: 58 (58) Ttime: 5.4758 Vtime: 0.0213
Best: 5100  Loss: 0.028089 Regul: 0.006783 Obj: 0.034872 (0.034872) Rank: 58 (58) Ttime: 5.5722 Vtime: 0.0210
Stat: Dim [58] AUC: 0.991668 (0.991598) FPR95: 3.02 (3.01)
Step: 5200  Loss: 0.028327 Regul: 0.006763 Obj: 0.035090 (0.034872) Rank: 58 (58) Ttime: 5.6315 Vtime: 0.0208
Step: 5300  Loss: 0.028171 Regul: 0.006777 Obj: 0.034948 (0.034872) Rank: 58 (58) Ttime: 5.6234 Vtime: 0.0209
Step: 5400  Loss: 0.028375 Regul: 0.006772 Obj: 0.035147 (0.034872) Rank: 58 (58) Ttime: 5.4787 Vtime: 0.0209
Step: 5500  Loss: 0.028247 Regul: 0.006762 Obj: 0.035009 (0.034872) Rank: 58 (58) Ttime: 5.5783 Vtime: 0.0212
Step: 5600  Loss: 0.028292 Regul: 0.006757 Obj: 0.035049 (0.034872) Rank: 58 (58) Ttime: 5.4736 Vtime: 0.0213
Step: 5700  Loss: 0.028253 Regul: 0.006752 Obj: 0.035005 (0.034872) Rank: 58 (58) Ttime: 5.4389 Vtime: 0.0208
Step: 5800  Loss: 0.028189 Regul: 0.006762 Obj: 0.034951 (0.034872) Rank: 58 (58) Ttime: 5.4978 Vtime: 0.0213
Step: 5900  Loss: 0.028228 Regul: 0.006776 Obj: 0.035004 (0.034872) Rank: 57 (58) Ttime: 5.4401 Vtime: 0.0220
Step: 6000  Loss: 0.028150 Regul: 0.006791 Obj: 0.034941 (0.034872) Rank: 58 (58) Ttime: 5.4903 Vtime: 0.0217
Step: 6100  Loss: 0.028076 Regul: 0.006820 Obj: 0.034896 (0.034872) Rank: 58 (58) Ttime: 5.4012 Vtime: 0.0212
Best: 6200  Loss: 0.028037 Regul: 0.006785 Obj: 0.034821 (0.034821) Rank: 58 (58) Ttime: 5.5189 Vtime: 0.0211
Stat: Dim [58] AUC: 0.991814 (0.991814) FPR95: 2.88 (2.88) [saved]
Step: 6300  Loss: 0.028263 Regul: 0.006762 Obj: 0.035025 (0.034821) Rank: 58 (58) Ttime: 5.4902 Vtime: 0.0213
Step: 6400  Loss: 0.028300 Regul: 0.006774 Obj: 0.035074 (0.034821) Rank: 58 (58) Ttime: 5.4238 Vtime: 0.0212
Best: 6500  Loss: 0.027953 Regul: 0.006790 Obj: 0.034743 (0.034743) Rank: 58 (58) Ttime: 5.4930 Vtime: 0.0210
Stat: Dim [58] AUC: 0.991821 (0.991814) FPR95: 2.93 (2.88)
Step: 6600  Loss: 0.028107 Regul: 0.006819 Obj: 0.034926 (0.034743) Rank: 57 (58) Ttime: 5.5781 Vtime: 0.0220
Step: 6700  Loss: 0.027977 Regul: 0.006771 Obj: 0.034748 (0.034743) Rank: 58 (58) Ttime: 5.5303 Vtime: 0.0219
Step: 6800  Loss: 0.028159 Regul: 0.006748 Obj: 0.034907 (0.034743) Rank: 58 (58) Ttime: 5.4937 Vtime: 0.0209
Step: 6900  Loss: 0.028319 Regul: 0.006731 Obj: 0.035050 (0.034743) Rank: 58 (58) Ttime: 5.5426 Vtime: 0.0209
Step: 7000  Loss: 0.028121 Regul: 0.006740 Obj: 0.034861 (0.034743) Rank: 59 (58) Ttime: 5.4589 Vtime: 0.0216
Step: 7100  Loss: 0.028341 Regul: 0.006735 Obj: 0.035075 (0.034743) Rank: 59 (58) Ttime: 5.4699 Vtime: 0.0214
Step: 7200  Loss: 0.028200 Regul: 0.006728 Obj: 0.034928 (0.034743) Rank: 59 (58) Ttime: 5.4346 Vtime: 0.0210
Step: 7300  Loss: 0.028276 Regul: 0.006740 Obj: 0.035017 (0.034743) Rank: 59 (58) Ttime: 5.5191 Vtime: 0.0210
Best: 7400  Loss: 0.027853 Regul: 0.006750 Obj: 0.034603 (0.034603) Rank: 59 (59) Ttime: 5.4375 Vtime: 0.0214
Stat: Dim [59] AUC: 0.991860 (0.991814) FPR95: 2.90 (2.88)
Step: 7500  Loss: 0.027950 Regul: 0.006770 Obj: 0.034720 (0.034603) Rank: 59 (59) Ttime: 5.4918 Vtime: 0.0209
Step: 7600  Loss: 0.028329 Regul: 0.006776 Obj: 0.035105 (0.034603) Rank: 59 (59) Ttime: 5.5129 Vtime: 0.0208
Step: 7700  Loss: 0.028014 Regul: 0.006775 Obj: 0.034789 (0.034603) Rank: 59 (59) Ttime: 5.5101 Vtime: 0.0210
Step: 7800  Loss: 0.028197 Regul: 0.006759 Obj: 0.034956 (0.034603) Rank: 59 (59) Ttime: 5.4897 Vtime: 0.0208
Step: 7900  Loss: 0.028399 Regul: 0.006730 Obj: 0.035129 (0.034603) Rank: 59 (59) Ttime: 5.4857 Vtime: 0.0212
Step: 8000  Loss: 0.028318 Regul: 0.006705 Obj: 0.035024 (0.034603) Rank: 59 (59) Ttime: 5.5000 Vtime: 0.0215
Step: 8100  Loss: 0.028180 Regul: 0.006729 Obj: 0.034909 (0.034603) Rank: 59 (59) Ttime: 5.4487 Vtime: 0.0210
Step: 8200  Loss: 0.028056 Regul: 0.006718 Obj: 0.034774 (0.034603) Rank: 59 (59) Ttime: 5.5665 Vtime: 0.0211
Best: 8300  Loss: 0.027742 Regul: 0.006743 Obj: 0.034485 (0.034485) Rank: 59 (59) Ttime: 5.6060 Vtime: 0.0214
Stat: Dim [59] AUC: 0.991946 (0.991946) FPR95: 2.81 (2.81) [saved]
Step: 8400  Loss: 0.027751 Regul: 0.006760 Obj: 0.034512 (0.034485) Rank: 59 (59) Ttime: 5.4634 Vtime: 0.0210
Step: 8500  Loss: 0.027826 Regul: 0.006758 Obj: 0.034584 (0.034485) Rank: 59 (59) Ttime: 5.4388 Vtime: 0.0209
Step: 8600  Loss: 0.027923 Regul: 0.006762 Obj: 0.034685 (0.034485) Rank: 59 (59) Ttime: 5.4876 Vtime: 0.0209
Step: 8700  Loss: 0.027958 Regul: 0.006761 Obj: 0.034720 (0.034485) Rank: 59 (59) Ttime: 5.4712 Vtime: 0.0212
Step: 8800  Loss: 0.027857 Regul: 0.006756 Obj: 0.034613 (0.034485) Rank: 59 (59) Ttime: 5.4259 Vtime: 0.0209
Best: 8900  Loss: 0.027717 Regul: 0.006742 Obj: 0.034458 (0.034458) Rank: 59 (59) Ttime: 5.4798 Vtime: 0.0209
Stat: Dim [59] AUC: 0.991924 (0.991946) FPR95: 2.85 (2.81)
Step: 9000  Loss: 0.027877 Regul: 0.006710 Obj: 0.034587 (0.034458) Rank: 59 (59) Ttime: 5.4561 Vtime: 0.0205
Step: 9100  Loss: 0.028088 Regul: 0.006720 Obj: 0.034808 (0.034458) Rank: 59 (59) Ttime: 5.4457 Vtime: 0.0210
Step: 9200  Loss: 0.028043 Regul: 0.006722 Obj: 0.034765 (0.034458) Rank: 59 (59) Ttime: 5.4883 Vtime: 0.0217
Step: 9300  Loss: 0.027999 Regul: 0.006734 Obj: 0.034733 (0.034458) Rank: 59 (59) Ttime: 5.4404 Vtime: 0.0206
Step: 9400  Loss: 0.028024 Regul: 0.006721 Obj: 0.034746 (0.034458) Rank: 59 (59) Ttime: 5.4571 Vtime: 0.0213
Step: 9500  Loss: 0.027981 Regul: 0.006723 Obj: 0.034704 (0.034458) Rank: 59 (59) Ttime: 5.4459 Vtime: 0.0210
Step: 9600  Loss: 0.027926 Regul: 0.006719 Obj: 0.034645 (0.034458) Rank: 59 (59) Ttime: 5.4990 Vtime: 0.0209
Step: 9700  Loss: 0.027853 Regul: 0.006720 Obj: 0.034573 (0.034458) Rank: 59 (59) Ttime: 5.5103 Vtime: 0.0212
Step: 9800  Loss: 0.027873 Regul: 0.006729 Obj: 0.034602 (0.034458) Rank: 59 (59) Ttime: 5.4408 Vtime: 0.0211
Step: 9900  Loss: 0.027915 Regul: 0.006716 Obj: 0.034631 (0.034458) Rank: 59 (59) Ttime: 5.4858 Vtime: 0.0213
Step: 10000  Loss: 0.027975 Regul: 0.006724 Obj: 0.034699 (0.034458) Rank: 59 (59) Ttime: 5.4398 Vtime: 0.0209
Step: 10100  Loss: 0.028005 Regul: 0.006705 Obj: 0.034709 (0.034458) Rank: 59 (59) Ttime: 5.4186 Vtime: 0.0216
Step: 10200  Loss: 0.027992 Regul: 0.006712 Obj: 0.034704 (0.034458) Rank: 59 (59) Ttime: 5.5647 Vtime: 0.0212
Step: 10300  Loss: 0.027936 Regul: 0.006749 Obj: 0.034685 (0.034458) Rank: 59 (59) Ttime: 5.5022 Vtime: 0.0214
Step: 10400  Loss: 0.028070 Regul: 0.006753 Obj: 0.034823 (0.034458) Rank: 59 (59) Ttime: 5.5332 Vtime: 0.0203
Step: 10500  Loss: 0.027989 Regul: 0.006727 Obj: 0.034716 (0.034458) Rank: 59 (59) Ttime: 5.4911 Vtime: 0.0208
Step: 10600  Loss: 0.027891 Regul: 0.006723 Obj: 0.034614 (0.034458) Rank: 59 (59) Ttime: 5.5053 Vtime: 0.0209
Step: 10700  Loss: 0.027828 Regul: 0.006729 Obj: 0.034556 (0.034458) Rank: 59 (59) Ttime: 5.5345 Vtime: 0.0215
Step: 10800  Loss: 0.027880 Regul: 0.006757 Obj: 0.034637 (0.034458) Rank: 59 (59) Ttime: 5.5676 Vtime: 0.0211
Step: 10900  Loss: 0.027951 Regul: 0.006779 Obj: 0.034730 (0.034458) Rank: 59 (59) Ttime: 5.4860 Vtime: 0.0215
Step: 11000  Loss: 0.027791 Regul: 0.006784 Obj: 0.034575 (0.034458) Rank: 60 (59) Ttime: 5.4900 Vtime: 0.0213
Best: 11100  Loss: 0.027669 Regul: 0.006774 Obj: 0.034442 (0.034442) Rank: 59 (59) Ttime: 5.5126 Vtime: 0.0212
Stat: Dim [59] AUC: 0.992031 (0.992031) FPR95: 2.80 (2.80) [saved]
Step: 11200  Loss: 0.027723 Regul: 0.006769 Obj: 0.034493 (0.034442) Rank: 59 (59) Ttime: 5.5133 Vtime: 0.0212
Step: 11300  Loss: 0.027896 Regul: 0.006745 Obj: 0.034642 (0.034442) Rank: 58 (59) Ttime: 5.4540 Vtime: 0.0213
Step: 11400  Loss: 0.027720 Regul: 0.006742 Obj: 0.034462 (0.034442) Rank: 59 (59) Ttime: 5.5459 Vtime: 0.0211
Best: 11500  Loss: 0.027688 Regul: 0.006752 Obj: 0.034440 (0.034440) Rank: 59 (59) Ttime: 5.5009 Vtime: 0.0211
Stat: Dim [59] AUC: 0.992063 (0.992063) FPR95: 2.78 (2.78) [saved]
Best: 11600  Loss: 0.027686 Regul: 0.006751 Obj: 0.034437 (0.034437) Rank: 59 (59) Ttime: 5.5719 Vtime: 0.0210
Stat: Dim [59] AUC: 0.992041 (0.992063) FPR95: 2.74 (2.78)
Step: 11700  Loss: 0.027773 Regul: 0.006759 Obj: 0.034532 (0.034437) Rank: 59 (59) Ttime: 5.5445 Vtime: 0.0212
Best: 11800  Loss: 0.027663 Regul: 0.006767 Obj: 0.034430 (0.034430) Rank: 59 (59) Ttime: 5.5510 Vtime: 0.0210
Stat: Dim [59] AUC: 0.992062 (0.992063) FPR95: 2.78 (2.78)
Best: 11900  Loss: 0.027540 Regul: 0.006759 Obj: 0.034300 (0.034300) Rank: 59 (59) Ttime: 5.4951 Vtime: 0.0208
Stat: Dim [59] AUC: 0.992100 (0.992100) FPR95: 2.73 (2.73) [saved]
Step: 12000  Loss: 0.027680 Regul: 0.006792 Obj: 0.034472 (0.034300) Rank: 59 (59) Ttime: 5.5077 Vtime: 0.0210
Step: 12100  Loss: 0.027549 Regul: 0.006762 Obj: 0.034311 (0.034300) Rank: 59 (59) Ttime: 5.4480 Vtime: 0.0216
Step: 12200  Loss: 0.027535 Regul: 0.006781 Obj: 0.034316 (0.034300) Rank: 59 (59) Ttime: 5.4580 Vtime: 0.0213
Step: 12300  Loss: 0.027651 Regul: 0.006781 Obj: 0.034433 (0.034300) Rank: 59 (59) Ttime: 5.5581 Vtime: 0.0212
Step: 12400  Loss: 0.027696 Regul: 0.006781 Obj: 0.034476 (0.034300) Rank: 59 (59) Ttime: 5.4480 Vtime: 0.0209
Step: 12500  Loss: 0.027569 Regul: 0.006770 Obj: 0.034339 (0.034300) Rank: 59 (59) Ttime: 5.4422 Vtime: 0.0212
Best: 12600  Loss: 0.027485 Regul: 0.006755 Obj: 0.034240 (0.034240) Rank: 59 (59) Ttime: 5.4951 Vtime: 0.0210
Stat: Dim [59] AUC: 0.992106 (0.992100) FPR95: 2.78 (2.73)
Best: 12700  Loss: 0.027479 Regul: 0.006757 Obj: 0.034236 (0.034236) Rank: 59 (59) Ttime: 5.4376 Vtime: 0.0209
Stat: Dim [59] AUC: 0.992101 (0.992100) FPR95: 2.81 (2.73)
Step: 12800  Loss: 0.027811 Regul: 0.006753 Obj: 0.034564 (0.034236) Rank: 59 (59) Ttime: 5.4383 Vtime: 0.0207
Step: 12900  Loss: 0.027642 Regul: 0.006755 Obj: 0.034396 (0.034236) Rank: 59 (59) Ttime: 5.5816 Vtime: 0.0213
Step: 13000  Loss: 0.027645 Regul: 0.006752 Obj: 0.034397 (0.034236) Rank: 59 (59) Ttime: 5.5171 Vtime: 0.0215
Step: 13100  Loss: 0.027607 Regul: 0.006752 Obj: 0.034359 (0.034236) Rank: 59 (59) Ttime: 5.5168 Vtime: 0.0211
Step: 13200  Loss: 0.027536 Regul: 0.006753 Obj: 0.034289 (0.034236) Rank: 59 (59) Ttime: 5.4773 Vtime: 0.0212
Step: 13300  Loss: 0.027612 Regul: 0.006754 Obj: 0.034367 (0.034236) Rank: 59 (59) Ttime: 5.5214 Vtime: 0.0212
Best: 13400  Loss: 0.027465 Regul: 0.006767 Obj: 0.034232 (0.034232) Rank: 59 (59) Ttime: 5.5015 Vtime: 0.0212
Stat: Dim [59] AUC: 0.992087 (0.992100) FPR95: 2.76 (2.73)
Step: 13500  Loss: 0.027540 Regul: 0.006761 Obj: 0.034301 (0.034232) Rank: 59 (59) Ttime: 5.4761 Vtime: 0.0216
Step: 13600  Loss: 0.027505 Regul: 0.006758 Obj: 0.034263 (0.034232) Rank: 59 (59) Ttime: 5.4865 Vtime: 0.0209
Step: 13700  Loss: 0.027585 Regul: 0.006751 Obj: 0.034337 (0.034232) Rank: 59 (59) Ttime: 5.4005 Vtime: 0.0211
Step: 13800  Loss: 0.027633 Regul: 0.006740 Obj: 0.034373 (0.034232) Rank: 59 (59) Ttime: 5.5155 Vtime: 0.0213
Step: 13900  Loss: 0.027561 Regul: 0.006767 Obj: 0.034328 (0.034232) Rank: 59 (59) Ttime: 5.4285 Vtime: 0.0210
Step: 14000  Loss: 0.027597 Regul: 0.006747 Obj: 0.034344 (0.034232) Rank: 59 (59) Ttime: 5.4752 Vtime: 0.0210
Step: 14100  Loss: 0.027664 Regul: 0.006730 Obj: 0.034395 (0.034232) Rank: 59 (59) Ttime: 5.4757 Vtime: 0.0213
Step: 14200  Loss: 0.027540 Regul: 0.006744 Obj: 0.034284 (0.034232) Rank: 59 (59) Ttime: 5.4722 Vtime: 0.0212
Step: 14300  Loss: 0.027623 Regul: 0.006737 Obj: 0.034359 (0.034232) Rank: 59 (59) Ttime: 5.3908 Vtime: 0.0214
Step: 14400  Loss: 0.027668 Regul: 0.006744 Obj: 0.034413 (0.034232) Rank: 59 (59) Ttime: 5.4220 Vtime: 0.0209
Step: 14500  Loss: 0.027658 Regul: 0.006775 Obj: 0.034433 (0.034232) Rank: 59 (59) Ttime: 5.4365 Vtime: 0.0208
Step: 14600  Loss: 0.027588 Regul: 0.006792 Obj: 0.034380 (0.034232) Rank: 59 (59) Ttime: 5.4674 Vtime: 0.0206
Step: 14700  Loss: 0.027582 Regul: 0.006767 Obj: 0.034348 (0.034232) Rank: 59 (59) Ttime: 5.4367 Vtime: 0.0215
Step: 14800  Loss: 0.027616 Regul: 0.006782 Obj: 0.034398 (0.034232) Rank: 59 (59) Ttime: 5.4098 Vtime: 0.0213
Step: 14900  Loss: 0.027653 Regul: 0.006781 Obj: 0.034433 (0.034232) Rank: 59 (59) Ttime: 5.5337 Vtime: 0.0211
Step: 15000  Loss: 0.027646 Regul: 0.006767 Obj: 0.034413 (0.034232) Rank: 59 (59) Ttime: 5.3921 Vtime: 0.0214
Step: 15100  Loss: 0.027696 Regul: 0.006770 Obj: 0.034466 (0.034232) Rank: 59 (59) Ttime: 5.4514 Vtime: 0.0209
Step: 15200  Loss: 0.027695 Regul: 0.006765 Obj: 0.034460 (0.034232) Rank: 59 (59) Ttime: 5.3657 Vtime: 0.0213
Step: 15300  Loss: 0.027644 Regul: 0.006776 Obj: 0.034420 (0.034232) Rank: 59 (59) Ttime: 5.3737 Vtime: 0.0209
Step: 15400  Loss: 0.027687 Regul: 0.006750 Obj: 0.034437 (0.034232) Rank: 59 (59) Ttime: 5.4984 Vtime: 0.0212
Step: 15500  Loss: 0.027696 Regul: 0.006768 Obj: 0.034464 (0.034232) Rank: 59 (59) Ttime: 5.4862 Vtime: 0.0211
Step: 15600  Loss: 0.027598 Regul: 0.006776 Obj: 0.034375 (0.034232) Rank: 59 (59) Ttime: 5.4768 Vtime: 0.0205
Step: 15700  Loss: 0.027735 Regul: 0.006771 Obj: 0.034506 (0.034232) Rank: 59 (59) Ttime: 5.4812 Vtime: 0.0208
Step: 15800  Loss: 0.027612 Regul: 0.006768 Obj: 0.034380 (0.034232) Rank: 59 (59) Ttime: 5.4622 Vtime: 0.0209
Step: 15900  Loss: 0.027649 Regul: 0.006788 Obj: 0.034437 (0.034232) Rank: 59 (59) Ttime: 5.4553 Vtime: 0.0207
Step: 16000  Loss: 0.027494 Regul: 0.006774 Obj: 0.034268 (0.034232) Rank: 59 (59) Ttime: 5.5213 Vtime: 0.0210
Step: 16100  Loss: 0.027658 Regul: 0.006748 Obj: 0.034406 (0.034232) Rank: 59 (59) Ttime: 5.5454 Vtime: 0.0212
Step: 16200  Loss: 0.027597 Regul: 0.006743 Obj: 0.034340 (0.034232) Rank: 59 (59) Ttime: 5.5697 Vtime: 0.0210
Step: 16300  Loss: 0.027686 Regul: 0.006748 Obj: 0.034433 (0.034232) Rank: 59 (59) Ttime: 5.5278 Vtime: 0.0207
Best: 16400  Loss: 0.027445 Regul: 0.006762 Obj: 0.034207 (0.034207) Rank: 59 (59) Ttime: 5.4778 Vtime: 0.0209
Stat: Dim [59] AUC: 0.992196 (0.992100) FPR95: 2.74 (2.73)
Step: 16500  Loss: 0.027446 Regul: 0.006772 Obj: 0.034218 (0.034207) Rank: 59 (59) Ttime: 5.4594 Vtime: 0.0244
Step: 16600  Loss: 0.027579 Regul: 0.006769 Obj: 0.034348 (0.034207) Rank: 59 (59) Ttime: 5.4252 Vtime: 0.0209
Step: 16700  Loss: 0.027627 Regul: 0.006751 Obj: 0.034377 (0.034207) Rank: 59 (59) Ttime: 5.4162 Vtime: 0.0210
Step: 16800  Loss: 0.027705 Regul: 0.006765 Obj: 0.034470 (0.034207) Rank: 59 (59) Ttime: 5.4730 Vtime: 0.0205
Step: 16900  Loss: 0.027541 Regul: 0.006777 Obj: 0.034318 (0.034207) Rank: 59 (59) Ttime: 5.4522 Vtime: 0.0215
Step: 17000  Loss: 0.027506 Regul: 0.006798 Obj: 0.034304 (0.034207) Rank: 59 (59) Ttime: 5.4980 Vtime: 0.0212
Step: 17100  Loss: 0.027408 Regul: 0.006823 Obj: 0.034231 (0.034207) Rank: 59 (59) Ttime: 5.4520 Vtime: 0.0207
Step: 17200  Loss: 0.027619 Regul: 0.006815 Obj: 0.034433 (0.034207) Rank: 59 (59) Ttime: 5.4513 Vtime: 0.0215
Step: 17300  Loss: 0.027519 Regul: 0.006803 Obj: 0.034322 (0.034207) Rank: 59 (59) Ttime: 5.3902 Vtime: 0.0209
Step: 17400  Loss: 0.027476 Regul: 0.006810 Obj: 0.034286 (0.034207) Rank: 59 (59) Ttime: 5.4346 Vtime: 0.0214
Step: 17500  Loss: 0.027495 Regul: 0.006784 Obj: 0.034280 (0.034207) Rank: 59 (59) Ttime: 5.4093 Vtime: 0.0211
Step: 17600  Loss: 0.027556 Regul: 0.006779 Obj: 0.034335 (0.034207) Rank: 59 (59) Ttime: 5.4462 Vtime: 0.0215
Step: 17700  Loss: 0.027422 Regul: 0.006787 Obj: 0.034208 (0.034207) Rank: 59 (59) Ttime: 5.4957 Vtime: 0.0215
Step: 17800  Loss: 0.027512 Regul: 0.006774 Obj: 0.034285 (0.034207) Rank: 59 (59) Ttime: 5.4621 Vtime: 0.0214
Best: 17900  Loss: 0.027425 Regul: 0.006769 Obj: 0.034194 (0.034194) Rank: 59 (59) Ttime: 5.4874 Vtime: 0.0209
Stat: Dim [59] AUC: 0.992163 (0.992163) FPR95: 2.73 (2.73) [saved]
Step: 18000  Loss: 0.027439 Regul: 0.006771 Obj: 0.034210 (0.034194) Rank: 59 (59) Ttime: 5.5189 Vtime: 0.0210
Best: 18100  Loss: 0.027362 Regul: 0.006761 Obj: 0.034123 (0.034123) Rank: 59 (59) Ttime: 5.5481 Vtime: 0.0215
Stat: Dim [59] AUC: 0.992216 (0.992216) FPR95: 2.71 (2.71) [saved]
Best: 18200  Loss: 0.027332 Regul: 0.006763 Obj: 0.034095 (0.034095) Rank: 59 (59) Ttime: 5.4164 Vtime: 0.0209
Stat: Dim [59] AUC: 0.992201 (0.992216) FPR95: 2.69 (2.71)
Best: 18300  Loss: 0.027308 Regul: 0.006771 Obj: 0.034080 (0.034080) Rank: 59 (59) Ttime: 5.4437 Vtime: 0.0205
Stat: Dim [59] AUC: 0.992228 (0.992216) FPR95: 2.73 (2.71)
Step: 18400  Loss: 0.027356 Regul: 0.006785 Obj: 0.034141 (0.034080) Rank: 59 (59) Ttime: 5.4707 Vtime: 0.0210
Step: 18500  Loss: 0.027519 Regul: 0.006797 Obj: 0.034316 (0.034080) Rank: 59 (59) Ttime: 5.4175 Vtime: 0.0216
Step: 18600  Loss: 0.027395 Regul: 0.006807 Obj: 0.034202 (0.034080) Rank: 59 (59) Ttime: 5.4894 Vtime: 0.0212
Step: 18700  Loss: 0.027527 Regul: 0.006799 Obj: 0.034326 (0.034080) Rank: 59 (59) Ttime: 5.4092 Vtime: 0.0208
Step: 18800  Loss: 0.027379 Regul: 0.006787 Obj: 0.034167 (0.034080) Rank: 59 (59) Ttime: 5.4651 Vtime: 0.0216
Step: 18900  Loss: 0.027376 Regul: 0.006793 Obj: 0.034169 (0.034080) Rank: 59 (59) Ttime: 5.4003 Vtime: 0.0214
Step: 19000  Loss: 0.027423 Regul: 0.006787 Obj: 0.034210 (0.034080) Rank: 59 (59) Ttime: 5.4165 Vtime: 0.0211
Step: 19100  Loss: 0.027439 Regul: 0.006790 Obj: 0.034229 (0.034080) Rank: 59 (59) Ttime: 5.4387 Vtime: 0.0208
Step: 19200  Loss: 0.027362 Regul: 0.006803 Obj: 0.034165 (0.034080) Rank: 59 (59) Ttime: 5.4130 Vtime: 0.0206
Step: 19300  Loss: 0.027316 Regul: 0.006800 Obj: 0.034116 (0.034080) Rank: 59 (59) Ttime: 5.3484 Vtime: 0.0216
Step: 19400  Loss: 0.027385 Regul: 0.006789 Obj: 0.034173 (0.034080) Rank: 59 (59) Ttime: 5.4427 Vtime: 0.0211
Best: 19500  Loss: 0.027239 Regul: 0.006789 Obj: 0.034028 (0.034028) Rank: 59 (59) Ttime: 5.4137 Vtime: 0.0210
Stat: Dim [59] AUC: 0.992232 (0.992232) FPR95: 2.69 (2.69) [saved]
Step: 19600  Loss: 0.027261 Regul: 0.006781 Obj: 0.034042 (0.034028) Rank: 59 (59) Ttime: 5.4198 Vtime: 0.0211
Step: 19700  Loss: 0.027366 Regul: 0.006780 Obj: 0.034145 (0.034028) Rank: 59 (59) Ttime: 5.3333 Vtime: 0.0210
Step: 19800  Loss: 0.027279 Regul: 0.006786 Obj: 0.034065 (0.034028) Rank: 59 (59) Ttime: 5.3498 Vtime: 0.0208
Step: 19900  Loss: 0.027334 Regul: 0.006790 Obj: 0.034124 (0.034028) Rank: 59 (59) Ttime: 5.4533 Vtime: 0.0208
Step: 20000  Loss: 0.027469 Regul: 0.006796 Obj: 0.034265 (0.034028) Rank: 59 (59) Ttime: 5.4884 Vtime: 0.0214
Step: 20100  Loss: 0.027306 Regul: 0.006805 Obj: 0.034111 (0.034028) Rank: 59 (59) Ttime: 5.3857 Vtime: 0.0211
Step: 20200  Loss: 0.027309 Regul: 0.006778 Obj: 0.034087 (0.034028) Rank: 59 (59) Ttime: 5.3094 Vtime: 0.0210
Step: 20300  Loss: 0.027267 Regul: 0.006792 Obj: 0.034059 (0.034028) Rank: 59 (59) Ttime: 5.4137 Vtime: 0.0214
Step: 20400  Loss: 0.027270 Regul: 0.006791 Obj: 0.034061 (0.034028) Rank: 59 (59) Ttime: 5.4466 Vtime: 0.0209
Best: 20500  Loss: 0.027182 Regul: 0.006814 Obj: 0.033996 (0.033996) Rank: 59 (59) Ttime: 5.4486 Vtime: 0.0209
Stat: Dim [59] AUC: 0.992276 (0.992276) FPR95: 2.67 (2.67) [saved]
Step: 20600  Loss: 0.027223 Regul: 0.006816 Obj: 0.034039 (0.033996) Rank: 59 (59) Ttime: 5.3893 Vtime: 0.0206
Step: 20700  Loss: 0.027236 Regul: 0.006799 Obj: 0.034035 (0.033996) Rank: 59 (59) Ttime: 5.4410 Vtime: 0.0213
Step: 20800  Loss: 0.027391 Regul: 0.006785 Obj: 0.034176 (0.033996) Rank: 59 (59) Ttime: 5.3821 Vtime: 0.0212
Step: 20900  Loss: 0.027273 Regul: 0.006804 Obj: 0.034077 (0.033996) Rank: 59 (59) Ttime: 5.4444 Vtime: 0.0209
Step: 21000  Loss: 0.027332 Regul: 0.006795 Obj: 0.034127 (0.033996) Rank: 59 (59) Ttime: 5.4162 Vtime: 0.0217
Step: 21100  Loss: 0.027209 Regul: 0.006796 Obj: 0.034005 (0.033996) Rank: 59 (59) Ttime: 5.3680 Vtime: 0.0212
Best: 21200  Loss: 0.027196 Regul: 0.006795 Obj: 0.033990 (0.033990) Rank: 59 (59) Ttime: 5.3330 Vtime: 0.0207
Stat: Dim [59] AUC: 0.992271 (0.992276) FPR95: 2.68 (2.67)
Step: 21300  Loss: 0.027302 Regul: 0.006787 Obj: 0.034089 (0.033990) Rank: 59 (59) Ttime: 5.3635 Vtime: 0.0212
Step: 21400  Loss: 0.027226 Regul: 0.006798 Obj: 0.034024 (0.033990) Rank: 59 (59) Ttime: 5.3913 Vtime: 0.0215
Step: 21500  Loss: 0.027280 Regul: 0.006800 Obj: 0.034080 (0.033990) Rank: 59 (59) Ttime: 5.3419 Vtime: 0.0207
Step: 21600  Loss: 0.027266 Regul: 0.006794 Obj: 0.034060 (0.033990) Rank: 60 (59) Ttime: 5.3828 Vtime: 0.0213
Step: 21700  Loss: 0.027320 Regul: 0.006784 Obj: 0.034104 (0.033990) Rank: 60 (59) Ttime: 5.5032 Vtime: 0.0209
Step: 21800  Loss: 0.027271 Regul: 0.006792 Obj: 0.034063 (0.033990) Rank: 60 (59) Ttime: 5.4008 Vtime: 0.0214
Step: 21900  Loss: 0.027331 Regul: 0.006780 Obj: 0.034111 (0.033990) Rank: 60 (59) Ttime: 5.3901 Vtime: 0.0212
Step: 22000  Loss: 0.027328 Regul: 0.006808 Obj: 0.034136 (0.033990) Rank: 59 (59) Ttime: 5.3973 Vtime: 0.0218
Step: 22100  Loss: 0.027289 Regul: 0.006800 Obj: 0.034089 (0.033990) Rank: 59 (59) Ttime: 5.3593 Vtime: 0.0211
Step: 22200  Loss: 0.027406 Regul: 0.006790 Obj: 0.034196 (0.033990) Rank: 59 (59) Ttime: 5.4079 Vtime: 0.0212
Step: 22300  Loss: 0.027343 Regul: 0.006812 Obj: 0.034155 (0.033990) Rank: 59 (59) Ttime: 5.3904 Vtime: 0.0216
Step: 22400  Loss: 0.027255 Regul: 0.006825 Obj: 0.034080 (0.033990) Rank: 59 (59) Ttime: 5.3617 Vtime: 0.0209
Step: 22500  Loss: 0.027221 Regul: 0.006824 Obj: 0.034045 (0.033990) Rank: 59 (59) Ttime: 5.3634 Vtime: 0.0210
Step: 22600  Loss: 0.027214 Regul: 0.006817 Obj: 0.034030 (0.033990) Rank: 59 (59) Ttime: 5.3865 Vtime: 0.0210
Step: 22700  Loss: 0.027368 Regul: 0.006821 Obj: 0.034189 (0.033990) Rank: 59 (59) Ttime: 5.3495 Vtime: 0.0212
Step: 22800  Loss: 0.027362 Regul: 0.006802 Obj: 0.034165 (0.033990) Rank: 59 (59) Ttime: 5.3666 Vtime: 0.0211
Step: 22900  Loss: 0.027314 Regul: 0.006817 Obj: 0.034131 (0.033990) Rank: 60 (59) Ttime: 5.4942 Vtime: 0.0213
Step: 23000  Loss: 0.027203 Regul: 0.006815 Obj: 0.034018 (0.033990) Rank: 60 (59) Ttime: 5.3652 Vtime: 0.0214
Step: 23100  Loss: 0.027345 Regul: 0.006804 Obj: 0.034148 (0.033990) Rank: 60 (59) Ttime: 5.2807 Vtime: 0.0212
Step: 23200  Loss: 0.027281 Regul: 0.006806 Obj: 0.034088 (0.033990) Rank: 60 (59) Ttime: 5.3146 Vtime: 0.0211
Step: 23300  Loss: 0.027251 Regul: 0.006811 Obj: 0.034062 (0.033990) Rank: 60 (59) Ttime: 5.3038 Vtime: 0.0210
Step: 23400  Loss: 0.027271 Regul: 0.006827 Obj: 0.034098 (0.033990) Rank: 60 (59) Ttime: 5.4951 Vtime: 0.0216
Step: 23500  Loss: 0.027417 Regul: 0.006834 Obj: 0.034251 (0.033990) Rank: 60 (59) Ttime: 5.4012 Vtime: 0.0205
Step: 23600  Loss: 0.027378 Regul: 0.006827 Obj: 0.034205 (0.033990) Rank: 60 (59) Ttime: 5.4345 Vtime: 0.0209
Step: 23700  Loss: 0.027331 Regul: 0.006823 Obj: 0.034154 (0.033990) Rank: 60 (59) Ttime: 5.4406 Vtime: 0.0214
Step: 23800  Loss: 0.027329 Regul: 0.006819 Obj: 0.034149 (0.033990) Rank: 60 (59) Ttime: 5.3962 Vtime: 0.0207
Step: 23900  Loss: 0.027295 Regul: 0.006818 Obj: 0.034113 (0.033990) Rank: 60 (59) Ttime: 5.3749 Vtime: 0.0216
Step: 24000  Loss: 0.027315 Regul: 0.006820 Obj: 0.034135 (0.033990) Rank: 59 (59) Ttime: 5.3022 Vtime: 0.0214
Step: 24100  Loss: 0.027380 Regul: 0.006828 Obj: 0.034208 (0.033990) Rank: 60 (59) Ttime: 5.3080 Vtime: 0.0216
Step: 24200  Loss: 0.027339 Regul: 0.006818 Obj: 0.034156 (0.033990) Rank: 60 (59) Ttime: 5.3219 Vtime: 0.0207
Step: 24300  Loss: 0.027252 Regul: 0.006821 Obj: 0.034074 (0.033990) Rank: 60 (59) Ttime: 5.4130 Vtime: 0.0217
Step: 24400  Loss: 0.027343 Regul: 0.006840 Obj: 0.034183 (0.033990) Rank: 60 (59) Ttime: 5.3067 Vtime: 0.0206
Step: 24500  Loss: 0.027278 Regul: 0.006835 Obj: 0.034113 (0.033990) Rank: 60 (59) Ttime: 5.3951 Vtime: 0.0213
Step: 24600  Loss: 0.027362 Regul: 0.006815 Obj: 0.034177 (0.033990) Rank: 60 (59) Ttime: 5.4111 Vtime: 0.0209
Step: 24700  Loss: 0.027353 Regul: 0.006829 Obj: 0.034182 (0.033990) Rank: 60 (59) Ttime: 5.4305 Vtime: 0.0212
Step: 24800  Loss: 0.027338 Regul: 0.006833 Obj: 0.034171 (0.033990) Rank: 60 (59) Ttime: 5.4313 Vtime: 0.0212
Step: 24900  Loss: 0.027221 Regul: 0.006838 Obj: 0.034059 (0.033990) Rank: 60 (59) Ttime: 5.3031 Vtime: 0.0209
Step: 25000  Loss: 0.027209 Regul: 0.006845 Obj: 0.034054 (0.033990) Rank: 60 (59) Ttime: 5.3856 Vtime: 0.0214
Step: 25100  Loss: 0.027217 Regul: 0.006839 Obj: 0.034056 (0.033990) Rank: 60 (59) Ttime: 5.3054 Vtime: 0.0212
Step: 25200  Loss: 0.027352 Regul: 0.006843 Obj: 0.034195 (0.033990) Rank: 60 (59) Ttime: 5.3717 Vtime: 0.0215
Step: 25300  Loss: 0.027331 Regul: 0.006833 Obj: 0.034164 (0.033990) Rank: 60 (59) Ttime: 5.3613 Vtime: 0.0210
Step: 25400  Loss: 0.027396 Regul: 0.006823 Obj: 0.034219 (0.033990) Rank: 59 (59) Ttime: 5.2694 Vtime: 0.0211
Step: 25500  Loss: 0.027464 Regul: 0.006816 Obj: 0.034279 (0.033990) Rank: 59 (59) Ttime: 5.3005 Vtime: 0.0213
Step: 25600  Loss: 0.027268 Regul: 0.006829 Obj: 0.034097 (0.033990) Rank: 59 (59) Ttime: 5.3103 Vtime: 0.0212
Step: 25700  Loss: 0.027227 Regul: 0.006826 Obj: 0.034053 (0.033990) Rank: 59 (59) Ttime: 5.3533 Vtime: 0.0210
Step: 25800  Loss: 0.027256 Regul: 0.006816 Obj: 0.034072 (0.033990) Rank: 59 (59) Ttime: 5.2990 Vtime: 0.0210
Step: 25900  Loss: 0.027438 Regul: 0.006818 Obj: 0.034256 (0.033990) Rank: 59 (59) Ttime: 5.3072 Vtime: 0.0215
Step: 26000  Loss: 0.027417 Regul: 0.006821 Obj: 0.034238 (0.033990) Rank: 59 (59) Ttime: 5.2958 Vtime: 0.0211
Step: 26100  Loss: 0.027471 Regul: 0.006824 Obj: 0.034295 (0.033990) Rank: 60 (59) Ttime: 5.3591 Vtime: 0.0215
Step: 26200  Loss: 0.027228 Regul: 0.006837 Obj: 0.034065 (0.033990) Rank: 60 (59) Ttime: 5.3568 Vtime: 0.0213
Step: 26300  Loss: 0.027411 Regul: 0.006810 Obj: 0.034221 (0.033990) Rank: 60 (59) Ttime: 5.3229 Vtime: 0.0210
Step: 26400  Loss: 0.027232 Regul: 0.006835 Obj: 0.034067 (0.033990) Rank: 60 (59) Ttime: 5.3871 Vtime: 0.0213
Best: 26500  Loss: 0.027131 Regul: 0.006831 Obj: 0.033963 (0.033963) Rank: 60 (60) Ttime: 5.4143 Vtime: 0.0209
Stat: Dim [60] AUC: 0.992321 (0.992321) FPR95: 2.63 (2.63) [saved]
Best: 26600  Loss: 0.027043 Regul: 0.006827 Obj: 0.033869 (0.033869) Rank: 60 (60) Ttime: 5.3584 Vtime: 0.0205
Stat: Dim [60] AUC: 0.992322 (0.992322) FPR95: 2.62 (2.62) [saved]
Step: 26700  Loss: 0.027147 Regul: 0.006830 Obj: 0.033977 (0.033869) Rank: 60 (60) Ttime: 5.3871 Vtime: 0.0217
Step: 26800  Loss: 0.027257 Regul: 0.006838 Obj: 0.034095 (0.033869) Rank: 60 (60) Ttime: 5.3987 Vtime: 0.0212
Step: 26900  Loss: 0.027089 Regul: 0.006843 Obj: 0.033932 (0.033869) Rank: 60 (60) Ttime: 5.3244 Vtime: 0.0207
Step: 27000  Loss: 0.027083 Regul: 0.006850 Obj: 0.033933 (0.033869) Rank: 60 (60) Ttime: 5.3032 Vtime: 0.0213
Step: 27100  Loss: 0.027107 Regul: 0.006832 Obj: 0.033939 (0.033869) Rank: 60 (60) Ttime: 5.4194 Vtime: 0.0213
Step: 27200  Loss: 0.027213 Regul: 0.006823 Obj: 0.034035 (0.033869) Rank: 60 (60) Ttime: 5.2713 Vtime: 0.0202
Step: 27300  Loss: 0.027167 Regul: 0.006831 Obj: 0.033998 (0.033869) Rank: 60 (60) Ttime: 5.3580 Vtime: 0.0213
Step: 27400  Loss: 0.027229 Regul: 0.006821 Obj: 0.034049 (0.033869) Rank: 60 (60) Ttime: 5.3082 Vtime: 0.0213
Step: 27500  Loss: 0.027260 Regul: 0.006801 Obj: 0.034062 (0.033869) Rank: 60 (60) Ttime: 5.3282 Vtime: 0.0210
Step: 27600  Loss: 0.027354 Regul: 0.006809 Obj: 0.034163 (0.033869) Rank: 60 (60) Ttime: 5.3709 Vtime: 0.0215
Step: 27700  Loss: 0.027268 Regul: 0.006816 Obj: 0.034084 (0.033869) Rank: 60 (60) Ttime: 5.3808 Vtime: 0.0209
Step: 27800  Loss: 0.027291 Regul: 0.006828 Obj: 0.034120 (0.033869) Rank: 60 (60) Ttime: 5.4060 Vtime: 0.0210
Step: 27900  Loss: 0.027191 Regul: 0.006822 Obj: 0.034013 (0.033869) Rank: 60 (60) Ttime: 5.3544 Vtime: 0.0209
Step: 28000  Loss: 0.027225 Regul: 0.006825 Obj: 0.034051 (0.033869) Rank: 60 (60) Ttime: 5.3106 Vtime: 0.0211
Step: 28100  Loss: 0.027360 Regul: 0.006833 Obj: 0.034193 (0.033869) Rank: 60 (60) Ttime: 5.4309 Vtime: 0.0211
Step: 28200  Loss: 0.027308 Regul: 0.006815 Obj: 0.034123 (0.033869) Rank: 60 (60) Ttime: 5.3120 Vtime: 0.0209
Step: 28300  Loss: 0.027253 Regul: 0.006808 Obj: 0.034061 (0.033869) Rank: 60 (60) Ttime: 5.3476 Vtime: 0.0210
Step: 28400  Loss: 0.027245 Regul: 0.006806 Obj: 0.034051 (0.033869) Rank: 60 (60) Ttime: 5.3575 Vtime: 0.0212
Step: 28500  Loss: 0.027201 Regul: 0.006804 Obj: 0.034005 (0.033869) Rank: 60 (60) Ttime: 5.4339 Vtime: 0.0206
Step: 28600  Loss: 0.027301 Regul: 0.006803 Obj: 0.034104 (0.033869) Rank: 60 (60) Ttime: 5.2912 Vtime: 0.0215
Step: 28700  Loss: 0.027100 Regul: 0.006823 Obj: 0.033923 (0.033869) Rank: 60 (60) Ttime: 5.4022 Vtime: 0.0211
Step: 28800  Loss: 0.027165 Regul: 0.006821 Obj: 0.033986 (0.033869) Rank: 60 (60) Ttime: 5.3868 Vtime: 0.0211
Step: 28900  Loss: 0.027114 Regul: 0.006831 Obj: 0.033945 (0.033869) Rank: 60 (60) Ttime: 5.3400 Vtime: 0.0208
Step: 29000  Loss: 0.027165 Regul: 0.006819 Obj: 0.033985 (0.033869) Rank: 60 (60) Ttime: 5.2834 Vtime: 0.0209
Step: 29100  Loss: 0.027172 Regul: 0.006822 Obj: 0.033994 (0.033869) Rank: 60 (60) Ttime: 5.2628 Vtime: 0.0212
Step: 29200  Loss: 0.027200 Regul: 0.006812 Obj: 0.034012 (0.033869) Rank: 60 (60) Ttime: 5.2969 Vtime: 0.0215
Step: 29300  Loss: 0.027266 Regul: 0.006794 Obj: 0.034060 (0.033869) Rank: 60 (60) Ttime: 5.3554 Vtime: 0.0213
Step: 29400  Loss: 0.027124 Regul: 0.006802 Obj: 0.033927 (0.033869) Rank: 60 (60) Ttime: 5.3921 Vtime: 0.0207
Step: 29500  Loss: 0.027263 Regul: 0.006797 Obj: 0.034060 (0.033869) Rank: 60 (60) Ttime: 5.3109 Vtime: 0.0212
Step: 29600  Loss: 0.027392 Regul: 0.006791 Obj: 0.034182 (0.033869) Rank: 60 (60) Ttime: 5.2832 Vtime: 0.0212
Step: 29700  Loss: 0.027380 Regul: 0.006794 Obj: 0.034175 (0.033869) Rank: 60 (60) Ttime: 5.2740 Vtime: 0.0211
Step: 29800  Loss: 0.027249 Regul: 0.006797 Obj: 0.034046 (0.033869) Rank: 60 (60) Ttime: 5.4062 Vtime: 0.0211
Step: 29900  Loss: 0.027229 Regul: 0.006791 Obj: 0.034020 (0.033869) Rank: 60 (60) Ttime: 5.3275 Vtime: 0.0210
Step: 30000  Loss: 0.027111 Regul: 0.006788 Obj: 0.033899 (0.033869) Rank: 60 (60) Ttime: 5.4418 Vtime: 0.0211
Step: 30100  Loss: 0.027158 Regul: 0.006803 Obj: 0.033961 (0.033869) Rank: 60 (60) Ttime: 5.3269 Vtime: 0.0217
Step: 30200  Loss: 0.027330 Regul: 0.006815 Obj: 0.034146 (0.033869) Rank: 60 (60) Ttime: 5.4743 Vtime: 0.0208
Step: 30300  Loss: 0.027286 Regul: 0.006809 Obj: 0.034095 (0.033869) Rank: 60 (60) Ttime: 5.2948 Vtime: 0.0211
Step: 30400  Loss: 0.027244 Regul: 0.006799 Obj: 0.034043 (0.033869) Rank: 60 (60) Ttime: 5.3814 Vtime: 0.0213
Step: 30500  Loss: 0.027201 Regul: 0.006793 Obj: 0.033993 (0.033869) Rank: 60 (60) Ttime: 5.4320 Vtime: 0.0215
Step: 30600  Loss: 0.027218 Regul: 0.006814 Obj: 0.034032 (0.033869) Rank: 60 (60) Ttime: 5.3598 Vtime: 0.0209
Step: 30700  Loss: 0.027126 Regul: 0.006809 Obj: 0.033935 (0.033869) Rank: 60 (60) Ttime: 5.2919 Vtime: 0.0208
Step: 30800  Loss: 0.027072 Regul: 0.006810 Obj: 0.033882 (0.033869) Rank: 60 (60) Ttime: 5.4196 Vtime: 0.0210
Step: 30900  Loss: 0.027141 Regul: 0.006796 Obj: 0.033937 (0.033869) Rank: 60 (60) Ttime: 5.3630 Vtime: 0.0210
Step: 31000  Loss: 0.027182 Regul: 0.006796 Obj: 0.033978 (0.033869) Rank: 60 (60) Ttime: 5.4061 Vtime: 0.0211
Step: 31100  Loss: 0.027195 Regul: 0.006809 Obj: 0.034003 (0.033869) Rank: 60 (60) Ttime: 5.3639 Vtime: 0.0207
Step: 31200  Loss: 0.027186 Regul: 0.006810 Obj: 0.033996 (0.033869) Rank: 60 (60) Ttime: 5.3006 Vtime: 0.0211
Step: 31300  Loss: 0.027108 Regul: 0.006800 Obj: 0.033908 (0.033869) Rank: 60 (60) Ttime: 5.3281 Vtime: 0.0212
Step: 31400  Loss: 0.027173 Regul: 0.006806 Obj: 0.033978 (0.033869) Rank: 60 (60) Ttime: 5.4005 Vtime: 0.0208
Step: 31500  Loss: 0.027207 Regul: 0.006794 Obj: 0.034001 (0.033869) Rank: 60 (60) Ttime: 5.5205 Vtime: 0.0211
Step: 31600  Loss: 0.027293 Regul: 0.006795 Obj: 0.034088 (0.033869) Rank: 60 (60) Ttime: 5.4035 Vtime: 0.0205
Step: 31700  Loss: 0.027271 Regul: 0.006810 Obj: 0.034081 (0.033869) Rank: 60 (60) Ttime: 5.4938 Vtime: 0.0208
Step: 31800  Loss: 0.027175 Regul: 0.006821 Obj: 0.033996 (0.033869) Rank: 60 (60) Ttime: 5.5367 Vtime: 0.0210
Step: 31900  Loss: 0.027233 Regul: 0.006818 Obj: 0.034051 (0.033869) Rank: 60 (60) Ttime: 5.4496 Vtime: 0.0216
Step: 32000  Loss: 0.027284 Regul: 0.006831 Obj: 0.034116 (0.033869) Rank: 60 (60) Ttime: 5.4120 Vtime: 0.0215
Step: 32100  Loss: 0.027260 Regul: 0.006831 Obj: 0.034091 (0.033869) Rank: 60 (60) Ttime: 5.4582 Vtime: 0.0210
Step: 32200  Loss: 0.027191 Regul: 0.006829 Obj: 0.034021 (0.033869) Rank: 60 (60) Ttime: 5.4484 Vtime: 0.0205
Step: 32300  Loss: 0.027210 Regul: 0.006825 Obj: 0.034035 (0.033869) Rank: 60 (60) Ttime: 5.4486 Vtime: 0.0212
Step: 32400  Loss: 0.027236 Regul: 0.006819 Obj: 0.034055 (0.033869) Rank: 60 (60) Ttime: 5.4388 Vtime: 0.0209
Step: 32500  Loss: 0.027229 Regul: 0.006815 Obj: 0.034043 (0.033869) Rank: 59 (60) Ttime: 5.3791 Vtime: 0.0217
Step: 32600  Loss: 0.027226 Regul: 0.006819 Obj: 0.034045 (0.033869) Rank: 60 (60) Ttime: 5.4170 Vtime: 0.0217
Step: 32700  Loss: 0.027194 Regul: 0.006820 Obj: 0.034014 (0.033869) Rank: 60 (60) Ttime: 5.2770 Vtime: 0.0206
Step: 32800  Loss: 0.027110 Regul: 0.006822 Obj: 0.033933 (0.033869) Rank: 60 (60) Ttime: 5.2278 Vtime: 0.0214
Step: 32900  Loss: 0.027122 Regul: 0.006818 Obj: 0.033940 (0.033869) Rank: 59 (60) Ttime: 5.3270 Vtime: 0.0217
Step: 33000  Loss: 0.027180 Regul: 0.006824 Obj: 0.034004 (0.033869) Rank: 60 (60) Ttime: 5.2793 Vtime: 0.0214
Step: 33100  Loss: 0.027218 Regul: 0.006822 Obj: 0.034040 (0.033869) Rank: 60 (60) Ttime: 5.2821 Vtime: 0.0209
Step: 33200  Loss: 0.027228 Regul: 0.006836 Obj: 0.034065 (0.033869) Rank: 60 (60) Ttime: 5.3393 Vtime: 0.0211
Step: 33300  Loss: 0.027302 Regul: 0.006845 Obj: 0.034147 (0.033869) Rank: 60 (60) Ttime: 5.3701 Vtime: 0.0211
Step: 33400  Loss: 0.027217 Regul: 0.006843 Obj: 0.034060 (0.033869) Rank: 60 (60) Ttime: 5.2888 Vtime: 0.0213
Step: 33500  Loss: 0.027215 Regul: 0.006841 Obj: 0.034056 (0.033869) Rank: 60 (60) Ttime: 5.3531 Vtime: 0.0208
Step: 33600  Loss: 0.027221 Regul: 0.006837 Obj: 0.034059 (0.033869) Rank: 60 (60) Ttime: 5.3184 Vtime: 0.0212
Step: 33700  Loss: 0.027098 Regul: 0.006839 Obj: 0.033937 (0.033869) Rank: 60 (60) Ttime: 5.5097 Vtime: 0.0209
Step: 33800  Loss: 0.027098 Regul: 0.006823 Obj: 0.033920 (0.033869) Rank: 60 (60) Ttime: 5.2650 Vtime: 0.0213
Step: 33900  Loss: 0.027067 Regul: 0.006834 Obj: 0.033901 (0.033869) Rank: 60 (60) Ttime: 5.2691 Vtime: 0.0211
Step: 34000  Loss: 0.027180 Regul: 0.006831 Obj: 0.034011 (0.033869) Rank: 60 (60) Ttime: 5.3026 Vtime: 0.0208
Step: 34100  Loss: 0.027129 Regul: 0.006831 Obj: 0.033960 (0.033869) Rank: 60 (60) Ttime: 5.3585 Vtime: 0.0205
Step: 34200  Loss: 0.027088 Regul: 0.006832 Obj: 0.033920 (0.033869) Rank: 60 (60) Ttime: 5.2764 Vtime: 0.0207
Best: 34300  Loss: 0.026928 Regul: 0.006840 Obj: 0.033768 (0.033768) Rank: 60 (60) Ttime: 5.3803 Vtime: 0.0214
Stat: Dim [60] AUC: 0.992405 (0.992322) FPR95: 2.64 (2.62)
Step: 34400  Loss: 0.027035 Regul: 0.006850 Obj: 0.033885 (0.033768) Rank: 60 (60) Ttime: 5.3707 Vtime: 0.0212
Step: 34500  Loss: 0.027154 Regul: 0.006849 Obj: 0.034004 (0.033768) Rank: 60 (60) Ttime: 5.3463 Vtime: 0.0208
Step: 34600  Loss: 0.027054 Regul: 0.006839 Obj: 0.033894 (0.033768) Rank: 60 (60) Ttime: 5.3437 Vtime: 0.0205
Step: 34700  Loss: 0.027343 Regul: 0.006837 Obj: 0.034180 (0.033768) Rank: 60 (60) Ttime: 5.3547 Vtime: 0.0216
Step: 34800  Loss: 0.027233 Regul: 0.006836 Obj: 0.034069 (0.033768) Rank: 60 (60) Ttime: 5.3471 Vtime: 0.0208
Step: 34900  Loss: 0.027197 Regul: 0.006829 Obj: 0.034027 (0.033768) Rank: 60 (60) Ttime: 5.4409 Vtime: 0.0209
Step: 35000  Loss: 0.027157 Regul: 0.006830 Obj: 0.033987 (0.033768) Rank: 60 (60) Ttime: 5.4066 Vtime: 0.0207
Step: 35100  Loss: 0.027084 Regul: 0.006830 Obj: 0.033914 (0.033768) Rank: 59 (60) Ttime: 5.4054 Vtime: 0.0216
Step: 35200  Loss: 0.027071 Regul: 0.006829 Obj: 0.033901 (0.033768) Rank: 59 (60) Ttime: 5.3719 Vtime: 0.0211
Step: 35300  Loss: 0.027080 Regul: 0.006825 Obj: 0.033905 (0.033768) Rank: 60 (60) Ttime: 5.3827 Vtime: 0.0216
Step: 35400  Loss: 0.027067 Regul: 0.006826 Obj: 0.033893 (0.033768) Rank: 60 (60) Ttime: 5.4546 Vtime: 0.0209
Step: 35500  Loss: 0.027152 Regul: 0.006837 Obj: 0.033989 (0.033768) Rank: 60 (60) Ttime: 5.4266 Vtime: 0.0209
Step: 35600  Loss: 0.027227 Regul: 0.006846 Obj: 0.034073 (0.033768) Rank: 60 (60) Ttime: 5.4188 Vtime: 0.0207
Step: 35700  Loss: 0.027081 Regul: 0.006842 Obj: 0.033923 (0.033768) Rank: 60 (60) Ttime: 5.3492 Vtime: 0.0211
Step: 35800  Loss: 0.027266 Regul: 0.006826 Obj: 0.034092 (0.033768) Rank: 59 (60) Ttime: 5.4778 Vtime: 0.0213
Step: 35900  Loss: 0.027415 Regul: 0.006820 Obj: 0.034235 (0.033768) Rank: 60 (60) Ttime: 5.4611 Vtime: 0.0221
Step: 36000  Loss: 0.027254 Regul: 0.006825 Obj: 0.034079 (0.033768) Rank: 60 (60) Ttime: 5.4648 Vtime: 0.0209
Step: 36100  Loss: 0.027242 Regul: 0.006826 Obj: 0.034068 (0.033768) Rank: 60 (60) Ttime: 5.4711 Vtime: 0.0217
Step: 36200  Loss: 0.027199 Regul: 0.006835 Obj: 0.034034 (0.033768) Rank: 60 (60) Ttime: 5.4581 Vtime: 0.0209
Step: 36300  Loss: 0.027104 Regul: 0.006838 Obj: 0.033942 (0.033768) Rank: 60 (60) Ttime: 5.5208 Vtime: 0.0213
Step: 36400  Loss: 0.027270 Regul: 0.006833 Obj: 0.034102 (0.033768) Rank: 60 (60) Ttime: 5.5084 Vtime: 0.0213
Step: 36500  Loss: 0.027187 Regul: 0.006844 Obj: 0.034031 (0.033768) Rank: 60 (60) Ttime: 5.5380 Vtime: 0.0210
Step: 36600  Loss: 0.027243 Regul: 0.006829 Obj: 0.034072 (0.033768) Rank: 60 (60) Ttime: 5.5329 Vtime: 0.0209
Step: 36700  Loss: 0.027365 Regul: 0.006836 Obj: 0.034201 (0.033768) Rank: 60 (60) Ttime: 5.4425 Vtime: 0.0211
Step: 36800  Loss: 0.027183 Regul: 0.006831 Obj: 0.034014 (0.033768) Rank: 59 (60) Ttime: 5.4263 Vtime: 0.0215
Step: 36900  Loss: 0.027158 Regul: 0.006841 Obj: 0.033998 (0.033768) Rank: 60 (60) Ttime: 5.4144 Vtime: 0.0217
Step: 37000  Loss: 0.027048 Regul: 0.006841 Obj: 0.033889 (0.033768) Rank: 60 (60) Ttime: 5.3988 Vtime: 0.0208
Step: 37100  Loss: 0.027098 Regul: 0.006836 Obj: 0.033934 (0.033768) Rank: 60 (60) Ttime: 5.3837 Vtime: 0.0210
Step: 37200  Loss: 0.027157 Regul: 0.006834 Obj: 0.033991 (0.033768) Rank: 60 (60) Ttime: 5.4402 Vtime: 0.0211
Step: 37300  Loss: 0.027159 Regul: 0.006842 Obj: 0.034001 (0.033768) Rank: 60 (60) Ttime: 5.3725 Vtime: 0.0208
Step: 37400  Loss: 0.027188 Regul: 0.006848 Obj: 0.034037 (0.033768) Rank: 60 (60) Ttime: 5.3880 Vtime: 0.0207
Step: 37500  Loss: 0.027357 Regul: 0.006837 Obj: 0.034194 (0.033768) Rank: 60 (60) Ttime: 5.3561 Vtime: 0.0209
Step: 37600  Loss: 0.027163 Regul: 0.006846 Obj: 0.034010 (0.033768) Rank: 60 (60) Ttime: 5.3700 Vtime: 0.0209
Step: 37700  Loss: 0.027204 Regul: 0.006836 Obj: 0.034040 (0.033768) Rank: 60 (60) Ttime: 5.4027 Vtime: 0.0213
Step: 37800  Loss: 0.027189 Regul: 0.006840 Obj: 0.034029 (0.033768) Rank: 60 (60) Ttime: 5.2645 Vtime: 0.0212
Step: 37900  Loss: 0.027182 Regul: 0.006840 Obj: 0.034022 (0.033768) Rank: 60 (60) Ttime: 5.3942 Vtime: 0.0213
Step: 38000  Loss: 0.027165 Regul: 0.006847 Obj: 0.034012 (0.033768) Rank: 60 (60) Ttime: 5.4293 Vtime: 0.0209
Step: 38100  Loss: 0.027216 Regul: 0.006843 Obj: 0.034060 (0.033768) Rank: 60 (60) Ttime: 5.3671 Vtime: 0.0210
Step: 38200  Loss: 0.027213 Regul: 0.006846 Obj: 0.034060 (0.033768) Rank: 60 (60) Ttime: 5.3726 Vtime: 0.0207
Step: 38300  Loss: 0.027184 Regul: 0.006837 Obj: 0.034021 (0.033768) Rank: 60 (60) Ttime: 5.4002 Vtime: 0.0209
Step: 38400  Loss: 0.027107 Regul: 0.006834 Obj: 0.033941 (0.033768) Rank: 60 (60) Ttime: 5.2980 Vtime: 0.0218
Step: 38500  Loss: 0.027179 Regul: 0.006830 Obj: 0.034009 (0.033768) Rank: 60 (60) Ttime: 5.2840 Vtime: 0.0212
Step: 38600  Loss: 0.027277 Regul: 0.006833 Obj: 0.034110 (0.033768) Rank: 60 (60) Ttime: 5.2645 Vtime: 0.0209
Step: 38700  Loss: 0.027189 Regul: 0.006826 Obj: 0.034015 (0.033768) Rank: 60 (60) Ttime: 5.3085 Vtime: 0.0212
Step: 38800  Loss: 0.027131 Regul: 0.006836 Obj: 0.033967 (0.033768) Rank: 60 (60) Ttime: 5.3112 Vtime: 0.0212
Step: 38900  Loss: 0.027162 Regul: 0.006829 Obj: 0.033991 (0.033768) Rank: 60 (60) Ttime: 5.2852 Vtime: 0.0210
Step: 39000  Loss: 0.027272 Regul: 0.006817 Obj: 0.034089 (0.033768) Rank: 60 (60) Ttime: 5.2822 Vtime: 0.0211
Step: 39100  Loss: 0.027234 Regul: 0.006830 Obj: 0.034064 (0.033768) Rank: 61 (60) Ttime: 5.4507 Vtime: 0.0221
Step: 39200  Loss: 0.027273 Regul: 0.006819 Obj: 0.034091 (0.033768) Rank: 60 (60) Ttime: 5.3716 Vtime: 0.0211
Step: 39300  Loss: 0.027274 Regul: 0.006834 Obj: 0.034108 (0.033768) Rank: 61 (60) Ttime: 5.3564 Vtime: 0.0212
Step: 39400  Loss: 0.027101 Regul: 0.006838 Obj: 0.033939 (0.033768) Rank: 61 (60) Ttime: 5.4303 Vtime: 0.0216
Step: 39500  Loss: 0.027056 Regul: 0.006842 Obj: 0.033897 (0.033768) Rank: 61 (60) Ttime: 5.3212 Vtime: 0.0212
Step: 39600  Loss: 0.027080 Regul: 0.006834 Obj: 0.033914 (0.033768) Rank: 61 (60) Ttime: 5.3310 Vtime: 0.0212
Step: 39700  Loss: 0.027060 Regul: 0.006836 Obj: 0.033896 (0.033768) Rank: 61 (60) Ttime: 5.2886 Vtime: 0.0211
Step: 39800  Loss: 0.027000 Regul: 0.006844 Obj: 0.033844 (0.033768) Rank: 61 (60) Ttime: 5.3140 Vtime: 0.0206
Step: 39900  Loss: 0.027100 Regul: 0.006851 Obj: 0.033951 (0.033768) Rank: 60 (60) Ttime: 5.4414 Vtime: 0.0217
Step: 40000  Loss: 0.027136 Regul: 0.006852 Obj: 0.033988 (0.033768) Rank: 60 (60) Ttime: 5.3816 Vtime: 0.0210
Step: 40100  Loss: 0.027125 Regul: 0.006850 Obj: 0.033975 (0.033768) Rank: 60 (60) Ttime: 5.2788 Vtime: 0.0213
Step: 40200  Loss: 0.027053 Regul: 0.006855 Obj: 0.033908 (0.033768) Rank: 60 (60) Ttime: 5.2818 Vtime: 0.0205
Step: 40300  Loss: 0.027097 Regul: 0.006861 Obj: 0.033958 (0.033768) Rank: 60 (60) Ttime: 5.3328 Vtime: 0.0209
Step: 40400  Loss: 0.027120 Regul: 0.006848 Obj: 0.033968 (0.033768) Rank: 60 (60) Ttime: 5.3879 Vtime: 0.0207
Step: 40500  Loss: 0.027210 Regul: 0.006847 Obj: 0.034057 (0.033768) Rank: 60 (60) Ttime: 5.3012 Vtime: 0.0207
Step: 40600  Loss: 0.027186 Regul: 0.006858 Obj: 0.034044 (0.033768) Rank: 60 (60) Ttime: 5.3913 Vtime: 0.0219
Step: 40700  Loss: 0.027322 Regul: 0.006842 Obj: 0.034164 (0.033768) Rank: 60 (60) Ttime: 5.3726 Vtime: 0.0205
Step: 40800  Loss: 0.027280 Regul: 0.006855 Obj: 0.034135 (0.033768) Rank: 60 (60) Ttime: 5.3395 Vtime: 0.0215
Step: 40900  Loss: 0.027301 Regul: 0.006841 Obj: 0.034142 (0.033768) Rank: 60 (60) Ttime: 5.3234 Vtime: 0.0209
Step: 41000  Loss: 0.027228 Regul: 0.006842 Obj: 0.034071 (0.033768) Rank: 60 (60) Ttime: 5.4157 Vtime: 0.0210
Step: 41100  Loss: 0.027134 Regul: 0.006852 Obj: 0.033986 (0.033768) Rank: 60 (60) Ttime: 5.3547 Vtime: 0.0209
Step: 41200  Loss: 0.027186 Regul: 0.006852 Obj: 0.034038 (0.033768) Rank: 60 (60) Ttime: 5.3960 Vtime: 0.0209
Step: 41300  Loss: 0.027143 Regul: 0.006859 Obj: 0.034002 (0.033768) Rank: 60 (60) Ttime: 5.3318 Vtime: 0.0211
Step: 41400  Loss: 0.027121 Regul: 0.006854 Obj: 0.033975 (0.033768) Rank: 60 (60) Ttime: 5.3525 Vtime: 0.0219
Step: 41500  Loss: 0.027109 Regul: 0.006840 Obj: 0.033950 (0.033768) Rank: 60 (60) Ttime: 5.3909 Vtime: 0.0213
Step: 41600  Loss: 0.027205 Regul: 0.006843 Obj: 0.034048 (0.033768) Rank: 60 (60) Ttime: 5.3421 Vtime: 0.0217
Step: 41700  Loss: 0.027184 Regul: 0.006847 Obj: 0.034031 (0.033768) Rank: 60 (60) Ttime: 5.3907 Vtime: 0.0209
Step: 41800  Loss: 0.027189 Regul: 0.006849 Obj: 0.034038 (0.033768) Rank: 60 (60) Ttime: 5.3635 Vtime: 0.0215
Step: 41900  Loss: 0.027110 Regul: 0.006856 Obj: 0.033965 (0.033768) Rank: 60 (60) Ttime: 5.3918 Vtime: 0.0213
Step: 42000  Loss: 0.027004 Regul: 0.006864 Obj: 0.033868 (0.033768) Rank: 60 (60) Ttime: 5.3227 Vtime: 0.0213
Step: 42100  Loss: 0.027004 Regul: 0.006863 Obj: 0.033867 (0.033768) Rank: 60 (60) Ttime: 5.3456 Vtime: 0.0214
Step: 42200  Loss: 0.027002 Regul: 0.006862 Obj: 0.033864 (0.033768) Rank: 60 (60) Ttime: 5.4278 Vtime: 0.0213
Step: 42300  Loss: 0.027022 Regul: 0.006865 Obj: 0.033886 (0.033768) Rank: 60 (60) Ttime: 5.2914 Vtime: 0.0207
Step: 42400  Loss: 0.027056 Regul: 0.006856 Obj: 0.033912 (0.033768) Rank: 60 (60) Ttime: 5.3546 Vtime: 0.0207
Step: 42500  Loss: 0.027070 Regul: 0.006856 Obj: 0.033927 (0.033768) Rank: 60 (60) Ttime: 5.3695 Vtime: 0.0208
Step: 42600  Loss: 0.027103 Regul: 0.006851 Obj: 0.033953 (0.033768) Rank: 60 (60) Ttime: 5.3530 Vtime: 0.0207
Step: 42700  Loss: 0.026952 Regul: 0.006866 Obj: 0.033817 (0.033768) Rank: 60 (60) Ttime: 5.3130 Vtime: 0.0212
Step: 42800  Loss: 0.026955 Regul: 0.006852 Obj: 0.033807 (0.033768) Rank: 60 (60) Ttime: 5.2431 Vtime: 0.0210
Step: 42900  Loss: 0.027007 Regul: 0.006858 Obj: 0.033865 (0.033768) Rank: 60 (60) Ttime: 5.2073 Vtime: 0.0210
Step: 43000  Loss: 0.027102 Regul: 0.006859 Obj: 0.033960 (0.033768) Rank: 60 (60) Ttime: 5.3025 Vtime: 0.0209
Step: 43100  Loss: 0.027030 Regul: 0.006848 Obj: 0.033878 (0.033768) Rank: 60 (60) Ttime: 5.3027 Vtime: 0.0207
Step: 43200  Loss: 0.026969 Regul: 0.006860 Obj: 0.033829 (0.033768) Rank: 60 (60) Ttime: 5.2899 Vtime: 0.0206
Best: 43300  Loss: 0.026877 Regul: 0.006872 Obj: 0.033749 (0.033749) Rank: 60 (60) Ttime: 5.2345 Vtime: 0.0211
Stat: Dim [60] AUC: 0.992427 (0.992427) FPR95: 2.58 (2.58) [saved]
Step: 43400  Loss: 0.027022 Regul: 0.006857 Obj: 0.033879 (0.033749) Rank: 60 (60) Ttime: 5.2891 Vtime: 0.0204
Step: 43500  Loss: 0.027007 Regul: 0.006858 Obj: 0.033866 (0.033749) Rank: 60 (60) Ttime: 5.3295 Vtime: 0.0208
Step: 43600  Loss: 0.027062 Regul: 0.006851 Obj: 0.033913 (0.033749) Rank: 60 (60) Ttime: 5.3402 Vtime: 0.0207
Step: 43700  Loss: 0.026960 Regul: 0.006846 Obj: 0.033807 (0.033749) Rank: 60 (60) Ttime: 5.3377 Vtime: 0.0211
Step: 43800  Loss: 0.027205 Regul: 0.006835 Obj: 0.034041 (0.033749) Rank: 60 (60) Ttime: 5.3281 Vtime: 0.0211
Step: 43900  Loss: 0.027144 Regul: 0.006828 Obj: 0.033972 (0.033749) Rank: 60 (60) Ttime: 5.3355 Vtime: 0.0211
Step: 44000  Loss: 0.027171 Regul: 0.006835 Obj: 0.034006 (0.033749) Rank: 60 (60) Ttime: 5.3853 Vtime: 0.0207
Step: 44100  Loss: 0.027095 Regul: 0.006851 Obj: 0.033946 (0.033749) Rank: 60 (60) Ttime: 5.3522 Vtime: 0.0207
Step: 44200  Loss: 0.027123 Regul: 0.006859 Obj: 0.033982 (0.033749) Rank: 60 (60) Ttime: 5.3570 Vtime: 0.0207
Step: 44300  Loss: 0.027050 Regul: 0.006860 Obj: 0.033910 (0.033749) Rank: 60 (60) Ttime: 5.3812 Vtime: 0.0211
Step: 44400  Loss: 0.027018 Regul: 0.006860 Obj: 0.033878 (0.033749) Rank: 60 (60) Ttime: 5.3517 Vtime: 0.0210
Step: 44500  Loss: 0.026995 Regul: 0.006853 Obj: 0.033848 (0.033749) Rank: 60 (60) Ttime: 5.3695 Vtime: 0.0212
Step: 44600  Loss: 0.027104 Regul: 0.006853 Obj: 0.033957 (0.033749) Rank: 60 (60) Ttime: 5.3716 Vtime: 0.0216
Step: 44700  Loss: 0.027062 Regul: 0.006844 Obj: 0.033906 (0.033749) Rank: 60 (60) Ttime: 5.2823 Vtime: 0.0208
Step: 44800  Loss: 0.027168 Regul: 0.006862 Obj: 0.034030 (0.033749) Rank: 60 (60) Ttime: 5.2842 Vtime: 0.0216
Step: 44900  Loss: 0.027105 Regul: 0.006882 Obj: 0.033987 (0.033749) Rank: 60 (60) Ttime: 5.3716 Vtime: 0.0205
Step: 45000  Loss: 0.027113 Regul: 0.006861 Obj: 0.033974 (0.033749) Rank: 60 (60) Ttime: 5.3953 Vtime: 0.0209
Step: 45100  Loss: 0.027151 Regul: 0.006851 Obj: 0.034003 (0.033749) Rank: 60 (60) Ttime: 5.3250 Vtime: 0.0206
Step: 45200  Loss: 0.027174 Regul: 0.006851 Obj: 0.034025 (0.033749) Rank: 60 (60) Ttime: 5.3928 Vtime: 0.0212
Step: 45300  Loss: 0.027124 Regul: 0.006852 Obj: 0.033976 (0.033749) Rank: 60 (60) Ttime: 5.3380 Vtime: 0.0207
Step: 45400  Loss: 0.027114 Regul: 0.006860 Obj: 0.033974 (0.033749) Rank: 60 (60) Ttime: 5.3362 Vtime: 0.0210
Step: 45500  Loss: 0.027095 Regul: 0.006857 Obj: 0.033952 (0.033749) Rank: 60 (60) Ttime: 5.3437 Vtime: 0.0211
Step: 45600  Loss: 0.027144 Regul: 0.006861 Obj: 0.034005 (0.033749) Rank: 60 (60) Ttime: 5.3106 Vtime: 0.0213
Step: 45700  Loss: 0.027027 Regul: 0.006858 Obj: 0.033885 (0.033749) Rank: 60 (60) Ttime: 5.3646 Vtime: 0.0211
Step: 45800  Loss: 0.027056 Regul: 0.006868 Obj: 0.033924 (0.033749) Rank: 60 (60) Ttime: 5.3982 Vtime: 0.0207
Step: 45900  Loss: 0.027068 Regul: 0.006864 Obj: 0.033932 (0.033749) Rank: 60 (60) Ttime: 5.3922 Vtime: 0.0212
Step: 46000  Loss: 0.027066 Regul: 0.006858 Obj: 0.033924 (0.033749) Rank: 60 (60) Ttime: 5.3322 Vtime: 0.0213
Step: 46100  Loss: 0.027077 Regul: 0.006870 Obj: 0.033948 (0.033749) Rank: 60 (60) Ttime: 5.3314 Vtime: 0.0210
Step: 46200  Loss: 0.027102 Regul: 0.006872 Obj: 0.033974 (0.033749) Rank: 60 (60) Ttime: 5.3066 Vtime: 0.0207
Step: 46300  Loss: 0.027081 Regul: 0.006890 Obj: 0.033971 (0.033749) Rank: 60 (60) Ttime: 5.4020 Vtime: 0.0212
Step: 46400  Loss: 0.026977 Regul: 0.006892 Obj: 0.033869 (0.033749) Rank: 60 (60) Ttime: 5.3603 Vtime: 0.0211
Step: 46500  Loss: 0.026894 Regul: 0.006889 Obj: 0.033784 (0.033749) Rank: 60 (60) Ttime: 5.2491 Vtime: 0.0209
Step: 46600  Loss: 0.026944 Regul: 0.006886 Obj: 0.033830 (0.033749) Rank: 60 (60) Ttime: 5.3716 Vtime: 0.0209
Step: 46700  Loss: 0.027027 Regul: 0.006878 Obj: 0.033905 (0.033749) Rank: 60 (60) Ttime: 5.3400 Vtime: 0.0210
Step: 46800  Loss: 0.027108 Regul: 0.006860 Obj: 0.033967 (0.033749) Rank: 60 (60) Ttime: 5.3647 Vtime: 0.0210
Step: 46900  Loss: 0.027171 Regul: 0.006856 Obj: 0.034027 (0.033749) Rank: 60 (60) Ttime: 5.3241 Vtime: 0.0212
Step: 47000  Loss: 0.027178 Regul: 0.006850 Obj: 0.034028 (0.033749) Rank: 60 (60) Ttime: 5.3076 Vtime: 0.0212
Step: 47100  Loss: 0.027177 Regul: 0.006863 Obj: 0.034040 (0.033749) Rank: 60 (60) Ttime: 5.3319 Vtime: 0.0211
Step: 47200  Loss: 0.027195 Regul: 0.006852 Obj: 0.034047 (0.033749) Rank: 60 (60) Ttime: 5.3555 Vtime: 0.0206
Step: 47300  Loss: 0.027188 Regul: 0.006840 Obj: 0.034028 (0.033749) Rank: 60 (60) Ttime: 5.4057 Vtime: 0.0210
Step: 47400  Loss: 0.027245 Regul: 0.006837 Obj: 0.034082 (0.033749) Rank: 60 (60) Ttime: 5.3702 Vtime: 0.0219
Step: 47500  Loss: 0.027135 Regul: 0.006834 Obj: 0.033969 (0.033749) Rank: 60 (60) Ttime: 5.3300 Vtime: 0.0208
Step: 47600  Loss: 0.027063 Regul: 0.006836 Obj: 0.033898 (0.033749) Rank: 60 (60) Ttime: 5.3873 Vtime: 0.0211
Step: 47700  Loss: 0.027165 Regul: 0.006842 Obj: 0.034006 (0.033749) Rank: 60 (60) Ttime: 5.3816 Vtime: 0.0208
Step: 47800  Loss: 0.027229 Regul: 0.006850 Obj: 0.034079 (0.033749) Rank: 60 (60) Ttime: 5.3837 Vtime: 0.0211
Step: 47900  Loss: 0.027235 Regul: 0.006858 Obj: 0.034093 (0.033749) Rank: 60 (60) Ttime: 5.2694 Vtime: 0.0212
Step: 48000  Loss: 0.027287 Regul: 0.006840 Obj: 0.034127 (0.033749) Rank: 60 (60) Ttime: 5.3013 Vtime: 0.0218
Step: 48100  Loss: 0.027338 Regul: 0.006836 Obj: 0.034175 (0.033749) Rank: 60 (60) Ttime: 5.4298 Vtime: 0.0212
Step: 48200  Loss: 0.027263 Regul: 0.006847 Obj: 0.034109 (0.033749) Rank: 60 (60) Ttime: 5.3841 Vtime: 0.0210
Step: 48300  Loss: 0.027248 Regul: 0.006836 Obj: 0.034084 (0.033749) Rank: 60 (60) Ttime: 5.5155 Vtime: 0.0212
Step: 48400  Loss: 0.027297 Regul: 0.006833 Obj: 0.034129 (0.033749) Rank: 60 (60) Ttime: 5.4654 Vtime: 0.0207
Step: 48500  Loss: 0.027177 Regul: 0.006837 Obj: 0.034013 (0.033749) Rank: 60 (60) Ttime: 5.4456 Vtime: 0.0214
Step: 48600  Loss: 0.027208 Regul: 0.006835 Obj: 0.034043 (0.033749) Rank: 60 (60) Ttime: 5.4455 Vtime: 0.0216
Step: 48700  Loss: 0.027135 Regul: 0.006847 Obj: 0.033982 (0.033749) Rank: 60 (60) Ttime: 5.4145 Vtime: 0.0212
Step: 48800  Loss: 0.027236 Regul: 0.006847 Obj: 0.034083 (0.033749) Rank: 60 (60) Ttime: 5.4189 Vtime: 0.0206
Step: 48900  Loss: 0.027284 Regul: 0.006840 Obj: 0.034124 (0.033749) Rank: 60 (60) Ttime: 5.4800 Vtime: 0.0215
Step: 49000  Loss: 0.027094 Regul: 0.006841 Obj: 0.033935 (0.033749) Rank: 60 (60) Ttime: 5.4192 Vtime: 0.0214
Step: 49100  Loss: 0.027235 Regul: 0.006833 Obj: 0.034068 (0.033749) Rank: 60 (60) Ttime: 5.4005 Vtime: 0.0212
Step: 49200  Loss: 0.027241 Regul: 0.006838 Obj: 0.034079 (0.033749) Rank: 60 (60) Ttime: 5.3820 Vtime: 0.0204
Step: 49300  Loss: 0.027169 Regul: 0.006848 Obj: 0.034017 (0.033749) Rank: 60 (60) Ttime: 5.4515 Vtime: 0.0209
Step: 49400  Loss: 0.027159 Regul: 0.006846 Obj: 0.034005 (0.033749) Rank: 60 (60) Ttime: 5.3934 Vtime: 0.0211
Step: 49500  Loss: 0.027210 Regul: 0.006827 Obj: 0.034037 (0.033749) Rank: 60 (60) Ttime: 5.3041 Vtime: 0.0211
Step: 49600  Loss: 0.027169 Regul: 0.006823 Obj: 0.033992 (0.033749) Rank: 60 (60) Ttime: 5.4285 Vtime: 0.0209
Step: 49700  Loss: 0.027144 Regul: 0.006825 Obj: 0.033970 (0.033749) Rank: 60 (60) Ttime: 5.4948 Vtime: 0.0206
Step: 49800  Loss: 0.027064 Regul: 0.006837 Obj: 0.033901 (0.033749) Rank: 60 (60) Ttime: 5.3566 Vtime: 0.0206
Step: 49900  Loss: 0.027159 Regul: 0.006833 Obj: 0.033992 (0.033749) Rank: 60 (60) Ttime: 5.5498 Vtime: 0.0212
Step: 50000  Loss: 0.027107 Regul: 0.006832 Obj: 0.033939 (0.033749) Rank: 60 (60) Ttime: 5.4000 Vtime: 0.0208
