mu: 0.003 gamma: 0.05 maxdim: 80 nIters: 50000
Load Labels: 500000
Load Distances: 500000 x 480
0...10...20...30...40...50...60...70...80...90...100 - done.
Positive samples #250000
Negative samples #250000
Positive train #200000
Negative train #200000
Positive valid #50000
Negative valid #50000

Found GPU: GeForce GTX 970
Compute Capability: 5.2

Best: 100  Loss: 0.614610 Regul: 0.337278 Obj: 0.951889 (0.951889) Rank: 74 (74) Ttime: 5.7921 Vtime: 0.0985
Stat: Dim [74] AUC: 0.978598 (0.978598) FPR95: 12.48 (12.48) [saved]
Best: 200  Loss: 0.206851 Regul: 0.155437 Obj: 0.362288 (0.362288) Rank: 55 (55) Ttime: 5.5825 Vtime: 0.0210
Stat: Dim [55] AUC: 0.981427 (0.981427) FPR95: 10.17 (10.17) [saved]
Best: 300  Loss: 0.106447 Regul: 0.078577 Obj: 0.185023 (0.185023) Rank: 45 (45) Ttime: 5.5309 Vtime: 0.0215
Stat: Dim [45] AUC: 0.981817 (0.981817) FPR95: 9.80 (9.80) [saved]
Best: 400  Loss: 0.073328 Regul: 0.042350 Obj: 0.115678 (0.115678) Rank: 39 (39) Ttime: 5.5598 Vtime: 0.0208
Stat: Dim [39] AUC: 0.981331 (0.981817) FPR95: 10.32 (9.80)
Best: 500  Loss: 0.066325 Regul: 0.030840 Obj: 0.097165 (0.097165) Rank: 39 (39) Ttime: 5.6692 Vtime: 0.0206
Stat: Dim [39] AUC: 0.980178 (0.981817) FPR95: 11.03 (9.80)
Best: 600  Loss: 0.063550 Regul: 0.027926 Obj: 0.091476 (0.091476) Rank: 37 (37) Ttime: 5.6885 Vtime: 0.0211
Stat: Dim [37] AUC: 0.980513 (0.981817) FPR95: 10.79 (9.80)
Best: 700  Loss: 0.061008 Regul: 0.026585 Obj: 0.087593 (0.087593) Rank: 37 (37) Ttime: 5.7469 Vtime: 0.0209
Stat: Dim [37] AUC: 0.981043 (0.981817) FPR95: 10.43 (9.80)
Best: 800  Loss: 0.058567 Regul: 0.025622 Obj: 0.084189 (0.084189) Rank: 38 (38) Ttime: 5.7536 Vtime: 0.0211
Stat: Dim [38] AUC: 0.981606 (0.981817) FPR95: 10.03 (9.80)
Step: 900  Loss: 0.061411 Regul: 0.025104 Obj: 0.086515 (0.084189) Rank: 37 (38) Ttime: 5.7783 Vtime: 0.0206
Best: 1000  Loss: 0.058055 Regul: 0.024779 Obj: 0.082834 (0.082834) Rank: 38 (38) Ttime: 5.7401 Vtime: 0.0212
Stat: Dim [38] AUC: 0.982019 (0.982019) FPR95: 9.70 (9.70) [saved]
Step: 1100  Loss: 0.058764 Regul: 0.024190 Obj: 0.082954 (0.082834) Rank: 38 (38) Ttime: 5.7203 Vtime: 0.0207
Best: 1200  Loss: 0.056516 Regul: 0.023023 Obj: 0.079538 (0.079538) Rank: 38 (38) Ttime: 5.7716 Vtime: 0.0213
Stat: Dim [38] AUC: 0.982151 (0.982151) FPR95: 9.54 (9.54) [saved]
Best: 1300  Loss: 0.054772 Regul: 0.022716 Obj: 0.077488 (0.077488) Rank: 37 (37) Ttime: 5.8042 Vtime: 0.0210
Stat: Dim [37] AUC: 0.982080 (0.982151) FPR95: 9.54 (9.54)
Best: 1400  Loss: 0.054668 Regul: 0.022746 Obj: 0.077414 (0.077414) Rank: 38 (38) Ttime: 5.7513 Vtime: 0.0208
Stat: Dim [38] AUC: 0.981978 (0.982151) FPR95: 9.82 (9.54)
Step: 1500  Loss: 0.057181 Regul: 0.022181 Obj: 0.079362 (0.077414) Rank: 38 (38) Ttime: 5.7518 Vtime: 0.0211
Best: 1600  Loss: 0.053072 Regul: 0.022682 Obj: 0.075754 (0.075754) Rank: 40 (40) Ttime: 5.7672 Vtime: 0.0211
Stat: Dim [40] AUC: 0.982713 (0.982713) FPR95: 9.16 (9.16) [saved]
Best: 1700  Loss: 0.051080 Regul: 0.022060 Obj: 0.073140 (0.073140) Rank: 39 (39) Ttime: 5.6960 Vtime: 0.0210
Stat: Dim [39] AUC: 0.983298 (0.983298) FPR95: 8.90 (8.90) [saved]
Best: 1800  Loss: 0.051538 Regul: 0.021583 Obj: 0.073122 (0.073122) Rank: 39 (39) Ttime: 5.7288 Vtime: 0.0209
Stat: Dim [39] AUC: 0.982880 (0.983298) FPR95: 8.97 (8.90)
Best: 1900  Loss: 0.051378 Regul: 0.021466 Obj: 0.072844 (0.072844) Rank: 39 (39) Ttime: 5.7588 Vtime: 0.0207
Stat: Dim [39] AUC: 0.982679 (0.983298) FPR95: 9.19 (8.90)
Step: 2000  Loss: 0.053582 Regul: 0.021117 Obj: 0.074699 (0.072844) Rank: 38 (39) Ttime: 5.7264 Vtime: 0.0208
Step: 2100  Loss: 0.053108 Regul: 0.020899 Obj: 0.074007 (0.072844) Rank: 39 (39) Ttime: 5.7388 Vtime: 0.0216
Best: 2200  Loss: 0.050921 Regul: 0.020921 Obj: 0.071841 (0.071841) Rank: 40 (40) Ttime: 5.7485 Vtime: 0.0209
Stat: Dim [40] AUC: 0.983057 (0.983298) FPR95: 8.80 (8.90)
Best: 2300  Loss: 0.050596 Regul: 0.020617 Obj: 0.071212 (0.071212) Rank: 39 (39) Ttime: 5.8249 Vtime: 0.0211
Stat: Dim [39] AUC: 0.983229 (0.983298) FPR95: 8.83 (8.90)
Best: 2400  Loss: 0.050022 Regul: 0.020694 Obj: 0.070716 (0.070716) Rank: 39 (39) Ttime: 5.8210 Vtime: 0.0206
Stat: Dim [39] AUC: 0.983383 (0.983383) FPR95: 8.63 (8.63) [saved]
Step: 2500  Loss: 0.050481 Regul: 0.020501 Obj: 0.070982 (0.070716) Rank: 40 (39) Ttime: 5.7181 Vtime: 0.0205
Step: 2600  Loss: 0.051432 Regul: 0.020432 Obj: 0.071865 (0.070716) Rank: 40 (39) Ttime: 5.7639 Vtime: 0.0206
Best: 2700  Loss: 0.049354 Regul: 0.020279 Obj: 0.069633 (0.069633) Rank: 41 (41) Ttime: 5.7995 Vtime: 0.0209
Stat: Dim [41] AUC: 0.983596 (0.983596) FPR95: 8.48 (8.48) [saved]
Step: 2800  Loss: 0.050323 Regul: 0.020824 Obj: 0.071147 (0.069633) Rank: 41 (41) Ttime: 5.7908 Vtime: 0.0206
Best: 2900  Loss: 0.048897 Regul: 0.020197 Obj: 0.069094 (0.069094) Rank: 41 (41) Ttime: 5.7601 Vtime: 0.0203
Stat: Dim [41] AUC: 0.983583 (0.983596) FPR95: 8.36 (8.48)
Step: 3000  Loss: 0.052651 Regul: 0.019928 Obj: 0.072579 (0.069094) Rank: 39 (41) Ttime: 5.7451 Vtime: 0.0207
Best: 3100  Loss: 0.048483 Regul: 0.019934 Obj: 0.068417 (0.068417) Rank: 41 (41) Ttime: 5.7877 Vtime: 0.0212
Stat: Dim [41] AUC: 0.983706 (0.983706) FPR95: 8.47 (8.47) [saved]
Step: 3200  Loss: 0.051608 Regul: 0.019695 Obj: 0.071302 (0.068417) Rank: 40 (41) Ttime: 5.8119 Vtime: 0.0208
Best: 3300  Loss: 0.048435 Regul: 0.019607 Obj: 0.068042 (0.068042) Rank: 40 (40) Ttime: 5.8047 Vtime: 0.0210
Stat: Dim [40] AUC: 0.983640 (0.983706) FPR95: 8.32 (8.47)
Step: 3400  Loss: 0.049576 Regul: 0.019783 Obj: 0.069359 (0.068042) Rank: 40 (40) Ttime: 5.8554 Vtime: 0.0206
Step: 3500  Loss: 0.049457 Regul: 0.019529 Obj: 0.068987 (0.068042) Rank: 40 (40) Ttime: 5.7797 Vtime: 0.0211
Best: 3600  Loss: 0.048134 Regul: 0.019707 Obj: 0.067842 (0.067842) Rank: 41 (41) Ttime: 5.8107 Vtime: 0.0211
Stat: Dim [41] AUC: 0.984067 (0.984067) FPR95: 8.14 (8.14) [saved]
Best: 3700  Loss: 0.047965 Regul: 0.019763 Obj: 0.067728 (0.067728) Rank: 41 (41) Ttime: 5.7012 Vtime: 0.0215
Stat: Dim [41] AUC: 0.983870 (0.984067) FPR95: 8.41 (8.14)
Step: 3800  Loss: 0.048436 Regul: 0.019398 Obj: 0.067835 (0.067728) Rank: 40 (41) Ttime: 5.6904 Vtime: 0.0217
Best: 3900  Loss: 0.047509 Regul: 0.019062 Obj: 0.066571 (0.066571) Rank: 41 (41) Ttime: 5.7354 Vtime: 0.0211
Stat: Dim [41] AUC: 0.984182 (0.984182) FPR95: 8.09 (8.09) [saved]
Best: 4000  Loss: 0.046450 Regul: 0.019575 Obj: 0.066025 (0.066025) Rank: 41 (41) Ttime: 5.8229 Vtime: 0.0202
Stat: Dim [41] AUC: 0.984208 (0.984208) FPR95: 8.03 (8.03) [saved]
Step: 4100  Loss: 0.048667 Regul: 0.019533 Obj: 0.068201 (0.066025) Rank: 41 (41) Ttime: 5.7527 Vtime: 0.0207
Step: 4200  Loss: 0.046899 Regul: 0.019363 Obj: 0.066262 (0.066025) Rank: 42 (41) Ttime: 5.6881 Vtime: 0.0211
Step: 4300  Loss: 0.048205 Regul: 0.019037 Obj: 0.067242 (0.066025) Rank: 42 (41) Ttime: 5.7403 Vtime: 0.0207
Step: 4400  Loss: 0.048262 Regul: 0.018773 Obj: 0.067036 (0.066025) Rank: 40 (41) Ttime: 5.7708 Vtime: 0.0211
Step: 4500  Loss: 0.047006 Regul: 0.019311 Obj: 0.066317 (0.066025) Rank: 41 (41) Ttime: 5.8158 Vtime: 0.0214
Best: 4600  Loss: 0.046358 Regul: 0.019025 Obj: 0.065383 (0.065383) Rank: 41 (41) Ttime: 5.8001 Vtime: 0.0205
Stat: Dim [41] AUC: 0.984467 (0.984467) FPR95: 7.78 (7.78) [saved]
Step: 4700  Loss: 0.048858 Regul: 0.019119 Obj: 0.067977 (0.065383) Rank: 41 (41) Ttime: 5.8127 Vtime: 0.0207
Step: 4800  Loss: 0.047361 Regul: 0.018772 Obj: 0.066133 (0.065383) Rank: 42 (41) Ttime: 5.7392 Vtime: 0.0210
Step: 4900  Loss: 0.046936 Regul: 0.018857 Obj: 0.065793 (0.065383) Rank: 41 (41) Ttime: 5.8186 Vtime: 0.0215
Best: 5000  Loss: 0.046375 Regul: 0.018483 Obj: 0.064857 (0.064857) Rank: 40 (40) Ttime: 5.7207 Vtime: 0.0209
Stat: Dim [40] AUC: 0.984430 (0.984467) FPR95: 7.77 (7.78)
Step: 5100  Loss: 0.048223 Regul: 0.018385 Obj: 0.066607 (0.064857) Rank: 41 (40) Ttime: 5.8082 Vtime: 0.0215
Step: 5200  Loss: 0.046914 Regul: 0.018621 Obj: 0.065536 (0.064857) Rank: 42 (40) Ttime: 5.8172 Vtime: 0.0215
Step: 5300  Loss: 0.049496 Regul: 0.018372 Obj: 0.067868 (0.064857) Rank: 41 (40) Ttime: 5.8087 Vtime: 0.0212
Step: 5400  Loss: 0.048572 Regul: 0.018430 Obj: 0.067002 (0.064857) Rank: 41 (40) Ttime: 5.7853 Vtime: 0.0207
Best: 5500  Loss: 0.045733 Regul: 0.018220 Obj: 0.063952 (0.063952) Rank: 41 (41) Ttime: 5.7851 Vtime: 0.0201
Stat: Dim [41] AUC: 0.984686 (0.984686) FPR95: 7.66 (7.66) [saved]
Step: 5600  Loss: 0.046460 Regul: 0.018532 Obj: 0.064992 (0.063952) Rank: 42 (41) Ttime: 5.8050 Vtime: 0.0214
Step: 5700  Loss: 0.047163 Regul: 0.018005 Obj: 0.065168 (0.063952) Rank: 41 (41) Ttime: 5.8417 Vtime: 0.0213
Step: 5800  Loss: 0.047441 Regul: 0.018180 Obj: 0.065621 (0.063952) Rank: 41 (41) Ttime: 5.8424 Vtime: 0.0208
Step: 5900  Loss: 0.047803 Regul: 0.018220 Obj: 0.066022 (0.063952) Rank: 42 (41) Ttime: 5.8596 Vtime: 0.0218
Step: 6000  Loss: 0.046496 Regul: 0.018410 Obj: 0.064906 (0.063952) Rank: 42 (41) Ttime: 5.8437 Vtime: 0.0207
Step: 6100  Loss: 0.047811 Regul: 0.018164 Obj: 0.065975 (0.063952) Rank: 42 (41) Ttime: 5.8929 Vtime: 0.0205
Step: 6200  Loss: 0.045591 Regul: 0.018660 Obj: 0.064251 (0.063952) Rank: 42 (41) Ttime: 5.8829 Vtime: 0.0203
Step: 6300  Loss: 0.046260 Regul: 0.018152 Obj: 0.064412 (0.063952) Rank: 42 (41) Ttime: 5.7883 Vtime: 0.0209
Best: 6400  Loss: 0.045284 Regul: 0.018252 Obj: 0.063536 (0.063536) Rank: 41 (41) Ttime: 5.8258 Vtime: 0.0210
Stat: Dim [41] AUC: 0.984747 (0.984747) FPR95: 7.64 (7.64) [saved]
Step: 6500  Loss: 0.045594 Regul: 0.018324 Obj: 0.063918 (0.063536) Rank: 42 (41) Ttime: 5.8052 Vtime: 0.0214
Best: 6600  Loss: 0.045400 Regul: 0.017949 Obj: 0.063349 (0.063349) Rank: 43 (43) Ttime: 5.8054 Vtime: 0.0216
Stat: Dim [43] AUC: 0.984560 (0.984747) FPR95: 7.78 (7.64)
Step: 6700  Loss: 0.045994 Regul: 0.017852 Obj: 0.063846 (0.063349) Rank: 42 (43) Ttime: 5.8103 Vtime: 0.0206
Step: 6800  Loss: 0.046989 Regul: 0.018109 Obj: 0.065098 (0.063349) Rank: 42 (43) Ttime: 5.7790 Vtime: 0.0206
Step: 6900  Loss: 0.045192 Regul: 0.018280 Obj: 0.063472 (0.063349) Rank: 43 (43) Ttime: 5.7490 Vtime: 0.0211
Step: 7000  Loss: 0.045691 Regul: 0.018105 Obj: 0.063796 (0.063349) Rank: 42 (43) Ttime: 5.8145 Vtime: 0.0212
Best: 7100  Loss: 0.044508 Regul: 0.018528 Obj: 0.063036 (0.063036) Rank: 43 (43) Ttime: 5.8251 Vtime: 0.0212
Stat: Dim [43] AUC: 0.985094 (0.985094) FPR95: 7.44 (7.44) [saved]
Step: 7200  Loss: 0.046291 Regul: 0.018085 Obj: 0.064376 (0.063036) Rank: 43 (43) Ttime: 5.7659 Vtime: 0.0203
Best: 7300  Loss: 0.044569 Regul: 0.018204 Obj: 0.062773 (0.062773) Rank: 43 (43) Ttime: 5.7645 Vtime: 0.0212
Stat: Dim [43] AUC: 0.985055 (0.985094) FPR95: 7.37 (7.44)
Step: 7400  Loss: 0.044736 Regul: 0.018229 Obj: 0.062965 (0.062773) Rank: 43 (43) Ttime: 5.7629 Vtime: 0.0204
Step: 7500  Loss: 0.046368 Regul: 0.018205 Obj: 0.064573 (0.062773) Rank: 43 (43) Ttime: 5.8798 Vtime: 0.0207
Step: 7600  Loss: 0.045249 Regul: 0.018044 Obj: 0.063293 (0.062773) Rank: 44 (43) Ttime: 5.8149 Vtime: 0.0210
Step: 7700  Loss: 0.045958 Regul: 0.017919 Obj: 0.063877 (0.062773) Rank: 42 (43) Ttime: 5.8362 Vtime: 0.0214
Best: 7800  Loss: 0.044059 Regul: 0.018166 Obj: 0.062225 (0.062225) Rank: 43 (43) Ttime: 5.9093 Vtime: 0.0215
Stat: Dim [43] AUC: 0.985116 (0.985116) FPR95: 7.25 (7.25) [saved]
Step: 7900  Loss: 0.045710 Regul: 0.018190 Obj: 0.063900 (0.062225) Rank: 43 (43) Ttime: 5.8455 Vtime: 0.0207
Step: 8000  Loss: 0.045828 Regul: 0.018060 Obj: 0.063888 (0.062225) Rank: 44 (43) Ttime: 5.7886 Vtime: 0.0212
Step: 8100  Loss: 0.044962 Regul: 0.017929 Obj: 0.062891 (0.062225) Rank: 43 (43) Ttime: 5.8676 Vtime: 0.0214
Best: 8200  Loss: 0.044234 Regul: 0.017866 Obj: 0.062100 (0.062100) Rank: 43 (43) Ttime: 5.8312 Vtime: 0.0207
Stat: Dim [43] AUC: 0.984949 (0.985116) FPR95: 7.55 (7.25)
Step: 8300  Loss: 0.044834 Regul: 0.018008 Obj: 0.062842 (0.062100) Rank: 43 (43) Ttime: 5.7977 Vtime: 0.0211
Step: 8400  Loss: 0.045898 Regul: 0.017688 Obj: 0.063586 (0.062100) Rank: 43 (43) Ttime: 5.7772 Vtime: 0.0204
Step: 8500  Loss: 0.044879 Regul: 0.017775 Obj: 0.062654 (0.062100) Rank: 43 (43) Ttime: 5.7409 Vtime: 0.0211
Best: 8600  Loss: 0.043984 Regul: 0.017645 Obj: 0.061629 (0.061629) Rank: 43 (43) Ttime: 5.7711 Vtime: 0.0210
Stat: Dim [43] AUC: 0.985155 (0.985116) FPR95: 7.45 (7.25)
Step: 8700  Loss: 0.044384 Regul: 0.017754 Obj: 0.062138 (0.061629) Rank: 43 (43) Ttime: 5.8711 Vtime: 0.0208
Step: 8800  Loss: 0.044594 Regul: 0.017679 Obj: 0.062273 (0.061629) Rank: 44 (43) Ttime: 5.8506 Vtime: 0.0206
Step: 8900  Loss: 0.044856 Regul: 0.017691 Obj: 0.062547 (0.061629) Rank: 43 (43) Ttime: 5.8258 Vtime: 0.0211
Step: 9000  Loss: 0.044887 Regul: 0.017878 Obj: 0.062766 (0.061629) Rank: 44 (43) Ttime: 5.9131 Vtime: 0.0212
Step: 9100  Loss: 0.045010 Regul: 0.017811 Obj: 0.062821 (0.061629) Rank: 43 (43) Ttime: 5.8652 Vtime: 0.0216
Step: 9200  Loss: 0.045008 Regul: 0.017685 Obj: 0.062693 (0.061629) Rank: 44 (43) Ttime: 5.8690 Vtime: 0.0211
Step: 9300  Loss: 0.043986 Regul: 0.017911 Obj: 0.061898 (0.061629) Rank: 44 (43) Ttime: 5.8966 Vtime: 0.0208
Step: 9400  Loss: 0.045272 Regul: 0.017649 Obj: 0.062920 (0.061629) Rank: 44 (43) Ttime: 5.8145 Vtime: 0.0212
Step: 9500  Loss: 0.045163 Regul: 0.017882 Obj: 0.063045 (0.061629) Rank: 45 (43) Ttime: 5.8183 Vtime: 0.0216
Step: 9600  Loss: 0.045774 Regul: 0.017612 Obj: 0.063386 (0.061629) Rank: 43 (43) Ttime: 5.7324 Vtime: 0.0209
Best: 9700  Loss: 0.043568 Regul: 0.017588 Obj: 0.061156 (0.061156) Rank: 44 (44) Ttime: 5.7289 Vtime: 0.0213
Stat: Dim [44] AUC: 0.985318 (0.985116) FPR95: 7.32 (7.25)
Step: 9800  Loss: 0.045579 Regul: 0.017729 Obj: 0.063308 (0.061156) Rank: 43 (44) Ttime: 5.7203 Vtime: 0.0210
Step: 9900  Loss: 0.044141 Regul: 0.017790 Obj: 0.061931 (0.061156) Rank: 44 (44) Ttime: 5.8160 Vtime: 0.0215
Step: 10000  Loss: 0.044379 Regul: 0.017541 Obj: 0.061919 (0.061156) Rank: 44 (44) Ttime: 5.8108 Vtime: 0.0210
Step: 10100  Loss: 0.044279 Regul: 0.017518 Obj: 0.061797 (0.061156) Rank: 43 (44) Ttime: 5.8060 Vtime: 0.0211
Step: 10200  Loss: 0.044072 Regul: 0.017777 Obj: 0.061849 (0.061156) Rank: 45 (44) Ttime: 5.8278 Vtime: 0.0212
Step: 10300  Loss: 0.043977 Regul: 0.017589 Obj: 0.061567 (0.061156) Rank: 45 (44) Ttime: 5.7620 Vtime: 0.0209
Step: 10400  Loss: 0.044691 Regul: 0.017558 Obj: 0.062249 (0.061156) Rank: 44 (44) Ttime: 5.9012 Vtime: 0.0216
Step: 10500  Loss: 0.044882 Regul: 0.017671 Obj: 0.062553 (0.061156) Rank: 43 (44) Ttime: 5.7922 Vtime: 0.0212
Step: 10600  Loss: 0.045024 Regul: 0.017639 Obj: 0.062663 (0.061156) Rank: 43 (44) Ttime: 5.8506 Vtime: 0.0204
Best: 10700  Loss: 0.043426 Regul: 0.017696 Obj: 0.061122 (0.061122) Rank: 45 (45) Ttime: 5.8718 Vtime: 0.0209
Stat: Dim [45] AUC: 0.985467 (0.985467) FPR95: 7.13 (7.13) [saved]
Step: 10800  Loss: 0.043645 Regul: 0.017664 Obj: 0.061309 (0.061122) Rank: 45 (45) Ttime: 5.9010 Vtime: 0.0206
Step: 10900  Loss: 0.043763 Regul: 0.017439 Obj: 0.061202 (0.061122) Rank: 45 (45) Ttime: 5.8396 Vtime: 0.0207
Step: 11000  Loss: 0.043957 Regul: 0.017526 Obj: 0.061483 (0.061122) Rank: 44 (45) Ttime: 5.8095 Vtime: 0.0212
Step: 11100  Loss: 0.044022 Regul: 0.017128 Obj: 0.061150 (0.061122) Rank: 44 (45) Ttime: 5.7435 Vtime: 0.0207
Step: 11200  Loss: 0.044472 Regul: 0.017232 Obj: 0.061704 (0.061122) Rank: 44 (45) Ttime: 5.7587 Vtime: 0.0205
Step: 11300  Loss: 0.044499 Regul: 0.017485 Obj: 0.061985 (0.061122) Rank: 43 (45) Ttime: 5.7603 Vtime: 0.0211
Step: 11400  Loss: 0.044286 Regul: 0.017014 Obj: 0.061300 (0.061122) Rank: 43 (45) Ttime: 5.6894 Vtime: 0.0206
Step: 11500  Loss: 0.044721 Regul: 0.016894 Obj: 0.061615 (0.061122) Rank: 43 (45) Ttime: 5.6622 Vtime: 0.0209
Best: 11600  Loss: 0.043499 Regul: 0.017319 Obj: 0.060818 (0.060818) Rank: 45 (45) Ttime: 5.7435 Vtime: 0.0211
Stat: Dim [45] AUC: 0.985334 (0.985467) FPR95: 7.12 (7.13)
Step: 11700  Loss: 0.044192 Regul: 0.017101 Obj: 0.061294 (0.060818) Rank: 44 (45) Ttime: 5.6985 Vtime: 0.0222
Best: 11800  Loss: 0.043567 Regul: 0.017228 Obj: 0.060795 (0.060795) Rank: 44 (44) Ttime: 5.6946 Vtime: 0.0206
Stat: Dim [44] AUC: 0.985279 (0.985467) FPR95: 7.20 (7.13)
Step: 11900  Loss: 0.044637 Regul: 0.017230 Obj: 0.061867 (0.060795) Rank: 45 (44) Ttime: 5.7592 Vtime: 0.0212
Step: 12000  Loss: 0.044084 Regul: 0.017215 Obj: 0.061299 (0.060795) Rank: 43 (44) Ttime: 5.7425 Vtime: 0.0210
Step: 12100  Loss: 0.044098 Regul: 0.017275 Obj: 0.061373 (0.060795) Rank: 45 (44) Ttime: 5.7561 Vtime: 0.0211
Step: 12200  Loss: 0.044091 Regul: 0.017290 Obj: 0.061381 (0.060795) Rank: 44 (44) Ttime: 5.8015 Vtime: 0.0212
Step: 12300  Loss: 0.044192 Regul: 0.016909 Obj: 0.061101 (0.060795) Rank: 44 (44) Ttime: 5.7896 Vtime: 0.0207
Step: 12400  Loss: 0.045065 Regul: 0.016700 Obj: 0.061765 (0.060795) Rank: 45 (44) Ttime: 5.8295 Vtime: 0.0212
Best: 12500  Loss: 0.043158 Regul: 0.016975 Obj: 0.060133 (0.060133) Rank: 43 (43) Ttime: 5.7781 Vtime: 0.0210
Stat: Dim [43] AUC: 0.985436 (0.985467) FPR95: 7.15 (7.13)
Step: 12600  Loss: 0.043124 Regul: 0.017174 Obj: 0.060298 (0.060133) Rank: 43 (43) Ttime: 5.8141 Vtime: 0.0211
Step: 12700  Loss: 0.043484 Regul: 0.016988 Obj: 0.060471 (0.060133) Rank: 44 (43) Ttime: 5.7231 Vtime: 0.0213
Best: 12800  Loss: 0.043098 Regul: 0.016963 Obj: 0.060061 (0.060061) Rank: 44 (44) Ttime: 5.8407 Vtime: 0.0212
Stat: Dim [44] AUC: 0.985676 (0.985676) FPR95: 6.93 (6.93) [saved]
Step: 12900  Loss: 0.043679 Regul: 0.016965 Obj: 0.060644 (0.060061) Rank: 44 (44) Ttime: 5.7780 Vtime: 0.0205
Best: 13000  Loss: 0.042824 Regul: 0.017119 Obj: 0.059943 (0.059943) Rank: 45 (45) Ttime: 5.8406 Vtime: 0.0214
Stat: Dim [45] AUC: 0.985556 (0.985676) FPR95: 7.16 (6.93)
Step: 13100  Loss: 0.043629 Regul: 0.017148 Obj: 0.060778 (0.059943) Rank: 44 (45) Ttime: 5.8193 Vtime: 0.0214
Step: 13200  Loss: 0.043688 Regul: 0.017096 Obj: 0.060783 (0.059943) Rank: 44 (45) Ttime: 6.0326 Vtime: 0.0207
Step: 13300  Loss: 0.043146 Regul: 0.017130 Obj: 0.060276 (0.059943) Rank: 44 (45) Ttime: 5.8591 Vtime: 0.0208
Best: 13400  Loss: 0.042989 Regul: 0.016937 Obj: 0.059926 (0.059926) Rank: 44 (44) Ttime: 5.7529 Vtime: 0.0204
Stat: Dim [44] AUC: 0.985560 (0.985676) FPR95: 7.09 (6.93)
Step: 13500  Loss: 0.043352 Regul: 0.016995 Obj: 0.060347 (0.059926) Rank: 44 (44) Ttime: 5.8427 Vtime: 0.0208
Step: 13600  Loss: 0.043006 Regul: 0.016995 Obj: 0.060001 (0.059926) Rank: 44 (44) Ttime: 5.8296 Vtime: 0.0207
Step: 13700  Loss: 0.042771 Regul: 0.017205 Obj: 0.059976 (0.059926) Rank: 44 (44) Ttime: 5.9058 Vtime: 0.0211
Step: 13800  Loss: 0.042829 Regul: 0.017132 Obj: 0.059961 (0.059926) Rank: 45 (44) Ttime: 5.8522 Vtime: 0.0213
Best: 13900  Loss: 0.042885 Regul: 0.016927 Obj: 0.059813 (0.059813) Rank: 45 (45) Ttime: 5.8045 Vtime: 0.0206
Stat: Dim [45] AUC: 0.985663 (0.985676) FPR95: 6.87 (6.93)
Step: 14000  Loss: 0.043295 Regul: 0.017007 Obj: 0.060302 (0.059813) Rank: 46 (45) Ttime: 5.7798 Vtime: 0.0209
Step: 14100  Loss: 0.043726 Regul: 0.017031 Obj: 0.060757 (0.059813) Rank: 45 (45) Ttime: 5.8070 Vtime: 0.0222
Step: 14200  Loss: 0.043392 Regul: 0.017215 Obj: 0.060606 (0.059813) Rank: 45 (45) Ttime: 5.8852 Vtime: 0.0211
Step: 14300  Loss: 0.043179 Regul: 0.017049 Obj: 0.060228 (0.059813) Rank: 45 (45) Ttime: 5.8272 Vtime: 0.0206
Step: 14400  Loss: 0.043262 Regul: 0.017365 Obj: 0.060627 (0.059813) Rank: 46 (45) Ttime: 5.7575 Vtime: 0.0211
Step: 14500  Loss: 0.043890 Regul: 0.017290 Obj: 0.061180 (0.059813) Rank: 46 (45) Ttime: 5.7391 Vtime: 0.0210
Best: 14600  Loss: 0.042451 Regul: 0.017086 Obj: 0.059537 (0.059537) Rank: 45 (45) Ttime: 5.8864 Vtime: 0.0212
Stat: Dim [45] AUC: 0.985842 (0.985842) FPR95: 6.87 (6.87) [saved]
Step: 14700  Loss: 0.042540 Regul: 0.017067 Obj: 0.059607 (0.059537) Rank: 46 (45) Ttime: 5.8086 Vtime: 0.0213
Step: 14800  Loss: 0.043736 Regul: 0.016884 Obj: 0.060619 (0.059537) Rank: 44 (45) Ttime: 5.8487 Vtime: 0.0210
Best: 14900  Loss: 0.042692 Regul: 0.016768 Obj: 0.059461 (0.059461) Rank: 45 (45) Ttime: 5.8557 Vtime: 0.0208
Stat: Dim [45] AUC: 0.985671 (0.985842) FPR95: 7.03 (6.87)
Step: 15000  Loss: 0.043127 Regul: 0.016863 Obj: 0.059990 (0.059461) Rank: 45 (45) Ttime: 5.8486 Vtime: 0.0206
Step: 15100  Loss: 0.043554 Regul: 0.016724 Obj: 0.060278 (0.059461) Rank: 44 (45) Ttime: 5.8222 Vtime: 0.0214
Step: 15200  Loss: 0.043111 Regul: 0.016806 Obj: 0.059917 (0.059461) Rank: 45 (45) Ttime: 5.7773 Vtime: 0.0215
Step: 15300  Loss: 0.044409 Regul: 0.016927 Obj: 0.061337 (0.059461) Rank: 45 (45) Ttime: 5.7816 Vtime: 0.0202
Step: 15400  Loss: 0.043823 Regul: 0.016873 Obj: 0.060696 (0.059461) Rank: 45 (45) Ttime: 5.7580 Vtime: 0.0207
Step: 15500  Loss: 0.042733 Regul: 0.016803 Obj: 0.059536 (0.059461) Rank: 46 (45) Ttime: 5.8203 Vtime: 0.0212
Step: 15600  Loss: 0.043597 Regul: 0.016915 Obj: 0.060512 (0.059461) Rank: 46 (45) Ttime: 5.7015 Vtime: 0.0206
Step: 15700  Loss: 0.043526 Regul: 0.016980 Obj: 0.060506 (0.059461) Rank: 46 (45) Ttime: 5.6799 Vtime: 0.0204
Best: 15800  Loss: 0.042637 Regul: 0.016814 Obj: 0.059451 (0.059451) Rank: 47 (47) Ttime: 5.7306 Vtime: 0.0212
Stat: Dim [47] AUC: 0.985761 (0.985842) FPR95: 6.85 (6.87)
Step: 15900  Loss: 0.042814 Regul: 0.016944 Obj: 0.059758 (0.059451) Rank: 46 (47) Ttime: 5.7758 Vtime: 0.0212
Step: 16000  Loss: 0.042642 Regul: 0.016866 Obj: 0.059508 (0.059451) Rank: 46 (47) Ttime: 5.7716 Vtime: 0.0204
Step: 16100  Loss: 0.043420 Regul: 0.016748 Obj: 0.060168 (0.059451) Rank: 46 (47) Ttime: 5.8553 Vtime: 0.0209
Step: 16200  Loss: 0.042490 Regul: 0.017023 Obj: 0.059513 (0.059451) Rank: 46 (47) Ttime: 5.9525 Vtime: 0.0208
Step: 16300  Loss: 0.042829 Regul: 0.016837 Obj: 0.059666 (0.059451) Rank: 46 (47) Ttime: 5.7918 Vtime: 0.0207
Best: 16400  Loss: 0.042430 Regul: 0.016899 Obj: 0.059328 (0.059328) Rank: 47 (47) Ttime: 5.8193 Vtime: 0.0217
Stat: Dim [47] AUC: 0.985901 (0.985901) FPR95: 6.75 (6.75) [saved]
Step: 16500  Loss: 0.042994 Regul: 0.016910 Obj: 0.059903 (0.059328) Rank: 45 (47) Ttime: 5.7980 Vtime: 0.0215
Step: 16600  Loss: 0.043292 Regul: 0.016691 Obj: 0.059983 (0.059328) Rank: 45 (47) Ttime: 5.7542 Vtime: 0.0209
Best: 16700  Loss: 0.042494 Regul: 0.016790 Obj: 0.059284 (0.059284) Rank: 45 (45) Ttime: 5.8224 Vtime: 0.0205
Stat: Dim [45] AUC: 0.985750 (0.985901) FPR95: 6.95 (6.75)
Step: 16800  Loss: 0.043050 Regul: 0.016703 Obj: 0.059753 (0.059284) Rank: 46 (45) Ttime: 5.7885 Vtime: 0.0218
Step: 16900  Loss: 0.042284 Regul: 0.017087 Obj: 0.059371 (0.059284) Rank: 46 (45) Ttime: 5.7225 Vtime: 0.0209
Step: 17000  Loss: 0.043063 Regul: 0.016898 Obj: 0.059962 (0.059284) Rank: 46 (45) Ttime: 5.6845 Vtime: 0.0205
Step: 17100  Loss: 0.042817 Regul: 0.016855 Obj: 0.059673 (0.059284) Rank: 47 (45) Ttime: 5.6669 Vtime: 0.0214
Step: 17200  Loss: 0.043430 Regul: 0.016854 Obj: 0.060283 (0.059284) Rank: 45 (45) Ttime: 5.7427 Vtime: 0.0210
Step: 17300  Loss: 0.042347 Regul: 0.017000 Obj: 0.059347 (0.059284) Rank: 47 (45) Ttime: 5.7735 Vtime: 0.0210
Step: 17400  Loss: 0.043625 Regul: 0.016979 Obj: 0.060604 (0.059284) Rank: 46 (45) Ttime: 5.6649 Vtime: 0.0216
Step: 17500  Loss: 0.043893 Regul: 0.016891 Obj: 0.060783 (0.059284) Rank: 45 (45) Ttime: 5.7366 Vtime: 0.0212
Step: 17600  Loss: 0.042360 Regul: 0.016996 Obj: 0.059357 (0.059284) Rank: 46 (45) Ttime: 5.8111 Vtime: 0.0211
Step: 17700  Loss: 0.042488 Regul: 0.016867 Obj: 0.059355 (0.059284) Rank: 46 (45) Ttime: 5.7043 Vtime: 0.0216
Step: 17800  Loss: 0.043216 Regul: 0.016837 Obj: 0.060053 (0.059284) Rank: 46 (45) Ttime: 5.7664 Vtime: 0.0206
Best: 17900  Loss: 0.042388 Regul: 0.016761 Obj: 0.059149 (0.059149) Rank: 46 (46) Ttime: 5.7776 Vtime: 0.0213
Stat: Dim [46] AUC: 0.985946 (0.985901) FPR95: 6.83 (6.75)
Step: 18000  Loss: 0.042968 Regul: 0.016842 Obj: 0.059810 (0.059149) Rank: 45 (46) Ttime: 5.8411 Vtime: 0.0214
Best: 18100  Loss: 0.042415 Regul: 0.016622 Obj: 0.059037 (0.059037) Rank: 46 (46) Ttime: 5.7561 Vtime: 0.0213
Stat: Dim [46] AUC: 0.985805 (0.985901) FPR95: 6.90 (6.75)
Step: 18200  Loss: 0.043851 Regul: 0.016499 Obj: 0.060350 (0.059037) Rank: 45 (46) Ttime: 5.8088 Vtime: 0.0207
Step: 18300  Loss: 0.043046 Regul: 0.016659 Obj: 0.059704 (0.059037) Rank: 46 (46) Ttime: 5.8786 Vtime: 0.0208
Best: 18400  Loss: 0.042241 Regul: 0.016713 Obj: 0.058954 (0.058954) Rank: 46 (46) Ttime: 6.0227 Vtime: 0.0209
Stat: Dim [46] AUC: 0.985777 (0.985901) FPR95: 7.00 (6.75)
Step: 18500  Loss: 0.042432 Regul: 0.016627 Obj: 0.059059 (0.058954) Rank: 46 (46) Ttime: 5.8448 Vtime: 0.0207
Best: 18600  Loss: 0.042294 Regul: 0.016566 Obj: 0.058859 (0.058859) Rank: 45 (45) Ttime: 5.8278 Vtime: 0.0215
Stat: Dim [45] AUC: 0.985843 (0.985901) FPR95: 6.79 (6.75)
Step: 18700  Loss: 0.043035 Regul: 0.016501 Obj: 0.059536 (0.058859) Rank: 45 (45) Ttime: 5.9240 Vtime: 0.0209
Best: 18800  Loss: 0.041938 Regul: 0.016637 Obj: 0.058575 (0.058575) Rank: 46 (46) Ttime: 5.8069 Vtime: 0.0219
Stat: Dim [46] AUC: 0.986057 (0.986057) FPR95: 6.60 (6.60) [saved]
Step: 18900  Loss: 0.042096 Regul: 0.016525 Obj: 0.058622 (0.058575) Rank: 46 (46) Ttime: 5.8292 Vtime: 0.0212
Step: 19000  Loss: 0.042302 Regul: 0.016827 Obj: 0.059128 (0.058575) Rank: 47 (46) Ttime: 5.8039 Vtime: 0.0210
Step: 19100  Loss: 0.043250 Regul: 0.016718 Obj: 0.059969 (0.058575) Rank: 47 (46) Ttime: 5.7807 Vtime: 0.0206
Step: 19200  Loss: 0.042356 Regul: 0.016867 Obj: 0.059223 (0.058575) Rank: 47 (46) Ttime: 5.8464 Vtime: 0.0211
Step: 19300  Loss: 0.042090 Regul: 0.016797 Obj: 0.058887 (0.058575) Rank: 46 (46) Ttime: 5.9073 Vtime: 0.0213
Step: 19400  Loss: 0.042204 Regul: 0.016712 Obj: 0.058916 (0.058575) Rank: 46 (46) Ttime: 5.8895 Vtime: 0.0214
Step: 19500  Loss: 0.042426 Regul: 0.016687 Obj: 0.059112 (0.058575) Rank: 46 (46) Ttime: 5.9096 Vtime: 0.0206
Step: 19600  Loss: 0.042716 Regul: 0.016628 Obj: 0.059344 (0.058575) Rank: 46 (46) Ttime: 5.9044 Vtime: 0.0206
Step: 19700  Loss: 0.042999 Regul: 0.016808 Obj: 0.059807 (0.058575) Rank: 45 (46) Ttime: 5.9714 Vtime: 0.0212
Step: 19800  Loss: 0.043512 Regul: 0.016523 Obj: 0.060035 (0.058575) Rank: 45 (46) Ttime: 5.9282 Vtime: 0.0211
Step: 19900  Loss: 0.042321 Regul: 0.016777 Obj: 0.059098 (0.058575) Rank: 46 (46) Ttime: 5.9676 Vtime: 0.0223
Best: 20000  Loss: 0.041491 Regul: 0.016799 Obj: 0.058290 (0.058290) Rank: 45 (45) Ttime: 5.9247 Vtime: 0.0208
Stat: Dim [45] AUC: 0.986158 (0.986158) FPR95: 6.52 (6.52) [saved]
Step: 20100  Loss: 0.042130 Regul: 0.016530 Obj: 0.058660 (0.058290) Rank: 45 (45) Ttime: 5.8368 Vtime: 0.0209
Step: 20200  Loss: 0.041860 Regul: 0.016719 Obj: 0.058579 (0.058290) Rank: 46 (45) Ttime: 5.9009 Vtime: 0.0214
Step: 20300  Loss: 0.042092 Regul: 0.016634 Obj: 0.058726 (0.058290) Rank: 46 (45) Ttime: 5.8588 Vtime: 0.0208
Step: 20400  Loss: 0.041915 Regul: 0.016586 Obj: 0.058501 (0.058290) Rank: 46 (45) Ttime: 5.8641 Vtime: 0.0204
Best: 20500  Loss: 0.041685 Regul: 0.016472 Obj: 0.058157 (0.058157) Rank: 46 (46) Ttime: 5.8233 Vtime: 0.0205
Stat: Dim [46] AUC: 0.986038 (0.986158) FPR95: 6.63 (6.52)
Step: 20600  Loss: 0.042491 Regul: 0.016644 Obj: 0.059134 (0.058157) Rank: 46 (46) Ttime: 5.8575 Vtime: 0.0204
Step: 20700  Loss: 0.041716 Regul: 0.016574 Obj: 0.058290 (0.058157) Rank: 46 (46) Ttime: 5.7844 Vtime: 0.0210
Step: 20800  Loss: 0.041877 Regul: 0.016704 Obj: 0.058581 (0.058157) Rank: 46 (46) Ttime: 5.7496 Vtime: 0.0213
Step: 20900  Loss: 0.042881 Regul: 0.016705 Obj: 0.059587 (0.058157) Rank: 47 (46) Ttime: 5.8027 Vtime: 0.0208
Step: 21000  Loss: 0.042465 Regul: 0.016695 Obj: 0.059160 (0.058157) Rank: 46 (46) Ttime: 5.8889 Vtime: 0.0212
Step: 21100  Loss: 0.042061 Regul: 0.016642 Obj: 0.058703 (0.058157) Rank: 46 (46) Ttime: 5.8892 Vtime: 0.0208
Step: 21200  Loss: 0.041782 Regul: 0.016757 Obj: 0.058540 (0.058157) Rank: 47 (46) Ttime: 5.8409 Vtime: 0.0213
Step: 21300  Loss: 0.042173 Regul: 0.016645 Obj: 0.058818 (0.058157) Rank: 45 (46) Ttime: 5.8046 Vtime: 0.0213
Step: 21400  Loss: 0.042229 Regul: 0.016652 Obj: 0.058881 (0.058157) Rank: 45 (46) Ttime: 5.7646 Vtime: 0.0211
Step: 21500  Loss: 0.042010 Regul: 0.016520 Obj: 0.058530 (0.058157) Rank: 46 (46) Ttime: 5.6771 Vtime: 0.0212
Step: 21600  Loss: 0.042359 Regul: 0.016476 Obj: 0.058835 (0.058157) Rank: 46 (46) Ttime: 5.7361 Vtime: 0.0213
Step: 21700  Loss: 0.041922 Regul: 0.016410 Obj: 0.058332 (0.058157) Rank: 46 (46) Ttime: 5.7556 Vtime: 0.0212
Best: 21800  Loss: 0.041261 Regul: 0.016521 Obj: 0.057782 (0.057782) Rank: 47 (47) Ttime: 5.7387 Vtime: 0.0213
Stat: Dim [47] AUC: 0.986282 (0.986282) FPR95: 6.51 (6.51) [saved]
Step: 21900  Loss: 0.041527 Regul: 0.016484 Obj: 0.058011 (0.057782) Rank: 46 (47) Ttime: 5.7640 Vtime: 0.0214
Step: 22000  Loss: 0.041691 Regul: 0.016723 Obj: 0.058414 (0.057782) Rank: 47 (47) Ttime: 5.7948 Vtime: 0.0211
Step: 22100  Loss: 0.041793 Regul: 0.016587 Obj: 0.058380 (0.057782) Rank: 46 (47) Ttime: 5.7883 Vtime: 0.0212
Step: 22200  Loss: 0.041970 Regul: 0.016597 Obj: 0.058567 (0.057782) Rank: 46 (47) Ttime: 5.7036 Vtime: 0.0214
Step: 22300  Loss: 0.043025 Regul: 0.016562 Obj: 0.059587 (0.057782) Rank: 46 (47) Ttime: 5.7073 Vtime: 0.0207
Step: 22400  Loss: 0.041881 Regul: 0.016615 Obj: 0.058496 (0.057782) Rank: 47 (47) Ttime: 5.7233 Vtime: 0.0212
Step: 22500  Loss: 0.041873 Regul: 0.016602 Obj: 0.058475 (0.057782) Rank: 46 (47) Ttime: 5.6964 Vtime: 0.0216
Step: 22600  Loss: 0.042520 Regul: 0.016644 Obj: 0.059164 (0.057782) Rank: 46 (47) Ttime: 5.6607 Vtime: 0.0209
Step: 22700  Loss: 0.042409 Regul: 0.016436 Obj: 0.058845 (0.057782) Rank: 46 (47) Ttime: 5.6723 Vtime: 0.0209
Step: 22800  Loss: 0.041608 Regul: 0.016319 Obj: 0.057927 (0.057782) Rank: 46 (47) Ttime: 5.7087 Vtime: 0.0213
Step: 22900  Loss: 0.042629 Regul: 0.016309 Obj: 0.058939 (0.057782) Rank: 47 (47) Ttime: 5.7526 Vtime: 0.0212
Step: 23000  Loss: 0.042751 Regul: 0.016375 Obj: 0.059126 (0.057782) Rank: 47 (47) Ttime: 5.6150 Vtime: 0.0209
Step: 23100  Loss: 0.042447 Regul: 0.016318 Obj: 0.058765 (0.057782) Rank: 46 (47) Ttime: 5.6752 Vtime: 0.0208
Step: 23200  Loss: 0.041200 Regul: 0.016661 Obj: 0.057860 (0.057782) Rank: 46 (47) Ttime: 5.7741 Vtime: 0.0209
Step: 23300  Loss: 0.041690 Regul: 0.016517 Obj: 0.058207 (0.057782) Rank: 47 (47) Ttime: 5.7020 Vtime: 0.0212
Step: 23400  Loss: 0.041638 Regul: 0.016676 Obj: 0.058313 (0.057782) Rank: 48 (47) Ttime: 5.8011 Vtime: 0.0208
Step: 23500  Loss: 0.042352 Regul: 0.016459 Obj: 0.058811 (0.057782) Rank: 47 (47) Ttime: 5.7978 Vtime: 0.0210
Step: 23600  Loss: 0.042373 Regul: 0.016516 Obj: 0.058889 (0.057782) Rank: 47 (47) Ttime: 5.7764 Vtime: 0.0208
Step: 23700  Loss: 0.041994 Regul: 0.016495 Obj: 0.058489 (0.057782) Rank: 47 (47) Ttime: 5.7958 Vtime: 0.0204
Step: 23800  Loss: 0.042605 Regul: 0.016629 Obj: 0.059234 (0.057782) Rank: 47 (47) Ttime: 5.6510 Vtime: 0.0208
Step: 23900  Loss: 0.042647 Regul: 0.016654 Obj: 0.059301 (0.057782) Rank: 46 (47) Ttime: 5.7910 Vtime: 0.0214
Step: 24000  Loss: 0.042559 Regul: 0.016579 Obj: 0.059138 (0.057782) Rank: 47 (47) Ttime: 5.7448 Vtime: 0.0214
Best: 24100  Loss: 0.041178 Regul: 0.016601 Obj: 0.057779 (0.057779) Rank: 47 (47) Ttime: 5.7589 Vtime: 0.0204
Stat: Dim [47] AUC: 0.986324 (0.986324) FPR95: 6.47 (6.47) [saved]
Step: 24200  Loss: 0.042064 Regul: 0.016454 Obj: 0.058519 (0.057779) Rank: 46 (47) Ttime: 5.8185 Vtime: 0.0215
Step: 24300  Loss: 0.042996 Regul: 0.016392 Obj: 0.059387 (0.057779) Rank: 46 (47) Ttime: 5.8426 Vtime: 0.0204
Step: 24400  Loss: 0.042736 Regul: 0.016337 Obj: 0.059073 (0.057779) Rank: 47 (47) Ttime: 5.8127 Vtime: 0.0217
Step: 24500  Loss: 0.042615 Regul: 0.016405 Obj: 0.059019 (0.057779) Rank: 47 (47) Ttime: 5.8013 Vtime: 0.0207
Step: 24600  Loss: 0.042252 Regul: 0.016390 Obj: 0.058641 (0.057779) Rank: 47 (47) Ttime: 5.7803 Vtime: 0.0204
Step: 24700  Loss: 0.041657 Regul: 0.016380 Obj: 0.058037 (0.057779) Rank: 48 (47) Ttime: 5.7132 Vtime: 0.0211
Step: 24800  Loss: 0.041698 Regul: 0.016287 Obj: 0.057985 (0.057779) Rank: 46 (47) Ttime: 5.7271 Vtime: 0.0212
Best: 24900  Loss: 0.041063 Regul: 0.016330 Obj: 0.057393 (0.057393) Rank: 47 (47) Ttime: 5.7231 Vtime: 0.0210
Stat: Dim [47] AUC: 0.986272 (0.986324) FPR95: 6.49 (6.47)
Step: 25000  Loss: 0.041737 Regul: 0.016410 Obj: 0.058147 (0.057393) Rank: 47 (47) Ttime: 5.7592 Vtime: 0.0211
Step: 25100  Loss: 0.041254 Regul: 0.016344 Obj: 0.057598 (0.057393) Rank: 47 (47) Ttime: 5.7437 Vtime: 0.0212
Step: 25200  Loss: 0.042045 Regul: 0.016111 Obj: 0.058156 (0.057393) Rank: 46 (47) Ttime: 5.7899 Vtime: 0.0208
Step: 25300  Loss: 0.041335 Regul: 0.016261 Obj: 0.057596 (0.057393) Rank: 47 (47) Ttime: 5.7804 Vtime: 0.0210
Step: 25400  Loss: 0.041379 Regul: 0.016407 Obj: 0.057786 (0.057393) Rank: 47 (47) Ttime: 5.7958 Vtime: 0.0208
Step: 25500  Loss: 0.041673 Regul: 0.016458 Obj: 0.058130 (0.057393) Rank: 48 (47) Ttime: 5.8040 Vtime: 0.0214
Step: 25600  Loss: 0.042005 Regul: 0.016527 Obj: 0.058532 (0.057393) Rank: 47 (47) Ttime: 5.8294 Vtime: 0.0214
Step: 25700  Loss: 0.041455 Regul: 0.016434 Obj: 0.057889 (0.057393) Rank: 47 (47) Ttime: 5.8187 Vtime: 0.0212
Step: 25800  Loss: 0.041786 Regul: 0.016435 Obj: 0.058221 (0.057393) Rank: 47 (47) Ttime: 5.7985 Vtime: 0.0205
Step: 25900  Loss: 0.041873 Regul: 0.016515 Obj: 0.058388 (0.057393) Rank: 47 (47) Ttime: 5.8222 Vtime: 0.0210
Step: 26000  Loss: 0.042236 Regul: 0.016419 Obj: 0.058655 (0.057393) Rank: 47 (47) Ttime: 5.8232 Vtime: 0.0208
Step: 26100  Loss: 0.041260 Regul: 0.016443 Obj: 0.057703 (0.057393) Rank: 47 (47) Ttime: 5.8447 Vtime: 0.0205
Step: 26200  Loss: 0.041832 Regul: 0.016487 Obj: 0.058319 (0.057393) Rank: 48 (47) Ttime: 5.7403 Vtime: 0.0217
Step: 26300  Loss: 0.041686 Regul: 0.016336 Obj: 0.058022 (0.057393) Rank: 47 (47) Ttime: 5.8540 Vtime: 0.0213
Step: 26400  Loss: 0.041616 Regul: 0.016216 Obj: 0.057833 (0.057393) Rank: 46 (47) Ttime: 5.8198 Vtime: 0.0208
Step: 26500  Loss: 0.041511 Regul: 0.016400 Obj: 0.057911 (0.057393) Rank: 47 (47) Ttime: 5.7994 Vtime: 0.0214
Step: 26600  Loss: 0.042207 Regul: 0.016295 Obj: 0.058502 (0.057393) Rank: 46 (47) Ttime: 5.8623 Vtime: 0.0210
Step: 26700  Loss: 0.041862 Regul: 0.016317 Obj: 0.058179 (0.057393) Rank: 46 (47) Ttime: 5.8189 Vtime: 0.0202
Step: 26800  Loss: 0.042551 Regul: 0.016446 Obj: 0.058997 (0.057393) Rank: 47 (47) Ttime: 5.8385 Vtime: 0.0215
Step: 26900  Loss: 0.042233 Regul: 0.016304 Obj: 0.058536 (0.057393) Rank: 46 (47) Ttime: 5.7746 Vtime: 0.0213
Step: 27000  Loss: 0.041581 Regul: 0.016294 Obj: 0.057875 (0.057393) Rank: 48 (47) Ttime: 5.6767 Vtime: 0.0213
Step: 27100  Loss: 0.041730 Regul: 0.016481 Obj: 0.058211 (0.057393) Rank: 47 (47) Ttime: 5.7128 Vtime: 0.0209
Step: 27200  Loss: 0.041787 Regul: 0.016343 Obj: 0.058129 (0.057393) Rank: 48 (47) Ttime: 5.7195 Vtime: 0.0216
Step: 27300  Loss: 0.041429 Regul: 0.016455 Obj: 0.057883 (0.057393) Rank: 49 (47) Ttime: 5.7894 Vtime: 0.0216
Step: 27400  Loss: 0.042354 Regul: 0.016299 Obj: 0.058653 (0.057393) Rank: 48 (47) Ttime: 5.7957 Vtime: 0.0215
Step: 27500  Loss: 0.042857 Regul: 0.016288 Obj: 0.059145 (0.057393) Rank: 47 (47) Ttime: 5.7919 Vtime: 0.0210
Step: 27600  Loss: 0.042350 Regul: 0.016411 Obj: 0.058761 (0.057393) Rank: 48 (47) Ttime: 5.7618 Vtime: 0.0213
Step: 27700  Loss: 0.041356 Regul: 0.016441 Obj: 0.057797 (0.057393) Rank: 48 (47) Ttime: 5.7817 Vtime: 0.0210
Step: 27800  Loss: 0.041372 Regul: 0.016370 Obj: 0.057742 (0.057393) Rank: 48 (47) Ttime: 5.7941 Vtime: 0.0206
Step: 27900  Loss: 0.041088 Regul: 0.016413 Obj: 0.057502 (0.057393) Rank: 48 (47) Ttime: 5.7627 Vtime: 0.0206
Step: 28000  Loss: 0.041461 Regul: 0.016360 Obj: 0.057821 (0.057393) Rank: 48 (47) Ttime: 5.7569 Vtime: 0.0204
Step: 28100  Loss: 0.041623 Regul: 0.016202 Obj: 0.057824 (0.057393) Rank: 47 (47) Ttime: 5.8507 Vtime: 0.0209
Step: 28200  Loss: 0.041542 Regul: 0.016107 Obj: 0.057650 (0.057393) Rank: 46 (47) Ttime: 5.8011 Vtime: 0.0208
Step: 28300  Loss: 0.042394 Regul: 0.015925 Obj: 0.058319 (0.057393) Rank: 47 (47) Ttime: 5.7804 Vtime: 0.0218
Step: 28400  Loss: 0.042189 Regul: 0.016041 Obj: 0.058229 (0.057393) Rank: 47 (47) Ttime: 5.8207 Vtime: 0.0216
Step: 28500  Loss: 0.041610 Regul: 0.016164 Obj: 0.057774 (0.057393) Rank: 47 (47) Ttime: 5.8666 Vtime: 0.0209
Step: 28600  Loss: 0.041365 Regul: 0.016281 Obj: 0.057645 (0.057393) Rank: 47 (47) Ttime: 5.6891 Vtime: 0.0210
Best: 28700  Loss: 0.041135 Regul: 0.016196 Obj: 0.057331 (0.057331) Rank: 48 (48) Ttime: 5.7086 Vtime: 0.0213
Stat: Dim [48] AUC: 0.986340 (0.986324) FPR95: 6.50 (6.47)
Step: 28800  Loss: 0.041691 Regul: 0.016159 Obj: 0.057850 (0.057331) Rank: 47 (48) Ttime: 5.7039 Vtime: 0.0217
Best: 28900  Loss: 0.041090 Regul: 0.016180 Obj: 0.057270 (0.057270) Rank: 48 (48) Ttime: 5.7323 Vtime: 0.0211
Stat: Dim [48] AUC: 0.986297 (0.986324) FPR95: 6.49 (6.47)
Step: 29000  Loss: 0.041377 Regul: 0.016223 Obj: 0.057600 (0.057270) Rank: 47 (48) Ttime: 5.7181 Vtime: 0.0212
Best: 29100  Loss: 0.040286 Regul: 0.016245 Obj: 0.056531 (0.056531) Rank: 48 (48) Ttime: 5.7419 Vtime: 0.0216
Stat: Dim [48] AUC: 0.986512 (0.986512) FPR95: 6.43 (6.43) [saved]
Step: 29200  Loss: 0.041196 Regul: 0.016156 Obj: 0.057352 (0.056531) Rank: 47 (48) Ttime: 5.7192 Vtime: 0.0212
Step: 29300  Loss: 0.041500 Regul: 0.016251 Obj: 0.057751 (0.056531) Rank: 46 (48) Ttime: 5.7373 Vtime: 0.0208
Step: 29400  Loss: 0.041800 Regul: 0.016150 Obj: 0.057950 (0.056531) Rank: 46 (48) Ttime: 5.7696 Vtime: 0.0205
Step: 29500  Loss: 0.041432 Regul: 0.016254 Obj: 0.057686 (0.056531) Rank: 48 (48) Ttime: 5.8056 Vtime: 0.0214
Step: 29600  Loss: 0.041059 Regul: 0.016259 Obj: 0.057317 (0.056531) Rank: 47 (48) Ttime: 5.7315 Vtime: 0.0209
Step: 29700  Loss: 0.041685 Regul: 0.016252 Obj: 0.057937 (0.056531) Rank: 47 (48) Ttime: 5.7526 Vtime: 0.0214
Step: 29800  Loss: 0.041091 Regul: 0.016298 Obj: 0.057389 (0.056531) Rank: 47 (48) Ttime: 5.7489 Vtime: 0.0210
Step: 29900  Loss: 0.042735 Regul: 0.016283 Obj: 0.059018 (0.056531) Rank: 47 (48) Ttime: 5.7741 Vtime: 0.0208
Step: 30000  Loss: 0.041449 Regul: 0.016271 Obj: 0.057721 (0.056531) Rank: 47 (48) Ttime: 5.7258 Vtime: 0.0204
Step: 30100  Loss: 0.041156 Regul: 0.016181 Obj: 0.057337 (0.056531) Rank: 46 (48) Ttime: 5.7309 Vtime: 0.0215
Step: 30200  Loss: 0.041376 Regul: 0.016321 Obj: 0.057697 (0.056531) Rank: 47 (48) Ttime: 5.8060 Vtime: 0.0219
Step: 30300  Loss: 0.040981 Regul: 0.016313 Obj: 0.057294 (0.056531) Rank: 47 (48) Ttime: 5.7904 Vtime: 0.0206
Step: 30400  Loss: 0.041797 Regul: 0.016293 Obj: 0.058090 (0.056531) Rank: 48 (48) Ttime: 5.7251 Vtime: 0.0213
Step: 30500  Loss: 0.041786 Regul: 0.016186 Obj: 0.057972 (0.056531) Rank: 47 (48) Ttime: 5.8727 Vtime: 0.0213
Step: 30600  Loss: 0.041650 Regul: 0.016160 Obj: 0.057810 (0.056531) Rank: 47 (48) Ttime: 5.7670 Vtime: 0.0207
Step: 30700  Loss: 0.041418 Regul: 0.016161 Obj: 0.057578 (0.056531) Rank: 47 (48) Ttime: 5.7451 Vtime: 0.0212
Step: 30800  Loss: 0.041308 Regul: 0.016146 Obj: 0.057454 (0.056531) Rank: 48 (48) Ttime: 5.7384 Vtime: 0.0215
Step: 30900  Loss: 0.041313 Regul: 0.016350 Obj: 0.057663 (0.056531) Rank: 48 (48) Ttime: 5.7810 Vtime: 0.0209
Step: 31000  Loss: 0.040625 Regul: 0.016414 Obj: 0.057039 (0.056531) Rank: 48 (48) Ttime: 5.7581 Vtime: 0.0214
Step: 31100  Loss: 0.041383 Regul: 0.016276 Obj: 0.057660 (0.056531) Rank: 47 (48) Ttime: 5.7554 Vtime: 0.0211
Step: 31200  Loss: 0.040863 Regul: 0.016215 Obj: 0.057077 (0.056531) Rank: 47 (48) Ttime: 5.7375 Vtime: 0.0206
Step: 31300  Loss: 0.041450 Regul: 0.016232 Obj: 0.057682 (0.056531) Rank: 47 (48) Ttime: 5.7992 Vtime: 0.0208
Step: 31400  Loss: 0.041095 Regul: 0.016215 Obj: 0.057310 (0.056531) Rank: 48 (48) Ttime: 5.7840 Vtime: 0.0208
Step: 31500  Loss: 0.041274 Regul: 0.016275 Obj: 0.057548 (0.056531) Rank: 47 (48) Ttime: 5.7894 Vtime: 0.0214
Step: 31600  Loss: 0.041042 Regul: 0.016370 Obj: 0.057412 (0.056531) Rank: 47 (48) Ttime: 5.8136 Vtime: 0.0208
Step: 31700  Loss: 0.041222 Regul: 0.016228 Obj: 0.057450 (0.056531) Rank: 47 (48) Ttime: 5.8055 Vtime: 0.0215
Step: 31800  Loss: 0.041159 Regul: 0.016300 Obj: 0.057459 (0.056531) Rank: 48 (48) Ttime: 5.8353 Vtime: 0.0212
Step: 31900  Loss: 0.041170 Regul: 0.016200 Obj: 0.057370 (0.056531) Rank: 48 (48) Ttime: 5.8186 Vtime: 0.0211
Step: 32000  Loss: 0.040792 Regul: 0.016214 Obj: 0.057006 (0.056531) Rank: 48 (48) Ttime: 5.7405 Vtime: 0.0209
Step: 32100  Loss: 0.041718 Regul: 0.016139 Obj: 0.057857 (0.056531) Rank: 48 (48) Ttime: 5.7875 Vtime: 0.0208
Step: 32200  Loss: 0.041066 Regul: 0.016192 Obj: 0.057258 (0.056531) Rank: 48 (48) Ttime: 5.7775 Vtime: 0.0211
Step: 32300  Loss: 0.042021 Regul: 0.016258 Obj: 0.058280 (0.056531) Rank: 47 (48) Ttime: 5.7310 Vtime: 0.0210
Step: 32400  Loss: 0.041074 Regul: 0.016501 Obj: 0.057576 (0.056531) Rank: 48 (48) Ttime: 5.8283 Vtime: 0.0219
Step: 32500  Loss: 0.041893 Regul: 0.016142 Obj: 0.058036 (0.056531) Rank: 47 (48) Ttime: 5.8064 Vtime: 0.0212
Step: 32600  Loss: 0.040419 Regul: 0.016313 Obj: 0.056732 (0.056531) Rank: 48 (48) Ttime: 5.7844 Vtime: 0.0211
Step: 32700  Loss: 0.040636 Regul: 0.016204 Obj: 0.056840 (0.056531) Rank: 47 (48) Ttime: 5.7983 Vtime: 0.0212
Step: 32800  Loss: 0.041332 Regul: 0.016129 Obj: 0.057461 (0.056531) Rank: 48 (48) Ttime: 5.7548 Vtime: 0.0218
Step: 32900  Loss: 0.040687 Regul: 0.016271 Obj: 0.056958 (0.056531) Rank: 49 (48) Ttime: 5.8318 Vtime: 0.0215
Step: 33000  Loss: 0.040913 Regul: 0.016143 Obj: 0.057057 (0.056531) Rank: 47 (48) Ttime: 5.8049 Vtime: 0.0212
Step: 33100  Loss: 0.040218 Regul: 0.016427 Obj: 0.056645 (0.056531) Rank: 49 (48) Ttime: 5.8542 Vtime: 0.0212
Step: 33200  Loss: 0.040914 Regul: 0.016267 Obj: 0.057181 (0.056531) Rank: 47 (48) Ttime: 5.8325 Vtime: 0.0213
Step: 33300  Loss: 0.041217 Regul: 0.016345 Obj: 0.057562 (0.056531) Rank: 49 (48) Ttime: 5.7415 Vtime: 0.0214
Step: 33400  Loss: 0.040943 Regul: 0.016169 Obj: 0.057112 (0.056531) Rank: 48 (48) Ttime: 5.8132 Vtime: 0.0212
Step: 33500  Loss: 0.041109 Regul: 0.016151 Obj: 0.057260 (0.056531) Rank: 48 (48) Ttime: 5.8442 Vtime: 0.0205
Step: 33600  Loss: 0.040558 Regul: 0.016180 Obj: 0.056738 (0.056531) Rank: 47 (48) Ttime: 5.8720 Vtime: 0.0214
Step: 33700  Loss: 0.040974 Regul: 0.016332 Obj: 0.057306 (0.056531) Rank: 49 (48) Ttime: 5.9108 Vtime: 0.0211
Best: 33800  Loss: 0.040119 Regul: 0.016232 Obj: 0.056351 (0.056351) Rank: 49 (49) Ttime: 5.7844 Vtime: 0.0208
Stat: Dim [49] AUC: 0.986762 (0.986762) FPR95: 6.18 (6.18) [saved]
Step: 33900  Loss: 0.040879 Regul: 0.016055 Obj: 0.056934 (0.056351) Rank: 48 (49) Ttime: 5.7980 Vtime: 0.0213
Step: 34000  Loss: 0.041384 Regul: 0.016331 Obj: 0.057715 (0.056351) Rank: 48 (49) Ttime: 5.8553 Vtime: 0.0204
Step: 34100  Loss: 0.041135 Regul: 0.016375 Obj: 0.057509 (0.056351) Rank: 49 (49) Ttime: 5.8020 Vtime: 0.0218
Step: 34200  Loss: 0.041557 Regul: 0.016032 Obj: 0.057589 (0.056351) Rank: 48 (49) Ttime: 5.7765 Vtime: 0.0211
Step: 34300  Loss: 0.041242 Regul: 0.016200 Obj: 0.057442 (0.056351) Rank: 49 (49) Ttime: 5.8481 Vtime: 0.0212
Step: 34400  Loss: 0.041218 Regul: 0.016082 Obj: 0.057300 (0.056351) Rank: 48 (49) Ttime: 5.8030 Vtime: 0.0210
Step: 34500  Loss: 0.040656 Regul: 0.016076 Obj: 0.056731 (0.056351) Rank: 47 (49) Ttime: 5.8297 Vtime: 0.0209
Step: 34600  Loss: 0.040502 Regul: 0.016153 Obj: 0.056655 (0.056351) Rank: 48 (49) Ttime: 5.8063 Vtime: 0.0213
Step: 34700  Loss: 0.040557 Regul: 0.016104 Obj: 0.056661 (0.056351) Rank: 49 (49) Ttime: 5.7944 Vtime: 0.0217
Step: 34800  Loss: 0.041196 Regul: 0.016168 Obj: 0.057364 (0.056351) Rank: 49 (49) Ttime: 5.8749 Vtime: 0.0211
Step: 34900  Loss: 0.041109 Regul: 0.016105 Obj: 0.057214 (0.056351) Rank: 48 (49) Ttime: 5.8175 Vtime: 0.0213
Step: 35000  Loss: 0.041472 Regul: 0.016134 Obj: 0.057606 (0.056351) Rank: 48 (49) Ttime: 5.8583 Vtime: 0.0206
Step: 35100  Loss: 0.041400 Regul: 0.016150 Obj: 0.057550 (0.056351) Rank: 48 (49) Ttime: 5.8673 Vtime: 0.0205
Step: 35200  Loss: 0.041307 Regul: 0.015987 Obj: 0.057295 (0.056351) Rank: 46 (49) Ttime: 5.8625 Vtime: 0.0215
Step: 35300  Loss: 0.041132 Regul: 0.016099 Obj: 0.057230 (0.056351) Rank: 48 (49) Ttime: 5.8097 Vtime: 0.0219
Step: 35400  Loss: 0.041422 Regul: 0.016071 Obj: 0.057494 (0.056351) Rank: 48 (49) Ttime: 5.8111 Vtime: 0.0209
Step: 35500  Loss: 0.040728 Regul: 0.016223 Obj: 0.056950 (0.056351) Rank: 48 (49) Ttime: 5.7716 Vtime: 0.0203
Step: 35600  Loss: 0.041526 Regul: 0.016031 Obj: 0.057557 (0.056351) Rank: 48 (49) Ttime: 5.7738 Vtime: 0.0209
Step: 35700  Loss: 0.041213 Regul: 0.016036 Obj: 0.057248 (0.056351) Rank: 48 (49) Ttime: 5.7799 Vtime: 0.0206
Step: 35800  Loss: 0.040644 Regul: 0.016093 Obj: 0.056737 (0.056351) Rank: 47 (49) Ttime: 5.7773 Vtime: 0.0223
Step: 35900  Loss: 0.041160 Regul: 0.016030 Obj: 0.057190 (0.056351) Rank: 47 (49) Ttime: 5.7562 Vtime: 0.0213
Step: 36000  Loss: 0.041987 Regul: 0.015964 Obj: 0.057951 (0.056351) Rank: 47 (49) Ttime: 5.8102 Vtime: 0.0208
Step: 36100  Loss: 0.041041 Regul: 0.016140 Obj: 0.057181 (0.056351) Rank: 48 (49) Ttime: 5.7990 Vtime: 0.0210
Step: 36200  Loss: 0.041161 Regul: 0.016025 Obj: 0.057186 (0.056351) Rank: 49 (49) Ttime: 5.8323 Vtime: 0.0215
Step: 36300  Loss: 0.041252 Regul: 0.016042 Obj: 0.057293 (0.056351) Rank: 47 (49) Ttime: 5.7583 Vtime: 0.0208
Step: 36400  Loss: 0.041294 Regul: 0.015951 Obj: 0.057246 (0.056351) Rank: 47 (49) Ttime: 5.7888 Vtime: 0.0205
Step: 36500  Loss: 0.041408 Regul: 0.015994 Obj: 0.057403 (0.056351) Rank: 48 (49) Ttime: 5.8113 Vtime: 0.0216
Best: 36600  Loss: 0.040022 Regul: 0.016208 Obj: 0.056230 (0.056230) Rank: 49 (49) Ttime: 5.8315 Vtime: 0.0214
Stat: Dim [49] AUC: 0.986785 (0.986785) FPR95: 6.11 (6.11) [saved]
Best: 36700  Loss: 0.040123 Regul: 0.016074 Obj: 0.056197 (0.056197) Rank: 48 (48) Ttime: 5.8085 Vtime: 0.0209
Stat: Dim [48] AUC: 0.986767 (0.986785) FPR95: 6.21 (6.11)
Step: 36800  Loss: 0.041064 Regul: 0.015994 Obj: 0.057058 (0.056197) Rank: 48 (48) Ttime: 5.8294 Vtime: 0.0203
Step: 36900  Loss: 0.041536 Regul: 0.015984 Obj: 0.057520 (0.056197) Rank: 48 (48) Ttime: 5.8230 Vtime: 0.0209
Step: 37000  Loss: 0.041212 Regul: 0.015930 Obj: 0.057142 (0.056197) Rank: 48 (48) Ttime: 5.8240 Vtime: 0.0206
Step: 37100  Loss: 0.040455 Regul: 0.016027 Obj: 0.056483 (0.056197) Rank: 48 (48) Ttime: 5.8066 Vtime: 0.0210
Step: 37200  Loss: 0.041418 Regul: 0.015751 Obj: 0.057169 (0.056197) Rank: 47 (48) Ttime: 5.7133 Vtime: 0.0212
Step: 37300  Loss: 0.041871 Regul: 0.015788 Obj: 0.057660 (0.056197) Rank: 48 (48) Ttime: 5.7779 Vtime: 0.0218
Step: 37400  Loss: 0.040952 Regul: 0.015880 Obj: 0.056832 (0.056197) Rank: 48 (48) Ttime: 5.8211 Vtime: 0.0211
Step: 37500  Loss: 0.041993 Regul: 0.015784 Obj: 0.057778 (0.056197) Rank: 48 (48) Ttime: 5.7640 Vtime: 0.0214
Step: 37600  Loss: 0.040825 Regul: 0.015977 Obj: 0.056803 (0.056197) Rank: 48 (48) Ttime: 5.7924 Vtime: 0.0203
Step: 37700  Loss: 0.040766 Regul: 0.016091 Obj: 0.056857 (0.056197) Rank: 48 (48) Ttime: 5.8114 Vtime: 0.0211
Step: 37800  Loss: 0.041072 Regul: 0.015957 Obj: 0.057029 (0.056197) Rank: 48 (48) Ttime: 5.7325 Vtime: 0.0211
Step: 37900  Loss: 0.042194 Regul: 0.015823 Obj: 0.058017 (0.056197) Rank: 48 (48) Ttime: 5.7352 Vtime: 0.0206
Step: 38000  Loss: 0.041675 Regul: 0.015944 Obj: 0.057618 (0.056197) Rank: 48 (48) Ttime: 5.7420 Vtime: 0.0212
Step: 38100  Loss: 0.041004 Regul: 0.015943 Obj: 0.056947 (0.056197) Rank: 48 (48) Ttime: 5.7771 Vtime: 0.0208
Step: 38200  Loss: 0.040866 Regul: 0.016013 Obj: 0.056880 (0.056197) Rank: 48 (48) Ttime: 5.8214 Vtime: 0.0211
Step: 38300  Loss: 0.040860 Regul: 0.016167 Obj: 0.057027 (0.056197) Rank: 48 (48) Ttime: 5.7959 Vtime: 0.0207
Best: 38400  Loss: 0.040135 Regul: 0.015956 Obj: 0.056091 (0.056091) Rank: 48 (48) Ttime: 5.7406 Vtime: 0.0206
Stat: Dim [48] AUC: 0.986749 (0.986785) FPR95: 6.13 (6.11)
Step: 38500  Loss: 0.041432 Regul: 0.015989 Obj: 0.057421 (0.056091) Rank: 48 (48) Ttime: 5.7697 Vtime: 0.0207
Step: 38600  Loss: 0.040823 Regul: 0.015811 Obj: 0.056634 (0.056091) Rank: 47 (48) Ttime: 5.8284 Vtime: 0.0211
Step: 38700  Loss: 0.041139 Regul: 0.015855 Obj: 0.056994 (0.056091) Rank: 49 (48) Ttime: 5.7827 Vtime: 0.0209
Step: 38800  Loss: 0.040676 Regul: 0.015906 Obj: 0.056582 (0.056091) Rank: 48 (48) Ttime: 5.7396 Vtime: 0.0216
Step: 38900  Loss: 0.040823 Regul: 0.015909 Obj: 0.056732 (0.056091) Rank: 48 (48) Ttime: 5.8328 Vtime: 0.0203
Step: 39000  Loss: 0.041521 Regul: 0.015861 Obj: 0.057382 (0.056091) Rank: 47 (48) Ttime: 5.8584 Vtime: 0.0214
Step: 39100  Loss: 0.041467 Regul: 0.015965 Obj: 0.057431 (0.056091) Rank: 49 (48) Ttime: 5.8310 Vtime: 0.0215
Step: 39200  Loss: 0.040291 Regul: 0.016070 Obj: 0.056361 (0.056091) Rank: 49 (48) Ttime: 5.8307 Vtime: 0.0207
Step: 39300  Loss: 0.040546 Regul: 0.016016 Obj: 0.056562 (0.056091) Rank: 49 (48) Ttime: 5.8111 Vtime: 0.0207
Step: 39400  Loss: 0.041093 Regul: 0.015843 Obj: 0.056937 (0.056091) Rank: 48 (48) Ttime: 5.8290 Vtime: 0.0212
Step: 39500  Loss: 0.041718 Regul: 0.015877 Obj: 0.057594 (0.056091) Rank: 48 (48) Ttime: 5.8305 Vtime: 0.0204
Step: 39600  Loss: 0.041007 Regul: 0.016001 Obj: 0.057008 (0.056091) Rank: 48 (48) Ttime: 5.8610 Vtime: 0.0205
Step: 39700  Loss: 0.041524 Regul: 0.016052 Obj: 0.057576 (0.056091) Rank: 48 (48) Ttime: 5.7551 Vtime: 0.0208
Step: 39800  Loss: 0.040617 Regul: 0.015995 Obj: 0.056611 (0.056091) Rank: 47 (48) Ttime: 5.7558 Vtime: 0.0211
Step: 39900  Loss: 0.041305 Regul: 0.015919 Obj: 0.057224 (0.056091) Rank: 48 (48) Ttime: 5.8137 Vtime: 0.0212
Step: 40000  Loss: 0.040782 Regul: 0.015893 Obj: 0.056675 (0.056091) Rank: 48 (48) Ttime: 5.7479 Vtime: 0.0208
Step: 40100  Loss: 0.041103 Regul: 0.015854 Obj: 0.056957 (0.056091) Rank: 48 (48) Ttime: 5.7632 Vtime: 0.0211
Step: 40200  Loss: 0.041001 Regul: 0.015934 Obj: 0.056935 (0.056091) Rank: 48 (48) Ttime: 5.7441 Vtime: 0.0205
Step: 40300  Loss: 0.041042 Regul: 0.016024 Obj: 0.057067 (0.056091) Rank: 48 (48) Ttime: 5.7916 Vtime: 0.0209
Best: 40400  Loss: 0.039954 Regul: 0.015872 Obj: 0.055826 (0.055826) Rank: 48 (48) Ttime: 5.7440 Vtime: 0.0204
Stat: Dim [48] AUC: 0.986913 (0.986913) FPR95: 6.00 (6.00) [saved]
Step: 40500  Loss: 0.040901 Regul: 0.015815 Obj: 0.056716 (0.055826) Rank: 49 (48) Ttime: 5.8688 Vtime: 0.0216
Step: 40600  Loss: 0.040544 Regul: 0.015962 Obj: 0.056506 (0.055826) Rank: 49 (48) Ttime: 5.8509 Vtime: 0.0207
Step: 40700  Loss: 0.039923 Regul: 0.015918 Obj: 0.055841 (0.055826) Rank: 48 (48) Ttime: 5.8169 Vtime: 0.0211
Step: 40800  Loss: 0.040838 Regul: 0.015894 Obj: 0.056732 (0.055826) Rank: 48 (48) Ttime: 5.8219 Vtime: 0.0209
Step: 40900  Loss: 0.040620 Regul: 0.016032 Obj: 0.056651 (0.055826) Rank: 48 (48) Ttime: 5.8860 Vtime: 0.0206
Step: 41000  Loss: 0.041193 Regul: 0.015914 Obj: 0.057108 (0.055826) Rank: 48 (48) Ttime: 5.8541 Vtime: 0.0206
Step: 41100  Loss: 0.041302 Regul: 0.015996 Obj: 0.057298 (0.055826) Rank: 48 (48) Ttime: 5.8350 Vtime: 0.0208
Step: 41200  Loss: 0.040648 Regul: 0.016135 Obj: 0.056783 (0.055826) Rank: 48 (48) Ttime: 5.8161 Vtime: 0.0208
Step: 41300  Loss: 0.040813 Regul: 0.016066 Obj: 0.056878 (0.055826) Rank: 48 (48) Ttime: 5.8633 Vtime: 0.0213
Step: 41400  Loss: 0.041401 Regul: 0.015902 Obj: 0.057303 (0.055826) Rank: 49 (48) Ttime: 5.8201 Vtime: 0.0215
Step: 41500  Loss: 0.041420 Regul: 0.015812 Obj: 0.057232 (0.055826) Rank: 48 (48) Ttime: 5.7844 Vtime: 0.0222
Step: 41600  Loss: 0.041055 Regul: 0.015817 Obj: 0.056871 (0.055826) Rank: 49 (48) Ttime: 5.8108 Vtime: 0.0212
Step: 41700  Loss: 0.040820 Regul: 0.016039 Obj: 0.056859 (0.055826) Rank: 49 (48) Ttime: 5.8347 Vtime: 0.0212
Step: 41800  Loss: 0.040660 Regul: 0.015930 Obj: 0.056590 (0.055826) Rank: 49 (48) Ttime: 5.8575 Vtime: 0.0213
Step: 41900  Loss: 0.040256 Regul: 0.016080 Obj: 0.056336 (0.055826) Rank: 50 (48) Ttime: 5.8254 Vtime: 0.0216
Step: 42000  Loss: 0.040891 Regul: 0.015900 Obj: 0.056791 (0.055826) Rank: 49 (48) Ttime: 5.8076 Vtime: 0.0211
Step: 42100  Loss: 0.040591 Regul: 0.016049 Obj: 0.056640 (0.055826) Rank: 49 (48) Ttime: 5.8533 Vtime: 0.0209
Step: 42200  Loss: 0.041004 Regul: 0.015978 Obj: 0.056982 (0.055826) Rank: 49 (48) Ttime: 5.8765 Vtime: 0.0207
Step: 42300  Loss: 0.041766 Regul: 0.016027 Obj: 0.057793 (0.055826) Rank: 48 (48) Ttime: 5.8224 Vtime: 0.0217
Step: 42400  Loss: 0.041328 Regul: 0.016049 Obj: 0.057377 (0.055826) Rank: 49 (48) Ttime: 5.8451 Vtime: 0.0216
Step: 42500  Loss: 0.040351 Regul: 0.016126 Obj: 0.056477 (0.055826) Rank: 50 (48) Ttime: 5.7868 Vtime: 0.0212
Step: 42600  Loss: 0.041355 Regul: 0.016063 Obj: 0.057418 (0.055826) Rank: 49 (48) Ttime: 5.8792 Vtime: 0.0221
Step: 42700  Loss: 0.040827 Regul: 0.015951 Obj: 0.056778 (0.055826) Rank: 49 (48) Ttime: 5.8528 Vtime: 0.0213
Step: 42800  Loss: 0.041065 Regul: 0.015924 Obj: 0.056989 (0.055826) Rank: 48 (48) Ttime: 5.9099 Vtime: 0.0208
Step: 42900  Loss: 0.040303 Regul: 0.016043 Obj: 0.056345 (0.055826) Rank: 47 (48) Ttime: 5.8663 Vtime: 0.0211
Step: 43000  Loss: 0.041099 Regul: 0.015997 Obj: 0.057096 (0.055826) Rank: 49 (48) Ttime: 5.8505 Vtime: 0.0213
Step: 43100  Loss: 0.040629 Regul: 0.016155 Obj: 0.056784 (0.055826) Rank: 49 (48) Ttime: 5.8152 Vtime: 0.0206
Step: 43200  Loss: 0.039956 Regul: 0.016174 Obj: 0.056130 (0.055826) Rank: 49 (48) Ttime: 5.7599 Vtime: 0.0204
Step: 43300  Loss: 0.040143 Regul: 0.016061 Obj: 0.056204 (0.055826) Rank: 49 (48) Ttime: 5.8630 Vtime: 0.0212
Step: 43400  Loss: 0.040991 Regul: 0.016008 Obj: 0.056999 (0.055826) Rank: 49 (48) Ttime: 5.8508 Vtime: 0.0208
Step: 43500  Loss: 0.041276 Regul: 0.016018 Obj: 0.057294 (0.055826) Rank: 49 (48) Ttime: 5.8005 Vtime: 0.0208
Step: 43600  Loss: 0.041353 Regul: 0.015761 Obj: 0.057113 (0.055826) Rank: 49 (48) Ttime: 5.7887 Vtime: 0.0209
Step: 43700  Loss: 0.041684 Regul: 0.015751 Obj: 0.057434 (0.055826) Rank: 49 (48) Ttime: 5.7978 Vtime: 0.0212
Step: 43800  Loss: 0.040978 Regul: 0.015940 Obj: 0.056918 (0.055826) Rank: 49 (48) Ttime: 5.7948 Vtime: 0.0210
Step: 43900  Loss: 0.041018 Regul: 0.015951 Obj: 0.056969 (0.055826) Rank: 49 (48) Ttime: 5.8595 Vtime: 0.0205
Step: 44000  Loss: 0.040589 Regul: 0.015978 Obj: 0.056566 (0.055826) Rank: 49 (48) Ttime: 5.8264 Vtime: 0.0206
Step: 44100  Loss: 0.040867 Regul: 0.015987 Obj: 0.056854 (0.055826) Rank: 50 (48) Ttime: 5.8635 Vtime: 0.0217
Step: 44200  Loss: 0.040777 Regul: 0.015886 Obj: 0.056663 (0.055826) Rank: 49 (48) Ttime: 5.8392 Vtime: 0.0208
Step: 44300  Loss: 0.040928 Regul: 0.016085 Obj: 0.057013 (0.055826) Rank: 49 (48) Ttime: 5.7428 Vtime: 0.0210
Step: 44400  Loss: 0.041182 Regul: 0.016053 Obj: 0.057235 (0.055826) Rank: 50 (48) Ttime: 5.7992 Vtime: 0.0215
Step: 44500  Loss: 0.040205 Regul: 0.016026 Obj: 0.056231 (0.055826) Rank: 49 (48) Ttime: 5.7580 Vtime: 0.0210
Step: 44600  Loss: 0.040659 Regul: 0.015946 Obj: 0.056605 (0.055826) Rank: 49 (48) Ttime: 5.7416 Vtime: 0.0208
Step: 44700  Loss: 0.040662 Regul: 0.015849 Obj: 0.056511 (0.055826) Rank: 49 (48) Ttime: 5.7130 Vtime: 0.0206
Step: 44800  Loss: 0.041233 Regul: 0.015984 Obj: 0.057216 (0.055826) Rank: 48 (48) Ttime: 5.8314 Vtime: 0.0212
Step: 44900  Loss: 0.040741 Regul: 0.015951 Obj: 0.056692 (0.055826) Rank: 48 (48) Ttime: 5.7848 Vtime: 0.0208
Step: 45000  Loss: 0.041226 Regul: 0.016007 Obj: 0.057233 (0.055826) Rank: 49 (48) Ttime: 5.7801 Vtime: 0.0211
Step: 45100  Loss: 0.041353 Regul: 0.016123 Obj: 0.057476 (0.055826) Rank: 49 (48) Ttime: 5.8216 Vtime: 0.0204
Step: 45200  Loss: 0.040659 Regul: 0.016030 Obj: 0.056689 (0.055826) Rank: 48 (48) Ttime: 5.7456 Vtime: 0.0211
Step: 45300  Loss: 0.040936 Regul: 0.015947 Obj: 0.056883 (0.055826) Rank: 48 (48) Ttime: 5.8313 Vtime: 0.0206
Step: 45400  Loss: 0.040337 Regul: 0.015987 Obj: 0.056324 (0.055826) Rank: 49 (48) Ttime: 5.7227 Vtime: 0.0217
Step: 45500  Loss: 0.040667 Regul: 0.015920 Obj: 0.056587 (0.055826) Rank: 48 (48) Ttime: 5.7004 Vtime: 0.0213
Step: 45600  Loss: 0.040726 Regul: 0.015902 Obj: 0.056628 (0.055826) Rank: 48 (48) Ttime: 5.8186 Vtime: 0.0208
Best: 45700  Loss: 0.039461 Regul: 0.015903 Obj: 0.055365 (0.055365) Rank: 49 (49) Ttime: 5.7990 Vtime: 0.0212
Stat: Dim [49] AUC: 0.986866 (0.986913) FPR95: 6.17 (6.00)
Step: 45800  Loss: 0.040320 Regul: 0.015885 Obj: 0.056205 (0.055365) Rank: 49 (49) Ttime: 5.7050 Vtime: 0.0213
Step: 45900  Loss: 0.041170 Regul: 0.015726 Obj: 0.056896 (0.055365) Rank: 49 (49) Ttime: 5.7284 Vtime: 0.0207
Step: 46000  Loss: 0.040291 Regul: 0.015802 Obj: 0.056093 (0.055365) Rank: 49 (49) Ttime: 5.8076 Vtime: 0.0210
Step: 46100  Loss: 0.040655 Regul: 0.015940 Obj: 0.056594 (0.055365) Rank: 49 (49) Ttime: 5.7626 Vtime: 0.0207
Step: 46200  Loss: 0.040701 Regul: 0.015957 Obj: 0.056658 (0.055365) Rank: 49 (49) Ttime: 5.8059 Vtime: 0.0210
Step: 46300  Loss: 0.039939 Regul: 0.015955 Obj: 0.055894 (0.055365) Rank: 49 (49) Ttime: 5.8469 Vtime: 0.0208
Step: 46400  Loss: 0.040854 Regul: 0.015838 Obj: 0.056693 (0.055365) Rank: 48 (49) Ttime: 5.7524 Vtime: 0.0212
Step: 46500  Loss: 0.040191 Regul: 0.015941 Obj: 0.056132 (0.055365) Rank: 49 (49) Ttime: 5.7698 Vtime: 0.0219
Step: 46600  Loss: 0.041042 Regul: 0.016088 Obj: 0.057129 (0.055365) Rank: 50 (49) Ttime: 5.7284 Vtime: 0.0215
Step: 46700  Loss: 0.040017 Regul: 0.016048 Obj: 0.056065 (0.055365) Rank: 49 (49) Ttime: 5.7406 Vtime: 0.0219
Step: 46800  Loss: 0.040065 Regul: 0.016045 Obj: 0.056111 (0.055365) Rank: 50 (49) Ttime: 5.7731 Vtime: 0.0215
Step: 46900  Loss: 0.040534 Regul: 0.015879 Obj: 0.056413 (0.055365) Rank: 49 (49) Ttime: 5.8290 Vtime: 0.0214
Step: 47000  Loss: 0.040651 Regul: 0.015929 Obj: 0.056580 (0.055365) Rank: 50 (49) Ttime: 5.7915 Vtime: 0.0211
Step: 47100  Loss: 0.041184 Regul: 0.015834 Obj: 0.057018 (0.055365) Rank: 49 (49) Ttime: 5.7972 Vtime: 0.0209
Step: 47200  Loss: 0.040636 Regul: 0.015898 Obj: 0.056534 (0.055365) Rank: 49 (49) Ttime: 5.8434 Vtime: 0.0209
Step: 47300  Loss: 0.040461 Regul: 0.015868 Obj: 0.056329 (0.055365) Rank: 49 (49) Ttime: 5.8211 Vtime: 0.0206
Step: 47400  Loss: 0.040130 Regul: 0.015885 Obj: 0.056015 (0.055365) Rank: 49 (49) Ttime: 5.8313 Vtime: 0.0207
Step: 47500  Loss: 0.040996 Regul: 0.015804 Obj: 0.056800 (0.055365) Rank: 49 (49) Ttime: 5.7587 Vtime: 0.0206
Step: 47600  Loss: 0.041105 Regul: 0.015760 Obj: 0.056865 (0.055365) Rank: 49 (49) Ttime: 5.8757 Vtime: 0.0204
Step: 47700  Loss: 0.041430 Regul: 0.015815 Obj: 0.057245 (0.055365) Rank: 49 (49) Ttime: 5.8624 Vtime: 0.0213
Step: 47800  Loss: 0.041360 Regul: 0.015763 Obj: 0.057123 (0.055365) Rank: 50 (49) Ttime: 5.8697 Vtime: 0.0210
Step: 47900  Loss: 0.040681 Regul: 0.015660 Obj: 0.056342 (0.055365) Rank: 49 (49) Ttime: 5.8673 Vtime: 0.0211
Step: 48000  Loss: 0.041079 Regul: 0.015750 Obj: 0.056829 (0.055365) Rank: 50 (49) Ttime: 5.9460 Vtime: 0.0213
Step: 48100  Loss: 0.040144 Regul: 0.015742 Obj: 0.055886 (0.055365) Rank: 49 (49) Ttime: 5.9204 Vtime: 0.0214
Step: 48200  Loss: 0.040152 Regul: 0.015717 Obj: 0.055869 (0.055365) Rank: 48 (49) Ttime: 5.8402 Vtime: 0.0213
Step: 48300  Loss: 0.040358 Regul: 0.015731 Obj: 0.056089 (0.055365) Rank: 49 (49) Ttime: 5.9399 Vtime: 0.0210
Step: 48400  Loss: 0.040630 Regul: 0.015691 Obj: 0.056321 (0.055365) Rank: 49 (49) Ttime: 5.9237 Vtime: 0.0211
Step: 48500  Loss: 0.040217 Regul: 0.015934 Obj: 0.056151 (0.055365) Rank: 50 (49) Ttime: 5.9235 Vtime: 0.0221
Step: 48600  Loss: 0.040634 Regul: 0.015801 Obj: 0.056435 (0.055365) Rank: 49 (49) Ttime: 5.8665 Vtime: 0.0211
Step: 48700  Loss: 0.040109 Regul: 0.015699 Obj: 0.055808 (0.055365) Rank: 50 (49) Ttime: 5.8376 Vtime: 0.0213
Step: 48800  Loss: 0.040521 Regul: 0.015687 Obj: 0.056207 (0.055365) Rank: 50 (49) Ttime: 5.8296 Vtime: 0.0205
Step: 48900  Loss: 0.041162 Regul: 0.015663 Obj: 0.056825 (0.055365) Rank: 49 (49) Ttime: 5.8138 Vtime: 0.0219
Step: 49000  Loss: 0.040566 Regul: 0.015929 Obj: 0.056496 (0.055365) Rank: 50 (49) Ttime: 5.8285 Vtime: 0.0209
Step: 49100  Loss: 0.040158 Regul: 0.015846 Obj: 0.056004 (0.055365) Rank: 49 (49) Ttime: 5.7911 Vtime: 0.0217
Step: 49200  Loss: 0.040426 Regul: 0.015840 Obj: 0.056266 (0.055365) Rank: 50 (49) Ttime: 5.7892 Vtime: 0.0218
Step: 49300  Loss: 0.040436 Regul: 0.015816 Obj: 0.056252 (0.055365) Rank: 49 (49) Ttime: 5.8451 Vtime: 0.0213
Step: 49400  Loss: 0.040193 Regul: 0.015893 Obj: 0.056086 (0.055365) Rank: 49 (49) Ttime: 5.7330 Vtime: 0.0205
Step: 49500  Loss: 0.040897 Regul: 0.015813 Obj: 0.056710 (0.055365) Rank: 48 (49) Ttime: 5.6889 Vtime: 0.0217
Step: 49600  Loss: 0.040441 Regul: 0.015774 Obj: 0.056215 (0.055365) Rank: 49 (49) Ttime: 5.7589 Vtime: 0.0214
Step: 49700  Loss: 0.040871 Regul: 0.015775 Obj: 0.056647 (0.055365) Rank: 49 (49) Ttime: 5.7750 Vtime: 0.0205
Step: 49800  Loss: 0.040101 Regul: 0.015839 Obj: 0.055940 (0.055365) Rank: 49 (49) Ttime: 5.8182 Vtime: 0.0210
Step: 49900  Loss: 0.040376 Regul: 0.015784 Obj: 0.056160 (0.055365) Rank: 49 (49) Ttime: 5.7245 Vtime: 0.0213
Step: 50000  Loss: 0.040096 Regul: 0.015920 Obj: 0.056016 (0.055365) Rank: 49 (49) Ttime: 5.8402 Vtime: 0.0204
