mu: 0.002 gamma: 0.025 maxdim: 80 nIters: 50000
Load Labels: 500000
Load Distances: 500000 x 544
0...10...20...30...40...50...60...70...80...90...100 - done.
Positive samples #250000
Negative samples #250000
Positive train #200000
Negative train #200000
Positive valid #50000
Negative valid #50000

Found GPU: GeForce GTX 970
Compute Capability: 5.2

Best: 100  Loss: 1.535910 Regul: 0.631402 Obj: 2.167312 (2.167312) Rank: 107 (107) Ttime: 8.0676 Vtime: 0.1120
Stat: Dim [107] AUC: 0.979646 (0.979646) FPR95: 11.59 (11.59) [saved]
Best: 200  Loss: 0.586189 Regul: 0.339590 Obj: 0.925779 (0.925779) Rank: 80 (80) Ttime: 7.3873 Vtime: 0.0296
Stat: Dim [80] AUC: 0.982174 (0.982174) FPR95: 9.57 (9.57) [saved]
Best: 300  Loss: 0.317484 Regul: 0.207837 Obj: 0.525322 (0.525322) Rank: 66 (66) Ttime: 7.1269 Vtime: 0.0290
Stat: Dim [66] AUC: 0.983169 (0.983169) FPR95: 8.89 (8.89) [saved]
Best: 400  Loss: 0.189234 Regul: 0.132077 Obj: 0.321311 (0.321311) Rank: 57 (57) Ttime: 7.0073 Vtime: 0.0217
Stat: Dim [57] AUC: 0.983791 (0.983791) FPR95: 8.48 (8.48) [saved]
Best: 500  Loss: 0.125376 Regul: 0.084192 Obj: 0.209568 (0.209568) Rank: 50 (50) Ttime: 6.9203 Vtime: 0.0213
Stat: Dim [50] AUC: 0.983247 (0.983791) FPR95: 8.85 (8.48)
Best: 600  Loss: 0.088588 Regul: 0.055628 Obj: 0.144216 (0.144216) Rank: 46 (46) Ttime: 6.9274 Vtime: 0.0216
Stat: Dim [46] AUC: 0.983605 (0.983791) FPR95: 8.49 (8.48)
Best: 700  Loss: 0.075688 Regul: 0.039314 Obj: 0.115002 (0.115002) Rank: 44 (44) Ttime: 7.0592 Vtime: 0.0217
Stat: Dim [44] AUC: 0.982802 (0.983791) FPR95: 9.17 (8.48)
Best: 800  Loss: 0.067259 Regul: 0.031718 Obj: 0.098977 (0.098977) Rank: 42 (42) Ttime: 7.1529 Vtime: 0.0218
Stat: Dim [42] AUC: 0.982960 (0.983791) FPR95: 9.05 (8.48)
Best: 900  Loss: 0.068659 Regul: 0.029290 Obj: 0.097948 (0.097948) Rank: 42 (42) Ttime: 7.1701 Vtime: 0.0217
Stat: Dim [42] AUC: 0.982536 (0.983791) FPR95: 9.48 (8.48)
Best: 1000  Loss: 0.066422 Regul: 0.028275 Obj: 0.094697 (0.094697) Rank: 42 (42) Ttime: 7.2991 Vtime: 0.0211
Stat: Dim [42] AUC: 0.982903 (0.983791) FPR95: 9.09 (8.48)
Best: 1100  Loss: 0.064878 Regul: 0.027396 Obj: 0.092274 (0.092274) Rank: 42 (42) Ttime: 7.2798 Vtime: 0.0216
Stat: Dim [42] AUC: 0.982528 (0.983791) FPR95: 9.35 (8.48)
Best: 1200  Loss: 0.063272 Regul: 0.025502 Obj: 0.088774 (0.088774) Rank: 41 (41) Ttime: 7.2824 Vtime: 0.0218
Stat: Dim [41] AUC: 0.983195 (0.983791) FPR95: 8.87 (8.48)
Best: 1300  Loss: 0.061892 Regul: 0.024698 Obj: 0.086590 (0.086590) Rank: 40 (40) Ttime: 7.2777 Vtime: 0.0214
Stat: Dim [40] AUC: 0.982905 (0.983791) FPR95: 9.10 (8.48)
Best: 1400  Loss: 0.061305 Regul: 0.024376 Obj: 0.085681 (0.085681) Rank: 40 (40) Ttime: 7.3172 Vtime: 0.0215
Stat: Dim [40] AUC: 0.982751 (0.983791) FPR95: 9.49 (8.48)
Step: 1500  Loss: 0.062569 Regul: 0.024197 Obj: 0.086766 (0.085681) Rank: 41 (40) Ttime: 7.2501 Vtime: 0.0218
Best: 1600  Loss: 0.058273 Regul: 0.024353 Obj: 0.082626 (0.082626) Rank: 42 (42) Ttime: 7.2959 Vtime: 0.0214
Stat: Dim [42] AUC: 0.983623 (0.983791) FPR95: 8.57 (8.48)
Best: 1700  Loss: 0.056586 Regul: 0.023724 Obj: 0.080310 (0.080310) Rank: 43 (43) Ttime: 7.2572 Vtime: 0.0214
Stat: Dim [43] AUC: 0.984149 (0.984149) FPR95: 8.34 (8.34) [saved]
Best: 1800  Loss: 0.057082 Regul: 0.023110 Obj: 0.080193 (0.080193) Rank: 42 (42) Ttime: 7.2792 Vtime: 0.0218
Stat: Dim [42] AUC: 0.983870 (0.984149) FPR95: 8.41 (8.34)
Best: 1900  Loss: 0.055423 Regul: 0.022944 Obj: 0.078367 (0.078367) Rank: 42 (42) Ttime: 7.3357 Vtime: 0.0214
Stat: Dim [42] AUC: 0.983718 (0.984149) FPR95: 8.51 (8.34)
Step: 2000  Loss: 0.059577 Regul: 0.022496 Obj: 0.082073 (0.078367) Rank: 42 (42) Ttime: 7.2894 Vtime: 0.0213
Step: 2100  Loss: 0.058687 Regul: 0.022003 Obj: 0.080690 (0.078367) Rank: 41 (42) Ttime: 7.3421 Vtime: 0.0215
Best: 2200  Loss: 0.055349 Regul: 0.022070 Obj: 0.077419 (0.077419) Rank: 42 (42) Ttime: 7.3269 Vtime: 0.0213
Stat: Dim [42] AUC: 0.983889 (0.984149) FPR95: 8.52 (8.34)
Best: 2300  Loss: 0.054337 Regul: 0.021719 Obj: 0.076056 (0.076056) Rank: 41 (41) Ttime: 7.4153 Vtime: 0.0224
Stat: Dim [41] AUC: 0.984108 (0.984149) FPR95: 8.36 (8.34)
Best: 2400  Loss: 0.053348 Regul: 0.021548 Obj: 0.074895 (0.074895) Rank: 42 (42) Ttime: 7.3795 Vtime: 0.0218
Stat: Dim [42] AUC: 0.984304 (0.984304) FPR95: 8.14 (8.14) [saved]
Step: 2500  Loss: 0.053989 Regul: 0.021357 Obj: 0.075346 (0.074895) Rank: 43 (42) Ttime: 7.2972 Vtime: 0.0213
Step: 2600  Loss: 0.054759 Regul: 0.021284 Obj: 0.076044 (0.074895) Rank: 43 (42) Ttime: 7.3144 Vtime: 0.0212
Best: 2700  Loss: 0.052259 Regul: 0.021120 Obj: 0.073379 (0.073379) Rank: 43 (43) Ttime: 7.2852 Vtime: 0.0211
Stat: Dim [43] AUC: 0.984601 (0.984601) FPR95: 7.80 (7.80) [saved]
Step: 2800  Loss: 0.054477 Regul: 0.021467 Obj: 0.075944 (0.073379) Rank: 42 (43) Ttime: 7.3395 Vtime: 0.0217
Best: 2900  Loss: 0.051195 Regul: 0.020874 Obj: 0.072069 (0.072069) Rank: 42 (42) Ttime: 7.3108 Vtime: 0.0210
Stat: Dim [42] AUC: 0.984655 (0.984601) FPR95: 7.81 (7.80)
Step: 3000  Loss: 0.054692 Regul: 0.020673 Obj: 0.075365 (0.072069) Rank: 42 (42) Ttime: 7.2972 Vtime: 0.0210
Best: 3100  Loss: 0.049596 Regul: 0.020620 Obj: 0.070216 (0.070216) Rank: 42 (42) Ttime: 7.3389 Vtime: 0.0211
Stat: Dim [42] AUC: 0.985109 (0.985109) FPR95: 7.58 (7.58) [saved]
Step: 3200  Loss: 0.054196 Regul: 0.020464 Obj: 0.074660 (0.070216) Rank: 42 (42) Ttime: 7.3105 Vtime: 0.0210
Step: 3300  Loss: 0.051071 Regul: 0.020101 Obj: 0.071171 (0.070216) Rank: 42 (42) Ttime: 7.2908 Vtime: 0.0213
Step: 3400  Loss: 0.051251 Regul: 0.020385 Obj: 0.071635 (0.070216) Rank: 43 (42) Ttime: 7.3913 Vtime: 0.0216
Step: 3500  Loss: 0.051983 Regul: 0.020298 Obj: 0.072282 (0.070216) Rank: 44 (42) Ttime: 7.3087 Vtime: 0.0219
Step: 3600  Loss: 0.051807 Regul: 0.020084 Obj: 0.071891 (0.070216) Rank: 43 (42) Ttime: 7.2881 Vtime: 0.0223
Step: 3700  Loss: 0.050968 Regul: 0.020383 Obj: 0.071351 (0.070216) Rank: 43 (42) Ttime: 7.2206 Vtime: 0.0214
Step: 3800  Loss: 0.051241 Regul: 0.019716 Obj: 0.070957 (0.070216) Rank: 43 (42) Ttime: 7.2272 Vtime: 0.0211
Best: 3900  Loss: 0.050351 Regul: 0.019178 Obj: 0.069529 (0.069529) Rank: 43 (43) Ttime: 7.3435 Vtime: 0.0212
Stat: Dim [43] AUC: 0.984931 (0.985109) FPR95: 7.65 (7.58)
Best: 4000  Loss: 0.048670 Regul: 0.019822 Obj: 0.068493 (0.068493) Rank: 44 (44) Ttime: 7.4081 Vtime: 0.0215
Stat: Dim [44] AUC: 0.985126 (0.985126) FPR95: 7.56 (7.56) [saved]
Step: 4100  Loss: 0.050767 Regul: 0.019787 Obj: 0.070554 (0.068493) Rank: 43 (44) Ttime: 7.3199 Vtime: 0.0214
Best: 4200  Loss: 0.048449 Regul: 0.019483 Obj: 0.067932 (0.067932) Rank: 44 (44) Ttime: 7.2822 Vtime: 0.0218
Stat: Dim [44] AUC: 0.985474 (0.985474) FPR95: 7.26 (7.26) [saved]
Step: 4300  Loss: 0.049435 Regul: 0.019121 Obj: 0.068556 (0.067932) Rank: 44 (44) Ttime: 7.2147 Vtime: 0.0208
Best: 4400  Loss: 0.048185 Regul: 0.018732 Obj: 0.066917 (0.066917) Rank: 43 (43) Ttime: 7.3182 Vtime: 0.0216
Stat: Dim [43] AUC: 0.985030 (0.985474) FPR95: 7.64 (7.26)
Step: 4500  Loss: 0.048982 Regul: 0.019487 Obj: 0.068468 (0.066917) Rank: 44 (43) Ttime: 7.2359 Vtime: 0.0219
Best: 4600  Loss: 0.047747 Regul: 0.019070 Obj: 0.066817 (0.066817) Rank: 44 (44) Ttime: 7.1897 Vtime: 0.0216
Stat: Dim [44] AUC: 0.985394 (0.985474) FPR95: 7.30 (7.26)
Step: 4700  Loss: 0.050511 Regul: 0.019188 Obj: 0.069700 (0.066817) Rank: 44 (44) Ttime: 7.2815 Vtime: 0.0213
Step: 4800  Loss: 0.048948 Regul: 0.018854 Obj: 0.067802 (0.066817) Rank: 44 (44) Ttime: 7.2138 Vtime: 0.0214
Best: 4900  Loss: 0.048010 Regul: 0.018685 Obj: 0.066695 (0.066695) Rank: 44 (44) Ttime: 7.1984 Vtime: 0.0219
Stat: Dim [44] AUC: 0.985488 (0.985488) FPR95: 7.23 (7.23) [saved]
Best: 5000  Loss: 0.048084 Regul: 0.018480 Obj: 0.066563 (0.066563) Rank: 44 (44) Ttime: 7.2587 Vtime: 0.0213
Stat: Dim [44] AUC: 0.985307 (0.985488) FPR95: 7.28 (7.23)
Step: 5100  Loss: 0.050036 Regul: 0.018439 Obj: 0.068475 (0.066563) Rank: 43 (44) Ttime: 7.3253 Vtime: 0.0213
Step: 5200  Loss: 0.048562 Regul: 0.018689 Obj: 0.067251 (0.066563) Rank: 44 (44) Ttime: 7.3637 Vtime: 0.0212
Step: 5300  Loss: 0.051677 Regul: 0.018399 Obj: 0.070076 (0.066563) Rank: 44 (44) Ttime: 7.2830 Vtime: 0.0220
Step: 5400  Loss: 0.050757 Regul: 0.018414 Obj: 0.069171 (0.066563) Rank: 43 (44) Ttime: 7.2289 Vtime: 0.0217
Best: 5500  Loss: 0.046350 Regul: 0.018203 Obj: 0.064553 (0.064553) Rank: 45 (45) Ttime: 7.2595 Vtime: 0.0219
Stat: Dim [45] AUC: 0.985776 (0.985776) FPR95: 7.05 (7.05) [saved]
Step: 5600  Loss: 0.046792 Regul: 0.018387 Obj: 0.065179 (0.064553) Rank: 46 (45) Ttime: 7.4522 Vtime: 0.0213
Step: 5700  Loss: 0.047256 Regul: 0.017912 Obj: 0.065168 (0.064553) Rank: 44 (45) Ttime: 7.2931 Vtime: 0.0218
Step: 5800  Loss: 0.047593 Regul: 0.018123 Obj: 0.065716 (0.064553) Rank: 43 (45) Ttime: 7.3869 Vtime: 0.0221
Step: 5900  Loss: 0.047912 Regul: 0.018292 Obj: 0.066204 (0.064553) Rank: 44 (45) Ttime: 7.4204 Vtime: 0.0225
Step: 6000  Loss: 0.047379 Regul: 0.018406 Obj: 0.065785 (0.064553) Rank: 45 (45) Ttime: 7.4304 Vtime: 0.0215
Step: 6100  Loss: 0.047646 Regul: 0.018302 Obj: 0.065948 (0.064553) Rank: 45 (45) Ttime: 7.4416 Vtime: 0.0219
Step: 6200  Loss: 0.048120 Regul: 0.018325 Obj: 0.066445 (0.064553) Rank: 45 (45) Ttime: 7.3708 Vtime: 0.0213
Step: 6300  Loss: 0.047085 Regul: 0.017866 Obj: 0.064951 (0.064553) Rank: 45 (45) Ttime: 7.3770 Vtime: 0.0214
Step: 6400  Loss: 0.046792 Regul: 0.018011 Obj: 0.064803 (0.064553) Rank: 45 (45) Ttime: 7.4966 Vtime: 0.0210
Best: 6500  Loss: 0.045565 Regul: 0.018301 Obj: 0.063866 (0.063866) Rank: 45 (45) Ttime: 7.3883 Vtime: 0.0211
Stat: Dim [45] AUC: 0.985797 (0.985797) FPR95: 7.04 (7.04) [saved]
Best: 6600  Loss: 0.046163 Regul: 0.017556 Obj: 0.063719 (0.063719) Rank: 44 (44) Ttime: 7.3318 Vtime: 0.0221
Stat: Dim [44] AUC: 0.985441 (0.985797) FPR95: 7.29 (7.04)
Best: 6700  Loss: 0.046141 Regul: 0.017515 Obj: 0.063656 (0.063656) Rank: 45 (45) Ttime: 7.5329 Vtime: 0.0216
Stat: Dim [45] AUC: 0.985633 (0.985797) FPR95: 7.07 (7.04)
Step: 6800  Loss: 0.047455 Regul: 0.017836 Obj: 0.065291 (0.063656) Rank: 45 (45) Ttime: 7.4657 Vtime: 0.0216
Step: 6900  Loss: 0.046318 Regul: 0.017855 Obj: 0.064173 (0.063656) Rank: 46 (45) Ttime: 7.3877 Vtime: 0.0213
Step: 7000  Loss: 0.046388 Regul: 0.017979 Obj: 0.064367 (0.063656) Rank: 45 (45) Ttime: 7.3315 Vtime: 0.0218
Step: 7100  Loss: 0.045793 Regul: 0.018314 Obj: 0.064107 (0.063656) Rank: 45 (45) Ttime: 7.3584 Vtime: 0.0211
Step: 7200  Loss: 0.047282 Regul: 0.017718 Obj: 0.065000 (0.063656) Rank: 44 (45) Ttime: 7.3211 Vtime: 0.0219
Best: 7300  Loss: 0.045572 Regul: 0.017780 Obj: 0.063352 (0.063352) Rank: 46 (46) Ttime: 7.3092 Vtime: 0.0221
Stat: Dim [46] AUC: 0.985871 (0.985871) FPR95: 6.95 (6.95) [saved]
Step: 7400  Loss: 0.045821 Regul: 0.017784 Obj: 0.063604 (0.063352) Rank: 45 (46) Ttime: 7.2533 Vtime: 0.0222
Step: 7500  Loss: 0.046652 Regul: 0.017961 Obj: 0.064613 (0.063352) Rank: 46 (46) Ttime: 7.2879 Vtime: 0.0221
Step: 7600  Loss: 0.046571 Regul: 0.017683 Obj: 0.064254 (0.063352) Rank: 45 (46) Ttime: 7.2995 Vtime: 0.0217
Best: 7700  Loss: 0.045616 Regul: 0.017631 Obj: 0.063247 (0.063247) Rank: 46 (46) Ttime: 7.3924 Vtime: 0.0218
Stat: Dim [46] AUC: 0.985786 (0.985871) FPR95: 7.12 (6.95)
Best: 7800  Loss: 0.044407 Regul: 0.017916 Obj: 0.062324 (0.062324) Rank: 46 (46) Ttime: 7.4268 Vtime: 0.0216
Stat: Dim [46] AUC: 0.986115 (0.986115) FPR95: 6.75 (6.75) [saved]
Step: 7900  Loss: 0.046030 Regul: 0.017724 Obj: 0.063753 (0.062324) Rank: 46 (46) Ttime: 7.4421 Vtime: 0.0213
Step: 8000  Loss: 0.045295 Regul: 0.017734 Obj: 0.063029 (0.062324) Rank: 46 (46) Ttime: 7.3760 Vtime: 0.0212
Best: 8100  Loss: 0.044468 Regul: 0.017426 Obj: 0.061895 (0.061895) Rank: 45 (45) Ttime: 7.3812 Vtime: 0.0223
Stat: Dim [45] AUC: 0.986053 (0.986115) FPR95: 6.92 (6.75)
Step: 8200  Loss: 0.045330 Regul: 0.017376 Obj: 0.062706 (0.061895) Rank: 45 (45) Ttime: 7.4961 Vtime: 0.0213
Step: 8300  Loss: 0.045983 Regul: 0.017507 Obj: 0.063490 (0.061895) Rank: 45 (45) Ttime: 7.3781 Vtime: 0.0212
Step: 8400  Loss: 0.046441 Regul: 0.017483 Obj: 0.063924 (0.061895) Rank: 46 (45) Ttime: 7.4134 Vtime: 0.0220
Step: 8500  Loss: 0.044707 Regul: 0.017560 Obj: 0.062267 (0.061895) Rank: 47 (45) Ttime: 7.3351 Vtime: 0.0214
Best: 8600  Loss: 0.043561 Regul: 0.017456 Obj: 0.061016 (0.061016) Rank: 46 (46) Ttime: 7.3234 Vtime: 0.0218
Stat: Dim [46] AUC: 0.986291 (0.986291) FPR95: 6.74 (6.74) [saved]
Step: 8700  Loss: 0.045500 Regul: 0.017339 Obj: 0.062839 (0.061016) Rank: 46 (46) Ttime: 7.3370 Vtime: 0.0213
Step: 8800  Loss: 0.044774 Regul: 0.017433 Obj: 0.062208 (0.061016) Rank: 45 (46) Ttime: 7.2595 Vtime: 0.0218
Step: 8900  Loss: 0.045184 Regul: 0.017187 Obj: 0.062371 (0.061016) Rank: 45 (46) Ttime: 7.2784 Vtime: 0.0214
Step: 9000  Loss: 0.045374 Regul: 0.017461 Obj: 0.062835 (0.061016) Rank: 47 (46) Ttime: 7.3012 Vtime: 0.0219
Step: 9100  Loss: 0.045189 Regul: 0.017395 Obj: 0.062584 (0.061016) Rank: 46 (46) Ttime: 7.2480 Vtime: 0.0215
Step: 9200  Loss: 0.045800 Regul: 0.017287 Obj: 0.063087 (0.061016) Rank: 46 (46) Ttime: 7.3521 Vtime: 0.0214
Step: 9300  Loss: 0.044047 Regul: 0.017331 Obj: 0.061378 (0.061016) Rank: 47 (46) Ttime: 7.3499 Vtime: 0.0222
Step: 9400  Loss: 0.045990 Regul: 0.017326 Obj: 0.063316 (0.061016) Rank: 46 (46) Ttime: 7.2603 Vtime: 0.0223
Step: 9500  Loss: 0.045570 Regul: 0.017403 Obj: 0.062973 (0.061016) Rank: 47 (46) Ttime: 7.3608 Vtime: 0.0218
Step: 9600  Loss: 0.046036 Regul: 0.017440 Obj: 0.063477 (0.061016) Rank: 47 (46) Ttime: 7.2501 Vtime: 0.0214
Best: 9700  Loss: 0.043678 Regul: 0.017248 Obj: 0.060926 (0.060926) Rank: 46 (46) Ttime: 7.2443 Vtime: 0.0217
Stat: Dim [46] AUC: 0.986316 (0.986316) FPR95: 6.65 (6.65) [saved]
Step: 9800  Loss: 0.046375 Regul: 0.017348 Obj: 0.063723 (0.060926) Rank: 47 (46) Ttime: 7.4661 Vtime: 0.0216
Step: 9900  Loss: 0.045255 Regul: 0.017212 Obj: 0.062467 (0.060926) Rank: 48 (46) Ttime: 7.3735 Vtime: 0.0215
Step: 10000  Loss: 0.044553 Regul: 0.017179 Obj: 0.061732 (0.060926) Rank: 46 (46) Ttime: 7.3810 Vtime: 0.0219
Step: 10100  Loss: 0.044992 Regul: 0.017139 Obj: 0.062131 (0.060926) Rank: 47 (46) Ttime: 7.2309 Vtime: 0.0219
Best: 10200  Loss: 0.043454 Regul: 0.017336 Obj: 0.060790 (0.060790) Rank: 47 (47) Ttime: 7.2226 Vtime: 0.0212
Stat: Dim [47] AUC: 0.986542 (0.986542) FPR95: 6.47 (6.47) [saved]
Step: 10300  Loss: 0.045463 Regul: 0.017149 Obj: 0.062612 (0.060790) Rank: 47 (47) Ttime: 7.3069 Vtime: 0.0217
Step: 10400  Loss: 0.044326 Regul: 0.017197 Obj: 0.061523 (0.060790) Rank: 47 (47) Ttime: 7.4004 Vtime: 0.0209
Step: 10500  Loss: 0.045093 Regul: 0.017234 Obj: 0.062327 (0.060790) Rank: 47 (47) Ttime: 7.2295 Vtime: 0.0214
Step: 10600  Loss: 0.045001 Regul: 0.017070 Obj: 0.062071 (0.060790) Rank: 46 (47) Ttime: 7.3206 Vtime: 0.0213
Step: 10700  Loss: 0.043759 Regul: 0.017055 Obj: 0.060814 (0.060790) Rank: 48 (47) Ttime: 7.4186 Vtime: 0.0224
Best: 10800  Loss: 0.043637 Regul: 0.017029 Obj: 0.060665 (0.060665) Rank: 48 (48) Ttime: 7.2469 Vtime: 0.0211
Stat: Dim [48] AUC: 0.986564 (0.986542) FPR95: 6.56 (6.47)
Best: 10900  Loss: 0.042877 Regul: 0.016813 Obj: 0.059690 (0.059690) Rank: 47 (47) Ttime: 7.3462 Vtime: 0.0219
Stat: Dim [47] AUC: 0.986472 (0.986542) FPR95: 6.60 (6.47)
Step: 11000  Loss: 0.043445 Regul: 0.016879 Obj: 0.060323 (0.059690) Rank: 47 (47) Ttime: 7.3787 Vtime: 0.0213
Step: 11100  Loss: 0.043584 Regul: 0.016478 Obj: 0.060062 (0.059690) Rank: 48 (47) Ttime: 7.1967 Vtime: 0.0220
Step: 11200  Loss: 0.044513 Regul: 0.016538 Obj: 0.061051 (0.059690) Rank: 47 (47) Ttime: 7.1429 Vtime: 0.0212
Step: 11300  Loss: 0.044323 Regul: 0.016799 Obj: 0.061121 (0.059690) Rank: 47 (47) Ttime: 7.3263 Vtime: 0.0217
Step: 11400  Loss: 0.044927 Regul: 0.016405 Obj: 0.061332 (0.059690) Rank: 47 (47) Ttime: 7.2112 Vtime: 0.0211
Step: 11500  Loss: 0.044612 Regul: 0.016238 Obj: 0.060850 (0.059690) Rank: 47 (47) Ttime: 7.3008 Vtime: 0.0212
Step: 11600  Loss: 0.043460 Regul: 0.016742 Obj: 0.060202 (0.059690) Rank: 47 (47) Ttime: 7.4530 Vtime: 0.0214
Step: 11700  Loss: 0.043174 Regul: 0.016731 Obj: 0.059905 (0.059690) Rank: 48 (47) Ttime: 7.4241 Vtime: 0.0218
Step: 11800  Loss: 0.043008 Regul: 0.016758 Obj: 0.059766 (0.059690) Rank: 48 (47) Ttime: 7.3949 Vtime: 0.0217
Step: 11900  Loss: 0.044367 Regul: 0.016703 Obj: 0.061070 (0.059690) Rank: 47 (47) Ttime: 7.4470 Vtime: 0.0217
Step: 12000  Loss: 0.044133 Regul: 0.016584 Obj: 0.060717 (0.059690) Rank: 47 (47) Ttime: 7.3585 Vtime: 0.0208
Step: 12100  Loss: 0.043652 Regul: 0.016630 Obj: 0.060282 (0.059690) Rank: 48 (47) Ttime: 7.3495 Vtime: 0.0219
Step: 12200  Loss: 0.043556 Regul: 0.016629 Obj: 0.060184 (0.059690) Rank: 49 (47) Ttime: 7.4135 Vtime: 0.0219
Best: 12300  Loss: 0.043163 Regul: 0.016468 Obj: 0.059631 (0.059631) Rank: 47 (47) Ttime: 7.2910 Vtime: 0.0216
Stat: Dim [47] AUC: 0.986536 (0.986542) FPR95: 6.67 (6.47)
Step: 12400  Loss: 0.045502 Regul: 0.016033 Obj: 0.061535 (0.059631) Rank: 47 (47) Ttime: 7.4399 Vtime: 0.0219
Best: 12500  Loss: 0.042904 Regul: 0.016400 Obj: 0.059304 (0.059304) Rank: 48 (48) Ttime: 7.4351 Vtime: 0.0221
Stat: Dim [48] AUC: 0.986317 (0.986542) FPR95: 6.74 (6.47)
Best: 12600  Loss: 0.042251 Regul: 0.016613 Obj: 0.058864 (0.058864) Rank: 47 (47) Ttime: 7.4126 Vtime: 0.0218
Stat: Dim [47] AUC: 0.986742 (0.986742) FPR95: 6.44 (6.44) [saved]
Step: 12700  Loss: 0.043661 Regul: 0.016272 Obj: 0.059933 (0.058864) Rank: 48 (47) Ttime: 7.3063 Vtime: 0.0220
Step: 12800  Loss: 0.043295 Regul: 0.016278 Obj: 0.059573 (0.058864) Rank: 47 (47) Ttime: 7.3912 Vtime: 0.0222
Best: 12900  Loss: 0.042687 Regul: 0.016085 Obj: 0.058773 (0.058773) Rank: 47 (47) Ttime: 7.4597 Vtime: 0.0215
Stat: Dim [47] AUC: 0.986656 (0.986742) FPR95: 6.33 (6.44)
Best: 13000  Loss: 0.042381 Regul: 0.016348 Obj: 0.058729 (0.058729) Rank: 47 (47) Ttime: 7.4237 Vtime: 0.0214
Stat: Dim [47] AUC: 0.986608 (0.986742) FPR95: 6.62 (6.44)
Step: 13100  Loss: 0.043004 Regul: 0.016416 Obj: 0.059420 (0.058729) Rank: 48 (47) Ttime: 7.3620 Vtime: 0.0213
Step: 13200  Loss: 0.043817 Regul: 0.016472 Obj: 0.060289 (0.058729) Rank: 47 (47) Ttime: 7.2680 Vtime: 0.0218
Step: 13300  Loss: 0.043439 Regul: 0.016528 Obj: 0.059967 (0.058729) Rank: 48 (47) Ttime: 7.3612 Vtime: 0.0214
Step: 13400  Loss: 0.042742 Regul: 0.016279 Obj: 0.059022 (0.058729) Rank: 47 (47) Ttime: 7.2961 Vtime: 0.0220
Step: 13500  Loss: 0.043777 Regul: 0.016131 Obj: 0.059907 (0.058729) Rank: 47 (47) Ttime: 7.3193 Vtime: 0.0216
Step: 13600  Loss: 0.043286 Regul: 0.016292 Obj: 0.059578 (0.058729) Rank: 48 (47) Ttime: 7.3929 Vtime: 0.0217
Step: 13700  Loss: 0.042926 Regul: 0.016424 Obj: 0.059350 (0.058729) Rank: 48 (47) Ttime: 7.3717 Vtime: 0.0210
Step: 13800  Loss: 0.042639 Regul: 0.016298 Obj: 0.058936 (0.058729) Rank: 48 (47) Ttime: 7.2898 Vtime: 0.0213
Best: 13900  Loss: 0.042365 Regul: 0.016130 Obj: 0.058495 (0.058495) Rank: 47 (47) Ttime: 7.2562 Vtime: 0.0227
Stat: Dim [47] AUC: 0.986717 (0.986742) FPR95: 6.37 (6.44)
Step: 14000  Loss: 0.042508 Regul: 0.016266 Obj: 0.058774 (0.058495) Rank: 48 (47) Ttime: 7.2695 Vtime: 0.0215
Step: 14100  Loss: 0.043116 Regul: 0.016414 Obj: 0.059531 (0.058495) Rank: 48 (47) Ttime: 7.2541 Vtime: 0.0213
Step: 14200  Loss: 0.042872 Regul: 0.016434 Obj: 0.059305 (0.058495) Rank: 47 (47) Ttime: 7.3131 Vtime: 0.0217
Step: 14300  Loss: 0.042864 Regul: 0.016335 Obj: 0.059199 (0.058495) Rank: 49 (47) Ttime: 7.2889 Vtime: 0.0220
Step: 14400  Loss: 0.042938 Regul: 0.016656 Obj: 0.059594 (0.058495) Rank: 48 (47) Ttime: 7.3316 Vtime: 0.0223
Step: 14500  Loss: 0.043579 Regul: 0.016402 Obj: 0.059980 (0.058495) Rank: 48 (47) Ttime: 7.2578 Vtime: 0.0211
Best: 14600  Loss: 0.041764 Regul: 0.016347 Obj: 0.058112 (0.058112) Rank: 48 (48) Ttime: 7.3357 Vtime: 0.0210
Stat: Dim [48] AUC: 0.986910 (0.986910) FPR95: 6.21 (6.21) [saved]
Step: 14700  Loss: 0.042156 Regul: 0.016171 Obj: 0.058327 (0.058112) Rank: 49 (48) Ttime: 7.3002 Vtime: 0.0222
Step: 14800  Loss: 0.042616 Regul: 0.015958 Obj: 0.058574 (0.058112) Rank: 48 (48) Ttime: 7.3088 Vtime: 0.0222
Step: 14900  Loss: 0.042619 Regul: 0.015999 Obj: 0.058617 (0.058112) Rank: 48 (48) Ttime: 7.3570 Vtime: 0.0216
Step: 15000  Loss: 0.043011 Regul: 0.015992 Obj: 0.059003 (0.058112) Rank: 48 (48) Ttime: 7.3627 Vtime: 0.0213
Step: 15100  Loss: 0.042505 Regul: 0.015820 Obj: 0.058326 (0.058112) Rank: 49 (48) Ttime: 7.3306 Vtime: 0.0220
Best: 15200  Loss: 0.041785 Regul: 0.015966 Obj: 0.057751 (0.057751) Rank: 47 (47) Ttime: 7.2832 Vtime: 0.0212
Stat: Dim [47] AUC: 0.986840 (0.986910) FPR95: 6.33 (6.21)
Step: 15300  Loss: 0.043800 Regul: 0.016081 Obj: 0.059881 (0.057751) Rank: 48 (47) Ttime: 7.3891 Vtime: 0.0216
Step: 15400  Loss: 0.043717 Regul: 0.016129 Obj: 0.059846 (0.057751) Rank: 49 (47) Ttime: 7.3601 Vtime: 0.0219
Step: 15500  Loss: 0.041826 Regul: 0.016196 Obj: 0.058022 (0.057751) Rank: 49 (47) Ttime: 7.3763 Vtime: 0.0214
Step: 15600  Loss: 0.043287 Regul: 0.016288 Obj: 0.059575 (0.057751) Rank: 48 (47) Ttime: 7.2661 Vtime: 0.0217
Step: 15700  Loss: 0.043037 Regul: 0.016162 Obj: 0.059199 (0.057751) Rank: 49 (47) Ttime: 7.3280 Vtime: 0.0222
Step: 15800  Loss: 0.042001 Regul: 0.015979 Obj: 0.057980 (0.057751) Rank: 49 (47) Ttime: 7.3803 Vtime: 0.0210
Step: 15900  Loss: 0.041844 Regul: 0.016180 Obj: 0.058024 (0.057751) Rank: 49 (47) Ttime: 7.2913 Vtime: 0.0213
Step: 16000  Loss: 0.041994 Regul: 0.016117 Obj: 0.058111 (0.057751) Rank: 48 (47) Ttime: 7.2995 Vtime: 0.0217
Step: 16100  Loss: 0.042725 Regul: 0.016079 Obj: 0.058803 (0.057751) Rank: 48 (47) Ttime: 7.5250 Vtime: 0.0214
Step: 16200  Loss: 0.041882 Regul: 0.016109 Obj: 0.057991 (0.057751) Rank: 48 (47) Ttime: 7.5000 Vtime: 0.0210
Step: 16300  Loss: 0.042406 Regul: 0.015965 Obj: 0.058371 (0.057751) Rank: 48 (47) Ttime: 7.3920 Vtime: 0.0214
Best: 16400  Loss: 0.041277 Regul: 0.015817 Obj: 0.057094 (0.057094) Rank: 49 (49) Ttime: 7.4219 Vtime: 0.0221
Stat: Dim [49] AUC: 0.987100 (0.987100) FPR95: 6.06 (6.06) [saved]
Step: 16500  Loss: 0.043083 Regul: 0.015927 Obj: 0.059009 (0.057094) Rank: 48 (49) Ttime: 7.3971 Vtime: 0.0215
Step: 16600  Loss: 0.042632 Regul: 0.015874 Obj: 0.058506 (0.057094) Rank: 48 (49) Ttime: 7.3988 Vtime: 0.0213
Step: 16700  Loss: 0.041696 Regul: 0.015928 Obj: 0.057624 (0.057094) Rank: 49 (49) Ttime: 7.5386 Vtime: 0.0223
Step: 16800  Loss: 0.042437 Regul: 0.015874 Obj: 0.058311 (0.057094) Rank: 49 (49) Ttime: 7.4041 Vtime: 0.0218
Step: 16900  Loss: 0.041239 Regul: 0.016129 Obj: 0.057368 (0.057094) Rank: 50 (49) Ttime: 7.4021 Vtime: 0.0217
Step: 17000  Loss: 0.041964 Regul: 0.016035 Obj: 0.057999 (0.057094) Rank: 50 (49) Ttime: 7.3898 Vtime: 0.0210
Step: 17100  Loss: 0.041950 Regul: 0.015870 Obj: 0.057819 (0.057094) Rank: 50 (49) Ttime: 7.3802 Vtime: 0.0217
Step: 17200  Loss: 0.042394 Regul: 0.015964 Obj: 0.058358 (0.057094) Rank: 49 (49) Ttime: 7.4891 Vtime: 0.0214
Step: 17300  Loss: 0.041483 Regul: 0.015895 Obj: 0.057378 (0.057094) Rank: 49 (49) Ttime: 7.4072 Vtime: 0.0212
Step: 17400  Loss: 0.042779 Regul: 0.015962 Obj: 0.058740 (0.057094) Rank: 49 (49) Ttime: 7.3397 Vtime: 0.0212
Step: 17500  Loss: 0.043548 Regul: 0.016067 Obj: 0.059615 (0.057094) Rank: 48 (49) Ttime: 7.4021 Vtime: 0.0218
Step: 17600  Loss: 0.041250 Regul: 0.016147 Obj: 0.057397 (0.057094) Rank: 50 (49) Ttime: 7.5722 Vtime: 0.0224
Step: 17700  Loss: 0.041277 Regul: 0.016068 Obj: 0.057345 (0.057094) Rank: 50 (49) Ttime: 7.3868 Vtime: 0.0211
Step: 17800  Loss: 0.042705 Regul: 0.015932 Obj: 0.058637 (0.057094) Rank: 49 (49) Ttime: 7.4287 Vtime: 0.0218
Step: 17900  Loss: 0.041531 Regul: 0.015896 Obj: 0.057427 (0.057094) Rank: 49 (49) Ttime: 7.4102 Vtime: 0.0213
Step: 18000  Loss: 0.042266 Regul: 0.016066 Obj: 0.058332 (0.057094) Rank: 50 (49) Ttime: 7.4668 Vtime: 0.0216
Best: 18100  Loss: 0.041064 Regul: 0.015818 Obj: 0.056881 (0.056881) Rank: 50 (50) Ttime: 7.5297 Vtime: 0.0212
Stat: Dim [50] AUC: 0.987013 (0.987100) FPR95: 6.21 (6.06)
Step: 18200  Loss: 0.042481 Regul: 0.015767 Obj: 0.058247 (0.056881) Rank: 49 (50) Ttime: 7.4792 Vtime: 0.0216
Step: 18300  Loss: 0.042023 Regul: 0.015926 Obj: 0.057948 (0.056881) Rank: 48 (50) Ttime: 7.4695 Vtime: 0.0214
Step: 18400  Loss: 0.042236 Regul: 0.015964 Obj: 0.058201 (0.056881) Rank: 49 (50) Ttime: 7.4585 Vtime: 0.0228
Step: 18500  Loss: 0.041507 Regul: 0.015783 Obj: 0.057291 (0.056881) Rank: 50 (50) Ttime: 7.3676 Vtime: 0.0221
Best: 18600  Loss: 0.041065 Regul: 0.015737 Obj: 0.056803 (0.056803) Rank: 48 (48) Ttime: 7.4113 Vtime: 0.0217
Stat: Dim [48] AUC: 0.986926 (0.987100) FPR95: 6.19 (6.06)
Step: 18700  Loss: 0.042482 Regul: 0.015680 Obj: 0.058162 (0.056803) Rank: 49 (48) Ttime: 7.4602 Vtime: 0.0220
Best: 18800  Loss: 0.040556 Regul: 0.015771 Obj: 0.056327 (0.056327) Rank: 49 (49) Ttime: 7.4397 Vtime: 0.0214
Stat: Dim [49] AUC: 0.987312 (0.987312) FPR95: 5.98 (5.98) [saved]
Step: 18900  Loss: 0.041321 Regul: 0.015549 Obj: 0.056870 (0.056327) Rank: 47 (49) Ttime: 7.3971 Vtime: 0.0220
Step: 19000  Loss: 0.041438 Regul: 0.015979 Obj: 0.057417 (0.056327) Rank: 50 (49) Ttime: 7.3547 Vtime: 0.0218
Step: 19100  Loss: 0.042525 Regul: 0.015807 Obj: 0.058332 (0.056327) Rank: 49 (49) Ttime: 7.3460 Vtime: 0.0216
Step: 19200  Loss: 0.041343 Regul: 0.015960 Obj: 0.057304 (0.056327) Rank: 50 (49) Ttime: 7.3654 Vtime: 0.0220
Step: 19300  Loss: 0.041742 Regul: 0.015798 Obj: 0.057540 (0.056327) Rank: 49 (49) Ttime: 7.3789 Vtime: 0.0224
Step: 19400  Loss: 0.041622 Regul: 0.015663 Obj: 0.057285 (0.056327) Rank: 48 (49) Ttime: 7.3731 Vtime: 0.0211
Step: 19500  Loss: 0.041838 Regul: 0.015723 Obj: 0.057561 (0.056327) Rank: 48 (49) Ttime: 7.3660 Vtime: 0.0217
Step: 19600  Loss: 0.042419 Regul: 0.015719 Obj: 0.058138 (0.056327) Rank: 49 (49) Ttime: 7.3865 Vtime: 0.0218
Step: 19700  Loss: 0.042507 Regul: 0.015872 Obj: 0.058379 (0.056327) Rank: 49 (49) Ttime: 7.4002 Vtime: 0.0211
Step: 19800  Loss: 0.044089 Regul: 0.015673 Obj: 0.059763 (0.056327) Rank: 48 (49) Ttime: 7.3889 Vtime: 0.0212
Step: 19900  Loss: 0.042228 Regul: 0.015835 Obj: 0.058064 (0.056327) Rank: 50 (49) Ttime: 7.8661 Vtime: 0.0218
Step: 20000  Loss: 0.041265 Regul: 0.015819 Obj: 0.057083 (0.056327) Rank: 49 (49) Ttime: 7.4762 Vtime: 0.0217
Best: 20100  Loss: 0.040543 Regul: 0.015726 Obj: 0.056268 (0.056268) Rank: 49 (49) Ttime: 7.3187 Vtime: 0.0216
Stat: Dim [49] AUC: 0.987286 (0.987312) FPR95: 6.06 (5.98)
Step: 20200  Loss: 0.041565 Regul: 0.015816 Obj: 0.057381 (0.056268) Rank: 48 (49) Ttime: 7.4382 Vtime: 0.0217
Step: 20300  Loss: 0.041221 Regul: 0.015743 Obj: 0.056964 (0.056268) Rank: 48 (49) Ttime: 7.4046 Vtime: 0.0211
Step: 20400  Loss: 0.040631 Regul: 0.015791 Obj: 0.056422 (0.056268) Rank: 50 (49) Ttime: 7.3663 Vtime: 0.0217
Best: 20500  Loss: 0.040557 Regul: 0.015474 Obj: 0.056031 (0.056031) Rank: 50 (50) Ttime: 7.3475 Vtime: 0.0219
Stat: Dim [50] AUC: 0.987141 (0.987312) FPR95: 6.10 (5.98)
Step: 20600  Loss: 0.041433 Regul: 0.015770 Obj: 0.057203 (0.056031) Rank: 49 (50) Ttime: 7.4586 Vtime: 0.0220
Step: 20700  Loss: 0.041528 Regul: 0.015570 Obj: 0.057098 (0.056031) Rank: 49 (50) Ttime: 7.3342 Vtime: 0.0215
Step: 20800  Loss: 0.040769 Regul: 0.015765 Obj: 0.056534 (0.056031) Rank: 50 (50) Ttime: 7.4334 Vtime: 0.0219
Step: 20900  Loss: 0.042315 Regul: 0.015776 Obj: 0.058091 (0.056031) Rank: 49 (50) Ttime: 7.4326 Vtime: 0.0220
Step: 21000  Loss: 0.042343 Regul: 0.015701 Obj: 0.058044 (0.056031) Rank: 48 (50) Ttime: 7.4069 Vtime: 0.0228
Step: 21100  Loss: 0.041288 Regul: 0.015768 Obj: 0.057055 (0.056031) Rank: 49 (50) Ttime: 7.2986 Vtime: 0.0220
Step: 21200  Loss: 0.041504 Regul: 0.015785 Obj: 0.057289 (0.056031) Rank: 50 (50) Ttime: 7.3488 Vtime: 0.0219
Step: 21300  Loss: 0.041702 Regul: 0.015707 Obj: 0.057409 (0.056031) Rank: 49 (50) Ttime: 7.3577 Vtime: 0.0221
Step: 21400  Loss: 0.041253 Regul: 0.015841 Obj: 0.057094 (0.056031) Rank: 49 (50) Ttime: 7.4199 Vtime: 0.0214
Step: 21500  Loss: 0.040697 Regul: 0.015738 Obj: 0.056435 (0.056031) Rank: 49 (50) Ttime: 7.3639 Vtime: 0.0209
Step: 21600  Loss: 0.041183 Regul: 0.015501 Obj: 0.056684 (0.056031) Rank: 49 (50) Ttime: 7.3754 Vtime: 0.0220
Step: 21700  Loss: 0.040665 Regul: 0.015371 Obj: 0.056036 (0.056031) Rank: 50 (50) Ttime: 7.4095 Vtime: 0.0221
Best: 21800  Loss: 0.040139 Regul: 0.015468 Obj: 0.055607 (0.055607) Rank: 50 (50) Ttime: 7.4078 Vtime: 0.0213
Stat: Dim [50] AUC: 0.987498 (0.987498) FPR95: 5.87 (5.87) [saved]
Step: 21900  Loss: 0.040663 Regul: 0.015511 Obj: 0.056174 (0.055607) Rank: 50 (50) Ttime: 7.4575 Vtime: 0.0215
Step: 22000  Loss: 0.041031 Regul: 0.015714 Obj: 0.056745 (0.055607) Rank: 49 (50) Ttime: 7.4196 Vtime: 0.0228
Step: 22100  Loss: 0.040610 Regul: 0.015639 Obj: 0.056250 (0.055607) Rank: 49 (50) Ttime: 7.3967 Vtime: 0.0215
Step: 22200  Loss: 0.041002 Regul: 0.015637 Obj: 0.056639 (0.055607) Rank: 49 (50) Ttime: 7.3469 Vtime: 0.0215
Step: 22300  Loss: 0.041865 Regul: 0.015661 Obj: 0.057526 (0.055607) Rank: 50 (50) Ttime: 7.4414 Vtime: 0.0223
Step: 22400  Loss: 0.040863 Regul: 0.015730 Obj: 0.056593 (0.055607) Rank: 51 (50) Ttime: 7.3737 Vtime: 0.0218
Step: 22500  Loss: 0.040828 Regul: 0.015729 Obj: 0.056557 (0.055607) Rank: 51 (50) Ttime: 7.3337 Vtime: 0.0214
Step: 22600  Loss: 0.041746 Regul: 0.015629 Obj: 0.057374 (0.055607) Rank: 50 (50) Ttime: 7.3935 Vtime: 0.0217
Step: 22700  Loss: 0.041152 Regul: 0.015346 Obj: 0.056498 (0.055607) Rank: 50 (50) Ttime: 7.3532 Vtime: 0.0216
Best: 22800  Loss: 0.039843 Regul: 0.015392 Obj: 0.055235 (0.055235) Rank: 50 (50) Ttime: 7.5090 Vtime: 0.0211
Stat: Dim [50] AUC: 0.987489 (0.987498) FPR95: 5.86 (5.87)
Step: 22900  Loss: 0.040990 Regul: 0.015292 Obj: 0.056283 (0.055235) Rank: 50 (50) Ttime: 7.5142 Vtime: 0.0214
Step: 23000  Loss: 0.041038 Regul: 0.015365 Obj: 0.056403 (0.055235) Rank: 50 (50) Ttime: 7.4116 Vtime: 0.0217
Step: 23100  Loss: 0.041255 Regul: 0.015452 Obj: 0.056708 (0.055235) Rank: 50 (50) Ttime: 7.5551 Vtime: 0.0220
Step: 23200  Loss: 0.040140 Regul: 0.015614 Obj: 0.055754 (0.055235) Rank: 49 (50) Ttime: 7.5059 Vtime: 0.0217
Step: 23300  Loss: 0.040434 Regul: 0.015443 Obj: 0.055877 (0.055235) Rank: 49 (50) Ttime: 7.4165 Vtime: 0.0216
Step: 23400  Loss: 0.040340 Regul: 0.015419 Obj: 0.055760 (0.055235) Rank: 50 (50) Ttime: 7.4249 Vtime: 0.0221
Step: 23500  Loss: 0.041460 Regul: 0.015481 Obj: 0.056941 (0.055235) Rank: 49 (50) Ttime: 7.4139 Vtime: 0.0222
Step: 23600  Loss: 0.041409 Regul: 0.015450 Obj: 0.056859 (0.055235) Rank: 50 (50) Ttime: 7.3669 Vtime: 0.0220
Step: 23700  Loss: 0.040621 Regul: 0.015428 Obj: 0.056050 (0.055235) Rank: 48 (50) Ttime: 7.4991 Vtime: 0.0212
Step: 23800  Loss: 0.041675 Regul: 0.015534 Obj: 0.057209 (0.055235) Rank: 50 (50) Ttime: 7.4326 Vtime: 0.0215
Step: 23900  Loss: 0.041519 Regul: 0.015524 Obj: 0.057043 (0.055235) Rank: 50 (50) Ttime: 7.4569 Vtime: 0.0211
Step: 24000  Loss: 0.040708 Regul: 0.015631 Obj: 0.056339 (0.055235) Rank: 49 (50) Ttime: 7.3993 Vtime: 0.0217
Step: 24100  Loss: 0.039937 Regul: 0.015506 Obj: 0.055443 (0.055235) Rank: 49 (50) Ttime: 7.3295 Vtime: 0.0210
Step: 24200  Loss: 0.040997 Regul: 0.015427 Obj: 0.056424 (0.055235) Rank: 49 (50) Ttime: 7.5157 Vtime: 0.0211
Step: 24300  Loss: 0.041200 Regul: 0.015382 Obj: 0.056582 (0.055235) Rank: 49 (50) Ttime: 7.4893 Vtime: 0.0212
Step: 24400  Loss: 0.041312 Regul: 0.015434 Obj: 0.056746 (0.055235) Rank: 50 (50) Ttime: 7.5000 Vtime: 0.0219
Step: 24500  Loss: 0.041368 Regul: 0.015397 Obj: 0.056765 (0.055235) Rank: 49 (50) Ttime: 7.5224 Vtime: 0.0217
Step: 24600  Loss: 0.041345 Regul: 0.015268 Obj: 0.056613 (0.055235) Rank: 49 (50) Ttime: 7.4495 Vtime: 0.0214
Step: 24700  Loss: 0.040477 Regul: 0.015340 Obj: 0.055817 (0.055235) Rank: 50 (50) Ttime: 7.4652 Vtime: 0.0223
Step: 24800  Loss: 0.040940 Regul: 0.015317 Obj: 0.056257 (0.055235) Rank: 49 (50) Ttime: 7.4181 Vtime: 0.0215
Step: 24900  Loss: 0.040149 Regul: 0.015332 Obj: 0.055480 (0.055235) Rank: 51 (50) Ttime: 7.4556 Vtime: 0.0219
Step: 25000  Loss: 0.040289 Regul: 0.015304 Obj: 0.055593 (0.055235) Rank: 51 (50) Ttime: 7.4602 Vtime: 0.0212
Best: 25100  Loss: 0.039765 Regul: 0.015442 Obj: 0.055208 (0.055208) Rank: 52 (52) Ttime: 7.4160 Vtime: 0.0218
Stat: Dim [52] AUC: 0.987329 (0.987498) FPR95: 5.92 (5.87)
Step: 25200  Loss: 0.040702 Regul: 0.015204 Obj: 0.055907 (0.055208) Rank: 50 (52) Ttime: 7.4254 Vtime: 0.0216
Step: 25300  Loss: 0.040114 Regul: 0.015323 Obj: 0.055437 (0.055208) Rank: 49 (52) Ttime: 7.4383 Vtime: 0.0216
Best: 25400  Loss: 0.039436 Regul: 0.015411 Obj: 0.054847 (0.054847) Rank: 50 (50) Ttime: 7.4302 Vtime: 0.0215
Stat: Dim [50] AUC: 0.987682 (0.987682) FPR95: 5.71 (5.71) [saved]
Step: 25500  Loss: 0.040336 Regul: 0.015391 Obj: 0.055726 (0.054847) Rank: 50 (50) Ttime: 7.4416 Vtime: 0.0212
Step: 25600  Loss: 0.041071 Regul: 0.015605 Obj: 0.056676 (0.054847) Rank: 50 (50) Ttime: 7.3997 Vtime: 0.0215
Step: 25700  Loss: 0.040330 Regul: 0.015485 Obj: 0.055815 (0.054847) Rank: 50 (50) Ttime: 7.4205 Vtime: 0.0216
Step: 25800  Loss: 0.040198 Regul: 0.015442 Obj: 0.055640 (0.054847) Rank: 50 (50) Ttime: 7.3216 Vtime: 0.0211
Step: 25900  Loss: 0.040739 Regul: 0.015377 Obj: 0.056115 (0.054847) Rank: 50 (50) Ttime: 7.3091 Vtime: 0.0217
Step: 26000  Loss: 0.041282 Regul: 0.015428 Obj: 0.056711 (0.054847) Rank: 50 (50) Ttime: 7.3283 Vtime: 0.0210
Step: 26100  Loss: 0.039825 Regul: 0.015386 Obj: 0.055212 (0.054847) Rank: 50 (50) Ttime: 7.3442 Vtime: 0.0215
Step: 26200  Loss: 0.040992 Regul: 0.015315 Obj: 0.056307 (0.054847) Rank: 49 (50) Ttime: 7.3094 Vtime: 0.0219
Step: 26300  Loss: 0.040759 Regul: 0.015224 Obj: 0.055983 (0.054847) Rank: 49 (50) Ttime: 7.4224 Vtime: 0.0212
Step: 26400  Loss: 0.040276 Regul: 0.015038 Obj: 0.055314 (0.054847) Rank: 49 (50) Ttime: 7.3756 Vtime: 0.0211
Step: 26500  Loss: 0.040234 Regul: 0.015287 Obj: 0.055521 (0.054847) Rank: 51 (50) Ttime: 7.4192 Vtime: 0.0221
Step: 26600  Loss: 0.040699 Regul: 0.015314 Obj: 0.056013 (0.054847) Rank: 50 (50) Ttime: 7.4069 Vtime: 0.0224
Step: 26700  Loss: 0.040128 Regul: 0.015434 Obj: 0.055562 (0.054847) Rank: 51 (50) Ttime: 7.3134 Vtime: 0.0215
Step: 26800  Loss: 0.041240 Regul: 0.015544 Obj: 0.056784 (0.054847) Rank: 50 (50) Ttime: 7.3534 Vtime: 0.0219
Step: 26900  Loss: 0.040315 Regul: 0.015575 Obj: 0.055890 (0.054847) Rank: 51 (50) Ttime: 7.3412 Vtime: 0.0219
Step: 27000  Loss: 0.040351 Regul: 0.015435 Obj: 0.055786 (0.054847) Rank: 51 (50) Ttime: 7.2902 Vtime: 0.0212
Step: 27100  Loss: 0.040744 Regul: 0.015552 Obj: 0.056297 (0.054847) Rank: 52 (50) Ttime: 7.3353 Vtime: 0.0218
Step: 27200  Loss: 0.040367 Regul: 0.015462 Obj: 0.055829 (0.054847) Rank: 52 (50) Ttime: 7.2455 Vtime: 0.0218
Step: 27300  Loss: 0.040842 Regul: 0.015346 Obj: 0.056189 (0.054847) Rank: 51 (50) Ttime: 7.3691 Vtime: 0.0225
Step: 27400  Loss: 0.041738 Regul: 0.015303 Obj: 0.057041 (0.054847) Rank: 50 (50) Ttime: 7.3694 Vtime: 0.0218
Step: 27500  Loss: 0.041841 Regul: 0.015363 Obj: 0.057205 (0.054847) Rank: 50 (50) Ttime: 7.4086 Vtime: 0.0222
Step: 27600  Loss: 0.041672 Regul: 0.015419 Obj: 0.057091 (0.054847) Rank: 51 (50) Ttime: 7.3864 Vtime: 0.0217
Step: 27700  Loss: 0.040281 Regul: 0.015411 Obj: 0.055692 (0.054847) Rank: 52 (50) Ttime: 7.3408 Vtime: 0.0218
Step: 27800  Loss: 0.040404 Regul: 0.015280 Obj: 0.055684 (0.054847) Rank: 50 (50) Ttime: 7.3869 Vtime: 0.0216
Step: 27900  Loss: 0.040409 Regul: 0.015279 Obj: 0.055688 (0.054847) Rank: 51 (50) Ttime: 7.3856 Vtime: 0.0221
Step: 28000  Loss: 0.040249 Regul: 0.015190 Obj: 0.055440 (0.054847) Rank: 52 (50) Ttime: 7.3903 Vtime: 0.0215
Step: 28100  Loss: 0.040681 Regul: 0.015091 Obj: 0.055772 (0.054847) Rank: 50 (50) Ttime: 7.4411 Vtime: 0.0219
Step: 28200  Loss: 0.040452 Regul: 0.015094 Obj: 0.055547 (0.054847) Rank: 51 (50) Ttime: 7.4395 Vtime: 0.0215
Step: 28300  Loss: 0.040856 Regul: 0.014963 Obj: 0.055819 (0.054847) Rank: 50 (50) Ttime: 7.3979 Vtime: 0.0213
Step: 28400  Loss: 0.040304 Regul: 0.015093 Obj: 0.055397 (0.054847) Rank: 51 (50) Ttime: 7.4153 Vtime: 0.0217
Step: 28500  Loss: 0.040439 Regul: 0.015227 Obj: 0.055665 (0.054847) Rank: 51 (50) Ttime: 7.3550 Vtime: 0.0215
Step: 28600  Loss: 0.040096 Regul: 0.015183 Obj: 0.055279 (0.054847) Rank: 51 (50) Ttime: 7.2992 Vtime: 0.0213
Best: 28700  Loss: 0.039465 Regul: 0.015265 Obj: 0.054730 (0.054730) Rank: 52 (52) Ttime: 7.3391 Vtime: 0.0223
Stat: Dim [52] AUC: 0.987694 (0.987694) FPR95: 5.61 (5.61) [saved]
Step: 28800  Loss: 0.040472 Regul: 0.015130 Obj: 0.055602 (0.054730) Rank: 51 (52) Ttime: 7.4145 Vtime: 0.0224
Step: 28900  Loss: 0.039747 Regul: 0.015166 Obj: 0.054912 (0.054730) Rank: 52 (52) Ttime: 7.6068 Vtime: 0.0221
Step: 29000  Loss: 0.040489 Regul: 0.015142 Obj: 0.055631 (0.054730) Rank: 50 (52) Ttime: 7.4314 Vtime: 0.0221
Best: 29100  Loss: 0.039258 Regul: 0.015243 Obj: 0.054502 (0.054502) Rank: 50 (50) Ttime: 7.4477 Vtime: 0.0211
Stat: Dim [50] AUC: 0.987589 (0.987694) FPR95: 5.83 (5.61)
Step: 29200  Loss: 0.040364 Regul: 0.015117 Obj: 0.055481 (0.054502) Rank: 51 (50) Ttime: 7.4214 Vtime: 0.0215
Step: 29300  Loss: 0.040308 Regul: 0.015191 Obj: 0.055499 (0.054502) Rank: 51 (50) Ttime: 7.3745 Vtime: 0.0214
Step: 29400  Loss: 0.040426 Regul: 0.015021 Obj: 0.055448 (0.054502) Rank: 50 (50) Ttime: 7.3733 Vtime: 0.0212
Step: 29500  Loss: 0.039650 Regul: 0.015204 Obj: 0.054854 (0.054502) Rank: 51 (50) Ttime: 7.4280 Vtime: 0.0216
Step: 29600  Loss: 0.039872 Regul: 0.015111 Obj: 0.054983 (0.054502) Rank: 51 (50) Ttime: 7.3022 Vtime: 0.0212
Step: 29700  Loss: 0.040271 Regul: 0.015119 Obj: 0.055391 (0.054502) Rank: 50 (50) Ttime: 7.3872 Vtime: 0.0222
Step: 29800  Loss: 0.039471 Regul: 0.015284 Obj: 0.054755 (0.054502) Rank: 51 (50) Ttime: 7.3455 Vtime: 0.0223
Step: 29900  Loss: 0.041435 Regul: 0.015387 Obj: 0.056821 (0.054502) Rank: 50 (50) Ttime: 7.3293 Vtime: 0.0219
Step: 30000  Loss: 0.040443 Regul: 0.015229 Obj: 0.055672 (0.054502) Rank: 52 (50) Ttime: 7.2734 Vtime: 0.0220
Step: 30100  Loss: 0.039765 Regul: 0.015314 Obj: 0.055078 (0.054502) Rank: 52 (50) Ttime: 7.3212 Vtime: 0.0215
Step: 30200  Loss: 0.040112 Regul: 0.015161 Obj: 0.055272 (0.054502) Rank: 51 (50) Ttime: 7.4365 Vtime: 0.0220
Step: 30300  Loss: 0.039540 Regul: 0.015217 Obj: 0.054757 (0.054502) Rank: 51 (50) Ttime: 7.4608 Vtime: 0.0210
Step: 30400  Loss: 0.040990 Regul: 0.015182 Obj: 0.056172 (0.054502) Rank: 50 (50) Ttime: 7.3629 Vtime: 0.0221
Step: 30500  Loss: 0.040345 Regul: 0.015098 Obj: 0.055443 (0.054502) Rank: 50 (50) Ttime: 7.4757 Vtime: 0.0208
Step: 30600  Loss: 0.039968 Regul: 0.015137 Obj: 0.055105 (0.054502) Rank: 50 (50) Ttime: 7.4036 Vtime: 0.0214
Step: 30700  Loss: 0.040063 Regul: 0.015121 Obj: 0.055184 (0.054502) Rank: 49 (50) Ttime: 7.4078 Vtime: 0.0220
Step: 30800  Loss: 0.040394 Regul: 0.015140 Obj: 0.055534 (0.054502) Rank: 51 (50) Ttime: 7.3883 Vtime: 0.0220
Step: 30900  Loss: 0.039883 Regul: 0.015317 Obj: 0.055200 (0.054502) Rank: 52 (50) Ttime: 7.4086 Vtime: 0.0217
Step: 31000  Loss: 0.039682 Regul: 0.015284 Obj: 0.054966 (0.054502) Rank: 51 (50) Ttime: 9.4556 Vtime: 0.0217
Step: 31100  Loss: 0.039876 Regul: 0.015205 Obj: 0.055081 (0.054502) Rank: 51 (50) Ttime: 7.4637 Vtime: 0.0210
Step: 31200  Loss: 0.039904 Regul: 0.015098 Obj: 0.055002 (0.054502) Rank: 51 (50) Ttime: 7.5030 Vtime: 0.0211
Step: 31300  Loss: 0.039952 Regul: 0.015080 Obj: 0.055031 (0.054502) Rank: 50 (50) Ttime: 7.5060 Vtime: 0.0220
Best: 31400  Loss: 0.039342 Regul: 0.015119 Obj: 0.054461 (0.054461) Rank: 51 (51) Ttime: 7.3537 Vtime: 0.0220
Stat: Dim [51] AUC: 0.987652 (0.987694) FPR95: 5.75 (5.61)
Step: 31500  Loss: 0.039849 Regul: 0.015155 Obj: 0.055004 (0.054461) Rank: 51 (51) Ttime: 7.4464 Vtime: 0.0221
Step: 31600  Loss: 0.039928 Regul: 0.015134 Obj: 0.055061 (0.054461) Rank: 51 (51) Ttime: 7.5077 Vtime: 0.0222
Step: 31700  Loss: 0.039763 Regul: 0.015110 Obj: 0.054873 (0.054461) Rank: 51 (51) Ttime: 7.5015 Vtime: 0.0212
Step: 31800  Loss: 0.039750 Regul: 0.015089 Obj: 0.054839 (0.054461) Rank: 51 (51) Ttime: 7.5328 Vtime: 0.0216
Step: 31900  Loss: 0.039916 Regul: 0.015135 Obj: 0.055051 (0.054461) Rank: 50 (51) Ttime: 7.4862 Vtime: 0.0221
Best: 32000  Loss: 0.038716 Regul: 0.015152 Obj: 0.053869 (0.053869) Rank: 51 (51) Ttime: 7.4168 Vtime: 0.0213
Stat: Dim [51] AUC: 0.988045 (0.988045) FPR95: 5.44 (5.44) [saved]
Step: 32100  Loss: 0.039956 Regul: 0.015010 Obj: 0.054966 (0.053869) Rank: 52 (51) Ttime: 7.4457 Vtime: 0.0222
Step: 32200  Loss: 0.039789 Regul: 0.015026 Obj: 0.054815 (0.053869) Rank: 50 (51) Ttime: 7.4608 Vtime: 0.0217
Step: 32300  Loss: 0.040992 Regul: 0.015039 Obj: 0.056031 (0.053869) Rank: 50 (51) Ttime: 7.3680 Vtime: 0.0213
Step: 32400  Loss: 0.040230 Regul: 0.015290 Obj: 0.055521 (0.053869) Rank: 52 (51) Ttime: 7.5477 Vtime: 0.0212
Step: 32500  Loss: 0.040694 Regul: 0.015111 Obj: 0.055805 (0.053869) Rank: 50 (51) Ttime: 7.3660 Vtime: 0.0219
Step: 32600  Loss: 0.039435 Regul: 0.015205 Obj: 0.054640 (0.053869) Rank: 51 (51) Ttime: 7.4144 Vtime: 0.0219
Step: 32700  Loss: 0.039436 Regul: 0.015072 Obj: 0.054508 (0.053869) Rank: 52 (51) Ttime: 7.3918 Vtime: 0.0220
Step: 32800  Loss: 0.039721 Regul: 0.015029 Obj: 0.054750 (0.053869) Rank: 51 (51) Ttime: 7.4345 Vtime: 0.0221
Step: 32900  Loss: 0.038922 Regul: 0.015041 Obj: 0.053963 (0.053869) Rank: 52 (51) Ttime: 7.5021 Vtime: 0.0217
Step: 33000  Loss: 0.039291 Regul: 0.015100 Obj: 0.054391 (0.053869) Rank: 51 (51) Ttime: 7.4604 Vtime: 0.0219
Step: 33100  Loss: 0.039219 Regul: 0.015292 Obj: 0.054510 (0.053869) Rank: 52 (51) Ttime: 7.6316 Vtime: 0.0216
Step: 33200  Loss: 0.039817 Regul: 0.015159 Obj: 0.054976 (0.053869) Rank: 52 (51) Ttime: 7.5436 Vtime: 0.0215
Step: 33300  Loss: 0.039762 Regul: 0.015182 Obj: 0.054944 (0.053869) Rank: 52 (51) Ttime: 7.4727 Vtime: 0.0216
Step: 33400  Loss: 0.040066 Regul: 0.014978 Obj: 0.055044 (0.053869) Rank: 51 (51) Ttime: 7.3874 Vtime: 0.0221
Step: 33500  Loss: 0.039448 Regul: 0.015025 Obj: 0.054473 (0.053869) Rank: 51 (51) Ttime: 7.4936 Vtime: 0.0213
Step: 33600  Loss: 0.038934 Regul: 0.015049 Obj: 0.053983 (0.053869) Rank: 51 (51) Ttime: 7.4970 Vtime: 0.0213
Step: 33700  Loss: 0.039628 Regul: 0.015070 Obj: 0.054698 (0.053869) Rank: 52 (51) Ttime: 7.5666 Vtime: 0.0222
Best: 33800  Loss: 0.038699 Regul: 0.014936 Obj: 0.053635 (0.053635) Rank: 51 (51) Ttime: 7.4516 Vtime: 0.0216
Stat: Dim [51] AUC: 0.987889 (0.988045) FPR95: 5.57 (5.44)
Step: 33900  Loss: 0.039209 Regul: 0.014860 Obj: 0.054069 (0.053635) Rank: 50 (51) Ttime: 7.5420 Vtime: 0.0218
Step: 34000  Loss: 0.040225 Regul: 0.015150 Obj: 0.055376 (0.053635) Rank: 52 (51) Ttime: 7.5359 Vtime: 0.0224
Step: 34100  Loss: 0.040455 Regul: 0.015084 Obj: 0.055540 (0.053635) Rank: 52 (51) Ttime: 7.4768 Vtime: 0.0214
Step: 34200  Loss: 0.039637 Regul: 0.014927 Obj: 0.054564 (0.053635) Rank: 51 (51) Ttime: 7.4577 Vtime: 0.0220
Step: 34300  Loss: 0.039843 Regul: 0.015019 Obj: 0.054861 (0.053635) Rank: 51 (51) Ttime: 7.5038 Vtime: 0.0209
Step: 34400  Loss: 0.039601 Regul: 0.015187 Obj: 0.054788 (0.053635) Rank: 52 (51) Ttime: 7.5153 Vtime: 0.0227
Step: 34500  Loss: 0.039602 Regul: 0.015051 Obj: 0.054653 (0.053635) Rank: 51 (51) Ttime: 7.4166 Vtime: 0.0217
Step: 34600  Loss: 0.039234 Regul: 0.015072 Obj: 0.054307 (0.053635) Rank: 51 (51) Ttime: 7.3888 Vtime: 0.0216
Step: 34700  Loss: 0.038993 Regul: 0.015010 Obj: 0.054003 (0.053635) Rank: 52 (51) Ttime: 7.4304 Vtime: 0.0219
Step: 34800  Loss: 0.039670 Regul: 0.015092 Obj: 0.054761 (0.053635) Rank: 51 (51) Ttime: 7.4958 Vtime: 0.0218
Step: 34900  Loss: 0.040019 Regul: 0.014928 Obj: 0.054946 (0.053635) Rank: 52 (51) Ttime: 7.4411 Vtime: 0.0218
Step: 35000  Loss: 0.039842 Regul: 0.014999 Obj: 0.054841 (0.053635) Rank: 51 (51) Ttime: 7.4422 Vtime: 0.0218
Step: 35100  Loss: 0.040017 Regul: 0.014969 Obj: 0.054985 (0.053635) Rank: 51 (51) Ttime: 7.5325 Vtime: 0.0210
Step: 35200  Loss: 0.039215 Regul: 0.014938 Obj: 0.054153 (0.053635) Rank: 51 (51) Ttime: 7.4633 Vtime: 0.0218
Step: 35300  Loss: 0.040098 Regul: 0.014846 Obj: 0.054944 (0.053635) Rank: 52 (51) Ttime: 7.4744 Vtime: 0.0219
Step: 35400  Loss: 0.040406 Regul: 0.014898 Obj: 0.055304 (0.053635) Rank: 50 (51) Ttime: 7.4141 Vtime: 0.0223
Step: 35500  Loss: 0.038829 Regul: 0.015018 Obj: 0.053846 (0.053635) Rank: 52 (51) Ttime: 7.3533 Vtime: 0.0224
Step: 35600  Loss: 0.040177 Regul: 0.014853 Obj: 0.055030 (0.053635) Rank: 52 (51) Ttime: 7.3392 Vtime: 0.0215
Step: 35700  Loss: 0.039556 Regul: 0.014927 Obj: 0.054483 (0.053635) Rank: 51 (51) Ttime: 7.4088 Vtime: 0.0224
Step: 35800  Loss: 0.039278 Regul: 0.015045 Obj: 0.054323 (0.053635) Rank: 52 (51) Ttime: 7.3072 Vtime: 0.0215
Step: 35900  Loss: 0.039590 Regul: 0.014981 Obj: 0.054571 (0.053635) Rank: 51 (51) Ttime: 7.2760 Vtime: 0.0223
Step: 36000  Loss: 0.041142 Regul: 0.014960 Obj: 0.056101 (0.053635) Rank: 51 (51) Ttime: 7.3333 Vtime: 0.0213
Step: 36100  Loss: 0.039199 Regul: 0.015036 Obj: 0.054236 (0.053635) Rank: 52 (51) Ttime: 7.3409 Vtime: 0.0216
Step: 36200  Loss: 0.039500 Regul: 0.014934 Obj: 0.054435 (0.053635) Rank: 51 (51) Ttime: 7.3699 Vtime: 0.0220
Step: 36300  Loss: 0.040187 Regul: 0.014943 Obj: 0.055130 (0.053635) Rank: 52 (51) Ttime: 7.3316 Vtime: 0.0214
Step: 36400  Loss: 0.039992 Regul: 0.014890 Obj: 0.054882 (0.053635) Rank: 51 (51) Ttime: 7.3683 Vtime: 0.0216
Step: 36500  Loss: 0.039910 Regul: 0.014962 Obj: 0.054872 (0.053635) Rank: 52 (51) Ttime: 7.2885 Vtime: 0.0218
Step: 36600  Loss: 0.038911 Regul: 0.015051 Obj: 0.053962 (0.053635) Rank: 52 (51) Ttime: 7.4324 Vtime: 0.0220
Step: 36700  Loss: 0.038809 Regul: 0.014921 Obj: 0.053730 (0.053635) Rank: 52 (51) Ttime: 7.3839 Vtime: 0.0210
Step: 36800  Loss: 0.039533 Regul: 0.014760 Obj: 0.054293 (0.053635) Rank: 51 (51) Ttime: 7.3141 Vtime: 0.0220
Step: 36900  Loss: 0.040255 Regul: 0.014740 Obj: 0.054995 (0.053635) Rank: 51 (51) Ttime: 7.4111 Vtime: 0.0217
Step: 37000  Loss: 0.039872 Regul: 0.014732 Obj: 0.054604 (0.053635) Rank: 51 (51) Ttime: 7.4281 Vtime: 0.0215
Step: 37100  Loss: 0.039558 Regul: 0.014808 Obj: 0.054366 (0.053635) Rank: 51 (51) Ttime: 7.3708 Vtime: 0.0210
Step: 37200  Loss: 0.040235 Regul: 0.014587 Obj: 0.054822 (0.053635) Rank: 51 (51) Ttime: 7.1994 Vtime: 0.0219
Step: 37300  Loss: 0.040459 Regul: 0.014629 Obj: 0.055088 (0.053635) Rank: 51 (51) Ttime: 7.3426 Vtime: 0.0211
Step: 37400  Loss: 0.039188 Regul: 0.014731 Obj: 0.053919 (0.053635) Rank: 52 (51) Ttime: 7.4469 Vtime: 0.0226
Step: 37500  Loss: 0.040652 Regul: 0.014650 Obj: 0.055302 (0.053635) Rank: 51 (51) Ttime: 7.3620 Vtime: 0.0219
Step: 37600  Loss: 0.039620 Regul: 0.014709 Obj: 0.054328 (0.053635) Rank: 52 (51) Ttime: 7.3883 Vtime: 0.0217
Step: 37700  Loss: 0.039392 Regul: 0.014917 Obj: 0.054310 (0.053635) Rank: 52 (51) Ttime: 7.4783 Vtime: 0.0215
Step: 37800  Loss: 0.039472 Regul: 0.014695 Obj: 0.054167 (0.053635) Rank: 52 (51) Ttime: 7.3384 Vtime: 0.0215
Step: 37900  Loss: 0.040340 Regul: 0.014698 Obj: 0.055038 (0.053635) Rank: 52 (51) Ttime: 7.3225 Vtime: 0.0214
Step: 38000  Loss: 0.040207 Regul: 0.014862 Obj: 0.055069 (0.053635) Rank: 52 (51) Ttime: 7.3409 Vtime: 0.0212
Step: 38100  Loss: 0.039486 Regul: 0.014691 Obj: 0.054178 (0.053635) Rank: 52 (51) Ttime: 7.3199 Vtime: 0.0211
Step: 38200  Loss: 0.039726 Regul: 0.014825 Obj: 0.054551 (0.053635) Rank: 51 (51) Ttime: 7.4641 Vtime: 0.0226
Step: 38300  Loss: 0.040058 Regul: 0.014862 Obj: 0.054920 (0.053635) Rank: 52 (51) Ttime: 7.3301 Vtime: 0.0216
Best: 38400  Loss: 0.038568 Regul: 0.014720 Obj: 0.053288 (0.053288) Rank: 52 (52) Ttime: 7.2677 Vtime: 0.0208
Stat: Dim [52] AUC: 0.987870 (0.988045) FPR95: 5.55 (5.44)
Step: 38500  Loss: 0.039503 Regul: 0.014843 Obj: 0.054346 (0.053288) Rank: 52 (52) Ttime: 7.2470 Vtime: 0.0215
Step: 38600  Loss: 0.039396 Regul: 0.014604 Obj: 0.054000 (0.053288) Rank: 52 (52) Ttime: 7.3211 Vtime: 0.0213
Step: 38700  Loss: 0.039831 Regul: 0.014645 Obj: 0.054476 (0.053288) Rank: 53 (52) Ttime: 7.2912 Vtime: 0.0220
Step: 38800  Loss: 0.039128 Regul: 0.014592 Obj: 0.053721 (0.053288) Rank: 52 (52) Ttime: 7.3387 Vtime: 0.0218
Step: 38900  Loss: 0.039088 Regul: 0.014725 Obj: 0.053813 (0.053288) Rank: 51 (52) Ttime: 7.4785 Vtime: 0.0216
Step: 39000  Loss: 0.039733 Regul: 0.014636 Obj: 0.054369 (0.053288) Rank: 50 (52) Ttime: 7.2878 Vtime: 0.0215
Step: 39100  Loss: 0.039298 Regul: 0.014840 Obj: 0.054138 (0.053288) Rank: 52 (52) Ttime: 7.4349 Vtime: 0.0221
Step: 39200  Loss: 0.038479 Regul: 0.014924 Obj: 0.053403 (0.053288) Rank: 52 (52) Ttime: 7.4059 Vtime: 0.0213
Step: 39300  Loss: 0.038739 Regul: 0.014897 Obj: 0.053637 (0.053288) Rank: 51 (52) Ttime: 7.4070 Vtime: 0.0215
Step: 39400  Loss: 0.039193 Regul: 0.014750 Obj: 0.053943 (0.053288) Rank: 52 (52) Ttime: 7.4153 Vtime: 0.0216
Step: 39500  Loss: 0.040899 Regul: 0.014725 Obj: 0.055623 (0.053288) Rank: 52 (52) Ttime: 7.3583 Vtime: 0.0216
Step: 39600  Loss: 0.039972 Regul: 0.014750 Obj: 0.054722 (0.053288) Rank: 52 (52) Ttime: 7.4729 Vtime: 0.0218
Step: 39700  Loss: 0.040513 Regul: 0.014871 Obj: 0.055384 (0.053288) Rank: 53 (52) Ttime: 7.3785 Vtime: 0.0221
Step: 39800  Loss: 0.038893 Regul: 0.014928 Obj: 0.053821 (0.053288) Rank: 52 (52) Ttime: 7.2941 Vtime: 0.0219
Step: 39900  Loss: 0.039750 Regul: 0.014866 Obj: 0.054616 (0.053288) Rank: 52 (52) Ttime: 7.4577 Vtime: 0.0209
Step: 40000  Loss: 0.039350 Regul: 0.014766 Obj: 0.054117 (0.053288) Rank: 52 (52) Ttime: 7.2911 Vtime: 0.0212
Step: 40100  Loss: 0.040109 Regul: 0.014692 Obj: 0.054801 (0.053288) Rank: 52 (52) Ttime: 7.3224 Vtime: 0.0218
Step: 40200  Loss: 0.039588 Regul: 0.014789 Obj: 0.054377 (0.053288) Rank: 52 (52) Ttime: 7.2983 Vtime: 0.0222
Step: 40300  Loss: 0.039419 Regul: 0.014935 Obj: 0.054354 (0.053288) Rank: 52 (52) Ttime: 7.3898 Vtime: 0.0213
Best: 40400  Loss: 0.038181 Regul: 0.014804 Obj: 0.052985 (0.052985) Rank: 53 (53) Ttime: 7.2368 Vtime: 0.0221
Stat: Dim [53] AUC: 0.988196 (0.988196) FPR95: 5.16 (5.16) [saved]
Step: 40500  Loss: 0.039459 Regul: 0.014685 Obj: 0.054145 (0.052985) Rank: 51 (53) Ttime: 7.4544 Vtime: 0.0222
Step: 40600  Loss: 0.038986 Regul: 0.014807 Obj: 0.053792 (0.052985) Rank: 51 (53) Ttime: 7.3255 Vtime: 0.0212
Step: 40700  Loss: 0.038790 Regul: 0.014811 Obj: 0.053602 (0.052985) Rank: 52 (53) Ttime: 7.2760 Vtime: 0.0218
Step: 40800  Loss: 0.039738 Regul: 0.014663 Obj: 0.054401 (0.052985) Rank: 51 (53) Ttime: 7.2340 Vtime: 0.0224
Step: 40900  Loss: 0.039159 Regul: 0.014858 Obj: 0.054017 (0.052985) Rank: 51 (53) Ttime: 7.3564 Vtime: 0.0213
Step: 41000  Loss: 0.039671 Regul: 0.014798 Obj: 0.054469 (0.052985) Rank: 52 (53) Ttime: 7.2615 Vtime: 0.0218
Step: 41100  Loss: 0.040247 Regul: 0.014768 Obj: 0.055015 (0.052985) Rank: 51 (53) Ttime: 7.2822 Vtime: 0.0221
Step: 41200  Loss: 0.039091 Regul: 0.014912 Obj: 0.054004 (0.052985) Rank: 53 (53) Ttime: 7.3197 Vtime: 0.0215
Step: 41300  Loss: 0.039350 Regul: 0.014759 Obj: 0.054108 (0.052985) Rank: 52 (53) Ttime: 7.2537 Vtime: 0.0214
Step: 41400  Loss: 0.040184 Regul: 0.014661 Obj: 0.054845 (0.052985) Rank: 53 (53) Ttime: 7.2857 Vtime: 0.0221
Step: 41500  Loss: 0.040146 Regul: 0.014613 Obj: 0.054760 (0.052985) Rank: 52 (53) Ttime: 7.2390 Vtime: 0.0217
Step: 41600  Loss: 0.040242 Regul: 0.014599 Obj: 0.054842 (0.052985) Rank: 51 (53) Ttime: 7.2707 Vtime: 0.0216
Step: 41700  Loss: 0.040083 Regul: 0.014774 Obj: 0.054857 (0.052985) Rank: 52 (53) Ttime: 7.3879 Vtime: 0.0216
Step: 41800  Loss: 0.039437 Regul: 0.014849 Obj: 0.054286 (0.052985) Rank: 51 (53) Ttime: 7.4231 Vtime: 0.0221
Step: 41900  Loss: 0.038877 Regul: 0.014973 Obj: 0.053850 (0.052985) Rank: 52 (53) Ttime: 7.3735 Vtime: 0.0218
Step: 42000  Loss: 0.039024 Regul: 0.014749 Obj: 0.053774 (0.052985) Rank: 52 (53) Ttime: 7.3131 Vtime: 0.0214
Step: 42100  Loss: 0.039160 Regul: 0.014863 Obj: 0.054024 (0.052985) Rank: 52 (53) Ttime: 7.3241 Vtime: 0.0214
Step: 42200  Loss: 0.039551 Regul: 0.014714 Obj: 0.054266 (0.052985) Rank: 51 (53) Ttime: 7.4283 Vtime: 0.0215
Step: 42300  Loss: 0.040484 Regul: 0.014788 Obj: 0.055272 (0.052985) Rank: 52 (53) Ttime: 7.5207 Vtime: 0.0221
Step: 42400  Loss: 0.039337 Regul: 0.014853 Obj: 0.054190 (0.052985) Rank: 52 (53) Ttime: 7.2845 Vtime: 0.0210
Step: 42500  Loss: 0.038101 Regul: 0.014911 Obj: 0.053012 (0.052985) Rank: 52 (53) Ttime: 7.3348 Vtime: 0.0211
Step: 42600  Loss: 0.039467 Regul: 0.014940 Obj: 0.054407 (0.052985) Rank: 52 (53) Ttime: 7.3708 Vtime: 0.0212
Step: 42700  Loss: 0.039127 Regul: 0.014830 Obj: 0.053957 (0.052985) Rank: 52 (53) Ttime: 7.2874 Vtime: 0.0212
Step: 42800  Loss: 0.039229 Regul: 0.014805 Obj: 0.054034 (0.052985) Rank: 51 (53) Ttime: 7.4271 Vtime: 0.0219
Step: 42900  Loss: 0.039272 Regul: 0.014867 Obj: 0.054139 (0.052985) Rank: 52 (53) Ttime: 7.3453 Vtime: 0.0223
Step: 43000  Loss: 0.039853 Regul: 0.014891 Obj: 0.054744 (0.052985) Rank: 53 (53) Ttime: 7.4258 Vtime: 0.0215
Step: 43100  Loss: 0.038774 Regul: 0.015019 Obj: 0.053792 (0.052985) Rank: 54 (53) Ttime: 7.2696 Vtime: 0.0224
Best: 43200  Loss: 0.037999 Regul: 0.014966 Obj: 0.052965 (0.052965) Rank: 53 (53) Ttime: 7.3359 Vtime: 0.0222
Stat: Dim [53] AUC: 0.988206 (0.988196) FPR95: 5.27 (5.16)
Step: 43300  Loss: 0.038147 Regul: 0.014832 Obj: 0.052979 (0.052965) Rank: 54 (53) Ttime: 7.3713 Vtime: 0.0215
Step: 43400  Loss: 0.039850 Regul: 0.014820 Obj: 0.054669 (0.052965) Rank: 53 (53) Ttime: 7.3667 Vtime: 0.0217
Step: 43500  Loss: 0.039711 Regul: 0.014881 Obj: 0.054593 (0.052965) Rank: 53 (53) Ttime: 7.2971 Vtime: 0.0214
Step: 43600  Loss: 0.039566 Regul: 0.014637 Obj: 0.054203 (0.052965) Rank: 52 (53) Ttime: 7.2813 Vtime: 0.0221
Step: 43700  Loss: 0.039775 Regul: 0.014605 Obj: 0.054380 (0.052965) Rank: 52 (53) Ttime: 7.2852 Vtime: 0.0216
Step: 43800  Loss: 0.038810 Regul: 0.014728 Obj: 0.053538 (0.052965) Rank: 53 (53) Ttime: 7.3384 Vtime: 0.0224
Step: 43900  Loss: 0.039675 Regul: 0.014800 Obj: 0.054474 (0.052965) Rank: 53 (53) Ttime: 7.8098 Vtime: 0.0213
Step: 44000  Loss: 0.038412 Regul: 0.014748 Obj: 0.053160 (0.052965) Rank: 52 (53) Ttime: 7.3265 Vtime: 0.0217
Step: 44100  Loss: 0.039261 Regul: 0.014627 Obj: 0.053888 (0.052965) Rank: 52 (53) Ttime: 7.3550 Vtime: 0.0215
Step: 44200  Loss: 0.039258 Regul: 0.014640 Obj: 0.053898 (0.052965) Rank: 52 (53) Ttime: 7.2928 Vtime: 0.0214
Step: 44300  Loss: 0.039404 Regul: 0.014845 Obj: 0.054249 (0.052965) Rank: 53 (53) Ttime: 7.3239 Vtime: 0.0216
Step: 44400  Loss: 0.039881 Regul: 0.014710 Obj: 0.054592 (0.052965) Rank: 52 (53) Ttime: 7.3954 Vtime: 0.0220
Step: 44500  Loss: 0.038723 Regul: 0.014706 Obj: 0.053429 (0.052965) Rank: 52 (53) Ttime: 7.3758 Vtime: 0.0214
Step: 44600  Loss: 0.039530 Regul: 0.014599 Obj: 0.054129 (0.052965) Rank: 52 (53) Ttime: 7.3585 Vtime: 0.0211
Step: 44700  Loss: 0.038999 Regul: 0.014541 Obj: 0.053540 (0.052965) Rank: 52 (53) Ttime: 7.3816 Vtime: 0.0213
Step: 44800  Loss: 0.039426 Regul: 0.014656 Obj: 0.054082 (0.052965) Rank: 52 (53) Ttime: 7.3957 Vtime: 0.0219
Step: 44900  Loss: 0.039181 Regul: 0.014606 Obj: 0.053786 (0.052965) Rank: 51 (53) Ttime: 7.4441 Vtime: 0.0222
Step: 45000  Loss: 0.039700 Regul: 0.014680 Obj: 0.054381 (0.052965) Rank: 52 (53) Ttime: 7.4517 Vtime: 0.0217
Step: 45100  Loss: 0.040269 Regul: 0.014695 Obj: 0.054965 (0.052965) Rank: 52 (53) Ttime: 7.4427 Vtime: 0.0207
Step: 45200  Loss: 0.039335 Regul: 0.014721 Obj: 0.054056 (0.052965) Rank: 52 (53) Ttime: 7.2532 Vtime: 0.0215
Step: 45300  Loss: 0.039432 Regul: 0.014644 Obj: 0.054075 (0.052965) Rank: 51 (53) Ttime: 7.3157 Vtime: 0.0221
Step: 45400  Loss: 0.038738 Regul: 0.014645 Obj: 0.053382 (0.052965) Rank: 53 (53) Ttime: 7.2451 Vtime: 0.0218
Step: 45500  Loss: 0.038786 Regul: 0.014647 Obj: 0.053434 (0.052965) Rank: 52 (53) Ttime: 7.3135 Vtime: 0.0220
Step: 45600  Loss: 0.039172 Regul: 0.014661 Obj: 0.053833 (0.052965) Rank: 51 (53) Ttime: 7.4405 Vtime: 0.0217
Best: 45700  Loss: 0.038165 Regul: 0.014630 Obj: 0.052795 (0.052795) Rank: 52 (52) Ttime: 7.4560 Vtime: 0.0220
Stat: Dim [52] AUC: 0.987968 (0.988196) FPR95: 5.48 (5.16)
Step: 45800  Loss: 0.039300 Regul: 0.014646 Obj: 0.053947 (0.052795) Rank: 52 (52) Ttime: 7.3789 Vtime: 0.0212
Step: 45900  Loss: 0.039511 Regul: 0.014616 Obj: 0.054127 (0.052795) Rank: 53 (52) Ttime: 7.3557 Vtime: 0.0219
Step: 46000  Loss: 0.038839 Regul: 0.014512 Obj: 0.053351 (0.052795) Rank: 52 (52) Ttime: 7.3712 Vtime: 0.0217
Step: 46100  Loss: 0.039799 Regul: 0.014555 Obj: 0.054353 (0.052795) Rank: 51 (52) Ttime: 7.3851 Vtime: 0.0225
Step: 46200  Loss: 0.039021 Regul: 0.014703 Obj: 0.053724 (0.052795) Rank: 52 (52) Ttime: 7.4228 Vtime: 0.0218
Best: 46300  Loss: 0.038069 Regul: 0.014639 Obj: 0.052708 (0.052708) Rank: 52 (52) Ttime: 7.4858 Vtime: 0.0213
Stat: Dim [52] AUC: 0.988165 (0.988196) FPR95: 5.39 (5.16)
Step: 46400  Loss: 0.038642 Regul: 0.014551 Obj: 0.053193 (0.052708) Rank: 52 (52) Ttime: 7.3802 Vtime: 0.0211
Step: 46500  Loss: 0.038419 Regul: 0.014592 Obj: 0.053011 (0.052708) Rank: 51 (52) Ttime: 7.2545 Vtime: 0.0218
Step: 46600  Loss: 0.039204 Regul: 0.014821 Obj: 0.054025 (0.052708) Rank: 52 (52) Ttime: 7.3580 Vtime: 0.0216
Step: 46700  Loss: 0.038763 Regul: 0.014672 Obj: 0.053435 (0.052708) Rank: 52 (52) Ttime: 7.3128 Vtime: 0.0213
Step: 46800  Loss: 0.038179 Regul: 0.014634 Obj: 0.052813 (0.052708) Rank: 52 (52) Ttime: 7.3235 Vtime: 0.0217
Step: 46900  Loss: 0.038824 Regul: 0.014651 Obj: 0.053475 (0.052708) Rank: 52 (52) Ttime: 7.3622 Vtime: 0.0210
Step: 47000  Loss: 0.038200 Regul: 0.014587 Obj: 0.052788 (0.052708) Rank: 53 (52) Ttime: 7.2596 Vtime: 0.0219
Step: 47100  Loss: 0.039594 Regul: 0.014472 Obj: 0.054066 (0.052708) Rank: 51 (52) Ttime: 7.2907 Vtime: 0.0217
Step: 47200  Loss: 0.038718 Regul: 0.014559 Obj: 0.053277 (0.052708) Rank: 52 (52) Ttime: 7.3034 Vtime: 0.0220
Step: 47300  Loss: 0.038388 Regul: 0.014451 Obj: 0.052839 (0.052708) Rank: 52 (52) Ttime: 7.2920 Vtime: 0.0213
Step: 47400  Loss: 0.038569 Regul: 0.014500 Obj: 0.053070 (0.052708) Rank: 52 (52) Ttime: 7.3683 Vtime: 0.0214
Step: 47500  Loss: 0.038680 Regul: 0.014508 Obj: 0.053188 (0.052708) Rank: 52 (52) Ttime: 7.3020 Vtime: 0.0219
Step: 47600  Loss: 0.039503 Regul: 0.014446 Obj: 0.053948 (0.052708) Rank: 52 (52) Ttime: 7.3951 Vtime: 0.0217
Step: 47700  Loss: 0.039475 Regul: 0.014533 Obj: 0.054008 (0.052708) Rank: 53 (52) Ttime: 7.3987 Vtime: 0.0220
Step: 47800  Loss: 0.039739 Regul: 0.014504 Obj: 0.054242 (0.052708) Rank: 53 (52) Ttime: 7.4037 Vtime: 0.0214
Step: 47900  Loss: 0.038868 Regul: 0.014381 Obj: 0.053249 (0.052708) Rank: 52 (52) Ttime: 7.4062 Vtime: 0.0225
Step: 48000  Loss: 0.039737 Regul: 0.014469 Obj: 0.054206 (0.052708) Rank: 53 (52) Ttime: 7.4560 Vtime: 0.0215
Step: 48100  Loss: 0.038927 Regul: 0.014512 Obj: 0.053438 (0.052708) Rank: 52 (52) Ttime: 7.4736 Vtime: 0.0220
Best: 48200  Loss: 0.037974 Regul: 0.014515 Obj: 0.052489 (0.052489) Rank: 52 (52) Ttime: 7.3750 Vtime: 0.0212
Stat: Dim [52] AUC: 0.988230 (0.988196) FPR95: 5.37 (5.16)
Step: 48300  Loss: 0.038622 Regul: 0.014544 Obj: 0.053166 (0.052489) Rank: 52 (52) Ttime: 7.4175 Vtime: 0.0212
Step: 48400  Loss: 0.039316 Regul: 0.014430 Obj: 0.053747 (0.052489) Rank: 52 (52) Ttime: 7.3862 Vtime: 0.0208
Step: 48500  Loss: 0.038625 Regul: 0.014651 Obj: 0.053276 (0.052489) Rank: 52 (52) Ttime: 7.4861 Vtime: 0.0210
Step: 48600  Loss: 0.038873 Regul: 0.014534 Obj: 0.053407 (0.052489) Rank: 52 (52) Ttime: 7.3936 Vtime: 0.0213
Step: 48700  Loss: 0.038372 Regul: 0.014368 Obj: 0.052740 (0.052489) Rank: 53 (52) Ttime: 7.4087 Vtime: 0.0219
Step: 48800  Loss: 0.039081 Regul: 0.014446 Obj: 0.053527 (0.052489) Rank: 53 (52) Ttime: 7.3777 Vtime: 0.0215
Step: 48900  Loss: 0.039389 Regul: 0.014448 Obj: 0.053837 (0.052489) Rank: 52 (52) Ttime: 7.3159 Vtime: 0.0219
Step: 49000  Loss: 0.039124 Regul: 0.014574 Obj: 0.053698 (0.052489) Rank: 52 (52) Ttime: 7.3565 Vtime: 0.0211
Step: 49100  Loss: 0.038529 Regul: 0.014445 Obj: 0.052974 (0.052489) Rank: 53 (52) Ttime: 7.2833 Vtime: 0.0216
Step: 49200  Loss: 0.039034 Regul: 0.014383 Obj: 0.053417 (0.052489) Rank: 51 (52) Ttime: 7.3832 Vtime: 0.0218
Step: 49300  Loss: 0.038677 Regul: 0.014355 Obj: 0.053032 (0.052489) Rank: 53 (52) Ttime: 7.4004 Vtime: 0.0219
Step: 49400  Loss: 0.038868 Regul: 0.014487 Obj: 0.053355 (0.052489) Rank: 52 (52) Ttime: 7.3650 Vtime: 0.0225
Step: 49500  Loss: 0.039458 Regul: 0.014491 Obj: 0.053949 (0.052489) Rank: 52 (52) Ttime: 7.2709 Vtime: 0.0216
Step: 49600  Loss: 0.038464 Regul: 0.014435 Obj: 0.052899 (0.052489) Rank: 53 (52) Ttime: 7.3098 Vtime: 0.0221
Step: 49700  Loss: 0.038964 Regul: 0.014548 Obj: 0.053512 (0.052489) Rank: 52 (52) Ttime: 7.3791 Vtime: 0.0221
Step: 49800  Loss: 0.038476 Regul: 0.014527 Obj: 0.053003 (0.052489) Rank: 52 (52) Ttime: 7.3841 Vtime: 0.0220
Step: 49900  Loss: 0.039288 Regul: 0.014439 Obj: 0.053727 (0.052489) Rank: 53 (52) Ttime: 7.2732 Vtime: 0.0223
Step: 50000  Loss: 0.038626 Regul: 0.014623 Obj: 0.053249 (0.052489) Rank: 53 (52) Ttime: 7.4148 Vtime: 0.0213
