mu: 0.001 gamma: 0.75 maxdim: 80 nIters: 50000
Load Labels: 500000
Load Distances: 500000 x 480
0...10...20...30...40...50...60...70...80...90...100 - done.
Positive samples #250000
Negative samples #250000
Positive train #200000
Negative train #200000
Positive valid #50000
Negative valid #50000

Found GPU: GeForce GTX 970
Compute Capability: 5.2

Best: 100  Loss: 0.066056 Regul: 0.010402 Obj: 0.076458 (0.076458) Rank: 128 (128) Ttime: 6.0437 Vtime: 0.0972
Stat: Dim [128] AUC: 0.980864 (0.980864) FPR95: 10.54 (10.54) [saved]
Best: 200  Loss: 0.046750 Regul: 0.007368 Obj: 0.054118 (0.054118) Rank: 108 (108) Ttime: 5.9742 Vtime: 0.0353
Stat: Dim [108] AUC: 0.983643 (0.983643) FPR95: 8.13 (8.13) [saved]
Best: 300  Loss: 0.043304 Regul: 0.006545 Obj: 0.049850 (0.049850) Rank: 99 (99) Ttime: 6.0522 Vtime: 0.0352
Stat: Dim [99] AUC: 0.984863 (0.984863) FPR95: 7.28 (7.28) [saved]
Best: 400  Loss: 0.041807 Regul: 0.006268 Obj: 0.048075 (0.048075) Rank: 95 (95) Ttime: 6.1342 Vtime: 0.0308
Stat: Dim [95] AUC: 0.985638 (0.985638) FPR95: 6.61 (6.61) [saved]
Best: 500  Loss: 0.041023 Regul: 0.006214 Obj: 0.047237 (0.047237) Rank: 92 (92) Ttime: 6.0905 Vtime: 0.0317
Stat: Dim [92] AUC: 0.986058 (0.986058) FPR95: 6.36 (6.36) [saved]
Best: 600  Loss: 0.040027 Regul: 0.006192 Obj: 0.046220 (0.046220) Rank: 89 (89) Ttime: 6.1066 Vtime: 0.0322
Stat: Dim [89] AUC: 0.986568 (0.986568) FPR95: 6.05 (6.05) [saved]
Best: 700  Loss: 0.039675 Regul: 0.006204 Obj: 0.045879 (0.045879) Rank: 87 (87) Ttime: 6.0454 Vtime: 0.0308
Stat: Dim [87] AUC: 0.986836 (0.986836) FPR95: 5.76 (5.76) [saved]
Best: 800  Loss: 0.039313 Regul: 0.006237 Obj: 0.045550 (0.045550) Rank: 86 (86) Ttime: 6.0177 Vtime: 0.0316
Stat: Dim [86] AUC: 0.987055 (0.986836) FPR95: 5.77 (5.76)
Best: 900  Loss: 0.038715 Regul: 0.006291 Obj: 0.045006 (0.045006) Rank: 86 (86) Ttime: 6.0215 Vtime: 0.0305
Stat: Dim [86] AUC: 0.987248 (0.987248) FPR95: 5.63 (5.63) [saved]
Step: 1000  Loss: 0.038686 Regul: 0.006323 Obj: 0.045010 (0.045006) Rank: 86 (86) Ttime: 5.9970 Vtime: 0.0307
Best: 1100  Loss: 0.038211 Regul: 0.006346 Obj: 0.044558 (0.044558) Rank: 85 (85) Ttime: 5.9663 Vtime: 0.0310
Stat: Dim [85] AUC: 0.987599 (0.987599) FPR95: 5.42 (5.42) [saved]
Best: 1200  Loss: 0.037951 Regul: 0.006378 Obj: 0.044329 (0.044329) Rank: 85 (85) Ttime: 5.9410 Vtime: 0.0311
Stat: Dim [85] AUC: 0.987695 (0.987695) FPR95: 5.40 (5.40) [saved]
Best: 1300  Loss: 0.037391 Regul: 0.006380 Obj: 0.043771 (0.043771) Rank: 84 (84) Ttime: 5.9685 Vtime: 0.0317
Stat: Dim [84] AUC: 0.987896 (0.987896) FPR95: 5.25 (5.25) [saved]
Best: 1400  Loss: 0.036865 Regul: 0.006398 Obj: 0.043263 (0.043263) Rank: 84 (84) Ttime: 5.9225 Vtime: 0.0311
Stat: Dim [84] AUC: 0.988073 (0.988073) FPR95: 5.09 (5.09) [saved]
Step: 1500  Loss: 0.036951 Regul: 0.006425 Obj: 0.043376 (0.043263) Rank: 83 (84) Ttime: 6.0013 Vtime: 0.0313
Best: 1600  Loss: 0.036635 Regul: 0.006471 Obj: 0.043106 (0.043106) Rank: 83 (83) Ttime: 5.9512 Vtime: 0.0311
Stat: Dim [83] AUC: 0.988219 (0.988219) FPR95: 5.00 (5.00) [saved]
Step: 1700  Loss: 0.036905 Regul: 0.006492 Obj: 0.043397 (0.043106) Rank: 83 (83) Ttime: 5.8806 Vtime: 0.0309
Step: 1800  Loss: 0.036693 Regul: 0.006509 Obj: 0.043202 (0.043106) Rank: 82 (83) Ttime: 5.9433 Vtime: 0.0313
Best: 1900  Loss: 0.036342 Regul: 0.006527 Obj: 0.042869 (0.042869) Rank: 82 (82) Ttime: 5.9140 Vtime: 0.0311
Stat: Dim [82] AUC: 0.988540 (0.988540) FPR95: 4.82 (4.82) [saved]
Best: 2000  Loss: 0.036293 Regul: 0.006562 Obj: 0.042855 (0.042855) Rank: 82 (82) Ttime: 5.9037 Vtime: 0.0301
Stat: Dim [82] AUC: 0.988531 (0.988540) FPR95: 4.81 (4.82)
Best: 2100  Loss: 0.036177 Regul: 0.006559 Obj: 0.042736 (0.042736) Rank: 81 (81) Ttime: 5.9345 Vtime: 0.0322
Stat: Dim [81] AUC: 0.988617 (0.988617) FPR95: 4.75 (4.75) [saved]
Best: 2200  Loss: 0.036077 Regul: 0.006591 Obj: 0.042668 (0.042668) Rank: 81 (81) Ttime: 5.9126 Vtime: 0.0307
Stat: Dim [81] AUC: 0.988613 (0.988617) FPR95: 4.74 (4.75)
Best: 2300  Loss: 0.035798 Regul: 0.006615 Obj: 0.042413 (0.042413) Rank: 81 (81) Ttime: 5.9312 Vtime: 0.0305
Stat: Dim [81] AUC: 0.988711 (0.988711) FPR95: 4.71 (4.71) [saved]
Best: 2400  Loss: 0.035472 Regul: 0.006640 Obj: 0.042112 (0.042112) Rank: 81 (81) Ttime: 5.9535 Vtime: 0.0306
Stat: Dim [81] AUC: 0.988850 (0.988850) FPR95: 4.60 (4.60) [saved]
Step: 2500  Loss: 0.035629 Regul: 0.006678 Obj: 0.042307 (0.042112) Rank: 80 (81) Ttime: 5.8884 Vtime: 0.0269
Step: 2600  Loss: 0.035732 Regul: 0.006701 Obj: 0.042433 (0.042112) Rank: 80 (81) Ttime: 5.9064 Vtime: 0.0268
Step: 2700  Loss: 0.035628 Regul: 0.006736 Obj: 0.042364 (0.042112) Rank: 80 (81) Ttime: 5.8696 Vtime: 0.0264
Step: 2800  Loss: 0.035528 Regul: 0.006747 Obj: 0.042276 (0.042112) Rank: 80 (81) Ttime: 5.8764 Vtime: 0.0263
Step: 2900  Loss: 0.035428 Regul: 0.006763 Obj: 0.042191 (0.042112) Rank: 79 (81) Ttime: 5.8558 Vtime: 0.0275
Step: 3000  Loss: 0.035395 Regul: 0.006769 Obj: 0.042164 (0.042112) Rank: 80 (81) Ttime: 5.8037 Vtime: 0.0272
Best: 3100  Loss: 0.035145 Regul: 0.006804 Obj: 0.041949 (0.041949) Rank: 80 (80) Ttime: 5.8996 Vtime: 0.0270
Stat: Dim [80] AUC: 0.989064 (0.989064) FPR95: 4.48 (4.48) [saved]
Best: 3200  Loss: 0.035107 Regul: 0.006810 Obj: 0.041917 (0.041917) Rank: 79 (79) Ttime: 5.9220 Vtime: 0.0274
Stat: Dim [79] AUC: 0.989130 (0.989064) FPR95: 4.49 (4.48)
Best: 3300  Loss: 0.035083 Regul: 0.006823 Obj: 0.041907 (0.041907) Rank: 80 (80) Ttime: 5.8373 Vtime: 0.0272
Stat: Dim [80] AUC: 0.989134 (0.989134) FPR95: 4.47 (4.47) [saved]
Step: 3400  Loss: 0.035222 Regul: 0.006845 Obj: 0.042067 (0.041907) Rank: 80 (80) Ttime: 5.8835 Vtime: 0.0267
Step: 3500  Loss: 0.035378 Regul: 0.006861 Obj: 0.042239 (0.041907) Rank: 79 (80) Ttime: 5.8535 Vtime: 0.0269
Step: 3600  Loss: 0.035407 Regul: 0.006871 Obj: 0.042278 (0.041907) Rank: 79 (80) Ttime: 5.8320 Vtime: 0.0264
Step: 3700  Loss: 0.035284 Regul: 0.006885 Obj: 0.042169 (0.041907) Rank: 79 (80) Ttime: 5.8477 Vtime: 0.0267
Step: 3800  Loss: 0.035281 Regul: 0.006892 Obj: 0.042172 (0.041907) Rank: 78 (80) Ttime: 5.8410 Vtime: 0.0277
Step: 3900  Loss: 0.035215 Regul: 0.006906 Obj: 0.042121 (0.041907) Rank: 78 (80) Ttime: 5.7652 Vtime: 0.0266
Best: 4000  Loss: 0.034957 Regul: 0.006925 Obj: 0.041882 (0.041882) Rank: 78 (78) Ttime: 5.8728 Vtime: 0.0269
Stat: Dim [78] AUC: 0.989323 (0.989323) FPR95: 4.34 (4.34) [saved]
Step: 4100  Loss: 0.034981 Regul: 0.006934 Obj: 0.041915 (0.041882) Rank: 78 (78) Ttime: 5.8855 Vtime: 0.0269
Best: 4200  Loss: 0.034861 Regul: 0.006954 Obj: 0.041815 (0.041815) Rank: 78 (78) Ttime: 5.8078 Vtime: 0.0269
Stat: Dim [78] AUC: 0.989379 (0.989379) FPR95: 4.28 (4.28) [saved]
Best: 4300  Loss: 0.034813 Regul: 0.006972 Obj: 0.041785 (0.041785) Rank: 78 (78) Ttime: 5.7265 Vtime: 0.0268
Stat: Dim [78] AUC: 0.989383 (0.989383) FPR95: 4.26 (4.26) [saved]
Best: 4400  Loss: 0.034738 Regul: 0.006983 Obj: 0.041722 (0.041722) Rank: 78 (78) Ttime: 5.8222 Vtime: 0.0270
Stat: Dim [78] AUC: 0.989403 (0.989383) FPR95: 4.30 (4.26)
Best: 4500  Loss: 0.034640 Regul: 0.007000 Obj: 0.041639 (0.041639) Rank: 77 (77) Ttime: 5.7917 Vtime: 0.0275
Stat: Dim [77] AUC: 0.989429 (0.989383) FPR95: 4.30 (4.26)
Step: 4600  Loss: 0.034702 Regul: 0.007010 Obj: 0.041712 (0.041639) Rank: 77 (77) Ttime: 5.7927 Vtime: 0.0265
Step: 4700  Loss: 0.034843 Regul: 0.007018 Obj: 0.041861 (0.041639) Rank: 77 (77) Ttime: 5.8187 Vtime: 0.0266
Step: 4800  Loss: 0.034827 Regul: 0.007040 Obj: 0.041868 (0.041639) Rank: 77 (77) Ttime: 5.8075 Vtime: 0.0266
Step: 4900  Loss: 0.034836 Regul: 0.007050 Obj: 0.041886 (0.041639) Rank: 78 (77) Ttime: 5.8116 Vtime: 0.0277
Step: 5000  Loss: 0.034670 Regul: 0.007066 Obj: 0.041736 (0.041639) Rank: 78 (77) Ttime: 5.7532 Vtime: 0.0269
Step: 5100  Loss: 0.034741 Regul: 0.007065 Obj: 0.041806 (0.041639) Rank: 78 (77) Ttime: 5.8396 Vtime: 0.0264
Step: 5200  Loss: 0.034833 Regul: 0.007080 Obj: 0.041913 (0.041639) Rank: 78 (77) Ttime: 5.8113 Vtime: 0.0264
Step: 5300  Loss: 0.034900 Regul: 0.007088 Obj: 0.041988 (0.041639) Rank: 78 (77) Ttime: 5.7580 Vtime: 0.0265
Step: 5400  Loss: 0.034820 Regul: 0.007100 Obj: 0.041920 (0.041639) Rank: 78 (77) Ttime: 5.8008 Vtime: 0.0268
Step: 5500  Loss: 0.034699 Regul: 0.007112 Obj: 0.041811 (0.041639) Rank: 78 (77) Ttime: 5.7842 Vtime: 0.0272
Step: 5600  Loss: 0.034663 Regul: 0.007128 Obj: 0.041790 (0.041639) Rank: 79 (77) Ttime: 5.8029 Vtime: 0.0272
Step: 5700  Loss: 0.034598 Regul: 0.007130 Obj: 0.041727 (0.041639) Rank: 78 (77) Ttime: 5.8267 Vtime: 0.0276
Step: 5800  Loss: 0.034563 Regul: 0.007135 Obj: 0.041698 (0.041639) Rank: 79 (77) Ttime: 5.8216 Vtime: 0.0268
Best: 5900  Loss: 0.034464 Regul: 0.007152 Obj: 0.041616 (0.041616) Rank: 79 (79) Ttime: 5.8645 Vtime: 0.0268
Stat: Dim [79] AUC: 0.989644 (0.989644) FPR95: 4.17 (4.17) [saved]
Best: 6000  Loss: 0.034450 Regul: 0.007166 Obj: 0.041616 (0.041616) Rank: 79 (79) Ttime: 5.8977 Vtime: 0.0268
Stat: Dim [79] AUC: 0.989614 (0.989644) FPR95: 4.18 (4.17)
Step: 6100  Loss: 0.034660 Regul: 0.007175 Obj: 0.041835 (0.041616) Rank: 79 (79) Ttime: 5.8589 Vtime: 0.0267
Step: 6200  Loss: 0.034576 Regul: 0.007179 Obj: 0.041755 (0.041616) Rank: 79 (79) Ttime: 5.8058 Vtime: 0.0270
Step: 6300  Loss: 0.034518 Regul: 0.007177 Obj: 0.041695 (0.041616) Rank: 79 (79) Ttime: 5.7561 Vtime: 0.0272
Step: 6400  Loss: 0.034621 Regul: 0.007186 Obj: 0.041807 (0.041616) Rank: 79 (79) Ttime: 5.7690 Vtime: 0.0265
Step: 6500  Loss: 0.034601 Regul: 0.007204 Obj: 0.041805 (0.041616) Rank: 79 (79) Ttime: 5.7616 Vtime: 0.0278
Step: 6600  Loss: 0.034471 Regul: 0.007207 Obj: 0.041677 (0.041616) Rank: 79 (79) Ttime: 5.7636 Vtime: 0.0267
Best: 6700  Loss: 0.034342 Regul: 0.007217 Obj: 0.041559 (0.041559) Rank: 78 (78) Ttime: 5.8051 Vtime: 0.0277
Stat: Dim [78] AUC: 0.989714 (0.989714) FPR95: 4.12 (4.12) [saved]
Step: 6800  Loss: 0.034469 Regul: 0.007223 Obj: 0.041692 (0.041559) Rank: 78 (78) Ttime: 5.8357 Vtime: 0.0270
Best: 6900  Loss: 0.034315 Regul: 0.007236 Obj: 0.041551 (0.041551) Rank: 79 (79) Ttime: 5.8002 Vtime: 0.0276
Stat: Dim [79] AUC: 0.989761 (0.989761) FPR95: 4.07 (4.07) [saved]
Step: 7000  Loss: 0.034360 Regul: 0.007240 Obj: 0.041600 (0.041551) Rank: 79 (79) Ttime: 5.7059 Vtime: 0.0270
Step: 7100  Loss: 0.034430 Regul: 0.007263 Obj: 0.041693 (0.041551) Rank: 79 (79) Ttime: 5.8060 Vtime: 0.0269
Step: 7200  Loss: 0.034417 Regul: 0.007275 Obj: 0.041692 (0.041551) Rank: 79 (79) Ttime: 5.8735 Vtime: 0.0266
Step: 7300  Loss: 0.034326 Regul: 0.007284 Obj: 0.041609 (0.041551) Rank: 79 (79) Ttime: 5.7369 Vtime: 0.0266
Step: 7400  Loss: 0.034267 Regul: 0.007297 Obj: 0.041564 (0.041551) Rank: 79 (79) Ttime: 5.7550 Vtime: 0.0268
Step: 7500  Loss: 0.034436 Regul: 0.007299 Obj: 0.041735 (0.041551) Rank: 79 (79) Ttime: 5.7996 Vtime: 0.0264
Step: 7600  Loss: 0.034428 Regul: 0.007298 Obj: 0.041725 (0.041551) Rank: 78 (79) Ttime: 5.7116 Vtime: 0.0270
Step: 7700  Loss: 0.034390 Regul: 0.007298 Obj: 0.041688 (0.041551) Rank: 78 (79) Ttime: 5.7155 Vtime: 0.0268
Step: 7800  Loss: 0.034333 Regul: 0.007311 Obj: 0.041644 (0.041551) Rank: 78 (79) Ttime: 5.6926 Vtime: 0.0269
Best: 7900  Loss: 0.034219 Regul: 0.007332 Obj: 0.041551 (0.041551) Rank: 78 (78) Ttime: 5.7750 Vtime: 0.0269
Stat: Dim [78] AUC: 0.989869 (0.989869) FPR95: 4.04 (4.04) [saved]
Best: 8000  Loss: 0.034176 Regul: 0.007341 Obj: 0.041517 (0.041517) Rank: 78 (78) Ttime: 5.7546 Vtime: 0.0266
Stat: Dim [78] AUC: 0.989891 (0.989869) FPR95: 4.08 (4.04)
Step: 8100  Loss: 0.034318 Regul: 0.007348 Obj: 0.041666 (0.041517) Rank: 78 (78) Ttime: 5.7248 Vtime: 0.0266
Step: 8200  Loss: 0.034207 Regul: 0.007353 Obj: 0.041560 (0.041517) Rank: 78 (78) Ttime: 5.7108 Vtime: 0.0272
Step: 8300  Loss: 0.034286 Regul: 0.007356 Obj: 0.041642 (0.041517) Rank: 78 (78) Ttime: 5.7514 Vtime: 0.0270
Step: 8400  Loss: 0.034232 Regul: 0.007366 Obj: 0.041598 (0.041517) Rank: 78 (78) Ttime: 5.7753 Vtime: 0.0269
Step: 8500  Loss: 0.034290 Regul: 0.007379 Obj: 0.041669 (0.041517) Rank: 77 (78) Ttime: 5.6890 Vtime: 0.0278
Step: 8600  Loss: 0.034179 Regul: 0.007390 Obj: 0.041569 (0.041517) Rank: 78 (78) Ttime: 5.6813 Vtime: 0.0276
Step: 8700  Loss: 0.034241 Regul: 0.007392 Obj: 0.041633 (0.041517) Rank: 78 (78) Ttime: 5.6790 Vtime: 0.0273
Step: 8800  Loss: 0.034218 Regul: 0.007397 Obj: 0.041615 (0.041517) Rank: 78 (78) Ttime: 5.6950 Vtime: 0.0268
Step: 8900  Loss: 0.034200 Regul: 0.007406 Obj: 0.041606 (0.041517) Rank: 78 (78) Ttime: 5.6895 Vtime: 0.0271
Step: 9000  Loss: 0.034235 Regul: 0.007417 Obj: 0.041651 (0.041517) Rank: 78 (78) Ttime: 5.6429 Vtime: 0.0270
Step: 9100  Loss: 0.034106 Regul: 0.007433 Obj: 0.041538 (0.041517) Rank: 78 (78) Ttime: 5.6833 Vtime: 0.0267
Step: 9200  Loss: 0.034230 Regul: 0.007435 Obj: 0.041665 (0.041517) Rank: 78 (78) Ttime: 5.7357 Vtime: 0.0264
Step: 9300  Loss: 0.034114 Regul: 0.007442 Obj: 0.041556 (0.041517) Rank: 77 (78) Ttime: 5.7216 Vtime: 0.0268
Best: 9400  Loss: 0.034014 Regul: 0.007448 Obj: 0.041462 (0.041462) Rank: 77 (77) Ttime: 5.7436 Vtime: 0.0268
Stat: Dim [77] AUC: 0.989987 (0.989987) FPR95: 4.00 (4.00) [saved]
Step: 9500  Loss: 0.034107 Regul: 0.007457 Obj: 0.041564 (0.041462) Rank: 77 (77) Ttime: 5.8228 Vtime: 0.0271
Step: 9600  Loss: 0.034182 Regul: 0.007466 Obj: 0.041648 (0.041462) Rank: 77 (77) Ttime: 5.7536 Vtime: 0.0269
Step: 9700  Loss: 0.034098 Regul: 0.007475 Obj: 0.041573 (0.041462) Rank: 77 (77) Ttime: 5.7314 Vtime: 0.0304
Step: 9800  Loss: 0.034109 Regul: 0.007484 Obj: 0.041593 (0.041462) Rank: 77 (77) Ttime: 5.7977 Vtime: 0.0267
Step: 9900  Loss: 0.034037 Regul: 0.007492 Obj: 0.041529 (0.041462) Rank: 77 (77) Ttime: 5.7338 Vtime: 0.0262
Step: 10000  Loss: 0.034113 Regul: 0.007509 Obj: 0.041622 (0.041462) Rank: 77 (77) Ttime: 5.7359 Vtime: 0.0271
Step: 10100  Loss: 0.034105 Regul: 0.007513 Obj: 0.041618 (0.041462) Rank: 77 (77) Ttime: 5.7098 Vtime: 0.0268
Step: 10200  Loss: 0.034080 Regul: 0.007523 Obj: 0.041603 (0.041462) Rank: 77 (77) Ttime: 5.6640 Vtime: 0.0263
Step: 10300  Loss: 0.034138 Regul: 0.007520 Obj: 0.041657 (0.041462) Rank: 77 (77) Ttime: 5.6750 Vtime: 0.0266
Step: 10400  Loss: 0.034032 Regul: 0.007535 Obj: 0.041567 (0.041462) Rank: 77 (77) Ttime: 5.7451 Vtime: 0.0271
Step: 10500  Loss: 0.034051 Regul: 0.007543 Obj: 0.041594 (0.041462) Rank: 77 (77) Ttime: 5.7013 Vtime: 0.0263
Step: 10600  Loss: 0.034060 Regul: 0.007548 Obj: 0.041608 (0.041462) Rank: 77 (77) Ttime: 5.7614 Vtime: 0.0273
Step: 10700  Loss: 0.034057 Regul: 0.007556 Obj: 0.041613 (0.041462) Rank: 77 (77) Ttime: 5.7546 Vtime: 0.0266
Step: 10800  Loss: 0.034000 Regul: 0.007566 Obj: 0.041566 (0.041462) Rank: 77 (77) Ttime: 5.7420 Vtime: 0.0261
Step: 10900  Loss: 0.033923 Regul: 0.007575 Obj: 0.041498 (0.041462) Rank: 77 (77) Ttime: 5.6751 Vtime: 0.0273
Step: 11000  Loss: 0.033902 Regul: 0.007588 Obj: 0.041491 (0.041462) Rank: 77 (77) Ttime: 5.6472 Vtime: 0.0270
Best: 11100  Loss: 0.033852 Regul: 0.007588 Obj: 0.041440 (0.041440) Rank: 77 (77) Ttime: 5.6124 Vtime: 0.0273
Stat: Dim [77] AUC: 0.990085 (0.990085) FPR95: 3.96 (3.96) [saved]
Step: 11200  Loss: 0.033895 Regul: 0.007585 Obj: 0.041480 (0.041440) Rank: 77 (77) Ttime: 5.5975 Vtime: 0.0267
Step: 11300  Loss: 0.033916 Regul: 0.007590 Obj: 0.041506 (0.041440) Rank: 77 (77) Ttime: 5.7041 Vtime: 0.0271
Step: 11400  Loss: 0.033879 Regul: 0.007587 Obj: 0.041465 (0.041440) Rank: 77 (77) Ttime: 5.6285 Vtime: 0.0266
Best: 11500  Loss: 0.033821 Regul: 0.007587 Obj: 0.041408 (0.041408) Rank: 77 (77) Ttime: 5.6478 Vtime: 0.0268
Stat: Dim [77] AUC: 0.990122 (0.990122) FPR95: 3.91 (3.91) [saved]
Best: 11600  Loss: 0.033798 Regul: 0.007593 Obj: 0.041390 (0.041390) Rank: 77 (77) Ttime: 5.6697 Vtime: 0.0272
Stat: Dim [77] AUC: 0.990115 (0.990122) FPR95: 3.91 (3.91)
Best: 11700  Loss: 0.033745 Regul: 0.007597 Obj: 0.041342 (0.041342) Rank: 77 (77) Ttime: 5.6573 Vtime: 0.0266
Stat: Dim [77] AUC: 0.990147 (0.990147) FPR95: 3.90 (3.90) [saved]
Step: 11800  Loss: 0.033794 Regul: 0.007600 Obj: 0.041394 (0.041342) Rank: 77 (77) Ttime: 5.6405 Vtime: 0.0267
Step: 11900  Loss: 0.033784 Regul: 0.007611 Obj: 0.041396 (0.041342) Rank: 77 (77) Ttime: 5.6875 Vtime: 0.0265
Step: 12000  Loss: 0.033748 Regul: 0.007611 Obj: 0.041358 (0.041342) Rank: 77 (77) Ttime: 5.6557 Vtime: 0.0269
Step: 12100  Loss: 0.033819 Regul: 0.007614 Obj: 0.041433 (0.041342) Rank: 77 (77) Ttime: 5.6940 Vtime: 0.0274
Step: 12200  Loss: 0.033795 Regul: 0.007613 Obj: 0.041408 (0.041342) Rank: 77 (77) Ttime: 5.6206 Vtime: 0.0267
Step: 12300  Loss: 0.033850 Regul: 0.007607 Obj: 0.041458 (0.041342) Rank: 77 (77) Ttime: 5.5915 Vtime: 0.0268
Step: 12400  Loss: 0.033909 Regul: 0.007606 Obj: 0.041515 (0.041342) Rank: 77 (77) Ttime: 5.6406 Vtime: 0.0268
Step: 12500  Loss: 0.033848 Regul: 0.007603 Obj: 0.041450 (0.041342) Rank: 77 (77) Ttime: 5.6280 Vtime: 0.0268
Step: 12600  Loss: 0.033754 Regul: 0.007608 Obj: 0.041362 (0.041342) Rank: 77 (77) Ttime: 5.6646 Vtime: 0.0268
Step: 12700  Loss: 0.033861 Regul: 0.007611 Obj: 0.041472 (0.041342) Rank: 77 (77) Ttime: 5.6281 Vtime: 0.0273
Step: 12800  Loss: 0.033852 Regul: 0.007612 Obj: 0.041465 (0.041342) Rank: 77 (77) Ttime: 5.6639 Vtime: 0.0265
Step: 12900  Loss: 0.033789 Regul: 0.007616 Obj: 0.041405 (0.041342) Rank: 77 (77) Ttime: 5.6550 Vtime: 0.0268
Step: 13000  Loss: 0.033818 Regul: 0.007614 Obj: 0.041433 (0.041342) Rank: 77 (77) Ttime: 5.6310 Vtime: 0.0272
Step: 13100  Loss: 0.033766 Regul: 0.007621 Obj: 0.041387 (0.041342) Rank: 77 (77) Ttime: 5.5783 Vtime: 0.0266
Step: 13200  Loss: 0.033788 Regul: 0.007619 Obj: 0.041407 (0.041342) Rank: 77 (77) Ttime: 5.6479 Vtime: 0.0268
Step: 13300  Loss: 0.033784 Regul: 0.007634 Obj: 0.041418 (0.041342) Rank: 77 (77) Ttime: 5.6509 Vtime: 0.0269
Step: 13400  Loss: 0.033787 Regul: 0.007634 Obj: 0.041422 (0.041342) Rank: 77 (77) Ttime: 6.2747 Vtime: 0.0275
Step: 13500  Loss: 0.033803 Regul: 0.007641 Obj: 0.041443 (0.041342) Rank: 77 (77) Ttime: 5.7010 Vtime: 0.0274
Step: 13600  Loss: 0.033782 Regul: 0.007648 Obj: 0.041430 (0.041342) Rank: 77 (77) Ttime: 5.7369 Vtime: 0.0270
Step: 13700  Loss: 0.033722 Regul: 0.007659 Obj: 0.041381 (0.041342) Rank: 77 (77) Ttime: 5.6544 Vtime: 0.0266
Step: 13800  Loss: 0.033796 Regul: 0.007659 Obj: 0.041454 (0.041342) Rank: 77 (77) Ttime: 5.6271 Vtime: 0.0267
Step: 13900  Loss: 0.033737 Regul: 0.007663 Obj: 0.041400 (0.041342) Rank: 77 (77) Ttime: 5.6475 Vtime: 0.0263
Step: 14000  Loss: 0.033727 Regul: 0.007675 Obj: 0.041402 (0.041342) Rank: 77 (77) Ttime: 5.6842 Vtime: 0.0267
Step: 14100  Loss: 0.033746 Regul: 0.007680 Obj: 0.041427 (0.041342) Rank: 77 (77) Ttime: 5.7055 Vtime: 0.0270
Step: 14200  Loss: 0.033756 Regul: 0.007683 Obj: 0.041439 (0.041342) Rank: 77 (77) Ttime: 5.6569 Vtime: 0.0267
Step: 14300  Loss: 0.033735 Regul: 0.007683 Obj: 0.041419 (0.041342) Rank: 77 (77) Ttime: 5.6753 Vtime: 0.0270
Step: 14400  Loss: 0.033791 Regul: 0.007691 Obj: 0.041482 (0.041342) Rank: 77 (77) Ttime: 5.6619 Vtime: 0.0270
Step: 14500  Loss: 0.033770 Regul: 0.007702 Obj: 0.041472 (0.041342) Rank: 77 (77) Ttime: 5.6341 Vtime: 0.0266
Step: 14600  Loss: 0.033750 Regul: 0.007704 Obj: 0.041455 (0.041342) Rank: 77 (77) Ttime: 5.6613 Vtime: 0.0265
Step: 14700  Loss: 0.033683 Regul: 0.007708 Obj: 0.041391 (0.041342) Rank: 77 (77) Ttime: 5.5554 Vtime: 0.0267
Step: 14800  Loss: 0.033636 Regul: 0.007714 Obj: 0.041350 (0.041342) Rank: 77 (77) Ttime: 5.5893 Vtime: 0.0269
Best: 14900  Loss: 0.033560 Regul: 0.007718 Obj: 0.041278 (0.041278) Rank: 77 (77) Ttime: 5.6269 Vtime: 0.0264
Stat: Dim [77] AUC: 0.990273 (0.990273) FPR95: 3.80 (3.80) [saved]
Best: 15000  Loss: 0.033523 Regul: 0.007725 Obj: 0.041248 (0.041248) Rank: 77 (77) Ttime: 5.6408 Vtime: 0.0268
Stat: Dim [77] AUC: 0.990268 (0.990273) FPR95: 3.84 (3.80)
Step: 15100  Loss: 0.033530 Regul: 0.007726 Obj: 0.041256 (0.041248) Rank: 77 (77) Ttime: 5.6714 Vtime: 0.0269
Step: 15200  Loss: 0.033587 Regul: 0.007722 Obj: 0.041309 (0.041248) Rank: 77 (77) Ttime: 5.6502 Vtime: 0.0276
Step: 15300  Loss: 0.033717 Regul: 0.007722 Obj: 0.041439 (0.041248) Rank: 77 (77) Ttime: 5.7295 Vtime: 0.0269
Step: 15400  Loss: 0.033804 Regul: 0.007722 Obj: 0.041526 (0.041248) Rank: 77 (77) Ttime: 5.6900 Vtime: 0.0268
Step: 15500  Loss: 0.033812 Regul: 0.007726 Obj: 0.041538 (0.041248) Rank: 77 (77) Ttime: 5.6679 Vtime: 0.0269
Step: 15600  Loss: 0.033790 Regul: 0.007734 Obj: 0.041523 (0.041248) Rank: 77 (77) Ttime: 5.6462 Vtime: 0.0265
Step: 15700  Loss: 0.033831 Regul: 0.007732 Obj: 0.041563 (0.041248) Rank: 77 (77) Ttime: 5.6002 Vtime: 0.0267
Step: 15800  Loss: 0.033731 Regul: 0.007737 Obj: 0.041468 (0.041248) Rank: 77 (77) Ttime: 5.5572 Vtime: 0.0272
Step: 15900  Loss: 0.033665 Regul: 0.007746 Obj: 0.041411 (0.041248) Rank: 77 (77) Ttime: 5.6657 Vtime: 0.0271
Step: 16000  Loss: 0.033656 Regul: 0.007753 Obj: 0.041409 (0.041248) Rank: 77 (77) Ttime: 5.6190 Vtime: 0.0269
Step: 16100  Loss: 0.033699 Regul: 0.007746 Obj: 0.041444 (0.041248) Rank: 76 (77) Ttime: 5.6735 Vtime: 0.0272
Step: 16200  Loss: 0.033756 Regul: 0.007745 Obj: 0.041500 (0.041248) Rank: 76 (77) Ttime: 5.6332 Vtime: 0.0268
Step: 16300  Loss: 0.033711 Regul: 0.007747 Obj: 0.041458 (0.041248) Rank: 76 (77) Ttime: 5.6432 Vtime: 0.0271
Step: 16400  Loss: 0.033615 Regul: 0.007750 Obj: 0.041365 (0.041248) Rank: 76 (77) Ttime: 5.6717 Vtime: 0.0268
Step: 16500  Loss: 0.033633 Regul: 0.007747 Obj: 0.041380 (0.041248) Rank: 76 (77) Ttime: 5.6096 Vtime: 0.0269
Step: 16600  Loss: 0.033621 Regul: 0.007754 Obj: 0.041376 (0.041248) Rank: 76 (77) Ttime: 5.6231 Vtime: 0.0264
Step: 16700  Loss: 0.033609 Regul: 0.007762 Obj: 0.041371 (0.041248) Rank: 76 (77) Ttime: 5.6657 Vtime: 0.0269
Step: 16800  Loss: 0.033626 Regul: 0.007772 Obj: 0.041397 (0.041248) Rank: 76 (77) Ttime: 5.7496 Vtime: 0.0270
Step: 16900  Loss: 0.033614 Regul: 0.007778 Obj: 0.041392 (0.041248) Rank: 76 (77) Ttime: 5.6798 Vtime: 0.0266
Step: 17000  Loss: 0.033674 Regul: 0.007781 Obj: 0.041455 (0.041248) Rank: 76 (77) Ttime: 5.5714 Vtime: 0.0266
Step: 17100  Loss: 0.033655 Regul: 0.007788 Obj: 0.041443 (0.041248) Rank: 76 (77) Ttime: 5.6780 Vtime: 0.0272
Step: 17200  Loss: 0.033693 Regul: 0.007792 Obj: 0.041485 (0.041248) Rank: 76 (77) Ttime: 5.6367 Vtime: 0.0266
Step: 17300  Loss: 0.033633 Regul: 0.007797 Obj: 0.041430 (0.041248) Rank: 76 (77) Ttime: 5.6489 Vtime: 0.0270
Step: 17400  Loss: 0.033656 Regul: 0.007802 Obj: 0.041458 (0.041248) Rank: 76 (77) Ttime: 5.5835 Vtime: 0.0264
Step: 17500  Loss: 0.033756 Regul: 0.007804 Obj: 0.041560 (0.041248) Rank: 77 (77) Ttime: 5.6648 Vtime: 0.0275
Step: 17600  Loss: 0.033765 Regul: 0.007814 Obj: 0.041580 (0.041248) Rank: 77 (77) Ttime: 5.6954 Vtime: 0.0265
Step: 17700  Loss: 0.033670 Regul: 0.007819 Obj: 0.041490 (0.041248) Rank: 76 (77) Ttime: 5.6802 Vtime: 0.0277
Step: 17800  Loss: 0.033618 Regul: 0.007823 Obj: 0.041441 (0.041248) Rank: 76 (77) Ttime: 5.7999 Vtime: 0.0264
Step: 17900  Loss: 0.033617 Regul: 0.007821 Obj: 0.041438 (0.041248) Rank: 77 (77) Ttime: 5.7611 Vtime: 0.0272
Step: 18000  Loss: 0.033726 Regul: 0.007820 Obj: 0.041546 (0.041248) Rank: 77 (77) Ttime: 5.7435 Vtime: 0.0269
Step: 18100  Loss: 0.033683 Regul: 0.007821 Obj: 0.041504 (0.041248) Rank: 77 (77) Ttime: 5.7722 Vtime: 0.0272
Step: 18200  Loss: 0.033674 Regul: 0.007820 Obj: 0.041495 (0.041248) Rank: 77 (77) Ttime: 5.6646 Vtime: 0.0271
Step: 18300  Loss: 0.033683 Regul: 0.007825 Obj: 0.041508 (0.041248) Rank: 76 (77) Ttime: 5.6856 Vtime: 0.0275
Step: 18400  Loss: 0.033607 Regul: 0.007828 Obj: 0.041435 (0.041248) Rank: 76 (77) Ttime: 5.6177 Vtime: 0.0269
Step: 18500  Loss: 0.033559 Regul: 0.007827 Obj: 0.041386 (0.041248) Rank: 77 (77) Ttime: 5.5795 Vtime: 0.0275
Step: 18600  Loss: 0.033512 Regul: 0.007827 Obj: 0.041339 (0.041248) Rank: 77 (77) Ttime: 5.4690 Vtime: 0.0270
Step: 18700  Loss: 0.033550 Regul: 0.007829 Obj: 0.041379 (0.041248) Rank: 77 (77) Ttime: 5.5416 Vtime: 0.0269
Step: 18800  Loss: 0.033534 Regul: 0.007828 Obj: 0.041362 (0.041248) Rank: 77 (77) Ttime: 5.5575 Vtime: 0.0270
Step: 18900  Loss: 0.033515 Regul: 0.007828 Obj: 0.041343 (0.041248) Rank: 77 (77) Ttime: 5.5747 Vtime: 0.0268
Step: 19000  Loss: 0.033474 Regul: 0.007839 Obj: 0.041312 (0.041248) Rank: 77 (77) Ttime: 5.5910 Vtime: 0.0268
Step: 19100  Loss: 0.033556 Regul: 0.007842 Obj: 0.041398 (0.041248) Rank: 77 (77) Ttime: 5.5829 Vtime: 0.0269
Step: 19200  Loss: 0.033463 Regul: 0.007851 Obj: 0.041314 (0.041248) Rank: 77 (77) Ttime: 5.5734 Vtime: 0.0272
Step: 19300  Loss: 0.033414 Regul: 0.007853 Obj: 0.041266 (0.041248) Rank: 77 (77) Ttime: 5.6115 Vtime: 0.0266
Step: 19400  Loss: 0.033439 Regul: 0.007852 Obj: 0.041292 (0.041248) Rank: 77 (77) Ttime: 5.5472 Vtime: 0.0269
Step: 19500  Loss: 0.033409 Regul: 0.007859 Obj: 0.041268 (0.041248) Rank: 77 (77) Ttime: 5.5040 Vtime: 0.0270
Step: 19600  Loss: 0.033518 Regul: 0.007861 Obj: 0.041379 (0.041248) Rank: 77 (77) Ttime: 5.5703 Vtime: 0.0272
Step: 19700  Loss: 0.033586 Regul: 0.007865 Obj: 0.041451 (0.041248) Rank: 77 (77) Ttime: 5.5867 Vtime: 0.0267
Step: 19800  Loss: 0.033601 Regul: 0.007864 Obj: 0.041464 (0.041248) Rank: 77 (77) Ttime: 5.5393 Vtime: 0.0269
Step: 19900  Loss: 0.033563 Regul: 0.007869 Obj: 0.041432 (0.041248) Rank: 77 (77) Ttime: 5.5704 Vtime: 0.0271
Step: 20000  Loss: 0.033401 Regul: 0.007878 Obj: 0.041279 (0.041248) Rank: 77 (77) Ttime: 5.6049 Vtime: 0.0268
Best: 20100  Loss: 0.033328 Regul: 0.007883 Obj: 0.041211 (0.041211) Rank: 77 (77) Ttime: 5.5549 Vtime: 0.0265
Stat: Dim [77] AUC: 0.990428 (0.990428) FPR95: 3.74 (3.74) [saved]
Step: 20200  Loss: 0.033334 Regul: 0.007889 Obj: 0.041224 (0.041211) Rank: 77 (77) Ttime: 5.5829 Vtime: 0.0263
Step: 20300  Loss: 0.033437 Regul: 0.007893 Obj: 0.041330 (0.041211) Rank: 77 (77) Ttime: 5.5598 Vtime: 0.0266
Step: 20400  Loss: 0.033376 Regul: 0.007903 Obj: 0.041279 (0.041211) Rank: 77 (77) Ttime: 5.5031 Vtime: 0.0265
Step: 20500  Loss: 0.033353 Regul: 0.007903 Obj: 0.041256 (0.041211) Rank: 76 (77) Ttime: 5.5044 Vtime: 0.0272
Step: 20600  Loss: 0.033357 Regul: 0.007906 Obj: 0.041263 (0.041211) Rank: 76 (77) Ttime: 5.6310 Vtime: 0.0267
Step: 20700  Loss: 0.033415 Regul: 0.007907 Obj: 0.041322 (0.041211) Rank: 76 (77) Ttime: 5.6531 Vtime: 0.0281
Step: 20800  Loss: 0.033395 Regul: 0.007906 Obj: 0.041300 (0.041211) Rank: 76 (77) Ttime: 5.5818 Vtime: 0.0267
Step: 20900  Loss: 0.033422 Regul: 0.007912 Obj: 0.041333 (0.041211) Rank: 76 (77) Ttime: 5.5842 Vtime: 0.0268
Step: 21000  Loss: 0.033359 Regul: 0.007916 Obj: 0.041275 (0.041211) Rank: 76 (77) Ttime: 5.5917 Vtime: 0.0268
Step: 21100  Loss: 0.033307 Regul: 0.007922 Obj: 0.041229 (0.041211) Rank: 76 (77) Ttime: 5.5295 Vtime: 0.0268
Step: 21200  Loss: 0.033327 Regul: 0.007930 Obj: 0.041257 (0.041211) Rank: 76 (77) Ttime: 5.5215 Vtime: 0.0270
Step: 21300  Loss: 0.033357 Regul: 0.007933 Obj: 0.041289 (0.041211) Rank: 76 (77) Ttime: 5.5277 Vtime: 0.0272
Step: 21400  Loss: 0.033352 Regul: 0.007936 Obj: 0.041288 (0.041211) Rank: 76 (77) Ttime: 5.6097 Vtime: 0.0271
Step: 21500  Loss: 0.033337 Regul: 0.007940 Obj: 0.041277 (0.041211) Rank: 76 (77) Ttime: 5.4719 Vtime: 0.0271
Step: 21600  Loss: 0.033380 Regul: 0.007942 Obj: 0.041322 (0.041211) Rank: 76 (77) Ttime: 5.5313 Vtime: 0.0267
Step: 21700  Loss: 0.033314 Regul: 0.007945 Obj: 0.041259 (0.041211) Rank: 76 (77) Ttime: 5.5272 Vtime: 0.0267
Step: 21800  Loss: 0.033361 Regul: 0.007949 Obj: 0.041309 (0.041211) Rank: 76 (77) Ttime: 5.5222 Vtime: 0.0268
Step: 21900  Loss: 0.033355 Regul: 0.007952 Obj: 0.041307 (0.041211) Rank: 76 (77) Ttime: 5.5597 Vtime: 0.0267
Step: 22000  Loss: 0.033314 Regul: 0.007956 Obj: 0.041270 (0.041211) Rank: 76 (77) Ttime: 5.5768 Vtime: 0.0268
Step: 22100  Loss: 0.033302 Regul: 0.007954 Obj: 0.041256 (0.041211) Rank: 76 (77) Ttime: 5.5686 Vtime: 0.0272
Step: 22200  Loss: 0.033321 Regul: 0.007960 Obj: 0.041280 (0.041211) Rank: 76 (77) Ttime: 5.5515 Vtime: 0.0269
Step: 22300  Loss: 0.033350 Regul: 0.007963 Obj: 0.041312 (0.041211) Rank: 75 (77) Ttime: 5.5527 Vtime: 0.0270
Step: 22400  Loss: 0.033326 Regul: 0.007963 Obj: 0.041288 (0.041211) Rank: 75 (77) Ttime: 5.4995 Vtime: 0.0264
Step: 22500  Loss: 0.033319 Regul: 0.007962 Obj: 0.041281 (0.041211) Rank: 75 (77) Ttime: 5.5367 Vtime: 0.0270
Step: 22600  Loss: 0.033422 Regul: 0.007970 Obj: 0.041392 (0.041211) Rank: 75 (77) Ttime: 5.5453 Vtime: 0.0270
Step: 22700  Loss: 0.033416 Regul: 0.007972 Obj: 0.041388 (0.041211) Rank: 75 (77) Ttime: 5.4920 Vtime: 0.0265
Step: 22800  Loss: 0.033411 Regul: 0.007972 Obj: 0.041383 (0.041211) Rank: 75 (77) Ttime: 5.5743 Vtime: 0.0271
Step: 22900  Loss: 0.033450 Regul: 0.007974 Obj: 0.041425 (0.041211) Rank: 75 (77) Ttime: 5.5813 Vtime: 0.0267
Step: 23000  Loss: 0.033456 Regul: 0.007972 Obj: 0.041428 (0.041211) Rank: 76 (77) Ttime: 5.5016 Vtime: 0.0271
Step: 23100  Loss: 0.033476 Regul: 0.007974 Obj: 0.041450 (0.041211) Rank: 76 (77) Ttime: 5.5647 Vtime: 0.0271
Step: 23200  Loss: 0.033448 Regul: 0.007979 Obj: 0.041427 (0.041211) Rank: 76 (77) Ttime: 5.5740 Vtime: 0.0272
Step: 23300  Loss: 0.033434 Regul: 0.007982 Obj: 0.041415 (0.041211) Rank: 75 (77) Ttime: 5.5275 Vtime: 0.0278
Step: 23400  Loss: 0.033412 Regul: 0.007983 Obj: 0.041395 (0.041211) Rank: 75 (77) Ttime: 5.5095 Vtime: 0.0273
Step: 23500  Loss: 0.033437 Regul: 0.007982 Obj: 0.041419 (0.041211) Rank: 75 (77) Ttime: 5.4663 Vtime: 0.0269
Step: 23600  Loss: 0.033441 Regul: 0.007984 Obj: 0.041425 (0.041211) Rank: 75 (77) Ttime: 5.4776 Vtime: 0.0266
Step: 23700  Loss: 0.033387 Regul: 0.007985 Obj: 0.041372 (0.041211) Rank: 75 (77) Ttime: 5.5544 Vtime: 0.0265
Step: 23800  Loss: 0.033430 Regul: 0.007990 Obj: 0.041420 (0.041211) Rank: 75 (77) Ttime: 5.4457 Vtime: 0.0268
Step: 23900  Loss: 0.033425 Regul: 0.007997 Obj: 0.041422 (0.041211) Rank: 75 (77) Ttime: 5.5149 Vtime: 0.0263
Step: 24000  Loss: 0.033400 Regul: 0.008003 Obj: 0.041403 (0.041211) Rank: 75 (77) Ttime: 5.4611 Vtime: 0.0269
Step: 24100  Loss: 0.033409 Regul: 0.008008 Obj: 0.041417 (0.041211) Rank: 75 (77) Ttime: 5.4019 Vtime: 0.0264
Step: 24200  Loss: 0.033410 Regul: 0.008012 Obj: 0.041421 (0.041211) Rank: 75 (77) Ttime: 5.5247 Vtime: 0.0270
Step: 24300  Loss: 0.033365 Regul: 0.008008 Obj: 0.041372 (0.041211) Rank: 75 (77) Ttime: 5.5184 Vtime: 0.0264
Step: 24400  Loss: 0.033356 Regul: 0.008010 Obj: 0.041366 (0.041211) Rank: 75 (77) Ttime: 5.5657 Vtime: 0.0275
Step: 24500  Loss: 0.033334 Regul: 0.008008 Obj: 0.041341 (0.041211) Rank: 75 (77) Ttime: 5.5313 Vtime: 0.0264
Step: 24600  Loss: 0.033328 Regul: 0.008014 Obj: 0.041342 (0.041211) Rank: 75 (77) Ttime: 5.4986 Vtime: 0.0268
Step: 24700  Loss: 0.033306 Regul: 0.008021 Obj: 0.041327 (0.041211) Rank: 75 (77) Ttime: 5.4671 Vtime: 0.0268
Step: 24800  Loss: 0.033365 Regul: 0.008024 Obj: 0.041389 (0.041211) Rank: 75 (77) Ttime: 5.4580 Vtime: 0.0268
Step: 24900  Loss: 0.033308 Regul: 0.008026 Obj: 0.041334 (0.041211) Rank: 75 (77) Ttime: 5.4736 Vtime: 0.0268
Step: 25000  Loss: 0.033329 Regul: 0.008024 Obj: 0.041353 (0.041211) Rank: 75 (77) Ttime: 5.4619 Vtime: 0.0271
Step: 25100  Loss: 0.033227 Regul: 0.008028 Obj: 0.041255 (0.041211) Rank: 75 (77) Ttime: 5.4801 Vtime: 0.0268
Step: 25200  Loss: 0.033209 Regul: 0.008025 Obj: 0.041234 (0.041211) Rank: 75 (77) Ttime: 5.5581 Vtime: 0.0272
Best: 25300  Loss: 0.033178 Regul: 0.008024 Obj: 0.041201 (0.041201) Rank: 75 (75) Ttime: 5.5723 Vtime: 0.0271
Stat: Dim [75] AUC: 0.990502 (0.990428) FPR95: 3.74 (3.74)
Step: 25400  Loss: 0.033205 Regul: 0.008024 Obj: 0.041229 (0.041201) Rank: 75 (75) Ttime: 5.5944 Vtime: 0.0270
Step: 25500  Loss: 0.033177 Regul: 0.008029 Obj: 0.041207 (0.041201) Rank: 75 (75) Ttime: 5.5903 Vtime: 0.0267
Step: 25600  Loss: 0.033197 Regul: 0.008035 Obj: 0.041232 (0.041201) Rank: 75 (75) Ttime: 5.5667 Vtime: 0.0263
Best: 25700  Loss: 0.033152 Regul: 0.008040 Obj: 0.041192 (0.041192) Rank: 75 (75) Ttime: 5.5519 Vtime: 0.0271
Stat: Dim [75] AUC: 0.990513 (0.990513) FPR95: 3.71 (3.71) [saved]
Step: 25800  Loss: 0.033154 Regul: 0.008040 Obj: 0.041194 (0.041192) Rank: 75 (75) Ttime: 5.5226 Vtime: 0.0269
Step: 25900  Loss: 0.033212 Regul: 0.008044 Obj: 0.041255 (0.041192) Rank: 75 (75) Ttime: 5.5516 Vtime: 0.0261
Step: 26000  Loss: 0.033186 Regul: 0.008044 Obj: 0.041230 (0.041192) Rank: 75 (75) Ttime: 5.5404 Vtime: 0.0262
Step: 26100  Loss: 0.033190 Regul: 0.008045 Obj: 0.041235 (0.041192) Rank: 75 (75) Ttime: 5.5793 Vtime: 0.0264
Step: 26200  Loss: 0.033200 Regul: 0.008048 Obj: 0.041248 (0.041192) Rank: 75 (75) Ttime: 5.5546 Vtime: 0.0265
Step: 26300  Loss: 0.033235 Regul: 0.008051 Obj: 0.041285 (0.041192) Rank: 75 (75) Ttime: 5.6735 Vtime: 0.0276
Step: 26400  Loss: 0.033242 Regul: 0.008047 Obj: 0.041289 (0.041192) Rank: 75 (75) Ttime: 5.6353 Vtime: 0.0265
Step: 26500  Loss: 0.033253 Regul: 0.008052 Obj: 0.041305 (0.041192) Rank: 75 (75) Ttime: 5.5687 Vtime: 0.0264
Step: 26600  Loss: 0.033250 Regul: 0.008055 Obj: 0.041305 (0.041192) Rank: 75 (75) Ttime: 5.6339 Vtime: 0.0268
Step: 26700  Loss: 0.033193 Regul: 0.008057 Obj: 0.041250 (0.041192) Rank: 75 (75) Ttime: 5.6263 Vtime: 0.0266
Step: 26800  Loss: 0.033216 Regul: 0.008062 Obj: 0.041278 (0.041192) Rank: 75 (75) Ttime: 5.6138 Vtime: 0.0271
Step: 26900  Loss: 0.033249 Regul: 0.008066 Obj: 0.041314 (0.041192) Rank: 75 (75) Ttime: 5.5845 Vtime: 0.0264
Step: 27000  Loss: 0.033244 Regul: 0.008063 Obj: 0.041307 (0.041192) Rank: 75 (75) Ttime: 5.5399 Vtime: 0.0270
Step: 27100  Loss: 0.033163 Regul: 0.008069 Obj: 0.041233 (0.041192) Rank: 75 (75) Ttime: 5.5351 Vtime: 0.0271
Step: 27200  Loss: 0.033192 Regul: 0.008071 Obj: 0.041262 (0.041192) Rank: 75 (75) Ttime: 5.4660 Vtime: 0.0265
Step: 27300  Loss: 0.033220 Regul: 0.008073 Obj: 0.041293 (0.041192) Rank: 75 (75) Ttime: 5.5353 Vtime: 0.0269
Step: 27400  Loss: 0.033286 Regul: 0.008075 Obj: 0.041361 (0.041192) Rank: 75 (75) Ttime: 5.5196 Vtime: 0.0271
Step: 27500  Loss: 0.033328 Regul: 0.008072 Obj: 0.041400 (0.041192) Rank: 75 (75) Ttime: 5.4926 Vtime: 0.0267
Step: 27600  Loss: 0.033370 Regul: 0.008072 Obj: 0.041442 (0.041192) Rank: 75 (75) Ttime: 5.5678 Vtime: 0.0271
Step: 27700  Loss: 0.033313 Regul: 0.008075 Obj: 0.041388 (0.041192) Rank: 75 (75) Ttime: 5.5301 Vtime: 0.0268
Step: 27800  Loss: 0.033329 Regul: 0.008073 Obj: 0.041402 (0.041192) Rank: 75 (75) Ttime: 5.5796 Vtime: 0.0266
Step: 27900  Loss: 0.033271 Regul: 0.008079 Obj: 0.041350 (0.041192) Rank: 75 (75) Ttime: 5.6166 Vtime: 0.0270
Step: 28000  Loss: 0.033270 Regul: 0.008084 Obj: 0.041354 (0.041192) Rank: 75 (75) Ttime: 5.6088 Vtime: 0.0264
Step: 28100  Loss: 0.033300 Regul: 0.008089 Obj: 0.041389 (0.041192) Rank: 75 (75) Ttime: 5.6302 Vtime: 0.0268
Step: 28200  Loss: 0.033253 Regul: 0.008089 Obj: 0.041343 (0.041192) Rank: 75 (75) Ttime: 5.6634 Vtime: 0.0272
Step: 28300  Loss: 0.033281 Regul: 0.008091 Obj: 0.041372 (0.041192) Rank: 75 (75) Ttime: 5.6215 Vtime: 0.0268
Step: 28400  Loss: 0.033293 Regul: 0.008088 Obj: 0.041381 (0.041192) Rank: 75 (75) Ttime: 5.6249 Vtime: 0.0267
Step: 28500  Loss: 0.033302 Regul: 0.008093 Obj: 0.041395 (0.041192) Rank: 75 (75) Ttime: 5.5946 Vtime: 0.0268
Step: 28600  Loss: 0.033241 Regul: 0.008097 Obj: 0.041339 (0.041192) Rank: 75 (75) Ttime: 5.5598 Vtime: 0.0268
Step: 28700  Loss: 0.033234 Regul: 0.008099 Obj: 0.041334 (0.041192) Rank: 75 (75) Ttime: 5.5513 Vtime: 0.0270
Step: 28800  Loss: 0.033286 Regul: 0.008099 Obj: 0.041385 (0.041192) Rank: 75 (75) Ttime: 5.5596 Vtime: 0.0269
Step: 28900  Loss: 0.033227 Regul: 0.008099 Obj: 0.041327 (0.041192) Rank: 75 (75) Ttime: 5.5748 Vtime: 0.0269
Step: 29000  Loss: 0.033257 Regul: 0.008104 Obj: 0.041361 (0.041192) Rank: 75 (75) Ttime: 5.6146 Vtime: 0.0275
Step: 29100  Loss: 0.033245 Regul: 0.008104 Obj: 0.041349 (0.041192) Rank: 75 (75) Ttime: 5.5651 Vtime: 0.0269
Step: 29200  Loss: 0.033300 Regul: 0.008104 Obj: 0.041404 (0.041192) Rank: 75 (75) Ttime: 5.5814 Vtime: 0.0264
Step: 29300  Loss: 0.033318 Regul: 0.008104 Obj: 0.041422 (0.041192) Rank: 75 (75) Ttime: 5.5307 Vtime: 0.0273
Step: 29400  Loss: 0.033235 Regul: 0.008102 Obj: 0.041337 (0.041192) Rank: 75 (75) Ttime: 5.5573 Vtime: 0.0273
Step: 29500  Loss: 0.033220 Regul: 0.008105 Obj: 0.041325 (0.041192) Rank: 75 (75) Ttime: 5.6330 Vtime: 0.0266
Step: 29600  Loss: 0.033256 Regul: 0.008108 Obj: 0.041364 (0.041192) Rank: 75 (75) Ttime: 5.6477 Vtime: 0.0267
Step: 29700  Loss: 0.033241 Regul: 0.008107 Obj: 0.041349 (0.041192) Rank: 75 (75) Ttime: 5.6293 Vtime: 0.0270
Step: 29800  Loss: 0.033271 Regul: 0.008108 Obj: 0.041379 (0.041192) Rank: 75 (75) Ttime: 5.6039 Vtime: 0.0269
Step: 29900  Loss: 0.033283 Regul: 0.008113 Obj: 0.041396 (0.041192) Rank: 75 (75) Ttime: 5.5348 Vtime: 0.0271
Step: 30000  Loss: 0.033248 Regul: 0.008119 Obj: 0.041367 (0.041192) Rank: 75 (75) Ttime: 5.5243 Vtime: 0.0266
Step: 30100  Loss: 0.033203 Regul: 0.008119 Obj: 0.041322 (0.041192) Rank: 75 (75) Ttime: 5.5858 Vtime: 0.0266
Step: 30200  Loss: 0.033198 Regul: 0.008117 Obj: 0.041315 (0.041192) Rank: 75 (75) Ttime: 5.5434 Vtime: 0.0270
Step: 30300  Loss: 0.033200 Regul: 0.008116 Obj: 0.041316 (0.041192) Rank: 75 (75) Ttime: 5.5613 Vtime: 0.0270
Step: 30400  Loss: 0.033190 Regul: 0.008120 Obj: 0.041310 (0.041192) Rank: 75 (75) Ttime: 5.5125 Vtime: 0.0267
Step: 30500  Loss: 0.033184 Regul: 0.008120 Obj: 0.041303 (0.041192) Rank: 75 (75) Ttime: 5.6086 Vtime: 0.0269
Step: 30600  Loss: 0.033196 Regul: 0.008122 Obj: 0.041318 (0.041192) Rank: 75 (75) Ttime: 5.5423 Vtime: 0.0269
Step: 30700  Loss: 0.033192 Regul: 0.008125 Obj: 0.041317 (0.041192) Rank: 75 (75) Ttime: 5.5073 Vtime: 0.0266
Step: 30800  Loss: 0.033229 Regul: 0.008124 Obj: 0.041353 (0.041192) Rank: 75 (75) Ttime: 5.5120 Vtime: 0.0270
Step: 30900  Loss: 0.033274 Regul: 0.008129 Obj: 0.041402 (0.041192) Rank: 75 (75) Ttime: 5.5476 Vtime: 0.0268
Step: 31000  Loss: 0.033272 Regul: 0.008133 Obj: 0.041406 (0.041192) Rank: 75 (75) Ttime: 5.5349 Vtime: 0.0272
Step: 31100  Loss: 0.033240 Regul: 0.008134 Obj: 0.041374 (0.041192) Rank: 75 (75) Ttime: 5.6303 Vtime: 0.0269
Step: 31200  Loss: 0.033192 Regul: 0.008134 Obj: 0.041326 (0.041192) Rank: 75 (75) Ttime: 5.6029 Vtime: 0.0268
Step: 31300  Loss: 0.033180 Regul: 0.008137 Obj: 0.041317 (0.041192) Rank: 75 (75) Ttime: 5.5709 Vtime: 0.0265
Step: 31400  Loss: 0.033174 Regul: 0.008137 Obj: 0.041312 (0.041192) Rank: 75 (75) Ttime: 5.5373 Vtime: 0.0272
Step: 31500  Loss: 0.033158 Regul: 0.008137 Obj: 0.041295 (0.041192) Rank: 75 (75) Ttime: 5.4400 Vtime: 0.0271
Step: 31600  Loss: 0.033146 Regul: 0.008139 Obj: 0.041284 (0.041192) Rank: 75 (75) Ttime: 5.5233 Vtime: 0.0267
Step: 31700  Loss: 0.033111 Regul: 0.008138 Obj: 0.041248 (0.041192) Rank: 75 (75) Ttime: 5.4658 Vtime: 0.0272
Step: 31800  Loss: 0.033131 Regul: 0.008140 Obj: 0.041271 (0.041192) Rank: 75 (75) Ttime: 5.4714 Vtime: 0.0273
Step: 31900  Loss: 0.033119 Regul: 0.008142 Obj: 0.041261 (0.041192) Rank: 75 (75) Ttime: 5.6056 Vtime: 0.0270
Step: 32000  Loss: 0.033176 Regul: 0.008142 Obj: 0.041318 (0.041192) Rank: 75 (75) Ttime: 5.5417 Vtime: 0.0267
Step: 32100  Loss: 0.033186 Regul: 0.008144 Obj: 0.041330 (0.041192) Rank: 75 (75) Ttime: 5.5769 Vtime: 0.0274
Step: 32200  Loss: 0.033148 Regul: 0.008149 Obj: 0.041297 (0.041192) Rank: 75 (75) Ttime: 5.6542 Vtime: 0.0269
Step: 32300  Loss: 0.033182 Regul: 0.008157 Obj: 0.041339 (0.041192) Rank: 75 (75) Ttime: 5.5899 Vtime: 0.0269
Step: 32400  Loss: 0.033186 Regul: 0.008166 Obj: 0.041352 (0.041192) Rank: 75 (75) Ttime: 5.6290 Vtime: 0.0270
Step: 32500  Loss: 0.033204 Regul: 0.008167 Obj: 0.041371 (0.041192) Rank: 75 (75) Ttime: 5.6121 Vtime: 0.0267
Step: 32600  Loss: 0.033192 Regul: 0.008172 Obj: 0.041364 (0.041192) Rank: 75 (75) Ttime: 5.5362 Vtime: 0.0272
Step: 32700  Loss: 0.033171 Regul: 0.008176 Obj: 0.041346 (0.041192) Rank: 75 (75) Ttime: 5.5253 Vtime: 0.0272
Step: 32800  Loss: 0.033150 Regul: 0.008177 Obj: 0.041327 (0.041192) Rank: 75 (75) Ttime: 5.4619 Vtime: 0.0269
Step: 32900  Loss: 0.033139 Regul: 0.008176 Obj: 0.041315 (0.041192) Rank: 75 (75) Ttime: 5.5847 Vtime: 0.0270
Step: 33000  Loss: 0.033087 Regul: 0.008177 Obj: 0.041264 (0.041192) Rank: 75 (75) Ttime: 5.5366 Vtime: 0.0274
Step: 33100  Loss: 0.033122 Regul: 0.008178 Obj: 0.041300 (0.041192) Rank: 75 (75) Ttime: 5.5347 Vtime: 0.0268
Step: 33200  Loss: 0.033124 Regul: 0.008177 Obj: 0.041301 (0.041192) Rank: 75 (75) Ttime: 5.5452 Vtime: 0.0268
Step: 33300  Loss: 0.033142 Regul: 0.008179 Obj: 0.041321 (0.041192) Rank: 75 (75) Ttime: 5.4941 Vtime: 0.0267
Step: 33400  Loss: 0.033173 Regul: 0.008179 Obj: 0.041352 (0.041192) Rank: 75 (75) Ttime: 5.4952 Vtime: 0.0270
Step: 33500  Loss: 0.033169 Regul: 0.008184 Obj: 0.041353 (0.041192) Rank: 75 (75) Ttime: 5.5288 Vtime: 0.0266
Step: 33600  Loss: 0.033139 Regul: 0.008184 Obj: 0.041323 (0.041192) Rank: 75 (75) Ttime: 5.5284 Vtime: 0.0262
Step: 33700  Loss: 0.033169 Regul: 0.008188 Obj: 0.041357 (0.041192) Rank: 75 (75) Ttime: 5.5800 Vtime: 0.0265
Step: 33800  Loss: 0.033146 Regul: 0.008189 Obj: 0.041335 (0.041192) Rank: 75 (75) Ttime: 5.5570 Vtime: 0.0267
Step: 33900  Loss: 0.033103 Regul: 0.008188 Obj: 0.041291 (0.041192) Rank: 75 (75) Ttime: 5.5795 Vtime: 0.0272
Step: 34000  Loss: 0.033123 Regul: 0.008190 Obj: 0.041314 (0.041192) Rank: 75 (75) Ttime: 5.5786 Vtime: 0.0267
Step: 34100  Loss: 0.033144 Regul: 0.008194 Obj: 0.041338 (0.041192) Rank: 75 (75) Ttime: 5.5923 Vtime: 0.0266
Step: 34200  Loss: 0.033130 Regul: 0.008195 Obj: 0.041325 (0.041192) Rank: 75 (75) Ttime: 5.5968 Vtime: 0.0272
Step: 34300  Loss: 0.033141 Regul: 0.008192 Obj: 0.041334 (0.041192) Rank: 75 (75) Ttime: 5.6288 Vtime: 0.0269
Step: 34400  Loss: 0.033137 Regul: 0.008192 Obj: 0.041329 (0.041192) Rank: 75 (75) Ttime: 5.5736 Vtime: 0.0276
Step: 34500  Loss: 0.033164 Regul: 0.008196 Obj: 0.041360 (0.041192) Rank: 75 (75) Ttime: 5.4913 Vtime: 0.0266
Step: 34600  Loss: 0.033140 Regul: 0.008199 Obj: 0.041339 (0.041192) Rank: 75 (75) Ttime: 5.4689 Vtime: 0.0268
Step: 34700  Loss: 0.033146 Regul: 0.008198 Obj: 0.041344 (0.041192) Rank: 75 (75) Ttime: 5.5032 Vtime: 0.0267
Step: 34800  Loss: 0.033174 Regul: 0.008201 Obj: 0.041374 (0.041192) Rank: 75 (75) Ttime: 5.5582 Vtime: 0.0263
Step: 34900  Loss: 0.033177 Regul: 0.008207 Obj: 0.041383 (0.041192) Rank: 75 (75) Ttime: 5.4565 Vtime: 0.0272
Step: 35000  Loss: 0.033181 Regul: 0.008209 Obj: 0.041390 (0.041192) Rank: 75 (75) Ttime: 5.5505 Vtime: 0.0266
Step: 35100  Loss: 0.033235 Regul: 0.008208 Obj: 0.041443 (0.041192) Rank: 75 (75) Ttime: 5.5317 Vtime: 0.0264
Step: 35200  Loss: 0.033207 Regul: 0.008209 Obj: 0.041416 (0.041192) Rank: 75 (75) Ttime: 5.5577 Vtime: 0.0270
Step: 35300  Loss: 0.033201 Regul: 0.008212 Obj: 0.041412 (0.041192) Rank: 75 (75) Ttime: 5.5057 Vtime: 0.0266
Step: 35400  Loss: 0.033210 Regul: 0.008214 Obj: 0.041424 (0.041192) Rank: 75 (75) Ttime: 5.5162 Vtime: 0.0265
Step: 35500  Loss: 0.033146 Regul: 0.008222 Obj: 0.041367 (0.041192) Rank: 75 (75) Ttime: 5.4820 Vtime: 0.0269
Step: 35600  Loss: 0.033179 Regul: 0.008220 Obj: 0.041400 (0.041192) Rank: 75 (75) Ttime: 5.4726 Vtime: 0.0273
Step: 35700  Loss: 0.033163 Regul: 0.008219 Obj: 0.041381 (0.041192) Rank: 75 (75) Ttime: 5.5348 Vtime: 0.0264
Step: 35800  Loss: 0.033100 Regul: 0.008221 Obj: 0.041321 (0.041192) Rank: 75 (75) Ttime: 5.5329 Vtime: 0.0267
Step: 35900  Loss: 0.033121 Regul: 0.008221 Obj: 0.041342 (0.041192) Rank: 75 (75) Ttime: 5.4777 Vtime: 0.0268
Step: 36000  Loss: 0.033185 Regul: 0.008216 Obj: 0.041401 (0.041192) Rank: 75 (75) Ttime: 5.5239 Vtime: 0.0266
Step: 36100  Loss: 0.033187 Regul: 0.008226 Obj: 0.041413 (0.041192) Rank: 75 (75) Ttime: 5.4965 Vtime: 0.0270
Step: 36200  Loss: 0.033160 Regul: 0.008226 Obj: 0.041386 (0.041192) Rank: 75 (75) Ttime: 5.5227 Vtime: 0.0272
Step: 36300  Loss: 0.033162 Regul: 0.008228 Obj: 0.041390 (0.041192) Rank: 75 (75) Ttime: 5.4705 Vtime: 0.0268
Step: 36400  Loss: 0.033171 Regul: 0.008230 Obj: 0.041401 (0.041192) Rank: 75 (75) Ttime: 5.5373 Vtime: 0.0272
Step: 36500  Loss: 0.033153 Regul: 0.008232 Obj: 0.041385 (0.041192) Rank: 75 (75) Ttime: 5.4124 Vtime: 0.0267
Step: 36600  Loss: 0.033147 Regul: 0.008230 Obj: 0.041377 (0.041192) Rank: 75 (75) Ttime: 5.5006 Vtime: 0.0271
Step: 36700  Loss: 0.033150 Regul: 0.008234 Obj: 0.041384 (0.041192) Rank: 75 (75) Ttime: 5.5118 Vtime: 0.0271
Step: 36800  Loss: 0.033151 Regul: 0.008238 Obj: 0.041389 (0.041192) Rank: 75 (75) Ttime: 5.5046 Vtime: 0.0272
Step: 36900  Loss: 0.033196 Regul: 0.008237 Obj: 0.041433 (0.041192) Rank: 75 (75) Ttime: 5.5603 Vtime: 0.0270
Step: 37000  Loss: 0.033119 Regul: 0.008242 Obj: 0.041361 (0.041192) Rank: 75 (75) Ttime: 5.5839 Vtime: 0.0269
Step: 37100  Loss: 0.033107 Regul: 0.008243 Obj: 0.041350 (0.041192) Rank: 75 (75) Ttime: 5.4946 Vtime: 0.0265
Step: 37200  Loss: 0.033115 Regul: 0.008242 Obj: 0.041357 (0.041192) Rank: 75 (75) Ttime: 5.4583 Vtime: 0.0273
Step: 37300  Loss: 0.033110 Regul: 0.008243 Obj: 0.041353 (0.041192) Rank: 75 (75) Ttime: 5.5158 Vtime: 0.0269
Step: 37400  Loss: 0.033124 Regul: 0.008243 Obj: 0.041367 (0.041192) Rank: 75 (75) Ttime: 5.4913 Vtime: 0.0272
Step: 37500  Loss: 0.033131 Regul: 0.008243 Obj: 0.041373 (0.041192) Rank: 75 (75) Ttime: 5.4614 Vtime: 0.0268
Step: 37600  Loss: 0.033122 Regul: 0.008246 Obj: 0.041368 (0.041192) Rank: 75 (75) Ttime: 5.5210 Vtime: 0.0270
Step: 37700  Loss: 0.033101 Regul: 0.008244 Obj: 0.041345 (0.041192) Rank: 75 (75) Ttime: 5.5316 Vtime: 0.0271
Step: 37800  Loss: 0.033117 Regul: 0.008242 Obj: 0.041360 (0.041192) Rank: 75 (75) Ttime: 5.5278 Vtime: 0.0265
Step: 37900  Loss: 0.033096 Regul: 0.008242 Obj: 0.041338 (0.041192) Rank: 75 (75) Ttime: 5.5030 Vtime: 0.0268
Step: 38000  Loss: 0.033111 Regul: 0.008244 Obj: 0.041355 (0.041192) Rank: 75 (75) Ttime: 5.4883 Vtime: 0.0268
Step: 38100  Loss: 0.033107 Regul: 0.008242 Obj: 0.041349 (0.041192) Rank: 75 (75) Ttime: 5.5134 Vtime: 0.0270
Step: 38200  Loss: 0.033114 Regul: 0.008242 Obj: 0.041356 (0.041192) Rank: 75 (75) Ttime: 5.5941 Vtime: 0.0272
Step: 38300  Loss: 0.033128 Regul: 0.008247 Obj: 0.041375 (0.041192) Rank: 75 (75) Ttime: 5.5579 Vtime: 0.0268
Step: 38400  Loss: 0.033095 Regul: 0.008249 Obj: 0.041344 (0.041192) Rank: 75 (75) Ttime: 5.5267 Vtime: 0.0272
Step: 38500  Loss: 0.033070 Regul: 0.008252 Obj: 0.041322 (0.041192) Rank: 75 (75) Ttime: 5.5166 Vtime: 0.0265
Step: 38600  Loss: 0.033031 Regul: 0.008251 Obj: 0.041281 (0.041192) Rank: 75 (75) Ttime: 5.5490 Vtime: 0.0264
Step: 38700  Loss: 0.033068 Regul: 0.008254 Obj: 0.041322 (0.041192) Rank: 75 (75) Ttime: 5.5081 Vtime: 0.0271
Step: 38800  Loss: 0.033067 Regul: 0.008256 Obj: 0.041323 (0.041192) Rank: 75 (75) Ttime: 5.4243 Vtime: 0.0267
Step: 38900  Loss: 0.033035 Regul: 0.008254 Obj: 0.041289 (0.041192) Rank: 75 (75) Ttime: 5.5003 Vtime: 0.0269
Step: 39000  Loss: 0.033031 Regul: 0.008254 Obj: 0.041284 (0.041192) Rank: 75 (75) Ttime: 5.4816 Vtime: 0.0262
Step: 39100  Loss: 0.033060 Regul: 0.008254 Obj: 0.041315 (0.041192) Rank: 75 (75) Ttime: 5.5225 Vtime: 0.0274
Step: 39200  Loss: 0.033065 Regul: 0.008256 Obj: 0.041321 (0.041192) Rank: 75 (75) Ttime: 5.5167 Vtime: 0.0264
Step: 39300  Loss: 0.033021 Regul: 0.008261 Obj: 0.041282 (0.041192) Rank: 75 (75) Ttime: 5.5136 Vtime: 0.0266
Step: 39400  Loss: 0.033023 Regul: 0.008261 Obj: 0.041284 (0.041192) Rank: 75 (75) Ttime: 5.4927 Vtime: 0.0265
Step: 39500  Loss: 0.033031 Regul: 0.008262 Obj: 0.041293 (0.041192) Rank: 75 (75) Ttime: 5.5188 Vtime: 0.0269
Step: 39600  Loss: 0.033027 Regul: 0.008264 Obj: 0.041290 (0.041192) Rank: 75 (75) Ttime: 5.5644 Vtime: 0.0264
Step: 39700  Loss: 0.033031 Regul: 0.008267 Obj: 0.041299 (0.041192) Rank: 75 (75) Ttime: 5.5272 Vtime: 0.0278
Step: 39800  Loss: 0.033019 Regul: 0.008272 Obj: 0.041290 (0.041192) Rank: 75 (75) Ttime: 5.5046 Vtime: 0.0267
Step: 39900  Loss: 0.033063 Regul: 0.008272 Obj: 0.041336 (0.041192) Rank: 75 (75) Ttime: 5.5404 Vtime: 0.0270
Step: 40000  Loss: 0.033082 Regul: 0.008274 Obj: 0.041355 (0.041192) Rank: 75 (75) Ttime: 5.5007 Vtime: 0.0264
Step: 40100  Loss: 0.033076 Regul: 0.008275 Obj: 0.041351 (0.041192) Rank: 75 (75) Ttime: 5.5522 Vtime: 0.0268
Step: 40200  Loss: 0.033073 Regul: 0.008278 Obj: 0.041350 (0.041192) Rank: 75 (75) Ttime: 5.5570 Vtime: 0.0273
Step: 40300  Loss: 0.033105 Regul: 0.008281 Obj: 0.041385 (0.041192) Rank: 75 (75) Ttime: 5.5894 Vtime: 0.0266
Step: 40400  Loss: 0.033114 Regul: 0.008282 Obj: 0.041395 (0.041192) Rank: 75 (75) Ttime: 5.4404 Vtime: 0.0274
Step: 40500  Loss: 0.033102 Regul: 0.008282 Obj: 0.041384 (0.041192) Rank: 75 (75) Ttime: 5.5454 Vtime: 0.0271
Step: 40600  Loss: 0.033069 Regul: 0.008283 Obj: 0.041352 (0.041192) Rank: 75 (75) Ttime: 5.5510 Vtime: 0.0269
Step: 40700  Loss: 0.033032 Regul: 0.008283 Obj: 0.041316 (0.041192) Rank: 75 (75) Ttime: 5.4831 Vtime: 0.0268
Step: 40800  Loss: 0.033027 Regul: 0.008286 Obj: 0.041313 (0.041192) Rank: 75 (75) Ttime: 5.4910 Vtime: 0.0265
Step: 40900  Loss: 0.033044 Regul: 0.008289 Obj: 0.041333 (0.041192) Rank: 75 (75) Ttime: 5.5316 Vtime: 0.0272
Step: 41000  Loss: 0.033055 Regul: 0.008289 Obj: 0.041344 (0.041192) Rank: 75 (75) Ttime: 5.5173 Vtime: 0.0270
Step: 41100  Loss: 0.033072 Regul: 0.008291 Obj: 0.041363 (0.041192) Rank: 75 (75) Ttime: 5.5195 Vtime: 0.0270
Step: 41200  Loss: 0.033103 Regul: 0.008295 Obj: 0.041399 (0.041192) Rank: 75 (75) Ttime: 5.4758 Vtime: 0.0276
Step: 41300  Loss: 0.033080 Regul: 0.008298 Obj: 0.041378 (0.041192) Rank: 75 (75) Ttime: 5.4877 Vtime: 0.0270
Step: 41400  Loss: 0.033121 Regul: 0.008299 Obj: 0.041421 (0.041192) Rank: 75 (75) Ttime: 5.4491 Vtime: 0.0272
Step: 41500  Loss: 0.033129 Regul: 0.008300 Obj: 0.041430 (0.041192) Rank: 75 (75) Ttime: 5.4440 Vtime: 0.0270
Step: 41600  Loss: 0.033118 Regul: 0.008301 Obj: 0.041419 (0.041192) Rank: 75 (75) Ttime: 5.4557 Vtime: 0.0269
Step: 41700  Loss: 0.033138 Regul: 0.008301 Obj: 0.041439 (0.041192) Rank: 75 (75) Ttime: 5.4775 Vtime: 0.0271
Step: 41800  Loss: 0.033159 Regul: 0.008298 Obj: 0.041457 (0.041192) Rank: 75 (75) Ttime: 5.5541 Vtime: 0.0268
Step: 41900  Loss: 0.033172 Regul: 0.008301 Obj: 0.041473 (0.041192) Rank: 75 (75) Ttime: 5.5198 Vtime: 0.0270
Step: 42000  Loss: 0.033145 Regul: 0.008301 Obj: 0.041447 (0.041192) Rank: 75 (75) Ttime: 5.4797 Vtime: 0.0267
Step: 42100  Loss: 0.033091 Regul: 0.008304 Obj: 0.041396 (0.041192) Rank: 75 (75) Ttime: 5.5175 Vtime: 0.0264
Step: 42200  Loss: 0.033098 Regul: 0.008306 Obj: 0.041404 (0.041192) Rank: 75 (75) Ttime: 5.5134 Vtime: 0.0265
Step: 42300  Loss: 0.033097 Regul: 0.008307 Obj: 0.041404 (0.041192) Rank: 74 (75) Ttime: 5.5454 Vtime: 0.0274
Step: 42400  Loss: 0.033065 Regul: 0.008308 Obj: 0.041373 (0.041192) Rank: 74 (75) Ttime: 5.5048 Vtime: 0.0267
Step: 42500  Loss: 0.033054 Regul: 0.008310 Obj: 0.041364 (0.041192) Rank: 74 (75) Ttime: 5.4705 Vtime: 0.0271
Step: 42600  Loss: 0.033091 Regul: 0.008311 Obj: 0.041402 (0.041192) Rank: 74 (75) Ttime: 5.4927 Vtime: 0.0267
Step: 42700  Loss: 0.033066 Regul: 0.008308 Obj: 0.041374 (0.041192) Rank: 74 (75) Ttime: 5.5140 Vtime: 0.0272
Step: 42800  Loss: 0.033086 Regul: 0.008310 Obj: 0.041396 (0.041192) Rank: 74 (75) Ttime: 5.5716 Vtime: 0.0272
Step: 42900  Loss: 0.033075 Regul: 0.008311 Obj: 0.041386 (0.041192) Rank: 74 (75) Ttime: 5.5601 Vtime: 0.0271
Step: 43000  Loss: 0.033079 Regul: 0.008313 Obj: 0.041392 (0.041192) Rank: 74 (75) Ttime: 5.5527 Vtime: 0.0268
Step: 43100  Loss: 0.033047 Regul: 0.008320 Obj: 0.041367 (0.041192) Rank: 74 (75) Ttime: 5.5104 Vtime: 0.0266
Step: 43200  Loss: 0.033053 Regul: 0.008322 Obj: 0.041375 (0.041192) Rank: 74 (75) Ttime: 5.5493 Vtime: 0.0267
Step: 43300  Loss: 0.033063 Regul: 0.008323 Obj: 0.041386 (0.041192) Rank: 74 (75) Ttime: 5.5167 Vtime: 0.0266
Step: 43400  Loss: 0.033078 Regul: 0.008325 Obj: 0.041403 (0.041192) Rank: 74 (75) Ttime: 5.5444 Vtime: 0.0268
Step: 43500  Loss: 0.033123 Regul: 0.008327 Obj: 0.041450 (0.041192) Rank: 74 (75) Ttime: 5.5568 Vtime: 0.0268
Step: 43600  Loss: 0.033133 Regul: 0.008329 Obj: 0.041462 (0.041192) Rank: 74 (75) Ttime: 5.4782 Vtime: 0.0269
Step: 43700  Loss: 0.033192 Regul: 0.008331 Obj: 0.041523 (0.041192) Rank: 74 (75) Ttime: 5.4916 Vtime: 0.0268
Step: 43800  Loss: 0.033199 Regul: 0.008334 Obj: 0.041533 (0.041192) Rank: 74 (75) Ttime: 5.5405 Vtime: 0.0269
Step: 43900  Loss: 0.033164 Regul: 0.008337 Obj: 0.041501 (0.041192) Rank: 74 (75) Ttime: 5.5291 Vtime: 0.0269
Step: 44000  Loss: 0.033127 Regul: 0.008339 Obj: 0.041466 (0.041192) Rank: 74 (75) Ttime: 5.5055 Vtime: 0.0266
Step: 44100  Loss: 0.033110 Regul: 0.008337 Obj: 0.041447 (0.041192) Rank: 74 (75) Ttime: 5.5557 Vtime: 0.0270
Step: 44200  Loss: 0.033111 Regul: 0.008334 Obj: 0.041445 (0.041192) Rank: 74 (75) Ttime: 5.5502 Vtime: 0.0267
Step: 44300  Loss: 0.033121 Regul: 0.008333 Obj: 0.041454 (0.041192) Rank: 74 (75) Ttime: 5.4915 Vtime: 0.0269
Step: 44400  Loss: 0.033139 Regul: 0.008336 Obj: 0.041475 (0.041192) Rank: 74 (75) Ttime: 5.5271 Vtime: 0.0269
Step: 44500  Loss: 0.033119 Regul: 0.008337 Obj: 0.041456 (0.041192) Rank: 74 (75) Ttime: 5.5277 Vtime: 0.0268
Step: 44600  Loss: 0.033083 Regul: 0.008344 Obj: 0.041427 (0.041192) Rank: 74 (75) Ttime: 5.4905 Vtime: 0.0269
Step: 44700  Loss: 0.033066 Regul: 0.008341 Obj: 0.041408 (0.041192) Rank: 74 (75) Ttime: 5.4968 Vtime: 0.0272
Step: 44800  Loss: 0.033097 Regul: 0.008342 Obj: 0.041440 (0.041192) Rank: 75 (75) Ttime: 5.5861 Vtime: 0.0274
Step: 44900  Loss: 0.033092 Regul: 0.008339 Obj: 0.041431 (0.041192) Rank: 75 (75) Ttime: 5.5059 Vtime: 0.0270
Step: 45000  Loss: 0.033099 Regul: 0.008341 Obj: 0.041440 (0.041192) Rank: 74 (75) Ttime: 5.5377 Vtime: 0.0274
Step: 45100  Loss: 0.033126 Regul: 0.008348 Obj: 0.041474 (0.041192) Rank: 74 (75) Ttime: 5.5955 Vtime: 0.0274
Step: 45200  Loss: 0.033133 Regul: 0.008347 Obj: 0.041480 (0.041192) Rank: 74 (75) Ttime: 5.5254 Vtime: 0.0266
Step: 45300  Loss: 0.033094 Regul: 0.008350 Obj: 0.041444 (0.041192) Rank: 74 (75) Ttime: 5.5952 Vtime: 0.0276
Step: 45400  Loss: 0.033101 Regul: 0.008356 Obj: 0.041457 (0.041192) Rank: 74 (75) Ttime: 5.5805 Vtime: 0.0266
Step: 45500  Loss: 0.033103 Regul: 0.008355 Obj: 0.041458 (0.041192) Rank: 74 (75) Ttime: 5.4981 Vtime: 0.0269
Step: 45600  Loss: 0.033090 Regul: 0.008351 Obj: 0.041441 (0.041192) Rank: 74 (75) Ttime: 5.5064 Vtime: 0.0270
Step: 45700  Loss: 0.033033 Regul: 0.008353 Obj: 0.041386 (0.041192) Rank: 74 (75) Ttime: 5.5518 Vtime: 0.0272
Step: 45800  Loss: 0.033054 Regul: 0.008355 Obj: 0.041410 (0.041192) Rank: 74 (75) Ttime: 5.5293 Vtime: 0.0267
Step: 45900  Loss: 0.033075 Regul: 0.008357 Obj: 0.041433 (0.041192) Rank: 74 (75) Ttime: 5.5363 Vtime: 0.0269
Step: 46000  Loss: 0.033047 Regul: 0.008358 Obj: 0.041405 (0.041192) Rank: 74 (75) Ttime: 5.4861 Vtime: 0.0271
Step: 46100  Loss: 0.033073 Regul: 0.008360 Obj: 0.041433 (0.041192) Rank: 74 (75) Ttime: 5.5373 Vtime: 0.0273
Step: 46200  Loss: 0.033096 Regul: 0.008360 Obj: 0.041456 (0.041192) Rank: 74 (75) Ttime: 5.5164 Vtime: 0.0273
Step: 46300  Loss: 0.033081 Regul: 0.008363 Obj: 0.041444 (0.041192) Rank: 74 (75) Ttime: 5.5631 Vtime: 0.0268
Step: 46400  Loss: 0.033088 Regul: 0.008359 Obj: 0.041447 (0.041192) Rank: 74 (75) Ttime: 5.5365 Vtime: 0.0275
Step: 46500  Loss: 0.033070 Regul: 0.008359 Obj: 0.041429 (0.041192) Rank: 74 (75) Ttime: 5.4922 Vtime: 0.0263
Step: 46600  Loss: 0.033087 Regul: 0.008361 Obj: 0.041448 (0.041192) Rank: 74 (75) Ttime: 5.4955 Vtime: 0.0273
Step: 46700  Loss: 0.033074 Regul: 0.008365 Obj: 0.041438 (0.041192) Rank: 74 (75) Ttime: 5.4939 Vtime: 0.0266
Step: 46800  Loss: 0.033064 Regul: 0.008370 Obj: 0.041435 (0.041192) Rank: 74 (75) Ttime: 5.5136 Vtime: 0.0270
Step: 46900  Loss: 0.033083 Regul: 0.008370 Obj: 0.041453 (0.041192) Rank: 74 (75) Ttime: 5.5131 Vtime: 0.0269
Step: 47000  Loss: 0.033061 Regul: 0.008370 Obj: 0.041431 (0.041192) Rank: 74 (75) Ttime: 5.4755 Vtime: 0.0267
Step: 47100  Loss: 0.033070 Regul: 0.008370 Obj: 0.041440 (0.041192) Rank: 74 (75) Ttime: 5.4437 Vtime: 0.0268
Step: 47200  Loss: 0.033062 Regul: 0.008374 Obj: 0.041436 (0.041192) Rank: 74 (75) Ttime: 5.4774 Vtime: 0.0267
Step: 47300  Loss: 0.033085 Regul: 0.008372 Obj: 0.041458 (0.041192) Rank: 74 (75) Ttime: 5.4851 Vtime: 0.0266
Step: 47400  Loss: 0.033090 Regul: 0.008370 Obj: 0.041460 (0.041192) Rank: 74 (75) Ttime: 5.5210 Vtime: 0.0272
Step: 47500  Loss: 0.033086 Regul: 0.008370 Obj: 0.041456 (0.041192) Rank: 74 (75) Ttime: 5.4418 Vtime: 0.0265
Step: 47600  Loss: 0.033114 Regul: 0.008371 Obj: 0.041486 (0.041192) Rank: 74 (75) Ttime: 5.5189 Vtime: 0.0270
Step: 47700  Loss: 0.033132 Regul: 0.008371 Obj: 0.041503 (0.041192) Rank: 74 (75) Ttime: 5.4564 Vtime: 0.0268
Step: 47800  Loss: 0.033120 Regul: 0.008371 Obj: 0.041491 (0.041192) Rank: 74 (75) Ttime: 5.5168 Vtime: 0.0269
Step: 47900  Loss: 0.033061 Regul: 0.008372 Obj: 0.041432 (0.041192) Rank: 74 (75) Ttime: 5.5290 Vtime: 0.0268
Step: 48000  Loss: 0.033056 Regul: 0.008371 Obj: 0.041427 (0.041192) Rank: 74 (75) Ttime: 5.5186 Vtime: 0.0268
Step: 48100  Loss: 0.033024 Regul: 0.008370 Obj: 0.041395 (0.041192) Rank: 74 (75) Ttime: 5.5234 Vtime: 0.0270
Step: 48200  Loss: 0.033010 Regul: 0.008372 Obj: 0.041382 (0.041192) Rank: 74 (75) Ttime: 5.4356 Vtime: 0.0269
Step: 48300  Loss: 0.033023 Regul: 0.008371 Obj: 0.041393 (0.041192) Rank: 74 (75) Ttime: 5.5262 Vtime: 0.0268
Step: 48400  Loss: 0.033040 Regul: 0.008369 Obj: 0.041410 (0.041192) Rank: 74 (75) Ttime: 5.5028 Vtime: 0.0270
Step: 48500  Loss: 0.033051 Regul: 0.008369 Obj: 0.041420 (0.041192) Rank: 74 (75) Ttime: 5.5676 Vtime: 0.0265
Step: 48600  Loss: 0.033039 Regul: 0.008371 Obj: 0.041410 (0.041192) Rank: 74 (75) Ttime: 5.5326 Vtime: 0.0272
Step: 48700  Loss: 0.033006 Regul: 0.008371 Obj: 0.041378 (0.041192) Rank: 74 (75) Ttime: 5.5378 Vtime: 0.0268
Step: 48800  Loss: 0.033023 Regul: 0.008371 Obj: 0.041394 (0.041192) Rank: 74 (75) Ttime: 5.4959 Vtime: 0.0271
Step: 48900  Loss: 0.033025 Regul: 0.008368 Obj: 0.041394 (0.041192) Rank: 74 (75) Ttime: 5.4941 Vtime: 0.0267
Step: 49000  Loss: 0.033004 Regul: 0.008373 Obj: 0.041377 (0.041192) Rank: 74 (75) Ttime: 5.5163 Vtime: 0.0268
Step: 49100  Loss: 0.032999 Regul: 0.008374 Obj: 0.041374 (0.041192) Rank: 74 (75) Ttime: 5.4276 Vtime: 0.0270
Step: 49200  Loss: 0.033008 Regul: 0.008378 Obj: 0.041386 (0.041192) Rank: 74 (75) Ttime: 5.4616 Vtime: 0.0262
Step: 49300  Loss: 0.033030 Regul: 0.008377 Obj: 0.041406 (0.041192) Rank: 74 (75) Ttime: 5.4538 Vtime: 0.0271
Step: 49400  Loss: 0.033041 Regul: 0.008377 Obj: 0.041418 (0.041192) Rank: 74 (75) Ttime: 5.4480 Vtime: 0.0263
Step: 49500  Loss: 0.033050 Regul: 0.008380 Obj: 0.041430 (0.041192) Rank: 74 (75) Ttime: 5.4726 Vtime: 0.0266
Step: 49600  Loss: 0.033064 Regul: 0.008379 Obj: 0.041444 (0.041192) Rank: 74 (75) Ttime: 5.4157 Vtime: 0.0262
Step: 49700  Loss: 0.033085 Regul: 0.008377 Obj: 0.041462 (0.041192) Rank: 74 (75) Ttime: 5.4600 Vtime: 0.0268
Step: 49800  Loss: 0.033070 Regul: 0.008378 Obj: 0.041449 (0.041192) Rank: 74 (75) Ttime: 5.4362 Vtime: 0.0272
Step: 49900  Loss: 0.033073 Regul: 0.008380 Obj: 0.041453 (0.041192) Rank: 74 (75) Ttime: 5.4041 Vtime: 0.0266
Step: 50000  Loss: 0.033108 Regul: 0.008386 Obj: 0.041494 (0.041192) Rank: 74 (75) Ttime: 5.4771 Vtime: 0.0268
