mu: 0.001 gamma: 0.5 maxdim: 80 nIters: 50000
Load Labels: 500000
Load Distances: 500000 x 480
0...10...20...30...40...50...60...70...80...90...100 - done.
Positive samples #250000
Negative samples #250000
Positive train #200000
Negative train #200000
Positive valid #50000
Negative valid #50000

Found GPU: GeForce GTX 970
Compute Capability: 5.2

Best: 100  Loss: 0.089359 Regul: 0.015583 Obj: 0.104941 (0.104941) Rank: 129 (129) Ttime: 5.9175 Vtime: 0.0990
Stat: Dim/MaxDim [129/80] AUC: 0.979803 (0.979803) FPR95: 11.49 (11.49) [saved]
Best: 200  Loss: 0.052526 Regul: 0.010434 Obj: 0.062960 (0.062960) Rank: 106 (106) Ttime: 5.8277 Vtime: 0.0358
Stat: Dim/MaxDim [106/80] AUC: 0.983221 (0.983221) FPR95: 8.58 (8.58) [saved]
Best: 300  Loss: 0.045075 Regul: 0.008661 Obj: 0.053736 (0.053736) Rank: 97 (97) Ttime: 5.8996 Vtime: 0.0358
Stat: Dim/MaxDim [97/80] AUC: 0.984628 (0.984628) FPR95: 7.41 (7.41) [saved]
Best: 400  Loss: 0.042529 Regul: 0.007931 Obj: 0.050459 (0.050459) Rank: 91 (91) Ttime: 5.9670 Vtime: 0.0311
Stat: Dim/MaxDim [91/80] AUC: 0.985497 (0.985497) FPR95: 6.87 (6.87) [saved]
Best: 500  Loss: 0.041244 Regul: 0.007670 Obj: 0.048914 (0.048914) Rank: 86 (86) Ttime: 5.9650 Vtime: 0.0315
Stat: Dim/MaxDim [86/80] AUC: 0.985963 (0.985963) FPR95: 6.52 (6.52) [saved]
Best: 600  Loss: 0.040053 Regul: 0.007542 Obj: 0.047594 (0.047594) Rank: 86 (86) Ttime: 5.9200 Vtime: 0.0311
Stat: Dim/MaxDim [86/80] AUC: 0.986565 (0.986565) FPR95: 6.08 (6.08) [saved]
Best: 700  Loss: 0.039715 Regul: 0.007487 Obj: 0.047202 (0.047202) Rank: 85 (85) Ttime: 5.8994 Vtime: 0.0319
Stat: Dim/MaxDim [85/80] AUC: 0.986839 (0.986839) FPR95: 5.80 (5.80) [saved]
Best: 800  Loss: 0.038760 Regul: 0.007460 Obj: 0.046219 (0.046219) Rank: 84 (84) Ttime: 5.9218 Vtime: 0.0316
Stat: Dim/MaxDim [84/80] AUC: 0.987194 (0.987194) FPR95: 5.70 (5.70) [saved]
Best: 900  Loss: 0.038333 Regul: 0.007475 Obj: 0.045807 (0.045807) Rank: 84 (84) Ttime: 5.9419 Vtime: 0.0308
Stat: Dim/MaxDim [84/80] AUC: 0.987397 (0.987397) FPR95: 5.58 (5.58) [saved]
Step: 1000  Loss: 0.038470 Regul: 0.007470 Obj: 0.045940 (0.045807) Rank: 83 (84) Ttime: 5.8391 Vtime: 0.0308
Best: 1100  Loss: 0.038277 Regul: 0.007477 Obj: 0.045754 (0.045754) Rank: 82 (82) Ttime: 5.8465 Vtime: 0.0305
Stat: Dim/MaxDim [82/80] AUC: 0.987666 (0.987666) FPR95: 5.45 (5.45) [saved]
Best: 1200  Loss: 0.037645 Regul: 0.007483 Obj: 0.045128 (0.045128) Rank: 82 (82) Ttime: 5.8627 Vtime: 0.0306
Stat: Dim/MaxDim [82/80] AUC: 0.987855 (0.987855) FPR95: 5.32 (5.32) [saved]
Best: 1300  Loss: 0.037277 Regul: 0.007461 Obj: 0.044738 (0.044738) Rank: 82 (82) Ttime: 5.8392 Vtime: 0.0306
Stat: Dim/MaxDim [82/80] AUC: 0.987990 (0.987990) FPR95: 5.21 (5.21) [saved]
Best: 1400  Loss: 0.036678 Regul: 0.007459 Obj: 0.044137 (0.044137) Rank: 82 (82) Ttime: 5.7762 Vtime: 0.0309
Stat: Dim/MaxDim [82/80] AUC: 0.988194 (0.988194) FPR95: 5.10 (5.10) [saved]
Step: 1500  Loss: 0.036929 Regul: 0.007488 Obj: 0.044418 (0.044137) Rank: 81 (82) Ttime: 5.8161 Vtime: 0.0310
Best: 1600  Loss: 0.036371 Regul: 0.007534 Obj: 0.043906 (0.043906) Rank: 81 (81) Ttime: 5.7859 Vtime: 0.0311
Stat: Dim/MaxDim [81/80] AUC: 0.988397 (0.988397) FPR95: 4.98 (4.98) [saved]
Step: 1700  Loss: 0.036516 Regul: 0.007533 Obj: 0.044049 (0.043906) Rank: 81 (81) Ttime: 5.7131 Vtime: 0.0306
Best: 1800  Loss: 0.036214 Regul: 0.007545 Obj: 0.043758 (0.043758) Rank: 81 (81) Ttime: 5.7667 Vtime: 0.0308
Stat: Dim/MaxDim [81/80] AUC: 0.988608 (0.988608) FPR95: 4.82 (4.82) [saved]
Best: 1900  Loss: 0.035942 Regul: 0.007531 Obj: 0.043473 (0.043473) Rank: 81 (81) Ttime: 5.7156 Vtime: 0.0303
Stat: Dim/MaxDim [81/80] AUC: 0.988650 (0.988608) FPR95: 4.83 (4.82)
Step: 2000  Loss: 0.036016 Regul: 0.007539 Obj: 0.043555 (0.043473) Rank: 81 (81) Ttime: 5.7094 Vtime: 0.0305
Step: 2100  Loss: 0.035974 Regul: 0.007535 Obj: 0.043509 (0.043473) Rank: 80 (81) Ttime: 5.7412 Vtime: 0.0269
Best: 2200  Loss: 0.035764 Regul: 0.007552 Obj: 0.043315 (0.043315) Rank: 81 (81) Ttime: 5.6449 Vtime: 0.0313
Stat: Dim/MaxDim [81/80] AUC: 0.988805 (0.988805) FPR95: 4.65 (4.65) [saved]
Step: 2300  Loss: 0.035765 Regul: 0.007568 Obj: 0.043333 (0.043315) Rank: 80 (81) Ttime: 5.7306 Vtime: 0.0268
Best: 2400  Loss: 0.035286 Regul: 0.007586 Obj: 0.042871 (0.042871) Rank: 80 (80) Ttime: 5.6991 Vtime: 0.0271
Stat: Dim/MaxDim [80/80] AUC: 0.988950 (0.988950) FPR95: 4.61 (4.61) [saved]
Step: 2500  Loss: 0.035466 Regul: 0.007615 Obj: 0.043081 (0.042871) Rank: 79 (80) Ttime: 5.6596 Vtime: 0.0268
Step: 2600  Loss: 0.035498 Regul: 0.007622 Obj: 0.043121 (0.042871) Rank: 79 (80) Ttime: 5.6609 Vtime: 0.0269
Best: 2700  Loss: 0.035138 Regul: 0.007641 Obj: 0.042778 (0.042778) Rank: 79 (79) Ttime: 5.6158 Vtime: 0.0265
Stat: Dim/MaxDim [79/80] AUC: 0.989067 (0.989067) FPR95: 4.50 (4.50) [saved]
Step: 2800  Loss: 0.035210 Regul: 0.007660 Obj: 0.042869 (0.042778) Rank: 79 (79) Ttime: 5.6967 Vtime: 0.0265
Step: 2900  Loss: 0.035368 Regul: 0.007679 Obj: 0.043046 (0.042778) Rank: 79 (79) Ttime: 5.6700 Vtime: 0.0265
Step: 3000  Loss: 0.035310 Regul: 0.007668 Obj: 0.042978 (0.042778) Rank: 78 (79) Ttime: 5.6783 Vtime: 0.0274
Best: 3100  Loss: 0.034867 Regul: 0.007705 Obj: 0.042572 (0.042572) Rank: 79 (79) Ttime: 5.6552 Vtime: 0.0269
Stat: Dim/MaxDim [79/80] AUC: 0.989222 (0.989222) FPR95: 4.48 (4.48) [saved]
Best: 3200  Loss: 0.034758 Regul: 0.007703 Obj: 0.042462 (0.042462) Rank: 79 (79) Ttime: 5.6974 Vtime: 0.0268
Stat: Dim/MaxDim [79/80] AUC: 0.989326 (0.989326) FPR95: 4.44 (4.44) [saved]
Best: 3300  Loss: 0.034668 Regul: 0.007704 Obj: 0.042373 (0.042373) Rank: 79 (79) Ttime: 5.6147 Vtime: 0.0274
Stat: Dim/MaxDim [79/80] AUC: 0.989310 (0.989326) FPR95: 4.45 (4.44)
Step: 3400  Loss: 0.034742 Regul: 0.007718 Obj: 0.042460 (0.042373) Rank: 78 (79) Ttime: 5.7403 Vtime: 0.0271
Step: 3500  Loss: 0.034834 Regul: 0.007737 Obj: 0.042571 (0.042373) Rank: 78 (79) Ttime: 5.6078 Vtime: 0.0260
Step: 3600  Loss: 0.034950 Regul: 0.007737 Obj: 0.042687 (0.042373) Rank: 78 (79) Ttime: 5.6167 Vtime: 0.0265
Step: 3700  Loss: 0.034880 Regul: 0.007753 Obj: 0.042633 (0.042373) Rank: 78 (79) Ttime: 5.5929 Vtime: 0.0267
Step: 3800  Loss: 0.034803 Regul: 0.007770 Obj: 0.042573 (0.042373) Rank: 78 (79) Ttime: 5.5621 Vtime: 0.0265
Step: 3900  Loss: 0.034940 Regul: 0.007778 Obj: 0.042717 (0.042373) Rank: 78 (79) Ttime: 5.5954 Vtime: 0.0262
Step: 4000  Loss: 0.034724 Regul: 0.007801 Obj: 0.042525 (0.042373) Rank: 78 (79) Ttime: 5.6179 Vtime: 0.0273
Step: 4100  Loss: 0.034738 Regul: 0.007798 Obj: 0.042536 (0.042373) Rank: 78 (79) Ttime: 5.6564 Vtime: 0.0275
Step: 4200  Loss: 0.034667 Regul: 0.007819 Obj: 0.042485 (0.042373) Rank: 78 (79) Ttime: 5.6297 Vtime: 0.0269
Step: 4300  Loss: 0.034657 Regul: 0.007833 Obj: 0.042490 (0.042373) Rank: 78 (79) Ttime: 5.6053 Vtime: 0.0276
Best: 4400  Loss: 0.034533 Regul: 0.007835 Obj: 0.042368 (0.042368) Rank: 78 (78) Ttime: 5.6419 Vtime: 0.0273
Stat: Dim/MaxDim [78/80] AUC: 0.989606 (0.989606) FPR95: 4.27 (4.27) [saved]
Best: 4500  Loss: 0.034400 Regul: 0.007848 Obj: 0.042247 (0.042247) Rank: 77 (77) Ttime: 5.6882 Vtime: 0.0269
Stat: Dim/MaxDim [77/80] AUC: 0.989628 (0.989628) FPR95: 4.25 (4.25) [saved]
Step: 4600  Loss: 0.034433 Regul: 0.007848 Obj: 0.042281 (0.042247) Rank: 78 (77) Ttime: 5.5872 Vtime: 0.0268
Step: 4700  Loss: 0.034699 Regul: 0.007860 Obj: 0.042559 (0.042247) Rank: 79 (77) Ttime: 5.6224 Vtime: 0.0271
Step: 4800  Loss: 0.034442 Regul: 0.007894 Obj: 0.042336 (0.042247) Rank: 78 (77) Ttime: 5.5035 Vtime: 0.0274
Step: 4900  Loss: 0.034542 Regul: 0.007901 Obj: 0.042443 (0.042247) Rank: 78 (77) Ttime: 5.5462 Vtime: 0.0269
Best: 5000  Loss: 0.034335 Regul: 0.007910 Obj: 0.042244 (0.042244) Rank: 78 (78) Ttime: 5.4373 Vtime: 0.0267
Stat: Dim/MaxDim [78/80] AUC: 0.989679 (0.989679) FPR95: 4.20 (4.20) [saved]
Step: 5100  Loss: 0.034440 Regul: 0.007902 Obj: 0.042343 (0.042244) Rank: 78 (78) Ttime: 5.5478 Vtime: 0.0267
Step: 5200  Loss: 0.034474 Regul: 0.007910 Obj: 0.042385 (0.042244) Rank: 78 (78) Ttime: 5.4937 Vtime: 0.0266
Step: 5300  Loss: 0.034595 Regul: 0.007915 Obj: 0.042510 (0.042244) Rank: 78 (78) Ttime: 5.4781 Vtime: 0.0268
Step: 5400  Loss: 0.034596 Regul: 0.007922 Obj: 0.042519 (0.042244) Rank: 78 (78) Ttime: 5.5162 Vtime: 0.0269
Step: 5500  Loss: 0.034331 Regul: 0.007922 Obj: 0.042252 (0.042244) Rank: 78 (78) Ttime: 5.4768 Vtime: 0.0272
Step: 5600  Loss: 0.034374 Regul: 0.007940 Obj: 0.042314 (0.042244) Rank: 77 (78) Ttime: 5.5106 Vtime: 0.0278
Step: 5700  Loss: 0.034317 Regul: 0.007937 Obj: 0.042254 (0.042244) Rank: 77 (78) Ttime: 5.5109 Vtime: 0.0270
Step: 5800  Loss: 0.034339 Regul: 0.007935 Obj: 0.042274 (0.042244) Rank: 77 (78) Ttime: 5.5857 Vtime: 0.0270
Step: 5900  Loss: 0.034315 Regul: 0.007948 Obj: 0.042262 (0.042244) Rank: 78 (78) Ttime: 5.5765 Vtime: 0.0276
Best: 6000  Loss: 0.034221 Regul: 0.007956 Obj: 0.042177 (0.042177) Rank: 78 (78) Ttime: 5.5029 Vtime: 0.0271
Stat: Dim/MaxDim [78/80] AUC: 0.989812 (0.989812) FPR95: 4.13 (4.13) [saved]
Step: 6100  Loss: 0.034562 Regul: 0.007959 Obj: 0.042520 (0.042177) Rank: 77 (78) Ttime: 5.5414 Vtime: 0.0276
Step: 6200  Loss: 0.034340 Regul: 0.007961 Obj: 0.042302 (0.042177) Rank: 77 (78) Ttime: 5.4939 Vtime: 0.0274
Step: 6300  Loss: 0.034255 Regul: 0.007967 Obj: 0.042223 (0.042177) Rank: 78 (78) Ttime: 5.4611 Vtime: 0.0274
Step: 6400  Loss: 0.034239 Regul: 0.007977 Obj: 0.042216 (0.042177) Rank: 78 (78) Ttime: 5.5320 Vtime: 0.0267
Step: 6500  Loss: 0.034238 Regul: 0.007991 Obj: 0.042229 (0.042177) Rank: 78 (78) Ttime: 5.4892 Vtime: 0.0267
Best: 6600  Loss: 0.034008 Regul: 0.007983 Obj: 0.041991 (0.041991) Rank: 78 (78) Ttime: 5.5523 Vtime: 0.0269
Stat: Dim/MaxDim [78/80] AUC: 0.989952 (0.989952) FPR95: 4.08 (4.08) [saved]
Step: 6700  Loss: 0.034055 Regul: 0.007996 Obj: 0.042051 (0.041991) Rank: 78 (78) Ttime: 5.5149 Vtime: 0.0264
Step: 6800  Loss: 0.034176 Regul: 0.008000 Obj: 0.042177 (0.041991) Rank: 78 (78) Ttime: 5.5444 Vtime: 0.0269
Best: 6900  Loss: 0.033960 Regul: 0.008010 Obj: 0.041970 (0.041970) Rank: 78 (78) Ttime: 5.5236 Vtime: 0.0268
Stat: Dim/MaxDim [78/80] AUC: 0.989974 (0.989952) FPR95: 4.09 (4.08)
Step: 7000  Loss: 0.034051 Regul: 0.008013 Obj: 0.042064 (0.041970) Rank: 78 (78) Ttime: 5.4208 Vtime: 0.0262
Step: 7100  Loss: 0.034030 Regul: 0.008050 Obj: 0.042079 (0.041970) Rank: 78 (78) Ttime: 5.5612 Vtime: 0.0262
Step: 7200  Loss: 0.034055 Regul: 0.008050 Obj: 0.042105 (0.041970) Rank: 78 (78) Ttime: 5.5123 Vtime: 0.0268
Step: 7300  Loss: 0.034039 Regul: 0.008061 Obj: 0.042100 (0.041970) Rank: 78 (78) Ttime: 5.5180 Vtime: 0.0265
Step: 7400  Loss: 0.033990 Regul: 0.008071 Obj: 0.042061 (0.041970) Rank: 78 (78) Ttime: 5.4742 Vtime: 0.0264
Step: 7500  Loss: 0.034204 Regul: 0.008075 Obj: 0.042279 (0.041970) Rank: 78 (78) Ttime: 5.5043 Vtime: 0.0263
Step: 7600  Loss: 0.034144 Regul: 0.008074 Obj: 0.042218 (0.041970) Rank: 78 (78) Ttime: 5.4445 Vtime: 0.0270
Step: 7700  Loss: 0.034183 Regul: 0.008079 Obj: 0.042262 (0.041970) Rank: 78 (78) Ttime: 5.5058 Vtime: 0.0266
Step: 7800  Loss: 0.034034 Regul: 0.008093 Obj: 0.042128 (0.041970) Rank: 78 (78) Ttime: 5.4839 Vtime: 0.0271
Step: 7900  Loss: 0.033984 Regul: 0.008118 Obj: 0.042102 (0.041970) Rank: 78 (78) Ttime: 5.4697 Vtime: 0.0266
Step: 8000  Loss: 0.033930 Regul: 0.008126 Obj: 0.042056 (0.041970) Rank: 79 (78) Ttime: 5.4878 Vtime: 0.0276
Step: 8100  Loss: 0.033995 Regul: 0.008130 Obj: 0.042125 (0.041970) Rank: 78 (78) Ttime: 5.4726 Vtime: 0.0271
Step: 8200  Loss: 0.033899 Regul: 0.008132 Obj: 0.042031 (0.041970) Rank: 79 (78) Ttime: 5.4497 Vtime: 0.0273
Step: 8300  Loss: 0.033999 Regul: 0.008140 Obj: 0.042139 (0.041970) Rank: 78 (78) Ttime: 5.5262 Vtime: 0.0276
Step: 8400  Loss: 0.033886 Regul: 0.008144 Obj: 0.042030 (0.041970) Rank: 79 (78) Ttime: 5.5443 Vtime: 0.0279
Step: 8500  Loss: 0.033970 Regul: 0.008148 Obj: 0.042117 (0.041970) Rank: 79 (78) Ttime: 5.4548 Vtime: 0.0272
Best: 8600  Loss: 0.033786 Regul: 0.008162 Obj: 0.041948 (0.041948) Rank: 78 (78) Ttime: 5.4514 Vtime: 0.0274
Stat: Dim/MaxDim [78/80] AUC: 0.990154 (0.990154) FPR95: 3.95 (3.95) [saved]
Step: 8700  Loss: 0.033897 Regul: 0.008158 Obj: 0.042055 (0.041948) Rank: 78 (78) Ttime: 5.4754 Vtime: 0.0271
Step: 8800  Loss: 0.033891 Regul: 0.008161 Obj: 0.042052 (0.041948) Rank: 78 (78) Ttime: 5.4654 Vtime: 0.0272
Step: 8900  Loss: 0.033910 Regul: 0.008170 Obj: 0.042080 (0.041948) Rank: 78 (78) Ttime: 5.4294 Vtime: 0.0272
Step: 9000  Loss: 0.033906 Regul: 0.008175 Obj: 0.042081 (0.041948) Rank: 78 (78) Ttime: 5.5123 Vtime: 0.0268
Best: 9100  Loss: 0.033733 Regul: 0.008197 Obj: 0.041930 (0.041930) Rank: 78 (78) Ttime: 5.5000 Vtime: 0.0267
Stat: Dim/MaxDim [78/80] AUC: 0.990157 (0.990157) FPR95: 3.89 (3.89) [saved]
Step: 9200  Loss: 0.033898 Regul: 0.008198 Obj: 0.042096 (0.041930) Rank: 78 (78) Ttime: 5.4798 Vtime: 0.0270
Step: 9300  Loss: 0.033779 Regul: 0.008205 Obj: 0.041984 (0.041930) Rank: 78 (78) Ttime: 5.4800 Vtime: 0.0270
Best: 9400  Loss: 0.033650 Regul: 0.008215 Obj: 0.041865 (0.041865) Rank: 78 (78) Ttime: 5.4745 Vtime: 0.0269
Stat: Dim/MaxDim [78/80] AUC: 0.990186 (0.990157) FPR95: 3.92 (3.89)
Step: 9500  Loss: 0.033739 Regul: 0.008227 Obj: 0.041966 (0.041865) Rank: 78 (78) Ttime: 5.4800 Vtime: 0.0268
Step: 9600  Loss: 0.033886 Regul: 0.008230 Obj: 0.042117 (0.041865) Rank: 78 (78) Ttime: 5.4145 Vtime: 0.0272
Step: 9700  Loss: 0.033795 Regul: 0.008237 Obj: 0.042032 (0.041865) Rank: 78 (78) Ttime: 5.4374 Vtime: 0.0275
Step: 9800  Loss: 0.033834 Regul: 0.008242 Obj: 0.042076 (0.041865) Rank: 78 (78) Ttime: 5.5126 Vtime: 0.0274
Step: 9900  Loss: 0.033858 Regul: 0.008238 Obj: 0.042096 (0.041865) Rank: 78 (78) Ttime: 5.4295 Vtime: 0.0269
Step: 10000  Loss: 0.033903 Regul: 0.008248 Obj: 0.042150 (0.041865) Rank: 78 (78) Ttime: 5.3873 Vtime: 0.0264
Step: 10100  Loss: 0.033972 Regul: 0.008249 Obj: 0.042221 (0.041865) Rank: 78 (78) Ttime: 5.3369 Vtime: 0.0274
Step: 10200  Loss: 0.033860 Regul: 0.008262 Obj: 0.042122 (0.041865) Rank: 78 (78) Ttime: 5.4635 Vtime: 0.0267
Step: 10300  Loss: 0.033890 Regul: 0.008259 Obj: 0.042149 (0.041865) Rank: 78 (78) Ttime: 5.4195 Vtime: 0.0270
Step: 10400  Loss: 0.033833 Regul: 0.008270 Obj: 0.042103 (0.041865) Rank: 78 (78) Ttime: 5.4405 Vtime: 0.0273
Step: 10500  Loss: 0.033738 Regul: 0.008282 Obj: 0.042021 (0.041865) Rank: 78 (78) Ttime: 5.4000 Vtime: 0.0275
Step: 10600  Loss: 0.033750 Regul: 0.008288 Obj: 0.042038 (0.041865) Rank: 78 (78) Ttime: 5.4116 Vtime: 0.0270
Step: 10700  Loss: 0.033705 Regul: 0.008299 Obj: 0.042004 (0.041865) Rank: 78 (78) Ttime: 5.3624 Vtime: 0.0278
Step: 10800  Loss: 0.033614 Regul: 0.008300 Obj: 0.041914 (0.041865) Rank: 78 (78) Ttime: 5.3578 Vtime: 0.0269
Best: 10900  Loss: 0.033496 Regul: 0.008311 Obj: 0.041807 (0.041807) Rank: 78 (78) Ttime: 5.3842 Vtime: 0.0269
Stat: Dim/MaxDim [78/80] AUC: 0.990313 (0.990313) FPR95: 3.85 (3.85) [saved]
Step: 11000  Loss: 0.033591 Regul: 0.008321 Obj: 0.041913 (0.041807) Rank: 78 (78) Ttime: 5.4100 Vtime: 0.0273
Step: 11100  Loss: 0.033521 Regul: 0.008317 Obj: 0.041838 (0.041807) Rank: 78 (78) Ttime: 5.4210 Vtime: 0.0267
Step: 11200  Loss: 0.033597 Regul: 0.008309 Obj: 0.041907 (0.041807) Rank: 78 (78) Ttime: 5.3285 Vtime: 0.0276
Step: 11300  Loss: 0.033629 Regul: 0.008311 Obj: 0.041941 (0.041807) Rank: 78 (78) Ttime: 5.4048 Vtime: 0.0271
Step: 11400  Loss: 0.033601 Regul: 0.008298 Obj: 0.041899 (0.041807) Rank: 78 (78) Ttime: 5.3294 Vtime: 0.0272
Step: 11500  Loss: 0.033649 Regul: 0.008291 Obj: 0.041940 (0.041807) Rank: 78 (78) Ttime: 5.3297 Vtime: 0.0268
Step: 11600  Loss: 0.033655 Regul: 0.008293 Obj: 0.041948 (0.041807) Rank: 78 (78) Ttime: 5.4277 Vtime: 0.0273
Step: 11700  Loss: 0.033557 Regul: 0.008289 Obj: 0.041847 (0.041807) Rank: 78 (78) Ttime: 5.4098 Vtime: 0.0270
Best: 11800  Loss: 0.033504 Regul: 0.008294 Obj: 0.041798 (0.041798) Rank: 78 (78) Ttime: 5.3096 Vtime: 0.0267
Stat: Dim/MaxDim [78/80] AUC: 0.990332 (0.990313) FPR95: 3.86 (3.85)
Step: 11900  Loss: 0.033520 Regul: 0.008308 Obj: 0.041828 (0.041798) Rank: 78 (78) Ttime: 5.3623 Vtime: 0.0269
Step: 12000  Loss: 0.033528 Regul: 0.008299 Obj: 0.041827 (0.041798) Rank: 78 (78) Ttime: 5.3641 Vtime: 0.0267
Step: 12100  Loss: 0.033599 Regul: 0.008311 Obj: 0.041910 (0.041798) Rank: 78 (78) Ttime: 5.3449 Vtime: 0.0273
Step: 12200  Loss: 0.033559 Regul: 0.008309 Obj: 0.041868 (0.041798) Rank: 78 (78) Ttime: 5.3831 Vtime: 0.0273
Step: 12300  Loss: 0.033625 Regul: 0.008303 Obj: 0.041928 (0.041798) Rank: 78 (78) Ttime: 5.3205 Vtime: 0.0272
Step: 12400  Loss: 0.033709 Regul: 0.008302 Obj: 0.042011 (0.041798) Rank: 78 (78) Ttime: 5.4352 Vtime: 0.0275
Step: 12500  Loss: 0.033634 Regul: 0.008292 Obj: 0.041926 (0.041798) Rank: 78 (78) Ttime: 5.3813 Vtime: 0.0271
Step: 12600  Loss: 0.033598 Regul: 0.008300 Obj: 0.041898 (0.041798) Rank: 78 (78) Ttime: 5.3587 Vtime: 0.0270
Step: 12700  Loss: 0.033716 Regul: 0.008301 Obj: 0.042018 (0.041798) Rank: 78 (78) Ttime: 5.2865 Vtime: 0.0270
Step: 12800  Loss: 0.033711 Regul: 0.008303 Obj: 0.042014 (0.041798) Rank: 78 (78) Ttime: 5.3108 Vtime: 0.0273
Step: 12900  Loss: 0.033595 Regul: 0.008301 Obj: 0.041896 (0.041798) Rank: 78 (78) Ttime: 5.3823 Vtime: 0.0267
Step: 13000  Loss: 0.033595 Regul: 0.008295 Obj: 0.041891 (0.041798) Rank: 78 (78) Ttime: 5.4449 Vtime: 0.0271
Step: 13100  Loss: 0.033497 Regul: 0.008308 Obj: 0.041806 (0.041798) Rank: 77 (78) Ttime: 5.3831 Vtime: 0.0274
Best: 13200  Loss: 0.033491 Regul: 0.008307 Obj: 0.041798 (0.041798) Rank: 78 (78) Ttime: 5.4296 Vtime: 0.0273
Stat: Dim/MaxDim [78/80] AUC: 0.990379 (0.990313) FPR95: 3.86 (3.85)
Step: 13300  Loss: 0.033556 Regul: 0.008322 Obj: 0.041878 (0.041798) Rank: 78 (78) Ttime: 5.4617 Vtime: 0.0272
Step: 13400  Loss: 0.033539 Regul: 0.008321 Obj: 0.041860 (0.041798) Rank: 78 (78) Ttime: 5.3861 Vtime: 0.0270
Step: 13500  Loss: 0.033549 Regul: 0.008331 Obj: 0.041881 (0.041798) Rank: 78 (78) Ttime: 5.4200 Vtime: 0.0270
Step: 13600  Loss: 0.033503 Regul: 0.008343 Obj: 0.041846 (0.041798) Rank: 78 (78) Ttime: 5.4356 Vtime: 0.0270
Best: 13700  Loss: 0.033441 Regul: 0.008345 Obj: 0.041786 (0.041786) Rank: 78 (78) Ttime: 5.4441 Vtime: 0.0268
Stat: Dim/MaxDim [78/80] AUC: 0.990381 (0.990313) FPR95: 3.90 (3.85)
Step: 13800  Loss: 0.033512 Regul: 0.008346 Obj: 0.041858 (0.041786) Rank: 78 (78) Ttime: 5.4685 Vtime: 0.0270
Step: 13900  Loss: 0.033455 Regul: 0.008351 Obj: 0.041806 (0.041786) Rank: 78 (78) Ttime: 5.4425 Vtime: 0.0271
Step: 14000  Loss: 0.033445 Regul: 0.008373 Obj: 0.041818 (0.041786) Rank: 78 (78) Ttime: 5.5346 Vtime: 0.0270
Step: 14100  Loss: 0.033470 Regul: 0.008375 Obj: 0.041844 (0.041786) Rank: 78 (78) Ttime: 5.6094 Vtime: 0.0271
Step: 14200  Loss: 0.033539 Regul: 0.008377 Obj: 0.041915 (0.041786) Rank: 78 (78) Ttime: 5.5191 Vtime: 0.0268
Step: 14300  Loss: 0.033513 Regul: 0.008380 Obj: 0.041893 (0.041786) Rank: 78 (78) Ttime: 5.5011 Vtime: 0.0269
Step: 14400  Loss: 0.033561 Regul: 0.008387 Obj: 0.041948 (0.041786) Rank: 78 (78) Ttime: 5.4735 Vtime: 0.0269
Step: 14500  Loss: 0.033508 Regul: 0.008399 Obj: 0.041907 (0.041786) Rank: 77 (78) Ttime: 5.4427 Vtime: 0.0274
Step: 14600  Loss: 0.033484 Regul: 0.008407 Obj: 0.041891 (0.041786) Rank: 77 (78) Ttime: 5.4852 Vtime: 0.0268
Step: 14700  Loss: 0.033479 Regul: 0.008406 Obj: 0.041885 (0.041786) Rank: 77 (78) Ttime: 5.3961 Vtime: 0.0269
Step: 14800  Loss: 0.033427 Regul: 0.008417 Obj: 0.041844 (0.041786) Rank: 77 (78) Ttime: 5.3945 Vtime: 0.0274
Best: 14900  Loss: 0.033276 Regul: 0.008424 Obj: 0.041700 (0.041700) Rank: 77 (77) Ttime: 5.4323 Vtime: 0.0273
Stat: Dim/MaxDim [77/80] AUC: 0.990468 (0.990468) FPR95: 3.76 (3.76) [saved]
Best: 15000  Loss: 0.033193 Regul: 0.008428 Obj: 0.041621 (0.041621) Rank: 77 (77) Ttime: 5.4338 Vtime: 0.0264
Stat: Dim/MaxDim [77/80] AUC: 0.990473 (0.990468) FPR95: 3.83 (3.76)
Step: 15100  Loss: 0.033229 Regul: 0.008428 Obj: 0.041657 (0.041621) Rank: 77 (77) Ttime: 5.3696 Vtime: 0.0268
Step: 15200  Loss: 0.033275 Regul: 0.008420 Obj: 0.041695 (0.041621) Rank: 78 (77) Ttime: 5.3961 Vtime: 0.0275
Step: 15300  Loss: 0.033421 Regul: 0.008421 Obj: 0.041842 (0.041621) Rank: 78 (77) Ttime: 5.3694 Vtime: 0.0272
Step: 15400  Loss: 0.033595 Regul: 0.008416 Obj: 0.042011 (0.041621) Rank: 78 (77) Ttime: 5.4153 Vtime: 0.0272
Step: 15500  Loss: 0.033494 Regul: 0.008420 Obj: 0.041914 (0.041621) Rank: 77 (77) Ttime: 5.3829 Vtime: 0.0280
Step: 15600  Loss: 0.033517 Regul: 0.008422 Obj: 0.041939 (0.041621) Rank: 78 (77) Ttime: 5.3767 Vtime: 0.0274
Step: 15700  Loss: 0.033569 Regul: 0.008419 Obj: 0.041988 (0.041621) Rank: 78 (77) Ttime: 5.3692 Vtime: 0.0273
Step: 15800  Loss: 0.033483 Regul: 0.008416 Obj: 0.041899 (0.041621) Rank: 78 (77) Ttime: 5.2970 Vtime: 0.0268
Step: 15900  Loss: 0.033414 Regul: 0.008430 Obj: 0.041844 (0.041621) Rank: 78 (77) Ttime: 5.3461 Vtime: 0.0271
Step: 16000  Loss: 0.033445 Regul: 0.008435 Obj: 0.041880 (0.041621) Rank: 78 (77) Ttime: 5.3252 Vtime: 0.0267
Step: 16100  Loss: 0.033473 Regul: 0.008431 Obj: 0.041904 (0.041621) Rank: 78 (77) Ttime: 5.3505 Vtime: 0.0266
Step: 16200  Loss: 0.033498 Regul: 0.008431 Obj: 0.041929 (0.041621) Rank: 78 (77) Ttime: 5.3500 Vtime: 0.0269
Step: 16300  Loss: 0.033501 Regul: 0.008432 Obj: 0.041933 (0.041621) Rank: 78 (77) Ttime: 5.3123 Vtime: 0.0266
Step: 16400  Loss: 0.033421 Regul: 0.008432 Obj: 0.041853 (0.041621) Rank: 78 (77) Ttime: 5.3349 Vtime: 0.0267
Step: 16500  Loss: 0.033415 Regul: 0.008429 Obj: 0.041844 (0.041621) Rank: 78 (77) Ttime: 5.3712 Vtime: 0.0267
Step: 16600  Loss: 0.033407 Regul: 0.008436 Obj: 0.041843 (0.041621) Rank: 77 (77) Ttime: 5.4314 Vtime: 0.0275
Step: 16700  Loss: 0.033350 Regul: 0.008447 Obj: 0.041798 (0.041621) Rank: 77 (77) Ttime: 5.5432 Vtime: 0.0271
Step: 16800  Loss: 0.033337 Regul: 0.008458 Obj: 0.041796 (0.041621) Rank: 77 (77) Ttime: 5.4329 Vtime: 0.0269
Step: 16900  Loss: 0.033348 Regul: 0.008468 Obj: 0.041816 (0.041621) Rank: 77 (77) Ttime: 5.4015 Vtime: 0.0270
Step: 17000  Loss: 0.033397 Regul: 0.008463 Obj: 0.041860 (0.041621) Rank: 77 (77) Ttime: 5.3653 Vtime: 0.0271
Step: 17100  Loss: 0.033357 Regul: 0.008473 Obj: 0.041830 (0.041621) Rank: 77 (77) Ttime: 5.3781 Vtime: 0.0271
Step: 17200  Loss: 0.033413 Regul: 0.008477 Obj: 0.041890 (0.041621) Rank: 77 (77) Ttime: 5.3972 Vtime: 0.0270
Step: 17300  Loss: 0.033361 Regul: 0.008485 Obj: 0.041846 (0.041621) Rank: 78 (77) Ttime: 5.4472 Vtime: 0.0276
Step: 17400  Loss: 0.033412 Regul: 0.008493 Obj: 0.041904 (0.041621) Rank: 77 (77) Ttime: 5.4260 Vtime: 0.0273
Step: 17500  Loss: 0.033487 Regul: 0.008493 Obj: 0.041981 (0.041621) Rank: 78 (77) Ttime: 5.4706 Vtime: 0.0272
Step: 17600  Loss: 0.033478 Regul: 0.008495 Obj: 0.041973 (0.041621) Rank: 78 (77) Ttime: 5.4323 Vtime: 0.0268
Step: 17700  Loss: 0.033372 Regul: 0.008503 Obj: 0.041876 (0.041621) Rank: 77 (77) Ttime: 5.3084 Vtime: 0.0275
Step: 17800  Loss: 0.033280 Regul: 0.008512 Obj: 0.041792 (0.041621) Rank: 78 (77) Ttime: 5.3465 Vtime: 0.0278
Step: 17900  Loss: 0.033286 Regul: 0.008513 Obj: 0.041799 (0.041621) Rank: 78 (77) Ttime: 5.3191 Vtime: 0.0270
Step: 18000  Loss: 0.033420 Regul: 0.008508 Obj: 0.041928 (0.041621) Rank: 78 (77) Ttime: 5.3485 Vtime: 0.0273
Step: 18100  Loss: 0.033323 Regul: 0.008509 Obj: 0.041832 (0.041621) Rank: 78 (77) Ttime: 5.3525 Vtime: 0.0267
Step: 18200  Loss: 0.033292 Regul: 0.008504 Obj: 0.041797 (0.041621) Rank: 78 (77) Ttime: 5.2985 Vtime: 0.0271
Step: 18300  Loss: 0.033346 Regul: 0.008508 Obj: 0.041854 (0.041621) Rank: 78 (77) Ttime: 5.2959 Vtime: 0.0273
Step: 18400  Loss: 0.033279 Regul: 0.008511 Obj: 0.041789 (0.041621) Rank: 78 (77) Ttime: 5.3574 Vtime: 0.0273
Step: 18500  Loss: 0.033247 Regul: 0.008505 Obj: 0.041752 (0.041621) Rank: 78 (77) Ttime: 5.3332 Vtime: 0.0272
Step: 18600  Loss: 0.033198 Regul: 0.008501 Obj: 0.041698 (0.041621) Rank: 78 (77) Ttime: 5.3217 Vtime: 0.0270
Step: 18700  Loss: 0.033244 Regul: 0.008502 Obj: 0.041745 (0.041621) Rank: 78 (77) Ttime: 5.4323 Vtime: 0.0268
Step: 18800  Loss: 0.033267 Regul: 0.008503 Obj: 0.041770 (0.041621) Rank: 78 (77) Ttime: 5.4090 Vtime: 0.0269
Step: 18900  Loss: 0.033157 Regul: 0.008507 Obj: 0.041664 (0.041621) Rank: 78 (77) Ttime: 5.3708 Vtime: 0.0265
Step: 19000  Loss: 0.033106 Regul: 0.008517 Obj: 0.041622 (0.041621) Rank: 78 (77) Ttime: 5.3397 Vtime: 0.0267
Step: 19100  Loss: 0.033252 Regul: 0.008521 Obj: 0.041773 (0.041621) Rank: 78 (77) Ttime: 5.3431 Vtime: 0.0270
Step: 19200  Loss: 0.033157 Regul: 0.008534 Obj: 0.041691 (0.041621) Rank: 78 (77) Ttime: 5.3696 Vtime: 0.0272
Step: 19300  Loss: 0.033132 Regul: 0.008531 Obj: 0.041662 (0.041621) Rank: 78 (77) Ttime: 5.3781 Vtime: 0.0272
Step: 19400  Loss: 0.033159 Regul: 0.008529 Obj: 0.041688 (0.041621) Rank: 78 (77) Ttime: 5.3293 Vtime: 0.0274
Step: 19500  Loss: 0.033146 Regul: 0.008537 Obj: 0.041682 (0.041621) Rank: 78 (77) Ttime: 5.2982 Vtime: 0.0271
Step: 19600  Loss: 0.033208 Regul: 0.008537 Obj: 0.041746 (0.041621) Rank: 78 (77) Ttime: 5.3926 Vtime: 0.0271
Step: 19700  Loss: 0.033290 Regul: 0.008540 Obj: 0.041830 (0.041621) Rank: 78 (77) Ttime: 5.3707 Vtime: 0.0272
Step: 19800  Loss: 0.033283 Regul: 0.008536 Obj: 0.041819 (0.041621) Rank: 78 (77) Ttime: 5.3095 Vtime: 0.0272
Step: 19900  Loss: 0.033256 Regul: 0.008541 Obj: 0.041797 (0.041621) Rank: 78 (77) Ttime: 5.3273 Vtime: 0.0270
Best: 20000  Loss: 0.033069 Regul: 0.008550 Obj: 0.041619 (0.041619) Rank: 78 (78) Ttime: 5.5005 Vtime: 0.0273
Stat: Dim/MaxDim [78/80] AUC: 0.990642 (0.990642) FPR95: 3.62 (3.62) [saved]
Best: 20100  Loss: 0.032975 Regul: 0.008557 Obj: 0.041533 (0.041533) Rank: 78 (78) Ttime: 5.3824 Vtime: 0.0274
Stat: Dim/MaxDim [78/80] AUC: 0.990641 (0.990642) FPR95: 3.65 (3.62)
Step: 20200  Loss: 0.033037 Regul: 0.008563 Obj: 0.041600 (0.041533) Rank: 78 (78) Ttime: 5.3575 Vtime: 0.0275
Step: 20300  Loss: 0.033180 Regul: 0.008568 Obj: 0.041748 (0.041533) Rank: 78 (78) Ttime: 5.3618 Vtime: 0.0275
Step: 20400  Loss: 0.033140 Regul: 0.008577 Obj: 0.041716 (0.041533) Rank: 78 (78) Ttime: 5.3514 Vtime: 0.0276
Step: 20500  Loss: 0.033107 Regul: 0.008576 Obj: 0.041683 (0.041533) Rank: 78 (78) Ttime: 5.2763 Vtime: 0.0266
Step: 20600  Loss: 0.033148 Regul: 0.008578 Obj: 0.041726 (0.041533) Rank: 78 (78) Ttime: 5.3509 Vtime: 0.0267
Step: 20700  Loss: 0.033200 Regul: 0.008577 Obj: 0.041778 (0.041533) Rank: 78 (78) Ttime: 5.3041 Vtime: 0.0270
Step: 20800  Loss: 0.033184 Regul: 0.008574 Obj: 0.041758 (0.041533) Rank: 78 (78) Ttime: 5.2961 Vtime: 0.0273
Step: 20900  Loss: 0.033226 Regul: 0.008581 Obj: 0.041807 (0.041533) Rank: 78 (78) Ttime: 5.3334 Vtime: 0.0264
Step: 21000  Loss: 0.033151 Regul: 0.008582 Obj: 0.041733 (0.041533) Rank: 78 (78) Ttime: 5.3886 Vtime: 0.0276
Step: 21100  Loss: 0.033086 Regul: 0.008590 Obj: 0.041676 (0.041533) Rank: 78 (78) Ttime: 5.3294 Vtime: 0.0271
Step: 21200  Loss: 0.033114 Regul: 0.008595 Obj: 0.041709 (0.041533) Rank: 78 (78) Ttime: 5.3796 Vtime: 0.0272
Step: 21300  Loss: 0.033109 Regul: 0.008592 Obj: 0.041701 (0.041533) Rank: 78 (78) Ttime: 5.3770 Vtime: 0.0272
Step: 21400  Loss: 0.033073 Regul: 0.008596 Obj: 0.041669 (0.041533) Rank: 78 (78) Ttime: 5.3611 Vtime: 0.0268
Step: 21500  Loss: 0.033067 Regul: 0.008598 Obj: 0.041665 (0.041533) Rank: 78 (78) Ttime: 5.2243 Vtime: 0.0265
Step: 21600  Loss: 0.033076 Regul: 0.008602 Obj: 0.041679 (0.041533) Rank: 78 (78) Ttime: 5.3660 Vtime: 0.0270
Step: 21700  Loss: 0.033002 Regul: 0.008611 Obj: 0.041613 (0.041533) Rank: 78 (78) Ttime: 5.3305 Vtime: 0.0272
Step: 21800  Loss: 0.033043 Regul: 0.008612 Obj: 0.041655 (0.041533) Rank: 78 (78) Ttime: 5.3409 Vtime: 0.0270
Step: 21900  Loss: 0.033035 Regul: 0.008617 Obj: 0.041652 (0.041533) Rank: 78 (78) Ttime: 5.4199 Vtime: 0.0272
Step: 22000  Loss: 0.032973 Regul: 0.008620 Obj: 0.041593 (0.041533) Rank: 78 (78) Ttime: 5.4244 Vtime: 0.0266
Step: 22100  Loss: 0.032926 Regul: 0.008614 Obj: 0.041540 (0.041533) Rank: 78 (78) Ttime: 5.3030 Vtime: 0.0273
Step: 22200  Loss: 0.032984 Regul: 0.008618 Obj: 0.041602 (0.041533) Rank: 78 (78) Ttime: 5.3296 Vtime: 0.0269
Step: 22300  Loss: 0.033066 Regul: 0.008620 Obj: 0.041685 (0.041533) Rank: 78 (78) Ttime: 5.3815 Vtime: 0.0267
Step: 22400  Loss: 0.033056 Regul: 0.008624 Obj: 0.041680 (0.041533) Rank: 78 (78) Ttime: 5.3079 Vtime: 0.0266
Step: 22500  Loss: 0.033076 Regul: 0.008621 Obj: 0.041697 (0.041533) Rank: 78 (78) Ttime: 5.3162 Vtime: 0.0269
Step: 22600  Loss: 0.033246 Regul: 0.008627 Obj: 0.041873 (0.041533) Rank: 78 (78) Ttime: 5.3834 Vtime: 0.0272
Step: 22700  Loss: 0.033185 Regul: 0.008627 Obj: 0.041812 (0.041533) Rank: 78 (78) Ttime: 5.2267 Vtime: 0.0274
Step: 22800  Loss: 0.033191 Regul: 0.008623 Obj: 0.041814 (0.041533) Rank: 78 (78) Ttime: 5.3163 Vtime: 0.0272
Step: 22900  Loss: 0.033232 Regul: 0.008626 Obj: 0.041857 (0.041533) Rank: 77 (78) Ttime: 5.3676 Vtime: 0.0273
Step: 23000  Loss: 0.033209 Regul: 0.008628 Obj: 0.041836 (0.041533) Rank: 77 (78) Ttime: 5.3652 Vtime: 0.0269
Step: 23100  Loss: 0.033257 Regul: 0.008628 Obj: 0.041885 (0.041533) Rank: 77 (78) Ttime: 5.4233 Vtime: 0.0267
Step: 23200  Loss: 0.033236 Regul: 0.008635 Obj: 0.041871 (0.041533) Rank: 77 (78) Ttime: 5.4310 Vtime: 0.0270
Step: 23300  Loss: 0.033210 Regul: 0.008636 Obj: 0.041846 (0.041533) Rank: 77 (78) Ttime: 5.4458 Vtime: 0.0269
Step: 23400  Loss: 0.033200 Regul: 0.008639 Obj: 0.041839 (0.041533) Rank: 77 (78) Ttime: 5.4673 Vtime: 0.0272
Step: 23500  Loss: 0.033261 Regul: 0.008637 Obj: 0.041898 (0.041533) Rank: 78 (78) Ttime: 5.4824 Vtime: 0.0273
Step: 23600  Loss: 0.033251 Regul: 0.008638 Obj: 0.041889 (0.041533) Rank: 78 (78) Ttime: 5.4105 Vtime: 0.0272
Step: 23700  Loss: 0.033204 Regul: 0.008640 Obj: 0.041845 (0.041533) Rank: 77 (78) Ttime: 5.4387 Vtime: 0.0279
Step: 23800  Loss: 0.033259 Regul: 0.008644 Obj: 0.041903 (0.041533) Rank: 78 (78) Ttime: 5.4161 Vtime: 0.0272
Step: 23900  Loss: 0.033246 Regul: 0.008648 Obj: 0.041894 (0.041533) Rank: 78 (78) Ttime: 5.4644 Vtime: 0.0269
Step: 24000  Loss: 0.033216 Regul: 0.008650 Obj: 0.041866 (0.041533) Rank: 78 (78) Ttime: 5.3185 Vtime: 0.0275
Step: 24100  Loss: 0.033173 Regul: 0.008652 Obj: 0.041825 (0.041533) Rank: 78 (78) Ttime: 5.3700 Vtime: 0.0275
Step: 24200  Loss: 0.033178 Regul: 0.008655 Obj: 0.041833 (0.041533) Rank: 78 (78) Ttime: 5.4872 Vtime: 0.0273
Step: 24300  Loss: 0.033155 Regul: 0.008651 Obj: 0.041806 (0.041533) Rank: 78 (78) Ttime: 5.4754 Vtime: 0.0269
Step: 24400  Loss: 0.033181 Regul: 0.008655 Obj: 0.041836 (0.041533) Rank: 78 (78) Ttime: 5.5211 Vtime: 0.0270
Step: 24500  Loss: 0.033152 Regul: 0.008654 Obj: 0.041806 (0.041533) Rank: 78 (78) Ttime: 5.4414 Vtime: 0.0267
Step: 24600  Loss: 0.033190 Regul: 0.008659 Obj: 0.041850 (0.041533) Rank: 78 (78) Ttime: 5.4168 Vtime: 0.0263
Step: 24700  Loss: 0.033103 Regul: 0.008669 Obj: 0.041772 (0.041533) Rank: 78 (78) Ttime: 5.3649 Vtime: 0.0273
Step: 24800  Loss: 0.033146 Regul: 0.008671 Obj: 0.041817 (0.041533) Rank: 78 (78) Ttime: 5.3155 Vtime: 0.0270
Step: 24900  Loss: 0.033082 Regul: 0.008666 Obj: 0.041748 (0.041533) Rank: 78 (78) Ttime: 5.2566 Vtime: 0.0267
Step: 25000  Loss: 0.033104 Regul: 0.008664 Obj: 0.041767 (0.041533) Rank: 78 (78) Ttime: 5.2551 Vtime: 0.0272
Step: 25100  Loss: 0.032945 Regul: 0.008666 Obj: 0.041611 (0.041533) Rank: 78 (78) Ttime: 5.2892 Vtime: 0.0268
Step: 25200  Loss: 0.032951 Regul: 0.008659 Obj: 0.041610 (0.041533) Rank: 78 (78) Ttime: 5.2997 Vtime: 0.0272
Step: 25300  Loss: 0.032945 Regul: 0.008659 Obj: 0.041604 (0.041533) Rank: 78 (78) Ttime: 5.3012 Vtime: 0.0270
Step: 25400  Loss: 0.032972 Regul: 0.008659 Obj: 0.041631 (0.041533) Rank: 78 (78) Ttime: 5.3406 Vtime: 0.0267
Step: 25500  Loss: 0.032992 Regul: 0.008666 Obj: 0.041658 (0.041533) Rank: 78 (78) Ttime: 5.4225 Vtime: 0.0267
Step: 25600  Loss: 0.033010 Regul: 0.008668 Obj: 0.041678 (0.041533) Rank: 78 (78) Ttime: 5.4952 Vtime: 0.0270
Step: 25700  Loss: 0.032961 Regul: 0.008670 Obj: 0.041631 (0.041533) Rank: 78 (78) Ttime: 5.4297 Vtime: 0.0266
Step: 25800  Loss: 0.033003 Regul: 0.008666 Obj: 0.041669 (0.041533) Rank: 78 (78) Ttime: 5.2495 Vtime: 0.0271
Step: 25900  Loss: 0.033116 Regul: 0.008669 Obj: 0.041785 (0.041533) Rank: 77 (78) Ttime: 5.2665 Vtime: 0.0274
Step: 26000  Loss: 0.033043 Regul: 0.008668 Obj: 0.041711 (0.041533) Rank: 77 (78) Ttime: 5.2939 Vtime: 0.0269
Step: 26100  Loss: 0.033027 Regul: 0.008670 Obj: 0.041697 (0.041533) Rank: 77 (78) Ttime: 5.3036 Vtime: 0.0267
Step: 26200  Loss: 0.032998 Regul: 0.008673 Obj: 0.041671 (0.041533) Rank: 77 (78) Ttime: 5.2991 Vtime: 0.0270
Step: 26300  Loss: 0.033044 Regul: 0.008677 Obj: 0.041720 (0.041533) Rank: 77 (78) Ttime: 5.3700 Vtime: 0.0265
Step: 26400  Loss: 0.033014 Regul: 0.008678 Obj: 0.041692 (0.041533) Rank: 77 (78) Ttime: 5.3166 Vtime: 0.0266
Step: 26500  Loss: 0.033036 Regul: 0.008683 Obj: 0.041718 (0.041533) Rank: 77 (78) Ttime: 5.3566 Vtime: 0.0265
Step: 26600  Loss: 0.033044 Regul: 0.008687 Obj: 0.041731 (0.041533) Rank: 77 (78) Ttime: 5.3301 Vtime: 0.0272
Step: 26700  Loss: 0.033011 Regul: 0.008687 Obj: 0.041698 (0.041533) Rank: 77 (78) Ttime: 5.2791 Vtime: 0.0270
Step: 26800  Loss: 0.033004 Regul: 0.008694 Obj: 0.041698 (0.041533) Rank: 77 (78) Ttime: 5.3141 Vtime: 0.0269
Step: 26900  Loss: 0.033028 Regul: 0.008700 Obj: 0.041728 (0.041533) Rank: 77 (78) Ttime: 5.3052 Vtime: 0.0271
Step: 27000  Loss: 0.033029 Regul: 0.008696 Obj: 0.041726 (0.041533) Rank: 77 (78) Ttime: 5.2605 Vtime: 0.0271
Step: 27100  Loss: 0.032948 Regul: 0.008708 Obj: 0.041656 (0.041533) Rank: 77 (78) Ttime: 5.2865 Vtime: 0.0268
Step: 27200  Loss: 0.032981 Regul: 0.008713 Obj: 0.041694 (0.041533) Rank: 77 (78) Ttime: 5.3141 Vtime: 0.0274
Step: 27300  Loss: 0.033011 Regul: 0.008716 Obj: 0.041727 (0.041533) Rank: 77 (78) Ttime: 5.3676 Vtime: 0.0271
Step: 27400  Loss: 0.033044 Regul: 0.008716 Obj: 0.041760 (0.041533) Rank: 78 (78) Ttime: 5.3154 Vtime: 0.0275
Step: 27500  Loss: 0.033086 Regul: 0.008713 Obj: 0.041799 (0.041533) Rank: 78 (78) Ttime: 5.2887 Vtime: 0.0267
Step: 27600  Loss: 0.033146 Regul: 0.008718 Obj: 0.041864 (0.041533) Rank: 78 (78) Ttime: 5.3464 Vtime: 0.0273
Step: 27700  Loss: 0.033060 Regul: 0.008724 Obj: 0.041784 (0.041533) Rank: 78 (78) Ttime: 5.3417 Vtime: 0.0267
Step: 27800  Loss: 0.033077 Regul: 0.008718 Obj: 0.041795 (0.041533) Rank: 78 (78) Ttime: 5.3039 Vtime: 0.0273
Step: 27900  Loss: 0.032999 Regul: 0.008724 Obj: 0.041723 (0.041533) Rank: 78 (78) Ttime: 5.2932 Vtime: 0.0271
Step: 28000  Loss: 0.033014 Regul: 0.008726 Obj: 0.041739 (0.041533) Rank: 78 (78) Ttime: 5.3292 Vtime: 0.0268
Step: 28100  Loss: 0.033044 Regul: 0.008725 Obj: 0.041769 (0.041533) Rank: 78 (78) Ttime: 5.3460 Vtime: 0.0269
Step: 28200  Loss: 0.032978 Regul: 0.008729 Obj: 0.041707 (0.041533) Rank: 78 (78) Ttime: 5.5853 Vtime: 0.0271
Step: 28300  Loss: 0.033070 Regul: 0.008726 Obj: 0.041796 (0.041533) Rank: 78 (78) Ttime: 5.3203 Vtime: 0.0263
Step: 28400  Loss: 0.033069 Regul: 0.008719 Obj: 0.041788 (0.041533) Rank: 77 (78) Ttime: 5.4475 Vtime: 0.0273
Step: 28500  Loss: 0.033090 Regul: 0.008726 Obj: 0.041816 (0.041533) Rank: 77 (78) Ttime: 5.3846 Vtime: 0.0266
Step: 28600  Loss: 0.033067 Regul: 0.008730 Obj: 0.041797 (0.041533) Rank: 78 (78) Ttime: 5.3759 Vtime: 0.0276
Step: 28700  Loss: 0.033006 Regul: 0.008733 Obj: 0.041739 (0.041533) Rank: 77 (78) Ttime: 5.5259 Vtime: 0.0272
Step: 28800  Loss: 0.033097 Regul: 0.008731 Obj: 0.041828 (0.041533) Rank: 77 (78) Ttime: 5.3534 Vtime: 0.0268
Step: 28900  Loss: 0.033032 Regul: 0.008732 Obj: 0.041764 (0.041533) Rank: 77 (78) Ttime: 5.3955 Vtime: 0.0267
Step: 29000  Loss: 0.033024 Regul: 0.008739 Obj: 0.041763 (0.041533) Rank: 77 (78) Ttime: 5.3587 Vtime: 0.0265
Step: 29100  Loss: 0.032979 Regul: 0.008737 Obj: 0.041717 (0.041533) Rank: 77 (78) Ttime: 5.3521 Vtime: 0.0271
Step: 29200  Loss: 0.033049 Regul: 0.008734 Obj: 0.041783 (0.041533) Rank: 77 (78) Ttime: 5.3166 Vtime: 0.0265
Step: 29300  Loss: 0.033085 Regul: 0.008734 Obj: 0.041819 (0.041533) Rank: 77 (78) Ttime: 5.3355 Vtime: 0.0270
Step: 29400  Loss: 0.033011 Regul: 0.008731 Obj: 0.041741 (0.041533) Rank: 77 (78) Ttime: 5.3329 Vtime: 0.0276
Step: 29500  Loss: 0.032991 Regul: 0.008737 Obj: 0.041728 (0.041533) Rank: 77 (78) Ttime: 5.3368 Vtime: 0.0269
Step: 29600  Loss: 0.033021 Regul: 0.008740 Obj: 0.041761 (0.041533) Rank: 77 (78) Ttime: 5.3276 Vtime: 0.0277
Step: 29700  Loss: 0.033006 Regul: 0.008738 Obj: 0.041744 (0.041533) Rank: 77 (78) Ttime: 5.3296 Vtime: 0.0269
Step: 29800  Loss: 0.033015 Regul: 0.008738 Obj: 0.041753 (0.041533) Rank: 77 (78) Ttime: 5.4208 Vtime: 0.0275
Step: 29900  Loss: 0.033013 Regul: 0.008743 Obj: 0.041756 (0.041533) Rank: 77 (78) Ttime: 5.4876 Vtime: 0.0270
Step: 30000  Loss: 0.032998 Regul: 0.008749 Obj: 0.041747 (0.041533) Rank: 77 (78) Ttime: 5.4146 Vtime: 0.0270
Step: 30100  Loss: 0.032963 Regul: 0.008746 Obj: 0.041709 (0.041533) Rank: 77 (78) Ttime: 5.4162 Vtime: 0.0270
Step: 30200  Loss: 0.032953 Regul: 0.008745 Obj: 0.041698 (0.041533) Rank: 77 (78) Ttime: 5.6960 Vtime: 0.0285
Step: 30300  Loss: 0.032932 Regul: 0.008744 Obj: 0.041676 (0.041533) Rank: 77 (78) Ttime: 5.3682 Vtime: 0.0272
Step: 30400  Loss: 0.032943 Regul: 0.008747 Obj: 0.041690 (0.041533) Rank: 78 (78) Ttime: 5.3316 Vtime: 0.0274
Step: 30500  Loss: 0.032980 Regul: 0.008750 Obj: 0.041730 (0.041533) Rank: 78 (78) Ttime: 5.4288 Vtime: 0.0274
Step: 30600  Loss: 0.032983 Regul: 0.008747 Obj: 0.041730 (0.041533) Rank: 78 (78) Ttime: 5.3115 Vtime: 0.0277
Step: 30700  Loss: 0.032933 Regul: 0.008748 Obj: 0.041681 (0.041533) Rank: 78 (78) Ttime: 5.3310 Vtime: 0.0272
Step: 30800  Loss: 0.032954 Regul: 0.008748 Obj: 0.041702 (0.041533) Rank: 78 (78) Ttime: 5.2899 Vtime: 0.0270
Step: 30900  Loss: 0.033048 Regul: 0.008756 Obj: 0.041804 (0.041533) Rank: 78 (78) Ttime: 5.2563 Vtime: 0.0270
Step: 31000  Loss: 0.033019 Regul: 0.008760 Obj: 0.041779 (0.041533) Rank: 78 (78) Ttime: 5.2626 Vtime: 0.0265
Step: 31100  Loss: 0.032954 Regul: 0.008759 Obj: 0.041713 (0.041533) Rank: 78 (78) Ttime: 5.3221 Vtime: 0.0271
Step: 31200  Loss: 0.032899 Regul: 0.008759 Obj: 0.041658 (0.041533) Rank: 78 (78) Ttime: 5.2849 Vtime: 0.0273
Step: 31300  Loss: 0.032895 Regul: 0.008765 Obj: 0.041660 (0.041533) Rank: 78 (78) Ttime: 5.5046 Vtime: 0.0272
Step: 31400  Loss: 0.032881 Regul: 0.008767 Obj: 0.041648 (0.041533) Rank: 78 (78) Ttime: 5.2473 Vtime: 0.0269
Step: 31500  Loss: 0.032886 Regul: 0.008764 Obj: 0.041650 (0.041533) Rank: 78 (78) Ttime: 5.2507 Vtime: 0.0269
Step: 31600  Loss: 0.032888 Regul: 0.008766 Obj: 0.041654 (0.041533) Rank: 78 (78) Ttime: 5.3200 Vtime: 0.0271
Step: 31700  Loss: 0.032910 Regul: 0.008765 Obj: 0.041676 (0.041533) Rank: 78 (78) Ttime: 5.3076 Vtime: 0.0268
Step: 31800  Loss: 0.032923 Regul: 0.008769 Obj: 0.041692 (0.041533) Rank: 78 (78) Ttime: 6.4795 Vtime: 0.0272
Step: 31900  Loss: 0.032902 Regul: 0.008775 Obj: 0.041678 (0.041533) Rank: 78 (78) Ttime: 6.9454 Vtime: 0.0271
Step: 32000  Loss: 0.032969 Regul: 0.008772 Obj: 0.041741 (0.041533) Rank: 78 (78) Ttime: 5.9092 Vtime: 0.0275
Step: 32100  Loss: 0.032993 Regul: 0.008773 Obj: 0.041766 (0.041533) Rank: 77 (78) Ttime: 9.0762 Vtime: 0.0281
Step: 32200  Loss: 0.032957 Regul: 0.008780 Obj: 0.041737 (0.041533) Rank: 77 (78) Ttime: 10.9076 Vtime: 0.0268
Step: 32300  Loss: 0.033040 Regul: 0.008786 Obj: 0.041826 (0.041533) Rank: 77 (78) Ttime: 5.4040 Vtime: 0.0268
Step: 32400  Loss: 0.033002 Regul: 0.008791 Obj: 0.041794 (0.041533) Rank: 77 (78) Ttime: 5.8675 Vtime: 0.0266
Step: 32500  Loss: 0.032967 Regul: 0.008799 Obj: 0.041766 (0.041533) Rank: 77 (78) Ttime: 5.3410 Vtime: 0.0264
Step: 32600  Loss: 0.032952 Regul: 0.008804 Obj: 0.041755 (0.041533) Rank: 77 (78) Ttime: 6.5002 Vtime: 0.0273
Step: 32700  Loss: 0.032960 Regul: 0.008804 Obj: 0.041765 (0.041533) Rank: 78 (78) Ttime: 5.8159 Vtime: 0.0276
Step: 32800  Loss: 0.032944 Regul: 0.008804 Obj: 0.041748 (0.041533) Rank: 78 (78) Ttime: 8.3559 Vtime: 0.0267
Step: 32900  Loss: 0.032940 Regul: 0.008804 Obj: 0.041744 (0.041533) Rank: 78 (78) Ttime: 5.7002 Vtime: 0.0271
Step: 33000  Loss: 0.032854 Regul: 0.008801 Obj: 0.041655 (0.041533) Rank: 78 (78) Ttime: 5.5319 Vtime: 0.0269
Step: 33100  Loss: 0.032863 Regul: 0.008803 Obj: 0.041666 (0.041533) Rank: 77 (78) Ttime: 5.3755 Vtime: 0.0271
Step: 33200  Loss: 0.032831 Regul: 0.008796 Obj: 0.041627 (0.041533) Rank: 78 (78) Ttime: 5.3964 Vtime: 0.0279
Step: 33300  Loss: 0.032830 Regul: 0.008804 Obj: 0.041635 (0.041533) Rank: 78 (78) Ttime: 5.2423 Vtime: 0.0269
Step: 33400  Loss: 0.032862 Regul: 0.008805 Obj: 0.041667 (0.041533) Rank: 78 (78) Ttime: 5.3016 Vtime: 0.0271
Step: 33500  Loss: 0.032881 Regul: 0.008804 Obj: 0.041685 (0.041533) Rank: 78 (78) Ttime: 5.2574 Vtime: 0.0275
Step: 33600  Loss: 0.032818 Regul: 0.008802 Obj: 0.041620 (0.041533) Rank: 78 (78) Ttime: 5.2687 Vtime: 0.0277
Step: 33700  Loss: 0.032878 Regul: 0.008807 Obj: 0.041685 (0.041533) Rank: 77 (78) Ttime: 5.3793 Vtime: 0.0275
Step: 33800  Loss: 0.032846 Regul: 0.008808 Obj: 0.041654 (0.041533) Rank: 77 (78) Ttime: 5.6043 Vtime: 0.0270
Step: 33900  Loss: 0.032791 Regul: 0.008804 Obj: 0.041595 (0.041533) Rank: 77 (78) Ttime: 5.9212 Vtime: 0.0269
Step: 34000  Loss: 0.032850 Regul: 0.008804 Obj: 0.041655 (0.041533) Rank: 77 (78) Ttime: 5.9601 Vtime: 0.0269
Step: 34100  Loss: 0.032874 Regul: 0.008813 Obj: 0.041687 (0.041533) Rank: 77 (78) Ttime: 6.0234 Vtime: 0.0277
Step: 34200  Loss: 0.032873 Regul: 0.008811 Obj: 0.041684 (0.041533) Rank: 77 (78) Ttime: 6.3462 Vtime: 0.0272
Step: 34300  Loss: 0.032898 Regul: 0.008807 Obj: 0.041705 (0.041533) Rank: 77 (78) Ttime: 5.4314 Vtime: 0.0268
Step: 34400  Loss: 0.032868 Regul: 0.008805 Obj: 0.041673 (0.041533) Rank: 77 (78) Ttime: 5.8746 Vtime: 0.0293
Step: 34500  Loss: 0.032866 Regul: 0.008810 Obj: 0.041676 (0.041533) Rank: 77 (78) Ttime: 5.6030 Vtime: 0.0272
Step: 34600  Loss: 0.032829 Regul: 0.008814 Obj: 0.041643 (0.041533) Rank: 77 (78) Ttime: 5.2938 Vtime: 0.0277
Step: 34700  Loss: 0.032829 Regul: 0.008817 Obj: 0.041647 (0.041533) Rank: 77 (78) Ttime: 5.8250 Vtime: 0.0270
Step: 34800  Loss: 0.032840 Regul: 0.008819 Obj: 0.041659 (0.041533) Rank: 77 (78) Ttime: 6.2223 Vtime: 0.0288
Step: 34900  Loss: 0.032876 Regul: 0.008820 Obj: 0.041696 (0.041533) Rank: 77 (78) Ttime: 6.9485 Vtime: 0.0270
Step: 35000  Loss: 0.032901 Regul: 0.008821 Obj: 0.041722 (0.041533) Rank: 77 (78) Ttime: 7.2260 Vtime: 0.0270
Step: 35100  Loss: 0.033017 Regul: 0.008819 Obj: 0.041836 (0.041533) Rank: 77 (78) Ttime: 7.7213 Vtime: 0.0271
Step: 35200  Loss: 0.032949 Regul: 0.008816 Obj: 0.041765 (0.041533) Rank: 77 (78) Ttime: 5.5402 Vtime: 0.0268
Step: 35300  Loss: 0.032966 Regul: 0.008818 Obj: 0.041784 (0.041533) Rank: 77 (78) Ttime: 6.7421 Vtime: 0.0272
Step: 35400  Loss: 0.032942 Regul: 0.008822 Obj: 0.041764 (0.041533) Rank: 77 (78) Ttime: 6.0395 Vtime: 0.0270
Step: 35500  Loss: 0.032862 Regul: 0.008831 Obj: 0.041693 (0.041533) Rank: 77 (78) Ttime: 5.5919 Vtime: 0.0267
Step: 35600  Loss: 0.032920 Regul: 0.008830 Obj: 0.041750 (0.041533) Rank: 77 (78) Ttime: 6.4931 Vtime: 0.0270
Step: 35700  Loss: 0.032920 Regul: 0.008827 Obj: 0.041746 (0.041533) Rank: 77 (78) Ttime: 6.0885 Vtime: 0.0269
Step: 35800  Loss: 0.032823 Regul: 0.008832 Obj: 0.041655 (0.041533) Rank: 77 (78) Ttime: 6.8857 Vtime: 0.0270
Step: 35900  Loss: 0.032873 Regul: 0.008828 Obj: 0.041702 (0.041533) Rank: 77 (78) Ttime: 5.8615 Vtime: 0.0267
Step: 36000  Loss: 0.032952 Regul: 0.008824 Obj: 0.041777 (0.041533) Rank: 77 (78) Ttime: 5.5390 Vtime: 0.0272
Step: 36100  Loss: 0.032932 Regul: 0.008835 Obj: 0.041767 (0.041533) Rank: 77 (78) Ttime: 6.3689 Vtime: 0.0273
Step: 36200  Loss: 0.032917 Regul: 0.008831 Obj: 0.041748 (0.041533) Rank: 77 (78) Ttime: 6.4004 Vtime: 0.0268
Step: 36300  Loss: 0.032934 Regul: 0.008836 Obj: 0.041771 (0.041533) Rank: 77 (78) Ttime: 6.2818 Vtime: 0.0282
Step: 36400  Loss: 0.032941 Regul: 0.008834 Obj: 0.041775 (0.041533) Rank: 77 (78) Ttime: 6.4457 Vtime: 0.0275
Step: 36500  Loss: 0.032908 Regul: 0.008834 Obj: 0.041742 (0.041533) Rank: 77 (78) Ttime: 5.2644 Vtime: 0.0267
Step: 36600  Loss: 0.032905 Regul: 0.008832 Obj: 0.041737 (0.041533) Rank: 77 (78) Ttime: 5.7031 Vtime: 0.0268
Step: 36700  Loss: 0.032890 Regul: 0.008834 Obj: 0.041724 (0.041533) Rank: 77 (78) Ttime: 5.3479 Vtime: 0.0278
Step: 36800  Loss: 0.032910 Regul: 0.008837 Obj: 0.041747 (0.041533) Rank: 77 (78) Ttime: 5.5833 Vtime: 0.0267
Step: 36900  Loss: 0.032973 Regul: 0.008835 Obj: 0.041808 (0.041533) Rank: 77 (78) Ttime: 5.2577 Vtime: 0.0272
Step: 37000  Loss: 0.032894 Regul: 0.008841 Obj: 0.041735 (0.041533) Rank: 77 (78) Ttime: 5.4935 Vtime: 0.0266
Step: 37100  Loss: 0.032863 Regul: 0.008839 Obj: 0.041702 (0.041533) Rank: 77 (78) Ttime: 5.2453 Vtime: 0.0272
Step: 37200  Loss: 0.032871 Regul: 0.008837 Obj: 0.041708 (0.041533) Rank: 77 (78) Ttime: 5.2036 Vtime: 0.0274
Step: 37300  Loss: 0.032897 Regul: 0.008835 Obj: 0.041731 (0.041533) Rank: 77 (78) Ttime: 5.2939 Vtime: 0.0271
Step: 37400  Loss: 0.032926 Regul: 0.008833 Obj: 0.041759 (0.041533) Rank: 77 (78) Ttime: 5.2282 Vtime: 0.0267
Step: 37500  Loss: 0.032960 Regul: 0.008832 Obj: 0.041792 (0.041533) Rank: 77 (78) Ttime: 5.1936 Vtime: 0.0276
Step: 37600  Loss: 0.032937 Regul: 0.008834 Obj: 0.041771 (0.041533) Rank: 77 (78) Ttime: 5.2111 Vtime: 0.0272
Step: 37700  Loss: 0.032934 Regul: 0.008832 Obj: 0.041766 (0.041533) Rank: 77 (78) Ttime: 5.2648 Vtime: 0.0270
Step: 37800  Loss: 0.032923 Regul: 0.008828 Obj: 0.041751 (0.041533) Rank: 77 (78) Ttime: 5.2436 Vtime: 0.0271
Step: 37900  Loss: 0.032915 Regul: 0.008825 Obj: 0.041740 (0.041533) Rank: 77 (78) Ttime: 5.2591 Vtime: 0.0271
Step: 38000  Loss: 0.032962 Regul: 0.008829 Obj: 0.041791 (0.041533) Rank: 77 (78) Ttime: 5.4477 Vtime: 0.0271
Step: 38100  Loss: 0.032925 Regul: 0.008822 Obj: 0.041747 (0.041533) Rank: 77 (78) Ttime: 5.2609 Vtime: 0.0273
Step: 38200  Loss: 0.032919 Regul: 0.008818 Obj: 0.041737 (0.041533) Rank: 77 (78) Ttime: 5.3242 Vtime: 0.0271
Step: 38300  Loss: 0.032951 Regul: 0.008824 Obj: 0.041774 (0.041533) Rank: 77 (78) Ttime: 5.2332 Vtime: 0.0272
Step: 38400  Loss: 0.032871 Regul: 0.008825 Obj: 0.041696 (0.041533) Rank: 77 (78) Ttime: 5.2440 Vtime: 0.0268
Step: 38500  Loss: 0.032860 Regul: 0.008829 Obj: 0.041689 (0.041533) Rank: 77 (78) Ttime: 5.2526 Vtime: 0.0273
Step: 38600  Loss: 0.032828 Regul: 0.008827 Obj: 0.041655 (0.041533) Rank: 77 (78) Ttime: 5.3282 Vtime: 0.0270
Step: 38700  Loss: 0.032853 Regul: 0.008832 Obj: 0.041684 (0.041533) Rank: 77 (78) Ttime: 5.3718 Vtime: 0.0269
Step: 38800  Loss: 0.032836 Regul: 0.008834 Obj: 0.041670 (0.041533) Rank: 77 (78) Ttime: 5.2392 Vtime: 0.0269
Step: 38900  Loss: 0.032809 Regul: 0.008833 Obj: 0.041642 (0.041533) Rank: 77 (78) Ttime: 5.2808 Vtime: 0.0274
Step: 39000  Loss: 0.032814 Regul: 0.008833 Obj: 0.041647 (0.041533) Rank: 77 (78) Ttime: 5.4955 Vtime: 0.0306
Step: 39100  Loss: 0.032827 Regul: 0.008837 Obj: 0.041664 (0.041533) Rank: 77 (78) Ttime: 5.3366 Vtime: 0.0269
Step: 39200  Loss: 0.032845 Regul: 0.008840 Obj: 0.041685 (0.041533) Rank: 77 (78) Ttime: 5.3625 Vtime: 0.0272
Step: 39300  Loss: 0.032770 Regul: 0.008850 Obj: 0.041620 (0.041533) Rank: 77 (78) Ttime: 5.3533 Vtime: 0.0271
Step: 39400  Loss: 0.032775 Regul: 0.008846 Obj: 0.041621 (0.041533) Rank: 77 (78) Ttime: 5.2988 Vtime: 0.0273
Step: 39500  Loss: 0.032782 Regul: 0.008846 Obj: 0.041628 (0.041533) Rank: 77 (78) Ttime: 5.2868 Vtime: 0.0265
Step: 39600  Loss: 0.032785 Regul: 0.008844 Obj: 0.041628 (0.041533) Rank: 77 (78) Ttime: 5.3188 Vtime: 0.0269
Step: 39700  Loss: 0.032804 Regul: 0.008848 Obj: 0.041653 (0.041533) Rank: 77 (78) Ttime: 5.3037 Vtime: 0.0273
Step: 39800  Loss: 0.032776 Regul: 0.008853 Obj: 0.041629 (0.041533) Rank: 77 (78) Ttime: 5.2746 Vtime: 0.0269
Step: 39900  Loss: 0.032799 Regul: 0.008854 Obj: 0.041653 (0.041533) Rank: 77 (78) Ttime: 5.3053 Vtime: 0.0273
Step: 40000  Loss: 0.032828 Regul: 0.008852 Obj: 0.041680 (0.041533) Rank: 77 (78) Ttime: 5.2354 Vtime: 0.0269
Step: 40100  Loss: 0.032810 Regul: 0.008856 Obj: 0.041666 (0.041533) Rank: 77 (78) Ttime: 5.2442 Vtime: 0.0271
Step: 40200  Loss: 0.032832 Regul: 0.008859 Obj: 0.041692 (0.041533) Rank: 77 (78) Ttime: 5.2513 Vtime: 0.0266
Step: 40300  Loss: 0.032863 Regul: 0.008866 Obj: 0.041730 (0.041533) Rank: 77 (78) Ttime: 5.2969 Vtime: 0.0267
Step: 40400  Loss: 0.032848 Regul: 0.008868 Obj: 0.041716 (0.041533) Rank: 77 (78) Ttime: 5.2133 Vtime: 0.0273
Step: 40500  Loss: 0.032824 Regul: 0.008869 Obj: 0.041693 (0.041533) Rank: 77 (78) Ttime: 5.3035 Vtime: 0.0271
Step: 40600  Loss: 0.032788 Regul: 0.008871 Obj: 0.041659 (0.041533) Rank: 77 (78) Ttime: 5.3252 Vtime: 0.0270
Step: 40700  Loss: 0.032710 Regul: 0.008873 Obj: 0.041583 (0.041533) Rank: 77 (78) Ttime: 5.2284 Vtime: 0.0272
Step: 40800  Loss: 0.032698 Regul: 0.008876 Obj: 0.041574 (0.041533) Rank: 77 (78) Ttime: 5.2254 Vtime: 0.0267
Step: 40900  Loss: 0.032754 Regul: 0.008874 Obj: 0.041627 (0.041533) Rank: 77 (78) Ttime: 5.3296 Vtime: 0.0270
Step: 41000  Loss: 0.032765 Regul: 0.008873 Obj: 0.041638 (0.041533) Rank: 77 (78) Ttime: 5.3109 Vtime: 0.0272
Step: 41100  Loss: 0.032774 Regul: 0.008875 Obj: 0.041649 (0.041533) Rank: 77 (78) Ttime: 5.3172 Vtime: 0.0274
Step: 41200  Loss: 0.032818 Regul: 0.008882 Obj: 0.041700 (0.041533) Rank: 77 (78) Ttime: 5.3066 Vtime: 0.0269
Step: 41300  Loss: 0.032788 Regul: 0.008887 Obj: 0.041675 (0.041533) Rank: 77 (78) Ttime: 5.3115 Vtime: 0.0268
Step: 41400  Loss: 0.032827 Regul: 0.008890 Obj: 0.041717 (0.041533) Rank: 77 (78) Ttime: 5.3140 Vtime: 0.0275
Step: 41500  Loss: 0.032831 Regul: 0.008887 Obj: 0.041718 (0.041533) Rank: 77 (78) Ttime: 5.2712 Vtime: 0.0271
Step: 41600  Loss: 0.032830 Regul: 0.008884 Obj: 0.041714 (0.041533) Rank: 77 (78) Ttime: 5.3731 Vtime: 0.0267
Step: 41700  Loss: 0.032848 Regul: 0.008886 Obj: 0.041734 (0.041533) Rank: 77 (78) Ttime: 5.2876 Vtime: 0.0264
Step: 41800  Loss: 0.032829 Regul: 0.008886 Obj: 0.041715 (0.041533) Rank: 77 (78) Ttime: 5.3018 Vtime: 0.0273
Step: 41900  Loss: 0.032852 Regul: 0.008889 Obj: 0.041742 (0.041533) Rank: 77 (78) Ttime: 5.3165 Vtime: 0.0272
Step: 42000  Loss: 0.032827 Regul: 0.008889 Obj: 0.041715 (0.041533) Rank: 77 (78) Ttime: 5.2365 Vtime: 0.0268
Step: 42100  Loss: 0.032775 Regul: 0.008895 Obj: 0.041670 (0.041533) Rank: 77 (78) Ttime: 5.2651 Vtime: 0.0269
Step: 42200  Loss: 0.032819 Regul: 0.008894 Obj: 0.041713 (0.041533) Rank: 77 (78) Ttime: 5.2540 Vtime: 0.0268
Step: 42300  Loss: 0.032835 Regul: 0.008896 Obj: 0.041731 (0.041533) Rank: 77 (78) Ttime: 5.3135 Vtime: 0.0267
Step: 42400  Loss: 0.032835 Regul: 0.008898 Obj: 0.041734 (0.041533) Rank: 77 (78) Ttime: 5.3080 Vtime: 0.0269
Step: 42500  Loss: 0.032801 Regul: 0.008900 Obj: 0.041701 (0.041533) Rank: 77 (78) Ttime: 5.2268 Vtime: 0.0268
Step: 42600  Loss: 0.032839 Regul: 0.008896 Obj: 0.041735 (0.041533) Rank: 77 (78) Ttime: 5.2482 Vtime: 0.0275
Step: 42700  Loss: 0.032809 Regul: 0.008893 Obj: 0.041703 (0.041533) Rank: 77 (78) Ttime: 5.2135 Vtime: 0.0270
Step: 42800  Loss: 0.032846 Regul: 0.008897 Obj: 0.041743 (0.041533) Rank: 77 (78) Ttime: 5.3256 Vtime: 0.0269
Step: 42900  Loss: 0.032833 Regul: 0.008895 Obj: 0.041728 (0.041533) Rank: 77 (78) Ttime: 5.2463 Vtime: 0.0267
Step: 43000  Loss: 0.032847 Regul: 0.008898 Obj: 0.041746 (0.041533) Rank: 77 (78) Ttime: 5.3916 Vtime: 0.0271
Step: 43100  Loss: 0.032813 Regul: 0.008903 Obj: 0.041716 (0.041533) Rank: 77 (78) Ttime: 5.2646 Vtime: 0.0273
Step: 43200  Loss: 0.032818 Regul: 0.008907 Obj: 0.041725 (0.041533) Rank: 77 (78) Ttime: 5.1898 Vtime: 0.0274
Step: 43300  Loss: 0.032819 Regul: 0.008909 Obj: 0.041728 (0.041533) Rank: 77 (78) Ttime: 5.2280 Vtime: 0.0271
Step: 43400  Loss: 0.032825 Regul: 0.008911 Obj: 0.041736 (0.041533) Rank: 77 (78) Ttime: 5.2564 Vtime: 0.0268
Step: 43500  Loss: 0.032882 Regul: 0.008913 Obj: 0.041795 (0.041533) Rank: 77 (78) Ttime: 5.3471 Vtime: 0.0270
Step: 43600  Loss: 0.032903 Regul: 0.008915 Obj: 0.041817 (0.041533) Rank: 77 (78) Ttime: 5.2876 Vtime: 0.0267
Step: 43700  Loss: 0.032977 Regul: 0.008912 Obj: 0.041889 (0.041533) Rank: 77 (78) Ttime: 5.2136 Vtime: 0.0271
Step: 43800  Loss: 0.032968 Regul: 0.008914 Obj: 0.041882 (0.041533) Rank: 77 (78) Ttime: 5.2356 Vtime: 0.0271
Step: 43900  Loss: 0.032962 Regul: 0.008916 Obj: 0.041878 (0.041533) Rank: 77 (78) Ttime: 5.2854 Vtime: 0.0275
Step: 44000  Loss: 0.032884 Regul: 0.008913 Obj: 0.041797 (0.041533) Rank: 77 (78) Ttime: 5.2979 Vtime: 0.0271
Step: 44100  Loss: 0.032881 Regul: 0.008912 Obj: 0.041793 (0.041533) Rank: 77 (78) Ttime: 5.2374 Vtime: 0.0275
Step: 44200  Loss: 0.032896 Regul: 0.008906 Obj: 0.041801 (0.041533) Rank: 77 (78) Ttime: 7.1285 Vtime: 0.0322
Step: 44300  Loss: 0.032939 Regul: 0.008906 Obj: 0.041845 (0.041533) Rank: 77 (78) Ttime: 6.2945 Vtime: 0.0269
Step: 44400  Loss: 0.032941 Regul: 0.008906 Obj: 0.041847 (0.041533) Rank: 77 (78) Ttime: 5.4437 Vtime: 0.0268
Step: 44500  Loss: 0.032843 Regul: 0.008911 Obj: 0.041754 (0.041533) Rank: 77 (78) Ttime: 5.3192 Vtime: 0.0267
Step: 44600  Loss: 0.032810 Regul: 0.008915 Obj: 0.041725 (0.041533) Rank: 77 (78) Ttime: 5.3942 Vtime: 0.0272
Step: 44700  Loss: 0.032831 Regul: 0.008911 Obj: 0.041742 (0.041533) Rank: 77 (78) Ttime: 5.2356 Vtime: 0.0270
Step: 44800  Loss: 0.032875 Regul: 0.008912 Obj: 0.041787 (0.041533) Rank: 77 (78) Ttime: 5.3096 Vtime: 0.0273
Step: 44900  Loss: 0.032887 Regul: 0.008908 Obj: 0.041794 (0.041533) Rank: 77 (78) Ttime: 16.4335 Vtime: 0.0291
Step: 45000  Loss: 0.032899 Regul: 0.008910 Obj: 0.041808 (0.041533) Rank: 77 (78) Ttime: 38.6801 Vtime: 0.0289
Step: 45100  Loss: 0.032935 Regul: 0.008917 Obj: 0.041852 (0.041533) Rank: 77 (78) Ttime: 33.4737 Vtime: 0.0354
Step: 45200  Loss: 0.032939 Regul: 0.008917 Obj: 0.041856 (0.041533) Rank: 77 (78) Ttime: 11.8070 Vtime: 0.0278
Step: 45300  Loss: 0.032918 Regul: 0.008918 Obj: 0.041835 (0.041533) Rank: 77 (78) Ttime: 24.7601 Vtime: 0.0352
Step: 45400  Loss: 0.032911 Regul: 0.008924 Obj: 0.041835 (0.041533) Rank: 77 (78) Ttime: 35.9005 Vtime: 0.0360
Step: 45500  Loss: 0.032931 Regul: 0.008918 Obj: 0.041849 (0.041533) Rank: 77 (78) Ttime: 12.9074 Vtime: 0.0301
Step: 45600  Loss: 0.032911 Regul: 0.008914 Obj: 0.041825 (0.041533) Rank: 77 (78) Ttime: 31.8396 Vtime: 0.0364
Step: 45700  Loss: 0.032792 Regul: 0.008916 Obj: 0.041708 (0.041533) Rank: 77 (78) Ttime: 9.4487 Vtime: 0.0271
Step: 45800  Loss: 0.032800 Regul: 0.008919 Obj: 0.041719 (0.041533) Rank: 77 (78) Ttime: 12.2171 Vtime: 0.0303
Step: 45900  Loss: 0.032816 Regul: 0.008924 Obj: 0.041740 (0.041533) Rank: 77 (78) Ttime: 32.9286 Vtime: 0.0358
Step: 46000  Loss: 0.032787 Regul: 0.008925 Obj: 0.041712 (0.041533) Rank: 77 (78) Ttime: 8.0603 Vtime: 0.0290
Step: 46100  Loss: 0.032858 Regul: 0.008924 Obj: 0.041783 (0.041533) Rank: 77 (78) Ttime: 31.8639 Vtime: 0.0343
Step: 46200  Loss: 0.032926 Regul: 0.008924 Obj: 0.041850 (0.041533) Rank: 77 (78) Ttime: 8.8422 Vtime: 0.0290
Step: 46300  Loss: 0.032875 Regul: 0.008927 Obj: 0.041801 (0.041533) Rank: 77 (78) Ttime: 6.7064 Vtime: 0.0276
Step: 46400  Loss: 0.032928 Regul: 0.008923 Obj: 0.041852 (0.041533) Rank: 77 (78) Ttime: 6.1810 Vtime: 0.0270
Step: 46500  Loss: 0.032879 Regul: 0.008924 Obj: 0.041803 (0.041533) Rank: 77 (78) Ttime: 7.2404 Vtime: 0.0282
Step: 46600  Loss: 0.032917 Regul: 0.008927 Obj: 0.041845 (0.041533) Rank: 77 (78) Ttime: 5.9025 Vtime: 0.0267
Step: 46700  Loss: 0.032898 Regul: 0.008933 Obj: 0.041831 (0.041533) Rank: 77 (78) Ttime: 6.0718 Vtime: 0.0271
Step: 46800  Loss: 0.032839 Regul: 0.008938 Obj: 0.041777 (0.041533) Rank: 77 (78) Ttime: 7.7162 Vtime: 0.0268
Step: 46900  Loss: 0.032868 Regul: 0.008934 Obj: 0.041802 (0.041533) Rank: 77 (78) Ttime: 5.5901 Vtime: 0.0268
Step: 47000  Loss: 0.032860 Regul: 0.008936 Obj: 0.041796 (0.041533) Rank: 77 (78) Ttime: 5.5277 Vtime: 0.0279
Step: 47100  Loss: 0.032911 Regul: 0.008935 Obj: 0.041846 (0.041533) Rank: 77 (78) Ttime: 5.4286 Vtime: 0.0270
Step: 47200  Loss: 0.032903 Regul: 0.008941 Obj: 0.041844 (0.041533) Rank: 77 (78) Ttime: 5.3795 Vtime: 0.0272
Step: 47300  Loss: 0.032926 Regul: 0.008939 Obj: 0.041864 (0.041533) Rank: 77 (78) Ttime: 7.6846 Vtime: 0.0282
Step: 47400  Loss: 0.032924 Regul: 0.008937 Obj: 0.041861 (0.041533) Rank: 77 (78) Ttime: 10.7654 Vtime: 0.0323
Step: 47500  Loss: 0.032930 Regul: 0.008939 Obj: 0.041869 (0.041533) Rank: 77 (78) Ttime: 16.7628 Vtime: 0.0367
Step: 47600  Loss: 0.032948 Regul: 0.008940 Obj: 0.041888 (0.041533) Rank: 77 (78) Ttime: 22.3059 Vtime: 0.0353
Step: 47700  Loss: 0.032965 Regul: 0.008940 Obj: 0.041905 (0.041533) Rank: 77 (78) Ttime: 15.8778 Vtime: 0.0271
Step: 47800  Loss: 0.032990 Regul: 0.008939 Obj: 0.041929 (0.041533) Rank: 77 (78) Ttime: 5.3256 Vtime: 0.0271
Step: 47900  Loss: 0.032908 Regul: 0.008940 Obj: 0.041847 (0.041533) Rank: 77 (78) Ttime: 5.2800 Vtime: 0.0275
Step: 48000  Loss: 0.032863 Regul: 0.008939 Obj: 0.041802 (0.041533) Rank: 77 (78) Ttime: 5.3059 Vtime: 0.0276
Step: 48100  Loss: 0.032821 Regul: 0.008937 Obj: 0.041759 (0.041533) Rank: 77 (78) Ttime: 5.3034 Vtime: 0.0270
Step: 48200  Loss: 0.032819 Regul: 0.008940 Obj: 0.041760 (0.041533) Rank: 77 (78) Ttime: 5.2482 Vtime: 0.0268
Step: 48300  Loss: 0.032804 Regul: 0.008942 Obj: 0.041746 (0.041533) Rank: 77 (78) Ttime: 6.4606 Vtime: 0.0308
Step: 48400  Loss: 0.032830 Regul: 0.008940 Obj: 0.041770 (0.041533) Rank: 77 (78) Ttime: 18.9810 Vtime: 0.0287
Step: 48500  Loss: 0.032825 Regul: 0.008942 Obj: 0.041767 (0.041533) Rank: 77 (78) Ttime: 28.5867 Vtime: 0.0272
Step: 48600  Loss: 0.032830 Regul: 0.008943 Obj: 0.041774 (0.041533) Rank: 77 (78) Ttime: 39.3792 Vtime: 0.0345
Step: 48700  Loss: 0.032765 Regul: 0.008943 Obj: 0.041708 (0.041533) Rank: 77 (78) Ttime: 5.2523 Vtime: 0.0269
Step: 48800  Loss: 0.032807 Regul: 0.008938 Obj: 0.041746 (0.041533) Rank: 77 (78) Ttime: 5.2605 Vtime: 0.0271
Step: 48900  Loss: 0.032820 Regul: 0.008936 Obj: 0.041755 (0.041533) Rank: 77 (78) Ttime: 5.2531 Vtime: 0.0270
Step: 49000  Loss: 0.032819 Regul: 0.008940 Obj: 0.041759 (0.041533) Rank: 77 (78) Ttime: 5.3142 Vtime: 0.0271
Step: 49100  Loss: 0.032790 Regul: 0.008943 Obj: 0.041733 (0.041533) Rank: 77 (78) Ttime: 5.2128 Vtime: 0.0267
Step: 49200  Loss: 0.032813 Regul: 0.008946 Obj: 0.041758 (0.041533) Rank: 77 (78) Ttime: 5.2534 Vtime: 0.0269
Step: 49300  Loss: 0.032843 Regul: 0.008944 Obj: 0.041787 (0.041533) Rank: 77 (78) Ttime: 5.2090 Vtime: 0.0269
Step: 49400  Loss: 0.032841 Regul: 0.008947 Obj: 0.041788 (0.041533) Rank: 77 (78) Ttime: 5.2502 Vtime: 0.0274
Step: 49500  Loss: 0.032832 Regul: 0.008951 Obj: 0.041784 (0.041533) Rank: 77 (78) Ttime: 5.2473 Vtime: 0.0266
Step: 49600  Loss: 0.032802 Regul: 0.008951 Obj: 0.041753 (0.041533) Rank: 77 (78) Ttime: 5.2497 Vtime: 0.0270
Step: 49700  Loss: 0.032842 Regul: 0.008945 Obj: 0.041787 (0.041533) Rank: 77 (78) Ttime: 5.2585 Vtime: 0.0271
Step: 49800  Loss: 0.032819 Regul: 0.008947 Obj: 0.041766 (0.041533) Rank: 77 (78) Ttime: 5.2985 Vtime: 0.0267
Step: 49900  Loss: 0.032811 Regul: 0.008947 Obj: 0.041758 (0.041533) Rank: 77 (78) Ttime: 5.2125 Vtime: 0.0269
Step: 50000  Loss: 0.032835 Regul: 0.008955 Obj: 0.041789 (0.041533) Rank: 77 (78) Ttime: 5.2890 Vtime: 0.0271
