mu: 0.003 gamma: 0.75 maxdim: 80 nIters: 50000
Load Labels: 500000
Load Distances: 500000 x 480
0...10...20...30...40...50...60...70...80...90...100 - done.
Positive samples #250000
Negative samples #250000
Positive train #200000
Negative train #200000
Positive valid #50000
Negative valid #50000

Found GPU: GeForce GTX 970
Compute Capability: 5.2

Best: 100  Loss: 0.067949 Regul: 0.024890 Obj: 0.092840 (0.092840) Rank: 78 (78) Ttime: 6.0685 Vtime: 0.1023
Stat: Dim [78] AUC: 0.979543 (0.979543) FPR95: 11.59 (11.59) [saved]
Best: 200  Loss: 0.048893 Regul: 0.016062 Obj: 0.064955 (0.064955) Rank: 63 (63) Ttime: 6.1287 Vtime: 0.0211
Stat: Dim [63] AUC: 0.982646 (0.982646) FPR95: 8.97 (8.97) [saved]
Best: 300  Loss: 0.046337 Regul: 0.014170 Obj: 0.060507 (0.060507) Rank: 60 (60) Ttime: 6.3115 Vtime: 0.0212
Stat: Dim [60] AUC: 0.983714 (0.983714) FPR95: 8.12 (8.12) [saved]
Best: 400  Loss: 0.045153 Regul: 0.013593 Obj: 0.058746 (0.058746) Rank: 59 (59) Ttime: 6.3751 Vtime: 0.0212
Stat: Dim [59] AUC: 0.984384 (0.984384) FPR95: 7.68 (7.68) [saved]
Best: 500  Loss: 0.044334 Regul: 0.013519 Obj: 0.057853 (0.057853) Rank: 58 (58) Ttime: 6.3755 Vtime: 0.0211
Stat: Dim [58] AUC: 0.984767 (0.984767) FPR95: 7.38 (7.38) [saved]
Best: 600  Loss: 0.043427 Regul: 0.013444 Obj: 0.056871 (0.056871) Rank: 58 (58) Ttime: 6.3269 Vtime: 0.0206
Stat: Dim [58] AUC: 0.985256 (0.985256) FPR95: 7.00 (7.00) [saved]
Best: 700  Loss: 0.043139 Regul: 0.013442 Obj: 0.056581 (0.056581) Rank: 57 (57) Ttime: 6.3350 Vtime: 0.0219
Stat: Dim [57] AUC: 0.985492 (0.985492) FPR95: 6.72 (6.72) [saved]
Best: 800  Loss: 0.042265 Regul: 0.013426 Obj: 0.055691 (0.055691) Rank: 57 (57) Ttime: 6.3348 Vtime: 0.0210
Stat: Dim [57] AUC: 0.985828 (0.985828) FPR95: 6.60 (6.60) [saved]
Best: 900  Loss: 0.041761 Regul: 0.013497 Obj: 0.055258 (0.055258) Rank: 57 (57) Ttime: 6.3366 Vtime: 0.0213
Stat: Dim [57] AUC: 0.985959 (0.985959) FPR95: 6.55 (6.55) [saved]
Step: 1000  Loss: 0.042120 Regul: 0.013448 Obj: 0.055568 (0.055258) Rank: 56 (57) Ttime: 6.3128 Vtime: 0.0215
Step: 1100  Loss: 0.041971 Regul: 0.013432 Obj: 0.055403 (0.055258) Rank: 56 (57) Ttime: 6.2734 Vtime: 0.0205
Best: 1200  Loss: 0.041385 Regul: 0.013448 Obj: 0.054833 (0.054833) Rank: 56 (56) Ttime: 6.3058 Vtime: 0.0212
Stat: Dim [56] AUC: 0.986274 (0.986274) FPR95: 6.41 (6.41) [saved]
Best: 1300  Loss: 0.041139 Regul: 0.013359 Obj: 0.054498 (0.054498) Rank: 56 (56) Ttime: 6.2504 Vtime: 0.0216
Stat: Dim [56] AUC: 0.986394 (0.986394) FPR95: 6.16 (6.16) [saved]
Best: 1400  Loss: 0.040579 Regul: 0.013337 Obj: 0.053916 (0.053916) Rank: 57 (57) Ttime: 6.1837 Vtime: 0.0218
Stat: Dim [57] AUC: 0.986581 (0.986581) FPR95: 6.13 (6.13) [saved]
Step: 1500  Loss: 0.040854 Regul: 0.013366 Obj: 0.054220 (0.053916) Rank: 56 (57) Ttime: 6.3077 Vtime: 0.0212
Best: 1600  Loss: 0.040202 Regul: 0.013466 Obj: 0.053668 (0.053668) Rank: 56 (56) Ttime: 6.2827 Vtime: 0.0209
Stat: Dim [56] AUC: 0.986755 (0.986755) FPR95: 5.98 (5.98) [saved]
Step: 1700  Loss: 0.040467 Regul: 0.013433 Obj: 0.053900 (0.053668) Rank: 56 (56) Ttime: 6.1578 Vtime: 0.0209
Best: 1800  Loss: 0.040186 Regul: 0.013448 Obj: 0.053634 (0.053634) Rank: 55 (55) Ttime: 6.1856 Vtime: 0.0215
Stat: Dim [55] AUC: 0.986914 (0.986914) FPR95: 5.87 (5.87) [saved]
Best: 1900  Loss: 0.039952 Regul: 0.013395 Obj: 0.053347 (0.053347) Rank: 55 (55) Ttime: 6.2108 Vtime: 0.0212
Stat: Dim [55] AUC: 0.986928 (0.986914) FPR95: 5.89 (5.87)
Step: 2000  Loss: 0.040118 Regul: 0.013384 Obj: 0.053502 (0.053347) Rank: 55 (55) Ttime: 6.2949 Vtime: 0.0208
Step: 2100  Loss: 0.040057 Regul: 0.013341 Obj: 0.053398 (0.053347) Rank: 55 (55) Ttime: 6.2573 Vtime: 0.0206
Best: 2200  Loss: 0.039880 Regul: 0.013378 Obj: 0.053258 (0.053258) Rank: 55 (55) Ttime: 6.2277 Vtime: 0.0206
Stat: Dim [55] AUC: 0.987034 (0.987034) FPR95: 5.74 (5.74) [saved]
Best: 2300  Loss: 0.039845 Regul: 0.013387 Obj: 0.053231 (0.053231) Rank: 55 (55) Ttime: 6.2892 Vtime: 0.0214
Stat: Dim [55] AUC: 0.987068 (0.987068) FPR95: 5.69 (5.69) [saved]
Best: 2400  Loss: 0.039444 Regul: 0.013401 Obj: 0.052845 (0.052845) Rank: 55 (55) Ttime: 6.2980 Vtime: 0.0209
Stat: Dim [55] AUC: 0.987142 (0.987142) FPR95: 5.66 (5.66) [saved]
Step: 2500  Loss: 0.039520 Regul: 0.013471 Obj: 0.052991 (0.052845) Rank: 55 (55) Ttime: 6.1989 Vtime: 0.0215
Step: 2600  Loss: 0.039665 Regul: 0.013471 Obj: 0.053136 (0.052845) Rank: 55 (55) Ttime: 6.1715 Vtime: 0.0210
Best: 2700  Loss: 0.039266 Regul: 0.013502 Obj: 0.052768 (0.052768) Rank: 55 (55) Ttime: 6.2252 Vtime: 0.0208
Stat: Dim [55] AUC: 0.987238 (0.987142) FPR95: 5.69 (5.66)
Step: 2800  Loss: 0.039351 Regul: 0.013544 Obj: 0.052894 (0.052768) Rank: 55 (55) Ttime: 6.1842 Vtime: 0.0208
Step: 2900  Loss: 0.039518 Regul: 0.013527 Obj: 0.053046 (0.052768) Rank: 55 (55) Ttime: 6.1734 Vtime: 0.0210
Step: 3000  Loss: 0.039553 Regul: 0.013426 Obj: 0.052979 (0.052768) Rank: 56 (55) Ttime: 6.2182 Vtime: 0.0215
Best: 3100  Loss: 0.039046 Regul: 0.013512 Obj: 0.052558 (0.052558) Rank: 56 (56) Ttime: 6.2744 Vtime: 0.0216
Stat: Dim [56] AUC: 0.987366 (0.987366) FPR95: 5.60 (5.60) [saved]
Best: 3200  Loss: 0.039067 Regul: 0.013479 Obj: 0.052546 (0.052546) Rank: 56 (56) Ttime: 6.2417 Vtime: 0.0207
Stat: Dim [56] AUC: 0.987445 (0.987445) FPR95: 5.53 (5.53) [saved]
Best: 3300  Loss: 0.038942 Regul: 0.013462 Obj: 0.052404 (0.052404) Rank: 55 (55) Ttime: 6.1649 Vtime: 0.0214
Stat: Dim [55] AUC: 0.987418 (0.987445) FPR95: 5.52 (5.53)
Step: 3400  Loss: 0.039034 Regul: 0.013463 Obj: 0.052498 (0.052404) Rank: 55 (55) Ttime: 6.2005 Vtime: 0.0212
Step: 3500  Loss: 0.039145 Regul: 0.013475 Obj: 0.052620 (0.052404) Rank: 55 (55) Ttime: 6.1409 Vtime: 0.0210
Step: 3600  Loss: 0.039230 Regul: 0.013479 Obj: 0.052710 (0.052404) Rank: 56 (55) Ttime: 6.1706 Vtime: 0.0222
Step: 3700  Loss: 0.039116 Regul: 0.013509 Obj: 0.052625 (0.052404) Rank: 56 (55) Ttime: 6.1865 Vtime: 0.0214
Step: 3800  Loss: 0.039060 Regul: 0.013527 Obj: 0.052587 (0.052404) Rank: 56 (55) Ttime: 6.1748 Vtime: 0.0210
Step: 3900  Loss: 0.039228 Regul: 0.013494 Obj: 0.052722 (0.052404) Rank: 56 (55) Ttime: 6.1305 Vtime: 0.0212
Step: 4000  Loss: 0.038968 Regul: 0.013528 Obj: 0.052495 (0.052404) Rank: 56 (55) Ttime: 6.1992 Vtime: 0.0213
Step: 4100  Loss: 0.038976 Regul: 0.013503 Obj: 0.052479 (0.052404) Rank: 56 (55) Ttime: 6.2549 Vtime: 0.0209
Step: 4200  Loss: 0.038866 Regul: 0.013561 Obj: 0.052427 (0.052404) Rank: 56 (55) Ttime: 6.1957 Vtime: 0.0211
Step: 4300  Loss: 0.038946 Regul: 0.013556 Obj: 0.052503 (0.052404) Rank: 55 (55) Ttime: 6.0852 Vtime: 0.0213
Best: 4400  Loss: 0.038866 Regul: 0.013535 Obj: 0.052400 (0.052400) Rank: 55 (55) Ttime: 6.1665 Vtime: 0.0210
Stat: Dim [55] AUC: 0.987651 (0.987651) FPR95: 5.41 (5.41) [saved]
Best: 4500  Loss: 0.038695 Regul: 0.013548 Obj: 0.052243 (0.052243) Rank: 55 (55) Ttime: 6.2215 Vtime: 0.0216
Stat: Dim [55] AUC: 0.987668 (0.987668) FPR95: 5.36 (5.36) [saved]
Step: 4600  Loss: 0.038739 Regul: 0.013515 Obj: 0.052253 (0.052243) Rank: 55 (55) Ttime: 6.1959 Vtime: 0.0212
Step: 4700  Loss: 0.039132 Regul: 0.013542 Obj: 0.052673 (0.052243) Rank: 55 (55) Ttime: 6.1701 Vtime: 0.0211
Step: 4800  Loss: 0.038762 Regul: 0.013620 Obj: 0.052381 (0.052243) Rank: 55 (55) Ttime: 6.0936 Vtime: 0.0213
Step: 4900  Loss: 0.038866 Regul: 0.013607 Obj: 0.052473 (0.052243) Rank: 55 (55) Ttime: 6.1615 Vtime: 0.0208
Step: 5000  Loss: 0.038721 Regul: 0.013607 Obj: 0.052327 (0.052243) Rank: 55 (55) Ttime: 6.0744 Vtime: 0.0206
Step: 5100  Loss: 0.038903 Regul: 0.013543 Obj: 0.052446 (0.052243) Rank: 55 (55) Ttime: 6.1339 Vtime: 0.0215
Step: 5200  Loss: 0.038925 Regul: 0.013570 Obj: 0.052495 (0.052243) Rank: 55 (55) Ttime: 6.1013 Vtime: 0.0213
Step: 5300  Loss: 0.039096 Regul: 0.013563 Obj: 0.052659 (0.052243) Rank: 55 (55) Ttime: 6.0522 Vtime: 0.0208
Step: 5400  Loss: 0.039097 Regul: 0.013549 Obj: 0.052647 (0.052243) Rank: 55 (55) Ttime: 6.0252 Vtime: 0.0211
Step: 5500  Loss: 0.038800 Regul: 0.013547 Obj: 0.052347 (0.052243) Rank: 55 (55) Ttime: 6.0908 Vtime: 0.0208
Step: 5600  Loss: 0.038793 Regul: 0.013586 Obj: 0.052380 (0.052243) Rank: 55 (55) Ttime: 6.1434 Vtime: 0.0217
Step: 5700  Loss: 0.038787 Regul: 0.013540 Obj: 0.052327 (0.052243) Rank: 55 (55) Ttime: 6.0637 Vtime: 0.0208
Step: 5800  Loss: 0.038830 Regul: 0.013527 Obj: 0.052357 (0.052243) Rank: 55 (55) Ttime: 6.2011 Vtime: 0.0208
Step: 5900  Loss: 0.038831 Regul: 0.013516 Obj: 0.052346 (0.052243) Rank: 55 (55) Ttime: 6.2156 Vtime: 0.0207
Step: 6000  Loss: 0.038768 Regul: 0.013529 Obj: 0.052298 (0.052243) Rank: 55 (55) Ttime: 6.1406 Vtime: 0.0209
Step: 6100  Loss: 0.039138 Regul: 0.013528 Obj: 0.052666 (0.052243) Rank: 55 (55) Ttime: 6.0644 Vtime: 0.0208
Step: 6200  Loss: 0.038838 Regul: 0.013524 Obj: 0.052362 (0.052243) Rank: 55 (55) Ttime: 6.1133 Vtime: 0.0208
Step: 6300  Loss: 0.038761 Regul: 0.013532 Obj: 0.052293 (0.052243) Rank: 55 (55) Ttime: 6.0740 Vtime: 0.0209
Step: 6400  Loss: 0.038743 Regul: 0.013528 Obj: 0.052270 (0.052243) Rank: 55 (55) Ttime: 6.1419 Vtime: 0.0217
Step: 6500  Loss: 0.038762 Regul: 0.013563 Obj: 0.052324 (0.052243) Rank: 55 (55) Ttime: 6.0984 Vtime: 0.0212
Best: 6600  Loss: 0.038564 Regul: 0.013513 Obj: 0.052078 (0.052078) Rank: 55 (55) Ttime: 6.0886 Vtime: 0.0210
Stat: Dim [55] AUC: 0.987865 (0.987865) FPR95: 5.27 (5.27) [saved]
Step: 6700  Loss: 0.038636 Regul: 0.013548 Obj: 0.052184 (0.052078) Rank: 55 (55) Ttime: 6.1421 Vtime: 0.0212
Step: 6800  Loss: 0.038802 Regul: 0.013537 Obj: 0.052339 (0.052078) Rank: 55 (55) Ttime: 6.1613 Vtime: 0.0209
Step: 6900  Loss: 0.038530 Regul: 0.013580 Obj: 0.052110 (0.052078) Rank: 55 (55) Ttime: 6.1891 Vtime: 0.0207
Step: 7000  Loss: 0.038671 Regul: 0.013548 Obj: 0.052219 (0.052078) Rank: 55 (55) Ttime: 6.1147 Vtime: 0.0211
Step: 7100  Loss: 0.038512 Regul: 0.013656 Obj: 0.052167 (0.052078) Rank: 56 (55) Ttime: 6.1519 Vtime: 0.0216
Step: 7200  Loss: 0.038650 Regul: 0.013618 Obj: 0.052268 (0.052078) Rank: 56 (55) Ttime: 6.1566 Vtime: 0.0213
Step: 7300  Loss: 0.038585 Regul: 0.013645 Obj: 0.052231 (0.052078) Rank: 56 (55) Ttime: 6.0918 Vtime: 0.0209
Step: 7400  Loss: 0.038532 Regul: 0.013653 Obj: 0.052184 (0.052078) Rank: 56 (55) Ttime: 6.1264 Vtime: 0.0210
Step: 7500  Loss: 0.038761 Regul: 0.013634 Obj: 0.052395 (0.052078) Rank: 56 (55) Ttime: 6.1899 Vtime: 0.0212
Step: 7600  Loss: 0.038600 Regul: 0.013653 Obj: 0.052254 (0.052078) Rank: 56 (55) Ttime: 6.1494 Vtime: 0.0208
Step: 7700  Loss: 0.038716 Regul: 0.013605 Obj: 0.052321 (0.052078) Rank: 56 (55) Ttime: 6.1631 Vtime: 0.0211
Step: 7800  Loss: 0.038551 Regul: 0.013633 Obj: 0.052185 (0.052078) Rank: 56 (55) Ttime: 6.1887 Vtime: 0.0208
Step: 7900  Loss: 0.038525 Regul: 0.013690 Obj: 0.052215 (0.052078) Rank: 56 (55) Ttime: 6.1909 Vtime: 0.0208
Step: 8000  Loss: 0.038386 Regul: 0.013706 Obj: 0.052092 (0.052078) Rank: 56 (55) Ttime: 6.1356 Vtime: 0.0213
Step: 8100  Loss: 0.038492 Regul: 0.013697 Obj: 0.052189 (0.052078) Rank: 56 (55) Ttime: 6.1372 Vtime: 0.0209
Best: 8200  Loss: 0.038345 Regul: 0.013691 Obj: 0.052036 (0.052036) Rank: 56 (56) Ttime: 6.0559 Vtime: 0.0209
Stat: Dim [56] AUC: 0.988004 (0.988004) FPR95: 5.22 (5.22) [saved]
Step: 8300  Loss: 0.038501 Regul: 0.013699 Obj: 0.052200 (0.052036) Rank: 56 (56) Ttime: 6.0686 Vtime: 0.0212
Step: 8400  Loss: 0.038369 Regul: 0.013702 Obj: 0.052070 (0.052036) Rank: 56 (56) Ttime: 6.1096 Vtime: 0.0211
Step: 8500  Loss: 0.038459 Regul: 0.013700 Obj: 0.052159 (0.052036) Rank: 56 (56) Ttime: 6.0741 Vtime: 0.0210
Best: 8600  Loss: 0.038239 Regul: 0.013715 Obj: 0.051953 (0.051953) Rank: 57 (57) Ttime: 6.0652 Vtime: 0.0212
Stat: Dim [57] AUC: 0.988047 (0.988047) FPR95: 5.09 (5.09) [saved]
Step: 8700  Loss: 0.038404 Regul: 0.013687 Obj: 0.052090 (0.051953) Rank: 56 (57) Ttime: 6.1272 Vtime: 0.0216
Step: 8800  Loss: 0.038419 Regul: 0.013683 Obj: 0.052102 (0.051953) Rank: 56 (57) Ttime: 6.1228 Vtime: 0.0211
Step: 8900  Loss: 0.038459 Regul: 0.013706 Obj: 0.052166 (0.051953) Rank: 56 (57) Ttime: 6.1235 Vtime: 0.0209
Step: 9000  Loss: 0.038413 Regul: 0.013724 Obj: 0.052137 (0.051953) Rank: 56 (57) Ttime: 6.1200 Vtime: 0.0211
Step: 9100  Loss: 0.038188 Regul: 0.013772 Obj: 0.051959 (0.051953) Rank: 57 (57) Ttime: 6.1538 Vtime: 0.0216
Step: 9200  Loss: 0.038396 Regul: 0.013752 Obj: 0.052148 (0.051953) Rank: 56 (57) Ttime: 6.1671 Vtime: 0.0216
Step: 9300  Loss: 0.038290 Regul: 0.013764 Obj: 0.052054 (0.051953) Rank: 56 (57) Ttime: 6.2116 Vtime: 0.0213
Best: 9400  Loss: 0.038180 Regul: 0.013760 Obj: 0.051940 (0.051940) Rank: 56 (56) Ttime: 6.2078 Vtime: 0.0211
Stat: Dim [56] AUC: 0.988025 (0.988047) FPR95: 5.15 (5.09)
Step: 9500  Loss: 0.038281 Regul: 0.013768 Obj: 0.052049 (0.051940) Rank: 56 (56) Ttime: 6.2179 Vtime: 0.0209
Step: 9600  Loss: 0.038457 Regul: 0.013749 Obj: 0.052206 (0.051940) Rank: 56 (56) Ttime: 6.1786 Vtime: 0.0213
Step: 9700  Loss: 0.038308 Regul: 0.013757 Obj: 0.052065 (0.051940) Rank: 56 (56) Ttime: 6.1252 Vtime: 0.0211
Step: 9800  Loss: 0.038363 Regul: 0.013755 Obj: 0.052118 (0.051940) Rank: 56 (56) Ttime: 6.1625 Vtime: 0.0208
Step: 9900  Loss: 0.038374 Regul: 0.013737 Obj: 0.052112 (0.051940) Rank: 56 (56) Ttime: 6.1406 Vtime: 0.0207
Step: 10000  Loss: 0.038459 Regul: 0.013754 Obj: 0.052213 (0.051940) Rank: 56 (56) Ttime: 6.1739 Vtime: 0.0214
Step: 10100  Loss: 0.038520 Regul: 0.013751 Obj: 0.052271 (0.051940) Rank: 56 (56) Ttime: 6.1614 Vtime: 0.0211
Step: 10200  Loss: 0.038423 Regul: 0.013775 Obj: 0.052198 (0.051940) Rank: 57 (56) Ttime: 6.1671 Vtime: 0.0215
Step: 10300  Loss: 0.038443 Regul: 0.013749 Obj: 0.052192 (0.051940) Rank: 57 (56) Ttime: 6.1105 Vtime: 0.0212
Step: 10400  Loss: 0.038409 Regul: 0.013785 Obj: 0.052194 (0.051940) Rank: 57 (56) Ttime: 6.2592 Vtime: 0.0216
Step: 10500  Loss: 0.038308 Regul: 0.013798 Obj: 0.052106 (0.051940) Rank: 56 (56) Ttime: 6.1769 Vtime: 0.0216
Step: 10600  Loss: 0.038299 Regul: 0.013800 Obj: 0.052099 (0.051940) Rank: 56 (56) Ttime: 6.1542 Vtime: 0.0206
Step: 10700  Loss: 0.038240 Regul: 0.013830 Obj: 0.052070 (0.051940) Rank: 56 (56) Ttime: 6.1568 Vtime: 0.0210
Best: 10800  Loss: 0.038132 Regul: 0.013808 Obj: 0.051940 (0.051940) Rank: 56 (56) Ttime: 6.0579 Vtime: 0.0216
Stat: Dim [56] AUC: 0.988164 (0.988164) FPR95: 5.03 (5.03) [saved]
Best: 10900  Loss: 0.038002 Regul: 0.013830 Obj: 0.051833 (0.051833) Rank: 57 (57) Ttime: 5.9807 Vtime: 0.0213
Stat: Dim [57] AUC: 0.988153 (0.988164) FPR95: 5.04 (5.03)
Step: 11000  Loss: 0.038119 Regul: 0.013852 Obj: 0.051971 (0.051833) Rank: 57 (57) Ttime: 5.9594 Vtime: 0.0211
Step: 11100  Loss: 0.038113 Regul: 0.013834 Obj: 0.051948 (0.051833) Rank: 57 (57) Ttime: 5.9398 Vtime: 0.0209
Step: 11200  Loss: 0.038189 Regul: 0.013804 Obj: 0.051993 (0.051833) Rank: 57 (57) Ttime: 6.0334 Vtime: 0.0210
Step: 11300  Loss: 0.038190 Regul: 0.013807 Obj: 0.051998 (0.051833) Rank: 57 (57) Ttime: 6.0949 Vtime: 0.0210
Step: 11400  Loss: 0.038161 Regul: 0.013766 Obj: 0.051927 (0.051833) Rank: 57 (57) Ttime: 5.9968 Vtime: 0.0207
Step: 11500  Loss: 0.038256 Regul: 0.013746 Obj: 0.052002 (0.051833) Rank: 57 (57) Ttime: 6.0248 Vtime: 0.0213
Step: 11600  Loss: 0.038220 Regul: 0.013739 Obj: 0.051959 (0.051833) Rank: 57 (57) Ttime: 6.0764 Vtime: 0.0210
Step: 11700  Loss: 0.038163 Regul: 0.013715 Obj: 0.051878 (0.051833) Rank: 57 (57) Ttime: 6.0958 Vtime: 0.0211
Step: 11800  Loss: 0.038152 Regul: 0.013721 Obj: 0.051873 (0.051833) Rank: 57 (57) Ttime: 6.0256 Vtime: 0.0213
Step: 11900  Loss: 0.038128 Regul: 0.013754 Obj: 0.051882 (0.051833) Rank: 57 (57) Ttime: 6.0876 Vtime: 0.0214
Step: 12000  Loss: 0.038134 Regul: 0.013732 Obj: 0.051866 (0.051833) Rank: 56 (57) Ttime: 6.0954 Vtime: 0.0219
Step: 12100  Loss: 0.038206 Regul: 0.013765 Obj: 0.051971 (0.051833) Rank: 56 (57) Ttime: 6.0225 Vtime: 0.0212
Step: 12200  Loss: 0.038181 Regul: 0.013743 Obj: 0.051924 (0.051833) Rank: 56 (57) Ttime: 5.9716 Vtime: 0.0211
Step: 12300  Loss: 0.038233 Regul: 0.013703 Obj: 0.051936 (0.051833) Rank: 56 (57) Ttime: 5.8946 Vtime: 0.0205
Step: 12400  Loss: 0.038333 Regul: 0.013705 Obj: 0.052038 (0.051833) Rank: 57 (57) Ttime: 6.0332 Vtime: 0.0210
Step: 12500  Loss: 0.038254 Regul: 0.013667 Obj: 0.051921 (0.051833) Rank: 57 (57) Ttime: 6.0233 Vtime: 0.0209
Step: 12600  Loss: 0.038182 Regul: 0.013690 Obj: 0.051872 (0.051833) Rank: 57 (57) Ttime: 6.0467 Vtime: 0.0213
Step: 12700  Loss: 0.038264 Regul: 0.013707 Obj: 0.051972 (0.051833) Rank: 57 (57) Ttime: 5.9832 Vtime: 0.0205
Step: 12800  Loss: 0.038272 Regul: 0.013703 Obj: 0.051974 (0.051833) Rank: 57 (57) Ttime: 6.0159 Vtime: 0.0214
Step: 12900  Loss: 0.038149 Regul: 0.013694 Obj: 0.051843 (0.051833) Rank: 56 (57) Ttime: 5.9874 Vtime: 0.0216
Step: 13000  Loss: 0.038165 Regul: 0.013693 Obj: 0.051858 (0.051833) Rank: 56 (57) Ttime: 6.0487 Vtime: 0.0208
Best: 13100  Loss: 0.038044 Regul: 0.013732 Obj: 0.051775 (0.051775) Rank: 56 (56) Ttime: 6.0277 Vtime: 0.0209
Stat: Dim [56] AUC: 0.988161 (0.988164) FPR95: 5.07 (5.03)
Step: 13200  Loss: 0.038098 Regul: 0.013706 Obj: 0.051803 (0.051775) Rank: 56 (56) Ttime: 6.0317 Vtime: 0.0208
Step: 13300  Loss: 0.038131 Regul: 0.013746 Obj: 0.051877 (0.051775) Rank: 56 (56) Ttime: 6.0049 Vtime: 0.0216
Step: 13400  Loss: 0.038101 Regul: 0.013724 Obj: 0.051825 (0.051775) Rank: 56 (56) Ttime: 5.9389 Vtime: 0.0212
Step: 13500  Loss: 0.038123 Regul: 0.013747 Obj: 0.051870 (0.051775) Rank: 56 (56) Ttime: 5.9629 Vtime: 0.0207
Step: 13600  Loss: 0.038044 Regul: 0.013763 Obj: 0.051807 (0.051775) Rank: 56 (56) Ttime: 5.9970 Vtime: 0.0213
Best: 13700  Loss: 0.037938 Regul: 0.013769 Obj: 0.051707 (0.051707) Rank: 56 (56) Ttime: 5.9839 Vtime: 0.0208
Stat: Dim [56] AUC: 0.988172 (0.988164) FPR95: 5.14 (5.03)
Step: 13800  Loss: 0.038035 Regul: 0.013771 Obj: 0.051806 (0.051707) Rank: 56 (56) Ttime: 5.9879 Vtime: 0.0208
Step: 13900  Loss: 0.038002 Regul: 0.013774 Obj: 0.051776 (0.051707) Rank: 56 (56) Ttime: 5.9743 Vtime: 0.0208
Step: 14000  Loss: 0.038016 Regul: 0.013813 Obj: 0.051829 (0.051707) Rank: 56 (56) Ttime: 6.0334 Vtime: 0.0209
Step: 14100  Loss: 0.038030 Regul: 0.013789 Obj: 0.051818 (0.051707) Rank: 56 (56) Ttime: 6.0479 Vtime: 0.0209
Step: 14200  Loss: 0.038146 Regul: 0.013767 Obj: 0.051913 (0.051707) Rank: 56 (56) Ttime: 6.0829 Vtime: 0.0207
Step: 14300  Loss: 0.038105 Regul: 0.013771 Obj: 0.051876 (0.051707) Rank: 57 (56) Ttime: 6.0681 Vtime: 0.0220
Step: 14400  Loss: 0.038129 Regul: 0.013796 Obj: 0.051924 (0.051707) Rank: 56 (56) Ttime: 6.0771 Vtime: 0.0219
Step: 14500  Loss: 0.038060 Regul: 0.013825 Obj: 0.051884 (0.051707) Rank: 57 (56) Ttime: 6.1457 Vtime: 0.0217
Step: 14600  Loss: 0.038099 Regul: 0.013824 Obj: 0.051923 (0.051707) Rank: 57 (56) Ttime: 6.1853 Vtime: 0.0209
Step: 14700  Loss: 0.038067 Regul: 0.013806 Obj: 0.051873 (0.051707) Rank: 56 (56) Ttime: 6.0777 Vtime: 0.0218
Step: 14800  Loss: 0.038012 Regul: 0.013829 Obj: 0.051841 (0.051707) Rank: 57 (56) Ttime: 6.1405 Vtime: 0.0219
Best: 14900  Loss: 0.037839 Regul: 0.013833 Obj: 0.051672 (0.051672) Rank: 56 (56) Ttime: 6.1375 Vtime: 0.0212
Stat: Dim [56] AUC: 0.988229 (0.988164) FPR95: 5.05 (5.03)
Best: 15000  Loss: 0.037726 Regul: 0.013850 Obj: 0.051576 (0.051576) Rank: 56 (56) Ttime: 6.0840 Vtime: 0.0210
Stat: Dim [56] AUC: 0.988233 (0.988164) FPR95: 5.13 (5.03)
Step: 15100  Loss: 0.037763 Regul: 0.013850 Obj: 0.051613 (0.051576) Rank: 56 (56) Ttime: 6.0549 Vtime: 0.0209
Step: 15200  Loss: 0.037855 Regul: 0.013820 Obj: 0.051675 (0.051576) Rank: 57 (56) Ttime: 6.0672 Vtime: 0.0213
Step: 15300  Loss: 0.038041 Regul: 0.013813 Obj: 0.051855 (0.051576) Rank: 57 (56) Ttime: 6.1116 Vtime: 0.0207
Step: 15400  Loss: 0.038212 Regul: 0.013788 Obj: 0.051999 (0.051576) Rank: 56 (56) Ttime: 6.0816 Vtime: 0.0216
Step: 15500  Loss: 0.038054 Regul: 0.013803 Obj: 0.051858 (0.051576) Rank: 56 (56) Ttime: 6.1341 Vtime: 0.0211
Step: 15600  Loss: 0.038081 Regul: 0.013813 Obj: 0.051894 (0.051576) Rank: 56 (56) Ttime: 6.1103 Vtime: 0.0208
Step: 15700  Loss: 0.038123 Regul: 0.013804 Obj: 0.051927 (0.051576) Rank: 56 (56) Ttime: 6.0877 Vtime: 0.0212
Step: 15800  Loss: 0.038019 Regul: 0.013798 Obj: 0.051817 (0.051576) Rank: 56 (56) Ttime: 6.0544 Vtime: 0.0207
Step: 15900  Loss: 0.037958 Regul: 0.013828 Obj: 0.051786 (0.051576) Rank: 56 (56) Ttime: 6.1343 Vtime: 0.0208
Step: 16000  Loss: 0.038036 Regul: 0.013828 Obj: 0.051864 (0.051576) Rank: 57 (56) Ttime: 6.1104 Vtime: 0.0217
Step: 16100  Loss: 0.038086 Regul: 0.013808 Obj: 0.051894 (0.051576) Rank: 57 (56) Ttime: 6.1462 Vtime: 0.0217
Step: 16200  Loss: 0.038100 Regul: 0.013796 Obj: 0.051896 (0.051576) Rank: 56 (56) Ttime: 6.1320 Vtime: 0.0219
Step: 16300  Loss: 0.038088 Regul: 0.013799 Obj: 0.051887 (0.051576) Rank: 56 (56) Ttime: 6.1231 Vtime: 0.0210
Step: 16400  Loss: 0.038012 Regul: 0.013795 Obj: 0.051807 (0.051576) Rank: 56 (56) Ttime: 6.1029 Vtime: 0.0207
Step: 16500  Loss: 0.037995 Regul: 0.013760 Obj: 0.051755 (0.051576) Rank: 56 (56) Ttime: 6.0677 Vtime: 0.0207
Step: 16600  Loss: 0.038061 Regul: 0.013773 Obj: 0.051835 (0.051576) Rank: 57 (56) Ttime: 6.0720 Vtime: 0.0212
Step: 16700  Loss: 0.037928 Regul: 0.013799 Obj: 0.051726 (0.051576) Rank: 57 (56) Ttime: 6.1214 Vtime: 0.0209
Step: 16800  Loss: 0.037940 Regul: 0.013821 Obj: 0.051762 (0.051576) Rank: 57 (56) Ttime: 6.1487 Vtime: 0.0210
Step: 16900  Loss: 0.037954 Regul: 0.013853 Obj: 0.051807 (0.051576) Rank: 57 (56) Ttime: 6.0330 Vtime: 0.0209
Step: 17000  Loss: 0.038033 Regul: 0.013810 Obj: 0.051844 (0.051576) Rank: 57 (56) Ttime: 5.9572 Vtime: 0.0211
Step: 17100  Loss: 0.038050 Regul: 0.013817 Obj: 0.051867 (0.051576) Rank: 57 (56) Ttime: 6.0967 Vtime: 0.0210
Step: 17200  Loss: 0.038051 Regul: 0.013829 Obj: 0.051880 (0.051576) Rank: 57 (56) Ttime: 6.1500 Vtime: 0.0210
Step: 17300  Loss: 0.037994 Regul: 0.013851 Obj: 0.051845 (0.051576) Rank: 57 (56) Ttime: 6.1122 Vtime: 0.0210
Step: 17400  Loss: 0.038016 Regul: 0.013864 Obj: 0.051880 (0.051576) Rank: 57 (56) Ttime: 5.9816 Vtime: 0.0215
Step: 17500  Loss: 0.038136 Regul: 0.013838 Obj: 0.051974 (0.051576) Rank: 57 (56) Ttime: 5.9872 Vtime: 0.0213
Step: 17600  Loss: 0.038115 Regul: 0.013843 Obj: 0.051958 (0.051576) Rank: 57 (56) Ttime: 6.0358 Vtime: 0.0210
Step: 17700  Loss: 0.038000 Regul: 0.013852 Obj: 0.051852 (0.051576) Rank: 57 (56) Ttime: 5.9633 Vtime: 0.0215
Step: 17800  Loss: 0.037863 Regul: 0.013871 Obj: 0.051734 (0.051576) Rank: 57 (56) Ttime: 6.0059 Vtime: 0.0210
Step: 17900  Loss: 0.037922 Regul: 0.013875 Obj: 0.051797 (0.051576) Rank: 57 (56) Ttime: 5.9992 Vtime: 0.0210
Step: 18000  Loss: 0.038126 Regul: 0.013868 Obj: 0.051994 (0.051576) Rank: 57 (56) Ttime: 6.0234 Vtime: 0.0205
Step: 18100  Loss: 0.037976 Regul: 0.013862 Obj: 0.051838 (0.051576) Rank: 57 (56) Ttime: 6.0081 Vtime: 0.0207
Step: 18200  Loss: 0.037975 Regul: 0.013817 Obj: 0.051792 (0.051576) Rank: 57 (56) Ttime: 6.0195 Vtime: 0.0205
Step: 18300  Loss: 0.038010 Regul: 0.013836 Obj: 0.051846 (0.051576) Rank: 57 (56) Ttime: 5.9925 Vtime: 0.0214
Step: 18400  Loss: 0.037879 Regul: 0.013852 Obj: 0.051732 (0.051576) Rank: 57 (56) Ttime: 6.0795 Vtime: 0.0215
Step: 18500  Loss: 0.037873 Regul: 0.013832 Obj: 0.051705 (0.051576) Rank: 57 (56) Ttime: 6.0070 Vtime: 0.0215
Step: 18600  Loss: 0.037799 Regul: 0.013809 Obj: 0.051608 (0.051576) Rank: 57 (56) Ttime: 5.9676 Vtime: 0.0215
Step: 18700  Loss: 0.037889 Regul: 0.013797 Obj: 0.051686 (0.051576) Rank: 57 (56) Ttime: 5.9810 Vtime: 0.0210
Step: 18800  Loss: 0.037956 Regul: 0.013798 Obj: 0.051754 (0.051576) Rank: 57 (56) Ttime: 5.9470 Vtime: 0.0206
Step: 18900  Loss: 0.037872 Regul: 0.013798 Obj: 0.051670 (0.051576) Rank: 57 (56) Ttime: 5.9338 Vtime: 0.0210
Step: 19000  Loss: 0.037762 Regul: 0.013824 Obj: 0.051586 (0.051576) Rank: 57 (56) Ttime: 5.9896 Vtime: 0.0213
Step: 19100  Loss: 0.037935 Regul: 0.013826 Obj: 0.051761 (0.051576) Rank: 57 (56) Ttime: 6.0001 Vtime: 0.0208
Step: 19200  Loss: 0.037830 Regul: 0.013856 Obj: 0.051686 (0.051576) Rank: 57 (56) Ttime: 6.0885 Vtime: 0.0203
Step: 19300  Loss: 0.037820 Regul: 0.013852 Obj: 0.051672 (0.051576) Rank: 57 (56) Ttime: 6.0940 Vtime: 0.0207
Step: 19400  Loss: 0.037809 Regul: 0.013847 Obj: 0.051656 (0.051576) Rank: 57 (56) Ttime: 6.1021 Vtime: 0.0212
Step: 19500  Loss: 0.037801 Regul: 0.013851 Obj: 0.051651 (0.051576) Rank: 56 (56) Ttime: 6.1126 Vtime: 0.0214
Step: 19600  Loss: 0.037908 Regul: 0.013849 Obj: 0.051758 (0.051576) Rank: 56 (56) Ttime: 6.1184 Vtime: 0.0210
Step: 19700  Loss: 0.037986 Regul: 0.013851 Obj: 0.051837 (0.051576) Rank: 56 (56) Ttime: 6.0900 Vtime: 0.0207
Step: 19800  Loss: 0.037955 Regul: 0.013823 Obj: 0.051778 (0.051576) Rank: 56 (56) Ttime: 6.0464 Vtime: 0.0204
Step: 19900  Loss: 0.037887 Regul: 0.013832 Obj: 0.051719 (0.051576) Rank: 57 (56) Ttime: 6.1233 Vtime: 0.0217
Best: 20000  Loss: 0.037700 Regul: 0.013854 Obj: 0.051553 (0.051553) Rank: 56 (56) Ttime: 6.1177 Vtime: 0.0215
Stat: Dim [56] AUC: 0.988372 (0.988372) FPR95: 4.89 (4.89) [saved]
Best: 20100  Loss: 0.037663 Regul: 0.013852 Obj: 0.051515 (0.051515) Rank: 56 (56) Ttime: 5.9849 Vtime: 0.0213
Stat: Dim [56] AUC: 0.988341 (0.988372) FPR95: 4.94 (4.89)
Step: 20200  Loss: 0.037695 Regul: 0.013864 Obj: 0.051559 (0.051515) Rank: 56 (56) Ttime: 6.0160 Vtime: 0.0208
Step: 20300  Loss: 0.037868 Regul: 0.013879 Obj: 0.051746 (0.051515) Rank: 56 (56) Ttime: 6.0456 Vtime: 0.0211
Step: 20400  Loss: 0.037787 Regul: 0.013886 Obj: 0.051673 (0.051515) Rank: 56 (56) Ttime: 6.0408 Vtime: 0.0217
Step: 20500  Loss: 0.037754 Regul: 0.013876 Obj: 0.051630 (0.051515) Rank: 56 (56) Ttime: 6.0292 Vtime: 0.0210
Step: 20600  Loss: 0.037792 Regul: 0.013869 Obj: 0.051661 (0.051515) Rank: 56 (56) Ttime: 6.0164 Vtime: 0.0217
Step: 20700  Loss: 0.037863 Regul: 0.013866 Obj: 0.051729 (0.051515) Rank: 56 (56) Ttime: 6.0150 Vtime: 0.0213
Step: 20800  Loss: 0.037807 Regul: 0.013854 Obj: 0.051661 (0.051515) Rank: 57 (56) Ttime: 6.0653 Vtime: 0.0217
Step: 20900  Loss: 0.037848 Regul: 0.013864 Obj: 0.051712 (0.051515) Rank: 56 (56) Ttime: 6.0740 Vtime: 0.0213
Step: 21000  Loss: 0.037773 Regul: 0.013863 Obj: 0.051635 (0.051515) Rank: 56 (56) Ttime: 6.0917 Vtime: 0.0213
Step: 21100  Loss: 0.037693 Regul: 0.013887 Obj: 0.051580 (0.051515) Rank: 56 (56) Ttime: 6.0625 Vtime: 0.0211
Step: 21200  Loss: 0.037714 Regul: 0.013896 Obj: 0.051610 (0.051515) Rank: 56 (56) Ttime: 6.0258 Vtime: 0.0206
Step: 21300  Loss: 0.037741 Regul: 0.013883 Obj: 0.051624 (0.051515) Rank: 56 (56) Ttime: 6.0426 Vtime: 0.0209
Step: 21400  Loss: 0.037699 Regul: 0.013890 Obj: 0.051589 (0.051515) Rank: 56 (56) Ttime: 6.0584 Vtime: 0.0206
Step: 21500  Loss: 0.037713 Regul: 0.013889 Obj: 0.051602 (0.051515) Rank: 56 (56) Ttime: 6.0115 Vtime: 0.0207
Step: 21600  Loss: 0.037731 Regul: 0.013899 Obj: 0.051630 (0.051515) Rank: 56 (56) Ttime: 6.0784 Vtime: 0.0212
Step: 21700  Loss: 0.037638 Regul: 0.013913 Obj: 0.051551 (0.051515) Rank: 56 (56) Ttime: 6.0927 Vtime: 0.0214
Step: 21800  Loss: 0.037678 Regul: 0.013909 Obj: 0.051587 (0.051515) Rank: 56 (56) Ttime: 6.1337 Vtime: 0.0213
Step: 21900  Loss: 0.037625 Regul: 0.013917 Obj: 0.051542 (0.051515) Rank: 56 (56) Ttime: 6.1305 Vtime: 0.0208
Best: 22000  Loss: 0.037577 Regul: 0.013922 Obj: 0.051500 (0.051500) Rank: 56 (56) Ttime: 6.0965 Vtime: 0.0205
Stat: Dim [56] AUC: 0.988372 (0.988372) FPR95: 4.92 (4.89)
Best: 22100  Loss: 0.037524 Regul: 0.013911 Obj: 0.051435 (0.051435) Rank: 56 (56) Ttime: 6.0732 Vtime: 0.0210
Stat: Dim [56] AUC: 0.988374 (0.988372) FPR95: 4.91 (4.89)
Step: 22200  Loss: 0.037609 Regul: 0.013912 Obj: 0.051521 (0.051435) Rank: 56 (56) Ttime: 6.0651 Vtime: 0.0208
Step: 22300  Loss: 0.037715 Regul: 0.013907 Obj: 0.051621 (0.051435) Rank: 56 (56) Ttime: 6.0506 Vtime: 0.0209
Step: 22400  Loss: 0.037686 Regul: 0.013914 Obj: 0.051600 (0.051435) Rank: 56 (56) Ttime: 6.0391 Vtime: 0.0213
Step: 22500  Loss: 0.037720 Regul: 0.013899 Obj: 0.051619 (0.051435) Rank: 56 (56) Ttime: 6.0604 Vtime: 0.0209
Step: 22600  Loss: 0.037927 Regul: 0.013914 Obj: 0.051841 (0.051435) Rank: 56 (56) Ttime: 6.0522 Vtime: 0.0210
Step: 22700  Loss: 0.037862 Regul: 0.013912 Obj: 0.051774 (0.051435) Rank: 56 (56) Ttime: 5.9575 Vtime: 0.0206
Step: 22800  Loss: 0.037855 Regul: 0.013902 Obj: 0.051757 (0.051435) Rank: 56 (56) Ttime: 6.0259 Vtime: 0.0215
Step: 22900  Loss: 0.037957 Regul: 0.013890 Obj: 0.051847 (0.051435) Rank: 56 (56) Ttime: 6.0957 Vtime: 0.0205
Step: 23000  Loss: 0.037916 Regul: 0.013887 Obj: 0.051803 (0.051435) Rank: 56 (56) Ttime: 6.0734 Vtime: 0.0214
Step: 23100  Loss: 0.037955 Regul: 0.013881 Obj: 0.051836 (0.051435) Rank: 56 (56) Ttime: 6.0981 Vtime: 0.0208
Step: 23200  Loss: 0.037913 Regul: 0.013892 Obj: 0.051804 (0.051435) Rank: 56 (56) Ttime: 6.0931 Vtime: 0.0210
Step: 23300  Loss: 0.037856 Regul: 0.013898 Obj: 0.051753 (0.051435) Rank: 56 (56) Ttime: 6.0442 Vtime: 0.0212
Step: 23400  Loss: 0.037834 Regul: 0.013915 Obj: 0.051749 (0.051435) Rank: 56 (56) Ttime: 6.0623 Vtime: 0.0209
Step: 23500  Loss: 0.037892 Regul: 0.013894 Obj: 0.051787 (0.051435) Rank: 56 (56) Ttime: 6.0539 Vtime: 0.0210
Step: 23600  Loss: 0.037839 Regul: 0.013907 Obj: 0.051745 (0.051435) Rank: 56 (56) Ttime: 5.9989 Vtime: 0.0209
Step: 23700  Loss: 0.037793 Regul: 0.013906 Obj: 0.051699 (0.051435) Rank: 56 (56) Ttime: 6.0907 Vtime: 0.0215
Step: 23800  Loss: 0.037878 Regul: 0.013911 Obj: 0.051790 (0.051435) Rank: 56 (56) Ttime: 6.0730 Vtime: 0.0210
Step: 23900  Loss: 0.037890 Regul: 0.013913 Obj: 0.051803 (0.051435) Rank: 56 (56) Ttime: 6.1213 Vtime: 0.0214
Step: 24000  Loss: 0.037829 Regul: 0.013918 Obj: 0.051747 (0.051435) Rank: 56 (56) Ttime: 6.0631 Vtime: 0.0214
Step: 24100  Loss: 0.037772 Regul: 0.013925 Obj: 0.051697 (0.051435) Rank: 56 (56) Ttime: 5.9977 Vtime: 0.0209
Step: 24200  Loss: 0.037809 Regul: 0.013926 Obj: 0.051735 (0.051435) Rank: 56 (56) Ttime: 6.1057 Vtime: 0.0212
Step: 24300  Loss: 0.037757 Regul: 0.013915 Obj: 0.051672 (0.051435) Rank: 56 (56) Ttime: 6.0922 Vtime: 0.0204
Step: 24400  Loss: 0.037823 Regul: 0.013908 Obj: 0.051731 (0.051435) Rank: 56 (56) Ttime: 6.0570 Vtime: 0.0206
Step: 24500  Loss: 0.037829 Regul: 0.013891 Obj: 0.051720 (0.051435) Rank: 56 (56) Ttime: 6.1179 Vtime: 0.0211
Step: 24600  Loss: 0.037866 Regul: 0.013906 Obj: 0.051772 (0.051435) Rank: 56 (56) Ttime: 6.0796 Vtime: 0.0210
Step: 24700  Loss: 0.037771 Regul: 0.013932 Obj: 0.051703 (0.051435) Rank: 56 (56) Ttime: 6.1087 Vtime: 0.0211
Step: 24800  Loss: 0.037829 Regul: 0.013923 Obj: 0.051752 (0.051435) Rank: 56 (56) Ttime: 6.0813 Vtime: 0.0206
Step: 24900  Loss: 0.037723 Regul: 0.013917 Obj: 0.051640 (0.051435) Rank: 56 (56) Ttime: 6.1039 Vtime: 0.0210
Step: 25000  Loss: 0.037806 Regul: 0.013909 Obj: 0.051715 (0.051435) Rank: 56 (56) Ttime: 6.1612 Vtime: 0.0208
Step: 25100  Loss: 0.037634 Regul: 0.013905 Obj: 0.051539 (0.051435) Rank: 56 (56) Ttime: 6.1723 Vtime: 0.0212
Step: 25200  Loss: 0.037671 Regul: 0.013867 Obj: 0.051537 (0.051435) Rank: 56 (56) Ttime: 6.1847 Vtime: 0.0209
Step: 25300  Loss: 0.037648 Regul: 0.013856 Obj: 0.051504 (0.051435) Rank: 56 (56) Ttime: 6.1458 Vtime: 0.0215
Step: 25400  Loss: 0.037689 Regul: 0.013865 Obj: 0.051554 (0.051435) Rank: 56 (56) Ttime: 6.1805 Vtime: 0.0205
Step: 25500  Loss: 0.037672 Regul: 0.013907 Obj: 0.051579 (0.051435) Rank: 56 (56) Ttime: 6.1733 Vtime: 0.0212
Step: 25600  Loss: 0.037698 Regul: 0.013916 Obj: 0.051614 (0.051435) Rank: 56 (56) Ttime: 6.1398 Vtime: 0.0207
Step: 25700  Loss: 0.037606 Regul: 0.013931 Obj: 0.051537 (0.051435) Rank: 56 (56) Ttime: 6.1209 Vtime: 0.0210
Step: 25800  Loss: 0.037678 Regul: 0.013907 Obj: 0.051585 (0.051435) Rank: 56 (56) Ttime: 6.0755 Vtime: 0.0210
Step: 25900  Loss: 0.037832 Regul: 0.013901 Obj: 0.051733 (0.051435) Rank: 56 (56) Ttime: 6.0845 Vtime: 0.0208
Step: 26000  Loss: 0.037665 Regul: 0.013908 Obj: 0.051572 (0.051435) Rank: 56 (56) Ttime: 6.1523 Vtime: 0.0209
Step: 26100  Loss: 0.037655 Regul: 0.013902 Obj: 0.051557 (0.051435) Rank: 56 (56) Ttime: 6.1272 Vtime: 0.0212
Step: 26200  Loss: 0.037637 Regul: 0.013914 Obj: 0.051551 (0.051435) Rank: 56 (56) Ttime: 6.0352 Vtime: 0.0214
Step: 26300  Loss: 0.037703 Regul: 0.013914 Obj: 0.051617 (0.051435) Rank: 56 (56) Ttime: 5.9995 Vtime: 0.0208
Step: 26400  Loss: 0.037671 Regul: 0.013896 Obj: 0.051567 (0.051435) Rank: 56 (56) Ttime: 5.9346 Vtime: 0.0205
Step: 26500  Loss: 0.037677 Regul: 0.013920 Obj: 0.051598 (0.051435) Rank: 56 (56) Ttime: 6.0816 Vtime: 0.0208
Step: 26600  Loss: 0.037701 Regul: 0.013936 Obj: 0.051637 (0.051435) Rank: 56 (56) Ttime: 6.1746 Vtime: 0.0212
Step: 26700  Loss: 0.037647 Regul: 0.013932 Obj: 0.051578 (0.051435) Rank: 56 (56) Ttime: 6.0583 Vtime: 0.0209
Step: 26800  Loss: 0.037622 Regul: 0.013939 Obj: 0.051561 (0.051435) Rank: 56 (56) Ttime: 6.1013 Vtime: 0.0208
Step: 26900  Loss: 0.037684 Regul: 0.013946 Obj: 0.051630 (0.051435) Rank: 56 (56) Ttime: 6.1541 Vtime: 0.0209
Step: 27000  Loss: 0.037661 Regul: 0.013926 Obj: 0.051588 (0.051435) Rank: 56 (56) Ttime: 6.0828 Vtime: 0.0210
Step: 27100  Loss: 0.037546 Regul: 0.013954 Obj: 0.051500 (0.051435) Rank: 56 (56) Ttime: 6.1566 Vtime: 0.0211
Step: 27200  Loss: 0.037624 Regul: 0.013960 Obj: 0.051584 (0.051435) Rank: 56 (56) Ttime: 6.0807 Vtime: 0.0207
Step: 27300  Loss: 0.037653 Regul: 0.013963 Obj: 0.051616 (0.051435) Rank: 56 (56) Ttime: 6.1165 Vtime: 0.0210
Step: 27400  Loss: 0.037665 Regul: 0.013965 Obj: 0.051631 (0.051435) Rank: 56 (56) Ttime: 6.1626 Vtime: 0.0210
Step: 27500  Loss: 0.037749 Regul: 0.013944 Obj: 0.051693 (0.051435) Rank: 56 (56) Ttime: 6.1552 Vtime: 0.0214
Step: 27600  Loss: 0.037789 Regul: 0.013954 Obj: 0.051743 (0.051435) Rank: 56 (56) Ttime: 6.1062 Vtime: 0.0215
Step: 27700  Loss: 0.037686 Regul: 0.013966 Obj: 0.051653 (0.051435) Rank: 56 (56) Ttime: 6.0890 Vtime: 0.0210
Step: 27800  Loss: 0.037742 Regul: 0.013934 Obj: 0.051676 (0.051435) Rank: 56 (56) Ttime: 6.0698 Vtime: 0.0215
Step: 27900  Loss: 0.037623 Regul: 0.013951 Obj: 0.051574 (0.051435) Rank: 56 (56) Ttime: 6.0925 Vtime: 0.0207
Step: 28000  Loss: 0.037657 Regul: 0.013967 Obj: 0.051624 (0.051435) Rank: 56 (56) Ttime: 6.1228 Vtime: 0.0211
Step: 28100  Loss: 0.037704 Regul: 0.013963 Obj: 0.051666 (0.051435) Rank: 56 (56) Ttime: 6.1189 Vtime: 0.0216
Step: 28200  Loss: 0.037598 Regul: 0.013977 Obj: 0.051574 (0.051435) Rank: 56 (56) Ttime: 6.1499 Vtime: 0.0215
Step: 28300  Loss: 0.037768 Regul: 0.013953 Obj: 0.051720 (0.051435) Rank: 56 (56) Ttime: 6.0402 Vtime: 0.0209
Step: 28400  Loss: 0.037740 Regul: 0.013935 Obj: 0.051675 (0.051435) Rank: 56 (56) Ttime: 6.0302 Vtime: 0.0215
Step: 28500  Loss: 0.037740 Regul: 0.013951 Obj: 0.051691 (0.051435) Rank: 56 (56) Ttime: 6.0565 Vtime: 0.0210
Step: 28600  Loss: 0.037700 Regul: 0.013974 Obj: 0.051673 (0.051435) Rank: 56 (56) Ttime: 6.0241 Vtime: 0.0217
Step: 28700  Loss: 0.037620 Regul: 0.013968 Obj: 0.051589 (0.051435) Rank: 56 (56) Ttime: 6.0260 Vtime: 0.0211
Step: 28800  Loss: 0.037748 Regul: 0.013967 Obj: 0.051715 (0.051435) Rank: 56 (56) Ttime: 6.0943 Vtime: 0.0212
Step: 28900  Loss: 0.037651 Regul: 0.013966 Obj: 0.051616 (0.051435) Rank: 56 (56) Ttime: 6.0961 Vtime: 0.0206
Step: 29000  Loss: 0.037627 Regul: 0.013970 Obj: 0.051597 (0.051435) Rank: 56 (56) Ttime: 6.0376 Vtime: 0.0213
Step: 29100  Loss: 0.037587 Regul: 0.013949 Obj: 0.051537 (0.051435) Rank: 56 (56) Ttime: 6.1249 Vtime: 0.0208
Step: 29200  Loss: 0.037672 Regul: 0.013928 Obj: 0.051600 (0.051435) Rank: 56 (56) Ttime: 6.0574 Vtime: 0.0210
Step: 29300  Loss: 0.037719 Regul: 0.013923 Obj: 0.051643 (0.051435) Rank: 56 (56) Ttime: 6.0924 Vtime: 0.0213
Step: 29400  Loss: 0.037674 Regul: 0.013912 Obj: 0.051586 (0.051435) Rank: 56 (56) Ttime: 6.1337 Vtime: 0.0207
Step: 29500  Loss: 0.037665 Regul: 0.013926 Obj: 0.051591 (0.051435) Rank: 56 (56) Ttime: 6.1799 Vtime: 0.0211
Step: 29600  Loss: 0.037700 Regul: 0.013928 Obj: 0.051628 (0.051435) Rank: 56 (56) Ttime: 6.1163 Vtime: 0.0210
Step: 29700  Loss: 0.037678 Regul: 0.013917 Obj: 0.051594 (0.051435) Rank: 56 (56) Ttime: 6.0895 Vtime: 0.0207
Step: 29800  Loss: 0.037659 Regul: 0.013925 Obj: 0.051584 (0.051435) Rank: 57 (56) Ttime: 6.0556 Vtime: 0.0213
Step: 29900  Loss: 0.037641 Regul: 0.013926 Obj: 0.051567 (0.051435) Rank: 57 (56) Ttime: 6.0802 Vtime: 0.0211
Step: 30000  Loss: 0.037627 Regul: 0.013947 Obj: 0.051573 (0.051435) Rank: 57 (56) Ttime: 6.0528 Vtime: 0.0204
Step: 30100  Loss: 0.037594 Regul: 0.013928 Obj: 0.051522 (0.051435) Rank: 57 (56) Ttime: 6.0810 Vtime: 0.0215
Step: 30200  Loss: 0.037574 Regul: 0.013932 Obj: 0.051506 (0.051435) Rank: 56 (56) Ttime: 6.0980 Vtime: 0.0212
Step: 30300  Loss: 0.037561 Regul: 0.013923 Obj: 0.051484 (0.051435) Rank: 56 (56) Ttime: 6.0473 Vtime: 0.0205
Step: 30400  Loss: 0.037586 Regul: 0.013939 Obj: 0.051525 (0.051435) Rank: 56 (56) Ttime: 6.0315 Vtime: 0.0208
Step: 30500  Loss: 0.037646 Regul: 0.013926 Obj: 0.051572 (0.051435) Rank: 56 (56) Ttime: 6.0895 Vtime: 0.0213
Step: 30600  Loss: 0.037661 Regul: 0.013923 Obj: 0.051584 (0.051435) Rank: 56 (56) Ttime: 5.9989 Vtime: 0.0206
Step: 30700  Loss: 0.037615 Regul: 0.013925 Obj: 0.051540 (0.051435) Rank: 56 (56) Ttime: 6.0062 Vtime: 0.0213
Step: 30800  Loss: 0.037637 Regul: 0.013925 Obj: 0.051562 (0.051435) Rank: 56 (56) Ttime: 6.0323 Vtime: 0.0207
Step: 30900  Loss: 0.037776 Regul: 0.013944 Obj: 0.051720 (0.051435) Rank: 56 (56) Ttime: 6.1093 Vtime: 0.0213
Step: 31000  Loss: 0.037687 Regul: 0.013950 Obj: 0.051637 (0.051435) Rank: 56 (56) Ttime: 6.0219 Vtime: 0.0211
Step: 31100  Loss: 0.037623 Regul: 0.013946 Obj: 0.051569 (0.051435) Rank: 56 (56) Ttime: 6.1226 Vtime: 0.0212
Step: 31200  Loss: 0.037578 Regul: 0.013943 Obj: 0.051521 (0.051435) Rank: 56 (56) Ttime: 6.0675 Vtime: 0.0210
Step: 31300  Loss: 0.037585 Regul: 0.013953 Obj: 0.051538 (0.051435) Rank: 56 (56) Ttime: 6.1292 Vtime: 0.0211
Step: 31400  Loss: 0.037574 Regul: 0.013968 Obj: 0.051542 (0.051435) Rank: 56 (56) Ttime: 6.0277 Vtime: 0.0212
Step: 31500  Loss: 0.037563 Regul: 0.013950 Obj: 0.051512 (0.051435) Rank: 56 (56) Ttime: 6.0624 Vtime: 0.0205
Step: 31600  Loss: 0.037573 Regul: 0.013947 Obj: 0.051520 (0.051435) Rank: 56 (56) Ttime: 6.0685 Vtime: 0.0209
Step: 31700  Loss: 0.037644 Regul: 0.013924 Obj: 0.051567 (0.051435) Rank: 56 (56) Ttime: 5.9947 Vtime: 0.0215
Step: 31800  Loss: 0.037624 Regul: 0.013950 Obj: 0.051574 (0.051435) Rank: 56 (56) Ttime: 6.0180 Vtime: 0.0215
Step: 31900  Loss: 0.037579 Regul: 0.013964 Obj: 0.051543 (0.051435) Rank: 56 (56) Ttime: 6.0005 Vtime: 0.0215
Step: 32000  Loss: 0.037678 Regul: 0.013958 Obj: 0.051636 (0.051435) Rank: 56 (56) Ttime: 5.9719 Vtime: 0.0209
Step: 32100  Loss: 0.037671 Regul: 0.013962 Obj: 0.051633 (0.051435) Rank: 56 (56) Ttime: 6.0249 Vtime: 0.0211
Step: 32200  Loss: 0.037631 Regul: 0.013972 Obj: 0.051603 (0.051435) Rank: 56 (56) Ttime: 5.9939 Vtime: 0.0205
Step: 32300  Loss: 0.037726 Regul: 0.013984 Obj: 0.051710 (0.051435) Rank: 56 (56) Ttime: 5.9487 Vtime: 0.0209
Step: 32400  Loss: 0.037668 Regul: 0.014004 Obj: 0.051672 (0.051435) Rank: 56 (56) Ttime: 5.9880 Vtime: 0.0206
Step: 32500  Loss: 0.037605 Regul: 0.014016 Obj: 0.051621 (0.051435) Rank: 56 (56) Ttime: 5.9600 Vtime: 0.0219
Step: 32600  Loss: 0.037579 Regul: 0.014019 Obj: 0.051598 (0.051435) Rank: 56 (56) Ttime: 5.9292 Vtime: 0.0207
Step: 32700  Loss: 0.037574 Regul: 0.014015 Obj: 0.051589 (0.051435) Rank: 56 (56) Ttime: 5.8992 Vtime: 0.0211
Step: 32800  Loss: 0.037555 Regul: 0.014006 Obj: 0.051561 (0.051435) Rank: 56 (56) Ttime: 5.8956 Vtime: 0.0208
Step: 32900  Loss: 0.037573 Regul: 0.013998 Obj: 0.051570 (0.051435) Rank: 56 (56) Ttime: 5.9535 Vtime: 0.0209
Step: 33000  Loss: 0.037515 Regul: 0.013976 Obj: 0.051491 (0.051435) Rank: 56 (56) Ttime: 5.9258 Vtime: 0.0207
Step: 33100  Loss: 0.037484 Regul: 0.013993 Obj: 0.051478 (0.051435) Rank: 57 (56) Ttime: 5.9361 Vtime: 0.0214
Step: 33200  Loss: 0.037486 Regul: 0.013975 Obj: 0.051460 (0.051435) Rank: 57 (56) Ttime: 5.9434 Vtime: 0.0211
Step: 33300  Loss: 0.037514 Regul: 0.014000 Obj: 0.051513 (0.051435) Rank: 57 (56) Ttime: 5.8980 Vtime: 0.0210
Step: 33400  Loss: 0.037506 Regul: 0.013994 Obj: 0.051501 (0.051435) Rank: 57 (56) Ttime: 5.8897 Vtime: 0.0215
Step: 33500  Loss: 0.037518 Regul: 0.013983 Obj: 0.051501 (0.051435) Rank: 57 (56) Ttime: 5.9283 Vtime: 0.0212
Best: 33600  Loss: 0.037450 Regul: 0.013976 Obj: 0.051426 (0.051426) Rank: 57 (57) Ttime: 5.9717 Vtime: 0.0213
Stat: Dim [57] AUC: 0.988496 (0.988496) FPR95: 4.84 (4.84) [saved]
Step: 33700  Loss: 0.037515 Regul: 0.013981 Obj: 0.051495 (0.051426) Rank: 57 (57) Ttime: 5.9973 Vtime: 0.0211
Step: 33800  Loss: 0.037504 Regul: 0.013981 Obj: 0.051485 (0.051426) Rank: 57 (57) Ttime: 5.8645 Vtime: 0.0212
Best: 33900  Loss: 0.037455 Regul: 0.013960 Obj: 0.051416 (0.051416) Rank: 57 (57) Ttime: 5.8692 Vtime: 0.0211
Stat: Dim [57] AUC: 0.988468 (0.988496) FPR95: 4.91 (4.84)
Step: 34000  Loss: 0.037523 Regul: 0.013959 Obj: 0.051482 (0.051416) Rank: 57 (57) Ttime: 5.9137 Vtime: 0.0208
Step: 34100  Loss: 0.037558 Regul: 0.013996 Obj: 0.051553 (0.051416) Rank: 57 (57) Ttime: 5.9269 Vtime: 0.0212
Step: 34200  Loss: 0.037583 Regul: 0.013976 Obj: 0.051559 (0.051416) Rank: 57 (57) Ttime: 5.8462 Vtime: 0.0211
Step: 34300  Loss: 0.037587 Regul: 0.013963 Obj: 0.051550 (0.051416) Rank: 57 (57) Ttime: 5.8894 Vtime: 0.0210
Step: 34400  Loss: 0.037550 Regul: 0.013953 Obj: 0.051502 (0.051416) Rank: 57 (57) Ttime: 5.8547 Vtime: 0.0211
Step: 34500  Loss: 0.037544 Regul: 0.013952 Obj: 0.051496 (0.051416) Rank: 57 (57) Ttime: 5.8695 Vtime: 0.0209
Step: 34600  Loss: 0.037514 Regul: 0.013957 Obj: 0.051471 (0.051416) Rank: 57 (57) Ttime: 5.8699 Vtime: 0.0213
Step: 34700  Loss: 0.037500 Regul: 0.013965 Obj: 0.051465 (0.051416) Rank: 56 (57) Ttime: 5.9219 Vtime: 0.0218
Step: 34800  Loss: 0.037526 Regul: 0.013971 Obj: 0.051498 (0.051416) Rank: 57 (57) Ttime: 5.9647 Vtime: 0.0214
Step: 34900  Loss: 0.037520 Regul: 0.013977 Obj: 0.051497 (0.051416) Rank: 56 (57) Ttime: 5.8925 Vtime: 0.0212
Step: 35000  Loss: 0.037557 Regul: 0.013980 Obj: 0.051537 (0.051416) Rank: 57 (57) Ttime: 6.0024 Vtime: 0.0215
Step: 35100  Loss: 0.037709 Regul: 0.013972 Obj: 0.051680 (0.051416) Rank: 57 (57) Ttime: 6.0211 Vtime: 0.0210
Step: 35200  Loss: 0.037661 Regul: 0.013952 Obj: 0.051613 (0.051416) Rank: 57 (57) Ttime: 6.0340 Vtime: 0.0212
Step: 35300  Loss: 0.037669 Regul: 0.013963 Obj: 0.051632 (0.051416) Rank: 57 (57) Ttime: 6.0198 Vtime: 0.0209
Step: 35400  Loss: 0.037636 Regul: 0.013964 Obj: 0.051600 (0.051416) Rank: 57 (57) Ttime: 5.9310 Vtime: 0.0209
Step: 35500  Loss: 0.037518 Regul: 0.013990 Obj: 0.051508 (0.051416) Rank: 57 (57) Ttime: 5.8818 Vtime: 0.0208
Step: 35600  Loss: 0.037622 Regul: 0.013973 Obj: 0.051595 (0.051416) Rank: 56 (57) Ttime: 5.8916 Vtime: 0.0214
Step: 35700  Loss: 0.037629 Regul: 0.013965 Obj: 0.051595 (0.051416) Rank: 57 (57) Ttime: 5.9221 Vtime: 0.0216
Step: 35800  Loss: 0.037506 Regul: 0.013982 Obj: 0.051488 (0.051416) Rank: 56 (57) Ttime: 5.9236 Vtime: 0.0213
Step: 35900  Loss: 0.037568 Regul: 0.013967 Obj: 0.051535 (0.051416) Rank: 56 (57) Ttime: 5.9208 Vtime: 0.0209
Step: 36000  Loss: 0.037708 Regul: 0.013950 Obj: 0.051658 (0.051416) Rank: 56 (57) Ttime: 5.9245 Vtime: 0.0215
Step: 36100  Loss: 0.037632 Regul: 0.013992 Obj: 0.051624 (0.051416) Rank: 56 (57) Ttime: 5.9321 Vtime: 0.0208
Step: 36200  Loss: 0.037607 Regul: 0.013981 Obj: 0.051588 (0.051416) Rank: 56 (57) Ttime: 5.9298 Vtime: 0.0209
Step: 36300  Loss: 0.037639 Regul: 0.013996 Obj: 0.051635 (0.051416) Rank: 57 (57) Ttime: 5.9085 Vtime: 0.0214
Step: 36400  Loss: 0.037649 Regul: 0.013985 Obj: 0.051634 (0.051416) Rank: 57 (57) Ttime: 5.9520 Vtime: 0.0210
Step: 36500  Loss: 0.037617 Regul: 0.013982 Obj: 0.051599 (0.051416) Rank: 57 (57) Ttime: 5.9222 Vtime: 0.0209
Step: 36600  Loss: 0.037557 Regul: 0.013968 Obj: 0.051525 (0.051416) Rank: 57 (57) Ttime: 6.0381 Vtime: 0.0215
Step: 36700  Loss: 0.037549 Regul: 0.013968 Obj: 0.051517 (0.051416) Rank: 56 (57) Ttime: 5.9344 Vtime: 0.0217
Step: 36800  Loss: 0.037604 Regul: 0.013970 Obj: 0.051574 (0.051416) Rank: 57 (57) Ttime: 5.9371 Vtime: 0.0219
Step: 36900  Loss: 0.037693 Regul: 0.013961 Obj: 0.051654 (0.051416) Rank: 57 (57) Ttime: 5.9347 Vtime: 0.0207
Step: 37000  Loss: 0.037578 Regul: 0.013965 Obj: 0.051543 (0.051416) Rank: 56 (57) Ttime: 5.9486 Vtime: 0.0216
Step: 37100  Loss: 0.037527 Regul: 0.013967 Obj: 0.051494 (0.051416) Rank: 57 (57) Ttime: 5.9322 Vtime: 0.0215
Step: 37200  Loss: 0.037576 Regul: 0.013951 Obj: 0.051527 (0.051416) Rank: 57 (57) Ttime: 5.8383 Vtime: 0.0209
Step: 37300  Loss: 0.037669 Regul: 0.013944 Obj: 0.051612 (0.051416) Rank: 56 (57) Ttime: 5.9855 Vtime: 0.0213
Step: 37400  Loss: 0.037702 Regul: 0.013945 Obj: 0.051647 (0.051416) Rank: 57 (57) Ttime: 6.0325 Vtime: 0.0212
Step: 37500  Loss: 0.037756 Regul: 0.013936 Obj: 0.051692 (0.051416) Rank: 57 (57) Ttime: 5.9222 Vtime: 0.0209
Step: 37600  Loss: 0.037713 Regul: 0.013944 Obj: 0.051657 (0.051416) Rank: 56 (57) Ttime: 5.9663 Vtime: 0.0213
Step: 37700  Loss: 0.037715 Regul: 0.013934 Obj: 0.051650 (0.051416) Rank: 56 (57) Ttime: 6.0120 Vtime: 0.0205
Step: 37800  Loss: 0.037698 Regul: 0.013931 Obj: 0.051629 (0.051416) Rank: 56 (57) Ttime: 5.9420 Vtime: 0.0208
Step: 37900  Loss: 0.037739 Regul: 0.013928 Obj: 0.051667 (0.051416) Rank: 56 (57) Ttime: 5.9644 Vtime: 0.0207
Step: 38000  Loss: 0.037758 Regul: 0.013942 Obj: 0.051700 (0.051416) Rank: 56 (57) Ttime: 5.9408 Vtime: 0.0207
Step: 38100  Loss: 0.037721 Regul: 0.013927 Obj: 0.051648 (0.051416) Rank: 56 (57) Ttime: 5.9376 Vtime: 0.0212
Step: 38200  Loss: 0.037663 Regul: 0.013921 Obj: 0.051584 (0.051416) Rank: 56 (57) Ttime: 6.0012 Vtime: 0.0212
Step: 38300  Loss: 0.037695 Regul: 0.013935 Obj: 0.051630 (0.051416) Rank: 57 (57) Ttime: 5.9641 Vtime: 0.0216
Step: 38400  Loss: 0.037564 Regul: 0.013928 Obj: 0.051492 (0.051416) Rank: 57 (57) Ttime: 5.9121 Vtime: 0.0210
Step: 38500  Loss: 0.037595 Regul: 0.013939 Obj: 0.051534 (0.051416) Rank: 57 (57) Ttime: 5.9937 Vtime: 0.0212
Step: 38600  Loss: 0.037538 Regul: 0.013931 Obj: 0.051470 (0.051416) Rank: 57 (57) Ttime: 6.0579 Vtime: 0.0210
Step: 38700  Loss: 0.037572 Regul: 0.013942 Obj: 0.051514 (0.051416) Rank: 57 (57) Ttime: 6.0115 Vtime: 0.0208
Step: 38800  Loss: 0.037540 Regul: 0.013950 Obj: 0.051490 (0.051416) Rank: 57 (57) Ttime: 5.9241 Vtime: 0.0209
Step: 38900  Loss: 0.037526 Regul: 0.013947 Obj: 0.051474 (0.051416) Rank: 57 (57) Ttime: 6.0412 Vtime: 0.0212
Step: 39000  Loss: 0.037572 Regul: 0.013945 Obj: 0.051517 (0.051416) Rank: 57 (57) Ttime: 5.9652 Vtime: 0.0215
Step: 39100  Loss: 0.037575 Regul: 0.013954 Obj: 0.051529 (0.051416) Rank: 57 (57) Ttime: 6.0215 Vtime: 0.0209
Step: 39200  Loss: 0.037551 Regul: 0.013966 Obj: 0.051516 (0.051416) Rank: 57 (57) Ttime: 6.0637 Vtime: 0.0207
Step: 39300  Loss: 0.037433 Regul: 0.013990 Obj: 0.051423 (0.051416) Rank: 57 (57) Ttime: 6.0550 Vtime: 0.0207
Step: 39400  Loss: 0.037453 Regul: 0.013980 Obj: 0.051432 (0.051416) Rank: 57 (57) Ttime: 6.0157 Vtime: 0.0211
Best: 39500  Loss: 0.037439 Regul: 0.013975 Obj: 0.051415 (0.051415) Rank: 57 (57) Ttime: 6.0316 Vtime: 0.0208
Stat: Dim [57] AUC: 0.988516 (0.988496) FPR95: 4.87 (4.84)
Step: 39600  Loss: 0.037489 Regul: 0.013955 Obj: 0.051443 (0.051415) Rank: 57 (57) Ttime: 6.0333 Vtime: 0.0216
Step: 39700  Loss: 0.037536 Regul: 0.013972 Obj: 0.051508 (0.051415) Rank: 57 (57) Ttime: 5.9584 Vtime: 0.0209
Step: 39800  Loss: 0.037498 Regul: 0.013983 Obj: 0.051481 (0.051415) Rank: 57 (57) Ttime: 5.9412 Vtime: 0.0205
Step: 39900  Loss: 0.037534 Regul: 0.013978 Obj: 0.051513 (0.051415) Rank: 57 (57) Ttime: 5.9964 Vtime: 0.0207
Step: 40000  Loss: 0.037578 Regul: 0.013971 Obj: 0.051549 (0.051415) Rank: 57 (57) Ttime: 5.9435 Vtime: 0.0216
Step: 40100  Loss: 0.037558 Regul: 0.013981 Obj: 0.051540 (0.051415) Rank: 57 (57) Ttime: 5.9780 Vtime: 0.0208
Step: 40200  Loss: 0.037588 Regul: 0.013991 Obj: 0.051579 (0.051415) Rank: 57 (57) Ttime: 5.9471 Vtime: 0.0210
Step: 40300  Loss: 0.037595 Regul: 0.014009 Obj: 0.051604 (0.051415) Rank: 57 (57) Ttime: 6.0053 Vtime: 0.0212
Step: 40400  Loss: 0.037529 Regul: 0.014004 Obj: 0.051533 (0.051415) Rank: 57 (57) Ttime: 5.9002 Vtime: 0.0210
Step: 40500  Loss: 0.037517 Regul: 0.014001 Obj: 0.051518 (0.051415) Rank: 57 (57) Ttime: 5.9663 Vtime: 0.0210
Step: 40600  Loss: 0.037468 Regul: 0.014001 Obj: 0.051469 (0.051415) Rank: 57 (57) Ttime: 5.9994 Vtime: 0.0210
Best: 40700  Loss: 0.037394 Regul: 0.013997 Obj: 0.051391 (0.051391) Rank: 57 (57) Ttime: 5.9507 Vtime: 0.0211
Stat: Dim [57] AUC: 0.988509 (0.988496) FPR95: 4.86 (4.84)
Step: 40800  Loss: 0.037417 Regul: 0.013999 Obj: 0.051416 (0.051391) Rank: 57 (57) Ttime: 5.9646 Vtime: 0.0213
Step: 40900  Loss: 0.037489 Regul: 0.013990 Obj: 0.051479 (0.051391) Rank: 57 (57) Ttime: 5.9781 Vtime: 0.0204
Step: 41000  Loss: 0.037479 Regul: 0.013983 Obj: 0.051462 (0.051391) Rank: 57 (57) Ttime: 5.9606 Vtime: 0.0215
Step: 41100  Loss: 0.037482 Regul: 0.013983 Obj: 0.051464 (0.051391) Rank: 57 (57) Ttime: 6.0082 Vtime: 0.0212
Step: 41200  Loss: 0.037498 Regul: 0.014005 Obj: 0.051504 (0.051391) Rank: 57 (57) Ttime: 6.0058 Vtime: 0.0205
Step: 41300  Loss: 0.037496 Regul: 0.014015 Obj: 0.051511 (0.051391) Rank: 57 (57) Ttime: 5.9617 Vtime: 0.0207
Step: 41400  Loss: 0.037573 Regul: 0.014011 Obj: 0.051584 (0.051391) Rank: 57 (57) Ttime: 5.9376 Vtime: 0.0210
Step: 41500  Loss: 0.037577 Regul: 0.013997 Obj: 0.051574 (0.051391) Rank: 57 (57) Ttime: 5.9168 Vtime: 0.0206
Step: 41600  Loss: 0.037582 Regul: 0.013975 Obj: 0.051557 (0.051391) Rank: 57 (57) Ttime: 5.9390 Vtime: 0.0215
Step: 41700  Loss: 0.037583 Regul: 0.013987 Obj: 0.051570 (0.051391) Rank: 57 (57) Ttime: 5.9772 Vtime: 0.0206
Step: 41800  Loss: 0.037545 Regul: 0.013976 Obj: 0.051521 (0.051391) Rank: 57 (57) Ttime: 6.0299 Vtime: 0.0208
Step: 41900  Loss: 0.037532 Regul: 0.013994 Obj: 0.051526 (0.051391) Rank: 57 (57) Ttime: 6.0062 Vtime: 0.0209
Step: 42000  Loss: 0.037541 Regul: 0.013977 Obj: 0.051517 (0.051391) Rank: 57 (57) Ttime: 5.9496 Vtime: 0.0212
Step: 42100  Loss: 0.037455 Regul: 0.014000 Obj: 0.051454 (0.051391) Rank: 57 (57) Ttime: 5.9360 Vtime: 0.0213
Step: 42200  Loss: 0.037539 Regul: 0.013992 Obj: 0.051531 (0.051391) Rank: 57 (57) Ttime: 6.0170 Vtime: 0.0213
Step: 42300  Loss: 0.037565 Regul: 0.013984 Obj: 0.051549 (0.051391) Rank: 57 (57) Ttime: 6.0868 Vtime: 0.0208
Step: 42400  Loss: 0.037553 Regul: 0.013987 Obj: 0.051540 (0.051391) Rank: 57 (57) Ttime: 5.9681 Vtime: 0.0210
Step: 42500  Loss: 0.037532 Regul: 0.013982 Obj: 0.051514 (0.051391) Rank: 57 (57) Ttime: 5.9078 Vtime: 0.0212
Step: 42600  Loss: 0.037581 Regul: 0.013971 Obj: 0.051552 (0.051391) Rank: 57 (57) Ttime: 5.9632 Vtime: 0.0213
Step: 42700  Loss: 0.037548 Regul: 0.013966 Obj: 0.051514 (0.051391) Rank: 57 (57) Ttime: 5.9704 Vtime: 0.0209
Step: 42800  Loss: 0.037621 Regul: 0.013973 Obj: 0.051594 (0.051391) Rank: 57 (57) Ttime: 5.9776 Vtime: 0.0213
Step: 42900  Loss: 0.037572 Regul: 0.013971 Obj: 0.051543 (0.051391) Rank: 57 (57) Ttime: 5.9727 Vtime: 0.0209
Step: 43000  Loss: 0.037587 Regul: 0.013983 Obj: 0.051571 (0.051391) Rank: 57 (57) Ttime: 6.2380 Vtime: 0.0209
Step: 43100  Loss: 0.037516 Regul: 0.014004 Obj: 0.051521 (0.051391) Rank: 57 (57) Ttime: 6.0232 Vtime: 0.0210
Step: 43200  Loss: 0.037492 Regul: 0.014013 Obj: 0.051505 (0.051391) Rank: 57 (57) Ttime: 6.0298 Vtime: 0.0214
Step: 43300  Loss: 0.037496 Regul: 0.014017 Obj: 0.051513 (0.051391) Rank: 57 (57) Ttime: 6.0422 Vtime: 0.0208
Step: 43400  Loss: 0.037462 Regul: 0.014016 Obj: 0.051478 (0.051391) Rank: 57 (57) Ttime: 6.0860 Vtime: 0.0207
Step: 43500  Loss: 0.037533 Regul: 0.014026 Obj: 0.051559 (0.051391) Rank: 57 (57) Ttime: 6.0030 Vtime: 0.0208
Step: 43600  Loss: 0.037567 Regul: 0.014025 Obj: 0.051592 (0.051391) Rank: 57 (57) Ttime: 5.9619 Vtime: 0.0209
Step: 43700  Loss: 0.037680 Regul: 0.014013 Obj: 0.051693 (0.051391) Rank: 57 (57) Ttime: 5.8968 Vtime: 0.0211
Step: 43800  Loss: 0.037651 Regul: 0.014021 Obj: 0.051672 (0.051391) Rank: 57 (57) Ttime: 5.9139 Vtime: 0.0211
Step: 43900  Loss: 0.037660 Regul: 0.014024 Obj: 0.051684 (0.051391) Rank: 57 (57) Ttime: 5.9721 Vtime: 0.0213
Step: 44000  Loss: 0.037531 Regul: 0.014022 Obj: 0.051553 (0.051391) Rank: 57 (57) Ttime: 5.9410 Vtime: 0.0208
Step: 44100  Loss: 0.037546 Regul: 0.014017 Obj: 0.051562 (0.051391) Rank: 57 (57) Ttime: 5.9777 Vtime: 0.0204
Step: 44200  Loss: 0.037565 Regul: 0.013993 Obj: 0.051558 (0.051391) Rank: 57 (57) Ttime: 5.9784 Vtime: 0.0207
Step: 44300  Loss: 0.037643 Regul: 0.013998 Obj: 0.051642 (0.051391) Rank: 57 (57) Ttime: 5.8950 Vtime: 0.0210
Step: 44400  Loss: 0.037658 Regul: 0.014004 Obj: 0.051662 (0.051391) Rank: 57 (57) Ttime: 5.9254 Vtime: 0.0208
Step: 44500  Loss: 0.037548 Regul: 0.014015 Obj: 0.051563 (0.051391) Rank: 57 (57) Ttime: 5.9119 Vtime: 0.0207
Step: 44600  Loss: 0.037512 Regul: 0.014018 Obj: 0.051530 (0.051391) Rank: 57 (57) Ttime: 5.8790 Vtime: 0.0211
Step: 44700  Loss: 0.037555 Regul: 0.014004 Obj: 0.051559 (0.051391) Rank: 57 (57) Ttime: 5.8737 Vtime: 0.0215
Step: 44800  Loss: 0.037599 Regul: 0.014004 Obj: 0.051603 (0.051391) Rank: 57 (57) Ttime: 5.9796 Vtime: 0.0210
Step: 44900  Loss: 0.037635 Regul: 0.013988 Obj: 0.051623 (0.051391) Rank: 57 (57) Ttime: 5.9037 Vtime: 0.0211
Step: 45000  Loss: 0.037637 Regul: 0.014003 Obj: 0.051639 (0.051391) Rank: 57 (57) Ttime: 5.9278 Vtime: 0.0207
Step: 45100  Loss: 0.037672 Regul: 0.014026 Obj: 0.051698 (0.051391) Rank: 57 (57) Ttime: 5.9777 Vtime: 0.0211
Step: 45200  Loss: 0.037671 Regul: 0.014021 Obj: 0.051692 (0.051391) Rank: 57 (57) Ttime: 5.8578 Vtime: 0.0212
Step: 45300  Loss: 0.037632 Regul: 0.014033 Obj: 0.051665 (0.051391) Rank: 57 (57) Ttime: 5.9648 Vtime: 0.0211
Step: 45400  Loss: 0.037633 Regul: 0.014050 Obj: 0.051683 (0.051391) Rank: 57 (57) Ttime: 5.8825 Vtime: 0.0210
Step: 45500  Loss: 0.037640 Regul: 0.014026 Obj: 0.051666 (0.051391) Rank: 57 (57) Ttime: 5.8727 Vtime: 0.0207
Step: 45600  Loss: 0.037603 Regul: 0.014014 Obj: 0.051616 (0.051391) Rank: 57 (57) Ttime: 5.9335 Vtime: 0.0210
Step: 45700  Loss: 0.037444 Regul: 0.014018 Obj: 0.051463 (0.051391) Rank: 57 (57) Ttime: 5.9597 Vtime: 0.0207
Step: 45800  Loss: 0.037476 Regul: 0.014018 Obj: 0.051494 (0.051391) Rank: 57 (57) Ttime: 5.9142 Vtime: 0.0206
Step: 45900  Loss: 0.037526 Regul: 0.014015 Obj: 0.051541 (0.051391) Rank: 57 (57) Ttime: 5.8529 Vtime: 0.0215
Step: 46000  Loss: 0.037501 Regul: 0.014011 Obj: 0.051512 (0.051391) Rank: 56 (57) Ttime: 5.8280 Vtime: 0.0214
Step: 46100  Loss: 0.037590 Regul: 0.014012 Obj: 0.051601 (0.051391) Rank: 56 (57) Ttime: 5.9270 Vtime: 0.0213
Step: 46200  Loss: 0.037666 Regul: 0.014010 Obj: 0.051676 (0.051391) Rank: 57 (57) Ttime: 5.9191 Vtime: 0.0215
Step: 46300  Loss: 0.037573 Regul: 0.014011 Obj: 0.051584 (0.051391) Rank: 57 (57) Ttime: 5.9249 Vtime: 0.0207
Step: 46400  Loss: 0.037666 Regul: 0.014000 Obj: 0.051666 (0.051391) Rank: 57 (57) Ttime: 5.9039 Vtime: 0.0210
Step: 46500  Loss: 0.037588 Regul: 0.014003 Obj: 0.051591 (0.051391) Rank: 57 (57) Ttime: 5.8296 Vtime: 0.0210
Step: 46600  Loss: 0.037632 Regul: 0.014011 Obj: 0.051643 (0.051391) Rank: 57 (57) Ttime: 5.9582 Vtime: 0.0206
Step: 46700  Loss: 0.037580 Regul: 0.014039 Obj: 0.051619 (0.051391) Rank: 57 (57) Ttime: 5.9187 Vtime: 0.0207
Step: 46800  Loss: 0.037505 Regul: 0.014056 Obj: 0.051560 (0.051391) Rank: 57 (57) Ttime: 5.8062 Vtime: 0.0210
Step: 46900  Loss: 0.037531 Regul: 0.014039 Obj: 0.051570 (0.051391) Rank: 57 (57) Ttime: 5.8626 Vtime: 0.0204
Step: 47000  Loss: 0.037527 Regul: 0.014044 Obj: 0.051570 (0.051391) Rank: 57 (57) Ttime: 5.8378 Vtime: 0.0209
Step: 47100  Loss: 0.037601 Regul: 0.014036 Obj: 0.051637 (0.051391) Rank: 57 (57) Ttime: 5.8455 Vtime: 0.0207
Step: 47200  Loss: 0.037595 Regul: 0.014050 Obj: 0.051645 (0.051391) Rank: 57 (57) Ttime: 5.8559 Vtime: 0.0209
Step: 47300  Loss: 0.037622 Regul: 0.014043 Obj: 0.051666 (0.051391) Rank: 57 (57) Ttime: 5.8494 Vtime: 0.0210
Step: 47400  Loss: 0.037619 Regul: 0.014036 Obj: 0.051656 (0.051391) Rank: 57 (57) Ttime: 5.9016 Vtime: 0.0206
Step: 47500  Loss: 0.037618 Regul: 0.014036 Obj: 0.051654 (0.051391) Rank: 57 (57) Ttime: 5.8257 Vtime: 0.0208
Step: 47600  Loss: 0.037626 Regul: 0.014039 Obj: 0.051665 (0.051391) Rank: 57 (57) Ttime: 5.8347 Vtime: 0.0207
Step: 47700  Loss: 0.037655 Regul: 0.014030 Obj: 0.051685 (0.051391) Rank: 57 (57) Ttime: 5.8500 Vtime: 0.0214
Step: 47800  Loss: 0.037683 Regul: 0.014025 Obj: 0.051708 (0.051391) Rank: 57 (57) Ttime: 5.8697 Vtime: 0.0217
Step: 47900  Loss: 0.037593 Regul: 0.014021 Obj: 0.051614 (0.051391) Rank: 57 (57) Ttime: 5.8465 Vtime: 0.0210
Step: 48000  Loss: 0.037574 Regul: 0.014007 Obj: 0.051581 (0.051391) Rank: 57 (57) Ttime: 5.9658 Vtime: 0.0211
Step: 48100  Loss: 0.037503 Regul: 0.014003 Obj: 0.051506 (0.051391) Rank: 57 (57) Ttime: 5.9294 Vtime: 0.0211
Step: 48200  Loss: 0.037486 Regul: 0.014013 Obj: 0.051500 (0.051391) Rank: 57 (57) Ttime: 5.8616 Vtime: 0.0212
Step: 48300  Loss: 0.037513 Regul: 0.014007 Obj: 0.051520 (0.051391) Rank: 57 (57) Ttime: 5.9046 Vtime: 0.0207
Step: 48400  Loss: 0.037555 Regul: 0.013998 Obj: 0.051553 (0.051391) Rank: 57 (57) Ttime: 5.9725 Vtime: 0.0207
Step: 48500  Loss: 0.037519 Regul: 0.014003 Obj: 0.051522 (0.051391) Rank: 57 (57) Ttime: 5.9836 Vtime: 0.0218
Step: 48600  Loss: 0.037526 Regul: 0.014005 Obj: 0.051531 (0.051391) Rank: 57 (57) Ttime: 5.9197 Vtime: 0.0210
Step: 48700  Loss: 0.037460 Regul: 0.014009 Obj: 0.051469 (0.051391) Rank: 57 (57) Ttime: 5.9689 Vtime: 0.0210
Step: 48800  Loss: 0.037534 Regul: 0.013986 Obj: 0.051520 (0.051391) Rank: 57 (57) Ttime: 5.9776 Vtime: 0.0213
Step: 48900  Loss: 0.037554 Regul: 0.013973 Obj: 0.051527 (0.051391) Rank: 57 (57) Ttime: 5.9062 Vtime: 0.0212
Step: 49000  Loss: 0.037540 Regul: 0.013997 Obj: 0.051538 (0.051391) Rank: 57 (57) Ttime: 5.9869 Vtime: 0.0217
Step: 49100  Loss: 0.037504 Regul: 0.014000 Obj: 0.051503 (0.051391) Rank: 57 (57) Ttime: 5.8777 Vtime: 0.0213
Step: 49200  Loss: 0.037522 Regul: 0.014012 Obj: 0.051534 (0.051391) Rank: 57 (57) Ttime: 5.9215 Vtime: 0.0208
Step: 49300  Loss: 0.037550 Regul: 0.014005 Obj: 0.051555 (0.051391) Rank: 57 (57) Ttime: 5.9333 Vtime: 0.0208
Step: 49400  Loss: 0.037551 Regul: 0.014006 Obj: 0.051557 (0.051391) Rank: 57 (57) Ttime: 5.8851 Vtime: 0.0213
Step: 49500  Loss: 0.037561 Regul: 0.014011 Obj: 0.051572 (0.051391) Rank: 57 (57) Ttime: 5.8792 Vtime: 0.0216
Step: 49600  Loss: 0.037511 Regul: 0.014007 Obj: 0.051517 (0.051391) Rank: 57 (57) Ttime: 5.9136 Vtime: 0.0210
Step: 49700  Loss: 0.037561 Regul: 0.013988 Obj: 0.051549 (0.051391) Rank: 57 (57) Ttime: 5.9131 Vtime: 0.0208
Step: 49800  Loss: 0.037540 Regul: 0.013999 Obj: 0.051539 (0.051391) Rank: 57 (57) Ttime: 5.8906 Vtime: 0.0211
Step: 49900  Loss: 0.037526 Regul: 0.014009 Obj: 0.051535 (0.051391) Rank: 57 (57) Ttime: 5.8347 Vtime: 0.0206
Step: 50000  Loss: 0.037555 Regul: 0.014028 Obj: 0.051583 (0.051391) Rank: 57 (57) Ttime: 5.9125 Vtime: 0.0210
