mu: 0.015 gamma: 0.015 nIters: 50000000
Load PRParams.
Load RingParams.
Load Labels: 500000
Load Distances: 500000 x 5120
0...10...20...30...40...50...60...70...80...90...100 - done.
Positive samples #250000
Negative samples #250000
Positive train #200000
Negative train #200000
Positive valid #50000
Negative valid #50000

Found GPU: GeForce GTX 970
Compute Capability: 5.2

Best: 100000  Loss: 4.969350 Regul: 0.399929 Obj: 5.369279 (5.369279)  NNZ: 12 (12)  Ttime: 1.3962 Vtime: 0.2474
Stat: nPR #76 (#96) Dim/MaxDim [608/640] AUC: 0.923748 FPR95: 47.27 [saved]
Best: 200000  Loss: 0.476306 Regul: 0.085916 Obj: 0.562222 (0.562222)  NNZ: 9 (9)  Ttime: 1.4035 Vtime: 0.0521
Stat: nPR #64 (#72) Dim/MaxDim [512/640] AUC: 0.969888 FPR95: 16.84 [saved]
Best: 300000  Loss: 0.368853 Regul: 0.042275 Obj: 0.411128 (0.411128)  NNZ: 3 (3)  Ttime: 1.4035 Vtime: 0.0517
Stat: nPR #16 (#24) Dim/MaxDim [128/640] AUC: 0.959730 FPR95: 24.82 [saved]
Step: 400000  Loss: 0.832304 Regul: 0.130449 Obj: 0.962753 (0.411128)  NNZ: 10 (3)  Ttime: 1.4049 Vtime: 0.0521
Best: 500000  Loss: 0.163194 Regul: 0.021568 Obj: 0.184762 (0.184762)  NNZ: 2 (2)  Ttime: 1.4024 Vtime: 0.0513
Stat: nPR #16 (#16) Dim/MaxDim [128/640] AUC: 0.967007 FPR95: 19.11 [saved]
Step: 600000  Loss: 0.380999 Regul: 0.040832 Obj: 0.421830 (0.184762)  NNZ: 8 (2)  Ttime: 1.4048 Vtime: 0.0520
Step: 700000  Loss: 0.570558 Regul: 0.072922 Obj: 0.643480 (0.184762)  NNZ: 8 (2)  Ttime: 1.4023 Vtime: 0.0519
Step: 800000  Loss: 1.349635 Regul: 0.105650 Obj: 1.455285 (0.184762)  NNZ: 13 (2)  Ttime: 1.4098 Vtime: 0.0510
Step: 900000  Loss: 0.710411 Regul: 0.109615 Obj: 0.820026 (0.184762)  NNZ: 6 (2)  Ttime: 1.4047 Vtime: 0.0512
Step: 1000000  Loss: 0.261495 Regul: 0.042663 Obj: 0.304158 (0.184762)  NNZ: 6 (2)  Ttime: 1.4037 Vtime: 0.0521
Step: 1100000  Loss: 0.539705 Regul: 0.086395 Obj: 0.626100 (0.184762)  NNZ: 7 (2)  Ttime: 1.4072 Vtime: 0.0514
Step: 1200000  Loss: 0.403275 Regul: 0.056552 Obj: 0.459827 (0.184762)  NNZ: 7 (2)  Ttime: 1.4112 Vtime: 0.0514
Step: 1300000  Loss: 0.202064 Regul: 0.032444 Obj: 0.234509 (0.184762)  NNZ: 6 (2)  Ttime: 1.4135 Vtime: 0.0512
Step: 1400000  Loss: 0.350005 Regul: 0.061465 Obj: 0.411470 (0.184762)  NNZ: 9 (2)  Ttime: 1.4032 Vtime: 0.0515
Best: 1500000  Loss: 0.136236 Regul: 0.016547 Obj: 0.152783 (0.152783)  NNZ: 4 (4)  Ttime: 1.4132 Vtime: 0.0514
Stat: nPR #28 (#32) Dim/MaxDim [224/640] AUC: 0.966496 FPR95: 19.36 [saved]
Step: 1600000  Loss: 0.496888 Regul: 0.070695 Obj: 0.567583 (0.152783)  NNZ: 10 (4)  Ttime: 1.4032 Vtime: 0.0512
Step: 1700000  Loss: 0.218509 Regul: 0.024119 Obj: 0.242628 (0.152783)  NNZ: 8 (4)  Ttime: 1.4030 Vtime: 0.0520
Step: 1800000  Loss: 0.170087 Regul: 0.019096 Obj: 0.189184 (0.152783)  NNZ: 2 (4)  Ttime: 1.4051 Vtime: 0.0511
Step: 1900000  Loss: 0.441496 Regul: 0.048662 Obj: 0.490158 (0.152783)  NNZ: 10 (4)  Ttime: 1.4123 Vtime: 0.0516
Step: 2000000  Loss: 0.372620 Regul: 0.052639 Obj: 0.425259 (0.152783)  NNZ: 9 (4)  Ttime: 1.4072 Vtime: 0.0515
Step: 2100000  Loss: 0.199014 Regul: 0.027248 Obj: 0.226262 (0.152783)  NNZ: 7 (4)  Ttime: 1.4021 Vtime: 0.0517
Step: 2200000  Loss: 0.295035 Regul: 0.058806 Obj: 0.353841 (0.152783)  NNZ: 10 (4)  Ttime: 1.4025 Vtime: 0.0517
Step: 2300000  Loss: 0.316911 Regul: 0.061291 Obj: 0.378202 (0.152783)  NNZ: 7 (4)  Ttime: 1.4058 Vtime: 0.0525
Best: 2400000  Loss: 0.108628 Regul: 0.011265 Obj: 0.119893 (0.119893)  NNZ: 4 (4)  Ttime: 1.4048 Vtime: 0.0520
Stat: nPR #28 (#32) Dim/MaxDim [224/640] AUC: 0.965590 FPR95: 21.15 [saved]
Step: 2500000  Loss: 0.424353 Regul: 0.034984 Obj: 0.459337 (0.119893)  NNZ: 7 (4)  Ttime: 1.4067 Vtime: 0.0514
Step: 2600000  Loss: 0.181443 Regul: 0.013973 Obj: 0.195415 (0.119893)  NNZ: 3 (4)  Ttime: 1.4035 Vtime: 0.0513
Step: 2700000  Loss: 0.194617 Regul: 0.033305 Obj: 0.227922 (0.119893)  NNZ: 7 (4)  Ttime: 1.4024 Vtime: 0.0515
Step: 2800000  Loss: 0.203463 Regul: 0.028275 Obj: 0.231738 (0.119893)  NNZ: 7 (4)  Ttime: 1.4037 Vtime: 0.0511
Step: 2900000  Loss: 0.249412 Regul: 0.041215 Obj: 0.290627 (0.119893)  NNZ: 8 (4)  Ttime: 1.4108 Vtime: 0.0517
Step: 3000000  Loss: 0.571201 Regul: 0.028239 Obj: 0.599440 (0.119893)  NNZ: 5 (4)  Ttime: 1.4017 Vtime: 0.0509
Step: 3100000  Loss: 0.170292 Regul: 0.020418 Obj: 0.190710 (0.119893)  NNZ: 7 (4)  Ttime: 1.4050 Vtime: 0.0516
Step: 3200000  Loss: 0.386387 Regul: 0.052401 Obj: 0.438789 (0.119893)  NNZ: 10 (4)  Ttime: 1.4141 Vtime: 0.0521
Step: 3300000  Loss: 0.383121 Regul: 0.059982 Obj: 0.443103 (0.119893)  NNZ: 13 (4)  Ttime: 1.4011 Vtime: 0.0511
Step: 3400000  Loss: 0.280200 Regul: 0.023606 Obj: 0.303806 (0.119893)  NNZ: 4 (4)  Ttime: 1.4039 Vtime: 0.0521
Step: 3500000  Loss: 0.341983 Regul: 0.051921 Obj: 0.393905 (0.119893)  NNZ: 10 (4)  Ttime: 1.4088 Vtime: 0.0513
Step: 3600000  Loss: 0.231267 Regul: 0.022877 Obj: 0.254144 (0.119893)  NNZ: 7 (4)  Ttime: 1.4058 Vtime: 0.0517
Step: 3700000  Loss: 0.261209 Regul: 0.020775 Obj: 0.281984 (0.119893)  NNZ: 7 (4)  Ttime: 1.4160 Vtime: 0.0523
Step: 3800000  Loss: 0.190861 Regul: 0.032640 Obj: 0.223502 (0.119893)  NNZ: 7 (4)  Ttime: 1.4030 Vtime: 0.0523
Step: 3900000  Loss: 0.193328 Regul: 0.012424 Obj: 0.205752 (0.119893)  NNZ: 5 (4)  Ttime: 1.4022 Vtime: 0.0513
Step: 4000000  Loss: 0.237091 Regul: 0.007256 Obj: 0.244347 (0.119893)  NNZ: 4 (4)  Ttime: 1.4144 Vtime: 0.0519
Step: 4100000  Loss: 0.334250 Regul: 0.054260 Obj: 0.388510 (0.119893)  NNZ: 9 (4)  Ttime: 1.4038 Vtime: 0.0513
Step: 4200000  Loss: 0.169860 Regul: 0.016956 Obj: 0.186815 (0.119893)  NNZ: 5 (4)  Ttime: 1.4025 Vtime: 0.0509
Step: 4300000  Loss: 0.199948 Regul: 0.019380 Obj: 0.219328 (0.119893)  NNZ: 6 (4)  Ttime: 1.4058 Vtime: 0.0518
Step: 4400000  Loss: 0.175595 Regul: 0.025660 Obj: 0.201256 (0.119893)  NNZ: 7 (4)  Ttime: 1.4009 Vtime: 0.0521
Step: 4500000  Loss: 0.204717 Regul: 0.036863 Obj: 0.241580 (0.119893)  NNZ: 9 (4)  Ttime: 1.4052 Vtime: 0.0513
Step: 4600000  Loss: 0.119648 Regul: 0.009141 Obj: 0.128788 (0.119893)  NNZ: 2 (4)  Ttime: 1.4023 Vtime: 0.0516
Step: 4700000  Loss: 0.430311 Regul: 0.073455 Obj: 0.503765 (0.119893)  NNZ: 10 (4)  Ttime: 1.4045 Vtime: 0.0526
Step: 4800000  Loss: 0.138542 Regul: 0.010225 Obj: 0.148767 (0.119893)  NNZ: 4 (4)  Ttime: 1.4046 Vtime: 0.0518
Step: 4900000  Loss: 0.256836 Regul: 0.045154 Obj: 0.301990 (0.119893)  NNZ: 12 (4)  Ttime: 1.4005 Vtime: 0.0517
Step: 5000000  Loss: 0.221290 Regul: 0.032216 Obj: 0.253505 (0.119893)  NNZ: 7 (4)  Ttime: 1.4033 Vtime: 0.0513
Step: 5100000  Loss: 0.183576 Regul: 0.014667 Obj: 0.198243 (0.119893)  NNZ: 11 (4)  Ttime: 1.4131 Vtime: 0.0510
Step: 5200000  Loss: 0.115634 Regul: 0.010236 Obj: 0.125869 (0.119893)  NNZ: 4 (4)  Ttime: 1.4041 Vtime: 0.0518
Best: 5300000  Loss: 0.097607 Regul: 0.011290 Obj: 0.108897 (0.108897)  NNZ: 4 (4)  Ttime: 1.4054 Vtime: 0.0525
Stat: nPR #24 (#32) Dim/MaxDim [192/640] AUC: 0.969806 FPR95: 16.83 [saved]
Step: 5400000  Loss: 0.173484 Regul: 0.018314 Obj: 0.191799 (0.108897)  NNZ: 6 (4)  Ttime: 1.4019 Vtime: 0.0507
Step: 5500000  Loss: 0.202514 Regul: 0.033885 Obj: 0.236399 (0.108897)  NNZ: 12 (4)  Ttime: 1.4089 Vtime: 0.0502
Step: 5600000  Loss: 0.270751 Regul: 0.024760 Obj: 0.295510 (0.108897)  NNZ: 6 (4)  Ttime: 1.4040 Vtime: 0.0518
Step: 5700000  Loss: 0.117934 Regul: 0.012158 Obj: 0.130092 (0.108897)  NNZ: 4 (4)  Ttime: 1.4040 Vtime: 0.0518
Step: 5800000  Loss: 0.210572 Regul: 0.031604 Obj: 0.242176 (0.108897)  NNZ: 8 (4)  Ttime: 1.4051 Vtime: 0.0517
Step: 5900000  Loss: 0.134285 Regul: 0.010144 Obj: 0.144429 (0.108897)  NNZ: 4 (4)  Ttime: 1.4035 Vtime: 0.0513
Step: 6000000  Loss: 0.146741 Regul: 0.019226 Obj: 0.165967 (0.108897)  NNZ: 6 (4)  Ttime: 1.4021 Vtime: 0.0513
Step: 6100000  Loss: 0.127397 Regul: 0.013121 Obj: 0.140518 (0.108897)  NNZ: 5 (4)  Ttime: 1.4083 Vtime: 0.0517
Step: 6200000  Loss: 0.113685 Regul: 0.014832 Obj: 0.128517 (0.108897)  NNZ: 6 (4)  Ttime: 1.4066 Vtime: 0.0510
Step: 6300000  Loss: 0.142544 Regul: 0.015084 Obj: 0.157628 (0.108897)  NNZ: 7 (4)  Ttime: 1.4118 Vtime: 0.0511
Step: 6400000  Loss: 0.210610 Regul: 0.019775 Obj: 0.230385 (0.108897)  NNZ: 6 (4)  Ttime: 1.4035 Vtime: 0.0520
Step: 6500000  Loss: 0.210578 Regul: 0.011173 Obj: 0.221752 (0.108897)  NNZ: 4 (4)  Ttime: 1.4047 Vtime: 0.0509
Step: 6600000  Loss: 0.203878 Regul: 0.031912 Obj: 0.235789 (0.108897)  NNZ: 7 (4)  Ttime: 1.4076 Vtime: 0.0512
Step: 6700000  Loss: 0.217403 Regul: 0.031699 Obj: 0.249102 (0.108897)  NNZ: 7 (4)  Ttime: 1.4046 Vtime: 0.0521
Step: 6800000  Loss: 0.104825 Regul: 0.009492 Obj: 0.114317 (0.108897)  NNZ: 4 (4)  Ttime: 1.4062 Vtime: 0.0518
Step: 6900000  Loss: 0.224123 Regul: 0.006541 Obj: 0.230663 (0.108897)  NNZ: 2 (4)  Ttime: 1.4031 Vtime: 0.0515
Step: 7000000  Loss: 0.228431 Regul: 0.043879 Obj: 0.272310 (0.108897)  NNZ: 9 (4)  Ttime: 1.4083 Vtime: 0.0515
Step: 7100000  Loss: 0.131575 Regul: 0.014297 Obj: 0.145872 (0.108897)  NNZ: 6 (4)  Ttime: 1.4114 Vtime: 0.0513
Step: 7200000  Loss: 0.258968 Regul: 0.016044 Obj: 0.275012 (0.108897)  NNZ: 6 (4)  Ttime: 1.4038 Vtime: 0.0516
Step: 7300000  Loss: 0.145851 Regul: 0.018541 Obj: 0.164392 (0.108897)  NNZ: 8 (4)  Ttime: 1.4080 Vtime: 0.0508
Step: 7400000  Loss: 0.226367 Regul: 0.033369 Obj: 0.259736 (0.108897)  NNZ: 6 (4)  Ttime: 1.4053 Vtime: 0.0516
Step: 7500000  Loss: 0.254184 Regul: 0.023496 Obj: 0.277680 (0.108897)  NNZ: 6 (4)  Ttime: 1.4115 Vtime: 0.0520
Step: 7600000  Loss: 0.232956 Regul: 0.023251 Obj: 0.256207 (0.108897)  NNZ: 6 (4)  Ttime: 1.4123 Vtime: 0.0513
Step: 7700000  Loss: 0.171468 Regul: 0.030688 Obj: 0.202156 (0.108897)  NNZ: 11 (4)  Ttime: 1.4106 Vtime: 0.0515
Step: 7800000  Loss: 0.138104 Regul: 0.017054 Obj: 0.155158 (0.108897)  NNZ: 7 (4)  Ttime: 1.4103 Vtime: 0.0507
Step: 7900000  Loss: 0.226436 Regul: 0.044659 Obj: 0.271096 (0.108897)  NNZ: 12 (4)  Ttime: 1.4053 Vtime: 0.0513
Step: 8000000  Loss: 0.501261 Regul: 0.051951 Obj: 0.553211 (0.108897)  NNZ: 11 (4)  Ttime: 1.4122 Vtime: 0.0511
Step: 8100000  Loss: 0.174092 Regul: 0.034149 Obj: 0.208241 (0.108897)  NNZ: 9 (4)  Ttime: 1.4027 Vtime: 0.0519
Step: 8200000  Loss: 0.161815 Regul: 0.019036 Obj: 0.180851 (0.108897)  NNZ: 7 (4)  Ttime: 1.4123 Vtime: 0.0514
Step: 8300000  Loss: 0.149727 Regul: 0.017318 Obj: 0.167045 (0.108897)  NNZ: 5 (4)  Ttime: 1.4039 Vtime: 0.0517
Step: 8400000  Loss: 0.268155 Regul: 0.037841 Obj: 0.305996 (0.108897)  NNZ: 9 (4)  Ttime: 1.4113 Vtime: 0.0512
Step: 8500000  Loss: 0.216170 Regul: 0.037734 Obj: 0.253905 (0.108897)  NNZ: 7 (4)  Ttime: 1.4139 Vtime: 0.0516
Step: 8600000  Loss: 0.158458 Regul: 0.013696 Obj: 0.172155 (0.108897)  NNZ: 5 (4)  Ttime: 1.4615 Vtime: 0.0517
Step: 8700000  Loss: 0.108578 Regul: 0.009690 Obj: 0.118268 (0.108897)  NNZ: 7 (4)  Ttime: 1.4121 Vtime: 0.0515
Step: 8800000  Loss: 0.174141 Regul: 0.032281 Obj: 0.206422 (0.108897)  NNZ: 11 (4)  Ttime: 1.4143 Vtime: 0.0516
Step: 8900000  Loss: 0.174805 Regul: 0.026005 Obj: 0.200809 (0.108897)  NNZ: 8 (4)  Ttime: 1.4018 Vtime: 0.0523
Step: 9000000  Loss: 0.149498 Regul: 0.021606 Obj: 0.171104 (0.108897)  NNZ: 6 (4)  Ttime: 1.4219 Vtime: 0.0511
Step: 9100000  Loss: 0.136985 Regul: 0.022068 Obj: 0.159053 (0.108897)  NNZ: 8 (4)  Ttime: 1.4072 Vtime: 0.0514
Step: 9200000  Loss: 0.123287 Regul: 0.016765 Obj: 0.140052 (0.108897)  NNZ: 6 (4)  Ttime: 1.4070 Vtime: 0.0515
Step: 9300000  Loss: 0.122655 Regul: 0.014026 Obj: 0.136681 (0.108897)  NNZ: 5 (4)  Ttime: 1.4153 Vtime: 0.0512
Step: 9400000  Loss: 0.133320 Regul: 0.015890 Obj: 0.149210 (0.108897)  NNZ: 5 (4)  Ttime: 1.4126 Vtime: 0.0513
Step: 9500000  Loss: 0.103530 Regul: 0.008613 Obj: 0.112143 (0.108897)  NNZ: 5 (4)  Ttime: 1.4181 Vtime: 0.0515
Step: 9600000  Loss: 0.111721 Regul: 0.016564 Obj: 0.128284 (0.108897)  NNZ: 6 (4)  Ttime: 1.4134 Vtime: 0.0512
Step: 9700000  Loss: 0.136988 Regul: 0.017450 Obj: 0.154438 (0.108897)  NNZ: 6 (4)  Ttime: 1.4119 Vtime: 0.0513
Step: 9800000  Loss: 0.123330 Regul: 0.012968 Obj: 0.136297 (0.108897)  NNZ: 5 (4)  Ttime: 1.4115 Vtime: 0.0520
Step: 9900000  Loss: 0.149015 Regul: 0.010111 Obj: 0.159126 (0.108897)  NNZ: 5 (4)  Ttime: 1.4082 Vtime: 0.0515
Best: 10000000  Loss: 0.094743 Regul: 0.007991 Obj: 0.102734 (0.102734)  NNZ: 4 (4)  Ttime: 1.4056 Vtime: 0.0508
Stat: nPR #28 (#32) Dim/MaxDim [224/640] AUC: 0.966190 FPR95: 19.72 [saved]
Step: 10100000  Loss: 0.188832 Regul: 0.019329 Obj: 0.208161 (0.102734)  NNZ: 7 (4)  Ttime: 1.4170 Vtime: 0.0517
Step: 10200000  Loss: 0.160601 Regul: 0.020369 Obj: 0.180970 (0.102734)  NNZ: 4 (4)  Ttime: 1.4135 Vtime: 0.0515
Step: 10300000  Loss: 0.256674 Regul: 0.014619 Obj: 0.271293 (0.102734)  NNZ: 6 (4)  Ttime: 1.4372 Vtime: 0.0513
Step: 10400000  Loss: 0.133762 Regul: 0.009679 Obj: 0.143441 (0.102734)  NNZ: 2 (4)  Ttime: 1.4097 Vtime: 0.0510
Step: 10500000  Loss: 0.149215 Regul: 0.023093 Obj: 0.172308 (0.102734)  NNZ: 9 (4)  Ttime: 1.4136 Vtime: 0.0516
Step: 10600000  Loss: 0.145317 Regul: 0.019102 Obj: 0.164418 (0.102734)  NNZ: 5 (4)  Ttime: 1.4056 Vtime: 0.0516
Step: 10700000  Loss: 0.151996 Regul: 0.027502 Obj: 0.179498 (0.102734)  NNZ: 12 (4)  Ttime: 1.4089 Vtime: 0.0507
Step: 10800000  Loss: 0.213615 Regul: 0.039727 Obj: 0.253342 (0.102734)  NNZ: 11 (4)  Ttime: 1.4076 Vtime: 0.0509
Step: 10900000  Loss: 0.334465 Regul: 0.037548 Obj: 0.372013 (0.102734)  NNZ: 13 (4)  Ttime: 1.4176 Vtime: 0.0510
Step: 11000000  Loss: 0.161149 Regul: 0.027836 Obj: 0.188985 (0.102734)  NNZ: 11 (4)  Ttime: 1.4166 Vtime: 0.0518
Step: 11100000  Loss: 0.127473 Regul: 0.019215 Obj: 0.146688 (0.102734)  NNZ: 9 (4)  Ttime: 1.4098 Vtime: 0.0514
Step: 11200000  Loss: 0.153733 Regul: 0.021504 Obj: 0.175237 (0.102734)  NNZ: 9 (4)  Ttime: 1.4132 Vtime: 0.0514
Step: 11300000  Loss: 0.188022 Regul: 0.017560 Obj: 0.205581 (0.102734)  NNZ: 8 (4)  Ttime: 1.4118 Vtime: 0.0516
Step: 11400000  Loss: 0.142872 Regul: 0.022705 Obj: 0.165577 (0.102734)  NNZ: 7 (4)  Ttime: 1.4184 Vtime: 0.0513
Step: 11500000  Loss: 0.104311 Regul: 0.011301 Obj: 0.115612 (0.102734)  NNZ: 4 (4)  Ttime: 1.4060 Vtime: 0.0524
Step: 11600000  Loss: 0.239607 Regul: 0.030458 Obj: 0.270065 (0.102734)  NNZ: 8 (4)  Ttime: 1.4134 Vtime: 0.0514
Step: 11700000  Loss: 0.132182 Regul: 0.018479 Obj: 0.150661 (0.102734)  NNZ: 8 (4)  Ttime: 1.4164 Vtime: 0.0519
Step: 11800000  Loss: 0.180970 Regul: 0.029275 Obj: 0.210245 (0.102734)  NNZ: 11 (4)  Ttime: 1.4203 Vtime: 0.0517
Step: 11900000  Loss: 0.097763 Regul: 0.009437 Obj: 0.107200 (0.102734)  NNZ: 3 (4)  Ttime: 1.4089 Vtime: 0.0512
Step: 12000000  Loss: 0.141808 Regul: 0.013495 Obj: 0.155303 (0.102734)  NNZ: 6 (4)  Ttime: 1.4088 Vtime: 0.0518
Step: 12100000  Loss: 0.141577 Regul: 0.020640 Obj: 0.162217 (0.102734)  NNZ: 8 (4)  Ttime: 1.4200 Vtime: 0.0524
Step: 12200000  Loss: 0.198285 Regul: 0.033571 Obj: 0.231855 (0.102734)  NNZ: 10 (4)  Ttime: 1.4142 Vtime: 0.0515
Step: 12300000  Loss: 0.185621 Regul: 0.028781 Obj: 0.214402 (0.102734)  NNZ: 12 (4)  Ttime: 1.4067 Vtime: 0.0516
Step: 12400000  Loss: 0.146886 Regul: 0.019999 Obj: 0.166885 (0.102734)  NNZ: 6 (4)  Ttime: 1.4117 Vtime: 0.0511
Step: 12500000  Loss: 0.142906 Regul: 0.023892 Obj: 0.166797 (0.102734)  NNZ: 10 (4)  Ttime: 1.4066 Vtime: 0.0510
Step: 12600000  Loss: 0.118836 Regul: 0.016003 Obj: 0.134840 (0.102734)  NNZ: 6 (4)  Ttime: 1.4100 Vtime: 0.0508
Step: 12700000  Loss: 0.145221 Regul: 0.026407 Obj: 0.171628 (0.102734)  NNZ: 8 (4)  Ttime: 1.4096 Vtime: 0.0516
Step: 12800000  Loss: 0.141039 Regul: 0.022533 Obj: 0.163572 (0.102734)  NNZ: 8 (4)  Ttime: 1.4149 Vtime: 0.0519
Step: 12900000  Loss: 0.128616 Regul: 0.016370 Obj: 0.144986 (0.102734)  NNZ: 7 (4)  Ttime: 1.4068 Vtime: 0.0515
Step: 13000000  Loss: 0.158092 Regul: 0.009935 Obj: 0.168027 (0.102734)  NNZ: 4 (4)  Ttime: 1.4101 Vtime: 0.0507
Step: 13100000  Loss: 0.120234 Regul: 0.014106 Obj: 0.134340 (0.102734)  NNZ: 5 (4)  Ttime: 1.4080 Vtime: 0.0516
Step: 13200000  Loss: 0.252847 Regul: 0.053716 Obj: 0.306563 (0.102734)  NNZ: 12 (4)  Ttime: 1.4122 Vtime: 0.0516
Step: 13300000  Loss: 0.097534 Regul: 0.013143 Obj: 0.110677 (0.102734)  NNZ: 8 (4)  Ttime: 1.4059 Vtime: 0.0525
Step: 13400000  Loss: 0.130849 Regul: 0.017476 Obj: 0.148324 (0.102734)  NNZ: 7 (4)  Ttime: 1.4062 Vtime: 0.0511
Step: 13500000  Loss: 0.135472 Regul: 0.016168 Obj: 0.151640 (0.102734)  NNZ: 6 (4)  Ttime: 1.4163 Vtime: 0.0519
Step: 13600000  Loss: 0.092462 Regul: 0.010792 Obj: 0.103254 (0.102734)  NNZ: 6 (4)  Ttime: 1.4346 Vtime: 0.0518
Step: 13700000  Loss: 0.176792 Regul: 0.023708 Obj: 0.200500 (0.102734)  NNZ: 7 (4)  Ttime: 1.4150 Vtime: 0.0523
Step: 13800000  Loss: 0.258052 Regul: 0.009869 Obj: 0.267922 (0.102734)  NNZ: 3 (4)  Ttime: 1.4197 Vtime: 0.0519
Step: 13900000  Loss: 0.265640 Regul: 0.023884 Obj: 0.289525 (0.102734)  NNZ: 10 (4)  Ttime: 1.4087 Vtime: 0.0516
Step: 14000000  Loss: 0.148687 Regul: 0.018761 Obj: 0.167448 (0.102734)  NNZ: 8 (4)  Ttime: 1.4086 Vtime: 0.0514
Step: 14100000  Loss: 0.303037 Regul: 0.028418 Obj: 0.331455 (0.102734)  NNZ: 10 (4)  Ttime: 1.4135 Vtime: 0.0520
Step: 14200000  Loss: 0.131711 Regul: 0.017812 Obj: 0.149524 (0.102734)  NNZ: 8 (4)  Ttime: 1.4097 Vtime: 0.0512
Step: 14300000  Loss: 0.144924 Regul: 0.023566 Obj: 0.168490 (0.102734)  NNZ: 10 (4)  Ttime: 1.4075 Vtime: 0.0518
Step: 14400000  Loss: 0.288870 Regul: 0.033153 Obj: 0.322023 (0.102734)  NNZ: 9 (4)  Ttime: 1.4182 Vtime: 0.0518
Step: 14500000  Loss: 0.181960 Regul: 0.032633 Obj: 0.214593 (0.102734)  NNZ: 9 (4)  Ttime: 1.4105 Vtime: 0.0516
Step: 14600000  Loss: 0.125583 Regul: 0.015278 Obj: 0.140861 (0.102734)  NNZ: 7 (4)  Ttime: 1.4087 Vtime: 0.0523
Best: 14700000  Loss: 0.080737 Regul: 0.005750 Obj: 0.086487 (0.086487)  NNZ: 6 (6)  Ttime: 1.4440 Vtime: 0.0513
Stat: nPR #40 (#48) Dim/MaxDim [320/640] AUC: 0.968755 FPR95: 17.94 [saved]
Step: 14800000  Loss: 0.106584 Regul: 0.010876 Obj: 0.117461 (0.086487)  NNZ: 6 (6)  Ttime: 1.4132 Vtime: 0.0514
Step: 14900000  Loss: 0.216487 Regul: 0.042026 Obj: 0.258513 (0.086487)  NNZ: 12 (6)  Ttime: 1.4111 Vtime: 0.0511
Step: 15000000  Loss: 0.145316 Regul: 0.014000 Obj: 0.159316 (0.086487)  NNZ: 5 (6)  Ttime: 1.4082 Vtime: 0.0521
Step: 15100000  Loss: 0.126686 Regul: 0.020365 Obj: 0.147051 (0.086487)  NNZ: 9 (6)  Ttime: 1.4113 Vtime: 0.0514
Step: 15200000  Loss: 0.276878 Regul: 0.039346 Obj: 0.316223 (0.086487)  NNZ: 13 (6)  Ttime: 1.4068 Vtime: 0.0518
Step: 15300000  Loss: 0.145432 Regul: 0.020131 Obj: 0.165562 (0.086487)  NNZ: 11 (6)  Ttime: 1.4075 Vtime: 0.0517
Step: 15400000  Loss: 0.213722 Regul: 0.034413 Obj: 0.248135 (0.086487)  NNZ: 11 (6)  Ttime: 1.4104 Vtime: 0.0512
Step: 15500000  Loss: 0.203458 Regul: 0.031073 Obj: 0.234531 (0.086487)  NNZ: 12 (6)  Ttime: 1.4089 Vtime: 0.0520
Step: 15600000  Loss: 0.155561 Regul: 0.025510 Obj: 0.181071 (0.086487)  NNZ: 9 (6)  Ttime: 1.4204 Vtime: 0.0515
Step: 15700000  Loss: 0.157135 Regul: 0.013846 Obj: 0.170982 (0.086487)  NNZ: 6 (6)  Ttime: 1.4080 Vtime: 0.0517
Step: 15800000  Loss: 0.109429 Regul: 0.011191 Obj: 0.120621 (0.086487)  NNZ: 6 (6)  Ttime: 1.4073 Vtime: 0.0517
Step: 15900000  Loss: 0.096594 Regul: 0.010221 Obj: 0.106815 (0.086487)  NNZ: 6 (6)  Ttime: 1.4061 Vtime: 0.0511
Step: 16000000  Loss: 0.212237 Regul: 0.036343 Obj: 0.248580 (0.086487)  NNZ: 12 (6)  Ttime: 1.4074 Vtime: 0.0516
Step: 16100000  Loss: 0.229230 Regul: 0.023364 Obj: 0.252594 (0.086487)  NNZ: 8 (6)  Ttime: 1.4165 Vtime: 0.0510
Step: 16200000  Loss: 0.176008 Regul: 0.031501 Obj: 0.207510 (0.086487)  NNZ: 10 (6)  Ttime: 1.4163 Vtime: 0.0514
Step: 16300000  Loss: 0.353771 Regul: 0.029216 Obj: 0.382987 (0.086487)  NNZ: 10 (6)  Ttime: 1.4085 Vtime: 0.0511
Step: 16400000  Loss: 0.131117 Regul: 0.017556 Obj: 0.148673 (0.086487)  NNZ: 9 (6)  Ttime: 1.4083 Vtime: 0.0515
Step: 16500000  Loss: 0.154492 Regul: 0.021724 Obj: 0.176215 (0.086487)  NNZ: 7 (6)  Ttime: 1.4107 Vtime: 0.0518
Step: 16600000  Loss: 0.169025 Regul: 0.026407 Obj: 0.195432 (0.086487)  NNZ: 11 (6)  Ttime: 1.4141 Vtime: 0.0517
Step: 16700000  Loss: 0.099470 Regul: 0.004684 Obj: 0.104154 (0.086487)  NNZ: 4 (6)  Ttime: 1.4152 Vtime: 0.0520
Step: 16800000  Loss: 0.142635 Regul: 0.023049 Obj: 0.165684 (0.086487)  NNZ: 9 (6)  Ttime: 1.4076 Vtime: 0.0521
Step: 16900000  Loss: 0.142030 Regul: 0.018977 Obj: 0.161007 (0.086487)  NNZ: 5 (6)  Ttime: 1.4168 Vtime: 0.0522
Step: 17000000  Loss: 0.164378 Regul: 0.015491 Obj: 0.179869 (0.086487)  NNZ: 6 (6)  Ttime: 1.4097 Vtime: 0.0514
Step: 17100000  Loss: 0.104288 Regul: 0.013850 Obj: 0.118138 (0.086487)  NNZ: 7 (6)  Ttime: 1.4169 Vtime: 0.0522
Step: 17200000  Loss: 0.105760 Regul: 0.010496 Obj: 0.116256 (0.086487)  NNZ: 6 (6)  Ttime: 1.4120 Vtime: 0.0520
Step: 17300000  Loss: 0.137550 Regul: 0.022551 Obj: 0.160101 (0.086487)  NNZ: 11 (6)  Ttime: 1.4089 Vtime: 0.0512
Step: 17400000  Loss: 0.212154 Regul: 0.030022 Obj: 0.242176 (0.086487)  NNZ: 13 (6)  Ttime: 1.4076 Vtime: 0.0510
Step: 17500000  Loss: 0.150978 Regul: 0.020955 Obj: 0.171933 (0.086487)  NNZ: 10 (6)  Ttime: 1.4195 Vtime: 0.0513
Step: 17600000  Loss: 0.214157 Regul: 0.026375 Obj: 0.240532 (0.086487)  NNZ: 14 (6)  Ttime: 1.4119 Vtime: 0.0515
Step: 17700000  Loss: 0.116517 Regul: 0.015227 Obj: 0.131744 (0.086487)  NNZ: 10 (6)  Ttime: 1.4186 Vtime: 0.0513
Step: 17800000  Loss: 0.091466 Regul: 0.007742 Obj: 0.099208 (0.086487)  NNZ: 4 (6)  Ttime: 1.4252 Vtime: 0.0522
Step: 17900000  Loss: 0.176105 Regul: 0.016106 Obj: 0.192211 (0.086487)  NNZ: 7 (6)  Ttime: 1.4214 Vtime: 0.0520
Step: 18000000  Loss: 0.146267 Regul: 0.020295 Obj: 0.166562 (0.086487)  NNZ: 6 (6)  Ttime: 1.4072 Vtime: 0.0516
Step: 18100000  Loss: 0.422168 Regul: 0.014429 Obj: 0.436597 (0.086487)  NNZ: 8 (6)  Ttime: 1.4084 Vtime: 0.0517
Step: 18200000  Loss: 0.147810 Regul: 0.015212 Obj: 0.163022 (0.086487)  NNZ: 4 (6)  Ttime: 1.4356 Vtime: 0.0512
Step: 18300000  Loss: 0.109758 Regul: 0.013550 Obj: 0.123308 (0.086487)  NNZ: 7 (6)  Ttime: 1.4140 Vtime: 0.0512
Step: 18400000  Loss: 0.172065 Regul: 0.029905 Obj: 0.201970 (0.086487)  NNZ: 12 (6)  Ttime: 1.4082 Vtime: 0.0507
Step: 18500000  Loss: 0.114305 Regul: 0.002974 Obj: 0.117278 (0.086487)  NNZ: 4 (6)  Ttime: 1.4066 Vtime: 0.0521
Step: 18600000  Loss: 0.100726 Regul: 0.009822 Obj: 0.110548 (0.086487)  NNZ: 4 (6)  Ttime: 1.4161 Vtime: 0.0519
Step: 18700000  Loss: 0.178849 Regul: 0.023101 Obj: 0.201950 (0.086487)  NNZ: 9 (6)  Ttime: 1.4070 Vtime: 0.0514
Step: 18800000  Loss: 0.192241 Regul: 0.006929 Obj: 0.199170 (0.086487)  NNZ: 2 (6)  Ttime: 1.4067 Vtime: 0.0511
Step: 18900000  Loss: 0.145726 Regul: 0.016135 Obj: 0.161861 (0.086487)  NNZ: 7 (6)  Ttime: 1.4339 Vtime: 0.0515
Step: 19000000  Loss: 0.189048 Regul: 0.033435 Obj: 0.222483 (0.086487)  NNZ: 10 (6)  Ttime: 1.4132 Vtime: 0.0519
Step: 19100000  Loss: 0.133025 Regul: 0.019424 Obj: 0.152449 (0.086487)  NNZ: 9 (6)  Ttime: 1.4066 Vtime: 0.0510
Step: 19200000  Loss: 0.118278 Regul: 0.010774 Obj: 0.129052 (0.086487)  NNZ: 6 (6)  Ttime: 1.4149 Vtime: 0.0517
Step: 19300000  Loss: 0.122751 Regul: 0.010305 Obj: 0.133057 (0.086487)  NNZ: 4 (6)  Ttime: 1.4175 Vtime: 0.0514
Step: 19400000  Loss: 0.201301 Regul: 0.033098 Obj: 0.234399 (0.086487)  NNZ: 9 (6)  Ttime: 1.4061 Vtime: 0.0512
Step: 19500000  Loss: 0.186936 Regul: 0.017798 Obj: 0.204734 (0.086487)  NNZ: 7 (6)  Ttime: 1.4071 Vtime: 0.0517
Step: 19600000  Loss: 0.104765 Regul: 0.012964 Obj: 0.117729 (0.086487)  NNZ: 6 (6)  Ttime: 1.4089 Vtime: 0.0515
Step: 19700000  Loss: 0.112307 Regul: 0.014172 Obj: 0.126480 (0.086487)  NNZ: 6 (6)  Ttime: 1.4160 Vtime: 0.0517
Step: 19800000  Loss: 0.094738 Regul: 0.012107 Obj: 0.106844 (0.086487)  NNZ: 7 (6)  Ttime: 1.4096 Vtime: 0.0511
Step: 19900000  Loss: 0.100122 Regul: 0.013806 Obj: 0.113928 (0.086487)  NNZ: 8 (6)  Ttime: 1.4119 Vtime: 0.0518
Step: 20000000  Loss: 0.348329 Regul: 0.043572 Obj: 0.391900 (0.086487)  NNZ: 16 (6)  Ttime: 1.4094 Vtime: 0.0514
Step: 20100000  Loss: 0.220019 Regul: 0.020662 Obj: 0.240680 (0.086487)  NNZ: 8 (6)  Ttime: 1.4091 Vtime: 0.0521
Step: 20200000  Loss: 0.117636 Regul: 0.013674 Obj: 0.131310 (0.086487)  NNZ: 8 (6)  Ttime: 1.4069 Vtime: 0.0513
Step: 20300000  Loss: 0.122620 Regul: 0.012070 Obj: 0.134691 (0.086487)  NNZ: 7 (6)  Ttime: 1.4123 Vtime: 0.0516
Step: 20400000  Loss: 0.128536 Regul: 0.014971 Obj: 0.143507 (0.086487)  NNZ: 8 (6)  Ttime: 1.4306 Vtime: 0.0513
Step: 20500000  Loss: 0.131203 Regul: 0.013513 Obj: 0.144717 (0.086487)  NNZ: 8 (6)  Ttime: 1.4124 Vtime: 0.0513
Step: 20600000  Loss: 0.106627 Regul: 0.013381 Obj: 0.120009 (0.086487)  NNZ: 10 (6)  Ttime: 1.4089 Vtime: 0.0516
Step: 20700000  Loss: 0.101351 Regul: 0.010078 Obj: 0.111429 (0.086487)  NNZ: 7 (6)  Ttime: 1.4167 Vtime: 0.0518
Step: 20800000  Loss: 0.467530 Regul: 0.023650 Obj: 0.491179 (0.086487)  NNZ: 7 (6)  Ttime: 1.4146 Vtime: 0.0519
Step: 20900000  Loss: 0.317918 Regul: 0.003223 Obj: 0.321141 (0.086487)  NNZ: 3 (6)  Ttime: 1.4078 Vtime: 0.0513
Step: 21000000  Loss: 0.130292 Regul: 0.019988 Obj: 0.150279 (0.086487)  NNZ: 8 (6)  Ttime: 1.4095 Vtime: 0.0506
Step: 21100000  Loss: 0.124203 Regul: 0.006958 Obj: 0.131161 (0.086487)  NNZ: 5 (6)  Ttime: 1.4206 Vtime: 0.0513
Step: 21200000  Loss: 0.185832 Regul: 0.021240 Obj: 0.207072 (0.086487)  NNZ: 9 (6)  Ttime: 1.4139 Vtime: 0.0516
Step: 21300000  Loss: 0.153292 Regul: 0.017271 Obj: 0.170562 (0.086487)  NNZ: 6 (6)  Ttime: 1.4103 Vtime: 0.0513
Step: 21400000  Loss: 0.257108 Regul: 0.036343 Obj: 0.293451 (0.086487)  NNZ: 17 (6)  Ttime: 1.4088 Vtime: 0.0514
Step: 21500000  Loss: 0.100322 Regul: 0.013879 Obj: 0.114201 (0.086487)  NNZ: 7 (6)  Ttime: 1.4248 Vtime: 0.0523
Step: 21600000  Loss: 0.103618 Regul: 0.010840 Obj: 0.114458 (0.086487)  NNZ: 6 (6)  Ttime: 1.4180 Vtime: 0.0517
Step: 21700000  Loss: 0.102772 Regul: 0.012422 Obj: 0.115194 (0.086487)  NNZ: 8 (6)  Ttime: 1.4107 Vtime: 0.0515
Step: 21800000  Loss: 0.089206 Regul: 0.012129 Obj: 0.101335 (0.086487)  NNZ: 9 (6)  Ttime: 1.4121 Vtime: 0.0514
Step: 21900000  Loss: 0.185727 Regul: 0.025767 Obj: 0.211494 (0.086487)  NNZ: 11 (6)  Ttime: 1.4174 Vtime: 0.0519
Step: 22000000  Loss: 0.147848 Regul: 0.022969 Obj: 0.170816 (0.086487)  NNZ: 9 (6)  Ttime: 1.4137 Vtime: 0.0514
Step: 22100000  Loss: 0.220536 Regul: 0.007778 Obj: 0.228314 (0.086487)  NNZ: 4 (6)  Ttime: 1.4174 Vtime: 0.0519
Step: 22200000  Loss: 0.162135 Regul: 0.025767 Obj: 0.187902 (0.086487)  NNZ: 10 (6)  Ttime: 1.4086 Vtime: 0.0523
Step: 22300000  Loss: 0.135441 Regul: 0.003750 Obj: 0.139191 (0.086487)  NNZ: 1 (6)  Ttime: 1.4089 Vtime: 0.0511
Step: 22400000  Loss: 0.135011 Regul: 0.014297 Obj: 0.149308 (0.086487)  NNZ: 10 (6)  Ttime: 1.4142 Vtime: 0.0513
Step: 22500000  Loss: 0.189984 Regul: 0.031750 Obj: 0.221735 (0.086487)  NNZ: 16 (6)  Ttime: 1.4211 Vtime: 0.0525
Step: 22600000  Loss: 0.127622 Regul: 0.011616 Obj: 0.139238 (0.086487)  NNZ: 5 (6)  Ttime: 1.4089 Vtime: 0.0516
Step: 22700000  Loss: 0.103250 Regul: 0.012861 Obj: 0.116111 (0.086487)  NNZ: 8 (6)  Ttime: 1.4083 Vtime: 0.0518
Step: 22800000  Loss: 0.153476 Regul: 0.015762 Obj: 0.169238 (0.086487)  NNZ: 10 (6)  Ttime: 1.4099 Vtime: 0.0508
Step: 22900000  Loss: 0.114475 Regul: 0.010686 Obj: 0.125161 (0.086487)  NNZ: 9 (6)  Ttime: 1.4081 Vtime: 0.0518
Step: 23000000  Loss: 0.089899 Regul: 0.012283 Obj: 0.102181 (0.086487)  NNZ: 8 (6)  Ttime: 1.4186 Vtime: 0.0517
Step: 23100000  Loss: 0.120171 Regul: 0.015937 Obj: 0.136109 (0.086487)  NNZ: 5 (6)  Ttime: 1.4145 Vtime: 0.0508
Step: 23200000  Loss: 0.095019 Regul: 0.007009 Obj: 0.102028 (0.086487)  NNZ: 4 (6)  Ttime: 1.4127 Vtime: 0.0512
Step: 23300000  Loss: 0.095956 Regul: 0.006196 Obj: 0.102152 (0.086487)  NNZ: 4 (6)  Ttime: 1.4170 Vtime: 0.0521
Step: 23400000  Loss: 0.129154 Regul: 0.019175 Obj: 0.148329 (0.086487)  NNZ: 9 (6)  Ttime: 1.4100 Vtime: 0.0512
Step: 23500000  Loss: 0.111191 Regul: 0.009609 Obj: 0.120800 (0.086487)  NNZ: 5 (6)  Ttime: 1.4134 Vtime: 0.0518
Step: 23600000  Loss: 0.129090 Regul: 0.012649 Obj: 0.141738 (0.086487)  NNZ: 7 (6)  Ttime: 1.4133 Vtime: 0.0519
Step: 23700000  Loss: 0.090555 Regul: 0.006606 Obj: 0.097162 (0.086487)  NNZ: 6 (6)  Ttime: 1.4177 Vtime: 0.0520
Step: 23800000  Loss: 0.133254 Regul: 0.020955 Obj: 0.154209 (0.086487)  NNZ: 9 (6)  Ttime: 1.4136 Vtime: 0.0514
Step: 23900000  Loss: 0.099484 Regul: 0.012480 Obj: 0.111965 (0.086487)  NNZ: 9 (6)  Ttime: 1.4071 Vtime: 0.0519
Step: 24000000  Loss: 0.091849 Regul: 0.009675 Obj: 0.101524 (0.086487)  NNZ: 7 (6)  Ttime: 1.4078 Vtime: 0.0511
Step: 24100000  Loss: 0.145608 Regul: 0.022141 Obj: 0.167749 (0.086487)  NNZ: 10 (6)  Ttime: 1.4092 Vtime: 0.0512
Step: 24200000  Loss: 0.141270 Regul: 0.014751 Obj: 0.156021 (0.086487)  NNZ: 6 (6)  Ttime: 1.4075 Vtime: 0.0512
Step: 24300000  Loss: 0.211454 Regul: 0.011008 Obj: 0.222463 (0.086487)  NNZ: 6 (6)  Ttime: 1.4072 Vtime: 0.0515
Step: 24400000  Loss: 0.187852 Regul: 0.021343 Obj: 0.209194 (0.086487)  NNZ: 9 (6)  Ttime: 1.4159 Vtime: 0.0512
Step: 24500000  Loss: 0.094560 Regul: 0.009573 Obj: 0.104132 (0.086487)  NNZ: 9 (6)  Ttime: 1.4128 Vtime: 0.0510
Step: 24600000  Loss: 0.128226 Regul: 0.022053 Obj: 0.150280 (0.086487)  NNZ: 10 (6)  Ttime: 1.4094 Vtime: 0.0508
Step: 24700000  Loss: 0.097180 Regul: 0.009287 Obj: 0.106468 (0.086487)  NNZ: 7 (6)  Ttime: 1.4191 Vtime: 0.0518
Step: 24800000  Loss: 0.225672 Regul: 0.016252 Obj: 0.241925 (0.086487)  NNZ: 8 (6)  Ttime: 1.4149 Vtime: 0.0515
Step: 24900000  Loss: 0.104902 Regul: 0.011411 Obj: 0.116313 (0.086487)  NNZ: 6 (6)  Ttime: 1.4104 Vtime: 0.0515
Step: 25000000  Loss: 0.137058 Regul: 0.017886 Obj: 0.154943 (0.086487)  NNZ: 8 (6)  Ttime: 1.4089 Vtime: 0.0519
Step: 25100000  Loss: 0.182599 Regul: 0.028960 Obj: 0.211559 (0.086487)  NNZ: 10 (6)  Ttime: 1.4092 Vtime: 0.0514
Step: 25200000  Loss: 0.116335 Regul: 0.013894 Obj: 0.130229 (0.086487)  NNZ: 7 (6)  Ttime: 1.4194 Vtime: 0.0523
Step: 25300000  Loss: 0.127084 Regul: 0.014656 Obj: 0.141740 (0.086487)  NNZ: 5 (6)  Ttime: 1.4089 Vtime: 0.0518
Step: 25400000  Loss: 0.106173 Regul: 0.009836 Obj: 0.116010 (0.086487)  NNZ: 5 (6)  Ttime: 1.4174 Vtime: 0.0513
Step: 25500000  Loss: 0.113486 Regul: 0.009741 Obj: 0.123228 (0.086487)  NNZ: 5 (6)  Ttime: 1.4146 Vtime: 0.0518
Step: 25600000  Loss: 0.120894 Regul: 0.012598 Obj: 0.133492 (0.086487)  NNZ: 5 (6)  Ttime: 1.4118 Vtime: 0.0520
Step: 25700000  Loss: 0.115153 Regul: 0.011038 Obj: 0.126190 (0.086487)  NNZ: 6 (6)  Ttime: 1.4115 Vtime: 0.0518
Step: 25800000  Loss: 0.112093 Regul: 0.013755 Obj: 0.125848 (0.086487)  NNZ: 8 (6)  Ttime: 1.4103 Vtime: 0.0515
Step: 25900000  Loss: 0.106359 Regul: 0.015366 Obj: 0.121725 (0.086487)  NNZ: 9 (6)  Ttime: 1.4117 Vtime: 0.0520
Step: 26000000  Loss: 0.120843 Regul: 0.017271 Obj: 0.138114 (0.086487)  NNZ: 8 (6)  Ttime: 1.4152 Vtime: 0.0514
Step: 26100000  Loss: 0.112738 Regul: 0.014766 Obj: 0.127503 (0.086487)  NNZ: 6 (6)  Ttime: 1.4176 Vtime: 0.0510
Step: 26200000  Loss: 0.149707 Regul: 0.020742 Obj: 0.170449 (0.086487)  NNZ: 7 (6)  Ttime: 1.4072 Vtime: 0.0512
Step: 26300000  Loss: 0.138638 Regul: 0.019988 Obj: 0.158625 (0.086487)  NNZ: 8 (6)  Ttime: 1.4103 Vtime: 0.0517
Step: 26400000  Loss: 0.124390 Regul: 0.004395 Obj: 0.128784 (0.086487)  NNZ: 2 (6)  Ttime: 1.4148 Vtime: 0.0517
Step: 26500000  Loss: 0.106895 Regul: 0.007500 Obj: 0.114395 (0.086487)  NNZ: 4 (6)  Ttime: 1.4100 Vtime: 0.0509
Step: 26600000  Loss: 0.088089 Regul: 0.006394 Obj: 0.094483 (0.086487)  NNZ: 5 (6)  Ttime: 1.4148 Vtime: 0.0520
Step: 26700000  Loss: 0.091939 Regul: 0.009521 Obj: 0.101461 (0.086487)  NNZ: 7 (6)  Ttime: 1.4077 Vtime: 0.0515
Step: 26800000  Loss: 0.164410 Regul: 0.025759 Obj: 0.190169 (0.086487)  NNZ: 13 (6)  Ttime: 1.4093 Vtime: 0.0515
Step: 26900000  Loss: 0.109724 Regul: 0.011946 Obj: 0.121669 (0.086487)  NNZ: 6 (6)  Ttime: 1.4146 Vtime: 0.0513
Step: 27000000  Loss: 0.129816 Regul: 0.010049 Obj: 0.139865 (0.086487)  NNZ: 6 (6)  Ttime: 1.4130 Vtime: 0.0520
Step: 27100000  Loss: 0.134612 Regul: 0.016545 Obj: 0.151158 (0.086487)  NNZ: 12 (6)  Ttime: 1.4136 Vtime: 0.0518
Step: 27200000  Loss: 0.198378 Regul: 0.023811 Obj: 0.222189 (0.086487)  NNZ: 12 (6)  Ttime: 1.4139 Vtime: 0.0520
Step: 27300000  Loss: 0.141188 Regul: 0.021321 Obj: 0.162509 (0.086487)  NNZ: 10 (6)  Ttime: 1.4063 Vtime: 0.0515
Step: 27400000  Loss: 0.092884 Regul: 0.008936 Obj: 0.101820 (0.086487)  NNZ: 6 (6)  Ttime: 1.4189 Vtime: 0.0521
Step: 27500000  Loss: 0.126078 Regul: 0.010393 Obj: 0.136471 (0.086487)  NNZ: 7 (6)  Ttime: 1.4098 Vtime: 0.0517
Step: 27600000  Loss: 0.110649 Regul: 0.013462 Obj: 0.124111 (0.086487)  NNZ: 10 (6)  Ttime: 1.4116 Vtime: 0.0519
Step: 27700000  Loss: 0.132488 Regul: 0.020479 Obj: 0.152966 (0.086487)  NNZ: 9 (6)  Ttime: 1.4091 Vtime: 0.0510
Step: 27800000  Loss: 0.144167 Regul: 0.015930 Obj: 0.160097 (0.086487)  NNZ: 8 (6)  Ttime: 1.4058 Vtime: 0.0509
Step: 27900000  Loss: 0.091112 Regul: 0.004475 Obj: 0.095587 (0.086487)  NNZ: 3 (6)  Ttime: 1.4103 Vtime: 0.0517
Step: 28000000  Loss: 0.094772 Regul: 0.007163 Obj: 0.101935 (0.086487)  NNZ: 3 (6)  Ttime: 1.4176 Vtime: 0.0522
Step: 28100000  Loss: 0.115601 Regul: 0.015820 Obj: 0.131421 (0.086487)  NNZ: 10 (6)  Ttime: 1.4276 Vtime: 0.0513
Step: 28200000  Loss: 0.169186 Regul: 0.018186 Obj: 0.187373 (0.086487)  NNZ: 7 (6)  Ttime: 1.4070 Vtime: 0.0511
Step: 28300000  Loss: 0.242686 Regul: 0.006658 Obj: 0.249344 (0.086487)  NNZ: 3 (6)  Ttime: 1.4080 Vtime: 0.0510
Step: 28400000  Loss: 0.103407 Regul: 0.007097 Obj: 0.110504 (0.086487)  NNZ: 4 (6)  Ttime: 1.4106 Vtime: 0.0518
Step: 28500000  Loss: 0.097478 Regul: 0.010942 Obj: 0.108420 (0.086487)  NNZ: 6 (6)  Ttime: 1.4096 Vtime: 0.0516
Step: 28600000  Loss: 0.123640 Regul: 0.019160 Obj: 0.142800 (0.086487)  NNZ: 9 (6)  Ttime: 1.4175 Vtime: 0.0516
Step: 28700000  Loss: 0.111298 Regul: 0.012664 Obj: 0.123961 (0.086487)  NNZ: 7 (6)  Ttime: 1.4170 Vtime: 0.0510
Step: 28800000  Loss: 0.098203 Regul: 0.007251 Obj: 0.105454 (0.086487)  NNZ: 6 (6)  Ttime: 1.4160 Vtime: 0.0514
Step: 28900000  Loss: 0.193094 Regul: 0.034431 Obj: 0.227525 (0.086487)  NNZ: 10 (6)  Ttime: 1.4100 Vtime: 0.0516
Step: 29000000  Loss: 0.157988 Regul: 0.019570 Obj: 0.177559 (0.086487)  NNZ: 7 (6)  Ttime: 1.4078 Vtime: 0.0513
Step: 29100000  Loss: 0.094970 Regul: 0.012048 Obj: 0.107018 (0.086487)  NNZ: 8 (6)  Ttime: 1.4089 Vtime: 0.0517
Step: 29200000  Loss: 0.135283 Regul: 0.018230 Obj: 0.153513 (0.086487)  NNZ: 10 (6)  Ttime: 1.4206 Vtime: 0.0521
Step: 29300000  Loss: 0.175074 Regul: 0.016912 Obj: 0.191985 (0.086487)  NNZ: 6 (6)  Ttime: 1.4077 Vtime: 0.0520
Step: 29400000  Loss: 0.090817 Regul: 0.010957 Obj: 0.101774 (0.086487)  NNZ: 7 (6)  Ttime: 1.4072 Vtime: 0.0516
Step: 29500000  Loss: 0.109373 Regul: 0.013616 Obj: 0.122989 (0.086487)  NNZ: 9 (6)  Ttime: 1.4105 Vtime: 0.0519
Step: 29600000  Loss: 0.098315 Regul: 0.006833 Obj: 0.105149 (0.086487)  NNZ: 6 (6)  Ttime: 1.4151 Vtime: 0.0512
Step: 29700000  Loss: 0.122812 Regul: 0.013396 Obj: 0.136208 (0.086487)  NNZ: 8 (6)  Ttime: 1.4122 Vtime: 0.0514
Step: 29800000  Loss: 0.140521 Regul: 0.021152 Obj: 0.161673 (0.086487)  NNZ: 13 (6)  Ttime: 1.4175 Vtime: 0.0515
Step: 29900000  Loss: 0.089972 Regul: 0.006555 Obj: 0.096527 (0.086487)  NNZ: 4 (6)  Ttime: 1.4079 Vtime: 0.0506
Step: 30000000  Loss: 0.167501 Regul: 0.016714 Obj: 0.184215 (0.086487)  NNZ: 9 (6)  Ttime: 1.4113 Vtime: 0.0515
Step: 30100000  Loss: 0.109743 Regul: 0.012429 Obj: 0.122172 (0.086487)  NNZ: 10 (6)  Ttime: 1.4080 Vtime: 0.0511
Step: 30200000  Loss: 0.094412 Regul: 0.008540 Obj: 0.102952 (0.086487)  NNZ: 6 (6)  Ttime: 1.4095 Vtime: 0.0520
Step: 30300000  Loss: 0.128538 Regul: 0.011616 Obj: 0.140154 (0.086487)  NNZ: 4 (6)  Ttime: 1.4247 Vtime: 0.0510
Step: 30400000  Loss: 0.219806 Regul: 0.017036 Obj: 0.236842 (0.086487)  NNZ: 7 (6)  Ttime: 1.4071 Vtime: 0.0522
Step: 30500000  Loss: 0.108915 Regul: 0.010312 Obj: 0.119227 (0.086487)  NNZ: 6 (6)  Ttime: 1.4091 Vtime: 0.0521
Step: 30600000  Loss: 0.130432 Regul: 0.015146 Obj: 0.145578 (0.086487)  NNZ: 10 (6)  Ttime: 1.4097 Vtime: 0.0514
Step: 30700000  Loss: 0.083373 Regul: 0.006599 Obj: 0.089973 (0.086487)  NNZ: 8 (6)  Ttime: 1.4179 Vtime: 0.0515
Step: 30800000  Loss: 0.127748 Regul: 0.004438 Obj: 0.132186 (0.086487)  NNZ: 4 (6)  Ttime: 1.4079 Vtime: 0.0512
Step: 30900000  Loss: 0.129414 Regul: 0.012283 Obj: 0.141697 (0.086487)  NNZ: 8 (6)  Ttime: 1.4116 Vtime: 0.0524
Step: 31000000  Loss: 0.149753 Regul: 0.028879 Obj: 0.178632 (0.086487)  NNZ: 12 (6)  Ttime: 1.4127 Vtime: 0.0506
Step: 31100000  Loss: 0.128472 Regul: 0.018062 Obj: 0.146533 (0.086487)  NNZ: 11 (6)  Ttime: 1.4073 Vtime: 0.0521
Step: 31200000  Loss: 0.087529 Regul: 0.008298 Obj: 0.095827 (0.086487)  NNZ: 5 (6)  Ttime: 1.4203 Vtime: 0.0516
Step: 31300000  Loss: 0.099960 Regul: 0.007493 Obj: 0.107453 (0.086487)  NNZ: 5 (6)  Ttime: 1.4506 Vtime: 0.0518
Step: 31400000  Loss: 0.125097 Regul: 0.012795 Obj: 0.137892 (0.086487)  NNZ: 7 (6)  Ttime: 1.4115 Vtime: 0.0521
Step: 31500000  Loss: 0.103783 Regul: 0.013044 Obj: 0.116827 (0.086487)  NNZ: 9 (6)  Ttime: 1.4485 Vtime: 0.0518
Step: 31600000  Loss: 0.144888 Regul: 0.008130 Obj: 0.153018 (0.086487)  NNZ: 8 (6)  Ttime: 1.4109 Vtime: 0.0514
Step: 31700000  Loss: 0.095703 Regul: 0.007544 Obj: 0.103247 (0.086487)  NNZ: 8 (6)  Ttime: 1.4110 Vtime: 0.0516
Step: 31800000  Loss: 0.125888 Regul: 0.019893 Obj: 0.145780 (0.086487)  NNZ: 10 (6)  Ttime: 1.4092 Vtime: 0.0515
Step: 31900000  Loss: 0.115444 Regul: 0.011360 Obj: 0.126804 (0.086487)  NNZ: 11 (6)  Ttime: 1.4080 Vtime: 0.0510
Step: 32000000  Loss: 0.115505 Regul: 0.008635 Obj: 0.124140 (0.086487)  NNZ: 8 (6)  Ttime: 1.4124 Vtime: 0.0523
Step: 32100000  Loss: 0.116717 Regul: 0.016897 Obj: 0.133614 (0.086487)  NNZ: 9 (6)  Ttime: 1.4120 Vtime: 0.0516
Step: 32200000  Loss: 0.109861 Regul: 0.013513 Obj: 0.123374 (0.086487)  NNZ: 7 (6)  Ttime: 1.4108 Vtime: 0.0514
Step: 32300000  Loss: 0.104419 Regul: 0.006724 Obj: 0.111142 (0.086487)  NNZ: 4 (6)  Ttime: 1.4057 Vtime: 0.0514
Step: 32400000  Loss: 0.163978 Regul: 0.019563 Obj: 0.183541 (0.086487)  NNZ: 10 (6)  Ttime: 1.4157 Vtime: 0.0510
Step: 32500000  Loss: 0.175412 Regul: 0.019731 Obj: 0.195143 (0.086487)  NNZ: 8 (6)  Ttime: 1.4304 Vtime: 0.0509
Step: 32600000  Loss: 0.157381 Regul: 0.020222 Obj: 0.177604 (0.086487)  NNZ: 9 (6)  Ttime: 1.4058 Vtime: 0.0511
Step: 32700000  Loss: 0.115338 Regul: 0.015586 Obj: 0.130924 (0.086487)  NNZ: 9 (6)  Ttime: 1.4089 Vtime: 0.0508
Step: 32800000  Loss: 0.137771 Regul: 0.017849 Obj: 0.155620 (0.086487)  NNZ: 6 (6)  Ttime: 1.4078 Vtime: 0.0515
Step: 32900000  Loss: 0.253894 Regul: 0.006965 Obj: 0.260859 (0.086487)  NNZ: 5 (6)  Ttime: 1.4148 Vtime: 0.0516
Step: 33000000  Loss: 0.107617 Regul: 0.011836 Obj: 0.119453 (0.086487)  NNZ: 8 (6)  Ttime: 1.4089 Vtime: 0.0519
Step: 33100000  Loss: 0.092531 Regul: 0.007017 Obj: 0.099548 (0.086487)  NNZ: 6 (6)  Ttime: 1.4074 Vtime: 0.0511
Step: 33200000  Loss: 0.165213 Regul: 0.010063 Obj: 0.175276 (0.086487)  NNZ: 5 (6)  Ttime: 1.4171 Vtime: 0.0512
Step: 33300000  Loss: 0.132315 Regul: 0.009771 Obj: 0.142085 (0.086487)  NNZ: 6 (6)  Ttime: 1.4185 Vtime: 0.0511
Step: 33400000  Loss: 0.099437 Regul: 0.011213 Obj: 0.110651 (0.086487)  NNZ: 7 (6)  Ttime: 1.4121 Vtime: 0.0519
Step: 33500000  Loss: 0.153490 Regul: 0.020244 Obj: 0.173734 (0.086487)  NNZ: 9 (6)  Ttime: 1.4154 Vtime: 0.0520
Step: 33600000  Loss: 0.104793 Regul: 0.014143 Obj: 0.118936 (0.086487)  NNZ: 8 (6)  Ttime: 1.4177 Vtime: 0.0511
Step: 33700000  Loss: 0.182673 Regul: 0.033845 Obj: 0.216518 (0.086487)  NNZ: 13 (6)  Ttime: 1.4113 Vtime: 0.0518
Step: 33800000  Loss: 0.093495 Regul: 0.013418 Obj: 0.106913 (0.086487)  NNZ: 7 (6)  Ttime: 1.4117 Vtime: 0.0518
Step: 33900000  Loss: 0.280254 Regul: 0.041169 Obj: 0.321423 (0.086487)  NNZ: 16 (6)  Ttime: 1.4092 Vtime: 0.0520
Step: 34000000  Loss: 0.125810 Regul: 0.014736 Obj: 0.140546 (0.086487)  NNZ: 7 (6)  Ttime: 1.4074 Vtime: 0.0522
Step: 34100000  Loss: 0.161626 Regul: 0.026873 Obj: 0.188498 (0.086487)  NNZ: 11 (6)  Ttime: 1.4071 Vtime: 0.0514
Step: 34200000  Loss: 0.154584 Regul: 0.022214 Obj: 0.176798 (0.086487)  NNZ: 10 (6)  Ttime: 1.4077 Vtime: 0.0516
Step: 34300000  Loss: 0.125269 Regul: 0.018582 Obj: 0.143851 (0.086487)  NNZ: 10 (6)  Ttime: 1.4086 Vtime: 0.0511
Step: 34400000  Loss: 0.128976 Regul: 0.014121 Obj: 0.143097 (0.086487)  NNZ: 8 (6)  Ttime: 1.4066 Vtime: 0.0515
Step: 34500000  Loss: 0.112205 Regul: 0.012905 Obj: 0.125111 (0.086487)  NNZ: 10 (6)  Ttime: 1.4096 Vtime: 0.0513
Step: 34600000  Loss: 0.127025 Regul: 0.013843 Obj: 0.140867 (0.086487)  NNZ: 5 (6)  Ttime: 1.4156 Vtime: 0.0510
Step: 34700000  Loss: 0.207963 Regul: 0.019775 Obj: 0.227738 (0.086487)  NNZ: 9 (6)  Ttime: 1.4084 Vtime: 0.0512
Step: 34800000  Loss: 0.154020 Regul: 0.016729 Obj: 0.170748 (0.086487)  NNZ: 7 (6)  Ttime: 1.4076 Vtime: 0.0516
Step: 34900000  Loss: 0.114201 Regul: 0.015601 Obj: 0.129802 (0.086487)  NNZ: 6 (6)  Ttime: 1.4092 Vtime: 0.0515
Step: 35000000  Loss: 0.114219 Regul: 0.014348 Obj: 0.128567 (0.086487)  NNZ: 6 (6)  Ttime: 1.4058 Vtime: 0.0510
Step: 35100000  Loss: 0.103533 Regul: 0.011016 Obj: 0.114549 (0.086487)  NNZ: 5 (6)  Ttime: 1.4127 Vtime: 0.0509
Step: 35200000  Loss: 0.127822 Regul: 0.023071 Obj: 0.150894 (0.086487)  NNZ: 12 (6)  Ttime: 1.4053 Vtime: 0.0519
Step: 35300000  Loss: 0.096570 Regul: 0.009749 Obj: 0.106318 (0.086487)  NNZ: 5 (6)  Ttime: 1.4072 Vtime: 0.0514
Step: 35400000  Loss: 0.142663 Regul: 0.019109 Obj: 0.161772 (0.086487)  NNZ: 10 (6)  Ttime: 1.4165 Vtime: 0.0515
Step: 35500000  Loss: 0.165056 Regul: 0.028967 Obj: 0.194024 (0.086487)  NNZ: 11 (6)  Ttime: 1.4081 Vtime: 0.0515
Step: 35600000  Loss: 0.161579 Regul: 0.021863 Obj: 0.183442 (0.086487)  NNZ: 11 (6)  Ttime: 1.4108 Vtime: 0.0519
Step: 35700000  Loss: 0.105769 Regul: 0.013264 Obj: 0.119033 (0.086487)  NNZ: 9 (6)  Ttime: 1.4092 Vtime: 0.0522
Step: 35800000  Loss: 0.130803 Regul: 0.017717 Obj: 0.148520 (0.086487)  NNZ: 12 (6)  Ttime: 1.4245 Vtime: 0.0513
Step: 35900000  Loss: 0.120118 Regul: 0.014026 Obj: 0.134144 (0.086487)  NNZ: 9 (6)  Ttime: 1.4083 Vtime: 0.0524
Step: 36000000  Loss: 0.176212 Regul: 0.030959 Obj: 0.207171 (0.086487)  NNZ: 12 (6)  Ttime: 1.4127 Vtime: 0.0515
Step: 36100000  Loss: 0.105618 Regul: 0.013447 Obj: 0.119066 (0.086487)  NNZ: 10 (6)  Ttime: 1.4109 Vtime: 0.0512
Step: 36200000  Loss: 0.167123 Regul: 0.008782 Obj: 0.175905 (0.086487)  NNZ: 4 (6)  Ttime: 1.4105 Vtime: 0.0518
Step: 36300000  Loss: 0.197222 Regul: 0.009126 Obj: 0.206348 (0.086487)  NNZ: 4 (6)  Ttime: 1.4092 Vtime: 0.0516
Step: 36400000  Loss: 0.148577 Regul: 0.020815 Obj: 0.169393 (0.086487)  NNZ: 10 (6)  Ttime: 1.4082 Vtime: 0.0512
Step: 36500000  Loss: 0.088460 Regul: 0.009368 Obj: 0.097828 (0.086487)  NNZ: 8 (6)  Ttime: 1.4193 Vtime: 0.0516
Step: 36600000  Loss: 0.145142 Regul: 0.024031 Obj: 0.169173 (0.086487)  NNZ: 10 (6)  Ttime: 1.4090 Vtime: 0.0513
Step: 36700000  Loss: 0.110108 Regul: 0.012224 Obj: 0.122332 (0.086487)  NNZ: 6 (6)  Ttime: 1.4060 Vtime: 0.0506
Step: 36800000  Loss: 0.348670 Regul: 0.041675 Obj: 0.390345 (0.086487)  NNZ: 14 (6)  Ttime: 1.4075 Vtime: 0.0506
Step: 36900000  Loss: 0.168748 Regul: 0.023511 Obj: 0.192259 (0.086487)  NNZ: 12 (6)  Ttime: 1.4158 Vtime: 0.0519
Step: 37000000  Loss: 0.088732 Regul: 0.006555 Obj: 0.095287 (0.086487)  NNZ: 5 (6)  Ttime: 1.4074 Vtime: 0.0518
Step: 37100000  Loss: 0.119473 Regul: 0.015630 Obj: 0.135103 (0.086487)  NNZ: 12 (6)  Ttime: 1.4142 Vtime: 0.0510
Step: 37200000  Loss: 0.150272 Regul: 0.029370 Obj: 0.179643 (0.086487)  NNZ: 14 (6)  Ttime: 1.4095 Vtime: 0.0512
Step: 37300000  Loss: 0.114846 Regul: 0.016956 Obj: 0.131802 (0.086487)  NNZ: 10 (6)  Ttime: 1.4085 Vtime: 0.0520
Step: 37400000  Loss: 0.159037 Regul: 0.019600 Obj: 0.178637 (0.086487)  NNZ: 9 (6)  Ttime: 1.4075 Vtime: 0.0514
Step: 37500000  Loss: 0.112529 Regul: 0.016296 Obj: 0.128825 (0.086487)  NNZ: 10 (6)  Ttime: 1.4079 Vtime: 0.0516
Step: 37600000  Loss: 0.134693 Regul: 0.023035 Obj: 0.157727 (0.086487)  NNZ: 11 (6)  Ttime: 1.4212 Vtime: 0.0511
Step: 37700000  Loss: 0.116504 Regul: 0.017498 Obj: 0.134001 (0.086487)  NNZ: 10 (6)  Ttime: 1.4084 Vtime: 0.0511
Step: 37800000  Loss: 0.298425 Regul: 0.055276 Obj: 0.353701 (0.086487)  NNZ: 19 (6)  Ttime: 1.4068 Vtime: 0.0514
Step: 37900000  Loss: 0.220803 Regul: 0.028521 Obj: 0.249324 (0.086487)  NNZ: 14 (6)  Ttime: 1.4074 Vtime: 0.0514
Step: 38000000  Loss: 0.146932 Regul: 0.019673 Obj: 0.166605 (0.086487)  NNZ: 11 (6)  Ttime: 1.4090 Vtime: 0.0523
Step: 38100000  Loss: 0.147941 Regul: 0.018845 Obj: 0.166786 (0.086487)  NNZ: 10 (6)  Ttime: 1.4074 Vtime: 0.0516
Step: 38200000  Loss: 0.250464 Regul: 0.011008 Obj: 0.261473 (0.086487)  NNZ: 4 (6)  Ttime: 1.4121 Vtime: 0.0519
Step: 38300000  Loss: 0.110730 Regul: 0.017476 Obj: 0.128206 (0.086487)  NNZ: 10 (6)  Ttime: 1.4079 Vtime: 0.0515
Step: 38400000  Loss: 0.085931 Regul: 0.004219 Obj: 0.090149 (0.086487)  NNZ: 4 (6)  Ttime: 1.4184 Vtime: 0.0513
Step: 38500000  Loss: 0.148699 Regul: 0.020229 Obj: 0.168928 (0.086487)  NNZ: 12 (6)  Ttime: 1.4063 Vtime: 0.0518
Step: 38600000  Loss: 0.169782 Regul: 0.029290 Obj: 0.199072 (0.086487)  NNZ: 10 (6)  Ttime: 1.4068 Vtime: 0.0514
Step: 38700000  Loss: 0.100309 Regul: 0.014238 Obj: 0.114547 (0.086487)  NNZ: 12 (6)  Ttime: 1.4109 Vtime: 0.0517
Step: 38800000  Loss: 0.131794 Regul: 0.021409 Obj: 0.153202 (0.086487)  NNZ: 13 (6)  Ttime: 1.4126 Vtime: 0.0521
Step: 38900000  Loss: 0.107250 Regul: 0.011858 Obj: 0.119108 (0.086487)  NNZ: 7 (6)  Ttime: 1.4068 Vtime: 0.0515
Step: 39000000  Loss: 0.145049 Regul: 0.022815 Obj: 0.167864 (0.086487)  NNZ: 10 (6)  Ttime: 1.4182 Vtime: 0.0520
Step: 39100000  Loss: 0.153281 Regul: 0.026536 Obj: 0.179817 (0.086487)  NNZ: 13 (6)  Ttime: 1.4328 Vtime: 0.0519
Step: 39200000  Loss: 0.132721 Regul: 0.018135 Obj: 0.150856 (0.086487)  NNZ: 8 (6)  Ttime: 1.4161 Vtime: 0.0522
Step: 39300000  Loss: 0.163107 Regul: 0.028696 Obj: 0.191803 (0.086487)  NNZ: 14 (6)  Ttime: 1.4148 Vtime: 0.0520
Step: 39400000  Loss: 0.122506 Regul: 0.010430 Obj: 0.132936 (0.086487)  NNZ: 4 (6)  Ttime: 1.4076 Vtime: 0.0517
Step: 39500000  Loss: 0.151756 Regul: 0.025496 Obj: 0.177252 (0.086487)  NNZ: 12 (6)  Ttime: 1.4081 Vtime: 0.0520
Step: 39600000  Loss: 0.089542 Regul: 0.008503 Obj: 0.098046 (0.086487)  NNZ: 4 (6)  Ttime: 1.4019 Vtime: 0.0520
Step: 39700000  Loss: 0.129782 Regul: 0.014890 Obj: 0.144672 (0.086487)  NNZ: 9 (6)  Ttime: 1.4106 Vtime: 0.0514
Step: 39800000  Loss: 0.124886 Regul: 0.010693 Obj: 0.135580 (0.086487)  NNZ: 6 (6)  Ttime: 1.4151 Vtime: 0.0517
Step: 39900000  Loss: 0.117694 Regul: 0.012883 Obj: 0.130577 (0.086487)  NNZ: 6 (6)  Ttime: 1.4054 Vtime: 0.0511
Step: 40000000  Loss: 0.191351 Regul: 0.017490 Obj: 0.208841 (0.086487)  NNZ: 8 (6)  Ttime: 1.4153 Vtime: 0.0516
Step: 40100000  Loss: 0.138182 Regul: 0.024302 Obj: 0.162484 (0.086487)  NNZ: 10 (6)  Ttime: 1.4141 Vtime: 0.0515
Step: 40200000  Loss: 0.112383 Regul: 0.015022 Obj: 0.127405 (0.086487)  NNZ: 9 (6)  Ttime: 1.4295 Vtime: 0.0515
Step: 40300000  Loss: 0.114438 Regul: 0.016289 Obj: 0.130727 (0.086487)  NNZ: 8 (6)  Ttime: 1.4086 Vtime: 0.0518
Step: 40400000  Loss: 0.205078 Regul: 0.043477 Obj: 0.248555 (0.086487)  NNZ: 19 (6)  Ttime: 1.4077 Vtime: 0.0517
Step: 40500000  Loss: 0.112882 Regul: 0.012451 Obj: 0.125333 (0.086487)  NNZ: 9 (6)  Ttime: 1.4081 Vtime: 0.0512
Step: 40600000  Loss: 0.136520 Regul: 0.008774 Obj: 0.145295 (0.086487)  NNZ: 6 (6)  Ttime: 1.4088 Vtime: 0.0519
Step: 40700000  Loss: 0.109388 Regul: 0.016055 Obj: 0.125443 (0.086487)  NNZ: 10 (6)  Ttime: 1.4160 Vtime: 0.0513
Step: 40800000  Loss: 0.147473 Regul: 0.025283 Obj: 0.172756 (0.086487)  NNZ: 14 (6)  Ttime: 1.4159 Vtime: 0.0515
Step: 40900000  Loss: 0.127856 Regul: 0.014656 Obj: 0.142511 (0.086487)  NNZ: 8 (6)  Ttime: 1.4126 Vtime: 0.0517
Step: 41000000  Loss: 0.113928 Regul: 0.019255 Obj: 0.133183 (0.086487)  NNZ: 9 (6)  Ttime: 1.4183 Vtime: 0.0516
Step: 41100000  Loss: 0.144645 Regul: 0.015469 Obj: 0.160114 (0.086487)  NNZ: 11 (6)  Ttime: 1.4087 Vtime: 0.0523
Step: 41200000  Loss: 0.172563 Regul: 0.029575 Obj: 0.202138 (0.086487)  NNZ: 11 (6)  Ttime: 1.4152 Vtime: 0.0521
Step: 41300000  Loss: 0.227492 Regul: 0.029136 Obj: 0.256627 (0.086487)  NNZ: 13 (6)  Ttime: 1.4224 Vtime: 0.0517
Step: 41400000  Loss: 0.095863 Regul: 0.008577 Obj: 0.104440 (0.086487)  NNZ: 6 (6)  Ttime: 1.4125 Vtime: 0.0520
Step: 41500000  Loss: 0.120727 Regul: 0.010540 Obj: 0.131267 (0.086487)  NNZ: 6 (6)  Ttime: 1.4084 Vtime: 0.0514
Step: 41600000  Loss: 0.174085 Regul: 0.029106 Obj: 0.203192 (0.086487)  NNZ: 11 (6)  Ttime: 1.4056 Vtime: 0.0518
Step: 41700000  Loss: 0.128342 Regul: 0.015703 Obj: 0.144045 (0.086487)  NNZ: 7 (6)  Ttime: 1.4104 Vtime: 0.0509
Step: 41800000  Loss: 0.150269 Regul: 0.023005 Obj: 0.173275 (0.086487)  NNZ: 11 (6)  Ttime: 1.4170 Vtime: 0.0517
Step: 41900000  Loss: 0.126892 Regul: 0.015044 Obj: 0.141936 (0.086487)  NNZ: 7 (6)  Ttime: 1.4141 Vtime: 0.0509
Step: 42000000  Loss: 0.101470 Regul: 0.006599 Obj: 0.108069 (0.086487)  NNZ: 5 (6)  Ttime: 1.4702 Vtime: 0.0517
Step: 42100000  Loss: 0.086835 Regul: 0.005969 Obj: 0.092804 (0.086487)  NNZ: 5 (6)  Ttime: 1.4037 Vtime: 0.0522
Step: 42200000  Loss: 0.142678 Regul: 0.016853 Obj: 0.159531 (0.086487)  NNZ: 8 (6)  Ttime: 1.4039 Vtime: 0.0518
Step: 42300000  Loss: 0.159998 Regul: 0.029531 Obj: 0.189529 (0.086487)  NNZ: 12 (6)  Ttime: 1.4049 Vtime: 0.0512
Step: 42400000  Loss: 0.139915 Regul: 0.019080 Obj: 0.158994 (0.086487)  NNZ: 13 (6)  Ttime: 1.4032 Vtime: 0.0517
Step: 42500000  Loss: 0.200125 Regul: 0.004351 Obj: 0.204475 (0.086487)  NNZ: 5 (6)  Ttime: 1.4051 Vtime: 0.0508
Step: 42600000  Loss: 0.113614 Regul: 0.017102 Obj: 0.130716 (0.086487)  NNZ: 8 (6)  Ttime: 1.4042 Vtime: 0.0511
Step: 42700000  Loss: 0.350319 Regul: 0.020640 Obj: 0.370959 (0.086487)  NNZ: 7 (6)  Ttime: 1.4060 Vtime: 0.0512
Step: 42800000  Loss: 0.217404 Regul: 0.022083 Obj: 0.239486 (0.086487)  NNZ: 12 (6)  Ttime: 1.4011 Vtime: 0.0522
Step: 42900000  Loss: 0.111504 Regul: 0.016135 Obj: 0.127639 (0.086487)  NNZ: 10 (6)  Ttime: 1.3981 Vtime: 0.0517
Step: 43000000  Loss: 0.115857 Regul: 0.017637 Obj: 0.133494 (0.086487)  NNZ: 11 (6)  Ttime: 1.4055 Vtime: 0.0512
Step: 43100000  Loss: 0.148314 Regul: 0.019468 Obj: 0.167781 (0.086487)  NNZ: 13 (6)  Ttime: 1.4027 Vtime: 0.0513
Step: 43200000  Loss: 0.246686 Regul: 0.017322 Obj: 0.264008 (0.086487)  NNZ: 11 (6)  Ttime: 1.3999 Vtime: 0.0522
Step: 43300000  Loss: 0.219842 Regul: 0.039287 Obj: 0.259129 (0.086487)  NNZ: 16 (6)  Ttime: 1.4057 Vtime: 0.0517
Step: 43400000  Loss: 0.086322 Regul: 0.011770 Obj: 0.098092 (0.086487)  NNZ: 11 (6)  Ttime: 1.3995 Vtime: 0.0508
Step: 43500000  Loss: 0.130673 Regul: 0.017344 Obj: 0.148017 (0.086487)  NNZ: 11 (6)  Ttime: 1.4040 Vtime: 0.0516
Step: 43600000  Loss: 0.161192 Regul: 0.022009 Obj: 0.183201 (0.086487)  NNZ: 12 (6)  Ttime: 1.4046 Vtime: 0.0514
Step: 43700000  Loss: 0.086089 Regul: 0.009954 Obj: 0.096042 (0.086487)  NNZ: 7 (6)  Ttime: 1.4017 Vtime: 0.0521
Step: 43800000  Loss: 0.104944 Regul: 0.010510 Obj: 0.115454 (0.086487)  NNZ: 5 (6)  Ttime: 1.4104 Vtime: 0.0509
Step: 43900000  Loss: 0.125185 Regul: 0.017952 Obj: 0.143137 (0.086487)  NNZ: 9 (6)  Ttime: 1.4131 Vtime: 0.0514
Step: 44000000  Loss: 0.152608 Regul: 0.021760 Obj: 0.174368 (0.086487)  NNZ: 9 (6)  Ttime: 1.4099 Vtime: 0.0521
Step: 44100000  Loss: 0.146793 Regul: 0.027861 Obj: 0.174654 (0.086487)  NNZ: 13 (6)  Ttime: 1.4048 Vtime: 0.0510
Step: 44200000  Loss: 0.181900 Regul: 0.010503 Obj: 0.192403 (0.086487)  NNZ: 7 (6)  Ttime: 1.4068 Vtime: 0.0511
Step: 44300000  Loss: 0.117425 Regul: 0.016860 Obj: 0.134285 (0.086487)  NNZ: 10 (6)  Ttime: 1.4014 Vtime: 0.0515
Step: 44400000  Loss: 0.150136 Regul: 0.023716 Obj: 0.173852 (0.086487)  NNZ: 15 (6)  Ttime: 1.4028 Vtime: 0.0518
Step: 44500000  Loss: 0.149785 Regul: 0.026565 Obj: 0.176350 (0.086487)  NNZ: 14 (6)  Ttime: 1.4062 Vtime: 0.0515
Step: 44600000  Loss: 0.135433 Regul: 0.017842 Obj: 0.153274 (0.086487)  NNZ: 7 (6)  Ttime: 1.4132 Vtime: 0.0507
Step: 44700000  Loss: 0.122973 Regul: 0.016230 Obj: 0.139203 (0.086487)  NNZ: 9 (6)  Ttime: 1.4010 Vtime: 0.0516
Step: 44800000  Loss: 0.121449 Regul: 0.014941 Obj: 0.136390 (0.086487)  NNZ: 6 (6)  Ttime: 1.3971 Vtime: 0.0510
Step: 44900000  Loss: 0.133260 Regul: 0.019951 Obj: 0.153212 (0.086487)  NNZ: 11 (6)  Ttime: 1.4032 Vtime: 0.0512
Step: 45000000  Loss: 0.110764 Regul: 0.015901 Obj: 0.126665 (0.086487)  NNZ: 8 (6)  Ttime: 1.4024 Vtime: 0.0513
Step: 45100000  Loss: 0.133001 Regul: 0.018062 Obj: 0.151063 (0.086487)  NNZ: 10 (6)  Ttime: 1.4033 Vtime: 0.0514
Step: 45200000  Loss: 0.113509 Regul: 0.018098 Obj: 0.131607 (0.086487)  NNZ: 13 (6)  Ttime: 1.4000 Vtime: 0.0516
Step: 45300000  Loss: 0.115457 Regul: 0.012898 Obj: 0.128355 (0.086487)  NNZ: 7 (6)  Ttime: 1.4021 Vtime: 0.0513
Step: 45400000  Loss: 0.115590 Regul: 0.018633 Obj: 0.134223 (0.086487)  NNZ: 13 (6)  Ttime: 1.4030 Vtime: 0.0511
Step: 45500000  Loss: 0.137179 Regul: 0.017212 Obj: 0.154391 (0.086487)  NNZ: 11 (6)  Ttime: 1.4060 Vtime: 0.0513
Step: 45600000  Loss: 0.124646 Regul: 0.015864 Obj: 0.140511 (0.086487)  NNZ: 8 (6)  Ttime: 1.4007 Vtime: 0.0510
Step: 45700000  Loss: 0.118332 Regul: 0.018208 Obj: 0.136540 (0.086487)  NNZ: 9 (6)  Ttime: 1.4074 Vtime: 0.0521
Step: 45800000  Loss: 0.191777 Regul: 0.021746 Obj: 0.213523 (0.086487)  NNZ: 13 (6)  Ttime: 1.4049 Vtime: 0.0512
Step: 45900000  Loss: 0.098896 Regul: 0.007668 Obj: 0.106564 (0.086487)  NNZ: 5 (6)  Ttime: 1.4085 Vtime: 0.0512
Step: 46000000  Loss: 0.091974 Regul: 0.007632 Obj: 0.099606 (0.086487)  NNZ: 6 (6)  Ttime: 1.4000 Vtime: 0.0518
Step: 46100000  Loss: 0.129066 Regul: 0.015007 Obj: 0.144073 (0.086487)  NNZ: 8 (6)  Ttime: 1.4015 Vtime: 0.0514
Step: 46200000  Loss: 0.139371 Regul: 0.023049 Obj: 0.162420 (0.086487)  NNZ: 11 (6)  Ttime: 1.4018 Vtime: 0.0518
Step: 46300000  Loss: 0.111109 Regul: 0.016113 Obj: 0.127222 (0.086487)  NNZ: 12 (6)  Ttime: 1.4094 Vtime: 0.0511
Step: 46400000  Loss: 0.136811 Regul: 0.014956 Obj: 0.151768 (0.086487)  NNZ: 8 (6)  Ttime: 1.4028 Vtime: 0.0516
Step: 46500000  Loss: 0.097633 Regul: 0.008335 Obj: 0.105968 (0.086487)  NNZ: 6 (6)  Ttime: 1.4032 Vtime: 0.0515
Step: 46600000  Loss: 0.144557 Regul: 0.012598 Obj: 0.157155 (0.086487)  NNZ: 8 (6)  Ttime: 1.3996 Vtime: 0.0515
Step: 46700000  Loss: 0.166694 Regul: 0.020603 Obj: 0.187297 (0.086487)  NNZ: 9 (6)  Ttime: 1.4059 Vtime: 0.0511
Step: 46800000  Loss: 0.156876 Regul: 0.026140 Obj: 0.183017 (0.086487)  NNZ: 10 (6)  Ttime: 1.4013 Vtime: 0.0520
Step: 46900000  Loss: 0.090622 Regul: 0.010671 Obj: 0.101293 (0.086487)  NNZ: 8 (6)  Ttime: 1.4032 Vtime: 0.0509
Step: 47000000  Loss: 0.194555 Regul: 0.022588 Obj: 0.217143 (0.086487)  NNZ: 13 (6)  Ttime: 1.4076 Vtime: 0.0513
Step: 47100000  Loss: 0.132888 Regul: 0.021145 Obj: 0.154033 (0.086487)  NNZ: 10 (6)  Ttime: 1.4219 Vtime: 0.0515
Step: 47200000  Loss: 0.081829 Regul: 0.009749 Obj: 0.091578 (0.086487)  NNZ: 10 (6)  Ttime: 1.3965 Vtime: 0.0519
Step: 47300000  Loss: 0.085302 Regul: 0.006621 Obj: 0.091923 (0.086487)  NNZ: 5 (6)  Ttime: 1.3977 Vtime: 0.0512
Step: 47400000  Loss: 0.141430 Regul: 0.017966 Obj: 0.159396 (0.086487)  NNZ: 9 (6)  Ttime: 1.4125 Vtime: 0.0515
Step: 47500000  Loss: 0.092101 Regul: 0.008408 Obj: 0.100509 (0.086487)  NNZ: 7 (6)  Ttime: 1.4028 Vtime: 0.0522
Step: 47600000  Loss: 0.107472 Regul: 0.008936 Obj: 0.116408 (0.086487)  NNZ: 7 (6)  Ttime: 1.4104 Vtime: 0.0519
Step: 47700000  Loss: 0.124992 Regul: 0.015168 Obj: 0.140160 (0.086487)  NNZ: 9 (6)  Ttime: 1.4089 Vtime: 0.0523
Step: 47800000  Loss: 0.123772 Regul: 0.003025 Obj: 0.126797 (0.086487)  NNZ: 5 (6)  Ttime: 1.4017 Vtime: 0.0510
Step: 47900000  Loss: 0.088765 Regul: 0.012129 Obj: 0.100894 (0.086487)  NNZ: 10 (6)  Ttime: 1.4042 Vtime: 0.0513
Step: 48000000  Loss: 0.124019 Regul: 0.016824 Obj: 0.140842 (0.086487)  NNZ: 9 (6)  Ttime: 1.4127 Vtime: 0.0512
Step: 48100000  Loss: 0.133177 Regul: 0.017402 Obj: 0.150579 (0.086487)  NNZ: 10 (6)  Ttime: 1.4093 Vtime: 0.0515
Step: 48200000  Loss: 0.166785 Regul: 0.030527 Obj: 0.197312 (0.086487)  NNZ: 13 (6)  Ttime: 1.4049 Vtime: 0.0520
Step: 48300000  Loss: 0.139263 Regul: 0.019336 Obj: 0.158599 (0.086487)  NNZ: 10 (6)  Ttime: 1.4037 Vtime: 0.0513
Step: 48400000  Loss: 0.098845 Regul: 0.009346 Obj: 0.108191 (0.086487)  NNZ: 8 (6)  Ttime: 1.4092 Vtime: 0.0515
Step: 48500000  Loss: 0.120714 Regul: 0.017864 Obj: 0.138578 (0.086487)  NNZ: 11 (6)  Ttime: 1.4032 Vtime: 0.0510
Step: 48600000  Loss: 0.134244 Regul: 0.010847 Obj: 0.145091 (0.086487)  NNZ: 6 (6)  Ttime: 1.4040 Vtime: 0.0515
Step: 48700000  Loss: 0.171325 Regul: 0.033896 Obj: 0.205221 (0.086487)  NNZ: 16 (6)  Ttime: 1.4075 Vtime: 0.0525
Step: 48800000  Loss: 0.107407 Regul: 0.013528 Obj: 0.120935 (0.086487)  NNZ: 7 (6)  Ttime: 1.4102 Vtime: 0.0517
Step: 48900000  Loss: 0.108788 Regul: 0.015645 Obj: 0.124432 (0.086487)  NNZ: 10 (6)  Ttime: 1.4028 Vtime: 0.0521
Step: 49000000  Loss: 0.105362 Regul: 0.010034 Obj: 0.115396 (0.086487)  NNZ: 8 (6)  Ttime: 1.4018 Vtime: 0.0520
Step: 49100000  Loss: 0.154931 Regul: 0.027847 Obj: 0.182778 (0.086487)  NNZ: 14 (6)  Ttime: 1.4105 Vtime: 0.0514
Step: 49200000  Loss: 0.099451 Regul: 0.013235 Obj: 0.112686 (0.086487)  NNZ: 8 (6)  Ttime: 1.4017 Vtime: 0.0520
Step: 49300000  Loss: 0.105052 Regul: 0.014927 Obj: 0.119979 (0.086487)  NNZ: 10 (6)  Ttime: 1.4096 Vtime: 0.0518
Step: 49400000  Loss: 0.146556 Regul: 0.021965 Obj: 0.168521 (0.086487)  NNZ: 9 (6)  Ttime: 1.3993 Vtime: 0.0521
Step: 49500000  Loss: 0.106242 Regul: 0.016230 Obj: 0.122472 (0.086487)  NNZ: 10 (6)  Ttime: 1.4026 Vtime: 0.0527
Step: 49600000  Loss: 0.133578 Regul: 0.023049 Obj: 0.156628 (0.086487)  NNZ: 12 (6)  Ttime: 1.4357 Vtime: 0.0519
Step: 49700000  Loss: 0.090177 Regul: 0.010554 Obj: 0.100731 (0.086487)  NNZ: 8 (6)  Ttime: 1.4066 Vtime: 0.0514
Step: 49800000  Loss: 0.119146 Regul: 0.017036 Obj: 0.136182 (0.086487)  NNZ: 8 (6)  Ttime: 1.4199 Vtime: 0.0512
Step: 49900000  Loss: 0.108665 Regul: 0.013989 Obj: 0.122654 (0.086487)  NNZ: 9 (6)  Ttime: 1.4134 Vtime: 0.0511
Step: 50000000  Loss: 0.118946 Regul: 0.012605 Obj: 0.131551 (0.086487)  NNZ: 8 (6)  Ttime: 1.4086 Vtime: 0.0530
