mu: 0.02 gamma: 0.25 nIters: 50000000
Load PRParams.
Load RingParams.
Load Labels: 500000
Load Distances: 500000 x 5120
0...10...20...30...40...50...60...70...80...90...100 - done.
Positive samples #250000
Negative samples #250000
Positive train #200000
Negative train #200000
Positive valid #50000
Negative valid #50000

Found GPU: GeForce GTX 970
Compute Capability: 5.2

Best: 100000  Loss: 0.156610 Regul: 0.015516 Obj: 0.172126 (0.172126)  NNZ: 13 (13)  Ttime: 1.4935 Vtime: 0.2107
Stat: nPR #72 (#104) Dim/MaxDim [576/640] AUC: 0.953239 FPR95: 30.28 [saved]
Step: 200000  Loss: 0.168115 Regul: 0.033049 Obj: 0.201165 (0.172126)  NNZ: 15 (13)  Ttime: 1.4340 Vtime: 0.0513
Best: 300000  Loss: 0.114764 Regul: 0.016666 Obj: 0.131431 (0.131431)  NNZ: 12 (12)  Ttime: 1.4646 Vtime: 0.0519
Stat: nPR #80 (#96) Dim/MaxDim [640/640] AUC: 0.964923 FPR95: 20.27 [saved]
Step: 400000  Loss: 0.117754 Regul: 0.019939 Obj: 0.137693 (0.131431)  NNZ: 17 (12)  Ttime: 1.4337 Vtime: 0.0517
Best: 500000  Loss: 0.081934 Regul: 0.013101 Obj: 0.095035 (0.095035)  NNZ: 8 (8)  Ttime: 1.4733 Vtime: 0.0509
Stat: nPR #52 (#64) Dim/MaxDim [416/640] AUC: 0.972543 FPR95: 14.89 [saved]
Best: 600000  Loss: 0.075347 Regul: 0.007159 Obj: 0.082506 (0.082506)  NNZ: 9 (9)  Ttime: 1.4721 Vtime: 0.0510
Stat: nPR #60 (#72) Dim/MaxDim [480/640] AUC: 0.970587 FPR95: 16.45 [saved]
Step: 700000  Loss: 0.089848 Regul: 0.011623 Obj: 0.101471 (0.082506)  NNZ: 12 (9)  Ttime: 1.4444 Vtime: 0.0511
Step: 800000  Loss: 0.110099 Regul: 0.016157 Obj: 0.126257 (0.082506)  NNZ: 12 (9)  Ttime: 1.4647 Vtime: 0.0507
Step: 900000  Loss: 0.104582 Regul: 0.018591 Obj: 0.123173 (0.082506)  NNZ: 14 (9)  Ttime: 1.4870 Vtime: 0.0518
Step: 1000000  Loss: 0.092046 Regul: 0.016483 Obj: 0.108529 (0.082506)  NNZ: 17 (9)  Ttime: 1.4769 Vtime: 0.0514
Step: 1100000  Loss: 0.122110 Regul: 0.014429 Obj: 0.136539 (0.082506)  NNZ: 12 (9)  Ttime: 1.4101 Vtime: 0.0512
Step: 1200000  Loss: 0.096027 Regul: 0.015943 Obj: 0.111970 (0.082506)  NNZ: 10 (9)  Ttime: 1.4036 Vtime: 0.0517
Step: 1300000  Loss: 0.085726 Regul: 0.007973 Obj: 0.093699 (0.082506)  NNZ: 10 (9)  Ttime: 1.4147 Vtime: 0.0517
Step: 1400000  Loss: 0.087695 Regul: 0.011267 Obj: 0.098962 (0.082506)  NNZ: 12 (9)  Ttime: 1.4065 Vtime: 0.0510
Step: 1500000  Loss: 0.094291 Regul: 0.015937 Obj: 0.110228 (0.082506)  NNZ: 16 (9)  Ttime: 1.4646 Vtime: 0.0515
Step: 1600000  Loss: 0.088682 Regul: 0.015583 Obj: 0.104265 (0.082506)  NNZ: 16 (9)  Ttime: 1.4513 Vtime: 0.0512
Step: 1700000  Loss: 0.099683 Regul: 0.012531 Obj: 0.112213 (0.082506)  NNZ: 11 (9)  Ttime: 1.4602 Vtime: 0.0516
Step: 1800000  Loss: 0.078335 Regul: 0.011195 Obj: 0.089530 (0.082506)  NNZ: 16 (9)  Ttime: 1.4523 Vtime: 0.0511
Step: 1900000  Loss: 0.087522 Regul: 0.011964 Obj: 0.099485 (0.082506)  NNZ: 12 (9)  Ttime: 1.4790 Vtime: 0.0518
Step: 2000000  Loss: 0.092977 Regul: 0.014041 Obj: 0.107018 (0.082506)  NNZ: 14 (9)  Ttime: 1.4600 Vtime: 0.0512
Step: 2100000  Loss: 0.091787 Regul: 0.012406 Obj: 0.104193 (0.082506)  NNZ: 18 (9)  Ttime: 1.4758 Vtime: 0.0516
Step: 2200000  Loss: 0.082426 Regul: 0.008532 Obj: 0.090959 (0.082506)  NNZ: 13 (9)  Ttime: 1.4815 Vtime: 0.0513
Step: 2300000  Loss: 0.081201 Regul: 0.012152 Obj: 0.093352 (0.082506)  NNZ: 12 (9)  Ttime: 1.4700 Vtime: 0.0508
Step: 2400000  Loss: 0.077534 Regul: 0.011015 Obj: 0.088549 (0.082506)  NNZ: 12 (9)  Ttime: 1.4685 Vtime: 0.0513
Step: 2500000  Loss: 0.086643 Regul: 0.012433 Obj: 0.099076 (0.082506)  NNZ: 10 (9)  Ttime: 1.4607 Vtime: 0.0518
Best: 2600000  Loss: 0.075404 Regul: 0.005811 Obj: 0.081214 (0.081214)  NNZ: 11 (11)  Ttime: 1.4583 Vtime: 0.0507
Stat: nPR #76 (#88) Dim/MaxDim [608/640] AUC: 0.971626 FPR95: 15.47 [saved]
Step: 2700000  Loss: 0.088667 Regul: 0.015813 Obj: 0.104480 (0.081214)  NNZ: 17 (11)  Ttime: 1.4836 Vtime: 0.0517
Step: 2800000  Loss: 0.080005 Regul: 0.011913 Obj: 0.091919 (0.081214)  NNZ: 12 (11)  Ttime: 1.4878 Vtime: 0.0514
Step: 2900000  Loss: 0.076290 Regul: 0.009813 Obj: 0.086103 (0.081214)  NNZ: 13 (11)  Ttime: 1.4317 Vtime: 0.0511
Step: 3000000  Loss: 0.129833 Regul: 0.009830 Obj: 0.139663 (0.081214)  NNZ: 11 (11)  Ttime: 1.4199 Vtime: 0.0510
Step: 3100000  Loss: 0.076646 Regul: 0.008955 Obj: 0.085601 (0.081214)  NNZ: 12 (11)  Ttime: 1.4219 Vtime: 0.0505
Step: 3200000  Loss: 0.082999 Regul: 0.008820 Obj: 0.091820 (0.081214)  NNZ: 8 (11)  Ttime: 1.4216 Vtime: 0.0513
Step: 3300000  Loss: 0.082072 Regul: 0.007843 Obj: 0.089915 (0.081214)  NNZ: 11 (11)  Ttime: 1.4528 Vtime: 0.0518
Step: 3400000  Loss: 0.085901 Regul: 0.013423 Obj: 0.099324 (0.081214)  NNZ: 16 (11)  Ttime: 1.4647 Vtime: 0.0520
Step: 3500000  Loss: 0.143909 Regul: 0.012233 Obj: 0.156141 (0.081214)  NNZ: 14 (11)  Ttime: 1.4509 Vtime: 0.0517
Step: 3600000  Loss: 0.107717 Regul: 0.009903 Obj: 0.117621 (0.081214)  NNZ: 10 (11)  Ttime: 1.4802 Vtime: 0.0512
Step: 3700000  Loss: 0.095999 Regul: 0.011359 Obj: 0.107358 (0.081214)  NNZ: 13 (11)  Ttime: 1.4740 Vtime: 0.0515
Step: 3800000  Loss: 0.078554 Regul: 0.009856 Obj: 0.088410 (0.081214)  NNZ: 9 (11)  Ttime: 1.4565 Vtime: 0.0517
Step: 3900000  Loss: 0.080468 Regul: 0.006097 Obj: 0.086565 (0.081214)  NNZ: 7 (11)  Ttime: 1.4123 Vtime: 0.0515
Step: 4000000  Loss: 0.089869 Regul: 0.004836 Obj: 0.094705 (0.081214)  NNZ: 7 (11)  Ttime: 1.4024 Vtime: 0.0514
Step: 4100000  Loss: 0.088269 Regul: 0.012975 Obj: 0.101243 (0.081214)  NNZ: 15 (11)  Ttime: 1.4047 Vtime: 0.0513
Step: 4200000  Loss: 0.088947 Regul: 0.010454 Obj: 0.099401 (0.081214)  NNZ: 12 (11)  Ttime: 1.4113 Vtime: 0.0514
Step: 4300000  Loss: 0.079473 Regul: 0.008422 Obj: 0.087895 (0.081214)  NNZ: 14 (11)  Ttime: 1.4093 Vtime: 0.0518
Step: 4400000  Loss: 0.084871 Regul: 0.008626 Obj: 0.093497 (0.081214)  NNZ: 13 (11)  Ttime: 1.4053 Vtime: 0.0511
Step: 4500000  Loss: 0.078312 Regul: 0.006794 Obj: 0.085105 (0.081214)  NNZ: 11 (11)  Ttime: 1.4115 Vtime: 0.0512
Step: 4600000  Loss: 0.085610 Regul: 0.008833 Obj: 0.094443 (0.081214)  NNZ: 10 (11)  Ttime: 1.4358 Vtime: 0.0516
Step: 4700000  Loss: 0.081850 Regul: 0.010312 Obj: 0.092162 (0.081214)  NNZ: 13 (11)  Ttime: 1.4785 Vtime: 0.0520
Step: 4800000  Loss: 0.083464 Regul: 0.008891 Obj: 0.092354 (0.081214)  NNZ: 13 (11)  Ttime: 1.4764 Vtime: 0.0514
Step: 4900000  Loss: 0.073584 Regul: 0.008772 Obj: 0.082357 (0.081214)  NNZ: 14 (11)  Ttime: 1.4582 Vtime: 0.0514
Step: 5000000  Loss: 0.099366 Regul: 0.008630 Obj: 0.107996 (0.081214)  NNZ: 12 (11)  Ttime: 1.4652 Vtime: 0.0508
Step: 5100000  Loss: 0.083237 Regul: 0.012972 Obj: 0.096209 (0.081214)  NNZ: 17 (11)  Ttime: 1.4431 Vtime: 0.0512
Step: 5200000  Loss: 0.087805 Regul: 0.007027 Obj: 0.094832 (0.081214)  NNZ: 11 (11)  Ttime: 1.4196 Vtime: 0.0515
Step: 5300000  Loss: 0.076999 Regul: 0.008496 Obj: 0.085496 (0.081214)  NNZ: 11 (11)  Ttime: 1.4150 Vtime: 0.0521
Step: 5400000  Loss: 0.087725 Regul: 0.012478 Obj: 0.100204 (0.081214)  NNZ: 14 (11)  Ttime: 1.4182 Vtime: 0.0511
Step: 5500000  Loss: 0.076384 Regul: 0.007961 Obj: 0.084344 (0.081214)  NNZ: 11 (11)  Ttime: 1.4461 Vtime: 0.0511
Step: 5600000  Loss: 0.091838 Regul: 0.011902 Obj: 0.103740 (0.081214)  NNZ: 14 (11)  Ttime: 1.4570 Vtime: 0.0523
Step: 5700000  Loss: 0.079621 Regul: 0.013597 Obj: 0.093218 (0.081214)  NNZ: 16 (11)  Ttime: 1.4658 Vtime: 0.0514
Step: 5800000  Loss: 0.098563 Regul: 0.016347 Obj: 0.114910 (0.081214)  NNZ: 17 (11)  Ttime: 1.4771 Vtime: 0.0518
Step: 5900000  Loss: 0.084917 Regul: 0.006035 Obj: 0.090951 (0.081214)  NNZ: 12 (11)  Ttime: 1.4841 Vtime: 0.0525
Step: 6000000  Loss: 0.082650 Regul: 0.010434 Obj: 0.093084 (0.081214)  NNZ: 15 (11)  Ttime: 1.4154 Vtime: 0.0518
Step: 6100000  Loss: 0.082758 Regul: 0.009919 Obj: 0.092677 (0.081214)  NNZ: 11 (11)  Ttime: 1.4184 Vtime: 0.0525
Best: 6200000  Loss: 0.074450 Regul: 0.006392 Obj: 0.080843 (0.080843)  NNZ: 11 (11)  Ttime: 1.4170 Vtime: 0.0520
Stat: nPR #72 (#88) Dim/MaxDim [576/640] AUC: 0.971383 FPR95: 15.62 [saved]
Step: 6300000  Loss: 0.082300 Regul: 0.006691 Obj: 0.088991 (0.080843)  NNZ: 15 (11)  Ttime: 1.4170 Vtime: 0.0512
Step: 6400000  Loss: 0.073979 Regul: 0.008751 Obj: 0.082730 (0.080843)  NNZ: 14 (11)  Ttime: 1.4347 Vtime: 0.0507
Step: 6500000  Loss: 0.080247 Regul: 0.008556 Obj: 0.088803 (0.080843)  NNZ: 13 (11)  Ttime: 1.4087 Vtime: 0.0516
Step: 6600000  Loss: 0.079451 Regul: 0.008701 Obj: 0.088152 (0.080843)  NNZ: 17 (11)  Ttime: 1.4351 Vtime: 0.0509
Step: 6700000  Loss: 0.098725 Regul: 0.009412 Obj: 0.108137 (0.080843)  NNZ: 12 (11)  Ttime: 1.4132 Vtime: 0.0511
Step: 6800000  Loss: 0.075530 Regul: 0.008393 Obj: 0.083923 (0.080843)  NNZ: 14 (11)  Ttime: 1.4459 Vtime: 0.0518
Step: 6900000  Loss: 0.078871 Regul: 0.010000 Obj: 0.088871 (0.080843)  NNZ: 11 (11)  Ttime: 1.4601 Vtime: 0.0520
Step: 7000000  Loss: 0.082041 Regul: 0.012870 Obj: 0.094911 (0.080843)  NNZ: 19 (11)  Ttime: 1.4566 Vtime: 0.0516
Step: 7100000  Loss: 0.097310 Regul: 0.011977 Obj: 0.109287 (0.080843)  NNZ: 14 (11)  Ttime: 1.4022 Vtime: 0.0512
Step: 7200000  Loss: 0.081583 Regul: 0.007807 Obj: 0.089390 (0.080843)  NNZ: 11 (11)  Ttime: 1.4063 Vtime: 0.0507
Step: 7300000  Loss: 0.085100 Regul: 0.011590 Obj: 0.096691 (0.080843)  NNZ: 15 (11)  Ttime: 1.4038 Vtime: 0.0522
Step: 7400000  Loss: 0.091327 Regul: 0.008402 Obj: 0.099729 (0.080843)  NNZ: 15 (11)  Ttime: 1.4047 Vtime: 0.0513
Step: 7500000  Loss: 0.079828 Regul: 0.009735 Obj: 0.089563 (0.080843)  NNZ: 14 (11)  Ttime: 1.4080 Vtime: 0.0510
Step: 7600000  Loss: 0.075895 Regul: 0.009969 Obj: 0.085863 (0.080843)  NNZ: 13 (11)  Ttime: 1.4053 Vtime: 0.0517
Step: 7700000  Loss: 0.079998 Regul: 0.012133 Obj: 0.092132 (0.080843)  NNZ: 17 (11)  Ttime: 1.4031 Vtime: 0.0518
Step: 7800000  Loss: 0.078121 Regul: 0.008532 Obj: 0.086654 (0.080843)  NNZ: 12 (11)  Ttime: 1.3999 Vtime: 0.0518
Step: 7900000  Loss: 0.093045 Regul: 0.013447 Obj: 0.106492 (0.080843)  NNZ: 17 (11)  Ttime: 1.4229 Vtime: 0.0514
Step: 8000000  Loss: 0.076573 Regul: 0.010049 Obj: 0.086621 (0.080843)  NNZ: 14 (11)  Ttime: 1.4474 Vtime: 0.0511
Step: 8100000  Loss: 0.087145 Regul: 0.016125 Obj: 0.103270 (0.080843)  NNZ: 20 (11)  Ttime: 1.4113 Vtime: 0.0515
Step: 8200000  Loss: 0.077760 Regul: 0.009674 Obj: 0.087435 (0.080843)  NNZ: 18 (11)  Ttime: 1.4219 Vtime: 0.0524
Step: 8300000  Loss: 0.076126 Regul: 0.007310 Obj: 0.083436 (0.080843)  NNZ: 13 (11)  Ttime: 1.4915 Vtime: 0.0522
Step: 8400000  Loss: 0.073286 Regul: 0.009236 Obj: 0.082522 (0.080843)  NNZ: 15 (11)  Ttime: 1.4577 Vtime: 0.0518
Step: 8500000  Loss: 0.084245 Regul: 0.011644 Obj: 0.095889 (0.080843)  NNZ: 17 (11)  Ttime: 1.4505 Vtime: 0.0511
Step: 8600000  Loss: 0.089814 Regul: 0.009778 Obj: 0.099593 (0.080843)  NNZ: 15 (11)  Ttime: 1.4992 Vtime: 0.0517
Step: 8700000  Loss: 0.079038 Regul: 0.011254 Obj: 0.090291 (0.080843)  NNZ: 19 (11)  Ttime: 1.4893 Vtime: 0.0516
Step: 8800000  Loss: 0.073458 Regul: 0.009936 Obj: 0.083394 (0.080843)  NNZ: 13 (11)  Ttime: 1.5133 Vtime: 0.0513
Step: 8900000  Loss: 0.073785 Regul: 0.009832 Obj: 0.083616 (0.080843)  NNZ: 13 (11)  Ttime: 1.4732 Vtime: 0.0514
Step: 9000000  Loss: 0.112106 Regul: 0.010128 Obj: 0.122234 (0.080843)  NNZ: 15 (11)  Ttime: 1.4240 Vtime: 0.0516
Step: 9100000  Loss: 0.079664 Regul: 0.010922 Obj: 0.090586 (0.080843)  NNZ: 17 (11)  Ttime: 1.4768 Vtime: 0.0517
Step: 9200000  Loss: 0.077308 Regul: 0.009547 Obj: 0.086855 (0.080843)  NNZ: 16 (11)  Ttime: 1.5198 Vtime: 0.0520
Step: 9300000  Loss: 0.081907 Regul: 0.008277 Obj: 0.090184 (0.080843)  NNZ: 10 (11)  Ttime: 1.4435 Vtime: 0.0519
Step: 9400000  Loss: 0.076069 Regul: 0.009234 Obj: 0.085303 (0.080843)  NNZ: 15 (11)  Ttime: 1.4481 Vtime: 0.0524
Step: 9500000  Loss: 0.077879 Regul: 0.008619 Obj: 0.086498 (0.080843)  NNZ: 14 (11)  Ttime: 1.4298 Vtime: 0.0522
Step: 9600000  Loss: 0.079662 Regul: 0.011117 Obj: 0.090779 (0.080843)  NNZ: 17 (11)  Ttime: 1.4336 Vtime: 0.0515
Step: 9700000  Loss: 0.085752 Regul: 0.005002 Obj: 0.090754 (0.080843)  NNZ: 8 (11)  Ttime: 1.4383 Vtime: 0.0515
Step: 9800000  Loss: 0.077281 Regul: 0.010463 Obj: 0.087743 (0.080843)  NNZ: 17 (11)  Ttime: 1.4435 Vtime: 0.0509
Step: 9900000  Loss: 0.095354 Regul: 0.007224 Obj: 0.102578 (0.080843)  NNZ: 11 (11)  Ttime: 1.4077 Vtime: 0.0524
Step: 10000000  Loss: 0.078565 Regul: 0.008712 Obj: 0.087277 (0.080843)  NNZ: 16 (11)  Ttime: 1.4185 Vtime: 0.0512
Step: 10100000  Loss: 0.079351 Regul: 0.010176 Obj: 0.089528 (0.080843)  NNZ: 15 (11)  Ttime: 1.4908 Vtime: 0.0522
Step: 10200000  Loss: 0.084434 Regul: 0.005639 Obj: 0.090073 (0.080843)  NNZ: 14 (11)  Ttime: 1.5177 Vtime: 0.0523
Step: 10300000  Loss: 0.076388 Regul: 0.008739 Obj: 0.085127 (0.080843)  NNZ: 14 (11)  Ttime: 1.5017 Vtime: 0.0517
Step: 10400000  Loss: 0.083281 Regul: 0.007122 Obj: 0.090403 (0.080843)  NNZ: 12 (11)  Ttime: 1.4174 Vtime: 0.0525
Step: 10500000  Loss: 0.074933 Regul: 0.009769 Obj: 0.084701 (0.080843)  NNZ: 18 (11)  Ttime: 1.4285 Vtime: 0.0511
Step: 10600000  Loss: 0.076822 Regul: 0.009005 Obj: 0.085827 (0.080843)  NNZ: 14 (11)  Ttime: 1.4545 Vtime: 0.0519
Step: 10700000  Loss: 0.073934 Regul: 0.008951 Obj: 0.082885 (0.080843)  NNZ: 19 (11)  Ttime: 1.4664 Vtime: 0.0515
Step: 10800000  Loss: 0.076290 Regul: 0.010416 Obj: 0.086706 (0.080843)  NNZ: 17 (11)  Ttime: 1.5118 Vtime: 0.0519
Step: 10900000  Loss: 0.076462 Regul: 0.009629 Obj: 0.086090 (0.080843)  NNZ: 14 (11)  Ttime: 1.4649 Vtime: 0.0518
Step: 11000000  Loss: 0.078243 Regul: 0.010540 Obj: 0.088783 (0.080843)  NNZ: 13 (11)  Ttime: 1.4796 Vtime: 0.0519
Step: 11100000  Loss: 0.074763 Regul: 0.008469 Obj: 0.083232 (0.080843)  NNZ: 15 (11)  Ttime: 1.4457 Vtime: 0.0515
Step: 11200000  Loss: 0.080741 Regul: 0.009510 Obj: 0.090252 (0.080843)  NNZ: 17 (11)  Ttime: 1.4549 Vtime: 0.0515
Step: 11300000  Loss: 0.076091 Regul: 0.007399 Obj: 0.083490 (0.080843)  NNZ: 13 (11)  Ttime: 1.4904 Vtime: 0.0511
Step: 11400000  Loss: 0.078367 Regul: 0.007137 Obj: 0.085504 (0.080843)  NNZ: 10 (11)  Ttime: 1.4847 Vtime: 0.0533
Step: 11500000  Loss: 0.084075 Regul: 0.006965 Obj: 0.091041 (0.080843)  NNZ: 14 (11)  Ttime: 1.4513 Vtime: 0.0518
Step: 11600000  Loss: 0.072811 Regul: 0.008268 Obj: 0.081079 (0.080843)  NNZ: 20 (11)  Ttime: 1.4494 Vtime: 0.0511
Step: 11700000  Loss: 0.078885 Regul: 0.011011 Obj: 0.089897 (0.080843)  NNZ: 16 (11)  Ttime: 1.4732 Vtime: 0.0525
Step: 11800000  Loss: 0.072390 Regul: 0.009122 Obj: 0.081511 (0.080843)  NNZ: 16 (11)  Ttime: 1.4434 Vtime: 0.0517
Step: 11900000  Loss: 0.074150 Regul: 0.008961 Obj: 0.083112 (0.080843)  NNZ: 12 (11)  Ttime: 1.4585 Vtime: 0.0516
Step: 12000000  Loss: 0.088883 Regul: 0.013961 Obj: 0.102844 (0.080843)  NNZ: 23 (11)  Ttime: 1.4430 Vtime: 0.0519
Step: 12100000  Loss: 0.085505 Regul: 0.010927 Obj: 0.096431 (0.080843)  NNZ: 15 (11)  Ttime: 1.4221 Vtime: 0.0517
Step: 12200000  Loss: 0.078273 Regul: 0.010573 Obj: 0.088846 (0.080843)  NNZ: 18 (11)  Ttime: 1.4123 Vtime: 0.0514
Step: 12300000  Loss: 0.077317 Regul: 0.010095 Obj: 0.087412 (0.080843)  NNZ: 17 (11)  Ttime: 1.4559 Vtime: 0.0522
Step: 12400000  Loss: 0.076510 Regul: 0.009052 Obj: 0.085562 (0.080843)  NNZ: 13 (11)  Ttime: 1.4079 Vtime: 0.0518
Step: 12500000  Loss: 0.072994 Regul: 0.009526 Obj: 0.082520 (0.080843)  NNZ: 17 (11)  Ttime: 1.4053 Vtime: 0.0519
Best: 12600000  Loss: 0.071712 Regul: 0.007950 Obj: 0.079663 (0.079663)  NNZ: 16 (16)  Ttime: 1.4157 Vtime: 0.0516
Stat: nPR #104 (#128) Dim/MaxDim [832/640] AUC: 0.972373 FPR95: 15.00
Step: 12700000  Loss: 0.074664 Regul: 0.009655 Obj: 0.084319 (0.079663)  NNZ: 16 (16)  Ttime: 1.4063 Vtime: 0.0515
Step: 12800000  Loss: 0.075541 Regul: 0.008669 Obj: 0.084211 (0.079663)  NNZ: 12 (16)  Ttime: 1.4362 Vtime: 0.0507
Step: 12900000  Loss: 0.077426 Regul: 0.008730 Obj: 0.086156 (0.079663)  NNZ: 14 (16)  Ttime: 1.4238 Vtime: 0.0517
Step: 13000000  Loss: 0.085394 Regul: 0.006479 Obj: 0.091873 (0.079663)  NNZ: 12 (16)  Ttime: 1.3989 Vtime: 0.0513
Step: 13100000  Loss: 0.077244 Regul: 0.008477 Obj: 0.085721 (0.079663)  NNZ: 15 (16)  Ttime: 1.4366 Vtime: 0.0514
Step: 13200000  Loss: 0.076459 Regul: 0.008660 Obj: 0.085119 (0.079663)  NNZ: 17 (16)  Ttime: 1.4449 Vtime: 0.0516
Step: 13300000  Loss: 0.076327 Regul: 0.008583 Obj: 0.084910 (0.079663)  NNZ: 16 (16)  Ttime: 1.4137 Vtime: 0.0514
Step: 13400000  Loss: 0.079508 Regul: 0.008924 Obj: 0.088432 (0.079663)  NNZ: 14 (16)  Ttime: 1.4084 Vtime: 0.0519
Step: 13500000  Loss: 0.074599 Regul: 0.009239 Obj: 0.083837 (0.079663)  NNZ: 15 (16)  Ttime: 1.4396 Vtime: 0.0518
Step: 13600000  Loss: 0.080903 Regul: 0.008633 Obj: 0.089536 (0.079663)  NNZ: 15 (16)  Ttime: 1.4277 Vtime: 0.0511
Step: 13700000  Loss: 0.074240 Regul: 0.009757 Obj: 0.083997 (0.079663)  NNZ: 17 (16)  Ttime: 1.4294 Vtime: 0.0514
Step: 13800000  Loss: 0.081836 Regul: 0.007062 Obj: 0.088898 (0.079663)  NNZ: 15 (16)  Ttime: 1.4595 Vtime: 0.0506
Best: 13900000  Loss: 0.071425 Regul: 0.007891 Obj: 0.079316 (0.079316)  NNZ: 12 (12)  Ttime: 1.4568 Vtime: 0.0517
Stat: nPR #80 (#96) Dim/MaxDim [640/640] AUC: 0.972486 FPR95: 14.88 [saved]
Step: 14000000  Loss: 0.074973 Regul: 0.008633 Obj: 0.083606 (0.079316)  NNZ: 13 (12)  Ttime: 1.4755 Vtime: 0.0524
Step: 14100000  Loss: 0.075012 Regul: 0.009297 Obj: 0.084308 (0.079316)  NNZ: 14 (12)  Ttime: 1.4539 Vtime: 0.0518
Step: 14200000  Loss: 0.085810 Regul: 0.010000 Obj: 0.095810 (0.079316)  NNZ: 17 (12)  Ttime: 1.4388 Vtime: 0.0520
Step: 14300000  Loss: 0.076891 Regul: 0.009540 Obj: 0.086431 (0.079316)  NNZ: 18 (12)  Ttime: 1.4169 Vtime: 0.0511
Step: 14400000  Loss: 0.073961 Regul: 0.010267 Obj: 0.084229 (0.079316)  NNZ: 17 (12)  Ttime: 1.4111 Vtime: 0.0511
Step: 14500000  Loss: 0.072599 Regul: 0.008719 Obj: 0.081319 (0.079316)  NNZ: 14 (12)  Ttime: 1.4076 Vtime: 0.0516
Step: 14600000  Loss: 0.081143 Regul: 0.009763 Obj: 0.090906 (0.079316)  NNZ: 15 (12)  Ttime: 1.4139 Vtime: 0.0512
Step: 14700000  Loss: 0.072768 Regul: 0.007888 Obj: 0.080655 (0.079316)  NNZ: 23 (12)  Ttime: 1.4101 Vtime: 0.0520
Step: 14800000  Loss: 0.072889 Regul: 0.006995 Obj: 0.079884 (0.079316)  NNZ: 15 (12)  Ttime: 1.4175 Vtime: 0.0508
Step: 14900000  Loss: 0.075593 Regul: 0.010623 Obj: 0.086215 (0.079316)  NNZ: 16 (12)  Ttime: 1.4059 Vtime: 0.0517
Step: 15000000  Loss: 0.082240 Regul: 0.008868 Obj: 0.091108 (0.079316)  NNZ: 16 (12)  Ttime: 1.4147 Vtime: 0.0505
Step: 15100000  Loss: 0.077130 Regul: 0.010147 Obj: 0.087277 (0.079316)  NNZ: 15 (12)  Ttime: 1.4139 Vtime: 0.0510
Step: 15200000  Loss: 0.075276 Regul: 0.008878 Obj: 0.084154 (0.079316)  NNZ: 14 (12)  Ttime: 1.4098 Vtime: 0.0509
Step: 15300000  Loss: 0.078564 Regul: 0.008729 Obj: 0.087292 (0.079316)  NNZ: 20 (12)  Ttime: 1.4076 Vtime: 0.0514
Step: 15400000  Loss: 0.074677 Regul: 0.010054 Obj: 0.084731 (0.079316)  NNZ: 16 (12)  Ttime: 1.4103 Vtime: 0.0513
Step: 15500000  Loss: 0.071464 Regul: 0.008785 Obj: 0.080248 (0.079316)  NNZ: 20 (12)  Ttime: 1.4044 Vtime: 0.0518
Step: 15600000  Loss: 0.077211 Regul: 0.009978 Obj: 0.087190 (0.079316)  NNZ: 14 (12)  Ttime: 1.4437 Vtime: 0.0516
Step: 15700000  Loss: 0.074603 Regul: 0.007925 Obj: 0.082528 (0.079316)  NNZ: 12 (12)  Ttime: 1.4644 Vtime: 0.0515
Step: 15800000  Loss: 0.074111 Regul: 0.008240 Obj: 0.082351 (0.079316)  NNZ: 13 (12)  Ttime: 1.4794 Vtime: 0.0513
Step: 15900000  Loss: 0.075153 Regul: 0.007867 Obj: 0.083019 (0.079316)  NNZ: 12 (12)  Ttime: 1.4830 Vtime: 0.0519
Step: 16000000  Loss: 0.073403 Regul: 0.007508 Obj: 0.080911 (0.079316)  NNZ: 14 (12)  Ttime: 1.4468 Vtime: 0.0510
Step: 16100000  Loss: 0.094759 Regul: 0.012469 Obj: 0.107228 (0.079316)  NNZ: 18 (12)  Ttime: 1.4549 Vtime: 0.0512
Step: 16200000  Loss: 0.078592 Regul: 0.009962 Obj: 0.088554 (0.079316)  NNZ: 19 (12)  Ttime: 1.5222 Vtime: 0.0514
Step: 16300000  Loss: 0.073746 Regul: 0.009579 Obj: 0.083325 (0.079316)  NNZ: 17 (12)  Ttime: 1.5031 Vtime: 0.0519
Step: 16400000  Loss: 0.076015 Regul: 0.008536 Obj: 0.084551 (0.079316)  NNZ: 16 (12)  Ttime: 1.4913 Vtime: 0.0516
Step: 16500000  Loss: 0.076098 Regul: 0.008307 Obj: 0.084405 (0.079316)  NNZ: 11 (12)  Ttime: 1.4688 Vtime: 0.0518
Step: 16600000  Loss: 0.073957 Regul: 0.010494 Obj: 0.084452 (0.079316)  NNZ: 15 (12)  Ttime: 1.4764 Vtime: 0.0511
Step: 16700000  Loss: 0.076640 Regul: 0.007544 Obj: 0.084184 (0.079316)  NNZ: 14 (12)  Ttime: 1.4598 Vtime: 0.0516
Step: 16800000  Loss: 0.073916 Regul: 0.009075 Obj: 0.082991 (0.079316)  NNZ: 13 (12)  Ttime: 1.4498 Vtime: 0.0513
Step: 16900000  Loss: 0.073841 Regul: 0.008661 Obj: 0.082502 (0.079316)  NNZ: 18 (12)  Ttime: 1.4491 Vtime: 0.0521
Step: 17000000  Loss: 0.074310 Regul: 0.008624 Obj: 0.082934 (0.079316)  NNZ: 14 (12)  Ttime: 1.4150 Vtime: 0.0514
Step: 17100000  Loss: 0.074791 Regul: 0.009605 Obj: 0.084397 (0.079316)  NNZ: 17 (12)  Ttime: 1.4493 Vtime: 0.0514
Step: 17200000  Loss: 0.078060 Regul: 0.008821 Obj: 0.086881 (0.079316)  NNZ: 16 (12)  Ttime: 1.4398 Vtime: 0.0524
Step: 17300000  Loss: 0.081952 Regul: 0.009571 Obj: 0.091523 (0.079316)  NNZ: 16 (12)  Ttime: 1.5207 Vtime: 0.0522
Step: 17400000  Loss: 0.075057 Regul: 0.008328 Obj: 0.083385 (0.079316)  NNZ: 14 (12)  Ttime: 1.4469 Vtime: 0.0517
Step: 17500000  Loss: 0.074748 Regul: 0.006774 Obj: 0.081523 (0.079316)  NNZ: 15 (12)  Ttime: 1.4398 Vtime: 0.0514
Step: 17600000  Loss: 0.107538 Regul: 0.009646 Obj: 0.117184 (0.079316)  NNZ: 20 (12)  Ttime: 1.4692 Vtime: 0.0519
Step: 17700000  Loss: 0.073133 Regul: 0.006782 Obj: 0.079914 (0.079316)  NNZ: 11 (12)  Ttime: 1.4683 Vtime: 0.0521
Step: 17800000  Loss: 0.072993 Regul: 0.007359 Obj: 0.080352 (0.079316)  NNZ: 11 (12)  Ttime: 1.4295 Vtime: 0.0514
Step: 17900000  Loss: 0.079951 Regul: 0.010933 Obj: 0.090884 (0.079316)  NNZ: 19 (12)  Ttime: 1.4127 Vtime: 0.0513
Step: 18000000  Loss: 0.076403 Regul: 0.009632 Obj: 0.086035 (0.079316)  NNZ: 17 (12)  Ttime: 1.4046 Vtime: 0.0517
Step: 18100000  Loss: 0.073358 Regul: 0.009410 Obj: 0.082768 (0.079316)  NNZ: 19 (12)  Ttime: 1.4129 Vtime: 0.0512
Step: 18200000  Loss: 0.073298 Regul: 0.007405 Obj: 0.080703 (0.079316)  NNZ: 20 (12)  Ttime: 1.4056 Vtime: 0.0525
Step: 18300000  Loss: 0.076485 Regul: 0.008895 Obj: 0.085380 (0.079316)  NNZ: 16 (12)  Ttime: 1.4193 Vtime: 0.0511
Step: 18400000  Loss: 0.073910 Regul: 0.009568 Obj: 0.083479 (0.079316)  NNZ: 17 (12)  Ttime: 1.4158 Vtime: 0.0519
Step: 18500000  Loss: 0.089239 Regul: 0.003843 Obj: 0.093082 (0.079316)  NNZ: 11 (12)  Ttime: 1.4111 Vtime: 0.0511
Step: 18600000  Loss: 0.073062 Regul: 0.008600 Obj: 0.081663 (0.079316)  NNZ: 16 (12)  Ttime: 1.4174 Vtime: 0.0517
Step: 18700000  Loss: 0.076473 Regul: 0.011121 Obj: 0.087594 (0.079316)  NNZ: 17 (12)  Ttime: 1.4118 Vtime: 0.0509
Step: 18800000  Loss: 0.080363 Regul: 0.008620 Obj: 0.088983 (0.079316)  NNZ: 14 (12)  Ttime: 1.4061 Vtime: 0.0514
Step: 18900000  Loss: 0.082266 Regul: 0.008281 Obj: 0.090547 (0.079316)  NNZ: 16 (12)  Ttime: 1.4073 Vtime: 0.0509
Step: 19000000  Loss: 0.076702 Regul: 0.007938 Obj: 0.084641 (0.079316)  NNZ: 18 (12)  Ttime: 1.4141 Vtime: 0.0512
Step: 19100000  Loss: 0.075808 Regul: 0.009271 Obj: 0.085079 (0.079316)  NNZ: 15 (12)  Ttime: 1.4086 Vtime: 0.0515
Step: 19200000  Loss: 0.083522 Regul: 0.005745 Obj: 0.089266 (0.079316)  NNZ: 11 (12)  Ttime: 1.4095 Vtime: 0.0511
Step: 19300000  Loss: 0.077940 Regul: 0.007265 Obj: 0.085205 (0.079316)  NNZ: 14 (12)  Ttime: 1.4055 Vtime: 0.0516
Step: 19400000  Loss: 0.075879 Regul: 0.010746 Obj: 0.086625 (0.079316)  NNZ: 18 (12)  Ttime: 1.4035 Vtime: 0.0508
Step: 19500000  Loss: 0.075351 Regul: 0.008354 Obj: 0.083704 (0.079316)  NNZ: 15 (12)  Ttime: 1.4049 Vtime: 0.0520
Best: 19600000  Loss: 0.071418 Regul: 0.007073 Obj: 0.078491 (0.078491)  NNZ: 20 (20)  Ttime: 1.4103 Vtime: 0.0519
Stat: nPR #120 (#160) Dim/MaxDim [960/640] AUC: 0.972495 FPR95: 14.91
Step: 19700000  Loss: 0.077282 Regul: 0.010361 Obj: 0.087643 (0.078491)  NNZ: 18 (20)  Ttime: 1.4111 Vtime: 0.0514
Step: 19800000  Loss: 0.081689 Regul: 0.004663 Obj: 0.086352 (0.078491)  NNZ: 11 (20)  Ttime: 1.4093 Vtime: 0.0522
Step: 19900000  Loss: 0.076516 Regul: 0.007056 Obj: 0.083572 (0.078491)  NNZ: 16 (20)  Ttime: 1.4039 Vtime: 0.0517
Step: 20000000  Loss: 0.087577 Regul: 0.008137 Obj: 0.095714 (0.078491)  NNZ: 18 (20)  Ttime: 1.4107 Vtime: 0.0512
Step: 20100000  Loss: 0.091107 Regul: 0.006060 Obj: 0.097167 (0.078491)  NNZ: 14 (20)  Ttime: 1.4104 Vtime: 0.0515
Step: 20200000  Loss: 0.073577 Regul: 0.008951 Obj: 0.082528 (0.078491)  NNZ: 22 (20)  Ttime: 1.4131 Vtime: 0.0513
Step: 20300000  Loss: 0.106230 Regul: 0.009592 Obj: 0.115822 (0.078491)  NNZ: 21 (20)  Ttime: 1.4115 Vtime: 0.0514
Step: 20400000  Loss: 0.080237 Regul: 0.008044 Obj: 0.088281 (0.078491)  NNZ: 18 (20)  Ttime: 1.4127 Vtime: 0.0523
Step: 20500000  Loss: 0.072473 Regul: 0.007985 Obj: 0.080458 (0.078491)  NNZ: 15 (20)  Ttime: 1.4092 Vtime: 0.0510
Step: 20600000  Loss: 0.090183 Regul: 0.008857 Obj: 0.099041 (0.078491)  NNZ: 17 (20)  Ttime: 1.4026 Vtime: 0.0516
Step: 20700000  Loss: 0.073329 Regul: 0.006378 Obj: 0.079706 (0.078491)  NNZ: 16 (20)  Ttime: 1.4051 Vtime: 0.0520
Step: 20800000  Loss: 0.071069 Regul: 0.007726 Obj: 0.078795 (0.078491)  NNZ: 17 (20)  Ttime: 1.4044 Vtime: 0.0519
Step: 20900000  Loss: 0.082618 Regul: 0.004907 Obj: 0.087525 (0.078491)  NNZ: 13 (20)  Ttime: 1.4050 Vtime: 0.0516
Step: 21000000  Loss: 0.075082 Regul: 0.007515 Obj: 0.082597 (0.078491)  NNZ: 16 (20)  Ttime: 1.4108 Vtime: 0.0515
Step: 21100000  Loss: 0.074772 Regul: 0.005483 Obj: 0.080255 (0.078491)  NNZ: 12 (20)  Ttime: 1.4106 Vtime: 0.0520
Step: 21200000  Loss: 0.077038 Regul: 0.007260 Obj: 0.084297 (0.078491)  NNZ: 13 (20)  Ttime: 1.4132 Vtime: 0.0520
Step: 21300000  Loss: 0.073719 Regul: 0.007505 Obj: 0.081224 (0.078491)  NNZ: 13 (20)  Ttime: 1.4119 Vtime: 0.0520
Step: 21400000  Loss: 0.075878 Regul: 0.005800 Obj: 0.081679 (0.078491)  NNZ: 15 (20)  Ttime: 1.4089 Vtime: 0.0520
Step: 21500000  Loss: 0.072501 Regul: 0.007053 Obj: 0.079553 (0.078491)  NNZ: 13 (20)  Ttime: 1.4145 Vtime: 0.0506
Step: 21600000  Loss: 0.077928 Regul: 0.008207 Obj: 0.086136 (0.078491)  NNZ: 16 (20)  Ttime: 1.4076 Vtime: 0.0516
Step: 21700000  Loss: 0.072799 Regul: 0.008537 Obj: 0.081336 (0.078491)  NNZ: 14 (20)  Ttime: 1.4092 Vtime: 0.0514
Step: 21800000  Loss: 0.088626 Regul: 0.007332 Obj: 0.095958 (0.078491)  NNZ: 18 (20)  Ttime: 1.4081 Vtime: 0.0516
Step: 21900000  Loss: 0.076670 Regul: 0.007964 Obj: 0.084635 (0.078491)  NNZ: 15 (20)  Ttime: 1.4066 Vtime: 0.0508
Step: 22000000  Loss: 0.074712 Regul: 0.008327 Obj: 0.083039 (0.078491)  NNZ: 12 (20)  Ttime: 1.4086 Vtime: 0.0514
Step: 22100000  Loss: 0.073167 Regul: 0.006414 Obj: 0.079581 (0.078491)  NNZ: 13 (20)  Ttime: 1.4077 Vtime: 0.0511
Step: 22200000  Loss: 0.074798 Regul: 0.009830 Obj: 0.084629 (0.078491)  NNZ: 19 (20)  Ttime: 1.4077 Vtime: 0.0517
Step: 22300000  Loss: 0.073481 Regul: 0.005643 Obj: 0.079124 (0.078491)  NNZ: 13 (20)  Ttime: 1.4097 Vtime: 0.0515
Step: 22400000  Loss: 0.080171 Regul: 0.006990 Obj: 0.087161 (0.078491)  NNZ: 12 (20)  Ttime: 1.4108 Vtime: 0.0513
Step: 22500000  Loss: 0.082623 Regul: 0.005553 Obj: 0.088176 (0.078491)  NNZ: 12 (20)  Ttime: 1.4120 Vtime: 0.0515
Step: 22600000  Loss: 0.078257 Regul: 0.007464 Obj: 0.085721 (0.078491)  NNZ: 17 (20)  Ttime: 1.4068 Vtime: 0.0516
Step: 22700000  Loss: 0.075641 Regul: 0.008032 Obj: 0.083674 (0.078491)  NNZ: 16 (20)  Ttime: 1.4109 Vtime: 0.0519
Step: 22800000  Loss: 0.073877 Regul: 0.007042 Obj: 0.080919 (0.078491)  NNZ: 17 (20)  Ttime: 1.4068 Vtime: 0.0523
Step: 22900000  Loss: 0.076350 Regul: 0.005773 Obj: 0.082123 (0.078491)  NNZ: 13 (20)  Ttime: 1.4088 Vtime: 0.0520
Step: 23000000  Loss: 0.071010 Regul: 0.007527 Obj: 0.078537 (0.078491)  NNZ: 14 (20)  Ttime: 1.4035 Vtime: 0.0514
Step: 23100000  Loss: 0.075348 Regul: 0.008016 Obj: 0.083364 (0.078491)  NNZ: 17 (20)  Ttime: 1.4047 Vtime: 0.0516
Step: 23200000  Loss: 0.079699 Regul: 0.005887 Obj: 0.085586 (0.078491)  NNZ: 12 (20)  Ttime: 1.4028 Vtime: 0.0527
Step: 23300000  Loss: 0.081893 Regul: 0.006328 Obj: 0.088221 (0.078491)  NNZ: 10 (20)  Ttime: 1.4042 Vtime: 0.0520
Step: 23400000  Loss: 0.072643 Regul: 0.006624 Obj: 0.079266 (0.078491)  NNZ: 12 (20)  Ttime: 1.4105 Vtime: 0.0519
Step: 23500000  Loss: 0.078873 Regul: 0.005643 Obj: 0.084516 (0.078491)  NNZ: 11 (20)  Ttime: 1.4053 Vtime: 0.0515
Step: 23600000  Loss: 0.075620 Regul: 0.009950 Obj: 0.085570 (0.078491)  NNZ: 18 (20)  Ttime: 1.4079 Vtime: 0.0509
Step: 23700000  Loss: 0.074334 Regul: 0.007189 Obj: 0.081523 (0.078491)  NNZ: 14 (20)  Ttime: 1.4046 Vtime: 0.0527
Step: 23800000  Loss: 0.072804 Regul: 0.007163 Obj: 0.079967 (0.078491)  NNZ: 15 (20)  Ttime: 1.4104 Vtime: 0.0516
Step: 23900000  Loss: 0.077020 Regul: 0.006304 Obj: 0.083324 (0.078491)  NNZ: 13 (20)  Ttime: 1.4067 Vtime: 0.0511
Step: 24000000  Loss: 0.073105 Regul: 0.008499 Obj: 0.081604 (0.078491)  NNZ: 15 (20)  Ttime: 1.4037 Vtime: 0.0515
Step: 24100000  Loss: 0.073313 Regul: 0.009830 Obj: 0.083143 (0.078491)  NNZ: 18 (20)  Ttime: 1.4061 Vtime: 0.0521
Step: 24200000  Loss: 0.075922 Regul: 0.008254 Obj: 0.084176 (0.078491)  NNZ: 14 (20)  Ttime: 1.3988 Vtime: 0.0518
Step: 24300000  Loss: 0.099478 Regul: 0.006402 Obj: 0.105880 (0.078491)  NNZ: 14 (20)  Ttime: 1.4040 Vtime: 0.0514
Step: 24400000  Loss: 0.073407 Regul: 0.007862 Obj: 0.081269 (0.078491)  NNZ: 21 (20)  Ttime: 1.4011 Vtime: 0.0517
Step: 24500000  Loss: 0.078008 Regul: 0.007437 Obj: 0.085444 (0.078491)  NNZ: 15 (20)  Ttime: 1.4012 Vtime: 0.0517
Step: 24600000  Loss: 0.071026 Regul: 0.007557 Obj: 0.078583 (0.078491)  NNZ: 17 (20)  Ttime: 1.4039 Vtime: 0.0509
Step: 24700000  Loss: 0.075563 Regul: 0.005973 Obj: 0.081536 (0.078491)  NNZ: 14 (20)  Ttime: 1.4050 Vtime: 0.0517
Step: 24800000  Loss: 0.073036 Regul: 0.007505 Obj: 0.080542 (0.078491)  NNZ: 16 (20)  Ttime: 1.4067 Vtime: 0.0512
Step: 24900000  Loss: 0.074514 Regul: 0.008359 Obj: 0.082873 (0.078491)  NNZ: 16 (20)  Ttime: 1.4059 Vtime: 0.0520
Step: 25000000  Loss: 0.074437 Regul: 0.009667 Obj: 0.084104 (0.078491)  NNZ: 20 (20)  Ttime: 1.4046 Vtime: 0.0519
Step: 25100000  Loss: 0.071507 Regul: 0.008563 Obj: 0.080070 (0.078491)  NNZ: 24 (20)  Ttime: 1.4074 Vtime: 0.0519
Step: 25200000  Loss: 0.074243 Regul: 0.007766 Obj: 0.082009 (0.078491)  NNZ: 17 (20)  Ttime: 1.4010 Vtime: 0.0526
Step: 25300000  Loss: 0.083726 Regul: 0.009987 Obj: 0.093713 (0.078491)  NNZ: 17 (20)  Ttime: 1.4044 Vtime: 0.0525
Step: 25400000  Loss: 0.079291 Regul: 0.006453 Obj: 0.085744 (0.078491)  NNZ: 13 (20)  Ttime: 1.4028 Vtime: 0.0518
Step: 25500000  Loss: 0.079487 Regul: 0.006835 Obj: 0.086322 (0.078491)  NNZ: 14 (20)  Ttime: 1.4052 Vtime: 0.0514
Step: 25600000  Loss: 0.071726 Regul: 0.007520 Obj: 0.079246 (0.078491)  NNZ: 16 (20)  Ttime: 1.4003 Vtime: 0.0512
Step: 25700000  Loss: 0.076724 Regul: 0.006049 Obj: 0.082773 (0.078491)  NNZ: 13 (20)  Ttime: 1.4036 Vtime: 0.0518
Step: 25800000  Loss: 0.085094 Regul: 0.006031 Obj: 0.091125 (0.078491)  NNZ: 12 (20)  Ttime: 1.4009 Vtime: 0.0511
Step: 25900000  Loss: 0.072006 Regul: 0.007932 Obj: 0.079938 (0.078491)  NNZ: 15 (20)  Ttime: 1.4002 Vtime: 0.0517
Step: 26000000  Loss: 0.075581 Regul: 0.007064 Obj: 0.082646 (0.078491)  NNZ: 16 (20)  Ttime: 1.4010 Vtime: 0.0514
Step: 26100000  Loss: 0.076663 Regul: 0.007418 Obj: 0.084082 (0.078491)  NNZ: 15 (20)  Ttime: 1.4029 Vtime: 0.0522
Step: 26200000  Loss: 0.077956 Regul: 0.007448 Obj: 0.085404 (0.078491)  NNZ: 16 (20)  Ttime: 1.4024 Vtime: 0.0514
Step: 26300000  Loss: 0.075099 Regul: 0.008357 Obj: 0.083456 (0.078491)  NNZ: 14 (20)  Ttime: 1.4015 Vtime: 0.0519
Step: 26400000  Loss: 0.084186 Regul: 0.004861 Obj: 0.089047 (0.078491)  NNZ: 11 (20)  Ttime: 1.4103 Vtime: 0.0521
Step: 26500000  Loss: 0.073114 Regul: 0.006661 Obj: 0.079775 (0.078491)  NNZ: 13 (20)  Ttime: 1.4084 Vtime: 0.0513
Step: 26600000  Loss: 0.077734 Regul: 0.006355 Obj: 0.084089 (0.078491)  NNZ: 14 (20)  Ttime: 1.4092 Vtime: 0.0519
Step: 26700000  Loss: 0.072103 Regul: 0.007399 Obj: 0.079502 (0.078491)  NNZ: 16 (20)  Ttime: 1.4093 Vtime: 0.0520
Step: 26800000  Loss: 0.075004 Regul: 0.010165 Obj: 0.085169 (0.078491)  NNZ: 19 (20)  Ttime: 1.4025 Vtime: 0.0511
Step: 26900000  Loss: 0.072657 Regul: 0.007085 Obj: 0.079742 (0.078491)  NNZ: 21 (20)  Ttime: 1.4067 Vtime: 0.0514
Step: 27000000  Loss: 0.077567 Regul: 0.005987 Obj: 0.083554 (0.078491)  NNZ: 13 (20)  Ttime: 1.4045 Vtime: 0.0519
Step: 27100000  Loss: 0.072723 Regul: 0.007957 Obj: 0.080679 (0.078491)  NNZ: 16 (20)  Ttime: 1.4002 Vtime: 0.0508
Step: 27200000  Loss: 0.073891 Regul: 0.009272 Obj: 0.083163 (0.078491)  NNZ: 18 (20)  Ttime: 1.4098 Vtime: 0.0520
Step: 27300000  Loss: 0.076917 Regul: 0.009481 Obj: 0.086398 (0.078491)  NNZ: 14 (20)  Ttime: 1.4048 Vtime: 0.0513
Step: 27400000  Loss: 0.077536 Regul: 0.008278 Obj: 0.085814 (0.078491)  NNZ: 14 (20)  Ttime: 1.4022 Vtime: 0.0511
Step: 27500000  Loss: 0.077907 Regul: 0.005853 Obj: 0.083760 (0.078491)  NNZ: 16 (20)  Ttime: 1.4056 Vtime: 0.0516
Step: 27600000  Loss: 0.076854 Regul: 0.009009 Obj: 0.085863 (0.078491)  NNZ: 18 (20)  Ttime: 1.4023 Vtime: 0.0516
Step: 27700000  Loss: 0.077097 Regul: 0.008448 Obj: 0.085545 (0.078491)  NNZ: 20 (20)  Ttime: 1.4108 Vtime: 0.0511
Step: 27800000  Loss: 0.074156 Regul: 0.007689 Obj: 0.081845 (0.078491)  NNZ: 16 (20)  Ttime: 1.3994 Vtime: 0.0520
Step: 27900000  Loss: 0.084121 Regul: 0.004705 Obj: 0.088826 (0.078491)  NNZ: 10 (20)  Ttime: 1.4032 Vtime: 0.0523
Step: 28000000  Loss: 0.074032 Regul: 0.006528 Obj: 0.080560 (0.078491)  NNZ: 16 (20)  Ttime: 1.4039 Vtime: 0.0513
Step: 28100000  Loss: 0.071598 Regul: 0.008248 Obj: 0.079845 (0.078491)  NNZ: 20 (20)  Ttime: 1.3992 Vtime: 0.0518
Step: 28200000  Loss: 0.074274 Regul: 0.006490 Obj: 0.080765 (0.078491)  NNZ: 15 (20)  Ttime: 1.4028 Vtime: 0.0518
Step: 28300000  Loss: 0.094288 Regul: 0.004127 Obj: 0.098414 (0.078491)  NNZ: 9 (20)  Ttime: 1.4030 Vtime: 0.0518
Step: 28400000  Loss: 0.082910 Regul: 0.005720 Obj: 0.088631 (0.078491)  NNZ: 9 (20)  Ttime: 1.4046 Vtime: 0.0518
Step: 28500000  Loss: 0.087858 Regul: 0.005339 Obj: 0.093197 (0.078491)  NNZ: 11 (20)  Ttime: 1.4071 Vtime: 0.0520
Step: 28600000  Loss: 0.075177 Regul: 0.006526 Obj: 0.081703 (0.078491)  NNZ: 12 (20)  Ttime: 1.4022 Vtime: 0.0519
Step: 28700000  Loss: 0.082940 Regul: 0.006687 Obj: 0.089627 (0.078491)  NNZ: 16 (20)  Ttime: 1.4065 Vtime: 0.0509
Step: 28800000  Loss: 0.076416 Regul: 0.007612 Obj: 0.084028 (0.078491)  NNZ: 19 (20)  Ttime: 1.4043 Vtime: 0.0518
Step: 28900000  Loss: 0.072769 Regul: 0.007776 Obj: 0.080546 (0.078491)  NNZ: 14 (20)  Ttime: 1.4057 Vtime: 0.0515
Step: 29000000  Loss: 0.072011 Regul: 0.008749 Obj: 0.080759 (0.078491)  NNZ: 19 (20)  Ttime: 1.4007 Vtime: 0.0515
Best: 29100000  Loss: 0.071232 Regul: 0.006362 Obj: 0.077595 (0.077595)  NNZ: 13 (13)  Ttime: 1.4025 Vtime: 0.0518
Stat: nPR #88 (#104) Dim/MaxDim [704/640] AUC: 0.972680 FPR95: 14.80
Step: 29200000  Loss: 0.076329 Regul: 0.008282 Obj: 0.084612 (0.077595)  NNZ: 16 (13)  Ttime: 1.4036 Vtime: 0.0509
Step: 29300000  Loss: 0.078042 Regul: 0.007454 Obj: 0.085496 (0.077595)  NNZ: 16 (13)  Ttime: 1.4067 Vtime: 0.0515
Step: 29400000  Loss: 0.078714 Regul: 0.007599 Obj: 0.086313 (0.077595)  NNZ: 18 (13)  Ttime: 1.4029 Vtime: 0.0515
Step: 29500000  Loss: 0.075697 Regul: 0.006911 Obj: 0.082608 (0.077595)  NNZ: 14 (13)  Ttime: 1.4047 Vtime: 0.0512
Step: 29600000  Loss: 0.082391 Regul: 0.005719 Obj: 0.088110 (0.077595)  NNZ: 16 (13)  Ttime: 1.4058 Vtime: 0.0514
Step: 29700000  Loss: 0.072639 Regul: 0.006590 Obj: 0.079229 (0.077595)  NNZ: 17 (13)  Ttime: 1.4061 Vtime: 0.0511
Step: 29800000  Loss: 0.077295 Regul: 0.007573 Obj: 0.084868 (0.077595)  NNZ: 15 (13)  Ttime: 1.4010 Vtime: 0.0512
Step: 29900000  Loss: 0.078923 Regul: 0.005176 Obj: 0.084099 (0.077595)  NNZ: 11 (13)  Ttime: 1.4017 Vtime: 0.0514
Step: 30000000  Loss: 0.074197 Regul: 0.008750 Obj: 0.082947 (0.077595)  NNZ: 17 (13)  Ttime: 1.4028 Vtime: 0.0516
Step: 30100000  Loss: 0.081664 Regul: 0.006771 Obj: 0.088435 (0.077595)  NNZ: 18 (13)  Ttime: 1.4009 Vtime: 0.0514
Step: 30200000  Loss: 0.085668 Regul: 0.004685 Obj: 0.090353 (0.077595)  NNZ: 13 (13)  Ttime: 1.4045 Vtime: 0.0512
Step: 30300000  Loss: 0.077619 Regul: 0.005686 Obj: 0.083305 (0.077595)  NNZ: 12 (13)  Ttime: 1.4064 Vtime: 0.0516
Step: 30400000  Loss: 0.082628 Regul: 0.007205 Obj: 0.089833 (0.077595)  NNZ: 16 (13)  Ttime: 1.4044 Vtime: 0.0509
Step: 30500000  Loss: 0.077823 Regul: 0.006263 Obj: 0.084086 (0.077595)  NNZ: 13 (13)  Ttime: 1.4061 Vtime: 0.0519
Step: 30600000  Loss: 0.078899 Regul: 0.005721 Obj: 0.084620 (0.077595)  NNZ: 15 (13)  Ttime: 1.4001 Vtime: 0.0522
Step: 30700000  Loss: 0.073667 Regul: 0.006865 Obj: 0.080532 (0.077595)  NNZ: 16 (13)  Ttime: 1.4006 Vtime: 0.0516
Step: 30800000  Loss: 0.097341 Regul: 0.004470 Obj: 0.101810 (0.077595)  NNZ: 11 (13)  Ttime: 1.4015 Vtime: 0.0509
Step: 30900000  Loss: 0.077206 Regul: 0.008029 Obj: 0.085235 (0.077595)  NNZ: 14 (13)  Ttime: 1.4053 Vtime: 0.0518
Step: 31000000  Loss: 0.072637 Regul: 0.008207 Obj: 0.080844 (0.077595)  NNZ: 18 (13)  Ttime: 1.4055 Vtime: 0.0513
Step: 31100000  Loss: 0.078804 Regul: 0.007994 Obj: 0.086798 (0.077595)  NNZ: 11 (13)  Ttime: 1.4004 Vtime: 0.0520
Step: 31200000  Loss: 0.073847 Regul: 0.006665 Obj: 0.080513 (0.077595)  NNZ: 13 (13)  Ttime: 1.4112 Vtime: 0.0526
Step: 31300000  Loss: 0.072367 Regul: 0.007416 Obj: 0.079783 (0.077595)  NNZ: 16 (13)  Ttime: 1.4048 Vtime: 0.0505
Step: 31400000  Loss: 0.075815 Regul: 0.006837 Obj: 0.082651 (0.077595)  NNZ: 14 (13)  Ttime: 1.4105 Vtime: 0.0518
Step: 31500000  Loss: 0.080396 Regul: 0.006314 Obj: 0.086710 (0.077595)  NNZ: 16 (13)  Ttime: 1.4075 Vtime: 0.0517
Step: 31600000  Loss: 0.075508 Regul: 0.005234 Obj: 0.080741 (0.077595)  NNZ: 9 (13)  Ttime: 1.4050 Vtime: 0.0512
Step: 31700000  Loss: 0.080235 Regul: 0.006060 Obj: 0.086296 (0.077595)  NNZ: 16 (13)  Ttime: 1.4045 Vtime: 0.0515
Step: 31800000  Loss: 0.071012 Regul: 0.007852 Obj: 0.078864 (0.077595)  NNZ: 16 (13)  Ttime: 1.4067 Vtime: 0.0511
Step: 31900000  Loss: 0.076905 Regul: 0.006516 Obj: 0.083420 (0.077595)  NNZ: 18 (13)  Ttime: 1.4072 Vtime: 0.0518
Step: 32000000  Loss: 0.074401 Regul: 0.006901 Obj: 0.081303 (0.077595)  NNZ: 13 (13)  Ttime: 1.4057 Vtime: 0.0520
Step: 32100000  Loss: 0.073507 Regul: 0.008396 Obj: 0.081903 (0.077595)  NNZ: 18 (13)  Ttime: 1.4066 Vtime: 0.0518
Step: 32200000  Loss: 0.083537 Regul: 0.006948 Obj: 0.090484 (0.077595)  NNZ: 16 (13)  Ttime: 1.4042 Vtime: 0.0519
Step: 32300000  Loss: 0.088921 Regul: 0.004563 Obj: 0.093484 (0.077595)  NNZ: 12 (13)  Ttime: 1.4067 Vtime: 0.0515
Step: 32400000  Loss: 0.076889 Regul: 0.009653 Obj: 0.086541 (0.077595)  NNZ: 18 (13)  Ttime: 1.4060 Vtime: 0.0518
Step: 32500000  Loss: 0.084681 Regul: 0.006749 Obj: 0.091429 (0.077595)  NNZ: 13 (13)  Ttime: 1.4064 Vtime: 0.0513
Step: 32600000  Loss: 0.072080 Regul: 0.007104 Obj: 0.079184 (0.077595)  NNZ: 13 (13)  Ttime: 1.4094 Vtime: 0.0512
Step: 32700000  Loss: 0.075812 Regul: 0.007800 Obj: 0.083611 (0.077595)  NNZ: 17 (13)  Ttime: 1.4109 Vtime: 0.0511
Step: 32800000  Loss: 0.076012 Regul: 0.007620 Obj: 0.083632 (0.077595)  NNZ: 14 (13)  Ttime: 1.4147 Vtime: 0.0508
Step: 32900000  Loss: 0.109942 Regul: 0.003869 Obj: 0.113811 (0.077595)  NNZ: 11 (13)  Ttime: 1.4056 Vtime: 0.0515
Step: 33000000  Loss: 0.077614 Regul: 0.006044 Obj: 0.083658 (0.077595)  NNZ: 13 (13)  Ttime: 1.4110 Vtime: 0.0515
Step: 33100000  Loss: 0.077111 Regul: 0.006461 Obj: 0.083572 (0.077595)  NNZ: 16 (13)  Ttime: 1.4080 Vtime: 0.0521
Step: 33200000  Loss: 0.074710 Regul: 0.007114 Obj: 0.081824 (0.077595)  NNZ: 14 (13)  Ttime: 1.4098 Vtime: 0.0513
Step: 33300000  Loss: 0.086290 Regul: 0.004421 Obj: 0.090710 (0.077595)  NNZ: 11 (13)  Ttime: 1.4115 Vtime: 0.0517
Step: 33400000  Loss: 0.073380 Regul: 0.007162 Obj: 0.080542 (0.077595)  NNZ: 16 (13)  Ttime: 1.4052 Vtime: 0.0510
Step: 33500000  Loss: 0.082350 Regul: 0.005575 Obj: 0.087925 (0.077595)  NNZ: 10 (13)  Ttime: 1.4103 Vtime: 0.0518
Step: 33600000  Loss: 0.078799 Regul: 0.010166 Obj: 0.088965 (0.077595)  NNZ: 15 (13)  Ttime: 1.4084 Vtime: 0.0510
Step: 33700000  Loss: 0.075321 Regul: 0.011288 Obj: 0.086610 (0.077595)  NNZ: 18 (13)  Ttime: 1.4066 Vtime: 0.0513
Step: 33800000  Loss: 0.076155 Regul: 0.011018 Obj: 0.087173 (0.077595)  NNZ: 20 (13)  Ttime: 1.3995 Vtime: 0.0511
Step: 33900000  Loss: 0.074629 Regul: 0.009384 Obj: 0.084013 (0.077595)  NNZ: 20 (13)  Ttime: 1.3998 Vtime: 0.0521
Step: 34000000  Loss: 0.075788 Regul: 0.009413 Obj: 0.085201 (0.077595)  NNZ: 14 (13)  Ttime: 1.3997 Vtime: 0.0513
Step: 34100000  Loss: 0.088508 Regul: 0.011219 Obj: 0.099727 (0.077595)  NNZ: 18 (13)  Ttime: 1.4001 Vtime: 0.0519
Step: 34200000  Loss: 0.077602 Regul: 0.010992 Obj: 0.088595 (0.077595)  NNZ: 20 (13)  Ttime: 1.4023 Vtime: 0.0515
Step: 34300000  Loss: 0.078910 Regul: 0.009313 Obj: 0.088223 (0.077595)  NNZ: 18 (13)  Ttime: 1.4028 Vtime: 0.0514
Step: 34400000  Loss: 0.072884 Regul: 0.009152 Obj: 0.082035 (0.077595)  NNZ: 19 (13)  Ttime: 1.4059 Vtime: 0.0519
Step: 34500000  Loss: 0.076231 Regul: 0.007773 Obj: 0.084004 (0.077595)  NNZ: 18 (13)  Ttime: 1.4040 Vtime: 0.0521
Step: 34600000  Loss: 0.075456 Regul: 0.007432 Obj: 0.082889 (0.077595)  NNZ: 14 (13)  Ttime: 1.3998 Vtime: 0.0516
Step: 34700000  Loss: 0.076777 Regul: 0.009232 Obj: 0.086008 (0.077595)  NNZ: 18 (13)  Ttime: 1.4036 Vtime: 0.0523
Step: 34800000  Loss: 0.073430 Regul: 0.009667 Obj: 0.083097 (0.077595)  NNZ: 19 (13)  Ttime: 1.4043 Vtime: 0.0517
Step: 34900000  Loss: 0.073401 Regul: 0.008329 Obj: 0.081730 (0.077595)  NNZ: 15 (13)  Ttime: 1.4005 Vtime: 0.0510
Step: 35000000  Loss: 0.071551 Regul: 0.008920 Obj: 0.080470 (0.077595)  NNZ: 16 (13)  Ttime: 1.3975 Vtime: 0.0515
Step: 35100000  Loss: 0.071407 Regul: 0.009197 Obj: 0.080604 (0.077595)  NNZ: 16 (13)  Ttime: 1.4050 Vtime: 0.0510
Step: 35200000  Loss: 0.073188 Regul: 0.009370 Obj: 0.082558 (0.077595)  NNZ: 17 (13)  Ttime: 1.4052 Vtime: 0.0516
Step: 35300000  Loss: 0.075592 Regul: 0.011074 Obj: 0.086666 (0.077595)  NNZ: 17 (13)  Ttime: 1.4006 Vtime: 0.0524
Step: 35400000  Loss: 0.076053 Regul: 0.011003 Obj: 0.087056 (0.077595)  NNZ: 20 (13)  Ttime: 1.4041 Vtime: 0.0516
Step: 35500000  Loss: 0.072620 Regul: 0.009241 Obj: 0.081860 (0.077595)  NNZ: 20 (13)  Ttime: 1.4025 Vtime: 0.0525
Step: 35600000  Loss: 0.079478 Regul: 0.008365 Obj: 0.087843 (0.077595)  NNZ: 21 (13)  Ttime: 1.3995 Vtime: 0.0514
Step: 35700000  Loss: 0.072767 Regul: 0.010170 Obj: 0.082937 (0.077595)  NNZ: 18 (13)  Ttime: 1.3990 Vtime: 0.0514
Step: 35800000  Loss: 0.079047 Regul: 0.007922 Obj: 0.086969 (0.077595)  NNZ: 17 (13)  Ttime: 1.3980 Vtime: 0.0516
Step: 35900000  Loss: 0.073977 Regul: 0.008788 Obj: 0.082766 (0.077595)  NNZ: 14 (13)  Ttime: 1.4020 Vtime: 0.0514
Step: 36000000  Loss: 0.078459 Regul: 0.011020 Obj: 0.089479 (0.077595)  NNZ: 17 (13)  Ttime: 1.4027 Vtime: 0.0512
Step: 36100000  Loss: 0.072623 Regul: 0.007653 Obj: 0.080276 (0.077595)  NNZ: 20 (13)  Ttime: 1.3980 Vtime: 0.0509
Step: 36200000  Loss: 0.072765 Regul: 0.008687 Obj: 0.081452 (0.077595)  NNZ: 14 (13)  Ttime: 1.3972 Vtime: 0.0520
Step: 36300000  Loss: 0.074470 Regul: 0.009116 Obj: 0.083586 (0.077595)  NNZ: 18 (13)  Ttime: 1.4024 Vtime: 0.0516
Step: 36400000  Loss: 0.080069 Regul: 0.010214 Obj: 0.090283 (0.077595)  NNZ: 19 (13)  Ttime: 1.4034 Vtime: 0.0519
Best: 36500000  Loss: 0.070928 Regul: 0.006556 Obj: 0.077484 (0.077484)  NNZ: 16 (16)  Ttime: 1.3985 Vtime: 0.0515
Stat: nPR #108 (#128) Dim/MaxDim [864/640] AUC: 0.972789 FPR95: 14.71
Step: 36600000  Loss: 0.074441 Regul: 0.010427 Obj: 0.084868 (0.077484)  NNZ: 18 (16)  Ttime: 1.4040 Vtime: 0.0514
Step: 36700000  Loss: 0.074949 Regul: 0.007832 Obj: 0.082781 (0.077484)  NNZ: 16 (16)  Ttime: 1.3973 Vtime: 0.0511
Step: 36800000  Loss: 0.079865 Regul: 0.010737 Obj: 0.090602 (0.077484)  NNZ: 14 (16)  Ttime: 1.4027 Vtime: 0.0508
Step: 36900000  Loss: 0.074781 Regul: 0.010782 Obj: 0.085564 (0.077484)  NNZ: 21 (16)  Ttime: 1.4037 Vtime: 0.0524
Step: 37000000  Loss: 0.071404 Regul: 0.007405 Obj: 0.078809 (0.077484)  NNZ: 15 (16)  Ttime: 1.4020 Vtime: 0.0518
Step: 37100000  Loss: 0.073802 Regul: 0.010916 Obj: 0.084719 (0.077484)  NNZ: 19 (16)  Ttime: 1.4014 Vtime: 0.0525
Step: 37200000  Loss: 0.074070 Regul: 0.010372 Obj: 0.084442 (0.077484)  NNZ: 19 (16)  Ttime: 1.4041 Vtime: 0.0515
Step: 37300000  Loss: 0.072511 Regul: 0.009321 Obj: 0.081832 (0.077484)  NNZ: 18 (16)  Ttime: 1.4087 Vtime: 0.0516
Step: 37400000  Loss: 0.076939 Regul: 0.009701 Obj: 0.086640 (0.077484)  NNZ: 15 (16)  Ttime: 1.4079 Vtime: 0.0518
Step: 37500000  Loss: 0.072277 Regul: 0.008567 Obj: 0.080843 (0.077484)  NNZ: 14 (16)  Ttime: 1.3975 Vtime: 0.0517
Step: 37600000  Loss: 0.077491 Regul: 0.011511 Obj: 0.089003 (0.077484)  NNZ: 21 (16)  Ttime: 1.4032 Vtime: 0.0513
Step: 37700000  Loss: 0.074917 Regul: 0.010834 Obj: 0.085751 (0.077484)  NNZ: 18 (16)  Ttime: 1.4037 Vtime: 0.0517
Step: 37800000  Loss: 0.077916 Regul: 0.013159 Obj: 0.091075 (0.077484)  NNZ: 24 (16)  Ttime: 1.4004 Vtime: 0.0513
Step: 37900000  Loss: 0.074283 Regul: 0.009177 Obj: 0.083460 (0.077484)  NNZ: 18 (16)  Ttime: 1.4015 Vtime: 0.0520
Step: 38000000  Loss: 0.077982 Regul: 0.010466 Obj: 0.088448 (0.077484)  NNZ: 25 (16)  Ttime: 1.4202 Vtime: 0.0513
Step: 38100000  Loss: 0.078727 Regul: 0.011200 Obj: 0.089927 (0.077484)  NNZ: 18 (16)  Ttime: 1.4030 Vtime: 0.0515
Step: 38200000  Loss: 0.086259 Regul: 0.005646 Obj: 0.091905 (0.077484)  NNZ: 13 (16)  Ttime: 1.4058 Vtime: 0.0518
Step: 38300000  Loss: 0.073479 Regul: 0.010110 Obj: 0.083589 (0.077484)  NNZ: 20 (16)  Ttime: 1.4032 Vtime: 0.0512
Step: 38400000  Loss: 0.074615 Regul: 0.008187 Obj: 0.082802 (0.077484)  NNZ: 17 (16)  Ttime: 1.4084 Vtime: 0.0514
Step: 38500000  Loss: 0.073663 Regul: 0.010394 Obj: 0.084057 (0.077484)  NNZ: 18 (16)  Ttime: 1.4038 Vtime: 0.0532
Step: 38600000  Loss: 0.079868 Regul: 0.009452 Obj: 0.089320 (0.077484)  NNZ: 17 (16)  Ttime: 1.4055 Vtime: 0.0512
Step: 38700000  Loss: 0.075680 Regul: 0.010939 Obj: 0.086619 (0.077484)  NNZ: 21 (16)  Ttime: 1.4037 Vtime: 0.0513
Step: 38800000  Loss: 0.070624 Regul: 0.008596 Obj: 0.079220 (0.077484)  NNZ: 19 (16)  Ttime: 1.4090 Vtime: 0.0512
Step: 38900000  Loss: 0.072987 Regul: 0.009742 Obj: 0.082729 (0.077484)  NNZ: 19 (16)  Ttime: 1.4111 Vtime: 0.0515
Step: 39000000  Loss: 0.074345 Regul: 0.009795 Obj: 0.084140 (0.077484)  NNZ: 18 (16)  Ttime: 1.4068 Vtime: 0.0522
Step: 39100000  Loss: 0.074430 Regul: 0.008456 Obj: 0.082886 (0.077484)  NNZ: 14 (16)  Ttime: 1.4077 Vtime: 0.0508
Step: 39200000  Loss: 0.073011 Regul: 0.010457 Obj: 0.083468 (0.077484)  NNZ: 18 (16)  Ttime: 1.4027 Vtime: 0.0512
Step: 39300000  Loss: 0.071294 Regul: 0.008824 Obj: 0.080118 (0.077484)  NNZ: 21 (16)  Ttime: 1.4062 Vtime: 0.0515
Step: 39400000  Loss: 0.075946 Regul: 0.005897 Obj: 0.081843 (0.077484)  NNZ: 18 (16)  Ttime: 1.4054 Vtime: 0.0526
Step: 39500000  Loss: 0.074071 Regul: 0.010178 Obj: 0.084248 (0.077484)  NNZ: 21 (16)  Ttime: 1.4050 Vtime: 0.0516
Step: 39600000  Loss: 0.074222 Regul: 0.007234 Obj: 0.081456 (0.077484)  NNZ: 12 (16)  Ttime: 1.3995 Vtime: 0.0512
Step: 39700000  Loss: 0.072078 Regul: 0.008735 Obj: 0.080812 (0.077484)  NNZ: 20 (16)  Ttime: 1.4065 Vtime: 0.0511
Step: 39800000  Loss: 0.072693 Regul: 0.010305 Obj: 0.082997 (0.077484)  NNZ: 21 (16)  Ttime: 1.3986 Vtime: 0.0511
Step: 39900000  Loss: 0.076242 Regul: 0.008483 Obj: 0.084725 (0.077484)  NNZ: 17 (16)  Ttime: 1.4023 Vtime: 0.0510
Step: 40000000  Loss: 0.081089 Regul: 0.011237 Obj: 0.092326 (0.077484)  NNZ: 23 (16)  Ttime: 1.4064 Vtime: 0.0509
Step: 40100000  Loss: 0.077713 Regul: 0.012672 Obj: 0.090385 (0.077484)  NNZ: 22 (16)  Ttime: 1.4030 Vtime: 0.0514
Step: 40200000  Loss: 0.077655 Regul: 0.008704 Obj: 0.086359 (0.077484)  NNZ: 17 (16)  Ttime: 1.4036 Vtime: 0.0514
Step: 40300000  Loss: 0.076266 Regul: 0.008144 Obj: 0.084410 (0.077484)  NNZ: 14 (16)  Ttime: 1.3989 Vtime: 0.0518
Step: 40400000  Loss: 0.076666 Regul: 0.011431 Obj: 0.088097 (0.077484)  NNZ: 24 (16)  Ttime: 1.4056 Vtime: 0.0515
Step: 40500000  Loss: 0.074444 Regul: 0.007421 Obj: 0.081865 (0.077484)  NNZ: 16 (16)  Ttime: 1.4012 Vtime: 0.0512
Step: 40600000  Loss: 0.079150 Regul: 0.006873 Obj: 0.086023 (0.077484)  NNZ: 13 (16)  Ttime: 1.4025 Vtime: 0.0515
Step: 40700000  Loss: 0.076965 Regul: 0.008466 Obj: 0.085432 (0.077484)  NNZ: 17 (16)  Ttime: 1.3997 Vtime: 0.0515
Step: 40800000  Loss: 0.081065 Regul: 0.013786 Obj: 0.094851 (0.077484)  NNZ: 26 (16)  Ttime: 1.4013 Vtime: 0.0513
Step: 40900000  Loss: 0.077462 Regul: 0.011158 Obj: 0.088620 (0.077484)  NNZ: 19 (16)  Ttime: 1.3994 Vtime: 0.0514
Step: 41000000  Loss: 0.071784 Regul: 0.009119 Obj: 0.080902 (0.077484)  NNZ: 17 (16)  Ttime: 1.4029 Vtime: 0.0518
Step: 41100000  Loss: 0.071696 Regul: 0.007899 Obj: 0.079596 (0.077484)  NNZ: 16 (16)  Ttime: 1.3987 Vtime: 0.0512
Step: 41200000  Loss: 0.094856 Regul: 0.014354 Obj: 0.109211 (0.077484)  NNZ: 20 (16)  Ttime: 1.4050 Vtime: 0.0515
Step: 41300000  Loss: 0.077953 Regul: 0.009758 Obj: 0.087711 (0.077484)  NNZ: 19 (16)  Ttime: 1.4049 Vtime: 0.0517
Step: 41400000  Loss: 0.075536 Regul: 0.008519 Obj: 0.084055 (0.077484)  NNZ: 17 (16)  Ttime: 1.3998 Vtime: 0.0518
Step: 41500000  Loss: 0.075109 Regul: 0.006907 Obj: 0.082015 (0.077484)  NNZ: 16 (16)  Ttime: 1.4075 Vtime: 0.0515
Step: 41600000  Loss: 0.079925 Regul: 0.011526 Obj: 0.091451 (0.077484)  NNZ: 24 (16)  Ttime: 1.4106 Vtime: 0.0516
Step: 41700000  Loss: 0.075040 Regul: 0.010446 Obj: 0.085486 (0.077484)  NNZ: 16 (16)  Ttime: 1.3981 Vtime: 0.0515
Step: 41800000  Loss: 0.078962 Regul: 0.010507 Obj: 0.089469 (0.077484)  NNZ: 13 (16)  Ttime: 1.4050 Vtime: 0.0520
Step: 41900000  Loss: 0.080265 Regul: 0.007374 Obj: 0.087640 (0.077484)  NNZ: 13 (16)  Ttime: 1.3986 Vtime: 0.0521
Step: 42000000  Loss: 0.075628 Regul: 0.005964 Obj: 0.081592 (0.077484)  NNZ: 13 (16)  Ttime: 1.4117 Vtime: 0.0513
Step: 42100000  Loss: 0.075712 Regul: 0.007349 Obj: 0.083061 (0.077484)  NNZ: 18 (16)  Ttime: 1.4051 Vtime: 0.0516
Step: 42200000  Loss: 0.076217 Regul: 0.008151 Obj: 0.084368 (0.077484)  NNZ: 20 (16)  Ttime: 1.4027 Vtime: 0.0519
Step: 42300000  Loss: 0.073256 Regul: 0.009290 Obj: 0.082545 (0.077484)  NNZ: 20 (16)  Ttime: 1.4130 Vtime: 0.0512
Step: 42400000  Loss: 0.077002 Regul: 0.007861 Obj: 0.084863 (0.077484)  NNZ: 15 (16)  Ttime: 1.4025 Vtime: 0.0509
Step: 42500000  Loss: 0.073932 Regul: 0.006250 Obj: 0.080182 (0.077484)  NNZ: 13 (16)  Ttime: 1.4001 Vtime: 0.0511
Step: 42600000  Loss: 0.074411 Regul: 0.008400 Obj: 0.082811 (0.077484)  NNZ: 16 (16)  Ttime: 1.4036 Vtime: 0.0514
Step: 42700000  Loss: 0.077629 Regul: 0.009697 Obj: 0.087327 (0.077484)  NNZ: 17 (16)  Ttime: 1.4024 Vtime: 0.0510
Step: 42800000  Loss: 0.087114 Regul: 0.009980 Obj: 0.097095 (0.077484)  NNZ: 18 (16)  Ttime: 1.4034 Vtime: 0.0509
Step: 42900000  Loss: 0.075938 Regul: 0.010735 Obj: 0.086673 (0.077484)  NNZ: 22 (16)  Ttime: 1.4002 Vtime: 0.0512
Step: 43000000  Loss: 0.076933 Regul: 0.011902 Obj: 0.088834 (0.077484)  NNZ: 22 (16)  Ttime: 1.3985 Vtime: 0.0518
Step: 43100000  Loss: 0.078142 Regul: 0.011365 Obj: 0.089507 (0.077484)  NNZ: 20 (16)  Ttime: 1.4006 Vtime: 0.0515
Step: 43200000  Loss: 0.076233 Regul: 0.007991 Obj: 0.084224 (0.077484)  NNZ: 22 (16)  Ttime: 1.4025 Vtime: 0.0515
Step: 43300000  Loss: 0.073891 Regul: 0.010381 Obj: 0.084272 (0.077484)  NNZ: 16 (16)  Ttime: 1.4029 Vtime: 0.0514
Step: 43400000  Loss: 0.087903 Regul: 0.011046 Obj: 0.098950 (0.077484)  NNZ: 18 (16)  Ttime: 1.4068 Vtime: 0.0518
Step: 43500000  Loss: 0.075444 Regul: 0.011089 Obj: 0.086533 (0.077484)  NNZ: 20 (16)  Ttime: 1.4028 Vtime: 0.0510
Step: 43600000  Loss: 0.075969 Regul: 0.010698 Obj: 0.086667 (0.077484)  NNZ: 21 (16)  Ttime: 1.4106 Vtime: 0.0515
Step: 43700000  Loss: 0.080763 Regul: 0.009729 Obj: 0.090492 (0.077484)  NNZ: 18 (16)  Ttime: 1.4076 Vtime: 0.0516
Step: 43800000  Loss: 0.079262 Regul: 0.008531 Obj: 0.087793 (0.077484)  NNZ: 16 (16)  Ttime: 1.4032 Vtime: 0.0512
Step: 43900000  Loss: 0.077064 Regul: 0.011836 Obj: 0.088900 (0.077484)  NNZ: 20 (16)  Ttime: 1.4093 Vtime: 0.0522
Step: 44000000  Loss: 0.073776 Regul: 0.008246 Obj: 0.082021 (0.077484)  NNZ: 18 (16)  Ttime: 1.4066 Vtime: 0.0514
Step: 44100000  Loss: 0.080934 Regul: 0.010743 Obj: 0.091678 (0.077484)  NNZ: 19 (16)  Ttime: 1.4083 Vtime: 0.0523
Step: 44200000  Loss: 0.074938 Regul: 0.006869 Obj: 0.081807 (0.077484)  NNZ: 13 (16)  Ttime: 1.4087 Vtime: 0.0515
Step: 44300000  Loss: 0.080247 Regul: 0.010304 Obj: 0.090551 (0.077484)  NNZ: 19 (16)  Ttime: 1.4065 Vtime: 0.0522
Step: 44400000  Loss: 0.076517 Regul: 0.010347 Obj: 0.086864 (0.077484)  NNZ: 18 (16)  Ttime: 1.4078 Vtime: 0.0510
Step: 44500000  Loss: 0.075624 Regul: 0.010237 Obj: 0.085861 (0.077484)  NNZ: 17 (16)  Ttime: 1.4032 Vtime: 0.0514
Step: 44600000  Loss: 0.072767 Regul: 0.010107 Obj: 0.082875 (0.077484)  NNZ: 20 (16)  Ttime: 1.4056 Vtime: 0.0509
Step: 44700000  Loss: 0.072842 Regul: 0.010107 Obj: 0.082949 (0.077484)  NNZ: 19 (16)  Ttime: 1.4051 Vtime: 0.0518
Step: 44800000  Loss: 0.073837 Regul: 0.008990 Obj: 0.082827 (0.077484)  NNZ: 20 (16)  Ttime: 1.4000 Vtime: 0.0516
Step: 44900000  Loss: 0.084155 Regul: 0.012122 Obj: 0.096277 (0.077484)  NNZ: 24 (16)  Ttime: 1.4034 Vtime: 0.0518
Step: 45000000  Loss: 0.076747 Regul: 0.010116 Obj: 0.086863 (0.077484)  NNZ: 17 (16)  Ttime: 1.4048 Vtime: 0.0511
Step: 45100000  Loss: 0.072871 Regul: 0.008839 Obj: 0.081710 (0.077484)  NNZ: 20 (16)  Ttime: 1.3962 Vtime: 0.0520
Step: 45200000  Loss: 0.073886 Regul: 0.009131 Obj: 0.083016 (0.077484)  NNZ: 17 (16)  Ttime: 1.3987 Vtime: 0.0510
Step: 45300000  Loss: 0.076751 Regul: 0.007942 Obj: 0.084693 (0.077484)  NNZ: 19 (16)  Ttime: 1.4066 Vtime: 0.0514
Step: 45400000  Loss: 0.073769 Regul: 0.010967 Obj: 0.084736 (0.077484)  NNZ: 21 (16)  Ttime: 1.3969 Vtime: 0.0512
Step: 45500000  Loss: 0.073000 Regul: 0.007385 Obj: 0.080386 (0.077484)  NNZ: 15 (16)  Ttime: 1.4011 Vtime: 0.0517
Step: 45600000  Loss: 0.074205 Regul: 0.009597 Obj: 0.083802 (0.077484)  NNZ: 18 (16)  Ttime: 1.3973 Vtime: 0.0521
Step: 45700000  Loss: 0.072891 Regul: 0.009169 Obj: 0.082059 (0.077484)  NNZ: 18 (16)  Ttime: 1.4025 Vtime: 0.0521
Step: 45800000  Loss: 0.073657 Regul: 0.009955 Obj: 0.083611 (0.077484)  NNZ: 21 (16)  Ttime: 1.3981 Vtime: 0.0518
Step: 45900000  Loss: 0.073505 Regul: 0.006680 Obj: 0.080185 (0.077484)  NNZ: 17 (16)  Ttime: 1.4105 Vtime: 0.0526
Step: 46000000  Loss: 0.076191 Regul: 0.007666 Obj: 0.083857 (0.077484)  NNZ: 17 (16)  Ttime: 1.4046 Vtime: 0.0519
Step: 46100000  Loss: 0.079669 Regul: 0.011077 Obj: 0.090746 (0.077484)  NNZ: 21 (16)  Ttime: 1.4068 Vtime: 0.0515
Step: 46200000  Loss: 0.075907 Regul: 0.009327 Obj: 0.085235 (0.077484)  NNZ: 17 (16)  Ttime: 1.4075 Vtime: 0.0519
Step: 46300000  Loss: 0.071485 Regul: 0.009846 Obj: 0.081332 (0.077484)  NNZ: 21 (16)  Ttime: 1.4080 Vtime: 0.0516
Step: 46400000  Loss: 0.070933 Regul: 0.008192 Obj: 0.079125 (0.077484)  NNZ: 18 (16)  Ttime: 1.4095 Vtime: 0.0516
Step: 46500000  Loss: 0.076071 Regul: 0.007930 Obj: 0.084001 (0.077484)  NNZ: 15 (16)  Ttime: 1.4067 Vtime: 0.0513
Step: 46600000  Loss: 0.072133 Regul: 0.007919 Obj: 0.080052 (0.077484)  NNZ: 14 (16)  Ttime: 1.4268 Vtime: 0.0519
Step: 46700000  Loss: 0.078342 Regul: 0.010001 Obj: 0.088343 (0.077484)  NNZ: 18 (16)  Ttime: 1.4060 Vtime: 0.0521
Step: 46800000  Loss: 0.077580 Regul: 0.012278 Obj: 0.089858 (0.077484)  NNZ: 20 (16)  Ttime: 1.4089 Vtime: 0.0512
Step: 46900000  Loss: 0.071760 Regul: 0.008215 Obj: 0.079975 (0.077484)  NNZ: 16 (16)  Ttime: 1.4060 Vtime: 0.0516
Step: 47000000  Loss: 0.071780 Regul: 0.008702 Obj: 0.080483 (0.077484)  NNZ: 15 (16)  Ttime: 1.4104 Vtime: 0.0522
Step: 47100000  Loss: 0.074322 Regul: 0.009755 Obj: 0.084076 (0.077484)  NNZ: 17 (16)  Ttime: 1.4042 Vtime: 0.0518
Step: 47200000  Loss: 0.076138 Regul: 0.011058 Obj: 0.087196 (0.077484)  NNZ: 17 (16)  Ttime: 1.4050 Vtime: 0.0515
Step: 47300000  Loss: 0.076495 Regul: 0.007887 Obj: 0.084382 (0.077484)  NNZ: 16 (16)  Ttime: 1.4019 Vtime: 0.0519
Step: 47400000  Loss: 0.073510 Regul: 0.009313 Obj: 0.082822 (0.077484)  NNZ: 19 (16)  Ttime: 1.4011 Vtime: 0.0515
Step: 47500000  Loss: 0.075017 Regul: 0.008312 Obj: 0.083328 (0.077484)  NNZ: 17 (16)  Ttime: 1.4008 Vtime: 0.0509
Step: 47600000  Loss: 0.078974 Regul: 0.008362 Obj: 0.087335 (0.077484)  NNZ: 21 (16)  Ttime: 1.4055 Vtime: 0.0515
Step: 47700000  Loss: 0.075324 Regul: 0.009783 Obj: 0.085106 (0.077484)  NNZ: 21 (16)  Ttime: 1.4039 Vtime: 0.0518
Step: 47800000  Loss: 0.073062 Regul: 0.007439 Obj: 0.080501 (0.077484)  NNZ: 15 (16)  Ttime: 1.4019 Vtime: 0.0511
Step: 47900000  Loss: 0.073188 Regul: 0.008766 Obj: 0.081954 (0.077484)  NNZ: 17 (16)  Ttime: 1.4021 Vtime: 0.0516
Step: 48000000  Loss: 0.072255 Regul: 0.008477 Obj: 0.080732 (0.077484)  NNZ: 15 (16)  Ttime: 1.4007 Vtime: 0.0517
Step: 48100000  Loss: 0.077459 Regul: 0.011206 Obj: 0.088665 (0.077484)  NNZ: 18 (16)  Ttime: 1.4056 Vtime: 0.0517
Step: 48200000  Loss: 0.082372 Regul: 0.013822 Obj: 0.096194 (0.077484)  NNZ: 23 (16)  Ttime: 1.3987 Vtime: 0.0510
Step: 48300000  Loss: 0.080657 Regul: 0.010935 Obj: 0.091592 (0.077484)  NNZ: 20 (16)  Ttime: 1.4050 Vtime: 0.0516
Step: 48400000  Loss: 0.071930 Regul: 0.008666 Obj: 0.080595 (0.077484)  NNZ: 20 (16)  Ttime: 1.3991 Vtime: 0.0515
Step: 48500000  Loss: 0.079259 Regul: 0.011686 Obj: 0.090945 (0.077484)  NNZ: 22 (16)  Ttime: 1.4060 Vtime: 0.0514
Step: 48600000  Loss: 0.074205 Regul: 0.009642 Obj: 0.083848 (0.077484)  NNZ: 18 (16)  Ttime: 1.4036 Vtime: 0.0519
Step: 48700000  Loss: 0.078572 Regul: 0.013234 Obj: 0.091805 (0.077484)  NNZ: 20 (16)  Ttime: 1.3994 Vtime: 0.0510
Step: 48800000  Loss: 0.076540 Regul: 0.008386 Obj: 0.084926 (0.077484)  NNZ: 16 (16)  Ttime: 1.4027 Vtime: 0.0513
Step: 48900000  Loss: 0.080404 Regul: 0.012163 Obj: 0.092567 (0.077484)  NNZ: 22 (16)  Ttime: 1.3981 Vtime: 0.0516
Step: 49000000  Loss: 0.077568 Regul: 0.009375 Obj: 0.086943 (0.077484)  NNZ: 16 (16)  Ttime: 1.4059 Vtime: 0.0511
Step: 49100000  Loss: 0.076976 Regul: 0.011028 Obj: 0.088004 (0.077484)  NNZ: 19 (16)  Ttime: 1.4018 Vtime: 0.0516
Step: 49200000  Loss: 0.072413 Regul: 0.008550 Obj: 0.080963 (0.077484)  NNZ: 21 (16)  Ttime: 1.4000 Vtime: 0.0521
Step: 49300000  Loss: 0.077317 Regul: 0.007100 Obj: 0.084417 (0.077484)  NNZ: 18 (16)  Ttime: 1.4054 Vtime: 0.0514
Step: 49400000  Loss: 0.079783 Regul: 0.012203 Obj: 0.091986 (0.077484)  NNZ: 23 (16)  Ttime: 1.4056 Vtime: 0.0512
Step: 49500000  Loss: 0.076861 Regul: 0.010276 Obj: 0.087137 (0.077484)  NNZ: 19 (16)  Ttime: 1.4026 Vtime: 0.0513
Step: 49600000  Loss: 0.073490 Regul: 0.010087 Obj: 0.083577 (0.077484)  NNZ: 20 (16)  Ttime: 1.4021 Vtime: 0.0516
Step: 49700000  Loss: 0.073107 Regul: 0.007545 Obj: 0.080652 (0.077484)  NNZ: 19 (16)  Ttime: 1.4066 Vtime: 0.0522
Step: 49800000  Loss: 0.078895 Regul: 0.011128 Obj: 0.090023 (0.077484)  NNZ: 22 (16)  Ttime: 1.4045 Vtime: 0.0516
Step: 49900000  Loss: 0.072822 Regul: 0.009877 Obj: 0.082699 (0.077484)  NNZ: 18 (16)  Ttime: 1.4097 Vtime: 0.0517
Step: 50000000  Loss: 0.074621 Regul: 0.008964 Obj: 0.083585 (0.077484)  NNZ: 19 (16)  Ttime: 1.4090 Vtime: 0.0519
