mu: 0.04 gamma: 0.15 nIters: 50000000
Load PRParams.
Load RingParams.
Load Labels: 500000
Load Distances: 500000 x 5120
0...10...20...30...40...50...60...70...80...90...100 - done.
Positive samples #250000
Negative samples #250000
Positive train #200000
Negative train #200000
Positive valid #50000
Negative valid #50000

Found GPU: GeForce GTX 970
Compute Capability: 5.2

Best: 100000  Loss: 0.128683 Regul: 0.033055 Obj: 0.161738 (0.161738)  NNZ: 5 (5)  Ttime: 1.4201 Vtime: 0.2338
Stat: nPR #28 (#40) Dim/MaxDim [224/640] AUC: 0.963965 FPR95: 21.07 [saved]
Step: 200000  Loss: 0.172006 Regul: 0.067605 Obj: 0.239612 (0.161738)  NNZ: 10 (5)  Ttime: 1.4092 Vtime: 0.0508
Best: 300000  Loss: 0.116308 Regul: 0.032785 Obj: 0.149093 (0.149093)  NNZ: 9 (9)  Ttime: 1.4036 Vtime: 0.0507
Stat: nPR #60 (#72) Dim/MaxDim [480/640] AUC: 0.965885 FPR95: 20.32 [saved]
Step: 400000  Loss: 0.118772 Regul: 0.035392 Obj: 0.154164 (0.149093)  NNZ: 8 (9)  Ttime: 1.4066 Vtime: 0.0518
Best: 500000  Loss: 0.085212 Regul: 0.020027 Obj: 0.105239 (0.105239)  NNZ: 6 (6)  Ttime: 1.4075 Vtime: 0.0516
Stat: nPR #36 (#48) Dim/MaxDim [288/640] AUC: 0.968939 FPR95: 17.73 [saved]
Step: 600000  Loss: 0.090016 Regul: 0.026388 Obj: 0.116404 (0.105239)  NNZ: 11 (6)  Ttime: 1.4085 Vtime: 0.0514
Step: 700000  Loss: 0.111992 Regul: 0.032672 Obj: 0.144664 (0.105239)  NNZ: 9 (6)  Ttime: 1.4068 Vtime: 0.0507
Step: 800000  Loss: 0.149561 Regul: 0.043728 Obj: 0.193289 (0.105239)  NNZ: 11 (6)  Ttime: 1.4103 Vtime: 0.0514
Step: 900000  Loss: 0.130206 Regul: 0.051770 Obj: 0.181976 (0.105239)  NNZ: 16 (6)  Ttime: 1.4105 Vtime: 0.0522
Step: 1000000  Loss: 0.107014 Regul: 0.039670 Obj: 0.146684 (0.105239)  NNZ: 14 (6)  Ttime: 1.4118 Vtime: 0.0509
Step: 1100000  Loss: 0.097611 Regul: 0.030526 Obj: 0.128137 (0.105239)  NNZ: 9 (6)  Ttime: 1.4081 Vtime: 0.0515
Step: 1200000  Loss: 0.096917 Regul: 0.028396 Obj: 0.125313 (0.105239)  NNZ: 9 (6)  Ttime: 1.4098 Vtime: 0.0516
Step: 1300000  Loss: 0.085705 Regul: 0.021952 Obj: 0.107657 (0.105239)  NNZ: 8 (6)  Ttime: 1.4103 Vtime: 0.0513
Step: 1400000  Loss: 0.092310 Regul: 0.026117 Obj: 0.118427 (0.105239)  NNZ: 9 (6)  Ttime: 1.4078 Vtime: 0.0513
Step: 1500000  Loss: 0.120443 Regul: 0.043966 Obj: 0.164409 (0.105239)  NNZ: 14 (6)  Ttime: 1.4094 Vtime: 0.0511
Step: 1600000  Loss: 0.093401 Regul: 0.029865 Obj: 0.123265 (0.105239)  NNZ: 13 (6)  Ttime: 1.4067 Vtime: 0.0511
Step: 1700000  Loss: 0.115961 Regul: 0.024893 Obj: 0.140853 (0.105239)  NNZ: 6 (6)  Ttime: 1.4088 Vtime: 0.0525
Step: 1800000  Loss: 0.084046 Regul: 0.022703 Obj: 0.106749 (0.105239)  NNZ: 10 (6)  Ttime: 1.4117 Vtime: 0.0509
Step: 1900000  Loss: 0.086182 Regul: 0.026453 Obj: 0.112634 (0.105239)  NNZ: 12 (6)  Ttime: 1.4071 Vtime: 0.0514
Step: 2000000  Loss: 0.099274 Regul: 0.014474 Obj: 0.113748 (0.105239)  NNZ: 8 (6)  Ttime: 1.4110 Vtime: 0.0518
Best: 2100000  Loss: 0.076773 Regul: 0.017012 Obj: 0.093784 (0.093784)  NNZ: 10 (10)  Ttime: 1.4079 Vtime: 0.0516
Stat: nPR #68 (#80) Dim/MaxDim [544/640] AUC: 0.970646 FPR95: 16.40 [saved]
Step: 2200000  Loss: 0.081877 Regul: 0.023770 Obj: 0.105647 (0.093784)  NNZ: 12 (10)  Ttime: 1.4081 Vtime: 0.0526
Step: 2300000  Loss: 0.093064 Regul: 0.034275 Obj: 0.127339 (0.093784)  NNZ: 14 (10)  Ttime: 1.4095 Vtime: 0.0515
Best: 2400000  Loss: 0.071821 Regul: 0.015531 Obj: 0.087352 (0.087352)  NNZ: 9 (9)  Ttime: 1.4046 Vtime: 0.0520
Stat: nPR #64 (#72) Dim/MaxDim [512/640] AUC: 0.972582 FPR95: 15.10 [saved]
Step: 2500000  Loss: 0.092798 Regul: 0.020063 Obj: 0.112861 (0.087352)  NNZ: 11 (9)  Ttime: 1.4100 Vtime: 0.0510
Step: 2600000  Loss: 0.084525 Regul: 0.012766 Obj: 0.097291 (0.087352)  NNZ: 8 (9)  Ttime: 1.4067 Vtime: 0.0513
Step: 2700000  Loss: 0.081033 Regul: 0.021880 Obj: 0.102912 (0.087352)  NNZ: 11 (9)  Ttime: 1.4084 Vtime: 0.0515
Step: 2800000  Loss: 0.083840 Regul: 0.020585 Obj: 0.104425 (0.087352)  NNZ: 9 (9)  Ttime: 1.4051 Vtime: 0.0507
Step: 2900000  Loss: 0.084204 Regul: 0.018989 Obj: 0.103193 (0.087352)  NNZ: 11 (9)  Ttime: 1.4080 Vtime: 0.0514
Step: 3000000  Loss: 0.123806 Regul: 0.020023 Obj: 0.143829 (0.087352)  NNZ: 10 (9)  Ttime: 1.4105 Vtime: 0.0516
Step: 3100000  Loss: 0.080691 Regul: 0.018739 Obj: 0.099430 (0.087352)  NNZ: 8 (9)  Ttime: 1.4056 Vtime: 0.0512
Step: 3200000  Loss: 0.085445 Regul: 0.020970 Obj: 0.106416 (0.087352)  NNZ: 10 (9)  Ttime: 1.4090 Vtime: 0.0521
Step: 3300000  Loss: 0.098511 Regul: 0.022875 Obj: 0.121386 (0.087352)  NNZ: 10 (9)  Ttime: 1.4102 Vtime: 0.0514
Step: 3400000  Loss: 0.079828 Regul: 0.021898 Obj: 0.101726 (0.087352)  NNZ: 12 (9)  Ttime: 1.4098 Vtime: 0.0508
Step: 3500000  Loss: 0.112966 Regul: 0.018459 Obj: 0.131426 (0.087352)  NNZ: 9 (9)  Ttime: 1.4088 Vtime: 0.0523
Step: 3600000  Loss: 0.103858 Regul: 0.013389 Obj: 0.117247 (0.087352)  NNZ: 8 (9)  Ttime: 1.4549 Vtime: 0.0516
Step: 3700000  Loss: 0.094007 Regul: 0.019871 Obj: 0.113878 (0.087352)  NNZ: 10 (9)  Ttime: 1.4136 Vtime: 0.0514
Step: 3800000  Loss: 0.083294 Regul: 0.026082 Obj: 0.109376 (0.087352)  NNZ: 11 (9)  Ttime: 1.4142 Vtime: 0.0508
Step: 3900000  Loss: 0.081822 Regul: 0.012249 Obj: 0.094071 (0.087352)  NNZ: 7 (9)  Ttime: 1.4134 Vtime: 0.0520
Step: 4000000  Loss: 0.102735 Regul: 0.007102 Obj: 0.109837 (0.087352)  NNZ: 6 (9)  Ttime: 1.4153 Vtime: 0.0510
Step: 4100000  Loss: 0.089706 Regul: 0.025996 Obj: 0.115702 (0.087352)  NNZ: 13 (9)  Ttime: 1.4183 Vtime: 0.0523
Step: 4200000  Loss: 0.082793 Regul: 0.015007 Obj: 0.097800 (0.087352)  NNZ: 9 (9)  Ttime: 1.4167 Vtime: 0.0508
Step: 4300000  Loss: 0.085209 Regul: 0.018118 Obj: 0.103327 (0.087352)  NNZ: 10 (9)  Ttime: 1.4151 Vtime: 0.0513
Step: 4400000  Loss: 0.082998 Regul: 0.015442 Obj: 0.098440 (0.087352)  NNZ: 10 (9)  Ttime: 1.4162 Vtime: 0.0522
Step: 4500000  Loss: 0.081094 Regul: 0.021252 Obj: 0.102347 (0.087352)  NNZ: 9 (9)  Ttime: 1.4135 Vtime: 0.0509
Step: 4600000  Loss: 0.081317 Regul: 0.012988 Obj: 0.094306 (0.087352)  NNZ: 6 (9)  Ttime: 1.4121 Vtime: 0.0511
Step: 4700000  Loss: 0.097047 Regul: 0.019849 Obj: 0.116895 (0.087352)  NNZ: 10 (9)  Ttime: 1.4151 Vtime: 0.0514
Step: 4800000  Loss: 0.108324 Regul: 0.015515 Obj: 0.123840 (0.087352)  NNZ: 8 (9)  Ttime: 1.4140 Vtime: 0.0512
Step: 4900000  Loss: 0.073419 Regul: 0.016880 Obj: 0.090299 (0.087352)  NNZ: 9 (9)  Ttime: 1.4132 Vtime: 0.0510
Step: 5000000  Loss: 0.086818 Regul: 0.017046 Obj: 0.103863 (0.087352)  NNZ: 9 (9)  Ttime: 1.4135 Vtime: 0.0517
Step: 5100000  Loss: 0.081971 Regul: 0.021948 Obj: 0.103919 (0.087352)  NNZ: 14 (9)  Ttime: 1.4126 Vtime: 0.0518
Step: 5200000  Loss: 0.086240 Regul: 0.013508 Obj: 0.099749 (0.087352)  NNZ: 6 (9)  Ttime: 1.4186 Vtime: 0.0513
Step: 5300000  Loss: 0.074704 Regul: 0.018542 Obj: 0.093247 (0.087352)  NNZ: 10 (9)  Ttime: 1.4140 Vtime: 0.0518
Step: 5400000  Loss: 0.090653 Regul: 0.021289 Obj: 0.111942 (0.087352)  NNZ: 10 (9)  Ttime: 1.4147 Vtime: 0.0516
Step: 5500000  Loss: 0.093832 Regul: 0.023298 Obj: 0.117130 (0.087352)  NNZ: 12 (9)  Ttime: 1.4170 Vtime: 0.0517
Step: 5600000  Loss: 0.122497 Regul: 0.015957 Obj: 0.138455 (0.087352)  NNZ: 11 (9)  Ttime: 1.4122 Vtime: 0.0512
Step: 5700000  Loss: 0.078361 Regul: 0.022214 Obj: 0.100575 (0.087352)  NNZ: 11 (9)  Ttime: 1.4124 Vtime: 0.0516
Step: 5800000  Loss: 0.082902 Regul: 0.017798 Obj: 0.100699 (0.087352)  NNZ: 9 (9)  Ttime: 1.4175 Vtime: 0.0518
Step: 5900000  Loss: 0.088518 Regul: 0.012710 Obj: 0.101228 (0.087352)  NNZ: 6 (9)  Ttime: 1.4120 Vtime: 0.0516
Step: 6000000  Loss: 0.081075 Regul: 0.016973 Obj: 0.098048 (0.087352)  NNZ: 10 (9)  Ttime: 1.4145 Vtime: 0.0511
Step: 6100000  Loss: 0.079150 Regul: 0.019360 Obj: 0.098510 (0.087352)  NNZ: 10 (9)  Ttime: 1.4165 Vtime: 0.0509
Step: 6200000  Loss: 0.074847 Regul: 0.018772 Obj: 0.093619 (0.087352)  NNZ: 12 (9)  Ttime: 1.4668 Vtime: 0.0514
Step: 6300000  Loss: 0.088466 Regul: 0.010959 Obj: 0.099426 (0.087352)  NNZ: 10 (9)  Ttime: 1.4072 Vtime: 0.0517
Step: 6400000  Loss: 0.084208 Regul: 0.024292 Obj: 0.108500 (0.087352)  NNZ: 13 (9)  Ttime: 1.4095 Vtime: 0.0514
Step: 6500000  Loss: 0.075427 Regul: 0.013882 Obj: 0.089309 (0.087352)  NNZ: 9 (9)  Ttime: 1.4069 Vtime: 0.0511
Step: 6600000  Loss: 0.074211 Regul: 0.018057 Obj: 0.092268 (0.087352)  NNZ: 10 (9)  Ttime: 1.4073 Vtime: 0.0509
Step: 6700000  Loss: 0.106928 Regul: 0.015493 Obj: 0.122422 (0.087352)  NNZ: 9 (9)  Ttime: 1.4069 Vtime: 0.0518
Step: 6800000  Loss: 0.079973 Regul: 0.018809 Obj: 0.098782 (0.087352)  NNZ: 12 (9)  Ttime: 1.4089 Vtime: 0.0514
Step: 6900000  Loss: 0.090611 Regul: 0.023501 Obj: 0.114112 (0.087352)  NNZ: 12 (9)  Ttime: 1.4070 Vtime: 0.0512
Step: 7000000  Loss: 0.084567 Regul: 0.023188 Obj: 0.107756 (0.087352)  NNZ: 11 (9)  Ttime: 1.4101 Vtime: 0.0514
Step: 7100000  Loss: 0.096563 Regul: 0.020337 Obj: 0.116900 (0.087352)  NNZ: 9 (9)  Ttime: 1.4054 Vtime: 0.0512
Step: 7200000  Loss: 0.077833 Regul: 0.018486 Obj: 0.096320 (0.087352)  NNZ: 12 (9)  Ttime: 1.4060 Vtime: 0.0517
Step: 7300000  Loss: 0.092428 Regul: 0.019890 Obj: 0.112318 (0.087352)  NNZ: 8 (9)  Ttime: 1.4113 Vtime: 0.0506
Best: 7400000  Loss: 0.070776 Regul: 0.014915 Obj: 0.085691 (0.085691)  NNZ: 12 (12)  Ttime: 1.4107 Vtime: 0.0511
Stat: nPR #80 (#96) Dim/MaxDim [640/640] AUC: 0.972642 FPR95: 15.06 [saved]
Step: 7500000  Loss: 0.086649 Regul: 0.017664 Obj: 0.104312 (0.085691)  NNZ: 12 (12)  Ttime: 1.4113 Vtime: 0.0513
Step: 7600000  Loss: 0.074170 Regul: 0.015667 Obj: 0.089836 (0.085691)  NNZ: 11 (12)  Ttime: 1.4081 Vtime: 0.0517
Step: 7700000  Loss: 0.075606 Regul: 0.023938 Obj: 0.099544 (0.085691)  NNZ: 14 (12)  Ttime: 1.4089 Vtime: 0.0513
Step: 7800000  Loss: 0.080023 Regul: 0.015918 Obj: 0.095941 (0.085691)  NNZ: 9 (12)  Ttime: 1.4061 Vtime: 0.0517
Step: 7900000  Loss: 0.102658 Regul: 0.029063 Obj: 0.131721 (0.085691)  NNZ: 15 (12)  Ttime: 1.4061 Vtime: 0.0517
Step: 8000000  Loss: 0.079080 Regul: 0.016438 Obj: 0.095518 (0.085691)  NNZ: 9 (12)  Ttime: 1.4086 Vtime: 0.0506
Step: 8100000  Loss: 0.082819 Regul: 0.027334 Obj: 0.110153 (0.085691)  NNZ: 13 (12)  Ttime: 1.4075 Vtime: 0.0516
Step: 8200000  Loss: 0.091504 Regul: 0.028889 Obj: 0.120394 (0.085691)  NNZ: 14 (12)  Ttime: 1.4135 Vtime: 0.0509
Step: 8300000  Loss: 0.091731 Regul: 0.007407 Obj: 0.099139 (0.085691)  NNZ: 8 (12)  Ttime: 1.4101 Vtime: 0.0512
Step: 8400000  Loss: 0.074728 Regul: 0.017822 Obj: 0.092550 (0.085691)  NNZ: 12 (12)  Ttime: 1.4080 Vtime: 0.0517
Step: 8500000  Loss: 0.102392 Regul: 0.038113 Obj: 0.140505 (0.085691)  NNZ: 17 (12)  Ttime: 1.4079 Vtime: 0.0516
Step: 8600000  Loss: 0.079370 Regul: 0.015493 Obj: 0.094863 (0.085691)  NNZ: 7 (12)  Ttime: 1.4081 Vtime: 0.0515
Step: 8700000  Loss: 0.082648 Regul: 0.018215 Obj: 0.100863 (0.085691)  NNZ: 13 (12)  Ttime: 1.4076 Vtime: 0.0517
Step: 8800000  Loss: 0.084156 Regul: 0.016396 Obj: 0.100552 (0.085691)  NNZ: 8 (12)  Ttime: 1.4058 Vtime: 0.0526
Step: 8900000  Loss: 0.073816 Regul: 0.018118 Obj: 0.091934 (0.085691)  NNZ: 10 (12)  Ttime: 1.4492 Vtime: 0.0515
Step: 9000000  Loss: 0.079891 Regul: 0.019063 Obj: 0.098954 (0.085691)  NNZ: 14 (12)  Ttime: 1.4167 Vtime: 0.0518
Step: 9100000  Loss: 0.088364 Regul: 0.028381 Obj: 0.116746 (0.085691)  NNZ: 14 (12)  Ttime: 1.4182 Vtime: 0.0517
Step: 9200000  Loss: 0.074159 Regul: 0.015591 Obj: 0.089750 (0.085691)  NNZ: 12 (12)  Ttime: 1.4177 Vtime: 0.0518
Step: 9300000  Loss: 0.081222 Regul: 0.015164 Obj: 0.096385 (0.085691)  NNZ: 9 (12)  Ttime: 1.4151 Vtime: 0.0511
Step: 9400000  Loss: 0.082739 Regul: 0.013972 Obj: 0.096711 (0.085691)  NNZ: 9 (12)  Ttime: 1.4161 Vtime: 0.0521
Step: 9500000  Loss: 0.080203 Regul: 0.015459 Obj: 0.095662 (0.085691)  NNZ: 10 (12)  Ttime: 1.4135 Vtime: 0.0513
Step: 9600000  Loss: 0.081635 Regul: 0.023354 Obj: 0.104989 (0.085691)  NNZ: 15 (12)  Ttime: 1.4158 Vtime: 0.0515
Step: 9700000  Loss: 0.076292 Regul: 0.012510 Obj: 0.088801 (0.085691)  NNZ: 9 (12)  Ttime: 1.4171 Vtime: 0.0516
Step: 9800000  Loss: 0.079677 Regul: 0.021965 Obj: 0.101642 (0.085691)  NNZ: 13 (12)  Ttime: 1.4146 Vtime: 0.0512
Step: 9900000  Loss: 0.088193 Regul: 0.012898 Obj: 0.101091 (0.085691)  NNZ: 9 (12)  Ttime: 1.4171 Vtime: 0.0520
Step: 10000000  Loss: 0.077185 Regul: 0.017456 Obj: 0.094641 (0.085691)  NNZ: 11 (12)  Ttime: 1.4220 Vtime: 0.0521
Step: 10100000  Loss: 0.076318 Regul: 0.017673 Obj: 0.093992 (0.085691)  NNZ: 13 (12)  Ttime: 1.4195 Vtime: 0.0511
Step: 10200000  Loss: 0.073062 Regul: 0.013696 Obj: 0.086758 (0.085691)  NNZ: 10 (12)  Ttime: 1.4174 Vtime: 0.0511
Step: 10300000  Loss: 0.079761 Regul: 0.014202 Obj: 0.093963 (0.085691)  NNZ: 8 (12)  Ttime: 1.4180 Vtime: 0.0516
Step: 10400000  Loss: 0.079513 Regul: 0.011631 Obj: 0.091144 (0.085691)  NNZ: 7 (12)  Ttime: 1.4143 Vtime: 0.0512
Step: 10500000  Loss: 0.075061 Regul: 0.019204 Obj: 0.094265 (0.085691)  NNZ: 13 (12)  Ttime: 1.4149 Vtime: 0.0518
Step: 10600000  Loss: 0.086314 Regul: 0.016467 Obj: 0.102782 (0.085691)  NNZ: 10 (12)  Ttime: 1.4157 Vtime: 0.0520
Step: 10700000  Loss: 0.076536 Regul: 0.019963 Obj: 0.096499 (0.085691)  NNZ: 12 (12)  Ttime: 1.4172 Vtime: 0.0518
Step: 10800000  Loss: 0.077262 Regul: 0.021497 Obj: 0.098758 (0.085691)  NNZ: 14 (12)  Ttime: 1.4151 Vtime: 0.0515
Step: 10900000  Loss: 0.090633 Regul: 0.021299 Obj: 0.111931 (0.085691)  NNZ: 14 (12)  Ttime: 1.4143 Vtime: 0.0510
Step: 11000000  Loss: 0.076609 Regul: 0.018918 Obj: 0.095527 (0.085691)  NNZ: 13 (12)  Ttime: 1.4122 Vtime: 0.0522
Step: 11100000  Loss: 0.077511 Regul: 0.016602 Obj: 0.094112 (0.085691)  NNZ: 12 (12)  Ttime: 1.4115 Vtime: 0.0512
Step: 11200000  Loss: 0.077001 Regul: 0.015737 Obj: 0.092739 (0.085691)  NNZ: 12 (12)  Ttime: 1.4204 Vtime: 0.0517
Step: 11300000  Loss: 0.072308 Regul: 0.014546 Obj: 0.086854 (0.085691)  NNZ: 9 (12)  Ttime: 1.4212 Vtime: 0.0521
Step: 11400000  Loss: 0.088217 Regul: 0.013521 Obj: 0.101738 (0.085691)  NNZ: 6 (12)  Ttime: 1.4137 Vtime: 0.0513
Step: 11500000  Loss: 0.079901 Regul: 0.012356 Obj: 0.092257 (0.085691)  NNZ: 8 (12)  Ttime: 1.4140 Vtime: 0.0510
Step: 11600000  Loss: 0.074082 Regul: 0.016904 Obj: 0.090987 (0.085691)  NNZ: 16 (12)  Ttime: 1.4140 Vtime: 0.0512
Step: 11700000  Loss: 0.081105 Regul: 0.019954 Obj: 0.101059 (0.085691)  NNZ: 14 (12)  Ttime: 1.4117 Vtime: 0.0513
Step: 11800000  Loss: 0.077980 Regul: 0.024580 Obj: 0.102560 (0.085691)  NNZ: 14 (12)  Ttime: 1.4153 Vtime: 0.0517
Step: 11900000  Loss: 0.074421 Regul: 0.019641 Obj: 0.094063 (0.085691)  NNZ: 9 (12)  Ttime: 1.4138 Vtime: 0.0515
Step: 12000000  Loss: 0.089297 Regul: 0.023760 Obj: 0.113057 (0.085691)  NNZ: 16 (12)  Ttime: 1.4155 Vtime: 0.0515
Step: 12100000  Loss: 0.085899 Regul: 0.016111 Obj: 0.102010 (0.085691)  NNZ: 9 (12)  Ttime: 1.4155 Vtime: 0.0519
Step: 12200000  Loss: 0.078687 Regul: 0.017231 Obj: 0.095918 (0.085691)  NNZ: 10 (12)  Ttime: 1.4135 Vtime: 0.0514
Step: 12300000  Loss: 0.078992 Regul: 0.010432 Obj: 0.089424 (0.085691)  NNZ: 8 (12)  Ttime: 1.4148 Vtime: 0.0515
Step: 12400000  Loss: 0.079440 Regul: 0.016995 Obj: 0.096434 (0.085691)  NNZ: 9 (12)  Ttime: 1.4139 Vtime: 0.0516
Best: 12500000  Loss: 0.070825 Regul: 0.012935 Obj: 0.083759 (0.083759)  NNZ: 12 (12)  Ttime: 1.4149 Vtime: 0.0513
Stat: nPR #84 (#96) Dim/MaxDim [672/640] AUC: 0.972822 FPR95: 15.12
Step: 12600000  Loss: 0.082167 Regul: 0.015542 Obj: 0.097709 (0.083759)  NNZ: 12 (12)  Ttime: 1.4139 Vtime: 0.0524
Step: 12700000  Loss: 0.080236 Regul: 0.019934 Obj: 0.100170 (0.083759)  NNZ: 13 (12)  Ttime: 1.4159 Vtime: 0.0515
Step: 12800000  Loss: 0.075902 Regul: 0.014717 Obj: 0.090618 (0.083759)  NNZ: 10 (12)  Ttime: 1.4168 Vtime: 0.0521
Step: 12900000  Loss: 0.079908 Regul: 0.018901 Obj: 0.098809 (0.083759)  NNZ: 10 (12)  Ttime: 1.4178 Vtime: 0.0525
Step: 13000000  Loss: 0.092930 Regul: 0.012017 Obj: 0.104946 (0.083759)  NNZ: 7 (12)  Ttime: 1.4133 Vtime: 0.0516
Step: 13100000  Loss: 0.071183 Regul: 0.014246 Obj: 0.085428 (0.083759)  NNZ: 10 (12)  Ttime: 1.4137 Vtime: 0.0516
Step: 13200000  Loss: 0.072228 Regul: 0.017822 Obj: 0.090051 (0.083759)  NNZ: 12 (12)  Ttime: 1.4175 Vtime: 0.0525
Step: 13300000  Loss: 0.071281 Regul: 0.012878 Obj: 0.084160 (0.083759)  NNZ: 10 (12)  Ttime: 1.4290 Vtime: 0.0515
Step: 13400000  Loss: 0.080231 Regul: 0.014507 Obj: 0.094737 (0.083759)  NNZ: 9 (12)  Ttime: 1.4214 Vtime: 0.0515
Step: 13500000  Loss: 0.075355 Regul: 0.016230 Obj: 0.091585 (0.083759)  NNZ: 13 (12)  Ttime: 1.4241 Vtime: 0.0511
Step: 13600000  Loss: 0.077128 Regul: 0.012356 Obj: 0.089483 (0.083759)  NNZ: 9 (12)  Ttime: 1.4142 Vtime: 0.0505
Step: 13700000  Loss: 0.073220 Regul: 0.015852 Obj: 0.089072 (0.083759)  NNZ: 12 (12)  Ttime: 1.4158 Vtime: 0.0511
Step: 13800000  Loss: 0.126020 Regul: 0.014885 Obj: 0.140905 (0.083759)  NNZ: 9 (12)  Ttime: 1.4133 Vtime: 0.0513
Step: 13900000  Loss: 0.072396 Regul: 0.013831 Obj: 0.086227 (0.083759)  NNZ: 11 (12)  Ttime: 1.4170 Vtime: 0.0520
Step: 14000000  Loss: 0.076387 Regul: 0.019863 Obj: 0.096250 (0.083759)  NNZ: 12 (12)  Ttime: 1.4141 Vtime: 0.0525
Step: 14100000  Loss: 0.078508 Regul: 0.019429 Obj: 0.097936 (0.083759)  NNZ: 13 (12)  Ttime: 1.4169 Vtime: 0.0510
Step: 14200000  Loss: 0.077311 Regul: 0.018069 Obj: 0.095380 (0.083759)  NNZ: 15 (12)  Ttime: 1.4132 Vtime: 0.0515
Step: 14300000  Loss: 0.076193 Regul: 0.017444 Obj: 0.093637 (0.083759)  NNZ: 12 (12)  Ttime: 1.4186 Vtime: 0.0515
Step: 14400000  Loss: 0.073488 Regul: 0.018936 Obj: 0.092423 (0.083759)  NNZ: 13 (12)  Ttime: 1.4163 Vtime: 0.0512
Step: 14500000  Loss: 0.072078 Regul: 0.016528 Obj: 0.088606 (0.083759)  NNZ: 12 (12)  Ttime: 1.4196 Vtime: 0.0515
Step: 14600000  Loss: 0.084644 Regul: 0.020684 Obj: 0.105327 (0.083759)  NNZ: 14 (12)  Ttime: 1.4204 Vtime: 0.0517
Step: 14700000  Loss: 0.076873 Regul: 0.015820 Obj: 0.092693 (0.083759)  NNZ: 12 (12)  Ttime: 1.4175 Vtime: 0.0514
Step: 14800000  Loss: 0.074214 Regul: 0.015342 Obj: 0.089556 (0.083759)  NNZ: 14 (12)  Ttime: 1.4158 Vtime: 0.0518
Step: 14900000  Loss: 0.077577 Regul: 0.015654 Obj: 0.093231 (0.083759)  NNZ: 14 (12)  Ttime: 1.4138 Vtime: 0.0514
Step: 15000000  Loss: 0.086320 Regul: 0.015010 Obj: 0.101330 (0.083759)  NNZ: 11 (12)  Ttime: 1.4161 Vtime: 0.0514
Step: 15100000  Loss: 0.073655 Regul: 0.017153 Obj: 0.090808 (0.083759)  NNZ: 12 (12)  Ttime: 1.4141 Vtime: 0.0512
Step: 15200000  Loss: 0.073820 Regul: 0.017539 Obj: 0.091359 (0.083759)  NNZ: 14 (12)  Ttime: 1.4176 Vtime: 0.0514
Step: 15300000  Loss: 0.079790 Regul: 0.015898 Obj: 0.095688 (0.083759)  NNZ: 13 (12)  Ttime: 1.4163 Vtime: 0.0514
Step: 15400000  Loss: 0.072137 Regul: 0.015557 Obj: 0.087693 (0.083759)  NNZ: 13 (12)  Ttime: 1.4140 Vtime: 0.0513
Step: 15500000  Loss: 0.072741 Regul: 0.018628 Obj: 0.091369 (0.083759)  NNZ: 13 (12)  Ttime: 1.4193 Vtime: 0.0515
Step: 15600000  Loss: 0.074780 Regul: 0.015898 Obj: 0.090678 (0.083759)  NNZ: 13 (12)  Ttime: 1.4128 Vtime: 0.0515
Step: 15700000  Loss: 0.076912 Regul: 0.015830 Obj: 0.092743 (0.083759)  NNZ: 12 (12)  Ttime: 1.4151 Vtime: 0.0514
Step: 15800000  Loss: 0.078688 Regul: 0.012217 Obj: 0.090905 (0.083759)  NNZ: 12 (12)  Ttime: 1.4186 Vtime: 0.0519
Step: 15900000  Loss: 0.077564 Regul: 0.014985 Obj: 0.092550 (0.083759)  NNZ: 10 (12)  Ttime: 1.4159 Vtime: 0.0520
Step: 16000000  Loss: 0.100792 Regul: 0.017476 Obj: 0.118268 (0.083759)  NNZ: 13 (12)  Ttime: 1.4154 Vtime: 0.0515
Step: 16100000  Loss: 0.081677 Regul: 0.018091 Obj: 0.099768 (0.083759)  NNZ: 10 (12)  Ttime: 1.4139 Vtime: 0.0522
Step: 16200000  Loss: 0.076639 Regul: 0.017568 Obj: 0.094208 (0.083759)  NNZ: 13 (12)  Ttime: 1.4145 Vtime: 0.0516
Step: 16300000  Loss: 0.071473 Regul: 0.015015 Obj: 0.086488 (0.083759)  NNZ: 11 (12)  Ttime: 1.4154 Vtime: 0.0508
Step: 16400000  Loss: 0.072843 Regul: 0.015283 Obj: 0.088126 (0.083759)  NNZ: 11 (12)  Ttime: 1.4150 Vtime: 0.0520
Step: 16500000  Loss: 0.075507 Regul: 0.017007 Obj: 0.092514 (0.083759)  NNZ: 13 (12)  Ttime: 1.4149 Vtime: 0.0517
Step: 16600000  Loss: 0.074061 Regul: 0.017310 Obj: 0.091370 (0.083759)  NNZ: 12 (12)  Ttime: 1.4180 Vtime: 0.0516
Step: 16700000  Loss: 0.079095 Regul: 0.010459 Obj: 0.089554 (0.083759)  NNZ: 11 (12)  Ttime: 1.4157 Vtime: 0.0511
Step: 16800000  Loss: 0.070735 Regul: 0.015493 Obj: 0.086228 (0.083759)  NNZ: 11 (12)  Ttime: 1.4182 Vtime: 0.0518
Step: 16900000  Loss: 0.077115 Regul: 0.014585 Obj: 0.091700 (0.083759)  NNZ: 12 (12)  Ttime: 1.4174 Vtime: 0.0514
Step: 17000000  Loss: 0.077799 Regul: 0.012969 Obj: 0.090768 (0.083759)  NNZ: 8 (12)  Ttime: 1.4189 Vtime: 0.0523
Step: 17100000  Loss: 0.081587 Regul: 0.016362 Obj: 0.097949 (0.083759)  NNZ: 12 (12)  Ttime: 1.4148 Vtime: 0.0515
Step: 17200000  Loss: 0.075130 Regul: 0.018340 Obj: 0.093470 (0.083759)  NNZ: 15 (12)  Ttime: 1.4152 Vtime: 0.0513
Step: 17300000  Loss: 0.083962 Regul: 0.017363 Obj: 0.101325 (0.083759)  NNZ: 12 (12)  Ttime: 1.4187 Vtime: 0.0511
Step: 17400000  Loss: 0.078650 Regul: 0.014546 Obj: 0.093196 (0.083759)  NNZ: 9 (12)  Ttime: 1.4173 Vtime: 0.0520
Step: 17500000  Loss: 0.079106 Regul: 0.009375 Obj: 0.088481 (0.083759)  NNZ: 12 (12)  Ttime: 1.4167 Vtime: 0.0517
Step: 17600000  Loss: 0.087351 Regul: 0.012212 Obj: 0.099563 (0.083759)  NNZ: 10 (12)  Ttime: 1.4212 Vtime: 0.0516
Step: 17700000  Loss: 0.077626 Regul: 0.013101 Obj: 0.090727 (0.083759)  NNZ: 9 (12)  Ttime: 1.4205 Vtime: 0.0519
Step: 17800000  Loss: 0.077392 Regul: 0.012866 Obj: 0.090258 (0.083759)  NNZ: 11 (12)  Ttime: 1.4199 Vtime: 0.0520
Step: 17900000  Loss: 0.076218 Regul: 0.018467 Obj: 0.094685 (0.083759)  NNZ: 10 (12)  Ttime: 1.4176 Vtime: 0.0512
Step: 18000000  Loss: 0.078411 Regul: 0.017915 Obj: 0.096326 (0.083759)  NNZ: 13 (12)  Ttime: 1.4208 Vtime: 0.0521
Step: 18100000  Loss: 0.074086 Regul: 0.011611 Obj: 0.085697 (0.083759)  NNZ: 11 (12)  Ttime: 1.4217 Vtime: 0.0517
Step: 18200000  Loss: 0.078032 Regul: 0.012241 Obj: 0.090273 (0.083759)  NNZ: 12 (12)  Ttime: 1.4206 Vtime: 0.0517
Step: 18300000  Loss: 0.076857 Regul: 0.017021 Obj: 0.093879 (0.083759)  NNZ: 14 (12)  Ttime: 1.4204 Vtime: 0.0522
Step: 18400000  Loss: 0.074192 Regul: 0.019331 Obj: 0.093523 (0.083759)  NNZ: 14 (12)  Ttime: 1.4229 Vtime: 0.0520
Step: 18500000  Loss: 0.078895 Regul: 0.010610 Obj: 0.089505 (0.083759)  NNZ: 10 (12)  Ttime: 1.4161 Vtime: 0.0516
Step: 18600000  Loss: 0.073140 Regul: 0.015723 Obj: 0.088863 (0.083759)  NNZ: 11 (12)  Ttime: 1.4152 Vtime: 0.0512
Step: 18700000  Loss: 0.081564 Regul: 0.020112 Obj: 0.101677 (0.083759)  NNZ: 9 (12)  Ttime: 1.4160 Vtime: 0.0515
Step: 18800000  Loss: 0.089086 Regul: 0.014463 Obj: 0.103549 (0.083759)  NNZ: 10 (12)  Ttime: 1.4177 Vtime: 0.0512
Step: 18900000  Loss: 0.074336 Regul: 0.013242 Obj: 0.087578 (0.083759)  NNZ: 9 (12)  Ttime: 1.4197 Vtime: 0.0520
Step: 19000000  Loss: 0.078031 Regul: 0.018076 Obj: 0.096107 (0.083759)  NNZ: 15 (12)  Ttime: 1.4171 Vtime: 0.0519
Step: 19100000  Loss: 0.080320 Regul: 0.023047 Obj: 0.103367 (0.083759)  NNZ: 17 (12)  Ttime: 1.4156 Vtime: 0.0514
Step: 19200000  Loss: 0.083583 Regul: 0.012695 Obj: 0.096278 (0.083759)  NNZ: 9 (12)  Ttime: 1.4188 Vtime: 0.0513
Step: 19300000  Loss: 0.073670 Regul: 0.011226 Obj: 0.084896 (0.083759)  NNZ: 10 (12)  Ttime: 1.4155 Vtime: 0.0516
Step: 19400000  Loss: 0.075942 Regul: 0.014292 Obj: 0.090234 (0.083759)  NNZ: 15 (12)  Ttime: 1.4163 Vtime: 0.0520
Step: 19500000  Loss: 0.073471 Regul: 0.013735 Obj: 0.087207 (0.083759)  NNZ: 12 (12)  Ttime: 1.4150 Vtime: 0.0506
Step: 19600000  Loss: 0.086396 Regul: 0.017168 Obj: 0.103564 (0.083759)  NNZ: 11 (12)  Ttime: 1.4135 Vtime: 0.0514
Step: 19700000  Loss: 0.084861 Regul: 0.019409 Obj: 0.104270 (0.083759)  NNZ: 13 (12)  Ttime: 1.4195 Vtime: 0.0517
Step: 19800000  Loss: 0.075497 Regul: 0.010732 Obj: 0.086230 (0.083759)  NNZ: 12 (12)  Ttime: 1.4147 Vtime: 0.0518
Step: 19900000  Loss: 0.084611 Regul: 0.010693 Obj: 0.095304 (0.083759)  NNZ: 12 (12)  Ttime: 1.4145 Vtime: 0.0517
Step: 20000000  Loss: 0.088795 Regul: 0.016504 Obj: 0.105299 (0.083759)  NNZ: 19 (12)  Ttime: 1.4150 Vtime: 0.0514
Step: 20100000  Loss: 0.115827 Regul: 0.010698 Obj: 0.126525 (0.083759)  NNZ: 14 (12)  Ttime: 1.4147 Vtime: 0.0513
Step: 20200000  Loss: 0.073017 Regul: 0.012822 Obj: 0.085839 (0.083759)  NNZ: 13 (12)  Ttime: 1.4123 Vtime: 0.0514
Step: 20300000  Loss: 0.092249 Regul: 0.012983 Obj: 0.105232 (0.083759)  NNZ: 14 (12)  Ttime: 1.4167 Vtime: 0.0517
Step: 20400000  Loss: 0.076849 Regul: 0.014297 Obj: 0.091146 (0.083759)  NNZ: 11 (12)  Ttime: 1.4163 Vtime: 0.0517
Step: 20500000  Loss: 0.072900 Regul: 0.011860 Obj: 0.084761 (0.083759)  NNZ: 11 (12)  Ttime: 1.4162 Vtime: 0.0516
Step: 20600000  Loss: 0.088347 Regul: 0.016396 Obj: 0.104743 (0.083759)  NNZ: 13 (12)  Ttime: 1.4156 Vtime: 0.0522
Step: 20700000  Loss: 0.076743 Regul: 0.014341 Obj: 0.091084 (0.083759)  NNZ: 12 (12)  Ttime: 1.4154 Vtime: 0.0518
Best: 20800000  Loss: 0.071312 Regul: 0.012090 Obj: 0.083402 (0.083402)  NNZ: 12 (12)  Ttime: 1.4149 Vtime: 0.0514
Stat: nPR #76 (#96) Dim/MaxDim [608/640] AUC: 0.972829 FPR95: 14.97 [saved]
Step: 20900000  Loss: 0.090255 Regul: 0.008853 Obj: 0.099107 (0.083402)  NNZ: 11 (12)  Ttime: 1.4184 Vtime: 0.0510
Step: 21000000  Loss: 0.074749 Regul: 0.017344 Obj: 0.092093 (0.083402)  NNZ: 13 (12)  Ttime: 1.4158 Vtime: 0.0517
Step: 21100000  Loss: 0.077664 Regul: 0.011201 Obj: 0.088865 (0.083402)  NNZ: 11 (12)  Ttime: 1.4160 Vtime: 0.0520
Step: 21200000  Loss: 0.071491 Regul: 0.013774 Obj: 0.085266 (0.083402)  NNZ: 14 (12)  Ttime: 1.4171 Vtime: 0.0517
Step: 21300000  Loss: 0.073504 Regul: 0.014873 Obj: 0.088377 (0.083402)  NNZ: 11 (12)  Ttime: 1.4155 Vtime: 0.0511
Step: 21400000  Loss: 0.072455 Regul: 0.014258 Obj: 0.086712 (0.083402)  NNZ: 14 (12)  Ttime: 1.4202 Vtime: 0.0511
Step: 21500000  Loss: 0.073199 Regul: 0.016733 Obj: 0.089933 (0.083402)  NNZ: 15 (12)  Ttime: 1.4214 Vtime: 0.0521
Step: 21600000  Loss: 0.079807 Regul: 0.016045 Obj: 0.095851 (0.083402)  NNZ: 11 (12)  Ttime: 1.4171 Vtime: 0.0513
Step: 21700000  Loss: 0.072114 Regul: 0.015332 Obj: 0.087446 (0.083402)  NNZ: 13 (12)  Ttime: 1.4189 Vtime: 0.0524
Step: 21800000  Loss: 0.095574 Regul: 0.012173 Obj: 0.107747 (0.083402)  NNZ: 12 (12)  Ttime: 1.4138 Vtime: 0.0522
Step: 21900000  Loss: 0.079768 Regul: 0.018047 Obj: 0.097815 (0.083402)  NNZ: 12 (12)  Ttime: 1.4186 Vtime: 0.0520
Step: 22000000  Loss: 0.077595 Regul: 0.016714 Obj: 0.094309 (0.083402)  NNZ: 12 (12)  Ttime: 1.4174 Vtime: 0.0520
Step: 22100000  Loss: 0.079568 Regul: 0.012358 Obj: 0.091926 (0.083402)  NNZ: 7 (12)  Ttime: 1.4180 Vtime: 0.0523
Step: 22200000  Loss: 0.070043 Regul: 0.016582 Obj: 0.086625 (0.083402)  NNZ: 11 (12)  Ttime: 1.4164 Vtime: 0.0517
Step: 22300000  Loss: 0.094389 Regul: 0.007754 Obj: 0.102143 (0.083402)  NNZ: 11 (12)  Ttime: 1.4164 Vtime: 0.0515
Step: 22400000  Loss: 0.084036 Regul: 0.011841 Obj: 0.095877 (0.083402)  NNZ: 8 (12)  Ttime: 1.4170 Vtime: 0.0515
Step: 22500000  Loss: 0.078757 Regul: 0.009487 Obj: 0.088244 (0.083402)  NNZ: 8 (12)  Ttime: 1.4156 Vtime: 0.0516
Step: 22600000  Loss: 0.093056 Regul: 0.011377 Obj: 0.104433 (0.083402)  NNZ: 10 (12)  Ttime: 1.4152 Vtime: 0.0521
Step: 22700000  Loss: 0.081043 Regul: 0.018857 Obj: 0.099900 (0.083402)  NNZ: 14 (12)  Ttime: 1.4143 Vtime: 0.0515
Step: 22800000  Loss: 0.081560 Regul: 0.012593 Obj: 0.094153 (0.083402)  NNZ: 10 (12)  Ttime: 1.4148 Vtime: 0.0522
Step: 22900000  Loss: 0.076299 Regul: 0.012393 Obj: 0.088692 (0.083402)  NNZ: 11 (12)  Ttime: 1.4144 Vtime: 0.0523
Step: 23000000  Loss: 0.072896 Regul: 0.012378 Obj: 0.085274 (0.083402)  NNZ: 11 (12)  Ttime: 1.4142 Vtime: 0.0519
Step: 23100000  Loss: 0.072413 Regul: 0.014849 Obj: 0.087262 (0.083402)  NNZ: 10 (12)  Ttime: 1.4256 Vtime: 0.0520
Step: 23200000  Loss: 0.086211 Regul: 0.009761 Obj: 0.095972 (0.083402)  NNZ: 7 (12)  Ttime: 1.4185 Vtime: 0.0521
Step: 23300000  Loss: 0.084863 Regul: 0.011108 Obj: 0.095971 (0.083402)  NNZ: 8 (12)  Ttime: 1.4145 Vtime: 0.0518
Step: 23400000  Loss: 0.073388 Regul: 0.013340 Obj: 0.086728 (0.083402)  NNZ: 11 (12)  Ttime: 1.4191 Vtime: 0.0520
Step: 23500000  Loss: 0.088314 Regul: 0.008691 Obj: 0.097005 (0.083402)  NNZ: 9 (12)  Ttime: 1.4171 Vtime: 0.0521
Step: 23600000  Loss: 0.073806 Regul: 0.013584 Obj: 0.087390 (0.083402)  NNZ: 12 (12)  Ttime: 1.4160 Vtime: 0.0513
Step: 23700000  Loss: 0.074244 Regul: 0.015229 Obj: 0.089474 (0.083402)  NNZ: 13 (12)  Ttime: 1.4196 Vtime: 0.0514
Step: 23800000  Loss: 0.074132 Regul: 0.016953 Obj: 0.091085 (0.083402)  NNZ: 15 (12)  Ttime: 1.4179 Vtime: 0.0517
Step: 23900000  Loss: 0.078377 Regul: 0.013599 Obj: 0.091976 (0.083402)  NNZ: 10 (12)  Ttime: 1.4184 Vtime: 0.0513
Step: 24000000  Loss: 0.074836 Regul: 0.016826 Obj: 0.091662 (0.083402)  NNZ: 14 (12)  Ttime: 1.4167 Vtime: 0.0513
Step: 24100000  Loss: 0.078182 Regul: 0.017241 Obj: 0.095423 (0.083402)  NNZ: 11 (12)  Ttime: 1.4158 Vtime: 0.0515
Step: 24200000  Loss: 0.075834 Regul: 0.017407 Obj: 0.093241 (0.083402)  NNZ: 13 (12)  Ttime: 1.4168 Vtime: 0.0514
Step: 24300000  Loss: 0.092494 Regul: 0.011357 Obj: 0.103851 (0.083402)  NNZ: 14 (12)  Ttime: 1.4157 Vtime: 0.0509
Step: 24400000  Loss: 0.074839 Regul: 0.013306 Obj: 0.088145 (0.083402)  NNZ: 10 (12)  Ttime: 1.4176 Vtime: 0.0515
Step: 24500000  Loss: 0.085295 Regul: 0.013042 Obj: 0.098337 (0.083402)  NNZ: 11 (12)  Ttime: 1.4164 Vtime: 0.0514
Step: 24600000  Loss: 0.076638 Regul: 0.010796 Obj: 0.087434 (0.083402)  NNZ: 10 (12)  Ttime: 1.4168 Vtime: 0.0518
Step: 24700000  Loss: 0.072103 Regul: 0.014722 Obj: 0.086824 (0.083402)  NNZ: 12 (12)  Ttime: 1.4196 Vtime: 0.0530
Step: 24800000  Loss: 0.074474 Regul: 0.012212 Obj: 0.086686 (0.083402)  NNZ: 8 (12)  Ttime: 1.4216 Vtime: 0.0513
Step: 24900000  Loss: 0.077281 Regul: 0.012324 Obj: 0.089605 (0.083402)  NNZ: 9 (12)  Ttime: 1.4180 Vtime: 0.0514
Step: 25000000  Loss: 0.094243 Regul: 0.017739 Obj: 0.111982 (0.083402)  NNZ: 13 (12)  Ttime: 1.4209 Vtime: 0.0520
Step: 25100000  Loss: 0.070532 Regul: 0.014697 Obj: 0.085229 (0.083402)  NNZ: 12 (12)  Ttime: 1.4161 Vtime: 0.0520
Step: 25200000  Loss: 0.073334 Regul: 0.010615 Obj: 0.083949 (0.083402)  NNZ: 10 (12)  Ttime: 1.4141 Vtime: 0.0517
Step: 25300000  Loss: 0.078791 Regul: 0.014087 Obj: 0.092878 (0.083402)  NNZ: 11 (12)  Ttime: 1.4157 Vtime: 0.0522
Step: 25400000  Loss: 0.085626 Regul: 0.010298 Obj: 0.095924 (0.083402)  NNZ: 11 (12)  Ttime: 1.4152 Vtime: 0.0517
Step: 25500000  Loss: 0.088878 Regul: 0.010503 Obj: 0.099381 (0.083402)  NNZ: 10 (12)  Ttime: 1.4166 Vtime: 0.0515
Step: 25600000  Loss: 0.072933 Regul: 0.014902 Obj: 0.087835 (0.083402)  NNZ: 13 (12)  Ttime: 1.4162 Vtime: 0.0516
Step: 25700000  Loss: 0.081502 Regul: 0.015688 Obj: 0.097191 (0.083402)  NNZ: 10 (12)  Ttime: 1.4152 Vtime: 0.0510
Step: 25800000  Loss: 0.082860 Regul: 0.011831 Obj: 0.094691 (0.083402)  NNZ: 11 (12)  Ttime: 1.4285 Vtime: 0.0517
Step: 25900000  Loss: 0.071688 Regul: 0.015005 Obj: 0.086693 (0.083402)  NNZ: 11 (12)  Ttime: 1.4155 Vtime: 0.0516
Step: 26000000  Loss: 0.078029 Regul: 0.011143 Obj: 0.089171 (0.083402)  NNZ: 10 (12)  Ttime: 1.4168 Vtime: 0.0517
Step: 26100000  Loss: 0.080229 Regul: 0.009531 Obj: 0.089760 (0.083402)  NNZ: 12 (12)  Ttime: 1.4205 Vtime: 0.0523
Step: 26200000  Loss: 0.081510 Regul: 0.016245 Obj: 0.097755 (0.083402)  NNZ: 12 (12)  Ttime: 1.4164 Vtime: 0.0517
Step: 26300000  Loss: 0.076880 Regul: 0.015439 Obj: 0.092320 (0.083402)  NNZ: 12 (12)  Ttime: 1.4136 Vtime: 0.0511
Step: 26400000  Loss: 0.096966 Regul: 0.008433 Obj: 0.105399 (0.083402)  NNZ: 7 (12)  Ttime: 1.4152 Vtime: 0.0510
Step: 26500000  Loss: 0.072817 Regul: 0.011523 Obj: 0.084341 (0.083402)  NNZ: 12 (12)  Ttime: 1.4169 Vtime: 0.0516
Step: 26600000  Loss: 0.078689 Regul: 0.010308 Obj: 0.088997 (0.083402)  NNZ: 11 (12)  Ttime: 1.4176 Vtime: 0.0525
Step: 26700000  Loss: 0.076294 Regul: 0.012080 Obj: 0.088374 (0.083402)  NNZ: 8 (12)  Ttime: 1.4155 Vtime: 0.0518
Step: 26800000  Loss: 0.075876 Regul: 0.020146 Obj: 0.096023 (0.083402)  NNZ: 15 (12)  Ttime: 1.4150 Vtime: 0.0512
Step: 26900000  Loss: 0.073249 Regul: 0.013506 Obj: 0.086755 (0.083402)  NNZ: 10 (12)  Ttime: 1.4188 Vtime: 0.0515
Step: 27000000  Loss: 0.082318 Regul: 0.011094 Obj: 0.093412 (0.083402)  NNZ: 8 (12)  Ttime: 1.4163 Vtime: 0.0522
Step: 27100000  Loss: 0.072909 Regul: 0.012681 Obj: 0.085590 (0.083402)  NNZ: 10 (12)  Ttime: 1.4173 Vtime: 0.0508
Step: 27200000  Loss: 0.080157 Regul: 0.012324 Obj: 0.092481 (0.083402)  NNZ: 9 (12)  Ttime: 1.4194 Vtime: 0.0527
Step: 27300000  Loss: 0.073878 Regul: 0.012578 Obj: 0.086456 (0.083402)  NNZ: 8 (12)  Ttime: 1.4144 Vtime: 0.0511
Step: 27400000  Loss: 0.071658 Regul: 0.015225 Obj: 0.086882 (0.083402)  NNZ: 15 (12)  Ttime: 1.4144 Vtime: 0.0511
Step: 27500000  Loss: 0.080440 Regul: 0.009009 Obj: 0.089449 (0.083402)  NNZ: 11 (12)  Ttime: 1.4183 Vtime: 0.0508
Step: 27600000  Loss: 0.079662 Regul: 0.014165 Obj: 0.093827 (0.083402)  NNZ: 14 (12)  Ttime: 1.4154 Vtime: 0.0515
Step: 27700000  Loss: 0.079587 Regul: 0.009790 Obj: 0.089377 (0.083402)  NNZ: 11 (12)  Ttime: 1.4190 Vtime: 0.0513
Step: 27800000  Loss: 0.070464 Regul: 0.013354 Obj: 0.083819 (0.083402)  NNZ: 12 (12)  Ttime: 1.4203 Vtime: 0.0518
Step: 27900000  Loss: 0.114369 Regul: 0.006631 Obj: 0.121000 (0.083402)  NNZ: 6 (12)  Ttime: 1.4193 Vtime: 0.0509
Step: 28000000  Loss: 0.080522 Regul: 0.009688 Obj: 0.090209 (0.083402)  NNZ: 9 (12)  Ttime: 1.4181 Vtime: 0.0525
Step: 28100000  Loss: 0.081711 Regul: 0.014746 Obj: 0.096457 (0.083402)  NNZ: 12 (12)  Ttime: 1.4219 Vtime: 0.0510
Step: 28200000  Loss: 0.087065 Regul: 0.012187 Obj: 0.099252 (0.083402)  NNZ: 10 (12)  Ttime: 1.4176 Vtime: 0.0519
Step: 28300000  Loss: 0.101963 Regul: 0.007183 Obj: 0.109146 (0.083402)  NNZ: 9 (12)  Ttime: 1.4168 Vtime: 0.0518
Step: 28400000  Loss: 0.090168 Regul: 0.009761 Obj: 0.099929 (0.083402)  NNZ: 9 (12)  Ttime: 1.4151 Vtime: 0.0517
Step: 28500000  Loss: 0.074272 Regul: 0.013911 Obj: 0.088184 (0.083402)  NNZ: 15 (12)  Ttime: 1.4172 Vtime: 0.0507
Step: 28600000  Loss: 0.076277 Regul: 0.010723 Obj: 0.086999 (0.083402)  NNZ: 13 (12)  Ttime: 1.4175 Vtime: 0.0514
Step: 28700000  Loss: 0.075401 Regul: 0.017437 Obj: 0.092837 (0.083402)  NNZ: 11 (12)  Ttime: 1.4184 Vtime: 0.0515
Step: 28800000  Loss: 0.083603 Regul: 0.010039 Obj: 0.093642 (0.083402)  NNZ: 11 (12)  Ttime: 1.4208 Vtime: 0.0521
Step: 28900000  Loss: 0.071282 Regul: 0.017715 Obj: 0.088997 (0.083402)  NNZ: 15 (12)  Ttime: 1.4185 Vtime: 0.0520
Step: 29000000  Loss: 0.079997 Regul: 0.013154 Obj: 0.093151 (0.083402)  NNZ: 10 (12)  Ttime: 1.4210 Vtime: 0.0519
Step: 29100000  Loss: 0.072303 Regul: 0.011699 Obj: 0.084002 (0.083402)  NNZ: 11 (12)  Ttime: 1.4159 Vtime: 0.0520
Step: 29200000  Loss: 0.085401 Regul: 0.014263 Obj: 0.099663 (0.083402)  NNZ: 11 (12)  Ttime: 1.4176 Vtime: 0.0511
Step: 29300000  Loss: 0.075105 Regul: 0.014829 Obj: 0.089934 (0.083402)  NNZ: 11 (12)  Ttime: 1.4168 Vtime: 0.0519
Step: 29400000  Loss: 0.092638 Regul: 0.012153 Obj: 0.104791 (0.083402)  NNZ: 11 (12)  Ttime: 1.4190 Vtime: 0.0511
Step: 29500000  Loss: 0.070825 Regul: 0.014966 Obj: 0.085791 (0.083402)  NNZ: 11 (12)  Ttime: 1.4213 Vtime: 0.0518
Step: 29600000  Loss: 0.081927 Regul: 0.010864 Obj: 0.092791 (0.083402)  NNZ: 13 (12)  Ttime: 1.4177 Vtime: 0.0512
Step: 29700000  Loss: 0.080314 Regul: 0.011035 Obj: 0.091349 (0.083402)  NNZ: 12 (12)  Ttime: 1.4163 Vtime: 0.0518
Step: 29800000  Loss: 0.077740 Regul: 0.015391 Obj: 0.093131 (0.083402)  NNZ: 13 (12)  Ttime: 1.4155 Vtime: 0.0516
Step: 29900000  Loss: 0.094251 Regul: 0.007520 Obj: 0.101771 (0.083402)  NNZ: 9 (12)  Ttime: 1.4166 Vtime: 0.0515
Step: 30000000  Loss: 0.075971 Regul: 0.019092 Obj: 0.095063 (0.083402)  NNZ: 15 (12)  Ttime: 1.4204 Vtime: 0.0523
Step: 30100000  Loss: 0.081308 Regul: 0.011494 Obj: 0.092802 (0.083402)  NNZ: 10 (12)  Ttime: 1.4190 Vtime: 0.0516
Step: 30200000  Loss: 0.082768 Regul: 0.011758 Obj: 0.094526 (0.083402)  NNZ: 10 (12)  Ttime: 1.4195 Vtime: 0.0516
Step: 30300000  Loss: 0.085767 Regul: 0.009961 Obj: 0.095728 (0.083402)  NNZ: 9 (12)  Ttime: 1.4197 Vtime: 0.0510
Step: 30400000  Loss: 0.087311 Regul: 0.012197 Obj: 0.099508 (0.083402)  NNZ: 6 (12)  Ttime: 1.4165 Vtime: 0.0512
Step: 30500000  Loss: 0.075203 Regul: 0.011909 Obj: 0.087113 (0.083402)  NNZ: 9 (12)  Ttime: 1.4191 Vtime: 0.0517
Step: 30600000  Loss: 0.079365 Regul: 0.010986 Obj: 0.090351 (0.083402)  NNZ: 11 (12)  Ttime: 1.4159 Vtime: 0.0504
Step: 30700000  Loss: 0.074748 Regul: 0.014712 Obj: 0.089460 (0.083402)  NNZ: 10 (12)  Ttime: 1.4174 Vtime: 0.0513
Step: 30800000  Loss: 0.095221 Regul: 0.011953 Obj: 0.107174 (0.083402)  NNZ: 11 (12)  Ttime: 1.4195 Vtime: 0.0511
Step: 30900000  Loss: 0.081577 Regul: 0.014814 Obj: 0.096392 (0.083402)  NNZ: 13 (12)  Ttime: 1.4178 Vtime: 0.0509
Step: 31000000  Loss: 0.070616 Regul: 0.013613 Obj: 0.084229 (0.083402)  NNZ: 12 (12)  Ttime: 1.4215 Vtime: 0.0517
Step: 31100000  Loss: 0.091969 Regul: 0.012251 Obj: 0.104220 (0.083402)  NNZ: 8 (12)  Ttime: 1.4181 Vtime: 0.0517
Step: 31200000  Loss: 0.077093 Regul: 0.012642 Obj: 0.089735 (0.083402)  NNZ: 12 (12)  Ttime: 1.4186 Vtime: 0.0505
Step: 31300000  Loss: 0.088042 Regul: 0.008413 Obj: 0.096455 (0.083402)  NNZ: 8 (12)  Ttime: 1.4191 Vtime: 0.0521
Step: 31400000  Loss: 0.077550 Regul: 0.012959 Obj: 0.090509 (0.083402)  NNZ: 8 (12)  Ttime: 1.4160 Vtime: 0.0514
Step: 31500000  Loss: 0.079581 Regul: 0.012168 Obj: 0.091749 (0.083402)  NNZ: 14 (12)  Ttime: 1.4168 Vtime: 0.0514
Step: 31600000  Loss: 0.112423 Regul: 0.013047 Obj: 0.125470 (0.083402)  NNZ: 8 (12)  Ttime: 1.4168 Vtime: 0.0515
Step: 31700000  Loss: 0.078204 Regul: 0.010430 Obj: 0.088634 (0.083402)  NNZ: 12 (12)  Ttime: 1.4198 Vtime: 0.0511
Step: 31800000  Loss: 0.072867 Regul: 0.018130 Obj: 0.090997 (0.083402)  NNZ: 15 (12)  Ttime: 1.4205 Vtime: 0.0512
Step: 31900000  Loss: 0.072532 Regul: 0.013008 Obj: 0.085540 (0.083402)  NNZ: 13 (12)  Ttime: 1.4197 Vtime: 0.0512
Step: 32000000  Loss: 0.075674 Regul: 0.014482 Obj: 0.090156 (0.083402)  NNZ: 11 (12)  Ttime: 1.4203 Vtime: 0.0511
Step: 32100000  Loss: 0.072314 Regul: 0.014976 Obj: 0.087289 (0.083402)  NNZ: 13 (12)  Ttime: 1.4177 Vtime: 0.0512
Step: 32200000  Loss: 0.098537 Regul: 0.013530 Obj: 0.112068 (0.083402)  NNZ: 11 (12)  Ttime: 1.4184 Vtime: 0.0512
Step: 32300000  Loss: 0.101801 Regul: 0.007480 Obj: 0.109282 (0.083402)  NNZ: 7 (12)  Ttime: 1.4176 Vtime: 0.0518
Step: 32400000  Loss: 0.072492 Regul: 0.013521 Obj: 0.086012 (0.083402)  NNZ: 13 (12)  Ttime: 1.4186 Vtime: 0.0508
Step: 32500000  Loss: 0.082711 Regul: 0.013931 Obj: 0.096642 (0.083402)  NNZ: 14 (12)  Ttime: 1.4178 Vtime: 0.0511
Step: 32600000  Loss: 0.077921 Regul: 0.010493 Obj: 0.088415 (0.083402)  NNZ: 10 (12)  Ttime: 1.4191 Vtime: 0.0512
Step: 32700000  Loss: 0.075881 Regul: 0.010757 Obj: 0.086638 (0.083402)  NNZ: 13 (12)  Ttime: 1.4168 Vtime: 0.0513
Step: 32800000  Loss: 0.073036 Regul: 0.013843 Obj: 0.086879 (0.083402)  NNZ: 11 (12)  Ttime: 1.4205 Vtime: 0.0511
Step: 32900000  Loss: 0.099516 Regul: 0.008286 Obj: 0.107802 (0.083402)  NNZ: 9 (12)  Ttime: 1.4225 Vtime: 0.0511
Step: 33000000  Loss: 0.075838 Regul: 0.010176 Obj: 0.086013 (0.083402)  NNZ: 10 (12)  Ttime: 1.4168 Vtime: 0.0516
Step: 33100000  Loss: 0.074674 Regul: 0.011348 Obj: 0.086021 (0.083402)  NNZ: 10 (12)  Ttime: 1.4172 Vtime: 0.0516
Step: 33200000  Loss: 0.092977 Regul: 0.011846 Obj: 0.104822 (0.083402)  NNZ: 10 (12)  Ttime: 1.4261 Vtime: 0.0513
Step: 33300000  Loss: 0.083378 Regul: 0.008662 Obj: 0.092040 (0.083402)  NNZ: 8 (12)  Ttime: 1.4171 Vtime: 0.0518
Step: 33400000  Loss: 0.073376 Regul: 0.013887 Obj: 0.087263 (0.083402)  NNZ: 12 (12)  Ttime: 1.4173 Vtime: 0.0510
Step: 33500000  Loss: 0.080881 Regul: 0.011387 Obj: 0.092267 (0.083402)  NNZ: 8 (12)  Ttime: 1.4175 Vtime: 0.0511
Step: 33600000  Loss: 0.076555 Regul: 0.020859 Obj: 0.097415 (0.083402)  NNZ: 13 (12)  Ttime: 1.4153 Vtime: 0.0511
Step: 33700000  Loss: 0.077738 Regul: 0.022944 Obj: 0.100682 (0.083402)  NNZ: 15 (12)  Ttime: 1.4137 Vtime: 0.0516
Step: 33800000  Loss: 0.076342 Regul: 0.018271 Obj: 0.094614 (0.083402)  NNZ: 12 (12)  Ttime: 1.4153 Vtime: 0.0527
Step: 33900000  Loss: 0.076565 Regul: 0.018472 Obj: 0.095037 (0.083402)  NNZ: 13 (12)  Ttime: 1.4150 Vtime: 0.0514
Step: 34000000  Loss: 0.082351 Regul: 0.022485 Obj: 0.104837 (0.083402)  NNZ: 13 (12)  Ttime: 1.4139 Vtime: 0.0516
Step: 34100000  Loss: 0.087544 Regul: 0.022764 Obj: 0.110308 (0.083402)  NNZ: 12 (12)  Ttime: 1.4137 Vtime: 0.0520
Step: 34200000  Loss: 0.078261 Regul: 0.023472 Obj: 0.101733 (0.083402)  NNZ: 15 (12)  Ttime: 1.4147 Vtime: 0.0521
Step: 34300000  Loss: 0.082605 Regul: 0.023164 Obj: 0.105769 (0.083402)  NNZ: 17 (12)  Ttime: 1.4146 Vtime: 0.0520
Step: 34400000  Loss: 0.078564 Regul: 0.017397 Obj: 0.095962 (0.083402)  NNZ: 12 (12)  Ttime: 1.4130 Vtime: 0.0508
Step: 34500000  Loss: 0.077447 Regul: 0.014966 Obj: 0.092413 (0.083402)  NNZ: 13 (12)  Ttime: 1.4097 Vtime: 0.0514
Step: 34600000  Loss: 0.072062 Regul: 0.015562 Obj: 0.087624 (0.083402)  NNZ: 13 (12)  Ttime: 1.4136 Vtime: 0.0517
Step: 34700000  Loss: 0.089333 Regul: 0.019414 Obj: 0.108747 (0.083402)  NNZ: 14 (12)  Ttime: 1.4121 Vtime: 0.0511
Step: 34800000  Loss: 0.074657 Regul: 0.019214 Obj: 0.093871 (0.083402)  NNZ: 11 (12)  Ttime: 1.4149 Vtime: 0.0513
Step: 34900000  Loss: 0.073853 Regul: 0.018413 Obj: 0.092267 (0.083402)  NNZ: 15 (12)  Ttime: 1.4126 Vtime: 0.0510
Step: 35000000  Loss: 0.072207 Regul: 0.017739 Obj: 0.089946 (0.083402)  NNZ: 13 (12)  Ttime: 1.4132 Vtime: 0.0517
Step: 35100000  Loss: 0.072650 Regul: 0.018247 Obj: 0.090897 (0.083402)  NNZ: 12 (12)  Ttime: 1.4140 Vtime: 0.0514
Step: 35200000  Loss: 0.073637 Regul: 0.020952 Obj: 0.094589 (0.083402)  NNZ: 14 (12)  Ttime: 1.4129 Vtime: 0.0515
Step: 35300000  Loss: 0.073529 Regul: 0.019116 Obj: 0.092645 (0.083402)  NNZ: 11 (12)  Ttime: 1.4133 Vtime: 0.0509
Step: 35400000  Loss: 0.075787 Regul: 0.019819 Obj: 0.095606 (0.083402)  NNZ: 12 (12)  Ttime: 1.4142 Vtime: 0.0514
Step: 35500000  Loss: 0.089843 Regul: 0.025884 Obj: 0.115726 (0.083402)  NNZ: 18 (12)  Ttime: 1.4164 Vtime: 0.0516
Step: 35600000  Loss: 0.074376 Regul: 0.017783 Obj: 0.092159 (0.083402)  NNZ: 14 (12)  Ttime: 1.4124 Vtime: 0.0520
Step: 35700000  Loss: 0.071816 Regul: 0.017100 Obj: 0.088916 (0.083402)  NNZ: 12 (12)  Ttime: 1.4166 Vtime: 0.0506
Step: 35800000  Loss: 0.072889 Regul: 0.016475 Obj: 0.089364 (0.083402)  NNZ: 14 (12)  Ttime: 1.4162 Vtime: 0.0518
Step: 35900000  Loss: 0.077166 Regul: 0.015229 Obj: 0.092396 (0.083402)  NNZ: 10 (12)  Ttime: 1.4151 Vtime: 0.0515
Step: 36000000  Loss: 0.078529 Regul: 0.023848 Obj: 0.102377 (0.083402)  NNZ: 13 (12)  Ttime: 1.4139 Vtime: 0.0516
Step: 36100000  Loss: 0.073254 Regul: 0.013013 Obj: 0.086267 (0.083402)  NNZ: 10 (12)  Ttime: 1.4130 Vtime: 0.0516
Step: 36200000  Loss: 0.072183 Regul: 0.018164 Obj: 0.090347 (0.083402)  NNZ: 14 (12)  Ttime: 1.4145 Vtime: 0.0512
Step: 36300000  Loss: 0.076821 Regul: 0.017866 Obj: 0.094687 (0.083402)  NNZ: 12 (12)  Ttime: 1.4142 Vtime: 0.0516
Step: 36400000  Loss: 0.075055 Regul: 0.018369 Obj: 0.093425 (0.083402)  NNZ: 14 (12)  Ttime: 1.4215 Vtime: 0.0509
Step: 36500000  Loss: 0.079123 Regul: 0.009307 Obj: 0.088430 (0.083402)  NNZ: 9 (12)  Ttime: 1.4175 Vtime: 0.0512
Step: 36600000  Loss: 0.074665 Regul: 0.020273 Obj: 0.094938 (0.083402)  NNZ: 15 (12)  Ttime: 1.4177 Vtime: 0.0514
Step: 36700000  Loss: 0.076078 Regul: 0.015601 Obj: 0.091679 (0.083402)  NNZ: 10 (12)  Ttime: 1.4117 Vtime: 0.0520
Step: 36800000  Loss: 0.081748 Regul: 0.020112 Obj: 0.101861 (0.083402)  NNZ: 12 (12)  Ttime: 1.4125 Vtime: 0.0512
Step: 36900000  Loss: 0.077383 Regul: 0.023047 Obj: 0.100430 (0.083402)  NNZ: 15 (12)  Ttime: 1.4141 Vtime: 0.0523
Step: 37000000  Loss: 0.072306 Regul: 0.013184 Obj: 0.085490 (0.083402)  NNZ: 12 (12)  Ttime: 1.4148 Vtime: 0.0515
Step: 37100000  Loss: 0.072418 Regul: 0.018384 Obj: 0.090802 (0.083402)  NNZ: 15 (12)  Ttime: 1.4129 Vtime: 0.0511
Step: 37200000  Loss: 0.073477 Regul: 0.019468 Obj: 0.092944 (0.083402)  NNZ: 13 (12)  Ttime: 1.4119 Vtime: 0.0507
Step: 37300000  Loss: 0.073922 Regul: 0.019668 Obj: 0.093590 (0.083402)  NNZ: 14 (12)  Ttime: 1.4139 Vtime: 0.0512
Step: 37400000  Loss: 0.085965 Regul: 0.021826 Obj: 0.107791 (0.083402)  NNZ: 11 (12)  Ttime: 1.4124 Vtime: 0.0521
Step: 37500000  Loss: 0.072990 Regul: 0.013774 Obj: 0.086765 (0.083402)  NNZ: 10 (12)  Ttime: 1.4133 Vtime: 0.0513
Step: 37600000  Loss: 0.074178 Regul: 0.020874 Obj: 0.095052 (0.083402)  NNZ: 15 (12)  Ttime: 1.4130 Vtime: 0.0514
Step: 37700000  Loss: 0.074781 Regul: 0.019805 Obj: 0.094586 (0.083402)  NNZ: 15 (12)  Ttime: 1.4182 Vtime: 0.0519
Step: 37800000  Loss: 0.072797 Regul: 0.017837 Obj: 0.090634 (0.083402)  NNZ: 15 (12)  Ttime: 1.4121 Vtime: 0.0513
Step: 37900000  Loss: 0.080460 Regul: 0.018516 Obj: 0.098975 (0.083402)  NNZ: 14 (12)  Ttime: 1.4156 Vtime: 0.0514
Step: 38000000  Loss: 0.077622 Regul: 0.018872 Obj: 0.096494 (0.083402)  NNZ: 15 (12)  Ttime: 1.4168 Vtime: 0.0519
Step: 38100000  Loss: 0.079215 Regul: 0.021323 Obj: 0.100539 (0.083402)  NNZ: 15 (12)  Ttime: 1.4118 Vtime: 0.0516
Step: 38200000  Loss: 0.103200 Regul: 0.010088 Obj: 0.113288 (0.083402)  NNZ: 9 (12)  Ttime: 1.4134 Vtime: 0.0517
Step: 38300000  Loss: 0.075250 Regul: 0.020869 Obj: 0.096119 (0.083402)  NNZ: 14 (12)  Ttime: 1.4168 Vtime: 0.0521
Step: 38400000  Loss: 0.076806 Regul: 0.010347 Obj: 0.087153 (0.083402)  NNZ: 12 (12)  Ttime: 1.4102 Vtime: 0.0517
Step: 38500000  Loss: 0.086881 Regul: 0.027417 Obj: 0.114298 (0.083402)  NNZ: 18 (12)  Ttime: 1.4119 Vtime: 0.0515
Step: 38600000  Loss: 0.074744 Regul: 0.019917 Obj: 0.094661 (0.083402)  NNZ: 13 (12)  Ttime: 1.4140 Vtime: 0.0513
Step: 38700000  Loss: 0.076288 Regul: 0.017456 Obj: 0.093744 (0.083402)  NNZ: 16 (12)  Ttime: 1.4116 Vtime: 0.0515
Step: 38800000  Loss: 0.074798 Regul: 0.020361 Obj: 0.095159 (0.083402)  NNZ: 14 (12)  Ttime: 1.4127 Vtime: 0.0524
Step: 38900000  Loss: 0.073783 Regul: 0.018848 Obj: 0.092631 (0.083402)  NNZ: 12 (12)  Ttime: 1.4133 Vtime: 0.0519
Step: 39000000  Loss: 0.075343 Regul: 0.021060 Obj: 0.096402 (0.083402)  NNZ: 17 (12)  Ttime: 1.4122 Vtime: 0.0526
Step: 39100000  Loss: 0.079548 Regul: 0.020884 Obj: 0.100432 (0.083402)  NNZ: 16 (12)  Ttime: 1.4143 Vtime: 0.0521
Step: 39200000  Loss: 0.077085 Regul: 0.020693 Obj: 0.097778 (0.083402)  NNZ: 18 (12)  Ttime: 1.4165 Vtime: 0.0516
Step: 39300000  Loss: 0.073967 Regul: 0.020063 Obj: 0.094030 (0.083402)  NNZ: 15 (12)  Ttime: 1.4123 Vtime: 0.0509
Step: 39400000  Loss: 0.073651 Regul: 0.011133 Obj: 0.084784 (0.083402)  NNZ: 14 (12)  Ttime: 1.4129 Vtime: 0.0515
Step: 39500000  Loss: 0.075546 Regul: 0.017788 Obj: 0.093334 (0.083402)  NNZ: 15 (12)  Ttime: 1.4143 Vtime: 0.0518
Step: 39600000  Loss: 0.077430 Regul: 0.014165 Obj: 0.091595 (0.083402)  NNZ: 12 (12)  Ttime: 1.4121 Vtime: 0.0516
Step: 39700000  Loss: 0.075756 Regul: 0.022607 Obj: 0.098363 (0.083402)  NNZ: 18 (12)  Ttime: 1.4145 Vtime: 0.0518
Step: 39800000  Loss: 0.085464 Regul: 0.016958 Obj: 0.102422 (0.083402)  NNZ: 13 (12)  Ttime: 1.4126 Vtime: 0.0517
Step: 39900000  Loss: 0.074768 Regul: 0.019863 Obj: 0.094631 (0.083402)  NNZ: 15 (12)  Ttime: 1.4132 Vtime: 0.0521
Step: 40000000  Loss: 0.077086 Regul: 0.021460 Obj: 0.098546 (0.083402)  NNZ: 15 (12)  Ttime: 1.4139 Vtime: 0.0519
Step: 40100000  Loss: 0.078332 Regul: 0.023794 Obj: 0.102125 (0.083402)  NNZ: 17 (12)  Ttime: 1.4139 Vtime: 0.0514
Step: 40200000  Loss: 0.071617 Regul: 0.017622 Obj: 0.089239 (0.083402)  NNZ: 15 (12)  Ttime: 1.4163 Vtime: 0.0522
Step: 40300000  Loss: 0.076353 Regul: 0.014229 Obj: 0.090581 (0.083402)  NNZ: 11 (12)  Ttime: 1.4143 Vtime: 0.0513
Step: 40400000  Loss: 0.079758 Regul: 0.026045 Obj: 0.105803 (0.083402)  NNZ: 20 (12)  Ttime: 1.4151 Vtime: 0.0510
Step: 40500000  Loss: 0.076653 Regul: 0.013979 Obj: 0.090633 (0.083402)  NNZ: 10 (12)  Ttime: 1.4173 Vtime: 0.0517
Step: 40600000  Loss: 0.073521 Regul: 0.011636 Obj: 0.085157 (0.083402)  NNZ: 11 (12)  Ttime: 1.4127 Vtime: 0.0517
Step: 40700000  Loss: 0.083369 Regul: 0.016567 Obj: 0.099937 (0.083402)  NNZ: 13 (12)  Ttime: 1.4125 Vtime: 0.0521
Step: 40800000  Loss: 0.088664 Regul: 0.032065 Obj: 0.120730 (0.083402)  NNZ: 16 (12)  Ttime: 1.4142 Vtime: 0.0516
Step: 40900000  Loss: 0.077007 Regul: 0.019678 Obj: 0.096684 (0.083402)  NNZ: 13 (12)  Ttime: 1.4138 Vtime: 0.0521
Step: 41000000  Loss: 0.074352 Regul: 0.017109 Obj: 0.091462 (0.083402)  NNZ: 12 (12)  Ttime: 1.4125 Vtime: 0.0514
Step: 41100000  Loss: 0.075711 Regul: 0.013843 Obj: 0.089554 (0.083402)  NNZ: 13 (12)  Ttime: 1.4169 Vtime: 0.0516
Step: 41200000  Loss: 0.092411 Regul: 0.031030 Obj: 0.123442 (0.083402)  NNZ: 16 (12)  Ttime: 1.4134 Vtime: 0.0515
Step: 41300000  Loss: 0.079138 Regul: 0.020918 Obj: 0.100056 (0.083402)  NNZ: 19 (12)  Ttime: 1.4134 Vtime: 0.0513
Step: 41400000  Loss: 0.080471 Regul: 0.015181 Obj: 0.095651 (0.083402)  NNZ: 12 (12)  Ttime: 1.4154 Vtime: 0.0515
Step: 41500000  Loss: 0.091244 Regul: 0.022007 Obj: 0.113250 (0.083402)  NNZ: 17 (12)  Ttime: 1.4106 Vtime: 0.0514
Step: 41600000  Loss: 0.081181 Regul: 0.027280 Obj: 0.108461 (0.083402)  NNZ: 20 (12)  Ttime: 1.4119 Vtime: 0.0516
Step: 41700000  Loss: 0.078948 Regul: 0.019546 Obj: 0.098494 (0.083402)  NNZ: 11 (12)  Ttime: 1.4132 Vtime: 0.0522
Step: 41800000  Loss: 0.082282 Regul: 0.018037 Obj: 0.100319 (0.083402)  NNZ: 10 (12)  Ttime: 1.4128 Vtime: 0.0518
Step: 41900000  Loss: 0.080492 Regul: 0.017476 Obj: 0.097967 (0.083402)  NNZ: 12 (12)  Ttime: 1.4146 Vtime: 0.0514
Step: 42000000  Loss: 0.072697 Regul: 0.012148 Obj: 0.084845 (0.083402)  NNZ: 11 (12)  Ttime: 1.4166 Vtime: 0.0512
Step: 42100000  Loss: 0.083341 Regul: 0.011626 Obj: 0.094967 (0.083402)  NNZ: 13 (12)  Ttime: 1.4166 Vtime: 0.0511
Step: 42200000  Loss: 0.074974 Regul: 0.019771 Obj: 0.094745 (0.083402)  NNZ: 14 (12)  Ttime: 1.4123 Vtime: 0.0510
Step: 42300000  Loss: 0.072745 Regul: 0.019336 Obj: 0.092081 (0.083402)  NNZ: 12 (12)  Ttime: 1.4107 Vtime: 0.0517
Step: 42400000  Loss: 0.074520 Regul: 0.018164 Obj: 0.092684 (0.083402)  NNZ: 15 (12)  Ttime: 1.4152 Vtime: 0.0517
Step: 42500000  Loss: 0.076895 Regul: 0.014580 Obj: 0.091475 (0.083402)  NNZ: 11 (12)  Ttime: 1.4110 Vtime: 0.0514
Step: 42600000  Loss: 0.074062 Regul: 0.017500 Obj: 0.091562 (0.083402)  NNZ: 11 (12)  Ttime: 1.4136 Vtime: 0.0511
Step: 42700000  Loss: 0.082682 Regul: 0.021152 Obj: 0.103834 (0.083402)  NNZ: 13 (12)  Ttime: 1.4169 Vtime: 0.0510
Step: 42800000  Loss: 0.102350 Regul: 0.018862 Obj: 0.121213 (0.083402)  NNZ: 16 (12)  Ttime: 1.4149 Vtime: 0.0517
Step: 42900000  Loss: 0.081256 Regul: 0.024360 Obj: 0.105616 (0.083402)  NNZ: 17 (12)  Ttime: 1.4138 Vtime: 0.0521
Step: 43000000  Loss: 0.084750 Regul: 0.022354 Obj: 0.107104 (0.083402)  NNZ: 18 (12)  Ttime: 1.4120 Vtime: 0.0516
Step: 43100000  Loss: 0.072745 Regul: 0.016587 Obj: 0.089332 (0.083402)  NNZ: 13 (12)  Ttime: 1.4166 Vtime: 0.0508
Step: 43200000  Loss: 0.082930 Regul: 0.015703 Obj: 0.098633 (0.083402)  NNZ: 12 (12)  Ttime: 1.4148 Vtime: 0.0515
Step: 43300000  Loss: 0.079053 Regul: 0.023267 Obj: 0.102320 (0.083402)  NNZ: 13 (12)  Ttime: 1.4116 Vtime: 0.0512
Step: 43400000  Loss: 0.083256 Regul: 0.026348 Obj: 0.109604 (0.083402)  NNZ: 16 (12)  Ttime: 1.4127 Vtime: 0.0514
Step: 43500000  Loss: 0.074910 Regul: 0.023159 Obj: 0.098070 (0.083402)  NNZ: 13 (12)  Ttime: 1.4126 Vtime: 0.0518
Step: 43600000  Loss: 0.076236 Regul: 0.022847 Obj: 0.099083 (0.083402)  NNZ: 16 (12)  Ttime: 1.4142 Vtime: 0.0519
Step: 43700000  Loss: 0.078176 Regul: 0.014849 Obj: 0.093025 (0.083402)  NNZ: 11 (12)  Ttime: 1.4129 Vtime: 0.0514
Step: 43800000  Loss: 0.094564 Regul: 0.021558 Obj: 0.116121 (0.083402)  NNZ: 14 (12)  Ttime: 1.4160 Vtime: 0.0516
Step: 43900000  Loss: 0.079568 Regul: 0.026201 Obj: 0.105770 (0.083402)  NNZ: 15 (12)  Ttime: 1.4131 Vtime: 0.0516
Step: 44000000  Loss: 0.076291 Regul: 0.019370 Obj: 0.095661 (0.083402)  NNZ: 15 (12)  Ttime: 1.4136 Vtime: 0.0513
Step: 44100000  Loss: 0.076483 Regul: 0.020547 Obj: 0.097030 (0.083402)  NNZ: 14 (12)  Ttime: 1.4132 Vtime: 0.0517
Step: 44200000  Loss: 0.074889 Regul: 0.014746 Obj: 0.089635 (0.083402)  NNZ: 14 (12)  Ttime: 1.4168 Vtime: 0.0514
Step: 44300000  Loss: 0.080747 Regul: 0.021025 Obj: 0.101773 (0.083402)  NNZ: 17 (12)  Ttime: 1.4133 Vtime: 0.0521
Step: 44400000  Loss: 0.080034 Regul: 0.017690 Obj: 0.097725 (0.083402)  NNZ: 15 (12)  Ttime: 1.4127 Vtime: 0.0513
Step: 44500000  Loss: 0.075953 Regul: 0.016626 Obj: 0.092579 (0.083402)  NNZ: 13 (12)  Ttime: 1.4157 Vtime: 0.0513
Step: 44600000  Loss: 0.076617 Regul: 0.024126 Obj: 0.100743 (0.083402)  NNZ: 17 (12)  Ttime: 1.4138 Vtime: 0.0511
Step: 44700000  Loss: 0.073735 Regul: 0.022124 Obj: 0.095859 (0.083402)  NNZ: 19 (12)  Ttime: 1.4158 Vtime: 0.0515
Step: 44800000  Loss: 0.079669 Regul: 0.017920 Obj: 0.097589 (0.083402)  NNZ: 13 (12)  Ttime: 1.4127 Vtime: 0.0521
Step: 44900000  Loss: 0.091431 Regul: 0.031724 Obj: 0.123155 (0.083402)  NNZ: 21 (12)  Ttime: 1.4129 Vtime: 0.0520
Step: 45000000  Loss: 0.078398 Regul: 0.023564 Obj: 0.101963 (0.083402)  NNZ: 18 (12)  Ttime: 1.4143 Vtime: 0.0512
Step: 45100000  Loss: 0.073630 Regul: 0.017231 Obj: 0.090861 (0.083402)  NNZ: 13 (12)  Ttime: 1.4159 Vtime: 0.0512
Step: 45200000  Loss: 0.072546 Regul: 0.018911 Obj: 0.091457 (0.083402)  NNZ: 15 (12)  Ttime: 1.4129 Vtime: 0.0511
Step: 45300000  Loss: 0.080571 Regul: 0.022178 Obj: 0.102749 (0.083402)  NNZ: 16 (12)  Ttime: 1.4131 Vtime: 0.0518
Step: 45400000  Loss: 0.079355 Regul: 0.027773 Obj: 0.107129 (0.083402)  NNZ: 19 (12)  Ttime: 1.4140 Vtime: 0.0512
Step: 45500000  Loss: 0.075250 Regul: 0.015542 Obj: 0.090792 (0.083402)  NNZ: 13 (12)  Ttime: 1.4137 Vtime: 0.0520
Step: 45600000  Loss: 0.070420 Regul: 0.018999 Obj: 0.089419 (0.083402)  NNZ: 13 (12)  Ttime: 1.4122 Vtime: 0.0517
Step: 45700000  Loss: 0.073680 Regul: 0.017446 Obj: 0.091126 (0.083402)  NNZ: 13 (12)  Ttime: 1.4135 Vtime: 0.0513
Step: 45800000  Loss: 0.080959 Regul: 0.023262 Obj: 0.104220 (0.083402)  NNZ: 19 (12)  Ttime: 1.4114 Vtime: 0.0512
Step: 45900000  Loss: 0.075092 Regul: 0.016387 Obj: 0.091479 (0.083402)  NNZ: 17 (12)  Ttime: 1.4121 Vtime: 0.0513
Step: 46000000  Loss: 0.073898 Regul: 0.016064 Obj: 0.089962 (0.083402)  NNZ: 13 (12)  Ttime: 1.4144 Vtime: 0.0515
Step: 46100000  Loss: 0.082209 Regul: 0.018472 Obj: 0.100681 (0.083402)  NNZ: 15 (12)  Ttime: 1.4131 Vtime: 0.0515
Step: 46200000  Loss: 0.071913 Regul: 0.016318 Obj: 0.088231 (0.083402)  NNZ: 11 (12)  Ttime: 1.4119 Vtime: 0.0514
Step: 46300000  Loss: 0.075622 Regul: 0.024014 Obj: 0.099636 (0.083402)  NNZ: 18 (12)  Ttime: 1.4144 Vtime: 0.0516
Step: 46400000  Loss: 0.074160 Regul: 0.013696 Obj: 0.087856 (0.083402)  NNZ: 12 (12)  Ttime: 1.4128 Vtime: 0.0515
Step: 46500000  Loss: 0.081474 Regul: 0.016841 Obj: 0.098315 (0.083402)  NNZ: 12 (12)  Ttime: 1.4174 Vtime: 0.0526
Step: 46600000  Loss: 0.072372 Regul: 0.017168 Obj: 0.089540 (0.083402)  NNZ: 13 (12)  Ttime: 1.4140 Vtime: 0.0525
Step: 46700000  Loss: 0.081348 Regul: 0.020396 Obj: 0.101743 (0.083402)  NNZ: 16 (12)  Ttime: 1.4117 Vtime: 0.0513
Step: 46800000  Loss: 0.082108 Regul: 0.024824 Obj: 0.106933 (0.083402)  NNZ: 15 (12)  Ttime: 1.4122 Vtime: 0.0515
Step: 46900000  Loss: 0.073495 Regul: 0.017339 Obj: 0.090834 (0.083402)  NNZ: 14 (12)  Ttime: 1.4123 Vtime: 0.0514
Step: 47000000  Loss: 0.072506 Regul: 0.018179 Obj: 0.090684 (0.083402)  NNZ: 14 (12)  Ttime: 1.4137 Vtime: 0.0511
Step: 47100000  Loss: 0.075779 Regul: 0.021899 Obj: 0.097678 (0.083402)  NNZ: 16 (12)  Ttime: 1.4121 Vtime: 0.0517
Step: 47200000  Loss: 0.074631 Regul: 0.023057 Obj: 0.097688 (0.083402)  NNZ: 17 (12)  Ttime: 1.4125 Vtime: 0.0515
Step: 47300000  Loss: 0.079066 Regul: 0.012983 Obj: 0.092049 (0.083402)  NNZ: 11 (12)  Ttime: 1.4142 Vtime: 0.0511
Step: 47400000  Loss: 0.072007 Regul: 0.020142 Obj: 0.092148 (0.083402)  NNZ: 14 (12)  Ttime: 1.4153 Vtime: 0.0516
Step: 47500000  Loss: 0.073922 Regul: 0.019053 Obj: 0.092974 (0.083402)  NNZ: 14 (12)  Ttime: 1.4177 Vtime: 0.0514
Step: 47600000  Loss: 0.075935 Regul: 0.017744 Obj: 0.093679 (0.083402)  NNZ: 17 (12)  Ttime: 1.4139 Vtime: 0.0508
Step: 47700000  Loss: 0.077900 Regul: 0.019604 Obj: 0.097505 (0.083402)  NNZ: 19 (12)  Ttime: 1.4129 Vtime: 0.0512
Step: 47800000  Loss: 0.072857 Regul: 0.015488 Obj: 0.088345 (0.083402)  NNZ: 12 (12)  Ttime: 1.4096 Vtime: 0.0512
Step: 47900000  Loss: 0.073111 Regul: 0.019448 Obj: 0.092559 (0.083402)  NNZ: 15 (12)  Ttime: 1.4117 Vtime: 0.0516
Step: 48000000  Loss: 0.076238 Regul: 0.023037 Obj: 0.099275 (0.083402)  NNZ: 16 (12)  Ttime: 1.4133 Vtime: 0.0512
Step: 48100000  Loss: 0.085019 Regul: 0.025923 Obj: 0.110942 (0.083402)  NNZ: 19 (12)  Ttime: 1.4137 Vtime: 0.0514
Step: 48200000  Loss: 0.085237 Regul: 0.030776 Obj: 0.116013 (0.083402)  NNZ: 18 (12)  Ttime: 1.4114 Vtime: 0.0519
Step: 48300000  Loss: 0.080775 Regul: 0.023872 Obj: 0.104647 (0.083402)  NNZ: 19 (12)  Ttime: 1.4133 Vtime: 0.0514
Step: 48400000  Loss: 0.074352 Regul: 0.020103 Obj: 0.094454 (0.083402)  NNZ: 17 (12)  Ttime: 1.4116 Vtime: 0.0515
Step: 48500000  Loss: 0.082790 Regul: 0.027666 Obj: 0.110456 (0.083402)  NNZ: 22 (12)  Ttime: 1.4143 Vtime: 0.0510
Step: 48600000  Loss: 0.076802 Regul: 0.016836 Obj: 0.093638 (0.083402)  NNZ: 13 (12)  Ttime: 1.4122 Vtime: 0.0513
Step: 48700000  Loss: 0.080513 Regul: 0.028467 Obj: 0.108980 (0.083402)  NNZ: 20 (12)  Ttime: 1.4189 Vtime: 0.0515
Step: 48800000  Loss: 0.071052 Regul: 0.015703 Obj: 0.086755 (0.083402)  NNZ: 13 (12)  Ttime: 1.4154 Vtime: 0.0514
Step: 48900000  Loss: 0.078910 Regul: 0.023311 Obj: 0.102220 (0.083402)  NNZ: 19 (12)  Ttime: 1.4135 Vtime: 0.0513
Step: 49000000  Loss: 0.080080 Regul: 0.018354 Obj: 0.098435 (0.083402)  NNZ: 12 (12)  Ttime: 1.4128 Vtime: 0.0515
Step: 49100000  Loss: 0.080697 Regul: 0.025015 Obj: 0.105712 (0.083402)  NNZ: 17 (12)  Ttime: 1.4155 Vtime: 0.0513
Step: 49200000  Loss: 0.074947 Regul: 0.024165 Obj: 0.099112 (0.083402)  NNZ: 18 (12)  Ttime: 1.4126 Vtime: 0.0520
Step: 49300000  Loss: 0.073531 Regul: 0.015513 Obj: 0.089044 (0.083402)  NNZ: 12 (12)  Ttime: 1.4161 Vtime: 0.0518
Step: 49400000  Loss: 0.082518 Regul: 0.021924 Obj: 0.104442 (0.083402)  NNZ: 17 (12)  Ttime: 1.4142 Vtime: 0.0515
Step: 49500000  Loss: 0.074223 Regul: 0.020337 Obj: 0.094560 (0.083402)  NNZ: 15 (12)  Ttime: 1.4121 Vtime: 0.0523
Step: 49600000  Loss: 0.073528 Regul: 0.022607 Obj: 0.096135 (0.083402)  NNZ: 15 (12)  Ttime: 1.4142 Vtime: 0.0517
Step: 49700000  Loss: 0.074833 Regul: 0.017554 Obj: 0.092387 (0.083402)  NNZ: 17 (12)  Ttime: 1.4114 Vtime: 0.0515
Step: 49800000  Loss: 0.084493 Regul: 0.023330 Obj: 0.107824 (0.083402)  NNZ: 18 (12)  Ttime: 1.4146 Vtime: 0.0519
Step: 49900000  Loss: 0.071343 Regul: 0.019878 Obj: 0.091221 (0.083402)  NNZ: 13 (12)  Ttime: 1.4127 Vtime: 0.0512
Step: 50000000  Loss: 0.071499 Regul: 0.016650 Obj: 0.088149 (0.083402)  NNZ: 14 (12)  Ttime: 1.4137 Vtime: 0.0512
