mu: 0.04 gamma: 0.015 nIters: 50000000
Load PRParams.
Load RingParams.
Load Labels: 500000
Load Distances: 500000 x 5120
0...10...20...30...40...50...60...70...80...90...100 - done.
Positive samples #250000
Negative samples #250000
Positive train #200000
Negative train #200000
Positive valid #50000
Negative valid #50000

Found GPU: GeForce GTX 970
Compute Capability: 5.2

Best: 100000  Loss: 1.210164 Regul: 0.170349 Obj: 1.380513 (1.380513)  NNZ: 4 (4)  Ttime: 1.4381 Vtime: 0.2351
Stat: nPR #28 (#32) Dim/MaxDim [224/640] AUC: 0.927910 FPR95: 50.80 [saved]
Best: 200000  Loss: 0.097716 Regul: 0.017778 Obj: 0.115494 (0.115494)  NNZ: 2 (2)  Ttime: 1.4320 Vtime: 0.0508
Stat: nPR #16 (#16) Dim/MaxDim [128/640] AUC: 0.963759 FPR95: 21.39 [saved]
Step: 300000  Loss: 0.262440 Regul: 0.071372 Obj: 0.333812 (0.115494)  NNZ: 3 (2)  Ttime: 1.4308 Vtime: 0.0514
Step: 400000  Loss: 0.550788 Regul: 0.213008 Obj: 0.763796 (0.115494)  NNZ: 8 (2)  Ttime: 1.4225 Vtime: 0.0515
Step: 500000  Loss: 0.204859 Regul: 0.079712 Obj: 0.284570 (0.115494)  NNZ: 8 (2)  Ttime: 1.4339 Vtime: 0.0514
Step: 600000  Loss: 0.131443 Regul: 0.014062 Obj: 0.145506 (0.115494)  NNZ: 1 (2)  Ttime: 1.4310 Vtime: 0.0512
Step: 700000  Loss: 0.323853 Regul: 0.037549 Obj: 0.361402 (0.115494)  NNZ: 3 (2)  Ttime: 1.4804 Vtime: 0.0509
Step: 800000  Loss: 0.251277 Regul: 0.043975 Obj: 0.295251 (0.115494)  NNZ: 4 (2)  Ttime: 1.4309 Vtime: 0.0512
Step: 900000  Loss: 0.434086 Regul: 0.209795 Obj: 0.643881 (0.115494)  NNZ: 10 (2)  Ttime: 1.4282 Vtime: 0.0520
Step: 1000000  Loss: 0.151188 Regul: 0.058936 Obj: 0.210123 (0.115494)  NNZ: 6 (2)  Ttime: 1.4263 Vtime: 0.0515
Step: 1100000  Loss: 0.243872 Regul: 0.076270 Obj: 0.320141 (0.115494)  NNZ: 5 (2)  Ttime: 1.4278 Vtime: 0.0513
Step: 1200000  Loss: 0.228849 Regul: 0.108193 Obj: 0.337042 (0.115494)  NNZ: 6 (2)  Ttime: 1.4286 Vtime: 0.0518
Step: 1300000  Loss: 0.336672 Regul: 0.123945 Obj: 0.460618 (0.115494)  NNZ: 7 (2)  Ttime: 1.4208 Vtime: 0.0514
Step: 1400000  Loss: 0.279806 Regul: 0.117490 Obj: 0.397296 (0.115494)  NNZ: 7 (2)  Ttime: 1.4330 Vtime: 0.0516
Step: 1500000  Loss: 0.272545 Regul: 0.109160 Obj: 0.381705 (0.115494)  NNZ: 6 (2)  Ttime: 1.4284 Vtime: 0.0513
Step: 1600000  Loss: 0.518177 Regul: 0.139268 Obj: 0.657444 (0.115494)  NNZ: 6 (2)  Ttime: 1.4773 Vtime: 0.0518
Step: 1700000  Loss: 0.139790 Regul: 0.037900 Obj: 0.177690 (0.115494)  NNZ: 3 (2)  Ttime: 1.4297 Vtime: 0.0517
Step: 1800000  Loss: 0.351410 Regul: 0.115498 Obj: 0.466908 (0.115494)  NNZ: 11 (2)  Ttime: 1.4279 Vtime: 0.0517
Step: 1900000  Loss: 0.136102 Regul: 0.036826 Obj: 0.172928 (0.115494)  NNZ: 2 (2)  Ttime: 1.4298 Vtime: 0.0514
Step: 2000000  Loss: 0.268619 Regul: 0.079014 Obj: 0.347633 (0.115494)  NNZ: 7 (2)  Ttime: 1.4280 Vtime: 0.0515
Step: 2100000  Loss: 0.261016 Regul: 0.065430 Obj: 0.326445 (0.115494)  NNZ: 6 (2)  Ttime: 1.4347 Vtime: 0.0510
Step: 2200000  Loss: 0.284707 Regul: 0.102891 Obj: 0.387598 (0.115494)  NNZ: 7 (2)  Ttime: 1.4290 Vtime: 0.0519
Step: 2300000  Loss: 0.171891 Regul: 0.066484 Obj: 0.238375 (0.115494)  NNZ: 6 (2)  Ttime: 1.4237 Vtime: 0.0515
Step: 2400000  Loss: 0.124007 Regul: 0.029707 Obj: 0.153714 (0.115494)  NNZ: 4 (2)  Ttime: 1.4332 Vtime: 0.0514
Step: 2500000  Loss: 0.142084 Regul: 0.016641 Obj: 0.158725 (0.115494)  NNZ: 2 (2)  Ttime: 1.4303 Vtime: 0.0513
Step: 2600000  Loss: 0.097562 Regul: 0.021543 Obj: 0.119105 (0.115494)  NNZ: 3 (2)  Ttime: 1.4318 Vtime: 0.0519
Step: 2700000  Loss: 0.090448 Regul: 0.026094 Obj: 0.116542 (0.115494)  NNZ: 4 (2)  Ttime: 1.4227 Vtime: 0.0520
Step: 2800000  Loss: 0.513180 Regul: 0.072187 Obj: 0.585368 (0.115494)  NNZ: 6 (2)  Ttime: 1.4299 Vtime: 0.0515
Step: 2900000  Loss: 0.135792 Regul: 0.046895 Obj: 0.182686 (0.115494)  NNZ: 4 (2)  Ttime: 1.4283 Vtime: 0.0518
Step: 3000000  Loss: 0.547386 Regul: 0.063945 Obj: 0.611331 (0.115494)  NNZ: 4 (2)  Ttime: 1.4277 Vtime: 0.0513
Step: 3100000  Loss: 0.122790 Regul: 0.039805 Obj: 0.162595 (0.115494)  NNZ: 6 (2)  Ttime: 1.4269 Vtime: 0.0511
Step: 3200000  Loss: 0.253926 Regul: 0.114258 Obj: 0.368184 (0.115494)  NNZ: 9 (2)  Ttime: 1.4302 Vtime: 0.0521
Step: 3300000  Loss: 0.299746 Regul: 0.102246 Obj: 0.401992 (0.115494)  NNZ: 9 (2)  Ttime: 1.4286 Vtime: 0.0511
Step: 3400000  Loss: 0.235494 Regul: 0.067344 Obj: 0.302838 (0.115494)  NNZ: 8 (2)  Ttime: 1.4270 Vtime: 0.0515
Step: 3500000  Loss: 0.516638 Regul: 0.087852 Obj: 0.604489 (0.115494)  NNZ: 5 (2)  Ttime: 1.4288 Vtime: 0.0517
Step: 3600000  Loss: 0.176130 Regul: 0.046055 Obj: 0.222184 (0.115494)  NNZ: 4 (2)  Ttime: 1.4286 Vtime: 0.0512
Step: 3700000  Loss: 0.135237 Regul: 0.036523 Obj: 0.171761 (0.115494)  NNZ: 7 (2)  Ttime: 1.4338 Vtime: 0.0512
Step: 3800000  Loss: 0.150061 Regul: 0.055215 Obj: 0.205276 (0.115494)  NNZ: 5 (2)  Ttime: 1.4284 Vtime: 0.0513
Step: 3900000  Loss: 0.103302 Regul: 0.013437 Obj: 0.116740 (0.115494)  NNZ: 3 (2)  Ttime: 1.4320 Vtime: 0.0510
Step: 4000000  Loss: 0.355498 Regul: 0.034766 Obj: 0.390263 (0.115494)  NNZ: 3 (2)  Ttime: 1.4215 Vtime: 0.0516
Step: 4100000  Loss: 0.193141 Regul: 0.059551 Obj: 0.252691 (0.115494)  NNZ: 4 (2)  Ttime: 1.4256 Vtime: 0.0515
Step: 4200000  Loss: 0.175120 Regul: 0.029199 Obj: 0.204319 (0.115494)  NNZ: 4 (2)  Ttime: 1.4273 Vtime: 0.0511
Step: 4300000  Loss: 0.239307 Regul: 0.047441 Obj: 0.286748 (0.115494)  NNZ: 5 (2)  Ttime: 1.4298 Vtime: 0.0517
Best: 4400000  Loss: 0.099506 Regul: 0.009180 Obj: 0.108686 (0.108686)  NNZ: 4 (4)  Ttime: 1.4286 Vtime: 0.0512
Stat: nPR #28 (#32) Dim/MaxDim [224/640] AUC: 0.963397 FPR95: 21.86 [saved]
Step: 4500000  Loss: 0.121322 Regul: 0.042520 Obj: 0.163842 (0.108686)  NNZ: 4 (4)  Ttime: 1.4276 Vtime: 0.0515
Step: 4600000  Loss: 0.111033 Regul: 0.013066 Obj: 0.124099 (0.108686)  NNZ: 2 (4)  Ttime: 1.4375 Vtime: 0.0521
Step: 4700000  Loss: 0.140334 Regul: 0.019961 Obj: 0.160295 (0.108686)  NNZ: 4 (4)  Ttime: 1.4315 Vtime: 0.0513
Step: 4800000  Loss: 0.099809 Regul: 0.015625 Obj: 0.115434 (0.108686)  NNZ: 4 (4)  Ttime: 1.4281 Vtime: 0.0520
Step: 4900000  Loss: 0.157386 Regul: 0.053359 Obj: 0.210745 (0.108686)  NNZ: 6 (4)  Ttime: 1.4319 Vtime: 0.0517
Step: 5000000  Loss: 0.170091 Regul: 0.070371 Obj: 0.240462 (0.108686)  NNZ: 5 (4)  Ttime: 1.4340 Vtime: 0.0518
Step: 5100000  Loss: 0.222188 Regul: 0.094727 Obj: 0.316915 (0.108686)  NNZ: 12 (4)  Ttime: 1.4312 Vtime: 0.0522
Step: 5200000  Loss: 0.136893 Regul: 0.028652 Obj: 0.165545 (0.108686)  NNZ: 3 (4)  Ttime: 1.4491 Vtime: 0.0517
Step: 5300000  Loss: 0.098521 Regul: 0.019746 Obj: 0.118267 (0.108686)  NNZ: 2 (4)  Ttime: 1.4341 Vtime: 0.0513
Step: 5400000  Loss: 0.119463 Regul: 0.038242 Obj: 0.157706 (0.108686)  NNZ: 7 (4)  Ttime: 1.4380 Vtime: 0.0542
Step: 5500000  Loss: 0.117914 Regul: 0.020410 Obj: 0.138325 (0.108686)  NNZ: 3 (4)  Ttime: 1.4284 Vtime: 0.0517
Step: 5600000  Loss: 0.467168 Regul: 0.049297 Obj: 0.516465 (0.108686)  NNZ: 7 (4)  Ttime: 1.4355 Vtime: 0.0520
Step: 5700000  Loss: 0.099527 Regul: 0.017129 Obj: 0.116655 (0.108686)  NNZ: 2 (4)  Ttime: 1.4325 Vtime: 0.0508
Step: 5800000  Loss: 0.359755 Regul: 0.125801 Obj: 0.485556 (0.108686)  NNZ: 11 (4)  Ttime: 1.4365 Vtime: 0.0511
Step: 5900000  Loss: 0.215683 Regul: 0.062363 Obj: 0.278047 (0.108686)  NNZ: 7 (4)  Ttime: 1.4438 Vtime: 0.0521
Step: 6000000  Loss: 0.175253 Regul: 0.042246 Obj: 0.217499 (0.108686)  NNZ: 4 (4)  Ttime: 1.4389 Vtime: 0.0520
Step: 6100000  Loss: 0.112822 Regul: 0.025137 Obj: 0.137959 (0.108686)  NNZ: 3 (4)  Ttime: 1.4394 Vtime: 0.0510
Step: 6200000  Loss: 0.146817 Regul: 0.050156 Obj: 0.196973 (0.108686)  NNZ: 4 (4)  Ttime: 1.4320 Vtime: 0.0514
Step: 6300000  Loss: 0.130379 Regul: 0.029277 Obj: 0.159656 (0.108686)  NNZ: 3 (4)  Ttime: 1.4385 Vtime: 0.0512
Step: 6400000  Loss: 0.251635 Regul: 0.076230 Obj: 0.327865 (0.108686)  NNZ: 8 (4)  Ttime: 1.4349 Vtime: 0.0520
Step: 6500000  Loss: 0.198795 Regul: 0.068750 Obj: 0.267545 (0.108686)  NNZ: 6 (4)  Ttime: 1.4351 Vtime: 0.0517
Step: 6600000  Loss: 0.267748 Regul: 0.103086 Obj: 0.370834 (0.108686)  NNZ: 7 (4)  Ttime: 1.4428 Vtime: 0.0514
Step: 6700000  Loss: 0.251830 Regul: 0.055762 Obj: 0.307592 (0.108686)  NNZ: 5 (4)  Ttime: 1.4389 Vtime: 0.0518
Step: 6800000  Loss: 0.111872 Regul: 0.037402 Obj: 0.149275 (0.108686)  NNZ: 7 (4)  Ttime: 1.4346 Vtime: 0.0516
Step: 6900000  Loss: 0.278084 Regul: 0.077227 Obj: 0.355311 (0.108686)  NNZ: 6 (4)  Ttime: 1.4271 Vtime: 0.0511
Step: 7000000  Loss: 0.147856 Regul: 0.058652 Obj: 0.206509 (0.108686)  NNZ: 7 (4)  Ttime: 1.4328 Vtime: 0.0512
Step: 7100000  Loss: 0.111360 Regul: 0.024336 Obj: 0.135696 (0.108686)  NNZ: 3 (4)  Ttime: 1.4254 Vtime: 0.0517
Step: 7200000  Loss: 0.342500 Regul: 0.092617 Obj: 0.435117 (0.108686)  NNZ: 10 (4)  Ttime: 1.4291 Vtime: 0.0512
Step: 7300000  Loss: 0.288964 Regul: 0.157266 Obj: 0.446230 (0.108686)  NNZ: 14 (4)  Ttime: 1.4334 Vtime: 0.0519
Step: 7400000  Loss: 0.168780 Regul: 0.061484 Obj: 0.230264 (0.108686)  NNZ: 6 (4)  Ttime: 1.4345 Vtime: 0.0518
Step: 7500000  Loss: 0.196715 Regul: 0.062871 Obj: 0.259586 (0.108686)  NNZ: 8 (4)  Ttime: 1.4279 Vtime: 0.0517
Step: 7600000  Loss: 0.113532 Regul: 0.035527 Obj: 0.149059 (0.108686)  NNZ: 5 (4)  Ttime: 1.4396 Vtime: 0.0512
Step: 7700000  Loss: 0.163813 Regul: 0.067969 Obj: 0.231782 (0.108686)  NNZ: 10 (4)  Ttime: 1.4271 Vtime: 0.0519
Step: 7800000  Loss: 0.137841 Regul: 0.042266 Obj: 0.180106 (0.108686)  NNZ: 5 (4)  Ttime: 1.4281 Vtime: 0.0516
Step: 7900000  Loss: 0.241992 Regul: 0.100293 Obj: 0.342285 (0.108686)  NNZ: 10 (4)  Ttime: 1.4804 Vtime: 0.0516
Step: 8000000  Loss: 0.200854 Regul: 0.058633 Obj: 0.259487 (0.108686)  NNZ: 8 (4)  Ttime: 1.4346 Vtime: 0.0521
Step: 8100000  Loss: 0.174830 Regul: 0.082402 Obj: 0.257233 (0.108686)  NNZ: 11 (4)  Ttime: 1.4307 Vtime: 0.0520
Step: 8200000  Loss: 0.183832 Regul: 0.036621 Obj: 0.220453 (0.108686)  NNZ: 4 (4)  Ttime: 1.4338 Vtime: 0.0523
Step: 8300000  Loss: 0.111382 Regul: 0.018047 Obj: 0.129429 (0.108686)  NNZ: 3 (4)  Ttime: 1.4357 Vtime: 0.0520
Step: 8400000  Loss: 0.207474 Regul: 0.068965 Obj: 0.276439 (0.108686)  NNZ: 8 (4)  Ttime: 1.4265 Vtime: 0.0517
Step: 8500000  Loss: 0.209621 Regul: 0.099141 Obj: 0.308762 (0.108686)  NNZ: 8 (4)  Ttime: 1.4348 Vtime: 0.0514
Step: 8600000  Loss: 0.131393 Regul: 0.045293 Obj: 0.176686 (0.108686)  NNZ: 7 (4)  Ttime: 1.4412 Vtime: 0.0518
Step: 8700000  Loss: 0.149362 Regul: 0.056875 Obj: 0.206237 (0.108686)  NNZ: 9 (4)  Ttime: 1.4355 Vtime: 0.0511
Step: 8800000  Loss: 0.131706 Regul: 0.040391 Obj: 0.172096 (0.108686)  NNZ: 7 (4)  Ttime: 1.4337 Vtime: 0.0517
Step: 8900000  Loss: 0.103213 Regul: 0.027363 Obj: 0.130576 (0.108686)  NNZ: 5 (4)  Ttime: 1.4397 Vtime: 0.0514
Step: 9000000  Loss: 0.985818 Regul: 0.045840 Obj: 1.031658 (0.108686)  NNZ: 4 (4)  Ttime: 1.4328 Vtime: 0.0521
Step: 9100000  Loss: 0.336136 Regul: 0.107422 Obj: 0.443558 (0.108686)  NNZ: 8 (4)  Ttime: 1.4334 Vtime: 0.0512
Step: 9200000  Loss: 0.118793 Regul: 0.040215 Obj: 0.159008 (0.108686)  NNZ: 8 (4)  Ttime: 1.4451 Vtime: 0.0514
Step: 9300000  Loss: 0.102663 Regul: 0.024727 Obj: 0.127390 (0.108686)  NNZ: 3 (4)  Ttime: 1.4401 Vtime: 0.0515
Step: 9400000  Loss: 0.173631 Regul: 0.049258 Obj: 0.222889 (0.108686)  NNZ: 6 (4)  Ttime: 1.4318 Vtime: 0.0514
Step: 9500000  Loss: 0.151135 Regul: 0.029531 Obj: 0.180667 (0.108686)  NNZ: 5 (4)  Ttime: 1.4351 Vtime: 0.0515
Step: 9600000  Loss: 0.159856 Regul: 0.052070 Obj: 0.211926 (0.108686)  NNZ: 7 (4)  Ttime: 1.4375 Vtime: 0.0514
Step: 9700000  Loss: 0.134099 Regul: 0.023711 Obj: 0.157810 (0.108686)  NNZ: 4 (4)  Ttime: 1.4337 Vtime: 0.0516
Step: 9800000  Loss: 0.100548 Regul: 0.032031 Obj: 0.132579 (0.108686)  NNZ: 5 (4)  Ttime: 1.4326 Vtime: 0.0512
Step: 9900000  Loss: 0.124288 Regul: 0.009453 Obj: 0.133741 (0.108686)  NNZ: 1 (4)  Ttime: 1.4354 Vtime: 0.0512
Step: 10000000  Loss: 0.102013 Regul: 0.026758 Obj: 0.128770 (0.108686)  NNZ: 6 (4)  Ttime: 1.4358 Vtime: 0.0514
Step: 10100000  Loss: 0.132797 Regul: 0.016797 Obj: 0.149594 (0.108686)  NNZ: 3 (4)  Ttime: 1.4366 Vtime: 0.0511
Step: 10200000  Loss: 0.135686 Regul: 0.036094 Obj: 0.171779 (0.108686)  NNZ: 4 (4)  Ttime: 1.4352 Vtime: 0.0516
Step: 10300000  Loss: 0.173476 Regul: 0.045430 Obj: 0.218906 (0.108686)  NNZ: 7 (4)  Ttime: 1.4424 Vtime: 0.0521
Step: 10400000  Loss: 0.114151 Regul: 0.034531 Obj: 0.148682 (0.108686)  NNZ: 5 (4)  Ttime: 1.4380 Vtime: 0.0517
Step: 10500000  Loss: 0.134046 Regul: 0.043047 Obj: 0.177093 (0.108686)  NNZ: 7 (4)  Ttime: 1.4268 Vtime: 0.0507
Step: 10600000  Loss: 0.107046 Regul: 0.032070 Obj: 0.139116 (0.108686)  NNZ: 7 (4)  Ttime: 1.4399 Vtime: 0.0516
Step: 10700000  Loss: 0.126940 Regul: 0.034883 Obj: 0.161823 (0.108686)  NNZ: 5 (4)  Ttime: 1.4349 Vtime: 0.0522
Step: 10800000  Loss: 0.160199 Regul: 0.056406 Obj: 0.216605 (0.108686)  NNZ: 9 (4)  Ttime: 1.4370 Vtime: 0.0520
Step: 10900000  Loss: 0.183465 Regul: 0.068164 Obj: 0.251629 (0.108686)  NNZ: 10 (4)  Ttime: 1.4327 Vtime: 0.0513
Step: 11000000  Loss: 0.138742 Regul: 0.045195 Obj: 0.183937 (0.108686)  NNZ: 8 (4)  Ttime: 1.4342 Vtime: 0.0511
Step: 11100000  Loss: 0.138276 Regul: 0.020469 Obj: 0.158745 (0.108686)  NNZ: 3 (4)  Ttime: 1.4354 Vtime: 0.0509
Step: 11200000  Loss: 0.159132 Regul: 0.048711 Obj: 0.207842 (0.108686)  NNZ: 7 (4)  Ttime: 1.4341 Vtime: 0.0519
Step: 11300000  Loss: 0.092164 Regul: 0.032539 Obj: 0.124703 (0.108686)  NNZ: 8 (4)  Ttime: 1.4370 Vtime: 0.0516
Step: 11400000  Loss: 0.155225 Regul: 0.051523 Obj: 0.206748 (0.108686)  NNZ: 8 (4)  Ttime: 1.4287 Vtime: 0.0517
Step: 11500000  Loss: 0.171710 Regul: 0.042617 Obj: 0.214327 (0.108686)  NNZ: 5 (4)  Ttime: 1.4336 Vtime: 0.0519
Step: 11600000  Loss: 0.168190 Regul: 0.043555 Obj: 0.211745 (0.108686)  NNZ: 5 (4)  Ttime: 1.4313 Vtime: 0.0519
Step: 11700000  Loss: 0.106279 Regul: 0.038047 Obj: 0.144326 (0.108686)  NNZ: 6 (4)  Ttime: 1.4281 Vtime: 0.0508
Step: 11800000  Loss: 0.143245 Regul: 0.062109 Obj: 0.205355 (0.108686)  NNZ: 9 (4)  Ttime: 1.4316 Vtime: 0.0512
Step: 11900000  Loss: 0.098872 Regul: 0.025586 Obj: 0.124458 (0.108686)  NNZ: 3 (4)  Ttime: 1.4799 Vtime: 0.0518
Step: 12000000  Loss: 0.127932 Regul: 0.017617 Obj: 0.145549 (0.108686)  NNZ: 2 (4)  Ttime: 1.4427 Vtime: 0.0518
Step: 12100000  Loss: 0.141735 Regul: 0.058516 Obj: 0.200251 (0.108686)  NNZ: 10 (4)  Ttime: 1.4345 Vtime: 0.0514
Step: 12200000  Loss: 0.094149 Regul: 0.023633 Obj: 0.117782 (0.108686)  NNZ: 6 (4)  Ttime: 1.4314 Vtime: 0.0518
Step: 12300000  Loss: 0.121015 Regul: 0.020312 Obj: 0.141328 (0.108686)  NNZ: 4 (4)  Ttime: 1.4369 Vtime: 0.0516
Step: 12400000  Loss: 0.349692 Regul: 0.073398 Obj: 0.423091 (0.108686)  NNZ: 8 (4)  Ttime: 1.4762 Vtime: 0.0521
Step: 12500000  Loss: 0.140957 Regul: 0.051172 Obj: 0.192129 (0.108686)  NNZ: 8 (4)  Ttime: 1.4283 Vtime: 0.0514
Step: 12600000  Loss: 0.098982 Regul: 0.018984 Obj: 0.117967 (0.108686)  NNZ: 3 (4)  Ttime: 1.4329 Vtime: 0.0522
Step: 12700000  Loss: 0.119245 Regul: 0.048086 Obj: 0.167331 (0.108686)  NNZ: 8 (4)  Ttime: 1.4705 Vtime: 0.0519
Step: 12800000  Loss: 0.112730 Regul: 0.043320 Obj: 0.156050 (0.108686)  NNZ: 7 (4)  Ttime: 1.4861 Vtime: 0.0518
Best: 12900000  Loss: 0.086133 Regul: 0.017539 Obj: 0.103672 (0.103672)  NNZ: 3 (3)  Ttime: 1.4302 Vtime: 0.0513
Stat: nPR #24 (#24) Dim/MaxDim [192/640] AUC: 0.967594 FPR95: 18.60 [saved]
Step: 13000000  Loss: 0.118916 Regul: 0.049258 Obj: 0.168174 (0.103672)  NNZ: 8 (3)  Ttime: 1.4305 Vtime: 0.0516
Step: 13100000  Loss: 0.155887 Regul: 0.055391 Obj: 0.211277 (0.103672)  NNZ: 10 (3)  Ttime: 1.4347 Vtime: 0.0515
Step: 13200000  Loss: 0.136489 Regul: 0.058789 Obj: 0.195278 (0.103672)  NNZ: 7 (3)  Ttime: 1.4225 Vtime: 0.0518
Step: 13300000  Loss: 0.104768 Regul: 0.038164 Obj: 0.142932 (0.103672)  NNZ: 8 (3)  Ttime: 1.4405 Vtime: 0.0522
Step: 13400000  Loss: 0.276366 Regul: 0.041016 Obj: 0.317382 (0.103672)  NNZ: 5 (3)  Ttime: 1.4300 Vtime: 0.0508
Step: 13500000  Loss: 0.130109 Regul: 0.033672 Obj: 0.163781 (0.103672)  NNZ: 5 (3)  Ttime: 1.4318 Vtime: 0.0513
Step: 13600000  Loss: 0.092979 Regul: 0.027773 Obj: 0.120753 (0.103672)  NNZ: 5 (3)  Ttime: 1.4307 Vtime: 0.0510
Step: 13700000  Loss: 0.096267 Regul: 0.019687 Obj: 0.115955 (0.103672)  NNZ: 3 (3)  Ttime: 1.4292 Vtime: 0.0512
Step: 13800000  Loss: 0.202409 Regul: 0.037031 Obj: 0.239440 (0.103672)  NNZ: 5 (3)  Ttime: 1.4294 Vtime: 0.0516
Step: 13900000  Loss: 0.221117 Regul: 0.022539 Obj: 0.243656 (0.103672)  NNZ: 3 (3)  Ttime: 1.4304 Vtime: 0.0521
Step: 14000000  Loss: 0.113247 Regul: 0.025117 Obj: 0.138364 (0.103672)  NNZ: 4 (3)  Ttime: 1.4303 Vtime: 0.0521
Step: 14100000  Loss: 0.228020 Regul: 0.053711 Obj: 0.281731 (0.103672)  NNZ: 8 (3)  Ttime: 1.4360 Vtime: 0.0510
Step: 14200000  Loss: 0.132871 Regul: 0.007812 Obj: 0.140684 (0.103672)  NNZ: 4 (3)  Ttime: 1.4336 Vtime: 0.0517
Step: 14300000  Loss: 0.135984 Regul: 0.058125 Obj: 0.194109 (0.103672)  NNZ: 11 (3)  Ttime: 1.4326 Vtime: 0.0513
Step: 14400000  Loss: 0.087496 Regul: 0.024727 Obj: 0.112223 (0.103672)  NNZ: 4 (3)  Ttime: 1.4294 Vtime: 0.0518
Best: 14500000  Loss: 0.074714 Regul: 0.012773 Obj: 0.087487 (0.087487)  NNZ: 5 (5)  Ttime: 1.4311 Vtime: 0.0513
Stat: nPR #32 (#40) Dim/MaxDim [256/640] AUC: 0.971597 FPR95: 15.65 [saved]
Step: 14600000  Loss: 0.115871 Regul: 0.035586 Obj: 0.151457 (0.087487)  NNZ: 6 (5)  Ttime: 1.4350 Vtime: 0.0510
Step: 14700000  Loss: 0.093161 Regul: 0.013242 Obj: 0.106403 (0.087487)  NNZ: 5 (5)  Ttime: 1.4315 Vtime: 0.0516
Step: 14800000  Loss: 0.141730 Regul: 0.036211 Obj: 0.177941 (0.087487)  NNZ: 4 (5)  Ttime: 1.4303 Vtime: 0.0513
Step: 14900000  Loss: 0.156122 Regul: 0.058984 Obj: 0.215107 (0.087487)  NNZ: 10 (5)  Ttime: 1.4218 Vtime: 0.0510
Step: 15000000  Loss: 0.131546 Regul: 0.031094 Obj: 0.162640 (0.087487)  NNZ: 6 (5)  Ttime: 1.4363 Vtime: 0.0512
Step: 15100000  Loss: 0.340178 Regul: 0.115352 Obj: 0.455529 (0.087487)  NNZ: 13 (5)  Ttime: 1.4312 Vtime: 0.0511
Step: 15200000  Loss: 0.125802 Regul: 0.040937 Obj: 0.166740 (0.087487)  NNZ: 7 (5)  Ttime: 1.4310 Vtime: 0.0514
Step: 15300000  Loss: 0.093874 Regul: 0.027852 Obj: 0.121726 (0.087487)  NNZ: 5 (5)  Ttime: 1.4348 Vtime: 0.0514
Step: 15400000  Loss: 0.163633 Regul: 0.074023 Obj: 0.237656 (0.087487)  NNZ: 9 (5)  Ttime: 1.4344 Vtime: 0.0517
Step: 15500000  Loss: 0.139629 Regul: 0.045117 Obj: 0.184746 (0.087487)  NNZ: 7 (5)  Ttime: 1.4316 Vtime: 0.0517
Step: 15600000  Loss: 0.129730 Regul: 0.043594 Obj: 0.173323 (0.087487)  NNZ: 7 (5)  Ttime: 1.4330 Vtime: 0.0512
Step: 15700000  Loss: 0.091900 Regul: 0.022812 Obj: 0.114712 (0.087487)  NNZ: 5 (5)  Ttime: 1.4309 Vtime: 0.0512
Step: 15800000  Loss: 0.105191 Regul: 0.030078 Obj: 0.135269 (0.087487)  NNZ: 7 (5)  Ttime: 1.4356 Vtime: 0.0520
Step: 15900000  Loss: 0.092713 Regul: 0.020469 Obj: 0.113182 (0.087487)  NNZ: 5 (5)  Ttime: 1.4313 Vtime: 0.0518
Step: 16000000  Loss: 0.134867 Regul: 0.046406 Obj: 0.181273 (0.087487)  NNZ: 6 (5)  Ttime: 1.4298 Vtime: 0.0515
Step: 16100000  Loss: 0.278103 Regul: 0.030703 Obj: 0.308806 (0.087487)  NNZ: 6 (5)  Ttime: 1.4309 Vtime: 0.0516
Step: 16200000  Loss: 0.106013 Regul: 0.038906 Obj: 0.144919 (0.087487)  NNZ: 7 (5)  Ttime: 1.4287 Vtime: 0.0512
Step: 16300000  Loss: 0.147522 Regul: 0.057070 Obj: 0.204592 (0.087487)  NNZ: 10 (5)  Ttime: 1.4299 Vtime: 0.0522
Step: 16400000  Loss: 0.142647 Regul: 0.015664 Obj: 0.158311 (0.087487)  NNZ: 3 (5)  Ttime: 1.4337 Vtime: 0.0519
Step: 16500000  Loss: 0.204974 Regul: 0.082031 Obj: 0.287005 (0.087487)  NNZ: 10 (5)  Ttime: 1.4368 Vtime: 0.0514
Step: 16600000  Loss: 0.097715 Regul: 0.029063 Obj: 0.126778 (0.087487)  NNZ: 8 (5)  Ttime: 1.4323 Vtime: 0.0514
Step: 16700000  Loss: 0.116270 Regul: 0.014453 Obj: 0.130723 (0.087487)  NNZ: 2 (5)  Ttime: 1.4392 Vtime: 0.0516
Step: 16800000  Loss: 0.103104 Regul: 0.033477 Obj: 0.136580 (0.087487)  NNZ: 7 (5)  Ttime: 1.4336 Vtime: 0.0515
Step: 16900000  Loss: 0.097061 Regul: 0.013125 Obj: 0.110186 (0.087487)  NNZ: 3 (5)  Ttime: 1.4305 Vtime: 0.0509
Step: 17000000  Loss: 0.099494 Regul: 0.026133 Obj: 0.125627 (0.087487)  NNZ: 5 (5)  Ttime: 1.4291 Vtime: 0.0513
Step: 17100000  Loss: 0.091937 Regul: 0.025859 Obj: 0.117796 (0.087487)  NNZ: 8 (5)  Ttime: 1.4331 Vtime: 0.0516
Step: 17200000  Loss: 0.103871 Regul: 0.021016 Obj: 0.124887 (0.087487)  NNZ: 7 (5)  Ttime: 1.4263 Vtime: 0.0510
Step: 17300000  Loss: 0.107333 Regul: 0.025625 Obj: 0.132958 (0.087487)  NNZ: 6 (5)  Ttime: 1.4397 Vtime: 0.0517
Step: 17400000  Loss: 0.107992 Regul: 0.038945 Obj: 0.146938 (0.087487)  NNZ: 6 (5)  Ttime: 1.4225 Vtime: 0.0508
Step: 17500000  Loss: 0.102936 Regul: 0.026289 Obj: 0.129226 (0.087487)  NNZ: 7 (5)  Ttime: 1.4304 Vtime: 0.0519
Step: 17600000  Loss: 0.177957 Regul: 0.023281 Obj: 0.201238 (0.087487)  NNZ: 2 (5)  Ttime: 1.4326 Vtime: 0.0515
Step: 17700000  Loss: 0.112285 Regul: 0.032148 Obj: 0.144433 (0.087487)  NNZ: 5 (5)  Ttime: 1.4241 Vtime: 0.0511
Step: 17800000  Loss: 0.111972 Regul: 0.017383 Obj: 0.129355 (0.087487)  NNZ: 4 (5)  Ttime: 1.4294 Vtime: 0.0515
Step: 17900000  Loss: 0.091361 Regul: 0.020039 Obj: 0.111400 (0.087487)  NNZ: 4 (5)  Ttime: 1.4326 Vtime: 0.0511
Step: 18000000  Loss: 0.108882 Regul: 0.034023 Obj: 0.142905 (0.087487)  NNZ: 5 (5)  Ttime: 1.4304 Vtime: 0.0522
Step: 18100000  Loss: 0.240125 Regul: 0.022812 Obj: 0.262937 (0.087487)  NNZ: 3 (5)  Ttime: 1.4330 Vtime: 0.0510
Step: 18200000  Loss: 0.121127 Regul: 0.034609 Obj: 0.155736 (0.087487)  NNZ: 5 (5)  Ttime: 1.4283 Vtime: 0.0519
Step: 18300000  Loss: 0.090139 Regul: 0.020312 Obj: 0.110451 (0.087487)  NNZ: 8 (5)  Ttime: 1.4334 Vtime: 0.0511
Step: 18400000  Loss: 0.126071 Regul: 0.055273 Obj: 0.181345 (0.087487)  NNZ: 11 (5)  Ttime: 1.4279 Vtime: 0.0518
Step: 18500000  Loss: 0.460866 Regul: 0.024805 Obj: 0.485671 (0.087487)  NNZ: 4 (5)  Ttime: 1.4324 Vtime: 0.0516
Step: 18600000  Loss: 0.130862 Regul: 0.051875 Obj: 0.182737 (0.087487)  NNZ: 9 (5)  Ttime: 1.4320 Vtime: 0.0507
Step: 18700000  Loss: 0.107341 Regul: 0.028477 Obj: 0.135817 (0.087487)  NNZ: 7 (5)  Ttime: 1.4325 Vtime: 0.0515
Step: 18800000  Loss: 0.213211 Regul: 0.008828 Obj: 0.222039 (0.087487)  NNZ: 2 (5)  Ttime: 1.4300 Vtime: 0.0508
Step: 18900000  Loss: 0.141041 Regul: 0.027891 Obj: 0.168931 (0.087487)  NNZ: 4 (5)  Ttime: 1.4310 Vtime: 0.0509
Step: 19000000  Loss: 0.157161 Regul: 0.060781 Obj: 0.217943 (0.087487)  NNZ: 10 (5)  Ttime: 1.4356 Vtime: 0.0518
Step: 19100000  Loss: 0.094978 Regul: 0.021836 Obj: 0.116813 (0.087487)  NNZ: 3 (5)  Ttime: 1.4321 Vtime: 0.0519
Step: 19200000  Loss: 0.114319 Regul: 0.025703 Obj: 0.140022 (0.087487)  NNZ: 4 (5)  Ttime: 1.4298 Vtime: 0.0520
Step: 19300000  Loss: 0.093906 Regul: 0.023242 Obj: 0.117148 (0.087487)  NNZ: 6 (5)  Ttime: 1.4300 Vtime: 0.0513
Step: 19400000  Loss: 0.105180 Regul: 0.029336 Obj: 0.134516 (0.087487)  NNZ: 5 (5)  Ttime: 1.4286 Vtime: 0.0518
Step: 19500000  Loss: 0.109035 Regul: 0.030430 Obj: 0.139464 (0.087487)  NNZ: 5 (5)  Ttime: 1.4298 Vtime: 0.0518
Step: 19600000  Loss: 0.145348 Regul: 0.024297 Obj: 0.169645 (0.087487)  NNZ: 5 (5)  Ttime: 1.4300 Vtime: 0.0528
Step: 19700000  Loss: 0.145883 Regul: 0.040000 Obj: 0.185883 (0.087487)  NNZ: 5 (5)  Ttime: 1.4313 Vtime: 0.0518
Step: 19800000  Loss: 0.092046 Regul: 0.014336 Obj: 0.106382 (0.087487)  NNZ: 3 (5)  Ttime: 1.4324 Vtime: 0.0511
Step: 19900000  Loss: 0.535054 Regul: 0.044844 Obj: 0.579898 (0.087487)  NNZ: 6 (5)  Ttime: 1.4293 Vtime: 0.0513
Step: 20000000  Loss: 0.110209 Regul: 0.018711 Obj: 0.128919 (0.087487)  NNZ: 4 (5)  Ttime: 1.4306 Vtime: 0.0516
Step: 20100000  Loss: 0.103484 Regul: 0.018828 Obj: 0.122312 (0.087487)  NNZ: 6 (5)  Ttime: 1.4330 Vtime: 0.0510
Step: 20200000  Loss: 0.125498 Regul: 0.030117 Obj: 0.155616 (0.087487)  NNZ: 6 (5)  Ttime: 1.4299 Vtime: 0.0520
Step: 20300000  Loss: 0.243590 Regul: 0.033242 Obj: 0.276832 (0.087487)  NNZ: 7 (5)  Ttime: 1.4280 Vtime: 0.0518
Step: 20400000  Loss: 0.118508 Regul: 0.040937 Obj: 0.159446 (0.087487)  NNZ: 10 (5)  Ttime: 1.4331 Vtime: 0.0510
Step: 20500000  Loss: 0.093526 Regul: 0.015312 Obj: 0.108838 (0.087487)  NNZ: 4 (5)  Ttime: 1.4300 Vtime: 0.0512
Step: 20600000  Loss: 0.174350 Regul: 0.064648 Obj: 0.238998 (0.087487)  NNZ: 8 (5)  Ttime: 1.4284 Vtime: 0.0512
Step: 20700000  Loss: 0.144344 Regul: 0.042617 Obj: 0.186961 (0.087487)  NNZ: 9 (5)  Ttime: 1.4334 Vtime: 0.0509
Step: 20800000  Loss: 0.512722 Regul: 0.080195 Obj: 0.592918 (0.087487)  NNZ: 10 (5)  Ttime: 1.4280 Vtime: 0.0521
Step: 20900000  Loss: 0.304599 Regul: 0.017539 Obj: 0.322138 (0.087487)  NNZ: 5 (5)  Ttime: 1.4236 Vtime: 0.0513
Step: 21000000  Loss: 0.081818 Regul: 0.015977 Obj: 0.097794 (0.087487)  NNZ: 4 (5)  Ttime: 1.4323 Vtime: 0.0504
Step: 21100000  Loss: 0.123845 Regul: 0.045078 Obj: 0.168923 (0.087487)  NNZ: 6 (5)  Ttime: 1.4274 Vtime: 0.0516
Step: 21200000  Loss: 0.115912 Regul: 0.036523 Obj: 0.152435 (0.087487)  NNZ: 8 (5)  Ttime: 1.4358 Vtime: 0.0520
Step: 21300000  Loss: 0.100739 Regul: 0.029883 Obj: 0.130622 (0.087487)  NNZ: 6 (5)  Ttime: 1.4382 Vtime: 0.0519
Step: 21400000  Loss: 0.135401 Regul: 0.035937 Obj: 0.171339 (0.087487)  NNZ: 6 (5)  Ttime: 1.4359 Vtime: 0.0512
Step: 21500000  Loss: 0.133659 Regul: 0.044570 Obj: 0.178230 (0.087487)  NNZ: 6 (5)  Ttime: 1.4317 Vtime: 0.0508
Step: 21600000  Loss: 0.090781 Regul: 0.011758 Obj: 0.102538 (0.087487)  NNZ: 4 (5)  Ttime: 1.4275 Vtime: 0.0515
Step: 21700000  Loss: 0.094579 Regul: 0.027539 Obj: 0.122118 (0.087487)  NNZ: 7 (5)  Ttime: 1.4425 Vtime: 0.0513
Step: 21800000  Loss: 0.123090 Regul: 0.043984 Obj: 0.167074 (0.087487)  NNZ: 10 (5)  Ttime: 1.4242 Vtime: 0.0520
Step: 21900000  Loss: 0.120630 Regul: 0.021328 Obj: 0.141958 (0.087487)  NNZ: 4 (5)  Ttime: 1.4307 Vtime: 0.0516
Step: 22000000  Loss: 0.134218 Regul: 0.034336 Obj: 0.168554 (0.087487)  NNZ: 6 (5)  Ttime: 1.4347 Vtime: 0.0509
Step: 22100000  Loss: 0.118648 Regul: 0.013828 Obj: 0.132476 (0.087487)  NNZ: 5 (5)  Ttime: 1.4314 Vtime: 0.0520
Step: 22200000  Loss: 0.183422 Regul: 0.048320 Obj: 0.231743 (0.087487)  NNZ: 9 (5)  Ttime: 1.4310 Vtime: 0.0518
Step: 22300000  Loss: 0.140173 Regul: 0.008047 Obj: 0.148220 (0.087487)  NNZ: 1 (5)  Ttime: 1.4267 Vtime: 0.0515
Step: 22400000  Loss: 0.102422 Regul: 0.020703 Obj: 0.123125 (0.087487)  NNZ: 3 (5)  Ttime: 1.4332 Vtime: 0.0516
Step: 22500000  Loss: 0.096226 Regul: 0.015703 Obj: 0.111929 (0.087487)  NNZ: 4 (5)  Ttime: 1.4314 Vtime: 0.0517
Step: 22600000  Loss: 0.113127 Regul: 0.036406 Obj: 0.149533 (0.087487)  NNZ: 7 (5)  Ttime: 1.4327 Vtime: 0.0510
Step: 22700000  Loss: 0.096444 Regul: 0.031211 Obj: 0.127655 (0.087487)  NNZ: 7 (5)  Ttime: 1.4312 Vtime: 0.0511
Step: 22800000  Loss: 0.230604 Regul: 0.055898 Obj: 0.286503 (0.087487)  NNZ: 9 (5)  Ttime: 1.4325 Vtime: 0.0514
Step: 22900000  Loss: 0.088261 Regul: 0.019961 Obj: 0.108221 (0.087487)  NNZ: 4 (5)  Ttime: 1.4309 Vtime: 0.0513
Step: 23000000  Loss: 0.102479 Regul: 0.022852 Obj: 0.125331 (0.087487)  NNZ: 6 (5)  Ttime: 1.4342 Vtime: 0.0508
Step: 23100000  Loss: 0.082370 Regul: 0.014766 Obj: 0.097135 (0.087487)  NNZ: 4 (5)  Ttime: 1.4298 Vtime: 0.0515
Step: 23200000  Loss: 0.091547 Regul: 0.019844 Obj: 0.111391 (0.087487)  NNZ: 6 (5)  Ttime: 1.4356 Vtime: 0.0515
Step: 23300000  Loss: 0.104198 Regul: 0.015234 Obj: 0.119432 (0.087487)  NNZ: 2 (5)  Ttime: 1.4318 Vtime: 0.0510
Step: 23400000  Loss: 0.087855 Regul: 0.014062 Obj: 0.101917 (0.087487)  NNZ: 5 (5)  Ttime: 1.4364 Vtime: 0.0520
Step: 23500000  Loss: 0.091549 Regul: 0.024102 Obj: 0.115651 (0.087487)  NNZ: 5 (5)  Ttime: 1.4226 Vtime: 0.0518
Step: 23600000  Loss: 0.096459 Regul: 0.019766 Obj: 0.116225 (0.087487)  NNZ: 5 (5)  Ttime: 1.4293 Vtime: 0.0515
Step: 23700000  Loss: 0.134011 Regul: 0.036602 Obj: 0.170613 (0.087487)  NNZ: 7 (5)  Ttime: 1.4318 Vtime: 0.0507
Step: 23800000  Loss: 0.086435 Regul: 0.014258 Obj: 0.100692 (0.087487)  NNZ: 4 (5)  Ttime: 1.4361 Vtime: 0.0517
Step: 23900000  Loss: 0.091284 Regul: 0.017656 Obj: 0.108940 (0.087487)  NNZ: 4 (5)  Ttime: 1.4290 Vtime: 0.0514
Step: 24000000  Loss: 0.102564 Regul: 0.027070 Obj: 0.129635 (0.087487)  NNZ: 6 (5)  Ttime: 1.4312 Vtime: 0.0519
Step: 24100000  Loss: 0.088168 Regul: 0.023828 Obj: 0.111996 (0.087487)  NNZ: 6 (5)  Ttime: 1.4388 Vtime: 0.0508
Step: 24200000  Loss: 0.109617 Regul: 0.025469 Obj: 0.135086 (0.087487)  NNZ: 5 (5)  Ttime: 1.4335 Vtime: 0.0521
Step: 24300000  Loss: 0.225833 Regul: 0.022695 Obj: 0.248528 (0.087487)  NNZ: 5 (5)  Ttime: 1.4331 Vtime: 0.0515
Step: 24400000  Loss: 0.096664 Regul: 0.023945 Obj: 0.120609 (0.087487)  NNZ: 4 (5)  Ttime: 1.4366 Vtime: 0.0516
Step: 24500000  Loss: 0.126617 Regul: 0.029805 Obj: 0.156422 (0.087487)  NNZ: 5 (5)  Ttime: 1.4333 Vtime: 0.0519
Step: 24600000  Loss: 0.266607 Regul: 0.027578 Obj: 0.294185 (0.087487)  NNZ: 6 (5)  Ttime: 1.4314 Vtime: 0.0516
Step: 24700000  Loss: 0.138197 Regul: 0.035430 Obj: 0.173626 (0.087487)  NNZ: 9 (5)  Ttime: 1.4328 Vtime: 0.0520
Step: 24800000  Loss: 0.101817 Regul: 0.018242 Obj: 0.120059 (0.087487)  NNZ: 4 (5)  Ttime: 1.4319 Vtime: 0.0525
Step: 24900000  Loss: 0.188413 Regul: 0.025078 Obj: 0.213491 (0.087487)  NNZ: 4 (5)  Ttime: 1.4361 Vtime: 0.0521
Step: 25000000  Loss: 0.135523 Regul: 0.044609 Obj: 0.180133 (0.087487)  NNZ: 9 (5)  Ttime: 1.4311 Vtime: 0.0513
Step: 25100000  Loss: 0.129323 Regul: 0.048242 Obj: 0.177565 (0.087487)  NNZ: 9 (5)  Ttime: 1.4359 Vtime: 0.0516
Step: 25200000  Loss: 0.093679 Regul: 0.021758 Obj: 0.115437 (0.087487)  NNZ: 6 (5)  Ttime: 1.4332 Vtime: 0.0509
Step: 25300000  Loss: 0.083901 Regul: 0.012578 Obj: 0.096479 (0.087487)  NNZ: 4 (5)  Ttime: 1.4381 Vtime: 0.0521
Step: 25400000  Loss: 0.116608 Regul: 0.034453 Obj: 0.151061 (0.087487)  NNZ: 8 (5)  Ttime: 1.4355 Vtime: 0.0517
Step: 25500000  Loss: 0.125713 Regul: 0.029180 Obj: 0.154892 (0.087487)  NNZ: 6 (5)  Ttime: 1.4322 Vtime: 0.0513
Step: 25600000  Loss: 0.147319 Regul: 0.053672 Obj: 0.200991 (0.087487)  NNZ: 7 (5)  Ttime: 1.4297 Vtime: 0.0518
Step: 25700000  Loss: 0.127119 Regul: 0.033437 Obj: 0.160556 (0.087487)  NNZ: 7 (5)  Ttime: 1.4339 Vtime: 0.0513
Step: 25800000  Loss: 0.094062 Regul: 0.019258 Obj: 0.113320 (0.087487)  NNZ: 5 (5)  Ttime: 1.4334 Vtime: 0.0512
Step: 25900000  Loss: 0.098875 Regul: 0.030234 Obj: 0.129110 (0.087487)  NNZ: 9 (5)  Ttime: 1.4374 Vtime: 0.0522
Step: 26000000  Loss: 0.123932 Regul: 0.034766 Obj: 0.158697 (0.087487)  NNZ: 7 (5)  Ttime: 1.4325 Vtime: 0.0520
Step: 26100000  Loss: 0.305285 Regul: 0.043867 Obj: 0.349152 (0.087487)  NNZ: 6 (5)  Ttime: 1.4293 Vtime: 0.0515
Step: 26200000  Loss: 0.087851 Regul: 0.025703 Obj: 0.113554 (0.087487)  NNZ: 5 (5)  Ttime: 1.4356 Vtime: 0.0514
Step: 26300000  Loss: 0.128130 Regul: 0.035391 Obj: 0.163521 (0.087487)  NNZ: 6 (5)  Ttime: 1.4296 Vtime: 0.0518
Step: 26400000  Loss: 0.093558 Regul: 0.018906 Obj: 0.112464 (0.087487)  NNZ: 4 (5)  Ttime: 1.4331 Vtime: 0.0507
Step: 26500000  Loss: 0.120459 Regul: 0.013555 Obj: 0.134014 (0.087487)  NNZ: 5 (5)  Ttime: 1.4285 Vtime: 0.0513
Step: 26600000  Loss: 0.095090 Regul: 0.020391 Obj: 0.115480 (0.087487)  NNZ: 4 (5)  Ttime: 1.4313 Vtime: 0.0519
Step: 26700000  Loss: 0.091725 Regul: 0.026445 Obj: 0.118171 (0.087487)  NNZ: 5 (5)  Ttime: 1.4302 Vtime: 0.0508
Step: 26800000  Loss: 0.111442 Regul: 0.039883 Obj: 0.151325 (0.087487)  NNZ: 9 (5)  Ttime: 1.4415 Vtime: 0.0520
Step: 26900000  Loss: 0.102481 Regul: 0.025391 Obj: 0.127871 (0.087487)  NNZ: 4 (5)  Ttime: 1.4271 Vtime: 0.0517
Step: 27000000  Loss: 0.108396 Regul: 0.017812 Obj: 0.126209 (0.087487)  NNZ: 4 (5)  Ttime: 1.4321 Vtime: 0.0513
Step: 27100000  Loss: 0.102151 Regul: 0.013945 Obj: 0.116097 (0.087487)  NNZ: 3 (5)  Ttime: 1.4312 Vtime: 0.0516
Step: 27200000  Loss: 0.206780 Regul: 0.028867 Obj: 0.235647 (0.087487)  NNZ: 5 (5)  Ttime: 1.4329 Vtime: 0.0509
Step: 27300000  Loss: 0.090655 Regul: 0.015586 Obj: 0.106241 (0.087487)  NNZ: 3 (5)  Ttime: 1.5101 Vtime: 0.0521
Step: 27400000  Loss: 0.109460 Regul: 0.022695 Obj: 0.132155 (0.087487)  NNZ: 5 (5)  Ttime: 1.4310 Vtime: 0.0512
Step: 27500000  Loss: 0.096580 Regul: 0.023906 Obj: 0.120487 (0.087487)  NNZ: 6 (5)  Ttime: 1.4235 Vtime: 0.0513
Step: 27600000  Loss: 0.096343 Regul: 0.023008 Obj: 0.119351 (0.087487)  NNZ: 7 (5)  Ttime: 1.4373 Vtime: 0.0518
Step: 27700000  Loss: 0.102645 Regul: 0.027891 Obj: 0.130536 (0.087487)  NNZ: 8 (5)  Ttime: 1.4298 Vtime: 0.0510
Step: 27800000  Loss: 0.100306 Regul: 0.024453 Obj: 0.124759 (0.087487)  NNZ: 6 (5)  Ttime: 1.4239 Vtime: 0.0513
Step: 27900000  Loss: 0.142504 Regul: 0.039297 Obj: 0.181800 (0.087487)  NNZ: 6 (5)  Ttime: 1.4300 Vtime: 0.0512
Step: 28000000  Loss: 0.137594 Regul: 0.038672 Obj: 0.176266 (0.087487)  NNZ: 8 (5)  Ttime: 1.4301 Vtime: 0.0522
Step: 28100000  Loss: 0.177716 Regul: 0.027305 Obj: 0.205021 (0.087487)  NNZ: 7 (5)  Ttime: 1.5184 Vtime: 0.0515
Step: 28200000  Loss: 0.380835 Regul: 0.041172 Obj: 0.422007 (0.087487)  NNZ: 8 (5)  Ttime: 1.4309 Vtime: 0.0516
Step: 28300000  Loss: 0.292151 Regul: 0.006133 Obj: 0.298284 (0.087487)  NNZ: 4 (5)  Ttime: 1.4295 Vtime: 0.0519
Step: 28400000  Loss: 0.082956 Regul: 0.012500 Obj: 0.095456 (0.087487)  NNZ: 6 (5)  Ttime: 1.4362 Vtime: 0.0509
Step: 28500000  Loss: 0.111680 Regul: 0.014258 Obj: 0.125937 (0.087487)  NNZ: 5 (5)  Ttime: 1.4324 Vtime: 0.0516
Step: 28600000  Loss: 0.208229 Regul: 0.028867 Obj: 0.237097 (0.087487)  NNZ: 5 (5)  Ttime: 1.4302 Vtime: 0.0512
Step: 28700000  Loss: 0.144564 Regul: 0.035586 Obj: 0.180150 (0.087487)  NNZ: 7 (5)  Ttime: 1.4320 Vtime: 0.0517
Step: 28800000  Loss: 0.138228 Regul: 0.044453 Obj: 0.182681 (0.087487)  NNZ: 8 (5)  Ttime: 1.4378 Vtime: 0.0514
Step: 28900000  Loss: 0.121807 Regul: 0.040859 Obj: 0.162666 (0.087487)  NNZ: 8 (5)  Ttime: 1.4408 Vtime: 0.0522
Step: 29000000  Loss: 0.202840 Regul: 0.056719 Obj: 0.259559 (0.087487)  NNZ: 7 (5)  Ttime: 1.4385 Vtime: 0.0516
Best: 29100000  Loss: 0.076028 Regul: 0.010664 Obj: 0.086692 (0.086692)  NNZ: 5 (5)  Ttime: 1.4368 Vtime: 0.0510
Stat: nPR #36 (#40) Dim/MaxDim [288/640] AUC: 0.971576 FPR95: 15.90 [saved]
Step: 29200000  Loss: 0.105783 Regul: 0.030625 Obj: 0.136408 (0.086692)  NNZ: 6 (5)  Ttime: 1.4301 Vtime: 0.0517
Step: 29300000  Loss: 0.161966 Regul: 0.035586 Obj: 0.197552 (0.086692)  NNZ: 6 (5)  Ttime: 1.4891 Vtime: 0.0508
Step: 29400000  Loss: 0.098411 Regul: 0.013008 Obj: 0.111419 (0.086692)  NNZ: 4 (5)  Ttime: 1.4385 Vtime: 0.0513
Step: 29500000  Loss: 0.082563 Regul: 0.019609 Obj: 0.102172 (0.086692)  NNZ: 6 (5)  Ttime: 1.4287 Vtime: 0.0521
Step: 29600000  Loss: 0.095655 Regul: 0.024570 Obj: 0.120225 (0.086692)  NNZ: 6 (5)  Ttime: 1.4410 Vtime: 0.0513
Step: 29700000  Loss: 0.107050 Regul: 0.024336 Obj: 0.131386 (0.086692)  NNZ: 5 (5)  Ttime: 1.4409 Vtime: 0.0522
Step: 29800000  Loss: 0.114683 Regul: 0.026758 Obj: 0.141440 (0.086692)  NNZ: 7 (5)  Ttime: 1.4371 Vtime: 0.0517
Step: 29900000  Loss: 0.148311 Regul: 0.005273 Obj: 0.153585 (0.086692)  NNZ: 2 (5)  Ttime: 1.4473 Vtime: 0.0517
Step: 30000000  Loss: 0.095038 Regul: 0.017266 Obj: 0.112303 (0.086692)  NNZ: 3 (5)  Ttime: 1.4373 Vtime: 0.0520
Step: 30100000  Loss: 0.105563 Regul: 0.011406 Obj: 0.116970 (0.086692)  NNZ: 3 (5)  Ttime: 1.4666 Vtime: 0.0517
Step: 30200000  Loss: 0.139808 Regul: 0.033828 Obj: 0.173636 (0.086692)  NNZ: 6 (5)  Ttime: 1.4301 Vtime: 0.0518
Step: 30300000  Loss: 0.100277 Regul: 0.030703 Obj: 0.130980 (0.086692)  NNZ: 7 (5)  Ttime: 1.4326 Vtime: 0.0510
Step: 30400000  Loss: 0.120031 Regul: 0.015859 Obj: 0.135891 (0.086692)  NNZ: 3 (5)  Ttime: 1.4339 Vtime: 0.0520
Step: 30500000  Loss: 0.089007 Regul: 0.025391 Obj: 0.114398 (0.086692)  NNZ: 7 (5)  Ttime: 1.4338 Vtime: 0.0511
Step: 30600000  Loss: 0.082530 Regul: 0.015742 Obj: 0.098273 (0.086692)  NNZ: 4 (5)  Ttime: 1.4311 Vtime: 0.0515
Step: 30700000  Loss: 0.089748 Regul: 0.016641 Obj: 0.106389 (0.086692)  NNZ: 4 (5)  Ttime: 1.4311 Vtime: 0.0521
Step: 30800000  Loss: 0.323456 Regul: 0.022227 Obj: 0.345683 (0.086692)  NNZ: 3 (5)  Ttime: 1.4318 Vtime: 0.0516
Step: 30900000  Loss: 0.108155 Regul: 0.025469 Obj: 0.133624 (0.086692)  NNZ: 7 (5)  Ttime: 1.4380 Vtime: 0.0519
Step: 31000000  Loss: 0.110965 Regul: 0.045391 Obj: 0.156356 (0.086692)  NNZ: 10 (5)  Ttime: 1.4306 Vtime: 0.0515
Step: 31100000  Loss: 0.085753 Regul: 0.023945 Obj: 0.109698 (0.086692)  NNZ: 6 (5)  Ttime: 1.4413 Vtime: 0.0514
Step: 31200000  Loss: 0.088877 Regul: 0.014531 Obj: 0.103409 (0.086692)  NNZ: 4 (5)  Ttime: 1.4321 Vtime: 0.0512
Step: 31300000  Loss: 0.113615 Regul: 0.007422 Obj: 0.121037 (0.086692)  NNZ: 4 (5)  Ttime: 1.4316 Vtime: 0.0517
Step: 31400000  Loss: 0.117993 Regul: 0.015898 Obj: 0.133891 (0.086692)  NNZ: 4 (5)  Ttime: 1.4353 Vtime: 0.0516
Step: 31500000  Loss: 0.086519 Regul: 0.022969 Obj: 0.109488 (0.086692)  NNZ: 9 (5)  Ttime: 1.4277 Vtime: 0.0510
Step: 31600000  Loss: 0.124587 Regul: 0.016758 Obj: 0.141345 (0.086692)  NNZ: 5 (5)  Ttime: 1.4321 Vtime: 0.0517
Step: 31700000  Loss: 0.083917 Regul: 0.013555 Obj: 0.097472 (0.086692)  NNZ: 5 (5)  Ttime: 1.4327 Vtime: 0.0515
Step: 31800000  Loss: 0.107841 Regul: 0.027422 Obj: 0.135263 (0.086692)  NNZ: 7 (5)  Ttime: 1.4378 Vtime: 0.0517
Step: 31900000  Loss: 0.102680 Regul: 0.016055 Obj: 0.118735 (0.086692)  NNZ: 5 (5)  Ttime: 1.4252 Vtime: 0.0516
Step: 32000000  Loss: 0.107033 Regul: 0.023125 Obj: 0.130158 (0.086692)  NNZ: 5 (5)  Ttime: 1.4336 Vtime: 0.0522
Step: 32100000  Loss: 0.155463 Regul: 0.051875 Obj: 0.207338 (0.086692)  NNZ: 9 (5)  Ttime: 1.4308 Vtime: 0.0524
Step: 32200000  Loss: 0.116658 Regul: 0.016719 Obj: 0.133377 (0.086692)  NNZ: 5 (5)  Ttime: 1.4281 Vtime: 0.0517
Step: 32300000  Loss: 0.094805 Regul: 0.019336 Obj: 0.114141 (0.086692)  NNZ: 5 (5)  Ttime: 1.4331 Vtime: 0.0516
Step: 32400000  Loss: 0.137236 Regul: 0.043086 Obj: 0.180322 (0.086692)  NNZ: 6 (5)  Ttime: 1.4321 Vtime: 0.0516
Step: 32500000  Loss: 0.087117 Regul: 0.016445 Obj: 0.103562 (0.086692)  NNZ: 4 (5)  Ttime: 1.4286 Vtime: 0.0512
Step: 32600000  Loss: 0.104705 Regul: 0.019102 Obj: 0.123806 (0.086692)  NNZ: 5 (5)  Ttime: 1.4385 Vtime: 0.0511
Step: 32700000  Loss: 0.089961 Regul: 0.023516 Obj: 0.113477 (0.086692)  NNZ: 6 (5)  Ttime: 1.4318 Vtime: 0.0513
Step: 32800000  Loss: 0.130542 Regul: 0.032930 Obj: 0.163471 (0.086692)  NNZ: 7 (5)  Ttime: 1.4326 Vtime: 0.0516
Step: 32900000  Loss: 0.380884 Regul: 0.011055 Obj: 0.391938 (0.086692)  NNZ: 5 (5)  Ttime: 1.4300 Vtime: 0.0513
Step: 33000000  Loss: 0.130563 Regul: 0.026953 Obj: 0.157516 (0.086692)  NNZ: 7 (5)  Ttime: 1.4354 Vtime: 0.0513
Step: 33100000  Loss: 0.127415 Regul: 0.011328 Obj: 0.138743 (0.086692)  NNZ: 4 (5)  Ttime: 1.4327 Vtime: 0.0513
Step: 33200000  Loss: 0.101695 Regul: 0.019727 Obj: 0.121421 (0.086692)  NNZ: 5 (5)  Ttime: 1.4348 Vtime: 0.0514
Step: 33300000  Loss: 0.091120 Regul: 0.012656 Obj: 0.103776 (0.086692)  NNZ: 4 (5)  Ttime: 1.4322 Vtime: 0.0517
Step: 33400000  Loss: 0.076231 Regul: 0.012344 Obj: 0.088575 (0.086692)  NNZ: 6 (5)  Ttime: 1.4340 Vtime: 0.0517
Step: 33500000  Loss: 0.108175 Regul: 0.030664 Obj: 0.138839 (0.086692)  NNZ: 8 (5)  Ttime: 1.4345 Vtime: 0.0515
Step: 33600000  Loss: 0.140717 Regul: 0.035977 Obj: 0.176694 (0.086692)  NNZ: 6 (5)  Ttime: 1.4349 Vtime: 0.0517
Step: 33700000  Loss: 0.136568 Regul: 0.057891 Obj: 0.194458 (0.086692)  NNZ: 8 (5)  Ttime: 1.4265 Vtime: 0.0520
Step: 33800000  Loss: 0.136856 Regul: 0.057070 Obj: 0.193926 (0.086692)  NNZ: 11 (5)  Ttime: 1.4499 Vtime: 0.0508
Step: 33900000  Loss: 0.141073 Regul: 0.053633 Obj: 0.194705 (0.086692)  NNZ: 8 (5)  Ttime: 1.4281 Vtime: 0.0511
Step: 34000000  Loss: 0.123408 Regul: 0.026289 Obj: 0.149697 (0.086692)  NNZ: 5 (5)  Ttime: 1.4292 Vtime: 0.0510
Step: 34100000  Loss: 0.160693 Regul: 0.038750 Obj: 0.199443 (0.086692)  NNZ: 9 (5)  Ttime: 1.4282 Vtime: 0.0514
Step: 34200000  Loss: 0.117474 Regul: 0.037305 Obj: 0.154779 (0.086692)  NNZ: 10 (5)  Ttime: 1.4300 Vtime: 0.0561
Step: 34300000  Loss: 0.097898 Regul: 0.033633 Obj: 0.131530 (0.086692)  NNZ: 7 (5)  Ttime: 1.4299 Vtime: 0.0514
Step: 34400000  Loss: 0.138605 Regul: 0.045937 Obj: 0.184542 (0.086692)  NNZ: 8 (5)  Ttime: 1.4330 Vtime: 0.0529
Step: 34500000  Loss: 0.106276 Regul: 0.037422 Obj: 0.143698 (0.086692)  NNZ: 8 (5)  Ttime: 1.4311 Vtime: 0.0518
Step: 34600000  Loss: 0.085612 Regul: 0.015430 Obj: 0.101042 (0.086692)  NNZ: 3 (5)  Ttime: 1.4284 Vtime: 0.0509
Step: 34700000  Loss: 0.127882 Regul: 0.028711 Obj: 0.156593 (0.086692)  NNZ: 4 (5)  Ttime: 1.4327 Vtime: 0.0519
Step: 34800000  Loss: 0.112198 Regul: 0.034766 Obj: 0.146964 (0.086692)  NNZ: 8 (5)  Ttime: 1.4275 Vtime: 0.0517
Step: 34900000  Loss: 0.127750 Regul: 0.046133 Obj: 0.173883 (0.086692)  NNZ: 5 (5)  Ttime: 1.4287 Vtime: 0.0518
Step: 35000000  Loss: 0.107086 Regul: 0.034102 Obj: 0.141187 (0.086692)  NNZ: 5 (5)  Ttime: 1.4347 Vtime: 0.0509
Step: 35100000  Loss: 0.110564 Regul: 0.035977 Obj: 0.146541 (0.086692)  NNZ: 9 (5)  Ttime: 1.4292 Vtime: 0.0517
Step: 35200000  Loss: 0.116365 Regul: 0.048164 Obj: 0.164529 (0.086692)  NNZ: 10 (5)  Ttime: 1.4217 Vtime: 0.0520
Step: 35300000  Loss: 0.116772 Regul: 0.036445 Obj: 0.153218 (0.086692)  NNZ: 6 (5)  Ttime: 1.4302 Vtime: 0.0511
Step: 35400000  Loss: 0.119820 Regul: 0.045664 Obj: 0.165484 (0.086692)  NNZ: 6 (5)  Ttime: 1.4289 Vtime: 0.0518
Step: 35500000  Loss: 0.126210 Regul: 0.041562 Obj: 0.167772 (0.086692)  NNZ: 9 (5)  Ttime: 1.4247 Vtime: 0.0512
Step: 35600000  Loss: 0.078156 Regul: 0.023477 Obj: 0.101633 (0.086692)  NNZ: 7 (5)  Ttime: 1.4253 Vtime: 0.0519
Step: 35700000  Loss: 0.140063 Regul: 0.028828 Obj: 0.168891 (0.086692)  NNZ: 6 (5)  Ttime: 1.4352 Vtime: 0.0516
Step: 35800000  Loss: 0.115953 Regul: 0.036680 Obj: 0.152632 (0.086692)  NNZ: 5 (5)  Ttime: 1.4266 Vtime: 0.0512
Step: 35900000  Loss: 0.102344 Regul: 0.026992 Obj: 0.129337 (0.086692)  NNZ: 5 (5)  Ttime: 1.4320 Vtime: 0.0519
Step: 36000000  Loss: 0.121990 Regul: 0.040078 Obj: 0.162068 (0.086692)  NNZ: 8 (5)  Ttime: 1.4300 Vtime: 0.0511
Step: 36100000  Loss: 0.076156 Regul: 0.021367 Obj: 0.097523 (0.086692)  NNZ: 7 (5)  Ttime: 1.4278 Vtime: 0.0511
Step: 36200000  Loss: 0.095804 Regul: 0.030781 Obj: 0.126585 (0.086692)  NNZ: 8 (5)  Ttime: 1.4232 Vtime: 0.0513
Step: 36300000  Loss: 0.287091 Regul: 0.039453 Obj: 0.326544 (0.086692)  NNZ: 6 (5)  Ttime: 1.4795 Vtime: 0.0520
Step: 36400000  Loss: 0.107547 Regul: 0.031562 Obj: 0.139109 (0.086692)  NNZ: 5 (5)  Ttime: 1.4274 Vtime: 0.0516
Step: 36500000  Loss: 0.095518 Regul: 0.033047 Obj: 0.128565 (0.086692)  NNZ: 8 (5)  Ttime: 1.4363 Vtime: 0.0515
Step: 36600000  Loss: 0.131241 Regul: 0.037344 Obj: 0.168584 (0.086692)  NNZ: 8 (5)  Ttime: 1.4360 Vtime: 0.0516
Step: 36700000  Loss: 0.113455 Regul: 0.043320 Obj: 0.156775 (0.086692)  NNZ: 8 (5)  Ttime: 1.4283 Vtime: 0.0523
Step: 36800000  Loss: 0.116549 Regul: 0.044922 Obj: 0.161471 (0.086692)  NNZ: 6 (5)  Ttime: 1.4773 Vtime: 0.0520
Step: 36900000  Loss: 0.149110 Regul: 0.062656 Obj: 0.211766 (0.086692)  NNZ: 10 (5)  Ttime: 1.4317 Vtime: 0.0511
Step: 37000000  Loss: 0.080687 Regul: 0.022383 Obj: 0.103070 (0.086692)  NNZ: 5 (5)  Ttime: 1.4322 Vtime: 0.0510
Step: 37100000  Loss: 0.103036 Regul: 0.038086 Obj: 0.141122 (0.086692)  NNZ: 8 (5)  Ttime: 1.4284 Vtime: 0.0511
Step: 37200000  Loss: 0.125418 Regul: 0.046914 Obj: 0.172332 (0.086692)  NNZ: 7 (5)  Ttime: 1.4338 Vtime: 0.0517
Step: 37300000  Loss: 0.109340 Regul: 0.032383 Obj: 0.141723 (0.086692)  NNZ: 6 (5)  Ttime: 1.4232 Vtime: 0.0515
Step: 37400000  Loss: 0.151989 Regul: 0.061953 Obj: 0.213942 (0.086692)  NNZ: 10 (5)  Ttime: 1.4307 Vtime: 0.0520
Step: 37500000  Loss: 0.107235 Regul: 0.034453 Obj: 0.141688 (0.086692)  NNZ: 6 (5)  Ttime: 1.4321 Vtime: 0.0521
Step: 37600000  Loss: 0.138031 Regul: 0.060625 Obj: 0.198656 (0.086692)  NNZ: 12 (5)  Ttime: 1.4292 Vtime: 0.0514
Step: 37700000  Loss: 0.113523 Regul: 0.037617 Obj: 0.151140 (0.086692)  NNZ: 9 (5)  Ttime: 1.4313 Vtime: 0.0516
Step: 37800000  Loss: 0.147682 Regul: 0.056875 Obj: 0.204557 (0.086692)  NNZ: 12 (5)  Ttime: 1.4278 Vtime: 0.0507
Step: 37900000  Loss: 0.104785 Regul: 0.037812 Obj: 0.142597 (0.086692)  NNZ: 9 (5)  Ttime: 1.4294 Vtime: 0.0515
Step: 38000000  Loss: 0.093674 Regul: 0.022500 Obj: 0.116174 (0.086692)  NNZ: 6 (5)  Ttime: 1.4284 Vtime: 0.0515
Step: 38100000  Loss: 0.114789 Regul: 0.047578 Obj: 0.162367 (0.086692)  NNZ: 8 (5)  Ttime: 1.4293 Vtime: 0.0510
Step: 38200000  Loss: 0.103430 Regul: 0.018281 Obj: 0.121711 (0.086692)  NNZ: 6 (5)  Ttime: 1.4211 Vtime: 0.0520
Step: 38300000  Loss: 0.132445 Regul: 0.042969 Obj: 0.175414 (0.086692)  NNZ: 6 (5)  Ttime: 1.4314 Vtime: 0.0514
Step: 38400000  Loss: 0.103316 Regul: 0.007812 Obj: 0.111128 (0.086692)  NNZ: 3 (5)  Ttime: 1.4340 Vtime: 0.0519
Step: 38500000  Loss: 0.155016 Regul: 0.062422 Obj: 0.217438 (0.086692)  NNZ: 8 (5)  Ttime: 1.4273 Vtime: 0.0519
Step: 38600000  Loss: 0.132450 Regul: 0.047266 Obj: 0.179716 (0.086692)  NNZ: 9 (5)  Ttime: 1.4321 Vtime: 0.0520
Step: 38700000  Loss: 0.103104 Regul: 0.026562 Obj: 0.129667 (0.086692)  NNZ: 6 (5)  Ttime: 1.4314 Vtime: 0.0515
Step: 38800000  Loss: 0.135271 Regul: 0.050859 Obj: 0.186130 (0.086692)  NNZ: 13 (5)  Ttime: 1.4293 Vtime: 0.0511
Step: 38900000  Loss: 0.116746 Regul: 0.041406 Obj: 0.158152 (0.086692)  NNZ: 7 (5)  Ttime: 1.4338 Vtime: 0.0520
Step: 39000000  Loss: 0.137765 Regul: 0.043281 Obj: 0.181046 (0.086692)  NNZ: 4 (5)  Ttime: 1.4308 Vtime: 0.0517
Step: 39100000  Loss: 0.115372 Regul: 0.044922 Obj: 0.160293 (0.086692)  NNZ: 10 (5)  Ttime: 1.4315 Vtime: 0.0511
Step: 39200000  Loss: 0.133698 Regul: 0.027734 Obj: 0.161432 (0.086692)  NNZ: 9 (5)  Ttime: 1.4287 Vtime: 0.0518
Step: 39300000  Loss: 0.134001 Regul: 0.061641 Obj: 0.195642 (0.086692)  NNZ: 11 (5)  Ttime: 1.4222 Vtime: 0.0513
Step: 39400000  Loss: 0.119811 Regul: 0.013828 Obj: 0.133639 (0.086692)  NNZ: 3 (5)  Ttime: 1.4382 Vtime: 0.0516
Step: 39500000  Loss: 0.102677 Regul: 0.028594 Obj: 0.131271 (0.086692)  NNZ: 5 (5)  Ttime: 1.4297 Vtime: 0.0522
Step: 39600000  Loss: 0.093900 Regul: 0.023828 Obj: 0.117728 (0.086692)  NNZ: 6 (5)  Ttime: 1.4220 Vtime: 0.0514
Step: 39700000  Loss: 0.110480 Regul: 0.042656 Obj: 0.153136 (0.086692)  NNZ: 10 (5)  Ttime: 1.4392 Vtime: 0.0517
Step: 39800000  Loss: 0.091221 Regul: 0.022500 Obj: 0.113721 (0.086692)  NNZ: 7 (5)  Ttime: 1.4273 Vtime: 0.0511
Step: 39900000  Loss: 0.135231 Regul: 0.044531 Obj: 0.179762 (0.086692)  NNZ: 9 (5)  Ttime: 1.4311 Vtime: 0.0520
Step: 40000000  Loss: 0.265969 Regul: 0.098750 Obj: 0.364719 (0.086692)  NNZ: 15 (5)  Ttime: 1.4331 Vtime: 0.0512
Step: 40100000  Loss: 0.123413 Regul: 0.047422 Obj: 0.170835 (0.086692)  NNZ: 8 (5)  Ttime: 1.4521 Vtime: 0.0521
Step: 40200000  Loss: 0.098733 Regul: 0.027500 Obj: 0.126233 (0.086692)  NNZ: 7 (5)  Ttime: 1.4278 Vtime: 0.0512
Step: 40300000  Loss: 0.105713 Regul: 0.037031 Obj: 0.142744 (0.086692)  NNZ: 6 (5)  Ttime: 1.4313 Vtime: 0.0519
Step: 40400000  Loss: 0.145426 Regul: 0.060625 Obj: 0.206051 (0.086692)  NNZ: 14 (5)  Ttime: 1.4289 Vtime: 0.0521
Step: 40500000  Loss: 0.092682 Regul: 0.021250 Obj: 0.113932 (0.086692)  NNZ: 5 (5)  Ttime: 1.4682 Vtime: 0.0519
Step: 40600000  Loss: 0.094814 Regul: 0.031016 Obj: 0.125829 (0.086692)  NNZ: 9 (5)  Ttime: 1.4395 Vtime: 0.0514
Step: 40700000  Loss: 0.110431 Regul: 0.031875 Obj: 0.142306 (0.086692)  NNZ: 7 (5)  Ttime: 1.4296 Vtime: 0.0512
Step: 40800000  Loss: 0.193129 Regul: 0.090781 Obj: 0.283911 (0.086692)  NNZ: 15 (5)  Ttime: 1.4284 Vtime: 0.0509
Step: 40900000  Loss: 0.362029 Regul: 0.067656 Obj: 0.429685 (0.086692)  NNZ: 13 (5)  Ttime: 1.4279 Vtime: 0.0508
Step: 41000000  Loss: 0.090250 Regul: 0.021719 Obj: 0.111969 (0.086692)  NNZ: 7 (5)  Ttime: 1.4295 Vtime: 0.0520
Step: 41100000  Loss: 0.223081 Regul: 0.048906 Obj: 0.271988 (0.086692)  NNZ: 11 (5)  Ttime: 1.4329 Vtime: 0.0521
Step: 41200000  Loss: 0.144039 Regul: 0.055000 Obj: 0.199039 (0.086692)  NNZ: 8 (5)  Ttime: 1.4309 Vtime: 0.0539
Step: 41300000  Loss: 0.097756 Regul: 0.028047 Obj: 0.125803 (0.086692)  NNZ: 6 (5)  Ttime: 1.4229 Vtime: 0.0525
Step: 41400000  Loss: 0.103054 Regul: 0.013437 Obj: 0.116492 (0.086692)  NNZ: 2 (5)  Ttime: 1.4780 Vtime: 0.0515
Step: 41500000  Loss: 0.100363 Regul: 0.029453 Obj: 0.129816 (0.086692)  NNZ: 7 (5)  Ttime: 1.4316 Vtime: 0.0514
Step: 41600000  Loss: 0.141021 Regul: 0.056953 Obj: 0.197974 (0.086692)  NNZ: 9 (5)  Ttime: 1.4363 Vtime: 0.0517
Step: 41700000  Loss: 0.123208 Regul: 0.051797 Obj: 0.175005 (0.086692)  NNZ: 8 (5)  Ttime: 1.4508 Vtime: 0.0517
Step: 41800000  Loss: 0.119790 Regul: 0.042578 Obj: 0.162368 (0.086692)  NNZ: 6 (5)  Ttime: 1.4339 Vtime: 0.0516
Step: 41900000  Loss: 0.093113 Regul: 0.026016 Obj: 0.119128 (0.086692)  NNZ: 8 (5)  Ttime: 1.4347 Vtime: 0.0517
Step: 42000000  Loss: 0.115318 Regul: 0.021953 Obj: 0.137271 (0.086692)  NNZ: 4 (5)  Ttime: 1.4405 Vtime: 0.0515
Step: 42100000  Loss: 0.279168 Regul: 0.045391 Obj: 0.324559 (0.086692)  NNZ: 13 (5)  Ttime: 1.4333 Vtime: 0.0516
Step: 42200000  Loss: 0.150862 Regul: 0.066953 Obj: 0.217815 (0.086692)  NNZ: 11 (5)  Ttime: 1.4383 Vtime: 0.0525
Step: 42300000  Loss: 0.203189 Regul: 0.067734 Obj: 0.270923 (0.086692)  NNZ: 12 (5)  Ttime: 1.4411 Vtime: 0.0527
Step: 42400000  Loss: 0.139533 Regul: 0.054609 Obj: 0.194142 (0.086692)  NNZ: 10 (5)  Ttime: 1.4328 Vtime: 0.0511
Step: 42500000  Loss: 0.146953 Regul: 0.014141 Obj: 0.161093 (0.086692)  NNZ: 2 (5)  Ttime: 1.4373 Vtime: 0.0514
Step: 42600000  Loss: 0.109032 Regul: 0.040937 Obj: 0.149970 (0.086692)  NNZ: 6 (5)  Ttime: 1.4331 Vtime: 0.0516
Step: 42700000  Loss: 0.259660 Regul: 0.025078 Obj: 0.284738 (0.086692)  NNZ: 6 (5)  Ttime: 1.4376 Vtime: 0.0510
Step: 42800000  Loss: 0.149729 Regul: 0.039062 Obj: 0.188791 (0.086692)  NNZ: 7 (5)  Ttime: 1.4859 Vtime: 0.0517
Step: 42900000  Loss: 0.113725 Regul: 0.032344 Obj: 0.146068 (0.086692)  NNZ: 10 (5)  Ttime: 1.4270 Vtime: 0.0524
Step: 43000000  Loss: 0.095592 Regul: 0.029609 Obj: 0.125201 (0.086692)  NNZ: 9 (5)  Ttime: 1.4309 Vtime: 0.0514
Step: 43100000  Loss: 0.120376 Regul: 0.033906 Obj: 0.154282 (0.086692)  NNZ: 8 (5)  Ttime: 1.4273 Vtime: 0.0522
Step: 43200000  Loss: 0.495290 Regul: 0.057187 Obj: 0.552477 (0.086692)  NNZ: 8 (5)  Ttime: 1.4279 Vtime: 0.0518
Step: 43300000  Loss: 0.117495 Regul: 0.037031 Obj: 0.154527 (0.086692)  NNZ: 7 (5)  Ttime: 1.4280 Vtime: 0.0510
Step: 43400000  Loss: 0.143079 Regul: 0.054453 Obj: 0.197532 (0.086692)  NNZ: 10 (5)  Ttime: 1.4281 Vtime: 0.0517
Step: 43500000  Loss: 0.108013 Regul: 0.035937 Obj: 0.143950 (0.086692)  NNZ: 9 (5)  Ttime: 1.4331 Vtime: 0.0519
Step: 43600000  Loss: 0.160056 Regul: 0.051562 Obj: 0.211619 (0.086692)  NNZ: 8 (5)  Ttime: 1.4264 Vtime: 0.0510
Step: 43700000  Loss: 0.088302 Regul: 0.020859 Obj: 0.109161 (0.086692)  NNZ: 5 (5)  Ttime: 1.4277 Vtime: 0.0516
Step: 43800000  Loss: 0.159863 Regul: 0.040859 Obj: 0.200723 (0.086692)  NNZ: 7 (5)  Ttime: 1.4322 Vtime: 0.0514
Step: 43900000  Loss: 0.163957 Regul: 0.061484 Obj: 0.225442 (0.086692)  NNZ: 11 (5)  Ttime: 1.4332 Vtime: 0.0521
Step: 44000000  Loss: 0.131128 Regul: 0.055781 Obj: 0.186909 (0.086692)  NNZ: 11 (5)  Ttime: 1.4241 Vtime: 0.0517
Step: 44100000  Loss: 0.121253 Regul: 0.029141 Obj: 0.150394 (0.086692)  NNZ: 6 (5)  Ttime: 1.4307 Vtime: 0.0513
Step: 44200000  Loss: 0.111047 Regul: 0.019844 Obj: 0.130891 (0.086692)  NNZ: 4 (5)  Ttime: 1.4314 Vtime: 0.0522
Step: 44300000  Loss: 0.092845 Regul: 0.027578 Obj: 0.120423 (0.086692)  NNZ: 7 (5)  Ttime: 1.4292 Vtime: 0.0518
Step: 44400000  Loss: 0.123563 Regul: 0.047891 Obj: 0.171453 (0.086692)  NNZ: 8 (5)  Ttime: 1.4265 Vtime: 0.0514
Step: 44500000  Loss: 0.117736 Regul: 0.025547 Obj: 0.143283 (0.086692)  NNZ: 5 (5)  Ttime: 1.4296 Vtime: 0.0513
Step: 44600000  Loss: 0.106794 Regul: 0.040312 Obj: 0.147106 (0.086692)  NNZ: 9 (5)  Ttime: 1.4264 Vtime: 0.0506
Step: 44700000  Loss: 0.081510 Regul: 0.023359 Obj: 0.104870 (0.086692)  NNZ: 7 (5)  Ttime: 1.4292 Vtime: 0.0518
Step: 44800000  Loss: 0.120206 Regul: 0.050547 Obj: 0.170753 (0.086692)  NNZ: 9 (5)  Ttime: 1.4296 Vtime: 0.0527
Step: 44900000  Loss: 0.124939 Regul: 0.052812 Obj: 0.177752 (0.086692)  NNZ: 10 (5)  Ttime: 1.4285 Vtime: 0.0515
Step: 45000000  Loss: 0.265923 Regul: 0.082734 Obj: 0.348658 (0.086692)  NNZ: 16 (5)  Ttime: 1.4265 Vtime: 0.0513
Step: 45100000  Loss: 0.140490 Regul: 0.036562 Obj: 0.177053 (0.086692)  NNZ: 4 (5)  Ttime: 1.4256 Vtime: 0.0514
Step: 45200000  Loss: 0.136924 Regul: 0.051562 Obj: 0.188487 (0.086692)  NNZ: 9 (5)  Ttime: 1.4330 Vtime: 0.0511
Step: 45300000  Loss: 0.120973 Regul: 0.037500 Obj: 0.158473 (0.086692)  NNZ: 10 (5)  Ttime: 1.4324 Vtime: 0.0515
Step: 45400000  Loss: 0.123406 Regul: 0.052422 Obj: 0.175828 (0.086692)  NNZ: 10 (5)  Ttime: 1.4296 Vtime: 0.0517
Step: 45500000  Loss: 0.108516 Regul: 0.039219 Obj: 0.147735 (0.086692)  NNZ: 8 (5)  Ttime: 1.4303 Vtime: 0.0512
Step: 45600000  Loss: 0.091268 Regul: 0.031250 Obj: 0.122518 (0.086692)  NNZ: 8 (5)  Ttime: 1.4335 Vtime: 0.0512
Step: 45700000  Loss: 0.130508 Regul: 0.031641 Obj: 0.162149 (0.086692)  NNZ: 5 (5)  Ttime: 1.4280 Vtime: 0.0523
Step: 45800000  Loss: 0.120155 Regul: 0.047031 Obj: 0.167186 (0.086692)  NNZ: 8 (5)  Ttime: 1.4283 Vtime: 0.0518
Step: 45900000  Loss: 0.103008 Regul: 0.020781 Obj: 0.123790 (0.086692)  NNZ: 6 (5)  Ttime: 1.4325 Vtime: 0.0512
Step: 46000000  Loss: 0.096715 Regul: 0.018125 Obj: 0.114840 (0.086692)  NNZ: 5 (5)  Ttime: 1.4333 Vtime: 0.0513
Step: 46100000  Loss: 0.166789 Regul: 0.054453 Obj: 0.221242 (0.086692)  NNZ: 8 (5)  Ttime: 1.4311 Vtime: 0.0514
Step: 46200000  Loss: 0.123494 Regul: 0.045703 Obj: 0.169197 (0.086692)  NNZ: 10 (5)  Ttime: 1.4297 Vtime: 0.0517
Step: 46300000  Loss: 0.104448 Regul: 0.036562 Obj: 0.141010 (0.086692)  NNZ: 10 (5)  Ttime: 1.4301 Vtime: 0.0514
Step: 46400000  Loss: 0.088195 Regul: 0.020312 Obj: 0.108508 (0.086692)  NNZ: 6 (5)  Ttime: 1.4317 Vtime: 0.0515
Step: 46500000  Loss: 0.087472 Regul: 0.020000 Obj: 0.107472 (0.086692)  NNZ: 6 (5)  Ttime: 1.4306 Vtime: 0.0513
Step: 46600000  Loss: 0.100014 Regul: 0.033359 Obj: 0.133374 (0.086692)  NNZ: 7 (5)  Ttime: 1.4295 Vtime: 0.0525
Step: 46700000  Loss: 0.172956 Regul: 0.059141 Obj: 0.232096 (0.086692)  NNZ: 12 (5)  Ttime: 1.4340 Vtime: 0.0512
Step: 46800000  Loss: 0.154703 Regul: 0.060156 Obj: 0.214859 (0.086692)  NNZ: 9 (5)  Ttime: 1.4224 Vtime: 0.0515
Step: 46900000  Loss: 0.103243 Regul: 0.041016 Obj: 0.144258 (0.086692)  NNZ: 9 (5)  Ttime: 1.4267 Vtime: 0.0508
Step: 47000000  Loss: 0.147720 Regul: 0.041172 Obj: 0.188892 (0.086692)  NNZ: 8 (5)  Ttime: 1.4293 Vtime: 0.0513
Step: 47100000  Loss: 0.127088 Regul: 0.045625 Obj: 0.172713 (0.086692)  NNZ: 8 (5)  Ttime: 1.4291 Vtime: 0.0509
Step: 47200000  Loss: 0.101113 Regul: 0.042734 Obj: 0.143847 (0.086692)  NNZ: 13 (5)  Ttime: 1.4328 Vtime: 0.0516
Step: 47300000  Loss: 0.103385 Regul: 0.033281 Obj: 0.136666 (0.086692)  NNZ: 7 (5)  Ttime: 1.4339 Vtime: 0.0513
Step: 47400000  Loss: 0.142975 Regul: 0.060312 Obj: 0.203288 (0.086692)  NNZ: 10 (5)  Ttime: 1.4390 Vtime: 0.0510
Step: 47500000  Loss: 0.081192 Regul: 0.016719 Obj: 0.097911 (0.086692)  NNZ: 4 (5)  Ttime: 1.4290 Vtime: 0.0516
Step: 47600000  Loss: 0.101187 Regul: 0.020859 Obj: 0.122047 (0.086692)  NNZ: 6 (5)  Ttime: 1.4338 Vtime: 0.0509
Step: 47700000  Loss: 0.099853 Regul: 0.030469 Obj: 0.130322 (0.086692)  NNZ: 8 (5)  Ttime: 1.4315 Vtime: 0.0514
Step: 47800000  Loss: 0.141723 Regul: 0.017812 Obj: 0.159535 (0.086692)  NNZ: 4 (5)  Ttime: 1.4362 Vtime: 0.0522
Step: 47900000  Loss: 0.108544 Regul: 0.044531 Obj: 0.153075 (0.086692)  NNZ: 10 (5)  Ttime: 1.4292 Vtime: 0.0513
Step: 48000000  Loss: 0.107961 Regul: 0.037344 Obj: 0.145305 (0.086692)  NNZ: 9 (5)  Ttime: 1.4219 Vtime: 0.0510
Step: 48100000  Loss: 0.189690 Regul: 0.086328 Obj: 0.276018 (0.086692)  NNZ: 14 (5)  Ttime: 1.4451 Vtime: 0.0519
Step: 48200000  Loss: 0.141097 Regul: 0.058984 Obj: 0.200081 (0.086692)  NNZ: 10 (5)  Ttime: 1.4273 Vtime: 0.0515
Step: 48300000  Loss: 0.162974 Regul: 0.062969 Obj: 0.225943 (0.086692)  NNZ: 9 (5)  Ttime: 1.4292 Vtime: 0.0512
Step: 48400000  Loss: 0.238870 Regul: 0.034219 Obj: 0.273088 (0.086692)  NNZ: 8 (5)  Ttime: 1.4289 Vtime: 0.0520
Step: 48500000  Loss: 0.130707 Regul: 0.054688 Obj: 0.185394 (0.086692)  NNZ: 13 (5)  Ttime: 1.4314 Vtime: 0.0513
Step: 48600000  Loss: 0.145482 Regul: 0.023984 Obj: 0.169466 (0.086692)  NNZ: 6 (5)  Ttime: 1.4392 Vtime: 0.0516
Step: 48700000  Loss: 0.148014 Regul: 0.069531 Obj: 0.217546 (0.086692)  NNZ: 11 (5)  Ttime: 1.4266 Vtime: 0.0512
Step: 48800000  Loss: 0.098105 Regul: 0.033906 Obj: 0.132012 (0.086692)  NNZ: 8 (5)  Ttime: 1.4281 Vtime: 0.0515
Step: 48900000  Loss: 0.088648 Regul: 0.028359 Obj: 0.117007 (0.086692)  NNZ: 9 (5)  Ttime: 1.4280 Vtime: 0.0514
Step: 49000000  Loss: 0.154665 Regul: 0.042500 Obj: 0.197165 (0.086692)  NNZ: 8 (5)  Ttime: 1.4324 Vtime: 0.0516
Step: 49100000  Loss: 0.112611 Regul: 0.045312 Obj: 0.157923 (0.086692)  NNZ: 9 (5)  Ttime: 1.4283 Vtime: 0.0515
Step: 49200000  Loss: 0.131253 Regul: 0.055469 Obj: 0.186721 (0.086692)  NNZ: 9 (5)  Ttime: 1.4278 Vtime: 0.0511
Step: 49300000  Loss: 0.119048 Regul: 0.025391 Obj: 0.144439 (0.086692)  NNZ: 6 (5)  Ttime: 1.4297 Vtime: 0.0520
Step: 49400000  Loss: 0.154520 Regul: 0.073437 Obj: 0.227958 (0.086692)  NNZ: 13 (5)  Ttime: 1.4211 Vtime: 0.0510
Step: 49500000  Loss: 0.090535 Regul: 0.027969 Obj: 0.118504 (0.086692)  NNZ: 9 (5)  Ttime: 1.4317 Vtime: 0.0507
Step: 49600000  Loss: 0.140729 Regul: 0.056641 Obj: 0.197370 (0.086692)  NNZ: 9 (5)  Ttime: 1.4295 Vtime: 0.0515
Step: 49700000  Loss: 0.094519 Regul: 0.020937 Obj: 0.115457 (0.086692)  NNZ: 7 (5)  Ttime: 1.4290 Vtime: 0.0515
Step: 49800000  Loss: 0.117934 Regul: 0.038516 Obj: 0.156450 (0.086692)  NNZ: 8 (5)  Ttime: 1.4381 Vtime: 0.0513
Step: 49900000  Loss: 0.095192 Regul: 0.034453 Obj: 0.129645 (0.086692)  NNZ: 8 (5)  Ttime: 1.4292 Vtime: 0.0515
Step: 50000000  Loss: 0.099740 Regul: 0.036484 Obj: 0.136224 (0.086692)  NNZ: 10 (5)  Ttime: 1.4231 Vtime: 0.0519
