mu: 0.003 gamma: 0.25 nIters: 50000000
Load PRParams.
Load RingParams.
Load Labels: 500000
Load Distances: 500000 x 5120
0...10...20...30...40...50...60...70...80...90...100 - done.
Positive samples #250000
Negative samples #250000
Positive train #200000
Negative train #200000
Positive valid #50000
Negative valid #50000

Found GPU: GeForce GTX 970
Compute Capability: 5.2

Best: 100000  Loss: 0.243791 Regul: 0.003989 Obj: 0.247780 (0.247780)  NNZ: 12 (12)  Ttime: 1.4526 Vtime: 0.2102
Stat: nPR #56 (#96) Dim/MaxDim [448/640] AUC: 0.945962 FPR95: 31.90 [saved]
Best: 200000  Loss: 0.113243 Regul: 0.003405 Obj: 0.116648 (0.116648)  NNZ: 15 (15)  Ttime: 1.4477 Vtime: 0.0516
Stat: nPR #100 (#120) Dim/MaxDim [800/640] AUC: 0.971083 FPR95: 15.93
Best: 300000  Loss: 0.112216 Regul: 0.003408 Obj: 0.115624 (0.115624)  NNZ: 14 (14)  Ttime: 1.4430 Vtime: 0.0513
Stat: nPR #92 (#112) Dim/MaxDim [736/640] AUC: 0.970161 FPR95: 16.47
Step: 400000  Loss: 0.127027 Regul: 0.003409 Obj: 0.130436 (0.115624)  NNZ: 13 (14)  Ttime: 1.4492 Vtime: 0.0516
Best: 500000  Loss: 0.088973 Regul: 0.001722 Obj: 0.090695 (0.090695)  NNZ: 9 (9)  Ttime: 1.4454 Vtime: 0.0510
Stat: nPR #64 (#72) Dim/MaxDim [512/640] AUC: 0.969028 FPR95: 17.54 [saved]
Step: 600000  Loss: 0.097665 Regul: 0.002768 Obj: 0.100433 (0.090695)  NNZ: 17 (9)  Ttime: 1.4420 Vtime: 0.0519
Step: 700000  Loss: 0.215417 Regul: 0.001049 Obj: 0.216466 (0.090695)  NNZ: 9 (9)  Ttime: 1.4454 Vtime: 0.0512
Step: 800000  Loss: 0.123745 Regul: 0.002970 Obj: 0.126715 (0.090695)  NNZ: 16 (9)  Ttime: 1.4379 Vtime: 0.0514
Step: 900000  Loss: 0.153376 Regul: 0.004819 Obj: 0.158195 (0.090695)  NNZ: 22 (9)  Ttime: 1.4481 Vtime: 0.0516
Step: 1000000  Loss: 0.116885 Regul: 0.003325 Obj: 0.120210 (0.090695)  NNZ: 22 (9)  Ttime: 1.4486 Vtime: 0.0520
Step: 1100000  Loss: 0.115343 Regul: 0.001897 Obj: 0.117240 (0.090695)  NNZ: 10 (9)  Ttime: 1.4453 Vtime: 0.0520
Step: 1200000  Loss: 0.129995 Regul: 0.003633 Obj: 0.133628 (0.090695)  NNZ: 17 (9)  Ttime: 1.4457 Vtime: 0.0516
Best: 1300000  Loss: 0.080011 Regul: 0.001736 Obj: 0.081747 (0.081747)  NNZ: 13 (13)  Ttime: 1.4440 Vtime: 0.0510
Stat: nPR #80 (#104) Dim/MaxDim [640/640] AUC: 0.970766 FPR95: 16.10 [saved]
Step: 1400000  Loss: 0.092575 Regul: 0.001965 Obj: 0.094540 (0.081747)  NNZ: 14 (13)  Ttime: 1.4442 Vtime: 0.0521
Step: 1500000  Loss: 0.104448 Regul: 0.002882 Obj: 0.107329 (0.081747)  NNZ: 18 (13)  Ttime: 1.4509 Vtime: 0.0511
Step: 1600000  Loss: 0.100508 Regul: 0.002551 Obj: 0.103059 (0.081747)  NNZ: 14 (13)  Ttime: 1.4511 Vtime: 0.0517
Step: 1700000  Loss: 0.106502 Regul: 0.002313 Obj: 0.108815 (0.081747)  NNZ: 13 (13)  Ttime: 1.4502 Vtime: 0.0512
Best: 1800000  Loss: 0.076278 Regul: 0.001737 Obj: 0.078015 (0.078015)  NNZ: 18 (18)  Ttime: 1.4514 Vtime: 0.0511
Stat: nPR #116 (#144) Dim/MaxDim [928/640] AUC: 0.971687 FPR95: 15.61
Step: 1900000  Loss: 0.085376 Regul: 0.001519 Obj: 0.086895 (0.078015)  NNZ: 11 (18)  Ttime: 1.4414 Vtime: 0.0514
Step: 2000000  Loss: 0.087129 Regul: 0.002077 Obj: 0.089206 (0.078015)  NNZ: 15 (18)  Ttime: 1.4486 Vtime: 0.0514
Step: 2100000  Loss: 0.086274 Regul: 0.001909 Obj: 0.088183 (0.078015)  NNZ: 13 (18)  Ttime: 1.4501 Vtime: 0.0522
Step: 2200000  Loss: 0.085241 Regul: 0.001805 Obj: 0.087046 (0.078015)  NNZ: 14 (18)  Ttime: 1.4470 Vtime: 0.0514
Step: 2300000  Loss: 0.089602 Regul: 0.002379 Obj: 0.091982 (0.078015)  NNZ: 16 (18)  Ttime: 1.4489 Vtime: 0.0518
Step: 2400000  Loss: 0.078446 Regul: 0.001717 Obj: 0.080163 (0.078015)  NNZ: 11 (18)  Ttime: 1.4474 Vtime: 0.0521
Step: 2500000  Loss: 0.092779 Regul: 0.001652 Obj: 0.094431 (0.078015)  NNZ: 12 (18)  Ttime: 1.4499 Vtime: 0.0511
Best: 2600000  Loss: 0.074524 Regul: 0.001291 Obj: 0.075815 (0.075815)  NNZ: 11 (11)  Ttime: 1.4532 Vtime: 0.0510
Stat: nPR #68 (#88) Dim/MaxDim [544/640] AUC: 0.971230 FPR95: 15.81 [saved]
Step: 2700000  Loss: 0.099373 Regul: 0.003179 Obj: 0.102552 (0.075815)  NNZ: 18 (11)  Ttime: 1.4495 Vtime: 0.0515
Step: 2800000  Loss: 0.082540 Regul: 0.001808 Obj: 0.084348 (0.075815)  NNZ: 14 (11)  Ttime: 1.4485 Vtime: 0.0521
Step: 2900000  Loss: 0.101753 Regul: 0.002821 Obj: 0.104574 (0.075815)  NNZ: 22 (11)  Ttime: 1.4487 Vtime: 0.0511
Step: 3000000  Loss: 0.116536 Regul: 0.002091 Obj: 0.118626 (0.075815)  NNZ: 13 (11)  Ttime: 1.4408 Vtime: 0.0517
Step: 3100000  Loss: 0.098344 Regul: 0.001976 Obj: 0.100320 (0.075815)  NNZ: 15 (11)  Ttime: 1.4430 Vtime: 0.0518
Step: 3200000  Loss: 0.086622 Regul: 0.001602 Obj: 0.088224 (0.075815)  NNZ: 15 (11)  Ttime: 1.4509 Vtime: 0.0514
Step: 3300000  Loss: 0.079232 Regul: 0.001427 Obj: 0.080659 (0.075815)  NNZ: 15 (11)  Ttime: 1.4442 Vtime: 0.0509
Best: 3400000  Loss: 0.073956 Regul: 0.001484 Obj: 0.075440 (0.075440)  NNZ: 11 (11)  Ttime: 1.4447 Vtime: 0.0511
Stat: nPR #76 (#88) Dim/MaxDim [608/640] AUC: 0.972230 FPR95: 14.89 [saved]
Step: 3500000  Loss: 0.116531 Regul: 0.001810 Obj: 0.118340 (0.075440)  NNZ: 12 (11)  Ttime: 1.4462 Vtime: 0.0517
Step: 3600000  Loss: 0.092205 Regul: 0.001322 Obj: 0.093527 (0.075440)  NNZ: 11 (11)  Ttime: 1.4466 Vtime: 0.0513
Step: 3700000  Loss: 0.087313 Regul: 0.002080 Obj: 0.089393 (0.075440)  NNZ: 14 (11)  Ttime: 1.4468 Vtime: 0.0510
Step: 3800000  Loss: 0.084264 Regul: 0.002184 Obj: 0.086448 (0.075440)  NNZ: 17 (11)  Ttime: 1.4460 Vtime: 0.0509
Step: 3900000  Loss: 0.077805 Regul: 0.000994 Obj: 0.078799 (0.075440)  NNZ: 7 (11)  Ttime: 1.4440 Vtime: 0.0517
Step: 4000000  Loss: 0.087004 Regul: 0.001003 Obj: 0.088007 (0.075440)  NNZ: 12 (11)  Ttime: 1.4433 Vtime: 0.0507
Step: 4100000  Loss: 0.091605 Regul: 0.002430 Obj: 0.094035 (0.075440)  NNZ: 19 (11)  Ttime: 1.4423 Vtime: 0.0519
Step: 4200000  Loss: 0.088790 Regul: 0.002519 Obj: 0.091309 (0.075440)  NNZ: 19 (11)  Ttime: 1.4432 Vtime: 0.0518
Step: 4300000  Loss: 0.082449 Regul: 0.002239 Obj: 0.084688 (0.075440)  NNZ: 16 (11)  Ttime: 1.4461 Vtime: 0.0512
Step: 4400000  Loss: 0.083846 Regul: 0.001921 Obj: 0.085767 (0.075440)  NNZ: 14 (11)  Ttime: 1.4446 Vtime: 0.0517
Step: 4500000  Loss: 0.079215 Regul: 0.001499 Obj: 0.080714 (0.075440)  NNZ: 13 (11)  Ttime: 1.4461 Vtime: 0.0509
Step: 4600000  Loss: 0.080768 Regul: 0.001557 Obj: 0.082325 (0.075440)  NNZ: 10 (11)  Ttime: 1.4427 Vtime: 0.0516
Step: 4700000  Loss: 0.100927 Regul: 0.002297 Obj: 0.103224 (0.075440)  NNZ: 17 (11)  Ttime: 1.4476 Vtime: 0.0511
Step: 4800000  Loss: 0.081793 Regul: 0.001715 Obj: 0.083508 (0.075440)  NNZ: 16 (11)  Ttime: 1.4425 Vtime: 0.0512
Step: 4900000  Loss: 0.084120 Regul: 0.001813 Obj: 0.085933 (0.075440)  NNZ: 18 (11)  Ttime: 1.4480 Vtime: 0.0521
Step: 5000000  Loss: 0.084944 Regul: 0.001212 Obj: 0.086156 (0.075440)  NNZ: 11 (11)  Ttime: 1.4460 Vtime: 0.0517
Step: 5100000  Loss: 0.091901 Regul: 0.002116 Obj: 0.094017 (0.075440)  NNZ: 19 (11)  Ttime: 1.4437 Vtime: 0.0507
Best: 5200000  Loss: 0.073797 Regul: 0.001239 Obj: 0.075036 (0.075036)  NNZ: 11 (11)  Ttime: 1.4583 Vtime: 0.0514
Stat: nPR #80 (#88) Dim/MaxDim [640/640] AUC: 0.971372 FPR95: 15.61 [saved]
Step: 5300000  Loss: 0.081926 Regul: 0.001431 Obj: 0.083357 (0.075036)  NNZ: 11 (11)  Ttime: 1.4439 Vtime: 0.0512
Step: 5400000  Loss: 0.082189 Regul: 0.001920 Obj: 0.084110 (0.075036)  NNZ: 15 (11)  Ttime: 1.4414 Vtime: 0.0516
Step: 5500000  Loss: 0.080381 Regul: 0.001435 Obj: 0.081816 (0.075036)  NNZ: 15 (11)  Ttime: 1.4413 Vtime: 0.0508
Step: 5600000  Loss: 0.079107 Regul: 0.001774 Obj: 0.080881 (0.075036)  NNZ: 15 (11)  Ttime: 1.4443 Vtime: 0.0515
Step: 5700000  Loss: 0.104310 Regul: 0.003285 Obj: 0.107596 (0.075036)  NNZ: 23 (11)  Ttime: 1.4424 Vtime: 0.0514
Step: 5800000  Loss: 0.086773 Regul: 0.002096 Obj: 0.088869 (0.075036)  NNZ: 16 (11)  Ttime: 1.4405 Vtime: 0.0509
Step: 5900000  Loss: 0.084319 Regul: 0.001016 Obj: 0.085335 (0.075036)  NNZ: 12 (11)  Ttime: 1.4418 Vtime: 0.0523
Step: 6000000  Loss: 0.080782 Regul: 0.001380 Obj: 0.082162 (0.075036)  NNZ: 11 (11)  Ttime: 1.4420 Vtime: 0.0521
Step: 6100000  Loss: 0.083769 Regul: 0.001430 Obj: 0.085199 (0.075036)  NNZ: 11 (11)  Ttime: 1.4413 Vtime: 0.0513
Step: 6200000  Loss: 0.075856 Regul: 0.001347 Obj: 0.077203 (0.075036)  NNZ: 15 (11)  Ttime: 1.4412 Vtime: 0.0517
Best: 6300000  Loss: 0.072178 Regul: 0.001098 Obj: 0.073276 (0.073276)  NNZ: 12 (12)  Ttime: 1.4421 Vtime: 0.0519
Stat: nPR #76 (#96) Dim/MaxDim [608/640] AUC: 0.972025 FPR95: 15.57 [saved]
Step: 6400000  Loss: 0.080563 Regul: 0.001725 Obj: 0.082289 (0.073276)  NNZ: 17 (12)  Ttime: 1.4441 Vtime: 0.0514
Step: 6500000  Loss: 0.118719 Regul: 0.002169 Obj: 0.120888 (0.073276)  NNZ: 18 (12)  Ttime: 1.4463 Vtime: 0.0522
Step: 6600000  Loss: 0.082293 Regul: 0.001939 Obj: 0.084232 (0.073276)  NNZ: 19 (12)  Ttime: 1.4489 Vtime: 0.0513
Step: 6700000  Loss: 0.094580 Regul: 0.001711 Obj: 0.096291 (0.073276)  NNZ: 14 (12)  Ttime: 1.4443 Vtime: 0.0514
Step: 6800000  Loss: 0.081540 Regul: 0.001644 Obj: 0.083184 (0.073276)  NNZ: 16 (12)  Ttime: 1.4493 Vtime: 0.0520
Step: 6900000  Loss: 0.084199 Regul: 0.001445 Obj: 0.085644 (0.073276)  NNZ: 12 (12)  Ttime: 1.4447 Vtime: 0.0511
Step: 7000000  Loss: 0.089565 Regul: 0.002375 Obj: 0.091939 (0.073276)  NNZ: 17 (12)  Ttime: 1.4414 Vtime: 0.0513
Step: 7100000  Loss: 0.102061 Regul: 0.002140 Obj: 0.104202 (0.073276)  NNZ: 15 (12)  Ttime: 1.4476 Vtime: 0.0513
Step: 7200000  Loss: 0.087661 Regul: 0.001947 Obj: 0.089608 (0.073276)  NNZ: 19 (12)  Ttime: 1.4567 Vtime: 0.0509
Step: 7300000  Loss: 0.084832 Regul: 0.001991 Obj: 0.086824 (0.073276)  NNZ: 14 (12)  Ttime: 1.4519 Vtime: 0.0514
Step: 7400000  Loss: 0.079214 Regul: 0.001672 Obj: 0.080886 (0.073276)  NNZ: 16 (12)  Ttime: 1.4507 Vtime: 0.0513
Step: 7500000  Loss: 0.081561 Regul: 0.001524 Obj: 0.083084 (0.073276)  NNZ: 13 (12)  Ttime: 1.4471 Vtime: 0.0515
Step: 7600000  Loss: 0.075004 Regul: 0.001561 Obj: 0.076564 (0.073276)  NNZ: 16 (12)  Ttime: 1.4458 Vtime: 0.0514
Step: 7700000  Loss: 0.081108 Regul: 0.001948 Obj: 0.083056 (0.073276)  NNZ: 20 (12)  Ttime: 1.4458 Vtime: 0.0518
Step: 7800000  Loss: 0.077802 Regul: 0.001310 Obj: 0.079112 (0.073276)  NNZ: 12 (12)  Ttime: 1.4455 Vtime: 0.0515
Step: 7900000  Loss: 0.099187 Regul: 0.002316 Obj: 0.101503 (0.073276)  NNZ: 17 (12)  Ttime: 1.4479 Vtime: 0.0514
Step: 8000000  Loss: 0.083729 Regul: 0.002118 Obj: 0.085847 (0.073276)  NNZ: 18 (12)  Ttime: 1.4454 Vtime: 0.0512
Step: 8100000  Loss: 0.088202 Regul: 0.002404 Obj: 0.090606 (0.073276)  NNZ: 20 (12)  Ttime: 1.4446 Vtime: 0.0516
Step: 8200000  Loss: 0.090391 Regul: 0.001890 Obj: 0.092281 (0.073276)  NNZ: 16 (12)  Ttime: 1.4481 Vtime: 0.0518
Step: 8300000  Loss: 0.073468 Regul: 0.001142 Obj: 0.074609 (0.073276)  NNZ: 13 (12)  Ttime: 1.4455 Vtime: 0.0516
Step: 8400000  Loss: 0.073246 Regul: 0.001284 Obj: 0.074530 (0.073276)  NNZ: 17 (12)  Ttime: 1.4467 Vtime: 0.0514
Step: 8500000  Loss: 0.092069 Regul: 0.002018 Obj: 0.094086 (0.073276)  NNZ: 16 (12)  Ttime: 1.4496 Vtime: 0.0514
Step: 8600000  Loss: 0.080391 Regul: 0.001695 Obj: 0.082086 (0.073276)  NNZ: 16 (12)  Ttime: 1.4489 Vtime: 0.0505
Step: 8700000  Loss: 0.086330 Regul: 0.002127 Obj: 0.088457 (0.073276)  NNZ: 19 (12)  Ttime: 1.4491 Vtime: 0.0510
Step: 8800000  Loss: 0.076585 Regul: 0.001847 Obj: 0.078431 (0.073276)  NNZ: 19 (12)  Ttime: 1.4434 Vtime: 0.0515
Step: 8900000  Loss: 0.085173 Regul: 0.002158 Obj: 0.087331 (0.073276)  NNZ: 17 (12)  Ttime: 1.4514 Vtime: 0.0518
Step: 9000000  Loss: 0.122596 Regul: 0.001462 Obj: 0.124058 (0.073276)  NNZ: 16 (12)  Ttime: 1.4416 Vtime: 0.0519
Step: 9100000  Loss: 0.082586 Regul: 0.001607 Obj: 0.084193 (0.073276)  NNZ: 13 (12)  Ttime: 1.4421 Vtime: 0.0517
Step: 9200000  Loss: 0.077555 Regul: 0.001778 Obj: 0.079333 (0.073276)  NNZ: 17 (12)  Ttime: 1.4466 Vtime: 0.0515
Step: 9300000  Loss: 0.089224 Regul: 0.001384 Obj: 0.090608 (0.073276)  NNZ: 12 (12)  Ttime: 1.4469 Vtime: 0.0510
Step: 9400000  Loss: 0.077093 Regul: 0.001681 Obj: 0.078775 (0.073276)  NNZ: 20 (12)  Ttime: 1.4446 Vtime: 0.0513
Step: 9500000  Loss: 0.077512 Regul: 0.001722 Obj: 0.079234 (0.073276)  NNZ: 19 (12)  Ttime: 1.4442 Vtime: 0.0518
Step: 9600000  Loss: 0.075546 Regul: 0.001461 Obj: 0.077007 (0.073276)  NNZ: 14 (12)  Ttime: 1.4458 Vtime: 0.0512
Step: 9700000  Loss: 0.091393 Regul: 0.001020 Obj: 0.092413 (0.073276)  NNZ: 11 (12)  Ttime: 1.4440 Vtime: 0.0515
Step: 9800000  Loss: 0.078408 Regul: 0.001704 Obj: 0.080112 (0.073276)  NNZ: 16 (12)  Ttime: 1.4437 Vtime: 0.0515
Step: 9900000  Loss: 0.104994 Regul: 0.001161 Obj: 0.106155 (0.073276)  NNZ: 10 (12)  Ttime: 1.4468 Vtime: 0.0512
Step: 10000000  Loss: 0.080185 Regul: 0.001544 Obj: 0.081729 (0.073276)  NNZ: 13 (12)  Ttime: 1.4440 Vtime: 0.0516
Step: 10100000  Loss: 0.083941 Regul: 0.001640 Obj: 0.085581 (0.073276)  NNZ: 15 (12)  Ttime: 1.4429 Vtime: 0.0512
Step: 10200000  Loss: 0.073955 Regul: 0.001326 Obj: 0.075281 (0.073276)  NNZ: 14 (12)  Ttime: 1.4476 Vtime: 0.0511
Step: 10300000  Loss: 0.076913 Regul: 0.001484 Obj: 0.078398 (0.073276)  NNZ: 14 (12)  Ttime: 1.4454 Vtime: 0.0511
Step: 10400000  Loss: 0.085570 Regul: 0.001576 Obj: 0.087146 (0.073276)  NNZ: 16 (12)  Ttime: 1.4471 Vtime: 0.0518
Step: 10500000  Loss: 0.092738 Regul: 0.001958 Obj: 0.094696 (0.073276)  NNZ: 16 (12)  Ttime: 1.4429 Vtime: 0.0524
Step: 10600000  Loss: 0.081771 Regul: 0.001728 Obj: 0.083499 (0.073276)  NNZ: 19 (12)  Ttime: 1.4507 Vtime: 0.0516
Step: 10700000  Loss: 0.079765 Regul: 0.001917 Obj: 0.081682 (0.073276)  NNZ: 21 (12)  Ttime: 1.4457 Vtime: 0.0521
Step: 10800000  Loss: 0.076918 Regul: 0.001731 Obj: 0.078650 (0.073276)  NNZ: 16 (12)  Ttime: 1.4467 Vtime: 0.0521
Step: 10900000  Loss: 0.085847 Regul: 0.001903 Obj: 0.087750 (0.073276)  NNZ: 18 (12)  Ttime: 1.4477 Vtime: 0.0518
Step: 11000000  Loss: 0.079377 Regul: 0.001622 Obj: 0.080999 (0.073276)  NNZ: 14 (12)  Ttime: 1.4447 Vtime: 0.0511
Step: 11100000  Loss: 0.074401 Regul: 0.001637 Obj: 0.076038 (0.073276)  NNZ: 18 (12)  Ttime: 1.4465 Vtime: 0.0519
Step: 11200000  Loss: 0.083230 Regul: 0.001467 Obj: 0.084697 (0.073276)  NNZ: 14 (12)  Ttime: 1.4462 Vtime: 0.0515
Best: 11300000  Loss: 0.072144 Regul: 0.001062 Obj: 0.073206 (0.073206)  NNZ: 16 (16)  Ttime: 1.4472 Vtime: 0.0509
Stat: nPR #104 (#128) Dim/MaxDim [832/640] AUC: 0.972069 FPR95: 15.36
Step: 11400000  Loss: 0.079547 Regul: 0.001485 Obj: 0.081032 (0.073206)  NNZ: 15 (16)  Ttime: 1.4474 Vtime: 0.0510
Step: 11500000  Loss: 0.075851 Regul: 0.001018 Obj: 0.076868 (0.073206)  NNZ: 11 (16)  Ttime: 1.4467 Vtime: 0.0513
Best: 11600000  Loss: 0.071297 Regul: 0.001217 Obj: 0.072514 (0.072514)  NNZ: 16 (16)  Ttime: 1.4462 Vtime: 0.0517
Stat: nPR #100 (#128) Dim/MaxDim [800/640] AUC: 0.972637 FPR95: 14.63
Step: 11700000  Loss: 0.079814 Regul: 0.001841 Obj: 0.081655 (0.072514)  NNZ: 18 (16)  Ttime: 1.4465 Vtime: 0.0514
Step: 11800000  Loss: 0.078169 Regul: 0.001804 Obj: 0.079974 (0.072514)  NNZ: 19 (16)  Ttime: 1.4483 Vtime: 0.0517
Step: 11900000  Loss: 0.078905 Regul: 0.001609 Obj: 0.080515 (0.072514)  NNZ: 13 (16)  Ttime: 1.4494 Vtime: 0.0524
Step: 12000000  Loss: 0.085560 Regul: 0.001622 Obj: 0.087182 (0.072514)  NNZ: 20 (16)  Ttime: 1.4468 Vtime: 0.0513
Step: 12100000  Loss: 0.089503 Regul: 0.002068 Obj: 0.091571 (0.072514)  NNZ: 21 (16)  Ttime: 1.4449 Vtime: 0.0511
Step: 12200000  Loss: 0.081917 Regul: 0.001732 Obj: 0.083649 (0.072514)  NNZ: 17 (16)  Ttime: 1.4515 Vtime: 0.0519
Best: 12300000  Loss: 0.070458 Regul: 0.001304 Obj: 0.071761 (0.071761)  NNZ: 21 (21)  Ttime: 1.4467 Vtime: 0.0517
Stat: nPR #136 (#168) Dim/MaxDim [1088/640] AUC: 0.972816 FPR95: 14.58
Step: 12400000  Loss: 0.075142 Regul: 0.001605 Obj: 0.076747 (0.071761)  NNZ: 13 (21)  Ttime: 1.4452 Vtime: 0.0516
Step: 12500000  Loss: 0.072313 Regul: 0.001367 Obj: 0.073680 (0.071761)  NNZ: 19 (21)  Ttime: 1.4440 Vtime: 0.0512
Step: 12600000  Loss: 0.076620 Regul: 0.001681 Obj: 0.078301 (0.071761)  NNZ: 16 (21)  Ttime: 1.4462 Vtime: 0.0515
Step: 12700000  Loss: 0.078228 Regul: 0.001840 Obj: 0.080069 (0.071761)  NNZ: 20 (21)  Ttime: 1.4465 Vtime: 0.0512
Step: 12800000  Loss: 0.075501 Regul: 0.001445 Obj: 0.076946 (0.071761)  NNZ: 14 (21)  Ttime: 1.4460 Vtime: 0.0513
Step: 12900000  Loss: 0.077906 Regul: 0.001709 Obj: 0.079615 (0.071761)  NNZ: 17 (21)  Ttime: 1.4443 Vtime: 0.0519
Step: 13000000  Loss: 0.088061 Regul: 0.001230 Obj: 0.089291 (0.071761)  NNZ: 13 (21)  Ttime: 1.4436 Vtime: 0.0516
Step: 13100000  Loss: 0.075708 Regul: 0.001180 Obj: 0.076888 (0.071761)  NNZ: 12 (21)  Ttime: 1.4441 Vtime: 0.0515
Step: 13200000  Loss: 0.080189 Regul: 0.001637 Obj: 0.081826 (0.071761)  NNZ: 21 (21)  Ttime: 1.4415 Vtime: 0.0512
Step: 13300000  Loss: 0.072993 Regul: 0.001111 Obj: 0.074104 (0.071761)  NNZ: 13 (21)  Ttime: 1.4434 Vtime: 0.0516
Step: 13400000  Loss: 0.078746 Regul: 0.001361 Obj: 0.080107 (0.071761)  NNZ: 12 (21)  Ttime: 1.4472 Vtime: 0.0517
Step: 13500000  Loss: 0.080873 Regul: 0.001439 Obj: 0.082312 (0.071761)  NNZ: 17 (21)  Ttime: 1.4432 Vtime: 0.0519
Step: 13600000  Loss: 0.084781 Regul: 0.002237 Obj: 0.087018 (0.071761)  NNZ: 23 (21)  Ttime: 1.4415 Vtime: 0.0512
Step: 13700000  Loss: 0.081483 Regul: 0.002067 Obj: 0.083550 (0.071761)  NNZ: 21 (21)  Ttime: 1.4421 Vtime: 0.0509
Step: 13800000  Loss: 0.079977 Regul: 0.001643 Obj: 0.081620 (0.071761)  NNZ: 18 (21)  Ttime: 1.4442 Vtime: 0.0515
Step: 13900000  Loss: 0.072124 Regul: 0.001383 Obj: 0.073507 (0.071761)  NNZ: 17 (21)  Ttime: 1.4463 Vtime: 0.0513
Step: 14000000  Loss: 0.078687 Regul: 0.001653 Obj: 0.080340 (0.071761)  NNZ: 17 (21)  Ttime: 1.4464 Vtime: 0.0518
Step: 14100000  Loss: 0.082002 Regul: 0.001958 Obj: 0.083960 (0.071761)  NNZ: 15 (21)  Ttime: 1.4417 Vtime: 0.0513
Step: 14200000  Loss: 0.088915 Regul: 0.001832 Obj: 0.090747 (0.071761)  NNZ: 20 (21)  Ttime: 1.4509 Vtime: 0.0516
Step: 14300000  Loss: 0.077208 Regul: 0.001695 Obj: 0.078904 (0.071761)  NNZ: 21 (21)  Ttime: 1.4497 Vtime: 0.0512
Step: 14400000  Loss: 0.075744 Regul: 0.001647 Obj: 0.077391 (0.071761)  NNZ: 18 (21)  Ttime: 1.4449 Vtime: 0.0518
Step: 14500000  Loss: 0.080431 Regul: 0.002157 Obj: 0.082589 (0.071761)  NNZ: 21 (21)  Ttime: 1.4451 Vtime: 0.0516
Step: 14600000  Loss: 0.076542 Regul: 0.001375 Obj: 0.077916 (0.071761)  NNZ: 16 (21)  Ttime: 1.4439 Vtime: 0.0517
Step: 14700000  Loss: 0.071825 Regul: 0.001398 Obj: 0.073223 (0.071761)  NNZ: 17 (21)  Ttime: 1.4449 Vtime: 0.0511
Step: 14800000  Loss: 0.076636 Regul: 0.001462 Obj: 0.078099 (0.071761)  NNZ: 17 (21)  Ttime: 1.4482 Vtime: 0.0514
Step: 14900000  Loss: 0.074655 Regul: 0.001690 Obj: 0.076345 (0.071761)  NNZ: 16 (21)  Ttime: 1.4405 Vtime: 0.0517
Step: 15000000  Loss: 0.075397 Regul: 0.001404 Obj: 0.076801 (0.071761)  NNZ: 15 (21)  Ttime: 1.4411 Vtime: 0.0512
Step: 15100000  Loss: 0.082865 Regul: 0.001827 Obj: 0.084692 (0.071761)  NNZ: 16 (21)  Ttime: 1.4419 Vtime: 0.0518
Step: 15200000  Loss: 0.077531 Regul: 0.001491 Obj: 0.079022 (0.071761)  NNZ: 12 (21)  Ttime: 1.4430 Vtime: 0.0520
Step: 15300000  Loss: 0.074511 Regul: 0.001519 Obj: 0.076030 (0.071761)  NNZ: 22 (21)  Ttime: 1.4436 Vtime: 0.0507
Step: 15400000  Loss: 0.075185 Regul: 0.001639 Obj: 0.076824 (0.071761)  NNZ: 17 (21)  Ttime: 1.4426 Vtime: 0.0512
Step: 15500000  Loss: 0.080368 Regul: 0.001800 Obj: 0.082168 (0.071761)  NNZ: 18 (21)  Ttime: 1.4414 Vtime: 0.0518
Step: 15600000  Loss: 0.080680 Regul: 0.001840 Obj: 0.082520 (0.071761)  NNZ: 18 (21)  Ttime: 1.4385 Vtime: 0.0518
Step: 15700000  Loss: 0.080784 Regul: 0.001639 Obj: 0.082424 (0.071761)  NNZ: 17 (21)  Ttime: 1.4422 Vtime: 0.0516
Step: 15800000  Loss: 0.077500 Regul: 0.001528 Obj: 0.079028 (0.071761)  NNZ: 19 (21)  Ttime: 1.4416 Vtime: 0.0509
Step: 15900000  Loss: 0.075324 Regul: 0.001494 Obj: 0.076819 (0.071761)  NNZ: 14 (21)  Ttime: 1.4429 Vtime: 0.0516
Step: 16000000  Loss: 0.073260 Regul: 0.001250 Obj: 0.074510 (0.071761)  NNZ: 20 (21)  Ttime: 1.4431 Vtime: 0.0514
Step: 16100000  Loss: 0.083283 Regul: 0.001848 Obj: 0.085131 (0.071761)  NNZ: 17 (21)  Ttime: 1.4435 Vtime: 0.0510
Step: 16200000  Loss: 0.081104 Regul: 0.001985 Obj: 0.083089 (0.071761)  NNZ: 17 (21)  Ttime: 1.4468 Vtime: 0.0514
Step: 16300000  Loss: 0.084105 Regul: 0.001870 Obj: 0.085975 (0.071761)  NNZ: 22 (21)  Ttime: 1.4458 Vtime: 0.0513
Step: 16400000  Loss: 0.075610 Regul: 0.001634 Obj: 0.077244 (0.071761)  NNZ: 20 (21)  Ttime: 1.4471 Vtime: 0.0517
Step: 16500000  Loss: 0.074412 Regul: 0.001525 Obj: 0.075937 (0.071761)  NNZ: 14 (21)  Ttime: 1.4481 Vtime: 0.0508
Step: 16600000  Loss: 0.074860 Regul: 0.001721 Obj: 0.076581 (0.071761)  NNZ: 19 (21)  Ttime: 1.4488 Vtime: 0.0512
Step: 16700000  Loss: 0.073221 Regul: 0.001321 Obj: 0.074542 (0.071761)  NNZ: 12 (21)  Ttime: 1.4456 Vtime: 0.0519
Step: 16800000  Loss: 0.084343 Regul: 0.001797 Obj: 0.086140 (0.071761)  NNZ: 17 (21)  Ttime: 1.4480 Vtime: 0.0512
Step: 16900000  Loss: 0.076613 Regul: 0.001677 Obj: 0.078291 (0.071761)  NNZ: 17 (21)  Ttime: 1.4439 Vtime: 0.0521
Step: 17000000  Loss: 0.072527 Regul: 0.001239 Obj: 0.073766 (0.071761)  NNZ: 11 (21)  Ttime: 1.4454 Vtime: 0.0519
Step: 17100000  Loss: 0.077671 Regul: 0.001268 Obj: 0.078939 (0.071761)  NNZ: 17 (21)  Ttime: 1.4472 Vtime: 0.0514
Step: 17200000  Loss: 0.089164 Regul: 0.001470 Obj: 0.090634 (0.071761)  NNZ: 20 (21)  Ttime: 1.4439 Vtime: 0.0508
Step: 17300000  Loss: 0.086234 Regul: 0.002190 Obj: 0.088424 (0.071761)  NNZ: 23 (21)  Ttime: 1.4474 Vtime: 0.0514
Step: 17400000  Loss: 0.085011 Regul: 0.001561 Obj: 0.086572 (0.071761)  NNZ: 18 (21)  Ttime: 1.4441 Vtime: 0.0517
Step: 17500000  Loss: 0.073286 Regul: 0.001257 Obj: 0.074543 (0.071761)  NNZ: 17 (21)  Ttime: 1.4415 Vtime: 0.0516
Step: 17600000  Loss: 0.079565 Regul: 0.001258 Obj: 0.080823 (0.071761)  NNZ: 14 (21)  Ttime: 1.4415 Vtime: 0.0512
Step: 17700000  Loss: 0.079663 Regul: 0.001627 Obj: 0.081290 (0.071761)  NNZ: 19 (21)  Ttime: 1.4422 Vtime: 0.0516
Step: 17800000  Loss: 0.076790 Regul: 0.001578 Obj: 0.078368 (0.071761)  NNZ: 19 (21)  Ttime: 1.4450 Vtime: 0.0518
Step: 17900000  Loss: 0.074275 Regul: 0.001623 Obj: 0.075898 (0.071761)  NNZ: 17 (21)  Ttime: 1.4440 Vtime: 0.0514
Step: 18000000  Loss: 0.077590 Regul: 0.001843 Obj: 0.079433 (0.071761)  NNZ: 23 (21)  Ttime: 1.4469 Vtime: 0.0513
Step: 18100000  Loss: 0.079099 Regul: 0.001871 Obj: 0.080970 (0.071761)  NNZ: 20 (21)  Ttime: 1.4461 Vtime: 0.0525
Step: 18200000  Loss: 0.073146 Regul: 0.001266 Obj: 0.074412 (0.071761)  NNZ: 17 (21)  Ttime: 1.4453 Vtime: 0.0514
Step: 18300000  Loss: 0.076413 Regul: 0.001500 Obj: 0.077913 (0.071761)  NNZ: 20 (21)  Ttime: 1.4478 Vtime: 0.0512
Step: 18400000  Loss: 0.083412 Regul: 0.001682 Obj: 0.085094 (0.071761)  NNZ: 22 (21)  Ttime: 1.4464 Vtime: 0.0513
Step: 18500000  Loss: 0.072144 Regul: 0.001034 Obj: 0.073177 (0.071761)  NNZ: 16 (21)  Ttime: 1.4476 Vtime: 0.0514
Step: 18600000  Loss: 0.074490 Regul: 0.001594 Obj: 0.076083 (0.071761)  NNZ: 17 (21)  Ttime: 1.4450 Vtime: 0.0508
Step: 18700000  Loss: 0.082822 Regul: 0.002114 Obj: 0.084936 (0.071761)  NNZ: 27 (21)  Ttime: 1.4468 Vtime: 0.0513
Step: 18800000  Loss: 0.080361 Regul: 0.001475 Obj: 0.081836 (0.071761)  NNZ: 16 (21)  Ttime: 1.4448 Vtime: 0.0515
Step: 18900000  Loss: 0.081480 Regul: 0.001380 Obj: 0.082861 (0.071761)  NNZ: 14 (21)  Ttime: 1.4472 Vtime: 0.0510
Step: 19000000  Loss: 0.084194 Regul: 0.001537 Obj: 0.085731 (0.071761)  NNZ: 20 (21)  Ttime: 1.4470 Vtime: 0.0514
Step: 19100000  Loss: 0.077604 Regul: 0.001853 Obj: 0.079457 (0.071761)  NNZ: 21 (21)  Ttime: 1.4446 Vtime: 0.0515
Step: 19200000  Loss: 0.085520 Regul: 0.001094 Obj: 0.086614 (0.071761)  NNZ: 10 (21)  Ttime: 1.4441 Vtime: 0.0511
Step: 19300000  Loss: 0.074588 Regul: 0.001358 Obj: 0.075946 (0.071761)  NNZ: 14 (21)  Ttime: 1.4428 Vtime: 0.0512
Step: 19400000  Loss: 0.083939 Regul: 0.002151 Obj: 0.086090 (0.071761)  NNZ: 24 (21)  Ttime: 1.4428 Vtime: 0.0510
Step: 19500000  Loss: 0.075648 Regul: 0.001481 Obj: 0.077128 (0.071761)  NNZ: 17 (21)  Ttime: 1.4407 Vtime: 0.0518
Step: 19600000  Loss: 0.079803 Regul: 0.001740 Obj: 0.081542 (0.071761)  NNZ: 21 (21)  Ttime: 1.4425 Vtime: 0.0507
Step: 19700000  Loss: 0.076223 Regul: 0.001745 Obj: 0.077968 (0.071761)  NNZ: 16 (21)  Ttime: 1.4429 Vtime: 0.0516
Step: 19800000  Loss: 0.074038 Regul: 0.001141 Obj: 0.075180 (0.071761)  NNZ: 16 (21)  Ttime: 1.4415 Vtime: 0.0515
Step: 19900000  Loss: 0.074921 Regul: 0.001604 Obj: 0.076525 (0.071761)  NNZ: 20 (21)  Ttime: 1.4441 Vtime: 0.0510
Step: 20000000  Loss: 0.082941 Regul: 0.001521 Obj: 0.084462 (0.071761)  NNZ: 23 (21)  Ttime: 1.4436 Vtime: 0.0516
Step: 20100000  Loss: 0.082501 Regul: 0.001270 Obj: 0.083771 (0.071761)  NNZ: 15 (21)  Ttime: 1.4486 Vtime: 0.0529
Step: 20200000  Loss: 0.077107 Regul: 0.001302 Obj: 0.078409 (0.071761)  NNZ: 16 (21)  Ttime: 1.4480 Vtime: 0.0518
Step: 20300000  Loss: 0.077915 Regul: 0.001555 Obj: 0.079470 (0.071761)  NNZ: 18 (21)  Ttime: 1.4452 Vtime: 0.0514
Step: 20400000  Loss: 0.084379 Regul: 0.001668 Obj: 0.086048 (0.071761)  NNZ: 22 (21)  Ttime: 1.4441 Vtime: 0.0514
Step: 20500000  Loss: 0.075348 Regul: 0.001646 Obj: 0.076994 (0.071761)  NNZ: 20 (21)  Ttime: 1.4419 Vtime: 0.0514
Step: 20600000  Loss: 0.080924 Regul: 0.001371 Obj: 0.082295 (0.071761)  NNZ: 16 (21)  Ttime: 1.4411 Vtime: 0.0518
Step: 20700000  Loss: 0.077349 Regul: 0.001185 Obj: 0.078533 (0.071761)  NNZ: 16 (21)  Ttime: 1.4456 Vtime: 0.0508
Step: 20800000  Loss: 0.072228 Regul: 0.001448 Obj: 0.073677 (0.071761)  NNZ: 20 (21)  Ttime: 1.4441 Vtime: 0.0514
Step: 20900000  Loss: 0.076897 Regul: 0.001257 Obj: 0.078154 (0.071761)  NNZ: 16 (21)  Ttime: 1.4451 Vtime: 0.0514
Step: 21000000  Loss: 0.074772 Regul: 0.001551 Obj: 0.076323 (0.071761)  NNZ: 21 (21)  Ttime: 1.4417 Vtime: 0.0516
Step: 21100000  Loss: 0.077250 Regul: 0.000950 Obj: 0.078199 (0.071761)  NNZ: 13 (21)  Ttime: 1.4434 Vtime: 0.0515
Step: 21200000  Loss: 0.077606 Regul: 0.001609 Obj: 0.079215 (0.071761)  NNZ: 16 (21)  Ttime: 1.4418 Vtime: 0.0512
Step: 21300000  Loss: 0.074823 Regul: 0.001331 Obj: 0.076154 (0.071761)  NNZ: 15 (21)  Ttime: 1.4491 Vtime: 0.0517
Step: 21400000  Loss: 0.076347 Regul: 0.001207 Obj: 0.077554 (0.071761)  NNZ: 19 (21)  Ttime: 1.4459 Vtime: 0.0520
Step: 21500000  Loss: 0.074585 Regul: 0.001659 Obj: 0.076244 (0.071761)  NNZ: 15 (21)  Ttime: 1.4418 Vtime: 0.0509
Step: 21600000  Loss: 0.076934 Regul: 0.001741 Obj: 0.078676 (0.071761)  NNZ: 20 (21)  Ttime: 1.4464 Vtime: 0.0518
Step: 21700000  Loss: 0.074508 Regul: 0.001584 Obj: 0.076092 (0.071761)  NNZ: 22 (21)  Ttime: 1.4488 Vtime: 0.0514
Step: 21800000  Loss: 0.073675 Regul: 0.001506 Obj: 0.075180 (0.071761)  NNZ: 16 (21)  Ttime: 1.4456 Vtime: 0.0519
Step: 21900000  Loss: 0.075454 Regul: 0.001571 Obj: 0.077025 (0.071761)  NNZ: 17 (21)  Ttime: 1.4486 Vtime: 0.0523
Step: 22000000  Loss: 0.079124 Regul: 0.001681 Obj: 0.080805 (0.071761)  NNZ: 17 (21)  Ttime: 1.4456 Vtime: 0.0516
Step: 22100000  Loss: 0.072808 Regul: 0.001349 Obj: 0.074157 (0.071761)  NNZ: 19 (21)  Ttime: 1.4488 Vtime: 0.0516
Step: 22200000  Loss: 0.076547 Regul: 0.001623 Obj: 0.078171 (0.071761)  NNZ: 16 (21)  Ttime: 1.4456 Vtime: 0.0512
Step: 22300000  Loss: 0.080555 Regul: 0.001080 Obj: 0.081634 (0.071761)  NNZ: 16 (21)  Ttime: 1.4472 Vtime: 0.0518
Step: 22400000  Loss: 0.080169 Regul: 0.001258 Obj: 0.081427 (0.071761)  NNZ: 14 (21)  Ttime: 1.4505 Vtime: 0.0520
Step: 22500000  Loss: 0.087047 Regul: 0.001358 Obj: 0.088405 (0.071761)  NNZ: 17 (21)  Ttime: 1.4447 Vtime: 0.0508
Step: 22600000  Loss: 0.078821 Regul: 0.001279 Obj: 0.080101 (0.071761)  NNZ: 16 (21)  Ttime: 1.4441 Vtime: 0.0514
Step: 22700000  Loss: 0.071783 Regul: 0.001168 Obj: 0.072950 (0.071761)  NNZ: 15 (21)  Ttime: 1.4472 Vtime: 0.0508
Step: 22800000  Loss: 0.073750 Regul: 0.001271 Obj: 0.075021 (0.071761)  NNZ: 15 (21)  Ttime: 1.4487 Vtime: 0.0524
Step: 22900000  Loss: 0.073303 Regul: 0.001575 Obj: 0.074878 (0.071761)  NNZ: 16 (21)  Ttime: 1.4458 Vtime: 0.0521
Step: 23000000  Loss: 0.072851 Regul: 0.001426 Obj: 0.074276 (0.071761)  NNZ: 20 (21)  Ttime: 1.4465 Vtime: 0.0508
Step: 23100000  Loss: 0.074954 Regul: 0.001457 Obj: 0.076411 (0.071761)  NNZ: 18 (21)  Ttime: 1.4467 Vtime: 0.0517
Step: 23200000  Loss: 0.081213 Regul: 0.000883 Obj: 0.082096 (0.071761)  NNZ: 13 (21)  Ttime: 1.4464 Vtime: 0.0516
Step: 23300000  Loss: 0.077369 Regul: 0.001081 Obj: 0.078450 (0.071761)  NNZ: 14 (21)  Ttime: 1.4491 Vtime: 0.0513
Step: 23400000  Loss: 0.076174 Regul: 0.001026 Obj: 0.077200 (0.071761)  NNZ: 15 (21)  Ttime: 1.4464 Vtime: 0.0515
Step: 23500000  Loss: 0.077904 Regul: 0.001089 Obj: 0.078992 (0.071761)  NNZ: 16 (21)  Ttime: 1.4458 Vtime: 0.0518
Step: 23600000  Loss: 0.075997 Regul: 0.001668 Obj: 0.077665 (0.071761)  NNZ: 24 (21)  Ttime: 1.4471 Vtime: 0.0523
Step: 23700000  Loss: 0.072396 Regul: 0.001218 Obj: 0.073614 (0.071761)  NNZ: 15 (21)  Ttime: 1.4487 Vtime: 0.0522
Step: 23800000  Loss: 0.072797 Regul: 0.001356 Obj: 0.074153 (0.071761)  NNZ: 19 (21)  Ttime: 1.4464 Vtime: 0.0517
Step: 23900000  Loss: 0.084679 Regul: 0.001729 Obj: 0.086408 (0.071761)  NNZ: 22 (21)  Ttime: 1.4456 Vtime: 0.0515
Step: 24000000  Loss: 0.076410 Regul: 0.001380 Obj: 0.077790 (0.071761)  NNZ: 18 (21)  Ttime: 1.4463 Vtime: 0.0518
Step: 24100000  Loss: 0.081757 Regul: 0.001722 Obj: 0.083479 (0.071761)  NNZ: 20 (21)  Ttime: 1.4433 Vtime: 0.0517
Step: 24200000  Loss: 0.077045 Regul: 0.001720 Obj: 0.078765 (0.071761)  NNZ: 19 (21)  Ttime: 1.4439 Vtime: 0.0517
Step: 24300000  Loss: 0.091078 Regul: 0.000921 Obj: 0.091999 (0.071761)  NNZ: 10 (21)  Ttime: 1.4523 Vtime: 0.0511
Step: 24400000  Loss: 0.072525 Regul: 0.001304 Obj: 0.073829 (0.071761)  NNZ: 17 (21)  Ttime: 1.4453 Vtime: 0.0515
Step: 24500000  Loss: 0.077923 Regul: 0.001265 Obj: 0.079187 (0.071761)  NNZ: 15 (21)  Ttime: 1.4449 Vtime: 0.0514
Step: 24600000  Loss: 0.072979 Regul: 0.001449 Obj: 0.074428 (0.071761)  NNZ: 17 (21)  Ttime: 1.4451 Vtime: 0.0510
Step: 24700000  Loss: 0.076946 Regul: 0.001312 Obj: 0.078258 (0.071761)  NNZ: 17 (21)  Ttime: 1.4427 Vtime: 0.0519
Step: 24800000  Loss: 0.079193 Regul: 0.001188 Obj: 0.080381 (0.071761)  NNZ: 15 (21)  Ttime: 1.4426 Vtime: 0.0514
Step: 24900000  Loss: 0.079074 Regul: 0.001831 Obj: 0.080906 (0.071761)  NNZ: 19 (21)  Ttime: 1.4453 Vtime: 0.0511
Step: 25000000  Loss: 0.079710 Regul: 0.002119 Obj: 0.081829 (0.071761)  NNZ: 23 (21)  Ttime: 1.4431 Vtime: 0.0515
Step: 25100000  Loss: 0.073925 Regul: 0.001376 Obj: 0.075301 (0.071761)  NNZ: 19 (21)  Ttime: 1.4460 Vtime: 0.0519
Step: 25200000  Loss: 0.086786 Regul: 0.002211 Obj: 0.088997 (0.071761)  NNZ: 25 (21)  Ttime: 1.4425 Vtime: 0.0518
Step: 25300000  Loss: 0.082670 Regul: 0.001615 Obj: 0.084284 (0.071761)  NNZ: 20 (21)  Ttime: 1.4430 Vtime: 0.0512
Step: 25400000  Loss: 0.081518 Regul: 0.001215 Obj: 0.082733 (0.071761)  NNZ: 12 (21)  Ttime: 1.4455 Vtime: 0.0516
Step: 25500000  Loss: 0.074470 Regul: 0.001386 Obj: 0.075856 (0.071761)  NNZ: 17 (21)  Ttime: 1.4455 Vtime: 0.0508
Step: 25600000  Loss: 0.076409 Regul: 0.001478 Obj: 0.077887 (0.071761)  NNZ: 21 (21)  Ttime: 1.4448 Vtime: 0.0510
Step: 25700000  Loss: 0.076054 Regul: 0.001373 Obj: 0.077427 (0.071761)  NNZ: 21 (21)  Ttime: 1.4431 Vtime: 0.0516
Step: 25800000  Loss: 0.081663 Regul: 0.001586 Obj: 0.083249 (0.071761)  NNZ: 21 (21)  Ttime: 1.4428 Vtime: 0.0522
Step: 25900000  Loss: 0.079223 Regul: 0.001875 Obj: 0.081098 (0.071761)  NNZ: 19 (21)  Ttime: 1.4495 Vtime: 0.0515
Step: 26000000  Loss: 0.075109 Regul: 0.001234 Obj: 0.076343 (0.071761)  NNZ: 17 (21)  Ttime: 1.4521 Vtime: 0.0508
Step: 26100000  Loss: 0.077146 Regul: 0.001627 Obj: 0.078773 (0.071761)  NNZ: 21 (21)  Ttime: 1.4493 Vtime: 0.0511
Step: 26200000  Loss: 0.074661 Regul: 0.001307 Obj: 0.075968 (0.071761)  NNZ: 15 (21)  Ttime: 1.4450 Vtime: 0.0510
Step: 26300000  Loss: 0.074966 Regul: 0.001593 Obj: 0.076559 (0.071761)  NNZ: 20 (21)  Ttime: 1.4466 Vtime: 0.0512
Step: 26400000  Loss: 0.077616 Regul: 0.001281 Obj: 0.078897 (0.071761)  NNZ: 19 (21)  Ttime: 1.4473 Vtime: 0.0518
Step: 26500000  Loss: 0.074197 Regul: 0.001081 Obj: 0.075278 (0.071761)  NNZ: 15 (21)  Ttime: 1.4452 Vtime: 0.0510
Step: 26600000  Loss: 0.078593 Regul: 0.001311 Obj: 0.079904 (0.071761)  NNZ: 15 (21)  Ttime: 1.4459 Vtime: 0.0516
Step: 26700000  Loss: 0.071411 Regul: 0.001229 Obj: 0.072640 (0.071761)  NNZ: 15 (21)  Ttime: 1.4449 Vtime: 0.0506
Step: 26800000  Loss: 0.076896 Regul: 0.001873 Obj: 0.078769 (0.071761)  NNZ: 19 (21)  Ttime: 1.4484 Vtime: 0.0516
Step: 26900000  Loss: 0.073005 Regul: 0.001233 Obj: 0.074238 (0.071761)  NNZ: 16 (21)  Ttime: 1.4455 Vtime: 0.0512
Step: 27000000  Loss: 0.074915 Regul: 0.001295 Obj: 0.076210 (0.071761)  NNZ: 22 (21)  Ttime: 1.4471 Vtime: 0.0518
Step: 27100000  Loss: 0.075087 Regul: 0.001452 Obj: 0.076540 (0.071761)  NNZ: 22 (21)  Ttime: 1.4470 Vtime: 0.0513
Step: 27200000  Loss: 0.079403 Regul: 0.001892 Obj: 0.081295 (0.071761)  NNZ: 19 (21)  Ttime: 1.4442 Vtime: 0.0519
Step: 27300000  Loss: 0.081063 Regul: 0.001956 Obj: 0.083019 (0.071761)  NNZ: 26 (21)  Ttime: 1.4490 Vtime: 0.0509
Step: 27400000  Loss: 0.074717 Regul: 0.001265 Obj: 0.075983 (0.071761)  NNZ: 16 (21)  Ttime: 1.4513 Vtime: 0.0514
Step: 27500000  Loss: 0.075531 Regul: 0.001065 Obj: 0.076597 (0.071761)  NNZ: 15 (21)  Ttime: 1.4488 Vtime: 0.0520
Step: 27600000  Loss: 0.079549 Regul: 0.001843 Obj: 0.081392 (0.071761)  NNZ: 23 (21)  Ttime: 1.4455 Vtime: 0.0526
Step: 27700000  Loss: 0.082050 Regul: 0.001805 Obj: 0.083856 (0.071761)  NNZ: 23 (21)  Ttime: 1.4478 Vtime: 0.0511
Step: 27800000  Loss: 0.079193 Regul: 0.001632 Obj: 0.080826 (0.071761)  NNZ: 25 (21)  Ttime: 1.4470 Vtime: 0.0523
Step: 27900000  Loss: 0.079494 Regul: 0.001028 Obj: 0.080522 (0.071761)  NNZ: 17 (21)  Ttime: 1.4467 Vtime: 0.0512
Step: 28000000  Loss: 0.075144 Regul: 0.001436 Obj: 0.076580 (0.071761)  NNZ: 18 (21)  Ttime: 1.4464 Vtime: 0.0517
Step: 28100000  Loss: 0.072916 Regul: 0.001532 Obj: 0.074448 (0.071761)  NNZ: 22 (21)  Ttime: 1.4428 Vtime: 0.0512
Step: 28200000  Loss: 0.072812 Regul: 0.001255 Obj: 0.074068 (0.071761)  NNZ: 20 (21)  Ttime: 1.4492 Vtime: 0.0512
Step: 28300000  Loss: 0.085081 Regul: 0.000826 Obj: 0.085907 (0.071761)  NNZ: 10 (21)  Ttime: 1.4468 Vtime: 0.0517
Step: 28400000  Loss: 0.077120 Regul: 0.001600 Obj: 0.078720 (0.071761)  NNZ: 18 (21)  Ttime: 1.4452 Vtime: 0.0514
Step: 28500000  Loss: 0.076844 Regul: 0.000952 Obj: 0.077795 (0.071761)  NNZ: 13 (21)  Ttime: 1.4469 Vtime: 0.0517
Step: 28600000  Loss: 0.072944 Regul: 0.001163 Obj: 0.074106 (0.071761)  NNZ: 15 (21)  Ttime: 1.4467 Vtime: 0.0515
Step: 28700000  Loss: 0.082689 Regul: 0.001151 Obj: 0.083840 (0.071761)  NNZ: 19 (21)  Ttime: 1.4499 Vtime: 0.0521
Step: 28800000  Loss: 0.072325 Regul: 0.001218 Obj: 0.073543 (0.071761)  NNZ: 19 (21)  Ttime: 1.4451 Vtime: 0.0520
Step: 28900000  Loss: 0.075468 Regul: 0.001653 Obj: 0.077121 (0.071761)  NNZ: 18 (21)  Ttime: 1.4472 Vtime: 0.0513
Step: 29000000  Loss: 0.083898 Regul: 0.001481 Obj: 0.085379 (0.071761)  NNZ: 18 (21)  Ttime: 1.4441 Vtime: 0.0511
Step: 29100000  Loss: 0.081231 Regul: 0.001913 Obj: 0.083144 (0.071761)  NNZ: 22 (21)  Ttime: 1.4468 Vtime: 0.0511
Step: 29200000  Loss: 0.078971 Regul: 0.001782 Obj: 0.080753 (0.071761)  NNZ: 21 (21)  Ttime: 1.4436 Vtime: 0.0521
Step: 29300000  Loss: 0.083194 Regul: 0.001797 Obj: 0.084991 (0.071761)  NNZ: 21 (21)  Ttime: 1.4463 Vtime: 0.0521
Step: 29400000  Loss: 0.081386 Regul: 0.002115 Obj: 0.083501 (0.071761)  NNZ: 24 (21)  Ttime: 1.4494 Vtime: 0.0518
Step: 29500000  Loss: 0.075000 Regul: 0.001346 Obj: 0.076346 (0.071761)  NNZ: 16 (21)  Ttime: 1.4448 Vtime: 0.0520
Step: 29600000  Loss: 0.076436 Regul: 0.000894 Obj: 0.077330 (0.071761)  NNZ: 16 (21)  Ttime: 1.4447 Vtime: 0.0518
Step: 29700000  Loss: 0.076624 Regul: 0.001297 Obj: 0.077921 (0.071761)  NNZ: 20 (21)  Ttime: 1.4457 Vtime: 0.0513
Step: 29800000  Loss: 0.075872 Regul: 0.001421 Obj: 0.077293 (0.071761)  NNZ: 22 (21)  Ttime: 1.4422 Vtime: 0.0515
Step: 29900000  Loss: 0.073471 Regul: 0.001304 Obj: 0.074775 (0.071761)  NNZ: 19 (21)  Ttime: 1.5092 Vtime: 0.0519
Step: 30000000  Loss: 0.080156 Regul: 0.001884 Obj: 0.082041 (0.071761)  NNZ: 21 (21)  Ttime: 1.4650 Vtime: 0.0515
Step: 30100000  Loss: 0.078036 Regul: 0.001295 Obj: 0.079331 (0.071761)  NNZ: 18 (21)  Ttime: 1.4452 Vtime: 0.0506
Step: 30200000  Loss: 0.077518 Regul: 0.001142 Obj: 0.078661 (0.071761)  NNZ: 19 (21)  Ttime: 1.4414 Vtime: 0.0520
Step: 30300000  Loss: 0.074847 Regul: 0.001439 Obj: 0.076286 (0.071761)  NNZ: 19 (21)  Ttime: 1.4424 Vtime: 0.0509
Step: 30400000  Loss: 0.076720 Regul: 0.001473 Obj: 0.078193 (0.071761)  NNZ: 21 (21)  Ttime: 1.4452 Vtime: 0.0518
Step: 30500000  Loss: 0.076620 Regul: 0.001360 Obj: 0.077980 (0.071761)  NNZ: 17 (21)  Ttime: 1.4427 Vtime: 0.0517
Step: 30600000  Loss: 0.075314 Regul: 0.001119 Obj: 0.076433 (0.071761)  NNZ: 18 (21)  Ttime: 1.4477 Vtime: 0.0512
Step: 30700000  Loss: 0.078046 Regul: 0.001340 Obj: 0.079385 (0.071761)  NNZ: 18 (21)  Ttime: 1.4497 Vtime: 0.0523
Step: 30800000  Loss: 0.079381 Regul: 0.001117 Obj: 0.080498 (0.071761)  NNZ: 17 (21)  Ttime: 1.4477 Vtime: 0.0518
Step: 30900000  Loss: 0.078653 Regul: 0.001793 Obj: 0.080446 (0.071761)  NNZ: 22 (21)  Ttime: 1.4490 Vtime: 0.0516
Step: 31000000  Loss: 0.076203 Regul: 0.001625 Obj: 0.077828 (0.071761)  NNZ: 20 (21)  Ttime: 1.4460 Vtime: 0.0506
Step: 31100000  Loss: 0.074838 Regul: 0.001499 Obj: 0.076337 (0.071761)  NNZ: 17 (21)  Ttime: 1.4470 Vtime: 0.0511
Step: 31200000  Loss: 0.078271 Regul: 0.001484 Obj: 0.079755 (0.071761)  NNZ: 17 (21)  Ttime: 1.4437 Vtime: 0.0513
Step: 31300000  Loss: 0.076337 Regul: 0.001854 Obj: 0.078191 (0.071761)  NNZ: 23 (21)  Ttime: 1.4460 Vtime: 0.0510
Step: 31400000  Loss: 0.073968 Regul: 0.001379 Obj: 0.075347 (0.071761)  NNZ: 16 (21)  Ttime: 1.4435 Vtime: 0.0512
Step: 31500000  Loss: 0.074616 Regul: 0.001436 Obj: 0.076052 (0.071761)  NNZ: 19 (21)  Ttime: 1.4454 Vtime: 0.0516
Step: 31600000  Loss: 0.075177 Regul: 0.001272 Obj: 0.076448 (0.071761)  NNZ: 13 (21)  Ttime: 1.4506 Vtime: 0.0520
Step: 31700000  Loss: 0.076731 Regul: 0.001107 Obj: 0.077838 (0.071761)  NNZ: 19 (21)  Ttime: 1.4521 Vtime: 0.0523
Step: 31800000  Loss: 0.072353 Regul: 0.001364 Obj: 0.073717 (0.071761)  NNZ: 19 (21)  Ttime: 1.4573 Vtime: 0.0514
Step: 31900000  Loss: 0.073644 Regul: 0.001311 Obj: 0.074955 (0.071761)  NNZ: 18 (21)  Ttime: 1.4496 Vtime: 0.0521
Step: 32000000  Loss: 0.089221 Regul: 0.002118 Obj: 0.091339 (0.071761)  NNZ: 26 (21)  Ttime: 1.4518 Vtime: 0.0512
Step: 32100000  Loss: 0.074039 Regul: 0.001377 Obj: 0.075416 (0.071761)  NNZ: 17 (21)  Ttime: 1.4544 Vtime: 0.0507
Step: 32200000  Loss: 0.076859 Regul: 0.001162 Obj: 0.078021 (0.071761)  NNZ: 15 (21)  Ttime: 1.4469 Vtime: 0.0509
Step: 32300000  Loss: 0.084731 Regul: 0.000869 Obj: 0.085600 (0.071761)  NNZ: 15 (21)  Ttime: 1.4455 Vtime: 0.0512
Step: 32400000  Loss: 0.082661 Regul: 0.001402 Obj: 0.084063 (0.071761)  NNZ: 18 (21)  Ttime: 1.4455 Vtime: 0.0514
Step: 32500000  Loss: 0.076889 Regul: 0.001526 Obj: 0.078416 (0.071761)  NNZ: 21 (21)  Ttime: 1.4522 Vtime: 0.0512
Step: 32600000  Loss: 0.073560 Regul: 0.001324 Obj: 0.074884 (0.071761)  NNZ: 20 (21)  Ttime: 1.4465 Vtime: 0.0515
Step: 32700000  Loss: 0.073772 Regul: 0.001542 Obj: 0.075314 (0.071761)  NNZ: 21 (21)  Ttime: 1.4449 Vtime: 0.0516
Step: 32800000  Loss: 0.083247 Regul: 0.001920 Obj: 0.085167 (0.071761)  NNZ: 23 (21)  Ttime: 1.4471 Vtime: 0.0522
Step: 32900000  Loss: 0.102343 Regul: 0.001259 Obj: 0.103601 (0.071761)  NNZ: 16 (21)  Ttime: 1.4479 Vtime: 0.0516
Step: 33000000  Loss: 0.074193 Regul: 0.001104 Obj: 0.075297 (0.071761)  NNZ: 14 (21)  Ttime: 1.4452 Vtime: 0.0519
Step: 33100000  Loss: 0.075138 Regul: 0.001340 Obj: 0.076478 (0.071761)  NNZ: 16 (21)  Ttime: 1.4457 Vtime: 0.0515
Step: 33200000  Loss: 0.075751 Regul: 0.001498 Obj: 0.077250 (0.071761)  NNZ: 21 (21)  Ttime: 1.4440 Vtime: 0.0513
Step: 33300000  Loss: 0.075882 Regul: 0.000876 Obj: 0.076758 (0.071761)  NNZ: 11 (21)  Ttime: 1.4486 Vtime: 0.0524
Step: 33400000  Loss: 0.076912 Regul: 0.001402 Obj: 0.078314 (0.071761)  NNZ: 20 (21)  Ttime: 1.4487 Vtime: 0.0521
Step: 33500000  Loss: 0.082913 Regul: 0.001098 Obj: 0.084010 (0.071761)  NNZ: 13 (21)  Ttime: 1.4468 Vtime: 0.0514
Step: 33600000  Loss: 0.077775 Regul: 0.001542 Obj: 0.079317 (0.071761)  NNZ: 18 (21)  Ttime: 1.4464 Vtime: 0.0514
Step: 33700000  Loss: 0.075294 Regul: 0.001700 Obj: 0.076994 (0.071761)  NNZ: 22 (21)  Ttime: 1.4502 Vtime: 0.0513
Step: 33800000  Loss: 0.079758 Regul: 0.001725 Obj: 0.081483 (0.071761)  NNZ: 19 (21)  Ttime: 1.4522 Vtime: 0.0517
Step: 33900000  Loss: 0.078460 Regul: 0.001524 Obj: 0.079984 (0.071761)  NNZ: 24 (21)  Ttime: 1.4508 Vtime: 0.0511
Step: 34000000  Loss: 0.087026 Regul: 0.001805 Obj: 0.088832 (0.071761)  NNZ: 20 (21)  Ttime: 1.4465 Vtime: 0.0519
Step: 34100000  Loss: 0.089431 Regul: 0.001635 Obj: 0.091066 (0.071761)  NNZ: 24 (21)  Ttime: 1.4498 Vtime: 0.0521
Step: 34200000  Loss: 0.075352 Regul: 0.001663 Obj: 0.077015 (0.071761)  NNZ: 21 (21)  Ttime: 1.4472 Vtime: 0.0511
Step: 34300000  Loss: 0.077497 Regul: 0.001399 Obj: 0.078896 (0.071761)  NNZ: 21 (21)  Ttime: 1.4450 Vtime: 0.0512
Step: 34400000  Loss: 0.074767 Regul: 0.001461 Obj: 0.076228 (0.071761)  NNZ: 18 (21)  Ttime: 1.4477 Vtime: 0.0507
Step: 34500000  Loss: 0.075342 Regul: 0.001279 Obj: 0.076621 (0.071761)  NNZ: 20 (21)  Ttime: 1.4497 Vtime: 0.0508
Step: 34600000  Loss: 0.073007 Regul: 0.001294 Obj: 0.074301 (0.071761)  NNZ: 16 (21)  Ttime: 1.4503 Vtime: 0.0526
Step: 34700000  Loss: 0.079580 Regul: 0.001436 Obj: 0.081016 (0.071761)  NNZ: 21 (21)  Ttime: 1.4495 Vtime: 0.0515
Step: 34800000  Loss: 0.074327 Regul: 0.001546 Obj: 0.075873 (0.071761)  NNZ: 20 (21)  Ttime: 1.4502 Vtime: 0.0516
Step: 34900000  Loss: 0.084442 Regul: 0.001663 Obj: 0.086105 (0.071761)  NNZ: 27 (21)  Ttime: 1.4443 Vtime: 0.0509
Step: 35000000  Loss: 0.072398 Regul: 0.001213 Obj: 0.073612 (0.071761)  NNZ: 13 (21)  Ttime: 1.4420 Vtime: 0.0516
Step: 35100000  Loss: 0.071909 Regul: 0.001366 Obj: 0.073275 (0.071761)  NNZ: 17 (21)  Ttime: 1.4464 Vtime: 0.0526
Step: 35200000  Loss: 0.074585 Regul: 0.001588 Obj: 0.076173 (0.071761)  NNZ: 22 (21)  Ttime: 1.4422 Vtime: 0.0516
Step: 35300000  Loss: 0.075381 Regul: 0.001513 Obj: 0.076893 (0.071761)  NNZ: 14 (21)  Ttime: 1.4451 Vtime: 0.0508
Step: 35400000  Loss: 0.077651 Regul: 0.001629 Obj: 0.079280 (0.071761)  NNZ: 19 (21)  Ttime: 1.4432 Vtime: 0.0523
Step: 35500000  Loss: 0.073393 Regul: 0.001533 Obj: 0.074927 (0.071761)  NNZ: 21 (21)  Ttime: 1.4467 Vtime: 0.0516
Step: 35600000  Loss: 0.079679 Regul: 0.001355 Obj: 0.081035 (0.071761)  NNZ: 17 (21)  Ttime: 1.4438 Vtime: 0.0519
Step: 35700000  Loss: 0.076061 Regul: 0.001714 Obj: 0.077775 (0.071761)  NNZ: 17 (21)  Ttime: 1.4431 Vtime: 0.0518
Step: 35800000  Loss: 0.075162 Regul: 0.001284 Obj: 0.076446 (0.071761)  NNZ: 19 (21)  Ttime: 1.4467 Vtime: 0.0516
Step: 35900000  Loss: 0.075540 Regul: 0.001462 Obj: 0.077003 (0.071761)  NNZ: 13 (21)  Ttime: 1.4515 Vtime: 0.0526
Step: 36000000  Loss: 0.076164 Regul: 0.001618 Obj: 0.077781 (0.071761)  NNZ: 21 (21)  Ttime: 1.4502 Vtime: 0.0513
Step: 36100000  Loss: 0.074200 Regul: 0.001200 Obj: 0.075400 (0.071761)  NNZ: 20 (21)  Ttime: 1.4476 Vtime: 0.0516
Step: 36200000  Loss: 0.073314 Regul: 0.001317 Obj: 0.074632 (0.071761)  NNZ: 16 (21)  Ttime: 1.4450 Vtime: 0.0515
Step: 36300000  Loss: 0.075608 Regul: 0.001221 Obj: 0.076829 (0.071761)  NNZ: 17 (21)  Ttime: 1.4455 Vtime: 0.0516
Step: 36400000  Loss: 0.076118 Regul: 0.001399 Obj: 0.077516 (0.071761)  NNZ: 18 (21)  Ttime: 1.4462 Vtime: 0.0519
Step: 36500000  Loss: 0.073287 Regul: 0.000944 Obj: 0.074231 (0.071761)  NNZ: 16 (21)  Ttime: 1.4474 Vtime: 0.0522
Step: 36600000  Loss: 0.077293 Regul: 0.001721 Obj: 0.079014 (0.071761)  NNZ: 20 (21)  Ttime: 1.4477 Vtime: 0.0516
Step: 36700000  Loss: 0.075265 Regul: 0.001335 Obj: 0.076600 (0.071761)  NNZ: 16 (21)  Ttime: 1.4480 Vtime: 0.0518
Step: 36800000  Loss: 0.077178 Regul: 0.001828 Obj: 0.079006 (0.071761)  NNZ: 20 (21)  Ttime: 1.4475 Vtime: 0.0514
Step: 36900000  Loss: 0.075548 Regul: 0.001662 Obj: 0.077210 (0.071761)  NNZ: 20 (21)  Ttime: 1.4491 Vtime: 0.0517
Step: 37000000  Loss: 0.073946 Regul: 0.001152 Obj: 0.075098 (0.071761)  NNZ: 18 (21)  Ttime: 1.4456 Vtime: 0.0516
Step: 37100000  Loss: 0.072834 Regul: 0.001518 Obj: 0.074351 (0.071761)  NNZ: 22 (21)  Ttime: 1.4441 Vtime: 0.0516
Step: 37200000  Loss: 0.074919 Regul: 0.001510 Obj: 0.076429 (0.071761)  NNZ: 23 (21)  Ttime: 1.4489 Vtime: 0.0515
Step: 37300000  Loss: 0.075850 Regul: 0.001529 Obj: 0.077379 (0.071761)  NNZ: 21 (21)  Ttime: 1.4443 Vtime: 0.0515
Step: 37400000  Loss: 0.077013 Regul: 0.001407 Obj: 0.078420 (0.071761)  NNZ: 16 (21)  Ttime: 1.4483 Vtime: 0.0514
Step: 37500000  Loss: 0.071915 Regul: 0.001173 Obj: 0.073088 (0.071761)  NNZ: 16 (21)  Ttime: 1.4493 Vtime: 0.0512
Step: 37600000  Loss: 0.079840 Regul: 0.001935 Obj: 0.081774 (0.071761)  NNZ: 23 (21)  Ttime: 1.4474 Vtime: 0.0521
Step: 37700000  Loss: 0.074113 Regul: 0.001666 Obj: 0.075779 (0.071761)  NNZ: 22 (21)  Ttime: 1.4479 Vtime: 0.0512
Step: 37800000  Loss: 0.079226 Regul: 0.002142 Obj: 0.081368 (0.071761)  NNZ: 25 (21)  Ttime: 1.4485 Vtime: 0.0519
Step: 37900000  Loss: 0.075650 Regul: 0.001407 Obj: 0.077057 (0.071761)  NNZ: 22 (21)  Ttime: 1.4522 Vtime: 0.0517
Step: 38000000  Loss: 0.078282 Regul: 0.001691 Obj: 0.079972 (0.071761)  NNZ: 29 (21)  Ttime: 1.4498 Vtime: 0.0511
Step: 38100000  Loss: 0.077591 Regul: 0.001637 Obj: 0.079228 (0.071761)  NNZ: 18 (21)  Ttime: 1.4524 Vtime: 0.0510
Step: 38200000  Loss: 0.083783 Regul: 0.001012 Obj: 0.084794 (0.071761)  NNZ: 14 (21)  Ttime: 1.4523 Vtime: 0.0511
Step: 38300000  Loss: 0.075822 Regul: 0.001664 Obj: 0.077486 (0.071761)  NNZ: 23 (21)  Ttime: 1.4475 Vtime: 0.0516
Step: 38400000  Loss: 0.073629 Regul: 0.001074 Obj: 0.074703 (0.071761)  NNZ: 15 (21)  Ttime: 1.4455 Vtime: 0.0514
Step: 38500000  Loss: 0.074263 Regul: 0.001518 Obj: 0.075781 (0.071761)  NNZ: 19 (21)  Ttime: 1.4467 Vtime: 0.0506
Step: 38600000  Loss: 0.076726 Regul: 0.001534 Obj: 0.078261 (0.071761)  NNZ: 18 (21)  Ttime: 1.4474 Vtime: 0.0514
Step: 38700000  Loss: 0.074667 Regul: 0.001540 Obj: 0.076207 (0.071761)  NNZ: 23 (21)  Ttime: 1.4527 Vtime: 0.0516
Step: 38800000  Loss: 0.074847 Regul: 0.001736 Obj: 0.076584 (0.071761)  NNZ: 23 (21)  Ttime: 1.4478 Vtime: 0.0518
Step: 38900000  Loss: 0.072999 Regul: 0.001441 Obj: 0.074439 (0.071761)  NNZ: 17 (21)  Ttime: 1.4435 Vtime: 0.0511
Step: 39000000  Loss: 0.075382 Regul: 0.001546 Obj: 0.076928 (0.071761)  NNZ: 21 (21)  Ttime: 1.4426 Vtime: 0.0509
Step: 39100000  Loss: 0.074653 Regul: 0.001186 Obj: 0.075840 (0.071761)  NNZ: 12 (21)  Ttime: 1.4469 Vtime: 0.0513
Step: 39200000  Loss: 0.075455 Regul: 0.001681 Obj: 0.077136 (0.071761)  NNZ: 18 (21)  Ttime: 1.4498 Vtime: 0.0511
Best: 39300000  Loss: 0.070193 Regul: 0.001313 Obj: 0.071506 (0.071506)  NNZ: 20 (20)  Ttime: 1.4480 Vtime: 0.0510
Stat: nPR #132 (#160) Dim/MaxDim [1056/640] AUC: 0.973148 FPR95: 14.37
Step: 39400000  Loss: 0.071573 Regul: 0.000995 Obj: 0.072568 (0.071506)  NNZ: 15 (20)  Ttime: 1.4463 Vtime: 0.0517
Step: 39500000  Loss: 0.077289 Regul: 0.001764 Obj: 0.079053 (0.071506)  NNZ: 22 (20)  Ttime: 1.4443 Vtime: 0.0514
Step: 39600000  Loss: 0.077657 Regul: 0.001225 Obj: 0.078882 (0.071506)  NNZ: 16 (20)  Ttime: 1.4422 Vtime: 0.0510
Step: 39700000  Loss: 0.072529 Regul: 0.001387 Obj: 0.073916 (0.071506)  NNZ: 21 (20)  Ttime: 1.4455 Vtime: 0.0507
Step: 39800000  Loss: 0.072710 Regul: 0.001497 Obj: 0.074207 (0.071506)  NNZ: 23 (20)  Ttime: 1.4460 Vtime: 0.0513
Step: 39900000  Loss: 0.070903 Regul: 0.001302 Obj: 0.072204 (0.071506)  NNZ: 20 (20)  Ttime: 1.4468 Vtime: 0.0514
Step: 40000000  Loss: 0.083818 Regul: 0.001636 Obj: 0.085453 (0.071506)  NNZ: 23 (20)  Ttime: 1.4483 Vtime: 0.0525
Step: 40100000  Loss: 0.076517 Regul: 0.001949 Obj: 0.078466 (0.071506)  NNZ: 22 (20)  Ttime: 1.4417 Vtime: 0.0520
Step: 40200000  Loss: 0.074372 Regul: 0.001439 Obj: 0.075811 (0.071506)  NNZ: 24 (20)  Ttime: 1.4441 Vtime: 0.0516
Step: 40300000  Loss: 0.080282 Regul: 0.001094 Obj: 0.081376 (0.071506)  NNZ: 13 (20)  Ttime: 1.4438 Vtime: 0.0507
Step: 40400000  Loss: 0.078200 Regul: 0.001897 Obj: 0.080097 (0.071506)  NNZ: 22 (20)  Ttime: 1.4449 Vtime: 0.0506
Step: 40500000  Loss: 0.077947 Regul: 0.000953 Obj: 0.078900 (0.071506)  NNZ: 14 (20)  Ttime: 1.4466 Vtime: 0.0519
Step: 40600000  Loss: 0.079444 Regul: 0.000942 Obj: 0.080385 (0.071506)  NNZ: 13 (20)  Ttime: 1.4473 Vtime: 0.0515
Step: 40700000  Loss: 0.079538 Regul: 0.001394 Obj: 0.080932 (0.071506)  NNZ: 21 (20)  Ttime: 1.4466 Vtime: 0.0514
Step: 40800000  Loss: 0.086057 Regul: 0.002345 Obj: 0.088402 (0.071506)  NNZ: 28 (20)  Ttime: 1.4482 Vtime: 0.0521
Step: 40900000  Loss: 0.075399 Regul: 0.001555 Obj: 0.076954 (0.071506)  NNZ: 20 (20)  Ttime: 1.4483 Vtime: 0.0519
Step: 41000000  Loss: 0.074308 Regul: 0.001505 Obj: 0.075813 (0.071506)  NNZ: 17 (20)  Ttime: 1.4443 Vtime: 0.0513
Step: 41100000  Loss: 0.074134 Regul: 0.001242 Obj: 0.075375 (0.071506)  NNZ: 15 (20)  Ttime: 1.4448 Vtime: 0.0517
Step: 41200000  Loss: 0.096318 Regul: 0.002172 Obj: 0.098489 (0.071506)  NNZ: 22 (20)  Ttime: 1.4424 Vtime: 0.0511
Step: 41300000  Loss: 0.074930 Regul: 0.001458 Obj: 0.076389 (0.071506)  NNZ: 24 (20)  Ttime: 1.4477 Vtime: 0.0517
Step: 41400000  Loss: 0.078233 Regul: 0.001169 Obj: 0.079402 (0.071506)  NNZ: 19 (20)  Ttime: 1.4439 Vtime: 0.0512
Step: 41500000  Loss: 0.076318 Regul: 0.001186 Obj: 0.077504 (0.071506)  NNZ: 24 (20)  Ttime: 1.4471 Vtime: 0.0513
Step: 41600000  Loss: 0.074753 Regul: 0.001572 Obj: 0.076324 (0.071506)  NNZ: 20 (20)  Ttime: 1.4481 Vtime: 0.0516
Step: 41700000  Loss: 0.076093 Regul: 0.001475 Obj: 0.077568 (0.071506)  NNZ: 19 (20)  Ttime: 1.4453 Vtime: 0.0514
Step: 41800000  Loss: 0.076308 Regul: 0.001550 Obj: 0.077858 (0.071506)  NNZ: 16 (20)  Ttime: 1.4478 Vtime: 0.0515
Step: 41900000  Loss: 0.082642 Regul: 0.001312 Obj: 0.083954 (0.071506)  NNZ: 15 (20)  Ttime: 1.4498 Vtime: 0.0510
Step: 42000000  Loss: 0.074000 Regul: 0.000889 Obj: 0.074889 (0.071506)  NNZ: 12 (20)  Ttime: 1.4508 Vtime: 0.0515
Step: 42100000  Loss: 0.073526 Regul: 0.000990 Obj: 0.074516 (0.071506)  NNZ: 16 (20)  Ttime: 1.4475 Vtime: 0.0517
Step: 42200000  Loss: 0.081147 Regul: 0.001165 Obj: 0.082312 (0.071506)  NNZ: 16 (20)  Ttime: 1.4500 Vtime: 0.0518
Step: 42300000  Loss: 0.074049 Regul: 0.001608 Obj: 0.075657 (0.071506)  NNZ: 21 (20)  Ttime: 1.4489 Vtime: 0.0517
Step: 42400000  Loss: 0.079882 Regul: 0.001385 Obj: 0.081266 (0.071506)  NNZ: 22 (20)  Ttime: 1.4426 Vtime: 0.0521
Step: 42500000  Loss: 0.071991 Regul: 0.001051 Obj: 0.073041 (0.071506)  NNZ: 15 (20)  Ttime: 1.4422 Vtime: 0.0516
Step: 42600000  Loss: 0.073309 Regul: 0.001301 Obj: 0.074610 (0.071506)  NNZ: 16 (20)  Ttime: 1.4481 Vtime: 0.0508
Step: 42700000  Loss: 0.080521 Regul: 0.001597 Obj: 0.082118 (0.071506)  NNZ: 16 (20)  Ttime: 1.4495 Vtime: 0.0508
Step: 42800000  Loss: 0.083728 Regul: 0.001424 Obj: 0.085152 (0.071506)  NNZ: 21 (20)  Ttime: 1.4474 Vtime: 0.0507
Step: 42900000  Loss: 0.080203 Regul: 0.001828 Obj: 0.082031 (0.071506)  NNZ: 30 (20)  Ttime: 1.4454 Vtime: 0.0514
Step: 43000000  Loss: 0.080052 Regul: 0.001826 Obj: 0.081878 (0.071506)  NNZ: 21 (20)  Ttime: 1.4454 Vtime: 0.0512
Step: 43100000  Loss: 0.085922 Regul: 0.002017 Obj: 0.087940 (0.071506)  NNZ: 23 (20)  Ttime: 1.4454 Vtime: 0.0513
Step: 43200000  Loss: 0.082663 Regul: 0.001321 Obj: 0.083984 (0.071506)  NNZ: 15 (20)  Ttime: 1.4480 Vtime: 0.0517
Step: 43300000  Loss: 0.075329 Regul: 0.001563 Obj: 0.076891 (0.071506)  NNZ: 19 (20)  Ttime: 1.4443 Vtime: 0.0514
Step: 43400000  Loss: 0.090342 Regul: 0.001740 Obj: 0.092081 (0.071506)  NNZ: 21 (20)  Ttime: 1.4443 Vtime: 0.0515
Step: 43500000  Loss: 0.073161 Regul: 0.001505 Obj: 0.074665 (0.071506)  NNZ: 15 (20)  Ttime: 1.4460 Vtime: 0.0513
Step: 43600000  Loss: 0.075592 Regul: 0.001674 Obj: 0.077265 (0.071506)  NNZ: 25 (20)  Ttime: 1.4416 Vtime: 0.0520
Step: 43700000  Loss: 0.075052 Regul: 0.001446 Obj: 0.076498 (0.071506)  NNZ: 23 (20)  Ttime: 1.4417 Vtime: 0.0521
Step: 43800000  Loss: 0.079180 Regul: 0.001305 Obj: 0.080485 (0.071506)  NNZ: 16 (20)  Ttime: 1.4455 Vtime: 0.0515
Step: 43900000  Loss: 0.079670 Regul: 0.002026 Obj: 0.081696 (0.071506)  NNZ: 23 (20)  Ttime: 1.4441 Vtime: 0.0511
Step: 44000000  Loss: 0.071598 Regul: 0.001257 Obj: 0.072855 (0.071506)  NNZ: 19 (20)  Ttime: 1.4508 Vtime: 0.0510
Step: 44100000  Loss: 0.080758 Regul: 0.001561 Obj: 0.082320 (0.071506)  NNZ: 21 (20)  Ttime: 1.4398 Vtime: 0.0513
Step: 44200000  Loss: 0.075264 Regul: 0.000994 Obj: 0.076258 (0.071506)  NNZ: 15 (20)  Ttime: 1.4458 Vtime: 0.0516
Step: 44300000  Loss: 0.081163 Regul: 0.001567 Obj: 0.082730 (0.071506)  NNZ: 23 (20)  Ttime: 1.4432 Vtime: 0.0521
Step: 44400000  Loss: 0.073658 Regul: 0.001408 Obj: 0.075066 (0.071506)  NNZ: 18 (20)  Ttime: 1.4467 Vtime: 0.0514
Step: 44500000  Loss: 0.080845 Regul: 0.001598 Obj: 0.082443 (0.071506)  NNZ: 21 (20)  Ttime: 1.4499 Vtime: 0.0510
Step: 44600000  Loss: 0.072483 Regul: 0.001527 Obj: 0.074009 (0.071506)  NNZ: 21 (20)  Ttime: 1.4560 Vtime: 0.0513
Step: 44700000  Loss: 0.072365 Regul: 0.001484 Obj: 0.073849 (0.071506)  NNZ: 20 (20)  Ttime: 1.4551 Vtime: 0.0514
Step: 44800000  Loss: 0.074144 Regul: 0.001436 Obj: 0.075580 (0.071506)  NNZ: 18 (20)  Ttime: 1.4496 Vtime: 0.0517
Step: 44900000  Loss: 0.084192 Regul: 0.001928 Obj: 0.086120 (0.071506)  NNZ: 22 (20)  Ttime: 1.4527 Vtime: 0.0512
Step: 45000000  Loss: 0.074806 Regul: 0.001462 Obj: 0.076268 (0.071506)  NNZ: 17 (20)  Ttime: 1.4465 Vtime: 0.0511
Step: 45100000  Loss: 0.072383 Regul: 0.001227 Obj: 0.073610 (0.071506)  NNZ: 21 (20)  Ttime: 1.4470 Vtime: 0.0518
Step: 45200000  Loss: 0.073759 Regul: 0.001431 Obj: 0.075189 (0.071506)  NNZ: 20 (20)  Ttime: 1.4462 Vtime: 0.0525
Step: 45300000  Loss: 0.077581 Regul: 0.001407 Obj: 0.078988 (0.071506)  NNZ: 21 (20)  Ttime: 1.4474 Vtime: 0.0524
Step: 45400000  Loss: 0.073409 Regul: 0.001691 Obj: 0.075101 (0.071506)  NNZ: 23 (20)  Ttime: 1.4505 Vtime: 0.0528
Step: 45500000  Loss: 0.073444 Regul: 0.001243 Obj: 0.074687 (0.071506)  NNZ: 21 (20)  Ttime: 1.4456 Vtime: 0.0521
Step: 45600000  Loss: 0.075180 Regul: 0.001549 Obj: 0.076729 (0.071506)  NNZ: 21 (20)  Ttime: 1.4433 Vtime: 0.0516
Step: 45700000  Loss: 0.075635 Regul: 0.001596 Obj: 0.077231 (0.071506)  NNZ: 19 (20)  Ttime: 1.4463 Vtime: 0.0508
Step: 45800000  Loss: 0.072666 Regul: 0.001443 Obj: 0.074108 (0.071506)  NNZ: 21 (20)  Ttime: 1.4448 Vtime: 0.0511
Step: 45900000  Loss: 0.073631 Regul: 0.001137 Obj: 0.074769 (0.071506)  NNZ: 16 (20)  Ttime: 1.4430 Vtime: 0.0517
Step: 46000000  Loss: 0.077770 Regul: 0.001154 Obj: 0.078924 (0.071506)  NNZ: 15 (20)  Ttime: 1.4448 Vtime: 0.0514
Step: 46100000  Loss: 0.080030 Regul: 0.001684 Obj: 0.081715 (0.071506)  NNZ: 22 (20)  Ttime: 1.4440 Vtime: 0.0512
Step: 46200000  Loss: 0.075694 Regul: 0.001544 Obj: 0.077237 (0.071506)  NNZ: 19 (20)  Ttime: 1.4453 Vtime: 0.0510
Step: 46300000  Loss: 0.074180 Regul: 0.001611 Obj: 0.075791 (0.071506)  NNZ: 23 (20)  Ttime: 1.4475 Vtime: 0.0511
Step: 46400000  Loss: 0.073303 Regul: 0.001214 Obj: 0.074517 (0.071506)  NNZ: 18 (20)  Ttime: 1.4454 Vtime: 0.0518
Step: 46500000  Loss: 0.074817 Regul: 0.001033 Obj: 0.075850 (0.071506)  NNZ: 14 (20)  Ttime: 1.4487 Vtime: 0.0515
Step: 46600000  Loss: 0.072036 Regul: 0.001242 Obj: 0.073278 (0.071506)  NNZ: 19 (20)  Ttime: 1.4461 Vtime: 0.0524
Step: 46700000  Loss: 0.079221 Regul: 0.001441 Obj: 0.080661 (0.071506)  NNZ: 18 (20)  Ttime: 1.4439 Vtime: 0.0508
Step: 46800000  Loss: 0.080328 Regul: 0.001756 Obj: 0.082084 (0.071506)  NNZ: 19 (20)  Ttime: 1.4443 Vtime: 0.0532
Step: 46900000  Loss: 0.073188 Regul: 0.001142 Obj: 0.074330 (0.071506)  NNZ: 17 (20)  Ttime: 1.4417 Vtime: 0.0514
Step: 47000000  Loss: 0.071146 Regul: 0.001257 Obj: 0.072403 (0.071506)  NNZ: 14 (20)  Ttime: 1.4445 Vtime: 0.0516
Step: 47100000  Loss: 0.075875 Regul: 0.001677 Obj: 0.077552 (0.071506)  NNZ: 20 (20)  Ttime: 1.4430 Vtime: 0.0513
Step: 47200000  Loss: 0.076639 Regul: 0.001603 Obj: 0.078242 (0.071506)  NNZ: 19 (20)  Ttime: 1.4387 Vtime: 0.0512
Step: 47300000  Loss: 0.075261 Regul: 0.001141 Obj: 0.076402 (0.071506)  NNZ: 18 (20)  Ttime: 1.4484 Vtime: 0.0512
Step: 47400000  Loss: 0.076187 Regul: 0.001447 Obj: 0.077634 (0.071506)  NNZ: 17 (20)  Ttime: 1.4471 Vtime: 0.0517
Step: 47500000  Loss: 0.073200 Regul: 0.001176 Obj: 0.074376 (0.071506)  NNZ: 22 (20)  Ttime: 1.4464 Vtime: 0.0515
Step: 47600000  Loss: 0.080772 Regul: 0.001217 Obj: 0.081989 (0.071506)  NNZ: 20 (20)  Ttime: 1.4469 Vtime: 0.0518
Step: 47700000  Loss: 0.077723 Regul: 0.001567 Obj: 0.079290 (0.071506)  NNZ: 23 (20)  Ttime: 1.4503 Vtime: 0.0510
Step: 47800000  Loss: 0.075770 Regul: 0.001030 Obj: 0.076800 (0.071506)  NNZ: 13 (20)  Ttime: 1.4447 Vtime: 0.0514
Step: 47900000  Loss: 0.073630 Regul: 0.001492 Obj: 0.075123 (0.071506)  NNZ: 19 (20)  Ttime: 1.4469 Vtime: 0.0509
Step: 48000000  Loss: 0.072315 Regul: 0.001386 Obj: 0.073701 (0.071506)  NNZ: 20 (20)  Ttime: 1.4472 Vtime: 0.0513
Step: 48100000  Loss: 0.078611 Regul: 0.001742 Obj: 0.080354 (0.071506)  NNZ: 26 (20)  Ttime: 1.4417 Vtime: 0.0524
Step: 48200000  Loss: 0.082943 Regul: 0.002083 Obj: 0.085026 (0.071506)  NNZ: 23 (20)  Ttime: 1.4454 Vtime: 0.0511
Step: 48300000  Loss: 0.079322 Regul: 0.001655 Obj: 0.080977 (0.071506)  NNZ: 17 (20)  Ttime: 1.4415 Vtime: 0.0522
Step: 48400000  Loss: 0.071888 Regul: 0.001366 Obj: 0.073253 (0.071506)  NNZ: 21 (20)  Ttime: 1.4429 Vtime: 0.0523
Step: 48500000  Loss: 0.076551 Regul: 0.001635 Obj: 0.078186 (0.071506)  NNZ: 22 (20)  Ttime: 1.4453 Vtime: 0.0515
Step: 48600000  Loss: 0.074620 Regul: 0.001374 Obj: 0.075995 (0.071506)  NNZ: 21 (20)  Ttime: 1.4448 Vtime: 0.0524
Step: 48700000  Loss: 0.094690 Regul: 0.002368 Obj: 0.097058 (0.071506)  NNZ: 29 (20)  Ttime: 1.4468 Vtime: 0.0517
Step: 48800000  Loss: 0.072374 Regul: 0.001243 Obj: 0.073616 (0.071506)  NNZ: 17 (20)  Ttime: 1.4448 Vtime: 0.0512
Step: 48900000  Loss: 0.078564 Regul: 0.001767 Obj: 0.080330 (0.071506)  NNZ: 24 (20)  Ttime: 1.4463 Vtime: 0.0517
Step: 49000000  Loss: 0.081099 Regul: 0.001431 Obj: 0.082530 (0.071506)  NNZ: 21 (20)  Ttime: 1.4463 Vtime: 0.0518
Step: 49100000  Loss: 0.077858 Regul: 0.001585 Obj: 0.079443 (0.071506)  NNZ: 27 (20)  Ttime: 1.4452 Vtime: 0.0508
Step: 49200000  Loss: 0.074315 Regul: 0.001329 Obj: 0.075644 (0.071506)  NNZ: 19 (20)  Ttime: 1.4425 Vtime: 0.0516
Step: 49300000  Loss: 0.074923 Regul: 0.001118 Obj: 0.076042 (0.071506)  NNZ: 19 (20)  Ttime: 1.4512 Vtime: 0.0517
Step: 49400000  Loss: 0.080271 Regul: 0.001928 Obj: 0.082199 (0.071506)  NNZ: 24 (20)  Ttime: 1.4492 Vtime: 0.0514
Step: 49500000  Loss: 0.074343 Regul: 0.001587 Obj: 0.075931 (0.071506)  NNZ: 21 (20)  Ttime: 1.4482 Vtime: 0.0514
Step: 49600000  Loss: 0.074782 Regul: 0.001461 Obj: 0.076243 (0.071506)  NNZ: 21 (20)  Ttime: 1.4449 Vtime: 0.0510
Step: 49700000  Loss: 0.073158 Regul: 0.001260 Obj: 0.074418 (0.071506)  NNZ: 22 (20)  Ttime: 1.4474 Vtime: 0.0515
Step: 49800000  Loss: 0.078463 Regul: 0.001644 Obj: 0.080107 (0.071506)  NNZ: 20 (20)  Ttime: 1.4456 Vtime: 0.0518
Step: 49900000  Loss: 0.072683 Regul: 0.001567 Obj: 0.074250 (0.071506)  NNZ: 20 (20)  Ttime: 1.4490 Vtime: 0.0518
Step: 50000000  Loss: 0.071974 Regul: 0.001160 Obj: 0.073134 (0.071506)  NNZ: 15 (20)  Ttime: 1.4478 Vtime: 0.0513
