mu: 0.01 gamma: 0.005 nIters: 50000000
Load PRParams.
Load RingParams.
Load Labels: 500000
Load Distances: 500000 x 5120
0...10...20...30...40...50...60...70...80...90...100 - done.
Positive samples #250000
Negative samples #250000
Positive train #200000
Negative train #200000
Positive valid #50000
Negative valid #50000

Found GPU: GeForce GTX 970
Compute Capability: 5.2

Best: 100000  Loss: 0.467643 Regul: 0.058097 Obj: 0.525740 (0.525740)  NNZ: 3 (3)  Ttime: 1.3976 Vtime: 0.2104
Stat: nPR #24 (#24) Dim/MaxDim [192/640] AUC: 0.971488 FPR95: 16.10 [saved]
Step: 200000  Loss: 6.317257 Regul: 1.042203 Obj: 7.359460 (0.525740)  NNZ: 21 (3)  Ttime: 1.4243 Vtime: 0.0517
Step: 300000  Loss: 2.776469 Regul: 0.563724 Obj: 3.340193 (0.525740)  NNZ: 15 (3)  Ttime: 1.4000 Vtime: 0.0522
Step: 400000  Loss: 1.158947 Regul: 0.167885 Obj: 1.326831 (0.525740)  NNZ: 7 (3)  Ttime: 1.3995 Vtime: 0.0521
Step: 500000  Loss: 1.571222 Regul: 0.291930 Obj: 1.863152 (0.525740)  NNZ: 13 (3)  Ttime: 1.3919 Vtime: 0.0525
Step: 600000  Loss: 1.582822 Regul: 0.249159 Obj: 1.831981 (0.525740)  NNZ: 10 (3)  Ttime: 1.4008 Vtime: 0.0518
Best: 700000  Loss: 0.416388 Regul: 0.064652 Obj: 0.481040 (0.481040)  NNZ: 7 (7)  Ttime: 1.4000 Vtime: 0.0514
Stat: nPR #44 (#56) Dim/MaxDim [352/640] AUC: 0.973541 FPR95: 14.12 [saved]
Step: 800000  Loss: 2.710820 Regul: 0.247456 Obj: 2.958276 (0.481040)  NNZ: 9 (7)  Ttime: 1.4212 Vtime: 0.0515
Best: 900000  Loss: 0.381156 Regul: 0.071735 Obj: 0.452890 (0.452890)  NNZ: 5 (5)  Ttime: 1.3980 Vtime: 0.0522
Stat: nPR #36 (#40) Dim/MaxDim [288/640] AUC: 0.979457 FPR95: 9.51 [saved]
Step: 1000000  Loss: 0.748002 Regul: 0.132505 Obj: 0.880507 (0.452890)  NNZ: 7 (5)  Ttime: 1.3985 Vtime: 0.0518
Step: 1100000  Loss: 0.552724 Regul: 0.059966 Obj: 0.612689 (0.452890)  NNZ: 4 (5)  Ttime: 1.3975 Vtime: 0.0517
Step: 1200000  Loss: 0.965165 Regul: 0.148538 Obj: 1.113703 (0.452890)  NNZ: 7 (5)  Ttime: 1.4011 Vtime: 0.0511
Step: 1300000  Loss: 0.434408 Regul: 0.072117 Obj: 0.506524 (0.452890)  NNZ: 6 (5)  Ttime: 1.4120 Vtime: 0.0521
Best: 1400000  Loss: 0.228395 Regul: 0.019705 Obj: 0.248100 (0.248100)  NNZ: 3 (3)  Ttime: 1.4051 Vtime: 0.0508
Stat: nPR #24 (#24) Dim/MaxDim [192/640] AUC: 0.966867 FPR95: 21.43 [saved]
Step: 1500000  Loss: 0.630294 Regul: 0.118772 Obj: 0.749066 (0.248100)  NNZ: 8 (3)  Ttime: 1.4032 Vtime: 0.0513
Step: 1600000  Loss: 0.288021 Regul: 0.040608 Obj: 0.328629 (0.248100)  NNZ: 5 (3)  Ttime: 1.3995 Vtime: 0.0515
Step: 1700000  Loss: 0.512467 Regul: 0.027854 Obj: 0.540321 (0.248100)  NNZ: 2 (3)  Ttime: 1.4009 Vtime: 0.0513
Step: 1800000  Loss: 0.351728 Regul: 0.073035 Obj: 0.424762 (0.248100)  NNZ: 10 (3)  Ttime: 1.4185 Vtime: 0.0516
Step: 1900000  Loss: 0.485072 Regul: 0.044819 Obj: 0.529891 (0.248100)  NNZ: 5 (3)  Ttime: 1.3981 Vtime: 0.0513
Step: 2000000  Loss: 0.502628 Regul: 0.075928 Obj: 0.578555 (0.248100)  NNZ: 4 (3)  Ttime: 1.3971 Vtime: 0.0513
Best: 2100000  Loss: 0.179038 Regul: 0.007336 Obj: 0.186374 (0.186374)  NNZ: 2 (2)  Ttime: 1.4091 Vtime: 0.0518
Stat: nPR #16 (#16) Dim/MaxDim [128/640] AUC: 0.953972 FPR95: 32.58 [saved]
Step: 2200000  Loss: 0.640611 Regul: 0.089619 Obj: 0.730230 (0.186374)  NNZ: 6 (2)  Ttime: 1.4001 Vtime: 0.0520
Step: 2300000  Loss: 0.446221 Regul: 0.063923 Obj: 0.510144 (0.186374)  NNZ: 6 (2)  Ttime: 1.4088 Vtime: 0.0518
Step: 2400000  Loss: 0.808452 Regul: 0.155020 Obj: 0.963471 (0.186374)  NNZ: 11 (2)  Ttime: 1.4104 Vtime: 0.0520
Step: 2500000  Loss: 1.216679 Regul: 0.098093 Obj: 1.314772 (0.186374)  NNZ: 12 (2)  Ttime: 1.4101 Vtime: 0.0513
Step: 2600000  Loss: 0.869091 Regul: 0.116514 Obj: 0.985605 (0.186374)  NNZ: 8 (2)  Ttime: 1.4024 Vtime: 0.0524
Step: 2700000  Loss: 0.907212 Regul: 0.130989 Obj: 1.038201 (0.186374)  NNZ: 9 (2)  Ttime: 1.4066 Vtime: 0.0519
Step: 2800000  Loss: 0.291683 Regul: 0.048433 Obj: 0.340116 (0.186374)  NNZ: 5 (2)  Ttime: 1.3993 Vtime: 0.0516
Step: 2900000  Loss: 0.425609 Regul: 0.060408 Obj: 0.486017 (0.186374)  NNZ: 7 (2)  Ttime: 1.4008 Vtime: 0.0517
Step: 3000000  Loss: 0.886317 Regul: 0.051807 Obj: 0.938124 (0.186374)  NNZ: 5 (2)  Ttime: 1.3977 Vtime: 0.0513
Step: 3100000  Loss: 0.799908 Regul: 0.129954 Obj: 0.929862 (0.186374)  NNZ: 10 (2)  Ttime: 1.3970 Vtime: 0.0515
Step: 3200000  Loss: 0.500156 Regul: 0.024387 Obj: 0.524543 (0.186374)  NNZ: 4 (2)  Ttime: 1.3972 Vtime: 0.0520
Step: 3300000  Loss: 0.208921 Regul: 0.036562 Obj: 0.245483 (0.186374)  NNZ: 5 (2)  Ttime: 1.3970 Vtime: 0.0511
Step: 3400000  Loss: 0.238183 Regul: 0.029531 Obj: 0.267714 (0.186374)  NNZ: 5 (2)  Ttime: 1.3999 Vtime: 0.0517
Step: 3500000  Loss: 0.500606 Regul: 0.104888 Obj: 0.605494 (0.186374)  NNZ: 8 (2)  Ttime: 1.3996 Vtime: 0.0518
Best: 3600000  Loss: 0.139128 Regul: 0.021599 Obj: 0.160727 (0.160727)  NNZ: 5 (5)  Ttime: 1.4018 Vtime: 0.0519
Stat: nPR #36 (#40) Dim/MaxDim [288/640] AUC: 0.978844 FPR95: 9.31 [saved]
Step: 3700000  Loss: 0.268929 Regul: 0.042202 Obj: 0.311131 (0.160727)  NNZ: 4 (5)  Ttime: 1.4075 Vtime: 0.0516
Step: 3800000  Loss: 0.670144 Regul: 0.125146 Obj: 0.795291 (0.160727)  NNZ: 9 (5)  Ttime: 1.3979 Vtime: 0.0512
Step: 3900000  Loss: 0.331508 Regul: 0.057793 Obj: 0.389301 (0.160727)  NNZ: 9 (5)  Ttime: 1.4080 Vtime: 0.0517
Step: 4000000  Loss: 0.325466 Regul: 0.055618 Obj: 0.381083 (0.160727)  NNZ: 12 (5)  Ttime: 1.3994 Vtime: 0.0511
Step: 4100000  Loss: 1.008612 Regul: 0.130430 Obj: 1.139041 (0.160727)  NNZ: 11 (5)  Ttime: 1.4015 Vtime: 0.0512
Step: 4200000  Loss: 0.567876 Regul: 0.087773 Obj: 0.655649 (0.160727)  NNZ: 7 (5)  Ttime: 1.3983 Vtime: 0.0510
Best: 4300000  Loss: 0.063904 Regul: 0.005347 Obj: 0.069251 (0.069251)  NNZ: 2 (2)  Ttime: 1.4068 Vtime: 0.0513
Stat: nPR #16 (#16) Dim/MaxDim [128/640] AUC: 0.976994 FPR95: 11.09 [saved]
Step: 4400000  Loss: 0.448789 Regul: 0.057480 Obj: 0.506270 (0.069251)  NNZ: 9 (2)  Ttime: 1.4106 Vtime: 0.0506
Step: 4500000  Loss: 0.314032 Regul: 0.039731 Obj: 0.353763 (0.069251)  NNZ: 11 (2)  Ttime: 1.4092 Vtime: 0.0513
Step: 4600000  Loss: 0.276783 Regul: 0.042891 Obj: 0.319673 (0.069251)  NNZ: 4 (2)  Ttime: 1.4094 Vtime: 0.0511
Step: 4700000  Loss: 0.168410 Regul: 0.012109 Obj: 0.180519 (0.069251)  NNZ: 2 (2)  Ttime: 1.4099 Vtime: 0.0519
Step: 4800000  Loss: 0.154439 Regul: 0.016675 Obj: 0.171114 (0.069251)  NNZ: 4 (2)  Ttime: 1.4153 Vtime: 0.0509
Step: 4900000  Loss: 0.301873 Regul: 0.046069 Obj: 0.347942 (0.069251)  NNZ: 6 (2)  Ttime: 1.4048 Vtime: 0.0510
Step: 5000000  Loss: 0.294861 Regul: 0.035278 Obj: 0.330139 (0.069251)  NNZ: 6 (2)  Ttime: 1.3932 Vtime: 0.0516
Step: 5100000  Loss: 0.273588 Regul: 0.039731 Obj: 0.313320 (0.069251)  NNZ: 5 (2)  Ttime: 1.3939 Vtime: 0.0516
Step: 5200000  Loss: 0.403711 Regul: 0.014951 Obj: 0.418663 (0.069251)  NNZ: 6 (2)  Ttime: 1.3951 Vtime: 0.0509
Step: 5300000  Loss: 0.322948 Regul: 0.060312 Obj: 0.383261 (0.069251)  NNZ: 6 (2)  Ttime: 1.3972 Vtime: 0.0512
Step: 5400000  Loss: 0.427826 Regul: 0.077100 Obj: 0.504925 (0.069251)  NNZ: 5 (2)  Ttime: 1.3987 Vtime: 0.0511
Step: 5500000  Loss: 0.362602 Regul: 0.063862 Obj: 0.426465 (0.069251)  NNZ: 6 (2)  Ttime: 1.4060 Vtime: 0.0514
Step: 5600000  Loss: 0.264076 Regul: 0.036318 Obj: 0.300394 (0.069251)  NNZ: 5 (2)  Ttime: 1.4029 Vtime: 0.0516
Step: 5700000  Loss: 0.432568 Regul: 0.064902 Obj: 0.497470 (0.069251)  NNZ: 11 (2)  Ttime: 1.4114 Vtime: 0.0508
Step: 5800000  Loss: 0.634022 Regul: 0.106914 Obj: 0.740937 (0.069251)  NNZ: 10 (2)  Ttime: 1.4007 Vtime: 0.0523
Step: 5900000  Loss: 0.359656 Regul: 0.058076 Obj: 0.417732 (0.069251)  NNZ: 8 (2)  Ttime: 1.3966 Vtime: 0.0511
Step: 6000000  Loss: 0.143878 Regul: 0.009673 Obj: 0.153551 (0.069251)  NNZ: 2 (2)  Ttime: 1.3986 Vtime: 0.0515
Step: 6100000  Loss: 0.260904 Regul: 0.047480 Obj: 0.308385 (0.069251)  NNZ: 6 (2)  Ttime: 1.3976 Vtime: 0.0510
Step: 6200000  Loss: 0.199983 Regul: 0.027441 Obj: 0.227424 (0.069251)  NNZ: 6 (2)  Ttime: 1.3969 Vtime: 0.0515
Step: 6300000  Loss: 0.126109 Regul: 0.018784 Obj: 0.144893 (0.069251)  NNZ: 5 (2)  Ttime: 1.3969 Vtime: 0.0513
Step: 6400000  Loss: 0.352505 Regul: 0.075972 Obj: 0.428477 (0.069251)  NNZ: 10 (2)  Ttime: 1.3976 Vtime: 0.0515
Step: 6500000  Loss: 0.182657 Regul: 0.015034 Obj: 0.197691 (0.069251)  NNZ: 3 (2)  Ttime: 1.4038 Vtime: 0.0519
Step: 6600000  Loss: 0.377091 Regul: 0.051890 Obj: 0.428980 (0.069251)  NNZ: 8 (2)  Ttime: 1.3968 Vtime: 0.0513
Step: 6700000  Loss: 0.219909 Regul: 0.032266 Obj: 0.252174 (0.069251)  NNZ: 5 (2)  Ttime: 1.4012 Vtime: 0.0512
Step: 6800000  Loss: 0.123419 Regul: 0.008833 Obj: 0.132252 (0.069251)  NNZ: 3 (2)  Ttime: 1.4032 Vtime: 0.0513
Step: 6900000  Loss: 0.573657 Regul: 0.109580 Obj: 0.683237 (0.069251)  NNZ: 14 (2)  Ttime: 1.3994 Vtime: 0.0516
Step: 7000000  Loss: 0.188151 Regul: 0.032280 Obj: 0.220432 (0.069251)  NNZ: 7 (2)  Ttime: 1.3988 Vtime: 0.0517
Step: 7100000  Loss: 0.224900 Regul: 0.024668 Obj: 0.249568 (0.069251)  NNZ: 3 (2)  Ttime: 1.4142 Vtime: 0.0516
Step: 7200000  Loss: 0.135171 Regul: 0.013481 Obj: 0.148652 (0.069251)  NNZ: 3 (2)  Ttime: 1.4010 Vtime: 0.0517
Step: 7300000  Loss: 0.281731 Regul: 0.044341 Obj: 0.326071 (0.069251)  NNZ: 8 (2)  Ttime: 1.4039 Vtime: 0.0511
Step: 7400000  Loss: 0.175146 Regul: 0.021343 Obj: 0.196489 (0.069251)  NNZ: 3 (2)  Ttime: 1.4085 Vtime: 0.0510
Step: 7500000  Loss: 0.140622 Regul: 0.024395 Obj: 0.165016 (0.069251)  NNZ: 4 (2)  Ttime: 1.4148 Vtime: 0.0515
Step: 7600000  Loss: 0.281065 Regul: 0.037847 Obj: 0.318912 (0.069251)  NNZ: 7 (2)  Ttime: 1.4046 Vtime: 0.0518
Step: 7700000  Loss: 0.165755 Regul: 0.031084 Obj: 0.196839 (0.069251)  NNZ: 5 (2)  Ttime: 1.4181 Vtime: 0.0513
Step: 7800000  Loss: 0.315329 Regul: 0.056348 Obj: 0.371677 (0.069251)  NNZ: 6 (2)  Ttime: 1.4082 Vtime: 0.0515
Step: 7900000  Loss: 0.328120 Regul: 0.064956 Obj: 0.393076 (0.069251)  NNZ: 7 (2)  Ttime: 1.4014 Vtime: 0.0513
Step: 8000000  Loss: 0.178261 Regul: 0.028042 Obj: 0.206303 (0.069251)  NNZ: 8 (2)  Ttime: 1.4008 Vtime: 0.0516
Step: 8100000  Loss: 0.820238 Regul: 0.153125 Obj: 0.973363 (0.069251)  NNZ: 18 (2)  Ttime: 1.4063 Vtime: 0.0508
Step: 8200000  Loss: 0.695450 Regul: 0.122114 Obj: 0.817564 (0.069251)  NNZ: 11 (2)  Ttime: 1.4016 Vtime: 0.0514
Step: 8300000  Loss: 0.235279 Regul: 0.036138 Obj: 0.271417 (0.069251)  NNZ: 7 (2)  Ttime: 1.3974 Vtime: 0.0516
Step: 8400000  Loss: 0.402071 Regul: 0.046182 Obj: 0.448253 (0.069251)  NNZ: 5 (2)  Ttime: 1.4096 Vtime: 0.0511
Step: 8500000  Loss: 0.162968 Regul: 0.027700 Obj: 0.190668 (0.069251)  NNZ: 4 (2)  Ttime: 1.4044 Vtime: 0.0515
Step: 8600000  Loss: 0.341096 Regul: 0.031440 Obj: 0.372536 (0.069251)  NNZ: 5 (2)  Ttime: 1.3980 Vtime: 0.0520
Step: 8700000  Loss: 0.277910 Regul: 0.044541 Obj: 0.322451 (0.069251)  NNZ: 5 (2)  Ttime: 1.4009 Vtime: 0.0517
Step: 8800000  Loss: 0.200746 Regul: 0.027339 Obj: 0.228085 (0.069251)  NNZ: 5 (2)  Ttime: 1.3943 Vtime: 0.0514
Step: 8900000  Loss: 0.192530 Regul: 0.023335 Obj: 0.215864 (0.069251)  NNZ: 6 (2)  Ttime: 1.4033 Vtime: 0.0515
Step: 9000000  Loss: 0.642392 Regul: 0.102202 Obj: 0.744594 (0.069251)  NNZ: 8 (2)  Ttime: 1.3957 Vtime: 0.0516
Step: 9100000  Loss: 0.220349 Regul: 0.045937 Obj: 0.266287 (0.069251)  NNZ: 8 (2)  Ttime: 1.3953 Vtime: 0.0514
Step: 9200000  Loss: 0.190823 Regul: 0.037021 Obj: 0.227845 (0.069251)  NNZ: 8 (2)  Ttime: 1.3995 Vtime: 0.0518
Step: 9300000  Loss: 0.296588 Regul: 0.055039 Obj: 0.351628 (0.069251)  NNZ: 10 (2)  Ttime: 1.4020 Vtime: 0.0516
Step: 9400000  Loss: 0.429396 Regul: 0.049932 Obj: 0.479328 (0.069251)  NNZ: 6 (2)  Ttime: 1.3972 Vtime: 0.0515
Step: 9500000  Loss: 0.443437 Regul: 0.065776 Obj: 0.509214 (0.069251)  NNZ: 11 (2)  Ttime: 1.3936 Vtime: 0.0513
Step: 9600000  Loss: 0.345168 Regul: 0.055020 Obj: 0.400187 (0.069251)  NNZ: 9 (2)  Ttime: 1.4046 Vtime: 0.0518
Step: 9700000  Loss: 0.345861 Regul: 0.049868 Obj: 0.395729 (0.069251)  NNZ: 7 (2)  Ttime: 1.3962 Vtime: 0.0513
Step: 9800000  Loss: 0.428860 Regul: 0.083779 Obj: 0.512639 (0.069251)  NNZ: 10 (2)  Ttime: 1.4005 Vtime: 0.0522
Step: 9900000  Loss: 0.331366 Regul: 0.046665 Obj: 0.378031 (0.069251)  NNZ: 7 (2)  Ttime: 1.4009 Vtime: 0.0510
Step: 10000000  Loss: 0.084191 Regul: 0.006357 Obj: 0.090548 (0.069251)  NNZ: 2 (2)  Ttime: 1.3922 Vtime: 0.0512
Step: 10100000  Loss: 0.429550 Regul: 0.072104 Obj: 0.501655 (0.069251)  NNZ: 6 (2)  Ttime: 1.4000 Vtime: 0.0510
Step: 10200000  Loss: 0.329090 Regul: 0.060269 Obj: 0.389359 (0.069251)  NNZ: 7 (2)  Ttime: 1.3969 Vtime: 0.0506
Step: 10300000  Loss: 0.855529 Regul: 0.087759 Obj: 0.943288 (0.069251)  NNZ: 13 (2)  Ttime: 1.3948 Vtime: 0.0517
Step: 10400000  Loss: 0.122766 Regul: 0.011006 Obj: 0.133772 (0.069251)  NNZ: 4 (2)  Ttime: 1.3936 Vtime: 0.0517
Step: 10500000  Loss: 0.110305 Regul: 0.015796 Obj: 0.126101 (0.069251)  NNZ: 4 (2)  Ttime: 1.4047 Vtime: 0.0516
Step: 10600000  Loss: 0.158616 Regul: 0.018413 Obj: 0.177029 (0.069251)  NNZ: 9 (2)  Ttime: 1.4029 Vtime: 0.0518
Step: 10700000  Loss: 0.386660 Regul: 0.081870 Obj: 0.468530 (0.069251)  NNZ: 14 (2)  Ttime: 1.3972 Vtime: 0.0518
Step: 10800000  Loss: 0.488976 Regul: 0.030952 Obj: 0.519928 (0.069251)  NNZ: 8 (2)  Ttime: 1.3962 Vtime: 0.0512
Step: 10900000  Loss: 0.572127 Regul: 0.054312 Obj: 0.626438 (0.069251)  NNZ: 6 (2)  Ttime: 1.4033 Vtime: 0.0513
Step: 11000000  Loss: 0.130153 Regul: 0.023989 Obj: 0.154142 (0.069251)  NNZ: 7 (2)  Ttime: 1.3992 Vtime: 0.0522
Step: 11100000  Loss: 0.328663 Regul: 0.057197 Obj: 0.385860 (0.069251)  NNZ: 8 (2)  Ttime: 1.4040 Vtime: 0.0516
Step: 11200000  Loss: 0.145680 Regul: 0.022769 Obj: 0.168448 (0.069251)  NNZ: 5 (2)  Ttime: 1.4059 Vtime: 0.0514
Step: 11300000  Loss: 0.201057 Regul: 0.038154 Obj: 0.239211 (0.069251)  NNZ: 9 (2)  Ttime: 1.4022 Vtime: 0.0515
Step: 11400000  Loss: 0.110241 Regul: 0.013560 Obj: 0.123801 (0.069251)  NNZ: 8 (2)  Ttime: 1.3967 Vtime: 0.0510
Step: 11500000  Loss: 0.261515 Regul: 0.045391 Obj: 0.306905 (0.069251)  NNZ: 9 (2)  Ttime: 1.3974 Vtime: 0.0516
Step: 11600000  Loss: 0.277110 Regul: 0.046328 Obj: 0.323438 (0.069251)  NNZ: 5 (2)  Ttime: 1.3955 Vtime: 0.0510
Step: 11700000  Loss: 0.310167 Regul: 0.049707 Obj: 0.359874 (0.069251)  NNZ: 8 (2)  Ttime: 1.3969 Vtime: 0.0517
Step: 11800000  Loss: 0.149506 Regul: 0.029277 Obj: 0.178783 (0.069251)  NNZ: 7 (2)  Ttime: 1.3968 Vtime: 0.0513
Step: 11900000  Loss: 0.178180 Regul: 0.019321 Obj: 0.197501 (0.069251)  NNZ: 5 (2)  Ttime: 1.3991 Vtime: 0.0513
Step: 12000000  Loss: 0.154983 Regul: 0.026968 Obj: 0.181950 (0.069251)  NNZ: 5 (2)  Ttime: 1.3998 Vtime: 0.0518
Step: 12100000  Loss: 0.181175 Regul: 0.031953 Obj: 0.213128 (0.069251)  NNZ: 8 (2)  Ttime: 1.4005 Vtime: 0.0518
Step: 12200000  Loss: 0.101765 Regul: 0.013027 Obj: 0.114792 (0.069251)  NNZ: 5 (2)  Ttime: 1.3944 Vtime: 0.0506
Step: 12300000  Loss: 0.212751 Regul: 0.031670 Obj: 0.244421 (0.069251)  NNZ: 9 (2)  Ttime: 1.4058 Vtime: 0.0513
Step: 12400000  Loss: 0.180362 Regul: 0.005127 Obj: 0.185489 (0.069251)  NNZ: 1 (2)  Ttime: 1.3965 Vtime: 0.0513
Step: 12500000  Loss: 0.378809 Regul: 0.055806 Obj: 0.434614 (0.069251)  NNZ: 8 (2)  Ttime: 1.3989 Vtime: 0.0513
Step: 12600000  Loss: 0.553690 Regul: 0.076577 Obj: 0.630267 (0.069251)  NNZ: 10 (2)  Ttime: 1.3973 Vtime: 0.0530
Step: 12700000  Loss: 0.524824 Regul: 0.106978 Obj: 0.631802 (0.069251)  NNZ: 12 (2)  Ttime: 1.3942 Vtime: 0.0518
Step: 12800000  Loss: 0.134209 Regul: 0.019834 Obj: 0.154043 (0.069251)  NNZ: 8 (2)  Ttime: 1.3933 Vtime: 0.0513
Step: 12900000  Loss: 0.203384 Regul: 0.032344 Obj: 0.235727 (0.069251)  NNZ: 6 (2)  Ttime: 1.3955 Vtime: 0.0513
Step: 13000000  Loss: 0.124647 Regul: 0.018335 Obj: 0.142982 (0.069251)  NNZ: 6 (2)  Ttime: 1.3982 Vtime: 0.0519
Step: 13100000  Loss: 0.126324 Regul: 0.020107 Obj: 0.146432 (0.069251)  NNZ: 6 (2)  Ttime: 1.3936 Vtime: 0.0510
Step: 13200000  Loss: 0.105519 Regul: 0.012007 Obj: 0.117525 (0.069251)  NNZ: 4 (2)  Ttime: 1.3966 Vtime: 0.0514
Step: 13300000  Loss: 0.268865 Regul: 0.047847 Obj: 0.316711 (0.069251)  NNZ: 11 (2)  Ttime: 1.3932 Vtime: 0.0512
Step: 13400000  Loss: 0.379761 Regul: 0.075776 Obj: 0.455537 (0.069251)  NNZ: 12 (2)  Ttime: 1.3972 Vtime: 0.0508
Step: 13500000  Loss: 0.173255 Regul: 0.027676 Obj: 0.200931 (0.069251)  NNZ: 7 (2)  Ttime: 1.4006 Vtime: 0.0520
Step: 13600000  Loss: 0.175311 Regul: 0.023970 Obj: 0.199281 (0.069251)  NNZ: 6 (2)  Ttime: 1.4050 Vtime: 0.0515
Step: 13700000  Loss: 0.138585 Regul: 0.016655 Obj: 0.155240 (0.069251)  NNZ: 3 (2)  Ttime: 1.3950 Vtime: 0.0511
Step: 13800000  Loss: 0.113274 Regul: 0.008701 Obj: 0.121975 (0.069251)  NNZ: 2 (2)  Ttime: 1.4009 Vtime: 0.0515
Step: 13900000  Loss: 0.233153 Regul: 0.040044 Obj: 0.273197 (0.069251)  NNZ: 11 (2)  Ttime: 1.3958 Vtime: 0.0522
Step: 14000000  Loss: 0.348952 Regul: 0.060957 Obj: 0.409909 (0.069251)  NNZ: 11 (2)  Ttime: 1.3958 Vtime: 0.0522
Step: 14100000  Loss: 0.228478 Regul: 0.029819 Obj: 0.258298 (0.069251)  NNZ: 7 (2)  Ttime: 1.3965 Vtime: 0.0517
Step: 14200000  Loss: 0.295116 Regul: 0.036240 Obj: 0.331356 (0.069251)  NNZ: 11 (2)  Ttime: 1.4024 Vtime: 0.0516
Step: 14300000  Loss: 0.106459 Regul: 0.004834 Obj: 0.111293 (0.069251)  NNZ: 1 (2)  Ttime: 1.3968 Vtime: 0.0511
Step: 14400000  Loss: 0.149442 Regul: 0.019976 Obj: 0.169418 (0.069251)  NNZ: 6 (2)  Ttime: 1.3957 Vtime: 0.0512
Step: 14500000  Loss: 0.170805 Regul: 0.024473 Obj: 0.195278 (0.069251)  NNZ: 5 (2)  Ttime: 1.4016 Vtime: 0.0518
Step: 14600000  Loss: 0.318955 Regul: 0.019370 Obj: 0.338325 (0.069251)  NNZ: 6 (2)  Ttime: 1.3932 Vtime: 0.0510
Step: 14700000  Loss: 0.115075 Regul: 0.012749 Obj: 0.127824 (0.069251)  NNZ: 5 (2)  Ttime: 1.3955 Vtime: 0.0520
Step: 14800000  Loss: 0.226785 Regul: 0.035991 Obj: 0.262776 (0.069251)  NNZ: 12 (2)  Ttime: 1.4075 Vtime: 0.0516
Step: 14900000  Loss: 0.092015 Regul: 0.005601 Obj: 0.097616 (0.069251)  NNZ: 2 (2)  Ttime: 1.4086 Vtime: 0.0511
Step: 15000000  Loss: 0.295122 Regul: 0.019619 Obj: 0.314741 (0.069251)  NNZ: 5 (2)  Ttime: 1.3962 Vtime: 0.0514
Step: 15100000  Loss: 0.141331 Regul: 0.025508 Obj: 0.166839 (0.069251)  NNZ: 7 (2)  Ttime: 1.3965 Vtime: 0.0513
Step: 15200000  Loss: 0.405378 Regul: 0.084546 Obj: 0.489924 (0.069251)  NNZ: 12 (2)  Ttime: 1.4019 Vtime: 0.0514
Step: 15300000  Loss: 0.319615 Regul: 0.061733 Obj: 0.381349 (0.069251)  NNZ: 10 (2)  Ttime: 1.3958 Vtime: 0.0517
Step: 15400000  Loss: 0.111447 Regul: 0.014766 Obj: 0.126213 (0.069251)  NNZ: 7 (2)  Ttime: 1.3999 Vtime: 0.0513
Step: 15500000  Loss: 0.107104 Regul: 0.016382 Obj: 0.123486 (0.069251)  NNZ: 6 (2)  Ttime: 1.3966 Vtime: 0.0522
Step: 15600000  Loss: 0.286947 Regul: 0.044395 Obj: 0.331342 (0.069251)  NNZ: 12 (2)  Ttime: 1.3983 Vtime: 0.0511
Step: 15700000  Loss: 0.141972 Regul: 0.016392 Obj: 0.158363 (0.069251)  NNZ: 5 (2)  Ttime: 1.3999 Vtime: 0.0513
Step: 15800000  Loss: 0.166706 Regul: 0.020059 Obj: 0.186765 (0.069251)  NNZ: 5 (2)  Ttime: 1.3980 Vtime: 0.0515
Step: 15900000  Loss: 0.391758 Regul: 0.052017 Obj: 0.443775 (0.069251)  NNZ: 10 (2)  Ttime: 1.3969 Vtime: 0.0518
Step: 16000000  Loss: 0.247250 Regul: 0.040078 Obj: 0.287328 (0.069251)  NNZ: 7 (2)  Ttime: 1.4000 Vtime: 0.0524
Step: 16100000  Loss: 0.130503 Regul: 0.012124 Obj: 0.142627 (0.069251)  NNZ: 3 (2)  Ttime: 1.3971 Vtime: 0.0509
Step: 16200000  Loss: 0.110591 Regul: 0.011387 Obj: 0.121978 (0.069251)  NNZ: 4 (2)  Ttime: 1.3963 Vtime: 0.0510
Step: 16300000  Loss: 0.271050 Regul: 0.038716 Obj: 0.309766 (0.069251)  NNZ: 13 (2)  Ttime: 1.3975 Vtime: 0.0514
Step: 16400000  Loss: 0.124415 Regul: 0.023887 Obj: 0.148301 (0.069251)  NNZ: 9 (2)  Ttime: 1.3928 Vtime: 0.0513
Step: 16500000  Loss: 0.464328 Regul: 0.071084 Obj: 0.535412 (0.069251)  NNZ: 16 (2)  Ttime: 1.4012 Vtime: 0.0511
Step: 16600000  Loss: 0.067302 Regul: 0.008237 Obj: 0.075539 (0.069251)  NNZ: 5 (2)  Ttime: 1.3986 Vtime: 0.0512
Step: 16700000  Loss: 0.139258 Regul: 0.020088 Obj: 0.159346 (0.069251)  NNZ: 7 (2)  Ttime: 1.3917 Vtime: 0.0513
Step: 16800000  Loss: 0.167049 Regul: 0.025391 Obj: 0.192440 (0.069251)  NNZ: 6 (2)  Ttime: 1.3978 Vtime: 0.0512
Step: 16900000  Loss: 0.105479 Regul: 0.008945 Obj: 0.114424 (0.069251)  NNZ: 4 (2)  Ttime: 1.4029 Vtime: 0.0523
Step: 17000000  Loss: 0.120765 Regul: 0.022285 Obj: 0.143050 (0.069251)  NNZ: 6 (2)  Ttime: 1.3957 Vtime: 0.0510
Step: 17100000  Loss: 0.141813 Regul: 0.024492 Obj: 0.166306 (0.069251)  NNZ: 7 (2)  Ttime: 1.3967 Vtime: 0.0514
Step: 17200000  Loss: 0.157943 Regul: 0.019531 Obj: 0.177474 (0.069251)  NNZ: 4 (2)  Ttime: 1.3961 Vtime: 0.0522
Step: 17300000  Loss: 0.097298 Regul: 0.013750 Obj: 0.111048 (0.069251)  NNZ: 5 (2)  Ttime: 1.3966 Vtime: 0.0512
Step: 17400000  Loss: 0.158519 Regul: 0.020713 Obj: 0.179232 (0.069251)  NNZ: 8 (2)  Ttime: 1.4011 Vtime: 0.0512
Step: 17500000  Loss: 0.293607 Regul: 0.056777 Obj: 0.350384 (0.069251)  NNZ: 10 (2)  Ttime: 1.3975 Vtime: 0.0521
Step: 17600000  Loss: 0.136301 Regul: 0.011885 Obj: 0.148185 (0.069251)  NNZ: 4 (2)  Ttime: 1.4042 Vtime: 0.0517
Step: 17700000  Loss: 0.175835 Regul: 0.019941 Obj: 0.195776 (0.069251)  NNZ: 5 (2)  Ttime: 1.3981 Vtime: 0.0518
Step: 17800000  Loss: 0.181509 Regul: 0.026172 Obj: 0.207680 (0.069251)  NNZ: 6 (2)  Ttime: 1.3988 Vtime: 0.0517
Step: 17900000  Loss: 0.257177 Regul: 0.023154 Obj: 0.280332 (0.069251)  NNZ: 5 (2)  Ttime: 1.4087 Vtime: 0.0513
Step: 18000000  Loss: 0.223710 Regul: 0.043330 Obj: 0.267040 (0.069251)  NNZ: 10 (2)  Ttime: 1.4041 Vtime: 0.0522
Step: 18100000  Loss: 0.329458 Regul: 0.035645 Obj: 0.365102 (0.069251)  NNZ: 9 (2)  Ttime: 1.4002 Vtime: 0.0514
Step: 18200000  Loss: 0.108501 Regul: 0.012383 Obj: 0.120884 (0.069251)  NNZ: 3 (2)  Ttime: 1.3977 Vtime: 0.0511
Step: 18300000  Loss: 0.232537 Regul: 0.038379 Obj: 0.270916 (0.069251)  NNZ: 7 (2)  Ttime: 1.3983 Vtime: 0.0515
Step: 18400000  Loss: 0.152885 Regul: 0.015254 Obj: 0.168139 (0.069251)  NNZ: 6 (2)  Ttime: 1.3997 Vtime: 0.0519
Step: 18500000  Loss: 0.174050 Regul: 0.023359 Obj: 0.197409 (0.069251)  NNZ: 8 (2)  Ttime: 1.4011 Vtime: 0.0524
Step: 18600000  Loss: 0.104005 Regul: 0.016611 Obj: 0.120617 (0.069251)  NNZ: 6 (2)  Ttime: 1.3978 Vtime: 0.0514
Step: 18700000  Loss: 0.087063 Regul: 0.011797 Obj: 0.098860 (0.069251)  NNZ: 5 (2)  Ttime: 1.4047 Vtime: 0.0515
Step: 18800000  Loss: 0.114154 Regul: 0.012490 Obj: 0.126645 (0.069251)  NNZ: 2 (2)  Ttime: 1.4011 Vtime: 0.0511
Step: 18900000  Loss: 0.272878 Regul: 0.036064 Obj: 0.308943 (0.069251)  NNZ: 9 (2)  Ttime: 1.3972 Vtime: 0.0515
Step: 19000000  Loss: 0.250833 Regul: 0.010898 Obj: 0.261732 (0.069251)  NNZ: 4 (2)  Ttime: 1.3991 Vtime: 0.0516
Step: 19100000  Loss: 0.094267 Regul: 0.013574 Obj: 0.107841 (0.069251)  NNZ: 5 (2)  Ttime: 1.3993 Vtime: 0.0512
Step: 19200000  Loss: 0.312961 Regul: 0.059209 Obj: 0.372170 (0.069251)  NNZ: 10 (2)  Ttime: 1.4044 Vtime: 0.0516
Step: 19300000  Loss: 0.175442 Regul: 0.020684 Obj: 0.196126 (0.069251)  NNZ: 6 (2)  Ttime: 1.4013 Vtime: 0.0507
Step: 19400000  Loss: 0.128525 Regul: 0.009404 Obj: 0.137929 (0.069251)  NNZ: 5 (2)  Ttime: 1.4004 Vtime: 0.0511
Step: 19500000  Loss: 0.116678 Regul: 0.012217 Obj: 0.128895 (0.069251)  NNZ: 3 (2)  Ttime: 1.4014 Vtime: 0.0517
Step: 19600000  Loss: 0.156039 Regul: 0.017432 Obj: 0.173471 (0.069251)  NNZ: 7 (2)  Ttime: 1.4000 Vtime: 0.0514
Step: 19700000  Loss: 0.169544 Regul: 0.004502 Obj: 0.174046 (0.069251)  NNZ: 1 (2)  Ttime: 1.4064 Vtime: 0.0513
Step: 19800000  Loss: 0.094903 Regul: 0.013994 Obj: 0.108897 (0.069251)  NNZ: 3 (2)  Ttime: 1.4018 Vtime: 0.0522
Step: 19900000  Loss: 0.123481 Regul: 0.011719 Obj: 0.135200 (0.069251)  NNZ: 5 (2)  Ttime: 1.4032 Vtime: 0.0509
Step: 20000000  Loss: 0.157624 Regul: 0.025967 Obj: 0.183591 (0.069251)  NNZ: 6 (2)  Ttime: 1.3969 Vtime: 0.0513
Step: 20100000  Loss: 0.181748 Regul: 0.014541 Obj: 0.196289 (0.069251)  NNZ: 5 (2)  Ttime: 1.4063 Vtime: 0.0512
Step: 20200000  Loss: 0.281771 Regul: 0.031055 Obj: 0.312826 (0.069251)  NNZ: 15 (2)  Ttime: 1.4075 Vtime: 0.0516
Step: 20300000  Loss: 0.179919 Regul: 0.018525 Obj: 0.198445 (0.069251)  NNZ: 5 (2)  Ttime: 1.3997 Vtime: 0.0514
Step: 20400000  Loss: 0.223936 Regul: 0.027871 Obj: 0.251807 (0.069251)  NNZ: 9 (2)  Ttime: 1.3994 Vtime: 0.0518
Step: 20500000  Loss: 0.276792 Regul: 0.050459 Obj: 0.327251 (0.069251)  NNZ: 9 (2)  Ttime: 1.4024 Vtime: 0.0517
Step: 20600000  Loss: 0.210365 Regul: 0.027285 Obj: 0.237650 (0.069251)  NNZ: 5 (2)  Ttime: 1.4011 Vtime: 0.0520
Step: 20700000  Loss: 0.121005 Regul: 0.015439 Obj: 0.136444 (0.069251)  NNZ: 3 (2)  Ttime: 1.4074 Vtime: 0.0515
Step: 20800000  Loss: 0.278648 Regul: 0.032891 Obj: 0.311538 (0.069251)  NNZ: 15 (2)  Ttime: 1.4051 Vtime: 0.0516
Step: 20900000  Loss: 0.266476 Regul: 0.027266 Obj: 0.293742 (0.069251)  NNZ: 8 (2)  Ttime: 1.4039 Vtime: 0.0517
Step: 21000000  Loss: 0.158558 Regul: 0.025527 Obj: 0.184085 (0.069251)  NNZ: 5 (2)  Ttime: 1.4127 Vtime: 0.0512
Step: 21100000  Loss: 0.078329 Regul: 0.008105 Obj: 0.086434 (0.069251)  NNZ: 4 (2)  Ttime: 1.4083 Vtime: 0.0511
Step: 21200000  Loss: 0.085700 Regul: 0.009336 Obj: 0.095036 (0.069251)  NNZ: 5 (2)  Ttime: 1.4087 Vtime: 0.0516
Step: 21300000  Loss: 0.106820 Regul: 0.014893 Obj: 0.121712 (0.069251)  NNZ: 6 (2)  Ttime: 1.4088 Vtime: 0.0525
Step: 21400000  Loss: 0.082223 Regul: 0.010410 Obj: 0.092633 (0.069251)  NNZ: 6 (2)  Ttime: 1.3976 Vtime: 0.0519
Step: 21500000  Loss: 0.261089 Regul: 0.033115 Obj: 0.294204 (0.069251)  NNZ: 7 (2)  Ttime: 1.3986 Vtime: 0.0521
Step: 21600000  Loss: 0.102142 Regul: 0.013135 Obj: 0.115277 (0.069251)  NNZ: 6 (2)  Ttime: 1.3983 Vtime: 0.0514
Step: 21700000  Loss: 0.095468 Regul: 0.013105 Obj: 0.108574 (0.069251)  NNZ: 5 (2)  Ttime: 1.3974 Vtime: 0.0520
Step: 21800000  Loss: 0.104333 Regul: 0.015078 Obj: 0.119411 (0.069251)  NNZ: 11 (2)  Ttime: 1.3994 Vtime: 0.0512
Step: 21900000  Loss: 0.113435 Regul: 0.015234 Obj: 0.128669 (0.069251)  NNZ: 7 (2)  Ttime: 1.3975 Vtime: 0.0512
Step: 22000000  Loss: 0.078974 Regul: 0.002285 Obj: 0.081259 (0.069251)  NNZ: 2 (2)  Ttime: 1.3977 Vtime: 0.0512
Step: 22100000  Loss: 0.113916 Regul: 0.018008 Obj: 0.131924 (0.069251)  NNZ: 6 (2)  Ttime: 1.4018 Vtime: 0.0509
Step: 22200000  Loss: 0.191612 Regul: 0.005742 Obj: 0.197354 (0.069251)  NNZ: 1 (2)  Ttime: 1.4036 Vtime: 0.0518
Step: 22300000  Loss: 0.093333 Regul: 0.015566 Obj: 0.108899 (0.069251)  NNZ: 5 (2)  Ttime: 1.3977 Vtime: 0.0519
Step: 22400000  Loss: 0.104821 Regul: 0.010674 Obj: 0.115495 (0.069251)  NNZ: 3 (2)  Ttime: 1.3997 Vtime: 0.0512
Step: 22500000  Loss: 0.182321 Regul: 0.029590 Obj: 0.211911 (0.069251)  NNZ: 9 (2)  Ttime: 1.4023 Vtime: 0.0513
Step: 22600000  Loss: 0.133612 Regul: 0.020039 Obj: 0.153651 (0.069251)  NNZ: 6 (2)  Ttime: 1.3998 Vtime: 0.0516
Step: 22700000  Loss: 0.118555 Regul: 0.017676 Obj: 0.136230 (0.069251)  NNZ: 5 (2)  Ttime: 1.3981 Vtime: 0.0519
Step: 22800000  Loss: 0.243134 Regul: 0.032080 Obj: 0.275214 (0.069251)  NNZ: 10 (2)  Ttime: 1.4048 Vtime: 0.0520
Step: 22900000  Loss: 0.148031 Regul: 0.016396 Obj: 0.164427 (0.069251)  NNZ: 11 (2)  Ttime: 1.4053 Vtime: 0.0519
Step: 23000000  Loss: 0.072381 Regul: 0.008076 Obj: 0.080457 (0.069251)  NNZ: 4 (2)  Ttime: 1.4065 Vtime: 0.0518
Step: 23100000  Loss: 0.390763 Regul: 0.013516 Obj: 0.404279 (0.069251)  NNZ: 5 (2)  Ttime: 1.4011 Vtime: 0.0513
Step: 23200000  Loss: 0.095888 Regul: 0.007979 Obj: 0.103867 (0.069251)  NNZ: 5 (2)  Ttime: 1.4033 Vtime: 0.0519
Step: 23300000  Loss: 0.083201 Regul: 0.008633 Obj: 0.091834 (0.069251)  NNZ: 5 (2)  Ttime: 1.3973 Vtime: 0.0518
Step: 23400000  Loss: 0.187274 Regul: 0.031895 Obj: 0.219168 (0.069251)  NNZ: 11 (2)  Ttime: 1.4010 Vtime: 0.0517
Step: 23500000  Loss: 0.155833 Regul: 0.025010 Obj: 0.180843 (0.069251)  NNZ: 8 (2)  Ttime: 1.4019 Vtime: 0.0517
Step: 23600000  Loss: 0.121694 Regul: 0.014131 Obj: 0.135824 (0.069251)  NNZ: 6 (2)  Ttime: 1.3990 Vtime: 0.0514
Step: 23700000  Loss: 0.120522 Regul: 0.014443 Obj: 0.134965 (0.069251)  NNZ: 6 (2)  Ttime: 1.4004 Vtime: 0.0510
Step: 23800000  Loss: 0.242984 Regul: 0.039355 Obj: 0.282340 (0.069251)  NNZ: 8 (2)  Ttime: 1.4145 Vtime: 0.0510
Step: 23900000  Loss: 0.126718 Regul: 0.016445 Obj: 0.143163 (0.069251)  NNZ: 5 (2)  Ttime: 1.4018 Vtime: 0.0521
Step: 24000000  Loss: 0.322112 Regul: 0.019932 Obj: 0.342044 (0.069251)  NNZ: 7 (2)  Ttime: 1.3994 Vtime: 0.0515
Step: 24100000  Loss: 0.109276 Regul: 0.017695 Obj: 0.126971 (0.069251)  NNZ: 6 (2)  Ttime: 1.4070 Vtime: 0.0517
Step: 24200000  Loss: 0.202720 Regul: 0.034688 Obj: 0.237408 (0.069251)  NNZ: 11 (2)  Ttime: 1.4013 Vtime: 0.0511
Step: 24300000  Loss: 0.142599 Regul: 0.025400 Obj: 0.167999 (0.069251)  NNZ: 8 (2)  Ttime: 1.4033 Vtime: 0.0517
Step: 24400000  Loss: 0.377962 Regul: 0.055029 Obj: 0.432991 (0.069251)  NNZ: 10 (2)  Ttime: 1.3972 Vtime: 0.0522
Step: 24500000  Loss: 0.116892 Regul: 0.004668 Obj: 0.121560 (0.069251)  NNZ: 2 (2)  Ttime: 1.4004 Vtime: 0.0515
Step: 24600000  Loss: 0.199726 Regul: 0.034912 Obj: 0.234638 (0.069251)  NNZ: 7 (2)  Ttime: 1.4053 Vtime: 0.0522
Step: 24700000  Loss: 0.129215 Regul: 0.011904 Obj: 0.141119 (0.069251)  NNZ: 5 (2)  Ttime: 1.4002 Vtime: 0.0514
Step: 24800000  Loss: 0.166318 Regul: 0.022432 Obj: 0.188750 (0.069251)  NNZ: 7 (2)  Ttime: 1.4096 Vtime: 0.0517
Step: 24900000  Loss: 0.246020 Regul: 0.041865 Obj: 0.287886 (0.069251)  NNZ: 10 (2)  Ttime: 1.4019 Vtime: 0.0518
Step: 25000000  Loss: 0.174055 Regul: 0.025937 Obj: 0.199993 (0.069251)  NNZ: 7 (2)  Ttime: 1.3999 Vtime: 0.0520
Step: 25100000  Loss: 0.071379 Regul: 0.003174 Obj: 0.074553 (0.069251)  NNZ: 4 (2)  Ttime: 1.3989 Vtime: 0.0518
Step: 25200000  Loss: 0.086938 Regul: 0.006611 Obj: 0.093550 (0.069251)  NNZ: 4 (2)  Ttime: 1.3951 Vtime: 0.0519
Step: 25300000  Loss: 0.073424 Regul: 0.004385 Obj: 0.077808 (0.069251)  NNZ: 3 (2)  Ttime: 1.3987 Vtime: 0.0522
Step: 25400000  Loss: 0.095632 Regul: 0.004141 Obj: 0.099773 (0.069251)  NNZ: 3 (2)  Ttime: 1.3991 Vtime: 0.0516
Step: 25500000  Loss: 0.141585 Regul: 0.023174 Obj: 0.164759 (0.069251)  NNZ: 7 (2)  Ttime: 1.3978 Vtime: 0.0508
Step: 25600000  Loss: 0.192951 Regul: 0.021699 Obj: 0.214650 (0.069251)  NNZ: 6 (2)  Ttime: 1.3953 Vtime: 0.0511
Step: 25700000  Loss: 0.137473 Regul: 0.015967 Obj: 0.153440 (0.069251)  NNZ: 3 (2)  Ttime: 1.3959 Vtime: 0.0514
Step: 25800000  Loss: 0.251867 Regul: 0.033174 Obj: 0.285041 (0.069251)  NNZ: 7 (2)  Ttime: 1.4011 Vtime: 0.0524
Step: 25900000  Loss: 0.105547 Regul: 0.015156 Obj: 0.120703 (0.069251)  NNZ: 5 (2)  Ttime: 1.3958 Vtime: 0.0511
Step: 26000000  Loss: 0.113975 Regul: 0.013320 Obj: 0.127296 (0.069251)  NNZ: 5 (2)  Ttime: 1.3946 Vtime: 0.0515
Step: 26100000  Loss: 0.108775 Regul: 0.015479 Obj: 0.124253 (0.069251)  NNZ: 4 (2)  Ttime: 1.3987 Vtime: 0.0521
Step: 26200000  Loss: 0.079166 Regul: 0.009482 Obj: 0.088649 (0.069251)  NNZ: 4 (2)  Ttime: 1.3959 Vtime: 0.0509
Step: 26300000  Loss: 0.094586 Regul: 0.011035 Obj: 0.105621 (0.069251)  NNZ: 4 (2)  Ttime: 1.3985 Vtime: 0.0509
Step: 26400000  Loss: 0.150222 Regul: 0.015107 Obj: 0.165330 (0.069251)  NNZ: 6 (2)  Ttime: 1.4032 Vtime: 0.0517
Step: 26500000  Loss: 0.576473 Regul: 0.015527 Obj: 0.592000 (0.069251)  NNZ: 5 (2)  Ttime: 1.4006 Vtime: 0.0520
Step: 26600000  Loss: 0.128419 Regul: 0.017441 Obj: 0.145861 (0.069251)  NNZ: 7 (2)  Ttime: 1.4027 Vtime: 0.0515
Step: 26700000  Loss: 0.119729 Regul: 0.014707 Obj: 0.134436 (0.069251)  NNZ: 5 (2)  Ttime: 1.4003 Vtime: 0.0514
Step: 26800000  Loss: 0.206785 Regul: 0.034180 Obj: 0.240965 (0.069251)  NNZ: 9 (2)  Ttime: 1.3997 Vtime: 0.0507
Step: 26900000  Loss: 0.097403 Regul: 0.015029 Obj: 0.112432 (0.069251)  NNZ: 5 (2)  Ttime: 1.4088 Vtime: 0.0506
Step: 27000000  Loss: 0.202305 Regul: 0.025156 Obj: 0.227461 (0.069251)  NNZ: 6 (2)  Ttime: 1.4081 Vtime: 0.0523
Step: 27100000  Loss: 0.102213 Regul: 0.014570 Obj: 0.116784 (0.069251)  NNZ: 9 (2)  Ttime: 1.4019 Vtime: 0.0507
Step: 27200000  Loss: 0.116655 Regul: 0.013359 Obj: 0.130015 (0.069251)  NNZ: 4 (2)  Ttime: 1.3988 Vtime: 0.0509
Step: 27300000  Loss: 0.104825 Regul: 0.014385 Obj: 0.119209 (0.069251)  NNZ: 6 (2)  Ttime: 1.3977 Vtime: 0.0515
Step: 27400000  Loss: 0.119415 Regul: 0.019229 Obj: 0.138644 (0.069251)  NNZ: 7 (2)  Ttime: 1.3988 Vtime: 0.0520
Step: 27500000  Loss: 0.112317 Regul: 0.016992 Obj: 0.129309 (0.069251)  NNZ: 6 (2)  Ttime: 1.3985 Vtime: 0.0517
Step: 27600000  Loss: 0.383521 Regul: 0.060254 Obj: 0.443775 (0.069251)  NNZ: 17 (2)  Ttime: 1.4037 Vtime: 0.0506
Step: 27700000  Loss: 0.122278 Regul: 0.016631 Obj: 0.138908 (0.069251)  NNZ: 5 (2)  Ttime: 1.3980 Vtime: 0.0514
Step: 27800000  Loss: 0.238834 Regul: 0.026621 Obj: 0.265456 (0.069251)  NNZ: 6 (2)  Ttime: 1.4029 Vtime: 0.0517
Step: 27900000  Loss: 0.087194 Regul: 0.011592 Obj: 0.098786 (0.069251)  NNZ: 5 (2)  Ttime: 1.3984 Vtime: 0.0516
Step: 28000000  Loss: 0.103458 Regul: 0.004658 Obj: 0.108116 (0.069251)  NNZ: 3 (2)  Ttime: 1.3975 Vtime: 0.0516
Step: 28100000  Loss: 0.082671 Regul: 0.006357 Obj: 0.089028 (0.069251)  NNZ: 4 (2)  Ttime: 1.4060 Vtime: 0.0512
Step: 28200000  Loss: 0.204508 Regul: 0.026377 Obj: 0.230885 (0.069251)  NNZ: 9 (2)  Ttime: 1.3996 Vtime: 0.0516
Step: 28300000  Loss: 0.158334 Regul: 0.022422 Obj: 0.180756 (0.069251)  NNZ: 8 (2)  Ttime: 1.4112 Vtime: 0.0507
Step: 28400000  Loss: 0.067298 Regul: 0.006777 Obj: 0.074075 (0.069251)  NNZ: 4 (2)  Ttime: 1.4000 Vtime: 0.0522
Step: 28500000  Loss: 0.333768 Regul: 0.056377 Obj: 0.390145 (0.069251)  NNZ: 12 (2)  Ttime: 1.4019 Vtime: 0.0518
Step: 28600000  Loss: 0.073138 Regul: 0.004062 Obj: 0.077201 (0.069251)  NNZ: 3 (2)  Ttime: 1.4171 Vtime: 0.0518
Step: 28700000  Loss: 0.196584 Regul: 0.030537 Obj: 0.227122 (0.069251)  NNZ: 9 (2)  Ttime: 1.4052 Vtime: 0.0523
Step: 28800000  Loss: 0.133630 Regul: 0.012354 Obj: 0.145984 (0.069251)  NNZ: 4 (2)  Ttime: 1.4024 Vtime: 0.0510
Step: 28900000  Loss: 0.157542 Regul: 0.022441 Obj: 0.179983 (0.069251)  NNZ: 7 (2)  Ttime: 1.3993 Vtime: 0.0513
Step: 29000000  Loss: 0.101351 Regul: 0.016982 Obj: 0.118334 (0.069251)  NNZ: 6 (2)  Ttime: 1.4017 Vtime: 0.0509
Step: 29100000  Loss: 0.129230 Regul: 0.016279 Obj: 0.145510 (0.069251)  NNZ: 7 (2)  Ttime: 1.4010 Vtime: 0.0506
Step: 29200000  Loss: 0.082666 Regul: 0.012500 Obj: 0.095166 (0.069251)  NNZ: 6 (2)  Ttime: 1.3992 Vtime: 0.0519
Step: 29300000  Loss: 0.339360 Regul: 0.029424 Obj: 0.368783 (0.069251)  NNZ: 12 (2)  Ttime: 1.3990 Vtime: 0.0512
Step: 29400000  Loss: 0.071421 Regul: 0.008105 Obj: 0.079526 (0.069251)  NNZ: 3 (2)  Ttime: 1.4037 Vtime: 0.0516
Step: 29500000  Loss: 0.246486 Regul: 0.041484 Obj: 0.287970 (0.069251)  NNZ: 11 (2)  Ttime: 1.4110 Vtime: 0.0515
Step: 29600000  Loss: 0.152101 Regul: 0.019590 Obj: 0.171691 (0.069251)  NNZ: 7 (2)  Ttime: 1.3998 Vtime: 0.0510
Step: 29700000  Loss: 0.064275 Regul: 0.007773 Obj: 0.072048 (0.069251)  NNZ: 5 (2)  Ttime: 1.3977 Vtime: 0.0516
Step: 29800000  Loss: 0.220124 Regul: 0.032852 Obj: 0.252976 (0.069251)  NNZ: 10 (2)  Ttime: 1.4045 Vtime: 0.0517
Step: 29900000  Loss: 0.166260 Regul: 0.022344 Obj: 0.188603 (0.069251)  NNZ: 8 (2)  Ttime: 1.4028 Vtime: 0.0515
Step: 30000000  Loss: 0.127669 Regul: 0.016943 Obj: 0.144612 (0.069251)  NNZ: 6 (2)  Ttime: 1.4001 Vtime: 0.0518
Step: 30100000  Loss: 0.094926 Regul: 0.004414 Obj: 0.099340 (0.069251)  NNZ: 2 (2)  Ttime: 1.3975 Vtime: 0.0514
Step: 30200000  Loss: 0.095250 Regul: 0.008867 Obj: 0.104118 (0.069251)  NNZ: 4 (2)  Ttime: 1.3972 Vtime: 0.0511
Step: 30300000  Loss: 0.102809 Regul: 0.013965 Obj: 0.116774 (0.069251)  NNZ: 7 (2)  Ttime: 1.4022 Vtime: 0.0518
Step: 30400000  Loss: 0.066671 Regul: 0.005625 Obj: 0.072296 (0.069251)  NNZ: 2 (2)  Ttime: 1.3971 Vtime: 0.0519
Step: 30500000  Loss: 0.152162 Regul: 0.013779 Obj: 0.165942 (0.069251)  NNZ: 7 (2)  Ttime: 1.4070 Vtime: 0.0519
Step: 30600000  Loss: 0.356009 Regul: 0.060342 Obj: 0.416351 (0.069251)  NNZ: 16 (2)  Ttime: 1.4023 Vtime: 0.0523
Step: 30700000  Loss: 0.139509 Regul: 0.011230 Obj: 0.150740 (0.069251)  NNZ: 7 (2)  Ttime: 1.4067 Vtime: 0.0510
Step: 30800000  Loss: 0.198144 Regul: 0.037041 Obj: 0.235185 (0.069251)  NNZ: 12 (2)  Ttime: 1.4285 Vtime: 0.0512
Step: 30900000  Loss: 0.096519 Regul: 0.012959 Obj: 0.109478 (0.069251)  NNZ: 6 (2)  Ttime: 1.4191 Vtime: 0.0514
Step: 31000000  Loss: 0.144907 Regul: 0.026855 Obj: 0.171763 (0.069251)  NNZ: 9 (2)  Ttime: 1.4012 Vtime: 0.0517
Step: 31100000  Loss: 0.082847 Regul: 0.005977 Obj: 0.088823 (0.069251)  NNZ: 5 (2)  Ttime: 1.3992 Vtime: 0.0517
Step: 31200000  Loss: 0.093659 Regul: 0.014854 Obj: 0.108513 (0.069251)  NNZ: 6 (2)  Ttime: 1.3993 Vtime: 0.0514
Step: 31300000  Loss: 0.108648 Regul: 0.003105 Obj: 0.111754 (0.069251)  NNZ: 3 (2)  Ttime: 1.4035 Vtime: 0.0512
Step: 31400000  Loss: 0.143648 Regul: 0.020107 Obj: 0.163756 (0.069251)  NNZ: 8 (2)  Ttime: 1.4011 Vtime: 0.0512
Step: 31500000  Loss: 0.353386 Regul: 0.040381 Obj: 0.393767 (0.069251)  NNZ: 14 (2)  Ttime: 1.4026 Vtime: 0.0519
Step: 31600000  Loss: 0.209203 Regul: 0.030791 Obj: 0.239994 (0.069251)  NNZ: 9 (2)  Ttime: 1.4013 Vtime: 0.0515
Step: 31700000  Loss: 0.070355 Regul: 0.008740 Obj: 0.079095 (0.069251)  NNZ: 5 (2)  Ttime: 1.3976 Vtime: 0.0516
Step: 31800000  Loss: 0.249432 Regul: 0.032842 Obj: 0.282274 (0.069251)  NNZ: 10 (2)  Ttime: 1.4010 Vtime: 0.0517
Best: 31900000  Loss: 0.063015 Regul: 0.004902 Obj: 0.067917 (0.067917)  NNZ: 3 (3)  Ttime: 1.3988 Vtime: 0.0517
Stat: nPR #20 (#24) Dim/MaxDim [160/640] AUC: 0.976991 FPR95: 11.15 [saved]
Step: 32000000  Loss: 0.112043 Regul: 0.014883 Obj: 0.126926 (0.067917)  NNZ: 7 (3)  Ttime: 1.4016 Vtime: 0.0522
Step: 32100000  Loss: 0.165702 Regul: 0.020078 Obj: 0.185780 (0.067917)  NNZ: 7 (3)  Ttime: 1.4040 Vtime: 0.0522
Step: 32200000  Loss: 0.114237 Regul: 0.015820 Obj: 0.130058 (0.067917)  NNZ: 5 (3)  Ttime: 1.4002 Vtime: 0.0510
Step: 32300000  Loss: 0.300877 Regul: 0.036582 Obj: 0.337459 (0.067917)  NNZ: 10 (3)  Ttime: 1.3995 Vtime: 0.0521
Step: 32400000  Loss: 0.134588 Regul: 0.015107 Obj: 0.149695 (0.067917)  NNZ: 4 (3)  Ttime: 1.4080 Vtime: 0.0519
Step: 32500000  Loss: 0.161804 Regul: 0.021865 Obj: 0.183670 (0.067917)  NNZ: 8 (3)  Ttime: 1.4069 Vtime: 0.0514
Step: 32600000  Loss: 0.115906 Regul: 0.011836 Obj: 0.127741 (0.067917)  NNZ: 4 (3)  Ttime: 1.4071 Vtime: 0.0522
Step: 32700000  Loss: 0.070841 Regul: 0.003896 Obj: 0.074737 (0.067917)  NNZ: 3 (3)  Ttime: 1.4061 Vtime: 0.0511
Step: 32800000  Loss: 0.091487 Regul: 0.009844 Obj: 0.101331 (0.067917)  NNZ: 5 (3)  Ttime: 1.3975 Vtime: 0.0509
Step: 32900000  Loss: 0.262410 Regul: 0.040420 Obj: 0.302830 (0.067917)  NNZ: 16 (3)  Ttime: 1.3977 Vtime: 0.0519
Step: 33000000  Loss: 0.096308 Regul: 0.012305 Obj: 0.108613 (0.067917)  NNZ: 5 (3)  Ttime: 1.4098 Vtime: 0.0514
Step: 33100000  Loss: 0.198147 Regul: 0.032363 Obj: 0.230510 (0.067917)  NNZ: 13 (3)  Ttime: 1.4073 Vtime: 0.0510
Step: 33200000  Loss: 0.139676 Regul: 0.017520 Obj: 0.157195 (0.067917)  NNZ: 8 (3)  Ttime: 1.4057 Vtime: 0.0515
Step: 33300000  Loss: 0.151950 Regul: 0.011514 Obj: 0.163464 (0.067917)  NNZ: 2 (3)  Ttime: 1.4014 Vtime: 0.0516
Step: 33400000  Loss: 0.242722 Regul: 0.034736 Obj: 0.277458 (0.067917)  NNZ: 10 (3)  Ttime: 1.4008 Vtime: 0.0521
Step: 33500000  Loss: 0.123909 Regul: 0.014346 Obj: 0.138255 (0.067917)  NNZ: 6 (3)  Ttime: 1.4058 Vtime: 0.0520
Step: 33600000  Loss: 0.116180 Regul: 0.014590 Obj: 0.130770 (0.067917)  NNZ: 5 (3)  Ttime: 1.4011 Vtime: 0.0515
Step: 33700000  Loss: 0.224391 Regul: 0.018574 Obj: 0.242966 (0.067917)  NNZ: 6 (3)  Ttime: 1.3997 Vtime: 0.0514
Step: 33800000  Loss: 0.425645 Regul: 0.047549 Obj: 0.473194 (0.067917)  NNZ: 13 (3)  Ttime: 1.4064 Vtime: 0.0518
Step: 33900000  Loss: 0.176313 Regul: 0.025283 Obj: 0.201597 (0.067917)  NNZ: 7 (3)  Ttime: 1.3972 Vtime: 0.0521
Step: 34000000  Loss: 0.683992 Regul: 0.063008 Obj: 0.747000 (0.067917)  NNZ: 16 (3)  Ttime: 1.4021 Vtime: 0.0510
Step: 34100000  Loss: 0.333108 Regul: 0.048164 Obj: 0.381272 (0.067917)  NNZ: 14 (3)  Ttime: 1.4098 Vtime: 0.0511
Step: 34200000  Loss: 0.157377 Regul: 0.020576 Obj: 0.177953 (0.067917)  NNZ: 5 (3)  Ttime: 1.3977 Vtime: 0.0510
Step: 34300000  Loss: 0.181350 Regul: 0.034189 Obj: 0.215540 (0.067917)  NNZ: 12 (3)  Ttime: 1.4008 Vtime: 0.0513
Step: 34400000  Loss: 0.364224 Regul: 0.069561 Obj: 0.433785 (0.067917)  NNZ: 18 (3)  Ttime: 1.4008 Vtime: 0.0513
Step: 34500000  Loss: 0.250999 Regul: 0.036602 Obj: 0.287601 (0.067917)  NNZ: 9 (3)  Ttime: 1.4054 Vtime: 0.0516
Step: 34600000  Loss: 0.170404 Regul: 0.018682 Obj: 0.189086 (0.067917)  NNZ: 9 (3)  Ttime: 1.4073 Vtime: 0.0516
Step: 34700000  Loss: 0.160868 Regul: 0.027256 Obj: 0.188123 (0.067917)  NNZ: 10 (3)  Ttime: 1.4066 Vtime: 0.0508
Step: 34800000  Loss: 0.315148 Regul: 0.026514 Obj: 0.341661 (0.067917)  NNZ: 7 (3)  Ttime: 1.3984 Vtime: 0.0514
Step: 34900000  Loss: 0.116546 Regul: 0.017100 Obj: 0.133645 (0.067917)  NNZ: 5 (3)  Ttime: 1.3984 Vtime: 0.0514
Step: 35000000  Loss: 0.121806 Regul: 0.013359 Obj: 0.135165 (0.067917)  NNZ: 5 (3)  Ttime: 1.3980 Vtime: 0.0517
Step: 35100000  Loss: 0.254971 Regul: 0.047627 Obj: 0.302598 (0.067917)  NNZ: 13 (3)  Ttime: 1.4018 Vtime: 0.0514
Step: 35200000  Loss: 0.507682 Regul: 0.078506 Obj: 0.586188 (0.067917)  NNZ: 15 (3)  Ttime: 1.4051 Vtime: 0.0516
Step: 35300000  Loss: 0.089033 Regul: 0.009971 Obj: 0.099004 (0.067917)  NNZ: 4 (3)  Ttime: 1.3989 Vtime: 0.0513
Step: 35400000  Loss: 0.601944 Regul: 0.060537 Obj: 0.662482 (0.067917)  NNZ: 14 (3)  Ttime: 1.4055 Vtime: 0.0515
Step: 35500000  Loss: 0.178391 Regul: 0.020977 Obj: 0.199368 (0.067917)  NNZ: 8 (3)  Ttime: 1.4018 Vtime: 0.0521
Step: 35600000  Loss: 0.180308 Regul: 0.035596 Obj: 0.215904 (0.067917)  NNZ: 8 (3)  Ttime: 1.4063 Vtime: 0.0515
Step: 35700000  Loss: 0.226504 Regul: 0.040205 Obj: 0.266709 (0.067917)  NNZ: 10 (3)  Ttime: 1.4083 Vtime: 0.0516
Step: 35800000  Loss: 0.123043 Regul: 0.023691 Obj: 0.146734 (0.067917)  NNZ: 9 (3)  Ttime: 1.4086 Vtime: 0.0512
Step: 35900000  Loss: 0.138491 Regul: 0.019424 Obj: 0.157915 (0.067917)  NNZ: 8 (3)  Ttime: 1.4091 Vtime: 0.0519
Step: 36000000  Loss: 0.172638 Regul: 0.026270 Obj: 0.198907 (0.067917)  NNZ: 7 (3)  Ttime: 1.4046 Vtime: 0.0508
Step: 36100000  Loss: 0.336368 Regul: 0.051611 Obj: 0.387979 (0.067917)  NNZ: 12 (3)  Ttime: 1.3998 Vtime: 0.0511
Step: 36200000  Loss: 0.168148 Regul: 0.029316 Obj: 0.197464 (0.067917)  NNZ: 9 (3)  Ttime: 1.4014 Vtime: 0.0511
Step: 36300000  Loss: 0.138789 Regul: 0.020049 Obj: 0.158837 (0.067917)  NNZ: 8 (3)  Ttime: 1.4030 Vtime: 0.0510
Step: 36400000  Loss: 0.107430 Regul: 0.018311 Obj: 0.125740 (0.067917)  NNZ: 5 (3)  Ttime: 1.3999 Vtime: 0.0519
Step: 36500000  Loss: 0.099345 Regul: 0.007285 Obj: 0.106630 (0.067917)  NNZ: 3 (3)  Ttime: 1.3949 Vtime: 0.0506
Step: 36600000  Loss: 0.154391 Regul: 0.021348 Obj: 0.175739 (0.067917)  NNZ: 6 (3)  Ttime: 1.3971 Vtime: 0.0514
Step: 36700000  Loss: 0.079273 Regul: 0.011504 Obj: 0.090777 (0.067917)  NNZ: 5 (3)  Ttime: 1.3982 Vtime: 0.0509
Step: 36800000  Loss: 0.102330 Regul: 0.016660 Obj: 0.118990 (0.067917)  NNZ: 6 (3)  Ttime: 1.3965 Vtime: 0.0514
Step: 36900000  Loss: 0.135979 Regul: 0.016973 Obj: 0.152952 (0.067917)  NNZ: 8 (3)  Ttime: 1.3961 Vtime: 0.0518
Step: 37000000  Loss: 0.232796 Regul: 0.034834 Obj: 0.267630 (0.067917)  NNZ: 9 (3)  Ttime: 1.3968 Vtime: 0.0521
Step: 37100000  Loss: 0.302068 Regul: 0.050586 Obj: 0.352654 (0.067917)  NNZ: 13 (3)  Ttime: 1.3972 Vtime: 0.0522
Step: 37200000  Loss: 0.125041 Regul: 0.017148 Obj: 0.142189 (0.067917)  NNZ: 6 (3)  Ttime: 1.3957 Vtime: 0.0517
Step: 37300000  Loss: 0.261752 Regul: 0.035703 Obj: 0.297455 (0.067917)  NNZ: 9 (3)  Ttime: 1.3984 Vtime: 0.0522
Step: 37400000  Loss: 0.116620 Regul: 0.021875 Obj: 0.138495 (0.067917)  NNZ: 7 (3)  Ttime: 1.3954 Vtime: 0.0512
Step: 37500000  Loss: 0.172463 Regul: 0.027256 Obj: 0.199719 (0.067917)  NNZ: 8 (3)  Ttime: 1.4021 Vtime: 0.0524
Step: 37600000  Loss: 0.150921 Regul: 0.011885 Obj: 0.162806 (0.067917)  NNZ: 4 (3)  Ttime: 1.3953 Vtime: 0.0509
Step: 37700000  Loss: 0.178010 Regul: 0.027529 Obj: 0.205540 (0.067917)  NNZ: 6 (3)  Ttime: 1.3949 Vtime: 0.0512
Step: 37800000  Loss: 0.145620 Regul: 0.023330 Obj: 0.168950 (0.067917)  NNZ: 7 (3)  Ttime: 1.3958 Vtime: 0.0513
Step: 37900000  Loss: 0.238703 Regul: 0.022197 Obj: 0.260900 (0.067917)  NNZ: 8 (3)  Ttime: 1.3967 Vtime: 0.0522
Step: 38000000  Loss: 0.208577 Regul: 0.014023 Obj: 0.222601 (0.067917)  NNZ: 6 (3)  Ttime: 1.4013 Vtime: 0.0512
Step: 38100000  Loss: 0.242014 Regul: 0.047852 Obj: 0.289865 (0.067917)  NNZ: 11 (3)  Ttime: 1.3954 Vtime: 0.0514
Step: 38200000  Loss: 0.137059 Regul: 0.018232 Obj: 0.155291 (0.067917)  NNZ: 5 (3)  Ttime: 1.3965 Vtime: 0.0513
Step: 38300000  Loss: 0.108176 Regul: 0.020400 Obj: 0.128577 (0.067917)  NNZ: 9 (3)  Ttime: 1.3973 Vtime: 0.0516
Step: 38400000  Loss: 0.088003 Regul: 0.013545 Obj: 0.101548 (0.067917)  NNZ: 6 (3)  Ttime: 1.3999 Vtime: 0.0525
Step: 38500000  Loss: 0.216555 Regul: 0.008730 Obj: 0.225286 (0.067917)  NNZ: 3 (3)  Ttime: 1.4042 Vtime: 0.0511
Step: 38600000  Loss: 0.135229 Regul: 0.014746 Obj: 0.149975 (0.067917)  NNZ: 4 (3)  Ttime: 1.4002 Vtime: 0.0514
Step: 38700000  Loss: 0.136598 Regul: 0.022803 Obj: 0.159401 (0.067917)  NNZ: 9 (3)  Ttime: 1.3967 Vtime: 0.0514
Step: 38800000  Loss: 0.275027 Regul: 0.036348 Obj: 0.311374 (0.067917)  NNZ: 13 (3)  Ttime: 1.4005 Vtime: 0.0516
Step: 38900000  Loss: 0.144928 Regul: 0.028447 Obj: 0.173375 (0.067917)  NNZ: 9 (3)  Ttime: 1.3930 Vtime: 0.0508
Step: 39000000  Loss: 0.316314 Regul: 0.035439 Obj: 0.351754 (0.067917)  NNZ: 10 (3)  Ttime: 1.3942 Vtime: 0.0518
Step: 39100000  Loss: 0.198210 Regul: 0.033027 Obj: 0.231237 (0.067917)  NNZ: 13 (3)  Ttime: 1.3977 Vtime: 0.0520
Step: 39200000  Loss: 0.366401 Regul: 0.049561 Obj: 0.415961 (0.067917)  NNZ: 10 (3)  Ttime: 1.3948 Vtime: 0.0506
Step: 39300000  Loss: 0.167832 Regul: 0.021396 Obj: 0.189229 (0.067917)  NNZ: 10 (3)  Ttime: 1.4029 Vtime: 0.0515
Step: 39400000  Loss: 0.244992 Regul: 0.031670 Obj: 0.276662 (0.067917)  NNZ: 6 (3)  Ttime: 1.3941 Vtime: 0.0511
Step: 39500000  Loss: 0.178920 Regul: 0.033877 Obj: 0.212796 (0.067917)  NNZ: 11 (3)  Ttime: 1.3928 Vtime: 0.0511
Step: 39600000  Loss: 0.216780 Regul: 0.037393 Obj: 0.254173 (0.067917)  NNZ: 9 (3)  Ttime: 1.3995 Vtime: 0.0520
Step: 39700000  Loss: 0.208076 Regul: 0.014092 Obj: 0.222168 (0.067917)  NNZ: 5 (3)  Ttime: 1.3960 Vtime: 0.0513
Step: 39800000  Loss: 0.118825 Regul: 0.019658 Obj: 0.138483 (0.067917)  NNZ: 8 (3)  Ttime: 1.3943 Vtime: 0.0511
Step: 39900000  Loss: 0.108181 Regul: 0.003105 Obj: 0.111287 (0.067917)  NNZ: 3 (3)  Ttime: 1.3964 Vtime: 0.0522
Step: 40000000  Loss: 0.326908 Regul: 0.043936 Obj: 0.370843 (0.067917)  NNZ: 10 (3)  Ttime: 1.3924 Vtime: 0.0522
Step: 40100000  Loss: 0.323515 Regul: 0.057324 Obj: 0.380839 (0.067917)  NNZ: 12 (3)  Ttime: 1.3947 Vtime: 0.0510
Step: 40200000  Loss: 0.247965 Regul: 0.048994 Obj: 0.296959 (0.067917)  NNZ: 17 (3)  Ttime: 1.3933 Vtime: 0.0514
Step: 40300000  Loss: 0.150179 Regul: 0.018711 Obj: 0.168890 (0.067917)  NNZ: 6 (3)  Ttime: 1.3933 Vtime: 0.0506
Step: 40400000  Loss: 0.148814 Regul: 0.014785 Obj: 0.163599 (0.067917)  NNZ: 7 (3)  Ttime: 1.3961 Vtime: 0.0519
Step: 40500000  Loss: 0.105572 Regul: 0.015166 Obj: 0.120738 (0.067917)  NNZ: 6 (3)  Ttime: 1.3912 Vtime: 0.0516
Step: 40600000  Loss: 0.127458 Regul: 0.019570 Obj: 0.147029 (0.067917)  NNZ: 9 (3)  Ttime: 1.3953 Vtime: 0.0516
Step: 40700000  Loss: 0.230368 Regul: 0.046484 Obj: 0.276852 (0.067917)  NNZ: 15 (3)  Ttime: 1.4007 Vtime: 0.0515
Step: 40800000  Loss: 0.126041 Regul: 0.019229 Obj: 0.145269 (0.067917)  NNZ: 6 (3)  Ttime: 1.3961 Vtime: 0.0513
Step: 40900000  Loss: 0.410022 Regul: 0.034902 Obj: 0.444924 (0.067917)  NNZ: 13 (3)  Ttime: 1.3942 Vtime: 0.0510
Step: 41000000  Loss: 0.182024 Regul: 0.025840 Obj: 0.207863 (0.067917)  NNZ: 7 (3)  Ttime: 1.3943 Vtime: 0.0513
Step: 41100000  Loss: 0.250124 Regul: 0.034629 Obj: 0.284753 (0.067917)  NNZ: 8 (3)  Ttime: 1.3975 Vtime: 0.0512
Step: 41200000  Loss: 0.160718 Regul: 0.022295 Obj: 0.183013 (0.067917)  NNZ: 6 (3)  Ttime: 1.4034 Vtime: 0.0514
Step: 41300000  Loss: 0.321635 Regul: 0.045225 Obj: 0.366860 (0.067917)  NNZ: 16 (3)  Ttime: 1.4040 Vtime: 0.0517
Step: 41400000  Loss: 0.191118 Regul: 0.009971 Obj: 0.201088 (0.067917)  NNZ: 4 (3)  Ttime: 1.3994 Vtime: 0.0515
Step: 41500000  Loss: 0.913556 Regul: 0.025654 Obj: 0.939211 (0.067917)  NNZ: 6 (3)  Ttime: 1.4098 Vtime: 0.0515
Step: 41600000  Loss: 0.178015 Regul: 0.025742 Obj: 0.203757 (0.067917)  NNZ: 6 (3)  Ttime: 1.4107 Vtime: 0.0511
Step: 41700000  Loss: 0.120796 Regul: 0.017832 Obj: 0.138628 (0.067917)  NNZ: 7 (3)  Ttime: 1.4016 Vtime: 0.0514
Step: 41800000  Loss: 0.157969 Regul: 0.030713 Obj: 0.188682 (0.067917)  NNZ: 9 (3)  Ttime: 1.4005 Vtime: 0.0517
Step: 41900000  Loss: 0.182782 Regul: 0.035957 Obj: 0.218739 (0.067917)  NNZ: 10 (3)  Ttime: 1.4095 Vtime: 0.0516
Step: 42000000  Loss: 0.225578 Regul: 0.031201 Obj: 0.256779 (0.067917)  NNZ: 8 (3)  Ttime: 1.4022 Vtime: 0.0512
Step: 42100000  Loss: 0.266616 Regul: 0.042646 Obj: 0.309262 (0.067917)  NNZ: 12 (3)  Ttime: 1.3988 Vtime: 0.0515
Step: 42200000  Loss: 0.160166 Regul: 0.026787 Obj: 0.186953 (0.067917)  NNZ: 8 (3)  Ttime: 1.3980 Vtime: 0.0511
Step: 42300000  Loss: 0.202556 Regul: 0.029297 Obj: 0.231853 (0.067917)  NNZ: 10 (3)  Ttime: 1.3986 Vtime: 0.0519
Step: 42400000  Loss: 0.109666 Regul: 0.018740 Obj: 0.128407 (0.067917)  NNZ: 7 (3)  Ttime: 1.4023 Vtime: 0.0514
Step: 42500000  Loss: 0.426214 Regul: 0.013672 Obj: 0.439886 (0.067917)  NNZ: 5 (3)  Ttime: 1.3996 Vtime: 0.0522
Step: 42600000  Loss: 0.120463 Regul: 0.014541 Obj: 0.135004 (0.067917)  NNZ: 6 (3)  Ttime: 1.4018 Vtime: 0.0510
Step: 42700000  Loss: 0.090697 Regul: 0.010225 Obj: 0.100921 (0.067917)  NNZ: 6 (3)  Ttime: 1.4024 Vtime: 0.0512
Step: 42800000  Loss: 0.227345 Regul: 0.047041 Obj: 0.274386 (0.067917)  NNZ: 12 (3)  Ttime: 1.4004 Vtime: 0.0515
Step: 42900000  Loss: 0.251473 Regul: 0.045713 Obj: 0.297186 (0.067917)  NNZ: 12 (3)  Ttime: 1.4019 Vtime: 0.0510
Step: 43000000  Loss: 0.104758 Regul: 0.018066 Obj: 0.122825 (0.067917)  NNZ: 6 (3)  Ttime: 1.4130 Vtime: 0.0513
Step: 43100000  Loss: 0.136940 Regul: 0.016016 Obj: 0.152955 (0.067917)  NNZ: 5 (3)  Ttime: 1.4061 Vtime: 0.0512
Step: 43200000  Loss: 0.171501 Regul: 0.028818 Obj: 0.200320 (0.067917)  NNZ: 8 (3)  Ttime: 1.3989 Vtime: 0.0517
Step: 43300000  Loss: 0.165758 Regul: 0.031475 Obj: 0.197233 (0.067917)  NNZ: 6 (3)  Ttime: 1.4028 Vtime: 0.0516
Step: 43400000  Loss: 0.132897 Regul: 0.024170 Obj: 0.157067 (0.067917)  NNZ: 7 (3)  Ttime: 1.4003 Vtime: 0.0513
Step: 43500000  Loss: 0.234739 Regul: 0.026973 Obj: 0.261712 (0.067917)  NNZ: 7 (3)  Ttime: 1.4039 Vtime: 0.0517
Step: 43600000  Loss: 0.148821 Regul: 0.025176 Obj: 0.173997 (0.067917)  NNZ: 7 (3)  Ttime: 1.4007 Vtime: 0.0520
Step: 43700000  Loss: 0.392241 Regul: 0.060420 Obj: 0.452661 (0.067917)  NNZ: 13 (3)  Ttime: 1.3999 Vtime: 0.0520
Step: 43800000  Loss: 0.152869 Regul: 0.020820 Obj: 0.173690 (0.067917)  NNZ: 10 (3)  Ttime: 1.3976 Vtime: 0.0512
Step: 43900000  Loss: 0.074407 Regul: 0.011338 Obj: 0.085745 (0.067917)  NNZ: 5 (3)  Ttime: 1.4001 Vtime: 0.0511
Step: 44000000  Loss: 0.140911 Regul: 0.013350 Obj: 0.154261 (0.067917)  NNZ: 7 (3)  Ttime: 1.3998 Vtime: 0.0510
Step: 44100000  Loss: 0.144613 Regul: 0.014443 Obj: 0.159056 (0.067917)  NNZ: 4 (3)  Ttime: 1.4078 Vtime: 0.0513
Step: 44200000  Loss: 0.195224 Regul: 0.039072 Obj: 0.234296 (0.067917)  NNZ: 11 (3)  Ttime: 1.4087 Vtime: 0.0518
Step: 44300000  Loss: 0.114917 Regul: 0.009551 Obj: 0.124468 (0.067917)  NNZ: 6 (3)  Ttime: 1.4105 Vtime: 0.0517
Step: 44400000  Loss: 0.209062 Regul: 0.041328 Obj: 0.250390 (0.067917)  NNZ: 7 (3)  Ttime: 1.4085 Vtime: 0.0514
Step: 44500000  Loss: 0.093020 Regul: 0.013555 Obj: 0.106575 (0.067917)  NNZ: 3 (3)  Ttime: 1.3985 Vtime: 0.0507
Step: 44600000  Loss: 0.099157 Regul: 0.008477 Obj: 0.107633 (0.067917)  NNZ: 4 (3)  Ttime: 1.3993 Vtime: 0.0522
Step: 44700000  Loss: 0.280959 Regul: 0.035107 Obj: 0.316067 (0.067917)  NNZ: 11 (3)  Ttime: 1.4017 Vtime: 0.0516
Step: 44800000  Loss: 0.094851 Regul: 0.013779 Obj: 0.108630 (0.067917)  NNZ: 7 (3)  Ttime: 1.3976 Vtime: 0.0517
Step: 44900000  Loss: 0.135617 Regul: 0.022744 Obj: 0.158361 (0.067917)  NNZ: 7 (3)  Ttime: 1.4000 Vtime: 0.0520
Step: 45000000  Loss: 0.220880 Regul: 0.036016 Obj: 0.256896 (0.067917)  NNZ: 9 (3)  Ttime: 1.4034 Vtime: 0.0516
Step: 45100000  Loss: 0.128278 Regul: 0.013076 Obj: 0.141354 (0.067917)  NNZ: 7 (3)  Ttime: 1.4007 Vtime: 0.0527
Step: 45200000  Loss: 0.213043 Regul: 0.038906 Obj: 0.251949 (0.067917)  NNZ: 12 (3)  Ttime: 1.4078 Vtime: 0.0511
Step: 45300000  Loss: 0.256752 Regul: 0.049541 Obj: 0.306293 (0.067917)  NNZ: 13 (3)  Ttime: 1.3976 Vtime: 0.0517
Step: 45400000  Loss: 0.159439 Regul: 0.026191 Obj: 0.185631 (0.067917)  NNZ: 11 (3)  Ttime: 1.4071 Vtime: 0.0514
Step: 45500000  Loss: 0.135210 Regul: 0.022246 Obj: 0.157456 (0.067917)  NNZ: 7 (3)  Ttime: 1.4089 Vtime: 0.0511
Step: 45600000  Loss: 0.451242 Regul: 0.077324 Obj: 0.528567 (0.067917)  NNZ: 15 (3)  Ttime: 1.3989 Vtime: 0.0514
Step: 45700000  Loss: 0.133716 Regul: 0.020566 Obj: 0.154283 (0.067917)  NNZ: 6 (3)  Ttime: 1.4018 Vtime: 0.0517
Step: 45800000  Loss: 0.204152 Regul: 0.037178 Obj: 0.241329 (0.067917)  NNZ: 13 (3)  Ttime: 1.3981 Vtime: 0.0520
Step: 45900000  Loss: 0.315204 Regul: 0.022266 Obj: 0.337470 (0.067917)  NNZ: 9 (3)  Ttime: 1.4037 Vtime: 0.0521
Step: 46000000  Loss: 1.051048 Regul: 0.018652 Obj: 1.069701 (0.067917)  NNZ: 5 (3)  Ttime: 1.3965 Vtime: 0.0513
Step: 46100000  Loss: 0.126078 Regul: 0.013174 Obj: 0.139252 (0.067917)  NNZ: 8 (3)  Ttime: 1.3996 Vtime: 0.0519
Step: 46200000  Loss: 0.144033 Regul: 0.023516 Obj: 0.167549 (0.067917)  NNZ: 9 (3)  Ttime: 1.3994 Vtime: 0.0514
Step: 46300000  Loss: 0.165229 Regul: 0.024854 Obj: 0.190083 (0.067917)  NNZ: 6 (3)  Ttime: 1.4054 Vtime: 0.0521
Step: 46400000  Loss: 0.075193 Regul: 0.007090 Obj: 0.082283 (0.067917)  NNZ: 4 (3)  Ttime: 1.3986 Vtime: 0.0515
Step: 46500000  Loss: 0.100971 Regul: 0.017383 Obj: 0.118354 (0.067917)  NNZ: 10 (3)  Ttime: 1.3980 Vtime: 0.0512
Step: 46600000  Loss: 0.121713 Regul: 0.015195 Obj: 0.136909 (0.067917)  NNZ: 6 (3)  Ttime: 1.3979 Vtime: 0.0510
Step: 46700000  Loss: 0.169469 Regul: 0.029727 Obj: 0.199196 (0.067917)  NNZ: 8 (3)  Ttime: 1.4019 Vtime: 0.0517
Step: 46800000  Loss: 0.222123 Regul: 0.021572 Obj: 0.243695 (0.067917)  NNZ: 7 (3)  Ttime: 1.4008 Vtime: 0.0516
Step: 46900000  Loss: 0.126484 Regul: 0.021523 Obj: 0.148008 (0.067917)  NNZ: 10 (3)  Ttime: 1.3998 Vtime: 0.0520
Step: 47000000  Loss: 0.140339 Regul: 0.019473 Obj: 0.159812 (0.067917)  NNZ: 8 (3)  Ttime: 1.3994 Vtime: 0.0514
Step: 47100000  Loss: 0.296045 Regul: 0.064521 Obj: 0.360567 (0.067917)  NNZ: 14 (3)  Ttime: 1.3990 Vtime: 0.0507
Step: 47200000  Loss: 0.230680 Regul: 0.036758 Obj: 0.267438 (0.067917)  NNZ: 10 (3)  Ttime: 1.3984 Vtime: 0.0512
Step: 47300000  Loss: 0.277475 Regul: 0.045547 Obj: 0.323022 (0.067917)  NNZ: 15 (3)  Ttime: 1.4033 Vtime: 0.0519
Step: 47400000  Loss: 0.129419 Regul: 0.022686 Obj: 0.152104 (0.067917)  NNZ: 8 (3)  Ttime: 1.4028 Vtime: 0.0514
Step: 47500000  Loss: 0.093830 Regul: 0.001582 Obj: 0.095412 (0.067917)  NNZ: 2 (3)  Ttime: 1.4003 Vtime: 0.0518
Step: 47600000  Loss: 0.219940 Regul: 0.033457 Obj: 0.253397 (0.067917)  NNZ: 8 (3)  Ttime: 1.3977 Vtime: 0.0511
Step: 47700000  Loss: 0.206645 Regul: 0.037881 Obj: 0.244526 (0.067917)  NNZ: 10 (3)  Ttime: 1.3997 Vtime: 0.0514
Step: 47800000  Loss: 0.100515 Regul: 0.010977 Obj: 0.111492 (0.067917)  NNZ: 5 (3)  Ttime: 1.3994 Vtime: 0.0517
Step: 47900000  Loss: 0.195633 Regul: 0.040029 Obj: 0.235662 (0.067917)  NNZ: 9 (3)  Ttime: 1.4065 Vtime: 0.0522
Step: 48000000  Loss: 0.109756 Regul: 0.016963 Obj: 0.126719 (0.067917)  NNZ: 7 (3)  Ttime: 1.3989 Vtime: 0.0519
Step: 48100000  Loss: 0.475305 Regul: 0.052129 Obj: 0.527434 (0.067917)  NNZ: 11 (3)  Ttime: 1.3995 Vtime: 0.0519
Step: 48200000  Loss: 0.095880 Regul: 0.011455 Obj: 0.107335 (0.067917)  NNZ: 7 (3)  Ttime: 1.3978 Vtime: 0.0518
Step: 48300000  Loss: 0.148328 Regul: 0.022256 Obj: 0.170583 (0.067917)  NNZ: 8 (3)  Ttime: 1.3998 Vtime: 0.0516
Step: 48400000  Loss: 0.262787 Regul: 0.040000 Obj: 0.302787 (0.067917)  NNZ: 9 (3)  Ttime: 1.3976 Vtime: 0.0513
Step: 48500000  Loss: 0.140831 Regul: 0.015752 Obj: 0.156583 (0.067917)  NNZ: 7 (3)  Ttime: 1.3965 Vtime: 0.0523
Step: 48600000  Loss: 0.188134 Regul: 0.030420 Obj: 0.218554 (0.067917)  NNZ: 12 (3)  Ttime: 1.3995 Vtime: 0.0515
Step: 48700000  Loss: 0.092988 Regul: 0.013809 Obj: 0.106797 (0.067917)  NNZ: 6 (3)  Ttime: 1.3927 Vtime: 0.0513
Step: 48800000  Loss: 0.233303 Regul: 0.036035 Obj: 0.269338 (0.067917)  NNZ: 14 (3)  Ttime: 1.3947 Vtime: 0.0515
Step: 48900000  Loss: 0.145471 Regul: 0.017158 Obj: 0.162629 (0.067917)  NNZ: 5 (3)  Ttime: 1.3995 Vtime: 0.0521
Step: 49000000  Loss: 0.158583 Regul: 0.024707 Obj: 0.183290 (0.067917)  NNZ: 19 (3)  Ttime: 1.3968 Vtime: 0.0512
Step: 49100000  Loss: 0.156525 Regul: 0.028516 Obj: 0.185041 (0.067917)  NNZ: 7 (3)  Ttime: 1.3986 Vtime: 0.0510
Step: 49200000  Loss: 0.246295 Regul: 0.047080 Obj: 0.293375 (0.067917)  NNZ: 14 (3)  Ttime: 1.3978 Vtime: 0.0515
Step: 49300000  Loss: 0.221912 Regul: 0.029150 Obj: 0.251062 (0.067917)  NNZ: 7 (3)  Ttime: 1.3961 Vtime: 0.0514
Step: 49400000  Loss: 0.149270 Regul: 0.020986 Obj: 0.170256 (0.067917)  NNZ: 8 (3)  Ttime: 1.3943 Vtime: 0.0514
Step: 49500000  Loss: 0.176177 Regul: 0.031768 Obj: 0.207945 (0.067917)  NNZ: 7 (3)  Ttime: 1.4020 Vtime: 0.0522
Step: 49600000  Loss: 0.090166 Regul: 0.012637 Obj: 0.102803 (0.067917)  NNZ: 6 (3)  Ttime: 1.4048 Vtime: 0.0516
Step: 49700000  Loss: 0.108096 Regul: 0.009072 Obj: 0.117169 (0.067917)  NNZ: 3 (3)  Ttime: 1.3980 Vtime: 0.0524
Step: 49800000  Loss: 0.101344 Regul: 0.014131 Obj: 0.115475 (0.067917)  NNZ: 7 (3)  Ttime: 1.3980 Vtime: 0.0512
Step: 49900000  Loss: 0.093703 Regul: 0.010508 Obj: 0.104211 (0.067917)  NNZ: 5 (3)  Ttime: 1.4004 Vtime: 0.0509
Step: 50000000  Loss: 0.244549 Regul: 0.034014 Obj: 0.278563 (0.067917)  NNZ: 6 (3)  Ttime: 1.4071 Vtime: 0.0518
