mu: 0.01 gamma: 0.075 nIters: 50000000
Load PRParams.
Load RingParams.
Load Labels: 500000
Load Distances: 500000 x 5120
0...10...20...30...40...50...60...70...80...90...100 - done.
Positive samples #250000
Negative samples #250000
Positive train #200000
Negative train #200000
Positive valid #50000
Negative valid #50000

Found GPU: GeForce GTX 970
Compute Capability: 5.2

Best: 100000  Loss: 0.310957 Regul: 0.029341 Obj: 0.340298 (0.340298)  NNZ: 12 (12)  Ttime: 1.4588 Vtime: 0.2525
Stat: nPR #76 (#96) Dim/MaxDim [608/640] AUC: 0.966577 FPR95: 24.82 [saved]
Step: 200000  Loss: 0.495490 Regul: 0.084407 Obj: 0.579897 (0.340298)  NNZ: 24 (12)  Ttime: 1.4370 Vtime: 0.0520
Best: 300000  Loss: 0.111164 Regul: 0.018638 Obj: 0.129802 (0.129802)  NNZ: 11 (11)  Ttime: 1.4272 Vtime: 0.0514
Stat: nPR #72 (#88) Dim/MaxDim [576/640] AUC: 0.979314 FPR95: 9.26 [saved]
Best: 400000  Loss: 0.072482 Regul: 0.005822 Obj: 0.078304 (0.078304)  NNZ: 4 (4)  Ttime: 1.4285 Vtime: 0.0517
Stat: nPR #32 (#32) Dim/MaxDim [256/640] AUC: 0.974651 FPR95: 13.00 [saved]
Step: 500000  Loss: 0.182925 Regul: 0.025963 Obj: 0.208888 (0.078304)  NNZ: 15 (4)  Ttime: 1.4291 Vtime: 0.0520
Step: 600000  Loss: 0.163841 Regul: 0.025734 Obj: 0.189574 (0.078304)  NNZ: 13 (4)  Ttime: 1.4317 Vtime: 0.0513
Step: 700000  Loss: 0.078198 Regul: 0.007270 Obj: 0.085468 (0.078304)  NNZ: 10 (4)  Ttime: 1.4318 Vtime: 0.0516
Step: 800000  Loss: 0.103825 Regul: 0.014538 Obj: 0.118363 (0.078304)  NNZ: 13 (4)  Ttime: 1.4331 Vtime: 0.0516
Step: 900000  Loss: 0.080173 Regul: 0.012008 Obj: 0.092181 (0.078304)  NNZ: 8 (4)  Ttime: 1.4407 Vtime: 0.0516
Step: 1000000  Loss: 0.168488 Regul: 0.022826 Obj: 0.191314 (0.078304)  NNZ: 12 (4)  Ttime: 1.4330 Vtime: 0.0517
Step: 1100000  Loss: 0.074911 Regul: 0.007356 Obj: 0.082267 (0.078304)  NNZ: 8 (4)  Ttime: 1.4353 Vtime: 0.0515
Step: 1200000  Loss: 0.131051 Regul: 0.015167 Obj: 0.146217 (0.078304)  NNZ: 12 (4)  Ttime: 1.4382 Vtime: 0.0514
Step: 1300000  Loss: 0.119372 Regul: 0.020236 Obj: 0.139608 (0.078304)  NNZ: 18 (4)  Ttime: 1.4431 Vtime: 0.0512
Best: 1400000  Loss: 0.064009 Regul: 0.007984 Obj: 0.071993 (0.071993)  NNZ: 7 (7)  Ttime: 1.4411 Vtime: 0.0507
Stat: nPR #44 (#56) Dim/MaxDim [352/640] AUC: 0.979974 FPR95: 9.65 [saved]
Step: 1500000  Loss: 0.100385 Regul: 0.012483 Obj: 0.112869 (0.071993)  NNZ: 10 (7)  Ttime: 1.4339 Vtime: 0.0510
Step: 1600000  Loss: 0.093707 Regul: 0.009602 Obj: 0.103309 (0.071993)  NNZ: 9 (7)  Ttime: 1.4304 Vtime: 0.0510
Step: 1700000  Loss: 0.136364 Regul: 0.007815 Obj: 0.144178 (0.071993)  NNZ: 9 (7)  Ttime: 1.4377 Vtime: 0.0518
Step: 1800000  Loss: 0.086113 Regul: 0.010952 Obj: 0.097066 (0.071993)  NNZ: 8 (7)  Ttime: 1.4428 Vtime: 0.0509
Step: 1900000  Loss: 0.082294 Regul: 0.006302 Obj: 0.088596 (0.071993)  NNZ: 6 (7)  Ttime: 1.4411 Vtime: 0.0515
Step: 2000000  Loss: 0.076812 Regul: 0.009035 Obj: 0.085847 (0.071993)  NNZ: 11 (7)  Ttime: 1.4336 Vtime: 0.0510
Step: 2100000  Loss: 0.072626 Regul: 0.007436 Obj: 0.080062 (0.071993)  NNZ: 6 (7)  Ttime: 1.4338 Vtime: 0.0517
Step: 2200000  Loss: 0.070296 Regul: 0.007965 Obj: 0.078262 (0.071993)  NNZ: 9 (7)  Ttime: 1.4364 Vtime: 0.0512
Step: 2300000  Loss: 0.090411 Regul: 0.011104 Obj: 0.101515 (0.071993)  NNZ: 9 (7)  Ttime: 1.4333 Vtime: 0.0519
Step: 2400000  Loss: 0.068005 Regul: 0.008477 Obj: 0.076483 (0.071993)  NNZ: 8 (7)  Ttime: 1.4404 Vtime: 0.0514
Step: 2500000  Loss: 0.124924 Regul: 0.013255 Obj: 0.138179 (0.071993)  NNZ: 12 (7)  Ttime: 1.4340 Vtime: 0.0512
Step: 2600000  Loss: 0.193589 Regul: 0.016975 Obj: 0.210564 (0.071993)  NNZ: 13 (7)  Ttime: 1.4454 Vtime: 0.0511
Step: 2700000  Loss: 0.098457 Regul: 0.014316 Obj: 0.112773 (0.071993)  NNZ: 16 (7)  Ttime: 1.4425 Vtime: 0.0513
Step: 2800000  Loss: 0.090772 Regul: 0.014010 Obj: 0.104781 (0.071993)  NNZ: 12 (7)  Ttime: 1.4340 Vtime: 0.0509
Step: 2900000  Loss: 0.081204 Regul: 0.011212 Obj: 0.092416 (0.071993)  NNZ: 9 (7)  Ttime: 1.4318 Vtime: 0.0514
Best: 3000000  Loss: 0.062539 Regul: 0.006061 Obj: 0.068600 (0.068600)  NNZ: 10 (10)  Ttime: 1.4365 Vtime: 0.0512
Stat: nPR #64 (#80) Dim/MaxDim [512/640] AUC: 0.978904 FPR95: 9.76 [saved]
Step: 3100000  Loss: 0.212307 Regul: 0.007798 Obj: 0.220105 (0.068600)  NNZ: 8 (10)  Ttime: 1.4390 Vtime: 0.0511
Step: 3200000  Loss: 0.108255 Regul: 0.003984 Obj: 0.112239 (0.068600)  NNZ: 5 (10)  Ttime: 1.4409 Vtime: 0.0514
Step: 3300000  Loss: 0.091584 Regul: 0.011556 Obj: 0.103140 (0.068600)  NNZ: 16 (10)  Ttime: 1.4432 Vtime: 0.0508
Step: 3400000  Loss: 0.077429 Regul: 0.009185 Obj: 0.086615 (0.068600)  NNZ: 11 (10)  Ttime: 1.4351 Vtime: 0.0515
Step: 3500000  Loss: 0.072466 Regul: 0.010263 Obj: 0.082729 (0.068600)  NNZ: 15 (10)  Ttime: 1.4371 Vtime: 0.0506
Best: 3600000  Loss: 0.051791 Regul: 0.005260 Obj: 0.057051 (0.057051)  NNZ: 9 (9)  Ttime: 1.4397 Vtime: 0.0509
Stat: nPR #68 (#72) Dim/MaxDim [544/640] AUC: 0.981182 FPR95: 8.01 [saved]
Step: 3700000  Loss: 0.073208 Regul: 0.009678 Obj: 0.082886 (0.057051)  NNZ: 11 (9)  Ttime: 1.4384 Vtime: 0.0506
Step: 3800000  Loss: 0.071743 Regul: 0.008333 Obj: 0.080076 (0.057051)  NNZ: 13 (9)  Ttime: 1.4347 Vtime: 0.0513
Step: 3900000  Loss: 0.074929 Regul: 0.010742 Obj: 0.085671 (0.057051)  NNZ: 13 (9)  Ttime: 1.4399 Vtime: 0.0516
Step: 4000000  Loss: 0.110990 Regul: 0.013149 Obj: 0.124139 (0.057051)  NNZ: 15 (9)  Ttime: 1.4326 Vtime: 0.0507
Step: 4100000  Loss: 0.144177 Regul: 0.014999 Obj: 0.159176 (0.057051)  NNZ: 13 (9)  Ttime: 1.4328 Vtime: 0.0516
Step: 4200000  Loss: 0.073528 Regul: 0.007628 Obj: 0.081156 (0.057051)  NNZ: 11 (9)  Ttime: 1.4367 Vtime: 0.0517
Step: 4300000  Loss: 0.069774 Regul: 0.009005 Obj: 0.078779 (0.057051)  NNZ: 8 (9)  Ttime: 1.4306 Vtime: 0.0505
Step: 4400000  Loss: 0.086300 Regul: 0.014489 Obj: 0.100790 (0.057051)  NNZ: 15 (9)  Ttime: 1.4323 Vtime: 0.0514
Step: 4500000  Loss: 0.114654 Regul: 0.006888 Obj: 0.121543 (0.057051)  NNZ: 10 (9)  Ttime: 1.4330 Vtime: 0.0508
Step: 4600000  Loss: 0.100014 Regul: 0.009786 Obj: 0.109800 (0.057051)  NNZ: 8 (9)  Ttime: 1.4820 Vtime: 0.0521
Step: 4700000  Loss: 0.063615 Regul: 0.005304 Obj: 0.068919 (0.057051)  NNZ: 8 (9)  Ttime: 1.4544 Vtime: 0.0509
Step: 4800000  Loss: 0.084069 Regul: 0.006677 Obj: 0.090746 (0.057051)  NNZ: 9 (9)  Ttime: 1.4428 Vtime: 0.0515
Step: 4900000  Loss: 0.060909 Regul: 0.006842 Obj: 0.067751 (0.057051)  NNZ: 8 (9)  Ttime: 1.4457 Vtime: 0.0512
Step: 5000000  Loss: 0.074525 Regul: 0.008719 Obj: 0.083244 (0.057051)  NNZ: 11 (9)  Ttime: 1.4351 Vtime: 0.0521
Step: 5100000  Loss: 0.072425 Regul: 0.008652 Obj: 0.081077 (0.057051)  NNZ: 9 (9)  Ttime: 1.4351 Vtime: 0.0516
Step: 5200000  Loss: 0.062025 Regul: 0.005328 Obj: 0.067353 (0.057051)  NNZ: 6 (9)  Ttime: 1.4309 Vtime: 0.0509
Step: 5300000  Loss: 0.092681 Regul: 0.012277 Obj: 0.104958 (0.057051)  NNZ: 12 (9)  Ttime: 1.4731 Vtime: 0.0513
Step: 5400000  Loss: 0.078095 Regul: 0.012369 Obj: 0.090464 (0.057051)  NNZ: 10 (9)  Ttime: 1.4548 Vtime: 0.0520
Step: 5500000  Loss: 0.059196 Regul: 0.006032 Obj: 0.065228 (0.057051)  NNZ: 7 (9)  Ttime: 1.4331 Vtime: 0.0532
Step: 5600000  Loss: 0.075296 Regul: 0.006560 Obj: 0.081856 (0.057051)  NNZ: 7 (9)  Ttime: 1.4511 Vtime: 0.0515
Step: 5700000  Loss: 0.068741 Regul: 0.002563 Obj: 0.071304 (0.057051)  NNZ: 6 (9)  Ttime: 1.4617 Vtime: 0.0517
Step: 5800000  Loss: 0.057222 Regul: 0.005251 Obj: 0.062474 (0.057051)  NNZ: 10 (9)  Ttime: 1.4661 Vtime: 0.0517
Step: 5900000  Loss: 0.077943 Regul: 0.011124 Obj: 0.089068 (0.057051)  NNZ: 13 (9)  Ttime: 1.4325 Vtime: 0.0510
Step: 6000000  Loss: 0.058238 Regul: 0.006088 Obj: 0.064326 (0.057051)  NNZ: 13 (9)  Ttime: 1.4396 Vtime: 0.0519
Step: 6100000  Loss: 0.060936 Regul: 0.004802 Obj: 0.065738 (0.057051)  NNZ: 8 (9)  Ttime: 1.4338 Vtime: 0.0516
Step: 6200000  Loss: 0.058995 Regul: 0.004601 Obj: 0.063597 (0.057051)  NNZ: 7 (9)  Ttime: 1.4331 Vtime: 0.0511
Step: 6300000  Loss: 0.093067 Regul: 0.010284 Obj: 0.103351 (0.057051)  NNZ: 16 (9)  Ttime: 1.4383 Vtime: 0.0514
Step: 6400000  Loss: 0.072533 Regul: 0.010752 Obj: 0.083285 (0.057051)  NNZ: 11 (9)  Ttime: 1.4326 Vtime: 0.0510
Step: 6500000  Loss: 0.055889 Regul: 0.005314 Obj: 0.061204 (0.057051)  NNZ: 6 (9)  Ttime: 1.4503 Vtime: 0.0512
Step: 6600000  Loss: 0.053184 Regul: 0.005485 Obj: 0.058669 (0.057051)  NNZ: 6 (9)  Ttime: 1.4344 Vtime: 0.0519
Step: 6700000  Loss: 0.054076 Regul: 0.006041 Obj: 0.060117 (0.057051)  NNZ: 9 (9)  Ttime: 1.4331 Vtime: 0.0519
Step: 6800000  Loss: 0.076314 Regul: 0.006718 Obj: 0.083032 (0.057051)  NNZ: 9 (9)  Ttime: 1.4476 Vtime: 0.0519
Step: 6900000  Loss: 0.075493 Regul: 0.011330 Obj: 0.086822 (0.057051)  NNZ: 15 (9)  Ttime: 1.4482 Vtime: 0.0517
Step: 7000000  Loss: 0.064697 Regul: 0.009272 Obj: 0.073970 (0.057051)  NNZ: 16 (9)  Ttime: 1.4310 Vtime: 0.0513
Step: 7100000  Loss: 0.076530 Regul: 0.004249 Obj: 0.080778 (0.057051)  NNZ: 6 (9)  Ttime: 1.4318 Vtime: 0.0510
Step: 7200000  Loss: 0.065346 Regul: 0.004460 Obj: 0.069806 (0.057051)  NNZ: 7 (9)  Ttime: 1.4423 Vtime: 0.0514
Best: 7300000  Loss: 0.051446 Regul: 0.005178 Obj: 0.056624 (0.056624)  NNZ: 12 (12)  Ttime: 1.4322 Vtime: 0.0521
Stat: nPR #80 (#96) Dim/MaxDim [640/640] AUC: 0.980988 FPR95: 7.93 [saved]
Step: 7400000  Loss: 0.061373 Regul: 0.007023 Obj: 0.068396 (0.056624)  NNZ: 11 (12)  Ttime: 1.4447 Vtime: 0.0516
Step: 7500000  Loss: 0.073779 Regul: 0.004733 Obj: 0.078512 (0.056624)  NNZ: 9 (12)  Ttime: 1.4407 Vtime: 0.0519
Step: 7600000  Loss: 0.082324 Regul: 0.008819 Obj: 0.091143 (0.056624)  NNZ: 10 (12)  Ttime: 1.4303 Vtime: 0.0531
Step: 7700000  Loss: 0.072104 Regul: 0.009979 Obj: 0.082084 (0.056624)  NNZ: 17 (12)  Ttime: 1.4320 Vtime: 0.0523
Step: 7800000  Loss: 0.062928 Regul: 0.008376 Obj: 0.071305 (0.056624)  NNZ: 12 (12)  Ttime: 1.4455 Vtime: 0.0516
Step: 7900000  Loss: 0.080565 Regul: 0.011212 Obj: 0.091777 (0.056624)  NNZ: 16 (12)  Ttime: 1.4823 Vtime: 0.0506
Step: 8000000  Loss: 0.076510 Regul: 0.013192 Obj: 0.089702 (0.056624)  NNZ: 16 (12)  Ttime: 1.4696 Vtime: 0.0587
Step: 8100000  Loss: 0.081639 Regul: 0.013243 Obj: 0.094882 (0.056624)  NNZ: 15 (12)  Ttime: 1.4596 Vtime: 0.0520
Step: 8200000  Loss: 0.064088 Regul: 0.005001 Obj: 0.069090 (0.056624)  NNZ: 8 (12)  Ttime: 1.4354 Vtime: 0.0518
Step: 8300000  Loss: 0.071720 Regul: 0.010804 Obj: 0.082524 (0.056624)  NNZ: 11 (12)  Ttime: 1.4448 Vtime: 0.0516
Step: 8400000  Loss: 0.064657 Regul: 0.006560 Obj: 0.071218 (0.056624)  NNZ: 9 (12)  Ttime: 1.4297 Vtime: 0.0513
Step: 8500000  Loss: 0.070957 Regul: 0.008476 Obj: 0.079433 (0.056624)  NNZ: 11 (12)  Ttime: 1.4400 Vtime: 0.0517
Step: 8600000  Loss: 0.064443 Regul: 0.008005 Obj: 0.072447 (0.056624)  NNZ: 12 (12)  Ttime: 1.4363 Vtime: 0.0522
Step: 8700000  Loss: 0.074995 Regul: 0.010142 Obj: 0.085137 (0.056624)  NNZ: 15 (12)  Ttime: 1.4335 Vtime: 0.0514
Step: 8800000  Loss: 0.064515 Regul: 0.006974 Obj: 0.071490 (0.056624)  NNZ: 12 (12)  Ttime: 1.4420 Vtime: 0.0511
Step: 8900000  Loss: 0.080930 Regul: 0.014039 Obj: 0.094969 (0.056624)  NNZ: 19 (12)  Ttime: 1.4319 Vtime: 0.0513
Step: 9000000  Loss: 0.074183 Regul: 0.012274 Obj: 0.086457 (0.056624)  NNZ: 18 (12)  Ttime: 1.4356 Vtime: 0.0513
Step: 9100000  Loss: 0.073342 Regul: 0.009058 Obj: 0.082400 (0.056624)  NNZ: 12 (12)  Ttime: 1.4359 Vtime: 0.0517
Best: 9200000  Loss: 0.050063 Regul: 0.005237 Obj: 0.055300 (0.055300)  NNZ: 9 (9)  Ttime: 1.4354 Vtime: 0.0517
Stat: nPR #52 (#72) Dim/MaxDim [416/640] AUC: 0.981648 FPR95: 7.83 [saved]
Step: 9300000  Loss: 0.064964 Regul: 0.009545 Obj: 0.074509 (0.055300)  NNZ: 13 (9)  Ttime: 1.4347 Vtime: 0.0519
Step: 9400000  Loss: 0.079841 Regul: 0.011864 Obj: 0.091705 (0.055300)  NNZ: 17 (9)  Ttime: 1.4308 Vtime: 0.0535
Step: 9500000  Loss: 0.051391 Regul: 0.004847 Obj: 0.056238 (0.055300)  NNZ: 13 (9)  Ttime: 1.4336 Vtime: 0.0517
Step: 9600000  Loss: 0.073364 Regul: 0.009535 Obj: 0.082898 (0.055300)  NNZ: 13 (9)  Ttime: 1.4303 Vtime: 0.0518
Step: 9700000  Loss: 0.065582 Regul: 0.005635 Obj: 0.071217 (0.055300)  NNZ: 8 (9)  Ttime: 1.4350 Vtime: 0.0519
Step: 9800000  Loss: 0.082410 Regul: 0.011631 Obj: 0.094040 (0.055300)  NNZ: 15 (9)  Ttime: 1.4458 Vtime: 0.0516
Step: 9900000  Loss: 0.080855 Regul: 0.008873 Obj: 0.089728 (0.055300)  NNZ: 13 (9)  Ttime: 1.4408 Vtime: 0.0515
Step: 10000000  Loss: 0.076783 Regul: 0.002433 Obj: 0.079216 (0.055300)  NNZ: 4 (9)  Ttime: 1.4517 Vtime: 0.0519
Step: 10100000  Loss: 0.053803 Regul: 0.005457 Obj: 0.059259 (0.055300)  NNZ: 12 (9)  Ttime: 1.4372 Vtime: 0.0517
Step: 10200000  Loss: 0.071918 Regul: 0.007599 Obj: 0.079517 (0.055300)  NNZ: 10 (9)  Ttime: 1.4306 Vtime: 0.0512
Step: 10300000  Loss: 0.061518 Regul: 0.004341 Obj: 0.065858 (0.055300)  NNZ: 12 (9)  Ttime: 1.4324 Vtime: 0.0511
Step: 10400000  Loss: 0.079000 Regul: 0.005220 Obj: 0.084220 (0.055300)  NNZ: 13 (9)  Ttime: 1.4421 Vtime: 0.0519
Step: 10500000  Loss: 0.061756 Regul: 0.007500 Obj: 0.069256 (0.055300)  NNZ: 14 (9)  Ttime: 1.4414 Vtime: 0.0516
Step: 10600000  Loss: 0.054389 Regul: 0.006359 Obj: 0.060748 (0.055300)  NNZ: 12 (9)  Ttime: 1.4579 Vtime: 0.0517
Step: 10700000  Loss: 0.067193 Regul: 0.010096 Obj: 0.077289 (0.055300)  NNZ: 16 (9)  Ttime: 1.4364 Vtime: 0.0516
Step: 10800000  Loss: 0.112588 Regul: 0.013578 Obj: 0.126166 (0.055300)  NNZ: 19 (9)  Ttime: 1.4452 Vtime: 0.0524
Step: 10900000  Loss: 0.076050 Regul: 0.006916 Obj: 0.082967 (0.055300)  NNZ: 10 (9)  Ttime: 1.4317 Vtime: 0.0512
Step: 11000000  Loss: 0.052126 Regul: 0.005276 Obj: 0.057401 (0.055300)  NNZ: 11 (9)  Ttime: 1.4443 Vtime: 0.0516
Step: 11100000  Loss: 0.072937 Regul: 0.007777 Obj: 0.080715 (0.055300)  NNZ: 16 (9)  Ttime: 1.4354 Vtime: 0.0513
Step: 11200000  Loss: 0.056841 Regul: 0.004534 Obj: 0.061375 (0.055300)  NNZ: 11 (9)  Ttime: 1.4305 Vtime: 0.0516
Step: 11300000  Loss: 0.063227 Regul: 0.007655 Obj: 0.070882 (0.055300)  NNZ: 11 (9)  Ttime: 1.4303 Vtime: 0.0513
Step: 11400000  Loss: 0.061378 Regul: 0.007350 Obj: 0.068728 (0.055300)  NNZ: 13 (9)  Ttime: 1.4326 Vtime: 0.0525
Step: 11500000  Loss: 0.059565 Regul: 0.007753 Obj: 0.067318 (0.055300)  NNZ: 13 (9)  Ttime: 1.4419 Vtime: 0.0514
Step: 11600000  Loss: 0.068988 Regul: 0.007488 Obj: 0.076475 (0.055300)  NNZ: 9 (9)  Ttime: 1.4357 Vtime: 0.0510
Step: 11700000  Loss: 0.067203 Regul: 0.011100 Obj: 0.078304 (0.055300)  NNZ: 16 (9)  Ttime: 1.4539 Vtime: 0.0509
Step: 11800000  Loss: 0.055974 Regul: 0.006773 Obj: 0.062747 (0.055300)  NNZ: 13 (9)  Ttime: 1.4504 Vtime: 0.0519
Step: 11900000  Loss: 0.065988 Regul: 0.005620 Obj: 0.071608 (0.055300)  NNZ: 11 (9)  Ttime: 1.4324 Vtime: 0.0515
Step: 12000000  Loss: 0.056466 Regul: 0.007446 Obj: 0.063912 (0.055300)  NNZ: 10 (9)  Ttime: 1.4466 Vtime: 0.0506
Step: 12100000  Loss: 0.066615 Regul: 0.007715 Obj: 0.074331 (0.055300)  NNZ: 13 (9)  Ttime: 1.4339 Vtime: 0.0514
Step: 12200000  Loss: 0.057727 Regul: 0.006019 Obj: 0.063745 (0.055300)  NNZ: 10 (9)  Ttime: 1.4362 Vtime: 0.0522
Step: 12300000  Loss: 0.064609 Regul: 0.010197 Obj: 0.074807 (0.055300)  NNZ: 15 (9)  Ttime: 1.4396 Vtime: 0.0518
Step: 12400000  Loss: 0.064863 Regul: 0.003918 Obj: 0.068780 (0.055300)  NNZ: 8 (9)  Ttime: 1.4458 Vtime: 0.0518
Step: 12500000  Loss: 0.071558 Regul: 0.007208 Obj: 0.078765 (0.055300)  NNZ: 16 (9)  Ttime: 1.4278 Vtime: 0.0516
Step: 12600000  Loss: 0.081058 Regul: 0.007710 Obj: 0.088768 (0.055300)  NNZ: 11 (9)  Ttime: 1.4364 Vtime: 0.0512
Step: 12700000  Loss: 0.070740 Regul: 0.009197 Obj: 0.079937 (0.055300)  NNZ: 12 (9)  Ttime: 1.4439 Vtime: 0.0513
Step: 12800000  Loss: 0.070599 Regul: 0.004338 Obj: 0.074936 (0.055300)  NNZ: 7 (9)  Ttime: 1.4316 Vtime: 0.0510
Step: 12900000  Loss: 0.051294 Regul: 0.004497 Obj: 0.055790 (0.055300)  NNZ: 12 (9)  Ttime: 1.4349 Vtime: 0.0510
Step: 13000000  Loss: 0.052890 Regul: 0.004976 Obj: 0.057866 (0.055300)  NNZ: 12 (9)  Ttime: 1.4297 Vtime: 0.0527
Step: 13100000  Loss: 0.065352 Regul: 0.006176 Obj: 0.071528 (0.055300)  NNZ: 10 (9)  Ttime: 1.4304 Vtime: 0.0513
Step: 13200000  Loss: 0.065282 Regul: 0.007563 Obj: 0.072845 (0.055300)  NNZ: 11 (9)  Ttime: 1.4329 Vtime: 0.0518
Step: 13300000  Loss: 0.059701 Regul: 0.008393 Obj: 0.068093 (0.055300)  NNZ: 14 (9)  Ttime: 1.4373 Vtime: 0.0520
Step: 13400000  Loss: 0.063085 Regul: 0.009308 Obj: 0.072394 (0.055300)  NNZ: 18 (9)  Ttime: 1.4360 Vtime: 0.0515
Step: 13500000  Loss: 0.070771 Regul: 0.004948 Obj: 0.075719 (0.055300)  NNZ: 9 (9)  Ttime: 1.4431 Vtime: 0.0520
Step: 13600000  Loss: 0.057735 Regul: 0.006610 Obj: 0.064346 (0.055300)  NNZ: 13 (9)  Ttime: 1.4369 Vtime: 0.0514
Step: 13700000  Loss: 0.058121 Regul: 0.006588 Obj: 0.064709 (0.055300)  NNZ: 14 (9)  Ttime: 1.4352 Vtime: 0.0520
Step: 13800000  Loss: 0.055064 Regul: 0.004354 Obj: 0.059418 (0.055300)  NNZ: 8 (9)  Ttime: 1.4317 Vtime: 0.0515
Step: 13900000  Loss: 0.067288 Regul: 0.009117 Obj: 0.076405 (0.055300)  NNZ: 12 (9)  Ttime: 1.4528 Vtime: 0.0511
Step: 14000000  Loss: 0.062640 Regul: 0.008293 Obj: 0.070932 (0.055300)  NNZ: 15 (9)  Ttime: 1.4367 Vtime: 0.0514
Step: 14100000  Loss: 0.062713 Regul: 0.008249 Obj: 0.070962 (0.055300)  NNZ: 14 (9)  Ttime: 1.4361 Vtime: 0.0507
Step: 14200000  Loss: 0.063714 Regul: 0.007363 Obj: 0.071077 (0.055300)  NNZ: 19 (9)  Ttime: 1.4364 Vtime: 0.0511
Step: 14300000  Loss: 0.063356 Regul: 0.004235 Obj: 0.067591 (0.055300)  NNZ: 9 (9)  Ttime: 1.4322 Vtime: 0.0513
Step: 14400000  Loss: 0.072370 Regul: 0.004169 Obj: 0.076539 (0.055300)  NNZ: 10 (9)  Ttime: 1.4450 Vtime: 0.0509
Step: 14500000  Loss: 0.051207 Regul: 0.005019 Obj: 0.056226 (0.055300)  NNZ: 13 (9)  Ttime: 1.4425 Vtime: 0.0527
Step: 14600000  Loss: 0.055270 Regul: 0.005675 Obj: 0.060944 (0.055300)  NNZ: 10 (9)  Ttime: 1.4430 Vtime: 0.0512
Step: 14700000  Loss: 0.060563 Regul: 0.005260 Obj: 0.065824 (0.055300)  NNZ: 11 (9)  Ttime: 1.4403 Vtime: 0.0523
Step: 14800000  Loss: 0.084790 Regul: 0.007711 Obj: 0.092501 (0.055300)  NNZ: 16 (9)  Ttime: 1.4318 Vtime: 0.0516
Step: 14900000  Loss: 0.052043 Regul: 0.004406 Obj: 0.056449 (0.055300)  NNZ: 11 (9)  Ttime: 1.4860 Vtime: 0.0514
Step: 15000000  Loss: 0.057620 Regul: 0.004288 Obj: 0.061908 (0.055300)  NNZ: 9 (9)  Ttime: 1.4258 Vtime: 0.0516
Step: 15100000  Loss: 0.083249 Regul: 0.009475 Obj: 0.092724 (0.055300)  NNZ: 16 (9)  Ttime: 1.4248 Vtime: 0.0523
Step: 15200000  Loss: 0.067432 Regul: 0.008955 Obj: 0.076387 (0.055300)  NNZ: 13 (9)  Ttime: 1.4252 Vtime: 0.0512
Step: 15300000  Loss: 0.059072 Regul: 0.008395 Obj: 0.067467 (0.055300)  NNZ: 19 (9)  Ttime: 1.4256 Vtime: 0.0516
Step: 15400000  Loss: 0.052517 Regul: 0.004999 Obj: 0.057516 (0.055300)  NNZ: 12 (9)  Ttime: 1.4645 Vtime: 0.0513
Step: 15500000  Loss: 0.056972 Regul: 0.003896 Obj: 0.060868 (0.055300)  NNZ: 11 (9)  Ttime: 1.4346 Vtime: 0.0517
Step: 15600000  Loss: 0.067967 Regul: 0.007581 Obj: 0.075548 (0.055300)  NNZ: 15 (9)  Ttime: 1.4895 Vtime: 0.0512
Step: 15700000  Loss: 0.064623 Regul: 0.005322 Obj: 0.069945 (0.055300)  NNZ: 11 (9)  Ttime: 1.4801 Vtime: 0.0521
Step: 15800000  Loss: 0.054607 Regul: 0.006147 Obj: 0.060755 (0.055300)  NNZ: 11 (9)  Ttime: 1.5026 Vtime: 0.0525
Step: 15900000  Loss: 0.053603 Regul: 0.005440 Obj: 0.059043 (0.055300)  NNZ: 11 (9)  Ttime: 1.4799 Vtime: 0.0522
Step: 16000000  Loss: 0.069701 Regul: 0.007075 Obj: 0.076775 (0.055300)  NNZ: 14 (9)  Ttime: 1.4518 Vtime: 0.0508
Step: 16100000  Loss: 0.056267 Regul: 0.004332 Obj: 0.060599 (0.055300)  NNZ: 9 (9)  Ttime: 1.4289 Vtime: 0.0518
Step: 16200000  Loss: 0.054448 Regul: 0.004080 Obj: 0.058528 (0.055300)  NNZ: 12 (9)  Ttime: 1.4786 Vtime: 0.0517
Step: 16300000  Loss: 0.063591 Regul: 0.008587 Obj: 0.072178 (0.055300)  NNZ: 19 (9)  Ttime: 1.4780 Vtime: 0.0512
Step: 16400000  Loss: 0.063769 Regul: 0.006818 Obj: 0.070586 (0.055300)  NNZ: 11 (9)  Ttime: 1.4907 Vtime: 0.0512
Step: 16500000  Loss: 0.109409 Regul: 0.007219 Obj: 0.116628 (0.055300)  NNZ: 15 (9)  Ttime: 1.4510 Vtime: 0.0525
Step: 16600000  Loss: 0.057328 Regul: 0.006030 Obj: 0.063357 (0.055300)  NNZ: 12 (9)  Ttime: 1.4330 Vtime: 0.0519
Step: 16700000  Loss: 0.061411 Regul: 0.006562 Obj: 0.067973 (0.055300)  NNZ: 13 (9)  Ttime: 1.4285 Vtime: 0.0515
Step: 16800000  Loss: 0.073489 Regul: 0.004520 Obj: 0.078008 (0.055300)  NNZ: 8 (9)  Ttime: 1.4281 Vtime: 0.0520
Step: 16900000  Loss: 0.057625 Regul: 0.005922 Obj: 0.063547 (0.055300)  NNZ: 13 (9)  Ttime: 1.4493 Vtime: 0.0510
Step: 17000000  Loss: 0.058061 Regul: 0.007437 Obj: 0.065498 (0.055300)  NNZ: 18 (9)  Ttime: 1.4287 Vtime: 0.0517
Step: 17100000  Loss: 0.107581 Regul: 0.008799 Obj: 0.116381 (0.055300)  NNZ: 17 (9)  Ttime: 1.4371 Vtime: 0.0521
Step: 17200000  Loss: 0.061051 Regul: 0.006169 Obj: 0.067220 (0.055300)  NNZ: 10 (9)  Ttime: 1.4277 Vtime: 0.0511
Step: 17300000  Loss: 0.060256 Regul: 0.007018 Obj: 0.067274 (0.055300)  NNZ: 11 (9)  Ttime: 1.4300 Vtime: 0.0512
Step: 17400000  Loss: 0.053605 Regul: 0.004341 Obj: 0.057946 (0.055300)  NNZ: 10 (9)  Ttime: 1.4353 Vtime: 0.0520
Step: 17500000  Loss: 0.051836 Regul: 0.004661 Obj: 0.056497 (0.055300)  NNZ: 13 (9)  Ttime: 1.4364 Vtime: 0.0536
Best: 17600000  Loss: 0.050024 Regul: 0.004647 Obj: 0.054671 (0.054671)  NNZ: 10 (10)  Ttime: 1.4411 Vtime: 0.0507
Stat: nPR #72 (#80) Dim/MaxDim [576/640] AUC: 0.981102 FPR95: 7.88 [saved]
Step: 17700000  Loss: 0.058636 Regul: 0.004156 Obj: 0.062792 (0.054671)  NNZ: 7 (10)  Ttime: 1.4356 Vtime: 0.0518
Step: 17800000  Loss: 0.068627 Regul: 0.004473 Obj: 0.073100 (0.054671)  NNZ: 10 (10)  Ttime: 1.4365 Vtime: 0.0512
Step: 17900000  Loss: 0.053172 Regul: 0.005692 Obj: 0.058863 (0.054671)  NNZ: 10 (10)  Ttime: 1.4219 Vtime: 0.0525
Step: 18000000  Loss: 0.057877 Regul: 0.006181 Obj: 0.064058 (0.054671)  NNZ: 13 (10)  Ttime: 1.4777 Vtime: 0.0512
Step: 18100000  Loss: 0.065718 Regul: 0.008380 Obj: 0.074098 (0.054671)  NNZ: 18 (10)  Ttime: 1.4475 Vtime: 0.0511
Step: 18200000  Loss: 0.063612 Regul: 0.006564 Obj: 0.070176 (0.054671)  NNZ: 11 (10)  Ttime: 1.4334 Vtime: 0.0507
Step: 18300000  Loss: 0.054379 Regul: 0.004968 Obj: 0.059347 (0.054671)  NNZ: 7 (10)  Ttime: 1.4567 Vtime: 0.0516
Step: 18400000  Loss: 0.062812 Regul: 0.005303 Obj: 0.068115 (0.054671)  NNZ: 15 (10)  Ttime: 1.4481 Vtime: 0.0516
Step: 18500000  Loss: 0.069252 Regul: 0.004761 Obj: 0.074012 (0.054671)  NNZ: 8 (10)  Ttime: 1.4421 Vtime: 0.0514
Step: 18600000  Loss: 0.056511 Regul: 0.005648 Obj: 0.062159 (0.054671)  NNZ: 10 (10)  Ttime: 1.4413 Vtime: 0.0516
Step: 18700000  Loss: 0.067696 Regul: 0.004826 Obj: 0.072522 (0.054671)  NNZ: 7 (10)  Ttime: 1.4326 Vtime: 0.0516
Step: 18800000  Loss: 0.061401 Regul: 0.004692 Obj: 0.066092 (0.054671)  NNZ: 11 (10)  Ttime: 1.4482 Vtime: 0.0515
Step: 18900000  Loss: 0.089890 Regul: 0.009780 Obj: 0.099669 (0.054671)  NNZ: 18 (10)  Ttime: 1.4788 Vtime: 0.0512
Step: 19000000  Loss: 0.065105 Regul: 0.005650 Obj: 0.070755 (0.054671)  NNZ: 11 (10)  Ttime: 1.4734 Vtime: 0.0519
Step: 19100000  Loss: 0.056029 Regul: 0.006837 Obj: 0.062866 (0.054671)  NNZ: 11 (10)  Ttime: 1.4814 Vtime: 0.0536
Best: 19200000  Loss: 0.049349 Regul: 0.004703 Obj: 0.054052 (0.054052)  NNZ: 13 (13)  Ttime: 1.4744 Vtime: 0.0517
Stat: nPR #88 (#104) Dim/MaxDim [704/640] AUC: 0.981651 FPR95: 7.42
Step: 19300000  Loss: 0.068255 Regul: 0.008497 Obj: 0.076752 (0.054052)  NNZ: 16 (13)  Ttime: 1.4347 Vtime: 0.0511
Step: 19400000  Loss: 0.060942 Regul: 0.004669 Obj: 0.065611 (0.054052)  NNZ: 9 (13)  Ttime: 1.4340 Vtime: 0.0509
Step: 19500000  Loss: 0.059537 Regul: 0.005259 Obj: 0.064797 (0.054052)  NNZ: 11 (13)  Ttime: 1.4499 Vtime: 0.0516
Step: 19600000  Loss: 0.054483 Regul: 0.004461 Obj: 0.058944 (0.054052)  NNZ: 9 (13)  Ttime: 1.4605 Vtime: 0.0513
Step: 19700000  Loss: 0.068665 Regul: 0.003029 Obj: 0.071694 (0.054052)  NNZ: 7 (13)  Ttime: 1.4264 Vtime: 0.0518
Step: 19800000  Loss: 0.060263 Regul: 0.005762 Obj: 0.066026 (0.054052)  NNZ: 17 (13)  Ttime: 1.4451 Vtime: 0.0512
Step: 19900000  Loss: 0.052326 Regul: 0.004688 Obj: 0.057014 (0.054052)  NNZ: 11 (13)  Ttime: 1.4475 Vtime: 0.0516
Step: 20000000  Loss: 0.050822 Regul: 0.004628 Obj: 0.055450 (0.054052)  NNZ: 9 (13)  Ttime: 1.4574 Vtime: 0.0520
Step: 20100000  Loss: 0.082036 Regul: 0.004220 Obj: 0.086256 (0.054052)  NNZ: 10 (13)  Ttime: 1.4495 Vtime: 0.0518
Step: 20200000  Loss: 0.069707 Regul: 0.008322 Obj: 0.078029 (0.054052)  NNZ: 17 (13)  Ttime: 1.4572 Vtime: 0.0510
Step: 20300000  Loss: 0.063798 Regul: 0.006989 Obj: 0.070786 (0.054052)  NNZ: 14 (13)  Ttime: 1.4451 Vtime: 0.0516
Step: 20400000  Loss: 0.052459 Regul: 0.005397 Obj: 0.057856 (0.054052)  NNZ: 12 (13)  Ttime: 1.4685 Vtime: 0.0511
Step: 20500000  Loss: 0.070722 Regul: 0.006649 Obj: 0.077370 (0.054052)  NNZ: 15 (13)  Ttime: 1.4366 Vtime: 0.0520
Step: 20600000  Loss: 0.062552 Regul: 0.006843 Obj: 0.069395 (0.054052)  NNZ: 13 (13)  Ttime: 1.4516 Vtime: 0.0512
Step: 20700000  Loss: 0.053590 Regul: 0.005898 Obj: 0.059489 (0.054052)  NNZ: 15 (13)  Ttime: 1.4317 Vtime: 0.0514
Step: 20800000  Loss: 0.069871 Regul: 0.005028 Obj: 0.074899 (0.054052)  NNZ: 10 (13)  Ttime: 1.4319 Vtime: 0.0519
Step: 20900000  Loss: 0.099510 Regul: 0.012497 Obj: 0.112007 (0.054052)  NNZ: 18 (13)  Ttime: 1.4439 Vtime: 0.0521
Step: 21000000  Loss: 0.055017 Regul: 0.004564 Obj: 0.059581 (0.054052)  NNZ: 8 (13)  Ttime: 1.4330 Vtime: 0.0514
Step: 21100000  Loss: 0.052099 Regul: 0.004078 Obj: 0.056177 (0.054052)  NNZ: 8 (13)  Ttime: 1.4320 Vtime: 0.0512
Step: 21200000  Loss: 0.054719 Regul: 0.005430 Obj: 0.060150 (0.054052)  NNZ: 11 (13)  Ttime: 1.4234 Vtime: 0.0515
Step: 21300000  Loss: 0.050429 Regul: 0.004567 Obj: 0.054996 (0.054052)  NNZ: 12 (13)  Ttime: 1.4263 Vtime: 0.0512
Step: 21400000  Loss: 0.051531 Regul: 0.004056 Obj: 0.055586 (0.054052)  NNZ: 10 (13)  Ttime: 1.4248 Vtime: 0.0512
Step: 21500000  Loss: 0.062902 Regul: 0.005087 Obj: 0.067988 (0.054052)  NNZ: 9 (13)  Ttime: 1.4448 Vtime: 0.0514
Step: 21600000  Loss: 0.052476 Regul: 0.003519 Obj: 0.055994 (0.054052)  NNZ: 9 (13)  Ttime: 1.4323 Vtime: 0.0515
Step: 21700000  Loss: 0.056506 Regul: 0.006758 Obj: 0.063264 (0.054052)  NNZ: 14 (13)  Ttime: 1.4234 Vtime: 0.0510
Step: 21800000  Loss: 0.060312 Regul: 0.002651 Obj: 0.062963 (0.054052)  NNZ: 8 (13)  Ttime: 1.4272 Vtime: 0.0515
Step: 21900000  Loss: 0.051860 Regul: 0.004171 Obj: 0.056030 (0.054052)  NNZ: 10 (13)  Ttime: 1.4462 Vtime: 0.0510
Step: 22000000  Loss: 0.062503 Regul: 0.003107 Obj: 0.065609 (0.054052)  NNZ: 7 (13)  Ttime: 1.4459 Vtime: 0.0513
Step: 22100000  Loss: 0.054420 Regul: 0.006079 Obj: 0.060499 (0.054052)  NNZ: 13 (13)  Ttime: 1.4355 Vtime: 0.0516
Step: 22200000  Loss: 0.094899 Regul: 0.004305 Obj: 0.099204 (0.054052)  NNZ: 12 (13)  Ttime: 1.4386 Vtime: 0.0528
Step: 22300000  Loss: 0.052235 Regul: 0.005862 Obj: 0.058097 (0.054052)  NNZ: 14 (13)  Ttime: 1.4607 Vtime: 0.0517
Step: 22400000  Loss: 0.057898 Regul: 0.005012 Obj: 0.062910 (0.054052)  NNZ: 12 (13)  Ttime: 1.4419 Vtime: 0.0566
Step: 22500000  Loss: 0.051451 Regul: 0.005810 Obj: 0.057261 (0.054052)  NNZ: 15 (13)  Ttime: 1.4393 Vtime: 0.0509
Step: 22600000  Loss: 0.058684 Regul: 0.005927 Obj: 0.064610 (0.054052)  NNZ: 10 (13)  Ttime: 1.4274 Vtime: 0.0518
Step: 22700000  Loss: 0.062437 Regul: 0.005713 Obj: 0.068149 (0.054052)  NNZ: 11 (13)  Ttime: 1.4355 Vtime: 0.0515
Step: 22800000  Loss: 0.053726 Regul: 0.005974 Obj: 0.059700 (0.054052)  NNZ: 15 (13)  Ttime: 1.4247 Vtime: 0.0511
Step: 22900000  Loss: 0.051493 Regul: 0.004204 Obj: 0.055697 (0.054052)  NNZ: 10 (13)  Ttime: 1.4267 Vtime: 0.0522
Step: 23000000  Loss: 0.057289 Regul: 0.003435 Obj: 0.060724 (0.054052)  NNZ: 9 (13)  Ttime: 1.4272 Vtime: 0.0512
Step: 23100000  Loss: 0.057420 Regul: 0.006622 Obj: 0.064042 (0.054052)  NNZ: 15 (13)  Ttime: 1.4244 Vtime: 0.0516
Step: 23200000  Loss: 0.058805 Regul: 0.006406 Obj: 0.065212 (0.054052)  NNZ: 11 (13)  Ttime: 1.4268 Vtime: 0.0511
Step: 23300000  Loss: 0.051500 Regul: 0.004185 Obj: 0.055684 (0.054052)  NNZ: 8 (13)  Ttime: 1.4266 Vtime: 0.0515
Step: 23400000  Loss: 0.060097 Regul: 0.007690 Obj: 0.067787 (0.054052)  NNZ: 14 (13)  Ttime: 1.4286 Vtime: 0.0505
Step: 23500000  Loss: 0.056370 Regul: 0.003970 Obj: 0.060340 (0.054052)  NNZ: 7 (13)  Ttime: 1.4322 Vtime: 0.0519
Step: 23600000  Loss: 0.053381 Regul: 0.004622 Obj: 0.058004 (0.054052)  NNZ: 16 (13)  Ttime: 1.4317 Vtime: 0.0502
Step: 23700000  Loss: 0.054476 Regul: 0.004017 Obj: 0.058493 (0.054052)  NNZ: 10 (13)  Ttime: 1.4348 Vtime: 0.0512
Step: 23800000  Loss: 0.060501 Regul: 0.006448 Obj: 0.066949 (0.054052)  NNZ: 16 (13)  Ttime: 1.4243 Vtime: 0.0517
Step: 23900000  Loss: 0.060597 Regul: 0.007884 Obj: 0.068481 (0.054052)  NNZ: 13 (13)  Ttime: 1.4317 Vtime: 0.0516
Step: 24000000  Loss: 0.052795 Regul: 0.005532 Obj: 0.058327 (0.054052)  NNZ: 11 (13)  Ttime: 1.4241 Vtime: 0.0516
Step: 24100000  Loss: 0.077422 Regul: 0.008356 Obj: 0.085777 (0.054052)  NNZ: 15 (13)  Ttime: 1.4464 Vtime: 0.0515
Step: 24200000  Loss: 0.067724 Regul: 0.008141 Obj: 0.075866 (0.054052)  NNZ: 12 (13)  Ttime: 1.4318 Vtime: 0.0518
Step: 24300000  Loss: 0.063470 Regul: 0.005081 Obj: 0.068551 (0.054052)  NNZ: 14 (13)  Ttime: 1.4247 Vtime: 0.0520
Step: 24400000  Loss: 0.059364 Regul: 0.003888 Obj: 0.063252 (0.054052)  NNZ: 7 (13)  Ttime: 1.4306 Vtime: 0.0512
Step: 24500000  Loss: 0.056193 Regul: 0.003735 Obj: 0.059928 (0.054052)  NNZ: 11 (13)  Ttime: 1.4309 Vtime: 0.0512
Step: 24600000  Loss: 0.055533 Regul: 0.005441 Obj: 0.060974 (0.054052)  NNZ: 11 (13)  Ttime: 1.4390 Vtime: 0.0521
Step: 24700000  Loss: 0.051703 Regul: 0.005672 Obj: 0.057375 (0.054052)  NNZ: 12 (13)  Ttime: 1.4321 Vtime: 0.0517
Step: 24800000  Loss: 0.062136 Regul: 0.006210 Obj: 0.068346 (0.054052)  NNZ: 13 (13)  Ttime: 1.4268 Vtime: 0.0508
Step: 24900000  Loss: 0.067073 Regul: 0.005825 Obj: 0.072897 (0.054052)  NNZ: 16 (13)  Ttime: 1.4239 Vtime: 0.0507
Step: 25000000  Loss: 0.061997 Regul: 0.004603 Obj: 0.066600 (0.054052)  NNZ: 8 (13)  Ttime: 1.4270 Vtime: 0.0514
Step: 25100000  Loss: 0.063664 Regul: 0.006088 Obj: 0.069752 (0.054052)  NNZ: 12 (13)  Ttime: 1.4283 Vtime: 0.0512
Step: 25200000  Loss: 0.061802 Regul: 0.002734 Obj: 0.064536 (0.054052)  NNZ: 8 (13)  Ttime: 1.4312 Vtime: 0.0514
Step: 25300000  Loss: 0.057930 Regul: 0.003361 Obj: 0.061291 (0.054052)  NNZ: 7 (13)  Ttime: 1.4271 Vtime: 0.0515
Best: 25400000  Loss: 0.050283 Regul: 0.003502 Obj: 0.053785 (0.053785)  NNZ: 10 (10)  Ttime: 1.4302 Vtime: 0.0517
Stat: nPR #76 (#80) Dim/MaxDim [608/640] AUC: 0.981183 FPR95: 7.54 [saved]
Step: 25500000  Loss: 0.051011 Regul: 0.003422 Obj: 0.054434 (0.053785)  NNZ: 9 (10)  Ttime: 1.4227 Vtime: 0.0513
Step: 25600000  Loss: 0.049794 Regul: 0.004633 Obj: 0.054427 (0.053785)  NNZ: 9 (10)  Ttime: 1.4259 Vtime: 0.0512
Step: 25700000  Loss: 0.053624 Regul: 0.004146 Obj: 0.057770 (0.053785)  NNZ: 11 (10)  Ttime: 1.4251 Vtime: 0.0516
Step: 25800000  Loss: 0.069515 Regul: 0.005165 Obj: 0.074680 (0.053785)  NNZ: 8 (10)  Ttime: 1.4235 Vtime: 0.0509
Step: 25900000  Loss: 0.058847 Regul: 0.004942 Obj: 0.063789 (0.053785)  NNZ: 9 (10)  Ttime: 1.4273 Vtime: 0.0519
Step: 26000000  Loss: 0.051846 Regul: 0.004625 Obj: 0.056471 (0.053785)  NNZ: 13 (10)  Ttime: 1.4260 Vtime: 0.0515
Step: 26100000  Loss: 0.056350 Regul: 0.005081 Obj: 0.061430 (0.053785)  NNZ: 14 (10)  Ttime: 1.4314 Vtime: 0.0517
Step: 26200000  Loss: 0.055969 Regul: 0.003205 Obj: 0.059174 (0.053785)  NNZ: 9 (10)  Ttime: 1.4247 Vtime: 0.0516
Step: 26300000  Loss: 0.056448 Regul: 0.004709 Obj: 0.061158 (0.053785)  NNZ: 6 (10)  Ttime: 1.4236 Vtime: 0.0533
Step: 26400000  Loss: 0.092235 Regul: 0.008802 Obj: 0.101037 (0.053785)  NNZ: 15 (10)  Ttime: 1.4251 Vtime: 0.0512
Step: 26500000  Loss: 0.052798 Regul: 0.003802 Obj: 0.056600 (0.053785)  NNZ: 11 (10)  Ttime: 1.4310 Vtime: 0.0511
Step: 26600000  Loss: 0.065155 Regul: 0.005396 Obj: 0.070551 (0.053785)  NNZ: 10 (10)  Ttime: 1.4284 Vtime: 0.0510
Step: 26700000  Loss: 0.072062 Regul: 0.004112 Obj: 0.076174 (0.053785)  NNZ: 8 (10)  Ttime: 1.4256 Vtime: 0.0509
Step: 26800000  Loss: 0.053798 Regul: 0.006270 Obj: 0.060068 (0.053785)  NNZ: 16 (10)  Ttime: 1.4780 Vtime: 0.0512
Step: 26900000  Loss: 0.062702 Regul: 0.004929 Obj: 0.067631 (0.053785)  NNZ: 12 (10)  Ttime: 1.4394 Vtime: 0.0517
Step: 27000000  Loss: 0.067238 Regul: 0.008440 Obj: 0.075678 (0.053785)  NNZ: 19 (10)  Ttime: 1.4603 Vtime: 0.0513
Step: 27100000  Loss: 0.067217 Regul: 0.005836 Obj: 0.073053 (0.053785)  NNZ: 13 (10)  Ttime: 1.4789 Vtime: 0.0517
Step: 27200000  Loss: 0.060387 Regul: 0.006280 Obj: 0.066667 (0.053785)  NNZ: 15 (10)  Ttime: 1.4803 Vtime: 0.0515
Step: 27300000  Loss: 0.054019 Regul: 0.005603 Obj: 0.059622 (0.053785)  NNZ: 18 (10)  Ttime: 1.4280 Vtime: 0.0512
Step: 27400000  Loss: 0.061924 Regul: 0.007948 Obj: 0.069872 (0.053785)  NNZ: 20 (10)  Ttime: 1.4252 Vtime: 0.0511
Step: 27500000  Loss: 0.058558 Regul: 0.005558 Obj: 0.064116 (0.053785)  NNZ: 16 (10)  Ttime: 1.4343 Vtime: 0.0529
Step: 27600000  Loss: 0.054029 Regul: 0.005430 Obj: 0.059460 (0.053785)  NNZ: 13 (10)  Ttime: 1.4411 Vtime: 0.0514
Step: 27700000  Loss: 0.054278 Regul: 0.005055 Obj: 0.059333 (0.053785)  NNZ: 11 (10)  Ttime: 1.4348 Vtime: 0.0517
Step: 27800000  Loss: 0.057536 Regul: 0.005814 Obj: 0.063350 (0.053785)  NNZ: 14 (10)  Ttime: 1.4252 Vtime: 0.0512
Step: 27900000  Loss: 0.056192 Regul: 0.002541 Obj: 0.058733 (0.053785)  NNZ: 9 (10)  Ttime: 1.4425 Vtime: 0.0511
Step: 28000000  Loss: 0.060932 Regul: 0.004720 Obj: 0.065652 (0.053785)  NNZ: 11 (10)  Ttime: 1.4306 Vtime: 0.0516
Step: 28100000  Loss: 0.058752 Regul: 0.003912 Obj: 0.062665 (0.053785)  NNZ: 10 (10)  Ttime: 1.4293 Vtime: 0.0517
Step: 28200000  Loss: 0.052003 Regul: 0.005690 Obj: 0.057693 (0.053785)  NNZ: 14 (10)  Ttime: 1.4513 Vtime: 0.0514
Step: 28300000  Loss: 0.063968 Regul: 0.006122 Obj: 0.070090 (0.053785)  NNZ: 10 (10)  Ttime: 1.4226 Vtime: 0.0509
Step: 28400000  Loss: 0.050686 Regul: 0.004127 Obj: 0.054813 (0.053785)  NNZ: 10 (10)  Ttime: 1.4330 Vtime: 0.0515
Step: 28500000  Loss: 0.066182 Regul: 0.005866 Obj: 0.072048 (0.053785)  NNZ: 12 (10)  Ttime: 1.4297 Vtime: 0.0524
Step: 28600000  Loss: 0.081133 Regul: 0.001719 Obj: 0.082852 (0.053785)  NNZ: 5 (10)  Ttime: 1.4686 Vtime: 0.0517
Step: 28700000  Loss: 0.053249 Regul: 0.004001 Obj: 0.057250 (0.053785)  NNZ: 11 (10)  Ttime: 1.4394 Vtime: 0.0519
Step: 28800000  Loss: 0.056029 Regul: 0.003384 Obj: 0.059413 (0.053785)  NNZ: 10 (10)  Ttime: 1.4462 Vtime: 0.0515
Step: 28900000  Loss: 0.052568 Regul: 0.004257 Obj: 0.056825 (0.053785)  NNZ: 13 (10)  Ttime: 1.4406 Vtime: 0.0513
Step: 29000000  Loss: 0.051299 Regul: 0.004730 Obj: 0.056029 (0.053785)  NNZ: 13 (10)  Ttime: 1.4342 Vtime: 0.0521
Step: 29100000  Loss: 0.067737 Regul: 0.005394 Obj: 0.073131 (0.053785)  NNZ: 14 (10)  Ttime: 1.4351 Vtime: 0.0512
Step: 29200000  Loss: 0.051740 Regul: 0.005822 Obj: 0.057562 (0.053785)  NNZ: 13 (10)  Ttime: 1.4381 Vtime: 0.0523
Step: 29300000  Loss: 0.054077 Regul: 0.003555 Obj: 0.057632 (0.053785)  NNZ: 16 (10)  Ttime: 1.4397 Vtime: 0.0508
Step: 29400000  Loss: 0.052333 Regul: 0.003459 Obj: 0.055792 (0.053785)  NNZ: 13 (10)  Ttime: 1.4402 Vtime: 0.0513
Step: 29500000  Loss: 0.055800 Regul: 0.004763 Obj: 0.060564 (0.053785)  NNZ: 9 (10)  Ttime: 1.4310 Vtime: 0.0518
Step: 29600000  Loss: 0.049813 Regul: 0.003973 Obj: 0.053786 (0.053785)  NNZ: 13 (10)  Ttime: 1.4480 Vtime: 0.0510
Step: 29700000  Loss: 0.052652 Regul: 0.003940 Obj: 0.056592 (0.053785)  NNZ: 8 (10)  Ttime: 1.4463 Vtime: 0.0521
Step: 29800000  Loss: 0.051875 Regul: 0.004854 Obj: 0.056729 (0.053785)  NNZ: 10 (10)  Ttime: 1.4351 Vtime: 0.0521
Step: 29900000  Loss: 0.053147 Regul: 0.004346 Obj: 0.057493 (0.053785)  NNZ: 10 (10)  Ttime: 1.4433 Vtime: 0.0517
Step: 30000000  Loss: 0.054477 Regul: 0.005357 Obj: 0.059834 (0.053785)  NNZ: 14 (10)  Ttime: 1.4342 Vtime: 0.0512
Step: 30100000  Loss: 0.059062 Regul: 0.003681 Obj: 0.062743 (0.053785)  NNZ: 9 (10)  Ttime: 1.4332 Vtime: 0.0516
Step: 30200000  Loss: 0.052744 Regul: 0.004127 Obj: 0.056871 (0.053785)  NNZ: 10 (10)  Ttime: 1.4377 Vtime: 0.0519
Step: 30300000  Loss: 0.053739 Regul: 0.005670 Obj: 0.059409 (0.053785)  NNZ: 15 (10)  Ttime: 1.4438 Vtime: 0.0516
Best: 30400000  Loss: 0.048591 Regul: 0.004733 Obj: 0.053323 (0.053323)  NNZ: 12 (12)  Ttime: 1.4401 Vtime: 0.0519
Stat: nPR #68 (#96) Dim/MaxDim [544/640] AUC: 0.981839 FPR95: 7.51 [saved]
Step: 30500000  Loss: 0.059282 Regul: 0.003502 Obj: 0.062784 (0.053323)  NNZ: 7 (12)  Ttime: 1.4407 Vtime: 0.0520
Step: 30600000  Loss: 0.055580 Regul: 0.004634 Obj: 0.060214 (0.053323)  NNZ: 15 (12)  Ttime: 1.4387 Vtime: 0.0510
Step: 30700000  Loss: 0.127221 Regul: 0.002971 Obj: 0.130192 (0.053323)  NNZ: 9 (12)  Ttime: 1.4490 Vtime: 0.0514
Step: 30800000  Loss: 0.058741 Regul: 0.008017 Obj: 0.066758 (0.053323)  NNZ: 16 (12)  Ttime: 1.4646 Vtime: 0.0519
Step: 30900000  Loss: 0.079324 Regul: 0.004547 Obj: 0.083871 (0.053323)  NNZ: 11 (12)  Ttime: 1.4906 Vtime: 0.0534
Step: 31000000  Loss: 0.053390 Regul: 0.006187 Obj: 0.059577 (0.053323)  NNZ: 15 (12)  Ttime: 1.4764 Vtime: 0.0520
Step: 31100000  Loss: 0.053182 Regul: 0.003373 Obj: 0.056555 (0.053323)  NNZ: 10 (12)  Ttime: 1.4858 Vtime: 0.0523
Step: 31200000  Loss: 0.055551 Regul: 0.004564 Obj: 0.060115 (0.053323)  NNZ: 11 (12)  Ttime: 1.4784 Vtime: 0.0517
Step: 31300000  Loss: 0.107013 Regul: 0.004159 Obj: 0.111172 (0.053323)  NNZ: 11 (12)  Ttime: 1.4373 Vtime: 0.0519
Step: 31400000  Loss: 0.054921 Regul: 0.006243 Obj: 0.061164 (0.053323)  NNZ: 18 (12)  Ttime: 1.4416 Vtime: 0.0523
Step: 31500000  Loss: 0.056732 Regul: 0.004059 Obj: 0.060792 (0.053323)  NNZ: 13 (12)  Ttime: 1.4497 Vtime: 0.0511
Step: 31600000  Loss: 0.051604 Regul: 0.004384 Obj: 0.055987 (0.053323)  NNZ: 10 (12)  Ttime: 1.4456 Vtime: 0.0521
Step: 31700000  Loss: 0.055841 Regul: 0.003970 Obj: 0.059810 (0.053323)  NNZ: 10 (12)  Ttime: 1.4310 Vtime: 0.0510
Step: 31800000  Loss: 0.060095 Regul: 0.007889 Obj: 0.067984 (0.053323)  NNZ: 16 (12)  Ttime: 1.4405 Vtime: 0.0513
Step: 31900000  Loss: 0.053286 Regul: 0.006029 Obj: 0.059315 (0.053323)  NNZ: 17 (12)  Ttime: 1.4408 Vtime: 0.0517
Step: 32000000  Loss: 0.069638 Regul: 0.006370 Obj: 0.076007 (0.053323)  NNZ: 18 (12)  Ttime: 1.4328 Vtime: 0.0513
Step: 32100000  Loss: 0.059791 Regul: 0.003691 Obj: 0.063482 (0.053323)  NNZ: 9 (12)  Ttime: 1.4374 Vtime: 0.0513
Step: 32200000  Loss: 0.071478 Regul: 0.007817 Obj: 0.079295 (0.053323)  NNZ: 15 (12)  Ttime: 1.4337 Vtime: 0.0514
Step: 32300000  Loss: 0.050831 Regul: 0.004942 Obj: 0.055773 (0.053323)  NNZ: 10 (12)  Ttime: 1.4338 Vtime: 0.0515
Step: 32400000  Loss: 0.057920 Regul: 0.003951 Obj: 0.061870 (0.053323)  NNZ: 12 (12)  Ttime: 1.4402 Vtime: 0.0521
Step: 32500000  Loss: 0.049237 Regul: 0.004792 Obj: 0.054029 (0.053323)  NNZ: 10 (12)  Ttime: 1.4766 Vtime: 0.0527
Step: 32600000  Loss: 0.060419 Regul: 0.003326 Obj: 0.063745 (0.053323)  NNZ: 9 (12)  Ttime: 1.4464 Vtime: 0.0521
Step: 32700000  Loss: 0.055265 Regul: 0.003360 Obj: 0.058625 (0.053323)  NNZ: 11 (12)  Ttime: 1.4446 Vtime: 0.0522
Step: 32800000  Loss: 0.052393 Regul: 0.003962 Obj: 0.056355 (0.053323)  NNZ: 11 (12)  Ttime: 1.4409 Vtime: 0.0510
Step: 32900000  Loss: 0.087883 Regul: 0.008561 Obj: 0.096444 (0.053323)  NNZ: 20 (12)  Ttime: 1.4357 Vtime: 0.0509
Step: 33000000  Loss: 0.058892 Regul: 0.002266 Obj: 0.061158 (0.053323)  NNZ: 9 (12)  Ttime: 1.4353 Vtime: 0.0510
Step: 33100000  Loss: 0.065504 Regul: 0.006671 Obj: 0.072174 (0.053323)  NNZ: 15 (12)  Ttime: 1.4474 Vtime: 0.0510
Step: 33200000  Loss: 0.061098 Regul: 0.007662 Obj: 0.068760 (0.053323)  NNZ: 17 (12)  Ttime: 1.4638 Vtime: 0.0532
Step: 33300000  Loss: 0.055123 Regul: 0.003605 Obj: 0.058727 (0.053323)  NNZ: 12 (12)  Ttime: 1.4459 Vtime: 0.0507
Step: 33400000  Loss: 0.064909 Regul: 0.006245 Obj: 0.071154 (0.053323)  NNZ: 14 (12)  Ttime: 1.4723 Vtime: 0.0516
Step: 33500000  Loss: 0.056010 Regul: 0.004943 Obj: 0.060953 (0.053323)  NNZ: 12 (12)  Ttime: 1.4470 Vtime: 0.0516
Step: 33600000  Loss: 0.064054 Regul: 0.006500 Obj: 0.070554 (0.053323)  NNZ: 13 (12)  Ttime: 1.4635 Vtime: 0.0535
Step: 33700000  Loss: 0.063709 Regul: 0.005268 Obj: 0.068977 (0.053323)  NNZ: 13 (12)  Ttime: 1.4659 Vtime: 0.0512
Step: 33800000  Loss: 0.065073 Regul: 0.007888 Obj: 0.072961 (0.053323)  NNZ: 17 (12)  Ttime: 1.4761 Vtime: 0.0515
Step: 33900000  Loss: 0.060537 Regul: 0.004586 Obj: 0.065123 (0.053323)  NNZ: 12 (12)  Ttime: 1.4936 Vtime: 0.0543
Step: 34000000  Loss: 0.065777 Regul: 0.008556 Obj: 0.074333 (0.053323)  NNZ: 18 (12)  Ttime: 1.4565 Vtime: 0.0512
Step: 34100000  Loss: 0.068697 Regul: 0.008713 Obj: 0.077410 (0.053323)  NNZ: 17 (12)  Ttime: 1.4327 Vtime: 0.0516
Step: 34200000  Loss: 0.066983 Regul: 0.006895 Obj: 0.073878 (0.053323)  NNZ: 13 (12)  Ttime: 1.4483 Vtime: 0.0517
Step: 34300000  Loss: 0.065727 Regul: 0.004762 Obj: 0.070489 (0.053323)  NNZ: 13 (12)  Ttime: 1.4318 Vtime: 0.0511
Step: 34400000  Loss: 0.050493 Regul: 0.004962 Obj: 0.055455 (0.053323)  NNZ: 16 (12)  Ttime: 1.4554 Vtime: 0.0507
Step: 34500000  Loss: 0.056848 Regul: 0.006847 Obj: 0.063695 (0.053323)  NNZ: 13 (12)  Ttime: 1.4395 Vtime: 0.0522
Step: 34600000  Loss: 0.053551 Regul: 0.004872 Obj: 0.058423 (0.053323)  NNZ: 11 (12)  Ttime: 1.4716 Vtime: 0.0510
Step: 34700000  Loss: 0.058732 Regul: 0.006837 Obj: 0.065568 (0.053323)  NNZ: 15 (12)  Ttime: 1.4334 Vtime: 0.0521
Step: 34800000  Loss: 0.102947 Regul: 0.006111 Obj: 0.109059 (0.053323)  NNZ: 12 (12)  Ttime: 1.4384 Vtime: 0.0519
Step: 34900000  Loss: 0.073257 Regul: 0.008317 Obj: 0.081575 (0.053323)  NNZ: 19 (12)  Ttime: 1.4363 Vtime: 0.0516
Step: 35000000  Loss: 0.054513 Regul: 0.004048 Obj: 0.058561 (0.053323)  NNZ: 9 (12)  Ttime: 1.4398 Vtime: 0.0518
Step: 35100000  Loss: 0.053677 Regul: 0.006519 Obj: 0.060196 (0.053323)  NNZ: 15 (12)  Ttime: 1.4392 Vtime: 0.0515
Step: 35200000  Loss: 0.076723 Regul: 0.008237 Obj: 0.084960 (0.053323)  NNZ: 18 (12)  Ttime: 1.4608 Vtime: 0.0530
Step: 35300000  Loss: 0.051061 Regul: 0.004760 Obj: 0.055821 (0.053323)  NNZ: 10 (12)  Ttime: 1.4708 Vtime: 0.0519
Step: 35400000  Loss: 0.055779 Regul: 0.005994 Obj: 0.061774 (0.053323)  NNZ: 12 (12)  Ttime: 1.4376 Vtime: 0.0518
Step: 35500000  Loss: 0.049900 Regul: 0.003618 Obj: 0.053518 (0.053323)  NNZ: 13 (12)  Ttime: 1.4321 Vtime: 0.0515
Step: 35600000  Loss: 0.058502 Regul: 0.007434 Obj: 0.065936 (0.053323)  NNZ: 15 (12)  Ttime: 1.4357 Vtime: 0.0519
Step: 35700000  Loss: 0.054081 Regul: 0.006876 Obj: 0.060957 (0.053323)  NNZ: 14 (12)  Ttime: 1.4345 Vtime: 0.0513
Step: 35800000  Loss: 0.050981 Regul: 0.005754 Obj: 0.056736 (0.053323)  NNZ: 14 (12)  Ttime: 1.4418 Vtime: 0.0525
Step: 35900000  Loss: 0.062454 Regul: 0.008223 Obj: 0.070677 (0.053323)  NNZ: 15 (12)  Ttime: 1.4329 Vtime: 0.0516
Step: 36000000  Loss: 0.050648 Regul: 0.004394 Obj: 0.055041 (0.053323)  NNZ: 10 (12)  Ttime: 1.4312 Vtime: 0.0515
Step: 36100000  Loss: 0.067881 Regul: 0.009172 Obj: 0.077052 (0.053323)  NNZ: 18 (12)  Ttime: 1.4411 Vtime: 0.0515
Step: 36200000  Loss: 0.058464 Regul: 0.006454 Obj: 0.064918 (0.053323)  NNZ: 12 (12)  Ttime: 1.4316 Vtime: 0.0514
Step: 36300000  Loss: 0.054901 Regul: 0.006343 Obj: 0.061244 (0.053323)  NNZ: 14 (12)  Ttime: 1.4390 Vtime: 0.0511
Step: 36400000  Loss: 0.052485 Regul: 0.005736 Obj: 0.058221 (0.053323)  NNZ: 9 (12)  Ttime: 1.4405 Vtime: 0.0517
Step: 36500000  Loss: 0.065810 Regul: 0.007158 Obj: 0.072968 (0.053323)  NNZ: 13 (12)  Ttime: 1.4347 Vtime: 0.0517
Step: 36600000  Loss: 0.069094 Regul: 0.007708 Obj: 0.076801 (0.053323)  NNZ: 16 (12)  Ttime: 1.4404 Vtime: 0.0514
Step: 36700000  Loss: 0.057185 Regul: 0.006935 Obj: 0.064120 (0.053323)  NNZ: 15 (12)  Ttime: 1.4314 Vtime: 0.0520
Step: 36800000  Loss: 0.055113 Regul: 0.005527 Obj: 0.060641 (0.053323)  NNZ: 10 (12)  Ttime: 1.4392 Vtime: 0.0510
Step: 36900000  Loss: 0.057668 Regul: 0.004351 Obj: 0.062018 (0.053323)  NNZ: 12 (12)  Ttime: 1.4367 Vtime: 0.0509
Step: 37000000  Loss: 0.060507 Regul: 0.007095 Obj: 0.067602 (0.053323)  NNZ: 19 (12)  Ttime: 1.4321 Vtime: 0.0518
Step: 37100000  Loss: 0.074212 Regul: 0.010972 Obj: 0.085184 (0.053323)  NNZ: 20 (12)  Ttime: 1.4396 Vtime: 0.0515
Step: 37200000  Loss: 0.051426 Regul: 0.004189 Obj: 0.055616 (0.053323)  NNZ: 9 (12)  Ttime: 1.4555 Vtime: 0.0520
Step: 37300000  Loss: 0.063141 Regul: 0.006190 Obj: 0.069331 (0.053323)  NNZ: 11 (12)  Ttime: 1.4360 Vtime: 0.0523
Step: 37400000  Loss: 0.059391 Regul: 0.006419 Obj: 0.065810 (0.053323)  NNZ: 11 (12)  Ttime: 1.4329 Vtime: 0.0509
Step: 37500000  Loss: 0.063044 Regul: 0.007808 Obj: 0.070852 (0.053323)  NNZ: 14 (12)  Ttime: 1.4409 Vtime: 0.0509
Step: 37600000  Loss: 0.061760 Regul: 0.004825 Obj: 0.066585 (0.053323)  NNZ: 11 (12)  Ttime: 1.4387 Vtime: 0.0510
Step: 37700000  Loss: 0.061397 Regul: 0.007950 Obj: 0.069348 (0.053323)  NNZ: 15 (12)  Ttime: 1.4313 Vtime: 0.0511
Step: 37800000  Loss: 0.070066 Regul: 0.007689 Obj: 0.077755 (0.053323)  NNZ: 15 (12)  Ttime: 1.4358 Vtime: 0.0516
Step: 37900000  Loss: 0.053665 Regul: 0.005807 Obj: 0.059473 (0.053323)  NNZ: 15 (12)  Ttime: 1.4368 Vtime: 0.0519
Step: 38000000  Loss: 0.060432 Regul: 0.006830 Obj: 0.067262 (0.053323)  NNZ: 14 (12)  Ttime: 1.4719 Vtime: 0.0516
Step: 38100000  Loss: 0.069497 Regul: 0.008333 Obj: 0.077830 (0.053323)  NNZ: 14 (12)  Ttime: 1.4742 Vtime: 0.0520
Step: 38200000  Loss: 0.055398 Regul: 0.006484 Obj: 0.061882 (0.053323)  NNZ: 12 (12)  Ttime: 1.4715 Vtime: 0.0512
Step: 38300000  Loss: 0.049278 Regul: 0.004198 Obj: 0.053476 (0.053323)  NNZ: 11 (12)  Ttime: 1.4381 Vtime: 0.0515
Step: 38400000  Loss: 0.055614 Regul: 0.006057 Obj: 0.061671 (0.053323)  NNZ: 11 (12)  Ttime: 1.5046 Vtime: 0.0516
Step: 38500000  Loss: 0.064315 Regul: 0.004340 Obj: 0.068656 (0.053323)  NNZ: 13 (12)  Ttime: 1.4308 Vtime: 0.0515
Step: 38600000  Loss: 0.053907 Regul: 0.005367 Obj: 0.059275 (0.053323)  NNZ: 14 (12)  Ttime: 1.4339 Vtime: 0.0514
Step: 38700000  Loss: 0.058758 Regul: 0.004888 Obj: 0.063646 (0.053323)  NNZ: 11 (12)  Ttime: 1.4542 Vtime: 0.0536
Step: 38800000  Loss: 0.057831 Regul: 0.007098 Obj: 0.064930 (0.053323)  NNZ: 17 (12)  Ttime: 1.4640 Vtime: 0.0522
Step: 38900000  Loss: 0.062715 Regul: 0.008181 Obj: 0.070896 (0.053323)  NNZ: 17 (12)  Ttime: 1.4602 Vtime: 0.0517
Step: 39000000  Loss: 0.083416 Regul: 0.003583 Obj: 0.086999 (0.053323)  NNZ: 9 (12)  Ttime: 1.4554 Vtime: 0.0540
Step: 39100000  Loss: 0.067078 Regul: 0.007511 Obj: 0.074589 (0.053323)  NNZ: 19 (12)  Ttime: 1.4753 Vtime: 0.0513
Step: 39200000  Loss: 0.056447 Regul: 0.006577 Obj: 0.063024 (0.053323)  NNZ: 13 (12)  Ttime: 1.4501 Vtime: 0.0514
Step: 39300000  Loss: 0.072426 Regul: 0.007746 Obj: 0.080172 (0.053323)  NNZ: 15 (12)  Ttime: 1.4726 Vtime: 0.0514
Step: 39400000  Loss: 0.064395 Regul: 0.008920 Obj: 0.073315 (0.053323)  NNZ: 19 (12)  Ttime: 1.4495 Vtime: 0.0516
Step: 39500000  Loss: 0.053894 Regul: 0.005926 Obj: 0.059820 (0.053323)  NNZ: 15 (12)  Ttime: 1.4469 Vtime: 0.0519
Step: 39600000  Loss: 0.057599 Regul: 0.007432 Obj: 0.065031 (0.053323)  NNZ: 17 (12)  Ttime: 1.4509 Vtime: 0.0525
Step: 39700000  Loss: 0.086955 Regul: 0.004802 Obj: 0.091756 (0.053323)  NNZ: 13 (12)  Ttime: 1.4866 Vtime: 0.0519
Step: 39800000  Loss: 0.053802 Regul: 0.006684 Obj: 0.060486 (0.053323)  NNZ: 13 (12)  Ttime: 1.4321 Vtime: 0.0508
Step: 39900000  Loss: 0.056220 Regul: 0.003080 Obj: 0.059301 (0.053323)  NNZ: 11 (12)  Ttime: 1.4365 Vtime: 0.0511
Step: 40000000  Loss: 0.064182 Regul: 0.008835 Obj: 0.073017 (0.053323)  NNZ: 19 (12)  Ttime: 1.4510 Vtime: 0.0514
Step: 40100000  Loss: 0.068426 Regul: 0.009473 Obj: 0.077899 (0.053323)  NNZ: 17 (12)  Ttime: 1.4459 Vtime: 0.0511
Step: 40200000  Loss: 0.084802 Regul: 0.010587 Obj: 0.095389 (0.053323)  NNZ: 23 (12)  Ttime: 1.4425 Vtime: 0.0523
Step: 40300000  Loss: 0.056360 Regul: 0.005437 Obj: 0.061797 (0.053323)  NNZ: 12 (12)  Ttime: 1.4292 Vtime: 0.0520
Step: 40400000  Loss: 0.055563 Regul: 0.006705 Obj: 0.062268 (0.053323)  NNZ: 14 (12)  Ttime: 1.4297 Vtime: 0.0517
Step: 40500000  Loss: 0.052795 Regul: 0.005112 Obj: 0.057908 (0.053323)  NNZ: 12 (12)  Ttime: 1.4293 Vtime: 0.0517
Step: 40600000  Loss: 0.058019 Regul: 0.005322 Obj: 0.063341 (0.053323)  NNZ: 14 (12)  Ttime: 1.4352 Vtime: 0.0514
Step: 40700000  Loss: 0.066205 Regul: 0.009935 Obj: 0.076140 (0.053323)  NNZ: 23 (12)  Ttime: 1.4434 Vtime: 0.0517
Step: 40800000  Loss: 0.054359 Regul: 0.005080 Obj: 0.059439 (0.053323)  NNZ: 14 (12)  Ttime: 1.4542 Vtime: 0.0515
Step: 40900000  Loss: 0.066381 Regul: 0.006633 Obj: 0.073014 (0.053323)  NNZ: 15 (12)  Ttime: 1.4244 Vtime: 0.0510
Step: 41000000  Loss: 0.055439 Regul: 0.007043 Obj: 0.062483 (0.053323)  NNZ: 14 (12)  Ttime: 1.4288 Vtime: 0.0513
Step: 41100000  Loss: 0.060625 Regul: 0.008428 Obj: 0.069053 (0.053323)  NNZ: 14 (12)  Ttime: 1.4553 Vtime: 0.0520
Step: 41200000  Loss: 0.057145 Regul: 0.006392 Obj: 0.063536 (0.053323)  NNZ: 13 (12)  Ttime: 1.4614 Vtime: 0.0510
Step: 41300000  Loss: 0.055273 Regul: 0.006038 Obj: 0.061312 (0.053323)  NNZ: 14 (12)  Ttime: 1.4250 Vtime: 0.0509
Step: 41400000  Loss: 0.054069 Regul: 0.004393 Obj: 0.058462 (0.053323)  NNZ: 8 (12)  Ttime: 1.4255 Vtime: 0.0512
Step: 41500000  Loss: 0.066321 Regul: 0.004780 Obj: 0.071101 (0.053323)  NNZ: 9 (12)  Ttime: 1.4593 Vtime: 0.0542
Step: 41600000  Loss: 0.078472 Regul: 0.008434 Obj: 0.086907 (0.053323)  NNZ: 14 (12)  Ttime: 1.4256 Vtime: 0.0510
Step: 41700000  Loss: 0.054487 Regul: 0.005578 Obj: 0.060065 (0.053323)  NNZ: 10 (12)  Ttime: 1.4295 Vtime: 0.0517
Step: 41800000  Loss: 0.053482 Regul: 0.005621 Obj: 0.059103 (0.053323)  NNZ: 12 (12)  Ttime: 1.4304 Vtime: 0.0519
Step: 41900000  Loss: 0.063365 Regul: 0.009560 Obj: 0.072925 (0.053323)  NNZ: 19 (12)  Ttime: 1.4264 Vtime: 0.0525
Step: 42000000  Loss: 0.058518 Regul: 0.005180 Obj: 0.063698 (0.053323)  NNZ: 11 (12)  Ttime: 1.4229 Vtime: 0.0515
Step: 42100000  Loss: 0.063869 Regul: 0.006267 Obj: 0.070136 (0.053323)  NNZ: 17 (12)  Ttime: 1.4311 Vtime: 0.0518
Step: 42200000  Loss: 0.064453 Regul: 0.007679 Obj: 0.072132 (0.053323)  NNZ: 19 (12)  Ttime: 1.4291 Vtime: 0.0515
Step: 42300000  Loss: 0.056048 Regul: 0.006000 Obj: 0.062048 (0.053323)  NNZ: 13 (12)  Ttime: 1.4301 Vtime: 0.0511
Step: 42400000  Loss: 0.062466 Regul: 0.008224 Obj: 0.070690 (0.053323)  NNZ: 17 (12)  Ttime: 1.4276 Vtime: 0.0512
Step: 42500000  Loss: 0.051488 Regul: 0.004241 Obj: 0.055729 (0.053323)  NNZ: 15 (12)  Ttime: 1.4275 Vtime: 0.0523
Step: 42600000  Loss: 0.063758 Regul: 0.008917 Obj: 0.072676 (0.053323)  NNZ: 20 (12)  Ttime: 1.4282 Vtime: 0.0511
Step: 42700000  Loss: 0.057123 Regul: 0.006614 Obj: 0.063738 (0.053323)  NNZ: 14 (12)  Ttime: 1.4307 Vtime: 0.0515
Step: 42800000  Loss: 0.061651 Regul: 0.009106 Obj: 0.070757 (0.053323)  NNZ: 20 (12)  Ttime: 1.4296 Vtime: 0.0524
Step: 42900000  Loss: 0.068395 Regul: 0.006758 Obj: 0.075154 (0.053323)  NNZ: 12 (12)  Ttime: 1.4585 Vtime: 0.0514
Step: 43000000  Loss: 0.067427 Regul: 0.009451 Obj: 0.076878 (0.053323)  NNZ: 22 (12)  Ttime: 1.4378 Vtime: 0.0515
Step: 43100000  Loss: 0.061129 Regul: 0.006592 Obj: 0.067722 (0.053323)  NNZ: 15 (12)  Ttime: 1.4352 Vtime: 0.0514
Step: 43200000  Loss: 0.056368 Regul: 0.007372 Obj: 0.063741 (0.053323)  NNZ: 21 (12)  Ttime: 1.4324 Vtime: 0.0513
Step: 43300000  Loss: 0.052382 Regul: 0.005042 Obj: 0.057424 (0.053323)  NNZ: 15 (12)  Ttime: 1.4379 Vtime: 0.0513
Step: 43400000  Loss: 0.061438 Regul: 0.007156 Obj: 0.068594 (0.053323)  NNZ: 13 (12)  Ttime: 1.4313 Vtime: 0.0519
Step: 43500000  Loss: 0.053793 Regul: 0.005900 Obj: 0.059694 (0.053323)  NNZ: 15 (12)  Ttime: 1.4403 Vtime: 0.0511
Step: 43600000  Loss: 0.056142 Regul: 0.007037 Obj: 0.063179 (0.053323)  NNZ: 15 (12)  Ttime: 1.4335 Vtime: 0.0519
Step: 43700000  Loss: 0.062088 Regul: 0.009293 Obj: 0.071381 (0.053323)  NNZ: 17 (12)  Ttime: 1.4352 Vtime: 0.0512
Step: 43800000  Loss: 0.052814 Regul: 0.006218 Obj: 0.059032 (0.053323)  NNZ: 18 (12)  Ttime: 1.4464 Vtime: 0.0511
Step: 43900000  Loss: 0.062084 Regul: 0.005424 Obj: 0.067508 (0.053323)  NNZ: 13 (12)  Ttime: 1.4402 Vtime: 0.0515
Step: 44000000  Loss: 0.071544 Regul: 0.008143 Obj: 0.079687 (0.053323)  NNZ: 19 (12)  Ttime: 1.4359 Vtime: 0.0517
Step: 44100000  Loss: 0.065915 Regul: 0.006367 Obj: 0.072282 (0.053323)  NNZ: 16 (12)  Ttime: 1.4321 Vtime: 0.0512
Step: 44200000  Loss: 0.060850 Regul: 0.008917 Obj: 0.069767 (0.053323)  NNZ: 23 (12)  Ttime: 1.4295 Vtime: 0.0512
Step: 44300000  Loss: 0.057293 Regul: 0.005696 Obj: 0.062990 (0.053323)  NNZ: 17 (12)  Ttime: 1.4471 Vtime: 0.0580
Step: 44400000  Loss: 0.065245 Regul: 0.008516 Obj: 0.073761 (0.053323)  NNZ: 14 (12)  Ttime: 1.4748 Vtime: 0.0513
Step: 44500000  Loss: 0.051716 Regul: 0.005835 Obj: 0.057550 (0.053323)  NNZ: 17 (12)  Ttime: 1.4430 Vtime: 0.0518
Step: 44600000  Loss: 0.053572 Regul: 0.005853 Obj: 0.059425 (0.053323)  NNZ: 16 (12)  Ttime: 1.4434 Vtime: 0.0509
Step: 44700000  Loss: 0.064046 Regul: 0.005010 Obj: 0.069056 (0.053323)  NNZ: 14 (12)  Ttime: 1.4373 Vtime: 0.0510
Step: 44800000  Loss: 0.069146 Regul: 0.008077 Obj: 0.077224 (0.053323)  NNZ: 18 (12)  Ttime: 1.4381 Vtime: 0.0515
Step: 44900000  Loss: 0.061527 Regul: 0.008956 Obj: 0.070483 (0.053323)  NNZ: 19 (12)  Ttime: 1.4654 Vtime: 0.0515
Step: 45000000  Loss: 0.061957 Regul: 0.007669 Obj: 0.069626 (0.053323)  NNZ: 22 (12)  Ttime: 1.4364 Vtime: 0.0519
Step: 45100000  Loss: 0.056674 Regul: 0.004308 Obj: 0.060983 (0.053323)  NNZ: 11 (12)  Ttime: 1.4387 Vtime: 0.0511
Step: 45200000  Loss: 0.063416 Regul: 0.008458 Obj: 0.071875 (0.053323)  NNZ: 22 (12)  Ttime: 1.4369 Vtime: 0.0512
Step: 45300000  Loss: 0.073738 Regul: 0.011059 Obj: 0.084797 (0.053323)  NNZ: 25 (12)  Ttime: 1.4314 Vtime: 0.0514
Step: 45400000  Loss: 0.067180 Regul: 0.009412 Obj: 0.076591 (0.053323)  NNZ: 17 (12)  Ttime: 1.4329 Vtime: 0.0515
Step: 45500000  Loss: 0.064019 Regul: 0.006470 Obj: 0.070490 (0.053323)  NNZ: 12 (12)  Ttime: 1.4542 Vtime: 0.0518
Best: 45600000  Loss: 0.048488 Regul: 0.004345 Obj: 0.052833 (0.052833)  NNZ: 14 (14)  Ttime: 1.4458 Vtime: 0.0514
Stat: nPR #96 (#112) Dim/MaxDim [768/640] AUC: 0.981724 FPR95: 7.19
Step: 45700000  Loss: 0.063906 Regul: 0.008782 Obj: 0.072687 (0.052833)  NNZ: 18 (14)  Ttime: 1.5013 Vtime: 0.0517
Step: 45800000  Loss: 0.079863 Regul: 0.009958 Obj: 0.089822 (0.052833)  NNZ: 19 (14)  Ttime: 1.4370 Vtime: 0.0511
Step: 45900000  Loss: 0.074451 Regul: 0.007498 Obj: 0.081949 (0.052833)  NNZ: 18 (14)  Ttime: 1.4819 Vtime: 0.0517
Step: 46000000  Loss: 0.101601 Regul: 0.005554 Obj: 0.107155 (0.052833)  NNZ: 21 (14)  Ttime: 1.4684 Vtime: 0.0525
Step: 46100000  Loss: 0.075331 Regul: 0.007299 Obj: 0.082631 (0.052833)  NNZ: 14 (14)  Ttime: 1.4939 Vtime: 0.0523
Step: 46200000  Loss: 0.054782 Regul: 0.005886 Obj: 0.060668 (0.052833)  NNZ: 15 (14)  Ttime: 1.4534 Vtime: 0.0517
Step: 46300000  Loss: 0.056340 Regul: 0.005053 Obj: 0.061393 (0.052833)  NNZ: 11 (14)  Ttime: 1.4379 Vtime: 0.0515
Step: 46400000  Loss: 0.056353 Regul: 0.005370 Obj: 0.061724 (0.052833)  NNZ: 14 (14)  Ttime: 1.4384 Vtime: 0.0513
Step: 46500000  Loss: 0.065208 Regul: 0.009880 Obj: 0.075088 (0.052833)  NNZ: 25 (14)  Ttime: 1.4417 Vtime: 0.0515
Step: 46600000  Loss: 0.049420 Regul: 0.004942 Obj: 0.054362 (0.052833)  NNZ: 12 (14)  Ttime: 1.4560 Vtime: 0.0516
Step: 46700000  Loss: 0.075558 Regul: 0.007236 Obj: 0.082794 (0.052833)  NNZ: 13 (14)  Ttime: 1.4398 Vtime: 0.0515
Step: 46800000  Loss: 0.052789 Regul: 0.005320 Obj: 0.058109 (0.052833)  NNZ: 13 (14)  Ttime: 1.4320 Vtime: 0.0517
Step: 46900000  Loss: 0.057391 Regul: 0.007135 Obj: 0.064526 (0.052833)  NNZ: 15 (14)  Ttime: 1.4275 Vtime: 0.0513
Step: 47000000  Loss: 0.054711 Regul: 0.007393 Obj: 0.062103 (0.052833)  NNZ: 13 (14)  Ttime: 1.4349 Vtime: 0.0527
Step: 47100000  Loss: 0.062805 Regul: 0.010015 Obj: 0.072820 (0.052833)  NNZ: 19 (14)  Ttime: 1.4343 Vtime: 0.0514
Step: 47200000  Loss: 0.060997 Regul: 0.007100 Obj: 0.068096 (0.052833)  NNZ: 15 (14)  Ttime: 1.4453 Vtime: 0.0510
Step: 47300000  Loss: 0.060935 Regul: 0.008665 Obj: 0.069601 (0.052833)  NNZ: 20 (14)  Ttime: 1.4317 Vtime: 0.0515
Step: 47400000  Loss: 0.054129 Regul: 0.006278 Obj: 0.060407 (0.052833)  NNZ: 13 (14)  Ttime: 1.4450 Vtime: 0.0508
Step: 47500000  Loss: 0.053247 Regul: 0.003351 Obj: 0.056598 (0.052833)  NNZ: 10 (14)  Ttime: 1.4330 Vtime: 0.0512
Step: 47600000  Loss: 0.057603 Regul: 0.006625 Obj: 0.064227 (0.052833)  NNZ: 14 (14)  Ttime: 1.4453 Vtime: 0.0511
Step: 47700000  Loss: 0.054799 Regul: 0.007618 Obj: 0.062417 (0.052833)  NNZ: 16 (14)  Ttime: 1.4320 Vtime: 0.0516
Step: 47800000  Loss: 0.066105 Regul: 0.005996 Obj: 0.072101 (0.052833)  NNZ: 13 (14)  Ttime: 1.4448 Vtime: 0.0519
Step: 47900000  Loss: 0.060177 Regul: 0.008712 Obj: 0.068889 (0.052833)  NNZ: 17 (14)  Ttime: 1.4352 Vtime: 0.0513
Step: 48000000  Loss: 0.052109 Regul: 0.005805 Obj: 0.057914 (0.052833)  NNZ: 13 (14)  Ttime: 1.4304 Vtime: 0.0514
Step: 48100000  Loss: 0.052572 Regul: 0.005413 Obj: 0.057986 (0.052833)  NNZ: 14 (14)  Ttime: 1.4350 Vtime: 0.0514
Step: 48200000  Loss: 0.055425 Regul: 0.004626 Obj: 0.060052 (0.052833)  NNZ: 12 (14)  Ttime: 1.4397 Vtime: 0.0507
Step: 48300000  Loss: 0.056322 Regul: 0.004586 Obj: 0.060907 (0.052833)  NNZ: 11 (14)  Ttime: 1.4332 Vtime: 0.0515
Step: 48400000  Loss: 0.059826 Regul: 0.007722 Obj: 0.067549 (0.052833)  NNZ: 17 (14)  Ttime: 1.4400 Vtime: 0.0516
Step: 48500000  Loss: 0.057220 Regul: 0.006963 Obj: 0.064183 (0.052833)  NNZ: 18 (14)  Ttime: 1.4816 Vtime: 0.0523
Step: 48600000  Loss: 0.051220 Regul: 0.005156 Obj: 0.056376 (0.052833)  NNZ: 12 (14)  Ttime: 1.4315 Vtime: 0.0514
Step: 48700000  Loss: 0.055352 Regul: 0.005139 Obj: 0.060491 (0.052833)  NNZ: 18 (14)  Ttime: 1.4327 Vtime: 0.0517
Step: 48800000  Loss: 0.056154 Regul: 0.007755 Obj: 0.063909 (0.052833)  NNZ: 20 (14)  Ttime: 1.4458 Vtime: 0.0522
Step: 48900000  Loss: 0.067069 Regul: 0.005581 Obj: 0.072650 (0.052833)  NNZ: 11 (14)  Ttime: 1.4418 Vtime: 0.0513
Step: 49000000  Loss: 0.053092 Regul: 0.005301 Obj: 0.058393 (0.052833)  NNZ: 13 (14)  Ttime: 1.4398 Vtime: 0.0510
Step: 49100000  Loss: 0.069769 Regul: 0.005095 Obj: 0.074864 (0.052833)  NNZ: 11 (14)  Ttime: 1.4389 Vtime: 0.0518
Step: 49200000  Loss: 0.056870 Regul: 0.007100 Obj: 0.063970 (0.052833)  NNZ: 14 (14)  Ttime: 1.4377 Vtime: 0.0522
Step: 49300000  Loss: 0.062559 Regul: 0.007065 Obj: 0.069624 (0.052833)  NNZ: 12 (14)  Ttime: 1.4899 Vtime: 0.0522
Step: 49400000  Loss: 0.052603 Regul: 0.005364 Obj: 0.057968 (0.052833)  NNZ: 15 (14)  Ttime: 1.4393 Vtime: 0.0520
Step: 49500000  Loss: 0.055390 Regul: 0.007728 Obj: 0.063118 (0.052833)  NNZ: 15 (14)  Ttime: 1.4303 Vtime: 0.0518
Step: 49600000  Loss: 0.064447 Regul: 0.009499 Obj: 0.073946 (0.052833)  NNZ: 20 (14)  Ttime: 1.4325 Vtime: 0.0514
Step: 49700000  Loss: 0.054261 Regul: 0.004362 Obj: 0.058623 (0.052833)  NNZ: 12 (14)  Ttime: 1.4305 Vtime: 0.0518
Step: 49800000  Loss: 0.056186 Regul: 0.007735 Obj: 0.063921 (0.052833)  NNZ: 19 (14)  Ttime: 1.4959 Vtime: 0.0518
Step: 49900000  Loss: 0.074328 Regul: 0.004613 Obj: 0.078941 (0.052833)  NNZ: 17 (14)  Ttime: 1.4880 Vtime: 0.0517
Step: 50000000  Loss: 0.052844 Regul: 0.005641 Obj: 0.058485 (0.052833)  NNZ: 12 (14)  Ttime: 1.4483 Vtime: 0.0516
