mu: 0.06 gamma: 0.05 nIters: 50000000
Load PRParams.
Load RingParams.
Load Labels: 500000
Load Distances: 500000 x 5120
0...10...20...30...40...50...60...70...80...90...100 - done.
Positive samples #250000
Negative samples #250000
Positive train #200000
Negative train #200000
Positive valid #50000
Negative valid #50000

Found GPU: GeForce GTX 970
Compute Capability: 5.2

Best: 100000  Loss: 0.069870 Regul: 0.051273 Obj: 0.121143 (0.121143)  NNZ: 4 (4)  Ttime: 1.3972 Vtime: 0.2163
Stat: nPR #32 (#32) Dim/MaxDim [256/640] AUC: 0.979703 FPR95: 9.07 [saved]
Step: 200000  Loss: 1.187422 Regul: 0.468223 Obj: 1.655645 (0.121143)  NNZ: 14 (4)  Ttime: 1.3927 Vtime: 0.0516
Step: 300000  Loss: 0.107468 Regul: 0.057103 Obj: 0.164571 (0.121143)  NNZ: 3 (4)  Ttime: 1.3870 Vtime: 0.0510
Step: 400000  Loss: 0.098199 Regul: 0.068947 Obj: 0.167146 (0.121143)  NNZ: 4 (4)  Ttime: 1.3936 Vtime: 0.0513
Step: 500000  Loss: 0.097418 Regul: 0.068672 Obj: 0.166090 (0.121143)  NNZ: 6 (4)  Ttime: 1.3902 Vtime: 0.0513
Step: 600000  Loss: 0.092117 Regul: 0.079918 Obj: 0.172035 (0.121143)  NNZ: 5 (4)  Ttime: 1.3789 Vtime: 0.0515
Step: 700000  Loss: 0.082370 Regul: 0.056569 Obj: 0.138939 (0.121143)  NNZ: 5 (4)  Ttime: 1.3886 Vtime: 0.0520
Step: 800000  Loss: 0.086808 Regul: 0.050229 Obj: 0.137037 (0.121143)  NNZ: 6 (4)  Ttime: 1.3877 Vtime: 0.0518
Best: 900000  Loss: 0.070376 Regul: 0.022500 Obj: 0.092876 (0.092876)  NNZ: 2 (2)  Ttime: 1.3880 Vtime: 0.0515
Stat: nPR #8 (#16) Dim/MaxDim [64/640] AUC: 0.973162 FPR95: 15.39 [saved]
Step: 1000000  Loss: 0.075284 Regul: 0.025100 Obj: 0.100384 (0.092876)  NNZ: 3 (2)  Ttime: 1.3954 Vtime: 0.0515
Step: 1100000  Loss: 0.065553 Regul: 0.037266 Obj: 0.102819 (0.092876)  NNZ: 6 (2)  Ttime: 1.3911 Vtime: 0.0517
Step: 1200000  Loss: 0.113643 Regul: 0.083848 Obj: 0.197491 (0.092876)  NNZ: 6 (2)  Ttime: 1.3878 Vtime: 0.0513
Step: 1300000  Loss: 0.071118 Regul: 0.042979 Obj: 0.114096 (0.092876)  NNZ: 6 (2)  Ttime: 1.3932 Vtime: 0.0513
Step: 1400000  Loss: 0.326310 Regul: 0.041257 Obj: 0.367567 (0.092876)  NNZ: 4 (2)  Ttime: 1.3919 Vtime: 0.0514
Step: 1500000  Loss: 0.066260 Regul: 0.058206 Obj: 0.124466 (0.092876)  NNZ: 7 (2)  Ttime: 1.3859 Vtime: 0.0510
Step: 1600000  Loss: 0.092125 Regul: 0.068013 Obj: 0.160137 (0.092876)  NNZ: 8 (2)  Ttime: 1.3860 Vtime: 0.0508
Step: 1700000  Loss: 0.268078 Regul: 0.045447 Obj: 0.313525 (0.092876)  NNZ: 7 (2)  Ttime: 1.3920 Vtime: 0.0517
Best: 1800000  Loss: 0.057967 Regul: 0.018413 Obj: 0.076380 (0.076380)  NNZ: 5 (5)  Ttime: 1.4031 Vtime: 0.0510
Stat: nPR #32 (#40) Dim/MaxDim [256/640] AUC: 0.978644 FPR95: 9.59 [saved]
Step: 1900000  Loss: 0.082949 Regul: 0.055298 Obj: 0.138247 (0.076380)  NNZ: 8 (5)  Ttime: 1.4033 Vtime: 0.0517
Step: 2000000  Loss: 0.083723 Regul: 0.057627 Obj: 0.141350 (0.076380)  NNZ: 6 (5)  Ttime: 1.3905 Vtime: 0.0512
Step: 2100000  Loss: 0.063482 Regul: 0.042209 Obj: 0.105691 (0.076380)  NNZ: 4 (5)  Ttime: 1.3858 Vtime: 0.0511
Step: 2200000  Loss: 0.075009 Regul: 0.048831 Obj: 0.123840 (0.076380)  NNZ: 8 (5)  Ttime: 1.3847 Vtime: 0.0512
Step: 2300000  Loss: 0.109570 Regul: 0.069763 Obj: 0.179334 (0.076380)  NNZ: 7 (5)  Ttime: 1.3902 Vtime: 0.0514
Step: 2400000  Loss: 0.066528 Regul: 0.029707 Obj: 0.096235 (0.076380)  NNZ: 6 (5)  Ttime: 1.3875 Vtime: 0.0514
Step: 2500000  Loss: 0.068910 Regul: 0.029810 Obj: 0.098720 (0.076380)  NNZ: 6 (5)  Ttime: 1.3897 Vtime: 0.0518
Step: 2600000  Loss: 0.087170 Regul: 0.065383 Obj: 0.152553 (0.076380)  NNZ: 8 (5)  Ttime: 1.3860 Vtime: 0.0510
Step: 2700000  Loss: 0.112210 Regul: 0.100115 Obj: 0.212325 (0.076380)  NNZ: 9 (5)  Ttime: 1.3859 Vtime: 0.0517
Step: 2800000  Loss: 0.062196 Regul: 0.030652 Obj: 0.092848 (0.076380)  NNZ: 6 (5)  Ttime: 1.3877 Vtime: 0.0515
Step: 2900000  Loss: 0.080550 Regul: 0.055605 Obj: 0.136155 (0.076380)  NNZ: 7 (5)  Ttime: 1.3921 Vtime: 0.0516
Step: 3000000  Loss: 0.183617 Regul: 0.046069 Obj: 0.229687 (0.076380)  NNZ: 6 (5)  Ttime: 1.3921 Vtime: 0.0514
Step: 3100000  Loss: 0.130417 Regul: 0.025122 Obj: 0.155539 (0.076380)  NNZ: 5 (5)  Ttime: 1.3895 Vtime: 0.0512
Step: 3200000  Loss: 0.195018 Regul: 0.034980 Obj: 0.229999 (0.076380)  NNZ: 7 (5)  Ttime: 1.3852 Vtime: 0.0508
Step: 3300000  Loss: 0.065298 Regul: 0.024272 Obj: 0.089571 (0.076380)  NNZ: 5 (5)  Ttime: 1.3917 Vtime: 0.0513
Step: 3400000  Loss: 0.083571 Regul: 0.034922 Obj: 0.118493 (0.076380)  NNZ: 8 (5)  Ttime: 1.3914 Vtime: 0.0514
Step: 3500000  Loss: 0.071889 Regul: 0.059985 Obj: 0.131874 (0.076380)  NNZ: 15 (5)  Ttime: 1.4079 Vtime: 0.0517
Step: 3600000  Loss: 0.061577 Regul: 0.026997 Obj: 0.088574 (0.076380)  NNZ: 6 (5)  Ttime: 1.3880 Vtime: 0.0520
Step: 3700000  Loss: 0.070300 Regul: 0.043374 Obj: 0.113674 (0.076380)  NNZ: 9 (5)  Ttime: 1.3867 Vtime: 0.0510
Step: 3800000  Loss: 0.067847 Regul: 0.044854 Obj: 0.112700 (0.076380)  NNZ: 7 (5)  Ttime: 1.3883 Vtime: 0.0527
Step: 3900000  Loss: 0.058675 Regul: 0.025474 Obj: 0.084148 (0.076380)  NNZ: 9 (5)  Ttime: 1.3937 Vtime: 0.0517
Step: 4000000  Loss: 0.058875 Regul: 0.039551 Obj: 0.098426 (0.076380)  NNZ: 6 (5)  Ttime: 1.3870 Vtime: 0.0512
Step: 4100000  Loss: 0.091775 Regul: 0.048032 Obj: 0.139807 (0.076380)  NNZ: 8 (5)  Ttime: 1.3916 Vtime: 0.0516
Step: 4200000  Loss: 0.071320 Regul: 0.050815 Obj: 0.122136 (0.076380)  NNZ: 12 (5)  Ttime: 1.3886 Vtime: 0.0518
Step: 4300000  Loss: 0.060084 Regul: 0.030747 Obj: 0.090831 (0.076380)  NNZ: 5 (5)  Ttime: 1.3885 Vtime: 0.0513
Step: 4400000  Loss: 0.111140 Regul: 0.084683 Obj: 0.195823 (0.076380)  NNZ: 10 (5)  Ttime: 1.3884 Vtime: 0.0522
Step: 4500000  Loss: 0.127032 Regul: 0.034951 Obj: 0.161983 (0.076380)  NNZ: 8 (5)  Ttime: 1.3894 Vtime: 0.0518
Step: 4600000  Loss: 0.256120 Regul: 0.084316 Obj: 0.340436 (0.076380)  NNZ: 11 (5)  Ttime: 1.3889 Vtime: 0.0515
Step: 4700000  Loss: 0.077173 Regul: 0.031260 Obj: 0.108433 (0.076380)  NNZ: 6 (5)  Ttime: 1.3892 Vtime: 0.0519
Step: 4800000  Loss: 0.150373 Regul: 0.034438 Obj: 0.184812 (0.076380)  NNZ: 5 (5)  Ttime: 1.3891 Vtime: 0.0517
Best: 4900000  Loss: 0.054762 Regul: 0.017344 Obj: 0.072106 (0.072106)  NNZ: 4 (4)  Ttime: 1.3886 Vtime: 0.0521
Stat: nPR #28 (#32) Dim/MaxDim [224/640] AUC: 0.980217 FPR95: 8.71 [saved]
Step: 5000000  Loss: 0.082568 Regul: 0.044443 Obj: 0.127011 (0.072106)  NNZ: 6 (4)  Ttime: 1.3876 Vtime: 0.0511
Step: 5100000  Loss: 0.085298 Regul: 0.054624 Obj: 0.139922 (0.072106)  NNZ: 7 (4)  Ttime: 1.3886 Vtime: 0.0513
Step: 5200000  Loss: 0.064363 Regul: 0.026104 Obj: 0.090467 (0.072106)  NNZ: 7 (4)  Ttime: 1.3953 Vtime: 0.0512
Step: 5300000  Loss: 0.076572 Regul: 0.064937 Obj: 0.141509 (0.072106)  NNZ: 12 (4)  Ttime: 1.4140 Vtime: 0.0514
Step: 5400000  Loss: 0.080348 Regul: 0.054873 Obj: 0.135221 (0.072106)  NNZ: 9 (4)  Ttime: 1.4023 Vtime: 0.0509
Step: 5500000  Loss: 0.152216 Regul: 0.050127 Obj: 0.202343 (0.072106)  NNZ: 8 (4)  Ttime: 1.3887 Vtime: 0.0515
Step: 5600000  Loss: 0.071104 Regul: 0.044531 Obj: 0.115635 (0.072106)  NNZ: 10 (4)  Ttime: 1.3914 Vtime: 0.0519
Step: 5700000  Loss: 0.058439 Regul: 0.034746 Obj: 0.093185 (0.072106)  NNZ: 10 (4)  Ttime: 1.3899 Vtime: 0.0517
Step: 5800000  Loss: 0.057739 Regul: 0.042671 Obj: 0.100410 (0.072106)  NNZ: 9 (4)  Ttime: 1.3836 Vtime: 0.0514
Step: 5900000  Loss: 0.066251 Regul: 0.049438 Obj: 0.115689 (0.072106)  NNZ: 9 (4)  Ttime: 1.3887 Vtime: 0.0513
Step: 6000000  Loss: 0.077884 Regul: 0.041338 Obj: 0.119222 (0.072106)  NNZ: 6 (4)  Ttime: 1.3868 Vtime: 0.0522
Step: 6100000  Loss: 0.062375 Regul: 0.041396 Obj: 0.103771 (0.072106)  NNZ: 7 (4)  Ttime: 1.3935 Vtime: 0.0524
Step: 6200000  Loss: 0.080465 Regul: 0.021650 Obj: 0.102116 (0.072106)  NNZ: 5 (4)  Ttime: 1.3905 Vtime: 0.0517
Step: 6300000  Loss: 0.063689 Regul: 0.040957 Obj: 0.104646 (0.072106)  NNZ: 7 (4)  Ttime: 1.3920 Vtime: 0.0522
Step: 6400000  Loss: 0.058466 Regul: 0.033794 Obj: 0.092260 (0.072106)  NNZ: 7 (4)  Ttime: 1.3936 Vtime: 0.0517
Step: 6500000  Loss: 0.063412 Regul: 0.016743 Obj: 0.080156 (0.072106)  NNZ: 4 (4)  Ttime: 1.3881 Vtime: 0.0510
Step: 6600000  Loss: 0.091412 Regul: 0.021123 Obj: 0.112535 (0.072106)  NNZ: 5 (4)  Ttime: 1.3863 Vtime: 0.0512
Step: 6700000  Loss: 0.067894 Regul: 0.016465 Obj: 0.084359 (0.072106)  NNZ: 4 (4)  Ttime: 1.3926 Vtime: 0.0511
Step: 6800000  Loss: 0.059215 Regul: 0.024551 Obj: 0.083766 (0.072106)  NNZ: 8 (4)  Ttime: 1.3866 Vtime: 0.0508
Step: 6900000  Loss: 0.062285 Regul: 0.029604 Obj: 0.091889 (0.072106)  NNZ: 5 (4)  Ttime: 1.3874 Vtime: 0.0519
Step: 7000000  Loss: 0.072138 Regul: 0.031919 Obj: 0.104057 (0.072106)  NNZ: 8 (4)  Ttime: 1.3920 Vtime: 0.0513
Step: 7100000  Loss: 0.057669 Regul: 0.025342 Obj: 0.083011 (0.072106)  NNZ: 6 (4)  Ttime: 1.3877 Vtime: 0.0514
Step: 7200000  Loss: 0.073078 Regul: 0.020757 Obj: 0.093835 (0.072106)  NNZ: 5 (4)  Ttime: 1.3849 Vtime: 0.0518
Step: 7300000  Loss: 0.061347 Regul: 0.023716 Obj: 0.085062 (0.072106)  NNZ: 6 (4)  Ttime: 1.3904 Vtime: 0.0514
Step: 7400000  Loss: 0.055713 Regul: 0.036914 Obj: 0.092627 (0.072106)  NNZ: 9 (4)  Ttime: 1.3851 Vtime: 0.0514
Step: 7500000  Loss: 0.078989 Regul: 0.028022 Obj: 0.107011 (0.072106)  NNZ: 5 (4)  Ttime: 1.3852 Vtime: 0.0511
Step: 7600000  Loss: 0.064362 Regul: 0.022383 Obj: 0.086744 (0.072106)  NNZ: 5 (4)  Ttime: 1.3889 Vtime: 0.0510
Step: 7700000  Loss: 0.081741 Regul: 0.053760 Obj: 0.135501 (0.072106)  NNZ: 11 (4)  Ttime: 1.3893 Vtime: 0.0518
Step: 7800000  Loss: 0.066597 Regul: 0.031655 Obj: 0.098252 (0.072106)  NNZ: 8 (4)  Ttime: 1.3912 Vtime: 0.0518
Step: 7900000  Loss: 0.065576 Regul: 0.030645 Obj: 0.096220 (0.072106)  NNZ: 10 (4)  Ttime: 1.3913 Vtime: 0.0526
Step: 8000000  Loss: 0.058947 Regul: 0.031670 Obj: 0.090617 (0.072106)  NNZ: 7 (4)  Ttime: 1.4012 Vtime: 0.0525
Step: 8100000  Loss: 0.067667 Regul: 0.059912 Obj: 0.127579 (0.072106)  NNZ: 11 (4)  Ttime: 1.3946 Vtime: 0.0512
Step: 8200000  Loss: 0.055146 Regul: 0.040225 Obj: 0.095371 (0.072106)  NNZ: 10 (4)  Ttime: 1.3918 Vtime: 0.0519
Step: 8300000  Loss: 0.056814 Regul: 0.031362 Obj: 0.088177 (0.072106)  NNZ: 7 (4)  Ttime: 1.3945 Vtime: 0.0514
Step: 8400000  Loss: 0.085948 Regul: 0.036050 Obj: 0.121997 (0.072106)  NNZ: 5 (4)  Ttime: 1.3924 Vtime: 0.0516
Step: 8500000  Loss: 0.062070 Regul: 0.024609 Obj: 0.086679 (0.072106)  NNZ: 6 (4)  Ttime: 1.3873 Vtime: 0.0515
Step: 8600000  Loss: 0.050666 Regul: 0.026660 Obj: 0.077326 (0.072106)  NNZ: 9 (4)  Ttime: 1.3924 Vtime: 0.0519
Step: 8700000  Loss: 0.050807 Regul: 0.022896 Obj: 0.073703 (0.072106)  NNZ: 8 (4)  Ttime: 1.3934 Vtime: 0.0517
Step: 8800000  Loss: 0.173690 Regul: 0.060996 Obj: 0.234686 (0.072106)  NNZ: 11 (4)  Ttime: 1.3943 Vtime: 0.0509
Step: 8900000  Loss: 0.070986 Regul: 0.035903 Obj: 0.106889 (0.072106)  NNZ: 7 (4)  Ttime: 1.3841 Vtime: 0.0512
Step: 9000000  Loss: 0.063085 Regul: 0.035581 Obj: 0.098666 (0.072106)  NNZ: 9 (4)  Ttime: 1.3895 Vtime: 0.0510
Step: 9100000  Loss: 0.064401 Regul: 0.013564 Obj: 0.077965 (0.072106)  NNZ: 6 (4)  Ttime: 1.3871 Vtime: 0.0517
Step: 9200000  Loss: 0.082627 Regul: 0.016582 Obj: 0.099209 (0.072106)  NNZ: 6 (4)  Ttime: 1.3941 Vtime: 0.0518
Step: 9300000  Loss: 0.061051 Regul: 0.031890 Obj: 0.092941 (0.072106)  NNZ: 7 (4)  Ttime: 1.3905 Vtime: 0.0513
Step: 9400000  Loss: 0.076920 Regul: 0.042583 Obj: 0.119503 (0.072106)  NNZ: 9 (4)  Ttime: 1.3923 Vtime: 0.0515
Step: 9500000  Loss: 0.097867 Regul: 0.010093 Obj: 0.107960 (0.072106)  NNZ: 4 (4)  Ttime: 1.3949 Vtime: 0.0518
Step: 9600000  Loss: 0.063552 Regul: 0.027788 Obj: 0.091340 (0.072106)  NNZ: 7 (4)  Ttime: 1.3920 Vtime: 0.0517
Step: 9700000  Loss: 0.085757 Regul: 0.017827 Obj: 0.103584 (0.072106)  NNZ: 5 (4)  Ttime: 1.3965 Vtime: 0.0523
Step: 9800000  Loss: 0.068259 Regul: 0.050361 Obj: 0.118620 (0.072106)  NNZ: 11 (4)  Ttime: 1.3841 Vtime: 0.0516
Step: 9900000  Loss: 0.052142 Regul: 0.020933 Obj: 0.073074 (0.072106)  NNZ: 5 (4)  Ttime: 1.3906 Vtime: 0.0514
Step: 10000000  Loss: 0.080809 Regul: 0.012964 Obj: 0.093773 (0.072106)  NNZ: 5 (4)  Ttime: 1.3926 Vtime: 0.0511
Step: 10100000  Loss: 0.070110 Regul: 0.022764 Obj: 0.092873 (0.072106)  NNZ: 5 (4)  Ttime: 1.3892 Vtime: 0.0509
Step: 10200000  Loss: 0.062958 Regul: 0.051343 Obj: 0.114301 (0.072106)  NNZ: 10 (4)  Ttime: 1.3886 Vtime: 0.0516
Step: 10300000  Loss: 0.068825 Regul: 0.039902 Obj: 0.108727 (0.072106)  NNZ: 7 (4)  Ttime: 1.3954 Vtime: 0.0516
Step: 10400000  Loss: 0.056108 Regul: 0.017256 Obj: 0.073364 (0.072106)  NNZ: 6 (4)  Ttime: 1.3908 Vtime: 0.0519
Step: 10500000  Loss: 0.054714 Regul: 0.023057 Obj: 0.077771 (0.072106)  NNZ: 8 (4)  Ttime: 1.3876 Vtime: 0.0513
Step: 10600000  Loss: 0.158161 Regul: 0.046084 Obj: 0.204245 (0.072106)  NNZ: 8 (4)  Ttime: 1.3871 Vtime: 0.0508
Step: 10700000  Loss: 0.078869 Regul: 0.047227 Obj: 0.126096 (0.072106)  NNZ: 18 (4)  Ttime: 1.3897 Vtime: 0.0514
Step: 10800000  Loss: 0.065323 Regul: 0.052529 Obj: 0.117853 (0.072106)  NNZ: 13 (4)  Ttime: 1.3907 Vtime: 0.0516
Step: 10900000  Loss: 0.085461 Regul: 0.025327 Obj: 0.110788 (0.072106)  NNZ: 6 (4)  Ttime: 1.3952 Vtime: 0.0520
Step: 11000000  Loss: 0.063423 Regul: 0.033413 Obj: 0.096836 (0.072106)  NNZ: 14 (4)  Ttime: 1.3937 Vtime: 0.0517
Step: 11100000  Loss: 0.059662 Regul: 0.035552 Obj: 0.095214 (0.072106)  NNZ: 12 (4)  Ttime: 1.3912 Vtime: 0.0520
Step: 11200000  Loss: 0.071377 Regul: 0.048164 Obj: 0.119541 (0.072106)  NNZ: 10 (4)  Ttime: 1.3866 Vtime: 0.0512
Step: 11300000  Loss: 0.066583 Regul: 0.045176 Obj: 0.111759 (0.072106)  NNZ: 12 (4)  Ttime: 1.3969 Vtime: 0.0514
Step: 11400000  Loss: 0.087438 Regul: 0.053774 Obj: 0.141213 (0.072106)  NNZ: 11 (4)  Ttime: 1.3969 Vtime: 0.0517
Step: 11500000  Loss: 0.061703 Regul: 0.033662 Obj: 0.095365 (0.072106)  NNZ: 7 (4)  Ttime: 1.3970 Vtime: 0.0512
Step: 11600000  Loss: 0.059943 Regul: 0.017314 Obj: 0.077257 (0.072106)  NNZ: 6 (4)  Ttime: 1.3895 Vtime: 0.0517
Step: 11700000  Loss: 0.054566 Regul: 0.029561 Obj: 0.084126 (0.072106)  NNZ: 10 (4)  Ttime: 1.3904 Vtime: 0.0512
Step: 11800000  Loss: 0.062194 Regul: 0.037119 Obj: 0.099313 (0.072106)  NNZ: 15 (4)  Ttime: 1.3931 Vtime: 0.0511
Step: 11900000  Loss: 0.083126 Regul: 0.042744 Obj: 0.125870 (0.072106)  NNZ: 11 (4)  Ttime: 1.3932 Vtime: 0.0509
Step: 12000000  Loss: 0.050697 Regul: 0.023320 Obj: 0.074018 (0.072106)  NNZ: 7 (4)  Ttime: 1.3958 Vtime: 0.0516
Step: 12100000  Loss: 0.060152 Regul: 0.026777 Obj: 0.086929 (0.072106)  NNZ: 9 (4)  Ttime: 1.4097 Vtime: 0.0508
Step: 12200000  Loss: 0.053152 Regul: 0.028799 Obj: 0.081951 (0.072106)  NNZ: 9 (4)  Ttime: 1.3980 Vtime: 0.0509
Step: 12300000  Loss: 0.061475 Regul: 0.041689 Obj: 0.103165 (0.072106)  NNZ: 9 (4)  Ttime: 1.3995 Vtime: 0.0512
Step: 12400000  Loss: 0.120432 Regul: 0.016084 Obj: 0.136516 (0.072106)  NNZ: 8 (4)  Ttime: 1.3899 Vtime: 0.0516
Step: 12500000  Loss: 0.068113 Regul: 0.024258 Obj: 0.092371 (0.072106)  NNZ: 8 (4)  Ttime: 1.3899 Vtime: 0.0512
Step: 12600000  Loss: 0.067895 Regul: 0.043477 Obj: 0.111371 (0.072106)  NNZ: 7 (4)  Ttime: 1.3879 Vtime: 0.0523
Step: 12700000  Loss: 0.064205 Regul: 0.046143 Obj: 0.110348 (0.072106)  NNZ: 8 (4)  Ttime: 1.3909 Vtime: 0.0509
Step: 12800000  Loss: 0.061184 Regul: 0.024346 Obj: 0.085530 (0.072106)  NNZ: 5 (4)  Ttime: 1.4215 Vtime: 0.0515
Step: 12900000  Loss: 0.063490 Regul: 0.019014 Obj: 0.082504 (0.072106)  NNZ: 5 (4)  Ttime: 1.3946 Vtime: 0.0519
Step: 13000000  Loss: 0.069192 Regul: 0.033779 Obj: 0.102971 (0.072106)  NNZ: 8 (4)  Ttime: 1.3990 Vtime: 0.0514
Step: 13100000  Loss: 0.068246 Regul: 0.034043 Obj: 0.102289 (0.072106)  NNZ: 10 (4)  Ttime: 1.3996 Vtime: 0.0510
Step: 13200000  Loss: 0.072794 Regul: 0.019277 Obj: 0.092072 (0.072106)  NNZ: 7 (4)  Ttime: 1.3881 Vtime: 0.0515
Step: 13300000  Loss: 0.080908 Regul: 0.038438 Obj: 0.119346 (0.072106)  NNZ: 17 (4)  Ttime: 1.3865 Vtime: 0.0518
Step: 13400000  Loss: 0.099874 Regul: 0.076934 Obj: 0.176807 (0.072106)  NNZ: 16 (4)  Ttime: 1.3982 Vtime: 0.0516
Step: 13500000  Loss: 0.065810 Regul: 0.027949 Obj: 0.093759 (0.072106)  NNZ: 9 (4)  Ttime: 1.3893 Vtime: 0.0511
Step: 13600000  Loss: 0.062795 Regul: 0.038174 Obj: 0.100969 (0.072106)  NNZ: 9 (4)  Ttime: 1.3927 Vtime: 0.0515
Step: 13700000  Loss: 0.057610 Regul: 0.030586 Obj: 0.088196 (0.072106)  NNZ: 8 (4)  Ttime: 1.3946 Vtime: 0.0518
Step: 13800000  Loss: 0.056605 Regul: 0.026074 Obj: 0.082679 (0.072106)  NNZ: 8 (4)  Ttime: 1.3894 Vtime: 0.0508
Step: 13900000  Loss: 0.058251 Regul: 0.017930 Obj: 0.076180 (0.072106)  NNZ: 6 (4)  Ttime: 1.3882 Vtime: 0.0514
Step: 14000000  Loss: 0.059906 Regul: 0.040225 Obj: 0.100131 (0.072106)  NNZ: 10 (4)  Ttime: 1.3920 Vtime: 0.0515
Step: 14100000  Loss: 0.061132 Regul: 0.035537 Obj: 0.096669 (0.072106)  NNZ: 9 (4)  Ttime: 1.3924 Vtime: 0.0515
Step: 14200000  Loss: 0.106720 Regul: 0.051650 Obj: 0.158370 (0.072106)  NNZ: 14 (4)  Ttime: 1.3956 Vtime: 0.0520
Step: 14300000  Loss: 0.072284 Regul: 0.021240 Obj: 0.093524 (0.072106)  NNZ: 5 (4)  Ttime: 1.3993 Vtime: 0.0515
Best: 14400000  Loss: 0.054996 Regul: 0.016758 Obj: 0.071754 (0.071754)  NNZ: 6 (6)  Ttime: 1.3879 Vtime: 0.0516
Stat: nPR #44 (#48) Dim/MaxDim [352/640] AUC: 0.979849 FPR95: 9.20 [saved]
Step: 14500000  Loss: 0.055320 Regul: 0.018662 Obj: 0.073982 (0.071754)  NNZ: 7 (6)  Ttime: 1.3881 Vtime: 0.0513
Step: 14600000  Loss: 0.068239 Regul: 0.016963 Obj: 0.085202 (0.071754)  NNZ: 7 (6)  Ttime: 1.3876 Vtime: 0.0507
Step: 14700000  Loss: 0.058762 Regul: 0.027686 Obj: 0.086448 (0.071754)  NNZ: 7 (6)  Ttime: 1.3864 Vtime: 0.0521
Step: 14800000  Loss: 0.066236 Regul: 0.036621 Obj: 0.102857 (0.071754)  NNZ: 12 (6)  Ttime: 1.3911 Vtime: 0.0516
Step: 14900000  Loss: 0.054739 Regul: 0.026016 Obj: 0.080755 (0.071754)  NNZ: 9 (6)  Ttime: 1.3910 Vtime: 0.0521
Step: 15000000  Loss: 0.093727 Regul: 0.032197 Obj: 0.125924 (0.071754)  NNZ: 10 (6)  Ttime: 1.3930 Vtime: 0.0509
Step: 15100000  Loss: 0.090688 Regul: 0.050713 Obj: 0.141401 (0.071754)  NNZ: 15 (6)  Ttime: 1.3907 Vtime: 0.0522
Step: 15200000  Loss: 0.055076 Regul: 0.028711 Obj: 0.083787 (0.071754)  NNZ: 7 (6)  Ttime: 1.3911 Vtime: 0.0515
Step: 15300000  Loss: 0.132338 Regul: 0.074912 Obj: 0.207250 (0.071754)  NNZ: 18 (6)  Ttime: 1.3868 Vtime: 0.0517
Step: 15400000  Loss: 0.059260 Regul: 0.033369 Obj: 0.092629 (0.071754)  NNZ: 10 (6)  Ttime: 1.3915 Vtime: 0.0511
Step: 15500000  Loss: 0.067473 Regul: 0.043506 Obj: 0.110979 (0.071754)  NNZ: 14 (6)  Ttime: 1.3869 Vtime: 0.0509
Step: 15600000  Loss: 0.066486 Regul: 0.037178 Obj: 0.103664 (0.071754)  NNZ: 14 (6)  Ttime: 1.3933 Vtime: 0.0520
Step: 15700000  Loss: 0.065403 Regul: 0.029473 Obj: 0.094875 (0.071754)  NNZ: 9 (6)  Ttime: 1.3938 Vtime: 0.0523
Step: 15800000  Loss: 0.053579 Regul: 0.027510 Obj: 0.081089 (0.071754)  NNZ: 11 (6)  Ttime: 1.4083 Vtime: 0.0509
Step: 15900000  Loss: 0.055801 Regul: 0.024814 Obj: 0.080615 (0.071754)  NNZ: 9 (6)  Ttime: 1.4007 Vtime: 0.0519
Step: 16000000  Loss: 0.088174 Regul: 0.050449 Obj: 0.138623 (0.071754)  NNZ: 13 (6)  Ttime: 1.4077 Vtime: 0.0509
Step: 16100000  Loss: 0.062652 Regul: 0.022646 Obj: 0.085298 (0.071754)  NNZ: 6 (6)  Ttime: 1.3980 Vtime: 0.0515
Step: 16200000  Loss: 0.054236 Regul: 0.029004 Obj: 0.083240 (0.071754)  NNZ: 10 (6)  Ttime: 1.4127 Vtime: 0.0518
Step: 16300000  Loss: 0.072369 Regul: 0.035098 Obj: 0.107467 (0.071754)  NNZ: 12 (6)  Ttime: 1.4098 Vtime: 0.0518
Step: 16400000  Loss: 0.074645 Regul: 0.029883 Obj: 0.104528 (0.071754)  NNZ: 10 (6)  Ttime: 1.4026 Vtime: 0.0516
Step: 16500000  Loss: 0.172064 Regul: 0.058799 Obj: 0.230862 (0.071754)  NNZ: 16 (6)  Ttime: 1.4060 Vtime: 0.0518
Step: 16600000  Loss: 0.054849 Regul: 0.029883 Obj: 0.084731 (0.071754)  NNZ: 9 (6)  Ttime: 1.4084 Vtime: 0.0512
Step: 16700000  Loss: 0.060852 Regul: 0.035801 Obj: 0.096652 (0.071754)  NNZ: 8 (6)  Ttime: 1.4064 Vtime: 0.0519
Step: 16800000  Loss: 0.063792 Regul: 0.042744 Obj: 0.106536 (0.071754)  NNZ: 13 (6)  Ttime: 1.4083 Vtime: 0.0517
Step: 16900000  Loss: 0.056522 Regul: 0.035332 Obj: 0.091854 (0.071754)  NNZ: 10 (6)  Ttime: 1.3997 Vtime: 0.0513
Step: 17000000  Loss: 0.059429 Regul: 0.025049 Obj: 0.084477 (0.071754)  NNZ: 8 (6)  Ttime: 1.3971 Vtime: 0.0517
Step: 17100000  Loss: 0.085651 Regul: 0.046611 Obj: 0.132262 (0.071754)  NNZ: 15 (6)  Ttime: 1.3991 Vtime: 0.0511
Step: 17200000  Loss: 0.057571 Regul: 0.026309 Obj: 0.083879 (0.071754)  NNZ: 8 (6)  Ttime: 1.4024 Vtime: 0.0527
Step: 17300000  Loss: 0.067338 Regul: 0.017256 Obj: 0.084594 (0.071754)  NNZ: 7 (6)  Ttime: 1.4060 Vtime: 0.0510
Step: 17400000  Loss: 0.055087 Regul: 0.030732 Obj: 0.085820 (0.071754)  NNZ: 9 (6)  Ttime: 1.4244 Vtime: 0.0514
Step: 17500000  Loss: 0.056897 Regul: 0.028184 Obj: 0.085080 (0.071754)  NNZ: 9 (6)  Ttime: 1.4302 Vtime: 0.0511
Step: 17600000  Loss: 0.062952 Regul: 0.021504 Obj: 0.084456 (0.071754)  NNZ: 8 (6)  Ttime: 1.4224 Vtime: 0.0519
Step: 17700000  Loss: 0.063207 Regul: 0.023145 Obj: 0.086352 (0.071754)  NNZ: 7 (6)  Ttime: 1.3905 Vtime: 0.0522
Step: 17800000  Loss: 0.078821 Regul: 0.026953 Obj: 0.105774 (0.071754)  NNZ: 5 (6)  Ttime: 1.4054 Vtime: 0.0517
Step: 17900000  Loss: 0.065649 Regul: 0.035068 Obj: 0.100718 (0.071754)  NNZ: 10 (6)  Ttime: 1.3928 Vtime: 0.0516
Step: 18000000  Loss: 0.057604 Regul: 0.027803 Obj: 0.085407 (0.071754)  NNZ: 8 (6)  Ttime: 1.3958 Vtime: 0.0520
Step: 18100000  Loss: 0.066076 Regul: 0.037207 Obj: 0.103283 (0.071754)  NNZ: 11 (6)  Ttime: 1.3954 Vtime: 0.0514
Step: 18200000  Loss: 0.065481 Regul: 0.040869 Obj: 0.106351 (0.071754)  NNZ: 9 (6)  Ttime: 1.3911 Vtime: 0.0513
Step: 18300000  Loss: 0.066451 Regul: 0.035947 Obj: 0.102398 (0.071754)  NNZ: 11 (6)  Ttime: 1.3967 Vtime: 0.0517
Step: 18400000  Loss: 0.065271 Regul: 0.030322 Obj: 0.095594 (0.071754)  NNZ: 14 (6)  Ttime: 1.3932 Vtime: 0.0525
Step: 18500000  Loss: 0.061202 Regul: 0.022559 Obj: 0.083760 (0.071754)  NNZ: 10 (6)  Ttime: 1.3926 Vtime: 0.0516
Step: 18600000  Loss: 0.058511 Regul: 0.036885 Obj: 0.095396 (0.071754)  NNZ: 8 (6)  Ttime: 1.3982 Vtime: 0.0509
Step: 18700000  Loss: 0.062799 Regul: 0.017285 Obj: 0.080084 (0.071754)  NNZ: 7 (6)  Ttime: 1.3967 Vtime: 0.0512
Step: 18800000  Loss: 0.066125 Regul: 0.021680 Obj: 0.087805 (0.071754)  NNZ: 6 (6)  Ttime: 1.4030 Vtime: 0.0517
Step: 18900000  Loss: 0.160026 Regul: 0.052764 Obj: 0.212790 (0.071754)  NNZ: 11 (6)  Ttime: 1.3991 Vtime: 0.0513
Step: 19000000  Loss: 0.086759 Regul: 0.037910 Obj: 0.124669 (0.071754)  NNZ: 10 (6)  Ttime: 1.3934 Vtime: 0.0513
Step: 19100000  Loss: 0.059759 Regul: 0.023291 Obj: 0.083050 (0.071754)  NNZ: 9 (6)  Ttime: 1.3985 Vtime: 0.0510
Step: 19200000  Loss: 0.055678 Regul: 0.024580 Obj: 0.080258 (0.071754)  NNZ: 10 (6)  Ttime: 1.3951 Vtime: 0.0517
Step: 19300000  Loss: 0.059564 Regul: 0.023701 Obj: 0.083265 (0.071754)  NNZ: 8 (6)  Ttime: 1.3922 Vtime: 0.0510
Step: 19400000  Loss: 0.089188 Regul: 0.034922 Obj: 0.124109 (0.071754)  NNZ: 11 (6)  Ttime: 1.3975 Vtime: 0.0519
Step: 19500000  Loss: 0.062869 Regul: 0.024434 Obj: 0.087302 (0.071754)  NNZ: 8 (6)  Ttime: 1.3951 Vtime: 0.0510
Step: 19600000  Loss: 0.058353 Regul: 0.020244 Obj: 0.078598 (0.071754)  NNZ: 7 (6)  Ttime: 1.3926 Vtime: 0.0511
Step: 19700000  Loss: 0.067685 Regul: 0.013389 Obj: 0.081074 (0.071754)  NNZ: 6 (6)  Ttime: 1.3943 Vtime: 0.0516
Step: 19800000  Loss: 0.054866 Regul: 0.033779 Obj: 0.088645 (0.071754)  NNZ: 10 (6)  Ttime: 1.3936 Vtime: 0.0515
Step: 19900000  Loss: 0.068067 Regul: 0.018281 Obj: 0.086349 (0.071754)  NNZ: 6 (6)  Ttime: 1.3941 Vtime: 0.0514
Step: 20000000  Loss: 0.057996 Regul: 0.020332 Obj: 0.078328 (0.071754)  NNZ: 7 (6)  Ttime: 1.3944 Vtime: 0.0519
Step: 20100000  Loss: 0.103438 Regul: 0.024756 Obj: 0.128194 (0.071754)  NNZ: 6 (6)  Ttime: 1.3915 Vtime: 0.0517
Step: 20200000  Loss: 0.050230 Regul: 0.027188 Obj: 0.077417 (0.071754)  NNZ: 9 (6)  Ttime: 1.3977 Vtime: 0.0515
Step: 20300000  Loss: 0.054571 Regul: 0.029268 Obj: 0.083838 (0.071754)  NNZ: 8 (6)  Ttime: 1.3986 Vtime: 0.0518
Step: 20400000  Loss: 0.059284 Regul: 0.043330 Obj: 0.102614 (0.071754)  NNZ: 10 (6)  Ttime: 1.3922 Vtime: 0.0519
Step: 20500000  Loss: 0.060485 Regul: 0.045557 Obj: 0.106042 (0.071754)  NNZ: 11 (6)  Ttime: 1.3935 Vtime: 0.0511
Step: 20600000  Loss: 0.055658 Regul: 0.034775 Obj: 0.090433 (0.071754)  NNZ: 11 (6)  Ttime: 1.3937 Vtime: 0.0525
Step: 20700000  Loss: 0.060873 Regul: 0.022559 Obj: 0.083432 (0.071754)  NNZ: 5 (6)  Ttime: 1.3902 Vtime: 0.0516
Step: 20800000  Loss: 0.062544 Regul: 0.025371 Obj: 0.087915 (0.071754)  NNZ: 10 (6)  Ttime: 1.3954 Vtime: 0.0514
Step: 20900000  Loss: 0.055624 Regul: 0.031875 Obj: 0.087499 (0.071754)  NNZ: 9 (6)  Ttime: 1.3958 Vtime: 0.0507
Step: 21000000  Loss: 0.056588 Regul: 0.026455 Obj: 0.083043 (0.071754)  NNZ: 10 (6)  Ttime: 1.3900 Vtime: 0.0517
Step: 21100000  Loss: 0.052702 Regul: 0.022969 Obj: 0.075671 (0.071754)  NNZ: 10 (6)  Ttime: 1.3890 Vtime: 0.0513
Step: 21200000  Loss: 0.064506 Regul: 0.018896 Obj: 0.083403 (0.071754)  NNZ: 7 (6)  Ttime: 1.3923 Vtime: 0.0511
Step: 21300000  Loss: 0.050888 Regul: 0.029678 Obj: 0.080566 (0.071754)  NNZ: 10 (6)  Ttime: 1.3924 Vtime: 0.0514
Step: 21400000  Loss: 0.068940 Regul: 0.021738 Obj: 0.090678 (0.071754)  NNZ: 9 (6)  Ttime: 1.3966 Vtime: 0.0517
Step: 21500000  Loss: 0.058122 Regul: 0.025020 Obj: 0.083142 (0.071754)  NNZ: 8 (6)  Ttime: 1.3882 Vtime: 0.0517
Step: 21600000  Loss: 0.062308 Regul: 0.017402 Obj: 0.079710 (0.071754)  NNZ: 7 (6)  Ttime: 1.3890 Vtime: 0.0506
Step: 21700000  Loss: 0.083534 Regul: 0.039082 Obj: 0.122616 (0.071754)  NNZ: 10 (6)  Ttime: 1.3917 Vtime: 0.0515
Step: 21800000  Loss: 0.055853 Regul: 0.020596 Obj: 0.076449 (0.071754)  NNZ: 6 (6)  Ttime: 1.3889 Vtime: 0.0508
Step: 21900000  Loss: 0.056891 Regul: 0.015879 Obj: 0.072770 (0.071754)  NNZ: 8 (6)  Ttime: 1.3894 Vtime: 0.0515
Step: 22000000  Loss: 0.069705 Regul: 0.014707 Obj: 0.084412 (0.071754)  NNZ: 5 (6)  Ttime: 1.3886 Vtime: 0.0521
Step: 22100000  Loss: 0.056137 Regul: 0.020801 Obj: 0.076938 (0.071754)  NNZ: 8 (6)  Ttime: 1.3881 Vtime: 0.0515
Step: 22200000  Loss: 0.092687 Regul: 0.016406 Obj: 0.109093 (0.071754)  NNZ: 5 (6)  Ttime: 1.3908 Vtime: 0.0515
Step: 22300000  Loss: 0.053760 Regul: 0.032021 Obj: 0.085781 (0.071754)  NNZ: 11 (6)  Ttime: 1.3906 Vtime: 0.0521
Step: 22400000  Loss: 0.055909 Regul: 0.025723 Obj: 0.081632 (0.071754)  NNZ: 8 (6)  Ttime: 1.3914 Vtime: 0.0518
Step: 22500000  Loss: 0.064616 Regul: 0.030381 Obj: 0.094997 (0.071754)  NNZ: 10 (6)  Ttime: 1.3936 Vtime: 0.0511
Step: 22600000  Loss: 0.056631 Regul: 0.035039 Obj: 0.091670 (0.071754)  NNZ: 9 (6)  Ttime: 1.3881 Vtime: 0.0507
Step: 22700000  Loss: 0.060720 Regul: 0.022881 Obj: 0.083601 (0.071754)  NNZ: 6 (6)  Ttime: 1.3951 Vtime: 0.0511
Step: 22800000  Loss: 0.070610 Regul: 0.023877 Obj: 0.094487 (0.071754)  NNZ: 8 (6)  Ttime: 1.3935 Vtime: 0.0516
Step: 22900000  Loss: 0.056528 Regul: 0.029941 Obj: 0.086469 (0.071754)  NNZ: 10 (6)  Ttime: 1.3911 Vtime: 0.0514
Step: 23000000  Loss: 0.057136 Regul: 0.019893 Obj: 0.077028 (0.071754)  NNZ: 8 (6)  Ttime: 1.3960 Vtime: 0.0514
Step: 23100000  Loss: 0.105296 Regul: 0.023057 Obj: 0.128353 (0.071754)  NNZ: 9 (6)  Ttime: 1.3889 Vtime: 0.0515
Step: 23200000  Loss: 0.060436 Regul: 0.027773 Obj: 0.088210 (0.071754)  NNZ: 9 (6)  Ttime: 1.3964 Vtime: 0.0512
Best: 23300000  Loss: 0.050766 Regul: 0.018750 Obj: 0.069516 (0.069516)  NNZ: 12 (12)  Ttime: 1.3915 Vtime: 0.0509
Stat: nPR #76 (#96) Dim/MaxDim [608/640] AUC: 0.981470 FPR95: 7.18 [saved]
Step: 23400000  Loss: 0.068341 Regul: 0.023174 Obj: 0.091514 (0.069516)  NNZ: 12 (12)  Ttime: 1.3915 Vtime: 0.0511
Step: 23500000  Loss: 0.067014 Regul: 0.013594 Obj: 0.080608 (0.069516)  NNZ: 5 (12)  Ttime: 1.3919 Vtime: 0.0517
Step: 23600000  Loss: 0.054827 Regul: 0.020068 Obj: 0.074895 (0.069516)  NNZ: 13 (12)  Ttime: 1.3903 Vtime: 0.0515
Step: 23700000  Loss: 0.081418 Regul: 0.037354 Obj: 0.118772 (0.069516)  NNZ: 17 (12)  Ttime: 1.3912 Vtime: 0.0517
Step: 23800000  Loss: 0.068750 Regul: 0.028242 Obj: 0.096992 (0.069516)  NNZ: 7 (12)  Ttime: 1.3905 Vtime: 0.0514
Step: 23900000  Loss: 0.071096 Regul: 0.017227 Obj: 0.088322 (0.069516)  NNZ: 5 (12)  Ttime: 1.3919 Vtime: 0.0521
Step: 24000000  Loss: 0.072186 Regul: 0.023379 Obj: 0.095565 (0.069516)  NNZ: 9 (12)  Ttime: 1.3915 Vtime: 0.0516
Step: 24100000  Loss: 0.056320 Regul: 0.032637 Obj: 0.088957 (0.069516)  NNZ: 10 (12)  Ttime: 1.3936 Vtime: 0.0515
Step: 24200000  Loss: 0.055237 Regul: 0.027305 Obj: 0.082542 (0.069516)  NNZ: 7 (12)  Ttime: 1.3941 Vtime: 0.0519
Step: 24300000  Loss: 0.057053 Regul: 0.025400 Obj: 0.082453 (0.069516)  NNZ: 6 (12)  Ttime: 1.3937 Vtime: 0.0506
Step: 24400000  Loss: 0.066015 Regul: 0.015762 Obj: 0.081777 (0.069516)  NNZ: 4 (12)  Ttime: 1.3891 Vtime: 0.0521
Step: 24500000  Loss: 0.078473 Regul: 0.012187 Obj: 0.090661 (0.069516)  NNZ: 5 (12)  Ttime: 1.3970 Vtime: 0.0517
Step: 24600000  Loss: 0.066413 Regul: 0.022764 Obj: 0.089177 (0.069516)  NNZ: 8 (12)  Ttime: 1.3944 Vtime: 0.0515
Step: 24700000  Loss: 0.063733 Regul: 0.026924 Obj: 0.090657 (0.069516)  NNZ: 11 (12)  Ttime: 1.3963 Vtime: 0.0520
Step: 24800000  Loss: 0.073826 Regul: 0.022266 Obj: 0.096092 (0.069516)  NNZ: 7 (12)  Ttime: 1.3923 Vtime: 0.0515
Step: 24900000  Loss: 0.058139 Regul: 0.023994 Obj: 0.082133 (0.069516)  NNZ: 8 (12)  Ttime: 1.3931 Vtime: 0.0523
Step: 25000000  Loss: 0.084588 Regul: 0.015410 Obj: 0.099998 (0.069516)  NNZ: 7 (12)  Ttime: 1.3932 Vtime: 0.0520
Step: 25100000  Loss: 0.059408 Regul: 0.025811 Obj: 0.085218 (0.069516)  NNZ: 10 (12)  Ttime: 1.3944 Vtime: 0.0520
Step: 25200000  Loss: 0.058064 Regul: 0.018281 Obj: 0.076346 (0.069516)  NNZ: 6 (12)  Ttime: 1.3900 Vtime: 0.0516
Step: 25300000  Loss: 0.061351 Regul: 0.018633 Obj: 0.079984 (0.069516)  NNZ: 8 (12)  Ttime: 1.3915 Vtime: 0.0515
Step: 25400000  Loss: 0.055781 Regul: 0.018398 Obj: 0.074180 (0.069516)  NNZ: 7 (12)  Ttime: 1.3912 Vtime: 0.0508
Step: 25500000  Loss: 0.051718 Regul: 0.020273 Obj: 0.071992 (0.069516)  NNZ: 8 (12)  Ttime: 1.3913 Vtime: 0.0510
Step: 25600000  Loss: 0.056725 Regul: 0.026338 Obj: 0.083063 (0.069516)  NNZ: 7 (12)  Ttime: 1.3918 Vtime: 0.0515
Step: 25700000  Loss: 0.058328 Regul: 0.034102 Obj: 0.092429 (0.069516)  NNZ: 12 (12)  Ttime: 1.3914 Vtime: 0.0509
Step: 25800000  Loss: 0.054093 Regul: 0.037148 Obj: 0.091241 (0.069516)  NNZ: 12 (12)  Ttime: 1.3897 Vtime: 0.0519
Step: 25900000  Loss: 0.067119 Regul: 0.025928 Obj: 0.093047 (0.069516)  NNZ: 8 (12)  Ttime: 1.3892 Vtime: 0.0516
Step: 26000000  Loss: 0.062920 Regul: 0.039639 Obj: 0.102559 (0.069516)  NNZ: 13 (12)  Ttime: 1.3940 Vtime: 0.0518
Step: 26100000  Loss: 0.058868 Regul: 0.023789 Obj: 0.082657 (0.069516)  NNZ: 8 (12)  Ttime: 1.3902 Vtime: 0.0515
Step: 26200000  Loss: 0.058836 Regul: 0.017461 Obj: 0.076297 (0.069516)  NNZ: 6 (12)  Ttime: 1.3909 Vtime: 0.0516
Step: 26300000  Loss: 0.053140 Regul: 0.025225 Obj: 0.078364 (0.069516)  NNZ: 7 (12)  Ttime: 1.3854 Vtime: 0.0512
Step: 26400000  Loss: 0.058986 Regul: 0.015469 Obj: 0.074455 (0.069516)  NNZ: 7 (12)  Ttime: 1.3933 Vtime: 0.0519
Step: 26500000  Loss: 0.052973 Regul: 0.023467 Obj: 0.076439 (0.069516)  NNZ: 7 (12)  Ttime: 1.3908 Vtime: 0.0513
Step: 26600000  Loss: 0.062043 Regul: 0.018545 Obj: 0.080588 (0.069516)  NNZ: 5 (12)  Ttime: 1.3931 Vtime: 0.0517
Step: 26700000  Loss: 0.064497 Regul: 0.015352 Obj: 0.079848 (0.069516)  NNZ: 7 (12)  Ttime: 1.3924 Vtime: 0.0516
Step: 26800000  Loss: 0.059864 Regul: 0.029355 Obj: 0.089219 (0.069516)  NNZ: 10 (12)  Ttime: 1.3916 Vtime: 0.0516
Step: 26900000  Loss: 0.049914 Regul: 0.024785 Obj: 0.074699 (0.069516)  NNZ: 9 (12)  Ttime: 1.3946 Vtime: 0.0517
Step: 27000000  Loss: 0.068652 Regul: 0.041162 Obj: 0.109814 (0.069516)  NNZ: 12 (12)  Ttime: 1.3870 Vtime: 0.0515
Step: 27100000  Loss: 0.052491 Regul: 0.018398 Obj: 0.070890 (0.069516)  NNZ: 9 (12)  Ttime: 1.3905 Vtime: 0.0510
Step: 27200000  Loss: 0.054250 Regul: 0.024258 Obj: 0.078508 (0.069516)  NNZ: 10 (12)  Ttime: 1.3923 Vtime: 0.0516
Step: 27300000  Loss: 0.054695 Regul: 0.030205 Obj: 0.084900 (0.069516)  NNZ: 11 (12)  Ttime: 1.3940 Vtime: 0.0515
Step: 27400000  Loss: 0.057407 Regul: 0.019893 Obj: 0.077299 (0.069516)  NNZ: 10 (12)  Ttime: 1.3897 Vtime: 0.0515
Step: 27500000  Loss: 0.076932 Regul: 0.011104 Obj: 0.088036 (0.069516)  NNZ: 12 (12)  Ttime: 1.3971 Vtime: 0.0519
Step: 27600000  Loss: 0.057636 Regul: 0.025605 Obj: 0.083241 (0.069516)  NNZ: 12 (12)  Ttime: 1.3882 Vtime: 0.0509
Step: 27700000  Loss: 0.067840 Regul: 0.041367 Obj: 0.109207 (0.069516)  NNZ: 11 (12)  Ttime: 1.3947 Vtime: 0.0513
Step: 27800000  Loss: 0.056832 Regul: 0.024346 Obj: 0.081178 (0.069516)  NNZ: 10 (12)  Ttime: 1.3883 Vtime: 0.0519
Best: 27900000  Loss: 0.051122 Regul: 0.018369 Obj: 0.069491 (0.069491)  NNZ: 9 (9)  Ttime: 1.3953 Vtime: 0.0522
Stat: nPR #56 (#72) Dim/MaxDim [448/640] AUC: 0.981057 FPR95: 7.96 [saved]
Step: 28000000  Loss: 0.057135 Regul: 0.026367 Obj: 0.083503 (0.069491)  NNZ: 10 (9)  Ttime: 1.3947 Vtime: 0.0512
Step: 28100000  Loss: 0.083686 Regul: 0.011484 Obj: 0.095171 (0.069491)  NNZ: 6 (9)  Ttime: 1.3945 Vtime: 0.0516
Step: 28200000  Loss: 0.065288 Regul: 0.024668 Obj: 0.089956 (0.069491)  NNZ: 11 (9)  Ttime: 1.3940 Vtime: 0.0509
Step: 28300000  Loss: 0.058198 Regul: 0.025020 Obj: 0.083217 (0.069491)  NNZ: 10 (9)  Ttime: 1.3923 Vtime: 0.0513
Step: 28400000  Loss: 0.077400 Regul: 0.023027 Obj: 0.100428 (0.069491)  NNZ: 15 (9)  Ttime: 1.3935 Vtime: 0.0517
Step: 28500000  Loss: 0.071468 Regul: 0.014678 Obj: 0.086145 (0.069491)  NNZ: 8 (9)  Ttime: 1.3883 Vtime: 0.0511
Step: 28600000  Loss: 0.094633 Regul: 0.008232 Obj: 0.102866 (0.069491)  NNZ: 4 (9)  Ttime: 1.3904 Vtime: 0.0517
Step: 28700000  Loss: 0.060689 Regul: 0.013506 Obj: 0.074195 (0.069491)  NNZ: 5 (9)  Ttime: 1.3946 Vtime: 0.0513
Step: 28800000  Loss: 0.064895 Regul: 0.016289 Obj: 0.081184 (0.069491)  NNZ: 6 (9)  Ttime: 1.3902 Vtime: 0.0510
Step: 28900000  Loss: 0.065961 Regul: 0.016494 Obj: 0.082455 (0.069491)  NNZ: 7 (9)  Ttime: 1.3947 Vtime: 0.0518
Step: 29000000  Loss: 0.072051 Regul: 0.013887 Obj: 0.085938 (0.069491)  NNZ: 9 (9)  Ttime: 1.3886 Vtime: 0.0518
Step: 29100000  Loss: 0.064962 Regul: 0.020127 Obj: 0.085089 (0.069491)  NNZ: 8 (9)  Ttime: 1.3969 Vtime: 0.0518
Step: 29200000  Loss: 0.053846 Regul: 0.031582 Obj: 0.085428 (0.069491)  NNZ: 12 (9)  Ttime: 1.3925 Vtime: 0.0520
Step: 29300000  Loss: 0.117397 Regul: 0.023555 Obj: 0.140951 (0.069491)  NNZ: 9 (9)  Ttime: 1.3930 Vtime: 0.0520
Step: 29400000  Loss: 0.056442 Regul: 0.015498 Obj: 0.071940 (0.069491)  NNZ: 8 (9)  Ttime: 1.3917 Vtime: 0.0515
Step: 29500000  Loss: 0.079247 Regul: 0.015557 Obj: 0.094804 (0.069491)  NNZ: 7 (9)  Ttime: 1.3979 Vtime: 0.0514
Step: 29600000  Loss: 0.054226 Regul: 0.018721 Obj: 0.072947 (0.069491)  NNZ: 6 (9)  Ttime: 1.3880 Vtime: 0.0514
Step: 29700000  Loss: 0.059486 Regul: 0.016729 Obj: 0.076215 (0.069491)  NNZ: 7 (9)  Ttime: 1.3894 Vtime: 0.0513
Step: 29800000  Loss: 0.056830 Regul: 0.030850 Obj: 0.087680 (0.069491)  NNZ: 10 (9)  Ttime: 1.3916 Vtime: 0.0517
Step: 29900000  Loss: 0.057823 Regul: 0.025107 Obj: 0.082930 (0.069491)  NNZ: 8 (9)  Ttime: 1.3938 Vtime: 0.0514
Step: 30000000  Loss: 0.052034 Regul: 0.035098 Obj: 0.087132 (0.069491)  NNZ: 11 (9)  Ttime: 1.3931 Vtime: 0.0514
Step: 30100000  Loss: 0.059443 Regul: 0.033574 Obj: 0.093017 (0.069491)  NNZ: 13 (9)  Ttime: 1.3943 Vtime: 0.0523
Step: 30200000  Loss: 0.052221 Regul: 0.021152 Obj: 0.073374 (0.069491)  NNZ: 10 (9)  Ttime: 1.3919 Vtime: 0.0522
Step: 30300000  Loss: 0.049812 Regul: 0.025518 Obj: 0.075330 (0.069491)  NNZ: 8 (9)  Ttime: 1.3950 Vtime: 0.0518
Step: 30400000  Loss: 0.068396 Regul: 0.023467 Obj: 0.091863 (0.069491)  NNZ: 8 (9)  Ttime: 1.3904 Vtime: 0.0514
Step: 30500000  Loss: 0.059284 Regul: 0.020977 Obj: 0.080261 (0.069491)  NNZ: 7 (9)  Ttime: 1.3912 Vtime: 0.0515
Step: 30600000  Loss: 0.051388 Regul: 0.020654 Obj: 0.072043 (0.069491)  NNZ: 9 (9)  Ttime: 1.3895 Vtime: 0.0514
Step: 30700000  Loss: 0.128734 Regul: 0.021797 Obj: 0.150531 (0.069491)  NNZ: 7 (9)  Ttime: 1.3896 Vtime: 0.0508
Step: 30800000  Loss: 0.057179 Regul: 0.039258 Obj: 0.096436 (0.069491)  NNZ: 12 (9)  Ttime: 1.3923 Vtime: 0.0519
Step: 30900000  Loss: 0.080635 Regul: 0.033809 Obj: 0.114443 (0.069491)  NNZ: 13 (9)  Ttime: 1.3918 Vtime: 0.0506
Step: 31000000  Loss: 0.071362 Regul: 0.032666 Obj: 0.104028 (0.069491)  NNZ: 12 (9)  Ttime: 1.3960 Vtime: 0.0518
Step: 31100000  Loss: 0.058301 Regul: 0.026250 Obj: 0.084551 (0.069491)  NNZ: 10 (9)  Ttime: 1.3928 Vtime: 0.0513
Step: 31200000  Loss: 0.051645 Regul: 0.020244 Obj: 0.071889 (0.069491)  NNZ: 8 (9)  Ttime: 1.3910 Vtime: 0.0522
Step: 31300000  Loss: 0.091686 Regul: 0.014736 Obj: 0.106422 (0.069491)  NNZ: 8 (9)  Ttime: 1.3922 Vtime: 0.0517
Step: 31400000  Loss: 0.054192 Regul: 0.026367 Obj: 0.080559 (0.069491)  NNZ: 8 (9)  Ttime: 1.3874 Vtime: 0.0516
Step: 31500000  Loss: 0.067541 Regul: 0.022354 Obj: 0.089894 (0.069491)  NNZ: 9 (9)  Ttime: 1.3907 Vtime: 0.0517
Step: 31600000  Loss: 0.052333 Regul: 0.024023 Obj: 0.076357 (0.069491)  NNZ: 13 (9)  Ttime: 1.3914 Vtime: 0.0515
Step: 31700000  Loss: 0.061389 Regul: 0.018955 Obj: 0.080344 (0.069491)  NNZ: 9 (9)  Ttime: 1.3923 Vtime: 0.0509
Step: 31800000  Loss: 0.063098 Regul: 0.027129 Obj: 0.090227 (0.069491)  NNZ: 11 (9)  Ttime: 1.3919 Vtime: 0.0520
Step: 31900000  Loss: 0.060682 Regul: 0.031055 Obj: 0.091737 (0.069491)  NNZ: 11 (9)  Ttime: 1.3940 Vtime: 0.0511
Step: 32000000  Loss: 0.055623 Regul: 0.028008 Obj: 0.083630 (0.069491)  NNZ: 10 (9)  Ttime: 1.3927 Vtime: 0.0517
Step: 32100000  Loss: 0.055682 Regul: 0.018545 Obj: 0.074226 (0.069491)  NNZ: 9 (9)  Ttime: 1.3944 Vtime: 0.0526
Step: 32200000  Loss: 0.050869 Regul: 0.023701 Obj: 0.074570 (0.069491)  NNZ: 9 (9)  Ttime: 1.3967 Vtime: 0.0509
Step: 32300000  Loss: 0.052033 Regul: 0.030469 Obj: 0.082502 (0.069491)  NNZ: 12 (9)  Ttime: 1.3942 Vtime: 0.0511
Step: 32400000  Loss: 0.057213 Regul: 0.022119 Obj: 0.079332 (0.069491)  NNZ: 7 (9)  Ttime: 1.3951 Vtime: 0.0521
Step: 32500000  Loss: 0.057529 Regul: 0.025635 Obj: 0.083164 (0.069491)  NNZ: 11 (9)  Ttime: 1.3978 Vtime: 0.0521
Step: 32600000  Loss: 0.070859 Regul: 0.014121 Obj: 0.084980 (0.069491)  NNZ: 6 (9)  Ttime: 1.3916 Vtime: 0.0512
Step: 32700000  Loss: 0.056303 Regul: 0.017373 Obj: 0.073676 (0.069491)  NNZ: 8 (9)  Ttime: 1.3948 Vtime: 0.0517
Step: 32800000  Loss: 0.060052 Regul: 0.024375 Obj: 0.084427 (0.069491)  NNZ: 10 (9)  Ttime: 1.3941 Vtime: 0.0511
Step: 32900000  Loss: 0.061733 Regul: 0.017402 Obj: 0.079135 (0.069491)  NNZ: 9 (9)  Ttime: 1.3936 Vtime: 0.0512
Step: 33000000  Loss: 0.066187 Regul: 0.012187 Obj: 0.078375 (0.069491)  NNZ: 8 (9)  Ttime: 1.3925 Vtime: 0.0508
Step: 33100000  Loss: 0.051765 Regul: 0.026367 Obj: 0.078133 (0.069491)  NNZ: 9 (9)  Ttime: 1.3921 Vtime: 0.0520
Step: 33200000  Loss: 0.142908 Regul: 0.018223 Obj: 0.161130 (0.069491)  NNZ: 8 (9)  Ttime: 1.3949 Vtime: 0.0524
Step: 33300000  Loss: 0.066073 Regul: 0.012656 Obj: 0.078729 (0.069491)  NNZ: 7 (9)  Ttime: 1.3912 Vtime: 0.0513
Step: 33400000  Loss: 0.058305 Regul: 0.034102 Obj: 0.092406 (0.069491)  NNZ: 13 (9)  Ttime: 1.3939 Vtime: 0.0517
Step: 33500000  Loss: 0.146796 Regul: 0.026426 Obj: 0.173221 (0.069491)  NNZ: 11 (9)  Ttime: 1.3921 Vtime: 0.0517
Step: 33600000  Loss: 0.064275 Regul: 0.036797 Obj: 0.101072 (0.069491)  NNZ: 8 (9)  Ttime: 1.3874 Vtime: 0.0507
Step: 33700000  Loss: 0.109597 Regul: 0.037002 Obj: 0.146599 (0.069491)  NNZ: 11 (9)  Ttime: 1.3896 Vtime: 0.0521
Step: 33800000  Loss: 0.054691 Regul: 0.042070 Obj: 0.096761 (0.069491)  NNZ: 12 (9)  Ttime: 1.3877 Vtime: 0.0510
Step: 33900000  Loss: 0.062353 Regul: 0.032607 Obj: 0.094960 (0.069491)  NNZ: 8 (9)  Ttime: 1.3836 Vtime: 0.0515
Step: 34000000  Loss: 0.084693 Regul: 0.061816 Obj: 0.146509 (0.069491)  NNZ: 19 (9)  Ttime: 1.3877 Vtime: 0.0510
Step: 34100000  Loss: 0.078361 Regul: 0.049072 Obj: 0.127433 (0.069491)  NNZ: 14 (9)  Ttime: 1.3826 Vtime: 0.0512
Step: 34200000  Loss: 0.063791 Regul: 0.037207 Obj: 0.100998 (0.069491)  NNZ: 7 (9)  Ttime: 1.3909 Vtime: 0.0517
Step: 34300000  Loss: 0.055910 Regul: 0.032461 Obj: 0.088371 (0.069491)  NNZ: 13 (9)  Ttime: 1.3895 Vtime: 0.0524
Step: 34400000  Loss: 0.058756 Regul: 0.029795 Obj: 0.088551 (0.069491)  NNZ: 12 (9)  Ttime: 1.3916 Vtime: 0.0519
Step: 34500000  Loss: 0.062111 Regul: 0.039492 Obj: 0.101603 (0.069491)  NNZ: 11 (9)  Ttime: 1.3876 Vtime: 0.0518
Step: 34600000  Loss: 0.056973 Regul: 0.037061 Obj: 0.094033 (0.069491)  NNZ: 9 (9)  Ttime: 1.3884 Vtime: 0.0517
Step: 34700000  Loss: 0.064096 Regul: 0.051182 Obj: 0.115278 (0.069491)  NNZ: 14 (9)  Ttime: 1.3859 Vtime: 0.0513
Step: 34800000  Loss: 0.082812 Regul: 0.043506 Obj: 0.126318 (0.069491)  NNZ: 11 (9)  Ttime: 1.3878 Vtime: 0.0512
Step: 34900000  Loss: 0.064465 Regul: 0.050186 Obj: 0.114650 (0.069491)  NNZ: 14 (9)  Ttime: 1.3890 Vtime: 0.0512
Step: 35000000  Loss: 0.056872 Regul: 0.025986 Obj: 0.082859 (0.069491)  NNZ: 7 (9)  Ttime: 1.3881 Vtime: 0.0511
Step: 35100000  Loss: 0.066827 Regul: 0.050303 Obj: 0.117130 (0.069491)  NNZ: 13 (9)  Ttime: 1.3897 Vtime: 0.0526
Step: 35200000  Loss: 0.053802 Regul: 0.036094 Obj: 0.089896 (0.069491)  NNZ: 10 (9)  Ttime: 1.3890 Vtime: 0.0528
Step: 35300000  Loss: 0.048861 Regul: 0.025869 Obj: 0.074730 (0.069491)  NNZ: 9 (9)  Ttime: 1.3893 Vtime: 0.0515
Step: 35400000  Loss: 0.061071 Regul: 0.040283 Obj: 0.101354 (0.069491)  NNZ: 13 (9)  Ttime: 1.3843 Vtime: 0.0510
Step: 35500000  Loss: 0.058020 Regul: 0.031406 Obj: 0.089426 (0.069491)  NNZ: 9 (9)  Ttime: 1.3881 Vtime: 0.0522
Step: 35600000  Loss: 0.065197 Regul: 0.054287 Obj: 0.119485 (0.069491)  NNZ: 11 (9)  Ttime: 1.3842 Vtime: 0.0513
Step: 35700000  Loss: 0.062700 Regul: 0.051943 Obj: 0.114643 (0.069491)  NNZ: 13 (9)  Ttime: 1.3907 Vtime: 0.0515
Step: 35800000  Loss: 0.066858 Regul: 0.035186 Obj: 0.102043 (0.069491)  NNZ: 9 (9)  Ttime: 1.3941 Vtime: 0.0514
Step: 35900000  Loss: 0.056805 Regul: 0.038789 Obj: 0.095594 (0.069491)  NNZ: 10 (9)  Ttime: 1.3919 Vtime: 0.0512
Step: 36000000  Loss: 0.052507 Regul: 0.031611 Obj: 0.084118 (0.069491)  NNZ: 8 (9)  Ttime: 1.3894 Vtime: 0.0518
Step: 36100000  Loss: 0.059953 Regul: 0.038877 Obj: 0.098830 (0.069491)  NNZ: 14 (9)  Ttime: 1.3863 Vtime: 0.0511
Step: 36200000  Loss: 0.059242 Regul: 0.045996 Obj: 0.105238 (0.069491)  NNZ: 12 (9)  Ttime: 1.3866 Vtime: 0.0510
Step: 36300000  Loss: 0.053789 Regul: 0.036445 Obj: 0.090235 (0.069491)  NNZ: 13 (9)  Ttime: 1.3891 Vtime: 0.0514
Step: 36400000  Loss: 0.055572 Regul: 0.037061 Obj: 0.092633 (0.069491)  NNZ: 8 (9)  Ttime: 1.3942 Vtime: 0.0515
Step: 36500000  Loss: 0.062827 Regul: 0.037852 Obj: 0.100679 (0.069491)  NNZ: 12 (9)  Ttime: 1.3953 Vtime: 0.0518
Step: 36600000  Loss: 0.067632 Regul: 0.048135 Obj: 0.115767 (0.069491)  NNZ: 12 (9)  Ttime: 1.3894 Vtime: 0.0517
Step: 36700000  Loss: 0.059914 Regul: 0.046055 Obj: 0.105969 (0.069491)  NNZ: 13 (9)  Ttime: 1.3882 Vtime: 0.0521
Step: 36800000  Loss: 0.057799 Regul: 0.035215 Obj: 0.093014 (0.069491)  NNZ: 9 (9)  Ttime: 1.3911 Vtime: 0.0510
Step: 36900000  Loss: 0.053236 Regul: 0.029473 Obj: 0.082708 (0.069491)  NNZ: 7 (9)  Ttime: 1.3925 Vtime: 0.0517
Step: 37000000  Loss: 0.066657 Regul: 0.038613 Obj: 0.105270 (0.069491)  NNZ: 15 (9)  Ttime: 1.3946 Vtime: 0.0512
Step: 37100000  Loss: 0.080487 Regul: 0.069111 Obj: 0.149599 (0.069491)  NNZ: 14 (9)  Ttime: 1.3916 Vtime: 0.0519
Step: 37200000  Loss: 0.053392 Regul: 0.041074 Obj: 0.094466 (0.069491)  NNZ: 14 (9)  Ttime: 1.3889 Vtime: 0.0511
Step: 37300000  Loss: 0.070134 Regul: 0.047812 Obj: 0.117946 (0.069491)  NNZ: 12 (9)  Ttime: 1.3892 Vtime: 0.0519
Step: 37400000  Loss: 0.090405 Regul: 0.079951 Obj: 0.170356 (0.069491)  NNZ: 14 (9)  Ttime: 1.3955 Vtime: 0.0516
Step: 37500000  Loss: 0.068184 Regul: 0.050596 Obj: 0.118780 (0.069491)  NNZ: 13 (9)  Ttime: 1.3909 Vtime: 0.0522
Step: 37600000  Loss: 0.068973 Regul: 0.034424 Obj: 0.103397 (0.069491)  NNZ: 11 (9)  Ttime: 1.3870 Vtime: 0.0515
Step: 37700000  Loss: 0.094417 Regul: 0.059355 Obj: 0.153773 (0.069491)  NNZ: 14 (9)  Ttime: 1.3866 Vtime: 0.0509
Step: 37800000  Loss: 0.056162 Regul: 0.039844 Obj: 0.096006 (0.069491)  NNZ: 8 (9)  Ttime: 1.3864 Vtime: 0.0517
Step: 37900000  Loss: 0.070280 Regul: 0.043564 Obj: 0.113844 (0.069491)  NNZ: 12 (9)  Ttime: 1.3899 Vtime: 0.0519
Step: 38000000  Loss: 0.050577 Regul: 0.031670 Obj: 0.082247 (0.069491)  NNZ: 10 (9)  Ttime: 1.3851 Vtime: 0.0515
Step: 38100000  Loss: 0.058989 Regul: 0.042891 Obj: 0.101880 (0.069491)  NNZ: 10 (9)  Ttime: 1.3892 Vtime: 0.0516
Step: 38200000  Loss: 0.053948 Regul: 0.036914 Obj: 0.090862 (0.069491)  NNZ: 9 (9)  Ttime: 1.3893 Vtime: 0.0512
Step: 38300000  Loss: 0.050542 Regul: 0.022061 Obj: 0.072603 (0.069491)  NNZ: 8 (9)  Ttime: 1.3890 Vtime: 0.0516
Step: 38400000  Loss: 0.066560 Regul: 0.046025 Obj: 0.112585 (0.069491)  NNZ: 10 (9)  Ttime: 1.3889 Vtime: 0.0515
Step: 38500000  Loss: 0.054876 Regul: 0.018896 Obj: 0.073773 (0.069491)  NNZ: 7 (9)  Ttime: 1.3892 Vtime: 0.0519
Step: 38600000  Loss: 0.054588 Regul: 0.030264 Obj: 0.084852 (0.069491)  NNZ: 13 (9)  Ttime: 1.3901 Vtime: 0.0518
Step: 38700000  Loss: 0.058408 Regul: 0.029766 Obj: 0.088174 (0.069491)  NNZ: 9 (9)  Ttime: 1.3870 Vtime: 0.0516
Step: 38800000  Loss: 0.062033 Regul: 0.051416 Obj: 0.113449 (0.069491)  NNZ: 12 (9)  Ttime: 1.3942 Vtime: 0.0511
Step: 38900000  Loss: 0.061277 Regul: 0.049395 Obj: 0.110671 (0.069491)  NNZ: 11 (9)  Ttime: 1.3880 Vtime: 0.0519
Step: 39000000  Loss: 0.091715 Regul: 0.031699 Obj: 0.123415 (0.069491)  NNZ: 10 (9)  Ttime: 1.3858 Vtime: 0.0521
Step: 39100000  Loss: 0.081663 Regul: 0.066826 Obj: 0.148489 (0.069491)  NNZ: 18 (9)  Ttime: 1.3934 Vtime: 0.0523
Step: 39200000  Loss: 0.059330 Regul: 0.042275 Obj: 0.101605 (0.069491)  NNZ: 11 (9)  Ttime: 1.3824 Vtime: 0.0510
Step: 39300000  Loss: 0.060264 Regul: 0.030527 Obj: 0.090791 (0.069491)  NNZ: 14 (9)  Ttime: 1.3901 Vtime: 0.0512
Step: 39400000  Loss: 0.086406 Regul: 0.055898 Obj: 0.142305 (0.069491)  NNZ: 17 (9)  Ttime: 1.3914 Vtime: 0.0514
Step: 39500000  Loss: 0.057364 Regul: 0.042451 Obj: 0.099816 (0.069491)  NNZ: 13 (9)  Ttime: 1.3911 Vtime: 0.0517
Step: 39600000  Loss: 0.059135 Regul: 0.045117 Obj: 0.104252 (0.069491)  NNZ: 14 (9)  Ttime: 1.3886 Vtime: 0.0519
Step: 39700000  Loss: 0.077627 Regul: 0.029678 Obj: 0.107305 (0.069491)  NNZ: 7 (9)  Ttime: 1.3859 Vtime: 0.0513
Step: 39800000  Loss: 0.060910 Regul: 0.049307 Obj: 0.110217 (0.069491)  NNZ: 16 (9)  Ttime: 1.3891 Vtime: 0.0515
Step: 39900000  Loss: 0.054825 Regul: 0.022529 Obj: 0.077355 (0.069491)  NNZ: 8 (9)  Ttime: 1.3892 Vtime: 0.0513
Step: 40000000  Loss: 0.068172 Regul: 0.058447 Obj: 0.126619 (0.069491)  NNZ: 12 (9)  Ttime: 1.3877 Vtime: 0.0523
Step: 40100000  Loss: 0.070965 Regul: 0.061758 Obj: 0.132723 (0.069491)  NNZ: 15 (9)  Ttime: 1.3940 Vtime: 0.0516
Step: 40200000  Loss: 0.062067 Regul: 0.050420 Obj: 0.112487 (0.069491)  NNZ: 18 (9)  Ttime: 1.3892 Vtime: 0.0522
Step: 40300000  Loss: 0.057831 Regul: 0.033281 Obj: 0.091113 (0.069491)  NNZ: 9 (9)  Ttime: 1.3890 Vtime: 0.0517
Step: 40400000  Loss: 0.050823 Regul: 0.030703 Obj: 0.081526 (0.069491)  NNZ: 10 (9)  Ttime: 1.3914 Vtime: 0.0512
Step: 40500000  Loss: 0.073707 Regul: 0.040137 Obj: 0.113844 (0.069491)  NNZ: 14 (9)  Ttime: 1.3925 Vtime: 0.0521
Step: 40600000  Loss: 0.058949 Regul: 0.033369 Obj: 0.092318 (0.069491)  NNZ: 10 (9)  Ttime: 1.3959 Vtime: 0.0513
Step: 40700000  Loss: 0.056030 Regul: 0.043828 Obj: 0.099858 (0.069491)  NNZ: 14 (9)  Ttime: 1.3940 Vtime: 0.0506
Step: 40800000  Loss: 0.063038 Regul: 0.036064 Obj: 0.099103 (0.069491)  NNZ: 11 (9)  Ttime: 1.3992 Vtime: 0.0514
Step: 40900000  Loss: 0.064298 Regul: 0.039990 Obj: 0.104288 (0.069491)  NNZ: 9 (9)  Ttime: 1.3938 Vtime: 0.0517
Step: 41000000  Loss: 0.057441 Regul: 0.047900 Obj: 0.105341 (0.069491)  NNZ: 14 (9)  Ttime: 1.3919 Vtime: 0.0507
Step: 41100000  Loss: 0.066255 Regul: 0.049043 Obj: 0.115298 (0.069491)  NNZ: 12 (9)  Ttime: 1.3877 Vtime: 0.0515
Step: 41200000  Loss: 0.060532 Regul: 0.045264 Obj: 0.105795 (0.069491)  NNZ: 10 (9)  Ttime: 1.3880 Vtime: 0.0517
Step: 41300000  Loss: 0.081861 Regul: 0.055986 Obj: 0.137848 (0.069491)  NNZ: 17 (9)  Ttime: 1.3858 Vtime: 0.0511
Step: 41400000  Loss: 0.054349 Regul: 0.030352 Obj: 0.084700 (0.069491)  NNZ: 8 (9)  Ttime: 1.3944 Vtime: 0.0513
Step: 41500000  Loss: 0.129302 Regul: 0.037822 Obj: 0.167125 (0.069491)  NNZ: 9 (9)  Ttime: 1.3939 Vtime: 0.0511
Step: 41600000  Loss: 0.077070 Regul: 0.053174 Obj: 0.130243 (0.069491)  NNZ: 11 (9)  Ttime: 1.3900 Vtime: 0.0520
Step: 41700000  Loss: 0.057298 Regul: 0.035479 Obj: 0.092777 (0.069491)  NNZ: 9 (9)  Ttime: 1.3914 Vtime: 0.0513
Step: 41800000  Loss: 0.058742 Regul: 0.041689 Obj: 0.100432 (0.069491)  NNZ: 15 (9)  Ttime: 1.3903 Vtime: 0.0519
Step: 41900000  Loss: 0.061393 Regul: 0.051240 Obj: 0.112633 (0.069491)  NNZ: 14 (9)  Ttime: 1.3878 Vtime: 0.0520
Step: 42000000  Loss: 0.060760 Regul: 0.042305 Obj: 0.103064 (0.069491)  NNZ: 9 (9)  Ttime: 1.3895 Vtime: 0.0513
Step: 42100000  Loss: 0.057883 Regul: 0.027041 Obj: 0.084924 (0.069491)  NNZ: 12 (9)  Ttime: 1.3909 Vtime: 0.0506
Step: 42200000  Loss: 0.059760 Regul: 0.048428 Obj: 0.108188 (0.069491)  NNZ: 13 (9)  Ttime: 1.3875 Vtime: 0.0511
Step: 42300000  Loss: 0.059813 Regul: 0.033721 Obj: 0.093534 (0.069491)  NNZ: 9 (9)  Ttime: 1.3929 Vtime: 0.0507
Step: 42400000  Loss: 0.056712 Regul: 0.040518 Obj: 0.097229 (0.069491)  NNZ: 11 (9)  Ttime: 1.3867 Vtime: 0.0514
Step: 42500000  Loss: 0.058155 Regul: 0.023203 Obj: 0.081358 (0.069491)  NNZ: 9 (9)  Ttime: 1.3870 Vtime: 0.0516
Step: 42600000  Loss: 0.052641 Regul: 0.032842 Obj: 0.085483 (0.069491)  NNZ: 11 (9)  Ttime: 1.3903 Vtime: 0.0522
Step: 42700000  Loss: 0.059653 Regul: 0.030850 Obj: 0.090503 (0.069491)  NNZ: 9 (9)  Ttime: 1.3871 Vtime: 0.0519
Step: 42800000  Loss: 0.067562 Regul: 0.063340 Obj: 0.130902 (0.069491)  NNZ: 15 (9)  Ttime: 1.3854 Vtime: 0.0511
Step: 42900000  Loss: 0.062318 Regul: 0.043711 Obj: 0.106029 (0.069491)  NNZ: 10 (9)  Ttime: 1.3841 Vtime: 0.0516
Step: 43000000  Loss: 0.059195 Regul: 0.048457 Obj: 0.107652 (0.069491)  NNZ: 13 (9)  Ttime: 1.3920 Vtime: 0.0515
Step: 43100000  Loss: 0.061055 Regul: 0.039170 Obj: 0.100225 (0.069491)  NNZ: 12 (9)  Ttime: 1.3887 Vtime: 0.0516
Step: 43200000  Loss: 0.055642 Regul: 0.037119 Obj: 0.092761 (0.069491)  NNZ: 13 (9)  Ttime: 1.3898 Vtime: 0.0515
Step: 43300000  Loss: 0.058274 Regul: 0.041836 Obj: 0.100110 (0.069491)  NNZ: 11 (9)  Ttime: 1.3930 Vtime: 0.0515
Step: 43400000  Loss: 0.064372 Regul: 0.051885 Obj: 0.116257 (0.069491)  NNZ: 13 (9)  Ttime: 1.3903 Vtime: 0.0508
Step: 43500000  Loss: 0.066736 Regul: 0.043564 Obj: 0.110300 (0.069491)  NNZ: 11 (9)  Ttime: 1.3935 Vtime: 0.0517
Step: 43600000  Loss: 0.061937 Regul: 0.049600 Obj: 0.111536 (0.069491)  NNZ: 12 (9)  Ttime: 1.3923 Vtime: 0.0522
Step: 43700000  Loss: 0.073422 Regul: 0.071865 Obj: 0.145287 (0.069491)  NNZ: 14 (9)  Ttime: 1.3909 Vtime: 0.0519
Step: 43800000  Loss: 0.055607 Regul: 0.031904 Obj: 0.087511 (0.069491)  NNZ: 9 (9)  Ttime: 1.3911 Vtime: 0.0513
Step: 43900000  Loss: 0.057358 Regul: 0.032930 Obj: 0.090287 (0.069491)  NNZ: 7 (9)  Ttime: 1.3901 Vtime: 0.0511
Step: 44000000  Loss: 0.064708 Regul: 0.031113 Obj: 0.095822 (0.069491)  NNZ: 7 (9)  Ttime: 1.3867 Vtime: 0.0514
Step: 44100000  Loss: 0.061126 Regul: 0.037324 Obj: 0.098450 (0.069491)  NNZ: 12 (9)  Ttime: 1.3936 Vtime: 0.0516
Step: 44200000  Loss: 0.060207 Regul: 0.046992 Obj: 0.107199 (0.069491)  NNZ: 12 (9)  Ttime: 1.3893 Vtime: 0.0516
Step: 44300000  Loss: 0.055979 Regul: 0.037559 Obj: 0.093537 (0.069491)  NNZ: 13 (9)  Ttime: 1.3881 Vtime: 0.0526
Step: 44400000  Loss: 0.061220 Regul: 0.047051 Obj: 0.108271 (0.069491)  NNZ: 12 (9)  Ttime: 1.3871 Vtime: 0.0517
Step: 44500000  Loss: 0.052946 Regul: 0.030439 Obj: 0.083385 (0.069491)  NNZ: 8 (9)  Ttime: 1.3862 Vtime: 0.0514
Step: 44600000  Loss: 0.058693 Regul: 0.041191 Obj: 0.099884 (0.069491)  NNZ: 14 (9)  Ttime: 1.3912 Vtime: 0.0512
Step: 44700000  Loss: 0.062813 Regul: 0.043506 Obj: 0.106319 (0.069491)  NNZ: 13 (9)  Ttime: 1.3907 Vtime: 0.0518
Step: 44800000  Loss: 0.092803 Regul: 0.060791 Obj: 0.153594 (0.069491)  NNZ: 13 (9)  Ttime: 1.3948 Vtime: 0.0518
Step: 44900000  Loss: 0.056092 Regul: 0.039521 Obj: 0.095614 (0.069491)  NNZ: 12 (9)  Ttime: 1.3965 Vtime: 0.0519
Step: 45000000  Loss: 0.065857 Regul: 0.053437 Obj: 0.119294 (0.069491)  NNZ: 17 (9)  Ttime: 1.3956 Vtime: 0.0521
Step: 45100000  Loss: 0.055660 Regul: 0.033193 Obj: 0.088853 (0.069491)  NNZ: 10 (9)  Ttime: 1.3910 Vtime: 0.0513
Step: 45200000  Loss: 0.061338 Regul: 0.050039 Obj: 0.111377 (0.069491)  NNZ: 12 (9)  Ttime: 1.3935 Vtime: 0.0514
Step: 45300000  Loss: 0.068468 Regul: 0.053145 Obj: 0.121613 (0.069491)  NNZ: 11 (9)  Ttime: 1.3887 Vtime: 0.0516
Step: 45400000  Loss: 0.068362 Regul: 0.055137 Obj: 0.123498 (0.069491)  NNZ: 12 (9)  Ttime: 1.3852 Vtime: 0.0523
Step: 45500000  Loss: 0.066429 Regul: 0.045791 Obj: 0.112220 (0.069491)  NNZ: 15 (9)  Ttime: 1.3968 Vtime: 0.0521
Step: 45600000  Loss: 0.051724 Regul: 0.035186 Obj: 0.086910 (0.069491)  NNZ: 12 (9)  Ttime: 1.3895 Vtime: 0.0507
Step: 45700000  Loss: 0.057322 Regul: 0.038994 Obj: 0.096316 (0.069491)  NNZ: 12 (9)  Ttime: 1.3920 Vtime: 0.0517
Step: 45800000  Loss: 0.084060 Regul: 0.066855 Obj: 0.150915 (0.069491)  NNZ: 18 (9)  Ttime: 1.3898 Vtime: 0.0511
Step: 45900000  Loss: 0.056861 Regul: 0.021211 Obj: 0.078072 (0.069491)  NNZ: 7 (9)  Ttime: 1.3900 Vtime: 0.0515
Step: 46000000  Loss: 0.187186 Regul: 0.033662 Obj: 0.220848 (0.069491)  NNZ: 8 (9)  Ttime: 1.3899 Vtime: 0.0510
Step: 46100000  Loss: 0.073646 Regul: 0.032021 Obj: 0.105668 (0.069491)  NNZ: 14 (9)  Ttime: 1.3860 Vtime: 0.0515
Step: 46200000  Loss: 0.070413 Regul: 0.053555 Obj: 0.123967 (0.069491)  NNZ: 20 (9)  Ttime: 1.3900 Vtime: 0.0515
Step: 46300000  Loss: 0.055364 Regul: 0.025723 Obj: 0.081087 (0.069491)  NNZ: 7 (9)  Ttime: 1.4110 Vtime: 0.0519
Step: 46400000  Loss: 0.054088 Regul: 0.025928 Obj: 0.080015 (0.069491)  NNZ: 10 (9)  Ttime: 1.3959 Vtime: 0.0514
Step: 46500000  Loss: 0.066959 Regul: 0.054609 Obj: 0.121568 (0.069491)  NNZ: 13 (9)  Ttime: 1.4244 Vtime: 0.0517
Step: 46600000  Loss: 0.058881 Regul: 0.041777 Obj: 0.100658 (0.069491)  NNZ: 13 (9)  Ttime: 1.4306 Vtime: 0.0510
Step: 46700000  Loss: 0.080928 Regul: 0.063281 Obj: 0.144210 (0.069491)  NNZ: 13 (9)  Ttime: 1.3927 Vtime: 0.0511
Step: 46800000  Loss: 0.092694 Regul: 0.032578 Obj: 0.125272 (0.069491)  NNZ: 10 (9)  Ttime: 1.3936 Vtime: 0.0508
Step: 46900000  Loss: 0.064131 Regul: 0.054199 Obj: 0.118331 (0.069491)  NNZ: 13 (9)  Ttime: 1.3924 Vtime: 0.0522
Step: 47000000  Loss: 0.065714 Regul: 0.048926 Obj: 0.114640 (0.069491)  NNZ: 13 (9)  Ttime: 1.3894 Vtime: 0.0511
Step: 47100000  Loss: 0.066630 Regul: 0.054668 Obj: 0.121298 (0.069491)  NNZ: 12 (9)  Ttime: 1.3910 Vtime: 0.0510
Step: 47200000  Loss: 0.061877 Regul: 0.041133 Obj: 0.103009 (0.069491)  NNZ: 11 (9)  Ttime: 1.3925 Vtime: 0.0513
Step: 47300000  Loss: 0.061924 Regul: 0.045996 Obj: 0.107920 (0.069491)  NNZ: 15 (9)  Ttime: 1.3901 Vtime: 0.0517
Step: 47400000  Loss: 0.058932 Regul: 0.043770 Obj: 0.102702 (0.069491)  NNZ: 13 (9)  Ttime: 1.3915 Vtime: 0.0519
Step: 47500000  Loss: 0.070772 Regul: 0.012773 Obj: 0.083545 (0.069491)  NNZ: 4 (9)  Ttime: 1.3911 Vtime: 0.0513
Step: 47600000  Loss: 0.056306 Regul: 0.033867 Obj: 0.090173 (0.069491)  NNZ: 10 (9)  Ttime: 1.3904 Vtime: 0.0520
Step: 47700000  Loss: 0.057721 Regul: 0.045293 Obj: 0.103014 (0.069491)  NNZ: 13 (9)  Ttime: 1.4001 Vtime: 0.0514
Step: 47800000  Loss: 0.061074 Regul: 0.030996 Obj: 0.092070 (0.069491)  NNZ: 10 (9)  Ttime: 1.4040 Vtime: 0.0521
Step: 47900000  Loss: 0.060169 Regul: 0.046992 Obj: 0.107161 (0.069491)  NNZ: 14 (9)  Ttime: 1.3874 Vtime: 0.0513
Step: 48000000  Loss: 0.057016 Regul: 0.031992 Obj: 0.089008 (0.069491)  NNZ: 10 (9)  Ttime: 1.3915 Vtime: 0.0512
Step: 48100000  Loss: 0.056704 Regul: 0.032109 Obj: 0.088813 (0.069491)  NNZ: 11 (9)  Ttime: 1.3919 Vtime: 0.0516
Step: 48200000  Loss: 0.054871 Regul: 0.033516 Obj: 0.088386 (0.069491)  NNZ: 8 (9)  Ttime: 1.3882 Vtime: 0.0513
Step: 48300000  Loss: 0.054963 Regul: 0.033984 Obj: 0.088947 (0.069491)  NNZ: 11 (9)  Ttime: 1.3930 Vtime: 0.0519
Step: 48400000  Loss: 0.060705 Regul: 0.041367 Obj: 0.102073 (0.069491)  NNZ: 12 (9)  Ttime: 1.3891 Vtime: 0.0515
Step: 48500000  Loss: 0.059738 Regul: 0.039199 Obj: 0.098937 (0.069491)  NNZ: 15 (9)  Ttime: 1.3901 Vtime: 0.0510
Step: 48600000  Loss: 0.078045 Regul: 0.043184 Obj: 0.121229 (0.069491)  NNZ: 11 (9)  Ttime: 1.3879 Vtime: 0.0510
Step: 48700000  Loss: 0.056082 Regul: 0.030469 Obj: 0.086550 (0.069491)  NNZ: 11 (9)  Ttime: 1.3886 Vtime: 0.0515
Step: 48800000  Loss: 0.058766 Regul: 0.047695 Obj: 0.106461 (0.069491)  NNZ: 13 (9)  Ttime: 1.3908 Vtime: 0.0515
Step: 48900000  Loss: 0.066949 Regul: 0.040020 Obj: 0.106968 (0.069491)  NNZ: 11 (9)  Ttime: 1.3995 Vtime: 0.0513
Step: 49000000  Loss: 0.059447 Regul: 0.044824 Obj: 0.104271 (0.069491)  NNZ: 18 (9)  Ttime: 1.3976 Vtime: 0.0517
Step: 49100000  Loss: 0.057329 Regul: 0.030762 Obj: 0.088091 (0.069491)  NNZ: 9 (9)  Ttime: 1.3935 Vtime: 0.0517
Step: 49200000  Loss: 0.056037 Regul: 0.043184 Obj: 0.099221 (0.069491)  NNZ: 12 (9)  Ttime: 1.3894 Vtime: 0.0510
Step: 49300000  Loss: 0.060304 Regul: 0.039551 Obj: 0.099855 (0.069491)  NNZ: 9 (9)  Ttime: 1.3861 Vtime: 0.0513
Step: 49400000  Loss: 0.051078 Regul: 0.027188 Obj: 0.078265 (0.069491)  NNZ: 13 (9)  Ttime: 1.3868 Vtime: 0.0512
Step: 49500000  Loss: 0.068503 Regul: 0.061172 Obj: 0.129675 (0.069491)  NNZ: 16 (9)  Ttime: 1.3909 Vtime: 0.0516
Step: 49600000  Loss: 0.076840 Regul: 0.072891 Obj: 0.149730 (0.069491)  NNZ: 18 (9)  Ttime: 1.3890 Vtime: 0.0511
Step: 49700000  Loss: 0.062385 Regul: 0.033281 Obj: 0.095666 (0.069491)  NNZ: 14 (9)  Ttime: 1.3862 Vtime: 0.0519
Step: 49800000  Loss: 0.057461 Regul: 0.046348 Obj: 0.103809 (0.069491)  NNZ: 16 (9)  Ttime: 1.3812 Vtime: 0.0517
Step: 49900000  Loss: 0.074045 Regul: 0.028828 Obj: 0.102873 (0.069491)  NNZ: 16 (9)  Ttime: 1.3917 Vtime: 0.0516
Step: 50000000  Loss: 0.065970 Regul: 0.054082 Obj: 0.120052 (0.069491)  NNZ: 12 (9)  Ttime: 1.3911 Vtime: 0.0517
