mu: 0.01 gamma: 0.1 nIters: 50000000
Load PRParams.
Load RingParams.
Load Labels: 500000
Load Distances: 500000 x 5120
0...10...20...30...40...50...60...70...80...90...100 - done.
Positive samples #250000
Negative samples #250000
Positive train #200000
Negative train #200000
Positive valid #50000
Negative valid #50000

Found GPU: GeForce GTX 970
Compute Capability: 5.2

Best: 100000  Loss: 0.543057 Regul: 0.022484 Obj: 0.565540 (0.565540)  NNZ: 7 (7)  Ttime: 1.4174 Vtime: 0.2229
Stat: nPR #44 (#56) Dim/MaxDim [352/640] AUC: 0.947034 FPR95: 46.12 [saved]
Best: 200000  Loss: 0.175864 Regul: 0.034694 Obj: 0.210557 (0.210557)  NNZ: 17 (17)  Ttime: 1.3963 Vtime: 0.0513
Stat: nPR #120 (#136) Dim/MaxDim [960/640] AUC: 0.980870 FPR95: 7.94
Best: 300000  Loss: 0.177120 Regul: 0.028194 Obj: 0.205314 (0.205314)  NNZ: 20 (20)  Ttime: 1.4012 Vtime: 0.0513
Stat: nPR #100 (#160) Dim/MaxDim [800/640] AUC: 0.978368 FPR95: 10.02
Best: 400000  Loss: 0.111530 Regul: 0.009665 Obj: 0.121194 (0.121194)  NNZ: 8 (8)  Ttime: 1.3953 Vtime: 0.0514
Stat: nPR #64 (#64) Dim/MaxDim [512/640] AUC: 0.970104 FPR95: 17.19 [saved]
Best: 500000  Loss: 0.083421 Regul: 0.010141 Obj: 0.093562 (0.093562)  NNZ: 11 (11)  Ttime: 1.4000 Vtime: 0.0522
Stat: nPR #84 (#88) Dim/MaxDim [672/640] AUC: 0.976095 FPR95: 11.51
Step: 600000  Loss: 0.124482 Regul: 0.015961 Obj: 0.140444 (0.093562)  NNZ: 8 (11)  Ttime: 1.3935 Vtime: 0.0517
Best: 700000  Loss: 0.069780 Regul: 0.008377 Obj: 0.078156 (0.078156)  NNZ: 7 (7)  Ttime: 1.3992 Vtime: 0.0515
Stat: nPR #44 (#56) Dim/MaxDim [352/640] AUC: 0.978052 FPR95: 10.25 [saved]
Step: 800000  Loss: 0.177502 Regul: 0.015632 Obj: 0.193134 (0.078156)  NNZ: 14 (7)  Ttime: 1.4039 Vtime: 0.0511
Step: 900000  Loss: 0.101367 Regul: 0.015662 Obj: 0.117030 (0.078156)  NNZ: 11 (7)  Ttime: 1.4074 Vtime: 0.0518
Step: 1000000  Loss: 0.142915 Regul: 0.021430 Obj: 0.164345 (0.078156)  NNZ: 16 (7)  Ttime: 1.3985 Vtime: 0.0516
Best: 1100000  Loss: 0.065875 Regul: 0.006325 Obj: 0.072200 (0.072200)  NNZ: 9 (9)  Ttime: 1.3992 Vtime: 0.0516
Stat: nPR #64 (#72) Dim/MaxDim [512/640] AUC: 0.977728 FPR95: 11.27 [saved]
Step: 1200000  Loss: 0.138850 Regul: 0.018310 Obj: 0.157159 (0.072200)  NNZ: 14 (9)  Ttime: 1.3983 Vtime: 0.0509
Step: 1300000  Loss: 0.096556 Regul: 0.013623 Obj: 0.110179 (0.072200)  NNZ: 12 (9)  Ttime: 1.4162 Vtime: 0.0509
Step: 1400000  Loss: 0.103159 Regul: 0.007531 Obj: 0.110690 (0.072200)  NNZ: 8 (9)  Ttime: 1.3989 Vtime: 0.0516
Step: 1500000  Loss: 0.091679 Regul: 0.009650 Obj: 0.101329 (0.072200)  NNZ: 8 (9)  Ttime: 1.4562 Vtime: 0.0515
Step: 1600000  Loss: 0.076762 Regul: 0.006681 Obj: 0.083443 (0.072200)  NNZ: 8 (9)  Ttime: 1.3981 Vtime: 0.0517
Step: 1700000  Loss: 0.078303 Regul: 0.008018 Obj: 0.086321 (0.072200)  NNZ: 8 (9)  Ttime: 1.3969 Vtime: 0.0511
Step: 1800000  Loss: 0.064644 Regul: 0.008225 Obj: 0.072869 (0.072200)  NNZ: 11 (9)  Ttime: 1.4045 Vtime: 0.0509
Step: 1900000  Loss: 0.092329 Regul: 0.009683 Obj: 0.102012 (0.072200)  NNZ: 8 (9)  Ttime: 1.3985 Vtime: 0.0514
Step: 2000000  Loss: 0.082066 Regul: 0.012847 Obj: 0.094912 (0.072200)  NNZ: 20 (9)  Ttime: 1.4076 Vtime: 0.0520
Best: 2100000  Loss: 0.061017 Regul: 0.004840 Obj: 0.065857 (0.065857)  NNZ: 7 (7)  Ttime: 1.4753 Vtime: 0.0516
Stat: nPR #48 (#56) Dim/MaxDim [384/640] AUC: 0.977395 FPR95: 12.33 [saved]
Step: 2200000  Loss: 0.062894 Regul: 0.007638 Obj: 0.070532 (0.065857)  NNZ: 11 (7)  Ttime: 1.3959 Vtime: 0.0515
Step: 2300000  Loss: 0.103114 Regul: 0.016581 Obj: 0.119696 (0.065857)  NNZ: 18 (7)  Ttime: 1.3937 Vtime: 0.0516
Step: 2400000  Loss: 0.062652 Regul: 0.008424 Obj: 0.071076 (0.065857)  NNZ: 15 (7)  Ttime: 1.3959 Vtime: 0.0510
Step: 2500000  Loss: 0.098099 Regul: 0.008826 Obj: 0.106925 (0.065857)  NNZ: 11 (7)  Ttime: 1.4012 Vtime: 0.0522
Step: 2600000  Loss: 0.092808 Regul: 0.012281 Obj: 0.105089 (0.065857)  NNZ: 12 (7)  Ttime: 1.4018 Vtime: 0.0508
Step: 2700000  Loss: 0.120848 Regul: 0.012603 Obj: 0.133451 (0.065857)  NNZ: 11 (7)  Ttime: 1.3956 Vtime: 0.0508
Step: 2800000  Loss: 0.075687 Regul: 0.011182 Obj: 0.086869 (0.065857)  NNZ: 12 (7)  Ttime: 1.3955 Vtime: 0.0515
Step: 2900000  Loss: 0.073284 Regul: 0.010577 Obj: 0.083861 (0.065857)  NNZ: 9 (7)  Ttime: 1.3983 Vtime: 0.0521
Best: 3000000  Loss: 0.055566 Regul: 0.006087 Obj: 0.061654 (0.061654)  NNZ: 8 (8)  Ttime: 1.3948 Vtime: 0.0523
Stat: nPR #56 (#64) Dim/MaxDim [448/640] AUC: 0.980874 FPR95: 8.17 [saved]
Step: 3100000  Loss: 0.073527 Regul: 0.004549 Obj: 0.078076 (0.061654)  NNZ: 8 (8)  Ttime: 1.4019 Vtime: 0.0513
Step: 3200000  Loss: 0.150736 Regul: 0.008057 Obj: 0.158793 (0.061654)  NNZ: 11 (8)  Ttime: 1.3998 Vtime: 0.0518
Step: 3300000  Loss: 0.064418 Regul: 0.007695 Obj: 0.072113 (0.061654)  NNZ: 14 (8)  Ttime: 1.4031 Vtime: 0.0507
Step: 3400000  Loss: 0.067759 Regul: 0.005207 Obj: 0.072966 (0.061654)  NNZ: 7 (8)  Ttime: 1.4175 Vtime: 0.0524
Step: 3500000  Loss: 0.064704 Regul: 0.008446 Obj: 0.073150 (0.061654)  NNZ: 9 (8)  Ttime: 1.4025 Vtime: 0.0511
Step: 3600000  Loss: 0.058465 Regul: 0.006059 Obj: 0.064525 (0.061654)  NNZ: 10 (8)  Ttime: 1.4174 Vtime: 0.0514
Step: 3700000  Loss: 0.066409 Regul: 0.008813 Obj: 0.075222 (0.061654)  NNZ: 13 (8)  Ttime: 1.4261 Vtime: 0.0514
Step: 3800000  Loss: 0.062659 Regul: 0.009076 Obj: 0.071735 (0.061654)  NNZ: 12 (8)  Ttime: 1.4009 Vtime: 0.0508
Step: 3900000  Loss: 0.069277 Regul: 0.010453 Obj: 0.079730 (0.061654)  NNZ: 12 (8)  Ttime: 1.4019 Vtime: 0.0521
Step: 4000000  Loss: 0.079196 Regul: 0.010011 Obj: 0.089207 (0.061654)  NNZ: 16 (8)  Ttime: 1.4125 Vtime: 0.0510
Step: 4100000  Loss: 0.102386 Regul: 0.009251 Obj: 0.111637 (0.061654)  NNZ: 12 (8)  Ttime: 1.4160 Vtime: 0.0516
Step: 4200000  Loss: 0.064301 Regul: 0.006440 Obj: 0.070741 (0.061654)  NNZ: 9 (8)  Ttime: 1.4201 Vtime: 0.0533
Best: 4300000  Loss: 0.054708 Regul: 0.005345 Obj: 0.060053 (0.060053)  NNZ: 7 (7)  Ttime: 1.4292 Vtime: 0.0528
Stat: nPR #52 (#56) Dim/MaxDim [416/640] AUC: 0.979996 FPR95: 8.97 [saved]
Step: 4400000  Loss: 0.054949 Regul: 0.007091 Obj: 0.062040 (0.060053)  NNZ: 11 (7)  Ttime: 1.4057 Vtime: 0.0515
Step: 4500000  Loss: 0.100269 Regul: 0.006904 Obj: 0.107173 (0.060053)  NNZ: 12 (7)  Ttime: 1.4084 Vtime: 0.0511
Step: 4600000  Loss: 0.065819 Regul: 0.008188 Obj: 0.074008 (0.060053)  NNZ: 12 (7)  Ttime: 1.4003 Vtime: 0.0509
Step: 4700000  Loss: 0.060822 Regul: 0.004685 Obj: 0.065507 (0.060053)  NNZ: 11 (7)  Ttime: 1.4022 Vtime: 0.0519
Step: 4800000  Loss: 0.094335 Regul: 0.006524 Obj: 0.100859 (0.060053)  NNZ: 12 (7)  Ttime: 1.4168 Vtime: 0.0517
Step: 4900000  Loss: 0.056077 Regul: 0.006013 Obj: 0.062091 (0.060053)  NNZ: 9 (7)  Ttime: 1.4026 Vtime: 0.0523
Step: 5000000  Loss: 0.070503 Regul: 0.008673 Obj: 0.079176 (0.060053)  NNZ: 14 (7)  Ttime: 1.4011 Vtime: 0.0513
Step: 5100000  Loss: 0.072189 Regul: 0.008334 Obj: 0.080523 (0.060053)  NNZ: 11 (7)  Ttime: 1.4009 Vtime: 0.0516
Step: 5200000  Loss: 0.056795 Regul: 0.005662 Obj: 0.062457 (0.060053)  NNZ: 8 (7)  Ttime: 1.4005 Vtime: 0.0516
Step: 5300000  Loss: 0.074581 Regul: 0.011685 Obj: 0.086266 (0.060053)  NNZ: 15 (7)  Ttime: 1.4006 Vtime: 0.0512
Step: 5400000  Loss: 0.079048 Regul: 0.013437 Obj: 0.092485 (0.060053)  NNZ: 15 (7)  Ttime: 1.4025 Vtime: 0.0515
Step: 5500000  Loss: 0.061726 Regul: 0.006830 Obj: 0.068556 (0.060053)  NNZ: 8 (7)  Ttime: 1.4052 Vtime: 0.0514
Step: 5600000  Loss: 0.067421 Regul: 0.007860 Obj: 0.075281 (0.060053)  NNZ: 16 (7)  Ttime: 1.4100 Vtime: 0.0515
Step: 5700000  Loss: 0.059999 Regul: 0.003561 Obj: 0.063560 (0.060053)  NNZ: 10 (7)  Ttime: 1.4007 Vtime: 0.0508
Step: 5800000  Loss: 0.078463 Regul: 0.010758 Obj: 0.089221 (0.060053)  NNZ: 20 (7)  Ttime: 1.4047 Vtime: 0.0517
Step: 5900000  Loss: 0.074949 Regul: 0.010978 Obj: 0.085927 (0.060053)  NNZ: 13 (7)  Ttime: 1.4003 Vtime: 0.0519
Step: 6000000  Loss: 0.060033 Regul: 0.007057 Obj: 0.067090 (0.060053)  NNZ: 12 (7)  Ttime: 1.4100 Vtime: 0.0523
Step: 6100000  Loss: 0.060486 Regul: 0.006497 Obj: 0.066984 (0.060053)  NNZ: 11 (7)  Ttime: 1.4144 Vtime: 0.0515
Step: 6200000  Loss: 0.065086 Regul: 0.004803 Obj: 0.069889 (0.060053)  NNZ: 9 (7)  Ttime: 1.3977 Vtime: 0.0509
Step: 6300000  Loss: 0.099936 Regul: 0.009869 Obj: 0.109805 (0.060053)  NNZ: 14 (7)  Ttime: 1.4033 Vtime: 0.0515
Step: 6400000  Loss: 0.057741 Regul: 0.006494 Obj: 0.064234 (0.060053)  NNZ: 10 (7)  Ttime: 1.4007 Vtime: 0.0512
Best: 6500000  Loss: 0.049587 Regul: 0.004149 Obj: 0.053736 (0.053736)  NNZ: 8 (8)  Ttime: 1.3997 Vtime: 0.0518
Stat: nPR #56 (#64) Dim/MaxDim [448/640] AUC: 0.981177 FPR95: 7.92 [saved]
Step: 6600000  Loss: 0.064968 Regul: 0.007301 Obj: 0.072269 (0.053736)  NNZ: 11 (8)  Ttime: 1.3987 Vtime: 0.0511
Step: 6700000  Loss: 0.060633 Regul: 0.007542 Obj: 0.068175 (0.053736)  NNZ: 12 (8)  Ttime: 1.4037 Vtime: 0.0514
Step: 6800000  Loss: 0.063842 Regul: 0.007503 Obj: 0.071345 (0.053736)  NNZ: 14 (8)  Ttime: 1.4158 Vtime: 0.0515
Step: 6900000  Loss: 0.067972 Regul: 0.011276 Obj: 0.079248 (0.053736)  NNZ: 17 (8)  Ttime: 1.4405 Vtime: 0.0520
Step: 7000000  Loss: 0.079824 Regul: 0.011198 Obj: 0.091022 (0.053736)  NNZ: 18 (8)  Ttime: 1.4333 Vtime: 0.0517
Step: 7100000  Loss: 0.057407 Regul: 0.004757 Obj: 0.062165 (0.053736)  NNZ: 8 (8)  Ttime: 1.4051 Vtime: 0.0518
Step: 7200000  Loss: 0.062007 Regul: 0.004615 Obj: 0.066621 (0.053736)  NNZ: 10 (8)  Ttime: 1.3971 Vtime: 0.0516
Step: 7300000  Loss: 0.051543 Regul: 0.005096 Obj: 0.056639 (0.053736)  NNZ: 10 (8)  Ttime: 1.4019 Vtime: 0.0523
Step: 7400000  Loss: 0.061451 Regul: 0.006568 Obj: 0.068020 (0.053736)  NNZ: 8 (8)  Ttime: 1.4073 Vtime: 0.0509
Step: 7500000  Loss: 0.055592 Regul: 0.004923 Obj: 0.060515 (0.053736)  NNZ: 11 (8)  Ttime: 1.4048 Vtime: 0.0511
Step: 7600000  Loss: 0.075381 Regul: 0.009556 Obj: 0.084937 (0.053736)  NNZ: 19 (8)  Ttime: 1.4007 Vtime: 0.0513
Step: 7700000  Loss: 0.070193 Regul: 0.008949 Obj: 0.079142 (0.053736)  NNZ: 17 (8)  Ttime: 1.4007 Vtime: 0.0513
Step: 7800000  Loss: 0.073062 Regul: 0.008833 Obj: 0.081895 (0.053736)  NNZ: 14 (8)  Ttime: 1.4010 Vtime: 0.0519
Step: 7900000  Loss: 0.068933 Regul: 0.008419 Obj: 0.077352 (0.053736)  NNZ: 15 (8)  Ttime: 1.4029 Vtime: 0.0509
Step: 8000000  Loss: 0.075210 Regul: 0.011730 Obj: 0.086940 (0.053736)  NNZ: 17 (8)  Ttime: 1.4008 Vtime: 0.0516
Step: 8100000  Loss: 0.077596 Regul: 0.011886 Obj: 0.089482 (0.053736)  NNZ: 16 (8)  Ttime: 1.4010 Vtime: 0.0521
Step: 8200000  Loss: 0.056965 Regul: 0.005467 Obj: 0.062433 (0.053736)  NNZ: 11 (8)  Ttime: 1.4012 Vtime: 0.0514
Step: 8300000  Loss: 0.065649 Regul: 0.006461 Obj: 0.072110 (0.053736)  NNZ: 13 (8)  Ttime: 1.3990 Vtime: 0.0518
Step: 8400000  Loss: 0.067954 Regul: 0.007536 Obj: 0.075489 (0.053736)  NNZ: 11 (8)  Ttime: 1.4048 Vtime: 0.0525
Step: 8500000  Loss: 0.070810 Regul: 0.008219 Obj: 0.079029 (0.053736)  NNZ: 14 (8)  Ttime: 1.4046 Vtime: 0.0520
Step: 8600000  Loss: 0.058236 Regul: 0.007878 Obj: 0.066114 (0.053736)  NNZ: 13 (8)  Ttime: 1.4038 Vtime: 0.0516
Step: 8700000  Loss: 0.063831 Regul: 0.007304 Obj: 0.071135 (0.053736)  NNZ: 15 (8)  Ttime: 1.3992 Vtime: 0.0524
Step: 8800000  Loss: 0.072502 Regul: 0.006572 Obj: 0.079074 (0.053736)  NNZ: 9 (8)  Ttime: 1.4021 Vtime: 0.0510
Step: 8900000  Loss: 0.068933 Regul: 0.011091 Obj: 0.080023 (0.053736)  NNZ: 18 (8)  Ttime: 1.3988 Vtime: 0.0519
Step: 9000000  Loss: 0.076973 Regul: 0.011347 Obj: 0.088321 (0.053736)  NNZ: 16 (8)  Ttime: 1.3946 Vtime: 0.0513
Step: 9100000  Loss: 0.056372 Regul: 0.007124 Obj: 0.063495 (0.053736)  NNZ: 11 (8)  Ttime: 1.4001 Vtime: 0.0513
Step: 9200000  Loss: 0.050429 Regul: 0.005182 Obj: 0.055611 (0.053736)  NNZ: 8 (8)  Ttime: 1.4027 Vtime: 0.0510
Step: 9300000  Loss: 0.063334 Regul: 0.008046 Obj: 0.071380 (0.053736)  NNZ: 14 (8)  Ttime: 1.4042 Vtime: 0.0515
Step: 9400000  Loss: 0.064069 Regul: 0.008058 Obj: 0.072127 (0.053736)  NNZ: 14 (8)  Ttime: 1.4151 Vtime: 0.0512
Step: 9500000  Loss: 0.054283 Regul: 0.004106 Obj: 0.058390 (0.053736)  NNZ: 16 (8)  Ttime: 1.4066 Vtime: 0.0516
Step: 9600000  Loss: 0.072620 Regul: 0.008943 Obj: 0.081564 (0.053736)  NNZ: 13 (8)  Ttime: 1.4104 Vtime: 0.0517
Step: 9700000  Loss: 0.075442 Regul: 0.008017 Obj: 0.083459 (0.053736)  NNZ: 11 (8)  Ttime: 1.4008 Vtime: 0.0523
Step: 9800000  Loss: 0.064929 Regul: 0.008244 Obj: 0.073174 (0.053736)  NNZ: 14 (8)  Ttime: 1.4034 Vtime: 0.0516
Step: 9900000  Loss: 0.063813 Regul: 0.008743 Obj: 0.072556 (0.053736)  NNZ: 19 (8)  Ttime: 1.4042 Vtime: 0.0519
Step: 10000000  Loss: 0.070178 Regul: 0.002673 Obj: 0.072851 (0.053736)  NNZ: 6 (8)  Ttime: 1.3938 Vtime: 0.0520
Step: 10100000  Loss: 0.054750 Regul: 0.006912 Obj: 0.061661 (0.053736)  NNZ: 15 (8)  Ttime: 1.4034 Vtime: 0.0516
Step: 10200000  Loss: 0.054421 Regul: 0.006219 Obj: 0.060641 (0.053736)  NNZ: 13 (8)  Ttime: 1.4005 Vtime: 0.0512
Step: 10300000  Loss: 0.050727 Regul: 0.004655 Obj: 0.055383 (0.053736)  NNZ: 16 (8)  Ttime: 1.4004 Vtime: 0.0515
Step: 10400000  Loss: 0.058553 Regul: 0.005985 Obj: 0.064539 (0.053736)  NNZ: 10 (8)  Ttime: 1.4031 Vtime: 0.0514
Step: 10500000  Loss: 0.055360 Regul: 0.004883 Obj: 0.060243 (0.053736)  NNZ: 11 (8)  Ttime: 1.4027 Vtime: 0.0518
Step: 10600000  Loss: 0.059370 Regul: 0.004380 Obj: 0.063750 (0.053736)  NNZ: 9 (8)  Ttime: 1.4040 Vtime: 0.0514
Step: 10700000  Loss: 0.066027 Regul: 0.010568 Obj: 0.076595 (0.053736)  NNZ: 15 (8)  Ttime: 1.4011 Vtime: 0.0509
Step: 10800000  Loss: 0.068356 Regul: 0.010456 Obj: 0.078812 (0.053736)  NNZ: 21 (8)  Ttime: 1.4055 Vtime: 0.0514
Step: 10900000  Loss: 0.069078 Regul: 0.006939 Obj: 0.076017 (0.053736)  NNZ: 11 (8)  Ttime: 1.4051 Vtime: 0.0517
Step: 11000000  Loss: 0.064434 Regul: 0.006875 Obj: 0.071309 (0.053736)  NNZ: 14 (8)  Ttime: 1.4158 Vtime: 0.0510
Step: 11100000  Loss: 0.063181 Regul: 0.007209 Obj: 0.070390 (0.053736)  NNZ: 20 (8)  Ttime: 1.4058 Vtime: 0.0518
Step: 11200000  Loss: 0.051098 Regul: 0.005156 Obj: 0.056254 (0.053736)  NNZ: 9 (8)  Ttime: 1.4151 Vtime: 0.0511
Step: 11300000  Loss: 0.052175 Regul: 0.005913 Obj: 0.058088 (0.053736)  NNZ: 13 (8)  Ttime: 1.3993 Vtime: 0.0516
Step: 11400000  Loss: 0.052687 Regul: 0.005512 Obj: 0.058199 (0.053736)  NNZ: 12 (8)  Ttime: 1.4075 Vtime: 0.0517
Step: 11500000  Loss: 0.066164 Regul: 0.008341 Obj: 0.074505 (0.053736)  NNZ: 17 (8)  Ttime: 1.4149 Vtime: 0.0550
Step: 11600000  Loss: 0.066733 Regul: 0.006211 Obj: 0.072944 (0.053736)  NNZ: 10 (8)  Ttime: 1.4032 Vtime: 0.0520
Step: 11700000  Loss: 0.065687 Regul: 0.010615 Obj: 0.076302 (0.053736)  NNZ: 16 (8)  Ttime: 1.3943 Vtime: 0.0517
Step: 11800000  Loss: 0.070814 Regul: 0.010100 Obj: 0.080914 (0.053736)  NNZ: 19 (8)  Ttime: 1.4101 Vtime: 0.0515
Step: 11900000  Loss: 0.062666 Regul: 0.006541 Obj: 0.069207 (0.053736)  NNZ: 15 (8)  Ttime: 1.4287 Vtime: 0.0514
Step: 12000000  Loss: 0.054051 Regul: 0.006462 Obj: 0.060513 (0.053736)  NNZ: 11 (8)  Ttime: 1.4014 Vtime: 0.0515
Step: 12100000  Loss: 0.062923 Regul: 0.006340 Obj: 0.069263 (0.053736)  NNZ: 14 (8)  Ttime: 1.4030 Vtime: 0.0509
Step: 12200000  Loss: 0.053025 Regul: 0.005562 Obj: 0.058587 (0.053736)  NNZ: 13 (8)  Ttime: 1.4052 Vtime: 0.0525
Step: 12300000  Loss: 0.066053 Regul: 0.008439 Obj: 0.074492 (0.053736)  NNZ: 14 (8)  Ttime: 1.4078 Vtime: 0.0513
Step: 12400000  Loss: 0.057355 Regul: 0.003890 Obj: 0.061245 (0.053736)  NNZ: 9 (8)  Ttime: 1.3946 Vtime: 0.0510
Step: 12500000  Loss: 0.062676 Regul: 0.005982 Obj: 0.068658 (0.053736)  NNZ: 15 (8)  Ttime: 1.3870 Vtime: 0.0515
Step: 12600000  Loss: 0.078104 Regul: 0.007919 Obj: 0.086024 (0.053736)  NNZ: 13 (8)  Ttime: 1.3950 Vtime: 0.0517
Step: 12700000  Loss: 0.064182 Regul: 0.009601 Obj: 0.073783 (0.053736)  NNZ: 15 (8)  Ttime: 1.3974 Vtime: 0.0514
Step: 12800000  Loss: 0.057020 Regul: 0.005070 Obj: 0.062090 (0.053736)  NNZ: 13 (8)  Ttime: 1.3960 Vtime: 0.0513
Step: 12900000  Loss: 0.075676 Regul: 0.007115 Obj: 0.082791 (0.053736)  NNZ: 15 (8)  Ttime: 1.4153 Vtime: 0.0514
Step: 13000000  Loss: 0.066325 Regul: 0.007620 Obj: 0.073945 (0.053736)  NNZ: 15 (8)  Ttime: 1.4011 Vtime: 0.0518
Step: 13100000  Loss: 0.060848 Regul: 0.005931 Obj: 0.066779 (0.053736)  NNZ: 14 (8)  Ttime: 1.3973 Vtime: 0.0513
Step: 13200000  Loss: 0.055435 Regul: 0.005026 Obj: 0.060461 (0.053736)  NNZ: 10 (8)  Ttime: 1.4061 Vtime: 0.0520
Step: 13300000  Loss: 0.059253 Regul: 0.006184 Obj: 0.065437 (0.053736)  NNZ: 13 (8)  Ttime: 1.4025 Vtime: 0.0512
Step: 13400000  Loss: 0.071520 Regul: 0.011180 Obj: 0.082700 (0.053736)  NNZ: 20 (8)  Ttime: 1.4078 Vtime: 0.0506
Step: 13500000  Loss: 0.053333 Regul: 0.004988 Obj: 0.058322 (0.053736)  NNZ: 13 (8)  Ttime: 1.4088 Vtime: 0.0504
Step: 13600000  Loss: 0.063277 Regul: 0.007200 Obj: 0.070477 (0.053736)  NNZ: 13 (8)  Ttime: 1.3949 Vtime: 0.0513
Step: 13700000  Loss: 0.053655 Regul: 0.005928 Obj: 0.059583 (0.053736)  NNZ: 15 (8)  Ttime: 1.4146 Vtime: 0.0516
Step: 13800000  Loss: 0.056174 Regul: 0.005341 Obj: 0.061514 (0.053736)  NNZ: 10 (8)  Ttime: 1.4183 Vtime: 0.0519
Step: 13900000  Loss: 0.060653 Regul: 0.005089 Obj: 0.065742 (0.053736)  NNZ: 13 (8)  Ttime: 1.4109 Vtime: 0.0513
Step: 14000000  Loss: 0.059815 Regul: 0.007959 Obj: 0.067773 (0.053736)  NNZ: 14 (8)  Ttime: 1.4032 Vtime: 0.0514
Step: 14100000  Loss: 0.055542 Regul: 0.006570 Obj: 0.062112 (0.053736)  NNZ: 13 (8)  Ttime: 1.4224 Vtime: 0.0523
Step: 14200000  Loss: 0.063255 Regul: 0.008017 Obj: 0.071272 (0.053736)  NNZ: 19 (8)  Ttime: 1.4509 Vtime: 0.0514
Step: 14300000  Loss: 0.056023 Regul: 0.005594 Obj: 0.061616 (0.053736)  NNZ: 10 (8)  Ttime: 1.4233 Vtime: 0.0525
Step: 14400000  Loss: 0.056227 Regul: 0.004593 Obj: 0.060819 (0.053736)  NNZ: 13 (8)  Ttime: 1.4538 Vtime: 0.0517
Step: 14500000  Loss: 0.056098 Regul: 0.005948 Obj: 0.062046 (0.053736)  NNZ: 12 (8)  Ttime: 1.4230 Vtime: 0.0509
Step: 14600000  Loss: 0.051488 Regul: 0.004687 Obj: 0.056175 (0.053736)  NNZ: 14 (8)  Ttime: 1.4159 Vtime: 0.0515
Step: 14700000  Loss: 0.052560 Regul: 0.004116 Obj: 0.056675 (0.053736)  NNZ: 13 (8)  Ttime: 1.4491 Vtime: 0.0518
Step: 14800000  Loss: 0.053870 Regul: 0.005295 Obj: 0.059165 (0.053736)  NNZ: 12 (8)  Ttime: 1.4268 Vtime: 0.0515
Step: 14900000  Loss: 0.051499 Regul: 0.005548 Obj: 0.057047 (0.053736)  NNZ: 12 (8)  Ttime: 1.4183 Vtime: 0.0508
Step: 15000000  Loss: 0.054666 Regul: 0.004504 Obj: 0.059170 (0.053736)  NNZ: 9 (8)  Ttime: 1.4255 Vtime: 0.0521
Step: 15100000  Loss: 0.064832 Regul: 0.006636 Obj: 0.071468 (0.053736)  NNZ: 19 (8)  Ttime: 1.4296 Vtime: 0.0520
Step: 15200000  Loss: 0.067140 Regul: 0.009506 Obj: 0.076646 (0.053736)  NNZ: 18 (8)  Ttime: 1.4147 Vtime: 0.0518
Step: 15300000  Loss: 0.057659 Regul: 0.006339 Obj: 0.063998 (0.053736)  NNZ: 13 (8)  Ttime: 1.4111 Vtime: 0.0513
Step: 15400000  Loss: 0.052316 Regul: 0.004895 Obj: 0.057211 (0.053736)  NNZ: 15 (8)  Ttime: 1.4001 Vtime: 0.0520
Best: 15500000  Loss: 0.049664 Regul: 0.003171 Obj: 0.052835 (0.052835)  NNZ: 11 (11)  Ttime: 1.4025 Vtime: 0.0521
Stat: nPR #76 (#88) Dim/MaxDim [608/640] AUC: 0.981663 FPR95: 7.45 [saved]
Step: 15600000  Loss: 0.075461 Regul: 0.007470 Obj: 0.082931 (0.052835)  NNZ: 15 (11)  Ttime: 1.4201 Vtime: 0.0521
Step: 15700000  Loss: 0.061388 Regul: 0.005605 Obj: 0.066994 (0.052835)  NNZ: 9 (11)  Ttime: 1.4258 Vtime: 0.0518
Step: 15800000  Loss: 0.050272 Regul: 0.004909 Obj: 0.055181 (0.052835)  NNZ: 10 (11)  Ttime: 1.4128 Vtime: 0.0512
Step: 15900000  Loss: 0.066887 Regul: 0.007202 Obj: 0.074089 (0.052835)  NNZ: 15 (11)  Ttime: 1.4372 Vtime: 0.0519
Step: 16000000  Loss: 0.059340 Regul: 0.006929 Obj: 0.066269 (0.052835)  NNZ: 19 (11)  Ttime: 1.4399 Vtime: 0.0516
Step: 16100000  Loss: 0.054778 Regul: 0.004013 Obj: 0.058791 (0.052835)  NNZ: 7 (11)  Ttime: 1.4063 Vtime: 0.0514
Step: 16200000  Loss: 0.053634 Regul: 0.003982 Obj: 0.057616 (0.052835)  NNZ: 11 (11)  Ttime: 1.3944 Vtime: 0.0520
Step: 16300000  Loss: 0.065648 Regul: 0.008121 Obj: 0.073769 (0.052835)  NNZ: 19 (11)  Ttime: 1.3945 Vtime: 0.0523
Step: 16400000  Loss: 0.049374 Regul: 0.004753 Obj: 0.054126 (0.052835)  NNZ: 13 (11)  Ttime: 1.3962 Vtime: 0.0516
Step: 16500000  Loss: 0.094792 Regul: 0.007407 Obj: 0.102199 (0.052835)  NNZ: 16 (11)  Ttime: 1.3968 Vtime: 0.0520
Step: 16600000  Loss: 0.049357 Regul: 0.004665 Obj: 0.054023 (0.052835)  NNZ: 9 (11)  Ttime: 1.4001 Vtime: 0.0513
Step: 16700000  Loss: 0.064296 Regul: 0.007342 Obj: 0.071638 (0.052835)  NNZ: 16 (11)  Ttime: 1.4286 Vtime: 0.0517
Step: 16800000  Loss: 0.072959 Regul: 0.004308 Obj: 0.077267 (0.052835)  NNZ: 8 (11)  Ttime: 1.4067 Vtime: 0.0527
Step: 16900000  Loss: 0.054928 Regul: 0.004747 Obj: 0.059675 (0.052835)  NNZ: 11 (11)  Ttime: 1.4412 Vtime: 0.0519
Step: 17000000  Loss: 0.051406 Regul: 0.005314 Obj: 0.056721 (0.052835)  NNZ: 12 (11)  Ttime: 1.4028 Vtime: 0.0513
Step: 17100000  Loss: 0.103658 Regul: 0.007343 Obj: 0.111002 (0.052835)  NNZ: 18 (11)  Ttime: 1.4076 Vtime: 0.0514
Step: 17200000  Loss: 0.064918 Regul: 0.005648 Obj: 0.070566 (0.052835)  NNZ: 10 (11)  Ttime: 1.4027 Vtime: 0.0517
Step: 17300000  Loss: 0.054501 Regul: 0.006811 Obj: 0.061313 (0.052835)  NNZ: 12 (11)  Ttime: 1.4039 Vtime: 0.0521
Step: 17400000  Loss: 0.053215 Regul: 0.003782 Obj: 0.056997 (0.052835)  NNZ: 8 (11)  Ttime: 1.3989 Vtime: 0.0512
Step: 17500000  Loss: 0.053042 Regul: 0.005206 Obj: 0.058247 (0.052835)  NNZ: 12 (11)  Ttime: 1.4043 Vtime: 0.0517
Step: 17600000  Loss: 0.055468 Regul: 0.003765 Obj: 0.059233 (0.052835)  NNZ: 10 (11)  Ttime: 1.4086 Vtime: 0.0514
Step: 17700000  Loss: 0.053202 Regul: 0.005276 Obj: 0.058479 (0.052835)  NNZ: 14 (11)  Ttime: 1.4001 Vtime: 0.0514
Step: 17800000  Loss: 0.061319 Regul: 0.006041 Obj: 0.067360 (0.052835)  NNZ: 12 (11)  Ttime: 1.4039 Vtime: 0.0511
Step: 17900000  Loss: 0.055790 Regul: 0.007106 Obj: 0.062896 (0.052835)  NNZ: 14 (11)  Ttime: 1.4025 Vtime: 0.0514
Step: 18000000  Loss: 0.051665 Regul: 0.005446 Obj: 0.057111 (0.052835)  NNZ: 12 (11)  Ttime: 1.4023 Vtime: 0.0515
Step: 18100000  Loss: 0.063467 Regul: 0.005592 Obj: 0.069059 (0.052835)  NNZ: 14 (11)  Ttime: 1.4023 Vtime: 0.0513
Step: 18200000  Loss: 0.060377 Regul: 0.006849 Obj: 0.067226 (0.052835)  NNZ: 17 (11)  Ttime: 1.4132 Vtime: 0.0512
Step: 18300000  Loss: 0.056675 Regul: 0.005490 Obj: 0.062166 (0.052835)  NNZ: 9 (11)  Ttime: 1.4239 Vtime: 0.0516
Step: 18400000  Loss: 0.052589 Regul: 0.004602 Obj: 0.057192 (0.052835)  NNZ: 17 (11)  Ttime: 1.4225 Vtime: 0.0510
Step: 18500000  Loss: 0.050564 Regul: 0.003753 Obj: 0.054317 (0.052835)  NNZ: 12 (11)  Ttime: 1.4053 Vtime: 0.0516
Step: 18600000  Loss: 0.055850 Regul: 0.005812 Obj: 0.061662 (0.052835)  NNZ: 10 (11)  Ttime: 1.4062 Vtime: 0.0516
Step: 18700000  Loss: 0.059038 Regul: 0.004081 Obj: 0.063118 (0.052835)  NNZ: 8 (11)  Ttime: 1.4083 Vtime: 0.0517
Step: 18800000  Loss: 0.051733 Regul: 0.004600 Obj: 0.056333 (0.052835)  NNZ: 9 (11)  Ttime: 1.4104 Vtime: 0.0518
Step: 18900000  Loss: 0.061125 Regul: 0.004902 Obj: 0.066027 (0.052835)  NNZ: 10 (11)  Ttime: 1.4211 Vtime: 0.0515
Step: 19000000  Loss: 0.062469 Regul: 0.004938 Obj: 0.067406 (0.052835)  NNZ: 12 (11)  Ttime: 1.4155 Vtime: 0.0521
Step: 19100000  Loss: 0.056217 Regul: 0.006820 Obj: 0.063037 (0.052835)  NNZ: 18 (11)  Ttime: 1.4111 Vtime: 0.0519
Step: 19200000  Loss: 0.051595 Regul: 0.003811 Obj: 0.055406 (0.052835)  NNZ: 15 (11)  Ttime: 1.4022 Vtime: 0.0515
Step: 19300000  Loss: 0.061370 Regul: 0.006985 Obj: 0.068355 (0.052835)  NNZ: 16 (11)  Ttime: 1.4011 Vtime: 0.0516
Step: 19400000  Loss: 0.056018 Regul: 0.004790 Obj: 0.060808 (0.052835)  NNZ: 9 (11)  Ttime: 1.4008 Vtime: 0.0514
Step: 19500000  Loss: 0.060696 Regul: 0.005685 Obj: 0.066381 (0.052835)  NNZ: 14 (11)  Ttime: 1.4044 Vtime: 0.0523
Step: 19600000  Loss: 0.054468 Regul: 0.004715 Obj: 0.059183 (0.052835)  NNZ: 10 (11)  Ttime: 1.4016 Vtime: 0.0518
Step: 19700000  Loss: 0.070795 Regul: 0.003904 Obj: 0.074699 (0.052835)  NNZ: 12 (11)  Ttime: 1.4009 Vtime: 0.0510
Step: 19800000  Loss: 0.051789 Regul: 0.005627 Obj: 0.057416 (0.052835)  NNZ: 17 (11)  Ttime: 1.3977 Vtime: 0.0509
Step: 19900000  Loss: 0.053654 Regul: 0.004496 Obj: 0.058150 (0.052835)  NNZ: 10 (11)  Ttime: 1.3973 Vtime: 0.0526
Step: 20000000  Loss: 0.054362 Regul: 0.005197 Obj: 0.059559 (0.052835)  NNZ: 11 (11)  Ttime: 1.3967 Vtime: 0.0512
Step: 20100000  Loss: 0.107301 Regul: 0.004076 Obj: 0.111376 (0.052835)  NNZ: 8 (11)  Ttime: 1.4019 Vtime: 0.0518
Step: 20200000  Loss: 0.073475 Regul: 0.007654 Obj: 0.081129 (0.052835)  NNZ: 19 (11)  Ttime: 1.4563 Vtime: 0.0514
Step: 20300000  Loss: 0.056089 Regul: 0.006144 Obj: 0.062233 (0.052835)  NNZ: 13 (11)  Ttime: 1.4006 Vtime: 0.0523
Step: 20400000  Loss: 0.053502 Regul: 0.005929 Obj: 0.059432 (0.052835)  NNZ: 15 (11)  Ttime: 1.3952 Vtime: 0.0514
Step: 20500000  Loss: 0.055936 Regul: 0.005703 Obj: 0.061640 (0.052835)  NNZ: 14 (11)  Ttime: 1.3985 Vtime: 0.0517
Step: 20600000  Loss: 0.059573 Regul: 0.006443 Obj: 0.066015 (0.052835)  NNZ: 19 (11)  Ttime: 1.3995 Vtime: 0.0520
Step: 20700000  Loss: 0.060472 Regul: 0.007000 Obj: 0.067472 (0.052835)  NNZ: 16 (11)  Ttime: 1.4146 Vtime: 0.0516
Step: 20800000  Loss: 0.059950 Regul: 0.006822 Obj: 0.066772 (0.052835)  NNZ: 16 (11)  Ttime: 1.3982 Vtime: 0.0510
Step: 20900000  Loss: 0.064099 Regul: 0.008637 Obj: 0.072736 (0.052835)  NNZ: 16 (11)  Ttime: 1.4109 Vtime: 0.0512
Step: 21000000  Loss: 0.060432 Regul: 0.007071 Obj: 0.067502 (0.052835)  NNZ: 18 (11)  Ttime: 1.4087 Vtime: 0.0518
Step: 21100000  Loss: 0.054049 Regul: 0.004511 Obj: 0.058561 (0.052835)  NNZ: 9 (11)  Ttime: 1.4157 Vtime: 0.0516
Step: 21200000  Loss: 0.052674 Regul: 0.004412 Obj: 0.057086 (0.052835)  NNZ: 10 (11)  Ttime: 1.3910 Vtime: 0.0518
Step: 21300000  Loss: 0.049363 Regul: 0.004079 Obj: 0.053442 (0.052835)  NNZ: 13 (11)  Ttime: 1.4078 Vtime: 0.0510
Step: 21400000  Loss: 0.057049 Regul: 0.003949 Obj: 0.060997 (0.052835)  NNZ: 11 (11)  Ttime: 1.3964 Vtime: 0.0510
Step: 21500000  Loss: 0.062181 Regul: 0.004569 Obj: 0.066750 (0.052835)  NNZ: 11 (11)  Ttime: 1.3972 Vtime: 0.0529
Step: 21600000  Loss: 0.051868 Regul: 0.003483 Obj: 0.055351 (0.052835)  NNZ: 9 (11)  Ttime: 1.4022 Vtime: 0.0518
Step: 21700000  Loss: 0.065314 Regul: 0.005750 Obj: 0.071064 (0.052835)  NNZ: 15 (11)  Ttime: 1.3940 Vtime: 0.0513
Step: 21800000  Loss: 0.054189 Regul: 0.003632 Obj: 0.057821 (0.052835)  NNZ: 11 (11)  Ttime: 1.3955 Vtime: 0.0507
Step: 21900000  Loss: 0.050812 Regul: 0.004088 Obj: 0.054900 (0.052835)  NNZ: 11 (11)  Ttime: 1.3931 Vtime: 0.0515
Step: 22000000  Loss: 0.064203 Regul: 0.002878 Obj: 0.067081 (0.052835)  NNZ: 7 (11)  Ttime: 1.3949 Vtime: 0.0511
Step: 22100000  Loss: 0.055601 Regul: 0.006700 Obj: 0.062302 (0.052835)  NNZ: 16 (11)  Ttime: 1.3986 Vtime: 0.0531
Step: 22200000  Loss: 0.080538 Regul: 0.003497 Obj: 0.084035 (0.052835)  NNZ: 8 (11)  Ttime: 1.3932 Vtime: 0.0518
Step: 22300000  Loss: 0.055528 Regul: 0.006423 Obj: 0.061951 (0.052835)  NNZ: 13 (11)  Ttime: 1.3970 Vtime: 0.0518
Step: 22400000  Loss: 0.061339 Regul: 0.004376 Obj: 0.065715 (0.052835)  NNZ: 10 (11)  Ttime: 1.4003 Vtime: 0.0516
Step: 22500000  Loss: 0.052329 Regul: 0.005291 Obj: 0.057620 (0.052835)  NNZ: 11 (11)  Ttime: 1.4063 Vtime: 0.0519
Step: 22600000  Loss: 0.054741 Regul: 0.003911 Obj: 0.058652 (0.052835)  NNZ: 8 (11)  Ttime: 1.3956 Vtime: 0.0519
Step: 22700000  Loss: 0.060156 Regul: 0.005429 Obj: 0.065585 (0.052835)  NNZ: 12 (11)  Ttime: 1.4094 Vtime: 0.0507
Step: 22800000  Loss: 0.050897 Regul: 0.004525 Obj: 0.055422 (0.052835)  NNZ: 14 (11)  Ttime: 1.4057 Vtime: 0.0512
Step: 22900000  Loss: 0.053505 Regul: 0.004002 Obj: 0.057507 (0.052835)  NNZ: 13 (11)  Ttime: 1.4023 Vtime: 0.0515
Step: 23000000  Loss: 0.052956 Regul: 0.004630 Obj: 0.057586 (0.052835)  NNZ: 13 (11)  Ttime: 1.4020 Vtime: 0.0527
Step: 23100000  Loss: 0.074444 Regul: 0.006404 Obj: 0.080848 (0.052835)  NNZ: 14 (11)  Ttime: 1.4089 Vtime: 0.0522
Step: 23200000  Loss: 0.054821 Regul: 0.005211 Obj: 0.060032 (0.052835)  NNZ: 14 (11)  Ttime: 1.4016 Vtime: 0.0510
Step: 23300000  Loss: 0.050920 Regul: 0.005060 Obj: 0.055979 (0.052835)  NNZ: 12 (11)  Ttime: 1.4029 Vtime: 0.0508
Step: 23400000  Loss: 0.055932 Regul: 0.007333 Obj: 0.063265 (0.052835)  NNZ: 14 (11)  Ttime: 1.4167 Vtime: 0.0521
Step: 23500000  Loss: 0.053927 Regul: 0.003821 Obj: 0.057748 (0.052835)  NNZ: 10 (11)  Ttime: 1.4011 Vtime: 0.0513
Step: 23600000  Loss: 0.056538 Regul: 0.006992 Obj: 0.063531 (0.052835)  NNZ: 16 (11)  Ttime: 1.3962 Vtime: 0.0519
Step: 23700000  Loss: 0.053224 Regul: 0.004492 Obj: 0.057717 (0.052835)  NNZ: 11 (11)  Ttime: 1.4037 Vtime: 0.0514
Step: 23800000  Loss: 0.059066 Regul: 0.005378 Obj: 0.064444 (0.052835)  NNZ: 12 (11)  Ttime: 1.3983 Vtime: 0.0515
Step: 23900000  Loss: 0.055533 Regul: 0.006736 Obj: 0.062268 (0.052835)  NNZ: 11 (11)  Ttime: 1.4145 Vtime: 0.0512
Step: 24000000  Loss: 0.055350 Regul: 0.003909 Obj: 0.059259 (0.052835)  NNZ: 10 (11)  Ttime: 1.4017 Vtime: 0.0520
Step: 24100000  Loss: 0.055938 Regul: 0.006196 Obj: 0.062134 (0.052835)  NNZ: 12 (11)  Ttime: 1.4065 Vtime: 0.0515
Step: 24200000  Loss: 0.060036 Regul: 0.007001 Obj: 0.067037 (0.052835)  NNZ: 12 (11)  Ttime: 1.3899 Vtime: 0.0519
Step: 24300000  Loss: 0.067889 Regul: 0.005823 Obj: 0.073712 (0.052835)  NNZ: 16 (11)  Ttime: 1.3975 Vtime: 0.0511
Step: 24400000  Loss: 0.059585 Regul: 0.004608 Obj: 0.064193 (0.052835)  NNZ: 9 (11)  Ttime: 1.3999 Vtime: 0.0516
Step: 24500000  Loss: 0.057672 Regul: 0.003715 Obj: 0.061388 (0.052835)  NNZ: 10 (11)  Ttime: 1.3992 Vtime: 0.0523
Step: 24600000  Loss: 0.058190 Regul: 0.006408 Obj: 0.064598 (0.052835)  NNZ: 15 (11)  Ttime: 1.4031 Vtime: 0.0516
Step: 24700000  Loss: 0.053066 Regul: 0.005365 Obj: 0.058431 (0.052835)  NNZ: 13 (11)  Ttime: 1.3961 Vtime: 0.0513
Step: 24800000  Loss: 0.059825 Regul: 0.005753 Obj: 0.065578 (0.052835)  NNZ: 14 (11)  Ttime: 1.3995 Vtime: 0.0512
Step: 24900000  Loss: 0.055866 Regul: 0.005638 Obj: 0.061504 (0.052835)  NNZ: 19 (11)  Ttime: 1.3972 Vtime: 0.0511
Step: 25000000  Loss: 0.070365 Regul: 0.003776 Obj: 0.074141 (0.052835)  NNZ: 9 (11)  Ttime: 1.5046 Vtime: 0.0518
Step: 25100000  Loss: 0.055925 Regul: 0.005416 Obj: 0.061341 (0.052835)  NNZ: 13 (11)  Ttime: 1.3983 Vtime: 0.0521
Step: 25200000  Loss: 0.057174 Regul: 0.003392 Obj: 0.060566 (0.052835)  NNZ: 12 (11)  Ttime: 1.4151 Vtime: 0.0517
Step: 25300000  Loss: 0.057666 Regul: 0.003575 Obj: 0.061240 (0.052835)  NNZ: 11 (11)  Ttime: 1.4062 Vtime: 0.0518
Step: 25400000  Loss: 0.049897 Regul: 0.004426 Obj: 0.054323 (0.052835)  NNZ: 11 (11)  Ttime: 1.4027 Vtime: 0.0518
Step: 25500000  Loss: 0.054639 Regul: 0.002665 Obj: 0.057304 (0.052835)  NNZ: 10 (11)  Ttime: 1.4096 Vtime: 0.0512
Step: 25600000  Loss: 0.049842 Regul: 0.004337 Obj: 0.054178 (0.052835)  NNZ: 9 (11)  Ttime: 1.4122 Vtime: 0.0517
Step: 25700000  Loss: 0.066983 Regul: 0.004573 Obj: 0.071556 (0.052835)  NNZ: 13 (11)  Ttime: 1.4453 Vtime: 0.0514
Step: 25800000  Loss: 0.061288 Regul: 0.005468 Obj: 0.066757 (0.052835)  NNZ: 10 (11)  Ttime: 1.4477 Vtime: 0.0514
Step: 25900000  Loss: 0.051229 Regul: 0.005031 Obj: 0.056260 (0.052835)  NNZ: 15 (11)  Ttime: 1.4044 Vtime: 0.0517
Step: 26000000  Loss: 0.049828 Regul: 0.004171 Obj: 0.053999 (0.052835)  NNZ: 14 (11)  Ttime: 1.3989 Vtime: 0.0514
Step: 26100000  Loss: 0.060685 Regul: 0.005084 Obj: 0.065769 (0.052835)  NNZ: 13 (11)  Ttime: 1.4059 Vtime: 0.0517
Step: 26200000  Loss: 0.054093 Regul: 0.003644 Obj: 0.057737 (0.052835)  NNZ: 17 (11)  Ttime: 1.4111 Vtime: 0.0511
Step: 26300000  Loss: 0.054224 Regul: 0.004346 Obj: 0.058571 (0.052835)  NNZ: 8 (11)  Ttime: 1.4020 Vtime: 0.0515
Step: 26400000  Loss: 0.066179 Regul: 0.006881 Obj: 0.073061 (0.052835)  NNZ: 18 (11)  Ttime: 1.4085 Vtime: 0.0521
Step: 26500000  Loss: 0.053380 Regul: 0.003290 Obj: 0.056670 (0.052835)  NNZ: 9 (11)  Ttime: 1.4001 Vtime: 0.0515
Step: 26600000  Loss: 0.057388 Regul: 0.005651 Obj: 0.063039 (0.052835)  NNZ: 13 (11)  Ttime: 1.4085 Vtime: 0.0515
Step: 26700000  Loss: 0.062696 Regul: 0.003317 Obj: 0.066013 (0.052835)  NNZ: 11 (11)  Ttime: 1.4078 Vtime: 0.0509
Step: 26800000  Loss: 0.057022 Regul: 0.005568 Obj: 0.062590 (0.052835)  NNZ: 15 (11)  Ttime: 1.4158 Vtime: 0.0510
Step: 26900000  Loss: 0.056519 Regul: 0.004306 Obj: 0.060825 (0.052835)  NNZ: 12 (11)  Ttime: 1.4016 Vtime: 0.0518
Step: 27000000  Loss: 0.062536 Regul: 0.006881 Obj: 0.069417 (0.052835)  NNZ: 15 (11)  Ttime: 1.3976 Vtime: 0.0515
Step: 27100000  Loss: 0.050690 Regul: 0.005637 Obj: 0.056326 (0.052835)  NNZ: 14 (11)  Ttime: 1.4126 Vtime: 0.0516
Step: 27200000  Loss: 0.051558 Regul: 0.005252 Obj: 0.056810 (0.052835)  NNZ: 13 (11)  Ttime: 1.4245 Vtime: 0.0524
Step: 27300000  Loss: 0.055097 Regul: 0.004395 Obj: 0.059491 (0.052835)  NNZ: 12 (11)  Ttime: 1.4114 Vtime: 0.0520
Step: 27400000  Loss: 0.050094 Regul: 0.004707 Obj: 0.054801 (0.052835)  NNZ: 17 (11)  Ttime: 1.3980 Vtime: 0.0511
Step: 27500000  Loss: 0.054578 Regul: 0.004946 Obj: 0.059523 (0.052835)  NNZ: 17 (11)  Ttime: 1.3957 Vtime: 0.0507
Step: 27600000  Loss: 0.054221 Regul: 0.005227 Obj: 0.059448 (0.052835)  NNZ: 15 (11)  Ttime: 1.4026 Vtime: 0.0522
Step: 27700000  Loss: 0.051202 Regul: 0.003705 Obj: 0.054908 (0.052835)  NNZ: 10 (11)  Ttime: 1.3961 Vtime: 0.0517
Step: 27800000  Loss: 0.052631 Regul: 0.005062 Obj: 0.057693 (0.052835)  NNZ: 17 (11)  Ttime: 1.4187 Vtime: 0.0512
Step: 27900000  Loss: 0.053755 Regul: 0.002888 Obj: 0.056644 (0.052835)  NNZ: 9 (11)  Ttime: 1.4270 Vtime: 0.0523
Step: 28000000  Loss: 0.050720 Regul: 0.003990 Obj: 0.054710 (0.052835)  NNZ: 14 (11)  Ttime: 1.4034 Vtime: 0.0513
Step: 28100000  Loss: 0.054572 Regul: 0.004276 Obj: 0.058848 (0.052835)  NNZ: 12 (11)  Ttime: 1.4045 Vtime: 0.0517
Step: 28200000  Loss: 0.058031 Regul: 0.006888 Obj: 0.064919 (0.052835)  NNZ: 21 (11)  Ttime: 1.4023 Vtime: 0.0511
Step: 28300000  Loss: 0.063972 Regul: 0.008343 Obj: 0.072315 (0.052835)  NNZ: 20 (11)  Ttime: 1.4105 Vtime: 0.0516
Step: 28400000  Loss: 0.060586 Regul: 0.002744 Obj: 0.063330 (0.052835)  NNZ: 7 (11)  Ttime: 1.4368 Vtime: 0.0526
Step: 28500000  Loss: 0.066476 Regul: 0.006306 Obj: 0.072782 (0.052835)  NNZ: 16 (11)  Ttime: 1.4144 Vtime: 0.0518
Step: 28600000  Loss: 0.058935 Regul: 0.002372 Obj: 0.061307 (0.052835)  NNZ: 11 (11)  Ttime: 1.4084 Vtime: 0.0511
Step: 28700000  Loss: 0.055749 Regul: 0.003907 Obj: 0.059656 (0.052835)  NNZ: 10 (11)  Ttime: 1.3977 Vtime: 0.0518
Step: 28800000  Loss: 0.059760 Regul: 0.002470 Obj: 0.062230 (0.052835)  NNZ: 11 (11)  Ttime: 1.4240 Vtime: 0.0518
Step: 28900000  Loss: 0.049763 Regul: 0.004243 Obj: 0.054005 (0.052835)  NNZ: 15 (11)  Ttime: 1.4319 Vtime: 0.0539
Step: 29000000  Loss: 0.054545 Regul: 0.005202 Obj: 0.059747 (0.052835)  NNZ: 14 (11)  Ttime: 1.4273 Vtime: 0.0511
Step: 29100000  Loss: 0.065356 Regul: 0.004938 Obj: 0.070294 (0.052835)  NNZ: 14 (11)  Ttime: 1.4121 Vtime: 0.0512
Step: 29200000  Loss: 0.050022 Regul: 0.004971 Obj: 0.054993 (0.052835)  NNZ: 15 (11)  Ttime: 1.4337 Vtime: 0.0517
Step: 29300000  Loss: 0.053324 Regul: 0.003344 Obj: 0.056668 (0.052835)  NNZ: 10 (11)  Ttime: 1.4243 Vtime: 0.0517
Step: 29400000  Loss: 0.061445 Regul: 0.004709 Obj: 0.066154 (0.052835)  NNZ: 17 (11)  Ttime: 1.4361 Vtime: 0.0509
Step: 29500000  Loss: 0.054363 Regul: 0.004035 Obj: 0.058398 (0.052835)  NNZ: 13 (11)  Ttime: 1.4035 Vtime: 0.0514
Step: 29600000  Loss: 0.052667 Regul: 0.004310 Obj: 0.056977 (0.052835)  NNZ: 13 (11)  Ttime: 1.3988 Vtime: 0.0515
Step: 29700000  Loss: 0.053864 Regul: 0.003399 Obj: 0.057263 (0.052835)  NNZ: 7 (11)  Ttime: 1.3944 Vtime: 0.0522
Step: 29800000  Loss: 0.056888 Regul: 0.004113 Obj: 0.061001 (0.052835)  NNZ: 13 (11)  Ttime: 1.4048 Vtime: 0.0517
Step: 29900000  Loss: 0.051952 Regul: 0.005650 Obj: 0.057602 (0.052835)  NNZ: 14 (11)  Ttime: 1.3952 Vtime: 0.0507
Step: 30000000  Loss: 0.061320 Regul: 0.004613 Obj: 0.065933 (0.052835)  NNZ: 11 (11)  Ttime: 1.3887 Vtime: 0.0515
Step: 30100000  Loss: 0.053900 Regul: 0.003406 Obj: 0.057307 (0.052835)  NNZ: 12 (11)  Ttime: 1.3954 Vtime: 0.0519
Step: 30200000  Loss: 0.052129 Regul: 0.003812 Obj: 0.055940 (0.052835)  NNZ: 9 (11)  Ttime: 1.3979 Vtime: 0.0515
Step: 30300000  Loss: 0.050811 Regul: 0.004148 Obj: 0.054959 (0.052835)  NNZ: 13 (11)  Ttime: 1.3942 Vtime: 0.0507
Step: 30400000  Loss: 0.071074 Regul: 0.003530 Obj: 0.074604 (0.052835)  NNZ: 13 (11)  Ttime: 1.3994 Vtime: 0.0517
Step: 30500000  Loss: 0.060240 Regul: 0.003742 Obj: 0.063982 (0.052835)  NNZ: 13 (11)  Ttime: 1.3982 Vtime: 0.0526
Step: 30600000  Loss: 0.054064 Regul: 0.004719 Obj: 0.058783 (0.052835)  NNZ: 15 (11)  Ttime: 1.4176 Vtime: 0.0541
Step: 30700000  Loss: 0.079496 Regul: 0.003962 Obj: 0.083457 (0.052835)  NNZ: 12 (11)  Ttime: 1.4425 Vtime: 0.0541
Step: 30800000  Loss: 0.053738 Regul: 0.006251 Obj: 0.059988 (0.052835)  NNZ: 14 (11)  Ttime: 1.4402 Vtime: 0.0520
Step: 30900000  Loss: 0.051847 Regul: 0.004330 Obj: 0.056176 (0.052835)  NNZ: 12 (11)  Ttime: 1.4187 Vtime: 0.0519
Step: 31000000  Loss: 0.052089 Regul: 0.005833 Obj: 0.057922 (0.052835)  NNZ: 14 (11)  Ttime: 1.4031 Vtime: 0.0517
Best: 31100000  Loss: 0.049224 Regul: 0.003339 Obj: 0.052563 (0.052563)  NNZ: 11 (11)  Ttime: 1.3950 Vtime: 0.0511
Stat: nPR #76 (#88) Dim/MaxDim [608/640] AUC: 0.981604 FPR95: 7.70 [saved]
Step: 31200000  Loss: 0.060174 Regul: 0.003762 Obj: 0.063936 (0.052563)  NNZ: 10 (11)  Ttime: 1.4016 Vtime: 0.0521
Step: 31300000  Loss: 0.062968 Regul: 0.002540 Obj: 0.065508 (0.052563)  NNZ: 11 (11)  Ttime: 1.4153 Vtime: 0.0513
Step: 31400000  Loss: 0.052245 Regul: 0.004953 Obj: 0.057198 (0.052563)  NNZ: 14 (11)  Ttime: 1.4011 Vtime: 0.0516
Step: 31500000  Loss: 0.055874 Regul: 0.003781 Obj: 0.059656 (0.052563)  NNZ: 15 (11)  Ttime: 1.4073 Vtime: 0.0513
Step: 31600000  Loss: 0.057108 Regul: 0.004009 Obj: 0.061117 (0.052563)  NNZ: 13 (11)  Ttime: 1.3964 Vtime: 0.0518
Step: 31700000  Loss: 0.051730 Regul: 0.004229 Obj: 0.055959 (0.052563)  NNZ: 11 (11)  Ttime: 1.3965 Vtime: 0.0523
Step: 31800000  Loss: 0.054251 Regul: 0.005346 Obj: 0.059597 (0.052563)  NNZ: 14 (11)  Ttime: 1.4040 Vtime: 0.0511
Step: 31900000  Loss: 0.051677 Regul: 0.005140 Obj: 0.056817 (0.052563)  NNZ: 15 (11)  Ttime: 1.3948 Vtime: 0.0517
Step: 32000000  Loss: 0.071519 Regul: 0.004272 Obj: 0.075791 (0.052563)  NNZ: 12 (11)  Ttime: 1.3943 Vtime: 0.0517
Step: 32100000  Loss: 0.049477 Regul: 0.003654 Obj: 0.053131 (0.052563)  NNZ: 13 (11)  Ttime: 1.3993 Vtime: 0.0515
Step: 32200000  Loss: 0.057167 Regul: 0.005198 Obj: 0.062365 (0.052563)  NNZ: 13 (11)  Ttime: 1.3941 Vtime: 0.0517
Step: 32300000  Loss: 0.048894 Regul: 0.004268 Obj: 0.053163 (0.052563)  NNZ: 13 (11)  Ttime: 1.4018 Vtime: 0.0516
Step: 32400000  Loss: 0.058682 Regul: 0.003553 Obj: 0.062235 (0.052563)  NNZ: 12 (11)  Ttime: 1.4027 Vtime: 0.0515
Step: 32500000  Loss: 0.050148 Regul: 0.003511 Obj: 0.053659 (0.052563)  NNZ: 9 (11)  Ttime: 1.3887 Vtime: 0.0513
Step: 32600000  Loss: 0.060492 Regul: 0.003018 Obj: 0.063510 (0.052563)  NNZ: 10 (11)  Ttime: 1.4015 Vtime: 0.0512
Step: 32700000  Loss: 0.053486 Regul: 0.003901 Obj: 0.057387 (0.052563)  NNZ: 12 (11)  Ttime: 1.3915 Vtime: 0.0515
Step: 32800000  Loss: 0.055786 Regul: 0.004649 Obj: 0.060435 (0.052563)  NNZ: 12 (11)  Ttime: 1.4290 Vtime: 0.0508
Step: 32900000  Loss: 0.069197 Regul: 0.006906 Obj: 0.076103 (0.052563)  NNZ: 18 (11)  Ttime: 1.4050 Vtime: 0.0522
Step: 33000000  Loss: 0.064996 Regul: 0.002296 Obj: 0.067291 (0.052563)  NNZ: 11 (11)  Ttime: 1.4025 Vtime: 0.0514
Step: 33100000  Loss: 0.053177 Regul: 0.005253 Obj: 0.058430 (0.052563)  NNZ: 13 (11)  Ttime: 1.4403 Vtime: 0.0518
Step: 33200000  Loss: 0.067384 Regul: 0.007048 Obj: 0.074432 (0.052563)  NNZ: 22 (11)  Ttime: 1.3935 Vtime: 0.0522
Step: 33300000  Loss: 0.051246 Regul: 0.004359 Obj: 0.055605 (0.052563)  NNZ: 10 (11)  Ttime: 1.3950 Vtime: 0.0511
Step: 33400000  Loss: 0.070333 Regul: 0.006060 Obj: 0.076394 (0.052563)  NNZ: 14 (11)  Ttime: 1.3979 Vtime: 0.0524
Step: 33500000  Loss: 0.064191 Regul: 0.005916 Obj: 0.070107 (0.052563)  NNZ: 18 (11)  Ttime: 1.4109 Vtime: 0.0518
Step: 33600000  Loss: 0.065416 Regul: 0.006893 Obj: 0.072309 (0.052563)  NNZ: 16 (11)  Ttime: 1.4048 Vtime: 0.0512
Step: 33700000  Loss: 0.071477 Regul: 0.005566 Obj: 0.077043 (0.052563)  NNZ: 15 (11)  Ttime: 1.3916 Vtime: 0.0509
Step: 33800000  Loss: 0.051776 Regul: 0.006379 Obj: 0.058155 (0.052563)  NNZ: 17 (11)  Ttime: 1.3967 Vtime: 0.0516
Step: 33900000  Loss: 0.063894 Regul: 0.005345 Obj: 0.069240 (0.052563)  NNZ: 13 (11)  Ttime: 1.3900 Vtime: 0.0515
Step: 34000000  Loss: 0.053776 Regul: 0.006178 Obj: 0.059954 (0.052563)  NNZ: 16 (11)  Ttime: 1.3931 Vtime: 0.0520
Step: 34100000  Loss: 0.057712 Regul: 0.006971 Obj: 0.064683 (0.052563)  NNZ: 15 (11)  Ttime: 1.3984 Vtime: 0.0512
Step: 34200000  Loss: 0.064134 Regul: 0.006373 Obj: 0.070507 (0.052563)  NNZ: 11 (11)  Ttime: 1.3904 Vtime: 0.0516
Step: 34300000  Loss: 0.051976 Regul: 0.004841 Obj: 0.056817 (0.052563)  NNZ: 14 (11)  Ttime: 1.3955 Vtime: 0.0516
Step: 34400000  Loss: 0.056123 Regul: 0.005657 Obj: 0.061781 (0.052563)  NNZ: 16 (11)  Ttime: 1.3949 Vtime: 0.0513
Step: 34500000  Loss: 0.062073 Regul: 0.007226 Obj: 0.069299 (0.052563)  NNZ: 13 (11)  Ttime: 1.3968 Vtime: 0.0515
Step: 34600000  Loss: 0.051858 Regul: 0.003873 Obj: 0.055731 (0.052563)  NNZ: 11 (11)  Ttime: 1.3950 Vtime: 0.0515
Step: 34700000  Loss: 0.054834 Regul: 0.006135 Obj: 0.060969 (0.052563)  NNZ: 14 (11)  Ttime: 1.3982 Vtime: 0.0523
Step: 34800000  Loss: 0.084159 Regul: 0.007047 Obj: 0.091205 (0.052563)  NNZ: 15 (11)  Ttime: 1.4118 Vtime: 0.0519
Step: 34900000  Loss: 0.059572 Regul: 0.008016 Obj: 0.067588 (0.052563)  NNZ: 18 (11)  Ttime: 1.4087 Vtime: 0.0524
Step: 35000000  Loss: 0.051503 Regul: 0.004410 Obj: 0.055913 (0.052563)  NNZ: 10 (11)  Ttime: 1.4787 Vtime: 0.0518
Step: 35100000  Loss: 0.053268 Regul: 0.006313 Obj: 0.059582 (0.052563)  NNZ: 15 (11)  Ttime: 1.4067 Vtime: 0.0516
Step: 35200000  Loss: 0.084145 Regul: 0.008130 Obj: 0.092275 (0.052563)  NNZ: 21 (11)  Ttime: 1.4021 Vtime: 0.0513
Step: 35300000  Loss: 0.049578 Regul: 0.005081 Obj: 0.054658 (0.052563)  NNZ: 11 (11)  Ttime: 1.3985 Vtime: 0.0523
Step: 35400000  Loss: 0.055807 Regul: 0.006334 Obj: 0.062141 (0.052563)  NNZ: 11 (11)  Ttime: 1.4008 Vtime: 0.0511
Step: 35500000  Loss: 0.048607 Regul: 0.004889 Obj: 0.053496 (0.052563)  NNZ: 13 (11)  Ttime: 1.4045 Vtime: 0.0514
Step: 35600000  Loss: 0.057615 Regul: 0.007618 Obj: 0.065233 (0.052563)  NNZ: 18 (11)  Ttime: 1.4036 Vtime: 0.0519
Step: 35700000  Loss: 0.053248 Regul: 0.006244 Obj: 0.059492 (0.052563)  NNZ: 14 (11)  Ttime: 1.4043 Vtime: 0.0518
Step: 35800000  Loss: 0.053402 Regul: 0.005054 Obj: 0.058456 (0.052563)  NNZ: 11 (11)  Ttime: 1.4018 Vtime: 0.0510
Step: 35900000  Loss: 0.058913 Regul: 0.006949 Obj: 0.065862 (0.052563)  NNZ: 20 (11)  Ttime: 1.4098 Vtime: 0.0515
Step: 36000000  Loss: 0.050674 Regul: 0.003912 Obj: 0.054586 (0.052563)  NNZ: 11 (11)  Ttime: 1.4022 Vtime: 0.0515
Step: 36100000  Loss: 0.058827 Regul: 0.007043 Obj: 0.065869 (0.052563)  NNZ: 23 (11)  Ttime: 1.4273 Vtime: 0.0516
Step: 36200000  Loss: 0.060088 Regul: 0.005933 Obj: 0.066021 (0.052563)  NNZ: 14 (11)  Ttime: 1.4435 Vtime: 0.0520
Step: 36300000  Loss: 0.055317 Regul: 0.006238 Obj: 0.061555 (0.052563)  NNZ: 16 (11)  Ttime: 1.4360 Vtime: 0.0510
Step: 36400000  Loss: 0.055491 Regul: 0.005803 Obj: 0.061294 (0.052563)  NNZ: 12 (11)  Ttime: 1.4364 Vtime: 0.0514
Step: 36500000  Loss: 0.056588 Regul: 0.006133 Obj: 0.062721 (0.052563)  NNZ: 16 (11)  Ttime: 1.4492 Vtime: 0.0513
Step: 36600000  Loss: 0.066787 Regul: 0.007721 Obj: 0.074508 (0.052563)  NNZ: 19 (11)  Ttime: 1.4763 Vtime: 0.0652
Step: 36700000  Loss: 0.054606 Regul: 0.007266 Obj: 0.061872 (0.052563)  NNZ: 17 (11)  Ttime: 1.5425 Vtime: 0.0514
Step: 36800000  Loss: 0.052218 Regul: 0.005330 Obj: 0.057548 (0.052563)  NNZ: 12 (11)  Ttime: 1.5610 Vtime: 0.0518
Step: 36900000  Loss: 0.054149 Regul: 0.004586 Obj: 0.058735 (0.052563)  NNZ: 14 (11)  Ttime: 1.5600 Vtime: 0.0521
Step: 37000000  Loss: 0.056647 Regul: 0.006608 Obj: 0.063255 (0.052563)  NNZ: 22 (11)  Ttime: 1.5601 Vtime: 0.0525
Step: 37100000  Loss: 0.069735 Regul: 0.010130 Obj: 0.079865 (0.052563)  NNZ: 25 (11)  Ttime: 1.5593 Vtime: 0.0518
Step: 37200000  Loss: 0.050835 Regul: 0.005627 Obj: 0.056462 (0.052563)  NNZ: 22 (11)  Ttime: 1.4856 Vtime: 0.0523
Step: 37300000  Loss: 0.076053 Regul: 0.009130 Obj: 0.085183 (0.052563)  NNZ: 24 (11)  Ttime: 1.4545 Vtime: 0.0520
Step: 37400000  Loss: 0.055371 Regul: 0.005734 Obj: 0.061105 (0.052563)  NNZ: 14 (11)  Ttime: 1.3947 Vtime: 0.0515
Step: 37500000  Loss: 0.061816 Regul: 0.007814 Obj: 0.069631 (0.052563)  NNZ: 16 (11)  Ttime: 1.3964 Vtime: 0.0520
Step: 37600000  Loss: 0.068949 Regul: 0.006695 Obj: 0.075644 (0.052563)  NNZ: 11 (11)  Ttime: 1.4087 Vtime: 0.0519
Step: 37700000  Loss: 0.055213 Regul: 0.005024 Obj: 0.060237 (0.052563)  NNZ: 12 (11)  Ttime: 1.4771 Vtime: 0.0524
Step: 37800000  Loss: 0.061131 Regul: 0.008021 Obj: 0.069152 (0.052563)  NNZ: 18 (11)  Ttime: 1.5528 Vtime: 0.0519
Step: 37900000  Loss: 0.059760 Regul: 0.005328 Obj: 0.065088 (0.052563)  NNZ: 15 (11)  Ttime: 1.5528 Vtime: 0.0516
Step: 38000000  Loss: 0.058684 Regul: 0.006407 Obj: 0.065090 (0.052563)  NNZ: 18 (11)  Ttime: 1.5506 Vtime: 0.0515
Step: 38100000  Loss: 0.062038 Regul: 0.008133 Obj: 0.070171 (0.052563)  NNZ: 21 (11)  Ttime: 1.5463 Vtime: 0.0514
Step: 38200000  Loss: 0.057006 Regul: 0.005895 Obj: 0.062901 (0.052563)  NNZ: 14 (11)  Ttime: 1.4405 Vtime: 0.0519
Step: 38300000  Loss: 0.048678 Regul: 0.004283 Obj: 0.052961 (0.052563)  NNZ: 10 (11)  Ttime: 1.3945 Vtime: 0.0509
Step: 38400000  Loss: 0.053913 Regul: 0.006082 Obj: 0.059995 (0.052563)  NNZ: 18 (11)  Ttime: 1.3993 Vtime: 0.0511
Step: 38500000  Loss: 0.066613 Regul: 0.004503 Obj: 0.071115 (0.052563)  NNZ: 16 (11)  Ttime: 1.4251 Vtime: 0.0522
Step: 38600000  Loss: 0.057399 Regul: 0.006005 Obj: 0.063404 (0.052563)  NNZ: 16 (11)  Ttime: 1.4019 Vtime: 0.0515
Step: 38700000  Loss: 0.052502 Regul: 0.003827 Obj: 0.056329 (0.052563)  NNZ: 10 (11)  Ttime: 1.3967 Vtime: 0.0520
Step: 38800000  Loss: 0.053609 Regul: 0.006241 Obj: 0.059850 (0.052563)  NNZ: 12 (11)  Ttime: 1.3950 Vtime: 0.0516
Step: 38900000  Loss: 0.062985 Regul: 0.008100 Obj: 0.071085 (0.052563)  NNZ: 16 (11)  Ttime: 1.3948 Vtime: 0.0516
Step: 39000000  Loss: 0.069343 Regul: 0.005383 Obj: 0.074726 (0.052563)  NNZ: 15 (11)  Ttime: 1.3920 Vtime: 0.0520
Step: 39100000  Loss: 0.065011 Regul: 0.006993 Obj: 0.072005 (0.052563)  NNZ: 22 (11)  Ttime: 1.4146 Vtime: 0.0510
Step: 39200000  Loss: 0.054016 Regul: 0.005813 Obj: 0.059829 (0.052563)  NNZ: 13 (11)  Ttime: 1.3964 Vtime: 0.0556
Step: 39300000  Loss: 0.061228 Regul: 0.005781 Obj: 0.067009 (0.052563)  NNZ: 15 (11)  Ttime: 1.3991 Vtime: 0.0517
Step: 39400000  Loss: 0.061550 Regul: 0.007590 Obj: 0.069140 (0.052563)  NNZ: 20 (11)  Ttime: 1.3973 Vtime: 0.0517
Step: 39500000  Loss: 0.049508 Regul: 0.004358 Obj: 0.053866 (0.052563)  NNZ: 13 (11)  Ttime: 1.4072 Vtime: 0.0509
Step: 39600000  Loss: 0.056759 Regul: 0.006951 Obj: 0.063710 (0.052563)  NNZ: 15 (11)  Ttime: 1.4255 Vtime: 0.0511
Step: 39700000  Loss: 0.066578 Regul: 0.005103 Obj: 0.071681 (0.052563)  NNZ: 19 (11)  Ttime: 1.4283 Vtime: 0.0512
Step: 39800000  Loss: 0.051857 Regul: 0.006336 Obj: 0.058193 (0.052563)  NNZ: 16 (11)  Ttime: 1.4337 Vtime: 0.0513
Step: 39900000  Loss: 0.054569 Regul: 0.003669 Obj: 0.058238 (0.052563)  NNZ: 13 (11)  Ttime: 1.4106 Vtime: 0.0519
Step: 40000000  Loss: 0.055676 Regul: 0.006976 Obj: 0.062652 (0.052563)  NNZ: 17 (11)  Ttime: 1.4411 Vtime: 0.0549
Step: 40100000  Loss: 0.069650 Regul: 0.010036 Obj: 0.079686 (0.052563)  NNZ: 23 (11)  Ttime: 1.4494 Vtime: 0.0516
Step: 40200000  Loss: 0.059394 Regul: 0.007143 Obj: 0.066537 (0.052563)  NNZ: 18 (11)  Ttime: 1.4187 Vtime: 0.0511
Step: 40300000  Loss: 0.053326 Regul: 0.005211 Obj: 0.058538 (0.052563)  NNZ: 10 (11)  Ttime: 1.4013 Vtime: 0.0512
Step: 40400000  Loss: 0.056938 Regul: 0.007253 Obj: 0.064192 (0.052563)  NNZ: 16 (11)  Ttime: 1.4028 Vtime: 0.0519
Step: 40500000  Loss: 0.049892 Regul: 0.004712 Obj: 0.054604 (0.052563)  NNZ: 12 (11)  Ttime: 1.3991 Vtime: 0.0520
Step: 40600000  Loss: 0.053578 Regul: 0.005300 Obj: 0.058878 (0.052563)  NNZ: 15 (11)  Ttime: 1.3931 Vtime: 0.0512
Step: 40700000  Loss: 0.055823 Regul: 0.007403 Obj: 0.063226 (0.052563)  NNZ: 23 (11)  Ttime: 1.3934 Vtime: 0.0514
Step: 40800000  Loss: 0.051362 Regul: 0.004771 Obj: 0.056133 (0.052563)  NNZ: 16 (11)  Ttime: 1.3979 Vtime: 0.0511
Step: 40900000  Loss: 0.061562 Regul: 0.006696 Obj: 0.068259 (0.052563)  NNZ: 19 (11)  Ttime: 1.4022 Vtime: 0.0516
Step: 41000000  Loss: 0.052889 Regul: 0.006704 Obj: 0.059593 (0.052563)  NNZ: 16 (11)  Ttime: 1.4041 Vtime: 0.0516
Step: 41100000  Loss: 0.056540 Regul: 0.007006 Obj: 0.063545 (0.052563)  NNZ: 14 (11)  Ttime: 1.3958 Vtime: 0.0518
Step: 41200000  Loss: 0.060947 Regul: 0.007150 Obj: 0.068096 (0.052563)  NNZ: 15 (11)  Ttime: 1.4094 Vtime: 0.0516
Step: 41300000  Loss: 0.052749 Regul: 0.005076 Obj: 0.057825 (0.052563)  NNZ: 16 (11)  Ttime: 1.3978 Vtime: 0.0514
Step: 41400000  Loss: 0.053705 Regul: 0.004890 Obj: 0.058595 (0.052563)  NNZ: 12 (11)  Ttime: 1.3978 Vtime: 0.0513
Step: 41500000  Loss: 0.063221 Regul: 0.004750 Obj: 0.067971 (0.052563)  NNZ: 14 (11)  Ttime: 1.4182 Vtime: 0.0515
Step: 41600000  Loss: 0.070197 Regul: 0.008093 Obj: 0.078290 (0.052563)  NNZ: 14 (11)  Ttime: 1.4113 Vtime: 0.0517
Step: 41700000  Loss: 0.055004 Regul: 0.006295 Obj: 0.061300 (0.052563)  NNZ: 17 (11)  Ttime: 1.4195 Vtime: 0.0517
Step: 41800000  Loss: 0.055030 Regul: 0.006554 Obj: 0.061584 (0.052563)  NNZ: 14 (11)  Ttime: 1.4052 Vtime: 0.0517
Step: 41900000  Loss: 0.058644 Regul: 0.008808 Obj: 0.067452 (0.052563)  NNZ: 22 (11)  Ttime: 1.4206 Vtime: 0.0583
Step: 42000000  Loss: 0.056840 Regul: 0.006273 Obj: 0.063113 (0.052563)  NNZ: 13 (11)  Ttime: 1.4149 Vtime: 0.0522
Step: 42100000  Loss: 0.059930 Regul: 0.006350 Obj: 0.066280 (0.052563)  NNZ: 20 (11)  Ttime: 1.4013 Vtime: 0.0524
Step: 42200000  Loss: 0.057439 Regul: 0.007526 Obj: 0.064965 (0.052563)  NNZ: 17 (11)  Ttime: 1.3966 Vtime: 0.0518
Step: 42300000  Loss: 0.055867 Regul: 0.005776 Obj: 0.061644 (0.052563)  NNZ: 14 (11)  Ttime: 1.3990 Vtime: 0.0521
Step: 42400000  Loss: 0.055138 Regul: 0.006526 Obj: 0.061664 (0.052563)  NNZ: 13 (11)  Ttime: 1.3961 Vtime: 0.0506
Step: 42500000  Loss: 0.049705 Regul: 0.004565 Obj: 0.054270 (0.052563)  NNZ: 13 (11)  Ttime: 1.4000 Vtime: 0.0512
Step: 42600000  Loss: 0.057079 Regul: 0.008096 Obj: 0.065175 (0.052563)  NNZ: 20 (11)  Ttime: 1.4116 Vtime: 0.0515
Step: 42700000  Loss: 0.056816 Regul: 0.005356 Obj: 0.062172 (0.052563)  NNZ: 16 (11)  Ttime: 1.4086 Vtime: 0.0521
Step: 42800000  Loss: 0.063535 Regul: 0.009921 Obj: 0.073456 (0.052563)  NNZ: 23 (11)  Ttime: 1.4487 Vtime: 0.0520
Step: 42900000  Loss: 0.060213 Regul: 0.005109 Obj: 0.065322 (0.052563)  NNZ: 12 (11)  Ttime: 1.3976 Vtime: 0.0510
Step: 43000000  Loss: 0.053190 Regul: 0.006641 Obj: 0.059831 (0.052563)  NNZ: 16 (11)  Ttime: 1.4029 Vtime: 0.0513
Step: 43100000  Loss: 0.065062 Regul: 0.006589 Obj: 0.071652 (0.052563)  NNZ: 17 (11)  Ttime: 1.4017 Vtime: 0.0523
Step: 43200000  Loss: 0.060698 Regul: 0.006258 Obj: 0.066956 (0.052563)  NNZ: 23 (11)  Ttime: 1.4019 Vtime: 0.0515
Step: 43300000  Loss: 0.051425 Regul: 0.005474 Obj: 0.056898 (0.052563)  NNZ: 15 (11)  Ttime: 1.4132 Vtime: 0.0516
Step: 43400000  Loss: 0.054351 Regul: 0.006243 Obj: 0.060594 (0.052563)  NNZ: 12 (11)  Ttime: 1.3994 Vtime: 0.0517
Step: 43500000  Loss: 0.053978 Regul: 0.005681 Obj: 0.059659 (0.052563)  NNZ: 19 (11)  Ttime: 1.4052 Vtime: 0.0516
Step: 43600000  Loss: 0.054920 Regul: 0.006874 Obj: 0.061793 (0.052563)  NNZ: 15 (11)  Ttime: 1.4045 Vtime: 0.0514
Step: 43700000  Loss: 0.059844 Regul: 0.008917 Obj: 0.068761 (0.052563)  NNZ: 19 (11)  Ttime: 1.4204 Vtime: 0.0520
Step: 43800000  Loss: 0.052126 Regul: 0.005286 Obj: 0.057413 (0.052563)  NNZ: 13 (11)  Ttime: 1.4005 Vtime: 0.0513
Step: 43900000  Loss: 0.051618 Regul: 0.005673 Obj: 0.057290 (0.052563)  NNZ: 14 (11)  Ttime: 1.4010 Vtime: 0.0515
Step: 44000000  Loss: 0.064044 Regul: 0.006173 Obj: 0.070217 (0.052563)  NNZ: 16 (11)  Ttime: 1.4027 Vtime: 0.0514
Step: 44100000  Loss: 0.061381 Regul: 0.005587 Obj: 0.066967 (0.052563)  NNZ: 14 (11)  Ttime: 1.4013 Vtime: 0.0514
Step: 44200000  Loss: 0.058822 Regul: 0.007923 Obj: 0.066745 (0.052563)  NNZ: 18 (11)  Ttime: 1.4031 Vtime: 0.0524
Step: 44300000  Loss: 0.055759 Regul: 0.005046 Obj: 0.060805 (0.052563)  NNZ: 18 (11)  Ttime: 1.4021 Vtime: 0.0515
Step: 44400000  Loss: 0.061553 Regul: 0.008536 Obj: 0.070090 (0.052563)  NNZ: 15 (11)  Ttime: 1.4036 Vtime: 0.0512
Step: 44500000  Loss: 0.050329 Regul: 0.004189 Obj: 0.054518 (0.052563)  NNZ: 10 (11)  Ttime: 1.4050 Vtime: 0.0515
Step: 44600000  Loss: 0.053538 Regul: 0.004388 Obj: 0.057926 (0.052563)  NNZ: 19 (11)  Ttime: 1.4092 Vtime: 0.0518
Step: 44700000  Loss: 0.052766 Regul: 0.006365 Obj: 0.059131 (0.052563)  NNZ: 18 (11)  Ttime: 1.4015 Vtime: 0.0523
Step: 44800000  Loss: 0.056198 Regul: 0.007551 Obj: 0.063749 (0.052563)  NNZ: 22 (11)  Ttime: 1.3992 Vtime: 0.0518
Step: 44900000  Loss: 0.054204 Regul: 0.006601 Obj: 0.060805 (0.052563)  NNZ: 19 (11)  Ttime: 1.3992 Vtime: 0.0519
Step: 45000000  Loss: 0.055661 Regul: 0.005660 Obj: 0.061321 (0.052563)  NNZ: 20 (11)  Ttime: 1.4000 Vtime: 0.0525
Step: 45100000  Loss: 0.051815 Regul: 0.004181 Obj: 0.055996 (0.052563)  NNZ: 12 (11)  Ttime: 1.4033 Vtime: 0.0512
Step: 45200000  Loss: 0.057499 Regul: 0.007434 Obj: 0.064933 (0.052563)  NNZ: 21 (11)  Ttime: 1.3965 Vtime: 0.0519
Step: 45300000  Loss: 0.072458 Regul: 0.010442 Obj: 0.082900 (0.052563)  NNZ: 25 (11)  Ttime: 1.4043 Vtime: 0.0512
Step: 45400000  Loss: 0.061631 Regul: 0.008163 Obj: 0.069794 (0.052563)  NNZ: 19 (11)  Ttime: 1.4034 Vtime: 0.0516
Step: 45500000  Loss: 0.060939 Regul: 0.006378 Obj: 0.067317 (0.052563)  NNZ: 19 (11)  Ttime: 1.4020 Vtime: 0.0519
Best: 45600000  Loss: 0.047795 Regul: 0.004550 Obj: 0.052346 (0.052346)  NNZ: 11 (11)  Ttime: 1.4136 Vtime: 0.0515
Stat: nPR #80 (#88) Dim/MaxDim [640/640] AUC: 0.981935 FPR95: 7.36 [saved]
Step: 45700000  Loss: 0.057682 Regul: 0.007343 Obj: 0.065025 (0.052346)  NNZ: 15 (11)  Ttime: 1.4242 Vtime: 0.0521
Step: 45800000  Loss: 0.075807 Regul: 0.007706 Obj: 0.083513 (0.052346)  NNZ: 18 (11)  Ttime: 1.4310 Vtime: 0.0520
Step: 45900000  Loss: 0.053333 Regul: 0.004301 Obj: 0.057634 (0.052346)  NNZ: 11 (11)  Ttime: 1.4153 Vtime: 0.0514
Step: 46000000  Loss: 0.160936 Regul: 0.004023 Obj: 0.164959 (0.052346)  NNZ: 9 (11)  Ttime: 1.4066 Vtime: 0.0521
Step: 46100000  Loss: 0.066756 Regul: 0.005078 Obj: 0.071834 (0.052346)  NNZ: 13 (11)  Ttime: 1.4035 Vtime: 0.0518
Step: 46200000  Loss: 0.052163 Regul: 0.004732 Obj: 0.056895 (0.052346)  NNZ: 13 (11)  Ttime: 1.4021 Vtime: 0.0517
Step: 46300000  Loss: 0.055425 Regul: 0.005869 Obj: 0.061294 (0.052346)  NNZ: 17 (11)  Ttime: 1.4031 Vtime: 0.0523
Step: 46400000  Loss: 0.053893 Regul: 0.004266 Obj: 0.058159 (0.052346)  NNZ: 10 (11)  Ttime: 1.4130 Vtime: 0.0511
Step: 46500000  Loss: 0.054142 Regul: 0.006561 Obj: 0.060702 (0.052346)  NNZ: 19 (11)  Ttime: 1.4180 Vtime: 0.0510
Step: 46600000  Loss: 0.050581 Regul: 0.004791 Obj: 0.055372 (0.052346)  NNZ: 11 (11)  Ttime: 1.4054 Vtime: 0.0513
Step: 46700000  Loss: 0.064070 Regul: 0.006967 Obj: 0.071037 (0.052346)  NNZ: 16 (11)  Ttime: 1.4001 Vtime: 0.0512
Step: 46800000  Loss: 0.053895 Regul: 0.004713 Obj: 0.058607 (0.052346)  NNZ: 16 (11)  Ttime: 1.4058 Vtime: 0.0512
Step: 46900000  Loss: 0.057310 Regul: 0.007072 Obj: 0.064383 (0.052346)  NNZ: 16 (11)  Ttime: 1.4089 Vtime: 0.0509
Step: 47000000  Loss: 0.057934 Regul: 0.008317 Obj: 0.066251 (0.052346)  NNZ: 19 (11)  Ttime: 1.3962 Vtime: 0.0511
Step: 47100000  Loss: 0.062308 Regul: 0.009834 Obj: 0.072142 (0.052346)  NNZ: 20 (11)  Ttime: 1.4003 Vtime: 0.0509
Step: 47200000  Loss: 0.052110 Regul: 0.006521 Obj: 0.058631 (0.052346)  NNZ: 17 (11)  Ttime: 1.4051 Vtime: 0.0515
Step: 47300000  Loss: 0.059521 Regul: 0.008578 Obj: 0.068099 (0.052346)  NNZ: 21 (11)  Ttime: 1.4029 Vtime: 0.0514
Step: 47400000  Loss: 0.051264 Regul: 0.005444 Obj: 0.056709 (0.052346)  NNZ: 17 (11)  Ttime: 1.4071 Vtime: 0.0520
Step: 47500000  Loss: 0.069292 Regul: 0.002139 Obj: 0.071431 (0.052346)  NNZ: 8 (11)  Ttime: 1.4026 Vtime: 0.0515
Step: 47600000  Loss: 0.055321 Regul: 0.006287 Obj: 0.061608 (0.052346)  NNZ: 14 (11)  Ttime: 1.4053 Vtime: 0.0516
Step: 47700000  Loss: 0.053858 Regul: 0.007158 Obj: 0.061016 (0.052346)  NNZ: 17 (11)  Ttime: 1.3999 Vtime: 0.0517
Step: 47800000  Loss: 0.059756 Regul: 0.005230 Obj: 0.064986 (0.052346)  NNZ: 14 (11)  Ttime: 1.4039 Vtime: 0.0519
Step: 47900000  Loss: 0.055169 Regul: 0.007692 Obj: 0.062862 (0.052346)  NNZ: 19 (11)  Ttime: 1.4055 Vtime: 0.0522
Step: 48000000  Loss: 0.056273 Regul: 0.005214 Obj: 0.061486 (0.052346)  NNZ: 16 (11)  Ttime: 1.3966 Vtime: 0.0513
Step: 48100000  Loss: 0.055527 Regul: 0.004510 Obj: 0.060037 (0.052346)  NNZ: 11 (11)  Ttime: 1.4030 Vtime: 0.0519
Step: 48200000  Loss: 0.051644 Regul: 0.004994 Obj: 0.056638 (0.052346)  NNZ: 13 (11)  Ttime: 1.4010 Vtime: 0.0512
Step: 48300000  Loss: 0.054131 Regul: 0.004694 Obj: 0.058824 (0.052346)  NNZ: 15 (11)  Ttime: 1.4076 Vtime: 0.0521
Step: 48400000  Loss: 0.058045 Regul: 0.007658 Obj: 0.065703 (0.052346)  NNZ: 18 (11)  Ttime: 1.4018 Vtime: 0.0525
Step: 48500000  Loss: 0.061028 Regul: 0.006082 Obj: 0.067110 (0.052346)  NNZ: 20 (11)  Ttime: 1.4223 Vtime: 0.0540
Step: 48600000  Loss: 0.050878 Regul: 0.005068 Obj: 0.055946 (0.052346)  NNZ: 15 (11)  Ttime: 1.4401 Vtime: 0.0517
Step: 48700000  Loss: 0.051121 Regul: 0.004060 Obj: 0.055182 (0.052346)  NNZ: 16 (11)  Ttime: 1.4104 Vtime: 0.0513
Step: 48800000  Loss: 0.058325 Regul: 0.006643 Obj: 0.064968 (0.052346)  NNZ: 16 (11)  Ttime: 1.4135 Vtime: 0.0539
Step: 48900000  Loss: 0.055074 Regul: 0.007045 Obj: 0.062120 (0.052346)  NNZ: 16 (11)  Ttime: 1.4858 Vtime: 0.0518
Step: 49000000  Loss: 0.053359 Regul: 0.005893 Obj: 0.059252 (0.052346)  NNZ: 17 (11)  Ttime: 1.4420 Vtime: 0.0507
Step: 49100000  Loss: 0.057012 Regul: 0.004766 Obj: 0.061778 (0.052346)  NNZ: 14 (11)  Ttime: 1.4945 Vtime: 0.0515
Step: 49200000  Loss: 0.053777 Regul: 0.006548 Obj: 0.060325 (0.052346)  NNZ: 17 (11)  Ttime: 1.5569 Vtime: 0.0514
Step: 49300000  Loss: 0.066294 Regul: 0.007402 Obj: 0.073696 (0.052346)  NNZ: 15 (11)  Ttime: 1.5455 Vtime: 0.0516
Step: 49400000  Loss: 0.053842 Regul: 0.005771 Obj: 0.059614 (0.052346)  NNZ: 18 (11)  Ttime: 1.5503 Vtime: 0.0524
Step: 49500000  Loss: 0.054278 Regul: 0.007339 Obj: 0.061618 (0.052346)  NNZ: 20 (11)  Ttime: 1.5471 Vtime: 0.0515
Step: 49600000  Loss: 0.059371 Regul: 0.008544 Obj: 0.067914 (0.052346)  NNZ: 21 (11)  Ttime: 1.5461 Vtime: 0.0525
Step: 49700000  Loss: 0.060244 Regul: 0.005126 Obj: 0.065371 (0.052346)  NNZ: 13 (11)  Ttime: 1.5492 Vtime: 0.0521
Step: 49800000  Loss: 0.052158 Regul: 0.006830 Obj: 0.058987 (0.052346)  NNZ: 21 (11)  Ttime: 1.5454 Vtime: 0.0512
Step: 49900000  Loss: 0.057537 Regul: 0.004036 Obj: 0.061573 (0.052346)  NNZ: 18 (11)  Ttime: 1.5428 Vtime: 0.0522
Step: 50000000  Loss: 0.055525 Regul: 0.005331 Obj: 0.060857 (0.052346)  NNZ: 13 (11)  Ttime: 1.5470 Vtime: 0.0516
