mu: 0.005 gamma: 0.05 nIters: 50000000
Load PRParams.
Load RingParams.
Load Labels: 500000
Load Distances: 500000 x 5120
0...10...20...30...40...50...60...70...80...90...100 - done.
Positive samples #250000
Negative samples #250000
Positive train #200000
Negative train #200000
Positive valid #50000
Negative valid #50000

Found GPU: GeForce GTX 970
Compute Capability: 5.2

Best: 100000  Loss: 0.604192 Regul: 0.056568 Obj: 0.660759 (0.660759)  NNZ: 22 (22)  Ttime: 1.4286 Vtime: 0.2268
Stat: nPR #140 (#176) Dim/MaxDim [1120/640] AUC: 0.977637 FPR95: 10.24
Best: 200000  Loss: 0.344333 Regul: 0.034325 Obj: 0.378658 (0.378658)  NNZ: 14 (14)  Ttime: 1.4365 Vtime: 0.0514
Stat: nPR #88 (#112) Dim/MaxDim [704/640] AUC: 0.979730 FPR95: 9.83
Best: 300000  Loss: 0.325103 Regul: 0.020108 Obj: 0.345212 (0.345212)  NNZ: 12 (12)  Ttime: 1.4318 Vtime: 0.0510
Stat: nPR #72 (#96) Dim/MaxDim [576/640] AUC: 0.971591 FPR95: 18.59 [saved]
Best: 400000  Loss: 0.152101 Regul: 0.008352 Obj: 0.160453 (0.160453)  NNZ: 6 (6)  Ttime: 1.4322 Vtime: 0.0522
Stat: nPR #48 (#48) Dim/MaxDim [384/640] AUC: 0.971971 FPR95: 15.45 [saved]
Step: 500000  Loss: 0.182149 Regul: 0.014823 Obj: 0.196972 (0.160453)  NNZ: 14 (6)  Ttime: 1.4271 Vtime: 0.0519
Step: 600000  Loss: 0.208094 Regul: 0.015716 Obj: 0.223810 (0.160453)  NNZ: 9 (6)  Ttime: 1.4337 Vtime: 0.0525
Best: 700000  Loss: 0.093171 Regul: 0.006114 Obj: 0.099285 (0.099285)  NNZ: 9 (9)  Ttime: 1.4319 Vtime: 0.0508
Stat: nPR #68 (#72) Dim/MaxDim [544/640] AUC: 0.978206 FPR95: 10.39 [saved]
Step: 800000  Loss: 0.262952 Regul: 0.023272 Obj: 0.286224 (0.099285)  NNZ: 20 (9)  Ttime: 1.4359 Vtime: 0.0520
Best: 900000  Loss: 0.076305 Regul: 0.005308 Obj: 0.081613 (0.081613)  NNZ: 7 (7)  Ttime: 1.4468 Vtime: 0.0514
Stat: nPR #44 (#56) Dim/MaxDim [352/640] AUC: 0.979728 FPR95: 9.66 [saved]
Step: 1000000  Loss: 0.232449 Regul: 0.016208 Obj: 0.248656 (0.081613)  NNZ: 11 (7)  Ttime: 1.4339 Vtime: 0.0512
Step: 1100000  Loss: 0.145460 Regul: 0.005266 Obj: 0.150725 (0.081613)  NNZ: 7 (7)  Ttime: 1.4335 Vtime: 0.0520
Step: 1200000  Loss: 0.185805 Regul: 0.008343 Obj: 0.194148 (0.081613)  NNZ: 8 (7)  Ttime: 1.4288 Vtime: 0.0514
Step: 1300000  Loss: 0.211951 Regul: 0.018341 Obj: 0.230292 (0.081613)  NNZ: 18 (7)  Ttime: 1.4316 Vtime: 0.0513
Best: 1400000  Loss: 0.074309 Regul: 0.003925 Obj: 0.078234 (0.078234)  NNZ: 6 (6)  Ttime: 1.4331 Vtime: 0.0516
Stat: nPR #40 (#48) Dim/MaxDim [320/640] AUC: 0.977065 FPR95: 11.87 [saved]
Step: 1500000  Loss: 0.160295 Regul: 0.008447 Obj: 0.168741 (0.078234)  NNZ: 7 (6)  Ttime: 1.4313 Vtime: 0.0514
Step: 1600000  Loss: 0.111429 Regul: 0.007082 Obj: 0.118512 (0.078234)  NNZ: 10 (6)  Ttime: 1.4316 Vtime: 0.0515
Step: 1700000  Loss: 0.265990 Regul: 0.004592 Obj: 0.270581 (0.078234)  NNZ: 7 (6)  Ttime: 1.4360 Vtime: 0.0516
Step: 1800000  Loss: 0.088521 Regul: 0.007790 Obj: 0.096311 (0.078234)  NNZ: 13 (6)  Ttime: 1.4322 Vtime: 0.0512
Step: 1900000  Loss: 0.113190 Regul: 0.003660 Obj: 0.116850 (0.078234)  NNZ: 3 (6)  Ttime: 1.4356 Vtime: 0.0523
Step: 2000000  Loss: 0.097725 Regul: 0.005696 Obj: 0.103422 (0.078234)  NNZ: 10 (6)  Ttime: 1.4397 Vtime: 0.0514
Step: 2100000  Loss: 0.102874 Regul: 0.002454 Obj: 0.105327 (0.078234)  NNZ: 3 (6)  Ttime: 1.4318 Vtime: 0.0509
Best: 2200000  Loss: 0.069902 Regul: 0.003797 Obj: 0.073699 (0.073699)  NNZ: 7 (7)  Ttime: 1.4319 Vtime: 0.0516
Stat: nPR #48 (#56) Dim/MaxDim [384/640] AUC: 0.978002 FPR95: 10.36 [saved]
Step: 2300000  Loss: 0.132482 Regul: 0.008803 Obj: 0.141285 (0.073699)  NNZ: 9 (7)  Ttime: 1.4303 Vtime: 0.0520
Step: 2400000  Loss: 0.109453 Regul: 0.010259 Obj: 0.119712 (0.073699)  NNZ: 16 (7)  Ttime: 1.4344 Vtime: 0.0517
Step: 2500000  Loss: 0.153000 Regul: 0.012108 Obj: 0.165107 (0.073699)  NNZ: 14 (7)  Ttime: 1.4381 Vtime: 0.0510
Step: 2600000  Loss: 0.205500 Regul: 0.015438 Obj: 0.220938 (0.073699)  NNZ: 15 (7)  Ttime: 1.4353 Vtime: 0.0512
Step: 2700000  Loss: 0.117150 Regul: 0.009547 Obj: 0.126697 (0.073699)  NNZ: 12 (7)  Ttime: 1.4343 Vtime: 0.0519
Step: 2800000  Loss: 0.080844 Regul: 0.006312 Obj: 0.087156 (0.073699)  NNZ: 9 (7)  Ttime: 1.4536 Vtime: 0.0518
Step: 2900000  Loss: 0.125216 Regul: 0.008452 Obj: 0.133667 (0.073699)  NNZ: 14 (7)  Ttime: 1.4404 Vtime: 0.0511
Best: 3000000  Loss: 0.065983 Regul: 0.003776 Obj: 0.069759 (0.069759)  NNZ: 6 (6)  Ttime: 1.4341 Vtime: 0.0510
Stat: nPR #44 (#48) Dim/MaxDim [352/640] AUC: 0.979287 FPR95: 9.01 [saved]
Step: 3100000  Loss: 0.198340 Regul: 0.005566 Obj: 0.203907 (0.069759)  NNZ: 7 (6)  Ttime: 1.4372 Vtime: 0.0511
Step: 3200000  Loss: 0.165266 Regul: 0.003524 Obj: 0.168791 (0.069759)  NNZ: 7 (6)  Ttime: 1.4294 Vtime: 0.0513
Step: 3300000  Loss: 0.080776 Regul: 0.005249 Obj: 0.086025 (0.069759)  NNZ: 12 (6)  Ttime: 1.4508 Vtime: 0.0515
Step: 3400000  Loss: 0.081199 Regul: 0.005221 Obj: 0.086419 (0.069759)  NNZ: 10 (6)  Ttime: 1.4342 Vtime: 0.0513
Step: 3500000  Loss: 0.124944 Regul: 0.011060 Obj: 0.136004 (0.069759)  NNZ: 14 (6)  Ttime: 1.4404 Vtime: 0.0512
Best: 3600000  Loss: 0.065530 Regul: 0.004096 Obj: 0.069627 (0.069627)  NNZ: 9 (9)  Ttime: 1.4360 Vtime: 0.0518
Stat: nPR #68 (#72) Dim/MaxDim [544/640] AUC: 0.979671 FPR95: 8.90 [saved]
Step: 3700000  Loss: 0.070805 Regul: 0.004641 Obj: 0.075446 (0.069627)  NNZ: 11 (9)  Ttime: 1.4448 Vtime: 0.0519
Step: 3800000  Loss: 0.103381 Regul: 0.009871 Obj: 0.113252 (0.069627)  NNZ: 14 (9)  Ttime: 1.4308 Vtime: 0.0519
Step: 3900000  Loss: 0.071568 Regul: 0.005314 Obj: 0.076882 (0.069627)  NNZ: 13 (9)  Ttime: 1.4364 Vtime: 0.0511
Step: 4000000  Loss: 0.087907 Regul: 0.005631 Obj: 0.093538 (0.069627)  NNZ: 10 (9)  Ttime: 1.4342 Vtime: 0.0514
Step: 4100000  Loss: 0.152442 Regul: 0.008074 Obj: 0.160516 (0.069627)  NNZ: 13 (9)  Ttime: 1.4436 Vtime: 0.0510
Step: 4200000  Loss: 0.090713 Regul: 0.007209 Obj: 0.097922 (0.069627)  NNZ: 13 (9)  Ttime: 1.4444 Vtime: 0.0517
Best: 4300000  Loss: 0.054096 Regul: 0.002733 Obj: 0.056829 (0.056829)  NNZ: 8 (8)  Ttime: 1.4281 Vtime: 0.0515
Stat: nPR #64 (#64) Dim/MaxDim [512/640] AUC: 0.980443 FPR95: 8.02 [saved]
Step: 4400000  Loss: 0.122052 Regul: 0.008865 Obj: 0.130918 (0.056829)  NNZ: 12 (8)  Ttime: 1.4343 Vtime: 0.0509
Step: 4500000  Loss: 0.161850 Regul: 0.005702 Obj: 0.167553 (0.056829)  NNZ: 13 (8)  Ttime: 1.4332 Vtime: 0.0511
Step: 4600000  Loss: 0.106383 Regul: 0.004429 Obj: 0.110813 (0.056829)  NNZ: 7 (8)  Ttime: 1.4371 Vtime: 0.0524
Step: 4700000  Loss: 0.137739 Regul: 0.007957 Obj: 0.145696 (0.056829)  NNZ: 15 (8)  Ttime: 1.4357 Vtime: 0.0518
Step: 4800000  Loss: 0.111045 Regul: 0.003667 Obj: 0.114712 (0.056829)  NNZ: 8 (8)  Ttime: 1.4410 Vtime: 0.0518
Step: 4900000  Loss: 0.075767 Regul: 0.005221 Obj: 0.080988 (0.056829)  NNZ: 7 (8)  Ttime: 1.4299 Vtime: 0.0515
Step: 5000000  Loss: 0.088314 Regul: 0.005377 Obj: 0.093691 (0.056829)  NNZ: 12 (8)  Ttime: 1.4316 Vtime: 0.0519
Step: 5100000  Loss: 0.088073 Regul: 0.006678 Obj: 0.094751 (0.056829)  NNZ: 10 (8)  Ttime: 1.4351 Vtime: 0.0521
Step: 5200000  Loss: 0.064499 Regul: 0.003012 Obj: 0.067511 (0.056829)  NNZ: 6 (8)  Ttime: 1.4318 Vtime: 0.0516
Step: 5300000  Loss: 0.095971 Regul: 0.008292 Obj: 0.104264 (0.056829)  NNZ: 13 (8)  Ttime: 1.4300 Vtime: 0.0516
Step: 5400000  Loss: 0.102124 Regul: 0.008942 Obj: 0.111066 (0.056829)  NNZ: 16 (8)  Ttime: 1.4363 Vtime: 0.0510
Step: 5500000  Loss: 0.085300 Regul: 0.005082 Obj: 0.090382 (0.056829)  NNZ: 8 (8)  Ttime: 1.4331 Vtime: 0.0515
Step: 5600000  Loss: 0.062785 Regul: 0.003599 Obj: 0.066384 (0.056829)  NNZ: 7 (8)  Ttime: 1.4398 Vtime: 0.0515
Step: 5700000  Loss: 0.075483 Regul: 0.005210 Obj: 0.080693 (0.056829)  NNZ: 16 (8)  Ttime: 1.4331 Vtime: 0.0521
Step: 5800000  Loss: 0.124324 Regul: 0.008600 Obj: 0.132924 (0.056829)  NNZ: 12 (8)  Ttime: 1.4428 Vtime: 0.0515
Step: 5900000  Loss: 0.092074 Regul: 0.008031 Obj: 0.100105 (0.056829)  NNZ: 13 (8)  Ttime: 1.4335 Vtime: 0.0518
Step: 6000000  Loss: 0.072030 Regul: 0.004757 Obj: 0.076787 (0.056829)  NNZ: 8 (8)  Ttime: 1.4314 Vtime: 0.0514
Step: 6100000  Loss: 0.072917 Regul: 0.003733 Obj: 0.076650 (0.056829)  NNZ: 9 (8)  Ttime: 1.4334 Vtime: 0.0512
Step: 6200000  Loss: 0.090425 Regul: 0.004502 Obj: 0.094927 (0.056829)  NNZ: 9 (8)  Ttime: 1.4340 Vtime: 0.0511
Step: 6300000  Loss: 0.076354 Regul: 0.005736 Obj: 0.082091 (0.056829)  NNZ: 10 (8)  Ttime: 1.4347 Vtime: 0.0516
Step: 6400000  Loss: 0.083826 Regul: 0.006671 Obj: 0.090497 (0.056829)  NNZ: 15 (8)  Ttime: 1.4362 Vtime: 0.0514
Step: 6500000  Loss: 0.060909 Regul: 0.001983 Obj: 0.062892 (0.056829)  NNZ: 7 (8)  Ttime: 1.4361 Vtime: 0.0513
Step: 6600000  Loss: 0.065762 Regul: 0.003951 Obj: 0.069713 (0.056829)  NNZ: 10 (8)  Ttime: 1.4305 Vtime: 0.0520
Step: 6700000  Loss: 0.060791 Regul: 0.004425 Obj: 0.065216 (0.056829)  NNZ: 14 (8)  Ttime: 1.4396 Vtime: 0.0515
Step: 6800000  Loss: 0.075244 Regul: 0.004027 Obj: 0.079271 (0.056829)  NNZ: 8 (8)  Ttime: 1.4334 Vtime: 0.0504
Step: 6900000  Loss: 0.083893 Regul: 0.007243 Obj: 0.091136 (0.056829)  NNZ: 15 (8)  Ttime: 1.4339 Vtime: 0.0515
Step: 7000000  Loss: 0.161080 Regul: 0.010654 Obj: 0.171733 (0.056829)  NNZ: 21 (8)  Ttime: 1.4304 Vtime: 0.0513
Step: 7100000  Loss: 0.075894 Regul: 0.003645 Obj: 0.079540 (0.056829)  NNZ: 10 (8)  Ttime: 1.4302 Vtime: 0.0517
Step: 7200000  Loss: 0.088718 Regul: 0.003875 Obj: 0.092594 (0.056829)  NNZ: 10 (8)  Ttime: 1.4341 Vtime: 0.0506
Step: 7300000  Loss: 0.064318 Regul: 0.004265 Obj: 0.068584 (0.056829)  NNZ: 10 (8)  Ttime: 1.4370 Vtime: 0.0510
Step: 7400000  Loss: 0.074097 Regul: 0.004614 Obj: 0.078712 (0.056829)  NNZ: 9 (8)  Ttime: 1.4321 Vtime: 0.0511
Step: 7500000  Loss: 0.057289 Regul: 0.003758 Obj: 0.061047 (0.056829)  NNZ: 11 (8)  Ttime: 1.4351 Vtime: 0.0515
Step: 7600000  Loss: 0.103663 Regul: 0.007271 Obj: 0.110934 (0.056829)  NNZ: 13 (8)  Ttime: 1.4355 Vtime: 0.0518
Step: 7700000  Loss: 0.086095 Regul: 0.006403 Obj: 0.092498 (0.056829)  NNZ: 19 (8)  Ttime: 1.4374 Vtime: 0.0514
Step: 7800000  Loss: 0.084637 Regul: 0.007189 Obj: 0.091826 (0.056829)  NNZ: 12 (8)  Ttime: 1.4306 Vtime: 0.0515
Step: 7900000  Loss: 0.090059 Regul: 0.005807 Obj: 0.095867 (0.056829)  NNZ: 12 (8)  Ttime: 1.4280 Vtime: 0.0519
Step: 8000000  Loss: 0.086388 Regul: 0.007167 Obj: 0.093555 (0.056829)  NNZ: 14 (8)  Ttime: 1.4358 Vtime: 0.0513
Step: 8100000  Loss: 0.115537 Regul: 0.009538 Obj: 0.125075 (0.056829)  NNZ: 11 (8)  Ttime: 1.4352 Vtime: 0.0513
Step: 8200000  Loss: 0.084812 Regul: 0.006428 Obj: 0.091240 (0.056829)  NNZ: 12 (8)  Ttime: 1.4328 Vtime: 0.0519
Step: 8300000  Loss: 0.071637 Regul: 0.005271 Obj: 0.076908 (0.056829)  NNZ: 10 (8)  Ttime: 1.4323 Vtime: 0.0510
Step: 8400000  Loss: 0.082111 Regul: 0.004992 Obj: 0.087103 (0.056829)  NNZ: 9 (8)  Ttime: 1.4297 Vtime: 0.0507
Step: 8500000  Loss: 0.081291 Regul: 0.002736 Obj: 0.084027 (0.056829)  NNZ: 12 (8)  Ttime: 1.4399 Vtime: 0.0518
Step: 8600000  Loss: 0.073918 Regul: 0.005160 Obj: 0.079077 (0.056829)  NNZ: 8 (8)  Ttime: 1.4318 Vtime: 0.0510
Step: 8700000  Loss: 0.067814 Regul: 0.005357 Obj: 0.073171 (0.056829)  NNZ: 14 (8)  Ttime: 1.4314 Vtime: 0.0511
Step: 8800000  Loss: 0.090234 Regul: 0.004923 Obj: 0.095157 (0.056829)  NNZ: 11 (8)  Ttime: 1.4317 Vtime: 0.0517
Step: 8900000  Loss: 0.106839 Regul: 0.010068 Obj: 0.116907 (0.056829)  NNZ: 18 (8)  Ttime: 1.4319 Vtime: 0.0514
Step: 9000000  Loss: 0.080767 Regul: 0.006184 Obj: 0.086951 (0.056829)  NNZ: 13 (8)  Ttime: 1.4314 Vtime: 0.0511
Step: 9100000  Loss: 0.110719 Regul: 0.005500 Obj: 0.116219 (0.056829)  NNZ: 11 (8)  Ttime: 1.4313 Vtime: 0.0516
Step: 9200000  Loss: 0.106151 Regul: 0.003147 Obj: 0.109297 (0.056829)  NNZ: 8 (8)  Ttime: 1.4316 Vtime: 0.0512
Step: 9300000  Loss: 0.076568 Regul: 0.005619 Obj: 0.082187 (0.056829)  NNZ: 10 (8)  Ttime: 1.4473 Vtime: 0.0522
Step: 9400000  Loss: 0.107031 Regul: 0.006897 Obj: 0.113928 (0.056829)  NNZ: 15 (8)  Ttime: 1.4381 Vtime: 0.0513
Step: 9500000  Loss: 0.075236 Regul: 0.005308 Obj: 0.080544 (0.056829)  NNZ: 15 (8)  Ttime: 1.4337 Vtime: 0.0518
Step: 9600000  Loss: 0.083801 Regul: 0.005039 Obj: 0.088840 (0.056829)  NNZ: 11 (8)  Ttime: 1.4422 Vtime: 0.0514
Step: 9700000  Loss: 0.079301 Regul: 0.005177 Obj: 0.084478 (0.056829)  NNZ: 13 (8)  Ttime: 1.4335 Vtime: 0.0514
Step: 9800000  Loss: 0.138566 Regul: 0.007978 Obj: 0.146544 (0.056829)  NNZ: 14 (8)  Ttime: 1.4342 Vtime: 0.0512
Step: 9900000  Loss: 0.073862 Regul: 0.005665 Obj: 0.079527 (0.056829)  NNZ: 11 (8)  Ttime: 1.4313 Vtime: 0.0522
Step: 10000000  Loss: 0.068395 Regul: 0.002256 Obj: 0.070651 (0.056829)  NNZ: 4 (8)  Ttime: 1.4309 Vtime: 0.0522
Step: 10100000  Loss: 0.063890 Regul: 0.003886 Obj: 0.067776 (0.056829)  NNZ: 9 (8)  Ttime: 1.4382 Vtime: 0.0516
Step: 10200000  Loss: 0.066896 Regul: 0.005069 Obj: 0.071966 (0.056829)  NNZ: 12 (8)  Ttime: 1.4584 Vtime: 0.0509
Step: 10300000  Loss: 0.123300 Regul: 0.006430 Obj: 0.129730 (0.056829)  NNZ: 15 (8)  Ttime: 1.4450 Vtime: 0.0515
Step: 10400000  Loss: 0.098809 Regul: 0.003745 Obj: 0.102554 (0.056829)  NNZ: 8 (8)  Ttime: 1.4821 Vtime: 0.0516
Step: 10500000  Loss: 0.061689 Regul: 0.003355 Obj: 0.065044 (0.056829)  NNZ: 10 (8)  Ttime: 1.4321 Vtime: 0.0521
Step: 10600000  Loss: 0.086836 Regul: 0.004317 Obj: 0.091153 (0.056829)  NNZ: 11 (8)  Ttime: 1.4587 Vtime: 0.0522
Step: 10700000  Loss: 0.124960 Regul: 0.012102 Obj: 0.137062 (0.056829)  NNZ: 23 (8)  Ttime: 1.4338 Vtime: 0.0511
Step: 10800000  Loss: 0.146255 Regul: 0.007717 Obj: 0.153972 (0.056829)  NNZ: 15 (8)  Ttime: 1.4700 Vtime: 0.0516
Step: 10900000  Loss: 0.073996 Regul: 0.003740 Obj: 0.077736 (0.056829)  NNZ: 6 (8)  Ttime: 1.4277 Vtime: 0.0517
Step: 11000000  Loss: 0.069606 Regul: 0.004151 Obj: 0.073757 (0.056829)  NNZ: 13 (8)  Ttime: 1.4218 Vtime: 0.0510
Step: 11100000  Loss: 0.090381 Regul: 0.007735 Obj: 0.098116 (0.056829)  NNZ: 17 (8)  Ttime: 1.4321 Vtime: 0.0512
Step: 11200000  Loss: 0.057309 Regul: 0.002855 Obj: 0.060164 (0.056829)  NNZ: 8 (8)  Ttime: 1.4177 Vtime: 0.0515
Step: 11300000  Loss: 0.068643 Regul: 0.003766 Obj: 0.072409 (0.056829)  NNZ: 10 (8)  Ttime: 1.4263 Vtime: 0.0515
Step: 11400000  Loss: 0.089296 Regul: 0.005462 Obj: 0.094758 (0.056829)  NNZ: 10 (8)  Ttime: 1.4374 Vtime: 0.0516
Step: 11500000  Loss: 0.079715 Regul: 0.005479 Obj: 0.085194 (0.056829)  NNZ: 11 (8)  Ttime: 1.4237 Vtime: 0.0513
Step: 11600000  Loss: 0.079115 Regul: 0.003684 Obj: 0.082800 (0.056829)  NNZ: 9 (8)  Ttime: 1.4335 Vtime: 0.0520
Step: 11700000  Loss: 0.073394 Regul: 0.006368 Obj: 0.079762 (0.056829)  NNZ: 16 (8)  Ttime: 1.4239 Vtime: 0.0517
Step: 11800000  Loss: 0.103242 Regul: 0.007213 Obj: 0.110455 (0.056829)  NNZ: 17 (8)  Ttime: 1.4319 Vtime: 0.0510
Step: 11900000  Loss: 0.057143 Regul: 0.002864 Obj: 0.060008 (0.056829)  NNZ: 10 (8)  Ttime: 1.4273 Vtime: 0.0517
Step: 12000000  Loss: 0.080855 Regul: 0.005733 Obj: 0.086588 (0.056829)  NNZ: 11 (8)  Ttime: 1.4337 Vtime: 0.0514
Step: 12100000  Loss: 0.078209 Regul: 0.005437 Obj: 0.083646 (0.056829)  NNZ: 12 (8)  Ttime: 1.4279 Vtime: 0.0512
Step: 12200000  Loss: 0.063460 Regul: 0.004071 Obj: 0.067532 (0.056829)  NNZ: 11 (8)  Ttime: 1.4365 Vtime: 0.0506
Step: 12300000  Loss: 0.067711 Regul: 0.005353 Obj: 0.073064 (0.056829)  NNZ: 13 (8)  Ttime: 1.4350 Vtime: 0.0514
Step: 12400000  Loss: 0.065974 Regul: 0.002287 Obj: 0.068261 (0.056829)  NNZ: 7 (8)  Ttime: 1.4323 Vtime: 0.0511
Step: 12500000  Loss: 0.066236 Regul: 0.002883 Obj: 0.069119 (0.056829)  NNZ: 8 (8)  Ttime: 1.4447 Vtime: 0.0514
Step: 12600000  Loss: 0.127899 Regul: 0.009138 Obj: 0.137037 (0.056829)  NNZ: 15 (8)  Ttime: 1.4251 Vtime: 0.0514
Step: 12700000  Loss: 0.091934 Regul: 0.004966 Obj: 0.096900 (0.056829)  NNZ: 11 (8)  Ttime: 1.4299 Vtime: 0.0514
Step: 12800000  Loss: 0.073697 Regul: 0.002813 Obj: 0.076510 (0.056829)  NNZ: 7 (8)  Ttime: 1.4360 Vtime: 0.0512
Step: 12900000  Loss: 0.077949 Regul: 0.002582 Obj: 0.080531 (0.056829)  NNZ: 7 (8)  Ttime: 1.4283 Vtime: 0.0515
Step: 13000000  Loss: 0.064775 Regul: 0.003843 Obj: 0.068618 (0.056829)  NNZ: 10 (8)  Ttime: 1.4597 Vtime: 0.0512
Step: 13100000  Loss: 0.062861 Regul: 0.002288 Obj: 0.065148 (0.056829)  NNZ: 7 (8)  Ttime: 1.4282 Vtime: 0.0521
Step: 13200000  Loss: 0.058772 Regul: 0.002723 Obj: 0.061495 (0.056829)  NNZ: 9 (8)  Ttime: 1.4319 Vtime: 0.0519
Step: 13300000  Loss: 0.074388 Regul: 0.005959 Obj: 0.080347 (0.056829)  NNZ: 12 (8)  Ttime: 1.4225 Vtime: 0.0515
Step: 13400000  Loss: 0.095142 Regul: 0.008401 Obj: 0.103543 (0.056829)  NNZ: 19 (8)  Ttime: 1.4266 Vtime: 0.0517
Step: 13500000  Loss: 0.061530 Regul: 0.003711 Obj: 0.065241 (0.056829)  NNZ: 10 (8)  Ttime: 1.4262 Vtime: 0.0517
Step: 13600000  Loss: 0.071999 Regul: 0.005028 Obj: 0.077028 (0.056829)  NNZ: 13 (8)  Ttime: 1.4264 Vtime: 0.0513
Step: 13700000  Loss: 0.061893 Regul: 0.003471 Obj: 0.065364 (0.056829)  NNZ: 11 (8)  Ttime: 1.4255 Vtime: 0.0518
Step: 13800000  Loss: 0.060710 Regul: 0.002854 Obj: 0.063564 (0.056829)  NNZ: 8 (8)  Ttime: 1.4334 Vtime: 0.0521
Step: 13900000  Loss: 0.099831 Regul: 0.007287 Obj: 0.107118 (0.056829)  NNZ: 19 (8)  Ttime: 1.4238 Vtime: 0.0515
Step: 14000000  Loss: 0.074262 Regul: 0.004213 Obj: 0.078475 (0.056829)  NNZ: 12 (8)  Ttime: 1.4310 Vtime: 0.0514
Step: 14100000  Loss: 0.063212 Regul: 0.003957 Obj: 0.067168 (0.056829)  NNZ: 9 (8)  Ttime: 1.4313 Vtime: 0.0513
Step: 14200000  Loss: 0.100678 Regul: 0.006695 Obj: 0.107373 (0.056829)  NNZ: 19 (8)  Ttime: 1.4260 Vtime: 0.0519
Step: 14300000  Loss: 0.090091 Regul: 0.002209 Obj: 0.092300 (0.056829)  NNZ: 5 (8)  Ttime: 1.4384 Vtime: 0.0511
Step: 14400000  Loss: 0.065172 Regul: 0.003539 Obj: 0.068710 (0.056829)  NNZ: 16 (8)  Ttime: 1.4245 Vtime: 0.0507
Step: 14500000  Loss: 0.059953 Regul: 0.003761 Obj: 0.063714 (0.056829)  NNZ: 10 (8)  Ttime: 1.4304 Vtime: 0.0522
Step: 14600000  Loss: 0.075765 Regul: 0.003693 Obj: 0.079458 (0.056829)  NNZ: 12 (8)  Ttime: 1.4239 Vtime: 0.0516
Step: 14700000  Loss: 0.071515 Regul: 0.003404 Obj: 0.074919 (0.056829)  NNZ: 9 (8)  Ttime: 1.4317 Vtime: 0.0519
Step: 14800000  Loss: 0.072956 Regul: 0.005511 Obj: 0.078467 (0.056829)  NNZ: 13 (8)  Ttime: 1.4270 Vtime: 0.0516
Best: 14900000  Loss: 0.051959 Regul: 0.002888 Obj: 0.054847 (0.054847)  NNZ: 11 (11)  Ttime: 1.4323 Vtime: 0.0510
Stat: nPR #76 (#88) Dim/MaxDim [608/640] AUC: 0.980955 FPR95: 7.81 [saved]
Step: 15000000  Loss: 0.070532 Regul: 0.002505 Obj: 0.073037 (0.054847)  NNZ: 6 (11)  Ttime: 1.4225 Vtime: 0.0517
Step: 15100000  Loss: 0.077855 Regul: 0.005105 Obj: 0.082960 (0.054847)  NNZ: 12 (11)  Ttime: 1.4276 Vtime: 0.0520
Step: 15200000  Loss: 0.079239 Regul: 0.006748 Obj: 0.085987 (0.054847)  NNZ: 17 (11)  Ttime: 1.4283 Vtime: 0.0522
Step: 15300000  Loss: 0.066929 Regul: 0.004197 Obj: 0.071125 (0.054847)  NNZ: 12 (11)  Ttime: 1.4404 Vtime: 0.0514
Step: 15400000  Loss: 0.067365 Regul: 0.004012 Obj: 0.071376 (0.054847)  NNZ: 15 (11)  Ttime: 1.4292 Vtime: 0.0517
Best: 15500000  Loss: 0.052126 Regul: 0.002390 Obj: 0.054516 (0.054516)  NNZ: 10 (10)  Ttime: 1.4277 Vtime: 0.0508
Stat: nPR #72 (#80) Dim/MaxDim [576/640] AUC: 0.980523 FPR95: 8.22 [saved]
Step: 15600000  Loss: 0.108184 Regul: 0.007059 Obj: 0.115243 (0.054516)  NNZ: 17 (10)  Ttime: 1.4237 Vtime: 0.0514
Step: 15700000  Loss: 0.076660 Regul: 0.004041 Obj: 0.080701 (0.054516)  NNZ: 8 (10)  Ttime: 1.4359 Vtime: 0.0512
Step: 15800000  Loss: 0.060321 Regul: 0.003909 Obj: 0.064230 (0.054516)  NNZ: 11 (10)  Ttime: 1.4260 Vtime: 0.0514
Step: 15900000  Loss: 0.082062 Regul: 0.007025 Obj: 0.089087 (0.054516)  NNZ: 15 (10)  Ttime: 1.4304 Vtime: 0.0517
Step: 16000000  Loss: 0.068554 Regul: 0.004612 Obj: 0.073166 (0.054516)  NNZ: 16 (10)  Ttime: 1.4279 Vtime: 0.0519
Step: 16100000  Loss: 0.061039 Regul: 0.003109 Obj: 0.064147 (0.054516)  NNZ: 8 (10)  Ttime: 1.4216 Vtime: 0.0512
Step: 16200000  Loss: 0.056972 Regul: 0.002374 Obj: 0.059346 (0.054516)  NNZ: 8 (10)  Ttime: 1.4353 Vtime: 0.0507
Step: 16300000  Loss: 0.083395 Regul: 0.005599 Obj: 0.088994 (0.054516)  NNZ: 17 (10)  Ttime: 1.4448 Vtime: 0.0515
Step: 16400000  Loss: 0.056642 Regul: 0.003168 Obj: 0.059810 (0.054516)  NNZ: 8 (10)  Ttime: 1.4352 Vtime: 0.0520
Step: 16500000  Loss: 0.084170 Regul: 0.006016 Obj: 0.090186 (0.054516)  NNZ: 22 (10)  Ttime: 1.4383 Vtime: 0.0511
Step: 16600000  Loss: 0.058228 Regul: 0.003663 Obj: 0.061891 (0.054516)  NNZ: 12 (10)  Ttime: 1.4442 Vtime: 0.0510
Step: 16700000  Loss: 0.066162 Regul: 0.004004 Obj: 0.070167 (0.054516)  NNZ: 15 (10)  Ttime: 1.4269 Vtime: 0.0518
Step: 16800000  Loss: 0.105874 Regul: 0.004163 Obj: 0.110036 (0.054516)  NNZ: 12 (10)  Ttime: 1.4327 Vtime: 0.0517
Step: 16900000  Loss: 0.065968 Regul: 0.003193 Obj: 0.069160 (0.054516)  NNZ: 10 (10)  Ttime: 1.4228 Vtime: 0.0512
Step: 17000000  Loss: 0.067733 Regul: 0.004641 Obj: 0.072375 (0.054516)  NNZ: 13 (10)  Ttime: 1.4218 Vtime: 0.0516
Step: 17100000  Loss: 0.144316 Regul: 0.007143 Obj: 0.151459 (0.054516)  NNZ: 19 (10)  Ttime: 1.4341 Vtime: 0.0514
Step: 17200000  Loss: 0.090621 Regul: 0.003564 Obj: 0.094184 (0.054516)  NNZ: 6 (10)  Ttime: 1.4239 Vtime: 0.0513
Step: 17300000  Loss: 0.073128 Regul: 0.003208 Obj: 0.076336 (0.054516)  NNZ: 10 (10)  Ttime: 1.4245 Vtime: 0.0516
Step: 17400000  Loss: 0.052486 Regul: 0.002684 Obj: 0.055170 (0.054516)  NNZ: 7 (10)  Ttime: 1.4262 Vtime: 0.0519
Step: 17500000  Loss: 0.062014 Regul: 0.002642 Obj: 0.064656 (0.054516)  NNZ: 10 (10)  Ttime: 1.4271 Vtime: 0.0510
Step: 17600000  Loss: 0.059000 Regul: 0.003639 Obj: 0.062639 (0.054516)  NNZ: 13 (10)  Ttime: 1.4213 Vtime: 0.0521
Step: 17700000  Loss: 0.055055 Regul: 0.002477 Obj: 0.057532 (0.054516)  NNZ: 11 (10)  Ttime: 1.4247 Vtime: 0.0518
Step: 17800000  Loss: 0.081253 Regul: 0.004265 Obj: 0.085518 (0.054516)  NNZ: 7 (10)  Ttime: 1.4260 Vtime: 0.0513
Step: 17900000  Loss: 0.065155 Regul: 0.004610 Obj: 0.069765 (0.054516)  NNZ: 10 (10)  Ttime: 1.4265 Vtime: 0.0515
Step: 18000000  Loss: 0.053475 Regul: 0.002687 Obj: 0.056161 (0.054516)  NNZ: 8 (10)  Ttime: 1.4287 Vtime: 0.0512
Step: 18100000  Loss: 0.090040 Regul: 0.002877 Obj: 0.092916 (0.054516)  NNZ: 12 (10)  Ttime: 1.4307 Vtime: 0.0517
Step: 18200000  Loss: 0.087847 Regul: 0.006281 Obj: 0.094128 (0.054516)  NNZ: 15 (10)  Ttime: 1.4337 Vtime: 0.0520
Step: 18300000  Loss: 0.074107 Regul: 0.003651 Obj: 0.077759 (0.054516)  NNZ: 10 (10)  Ttime: 1.4225 Vtime: 0.0513
Step: 18400000  Loss: 0.070476 Regul: 0.003500 Obj: 0.073976 (0.054516)  NNZ: 12 (10)  Ttime: 1.4303 Vtime: 0.0515
Step: 18500000  Loss: 0.065629 Regul: 0.003653 Obj: 0.069281 (0.054516)  NNZ: 9 (10)  Ttime: 1.4309 Vtime: 0.0515
Step: 18600000  Loss: 0.073514 Regul: 0.004643 Obj: 0.078157 (0.054516)  NNZ: 12 (10)  Ttime: 1.4339 Vtime: 0.0511
Step: 18700000  Loss: 0.072359 Regul: 0.003733 Obj: 0.076092 (0.054516)  NNZ: 13 (10)  Ttime: 1.4291 Vtime: 0.0509
Step: 18800000  Loss: 0.061011 Regul: 0.003285 Obj: 0.064296 (0.054516)  NNZ: 10 (10)  Ttime: 1.4252 Vtime: 0.0520
Step: 18900000  Loss: 0.068972 Regul: 0.004127 Obj: 0.073098 (0.054516)  NNZ: 12 (10)  Ttime: 1.4344 Vtime: 0.0511
Step: 19000000  Loss: 0.060062 Regul: 0.003173 Obj: 0.063235 (0.054516)  NNZ: 10 (10)  Ttime: 1.4824 Vtime: 0.0517
Step: 19100000  Loss: 0.093934 Regul: 0.004541 Obj: 0.098475 (0.054516)  NNZ: 14 (10)  Ttime: 1.4551 Vtime: 0.0510
Step: 19200000  Loss: 0.055532 Regul: 0.003445 Obj: 0.058977 (0.054516)  NNZ: 12 (10)  Ttime: 1.4506 Vtime: 0.0523
Step: 19300000  Loss: 0.088652 Regul: 0.005850 Obj: 0.094502 (0.054516)  NNZ: 15 (10)  Ttime: 1.4483 Vtime: 0.0515
Step: 19400000  Loss: 0.058073 Regul: 0.003462 Obj: 0.061535 (0.054516)  NNZ: 12 (10)  Ttime: 1.4571 Vtime: 0.0511
Step: 19500000  Loss: 0.072745 Regul: 0.004216 Obj: 0.076961 (0.054516)  NNZ: 12 (10)  Ttime: 1.4348 Vtime: 0.0512
Step: 19600000  Loss: 0.068664 Regul: 0.004594 Obj: 0.073258 (0.054516)  NNZ: 12 (10)  Ttime: 1.4403 Vtime: 0.0518
Step: 19700000  Loss: 0.098844 Regul: 0.001851 Obj: 0.100695 (0.054516)  NNZ: 6 (10)  Ttime: 1.4418 Vtime: 0.0512
Step: 19800000  Loss: 0.059076 Regul: 0.003469 Obj: 0.062545 (0.054516)  NNZ: 10 (10)  Ttime: 1.4293 Vtime: 0.0520
Step: 19900000  Loss: 0.055100 Regul: 0.001997 Obj: 0.057096 (0.054516)  NNZ: 8 (10)  Ttime: 1.4350 Vtime: 0.0520
Step: 20000000  Loss: 0.063020 Regul: 0.003660 Obj: 0.066680 (0.054516)  NNZ: 9 (10)  Ttime: 1.4299 Vtime: 0.0520
Step: 20100000  Loss: 0.098425 Regul: 0.002968 Obj: 0.101393 (0.054516)  NNZ: 9 (10)  Ttime: 1.4352 Vtime: 0.0512
Step: 20200000  Loss: 0.067629 Regul: 0.005086 Obj: 0.072715 (0.054516)  NNZ: 15 (10)  Ttime: 1.4405 Vtime: 0.0510
Step: 20300000  Loss: 0.068767 Regul: 0.003156 Obj: 0.071922 (0.054516)  NNZ: 12 (10)  Ttime: 1.4315 Vtime: 0.0509
Step: 20400000  Loss: 0.071920 Regul: 0.003245 Obj: 0.075164 (0.054516)  NNZ: 10 (10)  Ttime: 1.4356 Vtime: 0.0521
Step: 20500000  Loss: 0.069636 Regul: 0.004400 Obj: 0.074037 (0.054516)  NNZ: 17 (10)  Ttime: 1.4314 Vtime: 0.0515
Step: 20600000  Loss: 0.062350 Regul: 0.004623 Obj: 0.066973 (0.054516)  NNZ: 15 (10)  Ttime: 1.4300 Vtime: 0.0511
Step: 20700000  Loss: 0.056418 Regul: 0.003309 Obj: 0.059727 (0.054516)  NNZ: 10 (10)  Ttime: 1.4307 Vtime: 0.0518
Step: 20800000  Loss: 0.082386 Regul: 0.005289 Obj: 0.087676 (0.054516)  NNZ: 18 (10)  Ttime: 1.4426 Vtime: 0.0515
Step: 20900000  Loss: 0.072245 Regul: 0.005153 Obj: 0.077397 (0.054516)  NNZ: 12 (10)  Ttime: 1.4376 Vtime: 0.0512
Step: 21000000  Loss: 0.069924 Regul: 0.005524 Obj: 0.075448 (0.054516)  NNZ: 18 (10)  Ttime: 1.4351 Vtime: 0.0510
Step: 21100000  Loss: 0.054418 Regul: 0.002245 Obj: 0.056663 (0.054516)  NNZ: 7 (10)  Ttime: 1.4325 Vtime: 0.0515
Step: 21200000  Loss: 0.060498 Regul: 0.002437 Obj: 0.062935 (0.054516)  NNZ: 11 (10)  Ttime: 1.4811 Vtime: 0.0511
Best: 21300000  Loss: 0.049277 Regul: 0.001968 Obj: 0.051245 (0.051245)  NNZ: 8 (8)  Ttime: 1.4344 Vtime: 0.0516
Stat: nPR #56 (#64) Dim/MaxDim [448/640] AUC: 0.981434 FPR95: 7.71 [saved]
Step: 21400000  Loss: 0.064425 Regul: 0.003747 Obj: 0.068172 (0.051245)  NNZ: 12 (8)  Ttime: 1.4352 Vtime: 0.0512
Step: 21500000  Loss: 0.067970 Regul: 0.002983 Obj: 0.070953 (0.051245)  NNZ: 9 (8)  Ttime: 1.4336 Vtime: 0.0510
Step: 21600000  Loss: 0.074105 Regul: 0.002961 Obj: 0.077066 (0.051245)  NNZ: 10 (8)  Ttime: 1.4409 Vtime: 0.0519
Step: 21700000  Loss: 0.063072 Regul: 0.003254 Obj: 0.066325 (0.051245)  NNZ: 12 (8)  Ttime: 1.4357 Vtime: 0.0511
Step: 21800000  Loss: 0.065254 Regul: 0.002447 Obj: 0.067702 (0.051245)  NNZ: 8 (8)  Ttime: 1.4321 Vtime: 0.0513
Step: 21900000  Loss: 0.055704 Regul: 0.002672 Obj: 0.058376 (0.051245)  NNZ: 12 (8)  Ttime: 1.4559 Vtime: 0.0515
Step: 22000000  Loss: 0.062331 Regul: 0.001709 Obj: 0.064040 (0.051245)  NNZ: 6 (8)  Ttime: 1.4320 Vtime: 0.0524
Step: 22100000  Loss: 0.069627 Regul: 0.005020 Obj: 0.074647 (0.051245)  NNZ: 21 (8)  Ttime: 1.4340 Vtime: 0.0521
Step: 22200000  Loss: 0.083750 Regul: 0.002332 Obj: 0.086082 (0.051245)  NNZ: 7 (8)  Ttime: 1.4300 Vtime: 0.0516
Step: 22300000  Loss: 0.065309 Regul: 0.004818 Obj: 0.070127 (0.051245)  NNZ: 14 (8)  Ttime: 1.4611 Vtime: 0.0513
Step: 22400000  Loss: 0.062597 Regul: 0.004124 Obj: 0.066721 (0.051245)  NNZ: 11 (8)  Ttime: 1.4396 Vtime: 0.0517
Step: 22500000  Loss: 0.059683 Regul: 0.003589 Obj: 0.063272 (0.051245)  NNZ: 10 (8)  Ttime: 1.4328 Vtime: 0.0514
Step: 22600000  Loss: 0.061109 Regul: 0.003330 Obj: 0.064440 (0.051245)  NNZ: 12 (8)  Ttime: 1.4403 Vtime: 0.0519
Step: 22700000  Loss: 0.071612 Regul: 0.004676 Obj: 0.076289 (0.051245)  NNZ: 14 (8)  Ttime: 1.4710 Vtime: 0.0532
Step: 22800000  Loss: 0.068972 Regul: 0.003568 Obj: 0.072539 (0.051245)  NNZ: 15 (8)  Ttime: 1.4538 Vtime: 0.0511
Step: 22900000  Loss: 0.066669 Regul: 0.003820 Obj: 0.070489 (0.051245)  NNZ: 12 (8)  Ttime: 1.4432 Vtime: 0.0510
Step: 23000000  Loss: 0.059693 Regul: 0.002316 Obj: 0.062009 (0.051245)  NNZ: 11 (8)  Ttime: 1.4519 Vtime: 0.0512
Step: 23100000  Loss: 0.073338 Regul: 0.004573 Obj: 0.077911 (0.051245)  NNZ: 14 (8)  Ttime: 1.4422 Vtime: 0.0520
Step: 23200000  Loss: 0.062450 Regul: 0.002991 Obj: 0.065441 (0.051245)  NNZ: 7 (8)  Ttime: 1.4320 Vtime: 0.0515
Step: 23300000  Loss: 0.052028 Regul: 0.002139 Obj: 0.054167 (0.051245)  NNZ: 9 (8)  Ttime: 1.4401 Vtime: 0.0519
Step: 23400000  Loss: 0.084584 Regul: 0.005982 Obj: 0.090566 (0.051245)  NNZ: 21 (8)  Ttime: 1.4381 Vtime: 0.0510
Step: 23500000  Loss: 0.081310 Regul: 0.002863 Obj: 0.084173 (0.051245)  NNZ: 9 (8)  Ttime: 1.4306 Vtime: 0.0512
Step: 23600000  Loss: 0.065948 Regul: 0.004644 Obj: 0.070593 (0.051245)  NNZ: 12 (8)  Ttime: 1.4364 Vtime: 0.0513
Step: 23700000  Loss: 0.060683 Regul: 0.003827 Obj: 0.064510 (0.051245)  NNZ: 14 (8)  Ttime: 1.4324 Vtime: 0.0520
Step: 23800000  Loss: 0.057842 Regul: 0.003421 Obj: 0.061263 (0.051245)  NNZ: 14 (8)  Ttime: 1.4372 Vtime: 0.0518
Step: 23900000  Loss: 0.077336 Regul: 0.006301 Obj: 0.083638 (0.051245)  NNZ: 13 (8)  Ttime: 1.4352 Vtime: 0.0504
Step: 24000000  Loss: 0.063852 Regul: 0.002976 Obj: 0.066828 (0.051245)  NNZ: 11 (8)  Ttime: 1.4419 Vtime: 0.0516
Step: 24100000  Loss: 0.058945 Regul: 0.003880 Obj: 0.062824 (0.051245)  NNZ: 11 (8)  Ttime: 1.4487 Vtime: 0.0520
Step: 24200000  Loss: 0.080664 Regul: 0.004838 Obj: 0.085502 (0.051245)  NNZ: 10 (8)  Ttime: 1.4320 Vtime: 0.0519
Step: 24300000  Loss: 0.140802 Regul: 0.005950 Obj: 0.146752 (0.051245)  NNZ: 16 (8)  Ttime: 1.4405 Vtime: 0.0515
Step: 24400000  Loss: 0.064200 Regul: 0.002740 Obj: 0.066940 (0.051245)  NNZ: 9 (8)  Ttime: 1.4356 Vtime: 0.0517
Step: 24500000  Loss: 0.067219 Regul: 0.003284 Obj: 0.070503 (0.051245)  NNZ: 11 (8)  Ttime: 1.4423 Vtime: 0.0522
Step: 24600000  Loss: 0.064647 Regul: 0.004807 Obj: 0.069454 (0.051245)  NNZ: 14 (8)  Ttime: 1.4510 Vtime: 0.0524
Step: 24700000  Loss: 0.065090 Regul: 0.003186 Obj: 0.068276 (0.051245)  NNZ: 9 (8)  Ttime: 1.4687 Vtime: 0.0510
Step: 24800000  Loss: 0.063763 Regul: 0.003381 Obj: 0.067144 (0.051245)  NNZ: 12 (8)  Ttime: 1.4439 Vtime: 0.0514
Step: 24900000  Loss: 0.077430 Regul: 0.004008 Obj: 0.081438 (0.051245)  NNZ: 12 (8)  Ttime: 1.4424 Vtime: 0.0520
Step: 25000000  Loss: 0.062520 Regul: 0.003037 Obj: 0.065557 (0.051245)  NNZ: 10 (8)  Ttime: 1.4442 Vtime: 0.0511
Step: 25100000  Loss: 0.060756 Regul: 0.004011 Obj: 0.064768 (0.051245)  NNZ: 13 (8)  Ttime: 1.4664 Vtime: 0.0515
Step: 25200000  Loss: 0.066640 Regul: 0.002146 Obj: 0.068786 (0.051245)  NNZ: 7 (8)  Ttime: 1.4416 Vtime: 0.0514
Step: 25300000  Loss: 0.056562 Regul: 0.001828 Obj: 0.058389 (0.051245)  NNZ: 6 (8)  Ttime: 1.4339 Vtime: 0.0513
Step: 25400000  Loss: 0.061428 Regul: 0.002783 Obj: 0.064211 (0.051245)  NNZ: 12 (8)  Ttime: 1.4834 Vtime: 0.0517
Step: 25500000  Loss: 0.053542 Regul: 0.002265 Obj: 0.055807 (0.051245)  NNZ: 9 (8)  Ttime: 1.4324 Vtime: 0.0512
Step: 25600000  Loss: 0.054860 Regul: 0.002969 Obj: 0.057829 (0.051245)  NNZ: 9 (8)  Ttime: 1.4301 Vtime: 0.0508
Step: 25700000  Loss: 0.061343 Regul: 0.002821 Obj: 0.064164 (0.051245)  NNZ: 10 (8)  Ttime: 1.4426 Vtime: 0.0512
Step: 25800000  Loss: 0.082999 Regul: 0.003629 Obj: 0.086629 (0.051245)  NNZ: 11 (8)  Ttime: 1.4397 Vtime: 0.0513
Step: 25900000  Loss: 0.066419 Regul: 0.003123 Obj: 0.069542 (0.051245)  NNZ: 11 (8)  Ttime: 1.4371 Vtime: 0.0511
Step: 26000000  Loss: 0.056976 Regul: 0.003091 Obj: 0.060067 (0.051245)  NNZ: 9 (8)  Ttime: 1.4381 Vtime: 0.0515
Step: 26100000  Loss: 0.063697 Regul: 0.003373 Obj: 0.067071 (0.051245)  NNZ: 11 (8)  Ttime: 1.4342 Vtime: 0.0519
Step: 26200000  Loss: 0.061978 Regul: 0.002379 Obj: 0.064357 (0.051245)  NNZ: 8 (8)  Ttime: 1.4475 Vtime: 0.0519
Step: 26300000  Loss: 0.067443 Regul: 0.002889 Obj: 0.070332 (0.051245)  NNZ: 8 (8)  Ttime: 1.4373 Vtime: 0.0515
Step: 26400000  Loss: 0.070900 Regul: 0.004971 Obj: 0.075871 (0.051245)  NNZ: 18 (8)  Ttime: 1.4456 Vtime: 0.0515
Step: 26500000  Loss: 0.054717 Regul: 0.001697 Obj: 0.056414 (0.051245)  NNZ: 6 (8)  Ttime: 1.4519 Vtime: 0.0512
Step: 26600000  Loss: 0.070051 Regul: 0.004600 Obj: 0.074651 (0.051245)  NNZ: 14 (8)  Ttime: 1.4461 Vtime: 0.0516
Step: 26700000  Loss: 0.060104 Regul: 0.001824 Obj: 0.061928 (0.051245)  NNZ: 9 (8)  Ttime: 1.4364 Vtime: 0.0515
Step: 26800000  Loss: 0.067984 Regul: 0.002884 Obj: 0.070868 (0.051245)  NNZ: 14 (8)  Ttime: 1.4335 Vtime: 0.0511
Step: 26900000  Loss: 0.055636 Regul: 0.003425 Obj: 0.059060 (0.051245)  NNZ: 14 (8)  Ttime: 1.4290 Vtime: 0.0517
Step: 27000000  Loss: 0.072638 Regul: 0.004574 Obj: 0.077212 (0.051245)  NNZ: 15 (8)  Ttime: 1.4334 Vtime: 0.0511
Step: 27100000  Loss: 0.066725 Regul: 0.003560 Obj: 0.070285 (0.051245)  NNZ: 10 (8)  Ttime: 1.4390 Vtime: 0.0520
Step: 27200000  Loss: 0.075343 Regul: 0.005089 Obj: 0.080432 (0.051245)  NNZ: 13 (8)  Ttime: 1.4391 Vtime: 0.0505
Step: 27300000  Loss: 0.052734 Regul: 0.002964 Obj: 0.055698 (0.051245)  NNZ: 13 (8)  Ttime: 1.4516 Vtime: 0.0519
Step: 27400000  Loss: 0.057472 Regul: 0.003474 Obj: 0.060946 (0.051245)  NNZ: 13 (8)  Ttime: 1.4361 Vtime: 0.0515
Step: 27500000  Loss: 0.073601 Regul: 0.003044 Obj: 0.076645 (0.051245)  NNZ: 12 (8)  Ttime: 1.4306 Vtime: 0.0517
Step: 27600000  Loss: 0.073806 Regul: 0.005339 Obj: 0.079145 (0.051245)  NNZ: 19 (8)  Ttime: 1.4370 Vtime: 0.0515
Step: 27700000  Loss: 0.062384 Regul: 0.002948 Obj: 0.065333 (0.051245)  NNZ: 12 (8)  Ttime: 1.4303 Vtime: 0.0518
Step: 27800000  Loss: 0.054389 Regul: 0.002489 Obj: 0.056878 (0.051245)  NNZ: 15 (8)  Ttime: 1.4345 Vtime: 0.0520
Step: 27900000  Loss: 0.055668 Regul: 0.001755 Obj: 0.057423 (0.051245)  NNZ: 9 (8)  Ttime: 1.4354 Vtime: 0.0515
Step: 28000000  Loss: 0.061913 Regul: 0.002914 Obj: 0.064828 (0.051245)  NNZ: 12 (8)  Ttime: 1.4324 Vtime: 0.0514
Step: 28100000  Loss: 0.061733 Regul: 0.003346 Obj: 0.065080 (0.051245)  NNZ: 13 (8)  Ttime: 1.4462 Vtime: 0.0517
Step: 28200000  Loss: 0.070628 Regul: 0.004419 Obj: 0.075047 (0.051245)  NNZ: 14 (8)  Ttime: 1.4354 Vtime: 0.0513
Step: 28300000  Loss: 0.067917 Regul: 0.004991 Obj: 0.072908 (0.051245)  NNZ: 16 (8)  Ttime: 1.4544 Vtime: 0.0515
Step: 28400000  Loss: 0.061615 Regul: 0.003514 Obj: 0.065129 (0.051245)  NNZ: 14 (8)  Ttime: 1.4380 Vtime: 0.0512
Step: 28500000  Loss: 0.094431 Regul: 0.005315 Obj: 0.099745 (0.051245)  NNZ: 12 (8)  Ttime: 1.4307 Vtime: 0.0506
Step: 28600000  Loss: 0.063539 Regul: 0.001081 Obj: 0.064620 (0.051245)  NNZ: 7 (8)  Ttime: 1.4446 Vtime: 0.0514
Step: 28700000  Loss: 0.051869 Regul: 0.002452 Obj: 0.054321 (0.051245)  NNZ: 11 (8)  Ttime: 1.4320 Vtime: 0.0515
Step: 28800000  Loss: 0.066957 Regul: 0.001899 Obj: 0.068856 (0.051245)  NNZ: 7 (8)  Ttime: 1.4279 Vtime: 0.0514
Step: 28900000  Loss: 0.055522 Regul: 0.002477 Obj: 0.057998 (0.051245)  NNZ: 10 (8)  Ttime: 1.4568 Vtime: 0.0516
Step: 29000000  Loss: 0.090134 Regul: 0.002869 Obj: 0.093003 (0.051245)  NNZ: 15 (8)  Ttime: 1.4439 Vtime: 0.0516
Step: 29100000  Loss: 0.071797 Regul: 0.003229 Obj: 0.075026 (0.051245)  NNZ: 11 (8)  Ttime: 1.4472 Vtime: 0.0511
Step: 29200000  Loss: 0.066078 Regul: 0.004711 Obj: 0.070788 (0.051245)  NNZ: 16 (8)  Ttime: 1.4367 Vtime: 0.0520
Step: 29300000  Loss: 0.086860 Regul: 0.003951 Obj: 0.090811 (0.051245)  NNZ: 17 (8)  Ttime: 1.4322 Vtime: 0.0518
Step: 29400000  Loss: 0.066434 Regul: 0.004112 Obj: 0.070545 (0.051245)  NNZ: 15 (8)  Ttime: 1.4397 Vtime: 0.0516
Step: 29500000  Loss: 0.070085 Regul: 0.003839 Obj: 0.073923 (0.051245)  NNZ: 12 (8)  Ttime: 1.4500 Vtime: 0.0527
Step: 29600000  Loss: 0.058418 Regul: 0.003099 Obj: 0.061517 (0.051245)  NNZ: 12 (8)  Ttime: 1.4376 Vtime: 0.0510
Step: 29700000  Loss: 0.056045 Regul: 0.002523 Obj: 0.058569 (0.051245)  NNZ: 9 (8)  Ttime: 1.4335 Vtime: 0.0529
Step: 29800000  Loss: 0.059278 Regul: 0.002249 Obj: 0.061526 (0.051245)  NNZ: 8 (8)  Ttime: 1.4464 Vtime: 0.0519
Step: 29900000  Loss: 0.064134 Regul: 0.004207 Obj: 0.068341 (0.051245)  NNZ: 13 (8)  Ttime: 1.4363 Vtime: 0.0513
Step: 30000000  Loss: 0.073101 Regul: 0.003704 Obj: 0.076804 (0.051245)  NNZ: 11 (8)  Ttime: 1.4426 Vtime: 0.0521
Step: 30100000  Loss: 0.063236 Regul: 0.002785 Obj: 0.066022 (0.051245)  NNZ: 12 (8)  Ttime: 1.4384 Vtime: 0.0519
Step: 30200000  Loss: 0.054905 Regul: 0.002596 Obj: 0.057501 (0.051245)  NNZ: 10 (8)  Ttime: 1.4564 Vtime: 0.0513
Step: 30300000  Loss: 0.069404 Regul: 0.004608 Obj: 0.074011 (0.051245)  NNZ: 13 (8)  Ttime: 1.4387 Vtime: 0.0512
Step: 30400000  Loss: 0.064780 Regul: 0.003044 Obj: 0.067824 (0.051245)  NNZ: 13 (8)  Ttime: 1.4350 Vtime: 0.0514
Step: 30500000  Loss: 0.064581 Regul: 0.003721 Obj: 0.068302 (0.051245)  NNZ: 12 (8)  Ttime: 1.4323 Vtime: 0.0514
Step: 30600000  Loss: 0.082509 Regul: 0.005656 Obj: 0.088165 (0.051245)  NNZ: 21 (8)  Ttime: 1.4302 Vtime: 0.0513
Step: 30700000  Loss: 0.138372 Regul: 0.001550 Obj: 0.139923 (0.051245)  NNZ: 7 (8)  Ttime: 1.4324 Vtime: 0.0514
Step: 30800000  Loss: 0.065268 Regul: 0.004910 Obj: 0.070178 (0.051245)  NNZ: 14 (8)  Ttime: 1.4281 Vtime: 0.0508
Step: 30900000  Loss: 0.066797 Regul: 0.003039 Obj: 0.069837 (0.051245)  NNZ: 13 (8)  Ttime: 1.4284 Vtime: 0.0514
Step: 31000000  Loss: 0.055671 Regul: 0.003269 Obj: 0.058941 (0.051245)  NNZ: 11 (8)  Ttime: 1.4450 Vtime: 0.0513
Step: 31100000  Loss: 0.051499 Regul: 0.001621 Obj: 0.053119 (0.051245)  NNZ: 8 (8)  Ttime: 1.4345 Vtime: 0.0513
Step: 31200000  Loss: 0.060982 Regul: 0.002280 Obj: 0.063261 (0.051245)  NNZ: 11 (8)  Ttime: 1.4460 Vtime: 0.0519
Step: 31300000  Loss: 0.051933 Regul: 0.001991 Obj: 0.053924 (0.051245)  NNZ: 10 (8)  Ttime: 1.4742 Vtime: 0.0511
Step: 31400000  Loss: 0.062571 Regul: 0.003258 Obj: 0.065829 (0.051245)  NNZ: 12 (8)  Ttime: 1.4555 Vtime: 0.0522
Step: 31500000  Loss: 0.067197 Regul: 0.002579 Obj: 0.069776 (0.051245)  NNZ: 11 (8)  Ttime: 1.4419 Vtime: 0.0516
Step: 31600000  Loss: 0.069051 Regul: 0.003717 Obj: 0.072768 (0.051245)  NNZ: 11 (8)  Ttime: 1.4321 Vtime: 0.0513
Step: 31700000  Loss: 0.055307 Regul: 0.002574 Obj: 0.057881 (0.051245)  NNZ: 9 (8)  Ttime: 1.4515 Vtime: 0.0514
Step: 31800000  Loss: 0.080591 Regul: 0.003445 Obj: 0.084037 (0.051245)  NNZ: 10 (8)  Ttime: 1.4421 Vtime: 0.0511
Step: 31900000  Loss: 0.057233 Regul: 0.002853 Obj: 0.060086 (0.051245)  NNZ: 16 (8)  Ttime: 1.4523 Vtime: 0.0509
Step: 32000000  Loss: 0.067106 Regul: 0.003437 Obj: 0.070543 (0.051245)  NNZ: 16 (8)  Ttime: 1.4329 Vtime: 0.0513
Step: 32100000  Loss: 0.053438 Regul: 0.002577 Obj: 0.056015 (0.051245)  NNZ: 10 (8)  Ttime: 1.4552 Vtime: 0.0513
Step: 32200000  Loss: 0.058711 Regul: 0.003400 Obj: 0.062111 (0.051245)  NNZ: 11 (8)  Ttime: 1.4478 Vtime: 0.0521
Step: 32300000  Loss: 0.052746 Regul: 0.002781 Obj: 0.055528 (0.051245)  NNZ: 12 (8)  Ttime: 1.4324 Vtime: 0.0516
Step: 32400000  Loss: 0.063174 Regul: 0.002932 Obj: 0.066106 (0.051245)  NNZ: 11 (8)  Ttime: 1.4466 Vtime: 0.0510
Step: 32500000  Loss: 0.061939 Regul: 0.004326 Obj: 0.066265 (0.051245)  NNZ: 18 (8)  Ttime: 1.4360 Vtime: 0.0518
Step: 32600000  Loss: 0.059941 Regul: 0.002135 Obj: 0.062076 (0.051245)  NNZ: 7 (8)  Ttime: 1.4566 Vtime: 0.0516
Step: 32700000  Loss: 0.058023 Regul: 0.002312 Obj: 0.060335 (0.051245)  NNZ: 7 (8)  Ttime: 1.4458 Vtime: 0.0511
Step: 32800000  Loss: 0.055267 Regul: 0.002531 Obj: 0.057798 (0.051245)  NNZ: 11 (8)  Ttime: 1.4340 Vtime: 0.0515
Step: 32900000  Loss: 0.079332 Regul: 0.004683 Obj: 0.084015 (0.051245)  NNZ: 16 (8)  Ttime: 1.4333 Vtime: 0.0512
Step: 33000000  Loss: 0.050570 Regul: 0.001785 Obj: 0.052354 (0.051245)  NNZ: 10 (8)  Ttime: 1.4376 Vtime: 0.0517
Step: 33100000  Loss: 0.062393 Regul: 0.003493 Obj: 0.065885 (0.051245)  NNZ: 15 (8)  Ttime: 1.4356 Vtime: 0.0510
Step: 33200000  Loss: 0.060844 Regul: 0.004434 Obj: 0.065278 (0.051245)  NNZ: 19 (8)  Ttime: 1.4462 Vtime: 0.0514
Step: 33300000  Loss: 0.053929 Regul: 0.002326 Obj: 0.056255 (0.051245)  NNZ: 11 (8)  Ttime: 1.4400 Vtime: 0.0516
Step: 33400000  Loss: 0.125785 Regul: 0.004691 Obj: 0.130476 (0.051245)  NNZ: 16 (8)  Ttime: 1.4348 Vtime: 0.0515
Step: 33500000  Loss: 0.089914 Regul: 0.004222 Obj: 0.094136 (0.051245)  NNZ: 14 (8)  Ttime: 1.4366 Vtime: 0.0510
Step: 33600000  Loss: 0.059503 Regul: 0.002852 Obj: 0.062355 (0.051245)  NNZ: 8 (8)  Ttime: 1.4378 Vtime: 0.0515
Step: 33700000  Loss: 0.099947 Regul: 0.002717 Obj: 0.102664 (0.051245)  NNZ: 7 (8)  Ttime: 1.4380 Vtime: 0.0521
Step: 33800000  Loss: 0.059210 Regul: 0.003283 Obj: 0.062493 (0.051245)  NNZ: 18 (8)  Ttime: 1.4720 Vtime: 0.0519
Step: 33900000  Loss: 0.078011 Regul: 0.003914 Obj: 0.081925 (0.051245)  NNZ: 13 (8)  Ttime: 1.4326 Vtime: 0.0514
Step: 34000000  Loss: 0.110152 Regul: 0.006288 Obj: 0.116439 (0.051245)  NNZ: 16 (8)  Ttime: 1.4266 Vtime: 0.0517
Step: 34100000  Loss: 0.076132 Regul: 0.005945 Obj: 0.082076 (0.051245)  NNZ: 23 (8)  Ttime: 1.4624 Vtime: 0.0511
Step: 34200000  Loss: 0.074335 Regul: 0.004562 Obj: 0.078897 (0.051245)  NNZ: 13 (8)  Ttime: 1.4382 Vtime: 0.0509
Step: 34300000  Loss: 0.072103 Regul: 0.003161 Obj: 0.075264 (0.051245)  NNZ: 13 (8)  Ttime: 1.4650 Vtime: 0.0507
Step: 34400000  Loss: 0.053743 Regul: 0.002846 Obj: 0.056589 (0.051245)  NNZ: 15 (8)  Ttime: 1.4449 Vtime: 0.0509
Step: 34500000  Loss: 0.062929 Regul: 0.004603 Obj: 0.067532 (0.051245)  NNZ: 13 (8)  Ttime: 1.4542 Vtime: 0.0519
Step: 34600000  Loss: 0.058967 Regul: 0.003301 Obj: 0.062268 (0.051245)  NNZ: 15 (8)  Ttime: 1.4589 Vtime: 0.0517
Step: 34700000  Loss: 0.063032 Regul: 0.004242 Obj: 0.067274 (0.051245)  NNZ: 14 (8)  Ttime: 1.4320 Vtime: 0.0517
Step: 34800000  Loss: 0.090828 Regul: 0.004468 Obj: 0.095296 (0.051245)  NNZ: 13 (8)  Ttime: 1.4487 Vtime: 0.0515
Step: 34900000  Loss: 0.062772 Regul: 0.004145 Obj: 0.066917 (0.051245)  NNZ: 18 (8)  Ttime: 1.4360 Vtime: 0.0513
Step: 35000000  Loss: 0.058188 Regul: 0.001925 Obj: 0.060113 (0.051245)  NNZ: 9 (8)  Ttime: 1.4454 Vtime: 0.0525
Step: 35100000  Loss: 0.064682 Regul: 0.004614 Obj: 0.069296 (0.051245)  NNZ: 15 (8)  Ttime: 1.4563 Vtime: 0.0517
Step: 35200000  Loss: 0.061136 Regul: 0.003849 Obj: 0.064985 (0.051245)  NNZ: 15 (8)  Ttime: 1.4478 Vtime: 0.0519
Step: 35300000  Loss: 0.063468 Regul: 0.003477 Obj: 0.066945 (0.051245)  NNZ: 13 (8)  Ttime: 1.4392 Vtime: 0.0519
Step: 35400000  Loss: 0.063995 Regul: 0.003929 Obj: 0.067923 (0.051245)  NNZ: 12 (8)  Ttime: 1.4382 Vtime: 0.0516
Step: 35500000  Loss: 0.053809 Regul: 0.002953 Obj: 0.056762 (0.051245)  NNZ: 12 (8)  Ttime: 1.4562 Vtime: 0.0513
Step: 35600000  Loss: 0.066362 Regul: 0.003773 Obj: 0.070135 (0.051245)  NNZ: 13 (8)  Ttime: 1.4482 Vtime: 0.0510
Step: 35700000  Loss: 0.062048 Regul: 0.004563 Obj: 0.066611 (0.051245)  NNZ: 15 (8)  Ttime: 1.4552 Vtime: 0.0512
Step: 35800000  Loss: 0.057442 Regul: 0.003734 Obj: 0.061176 (0.051245)  NNZ: 18 (8)  Ttime: 1.4563 Vtime: 0.0516
Step: 35900000  Loss: 0.078806 Regul: 0.005775 Obj: 0.084581 (0.051245)  NNZ: 19 (8)  Ttime: 1.4388 Vtime: 0.0513
Step: 36000000  Loss: 0.061331 Regul: 0.003375 Obj: 0.064706 (0.051245)  NNZ: 11 (8)  Ttime: 1.4308 Vtime: 0.0505
Step: 36100000  Loss: 0.079940 Regul: 0.004583 Obj: 0.084523 (0.051245)  NNZ: 16 (8)  Ttime: 1.4309 Vtime: 0.0515
Step: 36200000  Loss: 0.057791 Regul: 0.002888 Obj: 0.060679 (0.051245)  NNZ: 10 (8)  Ttime: 1.4305 Vtime: 0.0525
Step: 36300000  Loss: 0.064463 Regul: 0.004697 Obj: 0.069160 (0.051245)  NNZ: 14 (8)  Ttime: 1.4510 Vtime: 0.0511
Step: 36400000  Loss: 0.053843 Regul: 0.003102 Obj: 0.056944 (0.051245)  NNZ: 9 (8)  Ttime: 1.4408 Vtime: 0.0519
Step: 36500000  Loss: 0.070524 Regul: 0.003737 Obj: 0.074262 (0.051245)  NNZ: 12 (8)  Ttime: 1.4294 Vtime: 0.0523
Step: 36600000  Loss: 0.059970 Regul: 0.003672 Obj: 0.063642 (0.051245)  NNZ: 13 (8)  Ttime: 1.4294 Vtime: 0.0516
Step: 36700000  Loss: 0.063996 Regul: 0.005331 Obj: 0.069327 (0.051245)  NNZ: 17 (8)  Ttime: 1.4304 Vtime: 0.0515
Step: 36800000  Loss: 0.053721 Regul: 0.002881 Obj: 0.056602 (0.051245)  NNZ: 12 (8)  Ttime: 1.4346 Vtime: 0.0512
Step: 36900000  Loss: 0.055504 Regul: 0.002763 Obj: 0.058266 (0.051245)  NNZ: 9 (8)  Ttime: 1.4358 Vtime: 0.0514
Step: 37000000  Loss: 0.067182 Regul: 0.003358 Obj: 0.070540 (0.051245)  NNZ: 11 (8)  Ttime: 1.4366 Vtime: 0.0512
Step: 37100000  Loss: 0.070378 Regul: 0.005222 Obj: 0.075599 (0.051245)  NNZ: 16 (8)  Ttime: 1.4370 Vtime: 0.0519
Step: 37200000  Loss: 0.054556 Regul: 0.002357 Obj: 0.056913 (0.051245)  NNZ: 9 (8)  Ttime: 1.4401 Vtime: 0.0506
Step: 37300000  Loss: 0.078907 Regul: 0.004852 Obj: 0.083759 (0.051245)  NNZ: 14 (8)  Ttime: 1.4416 Vtime: 0.0517
Step: 37400000  Loss: 0.063678 Regul: 0.003597 Obj: 0.067276 (0.051245)  NNZ: 12 (8)  Ttime: 1.4308 Vtime: 0.0517
Step: 37500000  Loss: 0.082835 Regul: 0.006725 Obj: 0.089560 (0.051245)  NNZ: 16 (8)  Ttime: 1.4435 Vtime: 0.0515
Step: 37600000  Loss: 0.074261 Regul: 0.003086 Obj: 0.077347 (0.051245)  NNZ: 8 (8)  Ttime: 1.4307 Vtime: 0.0511
Step: 37700000  Loss: 0.059518 Regul: 0.003726 Obj: 0.063243 (0.051245)  NNZ: 15 (8)  Ttime: 1.4305 Vtime: 0.0515
Step: 37800000  Loss: 0.066843 Regul: 0.005154 Obj: 0.071997 (0.051245)  NNZ: 16 (8)  Ttime: 1.4304 Vtime: 0.0510
Step: 37900000  Loss: 0.073634 Regul: 0.006274 Obj: 0.079908 (0.051245)  NNZ: 22 (8)  Ttime: 1.4326 Vtime: 0.0515
Step: 38000000  Loss: 0.057354 Regul: 0.003776 Obj: 0.061130 (0.051245)  NNZ: 14 (8)  Ttime: 1.4419 Vtime: 0.0510
Step: 38100000  Loss: 0.060113 Regul: 0.004152 Obj: 0.064266 (0.051245)  NNZ: 12 (8)  Ttime: 1.4444 Vtime: 0.0516
Step: 38200000  Loss: 0.057685 Regul: 0.003105 Obj: 0.060790 (0.051245)  NNZ: 9 (8)  Ttime: 1.4379 Vtime: 0.0509
Best: 38300000  Loss: 0.048618 Regul: 0.002141 Obj: 0.050759 (0.050759)  NNZ: 9 (9)  Ttime: 1.4310 Vtime: 0.0521
Stat: nPR #64 (#72) Dim/MaxDim [512/640] AUC: 0.981723 FPR95: 7.27 [saved]
Step: 38400000  Loss: 0.074116 Regul: 0.003698 Obj: 0.077814 (0.050759)  NNZ: 10 (9)  Ttime: 1.4301 Vtime: 0.0514
Step: 38500000  Loss: 0.061833 Regul: 0.002070 Obj: 0.063903 (0.050759)  NNZ: 9 (9)  Ttime: 1.4385 Vtime: 0.0517
Step: 38600000  Loss: 0.057080 Regul: 0.003512 Obj: 0.060592 (0.050759)  NNZ: 14 (9)  Ttime: 1.4992 Vtime: 0.0512
Step: 38700000  Loss: 0.060300 Regul: 0.003098 Obj: 0.063398 (0.050759)  NNZ: 11 (9)  Ttime: 1.4513 Vtime: 0.0511
Step: 38800000  Loss: 0.067686 Regul: 0.004178 Obj: 0.071864 (0.050759)  NNZ: 16 (9)  Ttime: 1.4417 Vtime: 0.0513
Step: 38900000  Loss: 0.067001 Regul: 0.005411 Obj: 0.072412 (0.050759)  NNZ: 18 (9)  Ttime: 1.4467 Vtime: 0.0507
Step: 39000000  Loss: 0.089491 Regul: 0.003960 Obj: 0.093451 (0.050759)  NNZ: 14 (9)  Ttime: 1.4466 Vtime: 0.0511
Step: 39100000  Loss: 0.059701 Regul: 0.003809 Obj: 0.063510 (0.050759)  NNZ: 14 (9)  Ttime: 1.4352 Vtime: 0.0513
Step: 39200000  Loss: 0.056010 Regul: 0.003262 Obj: 0.059272 (0.050759)  NNZ: 13 (9)  Ttime: 1.4413 Vtime: 0.0512
Step: 39300000  Loss: 0.078456 Regul: 0.004131 Obj: 0.082587 (0.050759)  NNZ: 15 (9)  Ttime: 1.4344 Vtime: 0.0511
Step: 39400000  Loss: 0.084001 Regul: 0.005555 Obj: 0.089556 (0.050759)  NNZ: 21 (9)  Ttime: 1.4435 Vtime: 0.0507
Step: 39500000  Loss: 0.057940 Regul: 0.003792 Obj: 0.061732 (0.050759)  NNZ: 14 (9)  Ttime: 1.4749 Vtime: 0.0525
Step: 39600000  Loss: 0.074999 Regul: 0.006554 Obj: 0.081552 (0.050759)  NNZ: 23 (9)  Ttime: 1.5797 Vtime: 0.0516
Step: 39700000  Loss: 0.066590 Regul: 0.004093 Obj: 0.070683 (0.050759)  NNZ: 20 (9)  Ttime: 1.4772 Vtime: 0.0514
Step: 39800000  Loss: 0.057874 Regul: 0.004009 Obj: 0.061883 (0.050759)  NNZ: 14 (9)  Ttime: 1.5989 Vtime: 0.0526
Step: 39900000  Loss: 0.058375 Regul: 0.001431 Obj: 0.059806 (0.050759)  NNZ: 11 (9)  Ttime: 1.7248 Vtime: 0.0519
Step: 40000000  Loss: 0.062018 Regul: 0.004003 Obj: 0.066020 (0.050759)  NNZ: 13 (9)  Ttime: 1.6115 Vtime: 0.0514
Step: 40100000  Loss: 0.074502 Regul: 0.005988 Obj: 0.080490 (0.050759)  NNZ: 24 (9)  Ttime: 1.5318 Vtime: 0.0520
Step: 40200000  Loss: 0.062558 Regul: 0.004611 Obj: 0.067169 (0.050759)  NNZ: 19 (9)  Ttime: 1.5639 Vtime: 0.0521
Step: 40300000  Loss: 0.070735 Regul: 0.003443 Obj: 0.074178 (0.050759)  NNZ: 11 (9)  Ttime: 1.5733 Vtime: 0.0518
Step: 40400000  Loss: 0.053398 Regul: 0.003027 Obj: 0.056425 (0.050759)  NNZ: 11 (9)  Ttime: 1.5587 Vtime: 0.0513
Step: 40500000  Loss: 0.065155 Regul: 0.004117 Obj: 0.069272 (0.050759)  NNZ: 13 (9)  Ttime: 1.4238 Vtime: 0.0513
Step: 40600000  Loss: 0.064933 Regul: 0.003996 Obj: 0.068928 (0.050759)  NNZ: 11 (9)  Ttime: 1.4273 Vtime: 0.0512
Step: 40700000  Loss: 0.057411 Regul: 0.003610 Obj: 0.061020 (0.050759)  NNZ: 8 (9)  Ttime: 1.4316 Vtime: 0.0512
Step: 40800000  Loss: 0.052754 Regul: 0.003065 Obj: 0.055820 (0.050759)  NNZ: 8 (9)  Ttime: 1.4465 Vtime: 0.0509
Step: 40900000  Loss: 0.065378 Regul: 0.003188 Obj: 0.068566 (0.050759)  NNZ: 10 (9)  Ttime: 1.4327 Vtime: 0.0516
Step: 41000000  Loss: 0.061501 Regul: 0.003430 Obj: 0.064932 (0.050759)  NNZ: 10 (9)  Ttime: 1.4321 Vtime: 0.0509
Step: 41100000  Loss: 0.079508 Regul: 0.004580 Obj: 0.084088 (0.050759)  NNZ: 11 (9)  Ttime: 1.4231 Vtime: 0.0521
Step: 41200000  Loss: 0.070477 Regul: 0.004635 Obj: 0.075111 (0.050759)  NNZ: 11 (9)  Ttime: 1.4268 Vtime: 0.0516
Step: 41300000  Loss: 0.058114 Regul: 0.004002 Obj: 0.062116 (0.050759)  NNZ: 14 (9)  Ttime: 1.4406 Vtime: 0.0516
Step: 41400000  Loss: 0.058071 Regul: 0.002549 Obj: 0.060619 (0.050759)  NNZ: 5 (9)  Ttime: 1.4236 Vtime: 0.0514
Step: 41500000  Loss: 0.057974 Regul: 0.003043 Obj: 0.061017 (0.050759)  NNZ: 12 (9)  Ttime: 1.4234 Vtime: 0.0520
Step: 41600000  Loss: 0.080225 Regul: 0.004771 Obj: 0.084996 (0.050759)  NNZ: 10 (9)  Ttime: 1.4256 Vtime: 0.0515
Step: 41700000  Loss: 0.071206 Regul: 0.004706 Obj: 0.075912 (0.050759)  NNZ: 12 (9)  Ttime: 1.4288 Vtime: 0.0519
Step: 41800000  Loss: 0.065485 Regul: 0.004229 Obj: 0.069713 (0.050759)  NNZ: 15 (9)  Ttime: 1.4363 Vtime: 0.0509
Step: 41900000  Loss: 0.063240 Regul: 0.004836 Obj: 0.068076 (0.050759)  NNZ: 16 (9)  Ttime: 1.4294 Vtime: 0.0513
Step: 42000000  Loss: 0.064430 Regul: 0.003076 Obj: 0.067506 (0.050759)  NNZ: 11 (9)  Ttime: 1.4365 Vtime: 0.0515
Step: 42100000  Loss: 0.057956 Regul: 0.003464 Obj: 0.061420 (0.050759)  NNZ: 13 (9)  Ttime: 1.4249 Vtime: 0.0518
Step: 42200000  Loss: 0.059788 Regul: 0.003914 Obj: 0.063703 (0.050759)  NNZ: 15 (9)  Ttime: 1.4275 Vtime: 0.0521
Step: 42300000  Loss: 0.062853 Regul: 0.003528 Obj: 0.066381 (0.050759)  NNZ: 20 (9)  Ttime: 1.4391 Vtime: 0.0522
Step: 42400000  Loss: 0.068337 Regul: 0.004354 Obj: 0.072692 (0.050759)  NNZ: 14 (9)  Ttime: 1.4322 Vtime: 0.0515
Step: 42500000  Loss: 0.059567 Regul: 0.002557 Obj: 0.062123 (0.050759)  NNZ: 10 (9)  Ttime: 1.4247 Vtime: 0.0512
Step: 42600000  Loss: 0.058833 Regul: 0.003840 Obj: 0.062673 (0.050759)  NNZ: 11 (9)  Ttime: 1.4344 Vtime: 0.0511
Step: 42700000  Loss: 0.056882 Regul: 0.003133 Obj: 0.060015 (0.050759)  NNZ: 11 (9)  Ttime: 1.4274 Vtime: 0.0520
Step: 42800000  Loss: 0.066955 Regul: 0.005356 Obj: 0.072311 (0.050759)  NNZ: 14 (9)  Ttime: 1.4376 Vtime: 0.0513
Step: 42900000  Loss: 0.068081 Regul: 0.004316 Obj: 0.072397 (0.050759)  NNZ: 14 (9)  Ttime: 1.4268 Vtime: 0.0516
Step: 43000000  Loss: 0.057827 Regul: 0.003503 Obj: 0.061330 (0.050759)  NNZ: 14 (9)  Ttime: 1.4410 Vtime: 0.0517
Step: 43100000  Loss: 0.078662 Regul: 0.004321 Obj: 0.082984 (0.050759)  NNZ: 13 (9)  Ttime: 1.4330 Vtime: 0.0516
Step: 43200000  Loss: 0.057979 Regul: 0.004114 Obj: 0.062093 (0.050759)  NNZ: 13 (9)  Ttime: 1.4247 Vtime: 0.0513
Step: 43300000  Loss: 0.059004 Regul: 0.003982 Obj: 0.062986 (0.050759)  NNZ: 13 (9)  Ttime: 1.4293 Vtime: 0.0516
Step: 43400000  Loss: 0.056661 Regul: 0.003498 Obj: 0.060159 (0.050759)  NNZ: 12 (9)  Ttime: 1.4281 Vtime: 0.0515
Step: 43500000  Loss: 0.053336 Regul: 0.002992 Obj: 0.056328 (0.050759)  NNZ: 11 (9)  Ttime: 1.4321 Vtime: 0.0517
Step: 43600000  Loss: 0.061587 Regul: 0.004034 Obj: 0.065621 (0.050759)  NNZ: 13 (9)  Ttime: 1.4316 Vtime: 0.0515
Step: 43700000  Loss: 0.076479 Regul: 0.006475 Obj: 0.082954 (0.050759)  NNZ: 18 (9)  Ttime: 1.4279 Vtime: 0.0516
Step: 43800000  Loss: 0.056864 Regul: 0.003325 Obj: 0.060189 (0.050759)  NNZ: 12 (9)  Ttime: 1.4250 Vtime: 0.0510
Step: 43900000  Loss: 0.057246 Regul: 0.002325 Obj: 0.059571 (0.050759)  NNZ: 11 (9)  Ttime: 1.4297 Vtime: 0.0512
Step: 44000000  Loss: 0.065708 Regul: 0.004370 Obj: 0.070079 (0.050759)  NNZ: 14 (9)  Ttime: 1.4235 Vtime: 0.0526
Step: 44100000  Loss: 0.062945 Regul: 0.002649 Obj: 0.065595 (0.050759)  NNZ: 10 (9)  Ttime: 1.5158 Vtime: 0.0509
Step: 44200000  Loss: 0.058349 Regul: 0.004234 Obj: 0.062583 (0.050759)  NNZ: 16 (9)  Ttime: 1.4418 Vtime: 0.0518
Step: 44300000  Loss: 0.060474 Regul: 0.003486 Obj: 0.063961 (0.050759)  NNZ: 13 (9)  Ttime: 1.4290 Vtime: 0.0514
Step: 44400000  Loss: 0.080286 Regul: 0.005701 Obj: 0.085987 (0.050759)  NNZ: 16 (9)  Ttime: 1.4262 Vtime: 0.0520
Step: 44500000  Loss: 0.058969 Regul: 0.001986 Obj: 0.060955 (0.050759)  NNZ: 7 (9)  Ttime: 1.4725 Vtime: 0.0513
Step: 44600000  Loss: 0.057754 Regul: 0.002997 Obj: 0.060750 (0.050759)  NNZ: 15 (9)  Ttime: 1.4469 Vtime: 0.0517
Step: 44700000  Loss: 0.051251 Regul: 0.002552 Obj: 0.053803 (0.050759)  NNZ: 13 (9)  Ttime: 1.4414 Vtime: 0.0525
Step: 44800000  Loss: 0.067323 Regul: 0.005052 Obj: 0.072375 (0.050759)  NNZ: 15 (9)  Ttime: 1.4508 Vtime: 0.0510
Step: 44900000  Loss: 0.064896 Regul: 0.005233 Obj: 0.070130 (0.050759)  NNZ: 18 (9)  Ttime: 1.4503 Vtime: 0.0512
Step: 45000000  Loss: 0.076203 Regul: 0.005599 Obj: 0.081802 (0.050759)  NNZ: 21 (9)  Ttime: 1.4528 Vtime: 0.0521
Step: 45100000  Loss: 0.066696 Regul: 0.002103 Obj: 0.068799 (0.050759)  NNZ: 9 (9)  Ttime: 1.4397 Vtime: 0.0521
Step: 45200000  Loss: 0.065984 Regul: 0.004890 Obj: 0.070874 (0.050759)  NNZ: 21 (9)  Ttime: 1.4437 Vtime: 0.0519
Step: 45300000  Loss: 0.084661 Regul: 0.006729 Obj: 0.091389 (0.050759)  NNZ: 23 (9)  Ttime: 1.4483 Vtime: 0.0516
Step: 45400000  Loss: 0.084961 Regul: 0.006641 Obj: 0.091601 (0.050759)  NNZ: 18 (9)  Ttime: 1.4367 Vtime: 0.0522
Step: 45500000  Loss: 0.062864 Regul: 0.004030 Obj: 0.066894 (0.050759)  NNZ: 17 (9)  Ttime: 1.4445 Vtime: 0.0513
Step: 45600000  Loss: 0.050793 Regul: 0.002777 Obj: 0.053569 (0.050759)  NNZ: 11 (9)  Ttime: 1.4318 Vtime: 0.0515
Step: 45700000  Loss: 0.067225 Regul: 0.004752 Obj: 0.071976 (0.050759)  NNZ: 17 (9)  Ttime: 1.4353 Vtime: 0.0514
Step: 45800000  Loss: 0.084072 Regul: 0.006320 Obj: 0.090392 (0.050759)  NNZ: 19 (9)  Ttime: 1.4443 Vtime: 0.0514
Step: 45900000  Loss: 0.056398 Regul: 0.002362 Obj: 0.058760 (0.050759)  NNZ: 6 (9)  Ttime: 1.4495 Vtime: 0.0512
Step: 46000000  Loss: 0.168021 Regul: 0.003540 Obj: 0.171561 (0.050759)  NNZ: 10 (9)  Ttime: 1.4342 Vtime: 0.0520
Step: 46100000  Loss: 0.090754 Regul: 0.002193 Obj: 0.092947 (0.050759)  NNZ: 9 (9)  Ttime: 1.4417 Vtime: 0.0510
Step: 46200000  Loss: 0.060875 Regul: 0.003439 Obj: 0.064314 (0.050759)  NNZ: 13 (9)  Ttime: 1.4364 Vtime: 0.0513
Step: 46300000  Loss: 0.052547 Regul: 0.002590 Obj: 0.055137 (0.050759)  NNZ: 12 (9)  Ttime: 1.4457 Vtime: 0.0515
Step: 46400000  Loss: 0.060230 Regul: 0.002378 Obj: 0.062608 (0.050759)  NNZ: 9 (9)  Ttime: 1.4429 Vtime: 0.0519
Step: 46500000  Loss: 0.074834 Regul: 0.005165 Obj: 0.079999 (0.050759)  NNZ: 22 (9)  Ttime: 1.4438 Vtime: 0.0519
Step: 46600000  Loss: 0.054335 Regul: 0.003359 Obj: 0.057694 (0.050759)  NNZ: 13 (9)  Ttime: 1.4533 Vtime: 0.0519
Step: 46700000  Loss: 0.082978 Regul: 0.005831 Obj: 0.088809 (0.050759)  NNZ: 16 (9)  Ttime: 1.4404 Vtime: 0.0524
Step: 46800000  Loss: 0.054176 Regul: 0.002695 Obj: 0.056871 (0.050759)  NNZ: 10 (9)  Ttime: 1.4467 Vtime: 0.0516
Step: 46900000  Loss: 0.066778 Regul: 0.003156 Obj: 0.069934 (0.050759)  NNZ: 12 (9)  Ttime: 1.4416 Vtime: 0.0511
Step: 47000000  Loss: 0.057026 Regul: 0.004097 Obj: 0.061123 (0.050759)  NNZ: 15 (9)  Ttime: 1.4407 Vtime: 0.0514
Step: 47100000  Loss: 0.076637 Regul: 0.005264 Obj: 0.081900 (0.050759)  NNZ: 14 (9)  Ttime: 1.4336 Vtime: 0.0511
Step: 47200000  Loss: 0.059263 Regul: 0.003816 Obj: 0.063079 (0.050759)  NNZ: 12 (9)  Ttime: 1.4379 Vtime: 0.0513
Step: 47300000  Loss: 0.075726 Regul: 0.005866 Obj: 0.081592 (0.050759)  NNZ: 20 (9)  Ttime: 1.4358 Vtime: 0.0516
Step: 47400000  Loss: 0.060841 Regul: 0.004199 Obj: 0.065041 (0.050759)  NNZ: 21 (9)  Ttime: 1.4358 Vtime: 0.0517
Step: 47500000  Loss: 0.055405 Regul: 0.001993 Obj: 0.057398 (0.050759)  NNZ: 8 (9)  Ttime: 1.4378 Vtime: 0.0519
Step: 47600000  Loss: 0.068535 Regul: 0.005371 Obj: 0.073907 (0.050759)  NNZ: 15 (9)  Ttime: 1.4366 Vtime: 0.0514
Step: 47700000  Loss: 0.079596 Regul: 0.005640 Obj: 0.085236 (0.050759)  NNZ: 20 (9)  Ttime: 1.4348 Vtime: 0.0517
Step: 47800000  Loss: 0.062950 Regul: 0.002504 Obj: 0.065455 (0.050759)  NNZ: 9 (9)  Ttime: 1.4364 Vtime: 0.0517
Step: 47900000  Loss: 0.062005 Regul: 0.004542 Obj: 0.066547 (0.050759)  NNZ: 14 (9)  Ttime: 1.4497 Vtime: 0.0514
Step: 48000000  Loss: 0.078503 Regul: 0.005725 Obj: 0.084227 (0.050759)  NNZ: 23 (9)  Ttime: 1.4390 Vtime: 0.0507
Step: 48100000  Loss: 0.074376 Regul: 0.003773 Obj: 0.078149 (0.050759)  NNZ: 11 (9)  Ttime: 1.4480 Vtime: 0.0514
Step: 48200000  Loss: 0.056134 Regul: 0.003198 Obj: 0.059332 (0.050759)  NNZ: 13 (9)  Ttime: 1.4450 Vtime: 0.0521
Step: 48300000  Loss: 0.054646 Regul: 0.002387 Obj: 0.057033 (0.050759)  NNZ: 11 (9)  Ttime: 1.4412 Vtime: 0.0515
Step: 48400000  Loss: 0.075449 Regul: 0.005053 Obj: 0.080502 (0.050759)  NNZ: 15 (9)  Ttime: 1.4456 Vtime: 0.0515
Step: 48500000  Loss: 0.059474 Regul: 0.003533 Obj: 0.063007 (0.050759)  NNZ: 16 (9)  Ttime: 1.4444 Vtime: 0.0513
Step: 48600000  Loss: 0.053263 Regul: 0.002435 Obj: 0.055698 (0.050759)  NNZ: 9 (9)  Ttime: 1.4354 Vtime: 0.0516
Step: 48700000  Loss: 0.063216 Regul: 0.002692 Obj: 0.065907 (0.050759)  NNZ: 13 (9)  Ttime: 1.4301 Vtime: 0.0517
Step: 48800000  Loss: 0.057724 Regul: 0.003998 Obj: 0.061722 (0.050759)  NNZ: 16 (9)  Ttime: 1.4364 Vtime: 0.0518
Step: 48900000  Loss: 0.068937 Regul: 0.004334 Obj: 0.073271 (0.050759)  NNZ: 12 (9)  Ttime: 1.4419 Vtime: 0.0514
Step: 49000000  Loss: 0.058574 Regul: 0.003447 Obj: 0.062021 (0.050759)  NNZ: 12 (9)  Ttime: 1.4352 Vtime: 0.0511
Step: 49100000  Loss: 0.064647 Regul: 0.003256 Obj: 0.067903 (0.050759)  NNZ: 12 (9)  Ttime: 1.4414 Vtime: 0.0519
Step: 49200000  Loss: 0.062096 Regul: 0.004057 Obj: 0.066154 (0.050759)  NNZ: 13 (9)  Ttime: 1.4390 Vtime: 0.0512
Step: 49300000  Loss: 0.082158 Regul: 0.005148 Obj: 0.087306 (0.050759)  NNZ: 16 (9)  Ttime: 1.4476 Vtime: 0.0515
Step: 49400000  Loss: 0.057104 Regul: 0.002780 Obj: 0.059884 (0.050759)  NNZ: 13 (9)  Ttime: 1.4357 Vtime: 0.0521
Step: 49500000  Loss: 0.060013 Regul: 0.004478 Obj: 0.064491 (0.050759)  NNZ: 17 (9)  Ttime: 1.4455 Vtime: 0.0515
Step: 49600000  Loss: 0.070709 Regul: 0.005423 Obj: 0.076132 (0.050759)  NNZ: 19 (9)  Ttime: 1.4455 Vtime: 0.0508
Step: 49700000  Loss: 0.064148 Regul: 0.001728 Obj: 0.065876 (0.050759)  NNZ: 6 (9)  Ttime: 1.4372 Vtime: 0.0520
Step: 49800000  Loss: 0.063509 Regul: 0.005178 Obj: 0.068687 (0.050759)  NNZ: 18 (9)  Ttime: 1.4553 Vtime: 0.0520
Step: 49900000  Loss: 0.125048 Regul: 0.001935 Obj: 0.126983 (0.050759)  NNZ: 9 (9)  Ttime: 1.4291 Vtime: 0.0519
Step: 50000000  Loss: 0.059317 Regul: 0.003275 Obj: 0.062591 (0.050759)  NNZ: 11 (9)  Ttime: 1.4461 Vtime: 0.0518
