mu: 0.06 gamma: 0.025 nIters: 50000000
Load PRParams.
Load RingParams.
Load Labels: 500000
Load Distances: 500000 x 5120
0...10...20...30...40...50...60...70...80...90...100 - done.
Positive samples #250000
Negative samples #250000
Positive train #200000
Negative train #200000
Positive valid #50000
Negative valid #50000

Found GPU: GeForce GTX 970
Compute Capability: 5.2

Best: 100000  Loss: 0.165207 Regul: 0.123113 Obj: 0.288320 (0.288320)  NNZ: 2 (2)  Ttime: 1.3699 Vtime: 0.2106
Stat: nPR #12 (#16) Dim/MaxDim [96/640] AUC: 0.974418 FPR95: 13.34 [saved]
Best: 200000  Loss: 0.149564 Regul: 0.123501 Obj: 0.273065 (0.273065)  NNZ: 4 (4)  Ttime: 1.3741 Vtime: 0.0514
Stat: nPR #24 (#32) Dim/MaxDim [192/640] AUC: 0.976166 FPR95: 12.11 [saved]
Step: 300000  Loss: 0.342246 Regul: 0.273281 Obj: 0.615527 (0.273065)  NNZ: 7 (4)  Ttime: 1.3841 Vtime: 0.0520
Step: 400000  Loss: 0.234483 Regul: 0.183311 Obj: 0.417794 (0.273065)  NNZ: 5 (4)  Ttime: 1.3812 Vtime: 0.0523
Step: 500000  Loss: 0.202180 Regul: 0.196465 Obj: 0.398644 (0.273065)  NNZ: 11 (4)  Ttime: 1.3899 Vtime: 0.0512
Step: 600000  Loss: 0.175481 Regul: 0.119883 Obj: 0.295364 (0.273065)  NNZ: 5 (4)  Ttime: 1.3847 Vtime: 0.0520
Step: 700000  Loss: 0.151567 Regul: 0.136575 Obj: 0.288142 (0.273065)  NNZ: 10 (4)  Ttime: 1.3803 Vtime: 0.0517
Best: 800000  Loss: 0.096558 Regul: 0.072378 Obj: 0.168936 (0.168936)  NNZ: 3 (3)  Ttime: 1.3736 Vtime: 0.0509
Stat: nPR #20 (#24) Dim/MaxDim [160/640] AUC: 0.976814 FPR95: 11.56 [saved]
Best: 900000  Loss: 0.079482 Regul: 0.031699 Obj: 0.111181 (0.111181)  NNZ: 4 (4)  Ttime: 1.3764 Vtime: 0.0515
Stat: nPR #20 (#32) Dim/MaxDim [160/640] AUC: 0.971733 FPR95: 15.67 [saved]
Step: 1000000  Loss: 0.092426 Regul: 0.092256 Obj: 0.184682 (0.111181)  NNZ: 8 (4)  Ttime: 1.3707 Vtime: 0.0517
Step: 1100000  Loss: 0.117463 Regul: 0.059048 Obj: 0.176511 (0.111181)  NNZ: 4 (4)  Ttime: 1.3734 Vtime: 0.0520
Step: 1200000  Loss: 0.154380 Regul: 0.153428 Obj: 0.307807 (0.111181)  NNZ: 6 (4)  Ttime: 1.3716 Vtime: 0.0522
Step: 1300000  Loss: 0.094318 Regul: 0.071016 Obj: 0.165333 (0.111181)  NNZ: 13 (4)  Ttime: 1.3703 Vtime: 0.0517
Step: 1400000  Loss: 0.153855 Regul: 0.060044 Obj: 0.213899 (0.111181)  NNZ: 6 (4)  Ttime: 1.3703 Vtime: 0.0518
Step: 1500000  Loss: 0.110060 Regul: 0.074546 Obj: 0.184606 (0.111181)  NNZ: 4 (4)  Ttime: 1.3707 Vtime: 0.0511
Best: 1600000  Loss: 0.075298 Regul: 0.030791 Obj: 0.106089 (0.106089)  NNZ: 4 (4)  Ttime: 1.3702 Vtime: 0.0519
Stat: nPR #32 (#32) Dim/MaxDim [256/640] AUC: 0.973711 FPR95: 13.76 [saved]
Step: 1700000  Loss: 0.235441 Regul: 0.055488 Obj: 0.290929 (0.106089)  NNZ: 2 (4)  Ttime: 1.3716 Vtime: 0.0518
Step: 1800000  Loss: 0.218934 Regul: 0.227344 Obj: 0.446277 (0.106089)  NNZ: 11 (4)  Ttime: 1.3752 Vtime: 0.0515
Step: 1900000  Loss: 0.082408 Regul: 0.042012 Obj: 0.124420 (0.106089)  NNZ: 4 (4)  Ttime: 1.3734 Vtime: 0.0515
Step: 2000000  Loss: 0.120453 Regul: 0.051855 Obj: 0.172309 (0.106089)  NNZ: 4 (4)  Ttime: 1.3740 Vtime: 0.0518
Step: 2100000  Loss: 0.076162 Regul: 0.050889 Obj: 0.127050 (0.106089)  NNZ: 4 (4)  Ttime: 1.3760 Vtime: 0.0521
Step: 2200000  Loss: 0.104803 Regul: 0.089546 Obj: 0.194348 (0.106089)  NNZ: 9 (4)  Ttime: 1.3735 Vtime: 0.0512
Best: 2300000  Loss: 0.075549 Regul: 0.029092 Obj: 0.104641 (0.104641)  NNZ: 3 (3)  Ttime: 1.3707 Vtime: 0.0513
Stat: nPR #20 (#24) Dim/MaxDim [160/640] AUC: 0.972789 FPR95: 14.94 [saved]
Step: 2400000  Loss: 0.114204 Regul: 0.112368 Obj: 0.226572 (0.104641)  NNZ: 11 (3)  Ttime: 1.3767 Vtime: 0.0516
Best: 2500000  Loss: 0.068568 Regul: 0.018779 Obj: 0.087347 (0.087347)  NNZ: 4 (4)  Ttime: 1.3768 Vtime: 0.0521
Stat: nPR #24 (#32) Dim/MaxDim [192/640] AUC: 0.973938 FPR95: 14.12 [saved]
Step: 2600000  Loss: 0.142957 Regul: 0.117129 Obj: 0.260086 (0.087347)  NNZ: 9 (4)  Ttime: 1.3766 Vtime: 0.0516
Step: 2700000  Loss: 0.160532 Regul: 0.144185 Obj: 0.304716 (0.087347)  NNZ: 8 (4)  Ttime: 1.3737 Vtime: 0.0509
Step: 2800000  Loss: 0.098011 Regul: 0.080479 Obj: 0.178489 (0.087347)  NNZ: 6 (4)  Ttime: 1.3745 Vtime: 0.0516
Step: 2900000  Loss: 0.188369 Regul: 0.057949 Obj: 0.246318 (0.087347)  NNZ: 7 (4)  Ttime: 1.3774 Vtime: 0.0507
Step: 3000000  Loss: 0.251158 Regul: 0.070986 Obj: 0.322144 (0.087347)  NNZ: 6 (4)  Ttime: 1.3741 Vtime: 0.0509
Step: 3100000  Loss: 0.076067 Regul: 0.028418 Obj: 0.104485 (0.087347)  NNZ: 4 (4)  Ttime: 1.3756 Vtime: 0.0518
Step: 3200000  Loss: 0.106671 Regul: 0.045117 Obj: 0.151788 (0.087347)  NNZ: 5 (4)  Ttime: 1.3747 Vtime: 0.0513
Step: 3300000  Loss: 0.069579 Regul: 0.033574 Obj: 0.103153 (0.087347)  NNZ: 6 (4)  Ttime: 1.3720 Vtime: 0.0516
Step: 3400000  Loss: 0.069103 Regul: 0.049600 Obj: 0.118703 (0.087347)  NNZ: 7 (4)  Ttime: 1.3751 Vtime: 0.0514
Step: 3500000  Loss: 0.092552 Regul: 0.065039 Obj: 0.157591 (0.087347)  NNZ: 6 (4)  Ttime: 1.3670 Vtime: 0.0509
Step: 3600000  Loss: 0.099952 Regul: 0.062051 Obj: 0.162003 (0.087347)  NNZ: 8 (4)  Ttime: 1.3776 Vtime: 0.0513
Step: 3700000  Loss: 0.122516 Regul: 0.139805 Obj: 0.262321 (0.087347)  NNZ: 13 (4)  Ttime: 1.3757 Vtime: 0.0518
Step: 3800000  Loss: 0.109177 Regul: 0.064658 Obj: 0.173835 (0.087347)  NNZ: 8 (4)  Ttime: 1.3719 Vtime: 0.0510
Best: 3900000  Loss: 0.057429 Regul: 0.029590 Obj: 0.087018 (0.087018)  NNZ: 8 (8)  Ttime: 1.3726 Vtime: 0.0519
Stat: nPR #60 (#64) Dim/MaxDim [480/640] AUC: 0.978666 FPR95: 11.00 [saved]
Step: 4000000  Loss: 0.075991 Regul: 0.037676 Obj: 0.113666 (0.087018)  NNZ: 3 (8)  Ttime: 1.3733 Vtime: 0.0511
Step: 4100000  Loss: 0.170043 Regul: 0.069521 Obj: 0.239564 (0.087018)  NNZ: 7 (8)  Ttime: 1.3741 Vtime: 0.0511
Step: 4200000  Loss: 0.136595 Regul: 0.104062 Obj: 0.240657 (0.087018)  NNZ: 8 (8)  Ttime: 1.3751 Vtime: 0.0517
Best: 4300000  Loss: 0.061650 Regul: 0.024082 Obj: 0.085732 (0.085732)  NNZ: 2 (2)  Ttime: 1.3733 Vtime: 0.0510
Stat: nPR #16 (#16) Dim/MaxDim [128/640] AUC: 0.976671 FPR95: 11.56 [saved]
Step: 4400000  Loss: 0.079982 Regul: 0.044795 Obj: 0.124777 (0.085732)  NNZ: 8 (2)  Ttime: 1.3729 Vtime: 0.0521
Step: 4500000  Loss: 0.174991 Regul: 0.046318 Obj: 0.221310 (0.085732)  NNZ: 8 (2)  Ttime: 1.3734 Vtime: 0.0508
Step: 4600000  Loss: 0.117488 Regul: 0.116221 Obj: 0.233709 (0.085732)  NNZ: 8 (2)  Ttime: 1.3744 Vtime: 0.0520
Step: 4700000  Loss: 0.078600 Regul: 0.056221 Obj: 0.134821 (0.085732)  NNZ: 7 (2)  Ttime: 1.3719 Vtime: 0.0514
Step: 4800000  Loss: 0.226717 Regul: 0.202178 Obj: 0.428895 (0.085732)  NNZ: 14 (2)  Ttime: 1.3760 Vtime: 0.0513
Best: 4900000  Loss: 0.057190 Regul: 0.026602 Obj: 0.083791 (0.083791)  NNZ: 4 (4)  Ttime: 1.3731 Vtime: 0.0524
Stat: nPR #24 (#32) Dim/MaxDim [192/640] AUC: 0.978721 FPR95: 9.73 [saved]
Step: 5000000  Loss: 0.136856 Regul: 0.058770 Obj: 0.195626 (0.083791)  NNZ: 5 (4)  Ttime: 1.3767 Vtime: 0.0517
Step: 5100000  Loss: 0.079050 Regul: 0.029971 Obj: 0.109021 (0.083791)  NNZ: 3 (4)  Ttime: 1.3723 Vtime: 0.0517
Step: 5200000  Loss: 0.349598 Regul: 0.056016 Obj: 0.405614 (0.083791)  NNZ: 5 (4)  Ttime: 1.3712 Vtime: 0.0515
Step: 5300000  Loss: 0.116590 Regul: 0.053701 Obj: 0.170291 (0.083791)  NNZ: 4 (4)  Ttime: 1.3743 Vtime: 0.0515
Step: 5400000  Loss: 0.121667 Regul: 0.082939 Obj: 0.204606 (0.083791)  NNZ: 8 (4)  Ttime: 1.3731 Vtime: 0.0514
Step: 5500000  Loss: 0.089176 Regul: 0.069639 Obj: 0.158815 (0.083791)  NNZ: 7 (4)  Ttime: 1.3738 Vtime: 0.0512
Step: 5600000  Loss: 0.079143 Regul: 0.035537 Obj: 0.114680 (0.083791)  NNZ: 4 (4)  Ttime: 1.3741 Vtime: 0.0523
Step: 5700000  Loss: 0.064210 Regul: 0.019834 Obj: 0.084044 (0.083791)  NNZ: 3 (4)  Ttime: 1.3735 Vtime: 0.0523
Step: 5800000  Loss: 0.092396 Regul: 0.087217 Obj: 0.179612 (0.083791)  NNZ: 9 (4)  Ttime: 1.3768 Vtime: 0.0517
Step: 5900000  Loss: 0.063629 Regul: 0.047725 Obj: 0.111354 (0.083791)  NNZ: 8 (4)  Ttime: 1.3772 Vtime: 0.0520
Step: 6000000  Loss: 0.065395 Regul: 0.042891 Obj: 0.108285 (0.083791)  NNZ: 7 (4)  Ttime: 1.3809 Vtime: 0.0518
Step: 6100000  Loss: 0.082004 Regul: 0.052529 Obj: 0.134533 (0.083791)  NNZ: 7 (4)  Ttime: 1.3764 Vtime: 0.0512
Step: 6200000  Loss: 0.076318 Regul: 0.024551 Obj: 0.100869 (0.083791)  NNZ: 3 (4)  Ttime: 1.3714 Vtime: 0.0514
Step: 6300000  Loss: 0.122989 Regul: 0.049893 Obj: 0.172882 (0.083791)  NNZ: 6 (4)  Ttime: 1.3727 Vtime: 0.0511
Step: 6400000  Loss: 0.087736 Regul: 0.037852 Obj: 0.125587 (0.083791)  NNZ: 3 (4)  Ttime: 1.3741 Vtime: 0.0519
Step: 6500000  Loss: 0.192071 Regul: 0.006885 Obj: 0.198956 (0.083791)  NNZ: 1 (4)  Ttime: 1.3746 Vtime: 0.0515
Step: 6600000  Loss: 0.058065 Regul: 0.032109 Obj: 0.090175 (0.083791)  NNZ: 6 (4)  Ttime: 1.3766 Vtime: 0.0516
Step: 6700000  Loss: 0.065578 Regul: 0.028564 Obj: 0.094143 (0.083791)  NNZ: 3 (4)  Ttime: 1.3736 Vtime: 0.0514
Step: 6800000  Loss: 0.076528 Regul: 0.041924 Obj: 0.118452 (0.083791)  NNZ: 7 (4)  Ttime: 1.3752 Vtime: 0.0512
Step: 6900000  Loss: 0.062441 Regul: 0.034424 Obj: 0.096865 (0.083791)  NNZ: 5 (4)  Ttime: 1.3668 Vtime: 0.0510
Step: 7000000  Loss: 0.081413 Regul: 0.049336 Obj: 0.130749 (0.083791)  NNZ: 5 (4)  Ttime: 1.3756 Vtime: 0.0517
Step: 7100000  Loss: 0.142359 Regul: 0.051562 Obj: 0.193921 (0.083791)  NNZ: 5 (4)  Ttime: 1.3770 Vtime: 0.0516
Step: 7200000  Loss: 0.089491 Regul: 0.076318 Obj: 0.165810 (0.083791)  NNZ: 11 (4)  Ttime: 1.3758 Vtime: 0.0519
Step: 7300000  Loss: 0.067593 Regul: 0.044385 Obj: 0.111978 (0.083791)  NNZ: 8 (4)  Ttime: 1.3728 Vtime: 0.0510
Step: 7400000  Loss: 0.081047 Regul: 0.024111 Obj: 0.105158 (0.083791)  NNZ: 4 (4)  Ttime: 1.3709 Vtime: 0.0516
Step: 7500000  Loss: 0.104434 Regul: 0.057891 Obj: 0.162325 (0.083791)  NNZ: 5 (4)  Ttime: 1.3743 Vtime: 0.0514
Step: 7600000  Loss: 0.081024 Regul: 0.054697 Obj: 0.135721 (0.083791)  NNZ: 6 (4)  Ttime: 1.3741 Vtime: 0.0520
Best: 7700000  Loss: 0.055720 Regul: 0.027656 Obj: 0.083377 (0.083377)  NNZ: 6 (6)  Ttime: 1.3744 Vtime: 0.0521
Stat: nPR #48 (#48) Dim/MaxDim [384/640] AUC: 0.979432 FPR95: 8.70 [saved]
Step: 7800000  Loss: 0.065996 Regul: 0.027041 Obj: 0.093037 (0.083377)  NNZ: 9 (6)  Ttime: 1.3714 Vtime: 0.0515
Step: 7900000  Loss: 0.057787 Regul: 0.040752 Obj: 0.098539 (0.083377)  NNZ: 8 (6)  Ttime: 1.3715 Vtime: 0.0524
Step: 8000000  Loss: 0.077732 Regul: 0.059092 Obj: 0.136824 (0.083377)  NNZ: 7 (6)  Ttime: 1.3778 Vtime: 0.0519
Step: 8100000  Loss: 0.083452 Regul: 0.083496 Obj: 0.166948 (0.083377)  NNZ: 12 (6)  Ttime: 1.3735 Vtime: 0.0514
Step: 8200000  Loss: 0.066806 Regul: 0.036299 Obj: 0.103105 (0.083377)  NNZ: 5 (6)  Ttime: 1.3770 Vtime: 0.0515
Step: 8300000  Loss: 0.063268 Regul: 0.022764 Obj: 0.086032 (0.083377)  NNZ: 3 (6)  Ttime: 1.3764 Vtime: 0.0514
Step: 8400000  Loss: 0.110668 Regul: 0.054639 Obj: 0.165306 (0.083377)  NNZ: 5 (6)  Ttime: 1.3739 Vtime: 0.0511
Step: 8500000  Loss: 0.069401 Regul: 0.035771 Obj: 0.105172 (0.083377)  NNZ: 4 (6)  Ttime: 1.3759 Vtime: 0.0509
Step: 8600000  Loss: 0.093563 Regul: 0.089707 Obj: 0.183270 (0.083377)  NNZ: 11 (6)  Ttime: 1.3741 Vtime: 0.0514
Step: 8700000  Loss: 0.088940 Regul: 0.074502 Obj: 0.163442 (0.083377)  NNZ: 14 (6)  Ttime: 1.3754 Vtime: 0.0510
Step: 8800000  Loss: 0.283574 Regul: 0.108369 Obj: 0.391943 (0.083377)  NNZ: 9 (6)  Ttime: 1.3685 Vtime: 0.0512
Step: 8900000  Loss: 0.088292 Regul: 0.079189 Obj: 0.167481 (0.083377)  NNZ: 7 (6)  Ttime: 1.3741 Vtime: 0.0513
Step: 9000000  Loss: 0.085002 Regul: 0.043594 Obj: 0.128595 (0.083377)  NNZ: 8 (6)  Ttime: 1.3745 Vtime: 0.0504
Step: 9100000  Loss: 0.081300 Regul: 0.033779 Obj: 0.115080 (0.083377)  NNZ: 4 (6)  Ttime: 1.3758 Vtime: 0.0518
Step: 9200000  Loss: 0.061042 Regul: 0.035508 Obj: 0.096549 (0.083377)  NNZ: 7 (6)  Ttime: 1.3738 Vtime: 0.0514
Step: 9300000  Loss: 0.062004 Regul: 0.032578 Obj: 0.094582 (0.083377)  NNZ: 5 (6)  Ttime: 1.3752 Vtime: 0.0516
Step: 9400000  Loss: 0.091172 Regul: 0.073828 Obj: 0.165000 (0.083377)  NNZ: 11 (6)  Ttime: 1.3722 Vtime: 0.0513
Step: 9500000  Loss: 0.091500 Regul: 0.063779 Obj: 0.155280 (0.083377)  NNZ: 8 (6)  Ttime: 1.3739 Vtime: 0.0525
Step: 9600000  Loss: 0.085078 Regul: 0.047109 Obj: 0.132188 (0.083377)  NNZ: 4 (6)  Ttime: 1.3741 Vtime: 0.0508
Step: 9700000  Loss: 0.096219 Regul: 0.021621 Obj: 0.117840 (0.083377)  NNZ: 4 (6)  Ttime: 1.3746 Vtime: 0.0512
Step: 9800000  Loss: 0.056748 Regul: 0.027598 Obj: 0.084345 (0.083377)  NNZ: 5 (6)  Ttime: 1.3750 Vtime: 0.0515
Step: 9900000  Loss: 0.103582 Regul: 0.056104 Obj: 0.159686 (0.083377)  NNZ: 12 (6)  Ttime: 1.3821 Vtime: 0.0512
Step: 10000000  Loss: 0.067030 Regul: 0.022500 Obj: 0.089530 (0.083377)  NNZ: 4 (6)  Ttime: 1.3796 Vtime: 0.0524
Step: 10100000  Loss: 0.103994 Regul: 0.086250 Obj: 0.190244 (0.083377)  NNZ: 7 (6)  Ttime: 1.3800 Vtime: 0.0515
Step: 10200000  Loss: 0.073808 Regul: 0.029707 Obj: 0.103515 (0.083377)  NNZ: 4 (6)  Ttime: 1.3765 Vtime: 0.0511
Step: 10300000  Loss: 0.069021 Regul: 0.025957 Obj: 0.094978 (0.083377)  NNZ: 4 (6)  Ttime: 1.3775 Vtime: 0.0514
Step: 10400000  Loss: 0.069514 Regul: 0.018018 Obj: 0.087531 (0.083377)  NNZ: 5 (6)  Ttime: 1.3758 Vtime: 0.0515
Step: 10500000  Loss: 0.062878 Regul: 0.032227 Obj: 0.095105 (0.083377)  NNZ: 7 (6)  Ttime: 1.3759 Vtime: 0.0518
Step: 10600000  Loss: 0.070730 Regul: 0.031582 Obj: 0.102312 (0.083377)  NNZ: 5 (6)  Ttime: 1.3719 Vtime: 0.0518
Step: 10700000  Loss: 0.057616 Regul: 0.036416 Obj: 0.094032 (0.083377)  NNZ: 5 (6)  Ttime: 1.3765 Vtime: 0.0520
Step: 10800000  Loss: 0.063933 Regul: 0.026514 Obj: 0.090446 (0.083377)  NNZ: 7 (6)  Ttime: 1.3720 Vtime: 0.0513
Step: 10900000  Loss: 0.140770 Regul: 0.050215 Obj: 0.190985 (0.083377)  NNZ: 4 (6)  Ttime: 1.3732 Vtime: 0.0516
Step: 11000000  Loss: 0.071866 Regul: 0.028652 Obj: 0.100518 (0.083377)  NNZ: 6 (6)  Ttime: 1.3740 Vtime: 0.0509
Step: 11100000  Loss: 0.081442 Regul: 0.047637 Obj: 0.129078 (0.083377)  NNZ: 6 (6)  Ttime: 1.3749 Vtime: 0.0516
Step: 11200000  Loss: 0.074015 Regul: 0.054375 Obj: 0.128390 (0.083377)  NNZ: 6 (6)  Ttime: 1.3736 Vtime: 0.0515
Step: 11300000  Loss: 0.072921 Regul: 0.056074 Obj: 0.128995 (0.083377)  NNZ: 9 (6)  Ttime: 1.3754 Vtime: 0.0520
Step: 11400000  Loss: 0.074928 Regul: 0.044180 Obj: 0.119107 (0.083377)  NNZ: 8 (6)  Ttime: 1.3737 Vtime: 0.0515
Step: 11500000  Loss: 0.090552 Regul: 0.067148 Obj: 0.157701 (0.083377)  NNZ: 11 (6)  Ttime: 1.3755 Vtime: 0.0514
Step: 11600000  Loss: 0.176757 Regul: 0.038408 Obj: 0.215165 (0.083377)  NNZ: 6 (6)  Ttime: 1.3738 Vtime: 0.0516
Step: 11700000  Loss: 0.098080 Regul: 0.097910 Obj: 0.195990 (0.083377)  NNZ: 12 (6)  Ttime: 1.3715 Vtime: 0.0514
Step: 11800000  Loss: 0.100101 Regul: 0.050098 Obj: 0.150199 (0.083377)  NNZ: 12 (6)  Ttime: 1.3757 Vtime: 0.0516
Step: 11900000  Loss: 0.071342 Regul: 0.021621 Obj: 0.092963 (0.083377)  NNZ: 8 (6)  Ttime: 1.3730 Vtime: 0.0516
Step: 12000000  Loss: 0.084520 Regul: 0.055371 Obj: 0.139891 (0.083377)  NNZ: 8 (6)  Ttime: 1.3723 Vtime: 0.0520
Step: 12100000  Loss: 0.082243 Regul: 0.046582 Obj: 0.128825 (0.083377)  NNZ: 6 (6)  Ttime: 1.3740 Vtime: 0.0509
Step: 12200000  Loss: 0.067641 Regul: 0.034102 Obj: 0.101742 (0.083377)  NNZ: 7 (6)  Ttime: 1.3740 Vtime: 0.0521
Step: 12300000  Loss: 0.108511 Regul: 0.078984 Obj: 0.187495 (0.083377)  NNZ: 12 (6)  Ttime: 1.3739 Vtime: 0.0517
Step: 12400000  Loss: 0.244887 Regul: 0.034980 Obj: 0.279868 (0.083377)  NNZ: 8 (6)  Ttime: 1.3740 Vtime: 0.0515
Step: 12500000  Loss: 0.075892 Regul: 0.026133 Obj: 0.102025 (0.083377)  NNZ: 6 (6)  Ttime: 1.3738 Vtime: 0.0514
Step: 12600000  Loss: 0.081282 Regul: 0.068906 Obj: 0.150188 (0.083377)  NNZ: 7 (6)  Ttime: 1.3738 Vtime: 0.0516
Step: 12700000  Loss: 0.110700 Regul: 0.112383 Obj: 0.223082 (0.083377)  NNZ: 13 (6)  Ttime: 1.3720 Vtime: 0.0529
Step: 12800000  Loss: 0.063175 Regul: 0.029648 Obj: 0.092823 (0.083377)  NNZ: 5 (6)  Ttime: 1.3718 Vtime: 0.0512
Step: 12900000  Loss: 0.080690 Regul: 0.029355 Obj: 0.110045 (0.083377)  NNZ: 4 (6)  Ttime: 1.3745 Vtime: 0.0520
Step: 13000000  Loss: 0.059715 Regul: 0.028418 Obj: 0.088133 (0.083377)  NNZ: 5 (6)  Ttime: 1.3754 Vtime: 0.0519
Step: 13100000  Loss: 0.062910 Regul: 0.051855 Obj: 0.114765 (0.083377)  NNZ: 7 (6)  Ttime: 1.3749 Vtime: 0.0524
Step: 13200000  Loss: 0.066404 Regul: 0.035625 Obj: 0.102029 (0.083377)  NNZ: 8 (6)  Ttime: 1.3757 Vtime: 0.0509
Best: 13300000  Loss: 0.061639 Regul: 0.018867 Obj: 0.080507 (0.080507)  NNZ: 4 (4)  Ttime: 1.3767 Vtime: 0.0515
Stat: nPR #28 (#32) Dim/MaxDim [224/640] AUC: 0.976958 FPR95: 11.49 [saved]
Step: 13400000  Loss: 0.073571 Regul: 0.054375 Obj: 0.127946 (0.080507)  NNZ: 9 (4)  Ttime: 1.3737 Vtime: 0.0524
Step: 13500000  Loss: 0.065980 Regul: 0.052324 Obj: 0.118304 (0.080507)  NNZ: 10 (4)  Ttime: 1.3738 Vtime: 0.0518
Step: 13600000  Loss: 0.057411 Regul: 0.041250 Obj: 0.098661 (0.080507)  NNZ: 7 (4)  Ttime: 1.3722 Vtime: 0.0519
Step: 13700000  Loss: 0.061018 Regul: 0.024727 Obj: 0.085744 (0.080507)  NNZ: 7 (4)  Ttime: 1.3727 Vtime: 0.0512
Step: 13800000  Loss: 0.061672 Regul: 0.033867 Obj: 0.095539 (0.080507)  NNZ: 7 (4)  Ttime: 1.3744 Vtime: 0.0511
Step: 13900000  Loss: 0.071549 Regul: 0.037031 Obj: 0.108581 (0.080507)  NNZ: 7 (4)  Ttime: 1.3811 Vtime: 0.0511
Step: 14000000  Loss: 0.077509 Regul: 0.052617 Obj: 0.130126 (0.080507)  NNZ: 10 (4)  Ttime: 1.3797 Vtime: 0.0519
Step: 14100000  Loss: 0.058064 Regul: 0.032754 Obj: 0.090818 (0.080507)  NNZ: 7 (4)  Ttime: 1.3828 Vtime: 0.0519
Step: 14200000  Loss: 0.060884 Regul: 0.035801 Obj: 0.096685 (0.080507)  NNZ: 9 (4)  Ttime: 1.3749 Vtime: 0.0510
Step: 14300000  Loss: 0.059486 Regul: 0.035508 Obj: 0.094994 (0.080507)  NNZ: 5 (4)  Ttime: 1.3765 Vtime: 0.0519
Step: 14400000  Loss: 0.066864 Regul: 0.023730 Obj: 0.090594 (0.080507)  NNZ: 4 (4)  Ttime: 1.3737 Vtime: 0.0514
Step: 14500000  Loss: 0.058365 Regul: 0.031875 Obj: 0.090240 (0.080507)  NNZ: 7 (4)  Ttime: 1.3743 Vtime: 0.0520
Step: 14600000  Loss: 0.109432 Regul: 0.025547 Obj: 0.134978 (0.080507)  NNZ: 10 (4)  Ttime: 1.3731 Vtime: 0.0523
Step: 14700000  Loss: 0.066970 Regul: 0.035801 Obj: 0.102771 (0.080507)  NNZ: 6 (4)  Ttime: 1.3756 Vtime: 0.0512
Step: 14800000  Loss: 0.063739 Regul: 0.030059 Obj: 0.093798 (0.080507)  NNZ: 8 (4)  Ttime: 1.3760 Vtime: 0.0518
Step: 14900000  Loss: 0.065664 Regul: 0.032109 Obj: 0.097773 (0.080507)  NNZ: 7 (4)  Ttime: 1.3757 Vtime: 0.0524
Step: 15000000  Loss: 0.070727 Regul: 0.019277 Obj: 0.090004 (0.080507)  NNZ: 4 (4)  Ttime: 1.3752 Vtime: 0.0513
Step: 15100000  Loss: 0.076711 Regul: 0.060410 Obj: 0.137121 (0.080507)  NNZ: 18 (4)  Ttime: 1.3738 Vtime: 0.0513
Step: 15200000  Loss: 0.064779 Regul: 0.040664 Obj: 0.105443 (0.080507)  NNZ: 8 (4)  Ttime: 1.3734 Vtime: 0.0517
Step: 15300000  Loss: 0.065493 Regul: 0.045176 Obj: 0.110669 (0.080507)  NNZ: 8 (4)  Ttime: 1.3739 Vtime: 0.0511
Step: 15400000  Loss: 0.059867 Regul: 0.037969 Obj: 0.097836 (0.080507)  NNZ: 8 (4)  Ttime: 1.3719 Vtime: 0.0508
Step: 15500000  Loss: 0.071871 Regul: 0.021328 Obj: 0.093199 (0.080507)  NNZ: 5 (4)  Ttime: 1.3744 Vtime: 0.0515
Step: 15600000  Loss: 0.074714 Regul: 0.056191 Obj: 0.130906 (0.080507)  NNZ: 14 (4)  Ttime: 1.3742 Vtime: 0.0512
Step: 15700000  Loss: 0.084812 Regul: 0.053496 Obj: 0.138308 (0.080507)  NNZ: 6 (4)  Ttime: 1.3779 Vtime: 0.0515
Step: 15800000  Loss: 0.056979 Regul: 0.027129 Obj: 0.084108 (0.080507)  NNZ: 5 (4)  Ttime: 1.3748 Vtime: 0.0518
Step: 15900000  Loss: 0.064324 Regul: 0.033164 Obj: 0.097488 (0.080507)  NNZ: 5 (4)  Ttime: 1.3751 Vtime: 0.0515
Step: 16000000  Loss: 0.110150 Regul: 0.047461 Obj: 0.157611 (0.080507)  NNZ: 10 (4)  Ttime: 1.3747 Vtime: 0.0515
Step: 16100000  Loss: 0.064442 Regul: 0.033164 Obj: 0.097607 (0.080507)  NNZ: 6 (4)  Ttime: 1.3746 Vtime: 0.0522
Step: 16200000  Loss: 0.060801 Regul: 0.026133 Obj: 0.086934 (0.080507)  NNZ: 6 (4)  Ttime: 1.3725 Vtime: 0.0516
Step: 16300000  Loss: 0.069746 Regul: 0.059707 Obj: 0.129454 (0.080507)  NNZ: 11 (4)  Ttime: 1.3756 Vtime: 0.0511
Step: 16400000  Loss: 0.078075 Regul: 0.041719 Obj: 0.119793 (0.080507)  NNZ: 7 (4)  Ttime: 1.3758 Vtime: 0.0516
Step: 16500000  Loss: 0.064338 Regul: 0.044414 Obj: 0.108752 (0.080507)  NNZ: 9 (4)  Ttime: 1.3777 Vtime: 0.0515
Step: 16600000  Loss: 0.065290 Regul: 0.047109 Obj: 0.112400 (0.080507)  NNZ: 8 (4)  Ttime: 1.3766 Vtime: 0.0518
Step: 16700000  Loss: 0.065004 Regul: 0.042656 Obj: 0.107660 (0.080507)  NNZ: 9 (4)  Ttime: 1.3718 Vtime: 0.0521
Step: 16800000  Loss: 0.068080 Regul: 0.045000 Obj: 0.113080 (0.080507)  NNZ: 12 (4)  Ttime: 1.3755 Vtime: 0.0525
Step: 16900000  Loss: 0.059235 Regul: 0.040605 Obj: 0.099840 (0.080507)  NNZ: 7 (4)  Ttime: 1.3738 Vtime: 0.0517
Step: 17000000  Loss: 0.064565 Regul: 0.043711 Obj: 0.108276 (0.080507)  NNZ: 9 (4)  Ttime: 1.3745 Vtime: 0.0518
Step: 17100000  Loss: 0.071312 Regul: 0.038262 Obj: 0.109573 (0.080507)  NNZ: 6 (4)  Ttime: 1.3711 Vtime: 0.0514
Step: 17200000  Loss: 0.089048 Regul: 0.066152 Obj: 0.155200 (0.080507)  NNZ: 9 (4)  Ttime: 1.3759 Vtime: 0.0514
Step: 17300000  Loss: 0.074931 Regul: 0.023379 Obj: 0.098310 (0.080507)  NNZ: 6 (4)  Ttime: 1.3728 Vtime: 0.0510
Step: 17400000  Loss: 0.059417 Regul: 0.028711 Obj: 0.088128 (0.080507)  NNZ: 5 (4)  Ttime: 1.3757 Vtime: 0.0512
Step: 17500000  Loss: 0.055887 Regul: 0.025840 Obj: 0.081726 (0.080507)  NNZ: 7 (4)  Ttime: 1.3741 Vtime: 0.0514
Best: 17600000  Loss: 0.059107 Regul: 0.015234 Obj: 0.074342 (0.074342)  NNZ: 4 (4)  Ttime: 1.3744 Vtime: 0.0511
Stat: nPR #32 (#32) Dim/MaxDim [256/640] AUC: 0.979393 FPR95: 9.37 [saved]
Step: 17700000  Loss: 0.066605 Regul: 0.017754 Obj: 0.084359 (0.074342)  NNZ: 5 (4)  Ttime: 1.3759 Vtime: 0.0512
Step: 17800000  Loss: 0.105875 Regul: 0.099141 Obj: 0.205016 (0.074342)  NNZ: 12 (4)  Ttime: 1.3777 Vtime: 0.0514
Step: 17900000  Loss: 0.082852 Regul: 0.056426 Obj: 0.139278 (0.074342)  NNZ: 8 (4)  Ttime: 1.3778 Vtime: 0.0523
Step: 18000000  Loss: 0.070142 Regul: 0.055078 Obj: 0.125220 (0.074342)  NNZ: 9 (4)  Ttime: 1.3804 Vtime: 0.0521
Step: 18100000  Loss: 0.054206 Regul: 0.023262 Obj: 0.077468 (0.074342)  NNZ: 4 (4)  Ttime: 1.3794 Vtime: 0.0516
Step: 18200000  Loss: 0.068467 Regul: 0.050273 Obj: 0.118740 (0.074342)  NNZ: 8 (4)  Ttime: 1.3789 Vtime: 0.0510
Step: 18300000  Loss: 0.085098 Regul: 0.034395 Obj: 0.119493 (0.074342)  NNZ: 7 (4)  Ttime: 1.3745 Vtime: 0.0514
Step: 18400000  Loss: 0.124766 Regul: 0.052969 Obj: 0.177734 (0.074342)  NNZ: 12 (4)  Ttime: 1.3776 Vtime: 0.0513
Step: 18500000  Loss: 0.057571 Regul: 0.026426 Obj: 0.083996 (0.074342)  NNZ: 5 (4)  Ttime: 1.3760 Vtime: 0.0520
Step: 18600000  Loss: 0.080258 Regul: 0.050801 Obj: 0.131059 (0.074342)  NNZ: 9 (4)  Ttime: 1.3747 Vtime: 0.0521
Step: 18700000  Loss: 0.113031 Regul: 0.050742 Obj: 0.163773 (0.074342)  NNZ: 7 (4)  Ttime: 1.3751 Vtime: 0.0509
Step: 18800000  Loss: 0.070702 Regul: 0.031055 Obj: 0.101756 (0.074342)  NNZ: 8 (4)  Ttime: 1.3755 Vtime: 0.0520
Step: 18900000  Loss: 0.094577 Regul: 0.033926 Obj: 0.128502 (0.074342)  NNZ: 8 (4)  Ttime: 1.3739 Vtime: 0.0522
Step: 19000000  Loss: 0.066244 Regul: 0.032344 Obj: 0.098587 (0.074342)  NNZ: 8 (4)  Ttime: 1.3739 Vtime: 0.0520
Step: 19100000  Loss: 0.060112 Regul: 0.036914 Obj: 0.097026 (0.074342)  NNZ: 7 (4)  Ttime: 1.3728 Vtime: 0.0513
Step: 19200000  Loss: 0.082739 Regul: 0.068145 Obj: 0.150884 (0.074342)  NNZ: 12 (4)  Ttime: 1.3717 Vtime: 0.0512
Step: 19300000  Loss: 0.069798 Regul: 0.041426 Obj: 0.111223 (0.074342)  NNZ: 9 (4)  Ttime: 1.3751 Vtime: 0.0517
Step: 19400000  Loss: 0.063908 Regul: 0.025020 Obj: 0.088927 (0.074342)  NNZ: 9 (4)  Ttime: 1.3753 Vtime: 0.0516
Step: 19500000  Loss: 0.066190 Regul: 0.017988 Obj: 0.084178 (0.074342)  NNZ: 4 (4)  Ttime: 1.3749 Vtime: 0.0510
Step: 19600000  Loss: 0.070731 Regul: 0.041016 Obj: 0.111747 (0.074342)  NNZ: 10 (4)  Ttime: 1.3755 Vtime: 0.0512
Step: 19700000  Loss: 0.119006 Regul: 0.020625 Obj: 0.139631 (0.074342)  NNZ: 4 (4)  Ttime: 1.3771 Vtime: 0.0519
Step: 19800000  Loss: 0.057940 Regul: 0.027949 Obj: 0.085890 (0.074342)  NNZ: 5 (4)  Ttime: 1.3761 Vtime: 0.0518
Step: 19900000  Loss: 0.065242 Regul: 0.016172 Obj: 0.081414 (0.074342)  NNZ: 5 (4)  Ttime: 1.3758 Vtime: 0.0512
Step: 20000000  Loss: 0.068239 Regul: 0.016348 Obj: 0.084586 (0.074342)  NNZ: 4 (4)  Ttime: 1.3726 Vtime: 0.0508
Step: 20100000  Loss: 0.187540 Regul: 0.027070 Obj: 0.214611 (0.074342)  NNZ: 4 (4)  Ttime: 1.3722 Vtime: 0.0512
Step: 20200000  Loss: 0.057959 Regul: 0.032812 Obj: 0.090771 (0.074342)  NNZ: 8 (4)  Ttime: 1.3755 Vtime: 0.0513
Step: 20300000  Loss: 0.066276 Regul: 0.038906 Obj: 0.105183 (0.074342)  NNZ: 7 (4)  Ttime: 1.3732 Vtime: 0.0517
Step: 20400000  Loss: 0.057923 Regul: 0.023613 Obj: 0.081537 (0.074342)  NNZ: 4 (4)  Ttime: 1.3754 Vtime: 0.0515
Step: 20500000  Loss: 0.072967 Regul: 0.059297 Obj: 0.132264 (0.074342)  NNZ: 10 (4)  Ttime: 1.3727 Vtime: 0.0519
Step: 20600000  Loss: 0.057170 Regul: 0.030410 Obj: 0.087581 (0.074342)  NNZ: 6 (4)  Ttime: 1.3761 Vtime: 0.0513
Step: 20700000  Loss: 0.053139 Regul: 0.028828 Obj: 0.081967 (0.074342)  NNZ: 6 (4)  Ttime: 1.3791 Vtime: 0.0511
Step: 20800000  Loss: 0.082250 Regul: 0.038145 Obj: 0.120394 (0.074342)  NNZ: 8 (4)  Ttime: 1.3742 Vtime: 0.0513
Step: 20900000  Loss: 0.057330 Regul: 0.034453 Obj: 0.091783 (0.074342)  NNZ: 9 (4)  Ttime: 1.3753 Vtime: 0.0516
Step: 21000000  Loss: 0.070693 Regul: 0.052266 Obj: 0.122958 (0.074342)  NNZ: 8 (4)  Ttime: 1.3758 Vtime: 0.0519
Step: 21100000  Loss: 0.057365 Regul: 0.033809 Obj: 0.091174 (0.074342)  NNZ: 8 (4)  Ttime: 1.3757 Vtime: 0.0510
Step: 21200000  Loss: 0.062583 Regul: 0.024492 Obj: 0.087076 (0.074342)  NNZ: 7 (4)  Ttime: 1.3715 Vtime: 0.0511
Step: 21300000  Loss: 0.056935 Regul: 0.042012 Obj: 0.098946 (0.074342)  NNZ: 8 (4)  Ttime: 1.3762 Vtime: 0.0508
Step: 21400000  Loss: 0.073922 Regul: 0.043828 Obj: 0.117750 (0.074342)  NNZ: 8 (4)  Ttime: 1.3731 Vtime: 0.0517
Step: 21500000  Loss: 0.067382 Regul: 0.043359 Obj: 0.110741 (0.074342)  NNZ: 7 (4)  Ttime: 1.3761 Vtime: 0.0510
Step: 21600000  Loss: 0.086584 Regul: 0.012363 Obj: 0.098947 (0.074342)  NNZ: 3 (4)  Ttime: 1.3728 Vtime: 0.0522
Step: 21700000  Loss: 0.176161 Regul: 0.021035 Obj: 0.197197 (0.074342)  NNZ: 7 (4)  Ttime: 1.3759 Vtime: 0.0512
Step: 21800000  Loss: 0.068312 Regul: 0.044238 Obj: 0.112550 (0.074342)  NNZ: 12 (4)  Ttime: 1.3763 Vtime: 0.0513
Step: 21900000  Loss: 0.057537 Regul: 0.017402 Obj: 0.074940 (0.074342)  NNZ: 5 (4)  Ttime: 1.3743 Vtime: 0.0509
Step: 22000000  Loss: 0.062563 Regul: 0.022500 Obj: 0.085063 (0.074342)  NNZ: 5 (4)  Ttime: 1.3794 Vtime: 0.0516
Step: 22100000  Loss: 0.071401 Regul: 0.022090 Obj: 0.093491 (0.074342)  NNZ: 5 (4)  Ttime: 1.3803 Vtime: 0.0525
Step: 22200000  Loss: 0.102675 Regul: 0.018105 Obj: 0.120781 (0.074342)  NNZ: 4 (4)  Ttime: 1.3806 Vtime: 0.0514
Step: 22300000  Loss: 0.074254 Regul: 0.028066 Obj: 0.102320 (0.074342)  NNZ: 5 (4)  Ttime: 1.3814 Vtime: 0.0514
Step: 22400000  Loss: 0.057526 Regul: 0.034453 Obj: 0.091980 (0.074342)  NNZ: 7 (4)  Ttime: 1.3783 Vtime: 0.0517
Step: 22500000  Loss: 0.068206 Regul: 0.037734 Obj: 0.105941 (0.074342)  NNZ: 10 (4)  Ttime: 1.3714 Vtime: 0.0515
Step: 22600000  Loss: 0.061782 Regul: 0.037207 Obj: 0.098989 (0.074342)  NNZ: 8 (4)  Ttime: 1.3731 Vtime: 0.0515
Step: 22700000  Loss: 0.062446 Regul: 0.024375 Obj: 0.086821 (0.074342)  NNZ: 5 (4)  Ttime: 1.3737 Vtime: 0.0515
Step: 22800000  Loss: 0.058210 Regul: 0.028477 Obj: 0.086687 (0.074342)  NNZ: 8 (4)  Ttime: 1.3735 Vtime: 0.0524
Step: 22900000  Loss: 0.064667 Regul: 0.017812 Obj: 0.082480 (0.074342)  NNZ: 6 (4)  Ttime: 1.3774 Vtime: 0.0521
Step: 23000000  Loss: 0.069623 Regul: 0.035098 Obj: 0.104721 (0.074342)  NNZ: 6 (4)  Ttime: 1.3747 Vtime: 0.0517
Step: 23100000  Loss: 0.068461 Regul: 0.021680 Obj: 0.090141 (0.074342)  NNZ: 5 (4)  Ttime: 1.3740 Vtime: 0.0516
Step: 23200000  Loss: 0.073513 Regul: 0.033516 Obj: 0.107029 (0.074342)  NNZ: 6 (4)  Ttime: 1.3779 Vtime: 0.0514
Step: 23300000  Loss: 0.067736 Regul: 0.029590 Obj: 0.097326 (0.074342)  NNZ: 6 (4)  Ttime: 1.3751 Vtime: 0.0527
Step: 23400000  Loss: 0.064322 Regul: 0.028535 Obj: 0.092857 (0.074342)  NNZ: 5 (4)  Ttime: 1.3748 Vtime: 0.0524
Step: 23500000  Loss: 0.101736 Regul: 0.011777 Obj: 0.113514 (0.074342)  NNZ: 3 (4)  Ttime: 1.3753 Vtime: 0.0523
Step: 23600000  Loss: 0.054466 Regul: 0.035391 Obj: 0.089856 (0.074342)  NNZ: 13 (4)  Ttime: 1.3756 Vtime: 0.0508
Step: 23700000  Loss: 0.055447 Regul: 0.034629 Obj: 0.090076 (0.074342)  NNZ: 7 (4)  Ttime: 1.3733 Vtime: 0.0511
Step: 23800000  Loss: 0.068365 Regul: 0.020566 Obj: 0.088931 (0.074342)  NNZ: 5 (4)  Ttime: 1.3737 Vtime: 0.0518
Step: 23900000  Loss: 0.061679 Regul: 0.025430 Obj: 0.087109 (0.074342)  NNZ: 4 (4)  Ttime: 1.3726 Vtime: 0.0514
Step: 24000000  Loss: 0.104867 Regul: 0.035684 Obj: 0.140551 (0.074342)  NNZ: 8 (4)  Ttime: 1.3740 Vtime: 0.0511
Step: 24100000  Loss: 0.055992 Regul: 0.026016 Obj: 0.082008 (0.074342)  NNZ: 11 (4)  Ttime: 1.3759 Vtime: 0.0515
Step: 24200000  Loss: 0.089315 Regul: 0.066504 Obj: 0.155819 (0.074342)  NNZ: 11 (4)  Ttime: 1.3747 Vtime: 0.0511
Step: 24300000  Loss: 0.057765 Regul: 0.034512 Obj: 0.092277 (0.074342)  NNZ: 6 (4)  Ttime: 1.3743 Vtime: 0.0517
Step: 24400000  Loss: 0.072943 Regul: 0.018457 Obj: 0.091400 (0.074342)  NNZ: 3 (4)  Ttime: 1.3745 Vtime: 0.0520
Step: 24500000  Loss: 0.072269 Regul: 0.022148 Obj: 0.094417 (0.074342)  NNZ: 6 (4)  Ttime: 1.3724 Vtime: 0.0512
Step: 24600000  Loss: 0.066666 Regul: 0.028770 Obj: 0.095435 (0.074342)  NNZ: 5 (4)  Ttime: 1.3751 Vtime: 0.0508
Step: 24700000  Loss: 0.051862 Regul: 0.028418 Obj: 0.080280 (0.074342)  NNZ: 7 (4)  Ttime: 1.3748 Vtime: 0.0510
Step: 24800000  Loss: 0.066346 Regul: 0.020039 Obj: 0.086385 (0.074342)  NNZ: 5 (4)  Ttime: 1.3766 Vtime: 0.0518
Step: 24900000  Loss: 0.058536 Regul: 0.034922 Obj: 0.093458 (0.074342)  NNZ: 7 (4)  Ttime: 1.3741 Vtime: 0.0514
Step: 25000000  Loss: 0.061638 Regul: 0.042246 Obj: 0.103885 (0.074342)  NNZ: 11 (4)  Ttime: 1.3731 Vtime: 0.0516
Step: 25100000  Loss: 0.057867 Regul: 0.036621 Obj: 0.094488 (0.074342)  NNZ: 7 (4)  Ttime: 1.3762 Vtime: 0.0528
Step: 25200000  Loss: 0.073313 Regul: 0.037090 Obj: 0.110403 (0.074342)  NNZ: 9 (4)  Ttime: 1.3758 Vtime: 0.0517
Step: 25300000  Loss: 0.058944 Regul: 0.019570 Obj: 0.078514 (0.074342)  NNZ: 6 (4)  Ttime: 1.3723 Vtime: 0.0519
Step: 25400000  Loss: 0.072053 Regul: 0.013887 Obj: 0.085940 (0.074342)  NNZ: 4 (4)  Ttime: 1.3769 Vtime: 0.0511
Step: 25500000  Loss: 0.061698 Regul: 0.025020 Obj: 0.086717 (0.074342)  NNZ: 7 (4)  Ttime: 1.3759 Vtime: 0.0517
Step: 25600000  Loss: 0.058398 Regul: 0.027188 Obj: 0.085585 (0.074342)  NNZ: 6 (4)  Ttime: 1.3754 Vtime: 0.0512
Step: 25700000  Loss: 0.076375 Regul: 0.016348 Obj: 0.092723 (0.074342)  NNZ: 6 (4)  Ttime: 1.3751 Vtime: 0.0524
Step: 25800000  Loss: 0.081941 Regul: 0.021738 Obj: 0.103679 (0.074342)  NNZ: 4 (4)  Ttime: 1.3770 Vtime: 0.0512
Step: 25900000  Loss: 0.098725 Regul: 0.023379 Obj: 0.122104 (0.074342)  NNZ: 6 (4)  Ttime: 1.3756 Vtime: 0.0517
Step: 26000000  Loss: 0.061089 Regul: 0.014121 Obj: 0.075211 (0.074342)  NNZ: 5 (4)  Ttime: 1.3752 Vtime: 0.0518
Step: 26100000  Loss: 0.058963 Regul: 0.022441 Obj: 0.081404 (0.074342)  NNZ: 5 (4)  Ttime: 1.3755 Vtime: 0.0515
Step: 26200000  Loss: 0.066823 Regul: 0.013242 Obj: 0.080065 (0.074342)  NNZ: 4 (4)  Ttime: 1.3854 Vtime: 0.0512
Step: 26300000  Loss: 0.067497 Regul: 0.024023 Obj: 0.091521 (0.074342)  NNZ: 4 (4)  Ttime: 1.3976 Vtime: 0.0521
Step: 26400000  Loss: 0.177572 Regul: 0.028828 Obj: 0.206401 (0.074342)  NNZ: 6 (4)  Ttime: 1.3810 Vtime: 0.0513
Step: 26500000  Loss: 0.057694 Regul: 0.019219 Obj: 0.076913 (0.074342)  NNZ: 6 (4)  Ttime: 1.3822 Vtime: 0.0517
Step: 26600000  Loss: 0.058831 Regul: 0.019395 Obj: 0.078225 (0.074342)  NNZ: 4 (4)  Ttime: 1.3795 Vtime: 0.0512
Step: 26700000  Loss: 0.064679 Regul: 0.022090 Obj: 0.086769 (0.074342)  NNZ: 4 (4)  Ttime: 1.3752 Vtime: 0.0512
Step: 26800000  Loss: 0.057726 Regul: 0.024023 Obj: 0.081750 (0.074342)  NNZ: 4 (4)  Ttime: 1.3802 Vtime: 0.0519
Best: 26900000  Loss: 0.054821 Regul: 0.019219 Obj: 0.074040 (0.074040)  NNZ: 7 (7)  Ttime: 1.3930 Vtime: 0.0518
Stat: nPR #48 (#56) Dim/MaxDim [384/640] AUC: 0.979210 FPR95: 10.13 [saved]
Step: 27000000  Loss: 0.075735 Regul: 0.024141 Obj: 0.099876 (0.074040)  NNZ: 8 (7)  Ttime: 1.3848 Vtime: 0.0517
Step: 27100000  Loss: 0.082528 Regul: 0.030469 Obj: 0.112996 (0.074040)  NNZ: 5 (7)  Ttime: 1.4557 Vtime: 0.0526
Step: 27200000  Loss: 0.053117 Regul: 0.023730 Obj: 0.076848 (0.074040)  NNZ: 9 (7)  Ttime: 1.4304 Vtime: 0.0517
Step: 27300000  Loss: 0.053295 Regul: 0.026250 Obj: 0.079545 (0.074040)  NNZ: 8 (7)  Ttime: 1.5633 Vtime: 0.0519
Step: 27400000  Loss: 0.054695 Regul: 0.027656 Obj: 0.082351 (0.074040)  NNZ: 8 (7)  Ttime: 1.5575 Vtime: 0.0522
Step: 27500000  Loss: 0.052715 Regul: 0.025898 Obj: 0.078613 (0.074040)  NNZ: 7 (7)  Ttime: 1.5008 Vtime: 0.0516
Step: 27600000  Loss: 0.059860 Regul: 0.032812 Obj: 0.092672 (0.074040)  NNZ: 8 (7)  Ttime: 1.5107 Vtime: 0.0523
Step: 27700000  Loss: 0.069886 Regul: 0.058828 Obj: 0.128714 (0.074040)  NNZ: 11 (7)  Ttime: 1.5731 Vtime: 0.0521
Step: 27800000  Loss: 0.067102 Regul: 0.028887 Obj: 0.095988 (0.074040)  NNZ: 4 (7)  Ttime: 1.5482 Vtime: 0.0520
Step: 27900000  Loss: 0.091341 Regul: 0.009199 Obj: 0.100540 (0.074040)  NNZ: 3 (7)  Ttime: 1.4583 Vtime: 0.0514
Step: 28000000  Loss: 0.058493 Regul: 0.023086 Obj: 0.081579 (0.074040)  NNZ: 5 (7)  Ttime: 1.4968 Vtime: 0.0514
Step: 28100000  Loss: 0.070607 Regul: 0.017871 Obj: 0.088478 (0.074040)  NNZ: 3 (7)  Ttime: 1.5347 Vtime: 0.0514
Step: 28200000  Loss: 0.073464 Regul: 0.037969 Obj: 0.111433 (0.074040)  NNZ: 9 (7)  Ttime: 1.4202 Vtime: 0.0513
Step: 28300000  Loss: 0.065441 Regul: 0.029063 Obj: 0.094504 (0.074040)  NNZ: 4 (7)  Ttime: 1.3767 Vtime: 0.0520
Step: 28400000  Loss: 0.118289 Regul: 0.029180 Obj: 0.147469 (0.074040)  NNZ: 5 (7)  Ttime: 1.3797 Vtime: 0.0517
Step: 28500000  Loss: 0.069919 Regul: 0.025488 Obj: 0.095407 (0.074040)  NNZ: 4 (7)  Ttime: 1.3798 Vtime: 0.0520
Step: 28600000  Loss: 0.057245 Regul: 0.024316 Obj: 0.081561 (0.074040)  NNZ: 6 (7)  Ttime: 1.3785 Vtime: 0.0517
Step: 28700000  Loss: 0.077790 Regul: 0.023965 Obj: 0.101755 (0.074040)  NNZ: 5 (7)  Ttime: 1.3788 Vtime: 0.0513
Step: 28800000  Loss: 0.060804 Regul: 0.027188 Obj: 0.087991 (0.074040)  NNZ: 7 (7)  Ttime: 1.3792 Vtime: 0.0518
Step: 28900000  Loss: 0.063947 Regul: 0.024141 Obj: 0.088087 (0.074040)  NNZ: 5 (7)  Ttime: 1.4090 Vtime: 0.0517
Best: 29000000  Loss: 0.059875 Regul: 0.013945 Obj: 0.073821 (0.073821)  NNZ: 6 (6)  Ttime: 1.4224 Vtime: 0.0526
Stat: nPR #44 (#48) Dim/MaxDim [352/640] AUC: 0.980047 FPR95: 8.62 [saved]
Step: 29100000  Loss: 0.064281 Regul: 0.025020 Obj: 0.089301 (0.073821)  NNZ: 6 (6)  Ttime: 1.4282 Vtime: 0.0520
Step: 29200000  Loss: 0.065940 Regul: 0.031406 Obj: 0.097346 (0.073821)  NNZ: 7 (6)  Ttime: 1.5222 Vtime: 0.0515
Step: 29300000  Loss: 0.086783 Regul: 0.028711 Obj: 0.115494 (0.073821)  NNZ: 5 (6)  Ttime: 1.4179 Vtime: 0.0518
Step: 29400000  Loss: 0.057987 Regul: 0.018340 Obj: 0.076327 (0.073821)  NNZ: 7 (6)  Ttime: 1.4661 Vtime: 0.0519
Step: 29500000  Loss: 0.060331 Regul: 0.020391 Obj: 0.080722 (0.073821)  NNZ: 5 (6)  Ttime: 1.4206 Vtime: 0.0517
Step: 29600000  Loss: 0.059701 Regul: 0.016582 Obj: 0.076283 (0.073821)  NNZ: 5 (6)  Ttime: 1.4904 Vtime: 0.0521
Step: 29700000  Loss: 0.068227 Regul: 0.013184 Obj: 0.081411 (0.073821)  NNZ: 4 (6)  Ttime: 1.4646 Vtime: 0.0516
Step: 29800000  Loss: 0.069898 Regul: 0.023145 Obj: 0.093043 (0.073821)  NNZ: 7 (6)  Ttime: 1.5020 Vtime: 0.0517
Best: 29900000  Loss: 0.055528 Regul: 0.018281 Obj: 0.073809 (0.073809)  NNZ: 6 (6)  Ttime: 1.4531 Vtime: 0.0530
Stat: nPR #36 (#48) Dim/MaxDim [288/640] AUC: 0.979710 FPR95: 8.40 [saved]
Step: 30000000  Loss: 0.056369 Regul: 0.030703 Obj: 0.087072 (0.073809)  NNZ: 8 (6)  Ttime: 1.4492 Vtime: 0.0518
Step: 30100000  Loss: 0.057716 Regul: 0.018516 Obj: 0.076231 (0.073809)  NNZ: 6 (6)  Ttime: 1.4723 Vtime: 0.0517
Step: 30200000  Loss: 0.058728 Regul: 0.023613 Obj: 0.082342 (0.073809)  NNZ: 6 (6)  Ttime: 1.4830 Vtime: 0.0514
Step: 30300000  Loss: 0.068612 Regul: 0.038848 Obj: 0.107459 (0.073809)  NNZ: 11 (6)  Ttime: 1.4629 Vtime: 0.0517
Step: 30400000  Loss: 0.072249 Regul: 0.029121 Obj: 0.101370 (0.073809)  NNZ: 7 (6)  Ttime: 1.5037 Vtime: 0.0515
Step: 30500000  Loss: 0.099792 Regul: 0.015293 Obj: 0.115085 (0.073809)  NNZ: 3 (6)  Ttime: 1.5228 Vtime: 0.0526
Step: 30600000  Loss: 0.065858 Regul: 0.024961 Obj: 0.090819 (0.073809)  NNZ: 9 (6)  Ttime: 1.4918 Vtime: 0.0518
Step: 30700000  Loss: 0.263436 Regul: 0.026543 Obj: 0.289979 (0.073809)  NNZ: 7 (6)  Ttime: 1.3775 Vtime: 0.0514
Step: 30800000  Loss: 0.050960 Regul: 0.025840 Obj: 0.076799 (0.073809)  NNZ: 9 (6)  Ttime: 1.3767 Vtime: 0.0516
Step: 30900000  Loss: 0.065052 Regul: 0.026309 Obj: 0.091361 (0.073809)  NNZ: 7 (6)  Ttime: 1.3762 Vtime: 0.0510
Step: 31000000  Loss: 0.082327 Regul: 0.034102 Obj: 0.116429 (0.073809)  NNZ: 7 (6)  Ttime: 1.3971 Vtime: 0.0511
Step: 31100000  Loss: 0.062025 Regul: 0.025137 Obj: 0.087162 (0.073809)  NNZ: 6 (6)  Ttime: 1.3757 Vtime: 0.0521
Step: 31200000  Loss: 0.098894 Regul: 0.010664 Obj: 0.109558 (0.073809)  NNZ: 3 (6)  Ttime: 1.3763 Vtime: 0.0517
Step: 31300000  Loss: 0.062049 Regul: 0.030645 Obj: 0.092694 (0.073809)  NNZ: 6 (6)  Ttime: 1.3764 Vtime: 0.0514
Step: 31400000  Loss: 0.055707 Regul: 0.020391 Obj: 0.076097 (0.073809)  NNZ: 6 (6)  Ttime: 1.3784 Vtime: 0.0517
Step: 31500000  Loss: 0.065948 Regul: 0.031406 Obj: 0.097354 (0.073809)  NNZ: 7 (6)  Ttime: 1.3800 Vtime: 0.0509
Step: 31600000  Loss: 0.068905 Regul: 0.027480 Obj: 0.096385 (0.073809)  NNZ: 9 (6)  Ttime: 1.3753 Vtime: 0.0508
Step: 31700000  Loss: 0.080135 Regul: 0.027012 Obj: 0.107147 (0.073809)  NNZ: 9 (6)  Ttime: 1.3779 Vtime: 0.0512
Step: 31800000  Loss: 0.086415 Regul: 0.070957 Obj: 0.157372 (0.073809)  NNZ: 12 (6)  Ttime: 1.3759 Vtime: 0.0514
Best: 31900000  Loss: 0.048981 Regul: 0.020273 Obj: 0.069255 (0.069255)  NNZ: 10 (10)  Ttime: 1.3798 Vtime: 0.0507
Stat: nPR #60 (#80) Dim/MaxDim [480/640] AUC: 0.981693 FPR95: 7.35 [saved]
Step: 32000000  Loss: 0.058649 Regul: 0.027949 Obj: 0.086598 (0.069255)  NNZ: 12 (10)  Ttime: 1.3782 Vtime: 0.0514
Step: 32100000  Loss: 0.051245 Regul: 0.021504 Obj: 0.072749 (0.069255)  NNZ: 4 (10)  Ttime: 1.3789 Vtime: 0.0528
Step: 32200000  Loss: 0.056982 Regul: 0.023320 Obj: 0.080302 (0.069255)  NNZ: 8 (10)  Ttime: 1.3766 Vtime: 0.0516
Step: 32300000  Loss: 0.059218 Regul: 0.030879 Obj: 0.090097 (0.069255)  NNZ: 11 (10)  Ttime: 1.3797 Vtime: 0.0511
Step: 32400000  Loss: 0.054554 Regul: 0.025664 Obj: 0.080218 (0.069255)  NNZ: 7 (10)  Ttime: 1.3802 Vtime: 0.0513
Step: 32500000  Loss: 0.055766 Regul: 0.035098 Obj: 0.090864 (0.069255)  NNZ: 9 (10)  Ttime: 1.3752 Vtime: 0.0510
Step: 32600000  Loss: 0.066081 Regul: 0.036973 Obj: 0.103054 (0.069255)  NNZ: 7 (10)  Ttime: 1.3737 Vtime: 0.0511
Step: 32700000  Loss: 0.059782 Regul: 0.023555 Obj: 0.083336 (0.069255)  NNZ: 7 (10)  Ttime: 1.3767 Vtime: 0.0511
Step: 32800000  Loss: 0.065127 Regul: 0.042539 Obj: 0.107666 (0.069255)  NNZ: 9 (10)  Ttime: 1.3761 Vtime: 0.0516
Step: 32900000  Loss: 0.067259 Regul: 0.014180 Obj: 0.081439 (0.069255)  NNZ: 5 (10)  Ttime: 1.3758 Vtime: 0.0515
Step: 33000000  Loss: 0.081576 Regul: 0.010605 Obj: 0.092182 (0.069255)  NNZ: 4 (10)  Ttime: 1.3756 Vtime: 0.0517
Step: 33100000  Loss: 0.067723 Regul: 0.044180 Obj: 0.111903 (0.069255)  NNZ: 10 (10)  Ttime: 1.3767 Vtime: 0.0524
Step: 33200000  Loss: 0.082323 Regul: 0.046934 Obj: 0.129257 (0.069255)  NNZ: 16 (10)  Ttime: 1.3784 Vtime: 0.0519
Step: 33300000  Loss: 0.060390 Regul: 0.021035 Obj: 0.081425 (0.069255)  NNZ: 7 (10)  Ttime: 1.3737 Vtime: 0.0520
Step: 33400000  Loss: 0.111137 Regul: 0.017695 Obj: 0.128832 (0.069255)  NNZ: 6 (10)  Ttime: 1.3756 Vtime: 0.0517
Step: 33500000  Loss: 0.100957 Regul: 0.067734 Obj: 0.168691 (0.069255)  NNZ: 16 (10)  Ttime: 1.3865 Vtime: 0.0514
Step: 33600000  Loss: 0.069664 Regul: 0.044062 Obj: 0.113727 (0.069255)  NNZ: 7 (10)  Ttime: 1.3839 Vtime: 0.0517
Step: 33700000  Loss: 0.089224 Regul: 0.033457 Obj: 0.122681 (0.069255)  NNZ: 7 (10)  Ttime: 1.3764 Vtime: 0.0510
Step: 33800000  Loss: 0.064516 Regul: 0.050215 Obj: 0.114731 (0.069255)  NNZ: 10 (10)  Ttime: 1.3787 Vtime: 0.0512
Step: 33900000  Loss: 0.068542 Regul: 0.035918 Obj: 0.104460 (0.069255)  NNZ: 4 (10)  Ttime: 1.3799 Vtime: 0.0510
Step: 34000000  Loss: 0.078493 Regul: 0.060410 Obj: 0.138903 (0.069255)  NNZ: 11 (10)  Ttime: 1.3805 Vtime: 0.0515
Step: 34100000  Loss: 0.175206 Regul: 0.077461 Obj: 0.252667 (0.069255)  NNZ: 16 (10)  Ttime: 1.3740 Vtime: 0.0509
Step: 34200000  Loss: 0.079223 Regul: 0.055957 Obj: 0.135180 (0.069255)  NNZ: 7 (10)  Ttime: 1.3725 Vtime: 0.0512
Step: 34300000  Loss: 0.076708 Regul: 0.041191 Obj: 0.117899 (0.069255)  NNZ: 6 (10)  Ttime: 1.3790 Vtime: 0.0508
Step: 34400000  Loss: 0.123482 Regul: 0.115605 Obj: 0.239087 (0.069255)  NNZ: 14 (10)  Ttime: 1.3739 Vtime: 0.0514
Step: 34500000  Loss: 0.074947 Regul: 0.060176 Obj: 0.135123 (0.069255)  NNZ: 12 (10)  Ttime: 1.3746 Vtime: 0.0513
Step: 34600000  Loss: 0.061844 Regul: 0.027422 Obj: 0.089266 (0.069255)  NNZ: 6 (10)  Ttime: 1.3719 Vtime: 0.0515
Step: 34700000  Loss: 0.079882 Regul: 0.069434 Obj: 0.149315 (0.069255)  NNZ: 10 (10)  Ttime: 1.3735 Vtime: 0.0516
Step: 34800000  Loss: 0.079470 Regul: 0.039434 Obj: 0.118903 (0.069255)  NNZ: 6 (10)  Ttime: 1.3722 Vtime: 0.0509
Step: 34900000  Loss: 0.082503 Regul: 0.080391 Obj: 0.162893 (0.069255)  NNZ: 14 (10)  Ttime: 1.3733 Vtime: 0.0518
Step: 35000000  Loss: 0.092312 Regul: 0.032812 Obj: 0.125124 (0.069255)  NNZ: 6 (10)  Ttime: 1.3745 Vtime: 0.0511
Step: 35100000  Loss: 0.073883 Regul: 0.059238 Obj: 0.133121 (0.069255)  NNZ: 10 (10)  Ttime: 1.3752 Vtime: 0.0514
Step: 35200000  Loss: 0.065080 Regul: 0.042832 Obj: 0.107912 (0.069255)  NNZ: 8 (10)  Ttime: 1.3704 Vtime: 0.0516
Step: 35300000  Loss: 0.062901 Regul: 0.044297 Obj: 0.107198 (0.069255)  NNZ: 8 (10)  Ttime: 1.3746 Vtime: 0.0512
Step: 35400000  Loss: 0.068847 Regul: 0.039551 Obj: 0.108398 (0.069255)  NNZ: 7 (10)  Ttime: 1.3746 Vtime: 0.0511
Step: 35500000  Loss: 0.095154 Regul: 0.057070 Obj: 0.152224 (0.069255)  NNZ: 8 (10)  Ttime: 1.3647 Vtime: 0.0516
Step: 35600000  Loss: 0.090148 Regul: 0.087422 Obj: 0.177569 (0.069255)  NNZ: 11 (10)  Ttime: 1.3727 Vtime: 0.0510
Step: 35700000  Loss: 0.069937 Regul: 0.047402 Obj: 0.117340 (0.069255)  NNZ: 6 (10)  Ttime: 1.3721 Vtime: 0.0512
Step: 35800000  Loss: 0.069365 Regul: 0.038672 Obj: 0.108037 (0.069255)  NNZ: 9 (10)  Ttime: 1.3728 Vtime: 0.0523
Step: 35900000  Loss: 0.107664 Regul: 0.103652 Obj: 0.211316 (0.069255)  NNZ: 17 (10)  Ttime: 1.3710 Vtime: 0.0512
Step: 36000000  Loss: 0.055858 Regul: 0.032871 Obj: 0.088729 (0.069255)  NNZ: 5 (10)  Ttime: 1.3734 Vtime: 0.0513
Step: 36100000  Loss: 0.074378 Regul: 0.054902 Obj: 0.129280 (0.069255)  NNZ: 7 (10)  Ttime: 1.3741 Vtime: 0.0515
Step: 36200000  Loss: 0.075313 Regul: 0.074648 Obj: 0.149962 (0.069255)  NNZ: 13 (10)  Ttime: 1.3733 Vtime: 0.0516
Step: 36300000  Loss: 0.056710 Regul: 0.040840 Obj: 0.097550 (0.069255)  NNZ: 8 (10)  Ttime: 1.3721 Vtime: 0.0517
Step: 36400000  Loss: 0.054061 Regul: 0.037617 Obj: 0.091678 (0.069255)  NNZ: 8 (10)  Ttime: 1.3725 Vtime: 0.0511
Step: 36500000  Loss: 0.075625 Regul: 0.053027 Obj: 0.128653 (0.069255)  NNZ: 9 (10)  Ttime: 1.3701 Vtime: 0.0519
Step: 36600000  Loss: 0.070846 Regul: 0.053437 Obj: 0.124284 (0.069255)  NNZ: 8 (10)  Ttime: 1.3720 Vtime: 0.0509
Step: 36700000  Loss: 0.059794 Regul: 0.041719 Obj: 0.101513 (0.069255)  NNZ: 10 (10)  Ttime: 1.3728 Vtime: 0.0523
Step: 36800000  Loss: 0.061213 Regul: 0.043770 Obj: 0.104983 (0.069255)  NNZ: 10 (10)  Ttime: 1.3735 Vtime: 0.0516
Step: 36900000  Loss: 0.066002 Regul: 0.044531 Obj: 0.110533 (0.069255)  NNZ: 9 (10)  Ttime: 1.3757 Vtime: 0.0509
Step: 37000000  Loss: 0.095103 Regul: 0.065391 Obj: 0.160493 (0.069255)  NNZ: 15 (10)  Ttime: 1.3735 Vtime: 0.0518
Step: 37100000  Loss: 0.108129 Regul: 0.103828 Obj: 0.211957 (0.069255)  NNZ: 13 (10)  Ttime: 1.3753 Vtime: 0.0513
Step: 37200000  Loss: 0.063322 Regul: 0.052559 Obj: 0.115880 (0.069255)  NNZ: 10 (10)  Ttime: 1.3726 Vtime: 0.0517
Step: 37300000  Loss: 0.085622 Regul: 0.068730 Obj: 0.154353 (0.069255)  NNZ: 9 (10)  Ttime: 1.3727 Vtime: 0.0511
Step: 37400000  Loss: 0.101350 Regul: 0.093633 Obj: 0.194983 (0.069255)  NNZ: 15 (10)  Ttime: 1.3739 Vtime: 0.0520
Step: 37500000  Loss: 0.073019 Regul: 0.057480 Obj: 0.130499 (0.069255)  NNZ: 9 (10)  Ttime: 1.3736 Vtime: 0.0515
Step: 37600000  Loss: 0.073009 Regul: 0.027773 Obj: 0.100782 (0.069255)  NNZ: 6 (10)  Ttime: 1.3724 Vtime: 0.0516
Step: 37700000  Loss: 0.092280 Regul: 0.071836 Obj: 0.164116 (0.069255)  NNZ: 8 (10)  Ttime: 1.3732 Vtime: 0.0523
Step: 37800000  Loss: 0.068607 Regul: 0.056836 Obj: 0.125443 (0.069255)  NNZ: 12 (10)  Ttime: 1.3742 Vtime: 0.0519
Step: 37900000  Loss: 0.067617 Regul: 0.051270 Obj: 0.118887 (0.069255)  NNZ: 9 (10)  Ttime: 1.3865 Vtime: 0.0514
Step: 38000000  Loss: 0.057070 Regul: 0.040430 Obj: 0.097500 (0.069255)  NNZ: 8 (10)  Ttime: 1.3777 Vtime: 0.0514
Step: 38100000  Loss: 0.087761 Regul: 0.089414 Obj: 0.177175 (0.069255)  NNZ: 14 (10)  Ttime: 1.3781 Vtime: 0.0510
Step: 38200000  Loss: 0.061736 Regul: 0.038262 Obj: 0.099998 (0.069255)  NNZ: 5 (10)  Ttime: 1.3791 Vtime: 0.0517
Step: 38300000  Loss: 0.054174 Regul: 0.024316 Obj: 0.078490 (0.069255)  NNZ: 6 (10)  Ttime: 1.3752 Vtime: 0.0518
Step: 38400000  Loss: 0.078726 Regul: 0.073535 Obj: 0.152261 (0.069255)  NNZ: 12 (10)  Ttime: 1.3726 Vtime: 0.0515
Step: 38500000  Loss: 0.115449 Regul: 0.052676 Obj: 0.168125 (0.069255)  NNZ: 11 (10)  Ttime: 1.3705 Vtime: 0.0517
Step: 38600000  Loss: 0.063745 Regul: 0.033281 Obj: 0.097026 (0.069255)  NNZ: 6 (10)  Ttime: 1.3698 Vtime: 0.0512
Step: 38700000  Loss: 0.076459 Regul: 0.067910 Obj: 0.144369 (0.069255)  NNZ: 9 (10)  Ttime: 1.3722 Vtime: 0.0514
Step: 38800000  Loss: 0.079966 Regul: 0.071133 Obj: 0.151098 (0.069255)  NNZ: 12 (10)  Ttime: 1.3736 Vtime: 0.0516
Step: 38900000  Loss: 0.075402 Regul: 0.073008 Obj: 0.148410 (0.069255)  NNZ: 10 (10)  Ttime: 1.3703 Vtime: 0.0516
Step: 39000000  Loss: 0.192133 Regul: 0.040957 Obj: 0.233090 (0.069255)  NNZ: 7 (10)  Ttime: 1.3717 Vtime: 0.0512
Step: 39100000  Loss: 0.057058 Regul: 0.036797 Obj: 0.093855 (0.069255)  NNZ: 14 (10)  Ttime: 1.3747 Vtime: 0.0521
Step: 39200000  Loss: 0.071662 Regul: 0.059121 Obj: 0.130783 (0.069255)  NNZ: 10 (10)  Ttime: 1.3740 Vtime: 0.0516
Step: 39300000  Loss: 0.130900 Regul: 0.100840 Obj: 0.231740 (0.069255)  NNZ: 14 (10)  Ttime: 1.3715 Vtime: 0.0520
Step: 39400000  Loss: 0.087771 Regul: 0.083730 Obj: 0.171502 (0.069255)  NNZ: 16 (10)  Ttime: 1.3741 Vtime: 0.0522
Step: 39500000  Loss: 0.069527 Regul: 0.043301 Obj: 0.112827 (0.069255)  NNZ: 10 (10)  Ttime: 1.3699 Vtime: 0.0512
Step: 39600000  Loss: 0.089091 Regul: 0.079980 Obj: 0.169072 (0.069255)  NNZ: 12 (10)  Ttime: 1.3732 Vtime: 0.0518
Step: 39700000  Loss: 0.062669 Regul: 0.028477 Obj: 0.091145 (0.069255)  NNZ: 6 (10)  Ttime: 1.3736 Vtime: 0.0517
Step: 39800000  Loss: 0.076749 Regul: 0.062578 Obj: 0.139327 (0.069255)  NNZ: 13 (10)  Ttime: 1.3718 Vtime: 0.0516
Step: 39900000  Loss: 0.059489 Regul: 0.019395 Obj: 0.078884 (0.069255)  NNZ: 4 (10)  Ttime: 1.3742 Vtime: 0.0515
Step: 40000000  Loss: 0.086606 Regul: 0.073125 Obj: 0.159731 (0.069255)  NNZ: 9 (10)  Ttime: 1.3722 Vtime: 0.0513
Step: 40100000  Loss: 0.093674 Regul: 0.075234 Obj: 0.168908 (0.069255)  NNZ: 16 (10)  Ttime: 1.3731 Vtime: 0.0511
Step: 40200000  Loss: 0.129666 Regul: 0.098262 Obj: 0.227928 (0.069255)  NNZ: 16 (10)  Ttime: 1.3723 Vtime: 0.0519
Step: 40300000  Loss: 0.065117 Regul: 0.037676 Obj: 0.102793 (0.069255)  NNZ: 6 (10)  Ttime: 1.3732 Vtime: 0.0514
Step: 40400000  Loss: 0.066706 Regul: 0.052324 Obj: 0.119030 (0.069255)  NNZ: 10 (10)  Ttime: 1.3701 Vtime: 0.0512
Step: 40500000  Loss: 0.058735 Regul: 0.041250 Obj: 0.099985 (0.069255)  NNZ: 10 (10)  Ttime: 1.3757 Vtime: 0.0510
Step: 40600000  Loss: 0.059864 Regul: 0.028945 Obj: 0.088810 (0.069255)  NNZ: 6 (10)  Ttime: 1.3734 Vtime: 0.0515
Step: 40700000  Loss: 0.086207 Regul: 0.083789 Obj: 0.169996 (0.069255)  NNZ: 15 (10)  Ttime: 1.3720 Vtime: 0.0522
Step: 40800000  Loss: 0.067572 Regul: 0.037559 Obj: 0.105131 (0.069255)  NNZ: 9 (10)  Ttime: 1.3735 Vtime: 0.0516
Step: 40900000  Loss: 0.083975 Regul: 0.062930 Obj: 0.146905 (0.069255)  NNZ: 13 (10)  Ttime: 1.3697 Vtime: 0.0520
Step: 41000000  Loss: 0.084686 Regul: 0.059766 Obj: 0.144452 (0.069255)  NNZ: 9 (10)  Ttime: 1.3716 Vtime: 0.0525
Step: 41100000  Loss: 0.079650 Regul: 0.060000 Obj: 0.139650 (0.069255)  NNZ: 10 (10)  Ttime: 1.3720 Vtime: 0.0516
Step: 41200000  Loss: 0.077591 Regul: 0.052559 Obj: 0.130149 (0.069255)  NNZ: 9 (10)  Ttime: 1.3762 Vtime: 0.0524
Step: 41300000  Loss: 0.080803 Regul: 0.059941 Obj: 0.140744 (0.069255)  NNZ: 11 (10)  Ttime: 1.3725 Vtime: 0.0512
Step: 41400000  Loss: 0.069799 Regul: 0.046289 Obj: 0.116089 (0.069255)  NNZ: 8 (10)  Ttime: 1.3760 Vtime: 0.0511
Step: 41500000  Loss: 0.273133 Regul: 0.042598 Obj: 0.315730 (0.069255)  NNZ: 7 (10)  Ttime: 1.3710 Vtime: 0.0517
Step: 41600000  Loss: 0.088642 Regul: 0.065566 Obj: 0.154208 (0.069255)  NNZ: 9 (10)  Ttime: 1.3728 Vtime: 0.0515
Step: 41700000  Loss: 0.069755 Regul: 0.058125 Obj: 0.127880 (0.069255)  NNZ: 9 (10)  Ttime: 1.3747 Vtime: 0.0511
Step: 41800000  Loss: 0.061721 Regul: 0.044766 Obj: 0.106486 (0.069255)  NNZ: 10 (10)  Ttime: 1.3741 Vtime: 0.0513
Step: 41900000  Loss: 0.071995 Regul: 0.057656 Obj: 0.129651 (0.069255)  NNZ: 10 (10)  Ttime: 1.3721 Vtime: 0.0515
Step: 42000000  Loss: 0.087625 Regul: 0.072363 Obj: 0.159988 (0.069255)  NNZ: 11 (10)  Ttime: 1.3774 Vtime: 0.0511
Step: 42100000  Loss: 0.147377 Regul: 0.067617 Obj: 0.214994 (0.069255)  NNZ: 15 (10)  Ttime: 1.3755 Vtime: 0.0518
Step: 42200000  Loss: 0.072388 Regul: 0.067910 Obj: 0.140298 (0.069255)  NNZ: 11 (10)  Ttime: 1.3811 Vtime: 0.0513
Step: 42300000  Loss: 0.068518 Regul: 0.041191 Obj: 0.109709 (0.069255)  NNZ: 8 (10)  Ttime: 1.3785 Vtime: 0.0517
Step: 42400000  Loss: 0.059850 Regul: 0.040371 Obj: 0.100221 (0.069255)  NNZ: 7 (10)  Ttime: 1.3789 Vtime: 0.0514
Step: 42500000  Loss: 0.057715 Regul: 0.028828 Obj: 0.086543 (0.069255)  NNZ: 7 (10)  Ttime: 1.3760 Vtime: 0.0510
Step: 42600000  Loss: 0.064413 Regul: 0.044590 Obj: 0.109002 (0.069255)  NNZ: 8 (10)  Ttime: 1.3726 Vtime: 0.0521
Step: 42700000  Loss: 0.057699 Regul: 0.039199 Obj: 0.096899 (0.069255)  NNZ: 8 (10)  Ttime: 1.3743 Vtime: 0.0512
Step: 42800000  Loss: 0.090805 Regul: 0.093633 Obj: 0.184438 (0.069255)  NNZ: 13 (10)  Ttime: 1.3742 Vtime: 0.0506
Step: 42900000  Loss: 0.067358 Regul: 0.042656 Obj: 0.110015 (0.069255)  NNZ: 6 (10)  Ttime: 1.3724 Vtime: 0.0515
Step: 43000000  Loss: 0.070437 Regul: 0.063223 Obj: 0.133660 (0.069255)  NNZ: 9 (10)  Ttime: 1.3754 Vtime: 0.0516
Step: 43100000  Loss: 0.069950 Regul: 0.048457 Obj: 0.118407 (0.069255)  NNZ: 6 (10)  Ttime: 1.3754 Vtime: 0.0512
Step: 43200000  Loss: 0.085057 Regul: 0.057773 Obj: 0.142830 (0.069255)  NNZ: 14 (10)  Ttime: 1.3702 Vtime: 0.0512
Step: 43300000  Loss: 0.061231 Regul: 0.043418 Obj: 0.104648 (0.069255)  NNZ: 7 (10)  Ttime: 1.3714 Vtime: 0.0516
Step: 43400000  Loss: 0.077819 Regul: 0.078516 Obj: 0.156335 (0.069255)  NNZ: 12 (10)  Ttime: 1.3749 Vtime: 0.0508
Step: 43500000  Loss: 0.074056 Regul: 0.047871 Obj: 0.121928 (0.069255)  NNZ: 9 (10)  Ttime: 1.3727 Vtime: 0.0518
Step: 43600000  Loss: 0.069016 Regul: 0.055547 Obj: 0.124563 (0.069255)  NNZ: 10 (10)  Ttime: 1.3721 Vtime: 0.0519
Step: 43700000  Loss: 0.085238 Regul: 0.084434 Obj: 0.169671 (0.069255)  NNZ: 12 (10)  Ttime: 1.3722 Vtime: 0.0515
Step: 43800000  Loss: 0.054933 Regul: 0.036914 Obj: 0.091847 (0.069255)  NNZ: 8 (10)  Ttime: 1.3722 Vtime: 0.0516
Step: 43900000  Loss: 0.060358 Regul: 0.047109 Obj: 0.107467 (0.069255)  NNZ: 11 (10)  Ttime: 1.3757 Vtime: 0.0515
Step: 44000000  Loss: 0.080490 Regul: 0.041484 Obj: 0.121974 (0.069255)  NNZ: 7 (10)  Ttime: 1.3755 Vtime: 0.0515
Step: 44100000  Loss: 0.067859 Regul: 0.033047 Obj: 0.100906 (0.069255)  NNZ: 9 (10)  Ttime: 1.3719 Vtime: 0.0514
Step: 44200000  Loss: 0.090518 Regul: 0.079512 Obj: 0.170030 (0.069255)  NNZ: 14 (10)  Ttime: 1.3742 Vtime: 0.0520
Step: 44300000  Loss: 0.064161 Regul: 0.049512 Obj: 0.113673 (0.069255)  NNZ: 8 (10)  Ttime: 1.3718 Vtime: 0.0515
Step: 44400000  Loss: 0.074231 Regul: 0.068145 Obj: 0.142376 (0.069255)  NNZ: 10 (10)  Ttime: 1.3727 Vtime: 0.0516
Step: 44500000  Loss: 0.061705 Regul: 0.037031 Obj: 0.098736 (0.069255)  NNZ: 7 (10)  Ttime: 1.3694 Vtime: 0.0511
Step: 44600000  Loss: 0.131084 Regul: 0.071250 Obj: 0.202334 (0.069255)  NNZ: 12 (10)  Ttime: 1.3712 Vtime: 0.0511
Step: 44700000  Loss: 0.070458 Regul: 0.048574 Obj: 0.119032 (0.069255)  NNZ: 11 (10)  Ttime: 1.3712 Vtime: 0.0511
Step: 44800000  Loss: 0.095855 Regul: 0.079687 Obj: 0.175543 (0.069255)  NNZ: 13 (10)  Ttime: 1.3736 Vtime: 0.0521
Step: 44900000  Loss: 0.057248 Regul: 0.037383 Obj: 0.094631 (0.069255)  NNZ: 10 (10)  Ttime: 1.3726 Vtime: 0.0516
Step: 45000000  Loss: 0.077057 Regul: 0.062168 Obj: 0.139225 (0.069255)  NNZ: 11 (10)  Ttime: 1.3740 Vtime: 0.0521
Step: 45100000  Loss: 0.056512 Regul: 0.042129 Obj: 0.098641 (0.069255)  NNZ: 9 (10)  Ttime: 1.3702 Vtime: 0.0514
Step: 45200000  Loss: 0.071420 Regul: 0.061406 Obj: 0.132827 (0.069255)  NNZ: 12 (10)  Ttime: 1.3841 Vtime: 0.0519
Step: 45300000  Loss: 0.116359 Regul: 0.107109 Obj: 0.223469 (0.069255)  NNZ: 18 (10)  Ttime: 1.3716 Vtime: 0.0522
Step: 45400000  Loss: 0.081324 Regul: 0.069668 Obj: 0.150992 (0.069255)  NNZ: 11 (10)  Ttime: 1.3736 Vtime: 0.0515
Step: 45500000  Loss: 0.078401 Regul: 0.065098 Obj: 0.143499 (0.069255)  NNZ: 9 (10)  Ttime: 1.3698 Vtime: 0.0509
Step: 45600000  Loss: 0.065697 Regul: 0.033047 Obj: 0.098743 (0.069255)  NNZ: 8 (10)  Ttime: 1.3728 Vtime: 0.0515
Step: 45700000  Loss: 0.072439 Regul: 0.052559 Obj: 0.124998 (0.069255)  NNZ: 7 (10)  Ttime: 1.3738 Vtime: 0.0517
Step: 45800000  Loss: 0.095692 Regul: 0.080332 Obj: 0.176024 (0.069255)  NNZ: 14 (10)  Ttime: 1.3724 Vtime: 0.0506
Step: 45900000  Loss: 0.065054 Regul: 0.027305 Obj: 0.092359 (0.069255)  NNZ: 5 (10)  Ttime: 1.3726 Vtime: 0.0517
Step: 46000000  Loss: 0.352833 Regul: 0.051738 Obj: 0.404571 (0.069255)  NNZ: 6 (10)  Ttime: 1.3724 Vtime: 0.0509
Step: 46100000  Loss: 0.097738 Regul: 0.045996 Obj: 0.143734 (0.069255)  NNZ: 6 (10)  Ttime: 1.3715 Vtime: 0.0507
Step: 46200000  Loss: 0.066264 Regul: 0.049922 Obj: 0.116185 (0.069255)  NNZ: 13 (10)  Ttime: 1.3738 Vtime: 0.0520
Step: 46300000  Loss: 0.064200 Regul: 0.030527 Obj: 0.094728 (0.069255)  NNZ: 8 (10)  Ttime: 1.3751 Vtime: 0.0516
Step: 46400000  Loss: 0.058636 Regul: 0.033867 Obj: 0.092503 (0.069255)  NNZ: 9 (10)  Ttime: 1.3784 Vtime: 0.0515
Step: 46500000  Loss: 0.072615 Regul: 0.066680 Obj: 0.139294 (0.069255)  NNZ: 15 (10)  Ttime: 1.3792 Vtime: 0.0522
Step: 46600000  Loss: 0.077020 Regul: 0.053613 Obj: 0.130634 (0.069255)  NNZ: 8 (10)  Ttime: 1.3772 Vtime: 0.0516
Step: 46700000  Loss: 0.166891 Regul: 0.071602 Obj: 0.238493 (0.069255)  NNZ: 9 (10)  Ttime: 1.3750 Vtime: 0.0523
Step: 46800000  Loss: 0.058487 Regul: 0.039023 Obj: 0.097511 (0.069255)  NNZ: 9 (10)  Ttime: 1.3739 Vtime: 0.0512
Step: 46900000  Loss: 0.074894 Regul: 0.050742 Obj: 0.125636 (0.069255)  NNZ: 9 (10)  Ttime: 1.3681 Vtime: 0.0512
Step: 47000000  Loss: 0.067458 Regul: 0.060820 Obj: 0.128279 (0.069255)  NNZ: 11 (10)  Ttime: 1.3716 Vtime: 0.0513
Step: 47100000  Loss: 0.078678 Regul: 0.075117 Obj: 0.153795 (0.069255)  NNZ: 14 (10)  Ttime: 1.3737 Vtime: 0.0516
Step: 47200000  Loss: 0.070045 Regul: 0.061641 Obj: 0.131686 (0.069255)  NNZ: 10 (10)  Ttime: 1.3746 Vtime: 0.0515
Step: 47300000  Loss: 0.077803 Regul: 0.070781 Obj: 0.148584 (0.069255)  NNZ: 12 (10)  Ttime: 1.3731 Vtime: 0.0511
Step: 47400000  Loss: 0.065159 Regul: 0.054375 Obj: 0.119534 (0.069255)  NNZ: 10 (10)  Ttime: 1.3723 Vtime: 0.0511
Step: 47500000  Loss: 0.073219 Regul: 0.014180 Obj: 0.087398 (0.069255)  NNZ: 3 (10)  Ttime: 1.3718 Vtime: 0.0510
Step: 47600000  Loss: 0.086558 Regul: 0.055898 Obj: 0.142457 (0.069255)  NNZ: 10 (10)  Ttime: 1.3733 Vtime: 0.0520
Step: 47700000  Loss: 0.074468 Regul: 0.061523 Obj: 0.135992 (0.069255)  NNZ: 9 (10)  Ttime: 1.3710 Vtime: 0.0512
Step: 47800000  Loss: 0.093640 Regul: 0.048633 Obj: 0.142273 (0.069255)  NNZ: 7 (10)  Ttime: 1.3714 Vtime: 0.0513
Step: 47900000  Loss: 0.066397 Regul: 0.057656 Obj: 0.124053 (0.069255)  NNZ: 10 (10)  Ttime: 1.3730 Vtime: 0.0510
Step: 48000000  Loss: 0.052979 Regul: 0.037383 Obj: 0.090362 (0.069255)  NNZ: 11 (10)  Ttime: 1.3718 Vtime: 0.0508
Step: 48100000  Loss: 0.064647 Regul: 0.048516 Obj: 0.113163 (0.069255)  NNZ: 8 (10)  Ttime: 1.3741 Vtime: 0.0521
Step: 48200000  Loss: 0.060286 Regul: 0.037031 Obj: 0.097317 (0.069255)  NNZ: 7 (10)  Ttime: 1.3738 Vtime: 0.0514
Step: 48300000  Loss: 0.069385 Regul: 0.041250 Obj: 0.110635 (0.069255)  NNZ: 7 (10)  Ttime: 1.3725 Vtime: 0.0514
Step: 48400000  Loss: 0.071989 Regul: 0.065273 Obj: 0.137263 (0.069255)  NNZ: 12 (10)  Ttime: 1.3724 Vtime: 0.0512
Step: 48500000  Loss: 0.082679 Regul: 0.057070 Obj: 0.139749 (0.069255)  NNZ: 15 (10)  Ttime: 1.3737 Vtime: 0.0513
Step: 48600000  Loss: 0.055676 Regul: 0.036094 Obj: 0.091769 (0.069255)  NNZ: 7 (10)  Ttime: 1.3717 Vtime: 0.0512
Step: 48700000  Loss: 0.055621 Regul: 0.035039 Obj: 0.090660 (0.069255)  NNZ: 9 (10)  Ttime: 1.3692 Vtime: 0.0526
Step: 48800000  Loss: 0.058417 Regul: 0.034805 Obj: 0.093222 (0.069255)  NNZ: 10 (10)  Ttime: 1.3735 Vtime: 0.0516
Step: 48900000  Loss: 0.087087 Regul: 0.033633 Obj: 0.120719 (0.069255)  NNZ: 6 (10)  Ttime: 1.3658 Vtime: 0.0508
Step: 49000000  Loss: 0.060749 Regul: 0.039258 Obj: 0.100007 (0.069255)  NNZ: 10 (10)  Ttime: 1.3700 Vtime: 0.0513
Step: 49100000  Loss: 0.060394 Regul: 0.030352 Obj: 0.090745 (0.069255)  NNZ: 5 (10)  Ttime: 1.3741 Vtime: 0.0521
Step: 49200000  Loss: 0.078654 Regul: 0.075469 Obj: 0.154123 (0.069255)  NNZ: 13 (10)  Ttime: 1.3733 Vtime: 0.0516
Step: 49300000  Loss: 0.088957 Regul: 0.081211 Obj: 0.170168 (0.069255)  NNZ: 11 (10)  Ttime: 1.3739 Vtime: 0.0519
Step: 49400000  Loss: 0.051711 Regul: 0.028008 Obj: 0.079719 (0.069255)  NNZ: 7 (10)  Ttime: 1.3688 Vtime: 0.0525
Step: 49500000  Loss: 0.080436 Regul: 0.079922 Obj: 0.160358 (0.069255)  NNZ: 14 (10)  Ttime: 1.3706 Vtime: 0.0518
Step: 49600000  Loss: 0.071929 Regul: 0.066680 Obj: 0.138608 (0.069255)  NNZ: 14 (10)  Ttime: 1.3731 Vtime: 0.0517
Step: 49700000  Loss: 0.059957 Regul: 0.018047 Obj: 0.078004 (0.069255)  NNZ: 6 (10)  Ttime: 1.3700 Vtime: 0.0513
Step: 49800000  Loss: 0.073844 Regul: 0.049922 Obj: 0.123766 (0.069255)  NNZ: 7 (10)  Ttime: 1.3741 Vtime: 0.0513
Step: 49900000  Loss: 0.122511 Regul: 0.032461 Obj: 0.154972 (0.069255)  NNZ: 10 (10)  Ttime: 1.3716 Vtime: 0.0517
Step: 50000000  Loss: 0.084627 Regul: 0.065625 Obj: 0.150252 (0.069255)  NNZ: 9 (10)  Ttime: 1.3716 Vtime: 0.0516
