mu: 0.025 gamma: 0.225 nIters: 50000000
Load PRParams.
Load RingParams.
Load Labels: 500000
Load Distances: 500000 x 5120
0...10...20...30...40...50...60...70...80...90...100 - done.
Positive samples #250000
Negative samples #250000
Positive train #200000
Negative train #200000
Positive valid #50000
Negative valid #50000

Found GPU: GeForce GTX 970
Compute Capability: 5.2

Best: 100000  Loss: 0.069409 Regul: 0.014313 Obj: 0.083722 (0.083722)  NNZ: 11 (11)  Ttime: 1.3953 Vtime: 0.2065
Stat: nPR #72 (#88) Dim/MaxDim [576/640] AUC: 0.975999 FPR95: 11.85 [saved]
Step: 200000  Loss: 0.092018 Regul: 0.037126 Obj: 0.129144 (0.083722)  NNZ: 15 (11)  Ttime: 1.3901 Vtime: 0.0515
Step: 300000  Loss: 0.076539 Regul: 0.025340 Obj: 0.101879 (0.083722)  NNZ: 14 (11)  Ttime: 1.3872 Vtime: 0.0510
Step: 400000  Loss: 0.066420 Regul: 0.022513 Obj: 0.088932 (0.083722)  NNZ: 12 (11)  Ttime: 1.3893 Vtime: 0.0519
Best: 500000  Loss: 0.065196 Regul: 0.012340 Obj: 0.077536 (0.077536)  NNZ: 8 (8)  Ttime: 1.3877 Vtime: 0.0520
Stat: nPR #56 (#64) Dim/MaxDim [448/640] AUC: 0.976209 FPR95: 11.81 [saved]
Step: 600000  Loss: 0.071668 Regul: 0.026092 Obj: 0.097760 (0.077536)  NNZ: 12 (8)  Ttime: 1.3955 Vtime: 0.0515
Best: 700000  Loss: 0.059024 Regul: 0.012535 Obj: 0.071559 (0.071559)  NNZ: 9 (9)  Ttime: 1.3903 Vtime: 0.0520
Stat: nPR #68 (#72) Dim/MaxDim [544/640] AUC: 0.978453 FPR95: 9.83 [saved]
Step: 800000  Loss: 0.068363 Regul: 0.015118 Obj: 0.083482 (0.071559)  NNZ: 8 (9)  Ttime: 1.3882 Vtime: 0.0514
Best: 900000  Loss: 0.051998 Regul: 0.011036 Obj: 0.063034 (0.063034)  NNZ: 9 (9)  Ttime: 1.3915 Vtime: 0.0512
Stat: nPR #56 (#72) Dim/MaxDim [448/640] AUC: 0.980331 FPR95: 9.04 [saved]
Step: 1000000  Loss: 0.055999 Regul: 0.016304 Obj: 0.072303 (0.063034)  NNZ: 11 (9)  Ttime: 1.3928 Vtime: 0.0508
Best: 1100000  Loss: 0.050915 Regul: 0.011092 Obj: 0.062007 (0.062007)  NNZ: 9 (9)  Ttime: 1.3920 Vtime: 0.0513
Stat: nPR #64 (#72) Dim/MaxDim [512/640] AUC: 0.980769 FPR95: 8.28 [saved]
Step: 1200000  Loss: 0.077776 Regul: 0.024557 Obj: 0.102333 (0.062007)  NNZ: 11 (9)  Ttime: 1.3909 Vtime: 0.0511
Step: 1300000  Loss: 0.068923 Regul: 0.017918 Obj: 0.086841 (0.062007)  NNZ: 12 (9)  Ttime: 1.3908 Vtime: 0.0519
Step: 1400000  Loss: 0.068049 Regul: 0.018789 Obj: 0.086839 (0.062007)  NNZ: 15 (9)  Ttime: 1.3920 Vtime: 0.0516
Step: 1500000  Loss: 0.060160 Regul: 0.019065 Obj: 0.079225 (0.062007)  NNZ: 13 (9)  Ttime: 1.3886 Vtime: 0.0517
Step: 1600000  Loss: 0.073730 Regul: 0.014318 Obj: 0.088048 (0.062007)  NNZ: 11 (9)  Ttime: 1.3923 Vtime: 0.0513
Step: 1700000  Loss: 0.101552 Regul: 0.007256 Obj: 0.108808 (0.062007)  NNZ: 7 (9)  Ttime: 1.3910 Vtime: 0.0515
Best: 1800000  Loss: 0.050760 Regul: 0.009804 Obj: 0.060563 (0.060563)  NNZ: 9 (9)  Ttime: 1.3900 Vtime: 0.0508
Stat: nPR #60 (#72) Dim/MaxDim [480/640] AUC: 0.980701 FPR95: 8.59 [saved]
Step: 1900000  Loss: 0.057408 Regul: 0.009628 Obj: 0.067036 (0.060563)  NNZ: 8 (9)  Ttime: 1.3916 Vtime: 0.0513
Step: 2000000  Loss: 0.058097 Regul: 0.013287 Obj: 0.071383 (0.060563)  NNZ: 13 (9)  Ttime: 1.3889 Vtime: 0.0514
Step: 2100000  Loss: 0.058465 Regul: 0.008828 Obj: 0.067293 (0.060563)  NNZ: 6 (9)  Ttime: 1.3900 Vtime: 0.0511
Step: 2200000  Loss: 0.053811 Regul: 0.013506 Obj: 0.067316 (0.060563)  NNZ: 11 (9)  Ttime: 1.3905 Vtime: 0.0512
Step: 2300000  Loss: 0.066582 Regul: 0.025589 Obj: 0.092171 (0.060563)  NNZ: 22 (9)  Ttime: 1.3885 Vtime: 0.0521
Step: 2400000  Loss: 0.059937 Regul: 0.020031 Obj: 0.079968 (0.060563)  NNZ: 17 (9)  Ttime: 1.3887 Vtime: 0.0514
Step: 2500000  Loss: 0.056481 Regul: 0.008870 Obj: 0.065351 (0.060563)  NNZ: 8 (9)  Ttime: 1.3917 Vtime: 0.0509
Step: 2600000  Loss: 0.067525 Regul: 0.018872 Obj: 0.086396 (0.060563)  NNZ: 16 (9)  Ttime: 1.3921 Vtime: 0.0506
Step: 2700000  Loss: 0.086039 Regul: 0.025008 Obj: 0.111048 (0.060563)  NNZ: 21 (9)  Ttime: 1.3904 Vtime: 0.0512
Step: 2800000  Loss: 0.054077 Regul: 0.013488 Obj: 0.067565 (0.060563)  NNZ: 12 (9)  Ttime: 1.3915 Vtime: 0.0512
Step: 2900000  Loss: 0.062755 Regul: 0.015231 Obj: 0.077987 (0.060563)  NNZ: 15 (9)  Ttime: 1.3914 Vtime: 0.0516
Step: 3000000  Loss: 0.075645 Regul: 0.012285 Obj: 0.087931 (0.060563)  NNZ: 14 (9)  Ttime: 1.3940 Vtime: 0.0518
Step: 3100000  Loss: 0.062925 Regul: 0.008376 Obj: 0.071301 (0.060563)  NNZ: 8 (9)  Ttime: 1.3851 Vtime: 0.0522
Step: 3200000  Loss: 0.055750 Regul: 0.012702 Obj: 0.068452 (0.060563)  NNZ: 14 (9)  Ttime: 1.3898 Vtime: 0.0510
Step: 3300000  Loss: 0.054167 Regul: 0.012332 Obj: 0.066499 (0.060563)  NNZ: 12 (9)  Ttime: 1.3908 Vtime: 0.0515
Step: 3400000  Loss: 0.058731 Regul: 0.008234 Obj: 0.066965 (0.060563)  NNZ: 11 (9)  Ttime: 1.3917 Vtime: 0.0505
Step: 3500000  Loss: 0.052776 Regul: 0.012013 Obj: 0.064789 (0.060563)  NNZ: 12 (9)  Ttime: 1.3907 Vtime: 0.0518
Best: 3600000  Loss: 0.049166 Regul: 0.009932 Obj: 0.059098 (0.059098)  NNZ: 12 (12)  Ttime: 1.3920 Vtime: 0.0518
Stat: nPR #84 (#96) Dim/MaxDim [672/640] AUC: 0.981479 FPR95: 7.40
Step: 3700000  Loss: 0.056235 Regul: 0.016359 Obj: 0.072594 (0.059098)  NNZ: 14 (12)  Ttime: 1.3907 Vtime: 0.0512
Step: 3800000  Loss: 0.058777 Regul: 0.016100 Obj: 0.074877 (0.059098)  NNZ: 13 (12)  Ttime: 1.3948 Vtime: 0.0511
Step: 3900000  Loss: 0.054435 Regul: 0.013964 Obj: 0.068398 (0.059098)  NNZ: 14 (12)  Ttime: 1.3901 Vtime: 0.0511
Step: 4000000  Loss: 0.072954 Regul: 0.009109 Obj: 0.082063 (0.059098)  NNZ: 8 (12)  Ttime: 1.3909 Vtime: 0.0519
Step: 4100000  Loss: 0.062660 Regul: 0.017076 Obj: 0.079736 (0.059098)  NNZ: 15 (12)  Ttime: 1.3904 Vtime: 0.0510
Step: 4200000  Loss: 0.069303 Regul: 0.014598 Obj: 0.083901 (0.059098)  NNZ: 14 (12)  Ttime: 1.3918 Vtime: 0.0515
Step: 4300000  Loss: 0.050971 Regul: 0.009702 Obj: 0.060673 (0.059098)  NNZ: 10 (12)  Ttime: 1.3875 Vtime: 0.0512
Step: 4400000  Loss: 0.052619 Regul: 0.015425 Obj: 0.068044 (0.059098)  NNZ: 17 (12)  Ttime: 1.3905 Vtime: 0.0518
Step: 4500000  Loss: 0.075976 Regul: 0.008828 Obj: 0.084804 (0.059098)  NNZ: 12 (12)  Ttime: 1.3905 Vtime: 0.0520
Step: 4600000  Loss: 0.063057 Regul: 0.014463 Obj: 0.077520 (0.059098)  NNZ: 12 (12)  Ttime: 1.3926 Vtime: 0.0509
Step: 4700000  Loss: 0.053710 Regul: 0.010167 Obj: 0.063877 (0.059098)  NNZ: 14 (12)  Ttime: 1.3926 Vtime: 0.0514
Step: 4800000  Loss: 0.063798 Regul: 0.011142 Obj: 0.074941 (0.059098)  NNZ: 11 (12)  Ttime: 1.3914 Vtime: 0.0518
Step: 4900000  Loss: 0.051750 Regul: 0.011626 Obj: 0.063376 (0.059098)  NNZ: 11 (12)  Ttime: 1.3918 Vtime: 0.0513
Step: 5000000  Loss: 0.052732 Regul: 0.012354 Obj: 0.065085 (0.059098)  NNZ: 14 (12)  Ttime: 1.3908 Vtime: 0.0515
Step: 5100000  Loss: 0.055287 Regul: 0.013280 Obj: 0.068567 (0.059098)  NNZ: 14 (12)  Ttime: 1.3889 Vtime: 0.0518
Step: 5200000  Loss: 0.052150 Regul: 0.009510 Obj: 0.061660 (0.059098)  NNZ: 9 (12)  Ttime: 1.3882 Vtime: 0.0517
Step: 5300000  Loss: 0.057883 Regul: 0.016576 Obj: 0.074459 (0.059098)  NNZ: 15 (12)  Ttime: 1.3891 Vtime: 0.0512
Step: 5400000  Loss: 0.051812 Regul: 0.014301 Obj: 0.066113 (0.059098)  NNZ: 12 (12)  Ttime: 1.3882 Vtime: 0.0515
Step: 5500000  Loss: 0.062450 Regul: 0.012516 Obj: 0.074966 (0.059098)  NNZ: 10 (12)  Ttime: 1.3893 Vtime: 0.0510
Step: 5600000  Loss: 0.052708 Regul: 0.010237 Obj: 0.062945 (0.059098)  NNZ: 13 (12)  Ttime: 1.3880 Vtime: 0.0513
Best: 5700000  Loss: 0.050041 Regul: 0.009025 Obj: 0.059066 (0.059066)  NNZ: 14 (14)  Ttime: 1.3898 Vtime: 0.0517
Stat: nPR #88 (#112) Dim/MaxDim [704/640] AUC: 0.981100 FPR95: 7.96
Step: 5800000  Loss: 0.056049 Regul: 0.016492 Obj: 0.072541 (0.059066)  NNZ: 18 (14)  Ttime: 1.3910 Vtime: 0.0513
Step: 5900000  Loss: 0.068746 Regul: 0.021523 Obj: 0.090269 (0.059066)  NNZ: 19 (14)  Ttime: 1.3893 Vtime: 0.0512
Step: 6000000  Loss: 0.052142 Regul: 0.011500 Obj: 0.063642 (0.059066)  NNZ: 12 (14)  Ttime: 1.3886 Vtime: 0.0519
Step: 6100000  Loss: 0.057969 Regul: 0.011205 Obj: 0.069174 (0.059066)  NNZ: 10 (14)  Ttime: 1.3971 Vtime: 0.0520
Step: 6200000  Loss: 0.054400 Regul: 0.010289 Obj: 0.064689 (0.059066)  NNZ: 12 (14)  Ttime: 1.3899 Vtime: 0.0514
Step: 6300000  Loss: 0.055410 Regul: 0.015494 Obj: 0.070904 (0.059066)  NNZ: 20 (14)  Ttime: 1.3907 Vtime: 0.0513
Step: 6400000  Loss: 0.062528 Regul: 0.011437 Obj: 0.073965 (0.059066)  NNZ: 13 (14)  Ttime: 1.3913 Vtime: 0.0515
Step: 6500000  Loss: 0.052748 Regul: 0.009650 Obj: 0.062397 (0.059066)  NNZ: 9 (14)  Ttime: 1.3904 Vtime: 0.0522
Step: 6600000  Loss: 0.066171 Regul: 0.011644 Obj: 0.077815 (0.059066)  NNZ: 13 (14)  Ttime: 1.3937 Vtime: 0.0519
Step: 6700000  Loss: 0.051134 Regul: 0.009740 Obj: 0.060873 (0.059066)  NNZ: 12 (14)  Ttime: 1.3905 Vtime: 0.0521
Step: 6800000  Loss: 0.051367 Regul: 0.011703 Obj: 0.063070 (0.059066)  NNZ: 20 (14)  Ttime: 1.3894 Vtime: 0.0517
Step: 6900000  Loss: 0.055742 Regul: 0.014547 Obj: 0.070289 (0.059066)  NNZ: 16 (14)  Ttime: 1.3898 Vtime: 0.0514
Step: 7000000  Loss: 0.057287 Regul: 0.015379 Obj: 0.072666 (0.059066)  NNZ: 19 (14)  Ttime: 1.3879 Vtime: 0.0517
Step: 7100000  Loss: 0.056077 Regul: 0.007141 Obj: 0.063218 (0.059066)  NNZ: 9 (14)  Ttime: 1.3890 Vtime: 0.0512
Step: 7200000  Loss: 0.056579 Regul: 0.010242 Obj: 0.066822 (0.059066)  NNZ: 11 (14)  Ttime: 1.3897 Vtime: 0.0520
Step: 7300000  Loss: 0.052654 Regul: 0.007043 Obj: 0.059698 (0.059066)  NNZ: 10 (14)  Ttime: 1.3879 Vtime: 0.0509
Step: 7400000  Loss: 0.053020 Regul: 0.010618 Obj: 0.063638 (0.059066)  NNZ: 10 (14)  Ttime: 1.3891 Vtime: 0.0519
Step: 7500000  Loss: 0.054042 Regul: 0.011816 Obj: 0.065858 (0.059066)  NNZ: 12 (14)  Ttime: 1.3894 Vtime: 0.0517
Step: 7600000  Loss: 0.062498 Regul: 0.013093 Obj: 0.075591 (0.059066)  NNZ: 11 (14)  Ttime: 1.3880 Vtime: 0.0517
Step: 7700000  Loss: 0.053659 Regul: 0.015803 Obj: 0.069462 (0.059066)  NNZ: 20 (14)  Ttime: 1.3951 Vtime: 0.0512
Step: 7800000  Loss: 0.052229 Regul: 0.013943 Obj: 0.066172 (0.059066)  NNZ: 16 (14)  Ttime: 1.3949 Vtime: 0.0514
Step: 7900000  Loss: 0.064175 Regul: 0.014626 Obj: 0.078801 (0.059066)  NNZ: 17 (14)  Ttime: 1.4047 Vtime: 0.0513
Step: 8000000  Loss: 0.052056 Regul: 0.012859 Obj: 0.064915 (0.059066)  NNZ: 14 (14)  Ttime: 1.3968 Vtime: 0.0513
Step: 8100000  Loss: 0.054127 Regul: 0.017198 Obj: 0.071325 (0.059066)  NNZ: 15 (14)  Ttime: 1.3953 Vtime: 0.0515
Step: 8200000  Loss: 0.051782 Regul: 0.008052 Obj: 0.059834 (0.059066)  NNZ: 12 (14)  Ttime: 1.3952 Vtime: 0.0509
Best: 8300000  Loss: 0.049393 Regul: 0.008469 Obj: 0.057862 (0.057862)  NNZ: 12 (12)  Ttime: 1.3943 Vtime: 0.0518
Stat: nPR #80 (#96) Dim/MaxDim [640/640] AUC: 0.981509 FPR95: 7.40 [saved]
Step: 8400000  Loss: 0.053513 Regul: 0.010090 Obj: 0.063603 (0.057862)  NNZ: 10 (12)  Ttime: 1.3962 Vtime: 0.0516
Step: 8500000  Loss: 0.061737 Regul: 0.009949 Obj: 0.071687 (0.057862)  NNZ: 15 (12)  Ttime: 1.3966 Vtime: 0.0517
Step: 8600000  Loss: 0.055007 Regul: 0.010949 Obj: 0.065956 (0.057862)  NNZ: 14 (12)  Ttime: 1.3956 Vtime: 0.0508
Step: 8700000  Loss: 0.054221 Regul: 0.010063 Obj: 0.064285 (0.057862)  NNZ: 19 (12)  Ttime: 1.3954 Vtime: 0.0513
Step: 8800000  Loss: 0.060926 Regul: 0.010604 Obj: 0.071530 (0.057862)  NNZ: 13 (12)  Ttime: 1.3961 Vtime: 0.0510
Step: 8900000  Loss: 0.052922 Regul: 0.013328 Obj: 0.066250 (0.057862)  NNZ: 16 (12)  Ttime: 1.3963 Vtime: 0.0515
Step: 9000000  Loss: 0.051575 Regul: 0.009279 Obj: 0.060853 (0.057862)  NNZ: 13 (12)  Ttime: 1.4007 Vtime: 0.0509
Step: 9100000  Loss: 0.051097 Regul: 0.009280 Obj: 0.060378 (0.057862)  NNZ: 13 (12)  Ttime: 1.3953 Vtime: 0.0515
Step: 9200000  Loss: 0.053116 Regul: 0.008297 Obj: 0.061413 (0.057862)  NNZ: 9 (12)  Ttime: 1.3971 Vtime: 0.0509
Step: 9300000  Loss: 0.051063 Regul: 0.012592 Obj: 0.063654 (0.057862)  NNZ: 13 (12)  Ttime: 1.3953 Vtime: 0.0521
Step: 9400000  Loss: 0.064578 Regul: 0.013443 Obj: 0.078021 (0.057862)  NNZ: 14 (12)  Ttime: 1.3968 Vtime: 0.0519
Step: 9500000  Loss: 0.049922 Regul: 0.008820 Obj: 0.058741 (0.057862)  NNZ: 13 (12)  Ttime: 1.3971 Vtime: 0.0515
Step: 9600000  Loss: 0.056355 Regul: 0.013703 Obj: 0.070059 (0.057862)  NNZ: 14 (12)  Ttime: 1.3974 Vtime: 0.0523
Step: 9700000  Loss: 0.059095 Regul: 0.009527 Obj: 0.068622 (0.057862)  NNZ: 10 (12)  Ttime: 1.3965 Vtime: 0.0514
Step: 9800000  Loss: 0.049788 Regul: 0.013854 Obj: 0.063642 (0.057862)  NNZ: 16 (12)  Ttime: 1.3963 Vtime: 0.0514
Step: 9900000  Loss: 0.060244 Regul: 0.014262 Obj: 0.074506 (0.057862)  NNZ: 20 (12)  Ttime: 1.3971 Vtime: 0.0513
Step: 10000000  Loss: 0.063204 Regul: 0.006971 Obj: 0.070175 (0.057862)  NNZ: 13 (12)  Ttime: 1.3968 Vtime: 0.0512
Step: 10100000  Loss: 0.051657 Regul: 0.008586 Obj: 0.060243 (0.057862)  NNZ: 12 (12)  Ttime: 1.3950 Vtime: 0.0511
Step: 10200000  Loss: 0.050683 Regul: 0.011142 Obj: 0.061825 (0.057862)  NNZ: 16 (12)  Ttime: 1.3959 Vtime: 0.0513
Step: 10300000  Loss: 0.051617 Regul: 0.008560 Obj: 0.060177 (0.057862)  NNZ: 11 (12)  Ttime: 1.3966 Vtime: 0.0517
Step: 10400000  Loss: 0.058553 Regul: 0.009735 Obj: 0.068288 (0.057862)  NNZ: 14 (12)  Ttime: 1.3983 Vtime: 0.0518
Step: 10500000  Loss: 0.053696 Regul: 0.009236 Obj: 0.062932 (0.057862)  NNZ: 10 (12)  Ttime: 1.3960 Vtime: 0.0517
Step: 10600000  Loss: 0.048766 Regul: 0.011027 Obj: 0.059793 (0.057862)  NNZ: 13 (12)  Ttime: 1.3958 Vtime: 0.0515
Step: 10700000  Loss: 0.050988 Regul: 0.010786 Obj: 0.061774 (0.057862)  NNZ: 15 (12)  Ttime: 1.3958 Vtime: 0.0518
Step: 10800000  Loss: 0.050720 Regul: 0.014004 Obj: 0.064724 (0.057862)  NNZ: 19 (12)  Ttime: 1.3964 Vtime: 0.0523
Step: 10900000  Loss: 0.054790 Regul: 0.011105 Obj: 0.065895 (0.057862)  NNZ: 15 (12)  Ttime: 1.3925 Vtime: 0.0514
Step: 11000000  Loss: 0.049636 Regul: 0.013238 Obj: 0.062874 (0.057862)  NNZ: 19 (12)  Ttime: 1.3957 Vtime: 0.0513
Step: 11100000  Loss: 0.054901 Regul: 0.009433 Obj: 0.064334 (0.057862)  NNZ: 17 (12)  Ttime: 1.3939 Vtime: 0.0510
Step: 11200000  Loss: 0.049199 Regul: 0.010248 Obj: 0.059447 (0.057862)  NNZ: 15 (12)  Ttime: 1.3982 Vtime: 0.0513
Step: 11300000  Loss: 0.050558 Regul: 0.010983 Obj: 0.061540 (0.057862)  NNZ: 17 (12)  Ttime: 1.3923 Vtime: 0.0507
Step: 11400000  Loss: 0.049861 Regul: 0.011952 Obj: 0.061813 (0.057862)  NNZ: 17 (12)  Ttime: 1.3938 Vtime: 0.0517
Step: 11500000  Loss: 0.052256 Regul: 0.015661 Obj: 0.067917 (0.057862)  NNZ: 18 (12)  Ttime: 1.3925 Vtime: 0.0517
Step: 11600000  Loss: 0.064171 Regul: 0.014930 Obj: 0.079101 (0.057862)  NNZ: 18 (12)  Ttime: 1.3936 Vtime: 0.0511
Step: 11700000  Loss: 0.064914 Regul: 0.018676 Obj: 0.083590 (0.057862)  NNZ: 21 (12)  Ttime: 1.3914 Vtime: 0.0519
Step: 11800000  Loss: 0.051431 Regul: 0.012476 Obj: 0.063907 (0.057862)  NNZ: 16 (12)  Ttime: 1.3892 Vtime: 0.0516
Step: 11900000  Loss: 0.053516 Regul: 0.009980 Obj: 0.063496 (0.057862)  NNZ: 12 (12)  Ttime: 1.3944 Vtime: 0.0516
Step: 12000000  Loss: 0.050400 Regul: 0.010863 Obj: 0.061262 (0.057862)  NNZ: 12 (12)  Ttime: 1.3956 Vtime: 0.0514
Step: 12100000  Loss: 0.056762 Regul: 0.010791 Obj: 0.067553 (0.057862)  NNZ: 12 (12)  Ttime: 1.3951 Vtime: 0.0525
Step: 12200000  Loss: 0.050032 Regul: 0.010854 Obj: 0.060886 (0.057862)  NNZ: 14 (12)  Ttime: 1.3949 Vtime: 0.0515
Step: 12300000  Loss: 0.052942 Regul: 0.013654 Obj: 0.066596 (0.057862)  NNZ: 15 (12)  Ttime: 1.3929 Vtime: 0.0511
Step: 12400000  Loss: 0.082741 Regul: 0.010601 Obj: 0.093342 (0.057862)  NNZ: 14 (12)  Ttime: 1.4044 Vtime: 0.0515
Step: 12500000  Loss: 0.072501 Regul: 0.012574 Obj: 0.085075 (0.057862)  NNZ: 22 (12)  Ttime: 1.3930 Vtime: 0.0513
Step: 12600000  Loss: 0.070043 Regul: 0.013209 Obj: 0.083252 (0.057862)  NNZ: 15 (12)  Ttime: 1.3932 Vtime: 0.0520
Step: 12700000  Loss: 0.057547 Regul: 0.018071 Obj: 0.075618 (0.057862)  NNZ: 20 (12)  Ttime: 1.3951 Vtime: 0.0510
Step: 12800000  Loss: 0.055362 Regul: 0.008960 Obj: 0.064322 (0.057862)  NNZ: 12 (12)  Ttime: 1.3930 Vtime: 0.0514
Step: 12900000  Loss: 0.057838 Regul: 0.007718 Obj: 0.065556 (0.057862)  NNZ: 10 (12)  Ttime: 1.3960 Vtime: 0.0517
Step: 13000000  Loss: 0.050235 Regul: 0.011619 Obj: 0.061854 (0.057862)  NNZ: 14 (12)  Ttime: 1.3956 Vtime: 0.0522
Step: 13100000  Loss: 0.058298 Regul: 0.009590 Obj: 0.067888 (0.057862)  NNZ: 11 (12)  Ttime: 1.3946 Vtime: 0.0512
Step: 13200000  Loss: 0.054945 Regul: 0.010806 Obj: 0.065752 (0.057862)  NNZ: 11 (12)  Ttime: 1.3959 Vtime: 0.0522
Step: 13300000  Loss: 0.053042 Regul: 0.011525 Obj: 0.064567 (0.057862)  NNZ: 13 (12)  Ttime: 1.3951 Vtime: 0.0510
Step: 13400000  Loss: 0.059523 Regul: 0.019269 Obj: 0.078792 (0.057862)  NNZ: 19 (12)  Ttime: 1.3954 Vtime: 0.0510
Step: 13500000  Loss: 0.051730 Regul: 0.011672 Obj: 0.063402 (0.057862)  NNZ: 14 (12)  Ttime: 1.3963 Vtime: 0.0516
Step: 13600000  Loss: 0.050187 Regul: 0.012588 Obj: 0.062775 (0.057862)  NNZ: 16 (12)  Ttime: 1.3964 Vtime: 0.0518
Step: 13700000  Loss: 0.050829 Regul: 0.010416 Obj: 0.061245 (0.057862)  NNZ: 13 (12)  Ttime: 1.3960 Vtime: 0.0518
Step: 13800000  Loss: 0.051817 Regul: 0.008818 Obj: 0.060635 (0.057862)  NNZ: 15 (12)  Ttime: 1.3953 Vtime: 0.0511
Step: 13900000  Loss: 0.051926 Regul: 0.010233 Obj: 0.062159 (0.057862)  NNZ: 12 (12)  Ttime: 1.3919 Vtime: 0.0518
Step: 14000000  Loss: 0.049377 Regul: 0.012089 Obj: 0.061465 (0.057862)  NNZ: 14 (12)  Ttime: 1.3973 Vtime: 0.0523
Step: 14100000  Loss: 0.051211 Regul: 0.009936 Obj: 0.061147 (0.057862)  NNZ: 13 (12)  Ttime: 1.3951 Vtime: 0.0514
Step: 14200000  Loss: 0.056950 Regul: 0.014073 Obj: 0.071024 (0.057862)  NNZ: 22 (12)  Ttime: 1.3942 Vtime: 0.0514
Step: 14300000  Loss: 0.064678 Regul: 0.007833 Obj: 0.072512 (0.057862)  NNZ: 15 (12)  Ttime: 1.3964 Vtime: 0.0513
Step: 14400000  Loss: 0.055217 Regul: 0.012132 Obj: 0.067349 (0.057862)  NNZ: 16 (12)  Ttime: 1.3954 Vtime: 0.0516
Step: 14500000  Loss: 0.054829 Regul: 0.008749 Obj: 0.063577 (0.057862)  NNZ: 15 (12)  Ttime: 1.3948 Vtime: 0.0515
Step: 14600000  Loss: 0.052552 Regul: 0.008694 Obj: 0.061246 (0.057862)  NNZ: 12 (12)  Ttime: 1.3952 Vtime: 0.0507
Step: 14700000  Loss: 0.055460 Regul: 0.007551 Obj: 0.063011 (0.057862)  NNZ: 11 (12)  Ttime: 1.3955 Vtime: 0.0511
Step: 14800000  Loss: 0.050091 Regul: 0.010433 Obj: 0.060524 (0.057862)  NNZ: 16 (12)  Ttime: 1.3956 Vtime: 0.0522
Step: 14900000  Loss: 0.048943 Regul: 0.010402 Obj: 0.059345 (0.057862)  NNZ: 13 (12)  Ttime: 1.3963 Vtime: 0.0519
Step: 15000000  Loss: 0.055748 Regul: 0.008176 Obj: 0.063923 (0.057862)  NNZ: 11 (12)  Ttime: 1.3950 Vtime: 0.0515
Step: 15100000  Loss: 0.057512 Regul: 0.009425 Obj: 0.066937 (0.057862)  NNZ: 20 (12)  Ttime: 1.3963 Vtime: 0.0505
Step: 15200000  Loss: 0.052902 Regul: 0.015266 Obj: 0.068169 (0.057862)  NNZ: 25 (12)  Ttime: 1.3956 Vtime: 0.0509
Step: 15300000  Loss: 0.052199 Regul: 0.011526 Obj: 0.063725 (0.057862)  NNZ: 16 (12)  Ttime: 1.3972 Vtime: 0.0512
Step: 15400000  Loss: 0.051457 Regul: 0.009499 Obj: 0.060956 (0.057862)  NNZ: 12 (12)  Ttime: 1.3961 Vtime: 0.0512
Step: 15500000  Loss: 0.049306 Regul: 0.011733 Obj: 0.061039 (0.057862)  NNZ: 18 (12)  Ttime: 1.3954 Vtime: 0.0509
Step: 15600000  Loss: 0.059076 Regul: 0.013457 Obj: 0.072533 (0.057862)  NNZ: 20 (12)  Ttime: 1.3954 Vtime: 0.0511
Step: 15700000  Loss: 0.054211 Regul: 0.011048 Obj: 0.065259 (0.057862)  NNZ: 15 (12)  Ttime: 1.3964 Vtime: 0.0513
Step: 15800000  Loss: 0.048964 Regul: 0.009635 Obj: 0.058599 (0.057862)  NNZ: 14 (12)  Ttime: 1.3966 Vtime: 0.0505
Step: 15900000  Loss: 0.049173 Regul: 0.011320 Obj: 0.060493 (0.057862)  NNZ: 18 (12)  Ttime: 1.3968 Vtime: 0.0516
Step: 16000000  Loss: 0.052434 Regul: 0.009076 Obj: 0.061510 (0.057862)  NNZ: 20 (12)  Ttime: 1.3953 Vtime: 0.0513
Step: 16100000  Loss: 0.051780 Regul: 0.010316 Obj: 0.062096 (0.057862)  NNZ: 13 (12)  Ttime: 1.3943 Vtime: 0.0519
Step: 16200000  Loss: 0.052018 Regul: 0.007754 Obj: 0.059772 (0.057862)  NNZ: 13 (12)  Ttime: 1.3930 Vtime: 0.0509
Step: 16300000  Loss: 0.056554 Regul: 0.013499 Obj: 0.070053 (0.057862)  NNZ: 18 (12)  Ttime: 1.3956 Vtime: 0.0513
Step: 16400000  Loss: 0.049776 Regul: 0.011642 Obj: 0.061417 (0.057862)  NNZ: 19 (12)  Ttime: 1.3976 Vtime: 0.0517
Step: 16500000  Loss: 0.055496 Regul: 0.010993 Obj: 0.066489 (0.057862)  NNZ: 21 (12)  Ttime: 1.3955 Vtime: 0.0515
Step: 16600000  Loss: 0.054623 Regul: 0.009953 Obj: 0.064577 (0.057862)  NNZ: 14 (12)  Ttime: 1.3932 Vtime: 0.0514
Step: 16700000  Loss: 0.051656 Regul: 0.011305 Obj: 0.062962 (0.057862)  NNZ: 19 (12)  Ttime: 1.4030 Vtime: 0.0521
Step: 16800000  Loss: 0.053048 Regul: 0.009752 Obj: 0.062800 (0.057862)  NNZ: 14 (12)  Ttime: 1.3956 Vtime: 0.0512
Step: 16900000  Loss: 0.054106 Regul: 0.008111 Obj: 0.062216 (0.057862)  NNZ: 12 (12)  Ttime: 1.3980 Vtime: 0.0514
Step: 17000000  Loss: 0.049604 Regul: 0.010688 Obj: 0.060292 (0.057862)  NNZ: 14 (12)  Ttime: 1.3961 Vtime: 0.0516
Step: 17100000  Loss: 0.058708 Regul: 0.013911 Obj: 0.072619 (0.057862)  NNZ: 16 (12)  Ttime: 1.4134 Vtime: 0.0520
Step: 17200000  Loss: 0.059554 Regul: 0.009404 Obj: 0.068958 (0.057862)  NNZ: 11 (12)  Ttime: 1.3930 Vtime: 0.0515
Step: 17300000  Loss: 0.049771 Regul: 0.010797 Obj: 0.060569 (0.057862)  NNZ: 13 (12)  Ttime: 1.3978 Vtime: 0.0512
Step: 17400000  Loss: 0.051044 Regul: 0.008833 Obj: 0.059877 (0.057862)  NNZ: 12 (12)  Ttime: 1.3977 Vtime: 0.0520
Step: 17500000  Loss: 0.049965 Regul: 0.010005 Obj: 0.059970 (0.057862)  NNZ: 12 (12)  Ttime: 1.3977 Vtime: 0.0510
Step: 17600000  Loss: 0.051926 Regul: 0.008400 Obj: 0.060326 (0.057862)  NNZ: 19 (12)  Ttime: 1.3948 Vtime: 0.0515
Step: 17700000  Loss: 0.054728 Regul: 0.009440 Obj: 0.064168 (0.057862)  NNZ: 14 (12)  Ttime: 1.3951 Vtime: 0.0511
Step: 17800000  Loss: 0.064511 Regul: 0.008578 Obj: 0.073089 (0.057862)  NNZ: 14 (12)  Ttime: 1.3955 Vtime: 0.0512
Step: 17900000  Loss: 0.051064 Regul: 0.012188 Obj: 0.063252 (0.057862)  NNZ: 18 (12)  Ttime: 1.3960 Vtime: 0.0514
Step: 18000000  Loss: 0.049256 Regul: 0.008983 Obj: 0.058239 (0.057862)  NNZ: 14 (12)  Ttime: 1.3969 Vtime: 0.0510
Step: 18100000  Loss: 0.053203 Regul: 0.010615 Obj: 0.063818 (0.057862)  NNZ: 17 (12)  Ttime: 1.3971 Vtime: 0.0515
Step: 18200000  Loss: 0.055891 Regul: 0.014219 Obj: 0.070109 (0.057862)  NNZ: 19 (12)  Ttime: 1.3971 Vtime: 0.0512
Step: 18300000  Loss: 0.057090 Regul: 0.009547 Obj: 0.066638 (0.057862)  NNZ: 14 (12)  Ttime: 1.3981 Vtime: 0.0510
Step: 18400000  Loss: 0.061411 Regul: 0.009390 Obj: 0.070802 (0.057862)  NNZ: 16 (12)  Ttime: 1.3966 Vtime: 0.0518
Step: 18500000  Loss: 0.052745 Regul: 0.009420 Obj: 0.062165 (0.057862)  NNZ: 12 (12)  Ttime: 1.3960 Vtime: 0.0509
Step: 18600000  Loss: 0.053341 Regul: 0.010899 Obj: 0.064240 (0.057862)  NNZ: 15 (12)  Ttime: 1.3963 Vtime: 0.0521
Step: 18700000  Loss: 0.054658 Regul: 0.007321 Obj: 0.061979 (0.057862)  NNZ: 14 (12)  Ttime: 1.3952 Vtime: 0.0514
Step: 18800000  Loss: 0.050529 Regul: 0.008943 Obj: 0.059472 (0.057862)  NNZ: 13 (12)  Ttime: 1.3972 Vtime: 0.0517
Step: 18900000  Loss: 0.051480 Regul: 0.010506 Obj: 0.061985 (0.057862)  NNZ: 10 (12)  Ttime: 1.3953 Vtime: 0.0511
Step: 19000000  Loss: 0.063257 Regul: 0.011041 Obj: 0.074299 (0.057862)  NNZ: 15 (12)  Ttime: 1.3959 Vtime: 0.0516
Step: 19100000  Loss: 0.051244 Regul: 0.013284 Obj: 0.064527 (0.057862)  NNZ: 17 (12)  Ttime: 1.3958 Vtime: 0.0519
Step: 19200000  Loss: 0.052536 Regul: 0.008398 Obj: 0.060934 (0.057862)  NNZ: 18 (12)  Ttime: 1.3959 Vtime: 0.0513
Step: 19300000  Loss: 0.054295 Regul: 0.012224 Obj: 0.066519 (0.057862)  NNZ: 17 (12)  Ttime: 1.3962 Vtime: 0.0511
Step: 19400000  Loss: 0.048873 Regul: 0.010832 Obj: 0.059705 (0.057862)  NNZ: 14 (12)  Ttime: 1.3963 Vtime: 0.0519
Step: 19500000  Loss: 0.053079 Regul: 0.010545 Obj: 0.063624 (0.057862)  NNZ: 15 (12)  Ttime: 1.3948 Vtime: 0.0512
Step: 19600000  Loss: 0.048904 Regul: 0.010671 Obj: 0.059575 (0.057862)  NNZ: 17 (12)  Ttime: 1.3984 Vtime: 0.0517
Step: 19700000  Loss: 0.057576 Regul: 0.006469 Obj: 0.064045 (0.057862)  NNZ: 11 (12)  Ttime: 1.3964 Vtime: 0.0507
Step: 19800000  Loss: 0.048908 Regul: 0.008991 Obj: 0.057900 (0.057862)  NNZ: 18 (12)  Ttime: 1.3955 Vtime: 0.0512
Step: 19900000  Loss: 0.053173 Regul: 0.007062 Obj: 0.060235 (0.057862)  NNZ: 15 (12)  Ttime: 1.3993 Vtime: 0.0522
Step: 20000000  Loss: 0.049659 Regul: 0.010146 Obj: 0.059805 (0.057862)  NNZ: 13 (12)  Ttime: 1.3962 Vtime: 0.0519
Step: 20100000  Loss: 0.081691 Regul: 0.009070 Obj: 0.090761 (0.057862)  NNZ: 13 (12)  Ttime: 1.3988 Vtime: 0.0516
Step: 20200000  Loss: 0.048845 Regul: 0.011045 Obj: 0.059890 (0.057862)  NNZ: 20 (12)  Ttime: 1.3947 Vtime: 0.0512
Step: 20300000  Loss: 0.052620 Regul: 0.009650 Obj: 0.062271 (0.057862)  NNZ: 15 (12)  Ttime: 1.3970 Vtime: 0.0518
Step: 20400000  Loss: 0.050158 Regul: 0.012160 Obj: 0.062317 (0.057862)  NNZ: 16 (12)  Ttime: 1.3970 Vtime: 0.0515
Step: 20500000  Loss: 0.053951 Regul: 0.011657 Obj: 0.065608 (0.057862)  NNZ: 19 (12)  Ttime: 1.3943 Vtime: 0.0519
Step: 20600000  Loss: 0.050518 Regul: 0.013085 Obj: 0.063604 (0.057862)  NNZ: 19 (12)  Ttime: 1.3955 Vtime: 0.0514
Step: 20700000  Loss: 0.054622 Regul: 0.013063 Obj: 0.067686 (0.057862)  NNZ: 21 (12)  Ttime: 1.3985 Vtime: 0.0509
Step: 20800000  Loss: 0.053843 Regul: 0.009348 Obj: 0.063192 (0.057862)  NNZ: 17 (12)  Ttime: 1.4017 Vtime: 0.0513
Step: 20900000  Loss: 0.056625 Regul: 0.012811 Obj: 0.069437 (0.057862)  NNZ: 14 (12)  Ttime: 1.3957 Vtime: 0.0516
Step: 21000000  Loss: 0.048356 Regul: 0.011288 Obj: 0.059644 (0.057862)  NNZ: 15 (12)  Ttime: 1.3971 Vtime: 0.0519
Step: 21100000  Loss: 0.050080 Regul: 0.009242 Obj: 0.059322 (0.057862)  NNZ: 15 (12)  Ttime: 1.3962 Vtime: 0.0520
Step: 21200000  Loss: 0.052793 Regul: 0.008686 Obj: 0.061479 (0.057862)  NNZ: 12 (12)  Ttime: 1.3973 Vtime: 0.0512
Step: 21300000  Loss: 0.053243 Regul: 0.009232 Obj: 0.062475 (0.057862)  NNZ: 14 (12)  Ttime: 1.3956 Vtime: 0.0514
Step: 21400000  Loss: 0.052107 Regul: 0.009947 Obj: 0.062054 (0.057862)  NNZ: 15 (12)  Ttime: 1.3971 Vtime: 0.0520
Step: 21500000  Loss: 0.055654 Regul: 0.008829 Obj: 0.064483 (0.057862)  NNZ: 12 (12)  Ttime: 1.3974 Vtime: 0.0524
Step: 21600000  Loss: 0.048711 Regul: 0.009314 Obj: 0.058025 (0.057862)  NNZ: 16 (12)  Ttime: 1.3963 Vtime: 0.0507
Best: 21700000  Loss: 0.048178 Regul: 0.009294 Obj: 0.057473 (0.057473)  NNZ: 16 (16)  Ttime: 1.3954 Vtime: 0.0513
Stat: nPR #96 (#128) Dim/MaxDim [768/640] AUC: 0.981781 FPR95: 7.44
Step: 21800000  Loss: 0.051757 Regul: 0.008315 Obj: 0.060071 (0.057473)  NNZ: 19 (16)  Ttime: 1.3957 Vtime: 0.0520
Step: 21900000  Loss: 0.051942 Regul: 0.007639 Obj: 0.059581 (0.057473)  NNZ: 13 (16)  Ttime: 1.3941 Vtime: 0.0516
Step: 22000000  Loss: 0.057241 Regul: 0.007362 Obj: 0.064604 (0.057473)  NNZ: 10 (16)  Ttime: 1.3943 Vtime: 0.0518
Step: 22100000  Loss: 0.050719 Regul: 0.010399 Obj: 0.061117 (0.057473)  NNZ: 18 (16)  Ttime: 1.3968 Vtime: 0.0511
Step: 22200000  Loss: 0.091185 Regul: 0.008592 Obj: 0.099777 (0.057473)  NNZ: 14 (16)  Ttime: 1.3936 Vtime: 0.0508
Step: 22300000  Loss: 0.049473 Regul: 0.010013 Obj: 0.059486 (0.057473)  NNZ: 17 (16)  Ttime: 1.3941 Vtime: 0.0509
Step: 22400000  Loss: 0.054805 Regul: 0.008687 Obj: 0.063492 (0.057473)  NNZ: 13 (16)  Ttime: 1.3947 Vtime: 0.0522
Step: 22500000  Loss: 0.049495 Regul: 0.009529 Obj: 0.059025 (0.057473)  NNZ: 14 (16)  Ttime: 1.4044 Vtime: 0.0513
Step: 22600000  Loss: 0.051089 Regul: 0.010388 Obj: 0.061477 (0.057473)  NNZ: 15 (16)  Ttime: 1.3950 Vtime: 0.0516
Step: 22700000  Loss: 0.056521 Regul: 0.008888 Obj: 0.065409 (0.057473)  NNZ: 15 (16)  Ttime: 1.3967 Vtime: 0.0518
Step: 22800000  Loss: 0.050152 Regul: 0.009076 Obj: 0.059228 (0.057473)  NNZ: 15 (16)  Ttime: 1.3934 Vtime: 0.0516
Step: 22900000  Loss: 0.049803 Regul: 0.012056 Obj: 0.061859 (0.057473)  NNZ: 22 (16)  Ttime: 1.3927 Vtime: 0.0516
Step: 23000000  Loss: 0.052061 Regul: 0.008572 Obj: 0.060634 (0.057473)  NNZ: 14 (16)  Ttime: 1.3966 Vtime: 0.0524
Step: 23100000  Loss: 0.050044 Regul: 0.010760 Obj: 0.060804 (0.057473)  NNZ: 15 (16)  Ttime: 1.3968 Vtime: 0.0520
Step: 23200000  Loss: 0.053850 Regul: 0.010382 Obj: 0.064232 (0.057473)  NNZ: 13 (16)  Ttime: 1.3981 Vtime: 0.0507
Step: 23300000  Loss: 0.050353 Regul: 0.008327 Obj: 0.058680 (0.057473)  NNZ: 16 (16)  Ttime: 1.3954 Vtime: 0.0517
Step: 23400000  Loss: 0.048786 Regul: 0.011977 Obj: 0.060762 (0.057473)  NNZ: 16 (16)  Ttime: 1.3927 Vtime: 0.0515
Step: 23500000  Loss: 0.055223 Regul: 0.008052 Obj: 0.063275 (0.057473)  NNZ: 12 (16)  Ttime: 1.3973 Vtime: 0.0512
Step: 23600000  Loss: 0.049400 Regul: 0.010646 Obj: 0.060046 (0.057473)  NNZ: 15 (16)  Ttime: 1.3945 Vtime: 0.0517
Step: 23700000  Loss: 0.047918 Regul: 0.009853 Obj: 0.057771 (0.057473)  NNZ: 16 (16)  Ttime: 1.3950 Vtime: 0.0516
Step: 23800000  Loss: 0.051811 Regul: 0.009546 Obj: 0.061357 (0.057473)  NNZ: 14 (16)  Ttime: 1.3946 Vtime: 0.0518
Step: 23900000  Loss: 0.050714 Regul: 0.009901 Obj: 0.060615 (0.057473)  NNZ: 11 (16)  Ttime: 1.3941 Vtime: 0.0521
Step: 24000000  Loss: 0.051628 Regul: 0.008664 Obj: 0.060292 (0.057473)  NNZ: 13 (16)  Ttime: 1.3950 Vtime: 0.0512
Step: 24100000  Loss: 0.052246 Regul: 0.009386 Obj: 0.061632 (0.057473)  NNZ: 16 (16)  Ttime: 1.3948 Vtime: 0.0513
Step: 24200000  Loss: 0.049914 Regul: 0.012604 Obj: 0.062518 (0.057473)  NNZ: 17 (16)  Ttime: 1.3942 Vtime: 0.0515
Step: 24300000  Loss: 0.055279 Regul: 0.008902 Obj: 0.064181 (0.057473)  NNZ: 19 (16)  Ttime: 1.3965 Vtime: 0.0515
Step: 24400000  Loss: 0.057320 Regul: 0.006248 Obj: 0.063569 (0.057473)  NNZ: 11 (16)  Ttime: 1.3944 Vtime: 0.0512
Step: 24500000  Loss: 0.055493 Regul: 0.006638 Obj: 0.062131 (0.057473)  NNZ: 12 (16)  Ttime: 1.3942 Vtime: 0.0524
Step: 24600000  Loss: 0.055082 Regul: 0.010522 Obj: 0.065604 (0.057473)  NNZ: 16 (16)  Ttime: 1.3963 Vtime: 0.0510
Step: 24700000  Loss: 0.048634 Regul: 0.010089 Obj: 0.058723 (0.057473)  NNZ: 17 (16)  Ttime: 1.3969 Vtime: 0.0512
Step: 24800000  Loss: 0.058069 Regul: 0.010034 Obj: 0.068103 (0.057473)  NNZ: 16 (16)  Ttime: 1.4063 Vtime: 0.0514
Step: 24900000  Loss: 0.058065 Regul: 0.008879 Obj: 0.066944 (0.057473)  NNZ: 11 (16)  Ttime: 1.3939 Vtime: 0.0512
Step: 25000000  Loss: 0.055878 Regul: 0.010301 Obj: 0.066179 (0.057473)  NNZ: 15 (16)  Ttime: 1.3935 Vtime: 0.0514
Step: 25100000  Loss: 0.053769 Regul: 0.010124 Obj: 0.063893 (0.057473)  NNZ: 17 (16)  Ttime: 1.3973 Vtime: 0.0516
Step: 25200000  Loss: 0.060560 Regul: 0.008006 Obj: 0.068566 (0.057473)  NNZ: 14 (16)  Ttime: 1.3967 Vtime: 0.0515
Step: 25300000  Loss: 0.059980 Regul: 0.006590 Obj: 0.066570 (0.057473)  NNZ: 10 (16)  Ttime: 1.3975 Vtime: 0.0512
Step: 25400000  Loss: 0.049360 Regul: 0.008679 Obj: 0.058039 (0.057473)  NNZ: 14 (16)  Ttime: 1.3971 Vtime: 0.0516
Step: 25500000  Loss: 0.058321 Regul: 0.005891 Obj: 0.064212 (0.057473)  NNZ: 12 (16)  Ttime: 1.3964 Vtime: 0.0517
Step: 25600000  Loss: 0.048207 Regul: 0.010237 Obj: 0.058444 (0.057473)  NNZ: 17 (16)  Ttime: 1.3942 Vtime: 0.0510
Step: 25700000  Loss: 0.063219 Regul: 0.007336 Obj: 0.070555 (0.057473)  NNZ: 14 (16)  Ttime: 1.3953 Vtime: 0.0515
Step: 25800000  Loss: 0.053923 Regul: 0.009106 Obj: 0.063029 (0.057473)  NNZ: 13 (16)  Ttime: 1.3964 Vtime: 0.0516
Step: 25900000  Loss: 0.048806 Regul: 0.009856 Obj: 0.058661 (0.057473)  NNZ: 20 (16)  Ttime: 1.3971 Vtime: 0.0523
Step: 26000000  Loss: 0.051254 Regul: 0.007515 Obj: 0.058769 (0.057473)  NNZ: 15 (16)  Ttime: 1.3960 Vtime: 0.0515
Step: 26100000  Loss: 0.054998 Regul: 0.009801 Obj: 0.064799 (0.057473)  NNZ: 14 (16)  Ttime: 1.3967 Vtime: 0.0515
Step: 26200000  Loss: 0.060332 Regul: 0.008984 Obj: 0.069316 (0.057473)  NNZ: 19 (16)  Ttime: 1.3976 Vtime: 0.0510
Step: 26300000  Loss: 0.052060 Regul: 0.010442 Obj: 0.062501 (0.057473)  NNZ: 17 (16)  Ttime: 1.3969 Vtime: 0.0512
Step: 26400000  Loss: 0.058184 Regul: 0.010965 Obj: 0.069149 (0.057473)  NNZ: 18 (16)  Ttime: 1.3946 Vtime: 0.0513
Step: 26500000  Loss: 0.049754 Regul: 0.008290 Obj: 0.058044 (0.057473)  NNZ: 19 (16)  Ttime: 1.3963 Vtime: 0.0512
Step: 26600000  Loss: 0.051375 Regul: 0.011481 Obj: 0.062855 (0.057473)  NNZ: 16 (16)  Ttime: 1.3981 Vtime: 0.0512
Step: 26700000  Loss: 0.060604 Regul: 0.008948 Obj: 0.069552 (0.057473)  NNZ: 15 (16)  Ttime: 1.3953 Vtime: 0.0514
Step: 26800000  Loss: 0.052298 Regul: 0.008882 Obj: 0.061181 (0.057473)  NNZ: 18 (16)  Ttime: 1.3946 Vtime: 0.0520
Step: 26900000  Loss: 0.050586 Regul: 0.009698 Obj: 0.060284 (0.057473)  NNZ: 19 (16)  Ttime: 1.3970 Vtime: 0.0512
Step: 27000000  Loss: 0.051528 Regul: 0.011108 Obj: 0.062637 (0.057473)  NNZ: 19 (16)  Ttime: 1.3949 Vtime: 0.0523
Step: 27100000  Loss: 0.061888 Regul: 0.008769 Obj: 0.070657 (0.057473)  NNZ: 15 (16)  Ttime: 1.3939 Vtime: 0.0514
Step: 27200000  Loss: 0.055653 Regul: 0.010326 Obj: 0.065979 (0.057473)  NNZ: 17 (16)  Ttime: 1.3972 Vtime: 0.0516
Step: 27300000  Loss: 0.050077 Regul: 0.010014 Obj: 0.060091 (0.057473)  NNZ: 16 (16)  Ttime: 1.3957 Vtime: 0.0509
Step: 27400000  Loss: 0.052166 Regul: 0.009441 Obj: 0.061606 (0.057473)  NNZ: 18 (16)  Ttime: 1.3951 Vtime: 0.0517
Step: 27500000  Loss: 0.050777 Regul: 0.008368 Obj: 0.059145 (0.057473)  NNZ: 14 (16)  Ttime: 1.3958 Vtime: 0.0510
Step: 27600000  Loss: 0.049863 Regul: 0.009523 Obj: 0.059386 (0.057473)  NNZ: 17 (16)  Ttime: 1.3955 Vtime: 0.0517
Step: 27700000  Loss: 0.049960 Regul: 0.008066 Obj: 0.058026 (0.057473)  NNZ: 12 (16)  Ttime: 1.3950 Vtime: 0.0518
Step: 27800000  Loss: 0.048595 Regul: 0.010120 Obj: 0.058714 (0.057473)  NNZ: 17 (16)  Ttime: 1.3963 Vtime: 0.0512
Step: 27900000  Loss: 0.051554 Regul: 0.006789 Obj: 0.058343 (0.057473)  NNZ: 13 (16)  Ttime: 1.3937 Vtime: 0.0518
Step: 28000000  Loss: 0.057199 Regul: 0.008463 Obj: 0.065661 (0.057473)  NNZ: 11 (16)  Ttime: 1.3995 Vtime: 0.0512
Step: 28100000  Loss: 0.051276 Regul: 0.007539 Obj: 0.058816 (0.057473)  NNZ: 16 (16)  Ttime: 1.3939 Vtime: 0.0515
Step: 28200000  Loss: 0.047881 Regul: 0.010490 Obj: 0.058372 (0.057473)  NNZ: 13 (16)  Ttime: 1.3960 Vtime: 0.0510
Step: 28300000  Loss: 0.049688 Regul: 0.011844 Obj: 0.061531 (0.057473)  NNZ: 18 (16)  Ttime: 1.3946 Vtime: 0.0519
Step: 28400000  Loss: 0.055535 Regul: 0.006424 Obj: 0.061959 (0.057473)  NNZ: 17 (16)  Ttime: 1.3963 Vtime: 0.0520
Step: 28500000  Loss: 0.058883 Regul: 0.009512 Obj: 0.068395 (0.057473)  NNZ: 14 (16)  Ttime: 1.3970 Vtime: 0.0517
Step: 28600000  Loss: 0.057908 Regul: 0.005652 Obj: 0.063560 (0.057473)  NNZ: 13 (16)  Ttime: 1.4040 Vtime: 0.0513
Step: 28700000  Loss: 0.055100 Regul: 0.006386 Obj: 0.061485 (0.057473)  NNZ: 13 (16)  Ttime: 1.3952 Vtime: 0.0516
Step: 28800000  Loss: 0.059239 Regul: 0.006990 Obj: 0.066229 (0.057473)  NNZ: 13 (16)  Ttime: 1.3992 Vtime: 0.0509
Step: 28900000  Loss: 0.052390 Regul: 0.007419 Obj: 0.059809 (0.057473)  NNZ: 13 (16)  Ttime: 1.3964 Vtime: 0.0513
Step: 29000000  Loss: 0.049135 Regul: 0.008488 Obj: 0.057623 (0.057473)  NNZ: 20 (16)  Ttime: 1.3967 Vtime: 0.0511
Step: 29100000  Loss: 0.062650 Regul: 0.009538 Obj: 0.072188 (0.057473)  NNZ: 13 (16)  Ttime: 1.3963 Vtime: 0.0513
Step: 29200000  Loss: 0.049612 Regul: 0.011502 Obj: 0.061114 (0.057473)  NNZ: 18 (16)  Ttime: 1.3950 Vtime: 0.0512
Step: 29300000  Loss: 0.053972 Regul: 0.007866 Obj: 0.061838 (0.057473)  NNZ: 20 (16)  Ttime: 1.3968 Vtime: 0.0513
Step: 29400000  Loss: 0.059489 Regul: 0.006718 Obj: 0.066207 (0.057473)  NNZ: 15 (16)  Ttime: 1.3960 Vtime: 0.0511
Step: 29500000  Loss: 0.049061 Regul: 0.010068 Obj: 0.059129 (0.057473)  NNZ: 16 (16)  Ttime: 1.3972 Vtime: 0.0514
Step: 29600000  Loss: 0.048959 Regul: 0.009601 Obj: 0.058559 (0.057473)  NNZ: 15 (16)  Ttime: 1.3900 Vtime: 0.0514
Step: 29700000  Loss: 0.054034 Regul: 0.007787 Obj: 0.061820 (0.057473)  NNZ: 10 (16)  Ttime: 1.3959 Vtime: 0.0516
Step: 29800000  Loss: 0.050303 Regul: 0.009422 Obj: 0.059725 (0.057473)  NNZ: 18 (16)  Ttime: 1.3942 Vtime: 0.0511
Step: 29900000  Loss: 0.050492 Regul: 0.009691 Obj: 0.060183 (0.057473)  NNZ: 15 (16)  Ttime: 1.3959 Vtime: 0.0512
Step: 30000000  Loss: 0.048398 Regul: 0.010292 Obj: 0.058691 (0.057473)  NNZ: 19 (16)  Ttime: 1.3945 Vtime: 0.0521
Step: 30100000  Loss: 0.051843 Regul: 0.008147 Obj: 0.059989 (0.057473)  NNZ: 14 (16)  Ttime: 1.3951 Vtime: 0.0516
Step: 30200000  Loss: 0.055034 Regul: 0.007489 Obj: 0.062523 (0.057473)  NNZ: 12 (16)  Ttime: 1.3956 Vtime: 0.0518
Step: 30300000  Loss: 0.048827 Regul: 0.011504 Obj: 0.060331 (0.057473)  NNZ: 19 (16)  Ttime: 1.3952 Vtime: 0.0515
Step: 30400000  Loss: 0.054644 Regul: 0.006866 Obj: 0.061511 (0.057473)  NNZ: 16 (16)  Ttime: 1.3959 Vtime: 0.0523
Step: 30500000  Loss: 0.058455 Regul: 0.007056 Obj: 0.065511 (0.057473)  NNZ: 11 (16)  Ttime: 1.3973 Vtime: 0.0511
Best: 30600000  Loss: 0.049916 Regul: 0.007326 Obj: 0.057242 (0.057242)  NNZ: 17 (17)  Ttime: 1.3967 Vtime: 0.0515
Stat: nPR #112 (#136) Dim/MaxDim [896/640] AUC: 0.981830 FPR95: 7.66
Step: 30700000  Loss: 0.080374 Regul: 0.006711 Obj: 0.087085 (0.057242)  NNZ: 13 (17)  Ttime: 1.3944 Vtime: 0.0511
Step: 30800000  Loss: 0.049692 Regul: 0.012764 Obj: 0.062456 (0.057242)  NNZ: 19 (17)  Ttime: 1.3986 Vtime: 0.0508
Step: 30900000  Loss: 0.057547 Regul: 0.008548 Obj: 0.066095 (0.057242)  NNZ: 13 (17)  Ttime: 1.3972 Vtime: 0.0513
Step: 31000000  Loss: 0.052802 Regul: 0.009761 Obj: 0.062563 (0.057242)  NNZ: 16 (17)  Ttime: 1.3963 Vtime: 0.0516
Step: 31100000  Loss: 0.051796 Regul: 0.006912 Obj: 0.058708 (0.057242)  NNZ: 13 (17)  Ttime: 1.3946 Vtime: 0.0513
Step: 31200000  Loss: 0.052331 Regul: 0.007640 Obj: 0.059971 (0.057242)  NNZ: 12 (17)  Ttime: 1.3962 Vtime: 0.0517
Step: 31300000  Loss: 0.060260 Regul: 0.006346 Obj: 0.066606 (0.057242)  NNZ: 13 (17)  Ttime: 1.3979 Vtime: 0.0515
Step: 31400000  Loss: 0.053253 Regul: 0.008424 Obj: 0.061677 (0.057242)  NNZ: 19 (17)  Ttime: 1.3959 Vtime: 0.0511
Step: 31500000  Loss: 0.053283 Regul: 0.007364 Obj: 0.060647 (0.057242)  NNZ: 19 (17)  Ttime: 1.3942 Vtime: 0.0514
Step: 31600000  Loss: 0.049555 Regul: 0.008141 Obj: 0.057696 (0.057242)  NNZ: 17 (17)  Ttime: 1.3960 Vtime: 0.0517
Step: 31700000  Loss: 0.052304 Regul: 0.008743 Obj: 0.061047 (0.057242)  NNZ: 13 (17)  Ttime: 1.3945 Vtime: 0.0509
Step: 31800000  Loss: 0.057608 Regul: 0.009064 Obj: 0.066672 (0.057242)  NNZ: 17 (17)  Ttime: 1.3948 Vtime: 0.0514
Step: 31900000  Loss: 0.051904 Regul: 0.010214 Obj: 0.062118 (0.057242)  NNZ: 17 (17)  Ttime: 1.3957 Vtime: 0.0509
Step: 32000000  Loss: 0.061119 Regul: 0.010750 Obj: 0.071869 (0.057242)  NNZ: 17 (17)  Ttime: 1.3934 Vtime: 0.0511
Step: 32100000  Loss: 0.053092 Regul: 0.008464 Obj: 0.061556 (0.057242)  NNZ: 15 (17)  Ttime: 1.3956 Vtime: 0.0520
Step: 32200000  Loss: 0.049352 Regul: 0.010114 Obj: 0.059465 (0.057242)  NNZ: 17 (17)  Ttime: 1.4015 Vtime: 0.0511
Step: 32300000  Loss: 0.048410 Regul: 0.009477 Obj: 0.057887 (0.057242)  NNZ: 18 (17)  Ttime: 1.3961 Vtime: 0.0512
Step: 32400000  Loss: 0.054117 Regul: 0.007324 Obj: 0.061441 (0.057242)  NNZ: 12 (17)  Ttime: 1.3954 Vtime: 0.0512
Step: 32500000  Loss: 0.047903 Regul: 0.009615 Obj: 0.057517 (0.057242)  NNZ: 16 (17)  Ttime: 1.3940 Vtime: 0.0506
Step: 32600000  Loss: 0.056383 Regul: 0.007259 Obj: 0.063642 (0.057242)  NNZ: 13 (17)  Ttime: 1.3941 Vtime: 0.0516
Step: 32700000  Loss: 0.054507 Regul: 0.006424 Obj: 0.060931 (0.057242)  NNZ: 17 (17)  Ttime: 1.3950 Vtime: 0.0505
Step: 32800000  Loss: 0.050050 Regul: 0.007941 Obj: 0.057991 (0.057242)  NNZ: 14 (17)  Ttime: 1.3947 Vtime: 0.0514
Step: 32900000  Loss: 0.051061 Regul: 0.011693 Obj: 0.062753 (0.057242)  NNZ: 18 (17)  Ttime: 1.3958 Vtime: 0.0513
Step: 33000000  Loss: 0.065967 Regul: 0.004980 Obj: 0.070947 (0.057242)  NNZ: 13 (17)  Ttime: 1.3953 Vtime: 0.0522
Step: 33100000  Loss: 0.048313 Regul: 0.010263 Obj: 0.058576 (0.057242)  NNZ: 18 (17)  Ttime: 1.3944 Vtime: 0.0517
Step: 33200000  Loss: 0.049249 Regul: 0.009048 Obj: 0.058297 (0.057242)  NNZ: 21 (17)  Ttime: 1.3954 Vtime: 0.0512
Step: 33300000  Loss: 0.067908 Regul: 0.005194 Obj: 0.073103 (0.057242)  NNZ: 11 (17)  Ttime: 1.3964 Vtime: 0.0514
Step: 33400000  Loss: 0.056324 Regul: 0.009344 Obj: 0.065668 (0.057242)  NNZ: 17 (17)  Ttime: 1.3981 Vtime: 0.0523
Step: 33500000  Loss: 0.053197 Regul: 0.006895 Obj: 0.060092 (0.057242)  NNZ: 12 (17)  Ttime: 1.3990 Vtime: 0.0514
Step: 33600000  Loss: 0.059337 Regul: 0.013333 Obj: 0.072670 (0.057242)  NNZ: 15 (17)  Ttime: 1.3962 Vtime: 0.0526
Step: 33700000  Loss: 0.060650 Regul: 0.011664 Obj: 0.072314 (0.057242)  NNZ: 18 (17)  Ttime: 1.3959 Vtime: 0.0514
Step: 33800000  Loss: 0.050345 Regul: 0.014383 Obj: 0.064728 (0.057242)  NNZ: 25 (17)  Ttime: 1.3925 Vtime: 0.0507
Step: 33900000  Loss: 0.056520 Regul: 0.010614 Obj: 0.067134 (0.057242)  NNZ: 13 (17)  Ttime: 1.3928 Vtime: 0.0517
Step: 34000000  Loss: 0.050654 Regul: 0.013397 Obj: 0.064051 (0.057242)  NNZ: 17 (17)  Ttime: 1.3952 Vtime: 0.0513
Step: 34100000  Loss: 0.065225 Regul: 0.014143 Obj: 0.079369 (0.057242)  NNZ: 19 (17)  Ttime: 1.3943 Vtime: 0.0514
Step: 34200000  Loss: 0.056965 Regul: 0.013506 Obj: 0.070470 (0.057242)  NNZ: 15 (17)  Ttime: 1.3940 Vtime: 0.0516
Step: 34300000  Loss: 0.048558 Regul: 0.011371 Obj: 0.059929 (0.057242)  NNZ: 17 (17)  Ttime: 1.3966 Vtime: 0.0517
Step: 34400000  Loss: 0.048003 Regul: 0.009508 Obj: 0.057511 (0.057242)  NNZ: 18 (17)  Ttime: 1.3953 Vtime: 0.0518
Step: 34500000  Loss: 0.055615 Regul: 0.015588 Obj: 0.071203 (0.057242)  NNZ: 18 (17)  Ttime: 1.3964 Vtime: 0.0518
Step: 34600000  Loss: 0.050318 Regul: 0.009486 Obj: 0.059805 (0.057242)  NNZ: 14 (17)  Ttime: 1.3954 Vtime: 0.0517
Step: 34700000  Loss: 0.049828 Regul: 0.013229 Obj: 0.063057 (0.057242)  NNZ: 16 (17)  Ttime: 1.3956 Vtime: 0.0515
Step: 34800000  Loss: 0.053909 Regul: 0.012975 Obj: 0.066884 (0.057242)  NNZ: 16 (17)  Ttime: 1.3949 Vtime: 0.0513
Step: 34900000  Loss: 0.050963 Regul: 0.013783 Obj: 0.064746 (0.057242)  NNZ: 20 (17)  Ttime: 1.3940 Vtime: 0.0519
Step: 35000000  Loss: 0.049647 Regul: 0.010255 Obj: 0.059903 (0.057242)  NNZ: 11 (17)  Ttime: 1.3968 Vtime: 0.0521
Step: 35100000  Loss: 0.048491 Regul: 0.011491 Obj: 0.059983 (0.057242)  NNZ: 18 (17)  Ttime: 1.3953 Vtime: 0.0503
Step: 35200000  Loss: 0.055698 Regul: 0.016188 Obj: 0.071886 (0.057242)  NNZ: 21 (17)  Ttime: 1.4207 Vtime: 0.0515
Step: 35300000  Loss: 0.048340 Regul: 0.011966 Obj: 0.060306 (0.057242)  NNZ: 17 (17)  Ttime: 1.4040 Vtime: 0.0519
Step: 35400000  Loss: 0.049579 Regul: 0.011179 Obj: 0.060758 (0.057242)  NNZ: 14 (17)  Ttime: 1.4447 Vtime: 0.0521
Step: 35500000  Loss: 0.047926 Regul: 0.010826 Obj: 0.058752 (0.057242)  NNZ: 18 (17)  Ttime: 1.4700 Vtime: 0.0521
Step: 35600000  Loss: 0.053360 Regul: 0.016663 Obj: 0.070023 (0.057242)  NNZ: 21 (17)  Ttime: 1.4262 Vtime: 0.0512
Step: 35700000  Loss: 0.049783 Regul: 0.012839 Obj: 0.062622 (0.057242)  NNZ: 17 (17)  Ttime: 1.4011 Vtime: 0.0517
Step: 35800000  Loss: 0.050117 Regul: 0.012944 Obj: 0.063061 (0.057242)  NNZ: 17 (17)  Ttime: 1.4322 Vtime: 0.0520
Step: 35900000  Loss: 0.061560 Regul: 0.018195 Obj: 0.079755 (0.057242)  NNZ: 22 (17)  Ttime: 1.4147 Vtime: 0.0511
Step: 36000000  Loss: 0.048043 Regul: 0.010287 Obj: 0.058331 (0.057242)  NNZ: 14 (17)  Ttime: 1.4046 Vtime: 0.0515
Step: 36100000  Loss: 0.054468 Regul: 0.014726 Obj: 0.069194 (0.057242)  NNZ: 20 (17)  Ttime: 1.4009 Vtime: 0.0512
Step: 36200000  Loss: 0.048201 Regul: 0.010880 Obj: 0.059081 (0.057242)  NNZ: 14 (17)  Ttime: 1.4239 Vtime: 0.0510
Step: 36300000  Loss: 0.049242 Regul: 0.013420 Obj: 0.062662 (0.057242)  NNZ: 17 (17)  Ttime: 1.4055 Vtime: 0.0511
Step: 36400000  Loss: 0.051592 Regul: 0.013461 Obj: 0.065053 (0.057242)  NNZ: 16 (17)  Ttime: 1.4197 Vtime: 0.0525
Step: 36500000  Loss: 0.049768 Regul: 0.013049 Obj: 0.062817 (0.057242)  NNZ: 19 (17)  Ttime: 1.4439 Vtime: 0.0523
Step: 36600000  Loss: 0.051742 Regul: 0.013564 Obj: 0.065305 (0.057242)  NNZ: 22 (17)  Ttime: 1.4295 Vtime: 0.0510
Step: 36700000  Loss: 0.049722 Regul: 0.013831 Obj: 0.063553 (0.057242)  NNZ: 17 (17)  Ttime: 1.3995 Vtime: 0.0508
Step: 36800000  Loss: 0.052278 Regul: 0.011472 Obj: 0.063750 (0.057242)  NNZ: 13 (17)  Ttime: 1.4029 Vtime: 0.0510
Step: 36900000  Loss: 0.049416 Regul: 0.010304 Obj: 0.059720 (0.057242)  NNZ: 17 (17)  Ttime: 1.3992 Vtime: 0.0517
Step: 37000000  Loss: 0.056118 Regul: 0.015265 Obj: 0.071383 (0.057242)  NNZ: 24 (17)  Ttime: 1.4096 Vtime: 0.0515
Step: 37100000  Loss: 0.055562 Regul: 0.017926 Obj: 0.073488 (0.057242)  NNZ: 23 (17)  Ttime: 1.3997 Vtime: 0.0510
Step: 37200000  Loss: 0.047302 Regul: 0.011311 Obj: 0.058614 (0.057242)  NNZ: 16 (17)  Ttime: 1.4079 Vtime: 0.0516
Step: 37300000  Loss: 0.053772 Regul: 0.013370 Obj: 0.067142 (0.057242)  NNZ: 22 (17)  Ttime: 1.4491 Vtime: 0.0530
Step: 37400000  Loss: 0.051589 Regul: 0.015034 Obj: 0.066624 (0.057242)  NNZ: 19 (17)  Ttime: 1.4057 Vtime: 0.0513
Step: 37500000  Loss: 0.052008 Regul: 0.012608 Obj: 0.064617 (0.057242)  NNZ: 17 (17)  Ttime: 1.4055 Vtime: 0.0520
Step: 37600000  Loss: 0.059531 Regul: 0.009914 Obj: 0.069445 (0.057242)  NNZ: 12 (17)  Ttime: 1.4005 Vtime: 0.0513
Step: 37700000  Loss: 0.050864 Regul: 0.013533 Obj: 0.064397 (0.057242)  NNZ: 18 (17)  Ttime: 1.4073 Vtime: 0.0514
Step: 37800000  Loss: 0.049330 Regul: 0.013544 Obj: 0.062874 (0.057242)  NNZ: 19 (17)  Ttime: 1.4069 Vtime: 0.0515
Step: 37900000  Loss: 0.052029 Regul: 0.013342 Obj: 0.065371 (0.057242)  NNZ: 18 (17)  Ttime: 1.3960 Vtime: 0.0523
Step: 38000000  Loss: 0.049934 Regul: 0.014253 Obj: 0.064188 (0.057242)  NNZ: 20 (17)  Ttime: 1.4046 Vtime: 0.0511
Step: 38100000  Loss: 0.049451 Regul: 0.013269 Obj: 0.062720 (0.057242)  NNZ: 17 (17)  Ttime: 1.4108 Vtime: 0.0515
Step: 38200000  Loss: 0.055824 Regul: 0.011444 Obj: 0.067268 (0.057242)  NNZ: 13 (17)  Ttime: 1.4003 Vtime: 0.0521
Step: 38300000  Loss: 0.048395 Regul: 0.010275 Obj: 0.058670 (0.057242)  NNZ: 13 (17)  Ttime: 1.4009 Vtime: 0.0509
Step: 38400000  Loss: 0.053441 Regul: 0.011456 Obj: 0.064897 (0.057242)  NNZ: 12 (17)  Ttime: 1.4066 Vtime: 0.0512
Step: 38500000  Loss: 0.049821 Regul: 0.009071 Obj: 0.058892 (0.057242)  NNZ: 19 (17)  Ttime: 1.4822 Vtime: 0.0514
Step: 38600000  Loss: 0.049065 Regul: 0.012064 Obj: 0.061128 (0.057242)  NNZ: 16 (17)  Ttime: 1.4111 Vtime: 0.0519
Step: 38700000  Loss: 0.049810 Regul: 0.009177 Obj: 0.058987 (0.057242)  NNZ: 13 (17)  Ttime: 1.4101 Vtime: 0.0503
Step: 38800000  Loss: 0.049160 Regul: 0.013179 Obj: 0.062339 (0.057242)  NNZ: 18 (17)  Ttime: 1.4172 Vtime: 0.0513
Step: 38900000  Loss: 0.051987 Regul: 0.014725 Obj: 0.066712 (0.057242)  NNZ: 17 (17)  Ttime: 1.3906 Vtime: 0.0509
Step: 39000000  Loss: 0.063282 Regul: 0.013057 Obj: 0.076339 (0.057242)  NNZ: 28 (17)  Ttime: 1.4039 Vtime: 0.0546
Step: 39100000  Loss: 0.055580 Regul: 0.015186 Obj: 0.070766 (0.057242)  NNZ: 26 (17)  Ttime: 1.3927 Vtime: 0.0515
Step: 39200000  Loss: 0.051233 Regul: 0.013145 Obj: 0.064379 (0.057242)  NNZ: 19 (17)  Ttime: 1.3922 Vtime: 0.0510
Step: 39300000  Loss: 0.056463 Regul: 0.011804 Obj: 0.068267 (0.057242)  NNZ: 20 (17)  Ttime: 1.4058 Vtime: 0.0521
Step: 39400000  Loss: 0.056216 Regul: 0.012566 Obj: 0.068782 (0.057242)  NNZ: 18 (17)  Ttime: 1.4160 Vtime: 0.0523
Step: 39500000  Loss: 0.048565 Regul: 0.010368 Obj: 0.058934 (0.057242)  NNZ: 18 (17)  Ttime: 1.3933 Vtime: 0.0516
Step: 39600000  Loss: 0.050772 Regul: 0.013499 Obj: 0.064271 (0.057242)  NNZ: 15 (17)  Ttime: 1.3904 Vtime: 0.0514
Step: 39700000  Loss: 0.061971 Regul: 0.010623 Obj: 0.072594 (0.057242)  NNZ: 19 (17)  Ttime: 1.3904 Vtime: 0.0510
Step: 39800000  Loss: 0.051813 Regul: 0.012431 Obj: 0.064244 (0.057242)  NNZ: 16 (17)  Ttime: 1.3947 Vtime: 0.0514
Step: 39900000  Loss: 0.055887 Regul: 0.007576 Obj: 0.063463 (0.057242)  NNZ: 13 (17)  Ttime: 1.3899 Vtime: 0.0521
Step: 40000000  Loss: 0.054222 Regul: 0.014549 Obj: 0.068771 (0.057242)  NNZ: 15 (17)  Ttime: 1.3887 Vtime: 0.0512
Step: 40100000  Loss: 0.052361 Regul: 0.014174 Obj: 0.066534 (0.057242)  NNZ: 17 (17)  Ttime: 1.3920 Vtime: 0.0506
Step: 40200000  Loss: 0.051820 Regul: 0.014383 Obj: 0.066203 (0.057242)  NNZ: 17 (17)  Ttime: 1.3903 Vtime: 0.0517
Step: 40300000  Loss: 0.050235 Regul: 0.011848 Obj: 0.062084 (0.057242)  NNZ: 16 (17)  Ttime: 1.3887 Vtime: 0.0514
Step: 40400000  Loss: 0.050051 Regul: 0.011163 Obj: 0.061214 (0.057242)  NNZ: 16 (17)  Ttime: 1.3925 Vtime: 0.0511
Step: 40500000  Loss: 0.050027 Regul: 0.012563 Obj: 0.062589 (0.057242)  NNZ: 24 (17)  Ttime: 1.3921 Vtime: 0.0516
Step: 40600000  Loss: 0.050355 Regul: 0.011334 Obj: 0.061689 (0.057242)  NNZ: 16 (17)  Ttime: 1.4111 Vtime: 0.0521
Step: 40700000  Loss: 0.049961 Regul: 0.013820 Obj: 0.063781 (0.057242)  NNZ: 17 (17)  Ttime: 1.4172 Vtime: 0.0543
Step: 40800000  Loss: 0.048093 Regul: 0.011189 Obj: 0.059282 (0.057242)  NNZ: 18 (17)  Ttime: 1.4064 Vtime: 0.0514
Step: 40900000  Loss: 0.052780 Regul: 0.014894 Obj: 0.067674 (0.057242)  NNZ: 20 (17)  Ttime: 1.4184 Vtime: 0.0518
Step: 41000000  Loss: 0.049632 Regul: 0.010088 Obj: 0.059719 (0.057242)  NNZ: 11 (17)  Ttime: 1.4021 Vtime: 0.0511
Step: 41100000  Loss: 0.051297 Regul: 0.013458 Obj: 0.064755 (0.057242)  NNZ: 17 (17)  Ttime: 1.3968 Vtime: 0.0512
Step: 41200000  Loss: 0.050104 Regul: 0.013448 Obj: 0.063551 (0.057242)  NNZ: 16 (17)  Ttime: 1.4054 Vtime: 0.0530
Step: 41300000  Loss: 0.051391 Regul: 0.013393 Obj: 0.064784 (0.057242)  NNZ: 18 (17)  Ttime: 1.4128 Vtime: 0.0511
Step: 41400000  Loss: 0.049859 Regul: 0.010223 Obj: 0.060083 (0.057242)  NNZ: 12 (17)  Ttime: 1.3927 Vtime: 0.0516
Step: 41500000  Loss: 0.049687 Regul: 0.009114 Obj: 0.058801 (0.057242)  NNZ: 9 (17)  Ttime: 1.4154 Vtime: 0.0512
Step: 41600000  Loss: 0.058266 Regul: 0.014406 Obj: 0.072672 (0.057242)  NNZ: 13 (17)  Ttime: 1.3976 Vtime: 0.0509
Step: 41700000  Loss: 0.050092 Regul: 0.013034 Obj: 0.063126 (0.057242)  NNZ: 14 (17)  Ttime: 1.3871 Vtime: 0.0514
Step: 41800000  Loss: 0.050565 Regul: 0.009958 Obj: 0.060523 (0.057242)  NNZ: 20 (17)  Ttime: 1.4085 Vtime: 0.0516
Step: 41900000  Loss: 0.053182 Regul: 0.016605 Obj: 0.069787 (0.057242)  NNZ: 19 (17)  Ttime: 1.3967 Vtime: 0.0517
Step: 42000000  Loss: 0.048805 Regul: 0.012070 Obj: 0.060875 (0.057242)  NNZ: 18 (17)  Ttime: 1.4126 Vtime: 0.0514
Step: 42100000  Loss: 0.051182 Regul: 0.011699 Obj: 0.062881 (0.057242)  NNZ: 25 (17)  Ttime: 1.3927 Vtime: 0.0519
Step: 42200000  Loss: 0.049997 Regul: 0.013876 Obj: 0.063874 (0.057242)  NNZ: 20 (17)  Ttime: 1.3877 Vtime: 0.0518
Step: 42300000  Loss: 0.053080 Regul: 0.011797 Obj: 0.064877 (0.057242)  NNZ: 18 (17)  Ttime: 1.3999 Vtime: 0.0518
Step: 42400000  Loss: 0.048684 Regul: 0.012137 Obj: 0.060821 (0.057242)  NNZ: 18 (17)  Ttime: 1.3879 Vtime: 0.0522
Step: 42500000  Loss: 0.048913 Regul: 0.009067 Obj: 0.057980 (0.057242)  NNZ: 11 (17)  Ttime: 1.3908 Vtime: 0.0525
Step: 42600000  Loss: 0.049037 Regul: 0.012424 Obj: 0.061461 (0.057242)  NNZ: 18 (17)  Ttime: 1.3940 Vtime: 0.0516
Step: 42700000  Loss: 0.053243 Regul: 0.011029 Obj: 0.064272 (0.057242)  NNZ: 17 (17)  Ttime: 1.4261 Vtime: 0.0517
Step: 42800000  Loss: 0.055882 Regul: 0.015369 Obj: 0.071251 (0.057242)  NNZ: 22 (17)  Ttime: 1.3886 Vtime: 0.0523
Step: 42900000  Loss: 0.048672 Regul: 0.011736 Obj: 0.060407 (0.057242)  NNZ: 14 (17)  Ttime: 1.3923 Vtime: 0.0513
Step: 43000000  Loss: 0.050092 Regul: 0.013458 Obj: 0.063550 (0.057242)  NNZ: 23 (17)  Ttime: 1.4048 Vtime: 0.0511
Step: 43100000  Loss: 0.051751 Regul: 0.011812 Obj: 0.063563 (0.057242)  NNZ: 20 (17)  Ttime: 1.3973 Vtime: 0.0517
Step: 43200000  Loss: 0.050391 Regul: 0.013835 Obj: 0.064226 (0.057242)  NNZ: 23 (17)  Ttime: 1.3918 Vtime: 0.0512
Step: 43300000  Loss: 0.048983 Regul: 0.012958 Obj: 0.061941 (0.057242)  NNZ: 20 (17)  Ttime: 1.4021 Vtime: 0.0517
Step: 43400000  Loss: 0.049571 Regul: 0.013193 Obj: 0.062764 (0.057242)  NNZ: 20 (17)  Ttime: 1.4060 Vtime: 0.0510
Step: 43500000  Loss: 0.049783 Regul: 0.012663 Obj: 0.062446 (0.057242)  NNZ: 16 (17)  Ttime: 1.3973 Vtime: 0.0513
Step: 43600000  Loss: 0.048114 Regul: 0.011229 Obj: 0.059343 (0.057242)  NNZ: 16 (17)  Ttime: 1.3893 Vtime: 0.0509
Step: 43700000  Loss: 0.055557 Regul: 0.018413 Obj: 0.073970 (0.057242)  NNZ: 23 (17)  Ttime: 1.3879 Vtime: 0.0512
Step: 43800000  Loss: 0.048341 Regul: 0.010431 Obj: 0.058772 (0.057242)  NNZ: 14 (17)  Ttime: 1.3874 Vtime: 0.0509
Step: 43900000  Loss: 0.048894 Regul: 0.009094 Obj: 0.057988 (0.057242)  NNZ: 13 (17)  Ttime: 1.3917 Vtime: 0.0512
Step: 44000000  Loss: 0.055281 Regul: 0.012149 Obj: 0.067430 (0.057242)  NNZ: 20 (17)  Ttime: 1.3934 Vtime: 0.0519
Step: 44100000  Loss: 0.054434 Regul: 0.012509 Obj: 0.066943 (0.057242)  NNZ: 18 (17)  Ttime: 1.3898 Vtime: 0.0510
Step: 44200000  Loss: 0.051378 Regul: 0.012201 Obj: 0.063579 (0.057242)  NNZ: 15 (17)  Ttime: 1.3936 Vtime: 0.0520
Step: 44300000  Loss: 0.051844 Regul: 0.010063 Obj: 0.061907 (0.057242)  NNZ: 13 (17)  Ttime: 1.3930 Vtime: 0.0515
Step: 44400000  Loss: 0.049757 Regul: 0.012433 Obj: 0.062190 (0.057242)  NNZ: 16 (17)  Ttime: 1.3943 Vtime: 0.0517
Step: 44500000  Loss: 0.050841 Regul: 0.011229 Obj: 0.062070 (0.057242)  NNZ: 18 (17)  Ttime: 1.3938 Vtime: 0.0512
Step: 44600000  Loss: 0.051394 Regul: 0.011586 Obj: 0.062980 (0.057242)  NNZ: 16 (17)  Ttime: 1.3971 Vtime: 0.0512
Step: 44700000  Loss: 0.053897 Regul: 0.012367 Obj: 0.066264 (0.057242)  NNZ: 20 (17)  Ttime: 1.4020 Vtime: 0.0517
Step: 44800000  Loss: 0.058203 Regul: 0.019104 Obj: 0.077307 (0.057242)  NNZ: 27 (17)  Ttime: 1.3923 Vtime: 0.0519
Step: 44900000  Loss: 0.048910 Regul: 0.010019 Obj: 0.058929 (0.057242)  NNZ: 18 (17)  Ttime: 1.3943 Vtime: 0.0510
Step: 45000000  Loss: 0.055108 Regul: 0.013966 Obj: 0.069074 (0.057242)  NNZ: 22 (17)  Ttime: 1.3954 Vtime: 0.0506
Step: 45100000  Loss: 0.050615 Regul: 0.009665 Obj: 0.060280 (0.057242)  NNZ: 14 (17)  Ttime: 1.3985 Vtime: 0.0508
Step: 45200000  Loss: 0.057418 Regul: 0.017053 Obj: 0.074471 (0.057242)  NNZ: 21 (17)  Ttime: 1.4057 Vtime: 0.0510
Step: 45300000  Loss: 0.058276 Regul: 0.018466 Obj: 0.076743 (0.057242)  NNZ: 25 (17)  Ttime: 1.3949 Vtime: 0.0529
Step: 45400000  Loss: 0.052672 Regul: 0.015234 Obj: 0.067907 (0.057242)  NNZ: 19 (17)  Ttime: 1.4340 Vtime: 0.0512
Step: 45500000  Loss: 0.051617 Regul: 0.013409 Obj: 0.065026 (0.057242)  NNZ: 21 (17)  Ttime: 1.4184 Vtime: 0.0520
Step: 45600000  Loss: 0.049610 Regul: 0.010333 Obj: 0.059943 (0.057242)  NNZ: 13 (17)  Ttime: 1.4034 Vtime: 0.0512
Step: 45700000  Loss: 0.051989 Regul: 0.012917 Obj: 0.064906 (0.057242)  NNZ: 17 (17)  Ttime: 1.3939 Vtime: 0.0519
Step: 45800000  Loss: 0.056993 Regul: 0.014333 Obj: 0.071326 (0.057242)  NNZ: 19 (17)  Ttime: 1.3991 Vtime: 0.0513
Step: 45900000  Loss: 0.050915 Regul: 0.009508 Obj: 0.060423 (0.057242)  NNZ: 19 (17)  Ttime: 1.4339 Vtime: 0.0513
Step: 46000000  Loss: 0.095031 Regul: 0.009288 Obj: 0.104319 (0.057242)  NNZ: 17 (17)  Ttime: 1.3966 Vtime: 0.0516
Step: 46100000  Loss: 0.058302 Regul: 0.009293 Obj: 0.067595 (0.057242)  NNZ: 12 (17)  Ttime: 1.4176 Vtime: 0.0508
Step: 46200000  Loss: 0.051712 Regul: 0.013316 Obj: 0.065029 (0.057242)  NNZ: 23 (17)  Ttime: 1.3973 Vtime: 0.0509
Step: 46300000  Loss: 0.050336 Regul: 0.010716 Obj: 0.061052 (0.057242)  NNZ: 19 (17)  Ttime: 1.4008 Vtime: 0.0519
Step: 46400000  Loss: 0.047719 Regul: 0.010123 Obj: 0.057841 (0.057242)  NNZ: 16 (17)  Ttime: 1.4027 Vtime: 0.0513
Step: 46500000  Loss: 0.051008 Regul: 0.013541 Obj: 0.064549 (0.057242)  NNZ: 19 (17)  Ttime: 1.4238 Vtime: 0.0517
Step: 46600000  Loss: 0.048973 Regul: 0.012303 Obj: 0.061276 (0.057242)  NNZ: 24 (17)  Ttime: 1.3980 Vtime: 0.0513
Step: 46700000  Loss: 0.055936 Regul: 0.014494 Obj: 0.070430 (0.057242)  NNZ: 17 (17)  Ttime: 1.4234 Vtime: 0.0513
Step: 46800000  Loss: 0.055306 Regul: 0.010664 Obj: 0.065970 (0.057242)  NNZ: 13 (17)  Ttime: 1.4027 Vtime: 0.0508
Step: 46900000  Loss: 0.055093 Regul: 0.013483 Obj: 0.068575 (0.057242)  NNZ: 22 (17)  Ttime: 1.4043 Vtime: 0.0514
Step: 47000000  Loss: 0.049620 Regul: 0.012102 Obj: 0.061721 (0.057242)  NNZ: 14 (17)  Ttime: 1.4104 Vtime: 0.0511
Step: 47100000  Loss: 0.050861 Regul: 0.014934 Obj: 0.065794 (0.057242)  NNZ: 19 (17)  Ttime: 1.4052 Vtime: 0.0516
Step: 47200000  Loss: 0.049769 Regul: 0.012566 Obj: 0.062335 (0.057242)  NNZ: 15 (17)  Ttime: 1.4148 Vtime: 0.0517
Step: 47300000  Loss: 0.049499 Regul: 0.012904 Obj: 0.062403 (0.057242)  NNZ: 23 (17)  Ttime: 1.4298 Vtime: 0.0515
Step: 47400000  Loss: 0.050179 Regul: 0.011995 Obj: 0.062174 (0.057242)  NNZ: 15 (17)  Ttime: 1.4158 Vtime: 0.0505
Step: 47500000  Loss: 0.060003 Regul: 0.005940 Obj: 0.065943 (0.057242)  NNZ: 11 (17)  Ttime: 1.4167 Vtime: 0.0518
Step: 47600000  Loss: 0.052175 Regul: 0.012840 Obj: 0.065015 (0.057242)  NNZ: 23 (17)  Ttime: 1.3960 Vtime: 0.0517
Step: 47700000  Loss: 0.050692 Regul: 0.014891 Obj: 0.065583 (0.057242)  NNZ: 20 (17)  Ttime: 1.3940 Vtime: 0.0515
Step: 47800000  Loss: 0.049178 Regul: 0.011423 Obj: 0.060601 (0.057242)  NNZ: 18 (17)  Ttime: 1.3952 Vtime: 0.0507
Step: 47900000  Loss: 0.050404 Regul: 0.014253 Obj: 0.064657 (0.057242)  NNZ: 20 (17)  Ttime: 1.3934 Vtime: 0.0512
Step: 48000000  Loss: 0.050100 Regul: 0.010663 Obj: 0.060763 (0.057242)  NNZ: 16 (17)  Ttime: 1.4015 Vtime: 0.0514
Step: 48100000  Loss: 0.049110 Regul: 0.009808 Obj: 0.058919 (0.057242)  NNZ: 13 (17)  Ttime: 1.3995 Vtime: 0.0513
Step: 48200000  Loss: 0.048926 Regul: 0.011710 Obj: 0.060635 (0.057242)  NNZ: 15 (17)  Ttime: 1.3979 Vtime: 0.0516
Step: 48300000  Loss: 0.049904 Regul: 0.010516 Obj: 0.060421 (0.057242)  NNZ: 19 (17)  Ttime: 1.4021 Vtime: 0.0514
Step: 48400000  Loss: 0.052789 Regul: 0.014233 Obj: 0.067022 (0.057242)  NNZ: 20 (17)  Ttime: 1.3960 Vtime: 0.0509
Step: 48500000  Loss: 0.056048 Regul: 0.011699 Obj: 0.067747 (0.057242)  NNZ: 21 (17)  Ttime: 1.3963 Vtime: 0.0516
Step: 48600000  Loss: 0.051251 Regul: 0.010887 Obj: 0.062139 (0.057242)  NNZ: 18 (17)  Ttime: 1.3919 Vtime: 0.0511
Step: 48700000  Loss: 0.048796 Regul: 0.009190 Obj: 0.057986 (0.057242)  NNZ: 16 (17)  Ttime: 1.3968 Vtime: 0.0514
Step: 48800000  Loss: 0.053308 Regul: 0.012170 Obj: 0.065478 (0.057242)  NNZ: 17 (17)  Ttime: 1.3965 Vtime: 0.0517
Step: 48900000  Loss: 0.051911 Regul: 0.013937 Obj: 0.065848 (0.057242)  NNZ: 16 (17)  Ttime: 1.3995 Vtime: 0.0518
Step: 49000000  Loss: 0.050629 Regul: 0.013173 Obj: 0.063802 (0.057242)  NNZ: 19 (17)  Ttime: 1.3937 Vtime: 0.0508
Step: 49100000  Loss: 0.050458 Regul: 0.010855 Obj: 0.061313 (0.057242)  NNZ: 15 (17)  Ttime: 1.3962 Vtime: 0.0524
Step: 49200000  Loss: 0.052468 Regul: 0.016096 Obj: 0.068564 (0.057242)  NNZ: 21 (17)  Ttime: 1.4017 Vtime: 0.0511
Step: 49300000  Loss: 0.056544 Regul: 0.013776 Obj: 0.070319 (0.057242)  NNZ: 22 (17)  Ttime: 1.3997 Vtime: 0.0511
Step: 49400000  Loss: 0.049171 Regul: 0.010394 Obj: 0.059565 (0.057242)  NNZ: 16 (17)  Ttime: 1.4056 Vtime: 0.0516
Step: 49500000  Loss: 0.052706 Regul: 0.016090 Obj: 0.068796 (0.057242)  NNZ: 22 (17)  Ttime: 1.3984 Vtime: 0.0517
Step: 49600000  Loss: 0.052128 Regul: 0.015422 Obj: 0.067550 (0.057242)  NNZ: 22 (17)  Ttime: 1.3992 Vtime: 0.0510
Step: 49700000  Loss: 0.054166 Regul: 0.011206 Obj: 0.065373 (0.057242)  NNZ: 18 (17)  Ttime: 1.4082 Vtime: 0.0511
Step: 49800000  Loss: 0.048492 Regul: 0.012477 Obj: 0.060969 (0.057242)  NNZ: 18 (17)  Ttime: 1.4202 Vtime: 0.0514
Step: 49900000  Loss: 0.057624 Regul: 0.009055 Obj: 0.066678 (0.057242)  NNZ: 18 (17)  Ttime: 1.4140 Vtime: 0.0512
Step: 50000000  Loss: 0.050134 Regul: 0.011166 Obj: 0.061300 (0.057242)  NNZ: 21 (17)  Ttime: 1.4117 Vtime: 0.0509
