mu: 0.01 gamma: 0.05 nIters: 50000000
Load PRParams.
Load RingParams.
Load Labels: 500000
Load Distances: 500000 x 5120
0...10...20...30...40...50...60...70...80...90...100 - done.
Positive samples #250000
Negative samples #250000
Positive train #200000
Negative train #200000
Positive valid #50000
Negative valid #50000

Found GPU: GeForce GTX 970
Compute Capability: 5.2

Best: 100000  Loss: 1.038323 Regul: 0.087296 Obj: 1.125619 (1.125619)  NNZ: 24 (24)  Ttime: 1.4860 Vtime: 0.2626
Stat: nPR #140 (#192) Dim/MaxDim [1120/640] AUC: 0.961928 FPR95: 29.52
Best: 200000  Loss: 0.730370 Regul: 0.120838 Obj: 0.851208 (0.851208)  NNZ: 28 (28)  Ttime: 1.4276 Vtime: 0.0517
Stat: nPR #164 (#224) Dim/MaxDim [1312/640] AUC: 0.976863 FPR95: 11.42
Best: 300000  Loss: 0.385733 Regul: 0.071473 Obj: 0.457206 (0.457206)  NNZ: 21 (21)  Ttime: 1.4331 Vtime: 0.0524
Stat: nPR #116 (#168) Dim/MaxDim [928/640] AUC: 0.978464 FPR95: 11.15
Best: 400000  Loss: 0.229825 Regul: 0.024904 Obj: 0.254729 (0.254729)  NNZ: 10 (10)  Ttime: 1.4341 Vtime: 0.0516
Stat: nPR #72 (#80) Dim/MaxDim [576/640] AUC: 0.969550 FPR95: 17.78 [saved]
Best: 500000  Loss: 0.131433 Regul: 0.013631 Obj: 0.145064 (0.145064)  NNZ: 5 (5)  Ttime: 1.4331 Vtime: 0.0514
Stat: nPR #32 (#40) Dim/MaxDim [256/640] AUC: 0.973226 FPR95: 14.36 [saved]
Step: 600000  Loss: 0.239815 Regul: 0.034265 Obj: 0.274080 (0.145064)  NNZ: 14 (5)  Ttime: 1.4304 Vtime: 0.0508
Best: 700000  Loss: 0.102388 Regul: 0.014113 Obj: 0.116501 (0.116501)  NNZ: 9 (9)  Ttime: 1.4264 Vtime: 0.0508
Stat: nPR #68 (#72) Dim/MaxDim [544/640] AUC: 0.977791 FPR95: 10.03 [saved]
Best: 800000  Loss: 0.080425 Regul: 0.011369 Obj: 0.091794 (0.091794)  NNZ: 6 (6)  Ttime: 1.4269 Vtime: 0.0516
Stat: nPR #36 (#48) Dim/MaxDim [288/640] AUC: 0.979510 FPR95: 9.31 [saved]
Step: 900000  Loss: 0.102806 Regul: 0.016288 Obj: 0.119094 (0.091794)  NNZ: 7 (6)  Ttime: 1.4262 Vtime: 0.0508
Step: 1000000  Loss: 0.092910 Regul: 0.010619 Obj: 0.103528 (0.091794)  NNZ: 5 (6)  Ttime: 1.4264 Vtime: 0.0519
Step: 1100000  Loss: 0.101773 Regul: 0.012688 Obj: 0.114462 (0.091794)  NNZ: 8 (6)  Ttime: 1.4290 Vtime: 0.0514
Step: 1200000  Loss: 0.327819 Regul: 0.027073 Obj: 0.354892 (0.091794)  NNZ: 12 (6)  Ttime: 1.4306 Vtime: 0.0515
Step: 1300000  Loss: 0.104439 Regul: 0.012719 Obj: 0.117158 (0.091794)  NNZ: 7 (6)  Ttime: 1.4444 Vtime: 0.0514
Best: 1400000  Loss: 0.067943 Regul: 0.005567 Obj: 0.073510 (0.073510)  NNZ: 8 (8)  Ttime: 1.4282 Vtime: 0.0511
Stat: nPR #52 (#64) Dim/MaxDim [416/640] AUC: 0.975996 FPR95: 12.53 [saved]
Step: 1500000  Loss: 0.115945 Regul: 0.019444 Obj: 0.135389 (0.073510)  NNZ: 9 (8)  Ttime: 1.4259 Vtime: 0.0511
Step: 1600000  Loss: 0.087284 Regul: 0.009193 Obj: 0.096477 (0.073510)  NNZ: 8 (8)  Ttime: 1.4311 Vtime: 0.0517
Step: 1700000  Loss: 0.185054 Regul: 0.009481 Obj: 0.194535 (0.073510)  NNZ: 6 (8)  Ttime: 1.4290 Vtime: 0.0507
Step: 1800000  Loss: 0.078982 Regul: 0.012910 Obj: 0.091892 (0.073510)  NNZ: 10 (8)  Ttime: 1.4423 Vtime: 0.0517
Step: 1900000  Loss: 0.131215 Regul: 0.015496 Obj: 0.146711 (0.073510)  NNZ: 9 (8)  Ttime: 1.4300 Vtime: 0.0512
Step: 2000000  Loss: 0.064112 Regul: 0.009590 Obj: 0.073702 (0.073510)  NNZ: 9 (8)  Ttime: 1.4252 Vtime: 0.0517
Step: 2100000  Loss: 0.111559 Regul: 0.006342 Obj: 0.117901 (0.073510)  NNZ: 4 (8)  Ttime: 1.4310 Vtime: 0.0515
Best: 2200000  Loss: 0.062885 Regul: 0.006843 Obj: 0.069728 (0.069728)  NNZ: 7 (7)  Ttime: 1.4391 Vtime: 0.0515
Stat: nPR #48 (#56) Dim/MaxDim [384/640] AUC: 0.979190 FPR95: 9.06 [saved]
Step: 2300000  Loss: 0.136169 Regul: 0.018111 Obj: 0.154280 (0.069728)  NNZ: 10 (7)  Ttime: 1.4336 Vtime: 0.0520
Step: 2400000  Loss: 0.120339 Regul: 0.019591 Obj: 0.139930 (0.069728)  NNZ: 14 (7)  Ttime: 1.4494 Vtime: 0.0519
Step: 2500000  Loss: 0.081994 Regul: 0.010092 Obj: 0.092086 (0.069728)  NNZ: 8 (7)  Ttime: 1.4434 Vtime: 0.0513
Step: 2600000  Loss: 0.097793 Regul: 0.013167 Obj: 0.110960 (0.069728)  NNZ: 8 (7)  Ttime: 1.4332 Vtime: 0.0518
Step: 2700000  Loss: 0.182658 Regul: 0.023471 Obj: 0.206129 (0.069728)  NNZ: 15 (7)  Ttime: 1.4496 Vtime: 0.0515
Step: 2800000  Loss: 0.074864 Regul: 0.011828 Obj: 0.086693 (0.069728)  NNZ: 9 (7)  Ttime: 1.4384 Vtime: 0.0508
Step: 2900000  Loss: 0.095667 Regul: 0.015452 Obj: 0.111118 (0.069728)  NNZ: 11 (7)  Ttime: 1.4456 Vtime: 0.0513
Best: 3000000  Loss: 0.060707 Regul: 0.006078 Obj: 0.066785 (0.066785)  NNZ: 5 (5)  Ttime: 1.4327 Vtime: 0.0518
Stat: nPR #36 (#40) Dim/MaxDim [288/640] AUC: 0.979229 FPR95: 9.33 [saved]
Step: 3100000  Loss: 0.149172 Regul: 0.006189 Obj: 0.155361 (0.066785)  NNZ: 5 (5)  Ttime: 1.4435 Vtime: 0.0508
Step: 3200000  Loss: 0.253301 Regul: 0.011366 Obj: 0.264667 (0.066785)  NNZ: 9 (5)  Ttime: 1.4344 Vtime: 0.0508
Best: 3300000  Loss: 0.055383 Regul: 0.004627 Obj: 0.060011 (0.060011)  NNZ: 7 (7)  Ttime: 1.4349 Vtime: 0.0519
Stat: nPR #48 (#56) Dim/MaxDim [384/640] AUC: 0.979248 FPR95: 9.03 [saved]
Step: 3400000  Loss: 0.080361 Regul: 0.008050 Obj: 0.088411 (0.060011)  NNZ: 7 (7)  Ttime: 1.4572 Vtime: 0.0511
Step: 3500000  Loss: 0.098855 Regul: 0.015807 Obj: 0.114663 (0.060011)  NNZ: 14 (7)  Ttime: 1.4366 Vtime: 0.0514
Step: 3600000  Loss: 0.081435 Regul: 0.009609 Obj: 0.091044 (0.060011)  NNZ: 8 (7)  Ttime: 1.4333 Vtime: 0.0509
Step: 3700000  Loss: 0.069544 Regul: 0.009603 Obj: 0.079146 (0.060011)  NNZ: 7 (7)  Ttime: 1.4451 Vtime: 0.0516
Step: 3800000  Loss: 0.092197 Regul: 0.015007 Obj: 0.107205 (0.060011)  NNZ: 11 (7)  Ttime: 1.4500 Vtime: 0.0515
Step: 3900000  Loss: 0.072311 Regul: 0.011120 Obj: 0.083431 (0.060011)  NNZ: 9 (7)  Ttime: 1.4406 Vtime: 0.0511
Step: 4000000  Loss: 0.083058 Regul: 0.005737 Obj: 0.088795 (0.060011)  NNZ: 8 (7)  Ttime: 1.4333 Vtime: 0.0514
Step: 4100000  Loss: 0.183168 Regul: 0.016375 Obj: 0.199543 (0.060011)  NNZ: 11 (7)  Ttime: 1.4478 Vtime: 0.0517
Step: 4200000  Loss: 0.147639 Regul: 0.014246 Obj: 0.161886 (0.060011)  NNZ: 11 (7)  Ttime: 1.4353 Vtime: 0.0520
Step: 4300000  Loss: 0.070860 Regul: 0.010775 Obj: 0.081635 (0.060011)  NNZ: 12 (7)  Ttime: 1.4473 Vtime: 0.0520
Step: 4400000  Loss: 0.082730 Regul: 0.010293 Obj: 0.093023 (0.060011)  NNZ: 11 (7)  Ttime: 1.4369 Vtime: 0.0506
Step: 4500000  Loss: 0.124704 Regul: 0.010612 Obj: 0.135316 (0.060011)  NNZ: 12 (7)  Ttime: 1.4325 Vtime: 0.0513
Step: 4600000  Loss: 0.081607 Regul: 0.008593 Obj: 0.090200 (0.060011)  NNZ: 8 (7)  Ttime: 1.4589 Vtime: 0.0517
Step: 4700000  Loss: 0.096799 Regul: 0.011259 Obj: 0.108059 (0.060011)  NNZ: 13 (7)  Ttime: 1.4410 Vtime: 0.0522
Step: 4800000  Loss: 0.088310 Regul: 0.004053 Obj: 0.092362 (0.060011)  NNZ: 5 (7)  Ttime: 1.4524 Vtime: 0.0510
Step: 4900000  Loss: 0.060644 Regul: 0.006990 Obj: 0.067634 (0.060011)  NNZ: 7 (7)  Ttime: 1.4406 Vtime: 0.0512
Step: 5000000  Loss: 0.085009 Regul: 0.010433 Obj: 0.095442 (0.060011)  NNZ: 11 (7)  Ttime: 1.4329 Vtime: 0.0512
Step: 5100000  Loss: 0.112041 Regul: 0.016664 Obj: 0.128705 (0.060011)  NNZ: 14 (7)  Ttime: 1.4419 Vtime: 0.0517
Step: 5200000  Loss: 0.069586 Regul: 0.006032 Obj: 0.075618 (0.060011)  NNZ: 5 (7)  Ttime: 1.4325 Vtime: 0.0512
Step: 5300000  Loss: 0.096184 Regul: 0.014897 Obj: 0.111080 (0.060011)  NNZ: 14 (7)  Ttime: 1.4370 Vtime: 0.0510
Step: 5400000  Loss: 0.102829 Regul: 0.015405 Obj: 0.118233 (0.060011)  NNZ: 13 (7)  Ttime: 1.4318 Vtime: 0.0517
Step: 5500000  Loss: 0.093260 Regul: 0.012212 Obj: 0.105472 (0.060011)  NNZ: 9 (7)  Ttime: 1.4339 Vtime: 0.0512
Step: 5600000  Loss: 0.070241 Regul: 0.010024 Obj: 0.080265 (0.060011)  NNZ: 10 (7)  Ttime: 1.4428 Vtime: 0.0511
Step: 5700000  Loss: 0.059426 Regul: 0.004043 Obj: 0.063469 (0.060011)  NNZ: 7 (7)  Ttime: 1.4327 Vtime: 0.0514
Step: 5800000  Loss: 0.090461 Regul: 0.011353 Obj: 0.101814 (0.060011)  NNZ: 9 (7)  Ttime: 1.4318 Vtime: 0.0513
Step: 5900000  Loss: 0.071296 Regul: 0.011019 Obj: 0.082315 (0.060011)  NNZ: 12 (7)  Ttime: 1.4352 Vtime: 0.0515
Step: 6000000  Loss: 0.077142 Regul: 0.009333 Obj: 0.086476 (0.060011)  NNZ: 9 (7)  Ttime: 1.4302 Vtime: 0.0510
Step: 6100000  Loss: 0.074991 Regul: 0.007792 Obj: 0.082782 (0.060011)  NNZ: 10 (7)  Ttime: 1.4418 Vtime: 0.0518
Step: 6200000  Loss: 0.072441 Regul: 0.006086 Obj: 0.078527 (0.060011)  NNZ: 8 (7)  Ttime: 1.4325 Vtime: 0.0513
Step: 6300000  Loss: 0.083967 Regul: 0.009510 Obj: 0.093477 (0.060011)  NNZ: 9 (7)  Ttime: 1.4393 Vtime: 0.0512
Step: 6400000  Loss: 0.078103 Regul: 0.011824 Obj: 0.089927 (0.060011)  NNZ: 11 (7)  Ttime: 1.4326 Vtime: 0.0519
Step: 6500000  Loss: 0.056219 Regul: 0.004428 Obj: 0.060647 (0.060011)  NNZ: 4 (7)  Ttime: 1.4338 Vtime: 0.0507
Step: 6600000  Loss: 0.062204 Regul: 0.007944 Obj: 0.070148 (0.060011)  NNZ: 8 (7)  Ttime: 1.4409 Vtime: 0.0513
Step: 6700000  Loss: 0.060253 Regul: 0.007244 Obj: 0.067496 (0.060011)  NNZ: 7 (7)  Ttime: 1.4340 Vtime: 0.0517
Step: 6800000  Loss: 0.090556 Regul: 0.008004 Obj: 0.098560 (0.060011)  NNZ: 6 (7)  Ttime: 1.4416 Vtime: 0.0513
Step: 6900000  Loss: 0.095333 Regul: 0.015681 Obj: 0.111014 (0.060011)  NNZ: 16 (7)  Ttime: 1.4343 Vtime: 0.0522
Step: 7000000  Loss: 0.091813 Regul: 0.011300 Obj: 0.103113 (0.060011)  NNZ: 9 (7)  Ttime: 1.4340 Vtime: 0.0516
Step: 7100000  Loss: 0.093033 Regul: 0.008140 Obj: 0.101173 (0.060011)  NNZ: 8 (7)  Ttime: 1.4435 Vtime: 0.0513
Step: 7200000  Loss: 0.070403 Regul: 0.007408 Obj: 0.077812 (0.060011)  NNZ: 6 (7)  Ttime: 1.4375 Vtime: 0.0514
Step: 7300000  Loss: 0.058171 Regul: 0.006194 Obj: 0.064365 (0.060011)  NNZ: 8 (7)  Ttime: 1.4299 Vtime: 0.0518
Step: 7400000  Loss: 0.070377 Regul: 0.009590 Obj: 0.079967 (0.060011)  NNZ: 12 (7)  Ttime: 1.4349 Vtime: 0.0510
Step: 7500000  Loss: 0.094774 Regul: 0.010919 Obj: 0.105693 (0.060011)  NNZ: 9 (7)  Ttime: 1.4926 Vtime: 0.0513
Step: 7600000  Loss: 0.076060 Regul: 0.008375 Obj: 0.084435 (0.060011)  NNZ: 9 (7)  Ttime: 1.4268 Vtime: 0.0517
Step: 7700000  Loss: 0.153820 Regul: 0.022128 Obj: 0.175948 (0.060011)  NNZ: 18 (7)  Ttime: 1.4272 Vtime: 0.0515
Step: 7800000  Loss: 0.114183 Regul: 0.014935 Obj: 0.129119 (0.060011)  NNZ: 11 (7)  Ttime: 1.4320 Vtime: 0.0515
Step: 7900000  Loss: 0.087087 Regul: 0.011115 Obj: 0.098202 (0.060011)  NNZ: 13 (7)  Ttime: 1.4264 Vtime: 0.0515
Step: 8000000  Loss: 0.081035 Regul: 0.012573 Obj: 0.093608 (0.060011)  NNZ: 9 (7)  Ttime: 1.4265 Vtime: 0.0515
Step: 8100000  Loss: 0.101087 Regul: 0.019947 Obj: 0.121034 (0.060011)  NNZ: 14 (7)  Ttime: 1.4273 Vtime: 0.0511
Step: 8200000  Loss: 0.086932 Regul: 0.010687 Obj: 0.097620 (0.060011)  NNZ: 9 (7)  Ttime: 1.4364 Vtime: 0.0507
Step: 8300000  Loss: 0.069490 Regul: 0.007851 Obj: 0.077341 (0.060011)  NNZ: 6 (7)  Ttime: 1.4291 Vtime: 0.0513
Step: 8400000  Loss: 0.081064 Regul: 0.009792 Obj: 0.090856 (0.060011)  NNZ: 8 (7)  Ttime: 1.4268 Vtime: 0.0515
Step: 8500000  Loss: 0.078579 Regul: 0.008766 Obj: 0.087346 (0.060011)  NNZ: 8 (7)  Ttime: 1.4287 Vtime: 0.0513
Step: 8600000  Loss: 0.068295 Regul: 0.010350 Obj: 0.078645 (0.060011)  NNZ: 10 (7)  Ttime: 1.4303 Vtime: 0.0518
Step: 8700000  Loss: 0.067067 Regul: 0.008380 Obj: 0.075447 (0.060011)  NNZ: 9 (7)  Ttime: 1.4288 Vtime: 0.0515
Step: 8800000  Loss: 0.096886 Regul: 0.008700 Obj: 0.105586 (0.060011)  NNZ: 8 (7)  Ttime: 1.4284 Vtime: 0.0514
Step: 8900000  Loss: 0.065959 Regul: 0.010612 Obj: 0.076571 (0.060011)  NNZ: 9 (7)  Ttime: 1.4251 Vtime: 0.0514
Step: 9000000  Loss: 0.100830 Regul: 0.014752 Obj: 0.115582 (0.060011)  NNZ: 12 (7)  Ttime: 1.4379 Vtime: 0.0511
Step: 9100000  Loss: 0.085629 Regul: 0.010126 Obj: 0.095755 (0.060011)  NNZ: 10 (7)  Ttime: 1.4250 Vtime: 0.0519
Step: 9200000  Loss: 0.062325 Regul: 0.004564 Obj: 0.066889 (0.060011)  NNZ: 11 (7)  Ttime: 1.4289 Vtime: 0.0517
Step: 9300000  Loss: 0.062056 Regul: 0.008230 Obj: 0.070286 (0.060011)  NNZ: 8 (7)  Ttime: 1.4270 Vtime: 0.0509
Step: 9400000  Loss: 0.113685 Regul: 0.013019 Obj: 0.126704 (0.060011)  NNZ: 11 (7)  Ttime: 1.4250 Vtime: 0.0532
Step: 9500000  Loss: 0.067116 Regul: 0.007284 Obj: 0.074399 (0.060011)  NNZ: 9 (7)  Ttime: 1.4604 Vtime: 0.0520
Step: 9600000  Loss: 0.066732 Regul: 0.009197 Obj: 0.075929 (0.060011)  NNZ: 10 (7)  Ttime: 1.4301 Vtime: 0.0518
Step: 9700000  Loss: 0.073071 Regul: 0.006028 Obj: 0.079100 (0.060011)  NNZ: 6 (7)  Ttime: 1.4369 Vtime: 0.0506
Step: 9800000  Loss: 0.086459 Regul: 0.014383 Obj: 0.100842 (0.060011)  NNZ: 12 (7)  Ttime: 1.4395 Vtime: 0.0515
Step: 9900000  Loss: 0.104859 Regul: 0.015520 Obj: 0.120379 (0.060011)  NNZ: 18 (7)  Ttime: 1.4337 Vtime: 0.0516
Step: 10000000  Loss: 0.101435 Regul: 0.002570 Obj: 0.104004 (0.060011)  NNZ: 4 (7)  Ttime: 1.4391 Vtime: 0.0519
Step: 10100000  Loss: 0.073867 Regul: 0.010658 Obj: 0.084525 (0.060011)  NNZ: 16 (7)  Ttime: 1.4338 Vtime: 0.0516
Step: 10200000  Loss: 0.068473 Regul: 0.009041 Obj: 0.077514 (0.060011)  NNZ: 10 (7)  Ttime: 1.4373 Vtime: 0.0509
Step: 10300000  Loss: 0.058058 Regul: 0.004979 Obj: 0.063037 (0.060011)  NNZ: 8 (7)  Ttime: 1.4363 Vtime: 0.0511
Step: 10400000  Loss: 0.065650 Regul: 0.005274 Obj: 0.070924 (0.060011)  NNZ: 9 (7)  Ttime: 1.4353 Vtime: 0.0516
Step: 10500000  Loss: 0.070170 Regul: 0.008100 Obj: 0.078270 (0.060011)  NNZ: 15 (7)  Ttime: 1.4396 Vtime: 0.0514
Step: 10600000  Loss: 0.079465 Regul: 0.006688 Obj: 0.086152 (0.060011)  NNZ: 9 (7)  Ttime: 1.4424 Vtime: 0.0512
Step: 10700000  Loss: 0.119744 Regul: 0.021770 Obj: 0.141514 (0.060011)  NNZ: 19 (7)  Ttime: 1.4346 Vtime: 0.0519
Step: 10800000  Loss: 0.084107 Regul: 0.014850 Obj: 0.098957 (0.060011)  NNZ: 16 (7)  Ttime: 1.4339 Vtime: 0.0518
Step: 10900000  Loss: 0.109433 Regul: 0.008544 Obj: 0.117978 (0.060011)  NNZ: 6 (7)  Ttime: 1.4458 Vtime: 0.0526
Step: 11000000  Loss: 0.064618 Regul: 0.009430 Obj: 0.074048 (0.060011)  NNZ: 12 (7)  Ttime: 1.4386 Vtime: 0.0510
Step: 11100000  Loss: 0.081434 Regul: 0.010416 Obj: 0.091850 (0.060011)  NNZ: 13 (7)  Ttime: 1.4331 Vtime: 0.0516
Step: 11200000  Loss: 0.060483 Regul: 0.005448 Obj: 0.065931 (0.060011)  NNZ: 8 (7)  Ttime: 1.4809 Vtime: 0.0511
Step: 11300000  Loss: 0.059462 Regul: 0.007822 Obj: 0.067284 (0.060011)  NNZ: 11 (7)  Ttime: 1.4262 Vtime: 0.0513
Step: 11400000  Loss: 0.074522 Regul: 0.007911 Obj: 0.082432 (0.060011)  NNZ: 9 (7)  Ttime: 1.4240 Vtime: 0.0511
Step: 11500000  Loss: 0.064874 Regul: 0.008577 Obj: 0.073451 (0.060011)  NNZ: 9 (7)  Ttime: 1.4295 Vtime: 0.0515
Step: 11600000  Loss: 0.079695 Regul: 0.008210 Obj: 0.087905 (0.060011)  NNZ: 10 (7)  Ttime: 1.4260 Vtime: 0.0511
Step: 11700000  Loss: 0.080889 Regul: 0.012908 Obj: 0.093796 (0.060011)  NNZ: 12 (7)  Ttime: 1.4272 Vtime: 0.0518
Step: 11800000  Loss: 0.091141 Regul: 0.013356 Obj: 0.104497 (0.060011)  NNZ: 16 (7)  Ttime: 1.4260 Vtime: 0.0513
Step: 11900000  Loss: 0.063950 Regul: 0.004315 Obj: 0.068266 (0.060011)  NNZ: 7 (7)  Ttime: 1.4307 Vtime: 0.0516
Step: 12000000  Loss: 0.065951 Regul: 0.008882 Obj: 0.074833 (0.060011)  NNZ: 11 (7)  Ttime: 1.4286 Vtime: 0.0516
Step: 12100000  Loss: 0.076650 Regul: 0.008224 Obj: 0.084874 (0.060011)  NNZ: 11 (7)  Ttime: 1.4236 Vtime: 0.0518
Best: 12200000  Loss: 0.052181 Regul: 0.004587 Obj: 0.056768 (0.056768)  NNZ: 9 (9)  Ttime: 1.4303 Vtime: 0.0517
Stat: nPR #60 (#72) Dim/MaxDim [480/640] AUC: 0.980585 FPR95: 7.77 [saved]
Step: 12300000  Loss: 0.071692 Regul: 0.010106 Obj: 0.081798 (0.056768)  NNZ: 11 (9)  Ttime: 1.4260 Vtime: 0.0514
Step: 12400000  Loss: 0.056045 Regul: 0.003566 Obj: 0.059611 (0.056768)  NNZ: 4 (9)  Ttime: 1.4253 Vtime: 0.0512
Step: 12500000  Loss: 0.065990 Regul: 0.005845 Obj: 0.071835 (0.056768)  NNZ: 14 (9)  Ttime: 1.4385 Vtime: 0.0514
Step: 12600000  Loss: 0.108769 Regul: 0.014863 Obj: 0.123632 (0.056768)  NNZ: 10 (9)  Ttime: 1.4288 Vtime: 0.0511
Step: 12700000  Loss: 0.080153 Regul: 0.012960 Obj: 0.093112 (0.056768)  NNZ: 15 (9)  Ttime: 1.4416 Vtime: 0.0512
Step: 12800000  Loss: 0.065158 Regul: 0.005947 Obj: 0.071105 (0.056768)  NNZ: 8 (9)  Ttime: 1.4322 Vtime: 0.0511
Step: 12900000  Loss: 0.161807 Regul: 0.010616 Obj: 0.172423 (0.056768)  NNZ: 12 (9)  Ttime: 1.4456 Vtime: 0.0513
Step: 13000000  Loss: 0.058122 Regul: 0.008094 Obj: 0.066216 (0.056768)  NNZ: 11 (9)  Ttime: 1.4248 Vtime: 0.0516
Step: 13100000  Loss: 0.067758 Regul: 0.006227 Obj: 0.073985 (0.056768)  NNZ: 8 (9)  Ttime: 1.4269 Vtime: 0.0519
Step: 13200000  Loss: 0.063335 Regul: 0.008115 Obj: 0.071450 (0.056768)  NNZ: 10 (9)  Ttime: 1.4256 Vtime: 0.0511
Step: 13300000  Loss: 0.093427 Regul: 0.009317 Obj: 0.102744 (0.056768)  NNZ: 11 (9)  Ttime: 1.4306 Vtime: 0.0518
Step: 13400000  Loss: 0.102204 Regul: 0.016830 Obj: 0.119034 (0.056768)  NNZ: 17 (9)  Ttime: 1.4359 Vtime: 0.0511
Step: 13500000  Loss: 0.070109 Regul: 0.007056 Obj: 0.077165 (0.056768)  NNZ: 9 (9)  Ttime: 1.4253 Vtime: 0.0516
Step: 13600000  Loss: 0.064127 Regul: 0.007501 Obj: 0.071628 (0.056768)  NNZ: 10 (9)  Ttime: 1.4264 Vtime: 0.0511
Step: 13700000  Loss: 0.061969 Regul: 0.007557 Obj: 0.069526 (0.056768)  NNZ: 11 (9)  Ttime: 1.4283 Vtime: 0.0516
Step: 13800000  Loss: 0.093918 Regul: 0.009562 Obj: 0.103481 (0.056768)  NNZ: 13 (9)  Ttime: 1.4312 Vtime: 0.0516
Step: 13900000  Loss: 0.053035 Regul: 0.005114 Obj: 0.058149 (0.056768)  NNZ: 11 (9)  Ttime: 1.4287 Vtime: 0.0524
Step: 14000000  Loss: 0.073396 Regul: 0.011118 Obj: 0.084514 (0.056768)  NNZ: 13 (9)  Ttime: 1.4296 Vtime: 0.0525
Step: 14100000  Loss: 0.065509 Regul: 0.010012 Obj: 0.075521 (0.056768)  NNZ: 11 (9)  Ttime: 1.4248 Vtime: 0.0521
Step: 14200000  Loss: 0.086382 Regul: 0.011141 Obj: 0.097522 (0.056768)  NNZ: 16 (9)  Ttime: 1.4385 Vtime: 0.0512
Step: 14300000  Loss: 0.060619 Regul: 0.004241 Obj: 0.064859 (0.056768)  NNZ: 6 (9)  Ttime: 1.4315 Vtime: 0.0516
Step: 14400000  Loss: 0.073147 Regul: 0.007634 Obj: 0.080780 (0.056768)  NNZ: 9 (9)  Ttime: 1.4289 Vtime: 0.0518
Step: 14500000  Loss: 0.110679 Regul: 0.007175 Obj: 0.117855 (0.056768)  NNZ: 13 (9)  Ttime: 1.4255 Vtime: 0.0510
Step: 14600000  Loss: 0.076657 Regul: 0.006393 Obj: 0.083050 (0.056768)  NNZ: 8 (9)  Ttime: 1.4337 Vtime: 0.0511
Step: 14700000  Loss: 0.072766 Regul: 0.004764 Obj: 0.077530 (0.056768)  NNZ: 8 (9)  Ttime: 1.4241 Vtime: 0.0510
Step: 14800000  Loss: 0.067104 Regul: 0.005807 Obj: 0.072911 (0.056768)  NNZ: 16 (9)  Ttime: 1.4303 Vtime: 0.0515
Step: 14900000  Loss: 0.070867 Regul: 0.005190 Obj: 0.076057 (0.056768)  NNZ: 11 (9)  Ttime: 1.4300 Vtime: 0.0520
Step: 15000000  Loss: 0.056521 Regul: 0.006005 Obj: 0.062526 (0.056768)  NNZ: 8 (9)  Ttime: 1.4291 Vtime: 0.0522
Step: 15100000  Loss: 0.067382 Regul: 0.009998 Obj: 0.077380 (0.056768)  NNZ: 12 (9)  Ttime: 1.4439 Vtime: 0.0514
Step: 15200000  Loss: 0.072699 Regul: 0.011487 Obj: 0.084186 (0.056768)  NNZ: 14 (9)  Ttime: 1.4369 Vtime: 0.0514
Step: 15300000  Loss: 0.062360 Regul: 0.006760 Obj: 0.069120 (0.056768)  NNZ: 11 (9)  Ttime: 1.4340 Vtime: 0.0510
Step: 15400000  Loss: 0.065974 Regul: 0.007533 Obj: 0.073507 (0.056768)  NNZ: 13 (9)  Ttime: 1.4365 Vtime: 0.0519
Step: 15500000  Loss: 0.058449 Regul: 0.006798 Obj: 0.065247 (0.056768)  NNZ: 8 (9)  Ttime: 1.4454 Vtime: 0.0517
Step: 15600000  Loss: 0.076048 Regul: 0.008312 Obj: 0.084360 (0.056768)  NNZ: 13 (9)  Ttime: 1.4360 Vtime: 0.0514
Step: 15700000  Loss: 0.074711 Regul: 0.007967 Obj: 0.082678 (0.056768)  NNZ: 9 (9)  Ttime: 1.4341 Vtime: 0.0509
Step: 15800000  Loss: 0.057949 Regul: 0.007293 Obj: 0.065242 (0.056768)  NNZ: 10 (9)  Ttime: 1.4346 Vtime: 0.0515
Step: 15900000  Loss: 0.068975 Regul: 0.010297 Obj: 0.079271 (0.056768)  NNZ: 12 (9)  Ttime: 1.4373 Vtime: 0.0513
Step: 16000000  Loss: 0.083708 Regul: 0.008118 Obj: 0.091826 (0.056768)  NNZ: 12 (9)  Ttime: 1.4458 Vtime: 0.0519
Step: 16100000  Loss: 0.061467 Regul: 0.005309 Obj: 0.066777 (0.056768)  NNZ: 8 (9)  Ttime: 1.4416 Vtime: 0.0521
Step: 16200000  Loss: 0.065135 Regul: 0.007910 Obj: 0.073045 (0.056768)  NNZ: 14 (9)  Ttime: 1.4398 Vtime: 0.0526
Step: 16300000  Loss: 0.075555 Regul: 0.009636 Obj: 0.085191 (0.056768)  NNZ: 17 (9)  Ttime: 1.4373 Vtime: 0.0510
Step: 16400000  Loss: 0.055145 Regul: 0.007119 Obj: 0.062264 (0.056768)  NNZ: 13 (9)  Ttime: 1.4371 Vtime: 0.0512
Step: 16500000  Loss: 0.106078 Regul: 0.012488 Obj: 0.118566 (0.056768)  NNZ: 17 (9)  Ttime: 1.4379 Vtime: 0.0515
Step: 16600000  Loss: 0.078325 Regul: 0.006561 Obj: 0.084885 (0.056768)  NNZ: 12 (9)  Ttime: 1.4423 Vtime: 0.0517
Step: 16700000  Loss: 0.065861 Regul: 0.009377 Obj: 0.075238 (0.056768)  NNZ: 14 (9)  Ttime: 1.4380 Vtime: 0.0523
Step: 16800000  Loss: 0.098116 Regul: 0.004777 Obj: 0.102893 (0.056768)  NNZ: 7 (9)  Ttime: 1.4326 Vtime: 0.0519
Step: 16900000  Loss: 0.055525 Regul: 0.004901 Obj: 0.060426 (0.056768)  NNZ: 10 (9)  Ttime: 1.4409 Vtime: 0.0509
Step: 17000000  Loss: 0.063607 Regul: 0.007886 Obj: 0.071493 (0.056768)  NNZ: 9 (9)  Ttime: 1.4330 Vtime: 0.0517
Step: 17100000  Loss: 0.111103 Regul: 0.010527 Obj: 0.121631 (0.056768)  NNZ: 15 (9)  Ttime: 1.4405 Vtime: 0.0514
Step: 17200000  Loss: 0.078429 Regul: 0.007200 Obj: 0.085629 (0.056768)  NNZ: 8 (9)  Ttime: 1.4405 Vtime: 0.0513
Step: 17300000  Loss: 0.061792 Regul: 0.007648 Obj: 0.069440 (0.056768)  NNZ: 10 (9)  Ttime: 1.4432 Vtime: 0.0515
Step: 17400000  Loss: 0.061469 Regul: 0.006411 Obj: 0.067880 (0.056768)  NNZ: 11 (9)  Ttime: 1.4385 Vtime: 0.0517
Step: 17500000  Loss: 0.056020 Regul: 0.005501 Obj: 0.061521 (0.056768)  NNZ: 9 (9)  Ttime: 1.4372 Vtime: 0.0510
Step: 17600000  Loss: 0.058683 Regul: 0.005403 Obj: 0.064086 (0.056768)  NNZ: 10 (9)  Ttime: 1.4477 Vtime: 0.0522
Step: 17700000  Loss: 0.065548 Regul: 0.003976 Obj: 0.069524 (0.056768)  NNZ: 6 (9)  Ttime: 1.4362 Vtime: 0.0512
Step: 17800000  Loss: 0.071405 Regul: 0.005261 Obj: 0.076666 (0.056768)  NNZ: 8 (9)  Ttime: 1.4337 Vtime: 0.0524
Step: 17900000  Loss: 0.061828 Regul: 0.008313 Obj: 0.070141 (0.056768)  NNZ: 11 (9)  Ttime: 1.4397 Vtime: 0.0516
Step: 18000000  Loss: 0.060663 Regul: 0.006536 Obj: 0.067199 (0.056768)  NNZ: 10 (9)  Ttime: 1.4299 Vtime: 0.0521
Step: 18100000  Loss: 0.064684 Regul: 0.007511 Obj: 0.072195 (0.056768)  NNZ: 14 (9)  Ttime: 1.4445 Vtime: 0.0520
Step: 18200000  Loss: 0.070946 Regul: 0.007899 Obj: 0.078845 (0.056768)  NNZ: 8 (9)  Ttime: 1.4365 Vtime: 0.0516
Step: 18300000  Loss: 0.060645 Regul: 0.007246 Obj: 0.067891 (0.056768)  NNZ: 7 (9)  Ttime: 1.4555 Vtime: 0.0510
Step: 18400000  Loss: 0.092228 Regul: 0.006856 Obj: 0.099084 (0.056768)  NNZ: 13 (9)  Ttime: 1.4900 Vtime: 0.0514
Step: 18500000  Loss: 0.052905 Regul: 0.004045 Obj: 0.056950 (0.056768)  NNZ: 6 (9)  Ttime: 1.4362 Vtime: 0.0517
Step: 18600000  Loss: 0.057761 Regul: 0.005426 Obj: 0.063187 (0.056768)  NNZ: 8 (9)  Ttime: 1.4264 Vtime: 0.0512
Step: 18700000  Loss: 0.070505 Regul: 0.004589 Obj: 0.075093 (0.056768)  NNZ: 5 (9)  Ttime: 1.4407 Vtime: 0.0516
Step: 18800000  Loss: 0.052764 Regul: 0.004982 Obj: 0.057747 (0.056768)  NNZ: 8 (9)  Ttime: 1.4266 Vtime: 0.0514
Step: 18900000  Loss: 0.085302 Regul: 0.009680 Obj: 0.094982 (0.056768)  NNZ: 11 (9)  Ttime: 1.4268 Vtime: 0.0511
Step: 19000000  Loss: 0.073331 Regul: 0.006544 Obj: 0.079874 (0.056768)  NNZ: 10 (9)  Ttime: 1.4272 Vtime: 0.0515
Step: 19100000  Loss: 0.084019 Regul: 0.011089 Obj: 0.095109 (0.056768)  NNZ: 14 (9)  Ttime: 1.4278 Vtime: 0.0521
Best: 19200000  Loss: 0.049893 Regul: 0.004214 Obj: 0.054107 (0.054107)  NNZ: 8 (8)  Ttime: 1.4300 Vtime: 0.0513
Stat: nPR #52 (#64) Dim/MaxDim [416/640] AUC: 0.981206 FPR95: 7.99 [saved]
Step: 19300000  Loss: 0.062865 Regul: 0.006285 Obj: 0.069150 (0.054107)  NNZ: 12 (8)  Ttime: 1.4262 Vtime: 0.0516
Step: 19400000  Loss: 0.057571 Regul: 0.007039 Obj: 0.064610 (0.054107)  NNZ: 10 (8)  Ttime: 1.4364 Vtime: 0.0517
Step: 19500000  Loss: 0.055484 Regul: 0.006051 Obj: 0.061535 (0.054107)  NNZ: 12 (8)  Ttime: 1.4252 Vtime: 0.0523
Step: 19600000  Loss: 0.061403 Regul: 0.004493 Obj: 0.065895 (0.054107)  NNZ: 5 (8)  Ttime: 1.4366 Vtime: 0.0514
Step: 19700000  Loss: 0.060388 Regul: 0.004408 Obj: 0.064796 (0.054107)  NNZ: 8 (8)  Ttime: 1.4259 Vtime: 0.0510
Step: 19800000  Loss: 0.063900 Regul: 0.007719 Obj: 0.071619 (0.054107)  NNZ: 11 (8)  Ttime: 1.4376 Vtime: 0.0522
Step: 19900000  Loss: 0.054124 Regul: 0.005033 Obj: 0.059157 (0.054107)  NNZ: 9 (8)  Ttime: 1.4284 Vtime: 0.0515
Step: 20000000  Loss: 0.055330 Regul: 0.005774 Obj: 0.061104 (0.054107)  NNZ: 7 (8)  Ttime: 1.4275 Vtime: 0.0507
Step: 20100000  Loss: 0.104516 Regul: 0.005778 Obj: 0.110294 (0.054107)  NNZ: 10 (8)  Ttime: 1.4250 Vtime: 0.0516
Step: 20200000  Loss: 0.088556 Regul: 0.009404 Obj: 0.097961 (0.054107)  NNZ: 17 (8)  Ttime: 1.4258 Vtime: 0.0510
Step: 20300000  Loss: 0.070060 Regul: 0.009421 Obj: 0.079481 (0.054107)  NNZ: 15 (8)  Ttime: 1.4383 Vtime: 0.0517
Step: 20400000  Loss: 0.058601 Regul: 0.004297 Obj: 0.062897 (0.054107)  NNZ: 11 (8)  Ttime: 1.4357 Vtime: 0.0516
Step: 20500000  Loss: 0.076544 Regul: 0.005527 Obj: 0.082071 (0.054107)  NNZ: 14 (8)  Ttime: 1.4395 Vtime: 0.0512
Step: 20600000  Loss: 0.070965 Regul: 0.009213 Obj: 0.080179 (0.054107)  NNZ: 13 (8)  Ttime: 1.4357 Vtime: 0.0509
Step: 20700000  Loss: 0.058269 Regul: 0.007046 Obj: 0.065315 (0.054107)  NNZ: 8 (8)  Ttime: 1.4361 Vtime: 0.0515
Step: 20800000  Loss: 0.074287 Regul: 0.005892 Obj: 0.080180 (0.054107)  NNZ: 8 (8)  Ttime: 1.4357 Vtime: 0.0515
Step: 20900000  Loss: 0.062148 Regul: 0.008168 Obj: 0.070316 (0.054107)  NNZ: 11 (8)  Ttime: 1.4378 Vtime: 0.0516
Step: 21000000  Loss: 0.093655 Regul: 0.012252 Obj: 0.105907 (0.054107)  NNZ: 16 (8)  Ttime: 1.4332 Vtime: 0.0518
Step: 21100000  Loss: 0.057583 Regul: 0.004959 Obj: 0.062542 (0.054107)  NNZ: 11 (8)  Ttime: 1.4347 Vtime: 0.0508
Step: 21200000  Loss: 0.062634 Regul: 0.005209 Obj: 0.067843 (0.054107)  NNZ: 10 (8)  Ttime: 1.4316 Vtime: 0.0509
Step: 21300000  Loss: 0.055483 Regul: 0.004323 Obj: 0.059805 (0.054107)  NNZ: 7 (8)  Ttime: 1.4412 Vtime: 0.0517
Step: 21400000  Loss: 0.066558 Regul: 0.005021 Obj: 0.071578 (0.054107)  NNZ: 8 (8)  Ttime: 1.4448 Vtime: 0.0514
Step: 21500000  Loss: 0.064870 Regul: 0.006373 Obj: 0.071244 (0.054107)  NNZ: 10 (8)  Ttime: 1.4514 Vtime: 0.0514
Step: 21600000  Loss: 0.063807 Regul: 0.004457 Obj: 0.068265 (0.054107)  NNZ: 7 (8)  Ttime: 1.4367 Vtime: 0.0518
Step: 21700000  Loss: 0.058980 Regul: 0.006517 Obj: 0.065497 (0.054107)  NNZ: 11 (8)  Ttime: 1.4364 Vtime: 0.0523
Step: 21800000  Loss: 0.064703 Regul: 0.003920 Obj: 0.068623 (0.054107)  NNZ: 8 (8)  Ttime: 1.4328 Vtime: 0.0517
Step: 21900000  Loss: 0.052999 Regul: 0.003570 Obj: 0.056569 (0.054107)  NNZ: 8 (8)  Ttime: 1.4379 Vtime: 0.0512
Step: 22000000  Loss: 0.063412 Regul: 0.002696 Obj: 0.066108 (0.054107)  NNZ: 6 (8)  Ttime: 1.4361 Vtime: 0.0513
Step: 22100000  Loss: 0.054432 Regul: 0.006566 Obj: 0.060997 (0.054107)  NNZ: 11 (8)  Ttime: 1.4441 Vtime: 0.0512
Step: 22200000  Loss: 0.082571 Regul: 0.003530 Obj: 0.086101 (0.054107)  NNZ: 7 (8)  Ttime: 1.4332 Vtime: 0.0517
Step: 22300000  Loss: 0.054723 Regul: 0.006461 Obj: 0.061184 (0.054107)  NNZ: 9 (8)  Ttime: 1.4489 Vtime: 0.0517
Step: 22400000  Loss: 0.056414 Regul: 0.006196 Obj: 0.062611 (0.054107)  NNZ: 8 (8)  Ttime: 1.4368 Vtime: 0.0509
Step: 22500000  Loss: 0.060730 Regul: 0.007803 Obj: 0.068533 (0.054107)  NNZ: 9 (8)  Ttime: 1.4410 Vtime: 0.0513
Step: 22600000  Loss: 0.063547 Regul: 0.006812 Obj: 0.070359 (0.054107)  NNZ: 9 (8)  Ttime: 1.4433 Vtime: 0.0507
Step: 22700000  Loss: 0.057640 Regul: 0.005324 Obj: 0.062964 (0.054107)  NNZ: 11 (8)  Ttime: 1.4393 Vtime: 0.0508
Step: 22800000  Loss: 0.051987 Regul: 0.004496 Obj: 0.056483 (0.054107)  NNZ: 10 (8)  Ttime: 1.4329 Vtime: 0.0517
Step: 22900000  Loss: 0.069519 Regul: 0.008834 Obj: 0.078353 (0.054107)  NNZ: 12 (8)  Ttime: 1.4571 Vtime: 0.0516
Step: 23000000  Loss: 0.062121 Regul: 0.003687 Obj: 0.065808 (0.054107)  NNZ: 7 (8)  Ttime: 1.4341 Vtime: 0.0507
Step: 23100000  Loss: 0.086036 Regul: 0.007731 Obj: 0.093767 (0.054107)  NNZ: 14 (8)  Ttime: 1.4325 Vtime: 0.0512
Step: 23200000  Loss: 0.069082 Regul: 0.007286 Obj: 0.076368 (0.054107)  NNZ: 15 (8)  Ttime: 1.4345 Vtime: 0.0519
Step: 23300000  Loss: 0.061381 Regul: 0.006772 Obj: 0.068153 (0.054107)  NNZ: 11 (8)  Ttime: 1.4458 Vtime: 0.0520
Step: 23400000  Loss: 0.060624 Regul: 0.006894 Obj: 0.067518 (0.054107)  NNZ: 13 (8)  Ttime: 1.4315 Vtime: 0.0517
Step: 23500000  Loss: 0.059506 Regul: 0.004473 Obj: 0.063978 (0.054107)  NNZ: 11 (8)  Ttime: 1.4383 Vtime: 0.0514
Step: 23600000  Loss: 0.060596 Regul: 0.007430 Obj: 0.068026 (0.054107)  NNZ: 10 (8)  Ttime: 1.4325 Vtime: 0.0515
Step: 23700000  Loss: 0.063869 Regul: 0.003846 Obj: 0.067715 (0.054107)  NNZ: 7 (8)  Ttime: 1.4457 Vtime: 0.0520
Step: 23800000  Loss: 0.064560 Regul: 0.006602 Obj: 0.071162 (0.054107)  NNZ: 10 (8)  Ttime: 1.4322 Vtime: 0.0515
Step: 23900000  Loss: 0.065649 Regul: 0.008705 Obj: 0.074354 (0.054107)  NNZ: 10 (8)  Ttime: 1.4346 Vtime: 0.0512
Step: 24000000  Loss: 0.053248 Regul: 0.005182 Obj: 0.058430 (0.054107)  NNZ: 10 (8)  Ttime: 1.4353 Vtime: 0.0508
Step: 24100000  Loss: 0.073017 Regul: 0.007598 Obj: 0.080615 (0.054107)  NNZ: 11 (8)  Ttime: 1.4360 Vtime: 0.0517
Step: 24200000  Loss: 0.080982 Regul: 0.010909 Obj: 0.091891 (0.054107)  NNZ: 12 (8)  Ttime: 1.4402 Vtime: 0.0516
Step: 24300000  Loss: 0.058567 Regul: 0.005540 Obj: 0.064107 (0.054107)  NNZ: 13 (8)  Ttime: 1.4436 Vtime: 0.0512
Step: 24400000  Loss: 0.062482 Regul: 0.003241 Obj: 0.065723 (0.054107)  NNZ: 4 (8)  Ttime: 1.4427 Vtime: 0.0512
Step: 24500000  Loss: 0.055873 Regul: 0.004011 Obj: 0.059885 (0.054107)  NNZ: 7 (8)  Ttime: 1.4469 Vtime: 0.0511
Step: 24600000  Loss: 0.058919 Regul: 0.007284 Obj: 0.066203 (0.054107)  NNZ: 12 (8)  Ttime: 1.4350 Vtime: 0.0519
Step: 24700000  Loss: 0.058784 Regul: 0.007093 Obj: 0.065876 (0.054107)  NNZ: 9 (8)  Ttime: 1.4689 Vtime: 0.0518
Step: 24800000  Loss: 0.084264 Regul: 0.009138 Obj: 0.093402 (0.054107)  NNZ: 14 (8)  Ttime: 1.4656 Vtime: 0.0527
Step: 24900000  Loss: 0.064960 Regul: 0.005161 Obj: 0.070121 (0.054107)  NNZ: 7 (8)  Ttime: 1.4790 Vtime: 0.0565
Step: 25000000  Loss: 0.059699 Regul: 0.004967 Obj: 0.064666 (0.054107)  NNZ: 10 (8)  Ttime: 1.4391 Vtime: 0.0508
Best: 25100000  Loss: 0.050224 Regul: 0.003818 Obj: 0.054042 (0.054042)  NNZ: 8 (8)  Ttime: 1.4467 Vtime: 0.0512
Stat: nPR #52 (#64) Dim/MaxDim [416/640] AUC: 0.980965 FPR95: 8.31 [saved]
Step: 25200000  Loss: 0.052488 Regul: 0.004356 Obj: 0.056844 (0.054042)  NNZ: 10 (8)  Ttime: 1.4388 Vtime: 0.0516
Step: 25300000  Loss: 0.053891 Regul: 0.003547 Obj: 0.057438 (0.054042)  NNZ: 7 (8)  Ttime: 1.4481 Vtime: 0.0509
Step: 25400000  Loss: 0.051476 Regul: 0.004684 Obj: 0.056161 (0.054042)  NNZ: 11 (8)  Ttime: 1.4456 Vtime: 0.0515
Step: 25500000  Loss: 0.107522 Regul: 0.009973 Obj: 0.117495 (0.054042)  NNZ: 18 (8)  Ttime: 1.4360 Vtime: 0.0513
Step: 25600000  Loss: 0.068407 Regul: 0.010090 Obj: 0.078497 (0.054042)  NNZ: 14 (8)  Ttime: 1.4515 Vtime: 0.0517
Step: 25700000  Loss: 0.065641 Regul: 0.004423 Obj: 0.070065 (0.054042)  NNZ: 11 (8)  Ttime: 1.4503 Vtime: 0.0512
Step: 25800000  Loss: 0.068780 Regul: 0.005728 Obj: 0.074508 (0.054042)  NNZ: 9 (8)  Ttime: 1.4544 Vtime: 0.0516
Step: 25900000  Loss: 0.067531 Regul: 0.006260 Obj: 0.073790 (0.054042)  NNZ: 12 (8)  Ttime: 1.4790 Vtime: 0.0510
Step: 26000000  Loss: 0.052657 Regul: 0.005342 Obj: 0.057999 (0.054042)  NNZ: 10 (8)  Ttime: 1.4352 Vtime: 0.0521
Step: 26100000  Loss: 0.065275 Regul: 0.007255 Obj: 0.072530 (0.054042)  NNZ: 10 (8)  Ttime: 1.4667 Vtime: 0.0514
Step: 26200000  Loss: 0.060757 Regul: 0.003041 Obj: 0.063797 (0.054042)  NNZ: 8 (8)  Ttime: 1.4514 Vtime: 0.0522
Step: 26300000  Loss: 0.059733 Regul: 0.003192 Obj: 0.062925 (0.054042)  NNZ: 6 (8)  Ttime: 1.4543 Vtime: 0.0523
Step: 26400000  Loss: 0.062967 Regul: 0.006935 Obj: 0.069901 (0.054042)  NNZ: 12 (8)  Ttime: 1.4476 Vtime: 0.0514
Step: 26500000  Loss: 0.055326 Regul: 0.004662 Obj: 0.059988 (0.054042)  NNZ: 11 (8)  Ttime: 1.4433 Vtime: 0.0518
Step: 26600000  Loss: 0.057284 Regul: 0.006772 Obj: 0.064056 (0.054042)  NNZ: 13 (8)  Ttime: 1.4517 Vtime: 0.0517
Step: 26700000  Loss: 0.064637 Regul: 0.004122 Obj: 0.068760 (0.054042)  NNZ: 9 (8)  Ttime: 1.4434 Vtime: 0.0512
Step: 26800000  Loss: 0.059508 Regul: 0.004446 Obj: 0.063954 (0.054042)  NNZ: 7 (8)  Ttime: 1.4662 Vtime: 0.0511
Step: 26900000  Loss: 0.066980 Regul: 0.008223 Obj: 0.075202 (0.054042)  NNZ: 13 (8)  Ttime: 1.4501 Vtime: 0.0517
Step: 27000000  Loss: 0.068071 Regul: 0.006860 Obj: 0.074932 (0.054042)  NNZ: 10 (8)  Ttime: 1.4412 Vtime: 0.0517
Step: 27100000  Loss: 0.057022 Regul: 0.006735 Obj: 0.063756 (0.054042)  NNZ: 15 (8)  Ttime: 1.4845 Vtime: 0.0532
Step: 27200000  Loss: 0.064235 Regul: 0.007964 Obj: 0.072199 (0.054042)  NNZ: 12 (8)  Ttime: 1.4801 Vtime: 0.0513
Step: 27300000  Loss: 0.061372 Regul: 0.006179 Obj: 0.067551 (0.054042)  NNZ: 10 (8)  Ttime: 1.4426 Vtime: 0.0521
Step: 27400000  Loss: 0.054688 Regul: 0.005508 Obj: 0.060196 (0.054042)  NNZ: 11 (8)  Ttime: 1.4524 Vtime: 0.0537
Step: 27500000  Loss: 0.064000 Regul: 0.006602 Obj: 0.070602 (0.054042)  NNZ: 13 (8)  Ttime: 1.4841 Vtime: 0.0525
Step: 27600000  Loss: 0.069306 Regul: 0.008954 Obj: 0.078260 (0.054042)  NNZ: 18 (8)  Ttime: 1.4954 Vtime: 0.0512
Step: 27700000  Loss: 0.062639 Regul: 0.008297 Obj: 0.070936 (0.054042)  NNZ: 12 (8)  Ttime: 1.4487 Vtime: 0.0532
Step: 27800000  Loss: 0.078053 Regul: 0.006389 Obj: 0.084442 (0.054042)  NNZ: 13 (8)  Ttime: 1.4626 Vtime: 0.0516
Step: 27900000  Loss: 0.052777 Regul: 0.003623 Obj: 0.056400 (0.054042)  NNZ: 9 (8)  Ttime: 1.4452 Vtime: 0.0517
Step: 28000000  Loss: 0.052168 Regul: 0.004485 Obj: 0.056653 (0.054042)  NNZ: 8 (8)  Ttime: 1.4436 Vtime: 0.0513
Step: 28100000  Loss: 0.063217 Regul: 0.003757 Obj: 0.066974 (0.054042)  NNZ: 7 (8)  Ttime: 1.4514 Vtime: 0.0515
Step: 28200000  Loss: 0.082749 Regul: 0.007866 Obj: 0.090616 (0.054042)  NNZ: 17 (8)  Ttime: 1.4334 Vtime: 0.0519
Step: 28300000  Loss: 0.070506 Regul: 0.009215 Obj: 0.079721 (0.054042)  NNZ: 13 (8)  Ttime: 1.4499 Vtime: 0.0520
Step: 28400000  Loss: 0.061986 Regul: 0.002855 Obj: 0.064842 (0.054042)  NNZ: 7 (8)  Ttime: 1.4987 Vtime: 0.0507
Step: 28500000  Loss: 0.075862 Regul: 0.008280 Obj: 0.084142 (0.054042)  NNZ: 13 (8)  Ttime: 1.4426 Vtime: 0.0522
Best: 28600000  Loss: 0.049535 Regul: 0.003419 Obj: 0.052954 (0.052954)  NNZ: 7 (7)  Ttime: 1.4374 Vtime: 0.0506
Stat: nPR #48 (#56) Dim/MaxDim [384/640] AUC: 0.981509 FPR95: 7.38 [saved]
Step: 28700000  Loss: 0.060556 Regul: 0.004960 Obj: 0.065515 (0.052954)  NNZ: 13 (7)  Ttime: 1.4411 Vtime: 0.0516
Step: 28800000  Loss: 0.054017 Regul: 0.003741 Obj: 0.057759 (0.052954)  NNZ: 8 (7)  Ttime: 1.4750 Vtime: 0.0519
Step: 28900000  Loss: 0.053599 Regul: 0.005774 Obj: 0.059373 (0.052954)  NNZ: 14 (7)  Ttime: 1.4514 Vtime: 0.0511
Step: 29000000  Loss: 0.055169 Regul: 0.004813 Obj: 0.059983 (0.052954)  NNZ: 14 (7)  Ttime: 1.4579 Vtime: 0.0512
Step: 29100000  Loss: 0.069721 Regul: 0.005933 Obj: 0.075654 (0.052954)  NNZ: 8 (7)  Ttime: 1.4906 Vtime: 0.0516
Step: 29200000  Loss: 0.052786 Regul: 0.006360 Obj: 0.059146 (0.052954)  NNZ: 11 (7)  Ttime: 1.4387 Vtime: 0.0506
Step: 29300000  Loss: 0.059089 Regul: 0.002976 Obj: 0.062065 (0.052954)  NNZ: 5 (7)  Ttime: 1.4363 Vtime: 0.0520
Step: 29400000  Loss: 0.083215 Regul: 0.004675 Obj: 0.087890 (0.052954)  NNZ: 13 (7)  Ttime: 1.4720 Vtime: 0.0514
Step: 29500000  Loss: 0.080524 Regul: 0.007089 Obj: 0.087613 (0.052954)  NNZ: 12 (7)  Ttime: 1.4808 Vtime: 0.0540
Step: 29600000  Loss: 0.050087 Regul: 0.004510 Obj: 0.054597 (0.052954)  NNZ: 11 (7)  Ttime: 1.4690 Vtime: 0.0527
Step: 29700000  Loss: 0.053262 Regul: 0.003868 Obj: 0.057131 (0.052954)  NNZ: 6 (7)  Ttime: 1.4986 Vtime: 0.0685
Step: 29800000  Loss: 0.049872 Regul: 0.004618 Obj: 0.054490 (0.052954)  NNZ: 11 (7)  Ttime: 1.4568 Vtime: 0.0513
Step: 29900000  Loss: 0.069886 Regul: 0.007692 Obj: 0.077577 (0.052954)  NNZ: 11 (7)  Ttime: 1.4954 Vtime: 0.0519
Step: 30000000  Loss: 0.065611 Regul: 0.006930 Obj: 0.072541 (0.052954)  NNZ: 12 (7)  Ttime: 1.4355 Vtime: 0.0516
Step: 30100000  Loss: 0.089424 Regul: 0.004667 Obj: 0.094091 (0.052954)  NNZ: 11 (7)  Ttime: 1.4388 Vtime: 0.0518
Step: 30200000  Loss: 0.059621 Regul: 0.005472 Obj: 0.065093 (0.052954)  NNZ: 7 (7)  Ttime: 1.4614 Vtime: 0.0518
Step: 30300000  Loss: 0.060872 Regul: 0.007030 Obj: 0.067902 (0.052954)  NNZ: 12 (7)  Ttime: 1.4607 Vtime: 0.0548
Step: 30400000  Loss: 0.054060 Regul: 0.004232 Obj: 0.058292 (0.052954)  NNZ: 10 (7)  Ttime: 1.4431 Vtime: 0.0521
Step: 30500000  Loss: 0.073932 Regul: 0.003469 Obj: 0.077401 (0.052954)  NNZ: 7 (7)  Ttime: 1.4596 Vtime: 0.0518
Step: 30600000  Loss: 0.059881 Regul: 0.006490 Obj: 0.066372 (0.052954)  NNZ: 13 (7)  Ttime: 1.4563 Vtime: 0.0517
Step: 30700000  Loss: 0.113878 Regul: 0.002916 Obj: 0.116794 (0.052954)  NNZ: 7 (7)  Ttime: 1.4712 Vtime: 0.0517
Step: 30800000  Loss: 0.054720 Regul: 0.006584 Obj: 0.061305 (0.052954)  NNZ: 12 (7)  Ttime: 1.4349 Vtime: 0.0516
Step: 30900000  Loss: 0.061847 Regul: 0.004786 Obj: 0.066633 (0.052954)  NNZ: 10 (7)  Ttime: 1.4366 Vtime: 0.0530
Step: 31000000  Loss: 0.059045 Regul: 0.006848 Obj: 0.065894 (0.052954)  NNZ: 12 (7)  Ttime: 1.4456 Vtime: 0.0511
Step: 31100000  Loss: 0.053277 Regul: 0.004579 Obj: 0.057856 (0.052954)  NNZ: 9 (7)  Ttime: 1.4411 Vtime: 0.0515
Step: 31200000  Loss: 0.054199 Regul: 0.004523 Obj: 0.058722 (0.052954)  NNZ: 8 (7)  Ttime: 1.4925 Vtime: 0.0516
Step: 31300000  Loss: 0.092376 Regul: 0.003568 Obj: 0.095945 (0.052954)  NNZ: 8 (7)  Ttime: 1.4378 Vtime: 0.0517
Step: 31400000  Loss: 0.054848 Regul: 0.002787 Obj: 0.057635 (0.052954)  NNZ: 8 (7)  Ttime: 1.4315 Vtime: 0.0518
Step: 31500000  Loss: 0.055245 Regul: 0.003641 Obj: 0.058887 (0.052954)  NNZ: 15 (7)  Ttime: 1.4503 Vtime: 0.0524
Step: 31600000  Loss: 0.056848 Regul: 0.007454 Obj: 0.064301 (0.052954)  NNZ: 11 (7)  Ttime: 1.4379 Vtime: 0.0517
Step: 31700000  Loss: 0.052668 Regul: 0.005308 Obj: 0.057976 (0.052954)  NNZ: 10 (7)  Ttime: 1.4305 Vtime: 0.0511
Step: 31800000  Loss: 0.070329 Regul: 0.005265 Obj: 0.075594 (0.052954)  NNZ: 12 (7)  Ttime: 1.4921 Vtime: 0.0518
Step: 31900000  Loss: 0.054473 Regul: 0.005164 Obj: 0.059636 (0.052954)  NNZ: 11 (7)  Ttime: 1.4374 Vtime: 0.0516
Step: 32000000  Loss: 0.068316 Regul: 0.004417 Obj: 0.072732 (0.052954)  NNZ: 9 (7)  Ttime: 1.4282 Vtime: 0.0515
Step: 32100000  Loss: 0.057982 Regul: 0.006176 Obj: 0.064157 (0.052954)  NNZ: 11 (7)  Ttime: 1.4286 Vtime: 0.0516
Step: 32200000  Loss: 0.053468 Regul: 0.006234 Obj: 0.059702 (0.052954)  NNZ: 13 (7)  Ttime: 1.4320 Vtime: 0.0520
Step: 32300000  Loss: 0.052229 Regul: 0.004333 Obj: 0.056563 (0.052954)  NNZ: 9 (7)  Ttime: 1.4263 Vtime: 0.0513
Step: 32400000  Loss: 0.060068 Regul: 0.005908 Obj: 0.065976 (0.052954)  NNZ: 8 (7)  Ttime: 1.4258 Vtime: 0.0517
Step: 32500000  Loss: 0.059291 Regul: 0.007072 Obj: 0.066363 (0.052954)  NNZ: 16 (7)  Ttime: 1.4358 Vtime: 0.0515
Step: 32600000  Loss: 0.063373 Regul: 0.002706 Obj: 0.066079 (0.052954)  NNZ: 6 (7)  Ttime: 1.4465 Vtime: 0.0522
Step: 32700000  Loss: 0.049902 Regul: 0.003823 Obj: 0.053726 (0.052954)  NNZ: 9 (7)  Ttime: 1.4375 Vtime: 0.0519
Step: 32800000  Loss: 0.074422 Regul: 0.005302 Obj: 0.079724 (0.052954)  NNZ: 13 (7)  Ttime: 1.4790 Vtime: 0.0510
Step: 32900000  Loss: 0.117830 Regul: 0.007947 Obj: 0.125777 (0.052954)  NNZ: 18 (7)  Ttime: 1.4313 Vtime: 0.0516
Step: 33000000  Loss: 0.058859 Regul: 0.002688 Obj: 0.061547 (0.052954)  NNZ: 8 (7)  Ttime: 1.4250 Vtime: 0.0515
Step: 33100000  Loss: 0.066219 Regul: 0.006019 Obj: 0.072238 (0.052954)  NNZ: 10 (7)  Ttime: 1.4587 Vtime: 0.0518
Step: 33200000  Loss: 0.051531 Regul: 0.005104 Obj: 0.056635 (0.052954)  NNZ: 12 (7)  Ttime: 1.4308 Vtime: 0.0513
Step: 33300000  Loss: 0.063826 Regul: 0.003059 Obj: 0.066885 (0.052954)  NNZ: 6 (7)  Ttime: 1.4377 Vtime: 0.0513
Step: 33400000  Loss: 0.073455 Regul: 0.006953 Obj: 0.080409 (0.052954)  NNZ: 14 (7)  Ttime: 1.4334 Vtime: 0.0514
Step: 33500000  Loss: 0.055824 Regul: 0.002767 Obj: 0.058592 (0.052954)  NNZ: 9 (7)  Ttime: 1.4311 Vtime: 0.0513
Step: 33600000  Loss: 0.068114 Regul: 0.007274 Obj: 0.075388 (0.052954)  NNZ: 12 (7)  Ttime: 1.4376 Vtime: 0.0513
Step: 33700000  Loss: 0.083128 Regul: 0.004689 Obj: 0.087817 (0.052954)  NNZ: 7 (7)  Ttime: 1.4264 Vtime: 0.0513
Step: 33800000  Loss: 0.071504 Regul: 0.009718 Obj: 0.081222 (0.052954)  NNZ: 18 (7)  Ttime: 1.4350 Vtime: 0.0514
Step: 33900000  Loss: 0.066394 Regul: 0.005735 Obj: 0.072128 (0.052954)  NNZ: 10 (7)  Ttime: 1.4681 Vtime: 0.0512
Step: 34000000  Loss: 0.067806 Regul: 0.008856 Obj: 0.076662 (0.052954)  NNZ: 19 (7)  Ttime: 1.4334 Vtime: 0.0512
Step: 34100000  Loss: 0.107555 Regul: 0.013049 Obj: 0.120605 (0.052954)  NNZ: 15 (7)  Ttime: 1.4309 Vtime: 0.0518
Step: 34200000  Loss: 0.067490 Regul: 0.007155 Obj: 0.074645 (0.052954)  NNZ: 10 (7)  Ttime: 1.4416 Vtime: 0.0516
Step: 34300000  Loss: 0.061067 Regul: 0.004469 Obj: 0.065536 (0.052954)  NNZ: 6 (7)  Ttime: 1.4292 Vtime: 0.0512
Step: 34400000  Loss: 0.054052 Regul: 0.004438 Obj: 0.058491 (0.052954)  NNZ: 6 (7)  Ttime: 1.4261 Vtime: 0.0516
Step: 34500000  Loss: 0.061675 Regul: 0.008313 Obj: 0.069988 (0.052954)  NNZ: 12 (7)  Ttime: 1.4292 Vtime: 0.0512
Step: 34600000  Loss: 0.067929 Regul: 0.006538 Obj: 0.074468 (0.052954)  NNZ: 15 (7)  Ttime: 1.4329 Vtime: 0.0515
Step: 34700000  Loss: 0.066340 Regul: 0.008843 Obj: 0.075182 (0.052954)  NNZ: 12 (7)  Ttime: 1.4781 Vtime: 0.0518
Step: 34800000  Loss: 0.112777 Regul: 0.007678 Obj: 0.120455 (0.052954)  NNZ: 13 (7)  Ttime: 1.4482 Vtime: 0.0522
Step: 34900000  Loss: 0.056084 Regul: 0.006288 Obj: 0.062372 (0.052954)  NNZ: 11 (7)  Ttime: 1.4251 Vtime: 0.0506
Step: 35000000  Loss: 0.061025 Regul: 0.005112 Obj: 0.066137 (0.052954)  NNZ: 8 (7)  Ttime: 1.4369 Vtime: 0.0521
Step: 35100000  Loss: 0.059115 Regul: 0.007786 Obj: 0.066900 (0.052954)  NNZ: 15 (7)  Ttime: 1.4874 Vtime: 0.0532
Step: 35200000  Loss: 0.057718 Regul: 0.005071 Obj: 0.062788 (0.052954)  NNZ: 7 (7)  Ttime: 1.4312 Vtime: 0.0513
Step: 35300000  Loss: 0.051745 Regul: 0.005261 Obj: 0.057006 (0.052954)  NNZ: 11 (7)  Ttime: 1.4336 Vtime: 0.0513
Step: 35400000  Loss: 0.059139 Regul: 0.006536 Obj: 0.065675 (0.052954)  NNZ: 10 (7)  Ttime: 1.4316 Vtime: 0.0515
Step: 35500000  Loss: 0.056073 Regul: 0.004659 Obj: 0.060732 (0.052954)  NNZ: 9 (7)  Ttime: 1.4399 Vtime: 0.0515
Step: 35600000  Loss: 0.070881 Regul: 0.010052 Obj: 0.080933 (0.052954)  NNZ: 14 (7)  Ttime: 1.4318 Vtime: 0.0514
Step: 35700000  Loss: 0.057338 Regul: 0.007571 Obj: 0.064909 (0.052954)  NNZ: 12 (7)  Ttime: 1.4471 Vtime: 0.0527
Step: 35800000  Loss: 0.062157 Regul: 0.008682 Obj: 0.070839 (0.052954)  NNZ: 13 (7)  Ttime: 1.4420 Vtime: 0.0511
Step: 35900000  Loss: 0.073381 Regul: 0.010376 Obj: 0.083757 (0.052954)  NNZ: 20 (7)  Ttime: 1.4368 Vtime: 0.0523
Step: 36000000  Loss: 0.052296 Regul: 0.005397 Obj: 0.057692 (0.052954)  NNZ: 11 (7)  Ttime: 1.4396 Vtime: 0.0514
Step: 36100000  Loss: 0.071431 Regul: 0.009781 Obj: 0.081213 (0.052954)  NNZ: 16 (7)  Ttime: 1.4369 Vtime: 0.0516
Step: 36200000  Loss: 0.066363 Regul: 0.007928 Obj: 0.074292 (0.052954)  NNZ: 15 (7)  Ttime: 1.4545 Vtime: 0.0519
Step: 36300000  Loss: 0.055330 Regul: 0.005511 Obj: 0.060842 (0.052954)  NNZ: 10 (7)  Ttime: 1.4267 Vtime: 0.0513
Step: 36400000  Loss: 0.056192 Regul: 0.006072 Obj: 0.062264 (0.052954)  NNZ: 10 (7)  Ttime: 1.4380 Vtime: 0.0514
Step: 36500000  Loss: 0.059727 Regul: 0.006503 Obj: 0.066230 (0.052954)  NNZ: 9 (7)  Ttime: 1.4783 Vtime: 0.0532
Step: 36600000  Loss: 0.059626 Regul: 0.006051 Obj: 0.065677 (0.052954)  NNZ: 9 (7)  Ttime: 1.4653 Vtime: 0.0512
Step: 36700000  Loss: 0.061702 Regul: 0.007466 Obj: 0.069168 (0.052954)  NNZ: 11 (7)  Ttime: 1.4689 Vtime: 0.0509
Step: 36800000  Loss: 0.054109 Regul: 0.006110 Obj: 0.060219 (0.052954)  NNZ: 10 (7)  Ttime: 1.4454 Vtime: 0.0517
Step: 36900000  Loss: 0.060424 Regul: 0.006490 Obj: 0.066915 (0.052954)  NNZ: 12 (7)  Ttime: 1.4560 Vtime: 0.0519
Step: 37000000  Loss: 0.078063 Regul: 0.007437 Obj: 0.085500 (0.052954)  NNZ: 15 (7)  Ttime: 1.4289 Vtime: 0.0511
Step: 37100000  Loss: 0.083273 Regul: 0.013497 Obj: 0.096770 (0.052954)  NNZ: 17 (7)  Ttime: 1.4368 Vtime: 0.0516
Step: 37200000  Loss: 0.050883 Regul: 0.004417 Obj: 0.055300 (0.052954)  NNZ: 9 (7)  Ttime: 1.4998 Vtime: 0.0515
Step: 37300000  Loss: 0.073892 Regul: 0.008479 Obj: 0.082371 (0.052954)  NNZ: 13 (7)  Ttime: 1.4284 Vtime: 0.0514
Step: 37400000  Loss: 0.069684 Regul: 0.008903 Obj: 0.078587 (0.052954)  NNZ: 13 (7)  Ttime: 1.4290 Vtime: 0.0514
Step: 37500000  Loss: 0.070894 Regul: 0.009374 Obj: 0.080268 (0.052954)  NNZ: 14 (7)  Ttime: 1.4255 Vtime: 0.0514
Step: 37600000  Loss: 0.072390 Regul: 0.006652 Obj: 0.079042 (0.052954)  NNZ: 10 (7)  Ttime: 1.4812 Vtime: 0.0510
Step: 37700000  Loss: 0.064023 Regul: 0.006598 Obj: 0.070620 (0.052954)  NNZ: 6 (7)  Ttime: 1.4298 Vtime: 0.0515
Step: 37800000  Loss: 0.072296 Regul: 0.008295 Obj: 0.080591 (0.052954)  NNZ: 15 (7)  Ttime: 1.4286 Vtime: 0.0515
Step: 37900000  Loss: 0.074484 Regul: 0.007155 Obj: 0.081639 (0.052954)  NNZ: 14 (7)  Ttime: 1.4351 Vtime: 0.0509
Step: 38000000  Loss: 0.076789 Regul: 0.007775 Obj: 0.084564 (0.052954)  NNZ: 15 (7)  Ttime: 1.4273 Vtime: 0.0511
Step: 38100000  Loss: 0.060022 Regul: 0.007910 Obj: 0.067932 (0.052954)  NNZ: 14 (7)  Ttime: 1.4295 Vtime: 0.0517
Step: 38200000  Loss: 0.054904 Regul: 0.005648 Obj: 0.060553 (0.052954)  NNZ: 11 (7)  Ttime: 1.4279 Vtime: 0.0512
Step: 38300000  Loss: 0.051630 Regul: 0.004595 Obj: 0.056225 (0.052954)  NNZ: 11 (7)  Ttime: 1.4378 Vtime: 0.0517
Step: 38400000  Loss: 0.062956 Regul: 0.008328 Obj: 0.071283 (0.052954)  NNZ: 16 (7)  Ttime: 1.4295 Vtime: 0.0511
Step: 38500000  Loss: 0.060409 Regul: 0.002407 Obj: 0.062817 (0.052954)  NNZ: 5 (7)  Ttime: 1.4273 Vtime: 0.0515
Step: 38600000  Loss: 0.066088 Regul: 0.006908 Obj: 0.072996 (0.052954)  NNZ: 14 (7)  Ttime: 1.4293 Vtime: 0.0518
Step: 38700000  Loss: 0.055999 Regul: 0.006530 Obj: 0.062529 (0.052954)  NNZ: 10 (7)  Ttime: 1.4275 Vtime: 0.0514
Step: 38800000  Loss: 0.062868 Regul: 0.008359 Obj: 0.071227 (0.052954)  NNZ: 12 (7)  Ttime: 1.4263 Vtime: 0.0511
Step: 38900000  Loss: 0.060366 Regul: 0.008927 Obj: 0.069293 (0.052954)  NNZ: 15 (7)  Ttime: 1.4289 Vtime: 0.0511
Step: 39000000  Loss: 0.139273 Regul: 0.007067 Obj: 0.146340 (0.052954)  NNZ: 11 (7)  Ttime: 1.4300 Vtime: 0.0514
Step: 39100000  Loss: 0.071892 Regul: 0.007968 Obj: 0.079859 (0.052954)  NNZ: 18 (7)  Ttime: 1.4325 Vtime: 0.0515
Step: 39200000  Loss: 0.062738 Regul: 0.008060 Obj: 0.070798 (0.052954)  NNZ: 11 (7)  Ttime: 1.4278 Vtime: 0.0512
Step: 39300000  Loss: 0.071432 Regul: 0.007211 Obj: 0.078643 (0.052954)  NNZ: 14 (7)  Ttime: 1.4365 Vtime: 0.0509
Step: 39400000  Loss: 0.065622 Regul: 0.009530 Obj: 0.075152 (0.052954)  NNZ: 16 (7)  Ttime: 1.4414 Vtime: 0.0511
Step: 39500000  Loss: 0.055342 Regul: 0.006113 Obj: 0.061455 (0.052954)  NNZ: 12 (7)  Ttime: 1.4259 Vtime: 0.0515
Step: 39600000  Loss: 0.064913 Regul: 0.009337 Obj: 0.074250 (0.052954)  NNZ: 16 (7)  Ttime: 1.4318 Vtime: 0.0509
Step: 39700000  Loss: 0.065842 Regul: 0.005958 Obj: 0.071800 (0.052954)  NNZ: 18 (7)  Ttime: 1.4235 Vtime: 0.0518
Step: 39800000  Loss: 0.059767 Regul: 0.007856 Obj: 0.067624 (0.052954)  NNZ: 13 (7)  Ttime: 1.4313 Vtime: 0.0515
Step: 39900000  Loss: 0.078074 Regul: 0.002800 Obj: 0.080875 (0.052954)  NNZ: 7 (7)  Ttime: 1.4284 Vtime: 0.0511
Step: 40000000  Loss: 0.067246 Regul: 0.009275 Obj: 0.076521 (0.052954)  NNZ: 12 (7)  Ttime: 1.4267 Vtime: 0.0513
Step: 40100000  Loss: 0.071495 Regul: 0.009589 Obj: 0.081083 (0.052954)  NNZ: 13 (7)  Ttime: 1.4387 Vtime: 0.0514
Step: 40200000  Loss: 0.081425 Regul: 0.013397 Obj: 0.094822 (0.052954)  NNZ: 20 (7)  Ttime: 1.4260 Vtime: 0.0511
Step: 40300000  Loss: 0.064055 Regul: 0.006862 Obj: 0.070917 (0.052954)  NNZ: 10 (7)  Ttime: 1.4372 Vtime: 0.0514
Step: 40400000  Loss: 0.055202 Regul: 0.006318 Obj: 0.061520 (0.052954)  NNZ: 11 (7)  Ttime: 1.4280 Vtime: 0.0515
Step: 40500000  Loss: 0.057496 Regul: 0.006830 Obj: 0.064326 (0.052954)  NNZ: 16 (7)  Ttime: 1.4441 Vtime: 0.0511
Step: 40600000  Loss: 0.063290 Regul: 0.005792 Obj: 0.069083 (0.052954)  NNZ: 10 (7)  Ttime: 1.4291 Vtime: 0.0520
Step: 40700000  Loss: 0.065409 Regul: 0.008440 Obj: 0.073849 (0.052954)  NNZ: 12 (7)  Ttime: 1.4302 Vtime: 0.0515
Step: 40800000  Loss: 0.059185 Regul: 0.006832 Obj: 0.066017 (0.052954)  NNZ: 10 (7)  Ttime: 1.4285 Vtime: 0.0520
Step: 40900000  Loss: 0.061484 Regul: 0.008197 Obj: 0.069681 (0.052954)  NNZ: 14 (7)  Ttime: 1.4298 Vtime: 0.0507
Step: 41000000  Loss: 0.067982 Regul: 0.006373 Obj: 0.074355 (0.052954)  NNZ: 11 (7)  Ttime: 1.4292 Vtime: 0.0517
Step: 41100000  Loss: 0.068450 Regul: 0.010505 Obj: 0.078955 (0.052954)  NNZ: 15 (7)  Ttime: 1.4266 Vtime: 0.0521
Step: 41200000  Loss: 0.060207 Regul: 0.006698 Obj: 0.066905 (0.052954)  NNZ: 9 (7)  Ttime: 1.4327 Vtime: 0.0509
Step: 41300000  Loss: 0.061615 Regul: 0.007069 Obj: 0.068685 (0.052954)  NNZ: 10 (7)  Ttime: 1.4286 Vtime: 0.0515
Step: 41400000  Loss: 0.056802 Regul: 0.006080 Obj: 0.062883 (0.052954)  NNZ: 9 (7)  Ttime: 1.4289 Vtime: 0.0514
Step: 41500000  Loss: 0.079008 Regul: 0.005194 Obj: 0.084202 (0.052954)  NNZ: 10 (7)  Ttime: 1.4280 Vtime: 0.0522
Step: 41600000  Loss: 0.074395 Regul: 0.008156 Obj: 0.082550 (0.052954)  NNZ: 9 (7)  Ttime: 1.4264 Vtime: 0.0508
Step: 41700000  Loss: 0.063585 Regul: 0.007162 Obj: 0.070747 (0.052954)  NNZ: 11 (7)  Ttime: 1.4343 Vtime: 0.0511
Step: 41800000  Loss: 0.060799 Regul: 0.007522 Obj: 0.068321 (0.052954)  NNZ: 12 (7)  Ttime: 1.4360 Vtime: 0.0514
Step: 41900000  Loss: 0.063151 Regul: 0.009443 Obj: 0.072594 (0.052954)  NNZ: 17 (7)  Ttime: 1.4296 Vtime: 0.0513
Step: 42000000  Loss: 0.065083 Regul: 0.006921 Obj: 0.072005 (0.052954)  NNZ: 12 (7)  Ttime: 1.4406 Vtime: 0.0519
Step: 42100000  Loss: 0.072540 Regul: 0.009124 Obj: 0.081664 (0.052954)  NNZ: 18 (7)  Ttime: 1.4304 Vtime: 0.0516
Step: 42200000  Loss: 0.064924 Regul: 0.007690 Obj: 0.072614 (0.052954)  NNZ: 13 (7)  Ttime: 1.4291 Vtime: 0.0520
Step: 42300000  Loss: 0.072271 Regul: 0.007908 Obj: 0.080178 (0.052954)  NNZ: 14 (7)  Ttime: 1.4420 Vtime: 0.0517
Step: 42400000  Loss: 0.052848 Regul: 0.006122 Obj: 0.058970 (0.052954)  NNZ: 11 (7)  Ttime: 1.4258 Vtime: 0.0515
Step: 42500000  Loss: 0.062047 Regul: 0.004872 Obj: 0.066919 (0.052954)  NNZ: 10 (7)  Ttime: 1.4215 Vtime: 0.0512
Step: 42600000  Loss: 0.067660 Regul: 0.010300 Obj: 0.077961 (0.052954)  NNZ: 17 (7)  Ttime: 1.4266 Vtime: 0.0514
Step: 42700000  Loss: 0.057575 Regul: 0.007327 Obj: 0.064901 (0.052954)  NNZ: 13 (7)  Ttime: 1.4244 Vtime: 0.0510
Step: 42800000  Loss: 0.065904 Regul: 0.010022 Obj: 0.075926 (0.052954)  NNZ: 15 (7)  Ttime: 1.4260 Vtime: 0.0521
Step: 42900000  Loss: 0.062435 Regul: 0.006536 Obj: 0.068971 (0.052954)  NNZ: 9 (7)  Ttime: 1.4267 Vtime: 0.0521
Step: 43000000  Loss: 0.059478 Regul: 0.007079 Obj: 0.066557 (0.052954)  NNZ: 16 (7)  Ttime: 1.4680 Vtime: 0.0519
Step: 43100000  Loss: 0.075830 Regul: 0.007814 Obj: 0.083644 (0.052954)  NNZ: 13 (7)  Ttime: 1.4352 Vtime: 0.0517
Step: 43200000  Loss: 0.067523 Regul: 0.009453 Obj: 0.076977 (0.052954)  NNZ: 21 (7)  Ttime: 1.4355 Vtime: 0.0516
Step: 43300000  Loss: 0.055063 Regul: 0.007045 Obj: 0.062108 (0.052954)  NNZ: 14 (7)  Ttime: 1.4308 Vtime: 0.0513
Step: 43400000  Loss: 0.053994 Regul: 0.005696 Obj: 0.059690 (0.052954)  NNZ: 7 (7)  Ttime: 1.4371 Vtime: 0.0517
Step: 43500000  Loss: 0.060625 Regul: 0.006273 Obj: 0.066898 (0.052954)  NNZ: 12 (7)  Ttime: 1.4330 Vtime: 0.0511
Step: 43600000  Loss: 0.064221 Regul: 0.008123 Obj: 0.072343 (0.052954)  NNZ: 12 (7)  Ttime: 1.4341 Vtime: 0.0518
Step: 43700000  Loss: 0.082199 Regul: 0.014351 Obj: 0.096550 (0.052954)  NNZ: 20 (7)  Ttime: 1.4379 Vtime: 0.0511
Step: 43800000  Loss: 0.055413 Regul: 0.006434 Obj: 0.061848 (0.052954)  NNZ: 12 (7)  Ttime: 1.4361 Vtime: 0.0514
Step: 43900000  Loss: 0.050392 Regul: 0.004125 Obj: 0.054517 (0.052954)  NNZ: 11 (7)  Ttime: 1.4336 Vtime: 0.0514
Step: 44000000  Loss: 0.070168 Regul: 0.009442 Obj: 0.079610 (0.052954)  NNZ: 16 (7)  Ttime: 1.4367 Vtime: 0.0518
Step: 44100000  Loss: 0.068438 Regul: 0.006433 Obj: 0.074871 (0.052954)  NNZ: 10 (7)  Ttime: 1.4324 Vtime: 0.0514
Step: 44200000  Loss: 0.059233 Regul: 0.008412 Obj: 0.067645 (0.052954)  NNZ: 14 (7)  Ttime: 1.4366 Vtime: 0.0518
Step: 44300000  Loss: 0.070991 Regul: 0.008612 Obj: 0.079603 (0.052954)  NNZ: 15 (7)  Ttime: 1.4405 Vtime: 0.0519
Step: 44400000  Loss: 0.066979 Regul: 0.010236 Obj: 0.077215 (0.052954)  NNZ: 14 (7)  Ttime: 1.4360 Vtime: 0.0515
Step: 44500000  Loss: 0.058431 Regul: 0.005956 Obj: 0.064387 (0.052954)  NNZ: 14 (7)  Ttime: 1.4362 Vtime: 0.0512
Step: 44600000  Loss: 0.063952 Regul: 0.006875 Obj: 0.070827 (0.052954)  NNZ: 19 (7)  Ttime: 1.4345 Vtime: 0.0517
Step: 44700000  Loss: 0.065734 Regul: 0.007306 Obj: 0.073040 (0.052954)  NNZ: 17 (7)  Ttime: 1.4391 Vtime: 0.0508
Step: 44800000  Loss: 0.090728 Regul: 0.011456 Obj: 0.102184 (0.052954)  NNZ: 24 (7)  Ttime: 1.4359 Vtime: 0.0514
Step: 44900000  Loss: 0.062984 Regul: 0.007914 Obj: 0.070897 (0.052954)  NNZ: 15 (7)  Ttime: 1.4435 Vtime: 0.0516
Step: 45000000  Loss: 0.067603 Regul: 0.007826 Obj: 0.075429 (0.052954)  NNZ: 17 (7)  Ttime: 1.4331 Vtime: 0.0510
Step: 45100000  Loss: 0.056631 Regul: 0.004065 Obj: 0.060695 (0.052954)  NNZ: 9 (7)  Ttime: 1.4437 Vtime: 0.0515
Step: 45200000  Loss: 0.067848 Regul: 0.010168 Obj: 0.078017 (0.052954)  NNZ: 15 (7)  Ttime: 1.4378 Vtime: 0.0514
Step: 45300000  Loss: 0.085195 Regul: 0.013597 Obj: 0.098793 (0.052954)  NNZ: 22 (7)  Ttime: 1.4372 Vtime: 0.0516
Step: 45400000  Loss: 0.070600 Regul: 0.010630 Obj: 0.081230 (0.052954)  NNZ: 18 (7)  Ttime: 1.4350 Vtime: 0.0516
Step: 45500000  Loss: 0.058551 Regul: 0.007426 Obj: 0.065977 (0.052954)  NNZ: 11 (7)  Ttime: 1.4445 Vtime: 0.0515
Step: 45600000  Loss: 0.052138 Regul: 0.005468 Obj: 0.057606 (0.052954)  NNZ: 9 (7)  Ttime: 1.4373 Vtime: 0.0509
Step: 45700000  Loss: 0.067729 Regul: 0.008977 Obj: 0.076706 (0.052954)  NNZ: 14 (7)  Ttime: 1.4440 Vtime: 0.0523
Step: 45800000  Loss: 0.075440 Regul: 0.009938 Obj: 0.085378 (0.052954)  NNZ: 16 (7)  Ttime: 1.4351 Vtime: 0.0512
Step: 45900000  Loss: 0.059845 Regul: 0.005627 Obj: 0.065472 (0.052954)  NNZ: 14 (7)  Ttime: 1.4397 Vtime: 0.0520
Step: 46000000  Loss: 0.132705 Regul: 0.003551 Obj: 0.136257 (0.052954)  NNZ: 13 (7)  Ttime: 1.4447 Vtime: 0.0516
Step: 46100000  Loss: 0.088369 Regul: 0.006366 Obj: 0.094735 (0.052954)  NNZ: 12 (7)  Ttime: 1.4452 Vtime: 0.0513
Step: 46200000  Loss: 0.062552 Regul: 0.007291 Obj: 0.069844 (0.052954)  NNZ: 14 (7)  Ttime: 1.4340 Vtime: 0.0514
Step: 46300000  Loss: 0.070933 Regul: 0.006517 Obj: 0.077450 (0.052954)  NNZ: 13 (7)  Ttime: 1.4464 Vtime: 0.0518
Step: 46400000  Loss: 0.053328 Regul: 0.004669 Obj: 0.057997 (0.052954)  NNZ: 9 (7)  Ttime: 1.4350 Vtime: 0.0519
Step: 46500000  Loss: 0.093326 Regul: 0.011495 Obj: 0.104821 (0.052954)  NNZ: 20 (7)  Ttime: 1.4322 Vtime: 0.0512
Step: 46600000  Loss: 0.057020 Regul: 0.006528 Obj: 0.063548 (0.052954)  NNZ: 10 (7)  Ttime: 1.4350 Vtime: 0.0520
Step: 46700000  Loss: 0.076228 Regul: 0.008746 Obj: 0.084974 (0.052954)  NNZ: 13 (7)  Ttime: 1.4395 Vtime: 0.0513
Step: 46800000  Loss: 0.056015 Regul: 0.004941 Obj: 0.060956 (0.052954)  NNZ: 9 (7)  Ttime: 1.4601 Vtime: 0.0516
Step: 46900000  Loss: 0.070503 Regul: 0.007334 Obj: 0.077837 (0.052954)  NNZ: 12 (7)  Ttime: 1.4486 Vtime: 0.0519
Step: 47000000  Loss: 0.065121 Regul: 0.010006 Obj: 0.075127 (0.052954)  NNZ: 13 (7)  Ttime: 1.4314 Vtime: 0.0513
Step: 47100000  Loss: 0.074141 Regul: 0.010424 Obj: 0.084565 (0.052954)  NNZ: 16 (7)  Ttime: 1.4387 Vtime: 0.0513
Step: 47200000  Loss: 0.060491 Regul: 0.008851 Obj: 0.069342 (0.052954)  NNZ: 14 (7)  Ttime: 1.4423 Vtime: 0.0515
Step: 47300000  Loss: 0.070664 Regul: 0.011035 Obj: 0.081699 (0.052954)  NNZ: 20 (7)  Ttime: 1.4465 Vtime: 0.0516
Step: 47400000  Loss: 0.056850 Regul: 0.006368 Obj: 0.063218 (0.052954)  NNZ: 12 (7)  Ttime: 1.4376 Vtime: 0.0514
Step: 47500000  Loss: 0.074812 Regul: 0.002972 Obj: 0.077785 (0.052954)  NNZ: 6 (7)  Ttime: 1.4481 Vtime: 0.0508
Step: 47600000  Loss: 0.082315 Regul: 0.011842 Obj: 0.094157 (0.052954)  NNZ: 20 (7)  Ttime: 1.4326 Vtime: 0.0509
Step: 47700000  Loss: 0.063064 Regul: 0.009041 Obj: 0.072105 (0.052954)  NNZ: 19 (7)  Ttime: 1.4370 Vtime: 0.0513
Step: 47800000  Loss: 0.066396 Regul: 0.008517 Obj: 0.074913 (0.052954)  NNZ: 11 (7)  Ttime: 1.4405 Vtime: 0.0514
Step: 47900000  Loss: 0.071339 Regul: 0.011259 Obj: 0.082597 (0.052954)  NNZ: 21 (7)  Ttime: 1.4385 Vtime: 0.0513
Step: 48000000  Loss: 0.066352 Regul: 0.006899 Obj: 0.073252 (0.052954)  NNZ: 13 (7)  Ttime: 1.4305 Vtime: 0.0523
Step: 48100000  Loss: 0.061770 Regul: 0.004529 Obj: 0.066299 (0.052954)  NNZ: 10 (7)  Ttime: 1.4343 Vtime: 0.0516
Step: 48200000  Loss: 0.058121 Regul: 0.006080 Obj: 0.064201 (0.052954)  NNZ: 11 (7)  Ttime: 1.4336 Vtime: 0.0509
Step: 48300000  Loss: 0.060478 Regul: 0.007390 Obj: 0.067868 (0.052954)  NNZ: 11 (7)  Ttime: 1.4449 Vtime: 0.0515
Step: 48400000  Loss: 0.063877 Regul: 0.006228 Obj: 0.070105 (0.052954)  NNZ: 14 (7)  Ttime: 1.4349 Vtime: 0.0514
Step: 48500000  Loss: 0.074122 Regul: 0.007101 Obj: 0.081223 (0.052954)  NNZ: 15 (7)  Ttime: 1.4344 Vtime: 0.0514
Step: 48600000  Loss: 0.059864 Regul: 0.005792 Obj: 0.065656 (0.052954)  NNZ: 11 (7)  Ttime: 1.4384 Vtime: 0.0515
Step: 48700000  Loss: 0.059886 Regul: 0.005178 Obj: 0.065064 (0.052954)  NNZ: 16 (7)  Ttime: 1.4319 Vtime: 0.0517
Step: 48800000  Loss: 0.060462 Regul: 0.008674 Obj: 0.069137 (0.052954)  NNZ: 21 (7)  Ttime: 1.4337 Vtime: 0.0520
Step: 48900000  Loss: 0.061895 Regul: 0.007500 Obj: 0.069395 (0.052954)  NNZ: 15 (7)  Ttime: 1.4404 Vtime: 0.0515
Step: 49000000  Loss: 0.058974 Regul: 0.007391 Obj: 0.066365 (0.052954)  NNZ: 18 (7)  Ttime: 1.4436 Vtime: 0.0515
Step: 49100000  Loss: 0.066185 Regul: 0.006013 Obj: 0.072198 (0.052954)  NNZ: 11 (7)  Ttime: 1.4414 Vtime: 0.0509
Step: 49200000  Loss: 0.055436 Regul: 0.007599 Obj: 0.063034 (0.052954)  NNZ: 14 (7)  Ttime: 1.4554 Vtime: 0.0514
Step: 49300000  Loss: 0.073931 Regul: 0.009106 Obj: 0.083037 (0.052954)  NNZ: 14 (7)  Ttime: 1.4378 Vtime: 0.0510
Step: 49400000  Loss: 0.055045 Regul: 0.007126 Obj: 0.062171 (0.052954)  NNZ: 17 (7)  Ttime: 1.4323 Vtime: 0.0520
Step: 49500000  Loss: 0.057434 Regul: 0.008391 Obj: 0.065825 (0.052954)  NNZ: 14 (7)  Ttime: 1.4417 Vtime: 0.0513
Step: 49600000  Loss: 0.063669 Regul: 0.009863 Obj: 0.073532 (0.052954)  NNZ: 20 (7)  Ttime: 1.4361 Vtime: 0.0515
Step: 49700000  Loss: 0.059048 Regul: 0.004807 Obj: 0.063856 (0.052954)  NNZ: 10 (7)  Ttime: 1.4514 Vtime: 0.0516
Step: 49800000  Loss: 0.056848 Regul: 0.006743 Obj: 0.063591 (0.052954)  NNZ: 12 (7)  Ttime: 1.4473 Vtime: 0.0509
Step: 49900000  Loss: 0.062773 Regul: 0.003964 Obj: 0.066737 (0.052954)  NNZ: 13 (7)  Ttime: 1.4396 Vtime: 0.0523
Step: 50000000  Loss: 0.068393 Regul: 0.006329 Obj: 0.074723 (0.052954)  NNZ: 10 (7)  Ttime: 1.4361 Vtime: 0.0522
