mu: 0.04 gamma: 0.01 nIters: 50000000
Load PRParams.
Load RingParams.
Load Labels: 500000
Load Distances: 500000 x 5120
0...10...20...30...40...50...60...70...80...90...100 - done.
Positive samples #250000
Negative samples #250000
Positive train #200000
Negative train #200000
Positive valid #50000
Negative valid #50000

Found GPU: GeForce GTX 970
Compute Capability: 5.2

Best: 100000  Loss: 0.130715 Regul: 0.039854 Obj: 0.170569 (0.170569)  NNZ: 1 (1)  Ttime: 1.3889 Vtime: 0.2193
Stat: nPR #8 (#8) Dim/MaxDim [64/640] AUC: 0.967718 FPR95: 19.12 [saved]
Step: 200000  Loss: 2.044963 Regul: 1.371992 Obj: 3.416955 (0.170569)  NNZ: 14 (1)  Ttime: 1.3955 Vtime: 0.0517
Step: 300000  Loss: 0.492054 Regul: 0.262822 Obj: 0.754877 (0.170569)  NNZ: 7 (1)  Ttime: 1.3934 Vtime: 0.0516
Step: 400000  Loss: 0.260804 Regul: 0.124971 Obj: 0.385774 (0.170569)  NNZ: 3 (1)  Ttime: 1.4060 Vtime: 0.0515
Step: 500000  Loss: 0.144976 Regul: 0.060498 Obj: 0.205474 (0.170569)  NNZ: 2 (1)  Ttime: 1.3940 Vtime: 0.0508
Step: 600000  Loss: 0.788625 Regul: 0.508594 Obj: 1.297218 (0.170569)  NNZ: 13 (1)  Ttime: 1.3908 Vtime: 0.0508
Step: 700000  Loss: 0.740285 Regul: 0.399160 Obj: 1.139445 (0.170569)  NNZ: 12 (1)  Ttime: 1.3965 Vtime: 0.0512
Step: 800000  Loss: 0.333107 Regul: 0.196641 Obj: 0.529747 (0.170569)  NNZ: 9 (1)  Ttime: 1.3920 Vtime: 0.0509
Step: 900000  Loss: 0.246914 Regul: 0.059756 Obj: 0.306670 (0.170569)  NNZ: 2 (1)  Ttime: 1.3928 Vtime: 0.0518
Step: 1000000  Loss: 0.259491 Regul: 0.120908 Obj: 0.380400 (0.170569)  NNZ: 4 (1)  Ttime: 1.3935 Vtime: 0.0518
Step: 1100000  Loss: 0.324144 Regul: 0.079648 Obj: 0.403792 (0.170569)  NNZ: 3 (1)  Ttime: 1.3956 Vtime: 0.0515
Step: 1200000  Loss: 0.557898 Regul: 0.343437 Obj: 0.901336 (0.170569)  NNZ: 9 (1)  Ttime: 1.3940 Vtime: 0.0513
Step: 1300000  Loss: 0.345839 Regul: 0.257285 Obj: 0.603124 (0.170569)  NNZ: 10 (1)  Ttime: 1.3896 Vtime: 0.0521
Step: 1400000  Loss: 0.405100 Regul: 0.179863 Obj: 0.584963 (0.170569)  NNZ: 5 (1)  Ttime: 1.4441 Vtime: 0.0515
Step: 1500000  Loss: 0.327372 Regul: 0.221172 Obj: 0.548543 (0.170569)  NNZ: 8 (1)  Ttime: 1.4049 Vtime: 0.0508
Best: 1600000  Loss: 0.100299 Regul: 0.030352 Obj: 0.130651 (0.130651)  NNZ: 3 (3)  Ttime: 1.3968 Vtime: 0.0514
Stat: nPR #24 (#24) Dim/MaxDim [192/640] AUC: 0.970828 FPR95: 16.40 [saved]
Step: 1700000  Loss: 0.166975 Regul: 0.024531 Obj: 0.191507 (0.130651)  NNZ: 1 (3)  Ttime: 1.4491 Vtime: 0.0522
Step: 1800000  Loss: 0.158010 Regul: 0.066367 Obj: 0.224377 (0.130651)  NNZ: 4 (3)  Ttime: 1.4614 Vtime: 0.0517
Step: 1900000  Loss: 0.169274 Regul: 0.059434 Obj: 0.228707 (0.130651)  NNZ: 4 (3)  Ttime: 1.4008 Vtime: 0.0520
Step: 2000000  Loss: 0.226568 Regul: 0.122930 Obj: 0.349497 (0.130651)  NNZ: 6 (3)  Ttime: 1.4386 Vtime: 0.0518
Step: 2100000  Loss: 0.261671 Regul: 0.083711 Obj: 0.345382 (0.130651)  NNZ: 4 (3)  Ttime: 1.4013 Vtime: 0.0518
Best: 2200000  Loss: 0.084191 Regul: 0.022207 Obj: 0.106398 (0.106398)  NNZ: 2 (2)  Ttime: 1.3983 Vtime: 0.0515
Stat: nPR #16 (#16) Dim/MaxDim [128/640] AUC: 0.971000 FPR95: 16.23 [saved]
Step: 2300000  Loss: 0.361226 Regul: 0.198887 Obj: 0.560113 (0.106398)  NNZ: 6 (2)  Ttime: 1.3927 Vtime: 0.0516
Step: 2400000  Loss: 0.216799 Regul: 0.160898 Obj: 0.377697 (0.106398)  NNZ: 8 (2)  Ttime: 1.3950 Vtime: 0.0513
Step: 2500000  Loss: 0.252869 Regul: 0.118945 Obj: 0.371815 (0.106398)  NNZ: 7 (2)  Ttime: 1.4083 Vtime: 0.0516
Step: 2600000  Loss: 0.349365 Regul: 0.173125 Obj: 0.522490 (0.106398)  NNZ: 7 (2)  Ttime: 1.3951 Vtime: 0.0522
Step: 2700000  Loss: 0.520079 Regul: 0.359922 Obj: 0.880001 (0.106398)  NNZ: 15 (2)  Ttime: 1.3952 Vtime: 0.0511
Step: 2800000  Loss: 0.175377 Regul: 0.103652 Obj: 0.279030 (0.106398)  NNZ: 6 (2)  Ttime: 1.3905 Vtime: 0.0512
Step: 2900000  Loss: 0.471597 Regul: 0.154355 Obj: 0.625952 (0.106398)  NNZ: 7 (2)  Ttime: 1.3960 Vtime: 0.0517
Step: 3000000  Loss: 0.073698 Regul: 0.033008 Obj: 0.106705 (0.106398)  NNZ: 4 (2)  Ttime: 1.3905 Vtime: 0.0516
Step: 3100000  Loss: 0.228485 Regul: 0.087051 Obj: 0.315535 (0.106398)  NNZ: 4 (2)  Ttime: 1.3924 Vtime: 0.0514
Step: 3200000  Loss: 0.323943 Regul: 0.093008 Obj: 0.416951 (0.106398)  NNZ: 5 (2)  Ttime: 1.3925 Vtime: 0.0516
Step: 3300000  Loss: 0.130929 Regul: 0.066484 Obj: 0.197413 (0.106398)  NNZ: 5 (2)  Ttime: 1.3927 Vtime: 0.0515
Step: 3400000  Loss: 0.215182 Regul: 0.076641 Obj: 0.291822 (0.106398)  NNZ: 3 (2)  Ttime: 1.3942 Vtime: 0.0511
Step: 3500000  Loss: 0.220713 Regul: 0.112852 Obj: 0.333565 (0.106398)  NNZ: 7 (2)  Ttime: 1.3938 Vtime: 0.0517
Best: 3600000  Loss: 0.064952 Regul: 0.029453 Obj: 0.094405 (0.094405)  NNZ: 4 (4)  Ttime: 1.3944 Vtime: 0.0517
Stat: nPR #32 (#32) Dim/MaxDim [256/640] AUC: 0.979616 FPR95: 8.92 [saved]
Step: 3700000  Loss: 0.195699 Regul: 0.093555 Obj: 0.289253 (0.094405)  NNZ: 5 (4)  Ttime: 1.3931 Vtime: 0.0513
Step: 3800000  Loss: 0.111961 Regul: 0.041445 Obj: 0.153406 (0.094405)  NNZ: 4 (4)  Ttime: 1.3923 Vtime: 0.0515
Step: 3900000  Loss: 0.122658 Regul: 0.058125 Obj: 0.180783 (0.094405)  NNZ: 5 (4)  Ttime: 1.3956 Vtime: 0.0521
Step: 4000000  Loss: 0.870244 Regul: 0.147559 Obj: 1.017802 (0.094405)  NNZ: 8 (4)  Ttime: 1.3942 Vtime: 0.0518
Step: 4100000  Loss: 0.227565 Regul: 0.098926 Obj: 0.326491 (0.094405)  NNZ: 9 (4)  Ttime: 1.3984 Vtime: 0.0510
Best: 4200000  Loss: 0.066363 Regul: 0.020820 Obj: 0.087183 (0.087183)  NNZ: 4 (4)  Ttime: 1.3940 Vtime: 0.0512
Stat: nPR #24 (#32) Dim/MaxDim [192/640] AUC: 0.976060 FPR95: 13.32 [saved]
Step: 4300000  Loss: 0.087938 Regul: 0.038281 Obj: 0.126219 (0.087183)  NNZ: 4 (4)  Ttime: 1.3909 Vtime: 0.0520
Step: 4400000  Loss: 0.116863 Regul: 0.054766 Obj: 0.171628 (0.087183)  NNZ: 5 (4)  Ttime: 1.3933 Vtime: 0.0511
Step: 4500000  Loss: 0.139196 Regul: 0.082227 Obj: 0.221422 (0.087183)  NNZ: 6 (4)  Ttime: 1.3895 Vtime: 0.0510
Step: 4600000  Loss: 0.451898 Regul: 0.223828 Obj: 0.675726 (0.087183)  NNZ: 10 (4)  Ttime: 1.3900 Vtime: 0.0518
Step: 4700000  Loss: 0.133326 Regul: 0.053555 Obj: 0.186881 (0.087183)  NNZ: 5 (4)  Ttime: 1.4344 Vtime: 0.0511
Step: 4800000  Loss: 0.334881 Regul: 0.120977 Obj: 0.455857 (0.087183)  NNZ: 6 (4)  Ttime: 1.4009 Vtime: 0.0515
Step: 4900000  Loss: 0.078364 Regul: 0.034844 Obj: 0.113208 (0.087183)  NNZ: 4 (4)  Ttime: 1.3971 Vtime: 0.0509
Step: 5000000  Loss: 0.083820 Regul: 0.025195 Obj: 0.109015 (0.087183)  NNZ: 2 (4)  Ttime: 1.3967 Vtime: 0.0516
Step: 5100000  Loss: 0.125042 Regul: 0.045352 Obj: 0.170394 (0.087183)  NNZ: 5 (4)  Ttime: 1.3997 Vtime: 0.0519
Step: 5200000  Loss: 2.321828 Regul: 0.210352 Obj: 2.532179 (0.087183)  NNZ: 10 (4)  Ttime: 1.4060 Vtime: 0.0516
Step: 5300000  Loss: 0.123048 Regul: 0.063203 Obj: 0.186251 (0.087183)  NNZ: 5 (4)  Ttime: 1.3989 Vtime: 0.0525
Step: 5400000  Loss: 0.133255 Regul: 0.078320 Obj: 0.211575 (0.087183)  NNZ: 6 (4)  Ttime: 1.3964 Vtime: 0.0516
Step: 5500000  Loss: 0.170636 Regul: 0.109687 Obj: 0.280323 (0.087183)  NNZ: 6 (4)  Ttime: 1.3959 Vtime: 0.0513
Step: 5600000  Loss: 0.170821 Regul: 0.091094 Obj: 0.261915 (0.087183)  NNZ: 6 (4)  Ttime: 1.3974 Vtime: 0.0512
Step: 5700000  Loss: 0.574572 Regul: 0.204609 Obj: 0.779181 (0.087183)  NNZ: 13 (4)  Ttime: 1.3993 Vtime: 0.0510
Step: 5800000  Loss: 0.165991 Regul: 0.099492 Obj: 0.265484 (0.087183)  NNZ: 10 (4)  Ttime: 1.3977 Vtime: 0.0515
Step: 5900000  Loss: 0.136189 Regul: 0.100313 Obj: 0.236502 (0.087183)  NNZ: 8 (4)  Ttime: 1.3971 Vtime: 0.0513
Step: 6000000  Loss: 0.194367 Regul: 0.145430 Obj: 0.339797 (0.087183)  NNZ: 10 (4)  Ttime: 1.4035 Vtime: 0.0517
Step: 6100000  Loss: 0.134688 Regul: 0.053750 Obj: 0.188438 (0.087183)  NNZ: 6 (4)  Ttime: 1.4060 Vtime: 0.0514
Step: 6200000  Loss: 0.067487 Regul: 0.035781 Obj: 0.103268 (0.087183)  NNZ: 5 (4)  Ttime: 1.3966 Vtime: 0.0510
Step: 6300000  Loss: 0.200608 Regul: 0.091875 Obj: 0.292483 (0.087183)  NNZ: 8 (4)  Ttime: 1.3989 Vtime: 0.0511
Step: 6400000  Loss: 0.147054 Regul: 0.099570 Obj: 0.246624 (0.087183)  NNZ: 6 (4)  Ttime: 1.4013 Vtime: 0.0516
Step: 6500000  Loss: 0.096108 Regul: 0.014102 Obj: 0.110209 (0.087183)  NNZ: 2 (4)  Ttime: 1.3986 Vtime: 0.0512
Step: 6600000  Loss: 0.122360 Regul: 0.035742 Obj: 0.158102 (0.087183)  NNZ: 4 (4)  Ttime: 1.3959 Vtime: 0.0519
Step: 6700000  Loss: 0.105538 Regul: 0.027070 Obj: 0.132609 (0.087183)  NNZ: 5 (4)  Ttime: 1.4139 Vtime: 0.0520
Step: 6800000  Loss: 0.133416 Regul: 0.076836 Obj: 0.210252 (0.087183)  NNZ: 8 (4)  Ttime: 1.4000 Vtime: 0.0513
Step: 6900000  Loss: 0.129011 Regul: 0.057773 Obj: 0.186785 (0.087183)  NNZ: 4 (4)  Ttime: 1.3998 Vtime: 0.0511
Step: 7000000  Loss: 0.102335 Regul: 0.061484 Obj: 0.163820 (0.087183)  NNZ: 7 (4)  Ttime: 1.3971 Vtime: 0.0514
Step: 7100000  Loss: 0.131617 Regul: 0.025234 Obj: 0.156851 (0.087183)  NNZ: 3 (4)  Ttime: 1.4054 Vtime: 0.0516
Step: 7200000  Loss: 0.125735 Regul: 0.045508 Obj: 0.171243 (0.087183)  NNZ: 5 (4)  Ttime: 1.3984 Vtime: 0.0510
Step: 7300000  Loss: 0.138486 Regul: 0.073047 Obj: 0.211533 (0.087183)  NNZ: 8 (4)  Ttime: 1.3968 Vtime: 0.0517
Step: 7400000  Loss: 0.142901 Regul: 0.064258 Obj: 0.207159 (0.087183)  NNZ: 5 (4)  Ttime: 1.4064 Vtime: 0.0512
Step: 7500000  Loss: 0.100387 Regul: 0.043320 Obj: 0.143707 (0.087183)  NNZ: 4 (4)  Ttime: 1.4085 Vtime: 0.0526
Step: 7600000  Loss: 0.160307 Regul: 0.095000 Obj: 0.255307 (0.087183)  NNZ: 6 (4)  Ttime: 1.3973 Vtime: 0.0511
Step: 7700000  Loss: 0.072186 Regul: 0.039570 Obj: 0.111757 (0.087183)  NNZ: 5 (4)  Ttime: 1.3965 Vtime: 0.0512
Step: 7800000  Loss: 0.261057 Regul: 0.121094 Obj: 0.382151 (0.087183)  NNZ: 5 (4)  Ttime: 1.3974 Vtime: 0.0512
Step: 7900000  Loss: 0.121869 Regul: 0.074687 Obj: 0.196556 (0.087183)  NNZ: 12 (4)  Ttime: 1.3987 Vtime: 0.0509
Step: 8000000  Loss: 0.113199 Regul: 0.074102 Obj: 0.187301 (0.087183)  NNZ: 6 (4)  Ttime: 1.4020 Vtime: 0.0514
Step: 8100000  Loss: 0.179274 Regul: 0.141875 Obj: 0.321149 (0.087183)  NNZ: 9 (4)  Ttime: 1.3979 Vtime: 0.0511
Step: 8200000  Loss: 0.094185 Regul: 0.039180 Obj: 0.133365 (0.087183)  NNZ: 6 (4)  Ttime: 1.3976 Vtime: 0.0507
Step: 8300000  Loss: 0.143968 Regul: 0.106641 Obj: 0.250608 (0.087183)  NNZ: 8 (4)  Ttime: 1.4007 Vtime: 0.0516
Step: 8400000  Loss: 0.167272 Regul: 0.094609 Obj: 0.261882 (0.087183)  NNZ: 5 (4)  Ttime: 1.3948 Vtime: 0.0517
Step: 8500000  Loss: 0.183588 Regul: 0.122969 Obj: 0.306557 (0.087183)  NNZ: 10 (4)  Ttime: 1.3993 Vtime: 0.0533
Step: 8600000  Loss: 0.195191 Regul: 0.136172 Obj: 0.331363 (0.087183)  NNZ: 9 (4)  Ttime: 1.3978 Vtime: 0.0510
Step: 8700000  Loss: 0.101435 Regul: 0.044102 Obj: 0.145537 (0.087183)  NNZ: 5 (4)  Ttime: 1.3990 Vtime: 0.0514
Step: 8800000  Loss: 0.153001 Regul: 0.113008 Obj: 0.266009 (0.087183)  NNZ: 11 (4)  Ttime: 1.3963 Vtime: 0.0515
Step: 8900000  Loss: 0.264142 Regul: 0.201250 Obj: 0.465392 (0.087183)  NNZ: 12 (4)  Ttime: 1.4308 Vtime: 0.0515
Step: 9000000  Loss: 0.098803 Regul: 0.060820 Obj: 0.159623 (0.087183)  NNZ: 5 (4)  Ttime: 1.4950 Vtime: 0.0514
Step: 9100000  Loss: 0.202950 Regul: 0.128516 Obj: 0.331465 (0.087183)  NNZ: 8 (4)  Ttime: 1.4434 Vtime: 0.0519
Step: 9200000  Loss: 0.161376 Regul: 0.076289 Obj: 0.237665 (0.087183)  NNZ: 5 (4)  Ttime: 1.4487 Vtime: 0.0512
Step: 9300000  Loss: 0.080679 Regul: 0.034180 Obj: 0.114859 (0.087183)  NNZ: 5 (4)  Ttime: 1.4168 Vtime: 0.0512
Step: 9400000  Loss: 0.203131 Regul: 0.140352 Obj: 0.343483 (0.087183)  NNZ: 10 (4)  Ttime: 1.4263 Vtime: 0.0514
Step: 9500000  Loss: 0.077916 Regul: 0.031875 Obj: 0.109791 (0.087183)  NNZ: 5 (4)  Ttime: 1.4004 Vtime: 0.0513
Step: 9600000  Loss: 0.197113 Regul: 0.081914 Obj: 0.279027 (0.087183)  NNZ: 7 (4)  Ttime: 1.3956 Vtime: 0.0510
Step: 9700000  Loss: 0.087036 Regul: 0.023867 Obj: 0.110903 (0.087183)  NNZ: 3 (4)  Ttime: 1.4041 Vtime: 0.0519
Step: 9800000  Loss: 0.118721 Regul: 0.085508 Obj: 0.204229 (0.087183)  NNZ: 8 (4)  Ttime: 1.4055 Vtime: 0.0521
Step: 9900000  Loss: 0.176040 Regul: 0.080547 Obj: 0.256587 (0.087183)  NNZ: 12 (4)  Ttime: 1.4018 Vtime: 0.0527
Step: 10000000  Loss: 0.122493 Regul: 0.059883 Obj: 0.182376 (0.087183)  NNZ: 6 (4)  Ttime: 1.3961 Vtime: 0.0508
Best: 10100000  Loss: 0.064307 Regul: 0.018008 Obj: 0.082315 (0.082315)  NNZ: 2 (2)  Ttime: 1.4007 Vtime: 0.0514
Stat: nPR #16 (#16) Dim/MaxDim [128/640] AUC: 0.975999 FPR95: 11.87 [saved]
Step: 10200000  Loss: 0.112368 Regul: 0.061914 Obj: 0.174282 (0.082315)  NNZ: 5 (2)  Ttime: 1.3947 Vtime: 0.0515
Step: 10300000  Loss: 0.135599 Regul: 0.079648 Obj: 0.215247 (0.082315)  NNZ: 13 (2)  Ttime: 1.4161 Vtime: 0.0509
Best: 10400000  Loss: 0.066337 Regul: 0.012031 Obj: 0.078369 (0.078369)  NNZ: 3 (3)  Ttime: 1.3955 Vtime: 0.0517
Stat: nPR #20 (#24) Dim/MaxDim [160/640] AUC: 0.974992 FPR95: 13.84 [saved]
Step: 10500000  Loss: 0.075688 Regul: 0.032227 Obj: 0.107915 (0.078369)  NNZ: 4 (3)  Ttime: 1.4005 Vtime: 0.0518
Step: 10600000  Loss: 0.056667 Regul: 0.023203 Obj: 0.079870 (0.078369)  NNZ: 7 (3)  Ttime: 1.3985 Vtime: 0.0507
Step: 10700000  Loss: 0.191271 Regul: 0.101133 Obj: 0.292404 (0.078369)  NNZ: 10 (3)  Ttime: 1.3983 Vtime: 0.0516
Step: 10800000  Loss: 0.099957 Regul: 0.021211 Obj: 0.121168 (0.078369)  NNZ: 4 (3)  Ttime: 1.3988 Vtime: 0.0511
Step: 10900000  Loss: 0.232848 Regul: 0.095742 Obj: 0.328590 (0.078369)  NNZ: 5 (3)  Ttime: 1.4043 Vtime: 0.0517
Step: 11000000  Loss: 0.084035 Regul: 0.038711 Obj: 0.122746 (0.078369)  NNZ: 5 (3)  Ttime: 1.3988 Vtime: 0.0515
Step: 11100000  Loss: 0.163754 Regul: 0.078516 Obj: 0.242270 (0.078369)  NNZ: 6 (3)  Ttime: 1.4222 Vtime: 0.0519
Step: 11200000  Loss: 0.077286 Regul: 0.035039 Obj: 0.112325 (0.078369)  NNZ: 6 (3)  Ttime: 1.4014 Vtime: 0.0512
Step: 11300000  Loss: 0.079261 Regul: 0.039453 Obj: 0.118714 (0.078369)  NNZ: 5 (3)  Ttime: 1.3995 Vtime: 0.0517
Step: 11400000  Loss: 0.117814 Regul: 0.058516 Obj: 0.176330 (0.078369)  NNZ: 6 (3)  Ttime: 1.4009 Vtime: 0.0513
Step: 11500000  Loss: 0.120371 Regul: 0.072656 Obj: 0.193027 (0.078369)  NNZ: 9 (3)  Ttime: 1.3997 Vtime: 0.0517
Step: 11600000  Loss: 0.104829 Regul: 0.043086 Obj: 0.147914 (0.078369)  NNZ: 4 (3)  Ttime: 1.4116 Vtime: 0.0511
Step: 11700000  Loss: 0.092125 Regul: 0.064141 Obj: 0.156266 (0.078369)  NNZ: 8 (3)  Ttime: 1.3975 Vtime: 0.0515
Step: 11800000  Loss: 0.110036 Regul: 0.049414 Obj: 0.159450 (0.078369)  NNZ: 8 (3)  Ttime: 1.3963 Vtime: 0.0514
Step: 11900000  Loss: 0.108162 Regul: 0.045195 Obj: 0.153358 (0.078369)  NNZ: 6 (3)  Ttime: 1.4000 Vtime: 0.0515
Step: 12000000  Loss: 0.109545 Regul: 0.080586 Obj: 0.190130 (0.078369)  NNZ: 10 (3)  Ttime: 1.3983 Vtime: 0.0515
Step: 12100000  Loss: 0.108535 Regul: 0.055391 Obj: 0.163925 (0.078369)  NNZ: 6 (3)  Ttime: 1.4054 Vtime: 0.0513
Step: 12200000  Loss: 0.894984 Regul: 0.081562 Obj: 0.976547 (0.078369)  NNZ: 6 (3)  Ttime: 1.3961 Vtime: 0.0520
Step: 12300000  Loss: 0.106499 Regul: 0.078672 Obj: 0.185171 (0.078369)  NNZ: 9 (3)  Ttime: 1.3992 Vtime: 0.0507
Step: 12400000  Loss: 0.214954 Regul: 0.018516 Obj: 0.233469 (0.078369)  NNZ: 3 (3)  Ttime: 1.4009 Vtime: 0.0515
Step: 12500000  Loss: 0.457797 Regul: 0.090352 Obj: 0.548149 (0.078369)  NNZ: 7 (3)  Ttime: 1.3977 Vtime: 0.0516
Step: 12600000  Loss: 0.131182 Regul: 0.087773 Obj: 0.218955 (0.078369)  NNZ: 8 (3)  Ttime: 1.4030 Vtime: 0.0520
Step: 12700000  Loss: 0.126290 Regul: 0.084609 Obj: 0.210899 (0.078369)  NNZ: 8 (3)  Ttime: 1.4025 Vtime: 0.0516
Step: 12800000  Loss: 0.102125 Regul: 0.048711 Obj: 0.150836 (0.078369)  NNZ: 5 (3)  Ttime: 1.4000 Vtime: 0.0525
Step: 12900000  Loss: 0.135802 Regul: 0.038477 Obj: 0.174279 (0.078369)  NNZ: 4 (3)  Ttime: 1.4002 Vtime: 0.0516
Step: 13000000  Loss: 0.064651 Regul: 0.017109 Obj: 0.081761 (0.078369)  NNZ: 3 (3)  Ttime: 1.3997 Vtime: 0.0525
Step: 13100000  Loss: 0.124724 Regul: 0.086250 Obj: 0.210974 (0.078369)  NNZ: 12 (3)  Ttime: 1.4005 Vtime: 0.0520
Step: 13200000  Loss: 0.075753 Regul: 0.026445 Obj: 0.102199 (0.078369)  NNZ: 6 (3)  Ttime: 1.4013 Vtime: 0.0520
Step: 13300000  Loss: 0.088116 Regul: 0.033789 Obj: 0.121905 (0.078369)  NNZ: 4 (3)  Ttime: 1.3980 Vtime: 0.0515
Step: 13400000  Loss: 0.112267 Regul: 0.066094 Obj: 0.178360 (0.078369)  NNZ: 9 (3)  Ttime: 1.4004 Vtime: 0.0511
Step: 13500000  Loss: 0.073501 Regul: 0.035547 Obj: 0.109048 (0.078369)  NNZ: 7 (3)  Ttime: 1.4051 Vtime: 0.0520
Step: 13600000  Loss: 0.133540 Regul: 0.020781 Obj: 0.154321 (0.078369)  NNZ: 2 (3)  Ttime: 1.4019 Vtime: 0.0510
Step: 13700000  Loss: 0.097000 Regul: 0.041914 Obj: 0.138914 (0.078369)  NNZ: 4 (3)  Ttime: 1.4008 Vtime: 0.0518
Step: 13800000  Loss: 0.117987 Regul: 0.060039 Obj: 0.178027 (0.078369)  NNZ: 5 (3)  Ttime: 1.3970 Vtime: 0.0517
Best: 13900000  Loss: 0.058674 Regul: 0.017695 Obj: 0.076369 (0.076369)  NNZ: 3 (3)  Ttime: 1.3990 Vtime: 0.0515
Stat: nPR #24 (#24) Dim/MaxDim [192/640] AUC: 0.978315 FPR95: 9.99 [saved]
Step: 14000000  Loss: 0.130824 Regul: 0.074258 Obj: 0.205082 (0.076369)  NNZ: 8 (3)  Ttime: 1.4047 Vtime: 0.0517
Step: 14100000  Loss: 0.095554 Regul: 0.038555 Obj: 0.134109 (0.076369)  NNZ: 5 (3)  Ttime: 1.4007 Vtime: 0.0510
Step: 14200000  Loss: 0.171365 Regul: 0.091133 Obj: 0.262498 (0.076369)  NNZ: 12 (3)  Ttime: 1.3965 Vtime: 0.0521
Step: 14300000  Loss: 0.066222 Regul: 0.016562 Obj: 0.082784 (0.076369)  NNZ: 3 (3)  Ttime: 1.3977 Vtime: 0.0515
Step: 14400000  Loss: 0.073979 Regul: 0.017656 Obj: 0.091635 (0.076369)  NNZ: 4 (3)  Ttime: 1.4158 Vtime: 0.0507
Step: 14500000  Loss: 0.069411 Regul: 0.033477 Obj: 0.102888 (0.076369)  NNZ: 6 (3)  Ttime: 1.3955 Vtime: 0.0510
Step: 14600000  Loss: 0.065601 Regul: 0.013867 Obj: 0.079469 (0.076369)  NNZ: 3 (3)  Ttime: 1.4046 Vtime: 0.0517
Step: 14700000  Loss: 0.066568 Regul: 0.012891 Obj: 0.079459 (0.076369)  NNZ: 3 (3)  Ttime: 1.4000 Vtime: 0.0512
Step: 14800000  Loss: 0.101737 Regul: 0.053828 Obj: 0.155565 (0.076369)  NNZ: 8 (3)  Ttime: 1.4032 Vtime: 0.0511
Step: 14900000  Loss: 0.073256 Regul: 0.040352 Obj: 0.113608 (0.076369)  NNZ: 6 (3)  Ttime: 1.3994 Vtime: 0.0515
Step: 15000000  Loss: 0.098469 Regul: 0.010977 Obj: 0.109446 (0.076369)  NNZ: 3 (3)  Ttime: 1.3986 Vtime: 0.0511
Step: 15100000  Loss: 0.136099 Regul: 0.079375 Obj: 0.215474 (0.076369)  NNZ: 9 (3)  Ttime: 1.4011 Vtime: 0.0513
Step: 15200000  Loss: 0.081365 Regul: 0.036719 Obj: 0.118084 (0.076369)  NNZ: 11 (3)  Ttime: 1.3981 Vtime: 0.0519
Step: 15300000  Loss: 0.077962 Regul: 0.036211 Obj: 0.114173 (0.076369)  NNZ: 4 (3)  Ttime: 1.3993 Vtime: 0.0518
Step: 15400000  Loss: 0.080848 Regul: 0.040391 Obj: 0.121239 (0.076369)  NNZ: 8 (3)  Ttime: 1.3996 Vtime: 0.0520
Step: 15500000  Loss: 0.078320 Regul: 0.046563 Obj: 0.124882 (0.076369)  NNZ: 8 (3)  Ttime: 1.4040 Vtime: 0.0519
Step: 15600000  Loss: 0.068566 Regul: 0.032734 Obj: 0.101300 (0.076369)  NNZ: 5 (3)  Ttime: 1.3984 Vtime: 0.0525
Step: 15700000  Loss: 0.106555 Regul: 0.040117 Obj: 0.146672 (0.076369)  NNZ: 5 (3)  Ttime: 1.3980 Vtime: 0.0515
Step: 15800000  Loss: 0.072299 Regul: 0.033164 Obj: 0.105463 (0.076369)  NNZ: 6 (3)  Ttime: 1.3979 Vtime: 0.0511
Best: 15900000  Loss: 0.058666 Regul: 0.015352 Obj: 0.074018 (0.074018)  NNZ: 4 (4)  Ttime: 1.4195 Vtime: 0.0519
Stat: nPR #32 (#32) Dim/MaxDim [256/640] AUC: 0.977440 FPR95: 12.25 [saved]
Step: 16000000  Loss: 0.116635 Regul: 0.055469 Obj: 0.172104 (0.074018)  NNZ: 9 (4)  Ttime: 1.4025 Vtime: 0.0514
Step: 16100000  Loss: 0.088856 Regul: 0.018555 Obj: 0.107411 (0.074018)  NNZ: 2 (4)  Ttime: 1.5017 Vtime: 0.0526
Step: 16200000  Loss: 0.060403 Regul: 0.019297 Obj: 0.079700 (0.074018)  NNZ: 4 (4)  Ttime: 1.4506 Vtime: 0.0513
Step: 16300000  Loss: 0.080377 Regul: 0.031523 Obj: 0.111901 (0.074018)  NNZ: 6 (4)  Ttime: 1.3984 Vtime: 0.0521
Step: 16400000  Loss: 0.064925 Regul: 0.020703 Obj: 0.085628 (0.074018)  NNZ: 7 (4)  Ttime: 1.4492 Vtime: 0.0514
Step: 16500000  Loss: 0.209474 Regul: 0.046914 Obj: 0.256388 (0.074018)  NNZ: 9 (4)  Ttime: 1.3955 Vtime: 0.0514
Step: 16600000  Loss: 0.202808 Regul: 0.119922 Obj: 0.322729 (0.074018)  NNZ: 15 (4)  Ttime: 1.3996 Vtime: 0.0515
Step: 16700000  Loss: 0.087830 Regul: 0.034688 Obj: 0.122517 (0.074018)  NNZ: 5 (4)  Ttime: 1.3943 Vtime: 0.0516
Step: 16800000  Loss: 0.076984 Regul: 0.017109 Obj: 0.094093 (0.074018)  NNZ: 4 (4)  Ttime: 1.3962 Vtime: 0.0518
Step: 16900000  Loss: 0.074767 Regul: 0.020078 Obj: 0.094845 (0.074018)  NNZ: 4 (4)  Ttime: 1.3940 Vtime: 0.0513
Step: 17000000  Loss: 0.091041 Regul: 0.033984 Obj: 0.125025 (0.074018)  NNZ: 11 (4)  Ttime: 1.3941 Vtime: 0.0514
Step: 17100000  Loss: 0.099639 Regul: 0.064453 Obj: 0.164093 (0.074018)  NNZ: 6 (4)  Ttime: 1.3917 Vtime: 0.0520
Step: 17200000  Loss: 0.141354 Regul: 0.076953 Obj: 0.218307 (0.074018)  NNZ: 6 (4)  Ttime: 1.3935 Vtime: 0.0512
Step: 17300000  Loss: 0.079049 Regul: 0.039141 Obj: 0.118190 (0.074018)  NNZ: 7 (4)  Ttime: 1.3928 Vtime: 0.0511
Step: 17400000  Loss: 0.076056 Regul: 0.035312 Obj: 0.111368 (0.074018)  NNZ: 6 (4)  Ttime: 1.3962 Vtime: 0.0513
Step: 17500000  Loss: 0.069610 Regul: 0.015937 Obj: 0.085548 (0.074018)  NNZ: 2 (4)  Ttime: 1.4931 Vtime: 0.0524
Step: 17600000  Loss: 0.068146 Regul: 0.026172 Obj: 0.094317 (0.074018)  NNZ: 4 (4)  Ttime: 1.4491 Vtime: 0.0529
Step: 17700000  Loss: 0.095501 Regul: 0.029844 Obj: 0.125344 (0.074018)  NNZ: 4 (4)  Ttime: 1.4431 Vtime: 0.0518
Step: 17800000  Loss: 0.200585 Regul: 0.091875 Obj: 0.292460 (0.074018)  NNZ: 6 (4)  Ttime: 1.4120 Vtime: 0.0521
Step: 17900000  Loss: 0.116767 Regul: 0.049297 Obj: 0.166064 (0.074018)  NNZ: 6 (4)  Ttime: 1.4111 Vtime: 0.0521
Step: 18000000  Loss: 0.102449 Regul: 0.045078 Obj: 0.147527 (0.074018)  NNZ: 5 (4)  Ttime: 1.4007 Vtime: 0.0511
Step: 18100000  Loss: 0.188957 Regul: 0.072344 Obj: 0.261301 (0.074018)  NNZ: 10 (4)  Ttime: 1.3937 Vtime: 0.0519
Step: 18200000  Loss: 0.075002 Regul: 0.035312 Obj: 0.110315 (0.074018)  NNZ: 5 (4)  Ttime: 1.4026 Vtime: 0.0517
Step: 18300000  Loss: 0.073738 Regul: 0.019687 Obj: 0.093425 (0.074018)  NNZ: 3 (4)  Ttime: 1.3954 Vtime: 0.0507
Step: 18400000  Loss: 0.281919 Regul: 0.058984 Obj: 0.340903 (0.074018)  NNZ: 9 (4)  Ttime: 1.3987 Vtime: 0.0514
Step: 18500000  Loss: 0.071167 Regul: 0.037656 Obj: 0.108823 (0.074018)  NNZ: 4 (4)  Ttime: 1.3937 Vtime: 0.0512
Step: 18600000  Loss: 0.094861 Regul: 0.044453 Obj: 0.139314 (0.074018)  NNZ: 5 (4)  Ttime: 1.4545 Vtime: 0.0519
Step: 18700000  Loss: 0.185359 Regul: 0.044453 Obj: 0.229812 (0.074018)  NNZ: 6 (4)  Ttime: 1.4741 Vtime: 0.0521
Step: 18800000  Loss: 0.086242 Regul: 0.015469 Obj: 0.101711 (0.074018)  NNZ: 3 (4)  Ttime: 1.4411 Vtime: 0.0519
Step: 18900000  Loss: 0.180144 Regul: 0.031641 Obj: 0.211785 (0.074018)  NNZ: 7 (4)  Ttime: 1.4352 Vtime: 0.0515
Step: 19000000  Loss: 0.090549 Regul: 0.044141 Obj: 0.134689 (0.074018)  NNZ: 8 (4)  Ttime: 1.4125 Vtime: 0.0508
Step: 19100000  Loss: 0.068632 Regul: 0.025625 Obj: 0.094257 (0.074018)  NNZ: 11 (4)  Ttime: 1.4113 Vtime: 0.0512
Step: 19200000  Loss: 0.083518 Regul: 0.040312 Obj: 0.123830 (0.074018)  NNZ: 6 (4)  Ttime: 1.4005 Vtime: 0.0515
Step: 19300000  Loss: 0.073101 Regul: 0.024531 Obj: 0.097632 (0.074018)  NNZ: 4 (4)  Ttime: 1.3971 Vtime: 0.0519
Step: 19400000  Loss: 0.063290 Regul: 0.028047 Obj: 0.091337 (0.074018)  NNZ: 7 (4)  Ttime: 1.4028 Vtime: 0.0510
Step: 19500000  Loss: 0.075702 Regul: 0.010391 Obj: 0.086092 (0.074018)  NNZ: 2 (4)  Ttime: 1.3961 Vtime: 0.0518
Step: 19600000  Loss: 0.190122 Regul: 0.098750 Obj: 0.288872 (0.074018)  NNZ: 8 (4)  Ttime: 1.4020 Vtime: 0.0521
Step: 19700000  Loss: 0.083441 Regul: 0.016797 Obj: 0.100237 (0.074018)  NNZ: 3 (4)  Ttime: 1.3972 Vtime: 0.0525
Step: 19800000  Loss: 0.069858 Regul: 0.030391 Obj: 0.100249 (0.074018)  NNZ: 4 (4)  Ttime: 1.4116 Vtime: 0.0515
Step: 19900000  Loss: 0.073969 Regul: 0.029297 Obj: 0.103266 (0.074018)  NNZ: 4 (4)  Ttime: 1.4017 Vtime: 0.0513
Step: 20000000  Loss: 0.083429 Regul: 0.017969 Obj: 0.101398 (0.074018)  NNZ: 3 (4)  Ttime: 1.4023 Vtime: 0.0515
Step: 20100000  Loss: 0.376128 Regul: 0.025313 Obj: 0.401441 (0.074018)  NNZ: 4 (4)  Ttime: 1.4015 Vtime: 0.0517
Step: 20200000  Loss: 0.069131 Regul: 0.022969 Obj: 0.092100 (0.074018)  NNZ: 6 (4)  Ttime: 1.4230 Vtime: 0.0515
Step: 20300000  Loss: 0.111114 Regul: 0.050781 Obj: 0.161896 (0.074018)  NNZ: 7 (4)  Ttime: 1.4000 Vtime: 0.0517
Step: 20400000  Loss: 0.083119 Regul: 0.042109 Obj: 0.125229 (0.074018)  NNZ: 9 (4)  Ttime: 1.3975 Vtime: 0.0519
Step: 20500000  Loss: 0.088003 Regul: 0.035000 Obj: 0.123003 (0.074018)  NNZ: 5 (4)  Ttime: 1.3970 Vtime: 0.0514
Step: 20600000  Loss: 0.117831 Regul: 0.025391 Obj: 0.143222 (0.074018)  NNZ: 8 (4)  Ttime: 1.3978 Vtime: 0.0509
Step: 20700000  Loss: 0.199112 Regul: 0.034766 Obj: 0.233878 (0.074018)  NNZ: 3 (4)  Ttime: 1.4016 Vtime: 0.0516
Step: 20800000  Loss: 0.089567 Regul: 0.052734 Obj: 0.142301 (0.074018)  NNZ: 8 (4)  Ttime: 1.3986 Vtime: 0.0521
Step: 20900000  Loss: 0.295518 Regul: 0.089687 Obj: 0.385205 (0.074018)  NNZ: 11 (4)  Ttime: 1.4018 Vtime: 0.0515
Step: 21000000  Loss: 0.079020 Regul: 0.030234 Obj: 0.109254 (0.074018)  NNZ: 5 (4)  Ttime: 1.3974 Vtime: 0.0518
Step: 21100000  Loss: 0.077561 Regul: 0.016484 Obj: 0.094046 (0.074018)  NNZ: 3 (4)  Ttime: 1.3984 Vtime: 0.0516
Step: 21200000  Loss: 0.082700 Regul: 0.014375 Obj: 0.097075 (0.074018)  NNZ: 3 (4)  Ttime: 1.3996 Vtime: 0.0520
Step: 21300000  Loss: 0.058002 Regul: 0.028203 Obj: 0.086205 (0.074018)  NNZ: 7 (4)  Ttime: 1.4038 Vtime: 0.0514
Step: 21400000  Loss: 0.122295 Regul: 0.021797 Obj: 0.144092 (0.074018)  NNZ: 4 (4)  Ttime: 1.4587 Vtime: 0.0515
Step: 21500000  Loss: 0.094654 Regul: 0.034609 Obj: 0.129264 (0.074018)  NNZ: 5 (4)  Ttime: 1.4773 Vtime: 0.0519
Step: 21600000  Loss: 0.093881 Regul: 0.032187 Obj: 0.126068 (0.074018)  NNZ: 6 (4)  Ttime: 1.4516 Vtime: 0.0528
Step: 21700000  Loss: 0.072035 Regul: 0.031562 Obj: 0.103597 (0.074018)  NNZ: 6 (4)  Ttime: 1.4331 Vtime: 0.0526
Step: 21800000  Loss: 0.085278 Regul: 0.025000 Obj: 0.110278 (0.074018)  NNZ: 4 (4)  Ttime: 1.4105 Vtime: 0.0523
Step: 21900000  Loss: 0.057150 Regul: 0.022578 Obj: 0.079728 (0.074018)  NNZ: 4 (4)  Ttime: 1.4041 Vtime: 0.0516
Step: 22000000  Loss: 0.069230 Regul: 0.020859 Obj: 0.090089 (0.074018)  NNZ: 4 (4)  Ttime: 1.4149 Vtime: 0.0520
Step: 22100000  Loss: 0.056340 Regul: 0.018281 Obj: 0.074621 (0.074018)  NNZ: 3 (4)  Ttime: 1.3979 Vtime: 0.0519
Step: 22200000  Loss: 0.106644 Regul: 0.022187 Obj: 0.128831 (0.074018)  NNZ: 8 (4)  Ttime: 1.4046 Vtime: 0.0513
Step: 22300000  Loss: 0.071756 Regul: 0.022031 Obj: 0.093788 (0.074018)  NNZ: 4 (4)  Ttime: 1.3995 Vtime: 0.0509
Step: 22400000  Loss: 0.078964 Regul: 0.046094 Obj: 0.125057 (0.074018)  NNZ: 7 (4)  Ttime: 1.4066 Vtime: 0.0514
Step: 22500000  Loss: 0.105141 Regul: 0.043437 Obj: 0.148579 (0.074018)  NNZ: 7 (4)  Ttime: 1.4021 Vtime: 0.0510
Step: 22600000  Loss: 0.095037 Regul: 0.056328 Obj: 0.151365 (0.074018)  NNZ: 7 (4)  Ttime: 1.4003 Vtime: 0.0515
Step: 22700000  Loss: 0.093882 Regul: 0.041484 Obj: 0.135366 (0.074018)  NNZ: 5 (4)  Ttime: 1.3998 Vtime: 0.0516
Step: 22800000  Loss: 0.133291 Regul: 0.070000 Obj: 0.203291 (0.074018)  NNZ: 8 (4)  Ttime: 1.4020 Vtime: 0.0510
Step: 22900000  Loss: 0.079469 Regul: 0.013672 Obj: 0.093141 (0.074018)  NNZ: 3 (4)  Ttime: 1.4953 Vtime: 0.0520
Step: 23000000  Loss: 0.067719 Regul: 0.016719 Obj: 0.084437 (0.074018)  NNZ: 5 (4)  Ttime: 1.4588 Vtime: 0.0517
Step: 23100000  Loss: 0.114827 Regul: 0.063359 Obj: 0.178187 (0.074018)  NNZ: 8 (4)  Ttime: 1.4437 Vtime: 0.0519
Step: 23200000  Loss: 0.075987 Regul: 0.030625 Obj: 0.106612 (0.074018)  NNZ: 5 (4)  Ttime: 1.4343 Vtime: 0.0513
Step: 23300000  Loss: 0.094021 Regul: 0.016562 Obj: 0.110583 (0.074018)  NNZ: 3 (4)  Ttime: 1.4349 Vtime: 0.0518
Step: 23400000  Loss: 0.056894 Regul: 0.018203 Obj: 0.075097 (0.074018)  NNZ: 4 (4)  Ttime: 1.4012 Vtime: 0.0515
Step: 23500000  Loss: 0.090827 Regul: 0.030000 Obj: 0.120827 (0.074018)  NNZ: 6 (4)  Ttime: 1.4143 Vtime: 0.0519
Best: 23600000  Loss: 0.054583 Regul: 0.018437 Obj: 0.073020 (0.073020)  NNZ: 4 (4)  Ttime: 1.3998 Vtime: 0.0526
Stat: nPR #32 (#32) Dim/MaxDim [256/640] AUC: 0.979367 FPR95: 10.24 [saved]
Step: 23700000  Loss: 0.091200 Regul: 0.011172 Obj: 0.102372 (0.073020)  NNZ: 3 (4)  Ttime: 1.4014 Vtime: 0.0520
Step: 23800000  Loss: 0.076706 Regul: 0.026484 Obj: 0.103190 (0.073020)  NNZ: 4 (4)  Ttime: 1.4011 Vtime: 0.0515
Step: 23900000  Loss: 0.059711 Regul: 0.014922 Obj: 0.074632 (0.073020)  NNZ: 4 (4)  Ttime: 1.3993 Vtime: 0.0517
Step: 24000000  Loss: 0.074133 Regul: 0.013203 Obj: 0.087336 (0.073020)  NNZ: 2 (4)  Ttime: 1.4030 Vtime: 0.0517
Step: 24100000  Loss: 0.061034 Regul: 0.016250 Obj: 0.077284 (0.073020)  NNZ: 5 (4)  Ttime: 1.3975 Vtime: 0.0515
Step: 24200000  Loss: 0.140198 Regul: 0.092578 Obj: 0.232776 (0.073020)  NNZ: 10 (4)  Ttime: 1.3959 Vtime: 0.0517
Step: 24300000  Loss: 0.237548 Regul: 0.054844 Obj: 0.292392 (0.073020)  NNZ: 9 (4)  Ttime: 1.4005 Vtime: 0.0506
Step: 24400000  Loss: 0.074620 Regul: 0.013750 Obj: 0.088370 (0.073020)  NNZ: 2 (4)  Ttime: 1.4070 Vtime: 0.0516
Step: 24500000  Loss: 0.064247 Regul: 0.011484 Obj: 0.075732 (0.073020)  NNZ: 3 (4)  Ttime: 1.4097 Vtime: 0.0511
Step: 24600000  Loss: 0.088090 Regul: 0.021719 Obj: 0.109809 (0.073020)  NNZ: 3 (4)  Ttime: 1.4036 Vtime: 0.0514
Best: 24700000  Loss: 0.053256 Regul: 0.018750 Obj: 0.072006 (0.072006)  NNZ: 5 (5)  Ttime: 1.4096 Vtime: 0.0520
Stat: nPR #36 (#40) Dim/MaxDim [288/640] AUC: 0.980283 FPR95: 8.28 [saved]
Step: 24800000  Loss: 0.070014 Regul: 0.030234 Obj: 0.100249 (0.072006)  NNZ: 8 (5)  Ttime: 1.3999 Vtime: 0.0509
Step: 24900000  Loss: 0.065378 Regul: 0.022656 Obj: 0.088034 (0.072006)  NNZ: 3 (5)  Ttime: 1.3998 Vtime: 0.0522
Step: 25000000  Loss: 0.101266 Regul: 0.023516 Obj: 0.124781 (0.072006)  NNZ: 5 (5)  Ttime: 1.4006 Vtime: 0.0518
Step: 25100000  Loss: 0.100891 Regul: 0.050234 Obj: 0.151126 (0.072006)  NNZ: 8 (5)  Ttime: 1.4043 Vtime: 0.0511
Step: 25200000  Loss: 0.083698 Regul: 0.009531 Obj: 0.093229 (0.072006)  NNZ: 2 (5)  Ttime: 1.3995 Vtime: 0.0513
Step: 25300000  Loss: 0.078845 Regul: 0.010937 Obj: 0.089783 (0.072006)  NNZ: 4 (5)  Ttime: 1.4045 Vtime: 0.0509
Step: 25400000  Loss: 0.098406 Regul: 0.017500 Obj: 0.115906 (0.072006)  NNZ: 4 (5)  Ttime: 1.3999 Vtime: 0.0508
Step: 25500000  Loss: 0.086515 Regul: 0.037500 Obj: 0.124015 (0.072006)  NNZ: 7 (5)  Ttime: 1.4034 Vtime: 0.0515
Step: 25600000  Loss: 0.081360 Regul: 0.021875 Obj: 0.103235 (0.072006)  NNZ: 5 (5)  Ttime: 1.4097 Vtime: 0.0516
Step: 25700000  Loss: 0.095417 Regul: 0.021797 Obj: 0.117214 (0.072006)  NNZ: 6 (5)  Ttime: 1.4017 Vtime: 0.0514
Step: 25800000  Loss: 0.106278 Regul: 0.033437 Obj: 0.139716 (0.072006)  NNZ: 7 (5)  Ttime: 1.3968 Vtime: 0.0544
Step: 25900000  Loss: 0.091806 Regul: 0.029766 Obj: 0.121572 (0.072006)  NNZ: 5 (5)  Ttime: 1.4013 Vtime: 0.0517
Step: 26000000  Loss: 0.193603 Regul: 0.054922 Obj: 0.248524 (0.072006)  NNZ: 11 (5)  Ttime: 1.4069 Vtime: 0.0516
Best: 26100000  Loss: 0.052980 Regul: 0.017891 Obj: 0.070871 (0.070871)  NNZ: 3 (3)  Ttime: 1.4097 Vtime: 0.0515
Stat: nPR #20 (#24) Dim/MaxDim [160/640] AUC: 0.980210 FPR95: 8.60 [saved]
Step: 26200000  Loss: 0.069668 Regul: 0.033203 Obj: 0.102872 (0.070871)  NNZ: 7 (3)  Ttime: 1.4497 Vtime: 0.0515
Step: 26300000  Loss: 0.079010 Regul: 0.033984 Obj: 0.112994 (0.070871)  NNZ: 8 (3)  Ttime: 1.4221 Vtime: 0.0515
Step: 26400000  Loss: 0.317352 Regul: 0.065078 Obj: 0.382430 (0.070871)  NNZ: 7 (3)  Ttime: 1.4260 Vtime: 0.0515
Step: 26500000  Loss: 0.078965 Regul: 0.032500 Obj: 0.111465 (0.070871)  NNZ: 7 (3)  Ttime: 1.3995 Vtime: 0.0518
Step: 26600000  Loss: 0.079341 Regul: 0.009688 Obj: 0.089028 (0.070871)  NNZ: 4 (3)  Ttime: 1.4029 Vtime: 0.0517
Step: 26700000  Loss: 0.078958 Regul: 0.010703 Obj: 0.089661 (0.070871)  NNZ: 3 (3)  Ttime: 1.4028 Vtime: 0.0520
Step: 26800000  Loss: 0.062243 Regul: 0.017109 Obj: 0.079353 (0.070871)  NNZ: 3 (3)  Ttime: 1.4639 Vtime: 0.0521
Step: 26900000  Loss: 0.257397 Regul: 0.031953 Obj: 0.289350 (0.070871)  NNZ: 6 (3)  Ttime: 1.4764 Vtime: 0.0512
Step: 27000000  Loss: 0.079188 Regul: 0.033906 Obj: 0.113094 (0.070871)  NNZ: 8 (3)  Ttime: 1.4443 Vtime: 0.0524
Step: 27100000  Loss: 0.261612 Regul: 0.033594 Obj: 0.295206 (0.070871)  NNZ: 6 (3)  Ttime: 1.4226 Vtime: 0.0513
Step: 27200000  Loss: 0.095492 Regul: 0.061250 Obj: 0.156742 (0.070871)  NNZ: 8 (3)  Ttime: 1.4431 Vtime: 0.0513
Step: 27300000  Loss: 0.126455 Regul: 0.036875 Obj: 0.163330 (0.070871)  NNZ: 8 (3)  Ttime: 1.4034 Vtime: 0.0516
Step: 27400000  Loss: 0.094235 Regul: 0.059531 Obj: 0.153766 (0.070871)  NNZ: 10 (3)  Ttime: 1.3943 Vtime: 0.0521
Step: 27500000  Loss: 0.086037 Regul: 0.046484 Obj: 0.132521 (0.070871)  NNZ: 8 (3)  Ttime: 1.3978 Vtime: 0.0517
Step: 27600000  Loss: 0.071513 Regul: 0.026172 Obj: 0.097685 (0.070871)  NNZ: 5 (3)  Ttime: 1.3938 Vtime: 0.0514
Step: 27700000  Loss: 0.079460 Regul: 0.024062 Obj: 0.103523 (0.070871)  NNZ: 5 (3)  Ttime: 1.3955 Vtime: 0.0510
Step: 27800000  Loss: 0.059044 Regul: 0.016094 Obj: 0.075137 (0.070871)  NNZ: 4 (3)  Ttime: 1.3936 Vtime: 0.0518
Step: 27900000  Loss: 0.120294 Regul: 0.005391 Obj: 0.125685 (0.070871)  NNZ: 2 (3)  Ttime: 1.3951 Vtime: 0.0515
Step: 28000000  Loss: 0.078576 Regul: 0.031328 Obj: 0.109904 (0.070871)  NNZ: 7 (3)  Ttime: 1.3944 Vtime: 0.0520
Step: 28100000  Loss: 0.071331 Regul: 0.020312 Obj: 0.091644 (0.070871)  NNZ: 6 (3)  Ttime: 1.4045 Vtime: 0.0522
Step: 28200000  Loss: 0.151616 Regul: 0.061797 Obj: 0.213413 (0.070871)  NNZ: 11 (3)  Ttime: 1.3935 Vtime: 0.0521
Step: 28300000  Loss: 0.081461 Regul: 0.020703 Obj: 0.102164 (0.070871)  NNZ: 5 (3)  Ttime: 1.3970 Vtime: 0.0519
Step: 28400000  Loss: 0.111649 Regul: 0.012578 Obj: 0.124227 (0.070871)  NNZ: 2 (3)  Ttime: 1.3956 Vtime: 0.0518
Step: 28500000  Loss: 0.083370 Regul: 0.025000 Obj: 0.108370 (0.070871)  NNZ: 4 (3)  Ttime: 1.4004 Vtime: 0.0514
Step: 28600000  Loss: 0.062738 Regul: 0.018516 Obj: 0.081254 (0.070871)  NNZ: 5 (3)  Ttime: 1.3949 Vtime: 0.0507
Step: 28700000  Loss: 0.081601 Regul: 0.008125 Obj: 0.089726 (0.070871)  NNZ: 2 (3)  Ttime: 1.4660 Vtime: 0.0527
Step: 28800000  Loss: 0.074019 Regul: 0.020937 Obj: 0.094957 (0.070871)  NNZ: 5 (3)  Ttime: 1.4667 Vtime: 0.0514
Step: 28900000  Loss: 0.075770 Regul: 0.015391 Obj: 0.091161 (0.070871)  NNZ: 3 (3)  Ttime: 1.4450 Vtime: 0.0517
Step: 29000000  Loss: 0.070038 Regul: 0.023750 Obj: 0.093788 (0.070871)  NNZ: 6 (3)  Ttime: 1.4352 Vtime: 0.0520
Step: 29100000  Loss: 0.080521 Regul: 0.014453 Obj: 0.094974 (0.070871)  NNZ: 3 (3)  Ttime: 1.4769 Vtime: 0.0517
Step: 29200000  Loss: 0.093568 Regul: 0.025781 Obj: 0.119350 (0.070871)  NNZ: 4 (3)  Ttime: 1.4019 Vtime: 0.0510
Step: 29300000  Loss: 0.068183 Regul: 0.014609 Obj: 0.082792 (0.070871)  NNZ: 4 (3)  Ttime: 1.4028 Vtime: 0.0513
Step: 29400000  Loss: 0.058747 Regul: 0.015547 Obj: 0.074294 (0.070871)  NNZ: 5 (3)  Ttime: 1.4049 Vtime: 0.0517
Step: 29500000  Loss: 0.101059 Regul: 0.005937 Obj: 0.106996 (0.070871)  NNZ: 4 (3)  Ttime: 1.4016 Vtime: 0.0514
Step: 29600000  Loss: 0.167352 Regul: 0.073594 Obj: 0.240946 (0.070871)  NNZ: 8 (3)  Ttime: 1.4000 Vtime: 0.0513
Step: 29700000  Loss: 0.070652 Regul: 0.009141 Obj: 0.079792 (0.070871)  NNZ: 2 (3)  Ttime: 1.4013 Vtime: 0.0510
Step: 29800000  Loss: 0.083098 Regul: 0.019297 Obj: 0.102395 (0.070871)  NNZ: 5 (3)  Ttime: 1.3999 Vtime: 0.0520
Step: 29900000  Loss: 0.099212 Regul: 0.037422 Obj: 0.136634 (0.070871)  NNZ: 8 (3)  Ttime: 1.3998 Vtime: 0.0512
Step: 30000000  Loss: 0.073831 Regul: 0.026250 Obj: 0.100081 (0.070871)  NNZ: 5 (3)  Ttime: 1.4001 Vtime: 0.0516
Step: 30100000  Loss: 0.054348 Regul: 0.018281 Obj: 0.072629 (0.070871)  NNZ: 5 (3)  Ttime: 1.4015 Vtime: 0.0510
Step: 30200000  Loss: 0.072626 Regul: 0.026953 Obj: 0.099579 (0.070871)  NNZ: 4 (3)  Ttime: 1.4036 Vtime: 0.0512
Step: 30300000  Loss: 0.069751 Regul: 0.034141 Obj: 0.103891 (0.070871)  NNZ: 6 (3)  Ttime: 1.4051 Vtime: 0.0517
Step: 30400000  Loss: 0.073144 Regul: 0.016328 Obj: 0.089472 (0.070871)  NNZ: 4 (3)  Ttime: 1.4213 Vtime: 0.0511
Step: 30500000  Loss: 0.085431 Regul: 0.026484 Obj: 0.111916 (0.070871)  NNZ: 5 (3)  Ttime: 1.4984 Vtime: 0.0515
Step: 30600000  Loss: 0.057385 Regul: 0.028203 Obj: 0.085588 (0.070871)  NNZ: 8 (3)  Ttime: 1.4450 Vtime: 0.0519
Step: 30700000  Loss: 0.307553 Regul: 0.023828 Obj: 0.331381 (0.070871)  NNZ: 5 (3)  Ttime: 1.4015 Vtime: 0.0513
Step: 30800000  Loss: 0.114428 Regul: 0.068125 Obj: 0.182553 (0.070871)  NNZ: 8 (3)  Ttime: 1.4039 Vtime: 0.0512
Step: 30900000  Loss: 0.237423 Regul: 0.023438 Obj: 0.260860 (0.070871)  NNZ: 3 (3)  Ttime: 1.4010 Vtime: 0.0516
Step: 31000000  Loss: 0.134931 Regul: 0.029922 Obj: 0.164853 (0.070871)  NNZ: 6 (3)  Ttime: 1.4011 Vtime: 0.0515
Step: 31100000  Loss: 0.084119 Regul: 0.010234 Obj: 0.094354 (0.070871)  NNZ: 2 (3)  Ttime: 1.4014 Vtime: 0.0518
Step: 31200000  Loss: 0.057218 Regul: 0.024766 Obj: 0.081984 (0.070871)  NNZ: 5 (3)  Ttime: 1.4000 Vtime: 0.0517
Step: 31300000  Loss: 0.078984 Regul: 0.007500 Obj: 0.086484 (0.070871)  NNZ: 4 (3)  Ttime: 1.4472 Vtime: 0.0527
Step: 31400000  Loss: 0.089839 Regul: 0.027344 Obj: 0.117183 (0.070871)  NNZ: 5 (3)  Ttime: 1.4884 Vtime: 0.0520
Step: 31500000  Loss: 0.126639 Regul: 0.021719 Obj: 0.148358 (0.070871)  NNZ: 3 (3)  Ttime: 1.4481 Vtime: 0.0518
Step: 31600000  Loss: 0.062368 Regul: 0.025156 Obj: 0.087524 (0.070871)  NNZ: 7 (3)  Ttime: 1.4543 Vtime: 0.0517
Step: 31700000  Loss: 0.097673 Regul: 0.009375 Obj: 0.107048 (0.070871)  NNZ: 3 (3)  Ttime: 1.4299 Vtime: 0.0511
Step: 31800000  Loss: 0.062565 Regul: 0.027969 Obj: 0.090534 (0.070871)  NNZ: 6 (3)  Ttime: 1.4038 Vtime: 0.0515
Step: 31900000  Loss: 0.131370 Regul: 0.045156 Obj: 0.176526 (0.070871)  NNZ: 9 (3)  Ttime: 1.4011 Vtime: 0.0516
Step: 32000000  Loss: 0.226246 Regul: 0.031172 Obj: 0.257418 (0.070871)  NNZ: 6 (3)  Ttime: 1.4280 Vtime: 0.0514
Step: 32100000  Loss: 0.075707 Regul: 0.010156 Obj: 0.085863 (0.070871)  NNZ: 3 (3)  Ttime: 1.3987 Vtime: 0.0519
Step: 32200000  Loss: 0.067168 Regul: 0.021406 Obj: 0.088574 (0.070871)  NNZ: 6 (3)  Ttime: 1.4012 Vtime: 0.0514
Step: 32300000  Loss: 0.063066 Regul: 0.022969 Obj: 0.086035 (0.070871)  NNZ: 5 (3)  Ttime: 1.4008 Vtime: 0.0517
Step: 32400000  Loss: 0.064120 Regul: 0.018203 Obj: 0.082324 (0.070871)  NNZ: 5 (3)  Ttime: 1.4034 Vtime: 0.0510
Step: 32500000  Loss: 0.073995 Regul: 0.035937 Obj: 0.109933 (0.070871)  NNZ: 8 (3)  Ttime: 1.4002 Vtime: 0.0514
Step: 32600000  Loss: 0.064128 Regul: 0.013594 Obj: 0.077721 (0.070871)  NNZ: 3 (3)  Ttime: 1.4009 Vtime: 0.0509
Step: 32700000  Loss: 0.113508 Regul: 0.016562 Obj: 0.130071 (0.070871)  NNZ: 4 (3)  Ttime: 1.4015 Vtime: 0.0516
Step: 32800000  Loss: 0.595461 Regul: 0.098437 Obj: 0.693898 (0.070871)  NNZ: 13 (3)  Ttime: 1.3992 Vtime: 0.0511
Step: 32900000  Loss: 0.124147 Regul: 0.020312 Obj: 0.144459 (0.070871)  NNZ: 4 (3)  Ttime: 1.4048 Vtime: 0.0515
Step: 33000000  Loss: 0.212948 Regul: 0.004375 Obj: 0.217323 (0.070871)  NNZ: 1 (3)  Ttime: 1.4012 Vtime: 0.0510
Step: 33100000  Loss: 0.075305 Regul: 0.028828 Obj: 0.104133 (0.070871)  NNZ: 5 (3)  Ttime: 1.4045 Vtime: 0.0520
Step: 33200000  Loss: 0.081913 Regul: 0.007031 Obj: 0.088944 (0.070871)  NNZ: 5 (3)  Ttime: 1.4512 Vtime: 0.0524
Step: 33300000  Loss: 0.106012 Regul: 0.021328 Obj: 0.127340 (0.070871)  NNZ: 3 (3)  Ttime: 1.4891 Vtime: 0.0516
Step: 33400000  Loss: 0.076906 Regul: 0.027500 Obj: 0.104406 (0.070871)  NNZ: 6 (3)  Ttime: 1.4433 Vtime: 0.0521
Step: 33500000  Loss: 0.111503 Regul: 0.027109 Obj: 0.138613 (0.070871)  NNZ: 3 (3)  Ttime: 1.4397 Vtime: 0.0522
Step: 33600000  Loss: 0.104199 Regul: 0.053047 Obj: 0.157246 (0.070871)  NNZ: 6 (3)  Ttime: 1.4219 Vtime: 0.0512
Step: 33700000  Loss: 0.236957 Regul: 0.027656 Obj: 0.264613 (0.070871)  NNZ: 4 (3)  Ttime: 1.3988 Vtime: 0.0515
Step: 33800000  Loss: 0.276518 Regul: 0.165312 Obj: 0.441830 (0.070871)  NNZ: 17 (3)  Ttime: 1.3968 Vtime: 0.0516
Step: 33900000  Loss: 0.115466 Regul: 0.053594 Obj: 0.169060 (0.070871)  NNZ: 4 (3)  Ttime: 1.3961 Vtime: 0.0511
Step: 34000000  Loss: 0.229942 Regul: 0.124141 Obj: 0.354083 (0.070871)  NNZ: 13 (3)  Ttime: 1.3985 Vtime: 0.0520
Step: 34100000  Loss: 0.129187 Regul: 0.074531 Obj: 0.203718 (0.070871)  NNZ: 10 (3)  Ttime: 1.3985 Vtime: 0.0512
Step: 34200000  Loss: 0.096055 Regul: 0.048594 Obj: 0.144649 (0.070871)  NNZ: 5 (3)  Ttime: 1.3964 Vtime: 0.0516
Step: 34300000  Loss: 0.111993 Regul: 0.068359 Obj: 0.180352 (0.070871)  NNZ: 8 (3)  Ttime: 1.3976 Vtime: 0.0514
Step: 34400000  Loss: 0.093936 Regul: 0.061797 Obj: 0.155733 (0.070871)  NNZ: 7 (3)  Ttime: 1.3972 Vtime: 0.0517
Step: 34500000  Loss: 0.202172 Regul: 0.154453 Obj: 0.356625 (0.070871)  NNZ: 13 (3)  Ttime: 1.3991 Vtime: 0.0513
Step: 34600000  Loss: 0.090967 Regul: 0.041250 Obj: 0.132217 (0.070871)  NNZ: 6 (3)  Ttime: 1.3957 Vtime: 0.0520
Step: 34700000  Loss: 0.144661 Regul: 0.103125 Obj: 0.247786 (0.070871)  NNZ: 8 (3)  Ttime: 1.3960 Vtime: 0.0516
Step: 34800000  Loss: 0.170474 Regul: 0.046328 Obj: 0.216802 (0.070871)  NNZ: 7 (3)  Ttime: 1.4030 Vtime: 0.0513
Step: 34900000  Loss: 0.087053 Regul: 0.047891 Obj: 0.134943 (0.070871)  NNZ: 8 (3)  Ttime: 1.3971 Vtime: 0.0515
Step: 35000000  Loss: 0.198066 Regul: 0.027578 Obj: 0.225644 (0.070871)  NNZ: 3 (3)  Ttime: 1.3969 Vtime: 0.0511
Step: 35100000  Loss: 0.078769 Regul: 0.044687 Obj: 0.123457 (0.070871)  NNZ: 5 (3)  Ttime: 1.3981 Vtime: 0.0512
Step: 35200000  Loss: 0.086150 Regul: 0.036094 Obj: 0.122244 (0.070871)  NNZ: 11 (3)  Ttime: 1.3975 Vtime: 0.0508
Step: 35300000  Loss: 0.068149 Regul: 0.033672 Obj: 0.101821 (0.070871)  NNZ: 7 (3)  Ttime: 1.3980 Vtime: 0.0511
Step: 35400000  Loss: 0.131745 Regul: 0.080391 Obj: 0.212136 (0.070871)  NNZ: 10 (3)  Ttime: 1.4006 Vtime: 0.0516
Step: 35500000  Loss: 0.123730 Regul: 0.086641 Obj: 0.210370 (0.070871)  NNZ: 10 (3)  Ttime: 1.4027 Vtime: 0.0522
Step: 35600000  Loss: 0.121699 Regul: 0.076406 Obj: 0.198105 (0.070871)  NNZ: 8 (3)  Ttime: 1.4023 Vtime: 0.0518
Step: 35700000  Loss: 0.077015 Regul: 0.046484 Obj: 0.123499 (0.070871)  NNZ: 8 (3)  Ttime: 1.4030 Vtime: 0.0524
Step: 35800000  Loss: 0.086926 Regul: 0.042031 Obj: 0.128958 (0.070871)  NNZ: 6 (3)  Ttime: 1.3942 Vtime: 0.0520
Step: 35900000  Loss: 0.108699 Regul: 0.046797 Obj: 0.155496 (0.070871)  NNZ: 11 (3)  Ttime: 1.3965 Vtime: 0.0515
Step: 36000000  Loss: 0.069313 Regul: 0.029063 Obj: 0.098376 (0.070871)  NNZ: 5 (3)  Ttime: 1.3999 Vtime: 0.0516
Step: 36100000  Loss: 0.118910 Regul: 0.063672 Obj: 0.182582 (0.070871)  NNZ: 8 (3)  Ttime: 1.3972 Vtime: 0.0520
Step: 36200000  Loss: 0.078127 Regul: 0.040156 Obj: 0.118284 (0.070871)  NNZ: 7 (3)  Ttime: 1.3974 Vtime: 0.0520
Step: 36300000  Loss: 0.115430 Regul: 0.061172 Obj: 0.176602 (0.070871)  NNZ: 8 (3)  Ttime: 1.4248 Vtime: 0.0519
Step: 36400000  Loss: 0.064929 Regul: 0.034219 Obj: 0.099148 (0.070871)  NNZ: 6 (3)  Ttime: 1.4000 Vtime: 0.0519
Step: 36500000  Loss: 0.119487 Regul: 0.071172 Obj: 0.190659 (0.070871)  NNZ: 10 (3)  Ttime: 1.3965 Vtime: 0.0521
Step: 36600000  Loss: 0.138287 Regul: 0.075078 Obj: 0.213366 (0.070871)  NNZ: 8 (3)  Ttime: 1.3979 Vtime: 0.0519
Step: 36700000  Loss: 0.077688 Regul: 0.043828 Obj: 0.121516 (0.070871)  NNZ: 7 (3)  Ttime: 1.3954 Vtime: 0.0515
Step: 36800000  Loss: 0.109012 Regul: 0.073203 Obj: 0.182215 (0.070871)  NNZ: 11 (3)  Ttime: 1.3956 Vtime: 0.0512
Step: 36900000  Loss: 0.071275 Regul: 0.036406 Obj: 0.107681 (0.070871)  NNZ: 8 (3)  Ttime: 1.3962 Vtime: 0.0511
Step: 37000000  Loss: 0.130127 Regul: 0.058672 Obj: 0.188798 (0.070871)  NNZ: 7 (3)  Ttime: 1.4027 Vtime: 0.0512
Step: 37100000  Loss: 0.151090 Regul: 0.111562 Obj: 0.262652 (0.070871)  NNZ: 12 (3)  Ttime: 1.3988 Vtime: 0.0515
Step: 37200000  Loss: 0.092022 Regul: 0.051719 Obj: 0.143741 (0.070871)  NNZ: 10 (3)  Ttime: 1.3955 Vtime: 0.0515
Step: 37300000  Loss: 0.117237 Regul: 0.068594 Obj: 0.185831 (0.070871)  NNZ: 10 (3)  Ttime: 1.3962 Vtime: 0.0516
Step: 37400000  Loss: 0.103109 Regul: 0.073359 Obj: 0.176468 (0.070871)  NNZ: 9 (3)  Ttime: 1.3976 Vtime: 0.0513
Step: 37500000  Loss: 0.126665 Regul: 0.073984 Obj: 0.200649 (0.070871)  NNZ: 8 (3)  Ttime: 1.4021 Vtime: 0.0515
Step: 37600000  Loss: 0.086912 Regul: 0.029844 Obj: 0.116756 (0.070871)  NNZ: 3 (3)  Ttime: 1.4938 Vtime: 0.0522
Step: 37700000  Loss: 0.104985 Regul: 0.067031 Obj: 0.172017 (0.070871)  NNZ: 6 (3)  Ttime: 1.4531 Vtime: 0.0515
Step: 37800000  Loss: 0.074234 Regul: 0.032031 Obj: 0.106265 (0.070871)  NNZ: 5 (3)  Ttime: 1.4458 Vtime: 0.0522
Step: 37900000  Loss: 0.148503 Regul: 0.075625 Obj: 0.224128 (0.070871)  NNZ: 8 (3)  Ttime: 1.4257 Vtime: 0.0517
Step: 38000000  Loss: 0.213565 Regul: 0.072500 Obj: 0.286065 (0.070871)  NNZ: 11 (3)  Ttime: 1.4342 Vtime: 0.0512
Step: 38100000  Loss: 0.117952 Regul: 0.065625 Obj: 0.183577 (0.070871)  NNZ: 9 (3)  Ttime: 1.4456 Vtime: 0.0507
Step: 38200000  Loss: 0.083400 Regul: 0.051797 Obj: 0.135197 (0.070871)  NNZ: 8 (3)  Ttime: 1.4616 Vtime: 0.0516
Step: 38300000  Loss: 0.061944 Regul: 0.022500 Obj: 0.084444 (0.070871)  NNZ: 4 (3)  Ttime: 1.4389 Vtime: 0.0523
Step: 38400000  Loss: 0.134294 Regul: 0.090391 Obj: 0.224684 (0.070871)  NNZ: 13 (3)  Ttime: 1.4316 Vtime: 0.0522
Step: 38500000  Loss: 0.075938 Regul: 0.038438 Obj: 0.114375 (0.070871)  NNZ: 7 (3)  Ttime: 1.3964 Vtime: 0.0508
Step: 38600000  Loss: 0.117967 Regul: 0.042734 Obj: 0.160701 (0.070871)  NNZ: 6 (3)  Ttime: 1.3985 Vtime: 0.0521
Step: 38700000  Loss: 0.064655 Regul: 0.026016 Obj: 0.090671 (0.070871)  NNZ: 6 (3)  Ttime: 1.3949 Vtime: 0.0514
Step: 38800000  Loss: 0.100411 Regul: 0.058984 Obj: 0.159395 (0.070871)  NNZ: 8 (3)  Ttime: 1.3994 Vtime: 0.0513
Step: 38900000  Loss: 0.090567 Regul: 0.058828 Obj: 0.149395 (0.070871)  NNZ: 7 (3)  Ttime: 1.4002 Vtime: 0.0510
Step: 39000000  Loss: 0.127443 Regul: 0.027734 Obj: 0.155178 (0.070871)  NNZ: 6 (3)  Ttime: 1.3938 Vtime: 0.0512
Step: 39100000  Loss: 0.136544 Regul: 0.068438 Obj: 0.204982 (0.070871)  NNZ: 13 (3)  Ttime: 1.3940 Vtime: 0.0514
Step: 39200000  Loss: 0.309510 Regul: 0.107344 Obj: 0.416854 (0.070871)  NNZ: 12 (3)  Ttime: 1.4018 Vtime: 0.0520
Step: 39300000  Loss: 0.263436 Regul: 0.152812 Obj: 0.416248 (0.070871)  NNZ: 12 (3)  Ttime: 1.3977 Vtime: 0.0513
Step: 39400000  Loss: 0.246045 Regul: 0.146953 Obj: 0.392998 (0.070871)  NNZ: 16 (3)  Ttime: 1.3989 Vtime: 0.0514
Step: 39500000  Loss: 0.114620 Regul: 0.085469 Obj: 0.200089 (0.070871)  NNZ: 11 (3)  Ttime: 1.3970 Vtime: 0.0576
Step: 39600000  Loss: 0.106243 Regul: 0.064375 Obj: 0.170618 (0.070871)  NNZ: 9 (3)  Ttime: 1.4032 Vtime: 0.0519
Step: 39700000  Loss: 0.097066 Regul: 0.028203 Obj: 0.125269 (0.070871)  NNZ: 5 (3)  Ttime: 1.3968 Vtime: 0.0518
Step: 39800000  Loss: 0.083374 Regul: 0.055156 Obj: 0.138530 (0.070871)  NNZ: 10 (3)  Ttime: 1.3959 Vtime: 0.0519
Step: 39900000  Loss: 0.083178 Regul: 0.011563 Obj: 0.094741 (0.070871)  NNZ: 3 (3)  Ttime: 1.3972 Vtime: 0.0519
Step: 40000000  Loss: 0.132220 Regul: 0.081953 Obj: 0.214173 (0.070871)  NNZ: 9 (3)  Ttime: 1.4247 Vtime: 0.0514
Step: 40100000  Loss: 0.110508 Regul: 0.062656 Obj: 0.173164 (0.070871)  NNZ: 8 (3)  Ttime: 1.3991 Vtime: 0.0516
Step: 40200000  Loss: 0.257955 Regul: 0.138984 Obj: 0.396940 (0.070871)  NNZ: 15 (3)  Ttime: 1.3955 Vtime: 0.0516
Step: 40300000  Loss: 0.087180 Regul: 0.031484 Obj: 0.118664 (0.070871)  NNZ: 7 (3)  Ttime: 1.3975 Vtime: 0.0518
Step: 40400000  Loss: 0.089878 Regul: 0.048906 Obj: 0.138784 (0.070871)  NNZ: 9 (3)  Ttime: 1.4454 Vtime: 0.0521
Step: 40500000  Loss: 0.240581 Regul: 0.081875 Obj: 0.322456 (0.070871)  NNZ: 15 (3)  Ttime: 1.4927 Vtime: 0.0514
Step: 40600000  Loss: 0.073031 Regul: 0.038359 Obj: 0.111390 (0.070871)  NNZ: 6 (3)  Ttime: 1.3944 Vtime: 0.0509
Step: 40700000  Loss: 0.180794 Regul: 0.139453 Obj: 0.320247 (0.070871)  NNZ: 17 (3)  Ttime: 1.4015 Vtime: 0.0516
Step: 40800000  Loss: 0.086720 Regul: 0.040547 Obj: 0.127267 (0.070871)  NNZ: 5 (3)  Ttime: 1.3975 Vtime: 0.0519
Step: 40900000  Loss: 0.150300 Regul: 0.072422 Obj: 0.222722 (0.070871)  NNZ: 9 (3)  Ttime: 1.3995 Vtime: 0.0513
Step: 41000000  Loss: 0.149290 Regul: 0.089062 Obj: 0.238352 (0.070871)  NNZ: 11 (3)  Ttime: 1.3971 Vtime: 0.0514
Step: 41100000  Loss: 0.100943 Regul: 0.064844 Obj: 0.165787 (0.070871)  NNZ: 9 (3)  Ttime: 1.4028 Vtime: 0.0513
Step: 41200000  Loss: 0.100534 Regul: 0.055469 Obj: 0.156002 (0.070871)  NNZ: 7 (3)  Ttime: 1.3983 Vtime: 0.0505
Step: 41300000  Loss: 0.129590 Regul: 0.076484 Obj: 0.206075 (0.070871)  NNZ: 9 (3)  Ttime: 1.3981 Vtime: 0.0517
Step: 41400000  Loss: 0.068995 Regul: 0.038047 Obj: 0.107042 (0.070871)  NNZ: 6 (3)  Ttime: 1.4006 Vtime: 0.0513
Step: 41500000  Loss: 0.469418 Regul: 0.050078 Obj: 0.519496 (0.070871)  NNZ: 5 (3)  Ttime: 1.4015 Vtime: 0.0518
Step: 41600000  Loss: 0.133080 Regul: 0.077969 Obj: 0.211049 (0.070871)  NNZ: 8 (3)  Ttime: 1.3958 Vtime: 0.0519
Step: 41700000  Loss: 0.105094 Regul: 0.051094 Obj: 0.156188 (0.070871)  NNZ: 7 (3)  Ttime: 1.3978 Vtime: 0.0518
Step: 41800000  Loss: 0.104908 Regul: 0.041875 Obj: 0.146783 (0.070871)  NNZ: 7 (3)  Ttime: 1.4123 Vtime: 0.0523
Step: 41900000  Loss: 0.074414 Regul: 0.038359 Obj: 0.112773 (0.070871)  NNZ: 6 (3)  Ttime: 1.4000 Vtime: 0.0514
Step: 42000000  Loss: 0.143280 Regul: 0.060781 Obj: 0.204061 (0.070871)  NNZ: 5 (3)  Ttime: 1.3994 Vtime: 0.0510
Step: 42100000  Loss: 0.096686 Regul: 0.047734 Obj: 0.144420 (0.070871)  NNZ: 14 (3)  Ttime: 1.3966 Vtime: 0.0523
Step: 42200000  Loss: 0.124009 Regul: 0.077188 Obj: 0.201196 (0.070871)  NNZ: 12 (3)  Ttime: 1.4105 Vtime: 0.0512
Step: 42300000  Loss: 0.109362 Regul: 0.064453 Obj: 0.173815 (0.070871)  NNZ: 7 (3)  Ttime: 1.3944 Vtime: 0.0520
Step: 42400000  Loss: 0.058699 Regul: 0.029297 Obj: 0.087996 (0.070871)  NNZ: 7 (3)  Ttime: 1.3957 Vtime: 0.0514
Step: 42500000  Loss: 0.058625 Regul: 0.013203 Obj: 0.071829 (0.070871)  NNZ: 5 (3)  Ttime: 1.3970 Vtime: 0.0518
Step: 42600000  Loss: 0.119539 Regul: 0.048359 Obj: 0.167898 (0.070871)  NNZ: 6 (3)  Ttime: 1.4084 Vtime: 0.0517
Step: 42700000  Loss: 0.071336 Regul: 0.028828 Obj: 0.100164 (0.070871)  NNZ: 7 (3)  Ttime: 1.3966 Vtime: 0.0521
Step: 42800000  Loss: 0.114573 Regul: 0.081875 Obj: 0.196448 (0.070871)  NNZ: 8 (3)  Ttime: 1.4024 Vtime: 0.0515
Step: 42900000  Loss: 0.110923 Regul: 0.054375 Obj: 0.165298 (0.070871)  NNZ: 8 (3)  Ttime: 1.3996 Vtime: 0.0519
Step: 43000000  Loss: 0.074753 Regul: 0.040625 Obj: 0.115378 (0.070871)  NNZ: 5 (3)  Ttime: 1.3989 Vtime: 0.0512
Step: 43100000  Loss: 0.129167 Regul: 0.083125 Obj: 0.212292 (0.070871)  NNZ: 8 (3)  Ttime: 1.3968 Vtime: 0.0515
Step: 43200000  Loss: 0.062297 Regul: 0.022031 Obj: 0.084328 (0.070871)  NNZ: 7 (3)  Ttime: 1.3951 Vtime: 0.0523
Step: 43300000  Loss: 0.083763 Regul: 0.050313 Obj: 0.134076 (0.070871)  NNZ: 7 (3)  Ttime: 1.4008 Vtime: 0.0519
Step: 43400000  Loss: 0.091876 Regul: 0.052344 Obj: 0.144220 (0.070871)  NNZ: 7 (3)  Ttime: 1.3970 Vtime: 0.0517
Step: 43500000  Loss: 0.121506 Regul: 0.051094 Obj: 0.172599 (0.070871)  NNZ: 6 (3)  Ttime: 1.3975 Vtime: 0.0513
Step: 43600000  Loss: 0.114119 Regul: 0.062266 Obj: 0.176385 (0.070871)  NNZ: 8 (3)  Ttime: 1.3959 Vtime: 0.0510
Step: 43700000  Loss: 0.165934 Regul: 0.132734 Obj: 0.298668 (0.070871)  NNZ: 14 (3)  Ttime: 1.4029 Vtime: 0.0513
Step: 43800000  Loss: 0.090781 Regul: 0.055937 Obj: 0.146718 (0.070871)  NNZ: 9 (3)  Ttime: 1.3956 Vtime: 0.0515
Step: 43900000  Loss: 0.097638 Regul: 0.029609 Obj: 0.127247 (0.070871)  NNZ: 5 (3)  Ttime: 1.4047 Vtime: 0.0513
Step: 44000000  Loss: 0.097243 Regul: 0.040937 Obj: 0.138180 (0.070871)  NNZ: 7 (3)  Ttime: 1.3965 Vtime: 0.0521
Step: 44100000  Loss: 0.114016 Regul: 0.050000 Obj: 0.164016 (0.070871)  NNZ: 7 (3)  Ttime: 1.4017 Vtime: 0.0516
Step: 44200000  Loss: 0.112129 Regul: 0.067812 Obj: 0.179942 (0.070871)  NNZ: 10 (3)  Ttime: 1.4007 Vtime: 0.0515
Step: 44300000  Loss: 0.102636 Regul: 0.062031 Obj: 0.164667 (0.070871)  NNZ: 7 (3)  Ttime: 1.4105 Vtime: 0.0508
Step: 44400000  Loss: 0.115751 Regul: 0.083984 Obj: 0.199736 (0.070871)  NNZ: 9 (3)  Ttime: 1.3964 Vtime: 0.0518
Step: 44500000  Loss: 0.072805 Regul: 0.030859 Obj: 0.103664 (0.070871)  NNZ: 6 (3)  Ttime: 1.4106 Vtime: 0.0513
Step: 44600000  Loss: 0.084299 Regul: 0.043984 Obj: 0.128283 (0.070871)  NNZ: 7 (3)  Ttime: 1.4030 Vtime: 0.0517
Step: 44700000  Loss: 0.083329 Regul: 0.036875 Obj: 0.120204 (0.070871)  NNZ: 9 (3)  Ttime: 1.3986 Vtime: 0.0512
Step: 44800000  Loss: 0.200861 Regul: 0.133594 Obj: 0.334454 (0.070871)  NNZ: 12 (3)  Ttime: 1.4022 Vtime: 0.0510
Step: 44900000  Loss: 0.079397 Regul: 0.035156 Obj: 0.114554 (0.070871)  NNZ: 6 (3)  Ttime: 1.3965 Vtime: 0.0512
Step: 45000000  Loss: 0.151368 Regul: 0.100781 Obj: 0.252149 (0.070871)  NNZ: 16 (3)  Ttime: 1.3993 Vtime: 0.0514
Step: 45100000  Loss: 0.096732 Regul: 0.034844 Obj: 0.131576 (0.070871)  NNZ: 6 (3)  Ttime: 1.3957 Vtime: 0.0513
Step: 45200000  Loss: 0.104146 Regul: 0.062031 Obj: 0.166177 (0.070871)  NNZ: 9 (3)  Ttime: 1.4089 Vtime: 0.0517
Step: 45300000  Loss: 0.135321 Regul: 0.089531 Obj: 0.224853 (0.070871)  NNZ: 14 (3)  Ttime: 1.3977 Vtime: 0.0522
Step: 45400000  Loss: 0.084896 Regul: 0.043906 Obj: 0.128803 (0.070871)  NNZ: 10 (3)  Ttime: 1.3979 Vtime: 0.0518
Step: 45500000  Loss: 0.121400 Regul: 0.057891 Obj: 0.179291 (0.070871)  NNZ: 7 (3)  Ttime: 1.3978 Vtime: 0.0511
Step: 45600000  Loss: 0.143782 Regul: 0.089531 Obj: 0.233313 (0.070871)  NNZ: 11 (3)  Ttime: 1.3969 Vtime: 0.0517
Step: 45700000  Loss: 0.070251 Regul: 0.041016 Obj: 0.111266 (0.070871)  NNZ: 7 (3)  Ttime: 1.3967 Vtime: 0.0518
Step: 45800000  Loss: 0.213148 Regul: 0.142969 Obj: 0.356117 (0.070871)  NNZ: 16 (3)  Ttime: 1.3958 Vtime: 0.0512
Step: 45900000  Loss: 0.088040 Regul: 0.052969 Obj: 0.141009 (0.070871)  NNZ: 11 (3)  Ttime: 1.3959 Vtime: 0.0522
Step: 46000000  Loss: 0.709737 Regul: 0.037422 Obj: 0.747159 (0.070871)  NNZ: 5 (3)  Ttime: 1.4087 Vtime: 0.0508
Step: 46100000  Loss: 0.141039 Regul: 0.042500 Obj: 0.183539 (0.070871)  NNZ: 6 (3)  Ttime: 1.3962 Vtime: 0.0521
Step: 46200000  Loss: 0.090055 Regul: 0.051250 Obj: 0.141305 (0.070871)  NNZ: 9 (3)  Ttime: 1.3959 Vtime: 0.0515
Step: 46300000  Loss: 0.098281 Regul: 0.029531 Obj: 0.127812 (0.070871)  NNZ: 4 (3)  Ttime: 1.4008 Vtime: 0.0520
Step: 46400000  Loss: 0.069719 Regul: 0.019922 Obj: 0.089641 (0.070871)  NNZ: 6 (3)  Ttime: 1.3967 Vtime: 0.0516
Step: 46500000  Loss: 0.107124 Regul: 0.059687 Obj: 0.166812 (0.070871)  NNZ: 9 (3)  Ttime: 1.3970 Vtime: 0.0516
Step: 46600000  Loss: 0.100329 Regul: 0.072266 Obj: 0.172594 (0.070871)  NNZ: 10 (3)  Ttime: 1.3937 Vtime: 0.0515
Step: 46700000  Loss: 0.141761 Regul: 0.065234 Obj: 0.206996 (0.070871)  NNZ: 8 (3)  Ttime: 1.4112 Vtime: 0.0520
Step: 46800000  Loss: 0.071340 Regul: 0.029297 Obj: 0.100637 (0.070871)  NNZ: 5 (3)  Ttime: 1.3992 Vtime: 0.0514
Step: 46900000  Loss: 0.122168 Regul: 0.080781 Obj: 0.202949 (0.070871)  NNZ: 10 (3)  Ttime: 1.3973 Vtime: 0.0517
Step: 47000000  Loss: 0.125577 Regul: 0.081328 Obj: 0.206905 (0.070871)  NNZ: 11 (3)  Ttime: 1.4061 Vtime: 0.0514
Step: 47100000  Loss: 0.164673 Regul: 0.109531 Obj: 0.274205 (0.070871)  NNZ: 11 (3)  Ttime: 1.4026 Vtime: 0.0515
Step: 47200000  Loss: 0.105438 Regul: 0.077578 Obj: 0.183016 (0.070871)  NNZ: 8 (3)  Ttime: 1.3957 Vtime: 0.0509
Step: 47300000  Loss: 0.115030 Regul: 0.087344 Obj: 0.202373 (0.070871)  NNZ: 12 (3)  Ttime: 1.3967 Vtime: 0.0515
Step: 47400000  Loss: 0.075253 Regul: 0.043047 Obj: 0.118300 (0.070871)  NNZ: 10 (3)  Ttime: 1.4093 Vtime: 0.0517
Step: 47500000  Loss: 0.067803 Regul: 0.009141 Obj: 0.076943 (0.070871)  NNZ: 3 (3)  Ttime: 1.3969 Vtime: 0.0515
Step: 47600000  Loss: 0.122831 Regul: 0.054063 Obj: 0.176894 (0.070871)  NNZ: 11 (3)  Ttime: 1.4014 Vtime: 0.0515
Step: 47700000  Loss: 0.162137 Regul: 0.092500 Obj: 0.254637 (0.070871)  NNZ: 10 (3)  Ttime: 1.3982 Vtime: 0.0516
Step: 47800000  Loss: 0.084887 Regul: 0.042344 Obj: 0.127231 (0.070871)  NNZ: 6 (3)  Ttime: 1.3958 Vtime: 0.0513
Step: 47900000  Loss: 0.102223 Regul: 0.070391 Obj: 0.172614 (0.070871)  NNZ: 10 (3)  Ttime: 1.3970 Vtime: 0.0514
Step: 48000000  Loss: 0.085924 Regul: 0.035469 Obj: 0.121393 (0.070871)  NNZ: 6 (3)  Ttime: 1.3935 Vtime: 0.0510
Step: 48100000  Loss: 0.109540 Regul: 0.063750 Obj: 0.173290 (0.070871)  NNZ: 14 (3)  Ttime: 1.3968 Vtime: 0.0512
Step: 48200000  Loss: 0.073653 Regul: 0.029766 Obj: 0.103418 (0.070871)  NNZ: 4 (3)  Ttime: 1.4003 Vtime: 0.0510
Step: 48300000  Loss: 0.094351 Regul: 0.050078 Obj: 0.144430 (0.070871)  NNZ: 9 (3)  Ttime: 1.3986 Vtime: 0.0517
Step: 48400000  Loss: 0.151924 Regul: 0.099219 Obj: 0.251143 (0.070871)  NNZ: 10 (3)  Ttime: 1.4053 Vtime: 0.0516
Step: 48500000  Loss: 0.113187 Regul: 0.045391 Obj: 0.158578 (0.070871)  NNZ: 12 (3)  Ttime: 1.3990 Vtime: 0.0513
Step: 48600000  Loss: 0.102534 Regul: 0.050703 Obj: 0.153237 (0.070871)  NNZ: 10 (3)  Ttime: 1.4076 Vtime: 0.0518
Step: 48700000  Loss: 0.083656 Regul: 0.047656 Obj: 0.131312 (0.070871)  NNZ: 7 (3)  Ttime: 1.3956 Vtime: 0.0521
Step: 48800000  Loss: 0.096981 Regul: 0.066094 Obj: 0.163074 (0.070871)  NNZ: 8 (3)  Ttime: 1.3986 Vtime: 0.0520
Step: 48900000  Loss: 0.076425 Regul: 0.017109 Obj: 0.093535 (0.070871)  NNZ: 2 (3)  Ttime: 1.3981 Vtime: 0.0522
Step: 49000000  Loss: 0.063445 Regul: 0.034063 Obj: 0.097508 (0.070871)  NNZ: 8 (3)  Ttime: 1.4012 Vtime: 0.0512
Step: 49100000  Loss: 0.115280 Regul: 0.046563 Obj: 0.161843 (0.070871)  NNZ: 6 (3)  Ttime: 1.3994 Vtime: 0.0513
Step: 49200000  Loss: 0.131747 Regul: 0.083437 Obj: 0.215185 (0.070871)  NNZ: 10 (3)  Ttime: 1.4014 Vtime: 0.0527
Step: 49300000  Loss: 0.147059 Regul: 0.086875 Obj: 0.233934 (0.070871)  NNZ: 10 (3)  Ttime: 1.4008 Vtime: 0.0512
Step: 49400000  Loss: 0.053393 Regul: 0.023906 Obj: 0.077300 (0.070871)  NNZ: 6 (3)  Ttime: 1.3965 Vtime: 0.0514
Step: 49500000  Loss: 0.151387 Regul: 0.090234 Obj: 0.241621 (0.070871)  NNZ: 14 (3)  Ttime: 1.3987 Vtime: 0.0516
Step: 49600000  Loss: 0.104561 Regul: 0.074375 Obj: 0.178936 (0.070871)  NNZ: 11 (3)  Ttime: 1.5036 Vtime: 0.0519
Step: 49700000  Loss: 0.089488 Regul: 0.029687 Obj: 0.119176 (0.070871)  NNZ: 6 (3)  Ttime: 1.4594 Vtime: 0.0518
Step: 49800000  Loss: 0.101117 Regul: 0.062109 Obj: 0.163226 (0.070871)  NNZ: 7 (3)  Ttime: 1.4667 Vtime: 0.0515
Step: 49900000  Loss: 0.073364 Regul: 0.020781 Obj: 0.094145 (0.070871)  NNZ: 5 (3)  Ttime: 1.3979 Vtime: 0.0511
Step: 50000000  Loss: 0.129387 Regul: 0.068359 Obj: 0.197746 (0.070871)  NNZ: 8 (3)  Ttime: 1.3980 Vtime: 0.0514
