mu: 0.045 gamma: 0.1 nIters: 50000000
Load PRParams.
Load RingParams.
Load Labels: 500000
Load Distances: 500000 x 5120
0...10...20...30...40...50...60...70...80...90...100 - done.
Positive samples #250000
Negative samples #250000
Positive train #200000
Negative train #200000
Positive valid #50000
Negative valid #50000

Found GPU: GeForce GTX 970
Compute Capability: 5.2

Best: 100000  Loss: 0.196020 Regul: 0.214034 Obj: 0.410055 (0.410055)  NNZ: 22 (22)  Ttime: 1.4134 Vtime: 0.2513
Stat: nPR #136 (#176) Dim/MaxDim [1088/640] AUC: 0.978676 FPR95: 11.55
Best: 200000  Loss: 0.098538 Regul: 0.067361 Obj: 0.165900 (0.165900)  NNZ: 11 (11)  Ttime: 1.4030 Vtime: 0.0510
Stat: nPR #76 (#88) Dim/MaxDim [608/640] AUC: 0.974634 FPR95: 15.69 [saved]
Best: 300000  Loss: 0.067276 Regul: 0.054209 Obj: 0.121485 (0.121485)  NNZ: 10 (10)  Ttime: 1.4014 Vtime: 0.0521
Stat: nPR #64 (#80) Dim/MaxDim [512/640] AUC: 0.979598 FPR95: 11.31 [saved]
Step: 400000  Loss: 0.521417 Regul: 0.118930 Obj: 0.640346 (0.121485)  NNZ: 12 (10)  Ttime: 1.4004 Vtime: 0.0516
Best: 500000  Loss: 0.070952 Regul: 0.033729 Obj: 0.104681 (0.104681)  NNZ: 10 (10)  Ttime: 1.4002 Vtime: 0.0519
Stat: nPR #64 (#80) Dim/MaxDim [512/640] AUC: 0.974642 FPR95: 16.21 [saved]
Best: 600000  Loss: 0.059063 Regul: 0.018751 Obj: 0.077814 (0.077814)  NNZ: 8 (8)  Ttime: 1.4017 Vtime: 0.0510
Stat: nPR #56 (#64) Dim/MaxDim [448/640] AUC: 0.976930 FPR95: 13.72 [saved]
Step: 700000  Loss: 0.066030 Regul: 0.025859 Obj: 0.091889 (0.077814)  NNZ: 7 (8)  Ttime: 1.4116 Vtime: 0.0517
Step: 800000  Loss: 0.066385 Regul: 0.037288 Obj: 0.103673 (0.077814)  NNZ: 10 (8)  Ttime: 1.4100 Vtime: 0.0513
Step: 900000  Loss: 0.185423 Regul: 0.029755 Obj: 0.215178 (0.077814)  NNZ: 8 (8)  Ttime: 1.3987 Vtime: 0.0522
Step: 1000000  Loss: 0.063108 Regul: 0.040071 Obj: 0.103179 (0.077814)  NNZ: 10 (8)  Ttime: 1.4043 Vtime: 0.0511
Step: 1100000  Loss: 0.066206 Regul: 0.046130 Obj: 0.112336 (0.077814)  NNZ: 17 (8)  Ttime: 1.4025 Vtime: 0.0511
Step: 1200000  Loss: 0.067526 Regul: 0.029185 Obj: 0.096711 (0.077814)  NNZ: 10 (8)  Ttime: 1.4024 Vtime: 0.0515
Step: 1300000  Loss: 0.059139 Regul: 0.027293 Obj: 0.086432 (0.077814)  NNZ: 9 (8)  Ttime: 1.4002 Vtime: 0.0516
Step: 1400000  Loss: 0.103226 Regul: 0.019015 Obj: 0.122241 (0.077814)  NNZ: 9 (8)  Ttime: 1.4043 Vtime: 0.0513
Step: 1500000  Loss: 0.066090 Regul: 0.021877 Obj: 0.087967 (0.077814)  NNZ: 10 (8)  Ttime: 1.4022 Vtime: 0.0518
Step: 1600000  Loss: 0.058558 Regul: 0.031808 Obj: 0.090366 (0.077814)  NNZ: 9 (8)  Ttime: 1.3999 Vtime: 0.0517
Step: 1700000  Loss: 0.068185 Regul: 0.033239 Obj: 0.101424 (0.077814)  NNZ: 11 (8)  Ttime: 1.4105 Vtime: 0.0516
Step: 1800000  Loss: 0.072471 Regul: 0.064786 Obj: 0.137258 (0.077814)  NNZ: 17 (8)  Ttime: 1.4001 Vtime: 0.0524
Step: 1900000  Loss: 0.063350 Regul: 0.021250 Obj: 0.084600 (0.077814)  NNZ: 9 (8)  Ttime: 1.4477 Vtime: 0.0518
Step: 2000000  Loss: 0.074440 Regul: 0.032764 Obj: 0.107204 (0.077814)  NNZ: 11 (8)  Ttime: 1.4120 Vtime: 0.0508
Step: 2100000  Loss: 0.063598 Regul: 0.032110 Obj: 0.095709 (0.077814)  NNZ: 10 (8)  Ttime: 1.4071 Vtime: 0.0515
Step: 2200000  Loss: 0.075454 Regul: 0.045591 Obj: 0.121045 (0.077814)  NNZ: 9 (8)  Ttime: 1.4122 Vtime: 0.0517
Step: 2300000  Loss: 0.061853 Regul: 0.026980 Obj: 0.088833 (0.077814)  NNZ: 11 (8)  Ttime: 1.4062 Vtime: 0.0521
Step: 2400000  Loss: 0.069520 Regul: 0.035862 Obj: 0.105382 (0.077814)  NNZ: 9 (8)  Ttime: 1.4071 Vtime: 0.0511
Step: 2500000  Loss: 0.089324 Regul: 0.027831 Obj: 0.117155 (0.077814)  NNZ: 10 (8)  Ttime: 1.4097 Vtime: 0.0509
Step: 2600000  Loss: 0.060551 Regul: 0.034261 Obj: 0.094812 (0.077814)  NNZ: 13 (8)  Ttime: 1.4058 Vtime: 0.0508
Step: 2700000  Loss: 0.055567 Regul: 0.035066 Obj: 0.090633 (0.077814)  NNZ: 14 (8)  Ttime: 1.4101 Vtime: 0.0512
Best: 2800000  Loss: 0.056452 Regul: 0.020511 Obj: 0.076963 (0.076963)  NNZ: 7 (7)  Ttime: 1.4081 Vtime: 0.0512
Stat: nPR #48 (#56) Dim/MaxDim [384/640] AUC: 0.978174 FPR95: 11.84 [saved]
Step: 2900000  Loss: 0.082658 Regul: 0.034445 Obj: 0.117103 (0.076963)  NNZ: 9 (7)  Ttime: 1.4076 Vtime: 0.0516
Step: 3000000  Loss: 0.069589 Regul: 0.034239 Obj: 0.103828 (0.076963)  NNZ: 9 (7)  Ttime: 1.4089 Vtime: 0.0514
Step: 3100000  Loss: 0.076338 Regul: 0.018471 Obj: 0.094809 (0.076963)  NNZ: 9 (7)  Ttime: 1.4104 Vtime: 0.0508
Step: 3200000  Loss: 0.085667 Regul: 0.010360 Obj: 0.096027 (0.076963)  NNZ: 4 (7)  Ttime: 1.4126 Vtime: 0.0515
Step: 3300000  Loss: 0.070807 Regul: 0.012854 Obj: 0.083661 (0.076963)  NNZ: 5 (7)  Ttime: 1.4099 Vtime: 0.0515
Step: 3400000  Loss: 0.089615 Regul: 0.014821 Obj: 0.104436 (0.076963)  NNZ: 6 (7)  Ttime: 1.4088 Vtime: 0.0512
Step: 3500000  Loss: 0.057267 Regul: 0.031149 Obj: 0.088416 (0.076963)  NNZ: 11 (7)  Ttime: 1.4042 Vtime: 0.0514
Step: 3600000  Loss: 0.054350 Regul: 0.027589 Obj: 0.081939 (0.076963)  NNZ: 16 (7)  Ttime: 1.4180 Vtime: 0.0515
Step: 3700000  Loss: 0.059163 Regul: 0.029106 Obj: 0.088269 (0.076963)  NNZ: 14 (7)  Ttime: 1.4069 Vtime: 0.0509
Step: 3800000  Loss: 0.058877 Regul: 0.033398 Obj: 0.092276 (0.076963)  NNZ: 14 (7)  Ttime: 1.4051 Vtime: 0.0513
Step: 3900000  Loss: 0.263424 Regul: 0.054594 Obj: 0.318018 (0.076963)  NNZ: 18 (7)  Ttime: 1.4103 Vtime: 0.0511
Step: 4000000  Loss: 0.063439 Regul: 0.025851 Obj: 0.089290 (0.076963)  NNZ: 12 (7)  Ttime: 1.4115 Vtime: 0.0513
Step: 4100000  Loss: 0.056160 Regul: 0.021912 Obj: 0.078072 (0.076963)  NNZ: 9 (7)  Ttime: 1.4062 Vtime: 0.0516
Step: 4200000  Loss: 0.080614 Regul: 0.023626 Obj: 0.104240 (0.076963)  NNZ: 9 (7)  Ttime: 1.4087 Vtime: 0.0510
Step: 4300000  Loss: 0.058256 Regul: 0.034747 Obj: 0.093003 (0.076963)  NNZ: 18 (7)  Ttime: 1.4080 Vtime: 0.0509
Step: 4400000  Loss: 0.056767 Regul: 0.020786 Obj: 0.077553 (0.076963)  NNZ: 6 (7)  Ttime: 1.4084 Vtime: 0.0519
Step: 4500000  Loss: 0.050358 Regul: 0.026938 Obj: 0.077297 (0.076963)  NNZ: 10 (7)  Ttime: 1.4074 Vtime: 0.0513
Step: 4600000  Loss: 0.063467 Regul: 0.034851 Obj: 0.098318 (0.076963)  NNZ: 14 (7)  Ttime: 1.4075 Vtime: 0.0518
Step: 4700000  Loss: 0.061340 Regul: 0.022181 Obj: 0.083521 (0.076963)  NNZ: 10 (7)  Ttime: 1.4110 Vtime: 0.0517
Best: 4800000  Loss: 0.054810 Regul: 0.016633 Obj: 0.071443 (0.071443)  NNZ: 10 (10)  Ttime: 1.4064 Vtime: 0.0515
Stat: nPR #72 (#80) Dim/MaxDim [576/640] AUC: 0.979912 FPR95: 10.43 [saved]
Step: 4900000  Loss: 0.058059 Regul: 0.016636 Obj: 0.074695 (0.071443)  NNZ: 11 (10)  Ttime: 1.4005 Vtime: 0.0516
Step: 5000000  Loss: 0.064435 Regul: 0.019907 Obj: 0.084342 (0.071443)  NNZ: 10 (10)  Ttime: 1.4122 Vtime: 0.0514
Step: 5100000  Loss: 0.063832 Regul: 0.029696 Obj: 0.093528 (0.071443)  NNZ: 12 (10)  Ttime: 1.4190 Vtime: 0.0525
Step: 5200000  Loss: 0.057058 Regul: 0.020709 Obj: 0.077768 (0.071443)  NNZ: 10 (10)  Ttime: 1.4057 Vtime: 0.0517
Step: 5300000  Loss: 0.061233 Regul: 0.037606 Obj: 0.098840 (0.071443)  NNZ: 15 (10)  Ttime: 1.4076 Vtime: 0.0512
Step: 5400000  Loss: 0.053012 Regul: 0.030542 Obj: 0.083554 (0.071443)  NNZ: 11 (10)  Ttime: 1.4126 Vtime: 0.0510
Step: 5500000  Loss: 0.052050 Regul: 0.022956 Obj: 0.075006 (0.071443)  NNZ: 8 (10)  Ttime: 1.4064 Vtime: 0.0516
Step: 5600000  Loss: 0.056983 Regul: 0.022994 Obj: 0.079977 (0.071443)  NNZ: 8 (10)  Ttime: 1.4111 Vtime: 0.0510
Step: 5700000  Loss: 0.075022 Regul: 0.028120 Obj: 0.103142 (0.071443)  NNZ: 14 (10)  Ttime: 1.4058 Vtime: 0.0522
Step: 5800000  Loss: 0.051258 Regul: 0.026279 Obj: 0.077538 (0.071443)  NNZ: 12 (10)  Ttime: 1.4197 Vtime: 0.0508
Step: 5900000  Loss: 0.059593 Regul: 0.018935 Obj: 0.078528 (0.071443)  NNZ: 8 (10)  Ttime: 1.4073 Vtime: 0.0508
Step: 6000000  Loss: 0.068762 Regul: 0.043017 Obj: 0.111779 (0.071443)  NNZ: 16 (10)  Ttime: 1.4292 Vtime: 0.0517
Step: 6100000  Loss: 0.055678 Regul: 0.022407 Obj: 0.078084 (0.071443)  NNZ: 9 (10)  Ttime: 1.4110 Vtime: 0.0516
Step: 6200000  Loss: 0.064077 Regul: 0.036700 Obj: 0.100777 (0.071443)  NNZ: 16 (10)  Ttime: 1.4085 Vtime: 0.0524
Step: 6300000  Loss: 0.076034 Regul: 0.019797 Obj: 0.095831 (0.071443)  NNZ: 13 (10)  Ttime: 1.4077 Vtime: 0.0510
Step: 6400000  Loss: 0.071625 Regul: 0.029218 Obj: 0.100843 (0.071443)  NNZ: 12 (10)  Ttime: 1.4064 Vtime: 0.0510
Step: 6500000  Loss: 0.085140 Regul: 0.026010 Obj: 0.111150 (0.071443)  NNZ: 11 (10)  Ttime: 1.4083 Vtime: 0.0511
Step: 6600000  Loss: 0.055229 Regul: 0.020583 Obj: 0.075812 (0.071443)  NNZ: 11 (10)  Ttime: 1.4098 Vtime: 0.0511
Step: 6700000  Loss: 0.050828 Regul: 0.025016 Obj: 0.075844 (0.071443)  NNZ: 13 (10)  Ttime: 1.4234 Vtime: 0.0517
Step: 6800000  Loss: 0.061928 Regul: 0.044352 Obj: 0.106280 (0.071443)  NNZ: 17 (10)  Ttime: 1.4164 Vtime: 0.0515
Step: 6900000  Loss: 0.053903 Regul: 0.025983 Obj: 0.079885 (0.071443)  NNZ: 9 (10)  Ttime: 1.4097 Vtime: 0.0516
Step: 7000000  Loss: 0.057325 Regul: 0.031575 Obj: 0.088900 (0.071443)  NNZ: 12 (10)  Ttime: 1.4050 Vtime: 0.0507
Step: 7100000  Loss: 0.060551 Regul: 0.048049 Obj: 0.108600 (0.071443)  NNZ: 20 (10)  Ttime: 1.4414 Vtime: 0.0513
Step: 7200000  Loss: 0.054843 Regul: 0.031130 Obj: 0.085972 (0.071443)  NNZ: 10 (10)  Ttime: 1.4068 Vtime: 0.0517
Step: 7300000  Loss: 0.091307 Regul: 0.053806 Obj: 0.145113 (0.071443)  NNZ: 21 (10)  Ttime: 1.4053 Vtime: 0.0512
Step: 7400000  Loss: 0.064764 Regul: 0.033289 Obj: 0.098052 (0.071443)  NNZ: 16 (10)  Ttime: 1.4071 Vtime: 0.0514
Step: 7500000  Loss: 0.066420 Regul: 0.018287 Obj: 0.084707 (0.071443)  NNZ: 11 (10)  Ttime: 1.4120 Vtime: 0.0517
Step: 7600000  Loss: 0.067579 Regul: 0.051383 Obj: 0.118962 (0.071443)  NNZ: 21 (10)  Ttime: 1.4078 Vtime: 0.0514
Step: 7700000  Loss: 0.053850 Regul: 0.028619 Obj: 0.082470 (0.071443)  NNZ: 13 (10)  Ttime: 1.4035 Vtime: 0.0511
Step: 7800000  Loss: 0.053413 Regul: 0.027043 Obj: 0.080456 (0.071443)  NNZ: 10 (10)  Ttime: 1.4159 Vtime: 0.0518
Step: 7900000  Loss: 0.056826 Regul: 0.023450 Obj: 0.080276 (0.071443)  NNZ: 12 (10)  Ttime: 1.4079 Vtime: 0.0527
Step: 8000000  Loss: 0.069668 Regul: 0.029817 Obj: 0.099485 (0.071443)  NNZ: 12 (10)  Ttime: 1.4066 Vtime: 0.0517
Step: 8100000  Loss: 0.054095 Regul: 0.025307 Obj: 0.079402 (0.071443)  NNZ: 12 (10)  Ttime: 1.4088 Vtime: 0.0511
Step: 8200000  Loss: 0.058889 Regul: 0.020297 Obj: 0.079186 (0.071443)  NNZ: 9 (10)  Ttime: 1.4172 Vtime: 0.0515
Step: 8300000  Loss: 0.058879 Regul: 0.018951 Obj: 0.077831 (0.071443)  NNZ: 10 (10)  Ttime: 1.4081 Vtime: 0.0510
Step: 8400000  Loss: 0.065801 Regul: 0.032371 Obj: 0.098172 (0.071443)  NNZ: 15 (10)  Ttime: 1.4083 Vtime: 0.0513
Step: 8500000  Loss: 0.066341 Regul: 0.029169 Obj: 0.095509 (0.071443)  NNZ: 13 (10)  Ttime: 1.4231 Vtime: 0.0518
Step: 8600000  Loss: 0.064569 Regul: 0.029493 Obj: 0.094062 (0.071443)  NNZ: 14 (10)  Ttime: 1.4103 Vtime: 0.0516
Step: 8700000  Loss: 0.056427 Regul: 0.033821 Obj: 0.090249 (0.071443)  NNZ: 17 (10)  Ttime: 1.4073 Vtime: 0.0511
Step: 8800000  Loss: 0.056344 Regul: 0.023555 Obj: 0.079899 (0.071443)  NNZ: 12 (10)  Ttime: 1.4057 Vtime: 0.0520
Step: 8900000  Loss: 0.052891 Regul: 0.032624 Obj: 0.085515 (0.071443)  NNZ: 16 (10)  Ttime: 1.4179 Vtime: 0.0514
Step: 9000000  Loss: 0.056817 Regul: 0.021105 Obj: 0.077921 (0.071443)  NNZ: 11 (10)  Ttime: 1.4061 Vtime: 0.0520
Step: 9100000  Loss: 0.062271 Regul: 0.034882 Obj: 0.097153 (0.071443)  NNZ: 12 (10)  Ttime: 1.4101 Vtime: 0.0523
Step: 9200000  Loss: 0.053374 Regul: 0.025263 Obj: 0.078637 (0.071443)  NNZ: 13 (10)  Ttime: 1.4140 Vtime: 0.0523
Step: 9300000  Loss: 0.050992 Regul: 0.028707 Obj: 0.079699 (0.071443)  NNZ: 19 (10)  Ttime: 1.4220 Vtime: 0.0518
Step: 9400000  Loss: 0.052328 Regul: 0.024763 Obj: 0.077091 (0.071443)  NNZ: 14 (10)  Ttime: 1.4414 Vtime: 0.0519
Step: 9500000  Loss: 0.066724 Regul: 0.033745 Obj: 0.100469 (0.071443)  NNZ: 18 (10)  Ttime: 1.4021 Vtime: 0.0509
Step: 9600000  Loss: 0.052789 Regul: 0.028900 Obj: 0.081688 (0.071443)  NNZ: 14 (10)  Ttime: 1.3996 Vtime: 0.0516
Step: 9700000  Loss: 0.052138 Regul: 0.019512 Obj: 0.071649 (0.071443)  NNZ: 13 (10)  Ttime: 1.4037 Vtime: 0.0508
Step: 9800000  Loss: 0.071736 Regul: 0.025675 Obj: 0.097411 (0.071443)  NNZ: 15 (10)  Ttime: 1.3964 Vtime: 0.0521
Step: 9900000  Loss: 0.065552 Regul: 0.042830 Obj: 0.108382 (0.071443)  NNZ: 17 (10)  Ttime: 1.4065 Vtime: 0.0512
Step: 10000000  Loss: 0.053852 Regul: 0.026351 Obj: 0.080203 (0.071443)  NNZ: 14 (10)  Ttime: 1.4026 Vtime: 0.0512
Step: 10100000  Loss: 0.055975 Regul: 0.016902 Obj: 0.072878 (0.071443)  NNZ: 14 (10)  Ttime: 1.4014 Vtime: 0.0521
Step: 10200000  Loss: 0.051694 Regul: 0.020067 Obj: 0.071760 (0.071443)  NNZ: 13 (10)  Ttime: 1.4465 Vtime: 0.0519
Step: 10300000  Loss: 0.050332 Regul: 0.029526 Obj: 0.079858 (0.071443)  NNZ: 12 (10)  Ttime: 1.4041 Vtime: 0.0517
Step: 10400000  Loss: 0.056326 Regul: 0.030196 Obj: 0.086522 (0.071443)  NNZ: 16 (10)  Ttime: 1.4162 Vtime: 0.0510
Step: 10500000  Loss: 0.050234 Regul: 0.021616 Obj: 0.071850 (0.071443)  NNZ: 13 (10)  Ttime: 1.4052 Vtime: 0.0514
Step: 10600000  Loss: 0.059620 Regul: 0.016463 Obj: 0.076083 (0.071443)  NNZ: 12 (10)  Ttime: 1.4018 Vtime: 0.0511
Step: 10700000  Loss: 0.071946 Regul: 0.017512 Obj: 0.089458 (0.071443)  NNZ: 11 (10)  Ttime: 1.4008 Vtime: 0.0512
Step: 10800000  Loss: 0.056059 Regul: 0.023687 Obj: 0.079746 (0.071443)  NNZ: 14 (10)  Ttime: 1.4001 Vtime: 0.0511
Step: 10900000  Loss: 0.050398 Regul: 0.027823 Obj: 0.078220 (0.071443)  NNZ: 17 (10)  Ttime: 1.4090 Vtime: 0.0518
Step: 11000000  Loss: 0.057021 Regul: 0.030635 Obj: 0.087656 (0.071443)  NNZ: 15 (10)  Ttime: 1.4029 Vtime: 0.0509
Step: 11100000  Loss: 0.062097 Regul: 0.015293 Obj: 0.077390 (0.071443)  NNZ: 12 (10)  Ttime: 1.4098 Vtime: 0.0513
Step: 11200000  Loss: 0.058775 Regul: 0.019199 Obj: 0.077973 (0.071443)  NNZ: 11 (10)  Ttime: 1.4082 Vtime: 0.0518
Step: 11300000  Loss: 0.054394 Regul: 0.029301 Obj: 0.083694 (0.071443)  NNZ: 13 (10)  Ttime: 1.4026 Vtime: 0.0516
Step: 11400000  Loss: 0.056397 Regul: 0.019254 Obj: 0.075650 (0.071443)  NNZ: 11 (10)  Ttime: 1.4068 Vtime: 0.0511
Step: 11500000  Loss: 0.073043 Regul: 0.019243 Obj: 0.092285 (0.071443)  NNZ: 9 (10)  Ttime: 1.4113 Vtime: 0.0522
Step: 11600000  Loss: 0.056288 Regul: 0.025087 Obj: 0.081375 (0.071443)  NNZ: 14 (10)  Ttime: 1.4031 Vtime: 0.0511
Step: 11700000  Loss: 0.060593 Regul: 0.019259 Obj: 0.079852 (0.071443)  NNZ: 11 (10)  Ttime: 1.4001 Vtime: 0.0527
Step: 11800000  Loss: 0.051713 Regul: 0.028130 Obj: 0.079843 (0.071443)  NNZ: 15 (10)  Ttime: 1.4014 Vtime: 0.0515
Step: 11900000  Loss: 0.059910 Regul: 0.032113 Obj: 0.092023 (0.071443)  NNZ: 17 (10)  Ttime: 1.4038 Vtime: 0.0518
Step: 12000000  Loss: 0.068650 Regul: 0.017759 Obj: 0.086409 (0.071443)  NNZ: 11 (10)  Ttime: 1.4017 Vtime: 0.0509
Step: 12100000  Loss: 0.063391 Regul: 0.023027 Obj: 0.086419 (0.071443)  NNZ: 9 (10)  Ttime: 1.4013 Vtime: 0.0523
Step: 12200000  Loss: 0.059964 Regul: 0.017688 Obj: 0.077652 (0.071443)  NNZ: 11 (10)  Ttime: 1.3998 Vtime: 0.0511
Step: 12300000  Loss: 0.056884 Regul: 0.022324 Obj: 0.079208 (0.071443)  NNZ: 11 (10)  Ttime: 1.4041 Vtime: 0.0518
Step: 12400000  Loss: 0.053763 Regul: 0.026730 Obj: 0.080493 (0.071443)  NNZ: 14 (10)  Ttime: 1.4018 Vtime: 0.0514
Step: 12500000  Loss: 0.054347 Regul: 0.022225 Obj: 0.076572 (0.071443)  NNZ: 16 (10)  Ttime: 1.4006 Vtime: 0.0521
Step: 12600000  Loss: 0.064037 Regul: 0.018303 Obj: 0.082340 (0.071443)  NNZ: 12 (10)  Ttime: 1.4042 Vtime: 0.0510
Step: 12700000  Loss: 0.070888 Regul: 0.027350 Obj: 0.098238 (0.071443)  NNZ: 14 (10)  Ttime: 1.4178 Vtime: 0.0516
Step: 12800000  Loss: 0.060630 Regul: 0.035491 Obj: 0.096122 (0.071443)  NNZ: 15 (10)  Ttime: 1.3943 Vtime: 0.0517
Step: 12900000  Loss: 0.062813 Regul: 0.023439 Obj: 0.086252 (0.071443)  NNZ: 12 (10)  Ttime: 1.4026 Vtime: 0.0509
Step: 13000000  Loss: 0.056045 Regul: 0.018748 Obj: 0.074793 (0.071443)  NNZ: 13 (10)  Ttime: 1.4050 Vtime: 0.0526
Step: 13100000  Loss: 0.054899 Regul: 0.026153 Obj: 0.081052 (0.071443)  NNZ: 15 (10)  Ttime: 1.4015 Vtime: 0.0517
Step: 13200000  Loss: 0.067271 Regul: 0.023873 Obj: 0.091144 (0.071443)  NNZ: 11 (10)  Ttime: 1.4015 Vtime: 0.0516
Step: 13300000  Loss: 0.054374 Regul: 0.024181 Obj: 0.078554 (0.071443)  NNZ: 14 (10)  Ttime: 1.4024 Vtime: 0.0530
Step: 13400000  Loss: 0.054195 Regul: 0.026021 Obj: 0.080216 (0.071443)  NNZ: 16 (10)  Ttime: 1.4413 Vtime: 0.0513
Step: 13500000  Loss: 0.082228 Regul: 0.024505 Obj: 0.106733 (0.071443)  NNZ: 11 (10)  Ttime: 1.4072 Vtime: 0.0512
Step: 13600000  Loss: 0.054439 Regul: 0.021561 Obj: 0.076000 (0.071443)  NNZ: 12 (10)  Ttime: 1.4069 Vtime: 0.0517
Step: 13700000  Loss: 0.066575 Regul: 0.017402 Obj: 0.083977 (0.071443)  NNZ: 13 (10)  Ttime: 1.4100 Vtime: 0.0529
Step: 13800000  Loss: 0.065567 Regul: 0.013546 Obj: 0.079113 (0.071443)  NNZ: 9 (10)  Ttime: 1.4099 Vtime: 0.0514
Step: 13900000  Loss: 0.054647 Regul: 0.019050 Obj: 0.073698 (0.071443)  NNZ: 14 (10)  Ttime: 1.4153 Vtime: 0.0514
Step: 14000000  Loss: 0.057281 Regul: 0.020671 Obj: 0.077952 (0.071443)  NNZ: 12 (10)  Ttime: 1.4099 Vtime: 0.0516
Step: 14100000  Loss: 0.061596 Regul: 0.019012 Obj: 0.080608 (0.071443)  NNZ: 11 (10)  Ttime: 1.4120 Vtime: 0.0517
Step: 14200000  Loss: 0.052088 Regul: 0.024269 Obj: 0.076356 (0.071443)  NNZ: 14 (10)  Ttime: 1.4098 Vtime: 0.0519
Step: 14300000  Loss: 0.059595 Regul: 0.021555 Obj: 0.081151 (0.071443)  NNZ: 14 (10)  Ttime: 1.4105 Vtime: 0.0511
Step: 14400000  Loss: 0.055951 Regul: 0.021385 Obj: 0.077336 (0.071443)  NNZ: 13 (10)  Ttime: 1.4055 Vtime: 0.0511
Step: 14500000  Loss: 0.060524 Regul: 0.017518 Obj: 0.078042 (0.071443)  NNZ: 13 (10)  Ttime: 1.4064 Vtime: 0.0517
Step: 14600000  Loss: 0.054547 Regul: 0.025444 Obj: 0.079992 (0.071443)  NNZ: 15 (10)  Ttime: 1.4078 Vtime: 0.0512
Step: 14700000  Loss: 0.051556 Regul: 0.030822 Obj: 0.082378 (0.071443)  NNZ: 14 (10)  Ttime: 1.4131 Vtime: 0.0511
Step: 14800000  Loss: 0.056435 Regul: 0.019863 Obj: 0.076298 (0.071443)  NNZ: 12 (10)  Ttime: 1.4129 Vtime: 0.0518
Step: 14900000  Loss: 0.061911 Regul: 0.015485 Obj: 0.077396 (0.071443)  NNZ: 9 (10)  Ttime: 1.4086 Vtime: 0.0509
Step: 15000000  Loss: 0.066129 Regul: 0.030509 Obj: 0.096638 (0.071443)  NNZ: 18 (10)  Ttime: 1.4086 Vtime: 0.0522
Step: 15100000  Loss: 0.055000 Regul: 0.021220 Obj: 0.076220 (0.071443)  NNZ: 15 (10)  Ttime: 1.4067 Vtime: 0.0514
Step: 15200000  Loss: 0.050889 Regul: 0.021995 Obj: 0.072884 (0.071443)  NNZ: 16 (10)  Ttime: 1.4085 Vtime: 0.0512
Step: 15300000  Loss: 0.051431 Regul: 0.027378 Obj: 0.078809 (0.071443)  NNZ: 16 (10)  Ttime: 1.4078 Vtime: 0.0513
Step: 15400000  Loss: 0.055540 Regul: 0.021341 Obj: 0.076881 (0.071443)  NNZ: 13 (10)  Ttime: 1.4239 Vtime: 0.0514
Step: 15500000  Loss: 0.075419 Regul: 0.020045 Obj: 0.095463 (0.071443)  NNZ: 11 (10)  Ttime: 1.4060 Vtime: 0.0522
Step: 15600000  Loss: 0.063422 Regul: 0.015315 Obj: 0.078737 (0.071443)  NNZ: 10 (10)  Ttime: 1.4079 Vtime: 0.0516
Step: 15700000  Loss: 0.074615 Regul: 0.033118 Obj: 0.107733 (0.071443)  NNZ: 18 (10)  Ttime: 1.4139 Vtime: 0.0510
Step: 15800000  Loss: 0.052031 Regul: 0.022484 Obj: 0.074514 (0.071443)  NNZ: 15 (10)  Ttime: 1.4077 Vtime: 0.0511
Step: 15900000  Loss: 0.058145 Regul: 0.014650 Obj: 0.072795 (0.071443)  NNZ: 11 (10)  Ttime: 1.4045 Vtime: 0.0515
Step: 16000000  Loss: 0.054775 Regul: 0.027878 Obj: 0.082653 (0.071443)  NNZ: 14 (10)  Ttime: 1.4075 Vtime: 0.0515
Step: 16100000  Loss: 0.078255 Regul: 0.013596 Obj: 0.091851 (0.071443)  NNZ: 7 (10)  Ttime: 1.4133 Vtime: 0.0513
Step: 16200000  Loss: 0.054010 Regul: 0.019874 Obj: 0.073884 (0.071443)  NNZ: 16 (10)  Ttime: 1.4071 Vtime: 0.0524
Step: 16300000  Loss: 0.053138 Regul: 0.024977 Obj: 0.078115 (0.071443)  NNZ: 16 (10)  Ttime: 1.4084 Vtime: 0.0514
Step: 16400000  Loss: 0.051072 Regul: 0.020836 Obj: 0.071908 (0.071443)  NNZ: 14 (10)  Ttime: 1.4205 Vtime: 0.0515
Step: 16500000  Loss: 0.056156 Regul: 0.017271 Obj: 0.073426 (0.071443)  NNZ: 13 (10)  Ttime: 1.4091 Vtime: 0.0516
Step: 16600000  Loss: 0.051347 Regul: 0.030174 Obj: 0.081521 (0.071443)  NNZ: 16 (10)  Ttime: 1.4073 Vtime: 0.0519
Step: 16700000  Loss: 0.069485 Regul: 0.023346 Obj: 0.092830 (0.071443)  NNZ: 14 (10)  Ttime: 1.4140 Vtime: 0.0521
Step: 16800000  Loss: 0.055760 Regul: 0.032602 Obj: 0.088362 (0.071443)  NNZ: 21 (10)  Ttime: 1.4055 Vtime: 0.0521
Best: 16900000  Loss: 0.052019 Regul: 0.016650 Obj: 0.068669 (0.068669)  NNZ: 12 (12)  Ttime: 1.4085 Vtime: 0.0519
Stat: nPR #88 (#96) Dim/MaxDim [704/640] AUC: 0.981037 FPR95: 9.60
Step: 17000000  Loss: 0.064461 Regul: 0.012294 Obj: 0.076754 (0.068669)  NNZ: 11 (12)  Ttime: 1.4095 Vtime: 0.0511
Step: 17100000  Loss: 0.050433 Regul: 0.025384 Obj: 0.075817 (0.068669)  NNZ: 14 (12)  Ttime: 1.4068 Vtime: 0.0514
Step: 17200000  Loss: 0.062206 Regul: 0.022945 Obj: 0.085151 (0.068669)  NNZ: 13 (12)  Ttime: 1.4096 Vtime: 0.0519
Step: 17300000  Loss: 0.053366 Regul: 0.020176 Obj: 0.073542 (0.068669)  NNZ: 15 (12)  Ttime: 1.4112 Vtime: 0.0515
Step: 17400000  Loss: 0.070246 Regul: 0.012222 Obj: 0.082469 (0.068669)  NNZ: 11 (12)  Ttime: 1.4121 Vtime: 0.0512
Step: 17500000  Loss: 0.050623 Regul: 0.020407 Obj: 0.071030 (0.068669)  NNZ: 13 (12)  Ttime: 1.4106 Vtime: 0.0510
Step: 17600000  Loss: 0.053193 Regul: 0.019358 Obj: 0.072551 (0.068669)  NNZ: 10 (12)  Ttime: 1.4347 Vtime: 0.0514
Step: 17700000  Loss: 0.050380 Regul: 0.021736 Obj: 0.072116 (0.068669)  NNZ: 14 (12)  Ttime: 1.4065 Vtime: 0.0521
Step: 17800000  Loss: 0.130828 Regul: 0.035826 Obj: 0.166654 (0.068669)  NNZ: 20 (12)  Ttime: 1.4089 Vtime: 0.0515
Step: 17900000  Loss: 0.082896 Regul: 0.023549 Obj: 0.106445 (0.068669)  NNZ: 17 (12)  Ttime: 1.4095 Vtime: 0.0512
Step: 18000000  Loss: 0.059321 Regul: 0.022824 Obj: 0.082145 (0.068669)  NNZ: 19 (12)  Ttime: 1.4549 Vtime: 0.0514
Step: 18100000  Loss: 0.054034 Regul: 0.018831 Obj: 0.072865 (0.068669)  NNZ: 10 (12)  Ttime: 1.4021 Vtime: 0.0518
Step: 18200000  Loss: 0.052526 Regul: 0.020605 Obj: 0.073131 (0.068669)  NNZ: 18 (12)  Ttime: 1.4138 Vtime: 0.0518
Step: 18300000  Loss: 0.063758 Regul: 0.025362 Obj: 0.089120 (0.068669)  NNZ: 17 (12)  Ttime: 1.4061 Vtime: 0.0520
Step: 18400000  Loss: 0.062502 Regul: 0.014233 Obj: 0.076735 (0.068669)  NNZ: 9 (12)  Ttime: 1.4025 Vtime: 0.0519
Step: 18500000  Loss: 0.057139 Regul: 0.021319 Obj: 0.078458 (0.068669)  NNZ: 16 (12)  Ttime: 1.4017 Vtime: 0.0520
Step: 18600000  Loss: 0.101989 Regul: 0.024274 Obj: 0.126264 (0.068669)  NNZ: 15 (12)  Ttime: 1.4063 Vtime: 0.0524
Step: 18700000  Loss: 0.054808 Regul: 0.025834 Obj: 0.080642 (0.068669)  NNZ: 10 (12)  Ttime: 1.4018 Vtime: 0.0512
Step: 18800000  Loss: 0.053951 Regul: 0.021308 Obj: 0.075259 (0.068669)  NNZ: 15 (12)  Ttime: 1.4013 Vtime: 0.0520
Step: 18900000  Loss: 0.068670 Regul: 0.012508 Obj: 0.081178 (0.068669)  NNZ: 12 (12)  Ttime: 1.4017 Vtime: 0.0513
Step: 19000000  Loss: 0.053061 Regul: 0.021313 Obj: 0.074375 (0.068669)  NNZ: 14 (12)  Ttime: 1.4050 Vtime: 0.0515
Step: 19100000  Loss: 0.050216 Regul: 0.023456 Obj: 0.073672 (0.068669)  NNZ: 15 (12)  Ttime: 1.4110 Vtime: 0.0519
Step: 19200000  Loss: 0.055778 Regul: 0.016122 Obj: 0.071900 (0.068669)  NNZ: 9 (12)  Ttime: 1.4012 Vtime: 0.0514
Step: 19300000  Loss: 0.059851 Regul: 0.015754 Obj: 0.075605 (0.068669)  NNZ: 13 (12)  Ttime: 1.4051 Vtime: 0.0513
Step: 19400000  Loss: 0.076601 Regul: 0.010887 Obj: 0.087488 (0.068669)  NNZ: 9 (12)  Ttime: 1.4030 Vtime: 0.0521
Step: 19500000  Loss: 0.060627 Regul: 0.028317 Obj: 0.088944 (0.068669)  NNZ: 14 (12)  Ttime: 1.4532 Vtime: 0.0511
Step: 19600000  Loss: 0.054610 Regul: 0.024357 Obj: 0.078966 (0.068669)  NNZ: 17 (12)  Ttime: 1.4212 Vtime: 0.0510
Step: 19700000  Loss: 0.052545 Regul: 0.019248 Obj: 0.071793 (0.068669)  NNZ: 11 (12)  Ttime: 1.4088 Vtime: 0.0518
Step: 19800000  Loss: 0.059443 Regul: 0.025351 Obj: 0.084794 (0.068669)  NNZ: 17 (12)  Ttime: 1.4188 Vtime: 0.0519
Step: 19900000  Loss: 0.057178 Regul: 0.018353 Obj: 0.075531 (0.068669)  NNZ: 13 (12)  Ttime: 1.4097 Vtime: 0.0520
Step: 20000000  Loss: 0.053091 Regul: 0.020056 Obj: 0.073146 (0.068669)  NNZ: 12 (12)  Ttime: 1.4103 Vtime: 0.0523
Step: 20100000  Loss: 0.058069 Regul: 0.016249 Obj: 0.074318 (0.068669)  NNZ: 12 (12)  Ttime: 1.4075 Vtime: 0.0509
Step: 20200000  Loss: 0.060393 Regul: 0.024472 Obj: 0.084865 (0.068669)  NNZ: 14 (12)  Ttime: 1.4103 Vtime: 0.0514
Step: 20300000  Loss: 0.053270 Regul: 0.016957 Obj: 0.070228 (0.068669)  NNZ: 15 (12)  Ttime: 1.4150 Vtime: 0.0520
Step: 20400000  Loss: 0.066755 Regul: 0.020407 Obj: 0.087162 (0.068669)  NNZ: 13 (12)  Ttime: 1.4073 Vtime: 0.0521
Step: 20500000  Loss: 0.055206 Regul: 0.020407 Obj: 0.075613 (0.068669)  NNZ: 16 (12)  Ttime: 1.4154 Vtime: 0.0509
Step: 20600000  Loss: 0.065056 Regul: 0.013541 Obj: 0.078596 (0.068669)  NNZ: 12 (12)  Ttime: 1.4083 Vtime: 0.0514
Step: 20700000  Loss: 0.056472 Regul: 0.020034 Obj: 0.076506 (0.068669)  NNZ: 14 (12)  Ttime: 1.4131 Vtime: 0.0517
Step: 20800000  Loss: 0.062488 Regul: 0.028630 Obj: 0.091119 (0.068669)  NNZ: 13 (12)  Ttime: 1.4181 Vtime: 0.0514
Step: 20900000  Loss: 0.055239 Regul: 0.021654 Obj: 0.076893 (0.068669)  NNZ: 14 (12)  Ttime: 1.4350 Vtime: 0.0516
Step: 21000000  Loss: 0.063565 Regul: 0.020325 Obj: 0.083890 (0.068669)  NNZ: 11 (12)  Ttime: 1.4136 Vtime: 0.0517
Step: 21100000  Loss: 0.051682 Regul: 0.018204 Obj: 0.069886 (0.068669)  NNZ: 14 (12)  Ttime: 1.4112 Vtime: 0.0515
Step: 21200000  Loss: 0.055003 Regul: 0.018545 Obj: 0.073548 (0.068669)  NNZ: 11 (12)  Ttime: 1.4088 Vtime: 0.0519
Step: 21300000  Loss: 0.066475 Regul: 0.022939 Obj: 0.089415 (0.068669)  NNZ: 16 (12)  Ttime: 1.4180 Vtime: 0.0518
Step: 21400000  Loss: 0.054605 Regul: 0.021346 Obj: 0.075952 (0.068669)  NNZ: 10 (12)  Ttime: 1.4075 Vtime: 0.0517
Step: 21500000  Loss: 0.051377 Regul: 0.024236 Obj: 0.075612 (0.068669)  NNZ: 14 (12)  Ttime: 1.4076 Vtime: 0.0513
Step: 21600000  Loss: 0.063464 Regul: 0.019611 Obj: 0.083075 (0.068669)  NNZ: 13 (12)  Ttime: 1.4143 Vtime: 0.0513
Step: 21700000  Loss: 0.058573 Regul: 0.017743 Obj: 0.076315 (0.068669)  NNZ: 15 (12)  Ttime: 1.4163 Vtime: 0.0515
Step: 21800000  Loss: 0.059596 Regul: 0.016117 Obj: 0.075713 (0.068669)  NNZ: 13 (12)  Ttime: 1.4078 Vtime: 0.0514
Step: 21900000  Loss: 0.056142 Regul: 0.016106 Obj: 0.072248 (0.068669)  NNZ: 12 (12)  Ttime: 1.4071 Vtime: 0.0520
Step: 22000000  Loss: 0.067280 Regul: 0.012843 Obj: 0.080123 (0.068669)  NNZ: 12 (12)  Ttime: 1.4257 Vtime: 0.0517
Step: 22100000  Loss: 0.097778 Regul: 0.009196 Obj: 0.106973 (0.068669)  NNZ: 6 (12)  Ttime: 1.4092 Vtime: 0.0517
Step: 22200000  Loss: 0.060267 Regul: 0.016073 Obj: 0.076340 (0.068669)  NNZ: 14 (12)  Ttime: 1.4099 Vtime: 0.0520
Step: 22300000  Loss: 0.051418 Regul: 0.025906 Obj: 0.077324 (0.068669)  NNZ: 16 (12)  Ttime: 1.4086 Vtime: 0.0516
Step: 22400000  Loss: 0.058151 Regul: 0.015985 Obj: 0.074136 (0.068669)  NNZ: 13 (12)  Ttime: 1.4131 Vtime: 0.0511
Step: 22500000  Loss: 0.060260 Regul: 0.017271 Obj: 0.077530 (0.068669)  NNZ: 11 (12)  Ttime: 1.4102 Vtime: 0.0517
Step: 22600000  Loss: 0.054875 Regul: 0.018611 Obj: 0.073486 (0.068669)  NNZ: 13 (12)  Ttime: 1.4134 Vtime: 0.0519
Step: 22700000  Loss: 0.065070 Regul: 0.018105 Obj: 0.083176 (0.068669)  NNZ: 10 (12)  Ttime: 1.4500 Vtime: 0.0520
Step: 22800000  Loss: 0.063259 Regul: 0.015139 Obj: 0.078398 (0.068669)  NNZ: 9 (12)  Ttime: 1.4092 Vtime: 0.0517
Step: 22900000  Loss: 0.093518 Regul: 0.015084 Obj: 0.108602 (0.068669)  NNZ: 13 (12)  Ttime: 1.4014 Vtime: 0.0511
Step: 23000000  Loss: 0.053367 Regul: 0.017611 Obj: 0.070978 (0.068669)  NNZ: 14 (12)  Ttime: 1.4085 Vtime: 0.0520
Step: 23100000  Loss: 0.067481 Regul: 0.014139 Obj: 0.081621 (0.068669)  NNZ: 9 (12)  Ttime: 1.4027 Vtime: 0.0521
Step: 23200000  Loss: 0.064798 Regul: 0.015051 Obj: 0.079849 (0.068669)  NNZ: 11 (12)  Ttime: 1.4019 Vtime: 0.0513
Step: 23300000  Loss: 0.055018 Regul: 0.024543 Obj: 0.079562 (0.068669)  NNZ: 14 (12)  Ttime: 1.4026 Vtime: 0.0512
Step: 23400000  Loss: 0.053029 Regul: 0.019050 Obj: 0.072079 (0.068669)  NNZ: 11 (12)  Ttime: 1.4069 Vtime: 0.0509
Step: 23500000  Loss: 0.055890 Regul: 0.018644 Obj: 0.074534 (0.068669)  NNZ: 14 (12)  Ttime: 1.4034 Vtime: 0.0516
Step: 23600000  Loss: 0.059493 Regul: 0.020435 Obj: 0.079927 (0.068669)  NNZ: 14 (12)  Ttime: 1.4033 Vtime: 0.0515
Step: 23700000  Loss: 0.060069 Regul: 0.014557 Obj: 0.074626 (0.068669)  NNZ: 12 (12)  Ttime: 1.4152 Vtime: 0.0515
Step: 23800000  Loss: 0.056684 Regul: 0.020555 Obj: 0.077239 (0.068669)  NNZ: 13 (12)  Ttime: 1.4088 Vtime: 0.0510
Step: 23900000  Loss: 0.049575 Regul: 0.021390 Obj: 0.070965 (0.068669)  NNZ: 17 (12)  Ttime: 1.4036 Vtime: 0.0521
Step: 24000000  Loss: 0.059095 Regul: 0.016743 Obj: 0.075838 (0.068669)  NNZ: 10 (12)  Ttime: 1.4033 Vtime: 0.0521
Step: 24100000  Loss: 0.060388 Regul: 0.016381 Obj: 0.076769 (0.068669)  NNZ: 13 (12)  Ttime: 1.4081 Vtime: 0.0515
Step: 24200000  Loss: 0.053546 Regul: 0.024423 Obj: 0.077969 (0.068669)  NNZ: 13 (12)  Ttime: 1.4114 Vtime: 0.0517
Step: 24300000  Loss: 0.063146 Regul: 0.015985 Obj: 0.079131 (0.068669)  NNZ: 10 (12)  Ttime: 1.4024 Vtime: 0.0513
Step: 24400000  Loss: 0.051305 Regul: 0.019786 Obj: 0.071092 (0.068669)  NNZ: 12 (12)  Ttime: 1.4077 Vtime: 0.0507
Step: 24500000  Loss: 0.053369 Regul: 0.021357 Obj: 0.074726 (0.068669)  NNZ: 15 (12)  Ttime: 1.4009 Vtime: 0.0515
Step: 24600000  Loss: 0.055228 Regul: 0.019358 Obj: 0.074586 (0.068669)  NNZ: 19 (12)  Ttime: 1.4066 Vtime: 0.0514
Step: 24700000  Loss: 0.056730 Regul: 0.019907 Obj: 0.076637 (0.068669)  NNZ: 15 (12)  Ttime: 1.4033 Vtime: 0.0507
Step: 24800000  Loss: 0.056770 Regul: 0.018600 Obj: 0.075370 (0.068669)  NNZ: 12 (12)  Ttime: 1.4083 Vtime: 0.0521
Step: 24900000  Loss: 0.053826 Regul: 0.027290 Obj: 0.081116 (0.068669)  NNZ: 18 (12)  Ttime: 1.4030 Vtime: 0.0522
Step: 25000000  Loss: 0.051609 Regul: 0.021555 Obj: 0.073164 (0.068669)  NNZ: 14 (12)  Ttime: 1.4021 Vtime: 0.0515
Step: 25100000  Loss: 0.055090 Regul: 0.019479 Obj: 0.074569 (0.068669)  NNZ: 10 (12)  Ttime: 1.4037 Vtime: 0.0515
Step: 25200000  Loss: 0.060039 Regul: 0.015348 Obj: 0.075387 (0.068669)  NNZ: 8 (12)  Ttime: 1.4043 Vtime: 0.0519
Step: 25300000  Loss: 0.055575 Regul: 0.017062 Obj: 0.072637 (0.068669)  NNZ: 13 (12)  Ttime: 1.4149 Vtime: 0.0516
Step: 25400000  Loss: 0.071917 Regul: 0.015040 Obj: 0.086957 (0.068669)  NNZ: 17 (12)  Ttime: 1.4017 Vtime: 0.0522
Step: 25500000  Loss: 0.054010 Regul: 0.020995 Obj: 0.075005 (0.068669)  NNZ: 16 (12)  Ttime: 1.4033 Vtime: 0.0513
Step: 25600000  Loss: 0.068696 Regul: 0.015260 Obj: 0.083956 (0.068669)  NNZ: 9 (12)  Ttime: 1.4057 Vtime: 0.0512
Step: 25700000  Loss: 0.078639 Regul: 0.017029 Obj: 0.095668 (0.068669)  NNZ: 11 (12)  Ttime: 1.4103 Vtime: 0.0511
Step: 25800000  Loss: 0.055686 Regul: 0.019369 Obj: 0.075055 (0.068669)  NNZ: 11 (12)  Ttime: 1.4031 Vtime: 0.0520
Step: 25900000  Loss: 0.064467 Regul: 0.021171 Obj: 0.085638 (0.068669)  NNZ: 18 (12)  Ttime: 1.4022 Vtime: 0.0514
Step: 26000000  Loss: 0.061057 Regul: 0.014293 Obj: 0.075350 (0.068669)  NNZ: 9 (12)  Ttime: 1.4033 Vtime: 0.0512
Step: 26100000  Loss: 0.051173 Regul: 0.019457 Obj: 0.070630 (0.068669)  NNZ: 12 (12)  Ttime: 1.4064 Vtime: 0.0515
Step: 26200000  Loss: 0.053202 Regul: 0.019874 Obj: 0.073077 (0.068669)  NNZ: 13 (12)  Ttime: 1.4024 Vtime: 0.0517
Step: 26300000  Loss: 0.065783 Regul: 0.012239 Obj: 0.078022 (0.068669)  NNZ: 12 (12)  Ttime: 1.4038 Vtime: 0.0513
Step: 26400000  Loss: 0.075008 Regul: 0.010931 Obj: 0.085939 (0.068669)  NNZ: 8 (12)  Ttime: 1.4034 Vtime: 0.0518
Step: 26500000  Loss: 0.053652 Regul: 0.025862 Obj: 0.079514 (0.068669)  NNZ: 15 (12)  Ttime: 1.4127 Vtime: 0.0512
Step: 26600000  Loss: 0.049979 Regul: 0.018885 Obj: 0.068865 (0.068669)  NNZ: 14 (12)  Ttime: 1.4026 Vtime: 0.0517
Step: 26700000  Loss: 0.054317 Regul: 0.024247 Obj: 0.078563 (0.068669)  NNZ: 17 (12)  Ttime: 1.4019 Vtime: 0.0506
Step: 26800000  Loss: 0.059785 Regul: 0.016029 Obj: 0.075814 (0.068669)  NNZ: 13 (12)  Ttime: 1.4143 Vtime: 0.0514
Step: 26900000  Loss: 0.060133 Regul: 0.016084 Obj: 0.076217 (0.068669)  NNZ: 14 (12)  Ttime: 1.4041 Vtime: 0.0517
Step: 27000000  Loss: 0.055979 Regul: 0.016315 Obj: 0.072294 (0.068669)  NNZ: 11 (12)  Ttime: 1.4035 Vtime: 0.0513
Step: 27100000  Loss: 0.061790 Regul: 0.024082 Obj: 0.085872 (0.068669)  NNZ: 20 (12)  Ttime: 1.4029 Vtime: 0.0520
Step: 27200000  Loss: 0.054059 Regul: 0.018424 Obj: 0.072483 (0.068669)  NNZ: 14 (12)  Ttime: 1.4051 Vtime: 0.0512
Step: 27300000  Loss: 0.060076 Regul: 0.014590 Obj: 0.074666 (0.068669)  NNZ: 12 (12)  Ttime: 1.4007 Vtime: 0.0525
Step: 27400000  Loss: 0.068497 Regul: 0.013656 Obj: 0.082153 (0.068669)  NNZ: 11 (12)  Ttime: 1.4038 Vtime: 0.0511
Step: 27500000  Loss: 0.078005 Regul: 0.013140 Obj: 0.091145 (0.068669)  NNZ: 15 (12)  Ttime: 1.4052 Vtime: 0.0520
Step: 27600000  Loss: 0.056487 Regul: 0.018951 Obj: 0.075439 (0.068669)  NNZ: 13 (12)  Ttime: 1.4031 Vtime: 0.0518
Step: 27700000  Loss: 0.060361 Regul: 0.016128 Obj: 0.076489 (0.068669)  NNZ: 10 (12)  Ttime: 1.4037 Vtime: 0.0516
Step: 27800000  Loss: 0.066592 Regul: 0.015645 Obj: 0.082237 (0.068669)  NNZ: 13 (12)  Ttime: 1.4036 Vtime: 0.0512
Step: 27900000  Loss: 0.057580 Regul: 0.013733 Obj: 0.071313 (0.068669)  NNZ: 11 (12)  Ttime: 1.4109 Vtime: 0.0513
Step: 28000000  Loss: 0.056215 Regul: 0.015710 Obj: 0.071925 (0.068669)  NNZ: 10 (12)  Ttime: 1.4047 Vtime: 0.0515
Step: 28100000  Loss: 0.059311 Regul: 0.013887 Obj: 0.073197 (0.068669)  NNZ: 16 (12)  Ttime: 1.4024 Vtime: 0.0518
Step: 28200000  Loss: 0.053307 Regul: 0.024719 Obj: 0.078026 (0.068669)  NNZ: 19 (12)  Ttime: 1.4062 Vtime: 0.0518
Step: 28300000  Loss: 0.057710 Regul: 0.015590 Obj: 0.073300 (0.068669)  NNZ: 15 (12)  Ttime: 1.4055 Vtime: 0.0514
Step: 28400000  Loss: 0.067846 Regul: 0.014799 Obj: 0.082644 (0.068669)  NNZ: 19 (12)  Ttime: 1.4017 Vtime: 0.0524
Step: 28500000  Loss: 0.051181 Regul: 0.022555 Obj: 0.073735 (0.068669)  NNZ: 14 (12)  Ttime: 1.4090 Vtime: 0.0519
Step: 28600000  Loss: 0.054874 Regul: 0.015798 Obj: 0.070673 (0.068669)  NNZ: 17 (12)  Ttime: 1.4022 Vtime: 0.0513
Step: 28700000  Loss: 0.050853 Regul: 0.018292 Obj: 0.069145 (0.068669)  NNZ: 14 (12)  Ttime: 1.4072 Vtime: 0.0518
Step: 28800000  Loss: 0.050396 Regul: 0.019446 Obj: 0.069842 (0.068669)  NNZ: 14 (12)  Ttime: 1.4048 Vtime: 0.0511
Step: 28900000  Loss: 0.054088 Regul: 0.016018 Obj: 0.070106 (0.068669)  NNZ: 14 (12)  Ttime: 1.4068 Vtime: 0.0516
Step: 29000000  Loss: 0.074216 Regul: 0.014304 Obj: 0.088521 (0.068669)  NNZ: 7 (12)  Ttime: 1.4055 Vtime: 0.0511
Step: 29100000  Loss: 0.076779 Regul: 0.009877 Obj: 0.086656 (0.068669)  NNZ: 7 (12)  Ttime: 1.4067 Vtime: 0.0510
Step: 29200000  Loss: 0.063766 Regul: 0.022665 Obj: 0.086431 (0.068669)  NNZ: 19 (12)  Ttime: 1.4040 Vtime: 0.0512
Step: 29300000  Loss: 0.050662 Regul: 0.020446 Obj: 0.071107 (0.068669)  NNZ: 15 (12)  Ttime: 1.4152 Vtime: 0.0513
Step: 29400000  Loss: 0.063357 Regul: 0.016128 Obj: 0.079485 (0.068669)  NNZ: 15 (12)  Ttime: 1.4069 Vtime: 0.0535
Step: 29500000  Loss: 0.078215 Regul: 0.022192 Obj: 0.100408 (0.068669)  NNZ: 18 (12)  Ttime: 1.4051 Vtime: 0.0520
Step: 29600000  Loss: 0.064798 Regul: 0.012524 Obj: 0.077323 (0.068669)  NNZ: 10 (12)  Ttime: 1.4038 Vtime: 0.0514
Step: 29700000  Loss: 0.100126 Regul: 0.014041 Obj: 0.114167 (0.068669)  NNZ: 12 (12)  Ttime: 1.4039 Vtime: 0.0509
Step: 29800000  Loss: 0.054583 Regul: 0.017281 Obj: 0.071865 (0.068669)  NNZ: 15 (12)  Ttime: 1.4059 Vtime: 0.0506
Step: 29900000  Loss: 0.082862 Regul: 0.009514 Obj: 0.092376 (0.068669)  NNZ: 6 (12)  Ttime: 1.4054 Vtime: 0.0515
Step: 30000000  Loss: 0.054363 Regul: 0.016776 Obj: 0.071139 (0.068669)  NNZ: 13 (12)  Ttime: 1.4039 Vtime: 0.0517
Step: 30100000  Loss: 0.055180 Regul: 0.016699 Obj: 0.071879 (0.068669)  NNZ: 14 (12)  Ttime: 1.4028 Vtime: 0.0512
Step: 30200000  Loss: 0.056207 Regul: 0.015952 Obj: 0.072159 (0.068669)  NNZ: 11 (12)  Ttime: 1.4074 Vtime: 0.0511
Step: 30300000  Loss: 0.066354 Regul: 0.015216 Obj: 0.081570 (0.068669)  NNZ: 10 (12)  Ttime: 1.4066 Vtime: 0.0518
Step: 30400000  Loss: 0.055488 Regul: 0.016622 Obj: 0.072110 (0.068669)  NNZ: 13 (12)  Ttime: 1.4022 Vtime: 0.0516
Step: 30500000  Loss: 0.055297 Regul: 0.025159 Obj: 0.080455 (0.068669)  NNZ: 14 (12)  Ttime: 1.4036 Vtime: 0.0514
Step: 30600000  Loss: 0.058027 Regul: 0.013568 Obj: 0.071595 (0.068669)  NNZ: 12 (12)  Ttime: 1.4089 Vtime: 0.0526
Step: 30700000  Loss: 0.053268 Regul: 0.021105 Obj: 0.074373 (0.068669)  NNZ: 19 (12)  Ttime: 1.4027 Vtime: 0.0518
Step: 30800000  Loss: 0.055790 Regul: 0.016106 Obj: 0.071896 (0.068669)  NNZ: 10 (12)  Ttime: 1.4034 Vtime: 0.0515
Step: 30900000  Loss: 0.053614 Regul: 0.017919 Obj: 0.071533 (0.068669)  NNZ: 13 (12)  Ttime: 1.4060 Vtime: 0.0515
Step: 31000000  Loss: 0.055375 Regul: 0.018105 Obj: 0.073480 (0.068669)  NNZ: 14 (12)  Ttime: 1.4057 Vtime: 0.0518
Step: 31100000  Loss: 0.051806 Regul: 0.020006 Obj: 0.071812 (0.068669)  NNZ: 13 (12)  Ttime: 1.4062 Vtime: 0.0515
Step: 31200000  Loss: 0.074768 Regul: 0.009855 Obj: 0.084622 (0.068669)  NNZ: 10 (12)  Ttime: 1.4022 Vtime: 0.0519
Step: 31300000  Loss: 0.052828 Regul: 0.017567 Obj: 0.070395 (0.068669)  NNZ: 13 (12)  Ttime: 1.4052 Vtime: 0.0520
Step: 31400000  Loss: 0.057391 Regul: 0.016743 Obj: 0.074134 (0.068669)  NNZ: 12 (12)  Ttime: 1.4030 Vtime: 0.0516
Step: 31500000  Loss: 0.061765 Regul: 0.017238 Obj: 0.079003 (0.068669)  NNZ: 11 (12)  Ttime: 1.4017 Vtime: 0.0513
Step: 31600000  Loss: 0.060022 Regul: 0.013315 Obj: 0.073337 (0.068669)  NNZ: 9 (12)  Ttime: 1.4058 Vtime: 0.0508
Step: 31700000  Loss: 0.098295 Regul: 0.008866 Obj: 0.107161 (0.068669)  NNZ: 13 (12)  Ttime: 1.4088 Vtime: 0.0515
Step: 31800000  Loss: 0.082760 Regul: 0.014678 Obj: 0.097438 (0.068669)  NNZ: 11 (12)  Ttime: 1.4046 Vtime: 0.0515
Step: 31900000  Loss: 0.058853 Regul: 0.015469 Obj: 0.074322 (0.068669)  NNZ: 12 (12)  Ttime: 1.4057 Vtime: 0.0527
Step: 32000000  Loss: 0.052857 Regul: 0.017117 Obj: 0.069974 (0.068669)  NNZ: 14 (12)  Ttime: 1.4042 Vtime: 0.0514
Step: 32100000  Loss: 0.055999 Regul: 0.016787 Obj: 0.072786 (0.068669)  NNZ: 12 (12)  Ttime: 1.4059 Vtime: 0.0525
Step: 32200000  Loss: 0.058257 Regul: 0.016820 Obj: 0.075077 (0.068669)  NNZ: 12 (12)  Ttime: 1.4044 Vtime: 0.0513
Step: 32300000  Loss: 0.108023 Regul: 0.008525 Obj: 0.116548 (0.068669)  NNZ: 7 (12)  Ttime: 1.4058 Vtime: 0.0517
Step: 32400000  Loss: 0.061788 Regul: 0.012206 Obj: 0.073994 (0.068669)  NNZ: 13 (12)  Ttime: 1.4077 Vtime: 0.0513
Step: 32500000  Loss: 0.064306 Regul: 0.025895 Obj: 0.090200 (0.068669)  NNZ: 16 (12)  Ttime: 1.4042 Vtime: 0.0514
Step: 32600000  Loss: 0.063421 Regul: 0.025082 Obj: 0.088503 (0.068669)  NNZ: 20 (12)  Ttime: 1.4062 Vtime: 0.0519
Step: 32700000  Loss: 0.056128 Regul: 0.024181 Obj: 0.080309 (0.068669)  NNZ: 20 (12)  Ttime: 1.4213 Vtime: 0.0518
Step: 32800000  Loss: 0.065691 Regul: 0.016666 Obj: 0.082357 (0.068669)  NNZ: 11 (12)  Ttime: 1.4078 Vtime: 0.0523
Step: 32900000  Loss: 0.057168 Regul: 0.014711 Obj: 0.071878 (0.068669)  NNZ: 15 (12)  Ttime: 1.4446 Vtime: 0.0513
Step: 33000000  Loss: 0.060382 Regul: 0.015392 Obj: 0.075774 (0.068669)  NNZ: 11 (12)  Ttime: 1.4115 Vtime: 0.0516
Step: 33100000  Loss: 0.054654 Regul: 0.016897 Obj: 0.071551 (0.068669)  NNZ: 16 (12)  Ttime: 1.4120 Vtime: 0.0518
Step: 33200000  Loss: 0.053994 Regul: 0.021511 Obj: 0.075505 (0.068669)  NNZ: 12 (12)  Ttime: 1.4094 Vtime: 0.0514
Step: 33300000  Loss: 0.062827 Regul: 0.012788 Obj: 0.075615 (0.068669)  NNZ: 12 (12)  Ttime: 1.4152 Vtime: 0.0512
Step: 33400000  Loss: 0.067743 Regul: 0.012909 Obj: 0.080652 (0.068669)  NNZ: 12 (12)  Ttime: 1.4157 Vtime: 0.0516
Step: 33500000  Loss: 0.061446 Regul: 0.018831 Obj: 0.080276 (0.068669)  NNZ: 17 (12)  Ttime: 1.4117 Vtime: 0.0521
Step: 33600000  Loss: 0.059288 Regul: 0.041111 Obj: 0.100399 (0.068669)  NNZ: 18 (12)  Ttime: 1.4075 Vtime: 0.0514
Step: 33700000  Loss: 0.054043 Regul: 0.036035 Obj: 0.090078 (0.068669)  NNZ: 16 (12)  Ttime: 1.4051 Vtime: 0.0507
Step: 33800000  Loss: 0.061983 Regul: 0.032201 Obj: 0.094184 (0.068669)  NNZ: 17 (12)  Ttime: 1.4051 Vtime: 0.0516
Step: 33900000  Loss: 0.078084 Regul: 0.042330 Obj: 0.120415 (0.068669)  NNZ: 21 (12)  Ttime: 1.4062 Vtime: 0.0515
Step: 34000000  Loss: 0.054939 Regul: 0.031454 Obj: 0.086393 (0.068669)  NNZ: 12 (12)  Ttime: 1.4153 Vtime: 0.0516
Step: 34100000  Loss: 0.053948 Regul: 0.026840 Obj: 0.080788 (0.068669)  NNZ: 11 (12)  Ttime: 1.4052 Vtime: 0.0521
Step: 34200000  Loss: 0.050402 Regul: 0.028553 Obj: 0.078956 (0.068669)  NNZ: 13 (12)  Ttime: 1.4079 Vtime: 0.0508
Step: 34300000  Loss: 0.057017 Regul: 0.032410 Obj: 0.089427 (0.068669)  NNZ: 17 (12)  Ttime: 1.4066 Vtime: 0.0510
Step: 34400000  Loss: 0.061514 Regul: 0.034036 Obj: 0.095550 (0.068669)  NNZ: 13 (12)  Ttime: 1.4081 Vtime: 0.0518
Step: 34500000  Loss: 0.051951 Regul: 0.034409 Obj: 0.086360 (0.068669)  NNZ: 16 (12)  Ttime: 1.4074 Vtime: 0.0512
Step: 34600000  Loss: 0.057541 Regul: 0.044440 Obj: 0.101981 (0.068669)  NNZ: 17 (12)  Ttime: 1.4219 Vtime: 0.0515
Step: 34700000  Loss: 0.066829 Regul: 0.028872 Obj: 0.095701 (0.068669)  NNZ: 16 (12)  Ttime: 1.4075 Vtime: 0.0508
Step: 34800000  Loss: 0.053795 Regul: 0.036299 Obj: 0.090094 (0.068669)  NNZ: 15 (12)  Ttime: 1.4085 Vtime: 0.0518
Step: 34900000  Loss: 0.057499 Regul: 0.034288 Obj: 0.091787 (0.068669)  NNZ: 18 (12)  Ttime: 1.4054 Vtime: 0.0521
Step: 35000000  Loss: 0.051851 Regul: 0.028433 Obj: 0.080283 (0.068669)  NNZ: 15 (12)  Ttime: 1.4176 Vtime: 0.0511
Step: 35100000  Loss: 0.056249 Regul: 0.042198 Obj: 0.098448 (0.068669)  NNZ: 18 (12)  Ttime: 1.4045 Vtime: 0.0512
Step: 35200000  Loss: 0.056236 Regul: 0.041012 Obj: 0.097247 (0.068669)  NNZ: 16 (12)  Ttime: 1.4059 Vtime: 0.0512
Step: 35300000  Loss: 0.056218 Regul: 0.036024 Obj: 0.092242 (0.068669)  NNZ: 15 (12)  Ttime: 1.4044 Vtime: 0.0516
Step: 35400000  Loss: 0.078598 Regul: 0.038507 Obj: 0.117105 (0.068669)  NNZ: 20 (12)  Ttime: 1.4211 Vtime: 0.0513
Step: 35500000  Loss: 0.062166 Regul: 0.047439 Obj: 0.109605 (0.068669)  NNZ: 18 (12)  Ttime: 1.4070 Vtime: 0.0519
Step: 35600000  Loss: 0.056029 Regul: 0.040155 Obj: 0.096184 (0.068669)  NNZ: 19 (12)  Ttime: 1.4039 Vtime: 0.0517
Step: 35700000  Loss: 0.055539 Regul: 0.029037 Obj: 0.084576 (0.068669)  NNZ: 16 (12)  Ttime: 1.4105 Vtime: 0.0521
Step: 35800000  Loss: 0.052054 Regul: 0.034442 Obj: 0.086496 (0.068669)  NNZ: 15 (12)  Ttime: 1.4042 Vtime: 0.0513
Step: 35900000  Loss: 0.049295 Regul: 0.025818 Obj: 0.075113 (0.068669)  NNZ: 16 (12)  Ttime: 1.4045 Vtime: 0.0516
Step: 36000000  Loss: 0.075920 Regul: 0.030905 Obj: 0.106825 (0.068669)  NNZ: 17 (12)  Ttime: 1.4061 Vtime: 0.0519
Step: 36100000  Loss: 0.052516 Regul: 0.029279 Obj: 0.081794 (0.068669)  NNZ: 14 (12)  Ttime: 1.4219 Vtime: 0.0511
Step: 36200000  Loss: 0.057409 Regul: 0.041287 Obj: 0.098696 (0.068669)  NNZ: 15 (12)  Ttime: 1.4048 Vtime: 0.0518
Step: 36300000  Loss: 0.052659 Regul: 0.036057 Obj: 0.088716 (0.068669)  NNZ: 18 (12)  Ttime: 1.4169 Vtime: 0.0517
Step: 36400000  Loss: 0.060054 Regul: 0.043989 Obj: 0.104043 (0.068669)  NNZ: 20 (12)  Ttime: 1.4284 Vtime: 0.0516
Step: 36500000  Loss: 0.057412 Regul: 0.028773 Obj: 0.086185 (0.068669)  NNZ: 13 (12)  Ttime: 1.4081 Vtime: 0.0518
Step: 36600000  Loss: 0.078632 Regul: 0.041561 Obj: 0.120193 (0.068669)  NNZ: 17 (12)  Ttime: 1.4074 Vtime: 0.0510
Step: 36700000  Loss: 0.058938 Regul: 0.027751 Obj: 0.086689 (0.068669)  NNZ: 12 (12)  Ttime: 1.4093 Vtime: 0.0516
Step: 36800000  Loss: 0.056847 Regul: 0.029674 Obj: 0.086521 (0.068669)  NNZ: 14 (12)  Ttime: 1.4292 Vtime: 0.0515
Step: 36900000  Loss: 0.053287 Regul: 0.035541 Obj: 0.088828 (0.068669)  NNZ: 13 (12)  Ttime: 1.4056 Vtime: 0.0515
Step: 37000000  Loss: 0.065711 Regul: 0.040737 Obj: 0.106448 (0.068669)  NNZ: 17 (12)  Ttime: 1.4052 Vtime: 0.0514
Step: 37100000  Loss: 0.056047 Regul: 0.035771 Obj: 0.091819 (0.068669)  NNZ: 15 (12)  Ttime: 1.4182 Vtime: 0.0507
Step: 37200000  Loss: 0.056820 Regul: 0.031366 Obj: 0.088186 (0.068669)  NNZ: 17 (12)  Ttime: 1.4182 Vtime: 0.0517
Step: 37300000  Loss: 0.073659 Regul: 0.052767 Obj: 0.126426 (0.068669)  NNZ: 21 (12)  Ttime: 1.4063 Vtime: 0.0514
Step: 37400000  Loss: 0.061716 Regul: 0.025697 Obj: 0.087413 (0.068669)  NNZ: 12 (12)  Ttime: 1.4067 Vtime: 0.0518
Step: 37500000  Loss: 0.051091 Regul: 0.027521 Obj: 0.078612 (0.068669)  NNZ: 16 (12)  Ttime: 1.4053 Vtime: 0.0509
Step: 37600000  Loss: 0.053154 Regul: 0.029268 Obj: 0.082422 (0.068669)  NNZ: 12 (12)  Ttime: 1.4134 Vtime: 0.0509
Step: 37700000  Loss: 0.054047 Regul: 0.035277 Obj: 0.089324 (0.068669)  NNZ: 13 (12)  Ttime: 1.4034 Vtime: 0.0515
Step: 37800000  Loss: 0.052698 Regul: 0.033453 Obj: 0.086151 (0.068669)  NNZ: 16 (12)  Ttime: 1.4105 Vtime: 0.0515
Step: 37900000  Loss: 0.060177 Regul: 0.020259 Obj: 0.080436 (0.068669)  NNZ: 13 (12)  Ttime: 1.4191 Vtime: 0.0512
Step: 38000000  Loss: 0.058419 Regul: 0.041144 Obj: 0.099563 (0.068669)  NNZ: 23 (12)  Ttime: 1.4055 Vtime: 0.0516
Step: 38100000  Loss: 0.052308 Regul: 0.027598 Obj: 0.079906 (0.068669)  NNZ: 15 (12)  Ttime: 1.4095 Vtime: 0.0509
Step: 38200000  Loss: 0.059498 Regul: 0.036486 Obj: 0.095983 (0.068669)  NNZ: 21 (12)  Ttime: 1.4040 Vtime: 0.0518
Step: 38300000  Loss: 0.052203 Regul: 0.022610 Obj: 0.074813 (0.068669)  NNZ: 12 (12)  Ttime: 1.4129 Vtime: 0.0513
Step: 38400000  Loss: 0.054476 Regul: 0.037474 Obj: 0.091951 (0.068669)  NNZ: 19 (12)  Ttime: 1.4041 Vtime: 0.0517
Step: 38500000  Loss: 0.055102 Regul: 0.028202 Obj: 0.083304 (0.068669)  NNZ: 18 (12)  Ttime: 1.4097 Vtime: 0.0516
Step: 38600000  Loss: 0.049657 Regul: 0.025389 Obj: 0.075047 (0.068669)  NNZ: 14 (12)  Ttime: 1.4029 Vtime: 0.0521
Step: 38700000  Loss: 0.053813 Regul: 0.032300 Obj: 0.086112 (0.068669)  NNZ: 14 (12)  Ttime: 1.4080 Vtime: 0.0521
Step: 38800000  Loss: 0.052847 Regul: 0.033453 Obj: 0.086301 (0.068669)  NNZ: 14 (12)  Ttime: 1.4161 Vtime: 0.0512
Step: 38900000  Loss: 0.057063 Regul: 0.044396 Obj: 0.101459 (0.068669)  NNZ: 18 (12)  Ttime: 1.4048 Vtime: 0.0513
Step: 39000000  Loss: 0.075572 Regul: 0.023434 Obj: 0.099005 (0.068669)  NNZ: 19 (12)  Ttime: 1.4088 Vtime: 0.0512
Step: 39100000  Loss: 0.053044 Regul: 0.037606 Obj: 0.090650 (0.068669)  NNZ: 24 (12)  Ttime: 1.4050 Vtime: 0.0519
Step: 39200000  Loss: 0.055490 Regul: 0.041957 Obj: 0.097446 (0.068669)  NNZ: 19 (12)  Ttime: 1.4223 Vtime: 0.0507
Step: 39300000  Loss: 0.068609 Regul: 0.036595 Obj: 0.105204 (0.068669)  NNZ: 16 (12)  Ttime: 1.4070 Vtime: 0.0520
Step: 39400000  Loss: 0.054233 Regul: 0.033860 Obj: 0.088093 (0.068669)  NNZ: 20 (12)  Ttime: 1.4075 Vtime: 0.0514
Step: 39500000  Loss: 0.054789 Regul: 0.042319 Obj: 0.097108 (0.068669)  NNZ: 20 (12)  Ttime: 1.4090 Vtime: 0.0524
Step: 39600000  Loss: 0.050208 Regul: 0.029916 Obj: 0.080123 (0.068669)  NNZ: 15 (12)  Ttime: 1.4087 Vtime: 0.0514
Step: 39700000  Loss: 0.058768 Regul: 0.044945 Obj: 0.103713 (0.068669)  NNZ: 18 (12)  Ttime: 1.4093 Vtime: 0.0516
Step: 39800000  Loss: 0.058414 Regul: 0.041583 Obj: 0.099998 (0.068669)  NNZ: 21 (12)  Ttime: 1.4054 Vtime: 0.0509
Step: 39900000  Loss: 0.055520 Regul: 0.038584 Obj: 0.094104 (0.068669)  NNZ: 18 (12)  Ttime: 1.4052 Vtime: 0.0521
Step: 40000000  Loss: 0.059318 Regul: 0.037211 Obj: 0.096529 (0.068669)  NNZ: 16 (12)  Ttime: 1.4174 Vtime: 0.0513
Step: 40100000  Loss: 0.073641 Regul: 0.041781 Obj: 0.115422 (0.068669)  NNZ: 23 (12)  Ttime: 1.4176 Vtime: 0.0515
Step: 40200000  Loss: 0.080009 Regul: 0.039122 Obj: 0.119131 (0.068669)  NNZ: 24 (12)  Ttime: 1.4125 Vtime: 0.0514
Step: 40300000  Loss: 0.052399 Regul: 0.036914 Obj: 0.089313 (0.068669)  NNZ: 17 (12)  Ttime: 1.3972 Vtime: 0.0519
Step: 40400000  Loss: 0.053985 Regul: 0.038848 Obj: 0.092833 (0.068669)  NNZ: 17 (12)  Ttime: 1.4048 Vtime: 0.0515
Step: 40500000  Loss: 0.048691 Regul: 0.024829 Obj: 0.073520 (0.068669)  NNZ: 15 (12)  Ttime: 1.4166 Vtime: 0.0518
Step: 40600000  Loss: 0.055259 Regul: 0.041078 Obj: 0.096337 (0.068669)  NNZ: 25 (12)  Ttime: 1.4035 Vtime: 0.0506
Step: 40700000  Loss: 0.052295 Regul: 0.026543 Obj: 0.078838 (0.068669)  NNZ: 16 (12)  Ttime: 1.4053 Vtime: 0.0520
Step: 40800000  Loss: 0.053131 Regul: 0.035398 Obj: 0.088529 (0.068669)  NNZ: 19 (12)  Ttime: 1.4116 Vtime: 0.0524
Step: 40900000  Loss: 0.050122 Regul: 0.026477 Obj: 0.076599 (0.068669)  NNZ: 16 (12)  Ttime: 1.4092 Vtime: 0.0521
Step: 41000000  Loss: 0.056889 Regul: 0.036376 Obj: 0.093265 (0.068669)  NNZ: 25 (12)  Ttime: 1.4062 Vtime: 0.0512
Step: 41100000  Loss: 0.049592 Regul: 0.027433 Obj: 0.077025 (0.068669)  NNZ: 14 (12)  Ttime: 1.4032 Vtime: 0.0524
Step: 41200000  Loss: 0.062902 Regul: 0.048241 Obj: 0.111143 (0.068669)  NNZ: 20 (12)  Ttime: 1.4201 Vtime: 0.0505
Step: 41300000  Loss: 0.052135 Regul: 0.033387 Obj: 0.085522 (0.068669)  NNZ: 18 (12)  Ttime: 1.4073 Vtime: 0.0514
Step: 41400000  Loss: 0.061000 Regul: 0.039430 Obj: 0.100429 (0.068669)  NNZ: 19 (12)  Ttime: 1.4053 Vtime: 0.0513
Step: 41500000  Loss: 0.056409 Regul: 0.034486 Obj: 0.090895 (0.068669)  NNZ: 19 (12)  Ttime: 1.4064 Vtime: 0.0516
Step: 41600000  Loss: 0.050006 Regul: 0.028839 Obj: 0.078845 (0.068669)  NNZ: 15 (12)  Ttime: 1.4207 Vtime: 0.0520
Step: 41700000  Loss: 0.056644 Regul: 0.030015 Obj: 0.086658 (0.068669)  NNZ: 13 (12)  Ttime: 1.4068 Vtime: 0.0515
Step: 41800000  Loss: 0.049718 Regul: 0.025917 Obj: 0.075635 (0.068669)  NNZ: 16 (12)  Ttime: 1.4000 Vtime: 0.0512
Step: 41900000  Loss: 0.065671 Regul: 0.034497 Obj: 0.100168 (0.068669)  NNZ: 15 (12)  Ttime: 1.4070 Vtime: 0.0510
Step: 42000000  Loss: 0.063919 Regul: 0.036288 Obj: 0.100207 (0.068669)  NNZ: 12 (12)  Ttime: 1.3997 Vtime: 0.0513
Step: 42100000  Loss: 0.049719 Regul: 0.026587 Obj: 0.076306 (0.068669)  NNZ: 16 (12)  Ttime: 1.4083 Vtime: 0.0515
Step: 42200000  Loss: 0.053523 Regul: 0.031223 Obj: 0.084746 (0.068669)  NNZ: 15 (12)  Ttime: 1.4101 Vtime: 0.0518
Step: 42300000  Loss: 0.053107 Regul: 0.027301 Obj: 0.080408 (0.068669)  NNZ: 16 (12)  Ttime: 1.4182 Vtime: 0.0512
Step: 42400000  Loss: 0.054963 Regul: 0.035255 Obj: 0.090218 (0.068669)  NNZ: 18 (12)  Ttime: 1.4058 Vtime: 0.0512
Step: 42500000  Loss: 0.058524 Regul: 0.042649 Obj: 0.101173 (0.068669)  NNZ: 17 (12)  Ttime: 1.4072 Vtime: 0.0515
Step: 42600000  Loss: 0.051001 Regul: 0.032245 Obj: 0.083246 (0.068669)  NNZ: 19 (12)  Ttime: 1.4106 Vtime: 0.0516
Step: 42700000  Loss: 0.056909 Regul: 0.037386 Obj: 0.094295 (0.068669)  NNZ: 19 (12)  Ttime: 1.4161 Vtime: 0.0514
Step: 42800000  Loss: 0.051678 Regul: 0.032596 Obj: 0.084274 (0.068669)  NNZ: 14 (12)  Ttime: 1.4069 Vtime: 0.0513
Step: 42900000  Loss: 0.053299 Regul: 0.036705 Obj: 0.090004 (0.068669)  NNZ: 19 (12)  Ttime: 1.4181 Vtime: 0.0520
Step: 43000000  Loss: 0.059512 Regul: 0.040803 Obj: 0.100316 (0.068669)  NNZ: 14 (12)  Ttime: 1.4104 Vtime: 0.0515
Step: 43100000  Loss: 0.056186 Regul: 0.033618 Obj: 0.089805 (0.068669)  NNZ: 17 (12)  Ttime: 1.4053 Vtime: 0.0523
Step: 43200000  Loss: 0.056954 Regul: 0.044121 Obj: 0.101075 (0.068669)  NNZ: 21 (12)  Ttime: 1.4064 Vtime: 0.0508
Step: 43300000  Loss: 0.055836 Regul: 0.034728 Obj: 0.090564 (0.068669)  NNZ: 17 (12)  Ttime: 1.4076 Vtime: 0.0513
Step: 43400000  Loss: 0.060027 Regul: 0.036936 Obj: 0.096963 (0.068669)  NNZ: 16 (12)  Ttime: 1.4105 Vtime: 0.0520
Step: 43500000  Loss: 0.053268 Regul: 0.036255 Obj: 0.089523 (0.068669)  NNZ: 19 (12)  Ttime: 1.4070 Vtime: 0.0509
Step: 43600000  Loss: 0.051287 Regul: 0.033618 Obj: 0.084905 (0.068669)  NNZ: 17 (12)  Ttime: 1.4249 Vtime: 0.0522
Step: 43700000  Loss: 0.068683 Regul: 0.048186 Obj: 0.116869 (0.068669)  NNZ: 24 (12)  Ttime: 1.4093 Vtime: 0.0515
Step: 43800000  Loss: 0.053091 Regul: 0.030630 Obj: 0.083720 (0.068669)  NNZ: 16 (12)  Ttime: 1.4059 Vtime: 0.0516
Step: 43900000  Loss: 0.055093 Regul: 0.036332 Obj: 0.091424 (0.068669)  NNZ: 18 (12)  Ttime: 1.4142 Vtime: 0.0509
Step: 44000000  Loss: 0.050876 Regul: 0.028400 Obj: 0.079276 (0.068669)  NNZ: 16 (12)  Ttime: 1.4065 Vtime: 0.0508
Step: 44100000  Loss: 0.052251 Regul: 0.032146 Obj: 0.084397 (0.068669)  NNZ: 15 (12)  Ttime: 1.4043 Vtime: 0.0517
Step: 44200000  Loss: 0.053916 Regul: 0.039672 Obj: 0.093587 (0.068669)  NNZ: 16 (12)  Ttime: 1.4048 Vtime: 0.0521
Step: 44300000  Loss: 0.076033 Regul: 0.050471 Obj: 0.126504 (0.068669)  NNZ: 24 (12)  Ttime: 1.4068 Vtime: 0.0518
Step: 44400000  Loss: 0.058348 Regul: 0.034530 Obj: 0.092878 (0.068669)  NNZ: 14 (12)  Ttime: 1.4044 Vtime: 0.0510
Step: 44500000  Loss: 0.052938 Regul: 0.039144 Obj: 0.092082 (0.068669)  NNZ: 19 (12)  Ttime: 1.4236 Vtime: 0.0517
Step: 44600000  Loss: 0.060011 Regul: 0.040463 Obj: 0.100473 (0.068669)  NNZ: 19 (12)  Ttime: 1.4118 Vtime: 0.0515
Step: 44700000  Loss: 0.056230 Regul: 0.034409 Obj: 0.090639 (0.068669)  NNZ: 16 (12)  Ttime: 1.4039 Vtime: 0.0510
Step: 44800000  Loss: 0.055090 Regul: 0.037925 Obj: 0.093015 (0.068669)  NNZ: 23 (12)  Ttime: 1.4073 Vtime: 0.0514
Step: 44900000  Loss: 0.051240 Regul: 0.034926 Obj: 0.086166 (0.068669)  NNZ: 17 (12)  Ttime: 1.4124 Vtime: 0.0517
Step: 45000000  Loss: 0.050915 Regul: 0.025016 Obj: 0.075931 (0.068669)  NNZ: 14 (12)  Ttime: 1.4060 Vtime: 0.0513
Step: 45100000  Loss: 0.056342 Regul: 0.030652 Obj: 0.086994 (0.068669)  NNZ: 13 (12)  Ttime: 1.4068 Vtime: 0.0522
Step: 45200000  Loss: 0.049663 Regul: 0.022083 Obj: 0.071746 (0.068669)  NNZ: 11 (12)  Ttime: 1.4025 Vtime: 0.0518
Step: 45300000  Loss: 0.057339 Regul: 0.040880 Obj: 0.098219 (0.068669)  NNZ: 23 (12)  Ttime: 1.4130 Vtime: 0.0512
Step: 45400000  Loss: 0.056232 Regul: 0.025708 Obj: 0.081940 (0.068669)  NNZ: 13 (12)  Ttime: 1.4077 Vtime: 0.0513
Step: 45500000  Loss: 0.056473 Regul: 0.031091 Obj: 0.087564 (0.068669)  NNZ: 16 (12)  Ttime: 1.4091 Vtime: 0.0515
Step: 45600000  Loss: 0.052957 Regul: 0.034420 Obj: 0.087377 (0.068669)  NNZ: 17 (12)  Ttime: 1.4092 Vtime: 0.0513
Step: 45700000  Loss: 0.051604 Regul: 0.027949 Obj: 0.079553 (0.068669)  NNZ: 15 (12)  Ttime: 1.4071 Vtime: 0.0510
Step: 45800000  Loss: 0.052032 Regul: 0.035969 Obj: 0.088001 (0.068669)  NNZ: 18 (12)  Ttime: 1.4097 Vtime: 0.0514
Step: 45900000  Loss: 0.050686 Regul: 0.029421 Obj: 0.080107 (0.068669)  NNZ: 16 (12)  Ttime: 1.4067 Vtime: 0.0519
Step: 46000000  Loss: 0.053379 Regul: 0.034969 Obj: 0.088349 (0.068669)  NNZ: 15 (12)  Ttime: 1.4177 Vtime: 0.0512
Step: 46100000  Loss: 0.051288 Regul: 0.031036 Obj: 0.082325 (0.068669)  NNZ: 14 (12)  Ttime: 1.4081 Vtime: 0.0521
Step: 46200000  Loss: 0.056907 Regul: 0.026235 Obj: 0.083142 (0.068669)  NNZ: 14 (12)  Ttime: 1.4062 Vtime: 0.0516
Step: 46300000  Loss: 0.053738 Regul: 0.027784 Obj: 0.081522 (0.068669)  NNZ: 14 (12)  Ttime: 1.4063 Vtime: 0.0512
Step: 46400000  Loss: 0.061496 Regul: 0.034618 Obj: 0.096114 (0.068669)  NNZ: 19 (12)  Ttime: 1.4039 Vtime: 0.0515
Step: 46500000  Loss: 0.054761 Regul: 0.036508 Obj: 0.091268 (0.068669)  NNZ: 18 (12)  Ttime: 1.4053 Vtime: 0.0513
Step: 46600000  Loss: 0.054390 Regul: 0.034288 Obj: 0.088678 (0.068669)  NNZ: 20 (12)  Ttime: 1.4056 Vtime: 0.0519
Step: 46700000  Loss: 0.053403 Regul: 0.030586 Obj: 0.083989 (0.068669)  NNZ: 16 (12)  Ttime: 1.4125 Vtime: 0.0520
Step: 46800000  Loss: 0.053771 Regul: 0.023181 Obj: 0.076952 (0.068669)  NNZ: 14 (12)  Ttime: 1.4140 Vtime: 0.0516
Step: 46900000  Loss: 0.053474 Regul: 0.034069 Obj: 0.087543 (0.068669)  NNZ: 14 (12)  Ttime: 1.4054 Vtime: 0.0519
Step: 47000000  Loss: 0.058163 Regul: 0.037167 Obj: 0.095330 (0.068669)  NNZ: 13 (12)  Ttime: 1.4145 Vtime: 0.0515
Step: 47100000  Loss: 0.051199 Regul: 0.028048 Obj: 0.079247 (0.068669)  NNZ: 15 (12)  Ttime: 1.4105 Vtime: 0.0510
Step: 47200000  Loss: 0.054227 Regul: 0.025719 Obj: 0.079946 (0.068669)  NNZ: 14 (12)  Ttime: 1.4050 Vtime: 0.0513
Step: 47300000  Loss: 0.054330 Regul: 0.041012 Obj: 0.095342 (0.068669)  NNZ: 18 (12)  Ttime: 1.4046 Vtime: 0.0513
Step: 47400000  Loss: 0.053957 Regul: 0.037606 Obj: 0.091563 (0.068669)  NNZ: 18 (12)  Ttime: 1.4207 Vtime: 0.0515
Step: 47500000  Loss: 0.057269 Regul: 0.043253 Obj: 0.100522 (0.068669)  NNZ: 23 (12)  Ttime: 1.4052 Vtime: 0.0520
Step: 47600000  Loss: 0.053751 Regul: 0.031772 Obj: 0.085524 (0.068669)  NNZ: 17 (12)  Ttime: 1.4037 Vtime: 0.0517
Step: 47700000  Loss: 0.054521 Regul: 0.032113 Obj: 0.086634 (0.068669)  NNZ: 16 (12)  Ttime: 1.4136 Vtime: 0.0520
Step: 47800000  Loss: 0.051349 Regul: 0.031575 Obj: 0.082923 (0.068669)  NNZ: 15 (12)  Ttime: 1.4056 Vtime: 0.0512
Step: 47900000  Loss: 0.067584 Regul: 0.031410 Obj: 0.098994 (0.068669)  NNZ: 12 (12)  Ttime: 1.4077 Vtime: 0.0523
Step: 48000000  Loss: 0.053672 Regul: 0.036771 Obj: 0.090444 (0.068669)  NNZ: 16 (12)  Ttime: 1.4097 Vtime: 0.0517
Step: 48100000  Loss: 0.053061 Regul: 0.025620 Obj: 0.078681 (0.068669)  NNZ: 12 (12)  Ttime: 1.4117 Vtime: 0.0516
Step: 48200000  Loss: 0.049462 Regul: 0.024961 Obj: 0.074423 (0.068669)  NNZ: 17 (12)  Ttime: 1.4082 Vtime: 0.0512
Step: 48300000  Loss: 0.064954 Regul: 0.026005 Obj: 0.090959 (0.068669)  NNZ: 12 (12)  Ttime: 1.4050 Vtime: 0.0517
Step: 48400000  Loss: 0.053308 Regul: 0.037661 Obj: 0.090969 (0.068669)  NNZ: 17 (12)  Ttime: 1.4209 Vtime: 0.0515
Step: 48500000  Loss: 0.049298 Regul: 0.028224 Obj: 0.077522 (0.068669)  NNZ: 14 (12)  Ttime: 1.4044 Vtime: 0.0513
Step: 48600000  Loss: 0.054067 Regul: 0.032014 Obj: 0.086081 (0.068669)  NNZ: 20 (12)  Ttime: 1.4060 Vtime: 0.0509
Step: 48700000  Loss: 0.060891 Regul: 0.032113 Obj: 0.093004 (0.068669)  NNZ: 15 (12)  Ttime: 1.4101 Vtime: 0.0518
Step: 48800000  Loss: 0.052728 Regul: 0.029213 Obj: 0.081941 (0.068669)  NNZ: 16 (12)  Ttime: 1.4589 Vtime: 0.0510
Step: 48900000  Loss: 0.051284 Regul: 0.032728 Obj: 0.084012 (0.068669)  NNZ: 18 (12)  Ttime: 1.4085 Vtime: 0.0513
Step: 49000000  Loss: 0.049516 Regul: 0.029333 Obj: 0.078850 (0.068669)  NNZ: 19 (12)  Ttime: 1.4010 Vtime: 0.0511
Step: 49100000  Loss: 0.049694 Regul: 0.026136 Obj: 0.075830 (0.068669)  NNZ: 15 (12)  Ttime: 1.4003 Vtime: 0.0514
Step: 49200000  Loss: 0.052936 Regul: 0.032157 Obj: 0.085093 (0.068669)  NNZ: 18 (12)  Ttime: 1.4033 Vtime: 0.0508
Step: 49300000  Loss: 0.051696 Regul: 0.030916 Obj: 0.082611 (0.068669)  NNZ: 16 (12)  Ttime: 1.4010 Vtime: 0.0511
Step: 49400000  Loss: 0.060687 Regul: 0.041407 Obj: 0.102095 (0.068669)  NNZ: 22 (12)  Ttime: 1.4068 Vtime: 0.0513
Step: 49500000  Loss: 0.063269 Regul: 0.041649 Obj: 0.104918 (0.068669)  NNZ: 18 (12)  Ttime: 1.3968 Vtime: 0.0508
Step: 49600000  Loss: 0.054365 Regul: 0.034025 Obj: 0.088390 (0.068669)  NNZ: 14 (12)  Ttime: 1.3971 Vtime: 0.0515
Step: 49700000  Loss: 0.052127 Regul: 0.031597 Obj: 0.083724 (0.068669)  NNZ: 18 (12)  Ttime: 1.4029 Vtime: 0.0511
Step: 49800000  Loss: 0.064130 Regul: 0.029268 Obj: 0.093398 (0.068669)  NNZ: 15 (12)  Ttime: 1.4107 Vtime: 0.0511
Step: 49900000  Loss: 0.053352 Regul: 0.038760 Obj: 0.092111 (0.068669)  NNZ: 19 (12)  Ttime: 1.3997 Vtime: 0.0514
Step: 50000000  Loss: 0.057572 Regul: 0.032234 Obj: 0.089806 (0.068669)  NNZ: 17 (12)  Ttime: 1.4015 Vtime: 0.0518
