mu: 0.003 gamma: 0.015 nIters: 50000000
Load PRParams.
Load RingParams.
Load Labels: 500000
Load Distances: 500000 x 5120
0...10...20...30...40...50...60...70...80...90...100 - done.
Positive samples #250000
Negative samples #250000
Positive train #200000
Negative train #200000
Positive valid #50000
Negative valid #50000

Found GPU: GeForce GTX 970
Compute Capability: 5.2

Best: 100000  Loss: 2.244937 Regul: 0.138658 Obj: 2.383595 (2.383595)  NNZ: 29 (29)  Ttime: 1.4059 Vtime: 0.2048
Stat: nPR #180 (#232) Dim/MaxDim [1440/640] AUC: 0.972936 FPR95: 16.59
Step: 200000  Loss: 2.388051 Regul: 0.102357 Obj: 2.490407 (2.383595)  NNZ: 28 (29)  Ttime: 1.3965 Vtime: 0.0517
Best: 300000  Loss: 1.368661 Regul: 0.075688 Obj: 1.444349 (1.444349)  NNZ: 19 (19)  Ttime: 1.3934 Vtime: 0.0514
Stat: nPR #124 (#152) Dim/MaxDim [992/640] AUC: 0.966992 FPR95: 24.15
Best: 400000  Loss: 1.162032 Regul: 0.097564 Obj: 1.259596 (1.259596)  NNZ: 27 (27)  Ttime: 1.3964 Vtime: 0.0515
Stat: nPR #152 (#216) Dim/MaxDim [1216/640] AUC: 0.976375 FPR95: 13.94
Best: 500000  Loss: 0.738966 Regul: 0.036504 Obj: 0.775470 (0.775470)  NNZ: 13 (13)  Ttime: 1.3952 Vtime: 0.0511
Stat: nPR #80 (#104) Dim/MaxDim [640/640] AUC: 0.968018 FPR95: 22.83 [saved]
Best: 600000  Loss: 0.487166 Regul: 0.030638 Obj: 0.517804 (0.517804)  NNZ: 13 (13)  Ttime: 1.4002 Vtime: 0.0515
Stat: nPR #76 (#104) Dim/MaxDim [608/640] AUC: 0.974664 FPR95: 15.12 [saved]
Step: 700000  Loss: 0.723941 Regul: 0.043930 Obj: 0.767871 (0.517804)  NNZ: 16 (13)  Ttime: 1.4054 Vtime: 0.0512
Step: 800000  Loss: 0.736239 Regul: 0.029947 Obj: 0.766186 (0.517804)  NNZ: 19 (13)  Ttime: 1.3949 Vtime: 0.0508
Step: 900000  Loss: 1.067275 Regul: 0.017254 Obj: 1.084529 (0.517804)  NNZ: 11 (13)  Ttime: 1.3974 Vtime: 0.0510
Best: 1000000  Loss: 0.100945 Regul: 0.006762 Obj: 0.107707 (0.107707)  NNZ: 7 (7)  Ttime: 1.3951 Vtime: 0.0516
Stat: nPR #52 (#56) Dim/MaxDim [416/640] AUC: 0.980200 FPR95: 10.31 [saved]
Step: 1100000  Loss: 0.224455 Regul: 0.017689 Obj: 0.242144 (0.107707)  NNZ: 11 (7)  Ttime: 1.3963 Vtime: 0.0517
Step: 1200000  Loss: 0.156001 Regul: 0.012247 Obj: 0.168248 (0.107707)  NNZ: 10 (7)  Ttime: 1.3967 Vtime: 0.0511
Step: 1300000  Loss: 0.383952 Regul: 0.029526 Obj: 0.413478 (0.107707)  NNZ: 16 (7)  Ttime: 1.3982 Vtime: 0.0511
Step: 1400000  Loss: 0.295741 Regul: 0.026501 Obj: 0.322242 (0.107707)  NNZ: 11 (7)  Ttime: 1.3976 Vtime: 0.0515
Step: 1500000  Loss: 0.298341 Regul: 0.023023 Obj: 0.321364 (0.107707)  NNZ: 13 (7)  Ttime: 1.3974 Vtime: 0.0521
Step: 1600000  Loss: 0.317167 Regul: 0.024507 Obj: 0.341674 (0.107707)  NNZ: 14 (7)  Ttime: 1.3953 Vtime: 0.0512
Step: 1700000  Loss: 0.458673 Regul: 0.042039 Obj: 0.500712 (0.107707)  NNZ: 30 (7)  Ttime: 1.3960 Vtime: 0.0509
Step: 1800000  Loss: 0.325017 Regul: 0.024680 Obj: 0.349697 (0.107707)  NNZ: 15 (7)  Ttime: 1.3953 Vtime: 0.0517
Step: 1900000  Loss: 0.350555 Regul: 0.026965 Obj: 0.377520 (0.107707)  NNZ: 19 (7)  Ttime: 1.3965 Vtime: 0.0517
Step: 2000000  Loss: 0.224233 Regul: 0.015343 Obj: 0.239577 (0.107707)  NNZ: 11 (7)  Ttime: 1.3968 Vtime: 0.0513
Step: 2100000  Loss: 0.584065 Regul: 0.028589 Obj: 0.612654 (0.107707)  NNZ: 18 (7)  Ttime: 1.3963 Vtime: 0.0521
Step: 2200000  Loss: 0.348326 Regul: 0.029238 Obj: 0.377564 (0.107707)  NNZ: 21 (7)  Ttime: 1.3972 Vtime: 0.0512
Step: 2300000  Loss: 0.327388 Regul: 0.025365 Obj: 0.352753 (0.107707)  NNZ: 17 (7)  Ttime: 1.3971 Vtime: 0.0514
Step: 2400000  Loss: 0.481892 Regul: 0.032666 Obj: 0.514558 (0.107707)  NNZ: 16 (7)  Ttime: 1.3969 Vtime: 0.0516
Step: 2500000  Loss: 0.138323 Regul: 0.009105 Obj: 0.147427 (0.107707)  NNZ: 9 (7)  Ttime: 1.4079 Vtime: 0.0514
Step: 2600000  Loss: 0.162007 Regul: 0.011351 Obj: 0.173358 (0.107707)  NNZ: 10 (7)  Ttime: 1.3958 Vtime: 0.0513
Step: 2700000  Loss: 0.267067 Regul: 0.019934 Obj: 0.287002 (0.107707)  NNZ: 16 (7)  Ttime: 1.3964 Vtime: 0.0515
Step: 2800000  Loss: 0.215457 Regul: 0.012706 Obj: 0.228163 (0.107707)  NNZ: 10 (7)  Ttime: 1.3976 Vtime: 0.0518
Step: 2900000  Loss: 0.145642 Regul: 0.004575 Obj: 0.150217 (0.107707)  NNZ: 7 (7)  Ttime: 1.3967 Vtime: 0.0516
Step: 3000000  Loss: 0.234611 Regul: 0.013617 Obj: 0.248228 (0.107707)  NNZ: 12 (7)  Ttime: 1.3967 Vtime: 0.0519
Step: 3100000  Loss: 0.119402 Regul: 0.005896 Obj: 0.125298 (0.107707)  NNZ: 8 (7)  Ttime: 1.3988 Vtime: 0.0510
Step: 3200000  Loss: 0.169550 Regul: 0.008427 Obj: 0.177977 (0.107707)  NNZ: 10 (7)  Ttime: 1.3958 Vtime: 0.0513
Step: 3300000  Loss: 0.426727 Regul: 0.017842 Obj: 0.444569 (0.107707)  NNZ: 16 (7)  Ttime: 1.3979 Vtime: 0.0514
Step: 3400000  Loss: 0.278551 Regul: 0.018252 Obj: 0.296803 (0.107707)  NNZ: 16 (7)  Ttime: 1.3995 Vtime: 0.0514
Step: 3500000  Loss: 0.227009 Regul: 0.019426 Obj: 0.246435 (0.107707)  NNZ: 15 (7)  Ttime: 1.3971 Vtime: 0.0519
Step: 3600000  Loss: 0.197084 Regul: 0.013673 Obj: 0.210757 (0.107707)  NNZ: 11 (7)  Ttime: 1.4013 Vtime: 0.0519
Step: 3700000  Loss: 0.330183 Regul: 0.027682 Obj: 0.357864 (0.107707)  NNZ: 21 (7)  Ttime: 1.3974 Vtime: 0.0515
Step: 3800000  Loss: 0.253177 Regul: 0.024133 Obj: 0.277310 (0.107707)  NNZ: 22 (7)  Ttime: 1.4003 Vtime: 0.0514
Step: 3900000  Loss: 0.139511 Regul: 0.009742 Obj: 0.149253 (0.107707)  NNZ: 12 (7)  Ttime: 1.3977 Vtime: 0.0516
Step: 4000000  Loss: 0.166317 Regul: 0.012781 Obj: 0.179097 (0.107707)  NNZ: 17 (7)  Ttime: 1.3960 Vtime: 0.0512
Best: 4100000  Loss: 0.075328 Regul: 0.003933 Obj: 0.079261 (0.079261)  NNZ: 5 (5)  Ttime: 1.3970 Vtime: 0.0513
Stat: nPR #32 (#40) Dim/MaxDim [256/640] AUC: 0.977123 FPR95: 13.17 [saved]
Step: 4200000  Loss: 0.239213 Regul: 0.013995 Obj: 0.253208 (0.079261)  NNZ: 11 (5)  Ttime: 1.3982 Vtime: 0.0515
Step: 4300000  Loss: 0.166640 Regul: 0.011157 Obj: 0.177796 (0.079261)  NNZ: 10 (5)  Ttime: 1.3960 Vtime: 0.0509
Step: 4400000  Loss: 0.211379 Regul: 0.009692 Obj: 0.221070 (0.079261)  NNZ: 11 (5)  Ttime: 1.3969 Vtime: 0.0516
Step: 4500000  Loss: 0.658469 Regul: 0.024478 Obj: 0.682948 (0.079261)  NNZ: 19 (5)  Ttime: 1.3976 Vtime: 0.0507
Step: 4600000  Loss: 0.192789 Regul: 0.013632 Obj: 0.206421 (0.079261)  NNZ: 12 (5)  Ttime: 1.3963 Vtime: 0.0516
Step: 4700000  Loss: 0.087530 Regul: 0.005375 Obj: 0.092905 (0.079261)  NNZ: 11 (5)  Ttime: 1.3969 Vtime: 0.0522
Step: 4800000  Loss: 0.316515 Regul: 0.022958 Obj: 0.339473 (0.079261)  NNZ: 15 (5)  Ttime: 1.3962 Vtime: 0.0507
Step: 4900000  Loss: 0.146846 Regul: 0.011531 Obj: 0.158377 (0.079261)  NNZ: 11 (5)  Ttime: 1.3985 Vtime: 0.0508
Step: 5000000  Loss: 0.191914 Regul: 0.014462 Obj: 0.206376 (0.079261)  NNZ: 16 (5)  Ttime: 1.3970 Vtime: 0.0514
Step: 5100000  Loss: 0.206658 Regul: 0.015326 Obj: 0.221985 (0.079261)  NNZ: 15 (5)  Ttime: 1.3959 Vtime: 0.0517
Step: 5200000  Loss: 0.301067 Regul: 0.023179 Obj: 0.324246 (0.079261)  NNZ: 17 (5)  Ttime: 1.3970 Vtime: 0.0527
Step: 5300000  Loss: 0.295690 Regul: 0.023004 Obj: 0.318694 (0.079261)  NNZ: 22 (5)  Ttime: 1.3977 Vtime: 0.0514
Step: 5400000  Loss: 0.185309 Regul: 0.011803 Obj: 0.197111 (0.079261)  NNZ: 12 (5)  Ttime: 1.3973 Vtime: 0.0516
Step: 5500000  Loss: 0.262959 Regul: 0.012012 Obj: 0.274971 (0.079261)  NNZ: 13 (5)  Ttime: 1.3944 Vtime: 0.0520
Step: 5600000  Loss: 0.367856 Regul: 0.017749 Obj: 0.385604 (0.079261)  NNZ: 17 (5)  Ttime: 1.3973 Vtime: 0.0515
Step: 5700000  Loss: 0.186122 Regul: 0.007578 Obj: 0.193699 (0.079261)  NNZ: 13 (5)  Ttime: 1.3976 Vtime: 0.0515
Step: 5800000  Loss: 0.123732 Regul: 0.009291 Obj: 0.133023 (0.079261)  NNZ: 13 (5)  Ttime: 1.3966 Vtime: 0.0520
Step: 5900000  Loss: 0.173933 Regul: 0.013915 Obj: 0.187847 (0.079261)  NNZ: 16 (5)  Ttime: 1.3951 Vtime: 0.0516
Step: 6000000  Loss: 0.231503 Regul: 0.020104 Obj: 0.251607 (0.079261)  NNZ: 18 (5)  Ttime: 1.3954 Vtime: 0.0519
Step: 6100000  Loss: 0.161182 Regul: 0.010443 Obj: 0.171624 (0.079261)  NNZ: 11 (5)  Ttime: 1.3988 Vtime: 0.0517
Step: 6200000  Loss: 0.190998 Regul: 0.012187 Obj: 0.203185 (0.079261)  NNZ: 16 (5)  Ttime: 1.3957 Vtime: 0.0511
Step: 6300000  Loss: 0.268508 Regul: 0.021539 Obj: 0.290048 (0.079261)  NNZ: 21 (5)  Ttime: 1.3961 Vtime: 0.0514
Step: 6400000  Loss: 0.162710 Regul: 0.011990 Obj: 0.174700 (0.079261)  NNZ: 16 (5)  Ttime: 1.3981 Vtime: 0.0508
Step: 6500000  Loss: 0.303851 Regul: 0.015200 Obj: 0.319051 (0.079261)  NNZ: 22 (5)  Ttime: 1.3947 Vtime: 0.0511
Step: 6600000  Loss: 0.146447 Regul: 0.009607 Obj: 0.156054 (0.079261)  NNZ: 15 (5)  Ttime: 1.3971 Vtime: 0.0517
Step: 6700000  Loss: 0.149393 Regul: 0.010362 Obj: 0.159754 (0.079261)  NNZ: 15 (5)  Ttime: 1.3982 Vtime: 0.0509
Step: 6800000  Loss: 0.274921 Regul: 0.021448 Obj: 0.296369 (0.079261)  NNZ: 17 (5)  Ttime: 1.4034 Vtime: 0.0509
Step: 6900000  Loss: 0.141487 Regul: 0.009907 Obj: 0.151394 (0.079261)  NNZ: 13 (5)  Ttime: 1.3992 Vtime: 0.0516
Step: 7000000  Loss: 0.152560 Regul: 0.009855 Obj: 0.162414 (0.079261)  NNZ: 12 (5)  Ttime: 1.3950 Vtime: 0.0508
Step: 7100000  Loss: 0.114899 Regul: 0.007919 Obj: 0.122818 (0.079261)  NNZ: 8 (5)  Ttime: 1.3962 Vtime: 0.0511
Step: 7200000  Loss: 0.094783 Regul: 0.005410 Obj: 0.100193 (0.079261)  NNZ: 11 (5)  Ttime: 1.3964 Vtime: 0.0509
Step: 7300000  Loss: 0.165126 Regul: 0.012094 Obj: 0.177220 (0.079261)  NNZ: 16 (5)  Ttime: 1.3991 Vtime: 0.0517
Step: 7400000  Loss: 0.305396 Regul: 0.016438 Obj: 0.321834 (0.079261)  NNZ: 18 (5)  Ttime: 1.3955 Vtime: 0.0523
Step: 7500000  Loss: 0.167486 Regul: 0.006825 Obj: 0.174311 (0.079261)  NNZ: 9 (5)  Ttime: 1.3966 Vtime: 0.0506
Step: 7600000  Loss: 0.168385 Regul: 0.009804 Obj: 0.178189 (0.079261)  NNZ: 13 (5)  Ttime: 1.3966 Vtime: 0.0515
Step: 7700000  Loss: 0.253929 Regul: 0.012901 Obj: 0.266830 (0.079261)  NNZ: 16 (5)  Ttime: 1.3958 Vtime: 0.0517
Step: 7800000  Loss: 0.116910 Regul: 0.006916 Obj: 0.123826 (0.079261)  NNZ: 11 (5)  Ttime: 1.3974 Vtime: 0.0515
Step: 7900000  Loss: 0.266205 Regul: 0.022577 Obj: 0.288782 (0.079261)  NNZ: 20 (5)  Ttime: 1.4010 Vtime: 0.0513
Step: 8000000  Loss: 0.091514 Regul: 0.004657 Obj: 0.096172 (0.079261)  NNZ: 7 (5)  Ttime: 1.4034 Vtime: 0.0507
Step: 8100000  Loss: 0.146694 Regul: 0.009537 Obj: 0.156231 (0.079261)  NNZ: 14 (5)  Ttime: 1.4022 Vtime: 0.0511
Step: 8200000  Loss: 0.098503 Regul: 0.006543 Obj: 0.105046 (0.079261)  NNZ: 10 (5)  Ttime: 1.4012 Vtime: 0.0515
Step: 8300000  Loss: 0.135953 Regul: 0.010856 Obj: 0.146809 (0.079261)  NNZ: 15 (5)  Ttime: 1.4027 Vtime: 0.0515
Step: 8400000  Loss: 0.106575 Regul: 0.005892 Obj: 0.112467 (0.079261)  NNZ: 9 (5)  Ttime: 1.4010 Vtime: 0.0524
Step: 8500000  Loss: 0.226635 Regul: 0.015684 Obj: 0.242319 (0.079261)  NNZ: 18 (5)  Ttime: 1.4011 Vtime: 0.0520
Step: 8600000  Loss: 0.134710 Regul: 0.007153 Obj: 0.141863 (0.079261)  NNZ: 9 (5)  Ttime: 1.4041 Vtime: 0.0516
Step: 8700000  Loss: 0.154294 Regul: 0.010704 Obj: 0.164999 (0.079261)  NNZ: 15 (5)  Ttime: 1.4055 Vtime: 0.0511
Step: 8800000  Loss: 0.263753 Regul: 0.015620 Obj: 0.279373 (0.079261)  NNZ: 21 (5)  Ttime: 1.4007 Vtime: 0.0511
Step: 8900000  Loss: 0.179575 Regul: 0.013378 Obj: 0.192953 (0.079261)  NNZ: 16 (5)  Ttime: 1.4004 Vtime: 0.0516
Step: 9000000  Loss: 0.089810 Regul: 0.005758 Obj: 0.095568 (0.079261)  NNZ: 11 (5)  Ttime: 1.4038 Vtime: 0.0510
Step: 9100000  Loss: 0.135499 Regul: 0.009367 Obj: 0.144866 (0.079261)  NNZ: 11 (5)  Ttime: 1.4016 Vtime: 0.0515
Step: 9200000  Loss: 0.157633 Regul: 0.013100 Obj: 0.170734 (0.079261)  NNZ: 16 (5)  Ttime: 1.4011 Vtime: 0.0518
Step: 9300000  Loss: 0.118667 Regul: 0.007512 Obj: 0.126179 (0.079261)  NNZ: 13 (5)  Ttime: 1.4018 Vtime: 0.0516
Step: 9400000  Loss: 0.237249 Regul: 0.015211 Obj: 0.252460 (0.079261)  NNZ: 23 (5)  Ttime: 1.4031 Vtime: 0.0512
Step: 9500000  Loss: 0.090117 Regul: 0.005570 Obj: 0.095687 (0.079261)  NNZ: 12 (5)  Ttime: 1.4004 Vtime: 0.0510
Step: 9600000  Loss: 0.091293 Regul: 0.006495 Obj: 0.097788 (0.079261)  NNZ: 11 (5)  Ttime: 1.4017 Vtime: 0.0510
Step: 9700000  Loss: 0.085332 Regul: 0.005343 Obj: 0.090675 (0.079261)  NNZ: 11 (5)  Ttime: 1.4024 Vtime: 0.0512
Step: 9800000  Loss: 0.198265 Regul: 0.010241 Obj: 0.208506 (0.079261)  NNZ: 17 (5)  Ttime: 1.4071 Vtime: 0.0509
Step: 9900000  Loss: 0.111377 Regul: 0.007988 Obj: 0.119365 (0.079261)  NNZ: 12 (5)  Ttime: 1.4045 Vtime: 0.0523
Step: 10000000  Loss: 0.118907 Regul: 0.004934 Obj: 0.123841 (0.079261)  NNZ: 7 (5)  Ttime: 1.4014 Vtime: 0.0510
Step: 10100000  Loss: 0.190070 Regul: 0.012966 Obj: 0.203036 (0.079261)  NNZ: 21 (5)  Ttime: 1.4027 Vtime: 0.0521
Step: 10200000  Loss: 0.086308 Regul: 0.005300 Obj: 0.091608 (0.079261)  NNZ: 10 (5)  Ttime: 1.4039 Vtime: 0.0517
Step: 10300000  Loss: 0.132649 Regul: 0.008353 Obj: 0.141001 (0.079261)  NNZ: 14 (5)  Ttime: 1.4010 Vtime: 0.0516
Step: 10400000  Loss: 0.117864 Regul: 0.008829 Obj: 0.126693 (0.079261)  NNZ: 14 (5)  Ttime: 1.4007 Vtime: 0.0510
Step: 10500000  Loss: 0.136648 Regul: 0.007300 Obj: 0.143948 (0.079261)  NNZ: 11 (5)  Ttime: 1.4022 Vtime: 0.0511
Step: 10600000  Loss: 0.085655 Regul: 0.003146 Obj: 0.088801 (0.079261)  NNZ: 11 (5)  Ttime: 1.4017 Vtime: 0.0518
Step: 10700000  Loss: 0.191328 Regul: 0.005037 Obj: 0.196365 (0.079261)  NNZ: 9 (5)  Ttime: 1.4039 Vtime: 0.0512
Step: 10800000  Loss: 0.138715 Regul: 0.009184 Obj: 0.147900 (0.079261)  NNZ: 13 (5)  Ttime: 1.4007 Vtime: 0.0513
Step: 10900000  Loss: 0.169054 Regul: 0.010640 Obj: 0.179694 (0.079261)  NNZ: 18 (5)  Ttime: 1.4050 Vtime: 0.0517
Step: 11000000  Loss: 0.101374 Regul: 0.002917 Obj: 0.104290 (0.079261)  NNZ: 8 (5)  Ttime: 1.4009 Vtime: 0.0515
Step: 11100000  Loss: 0.153599 Regul: 0.005091 Obj: 0.158690 (0.079261)  NNZ: 7 (5)  Ttime: 1.4032 Vtime: 0.0514
Step: 11200000  Loss: 0.374880 Regul: 0.012678 Obj: 0.387558 (0.079261)  NNZ: 13 (5)  Ttime: 1.4018 Vtime: 0.0513
Step: 11300000  Loss: 0.139134 Regul: 0.010199 Obj: 0.149333 (0.079261)  NNZ: 13 (5)  Ttime: 1.4027 Vtime: 0.0519
Step: 11400000  Loss: 0.096735 Regul: 0.003755 Obj: 0.100489 (0.079261)  NNZ: 6 (5)  Ttime: 1.4017 Vtime: 0.0522
Step: 11500000  Loss: 0.211024 Regul: 0.010409 Obj: 0.221433 (0.079261)  NNZ: 12 (5)  Ttime: 1.4083 Vtime: 0.0518
Step: 11600000  Loss: 0.135687 Regul: 0.010405 Obj: 0.146091 (0.079261)  NNZ: 17 (5)  Ttime: 1.4047 Vtime: 0.0512
Step: 11700000  Loss: 0.127610 Regul: 0.008424 Obj: 0.136034 (0.079261)  NNZ: 16 (5)  Ttime: 1.4032 Vtime: 0.0518
Step: 11800000  Loss: 0.166491 Regul: 0.011533 Obj: 0.178024 (0.079261)  NNZ: 15 (5)  Ttime: 1.4022 Vtime: 0.0519
Step: 11900000  Loss: 0.101780 Regul: 0.006842 Obj: 0.108621 (0.079261)  NNZ: 12 (5)  Ttime: 1.4042 Vtime: 0.0518
Step: 12000000  Loss: 0.202818 Regul: 0.012728 Obj: 0.215545 (0.079261)  NNZ: 13 (5)  Ttime: 1.4015 Vtime: 0.0517
Step: 12100000  Loss: 0.092799 Regul: 0.005810 Obj: 0.098609 (0.079261)  NNZ: 11 (5)  Ttime: 1.4123 Vtime: 0.0514
Step: 12200000  Loss: 0.103084 Regul: 0.003167 Obj: 0.106251 (0.079261)  NNZ: 7 (5)  Ttime: 1.4050 Vtime: 0.0517
Step: 12300000  Loss: 0.120576 Regul: 0.009639 Obj: 0.130215 (0.079261)  NNZ: 14 (5)  Ttime: 1.4044 Vtime: 0.0516
Step: 12400000  Loss: 0.245735 Regul: 0.013204 Obj: 0.258939 (0.079261)  NNZ: 17 (5)  Ttime: 1.4022 Vtime: 0.0522
Step: 12500000  Loss: 0.089000 Regul: 0.005311 Obj: 0.094311 (0.079261)  NNZ: 10 (5)  Ttime: 1.4008 Vtime: 0.0511
Step: 12600000  Loss: 0.170494 Regul: 0.012151 Obj: 0.182645 (0.079261)  NNZ: 15 (5)  Ttime: 1.4020 Vtime: 0.0509
Step: 12700000  Loss: 0.110202 Regul: 0.009454 Obj: 0.119656 (0.079261)  NNZ: 16 (5)  Ttime: 1.4023 Vtime: 0.0523
Step: 12800000  Loss: 0.176610 Regul: 0.013757 Obj: 0.190367 (0.079261)  NNZ: 20 (5)  Ttime: 1.4039 Vtime: 0.0523
Step: 12900000  Loss: 0.129077 Regul: 0.006922 Obj: 0.135999 (0.079261)  NNZ: 14 (5)  Ttime: 1.4028 Vtime: 0.0517
Step: 13000000  Loss: 0.202516 Regul: 0.017260 Obj: 0.219776 (0.079261)  NNZ: 19 (5)  Ttime: 1.4043 Vtime: 0.0505
Step: 13100000  Loss: 0.116126 Regul: 0.008612 Obj: 0.124738 (0.079261)  NNZ: 17 (5)  Ttime: 1.4026 Vtime: 0.0516
Step: 13200000  Loss: 0.222378 Regul: 0.016701 Obj: 0.239078 (0.079261)  NNZ: 23 (5)  Ttime: 1.4024 Vtime: 0.0522
Step: 13300000  Loss: 0.085952 Regul: 0.003810 Obj: 0.089761 (0.079261)  NNZ: 10 (5)  Ttime: 1.4008 Vtime: 0.0516
Step: 13400000  Loss: 0.099392 Regul: 0.005630 Obj: 0.105022 (0.079261)  NNZ: 8 (5)  Ttime: 1.4008 Vtime: 0.0511
Step: 13500000  Loss: 0.185493 Regul: 0.005844 Obj: 0.191337 (0.079261)  NNZ: 10 (5)  Ttime: 1.4036 Vtime: 0.0512
Step: 13600000  Loss: 0.105629 Regul: 0.007658 Obj: 0.113288 (0.079261)  NNZ: 14 (5)  Ttime: 1.4049 Vtime: 0.0513
Step: 13700000  Loss: 0.117451 Regul: 0.009189 Obj: 0.126640 (0.079261)  NNZ: 16 (5)  Ttime: 1.4015 Vtime: 0.0515
Step: 13800000  Loss: 0.091306 Regul: 0.006499 Obj: 0.097805 (0.079261)  NNZ: 13 (5)  Ttime: 1.4014 Vtime: 0.0514
Step: 13900000  Loss: 0.083678 Regul: 0.003429 Obj: 0.087107 (0.079261)  NNZ: 9 (5)  Ttime: 1.4148 Vtime: 0.0512
Step: 14000000  Loss: 0.083335 Regul: 0.003750 Obj: 0.087085 (0.079261)  NNZ: 9 (5)  Ttime: 1.4017 Vtime: 0.0511
Step: 14100000  Loss: 0.108020 Regul: 0.006207 Obj: 0.114227 (0.079261)  NNZ: 11 (5)  Ttime: 1.4007 Vtime: 0.0509
Step: 14200000  Loss: 0.151601 Regul: 0.011939 Obj: 0.163539 (0.079261)  NNZ: 17 (5)  Ttime: 1.4037 Vtime: 0.0517
Step: 14300000  Loss: 0.103193 Regul: 0.007747 Obj: 0.110939 (0.079261)  NNZ: 14 (5)  Ttime: 1.4018 Vtime: 0.0508
Step: 14400000  Loss: 0.126885 Regul: 0.009471 Obj: 0.136356 (0.079261)  NNZ: 16 (5)  Ttime: 1.4015 Vtime: 0.0518
Step: 14500000  Loss: 0.139577 Regul: 0.010700 Obj: 0.150277 (0.079261)  NNZ: 18 (5)  Ttime: 1.4030 Vtime: 0.0506
Step: 14600000  Loss: 0.148951 Regul: 0.007618 Obj: 0.156569 (0.079261)  NNZ: 11 (5)  Ttime: 1.4015 Vtime: 0.0514
Step: 14700000  Loss: 0.137572 Regul: 0.010316 Obj: 0.147888 (0.079261)  NNZ: 21 (5)  Ttime: 1.4007 Vtime: 0.0513
Step: 14800000  Loss: 0.096330 Regul: 0.007407 Obj: 0.103737 (0.079261)  NNZ: 14 (5)  Ttime: 1.4019 Vtime: 0.0522
Step: 14900000  Loss: 0.110648 Regul: 0.007938 Obj: 0.118585 (0.079261)  NNZ: 13 (5)  Ttime: 1.4022 Vtime: 0.0510
Step: 15000000  Loss: 0.135120 Regul: 0.010198 Obj: 0.145318 (0.079261)  NNZ: 14 (5)  Ttime: 1.4033 Vtime: 0.0517
Step: 15100000  Loss: 0.110760 Regul: 0.007929 Obj: 0.118689 (0.079261)  NNZ: 14 (5)  Ttime: 1.4007 Vtime: 0.0515
Step: 15200000  Loss: 0.096782 Regul: 0.004719 Obj: 0.101501 (0.079261)  NNZ: 9 (5)  Ttime: 1.4019 Vtime: 0.0519
Step: 15300000  Loss: 0.104310 Regul: 0.007793 Obj: 0.112104 (0.079261)  NNZ: 14 (5)  Ttime: 1.4014 Vtime: 0.0515
Step: 15400000  Loss: 0.156118 Regul: 0.012900 Obj: 0.169018 (0.079261)  NNZ: 23 (5)  Ttime: 1.4054 Vtime: 0.0518
Step: 15500000  Loss: 0.088450 Regul: 0.004300 Obj: 0.092751 (0.079261)  NNZ: 9 (5)  Ttime: 1.4028 Vtime: 0.0524
Step: 15600000  Loss: 0.088045 Regul: 0.004340 Obj: 0.092385 (0.079261)  NNZ: 11 (5)  Ttime: 1.4014 Vtime: 0.0520
Step: 15700000  Loss: 0.153665 Regul: 0.010183 Obj: 0.163849 (0.079261)  NNZ: 15 (5)  Ttime: 1.4030 Vtime: 0.0513
Step: 15800000  Loss: 0.167628 Regul: 0.012565 Obj: 0.180193 (0.079261)  NNZ: 17 (5)  Ttime: 1.4008 Vtime: 0.0516
Step: 15900000  Loss: 0.158204 Regul: 0.011598 Obj: 0.169802 (0.079261)  NNZ: 17 (5)  Ttime: 1.4024 Vtime: 0.0521
Step: 16000000  Loss: 0.130678 Regul: 0.011485 Obj: 0.142163 (0.079261)  NNZ: 17 (5)  Ttime: 1.4028 Vtime: 0.0514
Step: 16100000  Loss: 0.145462 Regul: 0.004615 Obj: 0.150077 (0.079261)  NNZ: 7 (5)  Ttime: 1.4025 Vtime: 0.0510
Step: 16200000  Loss: 0.108178 Regul: 0.007616 Obj: 0.115794 (0.079261)  NNZ: 10 (5)  Ttime: 1.4017 Vtime: 0.0524
Step: 16300000  Loss: 0.110900 Regul: 0.009176 Obj: 0.120076 (0.079261)  NNZ: 16 (5)  Ttime: 1.4009 Vtime: 0.0518
Step: 16400000  Loss: 0.125381 Regul: 0.007643 Obj: 0.133024 (0.079261)  NNZ: 16 (5)  Ttime: 1.4040 Vtime: 0.0509
Step: 16500000  Loss: 0.108798 Regul: 0.007534 Obj: 0.116331 (0.079261)  NNZ: 14 (5)  Ttime: 1.4013 Vtime: 0.0513
Step: 16600000  Loss: 0.148902 Regul: 0.010672 Obj: 0.159574 (0.079261)  NNZ: 18 (5)  Ttime: 1.4026 Vtime: 0.0515
Step: 16700000  Loss: 0.147340 Regul: 0.010812 Obj: 0.158152 (0.079261)  NNZ: 14 (5)  Ttime: 1.4019 Vtime: 0.0517
Step: 16800000  Loss: 0.177077 Regul: 0.013071 Obj: 0.190147 (0.079261)  NNZ: 21 (5)  Ttime: 1.4042 Vtime: 0.0515
Step: 16900000  Loss: 0.083282 Regul: 0.005822 Obj: 0.089103 (0.079261)  NNZ: 11 (5)  Ttime: 1.4093 Vtime: 0.0523
Step: 17000000  Loss: 0.078738 Regul: 0.002535 Obj: 0.081273 (0.079261)  NNZ: 7 (5)  Ttime: 1.4071 Vtime: 0.0511
Step: 17100000  Loss: 0.126347 Regul: 0.009128 Obj: 0.135475 (0.079261)  NNZ: 12 (5)  Ttime: 1.4014 Vtime: 0.0518
Step: 17200000  Loss: 0.091367 Regul: 0.004009 Obj: 0.095376 (0.079261)  NNZ: 10 (5)  Ttime: 1.4040 Vtime: 0.0515
Step: 17300000  Loss: 0.135194 Regul: 0.010339 Obj: 0.145533 (0.079261)  NNZ: 16 (5)  Ttime: 1.4005 Vtime: 0.0512
Step: 17400000  Loss: 0.172637 Regul: 0.007800 Obj: 0.180438 (0.079261)  NNZ: 22 (5)  Ttime: 1.4017 Vtime: 0.0515
Step: 17500000  Loss: 0.115411 Regul: 0.008998 Obj: 0.124409 (0.079261)  NNZ: 14 (5)  Ttime: 1.4007 Vtime: 0.0513
Step: 17600000  Loss: 0.079364 Regul: 0.004516 Obj: 0.083881 (0.079261)  NNZ: 8 (5)  Ttime: 1.4000 Vtime: 0.0514
Step: 17700000  Loss: 0.143832 Regul: 0.010406 Obj: 0.154239 (0.079261)  NNZ: 17 (5)  Ttime: 1.4057 Vtime: 0.0509
Step: 17800000  Loss: 0.197653 Regul: 0.013973 Obj: 0.211626 (0.079261)  NNZ: 23 (5)  Ttime: 1.4018 Vtime: 0.0511
Step: 17900000  Loss: 0.216459 Regul: 0.006642 Obj: 0.223101 (0.079261)  NNZ: 16 (5)  Ttime: 1.4024 Vtime: 0.0519
Step: 18000000  Loss: 0.121620 Regul: 0.008775 Obj: 0.130395 (0.079261)  NNZ: 17 (5)  Ttime: 1.4064 Vtime: 0.0512
Step: 18100000  Loss: 0.128653 Regul: 0.009836 Obj: 0.138489 (0.079261)  NNZ: 13 (5)  Ttime: 1.4004 Vtime: 0.0514
Step: 18200000  Loss: 0.144732 Regul: 0.011346 Obj: 0.156078 (0.079261)  NNZ: 23 (5)  Ttime: 1.4036 Vtime: 0.0517
Step: 18300000  Loss: 0.171021 Regul: 0.009955 Obj: 0.180976 (0.079261)  NNZ: 16 (5)  Ttime: 1.4026 Vtime: 0.0517
Step: 18400000  Loss: 0.107053 Regul: 0.008000 Obj: 0.115052 (0.079261)  NNZ: 16 (5)  Ttime: 1.4022 Vtime: 0.0524
Step: 18500000  Loss: 0.084854 Regul: 0.005175 Obj: 0.090029 (0.079261)  NNZ: 14 (5)  Ttime: 1.4018 Vtime: 0.0517
Step: 18600000  Loss: 0.085542 Regul: 0.004525 Obj: 0.090066 (0.079261)  NNZ: 9 (5)  Ttime: 1.4032 Vtime: 0.0514
Step: 18700000  Loss: 0.147478 Regul: 0.006774 Obj: 0.154252 (0.079261)  NNZ: 10 (5)  Ttime: 1.4007 Vtime: 0.0511
Step: 18800000  Loss: 0.080081 Regul: 0.004224 Obj: 0.084305 (0.079261)  NNZ: 10 (5)  Ttime: 1.4012 Vtime: 0.0506
Step: 18900000  Loss: 0.148318 Regul: 0.008384 Obj: 0.156702 (0.079261)  NNZ: 17 (5)  Ttime: 1.4019 Vtime: 0.0518
Step: 19000000  Loss: 0.104577 Regul: 0.006331 Obj: 0.110908 (0.079261)  NNZ: 14 (5)  Ttime: 1.4037 Vtime: 0.0510
Step: 19100000  Loss: 0.114162 Regul: 0.008953 Obj: 0.123116 (0.079261)  NNZ: 16 (5)  Ttime: 1.4014 Vtime: 0.0511
Step: 19200000  Loss: 0.097363 Regul: 0.005651 Obj: 0.103014 (0.079261)  NNZ: 16 (5)  Ttime: 1.4024 Vtime: 0.0516
Step: 19300000  Loss: 0.112099 Regul: 0.007272 Obj: 0.119371 (0.079261)  NNZ: 11 (5)  Ttime: 1.4030 Vtime: 0.0515
Best: 19400000  Loss: 0.064204 Regul: 0.002832 Obj: 0.067036 (0.067036)  NNZ: 10 (10)  Ttime: 1.3999 Vtime: 0.0516
Stat: nPR #72 (#80) Dim/MaxDim [576/640] AUC: 0.977130 FPR95: 12.86 [saved]
Step: 19500000  Loss: 0.151340 Regul: 0.007952 Obj: 0.159291 (0.067036)  NNZ: 13 (10)  Ttime: 1.4061 Vtime: 0.0516
Step: 19600000  Loss: 0.097488 Regul: 0.006711 Obj: 0.104199 (0.067036)  NNZ: 15 (10)  Ttime: 1.4035 Vtime: 0.0515
Step: 19700000  Loss: 0.104196 Regul: 0.004975 Obj: 0.109171 (0.067036)  NNZ: 15 (10)  Ttime: 1.4010 Vtime: 0.0516
Step: 19800000  Loss: 0.212561 Regul: 0.006500 Obj: 0.219061 (0.067036)  NNZ: 15 (10)  Ttime: 1.4045 Vtime: 0.0509
Step: 19900000  Loss: 0.103804 Regul: 0.006504 Obj: 0.110309 (0.067036)  NNZ: 15 (10)  Ttime: 1.4029 Vtime: 0.0510
Step: 20000000  Loss: 0.071078 Regul: 0.002963 Obj: 0.074041 (0.067036)  NNZ: 8 (10)  Ttime: 1.4025 Vtime: 0.0520
Step: 20100000  Loss: 0.091884 Regul: 0.003925 Obj: 0.095809 (0.067036)  NNZ: 8 (10)  Ttime: 1.4031 Vtime: 0.0516
Step: 20200000  Loss: 0.064646 Regul: 0.003341 Obj: 0.067987 (0.067036)  NNZ: 7 (10)  Ttime: 1.4041 Vtime: 0.0514
Step: 20300000  Loss: 0.107647 Regul: 0.005192 Obj: 0.112840 (0.067036)  NNZ: 11 (10)  Ttime: 1.4015 Vtime: 0.0512
Step: 20400000  Loss: 0.210796 Regul: 0.005018 Obj: 0.215814 (0.067036)  NNZ: 16 (10)  Ttime: 1.4021 Vtime: 0.0515
Step: 20500000  Loss: 0.184469 Regul: 0.006714 Obj: 0.191183 (0.067036)  NNZ: 18 (10)  Ttime: 1.4034 Vtime: 0.0511
Step: 20600000  Loss: 0.069087 Regul: 0.003647 Obj: 0.072734 (0.067036)  NNZ: 10 (10)  Ttime: 1.4018 Vtime: 0.0513
Step: 20700000  Loss: 0.108172 Regul: 0.007537 Obj: 0.115709 (0.067036)  NNZ: 15 (10)  Ttime: 1.4031 Vtime: 0.0515
Step: 20800000  Loss: 0.122985 Regul: 0.007285 Obj: 0.130271 (0.067036)  NNZ: 14 (10)  Ttime: 1.4012 Vtime: 0.0510
Step: 20900000  Loss: 0.151601 Regul: 0.010104 Obj: 0.161705 (0.067036)  NNZ: 19 (10)  Ttime: 1.4001 Vtime: 0.0515
Step: 21000000  Loss: 0.113830 Regul: 0.006201 Obj: 0.120031 (0.067036)  NNZ: 11 (10)  Ttime: 1.4007 Vtime: 0.0512
Step: 21100000  Loss: 0.086004 Regul: 0.005068 Obj: 0.091073 (0.067036)  NNZ: 10 (10)  Ttime: 1.4007 Vtime: 0.0514
Step: 21200000  Loss: 0.133955 Regul: 0.010965 Obj: 0.144920 (0.067036)  NNZ: 22 (10)  Ttime: 1.4045 Vtime: 0.0513
Step: 21300000  Loss: 0.090576 Regul: 0.005686 Obj: 0.096261 (0.067036)  NNZ: 12 (10)  Ttime: 1.4036 Vtime: 0.0524
Step: 21400000  Loss: 0.099404 Regul: 0.007743 Obj: 0.107147 (0.067036)  NNZ: 15 (10)  Ttime: 1.4033 Vtime: 0.0519
Step: 21500000  Loss: 0.090688 Regul: 0.005195 Obj: 0.095883 (0.067036)  NNZ: 11 (10)  Ttime: 1.4079 Vtime: 0.0515
Step: 21600000  Loss: 0.124619 Regul: 0.008962 Obj: 0.133582 (0.067036)  NNZ: 17 (10)  Ttime: 1.3988 Vtime: 0.0513
Step: 21700000  Loss: 0.095153 Regul: 0.005231 Obj: 0.100383 (0.067036)  NNZ: 12 (10)  Ttime: 1.4014 Vtime: 0.0511
Step: 21800000  Loss: 0.119079 Regul: 0.009003 Obj: 0.128082 (0.067036)  NNZ: 16 (10)  Ttime: 1.4025 Vtime: 0.0511
Step: 21900000  Loss: 0.135313 Regul: 0.006358 Obj: 0.141671 (0.067036)  NNZ: 13 (10)  Ttime: 1.4034 Vtime: 0.0511
Step: 22000000  Loss: 0.094693 Regul: 0.006554 Obj: 0.101248 (0.067036)  NNZ: 12 (10)  Ttime: 1.4060 Vtime: 0.0505
Step: 22100000  Loss: 0.090660 Regul: 0.003982 Obj: 0.094641 (0.067036)  NNZ: 8 (10)  Ttime: 1.4020 Vtime: 0.0520
Step: 22200000  Loss: 0.079842 Regul: 0.005099 Obj: 0.084941 (0.067036)  NNZ: 12 (10)  Ttime: 1.4029 Vtime: 0.0508
Step: 22300000  Loss: 0.157319 Regul: 0.013735 Obj: 0.171054 (0.067036)  NNZ: 21 (10)  Ttime: 1.4045 Vtime: 0.0509
Step: 22400000  Loss: 0.077201 Regul: 0.002358 Obj: 0.079559 (0.067036)  NNZ: 4 (10)  Ttime: 1.4039 Vtime: 0.0514
Step: 22500000  Loss: 0.089081 Regul: 0.004117 Obj: 0.093199 (0.067036)  NNZ: 9 (10)  Ttime: 1.3994 Vtime: 0.0523
Step: 22600000  Loss: 0.124710 Regul: 0.008763 Obj: 0.133472 (0.067036)  NNZ: 15 (10)  Ttime: 1.4070 Vtime: 0.0514
Step: 22700000  Loss: 0.098108 Regul: 0.003924 Obj: 0.102032 (0.067036)  NNZ: 7 (10)  Ttime: 1.4043 Vtime: 0.0514
Step: 22800000  Loss: 0.134522 Regul: 0.010590 Obj: 0.145112 (0.067036)  NNZ: 20 (10)  Ttime: 1.4046 Vtime: 0.0514
Step: 22900000  Loss: 0.296979 Regul: 0.009158 Obj: 0.306137 (0.067036)  NNZ: 15 (10)  Ttime: 1.4041 Vtime: 0.0517
Step: 23000000  Loss: 0.091867 Regul: 0.005129 Obj: 0.096997 (0.067036)  NNZ: 11 (10)  Ttime: 1.4072 Vtime: 0.0510
Step: 23100000  Loss: 0.063660 Regul: 0.003450 Obj: 0.067111 (0.067036)  NNZ: 11 (10)  Ttime: 1.4029 Vtime: 0.0518
Step: 23200000  Loss: 0.105507 Regul: 0.004915 Obj: 0.110423 (0.067036)  NNZ: 8 (10)  Ttime: 1.4017 Vtime: 0.0515
Step: 23300000  Loss: 0.100440 Regul: 0.006572 Obj: 0.107012 (0.067036)  NNZ: 11 (10)  Ttime: 1.4067 Vtime: 0.0516
Step: 23400000  Loss: 0.084163 Regul: 0.004324 Obj: 0.088487 (0.067036)  NNZ: 8 (10)  Ttime: 1.4208 Vtime: 0.0516
Step: 23500000  Loss: 0.138560 Regul: 0.006956 Obj: 0.145517 (0.067036)  NNZ: 11 (10)  Ttime: 1.4030 Vtime: 0.0519
Step: 23600000  Loss: 0.102809 Regul: 0.006657 Obj: 0.109465 (0.067036)  NNZ: 11 (10)  Ttime: 1.4063 Vtime: 0.0512
Step: 23700000  Loss: 0.094989 Regul: 0.006550 Obj: 0.101540 (0.067036)  NNZ: 17 (10)  Ttime: 1.4028 Vtime: 0.0512
Step: 23800000  Loss: 0.093489 Regul: 0.006498 Obj: 0.099987 (0.067036)  NNZ: 13 (10)  Ttime: 1.4046 Vtime: 0.0511
Step: 23900000  Loss: 0.106546 Regul: 0.006019 Obj: 0.112566 (0.067036)  NNZ: 12 (10)  Ttime: 1.4014 Vtime: 0.0513
Step: 24000000  Loss: 0.149219 Regul: 0.011822 Obj: 0.161041 (0.067036)  NNZ: 21 (10)  Ttime: 1.4023 Vtime: 0.0516
Best: 24100000  Loss: 0.053093 Regul: 0.001736 Obj: 0.054829 (0.054829)  NNZ: 7 (7)  Ttime: 1.4037 Vtime: 0.0511
Stat: nPR #44 (#56) Dim/MaxDim [352/640] AUC: 0.979609 FPR95: 11.11 [saved]
Step: 24200000  Loss: 0.088350 Regul: 0.005374 Obj: 0.093723 (0.054829)  NNZ: 12 (7)  Ttime: 1.4028 Vtime: 0.0517
Step: 24300000  Loss: 0.129031 Regul: 0.006708 Obj: 0.135739 (0.054829)  NNZ: 15 (7)  Ttime: 1.4037 Vtime: 0.0509
Step: 24400000  Loss: 0.097965 Regul: 0.007461 Obj: 0.105426 (0.054829)  NNZ: 16 (7)  Ttime: 1.4017 Vtime: 0.0519
Step: 24500000  Loss: 0.108566 Regul: 0.007694 Obj: 0.116260 (0.054829)  NNZ: 16 (7)  Ttime: 1.4012 Vtime: 0.0509
Step: 24600000  Loss: 0.092158 Regul: 0.005412 Obj: 0.097570 (0.054829)  NNZ: 15 (7)  Ttime: 1.4009 Vtime: 0.0513
Step: 24700000  Loss: 0.208366 Regul: 0.012459 Obj: 0.220825 (0.054829)  NNZ: 20 (7)  Ttime: 1.4011 Vtime: 0.0516
Step: 24800000  Loss: 0.098910 Regul: 0.007990 Obj: 0.106901 (0.054829)  NNZ: 17 (7)  Ttime: 1.4022 Vtime: 0.0513
Step: 24900000  Loss: 0.143300 Regul: 0.012022 Obj: 0.155322 (0.054829)  NNZ: 26 (7)  Ttime: 1.4012 Vtime: 0.0522
Step: 25000000  Loss: 0.092652 Regul: 0.006454 Obj: 0.099106 (0.054829)  NNZ: 14 (7)  Ttime: 1.4035 Vtime: 0.0522
Step: 25100000  Loss: 0.099935 Regul: 0.007406 Obj: 0.107341 (0.054829)  NNZ: 17 (7)  Ttime: 1.4025 Vtime: 0.0516
Step: 25200000  Loss: 0.113100 Regul: 0.004950 Obj: 0.118050 (0.054829)  NNZ: 11 (7)  Ttime: 1.4036 Vtime: 0.0524
Step: 25300000  Loss: 0.070363 Regul: 0.004094 Obj: 0.074457 (0.054829)  NNZ: 9 (7)  Ttime: 1.4034 Vtime: 0.0518
Step: 25400000  Loss: 0.104682 Regul: 0.006531 Obj: 0.111214 (0.054829)  NNZ: 15 (7)  Ttime: 1.4063 Vtime: 0.0509
Step: 25500000  Loss: 0.070968 Regul: 0.003773 Obj: 0.074741 (0.054829)  NNZ: 12 (7)  Ttime: 1.4111 Vtime: 0.0516
Step: 25600000  Loss: 0.097426 Regul: 0.007000 Obj: 0.104425 (0.054829)  NNZ: 17 (7)  Ttime: 1.4050 Vtime: 0.0515
Step: 25700000  Loss: 0.087262 Regul: 0.003706 Obj: 0.090968 (0.054829)  NNZ: 10 (7)  Ttime: 1.4028 Vtime: 0.0513
Step: 25800000  Loss: 0.113708 Regul: 0.005986 Obj: 0.119694 (0.054829)  NNZ: 12 (7)  Ttime: 1.4075 Vtime: 0.0511
Step: 25900000  Loss: 0.122748 Regul: 0.007258 Obj: 0.130006 (0.054829)  NNZ: 19 (7)  Ttime: 1.4057 Vtime: 0.0513
Step: 26000000  Loss: 0.099642 Regul: 0.004813 Obj: 0.104454 (0.054829)  NNZ: 14 (7)  Ttime: 1.4010 Vtime: 0.0508
Step: 26100000  Loss: 0.104493 Regul: 0.007844 Obj: 0.112336 (0.054829)  NNZ: 14 (7)  Ttime: 1.4018 Vtime: 0.0516
Step: 26200000  Loss: 0.105154 Regul: 0.006224 Obj: 0.111378 (0.054829)  NNZ: 11 (7)  Ttime: 1.4132 Vtime: 0.0514
Step: 26300000  Loss: 0.111906 Regul: 0.008502 Obj: 0.120407 (0.054829)  NNZ: 16 (7)  Ttime: 1.4018 Vtime: 0.0512
Step: 26400000  Loss: 0.068095 Regul: 0.004478 Obj: 0.072573 (0.054829)  NNZ: 12 (7)  Ttime: 1.4014 Vtime: 0.0514
Step: 26500000  Loss: 0.098181 Regul: 0.006744 Obj: 0.104925 (0.054829)  NNZ: 12 (7)  Ttime: 1.4036 Vtime: 0.0511
Step: 26600000  Loss: 0.098688 Regul: 0.006335 Obj: 0.105024 (0.054829)  NNZ: 14 (7)  Ttime: 1.4018 Vtime: 0.0511
Step: 26700000  Loss: 0.128136 Regul: 0.009389 Obj: 0.137525 (0.054829)  NNZ: 14 (7)  Ttime: 1.4013 Vtime: 0.0503
Step: 26800000  Loss: 0.147173 Regul: 0.010619 Obj: 0.157792 (0.054829)  NNZ: 18 (7)  Ttime: 1.4027 Vtime: 0.0516
Step: 26900000  Loss: 0.153459 Regul: 0.004260 Obj: 0.157719 (0.054829)  NNZ: 11 (7)  Ttime: 1.4030 Vtime: 0.0514
Step: 27000000  Loss: 0.153378 Regul: 0.006931 Obj: 0.160309 (0.054829)  NNZ: 14 (7)  Ttime: 1.4021 Vtime: 0.0513
Step: 27100000  Loss: 0.099667 Regul: 0.005717 Obj: 0.105383 (0.054829)  NNZ: 14 (7)  Ttime: 1.4017 Vtime: 0.0510
Step: 27200000  Loss: 0.082313 Regul: 0.005157 Obj: 0.087470 (0.054829)  NNZ: 11 (7)  Ttime: 1.4008 Vtime: 0.0513
Step: 27300000  Loss: 0.070212 Regul: 0.004164 Obj: 0.074376 (0.054829)  NNZ: 13 (7)  Ttime: 1.4040 Vtime: 0.0513
Step: 27400000  Loss: 0.094245 Regul: 0.005310 Obj: 0.099555 (0.054829)  NNZ: 13 (7)  Ttime: 1.4019 Vtime: 0.0513
Step: 27500000  Loss: 0.075744 Regul: 0.004366 Obj: 0.080110 (0.054829)  NNZ: 10 (7)  Ttime: 1.3989 Vtime: 0.0514
Step: 27600000  Loss: 0.079158 Regul: 0.002461 Obj: 0.081620 (0.054829)  NNZ: 7 (7)  Ttime: 1.4049 Vtime: 0.0520
Step: 27700000  Loss: 0.137482 Regul: 0.004572 Obj: 0.142054 (0.054829)  NNZ: 8 (7)  Ttime: 1.4103 Vtime: 0.0513
Step: 27800000  Loss: 0.089689 Regul: 0.004142 Obj: 0.093831 (0.054829)  NNZ: 9 (7)  Ttime: 1.4016 Vtime: 0.0509
Step: 27900000  Loss: 0.093337 Regul: 0.004598 Obj: 0.097935 (0.054829)  NNZ: 8 (7)  Ttime: 1.4035 Vtime: 0.0513
Step: 28000000  Loss: 0.068585 Regul: 0.003421 Obj: 0.072006 (0.054829)  NNZ: 9 (7)  Ttime: 1.4016 Vtime: 0.0519
Step: 28100000  Loss: 0.085652 Regul: 0.003948 Obj: 0.089599 (0.054829)  NNZ: 12 (7)  Ttime: 1.4010 Vtime: 0.0520
Step: 28200000  Loss: 0.153472 Regul: 0.010323 Obj: 0.163795 (0.054829)  NNZ: 21 (7)  Ttime: 1.4015 Vtime: 0.0511
Step: 28300000  Loss: 0.211072 Regul: 0.008600 Obj: 0.219672 (0.054829)  NNZ: 19 (7)  Ttime: 1.4124 Vtime: 0.0514
Step: 28400000  Loss: 0.066582 Regul: 0.003201 Obj: 0.069783 (0.054829)  NNZ: 9 (7)  Ttime: 1.4030 Vtime: 0.0513
Step: 28500000  Loss: 0.080515 Regul: 0.005046 Obj: 0.085561 (0.054829)  NNZ: 11 (7)  Ttime: 1.4083 Vtime: 0.0513
Step: 28600000  Loss: 0.105532 Regul: 0.007533 Obj: 0.113065 (0.054829)  NNZ: 18 (7)  Ttime: 1.4020 Vtime: 0.0518
Step: 28700000  Loss: 0.199803 Regul: 0.012186 Obj: 0.211988 (0.054829)  NNZ: 24 (7)  Ttime: 1.4016 Vtime: 0.0518
Step: 28800000  Loss: 0.127843 Regul: 0.007547 Obj: 0.135390 (0.054829)  NNZ: 15 (7)  Ttime: 1.4009 Vtime: 0.0525
Step: 28900000  Loss: 0.091638 Regul: 0.006193 Obj: 0.097832 (0.054829)  NNZ: 13 (7)  Ttime: 1.4029 Vtime: 0.0515
Step: 29000000  Loss: 0.098230 Regul: 0.003921 Obj: 0.102151 (0.054829)  NNZ: 8 (7)  Ttime: 1.4011 Vtime: 0.0513
Step: 29100000  Loss: 0.087318 Regul: 0.004412 Obj: 0.091730 (0.054829)  NNZ: 11 (7)  Ttime: 1.4022 Vtime: 0.0515
Step: 29200000  Loss: 0.101234 Regul: 0.002663 Obj: 0.103896 (0.054829)  NNZ: 7 (7)  Ttime: 1.4025 Vtime: 0.0514
Step: 29300000  Loss: 0.076509 Regul: 0.003613 Obj: 0.080123 (0.054829)  NNZ: 9 (7)  Ttime: 1.4025 Vtime: 0.0513
Step: 29400000  Loss: 0.102339 Regul: 0.007955 Obj: 0.110294 (0.054829)  NNZ: 14 (7)  Ttime: 1.4084 Vtime: 0.0515
Step: 29500000  Loss: 0.138115 Regul: 0.004879 Obj: 0.142994 (0.054829)  NNZ: 12 (7)  Ttime: 1.4052 Vtime: 0.0521
Step: 29600000  Loss: 0.072600 Regul: 0.001578 Obj: 0.074179 (0.054829)  NNZ: 8 (7)  Ttime: 1.4018 Vtime: 0.0518
Step: 29700000  Loss: 0.058278 Regul: 0.002646 Obj: 0.060924 (0.054829)  NNZ: 10 (7)  Ttime: 1.4023 Vtime: 0.0522
Step: 29800000  Loss: 0.109094 Regul: 0.003951 Obj: 0.113045 (0.054829)  NNZ: 9 (7)  Ttime: 1.4038 Vtime: 0.0509
Step: 29900000  Loss: 0.088445 Regul: 0.004165 Obj: 0.092611 (0.054829)  NNZ: 8 (7)  Ttime: 1.4000 Vtime: 0.0514
Step: 30000000  Loss: 0.070584 Regul: 0.004391 Obj: 0.074975 (0.054829)  NNZ: 9 (7)  Ttime: 1.4049 Vtime: 0.0511
Step: 30100000  Loss: 0.068333 Regul: 0.003376 Obj: 0.071709 (0.054829)  NNZ: 9 (7)  Ttime: 1.4008 Vtime: 0.0506
Step: 30200000  Loss: 0.078396 Regul: 0.002422 Obj: 0.080818 (0.054829)  NNZ: 9 (7)  Ttime: 1.4004 Vtime: 0.0514
Step: 30300000  Loss: 0.122926 Regul: 0.010262 Obj: 0.133188 (0.054829)  NNZ: 15 (7)  Ttime: 1.4035 Vtime: 0.0518
Step: 30400000  Loss: 0.074615 Regul: 0.003114 Obj: 0.077729 (0.054829)  NNZ: 6 (7)  Ttime: 1.4093 Vtime: 0.0511
Step: 30500000  Loss: 0.095397 Regul: 0.005053 Obj: 0.100450 (0.054829)  NNZ: 11 (7)  Ttime: 1.3987 Vtime: 0.0513
Step: 30600000  Loss: 0.100119 Regul: 0.006669 Obj: 0.106788 (0.054829)  NNZ: 15 (7)  Ttime: 1.4030 Vtime: 0.0521
Step: 30700000  Loss: 0.083680 Regul: 0.004733 Obj: 0.088412 (0.054829)  NNZ: 10 (7)  Ttime: 1.4044 Vtime: 0.0519
Step: 30800000  Loss: 0.071037 Regul: 0.003705 Obj: 0.074742 (0.054829)  NNZ: 12 (7)  Ttime: 1.4020 Vtime: 0.0513
Step: 30900000  Loss: 0.079324 Regul: 0.004673 Obj: 0.083997 (0.054829)  NNZ: 10 (7)  Ttime: 1.4007 Vtime: 0.0516
Step: 31000000  Loss: 0.104643 Regul: 0.005926 Obj: 0.110569 (0.054829)  NNZ: 13 (7)  Ttime: 1.4044 Vtime: 0.0508
Step: 31100000  Loss: 0.065259 Regul: 0.003526 Obj: 0.068785 (0.054829)  NNZ: 11 (7)  Ttime: 1.4022 Vtime: 0.0517
Step: 31200000  Loss: 0.077239 Regul: 0.003922 Obj: 0.081161 (0.054829)  NNZ: 10 (7)  Ttime: 1.4062 Vtime: 0.0511
Step: 31300000  Loss: 0.094881 Regul: 0.005662 Obj: 0.100543 (0.054829)  NNZ: 13 (7)  Ttime: 1.4048 Vtime: 0.0515
Step: 31400000  Loss: 0.080006 Regul: 0.004916 Obj: 0.084922 (0.054829)  NNZ: 10 (7)  Ttime: 1.4032 Vtime: 0.0513
Step: 31500000  Loss: 0.122737 Regul: 0.005613 Obj: 0.128349 (0.054829)  NNZ: 15 (7)  Ttime: 1.4047 Vtime: 0.0512
Step: 31600000  Loss: 0.088667 Regul: 0.006291 Obj: 0.094958 (0.054829)  NNZ: 12 (7)  Ttime: 1.4013 Vtime: 0.0509
Step: 31700000  Loss: 0.093616 Regul: 0.006224 Obj: 0.099840 (0.054829)  NNZ: 12 (7)  Ttime: 1.4009 Vtime: 0.0517
Step: 31800000  Loss: 0.068351 Regul: 0.003293 Obj: 0.071644 (0.054829)  NNZ: 11 (7)  Ttime: 1.4030 Vtime: 0.0523
Step: 31900000  Loss: 0.128567 Regul: 0.008083 Obj: 0.136650 (0.054829)  NNZ: 16 (7)  Ttime: 1.4017 Vtime: 0.0520
Step: 32000000  Loss: 0.077298 Regul: 0.004175 Obj: 0.081473 (0.054829)  NNZ: 14 (7)  Ttime: 1.4015 Vtime: 0.0517
Step: 32100000  Loss: 0.061157 Regul: 0.002557 Obj: 0.063714 (0.054829)  NNZ: 8 (7)  Ttime: 1.4040 Vtime: 0.0512
Step: 32200000  Loss: 0.114410 Regul: 0.006612 Obj: 0.121021 (0.054829)  NNZ: 14 (7)  Ttime: 1.4040 Vtime: 0.0522
Step: 32300000  Loss: 0.065668 Regul: 0.002780 Obj: 0.068447 (0.054829)  NNZ: 11 (7)  Ttime: 1.4042 Vtime: 0.0515
Step: 32400000  Loss: 0.091073 Regul: 0.004668 Obj: 0.095741 (0.054829)  NNZ: 12 (7)  Ttime: 1.4046 Vtime: 0.0509
Step: 32500000  Loss: 0.099203 Regul: 0.005566 Obj: 0.104769 (0.054829)  NNZ: 14 (7)  Ttime: 1.4175 Vtime: 0.0514
Step: 32600000  Loss: 0.100252 Regul: 0.005041 Obj: 0.105293 (0.054829)  NNZ: 10 (7)  Ttime: 1.4040 Vtime: 0.0511
Step: 32700000  Loss: 0.083219 Regul: 0.005767 Obj: 0.088985 (0.054829)  NNZ: 9 (7)  Ttime: 1.4019 Vtime: 0.0516
Step: 32800000  Loss: 0.065081 Regul: 0.001782 Obj: 0.066863 (0.054829)  NNZ: 8 (7)  Ttime: 1.4029 Vtime: 0.0514
Step: 32900000  Loss: 0.106938 Regul: 0.005566 Obj: 0.112504 (0.054829)  NNZ: 16 (7)  Ttime: 1.4007 Vtime: 0.0516
Step: 33000000  Loss: 0.070113 Regul: 0.003835 Obj: 0.073947 (0.054829)  NNZ: 13 (7)  Ttime: 1.4014 Vtime: 0.0523
Step: 33100000  Loss: 0.079922 Regul: 0.005312 Obj: 0.085234 (0.054829)  NNZ: 12 (7)  Ttime: 1.4032 Vtime: 0.0512
Step: 33200000  Loss: 0.087567 Regul: 0.005867 Obj: 0.093434 (0.054829)  NNZ: 13 (7)  Ttime: 1.4097 Vtime: 0.0513
Step: 33300000  Loss: 0.062911 Regul: 0.002095 Obj: 0.065006 (0.054829)  NNZ: 9 (7)  Ttime: 1.4032 Vtime: 0.0519
Step: 33400000  Loss: 0.112108 Regul: 0.004935 Obj: 0.117043 (0.054829)  NNZ: 13 (7)  Ttime: 1.4025 Vtime: 0.0516
Step: 33500000  Loss: 0.100089 Regul: 0.005437 Obj: 0.105526 (0.054829)  NNZ: 13 (7)  Ttime: 1.4028 Vtime: 0.0510
Step: 33600000  Loss: 0.111014 Regul: 0.006611 Obj: 0.117625 (0.054829)  NNZ: 15 (7)  Ttime: 1.4014 Vtime: 0.0516
Step: 33700000  Loss: 0.100961 Regul: 0.004026 Obj: 0.104987 (0.054829)  NNZ: 14 (7)  Ttime: 1.4028 Vtime: 0.0516
Step: 33800000  Loss: 0.074966 Regul: 0.003729 Obj: 0.078696 (0.054829)  NNZ: 13 (7)  Ttime: 1.4028 Vtime: 0.0519
Step: 33900000  Loss: 0.067502 Regul: 0.003824 Obj: 0.071325 (0.054829)  NNZ: 11 (7)  Ttime: 1.4024 Vtime: 0.0516
Step: 34000000  Loss: 0.102398 Regul: 0.006652 Obj: 0.109050 (0.054829)  NNZ: 14 (7)  Ttime: 1.4005 Vtime: 0.0515
Step: 34100000  Loss: 0.094607 Regul: 0.004012 Obj: 0.098619 (0.054829)  NNZ: 9 (7)  Ttime: 1.4018 Vtime: 0.0514
Step: 34200000  Loss: 0.087248 Regul: 0.006180 Obj: 0.093428 (0.054829)  NNZ: 16 (7)  Ttime: 1.4046 Vtime: 0.0513
Step: 34300000  Loss: 0.079233 Regul: 0.005070 Obj: 0.084303 (0.054829)  NNZ: 10 (7)  Ttime: 1.4101 Vtime: 0.0521
Step: 34400000  Loss: 0.123572 Regul: 0.006148 Obj: 0.129720 (0.054829)  NNZ: 11 (7)  Ttime: 1.4021 Vtime: 0.0519
Step: 34500000  Loss: 0.078862 Regul: 0.004100 Obj: 0.082962 (0.054829)  NNZ: 11 (7)  Ttime: 1.4022 Vtime: 0.0514
Step: 34600000  Loss: 0.142277 Regul: 0.008400 Obj: 0.150677 (0.054829)  NNZ: 16 (7)  Ttime: 1.4021 Vtime: 0.0515
Step: 34700000  Loss: 0.125166 Regul: 0.005147 Obj: 0.130314 (0.054829)  NNZ: 14 (7)  Ttime: 1.4040 Vtime: 0.0519
Step: 34800000  Loss: 0.082039 Regul: 0.005466 Obj: 0.087505 (0.054829)  NNZ: 10 (7)  Ttime: 1.4034 Vtime: 0.0511
Step: 34900000  Loss: 0.134940 Regul: 0.006188 Obj: 0.141128 (0.054829)  NNZ: 13 (7)  Ttime: 1.4045 Vtime: 0.0509
Step: 35000000  Loss: 0.105188 Regul: 0.006444 Obj: 0.111632 (0.054829)  NNZ: 13 (7)  Ttime: 1.4010 Vtime: 0.0520
Step: 35100000  Loss: 0.089527 Regul: 0.005814 Obj: 0.095341 (0.054829)  NNZ: 10 (7)  Ttime: 1.4031 Vtime: 0.0513
Step: 35200000  Loss: 0.111805 Regul: 0.009722 Obj: 0.121527 (0.054829)  NNZ: 17 (7)  Ttime: 1.4040 Vtime: 0.0519
Step: 35300000  Loss: 0.130614 Regul: 0.011831 Obj: 0.142445 (0.054829)  NNZ: 16 (7)  Ttime: 1.4012 Vtime: 0.0517
Step: 35400000  Loss: 0.139645 Regul: 0.006132 Obj: 0.145777 (0.054829)  NNZ: 16 (7)  Ttime: 1.4020 Vtime: 0.0510
Step: 35500000  Loss: 0.166430 Regul: 0.010639 Obj: 0.177070 (0.054829)  NNZ: 20 (7)  Ttime: 1.4033 Vtime: 0.0507
Step: 35600000  Loss: 0.076296 Regul: 0.005168 Obj: 0.081463 (0.054829)  NNZ: 14 (7)  Ttime: 1.4013 Vtime: 0.0512
Step: 35700000  Loss: 0.146463 Regul: 0.013398 Obj: 0.159861 (0.054829)  NNZ: 24 (7)  Ttime: 1.4004 Vtime: 0.0517
Step: 35800000  Loss: 0.124078 Regul: 0.008598 Obj: 0.132676 (0.054829)  NNZ: 17 (7)  Ttime: 1.4014 Vtime: 0.0513
Step: 35900000  Loss: 0.098562 Regul: 0.008259 Obj: 0.106821 (0.054829)  NNZ: 17 (7)  Ttime: 1.4032 Vtime: 0.0510
Step: 36000000  Loss: 0.082959 Regul: 0.004527 Obj: 0.087486 (0.054829)  NNZ: 13 (7)  Ttime: 1.4038 Vtime: 0.0517
Step: 36100000  Loss: 0.156551 Regul: 0.004068 Obj: 0.160619 (0.054829)  NNZ: 10 (7)  Ttime: 1.4015 Vtime: 0.0522
Step: 36200000  Loss: 0.102316 Regul: 0.006363 Obj: 0.108679 (0.054829)  NNZ: 17 (7)  Ttime: 1.4011 Vtime: 0.0510
Step: 36300000  Loss: 0.092386 Regul: 0.006708 Obj: 0.099094 (0.054829)  NNZ: 16 (7)  Ttime: 1.4030 Vtime: 0.0512
Step: 36400000  Loss: 0.117430 Regul: 0.008898 Obj: 0.126327 (0.054829)  NNZ: 15 (7)  Ttime: 1.4000 Vtime: 0.0513
Step: 36500000  Loss: 0.069557 Regul: 0.002446 Obj: 0.072003 (0.054829)  NNZ: 8 (7)  Ttime: 1.4016 Vtime: 0.0515
Step: 36600000  Loss: 0.066982 Regul: 0.003935 Obj: 0.070917 (0.054829)  NNZ: 12 (7)  Ttime: 1.4024 Vtime: 0.0517
Step: 36700000  Loss: 0.088973 Regul: 0.004384 Obj: 0.093357 (0.054829)  NNZ: 7 (7)  Ttime: 1.4059 Vtime: 0.0522
Step: 36800000  Loss: 0.118612 Regul: 0.010137 Obj: 0.128750 (0.054829)  NNZ: 20 (7)  Ttime: 1.4056 Vtime: 0.0514
Step: 36900000  Loss: 0.107720 Regul: 0.008771 Obj: 0.116491 (0.054829)  NNZ: 16 (7)  Ttime: 1.4017 Vtime: 0.0514
Step: 37000000  Loss: 0.126705 Regul: 0.009263 Obj: 0.135968 (0.054829)  NNZ: 18 (7)  Ttime: 1.4016 Vtime: 0.0519
Step: 37100000  Loss: 0.100325 Regul: 0.006739 Obj: 0.107064 (0.054829)  NNZ: 15 (7)  Ttime: 1.4047 Vtime: 0.0514
Step: 37200000  Loss: 0.106402 Regul: 0.007986 Obj: 0.114388 (0.054829)  NNZ: 18 (7)  Ttime: 1.4018 Vtime: 0.0514
Step: 37300000  Loss: 0.104085 Regul: 0.008060 Obj: 0.112145 (0.054829)  NNZ: 17 (7)  Ttime: 1.4062 Vtime: 0.0510
Step: 37400000  Loss: 0.110852 Regul: 0.007598 Obj: 0.118451 (0.054829)  NNZ: 16 (7)  Ttime: 1.4021 Vtime: 0.0521
Step: 37500000  Loss: 0.061957 Regul: 0.002107 Obj: 0.064064 (0.054829)  NNZ: 8 (7)  Ttime: 1.4027 Vtime: 0.0513
Step: 37600000  Loss: 0.112757 Regul: 0.008577 Obj: 0.121335 (0.054829)  NNZ: 16 (7)  Ttime: 1.4015 Vtime: 0.0512
Step: 37700000  Loss: 0.107044 Regul: 0.008611 Obj: 0.115655 (0.054829)  NNZ: 15 (7)  Ttime: 1.4003 Vtime: 0.0515
Step: 37800000  Loss: 0.215007 Regul: 0.014669 Obj: 0.229676 (0.054829)  NNZ: 27 (7)  Ttime: 1.4007 Vtime: 0.0513
Step: 37900000  Loss: 0.390631 Regul: 0.003700 Obj: 0.394331 (0.054829)  NNZ: 11 (7)  Ttime: 1.4037 Vtime: 0.0510
Step: 38000000  Loss: 0.102775 Regul: 0.007647 Obj: 0.110422 (0.054829)  NNZ: 16 (7)  Ttime: 1.4028 Vtime: 0.0515
Step: 38100000  Loss: 0.082084 Regul: 0.005146 Obj: 0.087230 (0.054829)  NNZ: 13 (7)  Ttime: 1.4050 Vtime: 0.0525
Step: 38200000  Loss: 0.082619 Regul: 0.004985 Obj: 0.087604 (0.054829)  NNZ: 11 (7)  Ttime: 1.4035 Vtime: 0.0509
Step: 38300000  Loss: 0.106319 Regul: 0.008026 Obj: 0.114345 (0.054829)  NNZ: 20 (7)  Ttime: 1.4162 Vtime: 0.0508
Step: 38400000  Loss: 0.172857 Regul: 0.010349 Obj: 0.183206 (0.054829)  NNZ: 20 (7)  Ttime: 1.4058 Vtime: 0.0512
Step: 38500000  Loss: 0.095146 Regul: 0.005139 Obj: 0.100285 (0.054829)  NNZ: 18 (7)  Ttime: 1.4021 Vtime: 0.0510
Step: 38600000  Loss: 0.077136 Regul: 0.003818 Obj: 0.080954 (0.054829)  NNZ: 13 (7)  Ttime: 1.4023 Vtime: 0.0516
Step: 38700000  Loss: 0.133702 Regul: 0.011773 Obj: 0.145475 (0.054829)  NNZ: 19 (7)  Ttime: 1.4020 Vtime: 0.0524
Step: 38800000  Loss: 0.100675 Regul: 0.004800 Obj: 0.105475 (0.054829)  NNZ: 12 (7)  Ttime: 1.4005 Vtime: 0.0511
Step: 38900000  Loss: 0.091861 Regul: 0.006267 Obj: 0.098127 (0.054829)  NNZ: 15 (7)  Ttime: 1.4017 Vtime: 0.0518
Step: 39000000  Loss: 0.158430 Regul: 0.005343 Obj: 0.163772 (0.054829)  NNZ: 13 (7)  Ttime: 1.4033 Vtime: 0.0512
Step: 39100000  Loss: 0.109643 Regul: 0.008070 Obj: 0.117713 (0.054829)  NNZ: 17 (7)  Ttime: 1.4022 Vtime: 0.0518
Step: 39200000  Loss: 0.088723 Regul: 0.006764 Obj: 0.095486 (0.054829)  NNZ: 12 (7)  Ttime: 1.4038 Vtime: 0.0515
Step: 39300000  Loss: 0.147225 Regul: 0.010484 Obj: 0.157708 (0.054829)  NNZ: 19 (7)  Ttime: 1.4216 Vtime: 0.0522
Step: 39400000  Loss: 0.093448 Regul: 0.007197 Obj: 0.100645 (0.054829)  NNZ: 14 (7)  Ttime: 1.4023 Vtime: 0.0513
Step: 39500000  Loss: 0.115471 Regul: 0.009033 Obj: 0.124504 (0.054829)  NNZ: 17 (7)  Ttime: 1.4022 Vtime: 0.0512
Step: 39600000  Loss: 0.108431 Regul: 0.007575 Obj: 0.116006 (0.054829)  NNZ: 19 (7)  Ttime: 1.4002 Vtime: 0.0517
Step: 39700000  Loss: 0.128318 Regul: 0.008552 Obj: 0.136871 (0.054829)  NNZ: 16 (7)  Ttime: 1.4020 Vtime: 0.0514
Step: 39800000  Loss: 0.106498 Regul: 0.007569 Obj: 0.114067 (0.054829)  NNZ: 19 (7)  Ttime: 1.4021 Vtime: 0.0515
Step: 39900000  Loss: 0.102395 Regul: 0.008272 Obj: 0.110667 (0.054829)  NNZ: 17 (7)  Ttime: 1.4032 Vtime: 0.0512
Step: 40000000  Loss: 0.149643 Regul: 0.010957 Obj: 0.160599 (0.054829)  NNZ: 18 (7)  Ttime: 1.4056 Vtime: 0.0517
Step: 40100000  Loss: 0.122128 Regul: 0.008523 Obj: 0.130652 (0.054829)  NNZ: 16 (7)  Ttime: 1.4059 Vtime: 0.0521
Step: 40200000  Loss: 0.123933 Regul: 0.007308 Obj: 0.131242 (0.054829)  NNZ: 14 (7)  Ttime: 1.4006 Vtime: 0.0518
Step: 40300000  Loss: 0.110210 Regul: 0.008237 Obj: 0.118447 (0.054829)  NNZ: 16 (7)  Ttime: 1.4013 Vtime: 0.0517
Step: 40400000  Loss: 0.119655 Regul: 0.010632 Obj: 0.130287 (0.054829)  NNZ: 21 (7)  Ttime: 1.4016 Vtime: 0.0518
Step: 40500000  Loss: 0.067048 Regul: 0.004231 Obj: 0.071279 (0.054829)  NNZ: 11 (7)  Ttime: 1.4034 Vtime: 0.0518
Step: 40600000  Loss: 0.103780 Regul: 0.006757 Obj: 0.110538 (0.054829)  NNZ: 16 (7)  Ttime: 1.4024 Vtime: 0.0514
Step: 40700000  Loss: 0.104428 Regul: 0.005830 Obj: 0.110258 (0.054829)  NNZ: 14 (7)  Ttime: 1.4017 Vtime: 0.0518
Step: 40800000  Loss: 0.107560 Regul: 0.009095 Obj: 0.116656 (0.054829)  NNZ: 22 (7)  Ttime: 1.4039 Vtime: 0.0514
Step: 40900000  Loss: 0.142472 Regul: 0.008677 Obj: 0.151149 (0.054829)  NNZ: 18 (7)  Ttime: 1.4012 Vtime: 0.0506
Step: 41000000  Loss: 0.110639 Regul: 0.007869 Obj: 0.118508 (0.054829)  NNZ: 16 (7)  Ttime: 1.4001 Vtime: 0.0517
Step: 41100000  Loss: 0.090495 Regul: 0.006468 Obj: 0.096963 (0.054829)  NNZ: 22 (7)  Ttime: 1.4041 Vtime: 0.0517
Step: 41200000  Loss: 0.106287 Regul: 0.006429 Obj: 0.112716 (0.054829)  NNZ: 11 (7)  Ttime: 1.4007 Vtime: 0.0514
Step: 41300000  Loss: 0.105165 Regul: 0.009004 Obj: 0.114169 (0.054829)  NNZ: 27 (7)  Ttime: 1.4004 Vtime: 0.0516
Step: 41400000  Loss: 0.094871 Regul: 0.005477 Obj: 0.100347 (0.054829)  NNZ: 19 (7)  Ttime: 1.4023 Vtime: 0.0515
Step: 41500000  Loss: 0.088455 Regul: 0.006310 Obj: 0.094765 (0.054829)  NNZ: 13 (7)  Ttime: 1.4021 Vtime: 0.0519
Step: 41600000  Loss: 0.107723 Regul: 0.006948 Obj: 0.114671 (0.054829)  NNZ: 13 (7)  Ttime: 1.4033 Vtime: 0.0510
Step: 41700000  Loss: 0.139269 Regul: 0.009992 Obj: 0.149261 (0.054829)  NNZ: 15 (7)  Ttime: 1.4021 Vtime: 0.0512
Step: 41800000  Loss: 0.079397 Regul: 0.004701 Obj: 0.084098 (0.054829)  NNZ: 13 (7)  Ttime: 1.4014 Vtime: 0.0514
Step: 41900000  Loss: 0.095712 Regul: 0.005886 Obj: 0.101598 (0.054829)  NNZ: 12 (7)  Ttime: 1.4016 Vtime: 0.0517
Step: 42000000  Loss: 0.137588 Regul: 0.009142 Obj: 0.146730 (0.054829)  NNZ: 16 (7)  Ttime: 1.4025 Vtime: 0.0511
Step: 42100000  Loss: 0.114308 Regul: 0.008638 Obj: 0.122946 (0.054829)  NNZ: 17 (7)  Ttime: 1.4013 Vtime: 0.0508
Step: 42200000  Loss: 0.106927 Regul: 0.007124 Obj: 0.114052 (0.054829)  NNZ: 11 (7)  Ttime: 1.4077 Vtime: 0.0521
Step: 42300000  Loss: 0.082300 Regul: 0.005678 Obj: 0.087978 (0.054829)  NNZ: 16 (7)  Ttime: 1.4022 Vtime: 0.0517
Step: 42400000  Loss: 0.117410 Regul: 0.008058 Obj: 0.125468 (0.054829)  NNZ: 18 (7)  Ttime: 1.4041 Vtime: 0.0513
Step: 42500000  Loss: 0.121397 Regul: 0.009239 Obj: 0.130636 (0.054829)  NNZ: 21 (7)  Ttime: 1.4006 Vtime: 0.0513
Step: 42600000  Loss: 0.089099 Regul: 0.004996 Obj: 0.094095 (0.054829)  NNZ: 13 (7)  Ttime: 1.4007 Vtime: 0.0512
Step: 42700000  Loss: 0.116613 Regul: 0.007398 Obj: 0.124011 (0.054829)  NNZ: 16 (7)  Ttime: 1.4023 Vtime: 0.0515
Step: 42800000  Loss: 0.089568 Regul: 0.006439 Obj: 0.096007 (0.054829)  NNZ: 19 (7)  Ttime: 1.4040 Vtime: 0.0511
Step: 42900000  Loss: 0.080230 Regul: 0.005631 Obj: 0.085861 (0.054829)  NNZ: 14 (7)  Ttime: 1.4038 Vtime: 0.0516
Step: 43000000  Loss: 0.162353 Regul: 0.011624 Obj: 0.173977 (0.054829)  NNZ: 23 (7)  Ttime: 1.4031 Vtime: 0.0516
Step: 43100000  Loss: 0.083144 Regul: 0.003497 Obj: 0.086641 (0.054829)  NNZ: 11 (7)  Ttime: 1.4029 Vtime: 0.0515
Step: 43200000  Loss: 0.125608 Regul: 0.007514 Obj: 0.133122 (0.054829)  NNZ: 17 (7)  Ttime: 1.4043 Vtime: 0.0516
Step: 43300000  Loss: 0.105612 Regul: 0.007025 Obj: 0.112637 (0.054829)  NNZ: 16 (7)  Ttime: 1.4015 Vtime: 0.0517
Step: 43400000  Loss: 0.075175 Regul: 0.003951 Obj: 0.079126 (0.054829)  NNZ: 10 (7)  Ttime: 1.4029 Vtime: 0.0519
Step: 43500000  Loss: 0.093827 Regul: 0.007391 Obj: 0.101218 (0.054829)  NNZ: 18 (7)  Ttime: 1.4017 Vtime: 0.0512
Step: 43600000  Loss: 0.092876 Regul: 0.006963 Obj: 0.099839 (0.054829)  NNZ: 17 (7)  Ttime: 1.4011 Vtime: 0.0515
Step: 43700000  Loss: 0.275921 Regul: 0.010115 Obj: 0.286035 (0.054829)  NNZ: 18 (7)  Ttime: 1.4003 Vtime: 0.0518
Step: 43800000  Loss: 0.090064 Regul: 0.007442 Obj: 0.097506 (0.054829)  NNZ: 21 (7)  Ttime: 1.4110 Vtime: 0.0520
Step: 43900000  Loss: 0.120277 Regul: 0.010184 Obj: 0.130462 (0.054829)  NNZ: 25 (7)  Ttime: 1.4025 Vtime: 0.0518
Step: 44000000  Loss: 0.095469 Regul: 0.006231 Obj: 0.101700 (0.054829)  NNZ: 16 (7)  Ttime: 1.4019 Vtime: 0.0517
Step: 44100000  Loss: 0.099250 Regul: 0.006300 Obj: 0.105550 (0.054829)  NNZ: 17 (7)  Ttime: 1.4028 Vtime: 0.0516
Step: 44200000  Loss: 0.093312 Regul: 0.007330 Obj: 0.100643 (0.054829)  NNZ: 15 (7)  Ttime: 1.4028 Vtime: 0.0516
Step: 44300000  Loss: 0.177571 Regul: 0.009409 Obj: 0.186980 (0.054829)  NNZ: 22 (7)  Ttime: 1.4026 Vtime: 0.0511
Step: 44400000  Loss: 0.107216 Regul: 0.008088 Obj: 0.115304 (0.054829)  NNZ: 19 (7)  Ttime: 1.4013 Vtime: 0.0515
Step: 44500000  Loss: 0.099463 Regul: 0.007990 Obj: 0.107453 (0.054829)  NNZ: 17 (7)  Ttime: 1.4066 Vtime: 0.0512
Step: 44600000  Loss: 0.124447 Regul: 0.009829 Obj: 0.134276 (0.054829)  NNZ: 21 (7)  Ttime: 1.4016 Vtime: 0.0522
Step: 44700000  Loss: 0.103580 Regul: 0.006970 Obj: 0.110551 (0.054829)  NNZ: 17 (7)  Ttime: 1.4053 Vtime: 0.0508
Step: 44800000  Loss: 0.089291 Regul: 0.006009 Obj: 0.095300 (0.054829)  NNZ: 14 (7)  Ttime: 1.4007 Vtime: 0.0511
Step: 44900000  Loss: 0.118293 Regul: 0.010484 Obj: 0.128777 (0.054829)  NNZ: 23 (7)  Ttime: 1.4012 Vtime: 0.0517
Step: 45000000  Loss: 0.089028 Regul: 0.003672 Obj: 0.092700 (0.054829)  NNZ: 15 (7)  Ttime: 1.4026 Vtime: 0.0513
Step: 45100000  Loss: 0.097221 Regul: 0.007540 Obj: 0.104760 (0.054829)  NNZ: 20 (7)  Ttime: 1.4014 Vtime: 0.0514
Step: 45200000  Loss: 0.082075 Regul: 0.003249 Obj: 0.085324 (0.054829)  NNZ: 10 (7)  Ttime: 1.4053 Vtime: 0.0514
Step: 45300000  Loss: 0.101786 Regul: 0.005461 Obj: 0.107248 (0.054829)  NNZ: 17 (7)  Ttime: 1.4033 Vtime: 0.0519
Step: 45400000  Loss: 0.105963 Regul: 0.005050 Obj: 0.111013 (0.054829)  NNZ: 12 (7)  Ttime: 1.4024 Vtime: 0.0515
Step: 45500000  Loss: 0.115099 Regul: 0.005625 Obj: 0.120723 (0.054829)  NNZ: 14 (7)  Ttime: 1.4039 Vtime: 0.0516
Step: 45600000  Loss: 0.104091 Regul: 0.007592 Obj: 0.111683 (0.054829)  NNZ: 19 (7)  Ttime: 1.4035 Vtime: 0.0516
Step: 45700000  Loss: 0.077751 Regul: 0.005250 Obj: 0.083001 (0.054829)  NNZ: 18 (7)  Ttime: 1.4010 Vtime: 0.0516
Step: 45800000  Loss: 0.091546 Regul: 0.005764 Obj: 0.097310 (0.054829)  NNZ: 15 (7)  Ttime: 1.4051 Vtime: 0.0516
Step: 45900000  Loss: 0.080225 Regul: 0.005491 Obj: 0.085716 (0.054829)  NNZ: 16 (7)  Ttime: 1.4015 Vtime: 0.0511
Step: 46000000  Loss: 0.133864 Regul: 0.012395 Obj: 0.146259 (0.054829)  NNZ: 22 (7)  Ttime: 1.4036 Vtime: 0.0512
Step: 46100000  Loss: 0.113146 Regul: 0.008859 Obj: 0.122005 (0.054829)  NNZ: 15 (7)  Ttime: 1.4033 Vtime: 0.0516
Step: 46200000  Loss: 0.084701 Regul: 0.005717 Obj: 0.090418 (0.054829)  NNZ: 16 (7)  Ttime: 1.4011 Vtime: 0.0522
Step: 46300000  Loss: 0.120951 Regul: 0.009340 Obj: 0.130291 (0.054829)  NNZ: 22 (7)  Ttime: 1.4012 Vtime: 0.0523
Step: 46400000  Loss: 0.104062 Regul: 0.005685 Obj: 0.109747 (0.054829)  NNZ: 16 (7)  Ttime: 1.4014 Vtime: 0.0512
Step: 46500000  Loss: 0.090050 Regul: 0.006184 Obj: 0.096234 (0.054829)  NNZ: 15 (7)  Ttime: 1.4024 Vtime: 0.0513
Step: 46600000  Loss: 0.156736 Regul: 0.011780 Obj: 0.168516 (0.054829)  NNZ: 27 (7)  Ttime: 1.4008 Vtime: 0.0514
Step: 46700000  Loss: 0.104719 Regul: 0.008832 Obj: 0.113551 (0.054829)  NNZ: 19 (7)  Ttime: 1.3975 Vtime: 0.0510
Step: 46800000  Loss: 0.127944 Regul: 0.007527 Obj: 0.135471 (0.054829)  NNZ: 15 (7)  Ttime: 1.4020 Vtime: 0.0513
Step: 46900000  Loss: 0.167850 Regul: 0.010498 Obj: 0.178348 (0.054829)  NNZ: 23 (7)  Ttime: 1.4029 Vtime: 0.0514
Step: 47000000  Loss: 0.083717 Regul: 0.004925 Obj: 0.088641 (0.054829)  NNZ: 13 (7)  Ttime: 1.4009 Vtime: 0.0513
Step: 47100000  Loss: 0.092178 Regul: 0.007204 Obj: 0.099382 (0.054829)  NNZ: 17 (7)  Ttime: 1.4028 Vtime: 0.0513
Step: 47200000  Loss: 0.102887 Regul: 0.006342 Obj: 0.109229 (0.054829)  NNZ: 22 (7)  Ttime: 1.4022 Vtime: 0.0511
Step: 47300000  Loss: 0.117285 Regul: 0.008390 Obj: 0.125676 (0.054829)  NNZ: 17 (7)  Ttime: 1.4026 Vtime: 0.0515
Step: 47400000  Loss: 0.088837 Regul: 0.006303 Obj: 0.095140 (0.054829)  NNZ: 15 (7)  Ttime: 1.4034 Vtime: 0.0519
Step: 47500000  Loss: 0.172801 Regul: 0.012605 Obj: 0.185406 (0.054829)  NNZ: 23 (7)  Ttime: 1.4008 Vtime: 0.0513
Step: 47600000  Loss: 0.119214 Regul: 0.006546 Obj: 0.125761 (0.054829)  NNZ: 12 (7)  Ttime: 1.4007 Vtime: 0.0512
Step: 47700000  Loss: 0.093309 Regul: 0.006296 Obj: 0.099605 (0.054829)  NNZ: 12 (7)  Ttime: 1.4021 Vtime: 0.0509
Step: 47800000  Loss: 0.066750 Regul: 0.003257 Obj: 0.070007 (0.054829)  NNZ: 9 (7)  Ttime: 1.4028 Vtime: 0.0521
Step: 47900000  Loss: 0.160824 Regul: 0.011613 Obj: 0.172437 (0.054829)  NNZ: 21 (7)  Ttime: 1.4011 Vtime: 0.0523
Step: 48000000  Loss: 0.086113 Regul: 0.005272 Obj: 0.091385 (0.054829)  NNZ: 15 (7)  Ttime: 1.4031 Vtime: 0.0517
Step: 48100000  Loss: 0.157531 Regul: 0.006296 Obj: 0.163827 (0.054829)  NNZ: 16 (7)  Ttime: 1.4049 Vtime: 0.0512
Step: 48200000  Loss: 0.081625 Regul: 0.004439 Obj: 0.086064 (0.054829)  NNZ: 16 (7)  Ttime: 1.4036 Vtime: 0.0521
Step: 48300000  Loss: 0.098715 Regul: 0.005477 Obj: 0.104193 (0.054829)  NNZ: 14 (7)  Ttime: 1.4041 Vtime: 0.0514
Step: 48400000  Loss: 0.115286 Regul: 0.008011 Obj: 0.123297 (0.054829)  NNZ: 21 (7)  Ttime: 1.4020 Vtime: 0.0515
Step: 48500000  Loss: 0.111999 Regul: 0.009391 Obj: 0.121389 (0.054829)  NNZ: 18 (7)  Ttime: 1.4022 Vtime: 0.0518
Step: 48600000  Loss: 0.120066 Regul: 0.008480 Obj: 0.128545 (0.054829)  NNZ: 17 (7)  Ttime: 1.4014 Vtime: 0.0513
Step: 48700000  Loss: 0.099414 Regul: 0.006174 Obj: 0.105588 (0.054829)  NNZ: 15 (7)  Ttime: 1.4030 Vtime: 0.0507
Step: 48800000  Loss: 0.101232 Regul: 0.008099 Obj: 0.109331 (0.054829)  NNZ: 17 (7)  Ttime: 1.4005 Vtime: 0.0514
Step: 48900000  Loss: 0.105303 Regul: 0.007871 Obj: 0.113174 (0.054829)  NNZ: 16 (7)  Ttime: 1.4061 Vtime: 0.0512
Step: 49000000  Loss: 0.077149 Regul: 0.005844 Obj: 0.082993 (0.054829)  NNZ: 17 (7)  Ttime: 1.4033 Vtime: 0.0521
Step: 49100000  Loss: 0.098540 Regul: 0.007156 Obj: 0.105696 (0.054829)  NNZ: 16 (7)  Ttime: 1.4038 Vtime: 0.0520
Step: 49200000  Loss: 0.102134 Regul: 0.007757 Obj: 0.109891 (0.054829)  NNZ: 16 (7)  Ttime: 1.4023 Vtime: 0.0510
Step: 49300000  Loss: 0.091005 Regul: 0.005688 Obj: 0.096693 (0.054829)  NNZ: 18 (7)  Ttime: 1.4000 Vtime: 0.0507
Step: 49400000  Loss: 0.125225 Regul: 0.010703 Obj: 0.135927 (0.054829)  NNZ: 25 (7)  Ttime: 1.4021 Vtime: 0.0516
Step: 49500000  Loss: 0.150031 Regul: 0.007966 Obj: 0.157997 (0.054829)  NNZ: 21 (7)  Ttime: 1.4032 Vtime: 0.0513
Step: 49600000  Loss: 0.077416 Regul: 0.004638 Obj: 0.082054 (0.054829)  NNZ: 14 (7)  Ttime: 1.4003 Vtime: 0.0514
Step: 49700000  Loss: 0.116151 Regul: 0.009285 Obj: 0.125436 (0.054829)  NNZ: 22 (7)  Ttime: 1.3998 Vtime: 0.0518
Step: 49800000  Loss: 0.165713 Regul: 0.013799 Obj: 0.179512 (0.054829)  NNZ: 26 (7)  Ttime: 1.4051 Vtime: 0.0507
Step: 49900000  Loss: 0.096246 Regul: 0.007363 Obj: 0.103609 (0.054829)  NNZ: 19 (7)  Ttime: 1.4031 Vtime: 0.0518
Step: 50000000  Loss: 0.093191 Regul: 0.005464 Obj: 0.098655 (0.054829)  NNZ: 14 (7)  Ttime: 1.4027 Vtime: 0.0516
