mu: 0.025 gamma: 0.01 nIters: 50000000
Load PRParams.
Load RingParams.
Load Labels: 500000
Load Distances: 500000 x 5120
0...10...20...30...40...50...60...70...80...90...100 - done.
Positive samples #250000
Negative samples #250000
Positive train #200000
Negative train #200000
Positive valid #50000
Negative valid #50000

Found GPU: GeForce GTX 970
Compute Capability: 5.2

Best: 100000  Loss: 1.459480 Regul: 0.651004 Obj: 2.110484 (2.110484)  NNZ: 17 (17)  Ttime: 1.4123 Vtime: 0.2238
Stat: nPR #104 (#136) Dim/MaxDim [832/640] AUC: 0.971229 FPR95: 18.18
Best: 200000  Loss: 0.509024 Regul: 0.239322 Obj: 0.748346 (0.748346)  NNZ: 10 (10)  Ttime: 1.4113 Vtime: 0.0505
Stat: nPR #68 (#80) Dim/MaxDim [544/640] AUC: 0.972892 FPR95: 17.10 [saved]
Best: 300000  Loss: 0.369835 Regul: 0.146960 Obj: 0.516796 (0.516796)  NNZ: 7 (7)  Ttime: 1.4083 Vtime: 0.0512
Stat: nPR #44 (#56) Dim/MaxDim [352/640] AUC: 0.967426 FPR95: 21.59 [saved]
Step: 400000  Loss: 0.395266 Regul: 0.207614 Obj: 0.602880 (0.516796)  NNZ: 10 (7)  Ttime: 1.4065 Vtime: 0.0515
Step: 500000  Loss: 0.623605 Regul: 0.135699 Obj: 0.759305 (0.516796)  NNZ: 6 (7)  Ttime: 1.4061 Vtime: 0.0511
Best: 600000  Loss: 0.185583 Regul: 0.122644 Obj: 0.308228 (0.308228)  NNZ: 11 (11)  Ttime: 1.4052 Vtime: 0.0516
Stat: nPR #72 (#88) Dim/MaxDim [576/640] AUC: 0.980048 FPR95: 10.36 [saved]
Step: 700000  Loss: 0.251488 Regul: 0.116418 Obj: 0.367907 (0.308228)  NNZ: 7 (11)  Ttime: 1.4051 Vtime: 0.0516
Step: 800000  Loss: 0.217824 Regul: 0.141675 Obj: 0.359499 (0.308228)  NNZ: 10 (11)  Ttime: 1.4070 Vtime: 0.0517
Best: 900000  Loss: 0.128377 Regul: 0.018909 Obj: 0.147285 (0.147285)  NNZ: 2 (2)  Ttime: 1.4077 Vtime: 0.0514
Stat: nPR #16 (#16) Dim/MaxDim [128/640] AUC: 0.955556 FPR95: 29.59 [saved]
Step: 1000000  Loss: 0.195376 Regul: 0.099896 Obj: 0.295272 (0.147285)  NNZ: 8 (2)  Ttime: 1.4079 Vtime: 0.0520
Best: 1100000  Loss: 0.086161 Regul: 0.041699 Obj: 0.127860 (0.127860)  NNZ: 6 (6)  Ttime: 1.4057 Vtime: 0.0509
Stat: nPR #40 (#48) Dim/MaxDim [320/640] AUC: 0.979078 FPR95: 11.49 [saved]
Step: 1200000  Loss: 0.499610 Regul: 0.165588 Obj: 0.665198 (0.127860)  NNZ: 10 (6)  Ttime: 1.4052 Vtime: 0.0524
Step: 1300000  Loss: 0.249865 Regul: 0.064490 Obj: 0.314355 (0.127860)  NNZ: 6 (6)  Ttime: 1.4074 Vtime: 0.0516
Step: 1400000  Loss: 0.110673 Regul: 0.035089 Obj: 0.145762 (0.127860)  NNZ: 4 (6)  Ttime: 1.4059 Vtime: 0.0515
Step: 1500000  Loss: 0.238048 Regul: 0.101685 Obj: 0.339732 (0.127860)  NNZ: 8 (6)  Ttime: 1.4073 Vtime: 0.0511
Step: 1600000  Loss: 0.136475 Regul: 0.034076 Obj: 0.170551 (0.127860)  NNZ: 4 (6)  Ttime: 1.4089 Vtime: 0.0513
Step: 1700000  Loss: 0.122080 Regul: 0.052142 Obj: 0.174222 (0.127860)  NNZ: 5 (6)  Ttime: 1.4076 Vtime: 0.0514
Step: 1800000  Loss: 0.213294 Regul: 0.085828 Obj: 0.299122 (0.127860)  NNZ: 6 (6)  Ttime: 1.4067 Vtime: 0.0518
Step: 1900000  Loss: 0.174324 Regul: 0.046503 Obj: 0.220827 (0.127860)  NNZ: 5 (6)  Ttime: 1.4092 Vtime: 0.0516
Step: 2000000  Loss: 0.170839 Regul: 0.079736 Obj: 0.250575 (0.127860)  NNZ: 6 (6)  Ttime: 1.4075 Vtime: 0.0518
Step: 2100000  Loss: 0.217893 Regul: 0.119922 Obj: 0.337814 (0.127860)  NNZ: 13 (6)  Ttime: 1.4088 Vtime: 0.0514
Step: 2200000  Loss: 0.103520 Regul: 0.037500 Obj: 0.141020 (0.127860)  NNZ: 5 (6)  Ttime: 1.4067 Vtime: 0.0516
Step: 2300000  Loss: 0.167622 Regul: 0.074841 Obj: 0.242463 (0.127860)  NNZ: 6 (6)  Ttime: 1.4085 Vtime: 0.0515
Best: 2400000  Loss: 0.089602 Regul: 0.023639 Obj: 0.113241 (0.113241)  NNZ: 3 (3)  Ttime: 1.4062 Vtime: 0.0512
Stat: nPR #20 (#24) Dim/MaxDim [160/640] AUC: 0.971225 FPR95: 18.32 [saved]
Step: 2500000  Loss: 0.123239 Regul: 0.059326 Obj: 0.182565 (0.113241)  NNZ: 6 (3)  Ttime: 1.4087 Vtime: 0.0509
Step: 2600000  Loss: 0.275230 Regul: 0.098138 Obj: 0.373368 (0.113241)  NNZ: 12 (3)  Ttime: 1.4059 Vtime: 0.0509
Step: 2700000  Loss: 0.206973 Regul: 0.098853 Obj: 0.305826 (0.113241)  NNZ: 10 (3)  Ttime: 1.4064 Vtime: 0.0508
Step: 2800000  Loss: 0.124912 Regul: 0.035376 Obj: 0.160288 (0.113241)  NNZ: 3 (3)  Ttime: 1.4072 Vtime: 0.0516
Step: 2900000  Loss: 0.123446 Regul: 0.059180 Obj: 0.182625 (0.113241)  NNZ: 4 (3)  Ttime: 1.4074 Vtime: 0.0515
Step: 3000000  Loss: 0.204855 Regul: 0.097803 Obj: 0.302658 (0.113241)  NNZ: 7 (3)  Ttime: 1.4067 Vtime: 0.0510
Step: 3100000  Loss: 0.902347 Regul: 0.080591 Obj: 0.982938 (0.113241)  NNZ: 8 (3)  Ttime: 1.4063 Vtime: 0.0511
Step: 3200000  Loss: 0.130248 Regul: 0.036951 Obj: 0.167199 (0.113241)  NNZ: 4 (3)  Ttime: 1.4064 Vtime: 0.0512
Step: 3300000  Loss: 0.230295 Regul: 0.117834 Obj: 0.348130 (0.113241)  NNZ: 11 (3)  Ttime: 1.4078 Vtime: 0.0512
Step: 3400000  Loss: 0.161465 Regul: 0.034619 Obj: 0.196084 (0.113241)  NNZ: 2 (3)  Ttime: 1.4073 Vtime: 0.0507
Step: 3500000  Loss: 0.118883 Regul: 0.066833 Obj: 0.185717 (0.113241)  NNZ: 9 (3)  Ttime: 1.4084 Vtime: 0.0510
Step: 3600000  Loss: 0.188853 Regul: 0.096851 Obj: 0.285703 (0.113241)  NNZ: 9 (3)  Ttime: 1.4051 Vtime: 0.0516
Step: 3700000  Loss: 0.286056 Regul: 0.101318 Obj: 0.387374 (0.113241)  NNZ: 6 (3)  Ttime: 1.4071 Vtime: 0.0522
Step: 3800000  Loss: 0.342233 Regul: 0.143152 Obj: 0.485385 (0.113241)  NNZ: 16 (3)  Ttime: 1.4075 Vtime: 0.0517
Step: 3900000  Loss: 0.174283 Regul: 0.079785 Obj: 0.254069 (0.113241)  NNZ: 9 (3)  Ttime: 1.4195 Vtime: 0.0518
Step: 4000000  Loss: 0.152434 Regul: 0.080420 Obj: 0.232854 (0.113241)  NNZ: 8 (3)  Ttime: 1.4072 Vtime: 0.0518
Best: 4100000  Loss: 0.079945 Regul: 0.032947 Obj: 0.112892 (0.112892)  NNZ: 5 (5)  Ttime: 1.4075 Vtime: 0.0509
Stat: nPR #32 (#40) Dim/MaxDim [256/640] AUC: 0.977783 FPR95: 12.85 [saved]
Step: 4200000  Loss: 0.108523 Regul: 0.062585 Obj: 0.171109 (0.112892)  NNZ: 8 (5)  Ttime: 1.4064 Vtime: 0.0516
Step: 4300000  Loss: 0.349263 Regul: 0.090564 Obj: 0.439827 (0.112892)  NNZ: 13 (5)  Ttime: 1.4089 Vtime: 0.0514
Step: 4400000  Loss: 0.202363 Regul: 0.051465 Obj: 0.253828 (0.112892)  NNZ: 6 (5)  Ttime: 1.4064 Vtime: 0.0515
Step: 4500000  Loss: 0.162660 Regul: 0.068274 Obj: 0.230933 (0.112892)  NNZ: 7 (5)  Ttime: 1.4078 Vtime: 0.0509
Step: 4600000  Loss: 0.104905 Regul: 0.034766 Obj: 0.139670 (0.112892)  NNZ: 6 (5)  Ttime: 1.4080 Vtime: 0.0507
Step: 4700000  Loss: 0.190132 Regul: 0.071301 Obj: 0.261433 (0.112892)  NNZ: 6 (5)  Ttime: 1.4097 Vtime: 0.0517
Step: 4800000  Loss: 0.134261 Regul: 0.037537 Obj: 0.171798 (0.112892)  NNZ: 4 (5)  Ttime: 1.4086 Vtime: 0.0510
Step: 4900000  Loss: 0.122151 Regul: 0.043494 Obj: 0.165645 (0.112892)  NNZ: 6 (5)  Ttime: 1.4070 Vtime: 0.0515
Best: 5000000  Loss: 0.087194 Regul: 0.024207 Obj: 0.111401 (0.111401)  NNZ: 5 (5)  Ttime: 1.4063 Vtime: 0.0516
Stat: nPR #40 (#40) Dim/MaxDim [320/640] AUC: 0.968876 FPR95: 20.07 [saved]
Step: 5100000  Loss: 0.156498 Regul: 0.085510 Obj: 0.242008 (0.111401)  NNZ: 11 (5)  Ttime: 1.4078 Vtime: 0.0520
Step: 5200000  Loss: 0.150593 Regul: 0.055518 Obj: 0.206111 (0.111401)  NNZ: 8 (5)  Ttime: 1.4117 Vtime: 0.0518
Step: 5300000  Loss: 0.224194 Regul: 0.112329 Obj: 0.336523 (0.111401)  NNZ: 13 (5)  Ttime: 1.4096 Vtime: 0.0515
Step: 5400000  Loss: 0.112515 Regul: 0.064819 Obj: 0.177335 (0.111401)  NNZ: 7 (5)  Ttime: 1.4060 Vtime: 0.0509
Step: 5500000  Loss: 0.184234 Regul: 0.056860 Obj: 0.241094 (0.111401)  NNZ: 9 (5)  Ttime: 1.4086 Vtime: 0.0526
Step: 5600000  Loss: 0.139128 Regul: 0.071619 Obj: 0.210747 (0.111401)  NNZ: 8 (5)  Ttime: 1.4070 Vtime: 0.0516
Step: 5700000  Loss: 0.135439 Regul: 0.066650 Obj: 0.202089 (0.111401)  NNZ: 8 (5)  Ttime: 1.4058 Vtime: 0.0516
Step: 5800000  Loss: 0.094031 Regul: 0.050403 Obj: 0.144434 (0.111401)  NNZ: 8 (5)  Ttime: 1.4072 Vtime: 0.0523
Step: 5900000  Loss: 0.335062 Regul: 0.061682 Obj: 0.396744 (0.111401)  NNZ: 7 (5)  Ttime: 1.4072 Vtime: 0.0520
Step: 6000000  Loss: 0.177645 Regul: 0.070544 Obj: 0.248189 (0.111401)  NNZ: 8 (5)  Ttime: 1.4061 Vtime: 0.0511
Step: 6100000  Loss: 0.153678 Regul: 0.087366 Obj: 0.241044 (0.111401)  NNZ: 10 (5)  Ttime: 1.4059 Vtime: 0.0508
Step: 6200000  Loss: 0.124930 Regul: 0.061292 Obj: 0.186222 (0.111401)  NNZ: 9 (5)  Ttime: 1.4056 Vtime: 0.0508
Step: 6300000  Loss: 0.350150 Regul: 0.060059 Obj: 0.410209 (0.111401)  NNZ: 10 (5)  Ttime: 1.4077 Vtime: 0.0514
Step: 6400000  Loss: 0.127816 Regul: 0.043652 Obj: 0.171468 (0.111401)  NNZ: 5 (5)  Ttime: 1.4072 Vtime: 0.0512
Step: 6500000  Loss: 0.382877 Regul: 0.178650 Obj: 0.561527 (0.111401)  NNZ: 18 (5)  Ttime: 1.4059 Vtime: 0.0510
Best: 6600000  Loss: 0.089781 Regul: 0.019153 Obj: 0.108934 (0.108934)  NNZ: 4 (4)  Ttime: 1.4072 Vtime: 0.0509
Stat: nPR #28 (#32) Dim/MaxDim [224/640] AUC: 0.969602 FPR95: 19.52 [saved]
Step: 6700000  Loss: 0.095739 Regul: 0.035706 Obj: 0.131445 (0.108934)  NNZ: 5 (4)  Ttime: 1.4070 Vtime: 0.0520
Step: 6800000  Loss: 0.170647 Regul: 0.082129 Obj: 0.252775 (0.108934)  NNZ: 10 (4)  Ttime: 1.4151 Vtime: 0.0511
Step: 6900000  Loss: 0.155016 Regul: 0.041858 Obj: 0.196874 (0.108934)  NNZ: 6 (4)  Ttime: 1.4062 Vtime: 0.0509
Step: 7000000  Loss: 0.128855 Regul: 0.044397 Obj: 0.173252 (0.108934)  NNZ: 5 (4)  Ttime: 1.4069 Vtime: 0.0521
Step: 7100000  Loss: 0.116859 Regul: 0.068274 Obj: 0.185133 (0.108934)  NNZ: 10 (4)  Ttime: 1.4081 Vtime: 0.0512
Step: 7200000  Loss: 0.168101 Regul: 0.038660 Obj: 0.206760 (0.108934)  NNZ: 6 (4)  Ttime: 1.4078 Vtime: 0.0514
Step: 7300000  Loss: 0.379352 Regul: 0.075317 Obj: 0.454669 (0.108934)  NNZ: 13 (4)  Ttime: 1.4064 Vtime: 0.0518
Step: 7400000  Loss: 0.451840 Regul: 0.119141 Obj: 0.570980 (0.108934)  NNZ: 14 (4)  Ttime: 1.4066 Vtime: 0.0519
Best: 7500000  Loss: 0.063190 Regul: 0.017542 Obj: 0.080732 (0.080732)  NNZ: 3 (3)  Ttime: 1.4071 Vtime: 0.0512
Stat: nPR #20 (#24) Dim/MaxDim [160/640] AUC: 0.977011 FPR95: 13.24 [saved]
Step: 7600000  Loss: 0.120700 Regul: 0.044019 Obj: 0.164719 (0.080732)  NNZ: 9 (3)  Ttime: 1.4070 Vtime: 0.0517
Step: 7700000  Loss: 0.130629 Regul: 0.068274 Obj: 0.198903 (0.080732)  NNZ: 10 (3)  Ttime: 1.4082 Vtime: 0.0508
Step: 7800000  Loss: 0.153213 Regul: 0.045667 Obj: 0.198880 (0.080732)  NNZ: 10 (3)  Ttime: 1.4048 Vtime: 0.0511
Step: 7900000  Loss: 0.123073 Regul: 0.052417 Obj: 0.175490 (0.080732)  NNZ: 8 (3)  Ttime: 1.4067 Vtime: 0.0512
Step: 8000000  Loss: 0.097889 Regul: 0.032312 Obj: 0.130201 (0.080732)  NNZ: 7 (3)  Ttime: 1.4082 Vtime: 0.0510
Step: 8100000  Loss: 0.071627 Regul: 0.024146 Obj: 0.095773 (0.080732)  NNZ: 6 (3)  Ttime: 1.4068 Vtime: 0.0521
Step: 8200000  Loss: 0.110536 Regul: 0.043420 Obj: 0.153957 (0.080732)  NNZ: 8 (3)  Ttime: 1.4083 Vtime: 0.0517
Step: 8300000  Loss: 0.077549 Regul: 0.028271 Obj: 0.105821 (0.080732)  NNZ: 8 (3)  Ttime: 1.4073 Vtime: 0.0519
Step: 8400000  Loss: 0.119241 Regul: 0.037598 Obj: 0.156838 (0.080732)  NNZ: 7 (3)  Ttime: 1.4084 Vtime: 0.0518
Step: 8500000  Loss: 0.269157 Regul: 0.074060 Obj: 0.343217 (0.080732)  NNZ: 10 (3)  Ttime: 1.4073 Vtime: 0.0514
Step: 8600000  Loss: 0.198561 Regul: 0.029944 Obj: 0.228504 (0.080732)  NNZ: 4 (3)  Ttime: 1.4073 Vtime: 0.0520
Step: 8700000  Loss: 0.076176 Regul: 0.021802 Obj: 0.097978 (0.080732)  NNZ: 6 (3)  Ttime: 1.4086 Vtime: 0.0514
Step: 8800000  Loss: 0.192308 Regul: 0.089771 Obj: 0.282078 (0.080732)  NNZ: 12 (3)  Ttime: 1.4082 Vtime: 0.0518
Step: 8900000  Loss: 0.109989 Regul: 0.053394 Obj: 0.163382 (0.080732)  NNZ: 8 (3)  Ttime: 1.4063 Vtime: 0.0514
Step: 9000000  Loss: 0.247266 Regul: 0.047095 Obj: 0.294360 (0.080732)  NNZ: 8 (3)  Ttime: 1.4074 Vtime: 0.0510
Step: 9100000  Loss: 0.085347 Regul: 0.025122 Obj: 0.110469 (0.080732)  NNZ: 6 (3)  Ttime: 1.4074 Vtime: 0.0520
Step: 9200000  Loss: 0.109249 Regul: 0.036572 Obj: 0.145821 (0.080732)  NNZ: 7 (3)  Ttime: 1.4133 Vtime: 0.0512
Step: 9300000  Loss: 0.098427 Regul: 0.043738 Obj: 0.142165 (0.080732)  NNZ: 8 (3)  Ttime: 1.4082 Vtime: 0.0510
Step: 9400000  Loss: 0.062723 Regul: 0.020410 Obj: 0.083133 (0.080732)  NNZ: 8 (3)  Ttime: 1.4075 Vtime: 0.0510
Step: 9500000  Loss: 0.111433 Regul: 0.045618 Obj: 0.157051 (0.080732)  NNZ: 7 (3)  Ttime: 1.4066 Vtime: 0.0512
Step: 9600000  Loss: 0.079366 Regul: 0.026929 Obj: 0.106295 (0.080732)  NNZ: 5 (3)  Ttime: 1.4089 Vtime: 0.0512
Step: 9700000  Loss: 0.065461 Regul: 0.022766 Obj: 0.088228 (0.080732)  NNZ: 4 (3)  Ttime: 1.4071 Vtime: 0.0511
Step: 9800000  Loss: 0.078366 Regul: 0.035962 Obj: 0.114328 (0.080732)  NNZ: 6 (3)  Ttime: 1.4085 Vtime: 0.0516
Step: 9900000  Loss: 0.098835 Regul: 0.048914 Obj: 0.147748 (0.080732)  NNZ: 6 (3)  Ttime: 1.4050 Vtime: 0.0510
Step: 10000000  Loss: 0.145902 Regul: 0.039087 Obj: 0.184989 (0.080732)  NNZ: 6 (3)  Ttime: 1.4090 Vtime: 0.0515
Step: 10100000  Loss: 0.154287 Regul: 0.078247 Obj: 0.232534 (0.080732)  NNZ: 11 (3)  Ttime: 1.4067 Vtime: 0.0514
Step: 10200000  Loss: 0.062169 Regul: 0.021716 Obj: 0.083885 (0.080732)  NNZ: 5 (3)  Ttime: 1.4089 Vtime: 0.0511
Step: 10300000  Loss: 0.096619 Regul: 0.045947 Obj: 0.142566 (0.080732)  NNZ: 8 (3)  Ttime: 1.4077 Vtime: 0.0518
Step: 10400000  Loss: 0.096725 Regul: 0.037280 Obj: 0.134005 (0.080732)  NNZ: 9 (3)  Ttime: 1.4084 Vtime: 0.0519
Step: 10500000  Loss: 0.080622 Regul: 0.028333 Obj: 0.108955 (0.080732)  NNZ: 7 (3)  Ttime: 1.4074 Vtime: 0.0512
Step: 10600000  Loss: 0.060557 Regul: 0.021069 Obj: 0.081626 (0.080732)  NNZ: 6 (3)  Ttime: 1.4073 Vtime: 0.0515
Step: 10700000  Loss: 0.134682 Regul: 0.010242 Obj: 0.144924 (0.080732)  NNZ: 3 (3)  Ttime: 1.4091 Vtime: 0.0514
Step: 10800000  Loss: 0.077830 Regul: 0.028296 Obj: 0.106126 (0.080732)  NNZ: 7 (3)  Ttime: 1.4066 Vtime: 0.0517
Step: 10900000  Loss: 0.106991 Regul: 0.054541 Obj: 0.161532 (0.080732)  NNZ: 9 (3)  Ttime: 1.4069 Vtime: 0.0513
Step: 11000000  Loss: 0.226642 Regul: 0.059912 Obj: 0.286554 (0.080732)  NNZ: 11 (3)  Ttime: 1.4095 Vtime: 0.0509
Step: 11100000  Loss: 0.066681 Regul: 0.014478 Obj: 0.081159 (0.080732)  NNZ: 6 (3)  Ttime: 1.4091 Vtime: 0.0518
Step: 11200000  Loss: 0.085298 Regul: 0.023682 Obj: 0.108980 (0.080732)  NNZ: 7 (3)  Ttime: 1.4076 Vtime: 0.0507
Step: 11300000  Loss: 0.062058 Regul: 0.018994 Obj: 0.081052 (0.080732)  NNZ: 6 (3)  Ttime: 1.4082 Vtime: 0.0508
Step: 11400000  Loss: 0.068320 Regul: 0.012549 Obj: 0.080869 (0.080732)  NNZ: 3 (3)  Ttime: 1.4073 Vtime: 0.0508
Step: 11500000  Loss: 0.271035 Regul: 0.127515 Obj: 0.398549 (0.080732)  NNZ: 14 (3)  Ttime: 1.4097 Vtime: 0.0513
Step: 11600000  Loss: 0.119236 Regul: 0.061450 Obj: 0.180686 (0.080732)  NNZ: 10 (3)  Ttime: 1.4070 Vtime: 0.0509
Step: 11700000  Loss: 0.120673 Regul: 0.026880 Obj: 0.147553 (0.080732)  NNZ: 5 (3)  Ttime: 1.4073 Vtime: 0.0513
Step: 11800000  Loss: 0.137309 Regul: 0.068994 Obj: 0.206303 (0.080732)  NNZ: 11 (3)  Ttime: 1.4053 Vtime: 0.0514
Step: 11900000  Loss: 0.173366 Regul: 0.046240 Obj: 0.219606 (0.080732)  NNZ: 6 (3)  Ttime: 1.4076 Vtime: 0.0510
Step: 12000000  Loss: 0.098396 Regul: 0.041040 Obj: 0.139436 (0.080732)  NNZ: 9 (3)  Ttime: 1.4092 Vtime: 0.0515
Step: 12100000  Loss: 0.155782 Regul: 0.063647 Obj: 0.219430 (0.080732)  NNZ: 8 (3)  Ttime: 1.4102 Vtime: 0.0511
Step: 12200000  Loss: 0.103806 Regul: 0.026685 Obj: 0.130490 (0.080732)  NNZ: 8 (3)  Ttime: 1.4062 Vtime: 0.0515
Step: 12300000  Loss: 0.080828 Regul: 0.027319 Obj: 0.108147 (0.080732)  NNZ: 7 (3)  Ttime: 1.4092 Vtime: 0.0515
Step: 12400000  Loss: 0.106805 Regul: 0.032227 Obj: 0.139032 (0.080732)  NNZ: 4 (3)  Ttime: 1.4076 Vtime: 0.0519
Step: 12500000  Loss: 0.092604 Regul: 0.007788 Obj: 0.100392 (0.080732)  NNZ: 3 (3)  Ttime: 1.4059 Vtime: 0.0513
Step: 12600000  Loss: 0.104662 Regul: 0.034717 Obj: 0.139379 (0.080732)  NNZ: 7 (3)  Ttime: 1.4070 Vtime: 0.0514
Step: 12700000  Loss: 0.095051 Regul: 0.037476 Obj: 0.132527 (0.080732)  NNZ: 11 (3)  Ttime: 1.4079 Vtime: 0.0516
Step: 12800000  Loss: 0.111207 Regul: 0.055640 Obj: 0.166847 (0.080732)  NNZ: 12 (3)  Ttime: 1.4077 Vtime: 0.0511
Step: 12900000  Loss: 0.120454 Regul: 0.043188 Obj: 0.163642 (0.080732)  NNZ: 6 (3)  Ttime: 1.4068 Vtime: 0.0512
Step: 13000000  Loss: 0.090166 Regul: 0.046509 Obj: 0.136675 (0.080732)  NNZ: 9 (3)  Ttime: 1.4086 Vtime: 0.0516
Step: 13100000  Loss: 0.109680 Regul: 0.066431 Obj: 0.176111 (0.080732)  NNZ: 11 (3)  Ttime: 1.4074 Vtime: 0.0511
Step: 13200000  Loss: 0.091620 Regul: 0.041650 Obj: 0.133270 (0.080732)  NNZ: 8 (3)  Ttime: 1.4084 Vtime: 0.0516
Step: 13300000  Loss: 0.074479 Regul: 0.025049 Obj: 0.099528 (0.080732)  NNZ: 6 (3)  Ttime: 1.4066 Vtime: 0.0519
Step: 13400000  Loss: 0.101463 Regul: 0.050073 Obj: 0.151536 (0.080732)  NNZ: 11 (3)  Ttime: 1.4175 Vtime: 0.0517
Step: 13500000  Loss: 0.309461 Regul: 0.043042 Obj: 0.352503 (0.080732)  NNZ: 8 (3)  Ttime: 1.4082 Vtime: 0.0514
Step: 13600000  Loss: 0.151258 Regul: 0.108716 Obj: 0.259974 (0.080732)  NNZ: 18 (3)  Ttime: 1.4078 Vtime: 0.0513
Step: 13700000  Loss: 0.089924 Regul: 0.044897 Obj: 0.134821 (0.080732)  NNZ: 8 (3)  Ttime: 1.4059 Vtime: 0.0521
Step: 13800000  Loss: 0.063871 Regul: 0.018018 Obj: 0.081888 (0.080732)  NNZ: 6 (3)  Ttime: 1.4076 Vtime: 0.0511
Step: 13900000  Loss: 0.115865 Regul: 0.032910 Obj: 0.148775 (0.080732)  NNZ: 8 (3)  Ttime: 1.4085 Vtime: 0.0513
Step: 14000000  Loss: 0.096740 Regul: 0.050610 Obj: 0.147350 (0.080732)  NNZ: 9 (3)  Ttime: 1.4071 Vtime: 0.0516
Step: 14100000  Loss: 0.166889 Regul: 0.026831 Obj: 0.193720 (0.080732)  NNZ: 8 (3)  Ttime: 1.4065 Vtime: 0.0509
Step: 14200000  Loss: 0.082125 Regul: 0.036011 Obj: 0.118136 (0.080732)  NNZ: 7 (3)  Ttime: 1.4077 Vtime: 0.0518
Step: 14300000  Loss: 0.074389 Regul: 0.023169 Obj: 0.097558 (0.080732)  NNZ: 4 (3)  Ttime: 1.4070 Vtime: 0.0511
Step: 14400000  Loss: 0.150864 Regul: 0.075049 Obj: 0.225913 (0.080732)  NNZ: 10 (3)  Ttime: 1.4100 Vtime: 0.0519
Step: 14500000  Loss: 0.079017 Regul: 0.034326 Obj: 0.113343 (0.080732)  NNZ: 7 (3)  Ttime: 1.4059 Vtime: 0.0517
Step: 14600000  Loss: 0.167582 Regul: 0.049268 Obj: 0.216850 (0.080732)  NNZ: 8 (3)  Ttime: 1.4082 Vtime: 0.0514
Step: 14700000  Loss: 0.117560 Regul: 0.029028 Obj: 0.146588 (0.080732)  NNZ: 8 (3)  Ttime: 1.4102 Vtime: 0.0513
Step: 14800000  Loss: 0.130122 Regul: 0.053857 Obj: 0.183979 (0.080732)  NNZ: 8 (3)  Ttime: 1.4114 Vtime: 0.0515
Step: 14900000  Loss: 0.131468 Regul: 0.074805 Obj: 0.206273 (0.080732)  NNZ: 10 (3)  Ttime: 1.4074 Vtime: 0.0514
Step: 15000000  Loss: 0.113359 Regul: 0.060742 Obj: 0.174101 (0.080732)  NNZ: 10 (3)  Ttime: 1.4064 Vtime: 0.0519
Step: 15100000  Loss: 0.116906 Regul: 0.059717 Obj: 0.176623 (0.080732)  NNZ: 10 (3)  Ttime: 1.4074 Vtime: 0.0522
Step: 15200000  Loss: 0.122630 Regul: 0.038989 Obj: 0.161619 (0.080732)  NNZ: 8 (3)  Ttime: 1.4081 Vtime: 0.0521
Step: 15300000  Loss: 0.130811 Regul: 0.070557 Obj: 0.201368 (0.080732)  NNZ: 11 (3)  Ttime: 1.4065 Vtime: 0.0516
Step: 15400000  Loss: 0.091944 Regul: 0.022778 Obj: 0.114722 (0.080732)  NNZ: 6 (3)  Ttime: 1.4088 Vtime: 0.0517
Step: 15500000  Loss: 0.438026 Regul: 0.073364 Obj: 0.511390 (0.080732)  NNZ: 16 (3)  Ttime: 1.4059 Vtime: 0.0519
Step: 15600000  Loss: 0.079039 Regul: 0.008496 Obj: 0.087535 (0.080732)  NNZ: 2 (3)  Ttime: 1.4060 Vtime: 0.0506
Step: 15700000  Loss: 0.128145 Regul: 0.059155 Obj: 0.187300 (0.080732)  NNZ: 15 (3)  Ttime: 1.4076 Vtime: 0.0522
Step: 15800000  Loss: 0.060601 Regul: 0.022192 Obj: 0.082794 (0.080732)  NNZ: 7 (3)  Ttime: 1.4099 Vtime: 0.0514
Step: 15900000  Loss: 0.105702 Regul: 0.037305 Obj: 0.143007 (0.080732)  NNZ: 7 (3)  Ttime: 1.4067 Vtime: 0.0516
Step: 16000000  Loss: 0.167543 Regul: 0.062305 Obj: 0.229847 (0.080732)  NNZ: 12 (3)  Ttime: 1.4079 Vtime: 0.0518
Step: 16100000  Loss: 0.091316 Regul: 0.011792 Obj: 0.103108 (0.080732)  NNZ: 3 (3)  Ttime: 1.4114 Vtime: 0.0512
Step: 16200000  Loss: 0.110895 Regul: 0.046631 Obj: 0.157526 (0.080732)  NNZ: 12 (3)  Ttime: 1.4084 Vtime: 0.0509
Step: 16300000  Loss: 0.116998 Regul: 0.049609 Obj: 0.166607 (0.080732)  NNZ: 10 (3)  Ttime: 1.4074 Vtime: 0.0508
Step: 16400000  Loss: 0.110246 Regul: 0.044653 Obj: 0.154900 (0.080732)  NNZ: 7 (3)  Ttime: 1.4075 Vtime: 0.0512
Step: 16500000  Loss: 0.093602 Regul: 0.031616 Obj: 0.125218 (0.080732)  NNZ: 9 (3)  Ttime: 1.4078 Vtime: 0.0515
Step: 16600000  Loss: 0.073614 Regul: 0.035620 Obj: 0.109234 (0.080732)  NNZ: 7 (3)  Ttime: 1.4109 Vtime: 0.0514
Step: 16700000  Loss: 0.105694 Regul: 0.044067 Obj: 0.149762 (0.080732)  NNZ: 9 (3)  Ttime: 1.4061 Vtime: 0.0515
Step: 16800000  Loss: 0.124990 Regul: 0.050000 Obj: 0.174990 (0.080732)  NNZ: 9 (3)  Ttime: 1.4086 Vtime: 0.0514
Step: 16900000  Loss: 0.082952 Regul: 0.017432 Obj: 0.100383 (0.080732)  NNZ: 7 (3)  Ttime: 1.4075 Vtime: 0.0514
Step: 17000000  Loss: 0.071791 Regul: 0.013379 Obj: 0.085170 (0.080732)  NNZ: 5 (3)  Ttime: 1.4080 Vtime: 0.0516
Step: 17100000  Loss: 0.071873 Regul: 0.032910 Obj: 0.104784 (0.080732)  NNZ: 8 (3)  Ttime: 1.4077 Vtime: 0.0520
Step: 17200000  Loss: 0.089290 Regul: 0.035522 Obj: 0.124812 (0.080732)  NNZ: 6 (3)  Ttime: 1.4084 Vtime: 0.0509
Step: 17300000  Loss: 0.087637 Regul: 0.045874 Obj: 0.133511 (0.080732)  NNZ: 8 (3)  Ttime: 1.4075 Vtime: 0.0512
Step: 17400000  Loss: 0.196973 Regul: 0.031665 Obj: 0.228638 (0.080732)  NNZ: 9 (3)  Ttime: 1.4081 Vtime: 0.0507
Step: 17500000  Loss: 0.111053 Regul: 0.051123 Obj: 0.162176 (0.080732)  NNZ: 11 (3)  Ttime: 1.4081 Vtime: 0.0510
Step: 17600000  Loss: 0.083926 Regul: 0.042310 Obj: 0.126236 (0.080732)  NNZ: 8 (3)  Ttime: 1.4552 Vtime: 0.0511
Step: 17700000  Loss: 0.077202 Regul: 0.034131 Obj: 0.111332 (0.080732)  NNZ: 7 (3)  Ttime: 1.4130 Vtime: 0.0512
Step: 17800000  Loss: 0.293114 Regul: 0.076123 Obj: 0.369237 (0.080732)  NNZ: 13 (3)  Ttime: 1.4140 Vtime: 0.0514
Step: 17900000  Loss: 0.106520 Regul: 0.031030 Obj: 0.137550 (0.080732)  NNZ: 9 (3)  Ttime: 1.4132 Vtime: 0.0521
Step: 18000000  Loss: 0.152061 Regul: 0.055420 Obj: 0.207481 (0.080732)  NNZ: 11 (3)  Ttime: 1.4133 Vtime: 0.0519
Step: 18100000  Loss: 0.112814 Regul: 0.026685 Obj: 0.139499 (0.080732)  NNZ: 5 (3)  Ttime: 1.4122 Vtime: 0.0519
Step: 18200000  Loss: 0.065360 Regul: 0.028540 Obj: 0.093900 (0.080732)  NNZ: 10 (3)  Ttime: 1.4142 Vtime: 0.0518
Step: 18300000  Loss: 0.081354 Regul: 0.017554 Obj: 0.098908 (0.080732)  NNZ: 6 (3)  Ttime: 1.4145 Vtime: 0.0517
Step: 18400000  Loss: 0.133345 Regul: 0.054883 Obj: 0.188228 (0.080732)  NNZ: 10 (3)  Ttime: 1.4132 Vtime: 0.0512
Step: 18500000  Loss: 0.094318 Regul: 0.038159 Obj: 0.132477 (0.080732)  NNZ: 9 (3)  Ttime: 1.4132 Vtime: 0.0509
Step: 18600000  Loss: 1.179333 Regul: 0.090332 Obj: 1.269665 (0.080732)  NNZ: 14 (3)  Ttime: 1.4123 Vtime: 0.0519
Step: 18700000  Loss: 0.211741 Regul: 0.067407 Obj: 0.279148 (0.080732)  NNZ: 7 (3)  Ttime: 1.4149 Vtime: 0.0511
Step: 18800000  Loss: 0.078902 Regul: 0.031055 Obj: 0.109956 (0.080732)  NNZ: 8 (3)  Ttime: 1.4118 Vtime: 0.0507
Step: 18900000  Loss: 0.068250 Regul: 0.027515 Obj: 0.095764 (0.080732)  NNZ: 8 (3)  Ttime: 1.4181 Vtime: 0.0514
Step: 19000000  Loss: 0.102242 Regul: 0.046289 Obj: 0.148531 (0.080732)  NNZ: 8 (3)  Ttime: 1.4130 Vtime: 0.0523
Step: 19100000  Loss: 0.076821 Regul: 0.017578 Obj: 0.094399 (0.080732)  NNZ: 4 (3)  Ttime: 1.4207 Vtime: 0.0514
Step: 19200000  Loss: 0.064829 Regul: 0.017432 Obj: 0.082260 (0.080732)  NNZ: 5 (3)  Ttime: 1.4134 Vtime: 0.0524
Step: 19300000  Loss: 0.136053 Regul: 0.067114 Obj: 0.203167 (0.080732)  NNZ: 13 (3)  Ttime: 1.4124 Vtime: 0.0524
Step: 19400000  Loss: 0.165953 Regul: 0.032373 Obj: 0.198326 (0.080732)  NNZ: 6 (3)  Ttime: 1.4133 Vtime: 0.0519
Step: 19500000  Loss: 0.143826 Regul: 0.068286 Obj: 0.212112 (0.080732)  NNZ: 12 (3)  Ttime: 1.4139 Vtime: 0.0511
Step: 19600000  Loss: 0.109313 Regul: 0.056567 Obj: 0.165881 (0.080732)  NNZ: 10 (3)  Ttime: 1.4261 Vtime: 0.0513
Step: 19700000  Loss: 0.082042 Regul: 0.039673 Obj: 0.121715 (0.080732)  NNZ: 9 (3)  Ttime: 1.4155 Vtime: 0.0514
Step: 19800000  Loss: 0.076990 Regul: 0.025928 Obj: 0.102918 (0.080732)  NNZ: 7 (3)  Ttime: 1.4129 Vtime: 0.0520
Step: 19900000  Loss: 0.090448 Regul: 0.030884 Obj: 0.121332 (0.080732)  NNZ: 8 (3)  Ttime: 1.4124 Vtime: 0.0510
Step: 20000000  Loss: 0.071892 Regul: 0.021533 Obj: 0.093425 (0.080732)  NNZ: 7 (3)  Ttime: 1.4126 Vtime: 0.0524
Step: 20100000  Loss: 0.072913 Regul: 0.037549 Obj: 0.110462 (0.080732)  NNZ: 8 (3)  Ttime: 1.4110 Vtime: 0.0512
Step: 20200000  Loss: 0.099879 Regul: 0.043579 Obj: 0.143458 (0.080732)  NNZ: 10 (3)  Ttime: 1.4126 Vtime: 0.0510
Step: 20300000  Loss: 0.082490 Regul: 0.022876 Obj: 0.105366 (0.080732)  NNZ: 6 (3)  Ttime: 1.4137 Vtime: 0.0515
Step: 20400000  Loss: 0.136617 Regul: 0.007397 Obj: 0.144015 (0.080732)  NNZ: 3 (3)  Ttime: 1.4128 Vtime: 0.0513
Step: 20500000  Loss: 0.323264 Regul: 0.063330 Obj: 0.386594 (0.080732)  NNZ: 10 (3)  Ttime: 1.4134 Vtime: 0.0515
Step: 20600000  Loss: 0.081618 Regul: 0.021851 Obj: 0.103469 (0.080732)  NNZ: 4 (3)  Ttime: 1.4148 Vtime: 0.0515
Step: 20700000  Loss: 0.101509 Regul: 0.032959 Obj: 0.134468 (0.080732)  NNZ: 6 (3)  Ttime: 1.4246 Vtime: 0.0514
Step: 20800000  Loss: 0.125379 Regul: 0.052832 Obj: 0.178211 (0.080732)  NNZ: 9 (3)  Ttime: 1.4129 Vtime: 0.0507
Step: 20900000  Loss: 0.063184 Regul: 0.020361 Obj: 0.083545 (0.080732)  NNZ: 7 (3)  Ttime: 1.4122 Vtime: 0.0515
Step: 21000000  Loss: 0.088746 Regul: 0.046265 Obj: 0.135010 (0.080732)  NNZ: 10 (3)  Ttime: 1.4127 Vtime: 0.0509
Step: 21100000  Loss: 0.064801 Regul: 0.016138 Obj: 0.080939 (0.080732)  NNZ: 7 (3)  Ttime: 1.4148 Vtime: 0.0509
Step: 21200000  Loss: 0.102012 Regul: 0.025562 Obj: 0.127574 (0.080732)  NNZ: 7 (3)  Ttime: 1.4152 Vtime: 0.0514
Step: 21300000  Loss: 0.073775 Regul: 0.026709 Obj: 0.100484 (0.080732)  NNZ: 12 (3)  Ttime: 1.4136 Vtime: 0.0512
Step: 21400000  Loss: 0.139279 Regul: 0.034888 Obj: 0.174167 (0.080732)  NNZ: 8 (3)  Ttime: 1.4132 Vtime: 0.0510
Step: 21500000  Loss: 0.068266 Regul: 0.030591 Obj: 0.098857 (0.080732)  NNZ: 9 (3)  Ttime: 1.4122 Vtime: 0.0516
Step: 21600000  Loss: 0.079421 Regul: 0.021289 Obj: 0.100710 (0.080732)  NNZ: 6 (3)  Ttime: 1.4148 Vtime: 0.0520
Step: 21700000  Loss: 0.072585 Regul: 0.023975 Obj: 0.096560 (0.080732)  NNZ: 8 (3)  Ttime: 1.4126 Vtime: 0.0509
Step: 21800000  Loss: 0.089954 Regul: 0.023584 Obj: 0.113538 (0.080732)  NNZ: 6 (3)  Ttime: 1.4107 Vtime: 0.0527
Step: 21900000  Loss: 0.096811 Regul: 0.013525 Obj: 0.110336 (0.080732)  NNZ: 4 (3)  Ttime: 1.4134 Vtime: 0.0518
Best: 22000000  Loss: 0.060537 Regul: 0.010571 Obj: 0.071108 (0.071108)  NNZ: 4 (4)  Ttime: 1.4132 Vtime: 0.0513
Stat: nPR #32 (#32) Dim/MaxDim [256/640] AUC: 0.976850 FPR95: 13.68 [saved]
Step: 22100000  Loss: 0.091045 Regul: 0.006128 Obj: 0.097173 (0.071108)  NNZ: 3 (4)  Ttime: 1.4163 Vtime: 0.0518
Step: 22200000  Loss: 0.082280 Regul: 0.021265 Obj: 0.103544 (0.071108)  NNZ: 6 (4)  Ttime: 1.4175 Vtime: 0.0511
Step: 22300000  Loss: 0.068538 Regul: 0.021582 Obj: 0.090120 (0.071108)  NNZ: 8 (4)  Ttime: 1.4127 Vtime: 0.0514
Step: 22400000  Loss: 0.079019 Regul: 0.014453 Obj: 0.093472 (0.071108)  NNZ: 4 (4)  Ttime: 1.4174 Vtime: 0.0523
Step: 22500000  Loss: 0.081670 Regul: 0.030273 Obj: 0.111943 (0.071108)  NNZ: 7 (4)  Ttime: 1.4134 Vtime: 0.0516
Step: 22600000  Loss: 0.067989 Regul: 0.016650 Obj: 0.084639 (0.071108)  NNZ: 8 (4)  Ttime: 1.4142 Vtime: 0.0508
Step: 22700000  Loss: 0.065562 Regul: 0.010718 Obj: 0.076279 (0.071108)  NNZ: 5 (4)  Ttime: 1.4153 Vtime: 0.0521
Step: 22800000  Loss: 0.078889 Regul: 0.018555 Obj: 0.097444 (0.071108)  NNZ: 7 (4)  Ttime: 1.4125 Vtime: 0.0512
Step: 22900000  Loss: 0.563140 Regul: 0.044824 Obj: 0.607964 (0.071108)  NNZ: 9 (4)  Ttime: 1.4133 Vtime: 0.0513
Step: 23000000  Loss: 0.080926 Regul: 0.021436 Obj: 0.102362 (0.071108)  NNZ: 7 (4)  Ttime: 1.4140 Vtime: 0.0514
Step: 23100000  Loss: 0.059832 Regul: 0.022021 Obj: 0.081853 (0.071108)  NNZ: 8 (4)  Ttime: 1.4112 Vtime: 0.0520
Step: 23200000  Loss: 0.190360 Regul: 0.016138 Obj: 0.206498 (0.071108)  NNZ: 5 (4)  Ttime: 1.4146 Vtime: 0.0521
Step: 23300000  Loss: 0.073345 Regul: 0.028662 Obj: 0.102007 (0.071108)  NNZ: 7 (4)  Ttime: 1.4167 Vtime: 0.0519
Step: 23400000  Loss: 0.086970 Regul: 0.027368 Obj: 0.114338 (0.071108)  NNZ: 4 (4)  Ttime: 1.4196 Vtime: 0.0514
Step: 23500000  Loss: 0.076006 Regul: 0.019897 Obj: 0.095904 (0.071108)  NNZ: 8 (4)  Ttime: 1.4134 Vtime: 0.0515
Step: 23600000  Loss: 0.122534 Regul: 0.037134 Obj: 0.159667 (0.071108)  NNZ: 7 (4)  Ttime: 1.4129 Vtime: 0.0519
Step: 23700000  Loss: 0.061418 Regul: 0.017139 Obj: 0.078557 (0.071108)  NNZ: 5 (4)  Ttime: 1.4155 Vtime: 0.0520
Step: 23800000  Loss: 0.064571 Regul: 0.027344 Obj: 0.091915 (0.071108)  NNZ: 7 (4)  Ttime: 1.4138 Vtime: 0.0510
Step: 23900000  Loss: 0.066831 Regul: 0.014526 Obj: 0.081357 (0.071108)  NNZ: 7 (4)  Ttime: 1.4140 Vtime: 0.0513
Step: 24000000  Loss: 0.085847 Regul: 0.021216 Obj: 0.107063 (0.071108)  NNZ: 6 (4)  Ttime: 1.4152 Vtime: 0.0509
Step: 24100000  Loss: 0.079300 Regul: 0.032202 Obj: 0.111502 (0.071108)  NNZ: 9 (4)  Ttime: 1.4120 Vtime: 0.0509
Step: 24200000  Loss: 0.073730 Regul: 0.028931 Obj: 0.102661 (0.071108)  NNZ: 8 (4)  Ttime: 1.4136 Vtime: 0.0513
Step: 24300000  Loss: 0.073389 Regul: 0.010571 Obj: 0.083960 (0.071108)  NNZ: 4 (4)  Ttime: 1.4127 Vtime: 0.0518
Step: 24400000  Loss: 0.063826 Regul: 0.019385 Obj: 0.083211 (0.071108)  NNZ: 5 (4)  Ttime: 1.4123 Vtime: 0.0518
Step: 24500000  Loss: 0.067336 Regul: 0.012964 Obj: 0.080300 (0.071108)  NNZ: 2 (4)  Ttime: 1.4136 Vtime: 0.0514
Step: 24600000  Loss: 0.078718 Regul: 0.019897 Obj: 0.098616 (0.071108)  NNZ: 6 (4)  Ttime: 1.4144 Vtime: 0.0518
Step: 24700000  Loss: 0.083428 Regul: 0.043384 Obj: 0.126811 (0.071108)  NNZ: 8 (4)  Ttime: 1.4139 Vtime: 0.0517
Step: 24800000  Loss: 0.083686 Regul: 0.035059 Obj: 0.118745 (0.071108)  NNZ: 10 (4)  Ttime: 1.4137 Vtime: 0.0510
Step: 24900000  Loss: 0.111153 Regul: 0.058887 Obj: 0.170040 (0.071108)  NNZ: 12 (4)  Ttime: 1.4140 Vtime: 0.0518
Step: 25000000  Loss: 0.056884 Regul: 0.016968 Obj: 0.073852 (0.071108)  NNZ: 6 (4)  Ttime: 1.4143 Vtime: 0.0507
Step: 25100000  Loss: 0.069465 Regul: 0.028345 Obj: 0.097810 (0.071108)  NNZ: 8 (4)  Ttime: 1.4133 Vtime: 0.0516
Step: 25200000  Loss: 0.123305 Regul: 0.028394 Obj: 0.151698 (0.071108)  NNZ: 5 (4)  Ttime: 1.4140 Vtime: 0.0514
Step: 25300000  Loss: 0.081080 Regul: 0.033423 Obj: 0.114503 (0.071108)  NNZ: 7 (4)  Ttime: 1.4136 Vtime: 0.0509
Step: 25400000  Loss: 0.075517 Regul: 0.023730 Obj: 0.099247 (0.071108)  NNZ: 8 (4)  Ttime: 1.4136 Vtime: 0.0515
Step: 25500000  Loss: 0.075855 Regul: 0.036890 Obj: 0.112744 (0.071108)  NNZ: 8 (4)  Ttime: 1.4153 Vtime: 0.0506
Step: 25600000  Loss: 0.120248 Regul: 0.031055 Obj: 0.151302 (0.071108)  NNZ: 7 (4)  Ttime: 1.4133 Vtime: 0.0509
Step: 25700000  Loss: 0.115371 Regul: 0.006543 Obj: 0.121914 (0.071108)  NNZ: 2 (4)  Ttime: 1.4145 Vtime: 0.0518
Step: 25800000  Loss: 0.054828 Regul: 0.017700 Obj: 0.072528 (0.071108)  NNZ: 7 (4)  Ttime: 1.4139 Vtime: 0.0509
Step: 25900000  Loss: 0.229686 Regul: 0.063330 Obj: 0.293016 (0.071108)  NNZ: 14 (4)  Ttime: 1.4131 Vtime: 0.0515
Step: 26000000  Loss: 0.099915 Regul: 0.043311 Obj: 0.143226 (0.071108)  NNZ: 7 (4)  Ttime: 1.4139 Vtime: 0.0517
Step: 26100000  Loss: 0.061666 Regul: 0.014844 Obj: 0.076509 (0.071108)  NNZ: 6 (4)  Ttime: 1.4133 Vtime: 0.0517
Step: 26200000  Loss: 0.080122 Regul: 0.022778 Obj: 0.102901 (0.071108)  NNZ: 8 (4)  Ttime: 1.4147 Vtime: 0.0519
Step: 26300000  Loss: 0.066687 Regul: 0.022119 Obj: 0.088806 (0.071108)  NNZ: 9 (4)  Ttime: 1.4128 Vtime: 0.0513
Step: 26400000  Loss: 0.064420 Regul: 0.020654 Obj: 0.085074 (0.071108)  NNZ: 7 (4)  Ttime: 1.4161 Vtime: 0.0505
Step: 26500000  Loss: 0.107536 Regul: 0.038818 Obj: 0.146355 (0.071108)  NNZ: 10 (4)  Ttime: 1.4128 Vtime: 0.0516
Step: 26600000  Loss: 0.074088 Regul: 0.020630 Obj: 0.094718 (0.071108)  NNZ: 6 (4)  Ttime: 1.4152 Vtime: 0.0509
Step: 26700000  Loss: 0.061653 Regul: 0.027539 Obj: 0.089192 (0.071108)  NNZ: 10 (4)  Ttime: 1.4143 Vtime: 0.0522
Step: 26800000  Loss: 0.075059 Regul: 0.016431 Obj: 0.091489 (0.071108)  NNZ: 5 (4)  Ttime: 1.4128 Vtime: 0.0509
Step: 26900000  Loss: 0.065965 Regul: 0.027124 Obj: 0.093089 (0.071108)  NNZ: 6 (4)  Ttime: 1.4136 Vtime: 0.0519
Step: 27000000  Loss: 0.064627 Regul: 0.018164 Obj: 0.082791 (0.071108)  NNZ: 8 (4)  Ttime: 1.4128 Vtime: 0.0515
Step: 27100000  Loss: 0.059016 Regul: 0.020190 Obj: 0.079206 (0.071108)  NNZ: 7 (4)  Ttime: 1.4144 Vtime: 0.0511
Step: 27200000  Loss: 0.063901 Regul: 0.018506 Obj: 0.082407 (0.071108)  NNZ: 6 (4)  Ttime: 1.4128 Vtime: 0.0518
Best: 27300000  Loss: 0.061352 Regul: 0.007886 Obj: 0.069238 (0.069238)  NNZ: 7 (7)  Ttime: 1.4149 Vtime: 0.0517
Stat: nPR #40 (#56) Dim/MaxDim [320/640] AUC: 0.977759 FPR95: 13.12 [saved]
Step: 27400000  Loss: 0.063247 Regul: 0.010083 Obj: 0.073330 (0.069238)  NNZ: 4 (7)  Ttime: 1.4151 Vtime: 0.0512
Step: 27500000  Loss: 0.434350 Regul: 0.054980 Obj: 0.489331 (0.069238)  NNZ: 10 (7)  Ttime: 1.4139 Vtime: 0.0517
Step: 27600000  Loss: 0.094583 Regul: 0.024951 Obj: 0.119534 (0.069238)  NNZ: 7 (7)  Ttime: 1.4125 Vtime: 0.0518
Step: 27700000  Loss: 0.108133 Regul: 0.015942 Obj: 0.124075 (0.069238)  NNZ: 4 (7)  Ttime: 1.4146 Vtime: 0.0517
Step: 27800000  Loss: 0.073410 Regul: 0.012305 Obj: 0.085714 (0.069238)  NNZ: 5 (7)  Ttime: 1.4136 Vtime: 0.0509
Step: 27900000  Loss: 0.072823 Regul: 0.015015 Obj: 0.087837 (0.069238)  NNZ: 4 (7)  Ttime: 1.4759 Vtime: 0.0512
Step: 28000000  Loss: 0.077198 Regul: 0.032593 Obj: 0.109791 (0.069238)  NNZ: 8 (7)  Ttime: 1.4534 Vtime: 0.0518
Step: 28100000  Loss: 0.067260 Regul: 0.018530 Obj: 0.085790 (0.069238)  NNZ: 6 (7)  Ttime: 1.4141 Vtime: 0.0514
Step: 28200000  Loss: 0.085035 Regul: 0.040942 Obj: 0.125977 (0.069238)  NNZ: 9 (7)  Ttime: 1.4143 Vtime: 0.0517
Step: 28300000  Loss: 0.105159 Regul: 0.036987 Obj: 0.142147 (0.069238)  NNZ: 10 (7)  Ttime: 1.4136 Vtime: 0.0505
Step: 28400000  Loss: 0.144485 Regul: 0.027393 Obj: 0.171877 (0.069238)  NNZ: 9 (7)  Ttime: 1.4154 Vtime: 0.0508
Step: 28500000  Loss: 0.094875 Regul: 0.034741 Obj: 0.129616 (0.069238)  NNZ: 6 (7)  Ttime: 1.4133 Vtime: 0.0514
Step: 28600000  Loss: 0.078048 Regul: 0.008667 Obj: 0.086715 (0.069238)  NNZ: 6 (7)  Ttime: 1.4139 Vtime: 0.0513
Step: 28700000  Loss: 0.072289 Regul: 0.014624 Obj: 0.086913 (0.069238)  NNZ: 7 (7)  Ttime: 1.4136 Vtime: 0.0513
Step: 28800000  Loss: 0.060161 Regul: 0.023853 Obj: 0.084014 (0.069238)  NNZ: 7 (7)  Ttime: 1.4127 Vtime: 0.0514
Step: 28900000  Loss: 0.069134 Regul: 0.027271 Obj: 0.096405 (0.069238)  NNZ: 6 (7)  Ttime: 1.4133 Vtime: 0.0514
Step: 29000000  Loss: 0.087684 Regul: 0.022168 Obj: 0.109852 (0.069238)  NNZ: 12 (7)  Ttime: 1.4152 Vtime: 0.0518
Step: 29100000  Loss: 0.071590 Regul: 0.018384 Obj: 0.089974 (0.069238)  NNZ: 6 (7)  Ttime: 1.4152 Vtime: 0.0526
Step: 29200000  Loss: 0.694727 Regul: 0.055615 Obj: 0.750342 (0.069238)  NNZ: 14 (7)  Ttime: 1.4162 Vtime: 0.0517
Step: 29300000  Loss: 0.069086 Regul: 0.013916 Obj: 0.083002 (0.069238)  NNZ: 6 (7)  Ttime: 1.4124 Vtime: 0.0512
Step: 29400000  Loss: 0.127033 Regul: 0.011279 Obj: 0.138312 (0.069238)  NNZ: 6 (7)  Ttime: 1.4127 Vtime: 0.0517
Step: 29500000  Loss: 0.089190 Regul: 0.026245 Obj: 0.115435 (0.069238)  NNZ: 13 (7)  Ttime: 1.4130 Vtime: 0.0512
Step: 29600000  Loss: 0.079437 Regul: 0.043066 Obj: 0.122504 (0.069238)  NNZ: 17 (7)  Ttime: 1.4145 Vtime: 0.0516
Step: 29700000  Loss: 0.169987 Regul: 0.022925 Obj: 0.192912 (0.069238)  NNZ: 6 (7)  Ttime: 1.4147 Vtime: 0.0514
Step: 29800000  Loss: 0.063640 Regul: 0.018311 Obj: 0.081950 (0.069238)  NNZ: 9 (7)  Ttime: 1.4128 Vtime: 0.0514
Step: 29900000  Loss: 0.067821 Regul: 0.008643 Obj: 0.076464 (0.069238)  NNZ: 6 (7)  Ttime: 1.4131 Vtime: 0.0513
Step: 30000000  Loss: 0.053170 Regul: 0.016187 Obj: 0.069357 (0.069238)  NNZ: 10 (7)  Ttime: 1.4136 Vtime: 0.0516
Step: 30100000  Loss: 0.068175 Regul: 0.015137 Obj: 0.083312 (0.069238)  NNZ: 6 (7)  Ttime: 1.4145 Vtime: 0.0518
Step: 30200000  Loss: 0.100243 Regul: 0.006250 Obj: 0.106493 (0.069238)  NNZ: 4 (7)  Ttime: 1.4142 Vtime: 0.0513
Best: 30300000  Loss: 0.056398 Regul: 0.010840 Obj: 0.067237 (0.067237)  NNZ: 5 (5)  Ttime: 1.4126 Vtime: 0.0516
Stat: nPR #40 (#40) Dim/MaxDim [320/640] AUC: 0.978425 FPR95: 12.00 [saved]
Step: 30400000  Loss: 0.067416 Regul: 0.021533 Obj: 0.088949 (0.067237)  NNZ: 7 (5)  Ttime: 1.4149 Vtime: 0.0518
Step: 30500000  Loss: 0.095902 Regul: 0.029028 Obj: 0.124930 (0.067237)  NNZ: 6 (5)  Ttime: 1.4136 Vtime: 0.0507
Step: 30600000  Loss: 0.065973 Regul: 0.011743 Obj: 0.077716 (0.067237)  NNZ: 6 (5)  Ttime: 1.4153 Vtime: 0.0512
Step: 30700000  Loss: 0.101230 Regul: 0.019434 Obj: 0.120664 (0.067237)  NNZ: 4 (5)  Ttime: 1.4139 Vtime: 0.0520
Step: 30800000  Loss: 0.072001 Regul: 0.030127 Obj: 0.102128 (0.067237)  NNZ: 8 (5)  Ttime: 1.4138 Vtime: 0.0517
Step: 30900000  Loss: 0.067016 Regul: 0.013062 Obj: 0.080077 (0.067237)  NNZ: 5 (5)  Ttime: 1.4136 Vtime: 0.0513
Step: 31000000  Loss: 0.127877 Regul: 0.020215 Obj: 0.148092 (0.067237)  NNZ: 6 (5)  Ttime: 1.4131 Vtime: 0.0513
Step: 31100000  Loss: 0.072160 Regul: 0.031714 Obj: 0.103874 (0.067237)  NNZ: 10 (5)  Ttime: 1.4177 Vtime: 0.0515
Step: 31200000  Loss: 0.157967 Regul: 0.018481 Obj: 0.176448 (0.067237)  NNZ: 10 (5)  Ttime: 1.4137 Vtime: 0.0514
Step: 31300000  Loss: 0.059288 Regul: 0.024731 Obj: 0.084020 (0.067237)  NNZ: 7 (5)  Ttime: 1.4148 Vtime: 0.0510
Step: 31400000  Loss: 0.075012 Regul: 0.038550 Obj: 0.113562 (0.067237)  NNZ: 11 (5)  Ttime: 1.4126 Vtime: 0.0513
Step: 31500000  Loss: 0.102454 Regul: 0.014819 Obj: 0.117274 (0.067237)  NNZ: 5 (5)  Ttime: 1.4138 Vtime: 0.0513
Step: 31600000  Loss: 0.070913 Regul: 0.022949 Obj: 0.093863 (0.067237)  NNZ: 6 (5)  Ttime: 1.4154 Vtime: 0.0509
Step: 31700000  Loss: 0.160897 Regul: 0.004980 Obj: 0.165878 (0.067237)  NNZ: 2 (5)  Ttime: 1.4139 Vtime: 0.0514
Step: 31800000  Loss: 0.084486 Regul: 0.015039 Obj: 0.099525 (0.067237)  NNZ: 3 (5)  Ttime: 1.4137 Vtime: 0.0524
Step: 31900000  Loss: 0.067092 Regul: 0.013940 Obj: 0.081033 (0.067237)  NNZ: 6 (5)  Ttime: 1.4151 Vtime: 0.0514
Step: 32000000  Loss: 0.074202 Regul: 0.024023 Obj: 0.098226 (0.067237)  NNZ: 10 (5)  Ttime: 1.4120 Vtime: 0.0513
Step: 32100000  Loss: 0.063674 Regul: 0.019580 Obj: 0.083254 (0.067237)  NNZ: 6 (5)  Ttime: 1.4156 Vtime: 0.0516
Step: 32200000  Loss: 0.093300 Regul: 0.019165 Obj: 0.112465 (0.067237)  NNZ: 5 (5)  Ttime: 1.4132 Vtime: 0.0514
Step: 32300000  Loss: 0.099026 Regul: 0.007080 Obj: 0.106106 (0.067237)  NNZ: 2 (5)  Ttime: 1.4136 Vtime: 0.0511
Step: 32400000  Loss: 0.122286 Regul: 0.032056 Obj: 0.154342 (0.067237)  NNZ: 14 (5)  Ttime: 1.4139 Vtime: 0.0516
Step: 32500000  Loss: 0.085686 Regul: 0.027197 Obj: 0.112883 (0.067237)  NNZ: 13 (5)  Ttime: 1.4128 Vtime: 0.0518
Step: 32600000  Loss: 0.165974 Regul: 0.024268 Obj: 0.190242 (0.067237)  NNZ: 11 (5)  Ttime: 1.4145 Vtime: 0.0516
Step: 32700000  Loss: 0.066240 Regul: 0.014282 Obj: 0.080522 (0.067237)  NNZ: 5 (5)  Ttime: 1.4136 Vtime: 0.0510
Step: 32800000  Loss: 0.072540 Regul: 0.012866 Obj: 0.085407 (0.067237)  NNZ: 5 (5)  Ttime: 1.4132 Vtime: 0.0514
Step: 32900000  Loss: 0.072760 Regul: 0.014233 Obj: 0.086994 (0.067237)  NNZ: 5 (5)  Ttime: 1.4270 Vtime: 0.0514
Step: 33000000  Loss: 0.081282 Regul: 0.013452 Obj: 0.094734 (0.067237)  NNZ: 4 (5)  Ttime: 1.4147 Vtime: 0.0517
Step: 33100000  Loss: 0.098557 Regul: 0.016479 Obj: 0.115036 (0.067237)  NNZ: 6 (5)  Ttime: 1.4141 Vtime: 0.0515
Step: 33200000  Loss: 0.074557 Regul: 0.035645 Obj: 0.110202 (0.067237)  NNZ: 10 (5)  Ttime: 1.4133 Vtime: 0.0519
Step: 33300000  Loss: 0.067358 Regul: 0.022534 Obj: 0.089893 (0.067237)  NNZ: 7 (5)  Ttime: 1.4140 Vtime: 0.0516
Step: 33400000  Loss: 0.129243 Regul: 0.023730 Obj: 0.152974 (0.067237)  NNZ: 6 (5)  Ttime: 1.4152 Vtime: 0.0517
Step: 33500000  Loss: 0.067788 Regul: 0.025684 Obj: 0.093472 (0.067237)  NNZ: 9 (5)  Ttime: 1.4131 Vtime: 0.0522
Step: 33600000  Loss: 0.138019 Regul: 0.062329 Obj: 0.200348 (0.067237)  NNZ: 10 (5)  Ttime: 1.4129 Vtime: 0.0511
Step: 33700000  Loss: 0.105534 Regul: 0.053296 Obj: 0.158830 (0.067237)  NNZ: 9 (5)  Ttime: 1.4114 Vtime: 0.0520
Step: 33800000  Loss: 0.106520 Regul: 0.056738 Obj: 0.163258 (0.067237)  NNZ: 11 (5)  Ttime: 1.4106 Vtime: 0.0515
Step: 33900000  Loss: 0.094110 Regul: 0.033276 Obj: 0.127386 (0.067237)  NNZ: 8 (5)  Ttime: 1.4134 Vtime: 0.0517
Step: 34000000  Loss: 0.090340 Regul: 0.043481 Obj: 0.133821 (0.067237)  NNZ: 11 (5)  Ttime: 1.4101 Vtime: 0.0514
Step: 34100000  Loss: 0.088019 Regul: 0.029077 Obj: 0.117096 (0.067237)  NNZ: 11 (5)  Ttime: 1.4100 Vtime: 0.0511
Step: 34200000  Loss: 0.119640 Regul: 0.065942 Obj: 0.185582 (0.067237)  NNZ: 11 (5)  Ttime: 1.4123 Vtime: 0.0518
Step: 34300000  Loss: 0.089602 Regul: 0.038989 Obj: 0.128591 (0.067237)  NNZ: 10 (5)  Ttime: 1.4109 Vtime: 0.0515
Step: 34400000  Loss: 0.091431 Regul: 0.026294 Obj: 0.117725 (0.067237)  NNZ: 7 (5)  Ttime: 1.4105 Vtime: 0.0514
Step: 34500000  Loss: 0.077414 Regul: 0.032251 Obj: 0.109665 (0.067237)  NNZ: 9 (5)  Ttime: 1.4129 Vtime: 0.0517
Step: 34600000  Loss: 0.158541 Regul: 0.078271 Obj: 0.236813 (0.067237)  NNZ: 13 (5)  Ttime: 1.4099 Vtime: 0.0507
Step: 34700000  Loss: 0.181988 Regul: 0.036353 Obj: 0.218340 (0.067237)  NNZ: 8 (5)  Ttime: 1.4125 Vtime: 0.0510
Step: 34800000  Loss: 0.105499 Regul: 0.060303 Obj: 0.165802 (0.067237)  NNZ: 13 (5)  Ttime: 1.4088 Vtime: 0.0514
Step: 34900000  Loss: 0.119206 Regul: 0.060034 Obj: 0.179240 (0.067237)  NNZ: 12 (5)  Ttime: 1.4173 Vtime: 0.0504
Step: 35000000  Loss: 0.092701 Regul: 0.045459 Obj: 0.138160 (0.067237)  NNZ: 9 (5)  Ttime: 1.4112 Vtime: 0.0517
Step: 35100000  Loss: 0.271361 Regul: 0.093408 Obj: 0.364769 (0.067237)  NNZ: 15 (5)  Ttime: 1.4197 Vtime: 0.0514
Step: 35200000  Loss: 0.064210 Regul: 0.027612 Obj: 0.091823 (0.067237)  NNZ: 7 (5)  Ttime: 1.4110 Vtime: 0.0510
Step: 35300000  Loss: 0.076859 Regul: 0.036865 Obj: 0.113724 (0.067237)  NNZ: 6 (5)  Ttime: 1.4114 Vtime: 0.0516
Step: 35400000  Loss: 0.148180 Regul: 0.043945 Obj: 0.192125 (0.067237)  NNZ: 13 (5)  Ttime: 1.4107 Vtime: 0.0515
Step: 35500000  Loss: 0.132095 Regul: 0.046338 Obj: 0.178433 (0.067237)  NNZ: 7 (5)  Ttime: 1.4110 Vtime: 0.0510
Step: 35600000  Loss: 0.074187 Regul: 0.035596 Obj: 0.109783 (0.067237)  NNZ: 8 (5)  Ttime: 1.4126 Vtime: 0.0513
Step: 35700000  Loss: 0.082422 Regul: 0.028589 Obj: 0.111011 (0.067237)  NNZ: 9 (5)  Ttime: 1.4115 Vtime: 0.0508
Step: 35800000  Loss: 0.120539 Regul: 0.063037 Obj: 0.183576 (0.067237)  NNZ: 8 (5)  Ttime: 1.4108 Vtime: 0.0512
Step: 35900000  Loss: 0.080355 Regul: 0.031177 Obj: 0.111532 (0.067237)  NNZ: 7 (5)  Ttime: 1.4120 Vtime: 0.0515
Step: 36000000  Loss: 0.352706 Regul: 0.066821 Obj: 0.419527 (0.067237)  NNZ: 13 (5)  Ttime: 1.4116 Vtime: 0.0510
Step: 36100000  Loss: 0.083838 Regul: 0.030859 Obj: 0.114697 (0.067237)  NNZ: 7 (5)  Ttime: 1.4141 Vtime: 0.0513
Step: 36200000  Loss: 0.139887 Regul: 0.079053 Obj: 0.218940 (0.067237)  NNZ: 14 (5)  Ttime: 1.4461 Vtime: 0.0516
Step: 36300000  Loss: 0.101285 Regul: 0.052905 Obj: 0.154190 (0.067237)  NNZ: 10 (5)  Ttime: 1.4060 Vtime: 0.0518
Step: 36400000  Loss: 0.202526 Regul: 0.123315 Obj: 0.325841 (0.067237)  NNZ: 18 (5)  Ttime: 1.4044 Vtime: 0.0512
Step: 36500000  Loss: 0.073696 Regul: 0.020142 Obj: 0.093837 (0.067237)  NNZ: 5 (5)  Ttime: 1.4089 Vtime: 0.0508
Step: 36600000  Loss: 0.079529 Regul: 0.042847 Obj: 0.122376 (0.067237)  NNZ: 10 (5)  Ttime: 1.4041 Vtime: 0.0522
Step: 36700000  Loss: 0.127049 Regul: 0.056250 Obj: 0.183299 (0.067237)  NNZ: 10 (5)  Ttime: 1.4065 Vtime: 0.0516
Step: 36800000  Loss: 0.088277 Regul: 0.027002 Obj: 0.115279 (0.067237)  NNZ: 9 (5)  Ttime: 1.4385 Vtime: 0.0519
Step: 36900000  Loss: 0.087353 Regul: 0.036597 Obj: 0.123950 (0.067237)  NNZ: 9 (5)  Ttime: 1.4135 Vtime: 0.0520
Step: 37000000  Loss: 0.117074 Regul: 0.060498 Obj: 0.177572 (0.067237)  NNZ: 17 (5)  Ttime: 1.4131 Vtime: 0.0514
Step: 37100000  Loss: 0.099678 Regul: 0.047852 Obj: 0.147529 (0.067237)  NNZ: 8 (5)  Ttime: 1.4124 Vtime: 0.0509
Step: 37200000  Loss: 0.073479 Regul: 0.023120 Obj: 0.096599 (0.067237)  NNZ: 7 (5)  Ttime: 1.4129 Vtime: 0.0515
Step: 37300000  Loss: 0.100939 Regul: 0.052881 Obj: 0.153820 (0.067237)  NNZ: 12 (5)  Ttime: 1.4122 Vtime: 0.0514
Step: 37400000  Loss: 0.109883 Regul: 0.030444 Obj: 0.140327 (0.067237)  NNZ: 9 (5)  Ttime: 1.4102 Vtime: 0.0506
Step: 37500000  Loss: 0.073962 Regul: 0.028271 Obj: 0.102233 (0.067237)  NNZ: 9 (5)  Ttime: 1.4141 Vtime: 0.0510
Step: 37600000  Loss: 0.074244 Regul: 0.022388 Obj: 0.096632 (0.067237)  NNZ: 6 (5)  Ttime: 1.4090 Vtime: 0.0515
Step: 37700000  Loss: 0.067580 Regul: 0.028784 Obj: 0.096364 (0.067237)  NNZ: 8 (5)  Ttime: 1.4114 Vtime: 0.0519
Step: 37800000  Loss: 0.098674 Regul: 0.052930 Obj: 0.151604 (0.067237)  NNZ: 14 (5)  Ttime: 1.4120 Vtime: 0.0518
Step: 37900000  Loss: 0.108341 Regul: 0.013525 Obj: 0.121867 (0.067237)  NNZ: 6 (5)  Ttime: 1.4103 Vtime: 0.0511
Step: 38000000  Loss: 0.094129 Regul: 0.044165 Obj: 0.138294 (0.067237)  NNZ: 10 (5)  Ttime: 1.4106 Vtime: 0.0510
Step: 38100000  Loss: 0.069087 Regul: 0.029370 Obj: 0.098457 (0.067237)  NNZ: 8 (5)  Ttime: 1.4114 Vtime: 0.0525
Step: 38200000  Loss: 0.091842 Regul: 0.032983 Obj: 0.124825 (0.067237)  NNZ: 7 (5)  Ttime: 1.4128 Vtime: 0.0510
Step: 38300000  Loss: 0.100762 Regul: 0.028101 Obj: 0.128862 (0.067237)  NNZ: 9 (5)  Ttime: 1.4115 Vtime: 0.0511
Step: 38400000  Loss: 0.102874 Regul: 0.055493 Obj: 0.158367 (0.067237)  NNZ: 13 (5)  Ttime: 1.4110 Vtime: 0.0517
Step: 38500000  Loss: 0.097348 Regul: 0.034595 Obj: 0.131943 (0.067237)  NNZ: 7 (5)  Ttime: 1.4108 Vtime: 0.0513
Step: 38600000  Loss: 0.120585 Regul: 0.028687 Obj: 0.149271 (0.067237)  NNZ: 8 (5)  Ttime: 1.4102 Vtime: 0.0521
Step: 38700000  Loss: 0.127357 Regul: 0.063281 Obj: 0.190638 (0.067237)  NNZ: 12 (5)  Ttime: 1.4108 Vtime: 0.0514
Step: 38800000  Loss: 0.104978 Regul: 0.051270 Obj: 0.156247 (0.067237)  NNZ: 9 (5)  Ttime: 1.4121 Vtime: 0.0517
Step: 38900000  Loss: 0.105203 Regul: 0.060278 Obj: 0.165482 (0.067237)  NNZ: 10 (5)  Ttime: 1.4116 Vtime: 0.0518
Step: 39000000  Loss: 0.265207 Regul: 0.037622 Obj: 0.302829 (0.067237)  NNZ: 9 (5)  Ttime: 1.4121 Vtime: 0.0510
Step: 39100000  Loss: 0.113097 Regul: 0.065259 Obj: 0.178356 (0.067237)  NNZ: 12 (5)  Ttime: 1.4126 Vtime: 0.0515
Step: 39200000  Loss: 0.111595 Regul: 0.068994 Obj: 0.180589 (0.067237)  NNZ: 12 (5)  Ttime: 1.4123 Vtime: 0.0521
Step: 39300000  Loss: 0.084634 Regul: 0.034692 Obj: 0.119327 (0.067237)  NNZ: 9 (5)  Ttime: 1.4118 Vtime: 0.0511
Step: 39400000  Loss: 0.105599 Regul: 0.051416 Obj: 0.157015 (0.067237)  NNZ: 11 (5)  Ttime: 1.4106 Vtime: 0.0515
Step: 39500000  Loss: 0.149362 Regul: 0.067285 Obj: 0.216647 (0.067237)  NNZ: 16 (5)  Ttime: 1.4116 Vtime: 0.0515
Step: 39600000  Loss: 0.107611 Regul: 0.064844 Obj: 0.172455 (0.067237)  NNZ: 13 (5)  Ttime: 1.4113 Vtime: 0.0514
Step: 39700000  Loss: 0.173025 Regul: 0.108105 Obj: 0.281131 (0.067237)  NNZ: 18 (5)  Ttime: 1.4093 Vtime: 0.0521
Step: 39800000  Loss: 0.129446 Regul: 0.057007 Obj: 0.186453 (0.067237)  NNZ: 16 (5)  Ttime: 1.4134 Vtime: 0.0517
Step: 39900000  Loss: 0.150833 Regul: 0.100732 Obj: 0.251565 (0.067237)  NNZ: 18 (5)  Ttime: 1.4120 Vtime: 0.0521
Step: 40000000  Loss: 0.111392 Regul: 0.061963 Obj: 0.173355 (0.067237)  NNZ: 13 (5)  Ttime: 1.4125 Vtime: 0.0513
Step: 40100000  Loss: 0.094130 Regul: 0.049585 Obj: 0.143715 (0.067237)  NNZ: 13 (5)  Ttime: 1.4114 Vtime: 0.0518
Step: 40200000  Loss: 0.126523 Regul: 0.063501 Obj: 0.190024 (0.067237)  NNZ: 14 (5)  Ttime: 1.4108 Vtime: 0.0508
Step: 40300000  Loss: 0.078998 Regul: 0.035620 Obj: 0.114618 (0.067237)  NNZ: 9 (5)  Ttime: 1.4134 Vtime: 0.0518
Step: 40400000  Loss: 0.102881 Regul: 0.059082 Obj: 0.161963 (0.067237)  NNZ: 13 (5)  Ttime: 1.4106 Vtime: 0.0516
Step: 40500000  Loss: 0.053986 Regul: 0.014209 Obj: 0.068195 (0.067237)  NNZ: 6 (5)  Ttime: 1.4121 Vtime: 0.0512
Step: 40600000  Loss: 0.096524 Regul: 0.051978 Obj: 0.148502 (0.067237)  NNZ: 12 (5)  Ttime: 1.4125 Vtime: 0.0523
Step: 40700000  Loss: 0.116322 Regul: 0.048291 Obj: 0.164613 (0.067237)  NNZ: 11 (5)  Ttime: 1.4115 Vtime: 0.0527
Step: 40800000  Loss: 0.147759 Regul: 0.095093 Obj: 0.242852 (0.067237)  NNZ: 18 (5)  Ttime: 1.4118 Vtime: 0.0522
Step: 40900000  Loss: 0.160068 Regul: 0.025439 Obj: 0.185507 (0.067237)  NNZ: 11 (5)  Ttime: 1.4098 Vtime: 0.0510
Step: 41000000  Loss: 0.122789 Regul: 0.065405 Obj: 0.188194 (0.067237)  NNZ: 14 (5)  Ttime: 1.4141 Vtime: 0.0512
Step: 41100000  Loss: 0.142510 Regul: 0.075171 Obj: 0.217681 (0.067237)  NNZ: 16 (5)  Ttime: 1.4148 Vtime: 0.0517
Step: 41200000  Loss: 0.153729 Regul: 0.056299 Obj: 0.210028 (0.067237)  NNZ: 9 (5)  Ttime: 1.4109 Vtime: 0.0520
Step: 41300000  Loss: 0.152479 Regul: 0.080518 Obj: 0.232997 (0.067237)  NNZ: 18 (5)  Ttime: 1.4188 Vtime: 0.0513
Step: 41400000  Loss: 0.270191 Regul: 0.106494 Obj: 0.376686 (0.067237)  NNZ: 18 (5)  Ttime: 1.4136 Vtime: 0.0517
Step: 41500000  Loss: 0.065329 Regul: 0.031616 Obj: 0.096945 (0.067237)  NNZ: 10 (5)  Ttime: 1.4115 Vtime: 0.0510
Step: 41600000  Loss: 0.076037 Regul: 0.036328 Obj: 0.112365 (0.067237)  NNZ: 10 (5)  Ttime: 1.4111 Vtime: 0.0513
Step: 41700000  Loss: 0.109002 Regul: 0.035913 Obj: 0.144915 (0.067237)  NNZ: 7 (5)  Ttime: 1.4102 Vtime: 0.0519
Step: 41800000  Loss: 0.136784 Regul: 0.051001 Obj: 0.187785 (0.067237)  NNZ: 14 (5)  Ttime: 1.4108 Vtime: 0.0515
Step: 41900000  Loss: 0.252574 Regul: 0.047559 Obj: 0.300132 (0.067237)  NNZ: 7 (5)  Ttime: 1.4116 Vtime: 0.0510
Step: 42000000  Loss: 0.123034 Regul: 0.046655 Obj: 0.169690 (0.067237)  NNZ: 8 (5)  Ttime: 1.4114 Vtime: 0.0520
Step: 42100000  Loss: 0.086581 Regul: 0.041406 Obj: 0.127987 (0.067237)  NNZ: 10 (5)  Ttime: 1.4137 Vtime: 0.0514
Step: 42200000  Loss: 0.066039 Regul: 0.027417 Obj: 0.093456 (0.067237)  NNZ: 7 (5)  Ttime: 1.4123 Vtime: 0.0511
Step: 42300000  Loss: 0.131940 Regul: 0.082422 Obj: 0.214362 (0.067237)  NNZ: 17 (5)  Ttime: 1.4111 Vtime: 0.0510
Step: 42400000  Loss: 0.098236 Regul: 0.046216 Obj: 0.144452 (0.067237)  NNZ: 10 (5)  Ttime: 1.4110 Vtime: 0.0516
Step: 42500000  Loss: 0.104430 Regul: 0.055591 Obj: 0.160021 (0.067237)  NNZ: 12 (5)  Ttime: 1.4114 Vtime: 0.0512
Step: 42600000  Loss: 0.114072 Regul: 0.049341 Obj: 0.163413 (0.067237)  NNZ: 14 (5)  Ttime: 1.4131 Vtime: 0.0520
Step: 42700000  Loss: 0.122433 Regul: 0.044604 Obj: 0.167038 (0.067237)  NNZ: 9 (5)  Ttime: 1.4117 Vtime: 0.0516
Step: 42800000  Loss: 0.080169 Regul: 0.045361 Obj: 0.125530 (0.067237)  NNZ: 13 (5)  Ttime: 1.4109 Vtime: 0.0515
Step: 42900000  Loss: 0.104239 Regul: 0.040356 Obj: 0.144596 (0.067237)  NNZ: 12 (5)  Ttime: 1.4116 Vtime: 0.0511
Step: 43000000  Loss: 0.160800 Regul: 0.110107 Obj: 0.270907 (0.067237)  NNZ: 19 (5)  Ttime: 1.4114 Vtime: 0.0516
Step: 43100000  Loss: 0.131548 Regul: 0.064111 Obj: 0.195659 (0.067237)  NNZ: 13 (5)  Ttime: 1.4116 Vtime: 0.0521
Step: 43200000  Loss: 0.115592 Regul: 0.069434 Obj: 0.185026 (0.067237)  NNZ: 12 (5)  Ttime: 1.4104 Vtime: 0.0520
Step: 43300000  Loss: 0.111104 Regul: 0.041113 Obj: 0.152217 (0.067237)  NNZ: 8 (5)  Ttime: 1.4111 Vtime: 0.0519
Step: 43400000  Loss: 0.078317 Regul: 0.029443 Obj: 0.107761 (0.067237)  NNZ: 9 (5)  Ttime: 1.4124 Vtime: 0.0518
Step: 43500000  Loss: 0.100960 Regul: 0.063818 Obj: 0.164779 (0.067237)  NNZ: 15 (5)  Ttime: 1.4142 Vtime: 0.0516
Step: 43600000  Loss: 0.099048 Regul: 0.049805 Obj: 0.148852 (0.067237)  NNZ: 12 (5)  Ttime: 1.4124 Vtime: 0.0513
Step: 43700000  Loss: 0.110036 Regul: 0.062109 Obj: 0.172145 (0.067237)  NNZ: 15 (5)  Ttime: 1.4127 Vtime: 0.0515
Step: 43800000  Loss: 0.086850 Regul: 0.043115 Obj: 0.129965 (0.067237)  NNZ: 10 (5)  Ttime: 1.4113 Vtime: 0.0523
Step: 43900000  Loss: 0.109404 Regul: 0.070361 Obj: 0.179766 (0.067237)  NNZ: 17 (5)  Ttime: 1.4119 Vtime: 0.0516
Step: 44000000  Loss: 0.094573 Regul: 0.043652 Obj: 0.138225 (0.067237)  NNZ: 10 (5)  Ttime: 1.4110 Vtime: 0.0513
Step: 44100000  Loss: 0.079610 Regul: 0.033838 Obj: 0.113448 (0.067237)  NNZ: 14 (5)  Ttime: 1.4102 Vtime: 0.0513
Step: 44200000  Loss: 0.093493 Regul: 0.052881 Obj: 0.146374 (0.067237)  NNZ: 10 (5)  Ttime: 1.4114 Vtime: 0.0517
Step: 44300000  Loss: 0.119975 Regul: 0.062012 Obj: 0.181986 (0.067237)  NNZ: 16 (5)  Ttime: 1.4106 Vtime: 0.0515
Step: 44400000  Loss: 0.093352 Regul: 0.041504 Obj: 0.134855 (0.067237)  NNZ: 11 (5)  Ttime: 1.4123 Vtime: 0.0516
Step: 44500000  Loss: 0.126306 Regul: 0.064746 Obj: 0.191052 (0.067237)  NNZ: 12 (5)  Ttime: 1.4118 Vtime: 0.0516
Step: 44600000  Loss: 0.125947 Regul: 0.075098 Obj: 0.201044 (0.067237)  NNZ: 13 (5)  Ttime: 1.4118 Vtime: 0.0515
Step: 44700000  Loss: 0.124076 Regul: 0.068799 Obj: 0.192874 (0.067237)  NNZ: 11 (5)  Ttime: 1.4137 Vtime: 0.0510
Step: 44800000  Loss: 0.115337 Regul: 0.066895 Obj: 0.182231 (0.067237)  NNZ: 16 (5)  Ttime: 1.4126 Vtime: 0.0515
Step: 44900000  Loss: 0.149054 Regul: 0.104980 Obj: 0.254035 (0.067237)  NNZ: 19 (5)  Ttime: 1.4133 Vtime: 0.0515
Step: 45000000  Loss: 0.061655 Regul: 0.023096 Obj: 0.084751 (0.067237)  NNZ: 6 (5)  Ttime: 1.4106 Vtime: 0.0515
Step: 45100000  Loss: 0.117295 Regul: 0.042725 Obj: 0.160020 (0.067237)  NNZ: 10 (5)  Ttime: 1.4123 Vtime: 0.0517
Step: 45200000  Loss: 0.059831 Regul: 0.015039 Obj: 0.074870 (0.067237)  NNZ: 7 (5)  Ttime: 1.4128 Vtime: 0.0512
Step: 45300000  Loss: 0.067251 Regul: 0.031152 Obj: 0.098403 (0.067237)  NNZ: 7 (5)  Ttime: 1.4121 Vtime: 0.0514
Step: 45400000  Loss: 0.110833 Regul: 0.052979 Obj: 0.163812 (0.067237)  NNZ: 11 (5)  Ttime: 1.4119 Vtime: 0.0522
Step: 45500000  Loss: 0.095860 Regul: 0.031738 Obj: 0.127598 (0.067237)  NNZ: 8 (5)  Ttime: 1.4119 Vtime: 0.0517
Step: 45600000  Loss: 0.070924 Regul: 0.025928 Obj: 0.096852 (0.067237)  NNZ: 7 (5)  Ttime: 1.4100 Vtime: 0.0514
Step: 45700000  Loss: 0.069461 Regul: 0.032764 Obj: 0.102225 (0.067237)  NNZ: 10 (5)  Ttime: 1.4135 Vtime: 0.0516
Step: 45800000  Loss: 0.137049 Regul: 0.057080 Obj: 0.194129 (0.067237)  NNZ: 13 (5)  Ttime: 1.4104 Vtime: 0.0516
Step: 45900000  Loss: 0.105856 Regul: 0.066943 Obj: 0.172799 (0.067237)  NNZ: 14 (5)  Ttime: 1.4124 Vtime: 0.0511
Step: 46000000  Loss: 0.107783 Regul: 0.059961 Obj: 0.167744 (0.067237)  NNZ: 12 (5)  Ttime: 1.4097 Vtime: 0.0517
Step: 46100000  Loss: 0.094716 Regul: 0.039453 Obj: 0.134169 (0.067237)  NNZ: 9 (5)  Ttime: 1.4129 Vtime: 0.0518
Step: 46200000  Loss: 0.086029 Regul: 0.041260 Obj: 0.127289 (0.067237)  NNZ: 11 (5)  Ttime: 1.4133 Vtime: 0.0516
Step: 46300000  Loss: 0.091624 Regul: 0.044824 Obj: 0.136448 (0.067237)  NNZ: 13 (5)  Ttime: 1.4631 Vtime: 0.0514
Step: 46400000  Loss: 0.169497 Regul: 0.040430 Obj: 0.209927 (0.067237)  NNZ: 10 (5)  Ttime: 1.4077 Vtime: 0.0513
Step: 46500000  Loss: 0.098190 Regul: 0.051514 Obj: 0.149704 (0.067237)  NNZ: 15 (5)  Ttime: 1.4066 Vtime: 0.0518
Step: 46600000  Loss: 0.178797 Regul: 0.072510 Obj: 0.251307 (0.067237)  NNZ: 14 (5)  Ttime: 1.4057 Vtime: 0.0514
Step: 46700000  Loss: 0.094322 Regul: 0.049121 Obj: 0.143443 (0.067237)  NNZ: 13 (5)  Ttime: 1.4072 Vtime: 0.0512
Step: 46800000  Loss: 0.131360 Regul: 0.021924 Obj: 0.153284 (0.067237)  NNZ: 8 (5)  Ttime: 1.4069 Vtime: 0.0528
Step: 46900000  Loss: 0.113598 Regul: 0.074561 Obj: 0.188159 (0.067237)  NNZ: 14 (5)  Ttime: 1.4651 Vtime: 0.0519
Step: 47000000  Loss: 0.089934 Regul: 0.031934 Obj: 0.121868 (0.067237)  NNZ: 9 (5)  Ttime: 1.4121 Vtime: 0.0512
Step: 47100000  Loss: 0.124325 Regul: 0.063184 Obj: 0.187509 (0.067237)  NNZ: 17 (5)  Ttime: 1.4127 Vtime: 0.0516
Step: 47200000  Loss: 0.075180 Regul: 0.025732 Obj: 0.100912 (0.067237)  NNZ: 6 (5)  Ttime: 1.4130 Vtime: 0.0510
Step: 47300000  Loss: 0.127806 Regul: 0.085596 Obj: 0.213402 (0.067237)  NNZ: 17 (5)  Ttime: 1.4110 Vtime: 0.0509
Step: 47400000  Loss: 0.091580 Regul: 0.052734 Obj: 0.144314 (0.067237)  NNZ: 12 (5)  Ttime: 1.4106 Vtime: 0.0511
Step: 47500000  Loss: 0.180128 Regul: 0.108545 Obj: 0.288673 (0.067237)  NNZ: 20 (5)  Ttime: 1.4129 Vtime: 0.0516
Step: 47600000  Loss: 0.098653 Regul: 0.041797 Obj: 0.140450 (0.067237)  NNZ: 13 (5)  Ttime: 1.4095 Vtime: 0.0516
Step: 47700000  Loss: 0.094903 Regul: 0.044092 Obj: 0.138995 (0.067237)  NNZ: 9 (5)  Ttime: 1.4115 Vtime: 0.0518
Step: 47800000  Loss: 0.079742 Regul: 0.043652 Obj: 0.123394 (0.067237)  NNZ: 12 (5)  Ttime: 1.4107 Vtime: 0.0519
Step: 47900000  Loss: 0.122117 Regul: 0.058203 Obj: 0.180321 (0.067237)  NNZ: 9 (5)  Ttime: 1.4108 Vtime: 0.0520
Step: 48000000  Loss: 0.133211 Regul: 0.081543 Obj: 0.214754 (0.067237)  NNZ: 20 (5)  Ttime: 1.4096 Vtime: 0.0516
Step: 48100000  Loss: 0.115960 Regul: 0.060352 Obj: 0.176311 (0.067237)  NNZ: 18 (5)  Ttime: 1.4124 Vtime: 0.0521
Step: 48200000  Loss: 0.095760 Regul: 0.051221 Obj: 0.146980 (0.067237)  NNZ: 14 (5)  Ttime: 1.4162 Vtime: 0.0512
Step: 48300000  Loss: 0.104054 Regul: 0.032910 Obj: 0.136964 (0.067237)  NNZ: 7 (5)  Ttime: 1.4125 Vtime: 0.0514
Step: 48400000  Loss: 0.137338 Regul: 0.065381 Obj: 0.202718 (0.067237)  NNZ: 14 (5)  Ttime: 1.4121 Vtime: 0.0516
Step: 48500000  Loss: 0.103154 Regul: 0.055811 Obj: 0.158964 (0.067237)  NNZ: 11 (5)  Ttime: 1.4136 Vtime: 0.0507
Step: 48600000  Loss: 0.094154 Regul: 0.049072 Obj: 0.143227 (0.067237)  NNZ: 14 (5)  Ttime: 1.4110 Vtime: 0.0514
Step: 48700000  Loss: 0.139157 Regul: 0.066699 Obj: 0.205856 (0.067237)  NNZ: 12 (5)  Ttime: 1.4188 Vtime: 0.0513
Step: 48800000  Loss: 0.107615 Regul: 0.058984 Obj: 0.166600 (0.067237)  NNZ: 15 (5)  Ttime: 1.4135 Vtime: 0.0507
Step: 48900000  Loss: 0.126866 Regul: 0.078369 Obj: 0.205235 (0.067237)  NNZ: 17 (5)  Ttime: 1.4104 Vtime: 0.0512
Step: 49000000  Loss: 0.076940 Regul: 0.028613 Obj: 0.105554 (0.067237)  NNZ: 11 (5)  Ttime: 1.4116 Vtime: 0.0513
Step: 49100000  Loss: 0.103601 Regul: 0.066406 Obj: 0.170007 (0.067237)  NNZ: 14 (5)  Ttime: 1.4113 Vtime: 0.0517
Step: 49200000  Loss: 0.157697 Regul: 0.080225 Obj: 0.237921 (0.067237)  NNZ: 18 (5)  Ttime: 1.4107 Vtime: 0.0513
Step: 49300000  Loss: 0.109609 Regul: 0.058936 Obj: 0.168545 (0.067237)  NNZ: 12 (5)  Ttime: 1.4131 Vtime: 0.0513
Step: 49400000  Loss: 0.136576 Regul: 0.082715 Obj: 0.219291 (0.067237)  NNZ: 20 (5)  Ttime: 1.4100 Vtime: 0.0517
Step: 49500000  Loss: 0.146421 Regul: 0.053613 Obj: 0.200034 (0.067237)  NNZ: 11 (5)  Ttime: 1.4124 Vtime: 0.0525
Step: 49600000  Loss: 0.074476 Regul: 0.029639 Obj: 0.104115 (0.067237)  NNZ: 11 (5)  Ttime: 1.4113 Vtime: 0.0512
Step: 49700000  Loss: 0.099005 Regul: 0.044678 Obj: 0.143683 (0.067237)  NNZ: 12 (5)  Ttime: 1.4112 Vtime: 0.0517
Step: 49800000  Loss: 0.118853 Regul: 0.045654 Obj: 0.164507 (0.067237)  NNZ: 10 (5)  Ttime: 1.4116 Vtime: 0.0519
Step: 49900000  Loss: 0.124553 Regul: 0.080713 Obj: 0.205266 (0.067237)  NNZ: 18 (5)  Ttime: 1.4113 Vtime: 0.0518
Step: 50000000  Loss: 0.107269 Regul: 0.046484 Obj: 0.153753 (0.067237)  NNZ: 12 (5)  Ttime: 1.4113 Vtime: 0.0517
