mu: 0.025 gamma: 0.175 nIters: 50000000
Load PRParams.
Load RingParams.
Load Labels: 500000
Load Distances: 500000 x 5120
0...10...20...30...40...50...60...70...80...90...100 - done.
Positive samples #250000
Negative samples #250000
Positive train #200000
Negative train #200000
Positive valid #50000
Negative valid #50000

Found GPU: GeForce GTX 970
Compute Capability: 5.2

Best: 100000  Loss: 0.075334 Regul: 0.020205 Obj: 0.095539 (0.095539)  NNZ: 6 (6)  Ttime: 1.4032 Vtime: 0.2081
Stat: nPR #28 (#48) Dim/MaxDim [224/640] AUC: 0.973051 FPR95: 16.84 [saved]
Step: 200000  Loss: 0.129289 Regul: 0.037277 Obj: 0.166567 (0.095539)  NNZ: 18 (6)  Ttime: 1.3918 Vtime: 0.0522
Best: 300000  Loss: 0.066022 Regul: 0.017973 Obj: 0.083995 (0.083995)  NNZ: 13 (13)  Ttime: 1.3907 Vtime: 0.0517
Stat: nPR #72 (#104) Dim/MaxDim [576/640] AUC: 0.975313 FPR95: 15.07 [saved]
Step: 400000  Loss: 0.286662 Regul: 0.065985 Obj: 0.352647 (0.083995)  NNZ: 26 (13)  Ttime: 1.3964 Vtime: 0.0514
Step: 500000  Loss: 0.067729 Regul: 0.018508 Obj: 0.086237 (0.083995)  NNZ: 10 (13)  Ttime: 1.3913 Vtime: 0.0512
Best: 600000  Loss: 0.062423 Regul: 0.018652 Obj: 0.081075 (0.081075)  NNZ: 13 (13)  Ttime: 1.3950 Vtime: 0.0521
Stat: nPR #96 (#104) Dim/MaxDim [768/640] AUC: 0.976152 FPR95: 14.36
Step: 700000  Loss: 0.099266 Regul: 0.011377 Obj: 0.110644 (0.081075)  NNZ: 9 (13)  Ttime: 1.3933 Vtime: 0.0516
Step: 800000  Loss: 0.083595 Regul: 0.028838 Obj: 0.112433 (0.081075)  NNZ: 20 (13)  Ttime: 1.3992 Vtime: 0.0515
Step: 900000  Loss: 0.067847 Regul: 0.016634 Obj: 0.084481 (0.081075)  NNZ: 11 (13)  Ttime: 1.3928 Vtime: 0.0515
Best: 1000000  Loss: 0.059062 Regul: 0.020268 Obj: 0.079330 (0.079330)  NNZ: 11 (11)  Ttime: 1.3953 Vtime: 0.0504
Stat: nPR #64 (#88) Dim/MaxDim [512/640] AUC: 0.979167 FPR95: 11.17 [saved]
Best: 1100000  Loss: 0.055873 Regul: 0.017698 Obj: 0.073571 (0.073571)  NNZ: 10 (10)  Ttime: 1.4020 Vtime: 0.0515
Stat: nPR #64 (#80) Dim/MaxDim [512/640] AUC: 0.979433 FPR95: 10.79 [saved]
Step: 1200000  Loss: 0.061648 Regul: 0.015816 Obj: 0.077464 (0.073571)  NNZ: 13 (10)  Ttime: 1.3950 Vtime: 0.0514
Step: 1300000  Loss: 0.071514 Regul: 0.023100 Obj: 0.094615 (0.073571)  NNZ: 12 (10)  Ttime: 1.3928 Vtime: 0.0518
Step: 1400000  Loss: 0.067938 Regul: 0.024243 Obj: 0.092181 (0.073571)  NNZ: 16 (10)  Ttime: 1.3969 Vtime: 0.0511
Step: 1500000  Loss: 0.054871 Regul: 0.020405 Obj: 0.075276 (0.073571)  NNZ: 16 (10)  Ttime: 1.3937 Vtime: 0.0510
Best: 1600000  Loss: 0.052166 Regul: 0.015110 Obj: 0.067275 (0.067275)  NNZ: 13 (13)  Ttime: 1.4024 Vtime: 0.0520
Stat: nPR #84 (#104) Dim/MaxDim [672/640] AUC: 0.979832 FPR95: 10.45
Step: 1700000  Loss: 0.055773 Regul: 0.012815 Obj: 0.068589 (0.067275)  NNZ: 11 (13)  Ttime: 1.3948 Vtime: 0.0508
Step: 1800000  Loss: 0.070111 Regul: 0.028732 Obj: 0.098843 (0.067275)  NNZ: 17 (13)  Ttime: 1.3945 Vtime: 0.0518
Step: 1900000  Loss: 0.076783 Regul: 0.007882 Obj: 0.084665 (0.067275)  NNZ: 6 (13)  Ttime: 1.3943 Vtime: 0.0514
Step: 2000000  Loss: 0.055815 Regul: 0.013837 Obj: 0.069651 (0.067275)  NNZ: 12 (13)  Ttime: 1.3916 Vtime: 0.0510
Step: 2100000  Loss: 0.065775 Regul: 0.023795 Obj: 0.089569 (0.067275)  NNZ: 14 (13)  Ttime: 1.3923 Vtime: 0.0512
Best: 2200000  Loss: 0.051167 Regul: 0.015621 Obj: 0.066788 (0.066788)  NNZ: 11 (11)  Ttime: 1.3930 Vtime: 0.0518
Stat: nPR #72 (#88) Dim/MaxDim [576/640] AUC: 0.980274 FPR95: 10.68 [saved]
Best: 2300000  Loss: 0.051466 Regul: 0.013752 Obj: 0.065218 (0.065218)  NNZ: 10 (10)  Ttime: 1.3952 Vtime: 0.0513
Stat: nPR #72 (#80) Dim/MaxDim [576/640] AUC: 0.979992 FPR95: 10.25 [saved]
Step: 2400000  Loss: 0.056976 Regul: 0.024644 Obj: 0.081620 (0.065218)  NNZ: 16 (10)  Ttime: 1.3927 Vtime: 0.0521
Step: 2500000  Loss: 0.050134 Regul: 0.017155 Obj: 0.067288 (0.065218)  NNZ: 18 (10)  Ttime: 1.3913 Vtime: 0.0510
Step: 2600000  Loss: 0.055624 Regul: 0.021611 Obj: 0.077235 (0.065218)  NNZ: 14 (10)  Ttime: 1.4049 Vtime: 0.0516
Step: 2700000  Loss: 0.054692 Regul: 0.020992 Obj: 0.075683 (0.065218)  NNZ: 17 (10)  Ttime: 1.3954 Vtime: 0.0511
Step: 2800000  Loss: 0.058826 Regul: 0.014391 Obj: 0.073217 (0.065218)  NNZ: 11 (10)  Ttime: 1.3961 Vtime: 0.0521
Step: 2900000  Loss: 0.055988 Regul: 0.012029 Obj: 0.068017 (0.065218)  NNZ: 11 (10)  Ttime: 1.3989 Vtime: 0.0515
Step: 3000000  Loss: 0.059393 Regul: 0.019864 Obj: 0.079257 (0.065218)  NNZ: 15 (10)  Ttime: 1.3928 Vtime: 0.0516
Step: 3100000  Loss: 0.057085 Regul: 0.017620 Obj: 0.074705 (0.065218)  NNZ: 17 (10)  Ttime: 1.3956 Vtime: 0.0514
Step: 3200000  Loss: 0.067016 Regul: 0.010538 Obj: 0.077555 (0.065218)  NNZ: 14 (10)  Ttime: 1.3948 Vtime: 0.0520
Step: 3300000  Loss: 0.088620 Regul: 0.009015 Obj: 0.097635 (0.065218)  NNZ: 10 (10)  Ttime: 1.3958 Vtime: 0.0523
Step: 3400000  Loss: 0.075300 Regul: 0.015758 Obj: 0.091058 (0.065218)  NNZ: 9 (10)  Ttime: 1.3939 Vtime: 0.0512
Step: 3500000  Loss: 0.054532 Regul: 0.021653 Obj: 0.076185 (0.065218)  NNZ: 17 (10)  Ttime: 1.3957 Vtime: 0.0514
Step: 3600000  Loss: 0.052263 Regul: 0.015957 Obj: 0.068220 (0.065218)  NNZ: 16 (10)  Ttime: 1.3979 Vtime: 0.0513
Step: 3700000  Loss: 0.080660 Regul: 0.022311 Obj: 0.102970 (0.065218)  NNZ: 17 (10)  Ttime: 1.3934 Vtime: 0.0511
Step: 3800000  Loss: 0.063349 Regul: 0.024331 Obj: 0.087680 (0.065218)  NNZ: 20 (10)  Ttime: 1.3977 Vtime: 0.0519
Step: 3900000  Loss: 0.056029 Regul: 0.018285 Obj: 0.074314 (0.065218)  NNZ: 16 (10)  Ttime: 1.3899 Vtime: 0.0518
Step: 4000000  Loss: 0.053289 Regul: 0.015726 Obj: 0.069015 (0.065218)  NNZ: 14 (10)  Ttime: 1.3940 Vtime: 0.0520
Step: 4100000  Loss: 0.055557 Regul: 0.017832 Obj: 0.073390 (0.065218)  NNZ: 15 (10)  Ttime: 1.3961 Vtime: 0.0510
Step: 4200000  Loss: 0.076434 Regul: 0.007138 Obj: 0.083572 (0.065218)  NNZ: 6 (10)  Ttime: 1.3962 Vtime: 0.0508
Step: 4300000  Loss: 0.060497 Regul: 0.021503 Obj: 0.082001 (0.065218)  NNZ: 16 (10)  Ttime: 1.4008 Vtime: 0.0515
Step: 4400000  Loss: 0.059771 Regul: 0.015432 Obj: 0.075203 (0.065218)  NNZ: 15 (10)  Ttime: 1.3907 Vtime: 0.0506
Step: 4500000  Loss: 0.052338 Regul: 0.018196 Obj: 0.070534 (0.065218)  NNZ: 15 (10)  Ttime: 1.3988 Vtime: 0.0509
Step: 4600000  Loss: 0.054433 Regul: 0.013657 Obj: 0.068090 (0.065218)  NNZ: 13 (10)  Ttime: 1.3908 Vtime: 0.0518
Step: 4700000  Loss: 0.054340 Regul: 0.014021 Obj: 0.068361 (0.065218)  NNZ: 14 (10)  Ttime: 1.3979 Vtime: 0.0511
Step: 4800000  Loss: 0.057696 Regul: 0.008966 Obj: 0.066662 (0.065218)  NNZ: 8 (10)  Ttime: 1.3952 Vtime: 0.0513
Step: 4900000  Loss: 0.053159 Regul: 0.016225 Obj: 0.069384 (0.065218)  NNZ: 16 (10)  Ttime: 1.3952 Vtime: 0.0514
Best: 5000000  Loss: 0.050835 Regul: 0.014263 Obj: 0.065098 (0.065098)  NNZ: 13 (13)  Ttime: 1.4027 Vtime: 0.0512
Stat: nPR #88 (#104) Dim/MaxDim [704/640] AUC: 0.980305 FPR95: 10.26
Step: 5100000  Loss: 0.078606 Regul: 0.021103 Obj: 0.099709 (0.065098)  NNZ: 18 (13)  Ttime: 1.3958 Vtime: 0.0520
Step: 5200000  Loss: 0.055156 Regul: 0.014997 Obj: 0.070153 (0.065098)  NNZ: 15 (13)  Ttime: 1.3954 Vtime: 0.0513
Step: 5300000  Loss: 0.070934 Regul: 0.027879 Obj: 0.098813 (0.065098)  NNZ: 18 (13)  Ttime: 1.3907 Vtime: 0.0520
Step: 5400000  Loss: 0.058449 Regul: 0.021828 Obj: 0.080276 (0.065098)  NNZ: 15 (13)  Ttime: 1.3950 Vtime: 0.0516
Step: 5500000  Loss: 0.054189 Regul: 0.012338 Obj: 0.066527 (0.065098)  NNZ: 13 (13)  Ttime: 1.3967 Vtime: 0.0512
Step: 5600000  Loss: 0.056083 Regul: 0.018343 Obj: 0.074426 (0.065098)  NNZ: 16 (13)  Ttime: 1.3943 Vtime: 0.0510
Step: 5700000  Loss: 0.061489 Regul: 0.015859 Obj: 0.077348 (0.065098)  NNZ: 17 (13)  Ttime: 1.3911 Vtime: 0.0513
Step: 5800000  Loss: 0.051945 Regul: 0.018066 Obj: 0.070011 (0.065098)  NNZ: 17 (13)  Ttime: 1.3950 Vtime: 0.0512
Step: 5900000  Loss: 0.057373 Regul: 0.016261 Obj: 0.073634 (0.065098)  NNZ: 13 (13)  Ttime: 1.3997 Vtime: 0.0514
Step: 6000000  Loss: 0.057657 Regul: 0.024860 Obj: 0.082517 (0.065098)  NNZ: 17 (13)  Ttime: 1.3942 Vtime: 0.0517
Step: 6100000  Loss: 0.052974 Regul: 0.018338 Obj: 0.071312 (0.065098)  NNZ: 13 (13)  Ttime: 1.3939 Vtime: 0.0512
Step: 6200000  Loss: 0.054694 Regul: 0.017762 Obj: 0.072456 (0.065098)  NNZ: 18 (13)  Ttime: 1.4002 Vtime: 0.0515
Best: 6300000  Loss: 0.050677 Regul: 0.013656 Obj: 0.064333 (0.064333)  NNZ: 15 (15)  Ttime: 1.3937 Vtime: 0.0516
Stat: nPR #100 (#120) Dim/MaxDim [800/640] AUC: 0.980185 FPR95: 10.23
Step: 6400000  Loss: 0.060895 Regul: 0.013303 Obj: 0.074199 (0.064333)  NNZ: 12 (15)  Ttime: 1.4000 Vtime: 0.0514
Step: 6500000  Loss: 0.070168 Regul: 0.015527 Obj: 0.085695 (0.064333)  NNZ: 18 (15)  Ttime: 1.3969 Vtime: 0.0521
Step: 6600000  Loss: 0.055416 Regul: 0.015282 Obj: 0.070698 (0.064333)  NNZ: 12 (15)  Ttime: 1.3969 Vtime: 0.0518
Step: 6700000  Loss: 0.054531 Regul: 0.012073 Obj: 0.066604 (0.064333)  NNZ: 13 (15)  Ttime: 1.3971 Vtime: 0.0516
Step: 6800000  Loss: 0.065763 Regul: 0.022369 Obj: 0.088132 (0.064333)  NNZ: 20 (15)  Ttime: 1.3915 Vtime: 0.0517
Step: 6900000  Loss: 0.051195 Regul: 0.015423 Obj: 0.066618 (0.064333)  NNZ: 15 (15)  Ttime: 1.3968 Vtime: 0.0515
Step: 7000000  Loss: 0.061784 Regul: 0.015788 Obj: 0.077573 (0.064333)  NNZ: 14 (15)  Ttime: 1.3951 Vtime: 0.0512
Step: 7100000  Loss: 0.055392 Regul: 0.022887 Obj: 0.078279 (0.064333)  NNZ: 21 (15)  Ttime: 1.3971 Vtime: 0.0519
Step: 7200000  Loss: 0.065946 Regul: 0.015287 Obj: 0.081233 (0.064333)  NNZ: 13 (15)  Ttime: 1.3947 Vtime: 0.0521
Step: 7300000  Loss: 0.052060 Regul: 0.016412 Obj: 0.068472 (0.064333)  NNZ: 14 (15)  Ttime: 1.3973 Vtime: 0.0512
Step: 7400000  Loss: 0.064669 Regul: 0.015563 Obj: 0.080232 (0.064333)  NNZ: 19 (15)  Ttime: 1.4045 Vtime: 0.0510
Step: 7500000  Loss: 0.073871 Regul: 0.008626 Obj: 0.082497 (0.064333)  NNZ: 11 (15)  Ttime: 1.3967 Vtime: 0.0515
Step: 7600000  Loss: 0.056806 Regul: 0.016402 Obj: 0.073207 (0.064333)  NNZ: 14 (15)  Ttime: 1.3963 Vtime: 0.0514
Step: 7700000  Loss: 0.050250 Regul: 0.017104 Obj: 0.067354 (0.064333)  NNZ: 17 (15)  Ttime: 1.3953 Vtime: 0.0519
Best: 7800000  Loss: 0.050975 Regul: 0.011736 Obj: 0.062711 (0.062711)  NNZ: 13 (13)  Ttime: 1.3978 Vtime: 0.0520
Stat: nPR #100 (#104) Dim/MaxDim [800/640] AUC: 0.980462 FPR95: 10.00
Step: 7900000  Loss: 0.054847 Regul: 0.013338 Obj: 0.068185 (0.062711)  NNZ: 15 (13)  Ttime: 1.3951 Vtime: 0.0516
Step: 8000000  Loss: 0.051839 Regul: 0.012790 Obj: 0.064629 (0.062711)  NNZ: 13 (13)  Ttime: 1.3936 Vtime: 0.0513
Step: 8100000  Loss: 0.051672 Regul: 0.013348 Obj: 0.065020 (0.062711)  NNZ: 15 (13)  Ttime: 1.3971 Vtime: 0.0523
Step: 8200000  Loss: 0.051081 Regul: 0.013773 Obj: 0.064855 (0.062711)  NNZ: 18 (13)  Ttime: 1.4007 Vtime: 0.0517
Step: 8300000  Loss: 0.055692 Regul: 0.011478 Obj: 0.067170 (0.062711)  NNZ: 12 (13)  Ttime: 1.4031 Vtime: 0.0512
Step: 8400000  Loss: 0.060754 Regul: 0.014775 Obj: 0.075529 (0.062711)  NNZ: 15 (13)  Ttime: 1.3920 Vtime: 0.0514
Step: 8500000  Loss: 0.057384 Regul: 0.018338 Obj: 0.075722 (0.062711)  NNZ: 18 (13)  Ttime: 1.3936 Vtime: 0.0512
Step: 8600000  Loss: 0.051751 Regul: 0.014295 Obj: 0.066046 (0.062711)  NNZ: 14 (13)  Ttime: 1.3976 Vtime: 0.0517
Step: 8700000  Loss: 0.051261 Regul: 0.013387 Obj: 0.064648 (0.062711)  NNZ: 16 (13)  Ttime: 1.3938 Vtime: 0.0515
Step: 8800000  Loss: 0.057076 Regul: 0.010482 Obj: 0.067558 (0.062711)  NNZ: 15 (13)  Ttime: 1.3949 Vtime: 0.0511
Step: 8900000  Loss: 0.051166 Regul: 0.017101 Obj: 0.068266 (0.062711)  NNZ: 16 (13)  Ttime: 1.3965 Vtime: 0.0516
Step: 9000000  Loss: 0.056488 Regul: 0.015270 Obj: 0.071758 (0.062711)  NNZ: 16 (13)  Ttime: 1.3935 Vtime: 0.0517
Step: 9100000  Loss: 0.055730 Regul: 0.012858 Obj: 0.068588 (0.062711)  NNZ: 13 (13)  Ttime: 1.3960 Vtime: 0.0519
Best: 9200000  Loss: 0.049244 Regul: 0.012937 Obj: 0.062181 (0.062181)  NNZ: 14 (14)  Ttime: 1.3961 Vtime: 0.0522
Stat: nPR #100 (#112) Dim/MaxDim [800/640] AUC: 0.980920 FPR95: 9.64
Step: 9300000  Loss: 0.050024 Regul: 0.013307 Obj: 0.063331 (0.062181)  NNZ: 16 (14)  Ttime: 1.3944 Vtime: 0.0515
Step: 9400000  Loss: 0.051953 Regul: 0.014427 Obj: 0.066381 (0.062181)  NNZ: 13 (14)  Ttime: 1.3946 Vtime: 0.0520
Step: 9500000  Loss: 0.051239 Regul: 0.016979 Obj: 0.068219 (0.062181)  NNZ: 20 (14)  Ttime: 1.4021 Vtime: 0.0516
Step: 9600000  Loss: 0.050326 Regul: 0.014519 Obj: 0.064845 (0.062181)  NNZ: 19 (14)  Ttime: 1.3958 Vtime: 0.0513
Step: 9700000  Loss: 0.052888 Regul: 0.010588 Obj: 0.063476 (0.062181)  NNZ: 9 (14)  Ttime: 1.3918 Vtime: 0.0516
Step: 9800000  Loss: 0.055668 Regul: 0.011987 Obj: 0.067655 (0.062181)  NNZ: 14 (14)  Ttime: 1.4012 Vtime: 0.0509
Step: 9900000  Loss: 0.054490 Regul: 0.017941 Obj: 0.072430 (0.062181)  NNZ: 18 (14)  Ttime: 1.3979 Vtime: 0.0515
Step: 10000000  Loss: 0.052012 Regul: 0.010618 Obj: 0.062629 (0.062181)  NNZ: 13 (14)  Ttime: 1.3964 Vtime: 0.0513
Best: 10100000  Loss: 0.050869 Regul: 0.010905 Obj: 0.061775 (0.061775)  NNZ: 15 (15)  Ttime: 1.4040 Vtime: 0.0504
Stat: nPR #96 (#120) Dim/MaxDim [768/640] AUC: 0.980563 FPR95: 10.05
Step: 10200000  Loss: 0.051070 Regul: 0.012427 Obj: 0.063497 (0.061775)  NNZ: 17 (15)  Ttime: 1.3981 Vtime: 0.0518
Step: 10300000  Loss: 0.050370 Regul: 0.014912 Obj: 0.065282 (0.061775)  NNZ: 16 (15)  Ttime: 1.3998 Vtime: 0.0510
Step: 10400000  Loss: 0.071880 Regul: 0.013008 Obj: 0.084888 (0.061775)  NNZ: 14 (15)  Ttime: 1.3934 Vtime: 0.0511
Step: 10500000  Loss: 0.055059 Regul: 0.009708 Obj: 0.064767 (0.061775)  NNZ: 12 (15)  Ttime: 1.3946 Vtime: 0.0511
Step: 10600000  Loss: 0.057515 Regul: 0.011826 Obj: 0.069341 (0.061775)  NNZ: 20 (15)  Ttime: 1.3933 Vtime: 0.0512
Step: 10700000  Loss: 0.062846 Regul: 0.009113 Obj: 0.071958 (0.061775)  NNZ: 9 (15)  Ttime: 1.3963 Vtime: 0.0513
Step: 10800000  Loss: 0.050283 Regul: 0.013964 Obj: 0.064247 (0.061775)  NNZ: 15 (15)  Ttime: 1.3948 Vtime: 0.0507
Step: 10900000  Loss: 0.055120 Regul: 0.013525 Obj: 0.068645 (0.061775)  NNZ: 14 (15)  Ttime: 1.3919 Vtime: 0.0514
Step: 11000000  Loss: 0.057979 Regul: 0.011094 Obj: 0.069073 (0.061775)  NNZ: 13 (15)  Ttime: 1.3958 Vtime: 0.0517
Step: 11100000  Loss: 0.051783 Regul: 0.012223 Obj: 0.064006 (0.061775)  NNZ: 18 (15)  Ttime: 1.3944 Vtime: 0.0518
Step: 11200000  Loss: 0.058692 Regul: 0.013058 Obj: 0.071750 (0.061775)  NNZ: 12 (15)  Ttime: 1.3952 Vtime: 0.0512
Step: 11300000  Loss: 0.062354 Regul: 0.014144 Obj: 0.076498 (0.061775)  NNZ: 16 (15)  Ttime: 1.3934 Vtime: 0.0514
Step: 11400000  Loss: 0.055977 Regul: 0.013757 Obj: 0.069734 (0.061775)  NNZ: 17 (15)  Ttime: 1.3945 Vtime: 0.0511
Step: 11500000  Loss: 0.059640 Regul: 0.013714 Obj: 0.073354 (0.061775)  NNZ: 21 (15)  Ttime: 1.3968 Vtime: 0.0513
Best: 11600000  Loss: 0.048954 Regul: 0.012807 Obj: 0.061760 (0.061760)  NNZ: 19 (19)  Ttime: 1.3943 Vtime: 0.0516
Stat: nPR #132 (#152) Dim/MaxDim [1056/640] AUC: 0.981145 FPR95: 9.48
Step: 11700000  Loss: 0.058181 Regul: 0.014220 Obj: 0.072401 (0.061760)  NNZ: 14 (19)  Ttime: 1.3950 Vtime: 0.0513
Step: 11800000  Loss: 0.051178 Regul: 0.012350 Obj: 0.063527 (0.061760)  NNZ: 12 (19)  Ttime: 1.3957 Vtime: 0.0521
Step: 11900000  Loss: 0.051899 Regul: 0.015754 Obj: 0.067653 (0.061760)  NNZ: 19 (19)  Ttime: 1.3948 Vtime: 0.0510
Step: 12000000  Loss: 0.060871 Regul: 0.018066 Obj: 0.078938 (0.061760)  NNZ: 17 (19)  Ttime: 1.3981 Vtime: 0.0513
Step: 12100000  Loss: 0.059690 Regul: 0.016828 Obj: 0.076518 (0.061760)  NNZ: 16 (19)  Ttime: 1.3976 Vtime: 0.0519
Step: 12200000  Loss: 0.057852 Regul: 0.014780 Obj: 0.072632 (0.061760)  NNZ: 18 (19)  Ttime: 1.3953 Vtime: 0.0515
Step: 12300000  Loss: 0.049795 Regul: 0.016366 Obj: 0.066161 (0.061760)  NNZ: 23 (19)  Ttime: 1.3954 Vtime: 0.0515
Step: 12400000  Loss: 0.063833 Regul: 0.016979 Obj: 0.080812 (0.061760)  NNZ: 20 (19)  Ttime: 1.3945 Vtime: 0.0511
Step: 12500000  Loss: 0.049066 Regul: 0.013078 Obj: 0.062145 (0.061760)  NNZ: 15 (19)  Ttime: 1.3963 Vtime: 0.0519
Step: 12600000  Loss: 0.060451 Regul: 0.010370 Obj: 0.070821 (0.061760)  NNZ: 14 (19)  Ttime: 1.3923 Vtime: 0.0517
Step: 12700000  Loss: 0.053988 Regul: 0.018192 Obj: 0.072181 (0.061760)  NNZ: 15 (19)  Ttime: 1.4039 Vtime: 0.0517
Step: 12800000  Loss: 0.052147 Regul: 0.015517 Obj: 0.067664 (0.061760)  NNZ: 21 (19)  Ttime: 1.3956 Vtime: 0.0516
Step: 12900000  Loss: 0.058409 Regul: 0.017584 Obj: 0.075994 (0.061760)  NNZ: 17 (19)  Ttime: 1.3969 Vtime: 0.0514
Step: 13000000  Loss: 0.054720 Regul: 0.016812 Obj: 0.071532 (0.061760)  NNZ: 16 (19)  Ttime: 1.3942 Vtime: 0.0518
Step: 13100000  Loss: 0.050714 Regul: 0.016350 Obj: 0.067064 (0.061760)  NNZ: 18 (19)  Ttime: 1.3968 Vtime: 0.0520
Step: 13200000  Loss: 0.058247 Regul: 0.016179 Obj: 0.074426 (0.061760)  NNZ: 20 (19)  Ttime: 1.3996 Vtime: 0.0515
Step: 13300000  Loss: 0.051442 Regul: 0.012447 Obj: 0.063888 (0.061760)  NNZ: 16 (19)  Ttime: 1.3947 Vtime: 0.0514
Step: 13400000  Loss: 0.053096 Regul: 0.016451 Obj: 0.069546 (0.061760)  NNZ: 20 (19)  Ttime: 1.3909 Vtime: 0.0513
Step: 13500000  Loss: 0.059462 Regul: 0.013315 Obj: 0.072777 (0.061760)  NNZ: 14 (19)  Ttime: 1.3922 Vtime: 0.0507
Step: 13600000  Loss: 0.050412 Regul: 0.013626 Obj: 0.064038 (0.061760)  NNZ: 15 (19)  Ttime: 1.3946 Vtime: 0.0510
Step: 13700000  Loss: 0.051888 Regul: 0.015498 Obj: 0.067387 (0.061760)  NNZ: 13 (19)  Ttime: 1.3921 Vtime: 0.0509
Step: 13800000  Loss: 0.052434 Regul: 0.013863 Obj: 0.066296 (0.061760)  NNZ: 17 (19)  Ttime: 1.3966 Vtime: 0.0516
Step: 13900000  Loss: 0.055475 Regul: 0.016695 Obj: 0.072170 (0.061760)  NNZ: 17 (19)  Ttime: 1.3956 Vtime: 0.0519
Step: 14000000  Loss: 0.063899 Regul: 0.013766 Obj: 0.077666 (0.061760)  NNZ: 16 (19)  Ttime: 1.3963 Vtime: 0.0505
Step: 14100000  Loss: 0.057199 Regul: 0.012941 Obj: 0.070140 (0.061760)  NNZ: 19 (19)  Ttime: 1.3958 Vtime: 0.0518
Step: 14200000  Loss: 0.052940 Regul: 0.013412 Obj: 0.066353 (0.061760)  NNZ: 16 (19)  Ttime: 1.3981 Vtime: 0.0512
Step: 14300000  Loss: 0.054165 Regul: 0.010844 Obj: 0.065009 (0.061760)  NNZ: 19 (19)  Ttime: 1.4005 Vtime: 0.0523
Step: 14400000  Loss: 0.051879 Regul: 0.015854 Obj: 0.067733 (0.061760)  NNZ: 17 (19)  Ttime: 1.3992 Vtime: 0.0517
Step: 14500000  Loss: 0.054525 Regul: 0.012411 Obj: 0.066936 (0.061760)  NNZ: 20 (19)  Ttime: 1.3930 Vtime: 0.0514
Step: 14600000  Loss: 0.052297 Regul: 0.017461 Obj: 0.069758 (0.061760)  NNZ: 19 (19)  Ttime: 1.3965 Vtime: 0.0513
Step: 14700000  Loss: 0.050878 Regul: 0.016458 Obj: 0.067336 (0.061760)  NNZ: 17 (19)  Ttime: 1.3936 Vtime: 0.0522
Step: 14800000  Loss: 0.055933 Regul: 0.011217 Obj: 0.067150 (0.061760)  NNZ: 15 (19)  Ttime: 1.4504 Vtime: 0.0521
Step: 14900000  Loss: 0.063609 Regul: 0.013686 Obj: 0.077295 (0.061760)  NNZ: 14 (19)  Ttime: 1.3921 Vtime: 0.0516
Step: 15000000  Loss: 0.068585 Regul: 0.019398 Obj: 0.087983 (0.061760)  NNZ: 22 (19)  Ttime: 1.4063 Vtime: 0.0520
Step: 15100000  Loss: 0.049137 Regul: 0.014687 Obj: 0.063824 (0.061760)  NNZ: 19 (19)  Ttime: 1.3935 Vtime: 0.0510
Step: 15200000  Loss: 0.056861 Regul: 0.009410 Obj: 0.066271 (0.061760)  NNZ: 12 (19)  Ttime: 1.3921 Vtime: 0.0518
Step: 15300000  Loss: 0.050863 Regul: 0.018991 Obj: 0.069854 (0.061760)  NNZ: 20 (19)  Ttime: 1.4049 Vtime: 0.0521
Step: 15400000  Loss: 0.050915 Regul: 0.012157 Obj: 0.063072 (0.061760)  NNZ: 19 (19)  Ttime: 1.3943 Vtime: 0.0519
Step: 15500000  Loss: 0.055494 Regul: 0.013467 Obj: 0.068961 (0.061760)  NNZ: 18 (19)  Ttime: 1.3963 Vtime: 0.0524
Step: 15600000  Loss: 0.057065 Regul: 0.012134 Obj: 0.069199 (0.061760)  NNZ: 16 (19)  Ttime: 1.3976 Vtime: 0.0527
Step: 15700000  Loss: 0.057561 Regul: 0.014352 Obj: 0.071913 (0.061760)  NNZ: 21 (19)  Ttime: 1.3966 Vtime: 0.0517
Step: 15800000  Loss: 0.072769 Regul: 0.011613 Obj: 0.084383 (0.061760)  NNZ: 14 (19)  Ttime: 1.3950 Vtime: 0.0514
Step: 15900000  Loss: 0.057934 Regul: 0.015953 Obj: 0.073887 (0.061760)  NNZ: 26 (19)  Ttime: 1.3930 Vtime: 0.0514
Step: 16000000  Loss: 0.058903 Regul: 0.014365 Obj: 0.073268 (0.061760)  NNZ: 17 (19)  Ttime: 1.3960 Vtime: 0.0515
Step: 16100000  Loss: 0.066555 Regul: 0.009502 Obj: 0.076056 (0.061760)  NNZ: 13 (19)  Ttime: 1.3958 Vtime: 0.0520
Step: 16200000  Loss: 0.059301 Regul: 0.013683 Obj: 0.072984 (0.061760)  NNZ: 17 (19)  Ttime: 1.3927 Vtime: 0.0504
Step: 16300000  Loss: 0.056221 Regul: 0.016019 Obj: 0.072239 (0.061760)  NNZ: 21 (19)  Ttime: 1.3966 Vtime: 0.0515
Step: 16400000  Loss: 0.050012 Regul: 0.014638 Obj: 0.064650 (0.061760)  NNZ: 21 (19)  Ttime: 1.3951 Vtime: 0.0515
Step: 16500000  Loss: 0.051987 Regul: 0.014285 Obj: 0.066272 (0.061760)  NNZ: 19 (19)  Ttime: 1.4036 Vtime: 0.0518
Step: 16600000  Loss: 0.048380 Regul: 0.013988 Obj: 0.062368 (0.061760)  NNZ: 21 (19)  Ttime: 1.3969 Vtime: 0.0516
Step: 16700000  Loss: 0.057108 Regul: 0.015022 Obj: 0.072130 (0.061760)  NNZ: 19 (19)  Ttime: 1.3959 Vtime: 0.0513
Step: 16800000  Loss: 0.058238 Regul: 0.017291 Obj: 0.075529 (0.061760)  NNZ: 25 (19)  Ttime: 1.3958 Vtime: 0.0508
Step: 16900000  Loss: 0.050141 Regul: 0.012988 Obj: 0.063130 (0.061760)  NNZ: 16 (19)  Ttime: 1.3941 Vtime: 0.0518
Step: 17000000  Loss: 0.051995 Regul: 0.011441 Obj: 0.063436 (0.061760)  NNZ: 17 (19)  Ttime: 1.3985 Vtime: 0.0512
Step: 17100000  Loss: 0.052030 Regul: 0.013608 Obj: 0.065637 (0.061760)  NNZ: 16 (19)  Ttime: 1.3924 Vtime: 0.0518
Step: 17200000  Loss: 0.050988 Regul: 0.013326 Obj: 0.064314 (0.061760)  NNZ: 17 (19)  Ttime: 1.3942 Vtime: 0.0515
Step: 17300000  Loss: 0.053461 Regul: 0.017021 Obj: 0.070482 (0.061760)  NNZ: 18 (19)  Ttime: 1.3953 Vtime: 0.0519
Step: 17400000  Loss: 0.053857 Regul: 0.015623 Obj: 0.069481 (0.061760)  NNZ: 23 (19)  Ttime: 1.3968 Vtime: 0.0509
Step: 17500000  Loss: 0.055084 Regul: 0.011311 Obj: 0.066396 (0.061760)  NNZ: 13 (19)  Ttime: 1.3968 Vtime: 0.0518
Step: 17600000  Loss: 0.049823 Regul: 0.014603 Obj: 0.064425 (0.061760)  NNZ: 19 (19)  Ttime: 1.3943 Vtime: 0.0515
Step: 17700000  Loss: 0.049526 Regul: 0.013260 Obj: 0.062786 (0.061760)  NNZ: 22 (19)  Ttime: 1.3960 Vtime: 0.0510
Step: 17800000  Loss: 0.060928 Regul: 0.017279 Obj: 0.078207 (0.061760)  NNZ: 21 (19)  Ttime: 1.3941 Vtime: 0.0514
Step: 17900000  Loss: 0.084292 Regul: 0.013876 Obj: 0.098168 (0.061760)  NNZ: 20 (19)  Ttime: 1.3957 Vtime: 0.0516
Step: 18000000  Loss: 0.050755 Regul: 0.013608 Obj: 0.064363 (0.061760)  NNZ: 17 (19)  Ttime: 1.3940 Vtime: 0.0521
Step: 18100000  Loss: 0.051636 Regul: 0.010254 Obj: 0.061889 (0.061760)  NNZ: 15 (19)  Ttime: 1.3967 Vtime: 0.0520
Step: 18200000  Loss: 0.050847 Regul: 0.014404 Obj: 0.065251 (0.061760)  NNZ: 20 (19)  Ttime: 1.3948 Vtime: 0.0513
Step: 18300000  Loss: 0.052827 Regul: 0.015013 Obj: 0.067840 (0.061760)  NNZ: 19 (19)  Ttime: 1.3948 Vtime: 0.0527
Step: 18400000  Loss: 0.055445 Regul: 0.011057 Obj: 0.066501 (0.061760)  NNZ: 16 (19)  Ttime: 1.3999 Vtime: 0.0508
Step: 18500000  Loss: 0.054336 Regul: 0.014143 Obj: 0.068479 (0.061760)  NNZ: 23 (19)  Ttime: 1.3941 Vtime: 0.0520
Step: 18600000  Loss: 0.073564 Regul: 0.015021 Obj: 0.088584 (0.061760)  NNZ: 25 (19)  Ttime: 1.3940 Vtime: 0.0511
Step: 18700000  Loss: 0.057510 Regul: 0.015341 Obj: 0.072851 (0.061760)  NNZ: 21 (19)  Ttime: 1.3973 Vtime: 0.0514
Step: 18800000  Loss: 0.053850 Regul: 0.011140 Obj: 0.064990 (0.061760)  NNZ: 14 (19)  Ttime: 1.3950 Vtime: 0.0518
Step: 18900000  Loss: 0.056140 Regul: 0.011449 Obj: 0.067588 (0.061760)  NNZ: 19 (19)  Ttime: 1.3928 Vtime: 0.0517
Step: 19000000  Loss: 0.054270 Regul: 0.009447 Obj: 0.063717 (0.061760)  NNZ: 14 (19)  Ttime: 1.3944 Vtime: 0.0514
Step: 19100000  Loss: 0.052438 Regul: 0.018755 Obj: 0.071192 (0.061760)  NNZ: 18 (19)  Ttime: 1.4038 Vtime: 0.0517
Step: 19200000  Loss: 0.053912 Regul: 0.011005 Obj: 0.064916 (0.061760)  NNZ: 13 (19)  Ttime: 1.3939 Vtime: 0.0522
Step: 19300000  Loss: 0.051324 Regul: 0.011040 Obj: 0.062364 (0.061760)  NNZ: 15 (19)  Ttime: 1.3938 Vtime: 0.0517
Step: 19400000  Loss: 0.056196 Regul: 0.015076 Obj: 0.071272 (0.061760)  NNZ: 22 (19)  Ttime: 1.3977 Vtime: 0.0516
Step: 19500000  Loss: 0.071393 Regul: 0.010991 Obj: 0.082384 (0.061760)  NNZ: 16 (19)  Ttime: 1.3938 Vtime: 0.0513
Step: 19600000  Loss: 0.049373 Regul: 0.015001 Obj: 0.064374 (0.061760)  NNZ: 18 (19)  Ttime: 1.3945 Vtime: 0.0515
Step: 19700000  Loss: 0.054373 Regul: 0.012227 Obj: 0.066600 (0.061760)  NNZ: 16 (19)  Ttime: 1.3925 Vtime: 0.0513
Step: 19800000  Loss: 0.051936 Regul: 0.015578 Obj: 0.067514 (0.061760)  NNZ: 20 (19)  Ttime: 1.3954 Vtime: 0.0512
Step: 19900000  Loss: 0.056851 Regul: 0.011145 Obj: 0.067996 (0.061760)  NNZ: 15 (19)  Ttime: 1.3921 Vtime: 0.0513
Step: 20000000  Loss: 0.060922 Regul: 0.012291 Obj: 0.073213 (0.061760)  NNZ: 13 (19)  Ttime: 1.3930 Vtime: 0.0516
Step: 20100000  Loss: 0.057631 Regul: 0.013776 Obj: 0.071406 (0.061760)  NNZ: 17 (19)  Ttime: 1.3970 Vtime: 0.0515
Best: 20200000  Loss: 0.052002 Regul: 0.009586 Obj: 0.061588 (0.061588)  NNZ: 18 (18)  Ttime: 1.3937 Vtime: 0.0517
Stat: nPR #112 (#144) Dim/MaxDim [896/640] AUC: 0.980837 FPR95: 9.71
Step: 20300000  Loss: 0.052224 Regul: 0.010519 Obj: 0.062743 (0.061588)  NNZ: 16 (18)  Ttime: 1.3972 Vtime: 0.0515
Step: 20400000  Loss: 0.063472 Regul: 0.010141 Obj: 0.073613 (0.061588)  NNZ: 18 (18)  Ttime: 1.3958 Vtime: 0.0514
Step: 20500000  Loss: 0.055022 Regul: 0.009167 Obj: 0.064189 (0.061588)  NNZ: 14 (18)  Ttime: 1.3944 Vtime: 0.0512
Step: 20600000  Loss: 0.051684 Regul: 0.010454 Obj: 0.062137 (0.061588)  NNZ: 21 (18)  Ttime: 1.3947 Vtime: 0.0519
Step: 20700000  Loss: 0.055842 Regul: 0.010097 Obj: 0.065939 (0.061588)  NNZ: 14 (18)  Ttime: 1.3961 Vtime: 0.0511
Step: 20800000  Loss: 0.055795 Regul: 0.011931 Obj: 0.067726 (0.061588)  NNZ: 14 (18)  Ttime: 1.3944 Vtime: 0.0508
Step: 20900000  Loss: 0.052621 Regul: 0.012593 Obj: 0.065214 (0.061588)  NNZ: 16 (18)  Ttime: 1.3935 Vtime: 0.0522
Step: 21000000  Loss: 0.051234 Regul: 0.014439 Obj: 0.065673 (0.061588)  NNZ: 19 (18)  Ttime: 1.3952 Vtime: 0.0514
Best: 21100000  Loss: 0.048547 Regul: 0.012674 Obj: 0.061221 (0.061221)  NNZ: 19 (19)  Ttime: 1.3972 Vtime: 0.0522
Stat: nPR #124 (#152) Dim/MaxDim [992/640] AUC: 0.981203 FPR95: 9.42
Step: 21200000  Loss: 0.050616 Regul: 0.016046 Obj: 0.066662 (0.061221)  NNZ: 17 (19)  Ttime: 1.3998 Vtime: 0.0518
Step: 21300000  Loss: 0.050388 Regul: 0.013937 Obj: 0.064325 (0.061221)  NNZ: 18 (19)  Ttime: 1.3963 Vtime: 0.0518
Step: 21400000  Loss: 0.053411 Regul: 0.014566 Obj: 0.067977 (0.061221)  NNZ: 15 (19)  Ttime: 1.3933 Vtime: 0.0514
Step: 21500000  Loss: 0.049953 Regul: 0.013544 Obj: 0.063497 (0.061221)  NNZ: 17 (19)  Ttime: 1.3929 Vtime: 0.0510
Step: 21600000  Loss: 0.064628 Regul: 0.013072 Obj: 0.077700 (0.061221)  NNZ: 18 (19)  Ttime: 1.3943 Vtime: 0.0521
Step: 21700000  Loss: 0.051710 Regul: 0.013022 Obj: 0.064731 (0.061221)  NNZ: 21 (19)  Ttime: 1.3937 Vtime: 0.0519
Step: 21800000  Loss: 0.050325 Regul: 0.011810 Obj: 0.062135 (0.061221)  NNZ: 18 (19)  Ttime: 1.3969 Vtime: 0.0517
Step: 21900000  Loss: 0.053177 Regul: 0.011307 Obj: 0.064484 (0.061221)  NNZ: 15 (19)  Ttime: 1.3962 Vtime: 0.0515
Step: 22000000  Loss: 0.049868 Regul: 0.012752 Obj: 0.062620 (0.061221)  NNZ: 17 (19)  Ttime: 1.4016 Vtime: 0.0516
Step: 22100000  Loss: 0.058089 Regul: 0.008495 Obj: 0.066584 (0.061221)  NNZ: 12 (19)  Ttime: 1.4062 Vtime: 0.0519
Step: 22200000  Loss: 0.052434 Regul: 0.012419 Obj: 0.064853 (0.061221)  NNZ: 14 (19)  Ttime: 1.4687 Vtime: 0.0517
Step: 22300000  Loss: 0.051725 Regul: 0.013496 Obj: 0.065221 (0.061221)  NNZ: 17 (19)  Ttime: 1.3975 Vtime: 0.0512
Step: 22400000  Loss: 0.053387 Regul: 0.011296 Obj: 0.064684 (0.061221)  NNZ: 17 (19)  Ttime: 1.3960 Vtime: 0.0516
Step: 22500000  Loss: 0.053279 Regul: 0.010107 Obj: 0.063386 (0.061221)  NNZ: 16 (19)  Ttime: 1.4018 Vtime: 0.0517
Step: 22600000  Loss: 0.053415 Regul: 0.013634 Obj: 0.067048 (0.061221)  NNZ: 25 (19)  Ttime: 1.3944 Vtime: 0.0514
Step: 22700000  Loss: 0.060181 Regul: 0.010992 Obj: 0.071174 (0.061221)  NNZ: 15 (19)  Ttime: 1.3961 Vtime: 0.0510
Step: 22800000  Loss: 0.052951 Regul: 0.011166 Obj: 0.064117 (0.061221)  NNZ: 20 (19)  Ttime: 1.3914 Vtime: 0.0514
Step: 22900000  Loss: 0.069715 Regul: 0.010384 Obj: 0.080098 (0.061221)  NNZ: 18 (19)  Ttime: 1.4000 Vtime: 0.0507
Step: 23000000  Loss: 0.057366 Regul: 0.008580 Obj: 0.065946 (0.061221)  NNZ: 16 (19)  Ttime: 1.4017 Vtime: 0.0516
Step: 23100000  Loss: 0.056407 Regul: 0.010004 Obj: 0.066411 (0.061221)  NNZ: 11 (19)  Ttime: 1.3968 Vtime: 0.0515
Step: 23200000  Loss: 0.063101 Regul: 0.009209 Obj: 0.072310 (0.061221)  NNZ: 11 (19)  Ttime: 1.4037 Vtime: 0.0513
Step: 23300000  Loss: 0.048937 Regul: 0.014423 Obj: 0.063360 (0.061221)  NNZ: 18 (19)  Ttime: 1.3938 Vtime: 0.0518
Step: 23400000  Loss: 0.051855 Regul: 0.010251 Obj: 0.062105 (0.061221)  NNZ: 16 (19)  Ttime: 1.3988 Vtime: 0.0518
Step: 23500000  Loss: 0.052890 Regul: 0.012816 Obj: 0.065706 (0.061221)  NNZ: 17 (19)  Ttime: 1.3972 Vtime: 0.0518
Step: 23600000  Loss: 0.055986 Regul: 0.015060 Obj: 0.071046 (0.061221)  NNZ: 17 (19)  Ttime: 1.3981 Vtime: 0.0522
Step: 23700000  Loss: 0.052930 Regul: 0.013205 Obj: 0.066135 (0.061221)  NNZ: 18 (19)  Ttime: 1.3942 Vtime: 0.0518
Step: 23800000  Loss: 0.050041 Regul: 0.013020 Obj: 0.063061 (0.061221)  NNZ: 18 (19)  Ttime: 1.3986 Vtime: 0.0515
Step: 23900000  Loss: 0.050110 Regul: 0.011906 Obj: 0.062017 (0.061221)  NNZ: 14 (19)  Ttime: 1.4112 Vtime: 0.0509
Step: 24000000  Loss: 0.049838 Regul: 0.013751 Obj: 0.063589 (0.061221)  NNZ: 19 (19)  Ttime: 1.3958 Vtime: 0.0519
Step: 24100000  Loss: 0.054420 Regul: 0.009583 Obj: 0.064003 (0.061221)  NNZ: 17 (19)  Ttime: 1.4023 Vtime: 0.0513
Step: 24200000  Loss: 0.051990 Regul: 0.011987 Obj: 0.063978 (0.061221)  NNZ: 15 (19)  Ttime: 1.3988 Vtime: 0.0518
Step: 24300000  Loss: 0.055318 Regul: 0.014311 Obj: 0.069629 (0.061221)  NNZ: 18 (19)  Ttime: 1.3948 Vtime: 0.0517
Step: 24400000  Loss: 0.050986 Regul: 0.012465 Obj: 0.063450 (0.061221)  NNZ: 17 (19)  Ttime: 1.3950 Vtime: 0.0512
Step: 24500000  Loss: 0.052599 Regul: 0.008949 Obj: 0.061548 (0.061221)  NNZ: 18 (19)  Ttime: 1.3979 Vtime: 0.0514
Step: 24600000  Loss: 0.054438 Regul: 0.012965 Obj: 0.067403 (0.061221)  NNZ: 20 (19)  Ttime: 1.3950 Vtime: 0.0508
Step: 24700000  Loss: 0.059951 Regul: 0.014420 Obj: 0.074371 (0.061221)  NNZ: 21 (19)  Ttime: 1.3928 Vtime: 0.0515
Step: 24800000  Loss: 0.052295 Regul: 0.012892 Obj: 0.065187 (0.061221)  NNZ: 16 (19)  Ttime: 1.4078 Vtime: 0.0518
Step: 24900000  Loss: 0.050172 Regul: 0.017404 Obj: 0.067576 (0.061221)  NNZ: 20 (19)  Ttime: 1.4043 Vtime: 0.0508
Step: 25000000  Loss: 0.050345 Regul: 0.012607 Obj: 0.062952 (0.061221)  NNZ: 15 (19)  Ttime: 1.3996 Vtime: 0.0519
Step: 25100000  Loss: 0.049984 Regul: 0.011795 Obj: 0.061779 (0.061221)  NNZ: 19 (19)  Ttime: 1.3960 Vtime: 0.0514
Step: 25200000  Loss: 0.054127 Regul: 0.010628 Obj: 0.064754 (0.061221)  NNZ: 14 (19)  Ttime: 1.3929 Vtime: 0.0520
Step: 25300000  Loss: 0.050359 Regul: 0.012141 Obj: 0.062500 (0.061221)  NNZ: 15 (19)  Ttime: 1.3982 Vtime: 0.0523
Step: 25400000  Loss: 0.049793 Regul: 0.013626 Obj: 0.063419 (0.061221)  NNZ: 23 (19)  Ttime: 1.3969 Vtime: 0.0519
Step: 25500000  Loss: 0.059179 Regul: 0.009753 Obj: 0.068932 (0.061221)  NNZ: 13 (19)  Ttime: 1.3949 Vtime: 0.0511
Step: 25600000  Loss: 0.053015 Regul: 0.013425 Obj: 0.066439 (0.061221)  NNZ: 15 (19)  Ttime: 1.4267 Vtime: 0.0517
Step: 25700000  Loss: 0.061340 Regul: 0.011012 Obj: 0.072353 (0.061221)  NNZ: 17 (19)  Ttime: 1.3983 Vtime: 0.0512
Step: 25800000  Loss: 0.050782 Regul: 0.014456 Obj: 0.065239 (0.061221)  NNZ: 19 (19)  Ttime: 1.3983 Vtime: 0.0513
Step: 25900000  Loss: 0.061365 Regul: 0.013048 Obj: 0.074413 (0.061221)  NNZ: 19 (19)  Ttime: 1.3976 Vtime: 0.0518
Step: 26000000  Loss: 0.064672 Regul: 0.006943 Obj: 0.071614 (0.061221)  NNZ: 16 (19)  Ttime: 1.4037 Vtime: 0.0520
Step: 26100000  Loss: 0.049364 Regul: 0.013225 Obj: 0.062588 (0.061221)  NNZ: 20 (19)  Ttime: 1.4062 Vtime: 0.0517
Step: 26200000  Loss: 0.051683 Regul: 0.013188 Obj: 0.064872 (0.061221)  NNZ: 21 (19)  Ttime: 1.4032 Vtime: 0.0512
Step: 26300000  Loss: 0.053924 Regul: 0.010481 Obj: 0.064405 (0.061221)  NNZ: 13 (19)  Ttime: 1.4045 Vtime: 0.0515
Step: 26400000  Loss: 0.053339 Regul: 0.009369 Obj: 0.062708 (0.061221)  NNZ: 14 (19)  Ttime: 1.3964 Vtime: 0.0516
Step: 26500000  Loss: 0.051693 Regul: 0.012366 Obj: 0.064058 (0.061221)  NNZ: 16 (19)  Ttime: 1.3982 Vtime: 0.0514
Step: 26600000  Loss: 0.053296 Regul: 0.011801 Obj: 0.065098 (0.061221)  NNZ: 15 (19)  Ttime: 1.4068 Vtime: 0.0515
Best: 26700000  Loss: 0.049266 Regul: 0.011420 Obj: 0.060686 (0.060686)  NNZ: 19 (19)  Ttime: 1.3985 Vtime: 0.0517
Stat: nPR #128 (#152) Dim/MaxDim [1024/640] AUC: 0.981109 FPR95: 9.53
Step: 26800000  Loss: 0.053780 Regul: 0.010841 Obj: 0.064621 (0.060686)  NNZ: 16 (19)  Ttime: 1.4035 Vtime: 0.0518
Step: 26900000  Loss: 0.055416 Regul: 0.010896 Obj: 0.066313 (0.060686)  NNZ: 14 (19)  Ttime: 1.4050 Vtime: 0.0518
Step: 27000000  Loss: 0.054939 Regul: 0.011325 Obj: 0.066264 (0.060686)  NNZ: 18 (19)  Ttime: 1.3998 Vtime: 0.0519
Step: 27100000  Loss: 0.049411 Regul: 0.012169 Obj: 0.061579 (0.060686)  NNZ: 18 (19)  Ttime: 1.3964 Vtime: 0.0517
Step: 27200000  Loss: 0.050646 Regul: 0.012273 Obj: 0.062919 (0.060686)  NNZ: 14 (19)  Ttime: 1.4018 Vtime: 0.0514
Step: 27300000  Loss: 0.051436 Regul: 0.012653 Obj: 0.064089 (0.060686)  NNZ: 22 (19)  Ttime: 1.3946 Vtime: 0.0517
Step: 27400000  Loss: 0.057346 Regul: 0.009930 Obj: 0.067276 (0.060686)  NNZ: 12 (19)  Ttime: 1.3970 Vtime: 0.0512
Step: 27500000  Loss: 0.056082 Regul: 0.008507 Obj: 0.064588 (0.060686)  NNZ: 13 (19)  Ttime: 1.3981 Vtime: 0.0516
Step: 27600000  Loss: 0.062830 Regul: 0.012360 Obj: 0.075190 (0.060686)  NNZ: 15 (19)  Ttime: 1.3979 Vtime: 0.0515
Step: 27700000  Loss: 0.065518 Regul: 0.008096 Obj: 0.073614 (0.060686)  NNZ: 11 (19)  Ttime: 1.3979 Vtime: 0.0513
Step: 27800000  Loss: 0.059410 Regul: 0.011221 Obj: 0.070632 (0.060686)  NNZ: 15 (19)  Ttime: 1.3999 Vtime: 0.0507
Step: 27900000  Loss: 0.052696 Regul: 0.009708 Obj: 0.062403 (0.060686)  NNZ: 17 (19)  Ttime: 1.3968 Vtime: 0.0518
Step: 28000000  Loss: 0.052645 Regul: 0.010303 Obj: 0.062948 (0.060686)  NNZ: 14 (19)  Ttime: 1.3978 Vtime: 0.0514
Step: 28100000  Loss: 0.052454 Regul: 0.009531 Obj: 0.061985 (0.060686)  NNZ: 16 (19)  Ttime: 1.3988 Vtime: 0.0516
Step: 28200000  Loss: 0.053064 Regul: 0.011140 Obj: 0.064205 (0.060686)  NNZ: 18 (19)  Ttime: 1.4139 Vtime: 0.0514
Step: 28300000  Loss: 0.080707 Regul: 0.013300 Obj: 0.094006 (0.060686)  NNZ: 21 (19)  Ttime: 1.4013 Vtime: 0.0510
Step: 28400000  Loss: 0.051007 Regul: 0.011002 Obj: 0.062008 (0.060686)  NNZ: 16 (19)  Ttime: 1.3987 Vtime: 0.0520
Step: 28500000  Loss: 0.049459 Regul: 0.011702 Obj: 0.061161 (0.060686)  NNZ: 14 (19)  Ttime: 1.4019 Vtime: 0.0520
Step: 28600000  Loss: 0.057002 Regul: 0.007831 Obj: 0.064833 (0.060686)  NNZ: 10 (19)  Ttime: 1.3967 Vtime: 0.0514
Step: 28700000  Loss: 0.050471 Regul: 0.010817 Obj: 0.061288 (0.060686)  NNZ: 14 (19)  Ttime: 1.3962 Vtime: 0.0517
Step: 28800000  Loss: 0.049806 Regul: 0.011261 Obj: 0.061067 (0.060686)  NNZ: 15 (19)  Ttime: 1.3951 Vtime: 0.0519
Step: 28900000  Loss: 0.048769 Regul: 0.013708 Obj: 0.062478 (0.060686)  NNZ: 21 (19)  Ttime: 1.4055 Vtime: 0.0518
Step: 29000000  Loss: 0.055072 Regul: 0.010049 Obj: 0.065121 (0.060686)  NNZ: 19 (19)  Ttime: 1.3923 Vtime: 0.0512
Step: 29100000  Loss: 0.060837 Regul: 0.008157 Obj: 0.068994 (0.060686)  NNZ: 14 (19)  Ttime: 1.3984 Vtime: 0.0514
Step: 29200000  Loss: 0.076854 Regul: 0.012564 Obj: 0.089418 (0.060686)  NNZ: 25 (19)  Ttime: 1.4104 Vtime: 0.0516
Step: 29300000  Loss: 0.055310 Regul: 0.008983 Obj: 0.064293 (0.060686)  NNZ: 16 (19)  Ttime: 1.3998 Vtime: 0.0511
Step: 29400000  Loss: 0.055818 Regul: 0.012079 Obj: 0.067897 (0.060686)  NNZ: 19 (19)  Ttime: 1.4009 Vtime: 0.0517
Step: 29500000  Loss: 0.062911 Regul: 0.013678 Obj: 0.076589 (0.060686)  NNZ: 20 (19)  Ttime: 1.3974 Vtime: 0.0514
Step: 29600000  Loss: 0.055187 Regul: 0.009061 Obj: 0.064248 (0.060686)  NNZ: 14 (19)  Ttime: 1.4068 Vtime: 0.0520
Step: 29700000  Loss: 0.053702 Regul: 0.009094 Obj: 0.062796 (0.060686)  NNZ: 17 (19)  Ttime: 1.3962 Vtime: 0.0510
Step: 29800000  Loss: 0.055293 Regul: 0.008765 Obj: 0.064058 (0.060686)  NNZ: 13 (19)  Ttime: 1.3955 Vtime: 0.0518
Step: 29900000  Loss: 0.059457 Regul: 0.009741 Obj: 0.069198 (0.060686)  NNZ: 17 (19)  Ttime: 1.3961 Vtime: 0.0513
Step: 30000000  Loss: 0.051362 Regul: 0.010730 Obj: 0.062092 (0.060686)  NNZ: 14 (19)  Ttime: 1.3983 Vtime: 0.0516
Step: 30100000  Loss: 0.051849 Regul: 0.013226 Obj: 0.065075 (0.060686)  NNZ: 22 (19)  Ttime: 1.4016 Vtime: 0.0512
Step: 30200000  Loss: 0.052982 Regul: 0.010286 Obj: 0.063268 (0.060686)  NNZ: 17 (19)  Ttime: 1.4019 Vtime: 0.0521
Step: 30300000  Loss: 0.052424 Regul: 0.012830 Obj: 0.065253 (0.060686)  NNZ: 14 (19)  Ttime: 1.4019 Vtime: 0.0520
Step: 30400000  Loss: 0.052354 Regul: 0.009935 Obj: 0.062289 (0.060686)  NNZ: 13 (19)  Ttime: 1.3936 Vtime: 0.0509
Step: 30500000  Loss: 0.056580 Regul: 0.014253 Obj: 0.070833 (0.060686)  NNZ: 16 (19)  Ttime: 1.3985 Vtime: 0.0511
Step: 30600000  Loss: 0.057612 Regul: 0.012154 Obj: 0.069765 (0.060686)  NNZ: 18 (19)  Ttime: 1.4050 Vtime: 0.0518
Step: 30700000  Loss: 0.058983 Regul: 0.009204 Obj: 0.068187 (0.060686)  NNZ: 9 (19)  Ttime: 1.3969 Vtime: 0.0518
Step: 30800000  Loss: 0.051120 Regul: 0.010698 Obj: 0.061817 (0.060686)  NNZ: 14 (19)  Ttime: 1.3981 Vtime: 0.0522
Step: 30900000  Loss: 0.051465 Regul: 0.012776 Obj: 0.064241 (0.060686)  NNZ: 17 (19)  Ttime: 1.3955 Vtime: 0.0510
Step: 31000000  Loss: 0.053170 Regul: 0.012460 Obj: 0.065630 (0.060686)  NNZ: 19 (19)  Ttime: 1.3966 Vtime: 0.0515
Step: 31100000  Loss: 0.051437 Regul: 0.012003 Obj: 0.063440 (0.060686)  NNZ: 16 (19)  Ttime: 1.3986 Vtime: 0.0514
Step: 31200000  Loss: 0.057337 Regul: 0.008371 Obj: 0.065708 (0.060686)  NNZ: 13 (19)  Ttime: 1.3970 Vtime: 0.0521
Step: 31300000  Loss: 0.055713 Regul: 0.012204 Obj: 0.067917 (0.060686)  NNZ: 19 (19)  Ttime: 1.3981 Vtime: 0.0519
Step: 31400000  Loss: 0.049902 Regul: 0.012013 Obj: 0.061915 (0.060686)  NNZ: 20 (19)  Ttime: 1.3953 Vtime: 0.0512
Step: 31500000  Loss: 0.060529 Regul: 0.009448 Obj: 0.069977 (0.060686)  NNZ: 14 (19)  Ttime: 1.3965 Vtime: 0.0510
Step: 31600000  Loss: 0.057453 Regul: 0.008015 Obj: 0.065469 (0.060686)  NNZ: 13 (19)  Ttime: 1.3980 Vtime: 0.0525
Step: 31700000  Loss: 0.064206 Regul: 0.008061 Obj: 0.072267 (0.060686)  NNZ: 17 (19)  Ttime: 1.4059 Vtime: 0.0518
Step: 31800000  Loss: 0.056580 Regul: 0.008708 Obj: 0.065288 (0.060686)  NNZ: 14 (19)  Ttime: 1.3937 Vtime: 0.0516
Step: 31900000  Loss: 0.049435 Regul: 0.011771 Obj: 0.061205 (0.060686)  NNZ: 18 (19)  Ttime: 1.3931 Vtime: 0.0511
Step: 32000000  Loss: 0.050951 Regul: 0.010030 Obj: 0.060980 (0.060686)  NNZ: 18 (19)  Ttime: 1.3979 Vtime: 0.0512
Step: 32100000  Loss: 0.052626 Regul: 0.009772 Obj: 0.062398 (0.060686)  NNZ: 14 (19)  Ttime: 1.3973 Vtime: 0.0522
Step: 32200000  Loss: 0.056949 Regul: 0.010378 Obj: 0.067327 (0.060686)  NNZ: 16 (19)  Ttime: 1.3959 Vtime: 0.0514
Step: 32300000  Loss: 0.068130 Regul: 0.007344 Obj: 0.075474 (0.060686)  NNZ: 13 (19)  Ttime: 1.4026 Vtime: 0.0522
Step: 32400000  Loss: 0.050173 Regul: 0.010979 Obj: 0.061152 (0.060686)  NNZ: 15 (19)  Ttime: 1.3981 Vtime: 0.0515
Step: 32500000  Loss: 0.055140 Regul: 0.011974 Obj: 0.067113 (0.060686)  NNZ: 13 (19)  Ttime: 1.3972 Vtime: 0.0512
Step: 32600000  Loss: 0.066386 Regul: 0.008334 Obj: 0.074720 (0.060686)  NNZ: 12 (19)  Ttime: 1.3952 Vtime: 0.0516
Step: 32700000  Loss: 0.048674 Regul: 0.014755 Obj: 0.063429 (0.060686)  NNZ: 20 (19)  Ttime: 1.3994 Vtime: 0.0512
Step: 32800000  Loss: 0.056479 Regul: 0.010080 Obj: 0.066559 (0.060686)  NNZ: 15 (19)  Ttime: 1.3985 Vtime: 0.0513
Step: 32900000  Loss: 0.051499 Regul: 0.010869 Obj: 0.062368 (0.060686)  NNZ: 12 (19)  Ttime: 1.3975 Vtime: 0.0511
Step: 33000000  Loss: 0.055537 Regul: 0.008774 Obj: 0.064310 (0.060686)  NNZ: 13 (19)  Ttime: 1.3973 Vtime: 0.0518
Step: 33100000  Loss: 0.051391 Regul: 0.010495 Obj: 0.061886 (0.060686)  NNZ: 15 (19)  Ttime: 1.3968 Vtime: 0.0514
Step: 33200000  Loss: 0.052948 Regul: 0.010655 Obj: 0.063603 (0.060686)  NNZ: 17 (19)  Ttime: 1.3960 Vtime: 0.0512
Step: 33300000  Loss: 0.057679 Regul: 0.007602 Obj: 0.065281 (0.060686)  NNZ: 12 (19)  Ttime: 1.3947 Vtime: 0.0516
Step: 33400000  Loss: 0.064095 Regul: 0.008855 Obj: 0.072950 (0.060686)  NNZ: 14 (19)  Ttime: 1.4080 Vtime: 0.0512
Step: 33500000  Loss: 0.053352 Regul: 0.009412 Obj: 0.062764 (0.060686)  NNZ: 14 (19)  Ttime: 1.3972 Vtime: 0.0516
Step: 33600000  Loss: 0.053721 Regul: 0.017702 Obj: 0.071423 (0.060686)  NNZ: 15 (19)  Ttime: 1.3963 Vtime: 0.0515
Step: 33700000  Loss: 0.053213 Regul: 0.020235 Obj: 0.073448 (0.060686)  NNZ: 25 (19)  Ttime: 1.3940 Vtime: 0.0510
Step: 33800000  Loss: 0.054506 Regul: 0.015935 Obj: 0.070441 (0.060686)  NNZ: 24 (19)  Ttime: 1.4521 Vtime: 0.0511
Step: 33900000  Loss: 0.048776 Regul: 0.014841 Obj: 0.063617 (0.060686)  NNZ: 18 (19)  Ttime: 1.3939 Vtime: 0.0515
Step: 34000000  Loss: 0.051149 Regul: 0.018355 Obj: 0.069504 (0.060686)  NNZ: 17 (19)  Ttime: 1.3919 Vtime: 0.0507
Step: 34100000  Loss: 0.051528 Regul: 0.014751 Obj: 0.066279 (0.060686)  NNZ: 13 (19)  Ttime: 1.3946 Vtime: 0.0515
Step: 34200000  Loss: 0.052121 Regul: 0.014059 Obj: 0.066181 (0.060686)  NNZ: 15 (19)  Ttime: 1.4003 Vtime: 0.0514
Step: 34300000  Loss: 0.051392 Regul: 0.014647 Obj: 0.066038 (0.060686)  NNZ: 20 (19)  Ttime: 1.3949 Vtime: 0.0512
Step: 34400000  Loss: 0.054404 Regul: 0.015103 Obj: 0.069507 (0.060686)  NNZ: 14 (19)  Ttime: 1.3971 Vtime: 0.0515
Step: 34500000  Loss: 0.052457 Regul: 0.020406 Obj: 0.072863 (0.060686)  NNZ: 20 (19)  Ttime: 1.3957 Vtime: 0.0517
Step: 34600000  Loss: 0.053527 Regul: 0.021107 Obj: 0.074634 (0.060686)  NNZ: 19 (19)  Ttime: 1.3977 Vtime: 0.0515
Step: 34700000  Loss: 0.052842 Regul: 0.013632 Obj: 0.066475 (0.060686)  NNZ: 17 (19)  Ttime: 1.3930 Vtime: 0.0510
Step: 34800000  Loss: 0.052845 Regul: 0.018764 Obj: 0.071609 (0.060686)  NNZ: 21 (19)  Ttime: 1.3978 Vtime: 0.0519
Step: 34900000  Loss: 0.053928 Regul: 0.017635 Obj: 0.071562 (0.060686)  NNZ: 16 (19)  Ttime: 1.3949 Vtime: 0.0515
Step: 35000000  Loss: 0.050920 Regul: 0.016586 Obj: 0.067507 (0.060686)  NNZ: 22 (19)  Ttime: 1.3918 Vtime: 0.0514
Step: 35100000  Loss: 0.056915 Regul: 0.021068 Obj: 0.077982 (0.060686)  NNZ: 21 (19)  Ttime: 1.3962 Vtime: 0.0509
Step: 35200000  Loss: 0.052221 Regul: 0.020824 Obj: 0.073045 (0.060686)  NNZ: 21 (19)  Ttime: 1.3919 Vtime: 0.0520
Step: 35300000  Loss: 0.051949 Regul: 0.020219 Obj: 0.072168 (0.060686)  NNZ: 19 (19)  Ttime: 1.3911 Vtime: 0.0514
Step: 35400000  Loss: 0.063114 Regul: 0.019937 Obj: 0.083051 (0.060686)  NNZ: 25 (19)  Ttime: 1.3916 Vtime: 0.0513
Step: 35500000  Loss: 0.060094 Regul: 0.021352 Obj: 0.081446 (0.060686)  NNZ: 19 (19)  Ttime: 1.3918 Vtime: 0.0514
Step: 35600000  Loss: 0.052148 Regul: 0.021146 Obj: 0.073294 (0.060686)  NNZ: 22 (19)  Ttime: 1.3935 Vtime: 0.0519
Step: 35700000  Loss: 0.059693 Regul: 0.028246 Obj: 0.087938 (0.060686)  NNZ: 28 (19)  Ttime: 1.3998 Vtime: 0.0513
Step: 35800000  Loss: 0.051075 Regul: 0.017615 Obj: 0.068690 (0.060686)  NNZ: 19 (19)  Ttime: 1.3919 Vtime: 0.0521
Step: 35900000  Loss: 0.049462 Regul: 0.016316 Obj: 0.065778 (0.060686)  NNZ: 20 (19)  Ttime: 1.3907 Vtime: 0.0521
Step: 36000000  Loss: 0.054874 Regul: 0.016452 Obj: 0.071326 (0.060686)  NNZ: 24 (19)  Ttime: 1.4043 Vtime: 0.0516
Step: 36100000  Loss: 0.050078 Regul: 0.017029 Obj: 0.067107 (0.060686)  NNZ: 22 (19)  Ttime: 1.3939 Vtime: 0.0517
Step: 36200000  Loss: 0.051635 Regul: 0.022134 Obj: 0.073770 (0.060686)  NNZ: 24 (19)  Ttime: 1.3936 Vtime: 0.0517
Step: 36300000  Loss: 0.053744 Regul: 0.016116 Obj: 0.069861 (0.060686)  NNZ: 23 (19)  Ttime: 1.3939 Vtime: 0.0514
Step: 36400000  Loss: 0.058669 Regul: 0.025273 Obj: 0.083942 (0.060686)  NNZ: 28 (19)  Ttime: 1.3914 Vtime: 0.0507
Step: 36500000  Loss: 0.055178 Regul: 0.017047 Obj: 0.072226 (0.060686)  NNZ: 20 (19)  Ttime: 1.3913 Vtime: 0.0512
Step: 36600000  Loss: 0.050935 Regul: 0.019958 Obj: 0.070893 (0.060686)  NNZ: 23 (19)  Ttime: 1.3916 Vtime: 0.0520
Step: 36700000  Loss: 0.052121 Regul: 0.018582 Obj: 0.070703 (0.060686)  NNZ: 24 (19)  Ttime: 1.3919 Vtime: 0.0516
Step: 36800000  Loss: 0.059571 Regul: 0.022179 Obj: 0.081750 (0.060686)  NNZ: 22 (19)  Ttime: 1.3940 Vtime: 0.0512
Step: 36900000  Loss: 0.065299 Regul: 0.027203 Obj: 0.092502 (0.060686)  NNZ: 28 (19)  Ttime: 1.3902 Vtime: 0.0510
Step: 37000000  Loss: 0.052200 Regul: 0.020337 Obj: 0.072537 (0.060686)  NNZ: 28 (19)  Ttime: 1.3938 Vtime: 0.0516
Step: 37100000  Loss: 0.053542 Regul: 0.021100 Obj: 0.074642 (0.060686)  NNZ: 21 (19)  Ttime: 1.3927 Vtime: 0.0515
Step: 37200000  Loss: 0.053704 Regul: 0.015933 Obj: 0.069638 (0.060686)  NNZ: 22 (19)  Ttime: 1.3967 Vtime: 0.0517
Step: 37300000  Loss: 0.052686 Regul: 0.022496 Obj: 0.075182 (0.060686)  NNZ: 28 (19)  Ttime: 1.3949 Vtime: 0.0521
Step: 37400000  Loss: 0.051807 Regul: 0.014157 Obj: 0.065965 (0.060686)  NNZ: 19 (19)  Ttime: 1.3911 Vtime: 0.0522
Step: 37500000  Loss: 0.048762 Regul: 0.015585 Obj: 0.064348 (0.060686)  NNZ: 22 (19)  Ttime: 1.4066 Vtime: 0.0515
Step: 37600000  Loss: 0.054444 Regul: 0.015392 Obj: 0.069835 (0.060686)  NNZ: 22 (19)  Ttime: 1.4030 Vtime: 0.0513
Step: 37700000  Loss: 0.050681 Regul: 0.017892 Obj: 0.068574 (0.060686)  NNZ: 19 (19)  Ttime: 1.3930 Vtime: 0.0515
Step: 37800000  Loss: 0.056705 Regul: 0.024001 Obj: 0.080705 (0.060686)  NNZ: 24 (19)  Ttime: 1.3919 Vtime: 0.0513
Step: 37900000  Loss: 0.075093 Regul: 0.012820 Obj: 0.087913 (0.060686)  NNZ: 16 (19)  Ttime: 1.3918 Vtime: 0.0511
Step: 38000000  Loss: 0.052519 Regul: 0.021466 Obj: 0.073985 (0.060686)  NNZ: 26 (19)  Ttime: 1.3904 Vtime: 0.0515
Step: 38100000  Loss: 0.048532 Regul: 0.014963 Obj: 0.063495 (0.060686)  NNZ: 19 (19)  Ttime: 1.3938 Vtime: 0.0520
Step: 38200000  Loss: 0.053530 Regul: 0.016710 Obj: 0.070239 (0.060686)  NNZ: 20 (19)  Ttime: 1.3935 Vtime: 0.0512
Step: 38300000  Loss: 0.049899 Regul: 0.019241 Obj: 0.069140 (0.060686)  NNZ: 22 (19)  Ttime: 1.3990 Vtime: 0.0520
Step: 38400000  Loss: 0.058144 Regul: 0.021457 Obj: 0.079600 (0.060686)  NNZ: 25 (19)  Ttime: 1.3971 Vtime: 0.0512
Step: 38500000  Loss: 0.049769 Regul: 0.016969 Obj: 0.066738 (0.060686)  NNZ: 24 (19)  Ttime: 1.3955 Vtime: 0.0515
Step: 38600000  Loss: 0.049308 Regul: 0.015730 Obj: 0.065038 (0.060686)  NNZ: 21 (19)  Ttime: 1.3905 Vtime: 0.0517
Step: 38700000  Loss: 0.056242 Regul: 0.023291 Obj: 0.079533 (0.060686)  NNZ: 22 (19)  Ttime: 1.3929 Vtime: 0.0522
Step: 38800000  Loss: 0.054304 Regul: 0.021402 Obj: 0.075706 (0.060686)  NNZ: 30 (19)  Ttime: 1.3935 Vtime: 0.0510
Step: 38900000  Loss: 0.053054 Regul: 0.024797 Obj: 0.077851 (0.060686)  NNZ: 28 (19)  Ttime: 1.3931 Vtime: 0.0519
Step: 39000000  Loss: 0.052081 Regul: 0.018390 Obj: 0.070471 (0.060686)  NNZ: 23 (19)  Ttime: 1.3922 Vtime: 0.0510
Step: 39100000  Loss: 0.052012 Regul: 0.021751 Obj: 0.073764 (0.060686)  NNZ: 25 (19)  Ttime: 1.3927 Vtime: 0.0507
Step: 39200000  Loss: 0.051824 Regul: 0.021773 Obj: 0.073597 (0.060686)  NNZ: 22 (19)  Ttime: 1.3939 Vtime: 0.0515
Step: 39300000  Loss: 0.051554 Regul: 0.020074 Obj: 0.071628 (0.060686)  NNZ: 22 (19)  Ttime: 1.3946 Vtime: 0.0514
Step: 39400000  Loss: 0.050336 Regul: 0.017839 Obj: 0.068175 (0.060686)  NNZ: 21 (19)  Ttime: 1.3937 Vtime: 0.0517
Step: 39500000  Loss: 0.056027 Regul: 0.024062 Obj: 0.080089 (0.060686)  NNZ: 29 (19)  Ttime: 1.3940 Vtime: 0.0518
Step: 39600000  Loss: 0.052951 Regul: 0.022299 Obj: 0.075250 (0.060686)  NNZ: 29 (19)  Ttime: 1.3964 Vtime: 0.0515
Step: 39700000  Loss: 0.052753 Regul: 0.023582 Obj: 0.076336 (0.060686)  NNZ: 26 (19)  Ttime: 1.3913 Vtime: 0.0513
Step: 39800000  Loss: 0.057681 Regul: 0.023335 Obj: 0.081016 (0.060686)  NNZ: 28 (19)  Ttime: 1.3941 Vtime: 0.0514
Step: 39900000  Loss: 0.052538 Regul: 0.022925 Obj: 0.075463 (0.060686)  NNZ: 29 (19)  Ttime: 1.3894 Vtime: 0.0510
Step: 40000000  Loss: 0.057511 Regul: 0.025862 Obj: 0.083374 (0.060686)  NNZ: 26 (19)  Ttime: 1.3950 Vtime: 0.0516
Step: 40100000  Loss: 0.053041 Regul: 0.018054 Obj: 0.071095 (0.060686)  NNZ: 18 (19)  Ttime: 1.3917 Vtime: 0.0516
Step: 40200000  Loss: 0.048913 Regul: 0.015610 Obj: 0.064523 (0.060686)  NNZ: 21 (19)  Ttime: 1.3916 Vtime: 0.0510
Step: 40300000  Loss: 0.050076 Regul: 0.019176 Obj: 0.069252 (0.060686)  NNZ: 22 (19)  Ttime: 1.3938 Vtime: 0.0517
Step: 40400000  Loss: 0.051896 Regul: 0.023734 Obj: 0.075630 (0.060686)  NNZ: 31 (19)  Ttime: 1.3914 Vtime: 0.0510
Step: 40500000  Loss: 0.049471 Regul: 0.013519 Obj: 0.062991 (0.060686)  NNZ: 16 (19)  Ttime: 1.3936 Vtime: 0.0519
Step: 40600000  Loss: 0.054173 Regul: 0.019926 Obj: 0.074099 (0.060686)  NNZ: 25 (19)  Ttime: 1.3964 Vtime: 0.0520
Step: 40700000  Loss: 0.051079 Regul: 0.018112 Obj: 0.069191 (0.060686)  NNZ: 23 (19)  Ttime: 1.3915 Vtime: 0.0512
Step: 40800000  Loss: 0.052976 Regul: 0.025186 Obj: 0.078162 (0.060686)  NNZ: 28 (19)  Ttime: 1.3941 Vtime: 0.0516
Step: 40900000  Loss: 0.050876 Regul: 0.019533 Obj: 0.070408 (0.060686)  NNZ: 22 (19)  Ttime: 1.3903 Vtime: 0.0516
Step: 41000000  Loss: 0.055441 Regul: 0.022530 Obj: 0.077970 (0.060686)  NNZ: 23 (19)  Ttime: 1.3934 Vtime: 0.0514
Step: 41100000  Loss: 0.053044 Regul: 0.016823 Obj: 0.069866 (0.060686)  NNZ: 29 (19)  Ttime: 1.3936 Vtime: 0.0518
Step: 41200000  Loss: 0.056489 Regul: 0.022572 Obj: 0.079061 (0.060686)  NNZ: 23 (19)  Ttime: 1.3936 Vtime: 0.0518
Step: 41300000  Loss: 0.050613 Regul: 0.019130 Obj: 0.069743 (0.060686)  NNZ: 23 (19)  Ttime: 1.4100 Vtime: 0.0513
Step: 41400000  Loss: 0.061177 Regul: 0.020337 Obj: 0.081514 (0.060686)  NNZ: 22 (19)  Ttime: 1.3919 Vtime: 0.0508
Step: 41500000  Loss: 0.051201 Regul: 0.018819 Obj: 0.070019 (0.060686)  NNZ: 28 (19)  Ttime: 1.3913 Vtime: 0.0517
Step: 41600000  Loss: 0.050168 Regul: 0.019064 Obj: 0.069232 (0.060686)  NNZ: 22 (19)  Ttime: 1.3901 Vtime: 0.0515
Step: 41700000  Loss: 0.052472 Regul: 0.022269 Obj: 0.074741 (0.060686)  NNZ: 21 (19)  Ttime: 1.3971 Vtime: 0.0515
Step: 41800000  Loss: 0.049548 Regul: 0.017288 Obj: 0.066836 (0.060686)  NNZ: 20 (19)  Ttime: 1.3899 Vtime: 0.0519
Step: 41900000  Loss: 0.061393 Regul: 0.021051 Obj: 0.082444 (0.060686)  NNZ: 20 (19)  Ttime: 1.3932 Vtime: 0.0515
Step: 42000000  Loss: 0.056133 Regul: 0.024200 Obj: 0.080333 (0.060686)  NNZ: 22 (19)  Ttime: 1.4064 Vtime: 0.0506
Step: 42100000  Loss: 0.050022 Regul: 0.018288 Obj: 0.068309 (0.060686)  NNZ: 16 (19)  Ttime: 1.3921 Vtime: 0.0513
Step: 42200000  Loss: 0.050187 Regul: 0.017123 Obj: 0.067311 (0.060686)  NNZ: 20 (19)  Ttime: 1.3925 Vtime: 0.0515
Step: 42300000  Loss: 0.052080 Regul: 0.016147 Obj: 0.068227 (0.060686)  NNZ: 19 (19)  Ttime: 1.3944 Vtime: 0.0515
Step: 42400000  Loss: 0.053281 Regul: 0.019911 Obj: 0.073193 (0.060686)  NNZ: 21 (19)  Ttime: 1.4036 Vtime: 0.0509
Step: 42500000  Loss: 0.055504 Regul: 0.020717 Obj: 0.076221 (0.060686)  NNZ: 26 (19)  Ttime: 1.3971 Vtime: 0.0513
Step: 42600000  Loss: 0.058283 Regul: 0.019136 Obj: 0.077419 (0.060686)  NNZ: 19 (19)  Ttime: 1.3944 Vtime: 0.0510
Step: 42700000  Loss: 0.054177 Regul: 0.019633 Obj: 0.073810 (0.060686)  NNZ: 24 (19)  Ttime: 1.3950 Vtime: 0.0518
Step: 42800000  Loss: 0.051715 Regul: 0.020610 Obj: 0.072325 (0.060686)  NNZ: 24 (19)  Ttime: 1.3914 Vtime: 0.0512
Step: 42900000  Loss: 0.050873 Regul: 0.018118 Obj: 0.068992 (0.060686)  NNZ: 26 (19)  Ttime: 1.3949 Vtime: 0.0511
Step: 43000000  Loss: 0.053695 Regul: 0.023500 Obj: 0.077195 (0.060686)  NNZ: 27 (19)  Ttime: 1.3890 Vtime: 0.0511
Step: 43100000  Loss: 0.054586 Regul: 0.018112 Obj: 0.072698 (0.060686)  NNZ: 20 (19)  Ttime: 1.3923 Vtime: 0.0514
Step: 43200000  Loss: 0.052527 Regul: 0.024539 Obj: 0.077066 (0.060686)  NNZ: 24 (19)  Ttime: 1.3906 Vtime: 0.0518
Step: 43300000  Loss: 0.049232 Regul: 0.015970 Obj: 0.065202 (0.060686)  NNZ: 23 (19)  Ttime: 1.3939 Vtime: 0.0516
Step: 43400000  Loss: 0.051639 Regul: 0.015927 Obj: 0.067566 (0.060686)  NNZ: 17 (19)  Ttime: 1.3940 Vtime: 0.0515
Step: 43500000  Loss: 0.051447 Regul: 0.019458 Obj: 0.070905 (0.060686)  NNZ: 23 (19)  Ttime: 1.3936 Vtime: 0.0516
Step: 43600000  Loss: 0.050546 Regul: 0.021979 Obj: 0.072525 (0.060686)  NNZ: 25 (19)  Ttime: 1.3907 Vtime: 0.0513
Step: 43700000  Loss: 0.054045 Regul: 0.023032 Obj: 0.077076 (0.060686)  NNZ: 29 (19)  Ttime: 1.3913 Vtime: 0.0514
Step: 43800000  Loss: 0.051483 Regul: 0.015341 Obj: 0.066824 (0.060686)  NNZ: 18 (19)  Ttime: 1.3895 Vtime: 0.0514
Step: 43900000  Loss: 0.051842 Regul: 0.020761 Obj: 0.072603 (0.060686)  NNZ: 23 (19)  Ttime: 1.3923 Vtime: 0.0512
Step: 44000000  Loss: 0.050464 Regul: 0.019455 Obj: 0.069918 (0.060686)  NNZ: 23 (19)  Ttime: 1.3914 Vtime: 0.0518
Step: 44100000  Loss: 0.051857 Regul: 0.018915 Obj: 0.070772 (0.060686)  NNZ: 20 (19)  Ttime: 1.3917 Vtime: 0.0512
Step: 44200000  Loss: 0.052531 Regul: 0.018616 Obj: 0.071146 (0.060686)  NNZ: 18 (19)  Ttime: 1.3913 Vtime: 0.0511
Step: 44300000  Loss: 0.060142 Regul: 0.020070 Obj: 0.080212 (0.060686)  NNZ: 27 (19)  Ttime: 1.3918 Vtime: 0.0513
Step: 44400000  Loss: 0.058741 Regul: 0.020801 Obj: 0.079542 (0.060686)  NNZ: 22 (19)  Ttime: 1.3910 Vtime: 0.0521
Step: 44500000  Loss: 0.049559 Regul: 0.020982 Obj: 0.070542 (0.060686)  NNZ: 21 (19)  Ttime: 1.3936 Vtime: 0.0519
Step: 44600000  Loss: 0.051407 Regul: 0.022290 Obj: 0.073697 (0.060686)  NNZ: 19 (19)  Ttime: 1.3949 Vtime: 0.0511
Step: 44700000  Loss: 0.050429 Regul: 0.016882 Obj: 0.067311 (0.060686)  NNZ: 22 (19)  Ttime: 1.3953 Vtime: 0.0524
Step: 44800000  Loss: 0.049669 Regul: 0.016745 Obj: 0.066414 (0.060686)  NNZ: 20 (19)  Ttime: 1.3919 Vtime: 0.0512
Step: 44900000  Loss: 0.051720 Regul: 0.023677 Obj: 0.075397 (0.060686)  NNZ: 31 (19)  Ttime: 1.3910 Vtime: 0.0523
Step: 45000000  Loss: 0.050389 Regul: 0.011227 Obj: 0.061617 (0.060686)  NNZ: 20 (19)  Ttime: 1.3934 Vtime: 0.0518
Step: 45100000  Loss: 0.050161 Regul: 0.019609 Obj: 0.069770 (0.060686)  NNZ: 25 (19)  Ttime: 1.3945 Vtime: 0.0517
Step: 45200000  Loss: 0.050813 Regul: 0.010989 Obj: 0.061803 (0.060686)  NNZ: 19 (19)  Ttime: 1.3892 Vtime: 0.0525
Step: 45300000  Loss: 0.051178 Regul: 0.018959 Obj: 0.070137 (0.060686)  NNZ: 23 (19)  Ttime: 1.3935 Vtime: 0.0514
Step: 45400000  Loss: 0.052308 Regul: 0.016737 Obj: 0.069046 (0.060686)  NNZ: 17 (19)  Ttime: 1.3949 Vtime: 0.0521
Step: 45500000  Loss: 0.057052 Regul: 0.019930 Obj: 0.076981 (0.060686)  NNZ: 22 (19)  Ttime: 1.3940 Vtime: 0.0518
Step: 45600000  Loss: 0.051458 Regul: 0.018051 Obj: 0.069509 (0.060686)  NNZ: 17 (19)  Ttime: 1.3926 Vtime: 0.0511
Step: 45700000  Loss: 0.049248 Regul: 0.015857 Obj: 0.065105 (0.060686)  NNZ: 19 (19)  Ttime: 1.3917 Vtime: 0.0520
Step: 45800000  Loss: 0.055516 Regul: 0.027689 Obj: 0.083205 (0.060686)  NNZ: 25 (19)  Ttime: 1.4001 Vtime: 0.0517
Step: 45900000  Loss: 0.049189 Regul: 0.019131 Obj: 0.068321 (0.060686)  NNZ: 23 (19)  Ttime: 1.3912 Vtime: 0.0537
Step: 46000000  Loss: 0.055723 Regul: 0.023480 Obj: 0.079204 (0.060686)  NNZ: 26 (19)  Ttime: 1.3908 Vtime: 0.0515
Step: 46100000  Loss: 0.054353 Regul: 0.024821 Obj: 0.079174 (0.060686)  NNZ: 24 (19)  Ttime: 1.3936 Vtime: 0.0519
Step: 46200000  Loss: 0.057868 Regul: 0.018343 Obj: 0.076210 (0.060686)  NNZ: 22 (19)  Ttime: 1.3938 Vtime: 0.0512
Step: 46300000  Loss: 0.055111 Regul: 0.019864 Obj: 0.074975 (0.060686)  NNZ: 25 (19)  Ttime: 1.3933 Vtime: 0.0513
Step: 46400000  Loss: 0.053979 Regul: 0.020476 Obj: 0.074455 (0.060686)  NNZ: 24 (19)  Ttime: 1.3944 Vtime: 0.0512
Step: 46500000  Loss: 0.050367 Regul: 0.019421 Obj: 0.069789 (0.060686)  NNZ: 25 (19)  Ttime: 1.3916 Vtime: 0.0517
Step: 46600000  Loss: 0.059822 Regul: 0.025754 Obj: 0.085575 (0.060686)  NNZ: 30 (19)  Ttime: 1.3905 Vtime: 0.0516
Step: 46700000  Loss: 0.050654 Regul: 0.020132 Obj: 0.070787 (0.060686)  NNZ: 21 (19)  Ttime: 1.3942 Vtime: 0.0517
Step: 46800000  Loss: 0.057109 Regul: 0.021252 Obj: 0.078361 (0.060686)  NNZ: 25 (19)  Ttime: 1.3928 Vtime: 0.0508
Step: 46900000  Loss: 0.051227 Regul: 0.021953 Obj: 0.073180 (0.060686)  NNZ: 24 (19)  Ttime: 1.3933 Vtime: 0.0511
Step: 47000000  Loss: 0.055241 Regul: 0.020105 Obj: 0.075346 (0.060686)  NNZ: 19 (19)  Ttime: 1.3928 Vtime: 0.0512
Step: 47100000  Loss: 0.049329 Regul: 0.018710 Obj: 0.068039 (0.060686)  NNZ: 21 (19)  Ttime: 1.3948 Vtime: 0.0514
Step: 47200000  Loss: 0.049420 Regul: 0.015955 Obj: 0.065375 (0.060686)  NNZ: 19 (19)  Ttime: 1.3990 Vtime: 0.0519
Step: 47300000  Loss: 0.052943 Regul: 0.023402 Obj: 0.076346 (0.060686)  NNZ: 22 (19)  Ttime: 1.3907 Vtime: 0.0507
Step: 47400000  Loss: 0.053251 Regul: 0.019128 Obj: 0.072379 (0.060686)  NNZ: 21 (19)  Ttime: 1.3928 Vtime: 0.0513
Step: 47500000  Loss: 0.061927 Regul: 0.026164 Obj: 0.088091 (0.060686)  NNZ: 32 (19)  Ttime: 1.3906 Vtime: 0.0516
Step: 47600000  Loss: 0.054796 Regul: 0.021667 Obj: 0.076463 (0.060686)  NNZ: 25 (19)  Ttime: 1.3980 Vtime: 0.0517
Step: 47700000  Loss: 0.050322 Regul: 0.016557 Obj: 0.066879 (0.060686)  NNZ: 20 (19)  Ttime: 1.3953 Vtime: 0.0516
Step: 47800000  Loss: 0.048808 Regul: 0.018169 Obj: 0.066977 (0.060686)  NNZ: 19 (19)  Ttime: 1.3926 Vtime: 0.0515
Step: 47900000  Loss: 0.063864 Regul: 0.019800 Obj: 0.083664 (0.060686)  NNZ: 22 (19)  Ttime: 1.3952 Vtime: 0.0521
Step: 48000000  Loss: 0.054977 Regul: 0.020715 Obj: 0.075693 (0.060686)  NNZ: 22 (19)  Ttime: 1.3939 Vtime: 0.0513
Step: 48100000  Loss: 0.056027 Regul: 0.019460 Obj: 0.075487 (0.060686)  NNZ: 24 (19)  Ttime: 1.3895 Vtime: 0.0526
Step: 48200000  Loss: 0.050354 Regul: 0.016127 Obj: 0.066481 (0.060686)  NNZ: 21 (19)  Ttime: 1.3915 Vtime: 0.0517
Step: 48300000  Loss: 0.055318 Regul: 0.018721 Obj: 0.074039 (0.060686)  NNZ: 20 (19)  Ttime: 1.3929 Vtime: 0.0514
Step: 48400000  Loss: 0.051547 Regul: 0.023288 Obj: 0.074835 (0.060686)  NNZ: 27 (19)  Ttime: 1.3957 Vtime: 0.0518
Step: 48500000  Loss: 0.055073 Regul: 0.023572 Obj: 0.078645 (0.060686)  NNZ: 24 (19)  Ttime: 1.3916 Vtime: 0.0512
Step: 48600000  Loss: 0.051448 Regul: 0.020970 Obj: 0.072418 (0.060686)  NNZ: 30 (19)  Ttime: 1.3943 Vtime: 0.0510
Step: 48700000  Loss: 0.054334 Regul: 0.018344 Obj: 0.072678 (0.060686)  NNZ: 19 (19)  Ttime: 1.3916 Vtime: 0.0510
Step: 48800000  Loss: 0.048080 Regul: 0.016394 Obj: 0.064474 (0.060686)  NNZ: 23 (19)  Ttime: 1.3932 Vtime: 0.0520
Step: 48900000  Loss: 0.050997 Regul: 0.018954 Obj: 0.069952 (0.060686)  NNZ: 24 (19)  Ttime: 1.3947 Vtime: 0.0514
Step: 49000000  Loss: 0.052833 Regul: 0.020865 Obj: 0.073698 (0.060686)  NNZ: 24 (19)  Ttime: 1.3912 Vtime: 0.0514
Step: 49100000  Loss: 0.051202 Regul: 0.018028 Obj: 0.069231 (0.060686)  NNZ: 22 (19)  Ttime: 1.3943 Vtime: 0.0515
Step: 49200000  Loss: 0.054823 Regul: 0.025934 Obj: 0.080756 (0.060686)  NNZ: 28 (19)  Ttime: 1.3940 Vtime: 0.0517
Step: 49300000  Loss: 0.056457 Regul: 0.019948 Obj: 0.076405 (0.060686)  NNZ: 23 (19)  Ttime: 1.3939 Vtime: 0.0518
Step: 49400000  Loss: 0.064008 Regul: 0.024324 Obj: 0.088332 (0.060686)  NNZ: 27 (19)  Ttime: 1.3910 Vtime: 0.0518
Step: 49500000  Loss: 0.059223 Regul: 0.019835 Obj: 0.079058 (0.060686)  NNZ: 26 (19)  Ttime: 1.3919 Vtime: 0.0515
Step: 49600000  Loss: 0.048937 Regul: 0.018327 Obj: 0.067265 (0.060686)  NNZ: 23 (19)  Ttime: 1.4048 Vtime: 0.0513
Step: 49700000  Loss: 0.060974 Regul: 0.025786 Obj: 0.086760 (0.060686)  NNZ: 27 (19)  Ttime: 1.3897 Vtime: 0.0515
Step: 49800000  Loss: 0.060243 Regul: 0.023447 Obj: 0.083690 (0.060686)  NNZ: 29 (19)  Ttime: 1.3926 Vtime: 0.0519
Step: 49900000  Loss: 0.056025 Regul: 0.024582 Obj: 0.080607 (0.060686)  NNZ: 29 (19)  Ttime: 1.3974 Vtime: 0.0514
Step: 50000000  Loss: 0.052248 Regul: 0.022595 Obj: 0.074843 (0.060686)  NNZ: 29 (19)  Ttime: 1.3917 Vtime: 0.0515
